#
# There is insufficient memory for the Java Runtime Environment to continue.
# Native memory allocation (malloc) failed to allocate 32744 bytes. Error detail: Chunk::new
# Possible reasons:
#   The system is out of physical RAM or swap space
#   This process is running with CompressedOops enabled, and the Java Heap may be blocking the growth of the native heap
# Possible solutions:
#   Reduce memory load on the system
#   Increase physical memory or swap space
#   Check if swap backing store is full
#   Decrease Java heap size (-Xmx/-Xms)
#   Decrease number of Java threads
#   Decrease Java thread stack sizes (-Xss)
#   Set larger code cache with -XX:ReservedCodeCacheSize=
#   JVM is running with Unscaled Compressed Oops mode in which the Java heap is
#     placed in the first 4GB address space. The Java Heap base address is the
#     maximum limit for the native heap growth. Please use -XX:HeapBaseMinAddress
#     to set the Java Heap base and to place the Java Heap above 4GB virtual address.
# This output file may be truncated or incomplete.
#
#  Out of Memory Error (arena.cpp:168), pid=1040, tid=8744
#
# JRE version: OpenJDK Runtime Environment Temurin-21.0.6+7 (21.0.6+7) (build 21.0.6+7-LTS)
# Java VM: OpenJDK 64-Bit Server VM Temurin-21.0.6+7 (21.0.6+7-LTS, mixed mode, sharing, tiered, compressed oops, compressed class ptrs, parallel gc, windows-amd64)
# No core dump will be written. Minidumps are not enabled by default on client versions of Windows
#

---------------  S U M M A R Y ------------

Command Line: --add-modules=ALL-SYSTEM --add-opens=java.base/java.util=ALL-UNNAMED --add-opens=java.base/java.lang=ALL-UNNAMED --add-opens=java.base/sun.nio.fs=ALL-UNNAMED -Declipse.application=org.eclipse.jdt.ls.core.id1 -Dosgi.bundles.defaultStartLevel=4 -Declipse.product=org.eclipse.jdt.ls.core.product -Djava.import.generatesMetadataFilesAtProjectRoot=false -DDetectVMInstallationsJob.disabled=true -Dfile.encoding=utf8 -XX:+UseParallelGC -XX:GCTimeRatio=4 -XX:AdaptiveSizePolicyWeight=90 -Dsun.zip.disableMemoryMapping=true -Xmx1G -Xms100m -Xlog:disable -javaagent:c:\Users\palak\.vscode\extensions\redhat.java-1.40.0-win32-x64\lombok\lombok-1.18.36.jar -XX:+HeapDumpOnOutOfMemoryError -XX:HeapDumpPath=c:\Users\palak\AppData\Roaming\Code\User\workspaceStorage\632f04cdbe9e26a6a5769c745b0508de\redhat.java -Daether.dependencyCollector.impl=bf c:\Users\palak\.vscode\extensions\redhat.java-1.40.0-win32-x64\server\plugins\org.eclipse.equinox.launcher_1.6.1000.v20250131-0606.jar -configuration c:\Users\palak\AppData\Roaming\Code\User\globalStorage\redhat.java\1.40.0\config_win -data c:\Users\palak\AppData\Roaming\Code\User\workspaceStorage\632f04cdbe9e26a6a5769c745b0508de\redhat.java\jdt_ws --pipe=\\.\pipe\lsp-808bcfe78e61f302ea5fb7e7406b634a-sock

Host: AMD Ryzen 3 3250U with Radeon Graphics         , 4 cores, 5G,  Windows 11 , 64 bit Build 26100 (10.0.26100.3323)
Time: Mon Mar 17 20:53:22 2025 India Standard Time elapsed time: 122.903564 seconds (0d 0h 2m 2s)

---------------  T H R E A D  ---------------

Current thread (0x000001de142852d0):  JavaThread "C2 CompilerThread0" daemon [_thread_in_native, id=8744, stack(0x0000003552c00000,0x0000003552d00000) (1024K)]


Current CompileTask:
C2:122903 13254       4       org.eclipse.jdt.internal.compiler.lookup.LookupEnvironment::getTypeFromTypeSignature (770 bytes)

Stack: [0x0000003552c00000,0x0000003552d00000]
Native frames: (J=compiled Java code, j=interpreted, Vv=VM code, C=native code)
V  [jvm.dll+0x6cdee9]
V  [jvm.dll+0x8a83d1]
V  [jvm.dll+0x8aa8fe]
V  [jvm.dll+0x8aafe3]
V  [jvm.dll+0x27f706]
V  [jvm.dll+0xc500d]
V  [jvm.dll+0xc5543]
V  [jvm.dll+0x6f9a3a]
V  [jvm.dll+0x1e00d6]
V  [jvm.dll+0x247b42]
V  [jvm.dll+0x246fcf]
V  [jvm.dll+0x1c75ee]
V  [jvm.dll+0x25685a]
V  [jvm.dll+0x254dfa]
V  [jvm.dll+0x3f0256]
V  [jvm.dll+0x851f8b]
V  [jvm.dll+0x6cc5ed]
C  [ucrtbase.dll+0x37b0]
C  [KERNEL32.DLL+0x2e8d7]
C  [ntdll.dll+0xbbf6c]


---------------  P R O C E S S  ---------------

Threads class SMR info:
_java_thread_list=0x000001de5b5d9f40, length=46, elements={
0x000001de7cfed890, 0x000001de7eb7d420, 0x000001de14270b40, 0x000001de142744d0,
0x000001de14275120, 0x000001de14277400, 0x000001de1427e9f0, 0x000001de142852d0,
0x000001de142e87e0, 0x000001de5a02d160, 0x000001de5a2b14c0, 0x000001de5add0430,
0x000001de5a34b9d0, 0x000001de5a9d9720, 0x000001de5aa330e0, 0x000001de14327f70,
0x000001de5afd40f0, 0x000001de5afe45b0, 0x000001de5afe5960, 0x000001de5afe4c40,
0x000001de5afe5ff0, 0x000001de5afe7a30, 0x000001de5afe6680, 0x000001de5afe52d0,
0x000001de5afe73a0, 0x000001de5c990690, 0x000001de5c98d8a0, 0x000001de5c98f970,
0x000001de5c98df30, 0x000001de5c990000, 0x000001de5c98e5c0, 0x000001de5c98ec50,
0x000001de5c98f2e0, 0x000001de5c992760, 0x000001de5c993b10, 0x000001de5c9941a0,
0x000001de5c9913b0, 0x000001de5c992df0, 0x000001de5c9920d0, 0x000001de5e33fc40,
0x000001de5e3430c0, 0x000001de5e343750, 0x000001de5e343de0, 0x000001de5e344b00,
0x000001de5e345190, 0x000001de67c900d0
}

Java Threads: ( => current thread )
  0x000001de7cfed890 JavaThread "main"                              [_thread_blocked, id=1180, stack(0x0000003552200000,0x0000003552300000) (1024K)]
  0x000001de7eb7d420 JavaThread "Reference Handler"          daemon [_thread_blocked, id=18400, stack(0x0000003552600000,0x0000003552700000) (1024K)]
  0x000001de14270b40 JavaThread "Finalizer"                  daemon [_thread_blocked, id=8748, stack(0x0000003552700000,0x0000003552800000) (1024K)]
  0x000001de142744d0 JavaThread "Signal Dispatcher"          daemon [_thread_blocked, id=2836, stack(0x0000003552800000,0x0000003552900000) (1024K)]
  0x000001de14275120 JavaThread "Attach Listener"            daemon [_thread_blocked, id=19668, stack(0x0000003552900000,0x0000003552a00000) (1024K)]
  0x000001de14277400 JavaThread "Service Thread"             daemon [_thread_blocked, id=17308, stack(0x0000003552a00000,0x0000003552b00000) (1024K)]
  0x000001de1427e9f0 JavaThread "Monitor Deflation Thread"   daemon [_thread_blocked, id=18280, stack(0x0000003552b00000,0x0000003552c00000) (1024K)]
=>0x000001de142852d0 JavaThread "C2 CompilerThread0"         daemon [_thread_in_native, id=8744, stack(0x0000003552c00000,0x0000003552d00000) (1024K)]
  0x000001de142e87e0 JavaThread "C1 CompilerThread0"         daemon [_thread_blocked, id=16188, stack(0x0000003552d00000,0x0000003552e00000) (1024K)]
  0x000001de5a02d160 JavaThread "Common-Cleaner"             daemon [_thread_blocked, id=14884, stack(0x0000003552e00000,0x0000003552f00000) (1024K)]
  0x000001de5a2b14c0 JavaThread "Notification Thread"        daemon [_thread_blocked, id=20404, stack(0x0000003552f00000,0x0000003553000000) (1024K)]
  0x000001de5add0430 JavaThread "Active Thread: Equinox Container: 386cace0-52e4-4d4c-a72d-f6c7370f6aaf"        [_thread_blocked, id=11768, stack(0x0000003553300000,0x0000003553400000) (1024K)]
  0x000001de5a34b9d0 JavaThread "Refresh Thread: Equinox Container: 386cace0-52e4-4d4c-a72d-f6c7370f6aaf" daemon [_thread_blocked, id=15804, stack(0x0000003553400000,0x0000003553500000) (1024K)]
  0x000001de5a9d9720 JavaThread "Framework Event Dispatcher: Equinox Container: 386cace0-52e4-4d4c-a72d-f6c7370f6aaf" daemon [_thread_blocked, id=9000, stack(0x0000003553500000,0x0000003553600000) (1024K)]
  0x000001de5aa330e0 JavaThread "Start Level: Equinox Container: 386cace0-52e4-4d4c-a72d-f6c7370f6aaf" daemon [_thread_blocked, id=820, stack(0x0000003553600000,0x0000003553700000) (1024K)]
  0x000001de14327f70 JavaThread "Bundle File Closer"         daemon [_thread_blocked, id=20376, stack(0x0000003553700000,0x0000003553800000) (1024K)]
  0x000001de5afd40f0 JavaThread "SCR Component Actor"        daemon [_thread_blocked, id=7196, stack(0x0000003553800000,0x0000003553900000) (1024K)]
  0x000001de5afe45b0 JavaThread "Worker-JM"                         [_thread_blocked, id=11968, stack(0x0000003553a00000,0x0000003553b00000) (1024K)]
  0x000001de5afe5960 JavaThread "JNA Cleaner"                daemon [_thread_blocked, id=6644, stack(0x0000003553b00000,0x0000003553c00000) (1024K)]
  0x000001de5afe4c40 JavaThread "Worker-0"                          [_thread_blocked, id=18488, stack(0x0000003553c00000,0x0000003553d00000) (1024K)]
  0x000001de5afe5ff0 JavaThread "Worker-1"                          [_thread_blocked, id=12968, stack(0x0000003553d00000,0x0000003553e00000) (1024K)]
  0x000001de5afe7a30 JavaThread "Worker-2"                          [_thread_blocked, id=3248, stack(0x0000003553e00000,0x0000003553f00000) (1024K)]
  0x000001de5afe6680 JavaThread "Java indexing"              daemon [_thread_blocked, id=12828, stack(0x0000003554000000,0x0000003554100000) (1024K)]
  0x000001de5afe52d0 JavaThread "Worker-3"                          [_thread_blocked, id=18932, stack(0x0000003554200000,0x0000003554300000) (1024K)]
  0x000001de5afe73a0 JavaThread "Worker-4"                          [_thread_blocked, id=20192, stack(0x0000003554300000,0x0000003554400000) (1024K)]
  0x000001de5c990690 JavaThread "Thread-2"                   daemon [_thread_in_native, id=2488, stack(0x0000003554400000,0x0000003554500000) (1024K)]
  0x000001de5c98d8a0 JavaThread "Thread-3"                   daemon [_thread_in_native, id=11248, stack(0x0000003554500000,0x0000003554600000) (1024K)]
  0x000001de5c98f970 JavaThread "Thread-4"                   daemon [_thread_in_native, id=17904, stack(0x0000003554600000,0x0000003554700000) (1024K)]
  0x000001de5c98df30 JavaThread "Thread-5"                   daemon [_thread_in_native, id=8776, stack(0x0000003554700000,0x0000003554800000) (1024K)]
  0x000001de5c990000 JavaThread "Thread-6"                   daemon [_thread_in_native, id=18232, stack(0x0000003554800000,0x0000003554900000) (1024K)]
  0x000001de5c98e5c0 JavaThread "pool-2-thread-1"                   [_thread_blocked, id=14992, stack(0x0000003554900000,0x0000003554a00000) (1024K)]
  0x000001de5c98ec50 JavaThread "WorkspaceEventsHandler"            [_thread_blocked, id=18468, stack(0x0000003554a00000,0x0000003554b00000) (1024K)]
  0x000001de5c98f2e0 JavaThread "pool-1-thread-1"                   [_thread_blocked, id=18120, stack(0x0000003554b00000,0x0000003554c00000) (1024K)]
  0x000001de5c992760 JavaThread "LocalFile Deleter"          daemon [_thread_blocked, id=6220, stack(0x0000003554d00000,0x0000003554e00000) (1024K)]
  0x000001de5c993b10 JavaThread "LocalFile Deleter"          daemon [_thread_blocked, id=8452, stack(0x0000003554e00000,0x0000003554f00000) (1024K)]
  0x000001de5c9941a0 JavaThread "LocalFile Deleter"          daemon [_thread_blocked, id=17756, stack(0x0000003554f00000,0x0000003555000000) (1024K)]
  0x000001de5c9913b0 JavaThread "Compiler Source File Reader" daemon [_thread_blocked, id=17880, stack(0x0000003555000000,0x0000003555100000) (1024K)]
  0x000001de5c992df0 JavaThread "Compiler Source File Reader" daemon [_thread_blocked, id=4788, stack(0x0000003555100000,0x0000003555200000) (1024K)]
  0x000001de5c9920d0 JavaThread "Compiler Class File Writer" daemon [_thread_blocked, id=14116, stack(0x0000003555300000,0x0000003555400000) (1024K)]
  0x000001de5e33fc40 JavaThread "Compiler Class File Writer" daemon [_thread_blocked, id=9052, stack(0x0000003555400000,0x0000003555500000) (1024K)]
  0x000001de5e3430c0 JavaThread "ForkJoinPool.commonPool-worker-1" daemon [_thread_in_native, id=19004, stack(0x0000003555600000,0x0000003555700000) (1024K)]
  0x000001de5e343750 JavaThread "ForkJoinPool.commonPool-worker-2" daemon [_thread_blocked, id=10720, stack(0x0000003552000000,0x0000003552100000) (1024K)]
  0x000001de5e343de0 JavaThread "ForkJoinPool.commonPool-worker-3" daemon [_thread_in_vm, id=7568, stack(0x0000003552100000,0x0000003552200000) (1024K)]
  0x000001de5e344b00 JavaThread "Cleaner-0"                  daemon [_thread_blocked, id=7528, stack(0x0000003555500000,0x0000003555600000) (1024K)]
  0x000001de5e345190 JavaThread "Worker-5"                          [_thread_blocked, id=18416, stack(0x0000003553f00000,0x0000003554000000) (1024K)]
  0x000001de67c900d0 JavaThread "C2 CompilerThread1"         daemon [_thread_in_native, id=17668, stack(0x0000003554c00000,0x0000003554d00000) (1024K)]
Total: 46

Other Threads:
  0x000001de1426f4f0 VMThread "VM Thread"                           [id=736, stack(0x0000003552500000,0x0000003552600000) (1024K)]
  0x000001de1420ca10 WatcherThread "VM Periodic Task Thread"        [id=18760, stack(0x0000003552400000,0x0000003552500000) (1024K)]
  0x000001de7eadd570 WorkerThread "GC Thread#0"                     [id=16508, stack(0x0000003552300000,0x0000003552400000) (1024K)]
  0x000001de5a773ed0 WorkerThread "GC Thread#1"                     [id=8596, stack(0x0000003553000000,0x0000003553100000) (1024K)]
  0x000001de5a76f8a0 WorkerThread "GC Thread#2"                     [id=11760, stack(0x0000003553100000,0x0000003553200000) (1024K)]
  0x000001de5a5d35f0 WorkerThread "GC Thread#3"                     [id=15648, stack(0x0000003553200000,0x0000003553300000) (1024K)]
Total: 6

Threads with active compile tasks:
C2 CompilerThread0  122964 13254       4       org.eclipse.jdt.internal.compiler.lookup.LookupEnvironment::getTypeFromTypeSignature (770 bytes)
C2 CompilerThread1  122964 13567       4       org.eclipse.jdt.internal.compiler.parser.Scanner::internalScanIdentifierOrKeyword (4939 bytes)
Total: 2

VM state: not at safepoint (normal execution)

VM Mutex/Monitor currently owned by a thread: None

Heap address: 0x00000000c0000000, size: 1024 MB, Compressed Oops mode: 32-bit

CDS archive(s) mapped at: [0x000001de15000000-0x000001de15ba0000-0x000001de15ba0000), size 12189696, SharedBaseAddress: 0x000001de15000000, ArchiveRelocationMode: 1.
Compressed class space mapped at: 0x000001de16000000-0x000001de56000000, reserved size: 1073741824
Narrow klass base: 0x000001de15000000, Narrow klass shift: 0, Narrow klass range: 0x100000000

GC Precious Log:
 CardTable entry size: 512
 CPUs: 4 total, 4 available
 Memory: 6086M
 Large Page Support: Disabled
 NUMA Support: Disabled
 Compressed Oops: Enabled (32-bit)
 Alignments: Space 512K, Generation 512K, Heap 2M
 Heap Min Capacity: 100M
 Heap Initial Capacity: 100M
 Heap Max Capacity: 1G
 Pre-touch: Disabled
 Parallel Workers: 4

Heap:
 PSYoungGen      total 5120K, used 4519K [0x00000000eab00000, 0x00000000eb400000, 0x0000000100000000)
  eden space 4608K, 90% used [0x00000000eab00000,0x00000000eaf11ed8,0x00000000eaf80000)
  from space 512K, 68% used [0x00000000eb300000,0x00000000eb358000,0x00000000eb380000)
  to   space 512K, 0% used [0x00000000eb380000,0x00000000eb380000,0x00000000eb400000)
 ParOldGen       total 301056K, used 300961K [0x00000000c0000000, 0x00000000d2600000, 0x00000000eab00000)
  object space 301056K, 99% used [0x00000000c0000000,0x00000000d25e86d8,0x00000000d2600000)
 Metaspace       used 70407K, committed 72000K, reserved 1114112K
  class space    used 7175K, committed 7872K, reserved 1048576K

Card table byte_map: [0x000001de7ee60000,0x000001de7f070000] _byte_map_base: 0x000001de7e860000

Marking Bits: (ParMarkBitMap*) 0x00007ffbc1ab3260
 Begin Bits: [0x000001de12130000, 0x000001de13130000)
 End Bits:   [0x000001de13130000, 0x000001de14130000)

Polling page: 0x000001de7d2c0000

Metaspace:

Usage:
  Non-class:     61.75 MB used.
      Class:      7.01 MB used.
       Both:     68.76 MB used.

Virtual space:
  Non-class space:       64.00 MB reserved,      62.62 MB ( 98%) committed,  1 nodes.
      Class space:        1.00 GB reserved,       7.69 MB ( <1%) committed,  1 nodes.
             Both:        1.06 GB reserved,      70.31 MB (  6%) committed. 

Chunk freelists:
   Non-Class:  1.20 MB
       Class:  8.33 MB
        Both:  9.53 MB

MaxMetaspaceSize: unlimited
CompressedClassSpaceSize: 1.00 GB
Initial GC threshold: 21.00 MB
Current GC threshold: 109.00 MB
CDS: on
 - commit_granule_bytes: 65536.
 - commit_granule_words: 8192.
 - virtual_space_node_default_size: 8388608.
 - enlarge_chunks_in_place: 1.
 - use_allocation_guard: 0.


Internal statistics:

num_allocs_failed_limit: 9.
num_arena_births: 1350.
num_arena_deaths: 16.
num_vsnodes_births: 2.
num_vsnodes_deaths: 0.
num_space_committed: 1125.
num_space_uncommitted: 0.
num_chunks_returned_to_freelist: 25.
num_chunks_taken_from_freelist: 4720.
num_chunk_merges: 12.
num_chunk_splits: 2899.
num_chunks_enlarged: 1632.
num_inconsistent_stats: 0.

CodeHeap 'non-profiled nmethods': size=120000Kb used=10896Kb max_used=10896Kb free=109103Kb
 bounds [0x000001de0ac00000, 0x000001de0b6b0000, 0x000001de12130000]
CodeHeap 'profiled nmethods': size=120000Kb used=27090Kb max_used=27090Kb free=92909Kb
 bounds [0x000001de03130000, 0x000001de04bb0000, 0x000001de0a660000]
CodeHeap 'non-nmethods': size=5760Kb used=1459Kb max_used=1521Kb free=4300Kb
 bounds [0x000001de0a660000, 0x000001de0a8d0000, 0x000001de0ac00000]
 total_blobs=12632 nmethods=11851 adapters=685
 compilation: enabled
              stopped_count=0, restarted_count=0
 full_count=0

Compilation events (20 events):
Event: 122.650 Thread 0x000001de142e87e0 nmethod 13574 0x000001de04b89290 code [0x000001de04b89480, 0x000001de04b89ad0]
Event: 122.650 Thread 0x000001de142e87e0 13575       3       org.eclipse.jdt.internal.compiler.ast.MarkerAnnotation::<init> (23 bytes)
Event: 122.650 Thread 0x000001de142e87e0 nmethod 13575 0x000001de04b89d10 code [0x000001de04b89ee0, 0x000001de04b8a228]
Event: 122.651 Thread 0x000001de142e87e0 13576       3       org.eclipse.jdt.internal.compiler.parser.Scanner::consumeDigits0 (79 bytes)
Event: 122.652 Thread 0x000001de142e87e0 nmethod 13576 0x000001de04b8a390 code [0x000001de04b8a5c0, 0x000001de04b8ab20]
Event: 122.652 Thread 0x000001de142e87e0 13577       3       org.eclipse.jdt.internal.compiler.parser.Parser::consumeGenericType (1 bytes)
Event: 122.652 Thread 0x000001de142e87e0 nmethod 13577 0x000001de031aef90 code [0x000001de031af120, 0x000001de031af228]
Event: 122.652 Thread 0x000001de142e87e0 13578       3       org.eclipse.jdt.internal.compiler.parser.Parser::consumePrimitiveType (6 bytes)
Event: 122.652 Thread 0x000001de142e87e0 nmethod 13578 0x000001de04b8ad10 code [0x000001de04b8aec0, 0x000001de04b8b088]
Event: 122.652 Thread 0x000001de142e87e0 13579       3       org.eclipse.jdt.internal.compiler.parser.Parser::consumeMarkerAnnotation (144 bytes)
Event: 122.654 Thread 0x000001de142e87e0 nmethod 13579 0x000001de04b8b190 code [0x000001de04b8b400, 0x000001de04b8c070]
Event: 122.693 Thread 0x000001de142e87e0 13580       3       lombok.eclipse.EclipseAST::buildAnnotation (43 bytes)
Event: 122.694 Thread 0x000001de142e87e0 nmethod 13580 0x000001de04b8c490 code [0x000001de04b8c6c0, 0x000001de04b8d080]
Event: 122.695 Thread 0x000001de67c900d0 13567       4       org.eclipse.jdt.internal.compiler.parser.Scanner::internalScanIdentifierOrKeyword (4939 bytes)
Event: 122.695 Thread 0x000001de142e87e0 13583       3       org.eclipse.jdt.internal.compiler.ast.ArrayTypeReference::getAnnotationsOnDimensions (90 bytes)
Event: 122.696 Thread 0x000001de142e87e0 nmethod 13583 0x000001de04b8d310 code [0x000001de04b8d4e0, 0x000001de04b8d930]
Event: 122.698 Thread 0x000001de142e87e0 13585       3       lombok.eclipse.EclipseASTAdapter::visitMethod (1 bytes)
Event: 122.699 Thread 0x000001de142e87e0 nmethod 13585 0x000001de0357e910 code [0x000001de0357eaa0, 0x000001de0357eba8]
Event: 122.800 Thread 0x000001de142e87e0 13586       3       lombok.eclipse.EclipseASTAdapter::endVisitMethod (1 bytes)
Event: 122.828 Thread 0x000001de142e87e0 nmethod 13586 0x000001de035fc190 code [0x000001de035fc320, 0x000001de035fc428]

GC Heap History (20 events):
Event: 114.734 GC heap before
{Heap before GC invocations=1181 (full 4):
 PSYoungGen      total 6656K, used 6643K [0x00000000eab00000, 0x00000000eb980000, 0x0000000100000000)
  eden space 4608K, 100% used [0x00000000eab00000,0x00000000eaf80000,0x00000000eaf80000)
  from space 2048K, 99% used [0x00000000eaf80000,0x00000000eb17cd90,0x00000000eb180000)
  to   space 5120K, 0% used [0x00000000eb480000,0x00000000eb480000,0x00000000eb980000)
 ParOldGen       total 294912K, used 294843K [0x00000000c0000000, 0x00000000d2000000, 0x00000000eab00000)
  object space 294912K, 99% used [0x00000000c0000000,0x00000000d1feee68,0x00000000d2000000)
 Metaspace       used 69394K, committed 71104K, reserved 1114112K
  class space    used 7130K, committed 7872K, reserved 1048576K
}
Event: 114.738 GC heap after
{Heap after GC invocations=1181 (full 4):
 PSYoungGen      total 5632K, used 768K [0x00000000eab00000, 0x00000000eb580000, 0x0000000100000000)
  eden space 4608K, 0% used [0x00000000eab00000,0x00000000eab00000,0x00000000eaf80000)
  from space 1024K, 75% used [0x00000000eb480000,0x00000000eb540000,0x00000000eb580000)
  to   space 2048K, 0% used [0x00000000eb180000,0x00000000eb180000,0x00000000eb380000)
 ParOldGen       total 294912K, used 294891K [0x00000000c0000000, 0x00000000d2000000, 0x00000000eab00000)
  object space 294912K, 99% used [0x00000000c0000000,0x00000000d1ffae68,0x00000000d2000000)
 Metaspace       used 69394K, committed 71104K, reserved 1114112K
  class space    used 7130K, committed 7872K, reserved 1048576K
}
Event: 118.157 GC heap before
{Heap before GC invocations=1182 (full 4):
 PSYoungGen      total 5632K, used 5376K [0x00000000eab00000, 0x00000000eb580000, 0x0000000100000000)
  eden space 4608K, 100% used [0x00000000eab00000,0x00000000eaf80000,0x00000000eaf80000)
  from space 1024K, 75% used [0x00000000eb480000,0x00000000eb540000,0x00000000eb580000)
  to   space 2048K, 0% used [0x00000000eb180000,0x00000000eb180000,0x00000000eb380000)
 ParOldGen       total 294912K, used 294891K [0x00000000c0000000, 0x00000000d2000000, 0x00000000eab00000)
  object space 294912K, 99% used [0x00000000c0000000,0x00000000d1ffae68,0x00000000d2000000)
 Metaspace       used 69556K, committed 71232K, reserved 1114112K
  class space    used 7149K, committed 7872K, reserved 1048576K
}
Event: 118.161 GC heap after
{Heap after GC invocations=1182 (full 4):
 PSYoungGen      total 6656K, used 340K [0x00000000eab00000, 0x00000000eb500000, 0x0000000100000000)
  eden space 4608K, 0% used [0x00000000eab00000,0x00000000eab00000,0x00000000eaf80000)
  from space 2048K, 16% used [0x00000000eb180000,0x00000000eb1d5200,0x00000000eb380000)
  to   space 1024K, 0% used [0x00000000eb400000,0x00000000eb400000,0x00000000eb500000)
 ParOldGen       total 295936K, used 295611K [0x00000000c0000000, 0x00000000d2100000, 0x00000000eab00000)
  object space 295936K, 99% used [0x00000000c0000000,0x00000000d20aee68,0x00000000d2100000)
 Metaspace       used 69556K, committed 71232K, reserved 1114112K
  class space    used 7149K, committed 7872K, reserved 1048576K
}
Event: 118.753 GC heap before
{Heap before GC invocations=1183 (full 4):
 PSYoungGen      total 6656K, used 4948K [0x00000000eab00000, 0x00000000eb500000, 0x0000000100000000)
  eden space 4608K, 99% used [0x00000000eab00000,0x00000000eaf7fff8,0x00000000eaf80000)
  from space 2048K, 16% used [0x00000000eb180000,0x00000000eb1d5200,0x00000000eb380000)
  to   space 1024K, 0% used [0x00000000eb400000,0x00000000eb400000,0x00000000eb500000)
 ParOldGen       total 295936K, used 295611K [0x00000000c0000000, 0x00000000d2100000, 0x00000000eab00000)
  object space 295936K, 99% used [0x00000000c0000000,0x00000000d20aee68,0x00000000d2100000)
 Metaspace       used 69593K, committed 71232K, reserved 1114112K
  class space    used 7150K, committed 7872K, reserved 1048576K
}
Event: 118.759 GC heap after
{Heap after GC invocations=1183 (full 4):
 PSYoungGen      total 5632K, used 1011K [0x00000000eab00000, 0x00000000eb500000, 0x0000000100000000)
  eden space 4608K, 0% used [0x00000000eab00000,0x00000000eab00000,0x00000000eaf80000)
  from space 1024K, 98% used [0x00000000eb400000,0x00000000eb4fce18,0x00000000eb500000)
  to   space 1536K, 0% used [0x00000000eb200000,0x00000000eb200000,0x00000000eb380000)
 ParOldGen       total 295936K, used 295883K [0x00000000c0000000, 0x00000000d2100000, 0x00000000eab00000)
  object space 295936K, 99% used [0x00000000c0000000,0x00000000d20f2ee8,0x00000000d2100000)
 Metaspace       used 69593K, committed 71232K, reserved 1114112K
  class space    used 7150K, committed 7872K, reserved 1048576K
}
Event: 119.149 GC heap before
{Heap before GC invocations=1184 (full 4):
 PSYoungGen      total 5632K, used 5619K [0x00000000eab00000, 0x00000000eb500000, 0x0000000100000000)
  eden space 4608K, 100% used [0x00000000eab00000,0x00000000eaf80000,0x00000000eaf80000)
  from space 1024K, 98% used [0x00000000eb400000,0x00000000eb4fce18,0x00000000eb500000)
  to   space 1536K, 0% used [0x00000000eb200000,0x00000000eb200000,0x00000000eb380000)
 ParOldGen       total 295936K, used 295883K [0x00000000c0000000, 0x00000000d2100000, 0x00000000eab00000)
  object space 295936K, 99% used [0x00000000c0000000,0x00000000d20f2ee8,0x00000000d2100000)
 Metaspace       used 69700K, committed 71360K, reserved 1114112K
  class space    used 7150K, committed 7872K, reserved 1048576K
}
Event: 119.158 GC heap after
{Heap after GC invocations=1184 (full 4):
 PSYoungGen      total 6144K, used 1312K [0x00000000eab00000, 0x00000000eb480000, 0x0000000100000000)
  eden space 4608K, 0% used [0x00000000eab00000,0x00000000eab00000,0x00000000eaf80000)
  from space 1536K, 85% used [0x00000000eb200000,0x00000000eb348000,0x00000000eb380000)
  to   space 1024K, 0% used [0x00000000eb380000,0x00000000eb380000,0x00000000eb480000)
 ParOldGen       total 296960K, used 296860K [0x00000000c0000000, 0x00000000d2200000, 0x00000000eab00000)
  object space 296960K, 99% used [0x00000000c0000000,0x00000000d21e7270,0x00000000d2200000)
 Metaspace       used 69700K, committed 71360K, reserved 1114112K
  class space    used 7150K, committed 7872K, reserved 1048576K
}
Event: 119.699 GC heap before
{Heap before GC invocations=1185 (full 4):
 PSYoungGen      total 6144K, used 5920K [0x00000000eab00000, 0x00000000eb480000, 0x0000000100000000)
  eden space 4608K, 100% used [0x00000000eab00000,0x00000000eaf80000,0x00000000eaf80000)
  from space 1536K, 85% used [0x00000000eb200000,0x00000000eb348000,0x00000000eb380000)
  to   space 1024K, 0% used [0x00000000eb380000,0x00000000eb380000,0x00000000eb480000)
 ParOldGen       total 296960K, used 296860K [0x00000000c0000000, 0x00000000d2200000, 0x00000000eab00000)
  object space 296960K, 99% used [0x00000000c0000000,0x00000000d21e7270,0x00000000d2200000)
 Metaspace       used 69986K, committed 71680K, reserved 1114112K
  class space    used 7156K, committed 7872K, reserved 1048576K
}
Event: 119.704 GC heap after
{Heap after GC invocations=1185 (full 4):
 PSYoungGen      total 5632K, used 768K [0x00000000eab00000, 0x00000000eb480000, 0x0000000100000000)
  eden space 4608K, 0% used [0x00000000eab00000,0x00000000eab00000,0x00000000eaf80000)
  from space 1024K, 75% used [0x00000000eb380000,0x00000000eb440000,0x00000000eb480000)
  to   space 1024K, 0% used [0x00000000eb280000,0x00000000eb280000,0x00000000eb380000)
 ParOldGen       total 298496K, used 298084K [0x00000000c0000000, 0x00000000d2380000, 0x00000000eab00000)
  object space 298496K, 99% used [0x00000000c0000000,0x00000000d23190d8,0x00000000d2380000)
 Metaspace       used 69986K, committed 71680K, reserved 1114112K
  class space    used 7156K, committed 7872K, reserved 1048576K
}
Event: 120.110 GC heap before
{Heap before GC invocations=1186 (full 4):
 PSYoungGen      total 5632K, used 5376K [0x00000000eab00000, 0x00000000eb480000, 0x0000000100000000)
  eden space 4608K, 100% used [0x00000000eab00000,0x00000000eaf80000,0x00000000eaf80000)
  from space 1024K, 75% used [0x00000000eb380000,0x00000000eb440000,0x00000000eb480000)
  to   space 1024K, 0% used [0x00000000eb280000,0x00000000eb280000,0x00000000eb380000)
 ParOldGen       total 298496K, used 298084K [0x00000000c0000000, 0x00000000d2380000, 0x00000000eab00000)
  object space 298496K, 99% used [0x00000000c0000000,0x00000000d23190d8,0x00000000d2380000)
 Metaspace       used 70113K, committed 71744K, reserved 1114112K
  class space    used 7162K, committed 7872K, reserved 1048576K
}
Event: 120.115 GC heap after
{Heap after GC invocations=1186 (full 4):
 PSYoungGen      total 5632K, used 1024K [0x00000000eab00000, 0x00000000eb400000, 0x0000000100000000)
  eden space 4608K, 0% used [0x00000000eab00000,0x00000000eab00000,0x00000000eaf80000)
  from space 1024K, 100% used [0x00000000eb280000,0x00000000eb380000,0x00000000eb380000)
  to   space 512K, 0% used [0x00000000eb380000,0x00000000eb380000,0x00000000eb400000)
 ParOldGen       total 299008K, used 298803K [0x00000000c0000000, 0x00000000d2400000, 0x00000000eab00000)
  object space 299008K, 99% used [0x00000000c0000000,0x00000000d23ccce8,0x00000000d2400000)
 Metaspace       used 70113K, committed 71744K, reserved 1114112K
  class space    used 7162K, committed 7872K, reserved 1048576K
}
Event: 120.694 GC heap before
{Heap before GC invocations=1187 (full 4):
 PSYoungGen      total 5632K, used 4220K [0x00000000eab00000, 0x00000000eb400000, 0x0000000100000000)
  eden space 4608K, 69% used [0x00000000eab00000,0x00000000eae1f308,0x00000000eaf80000)
  from space 1024K, 100% used [0x00000000eb280000,0x00000000eb380000,0x00000000eb380000)
  to   space 512K, 0% used [0x00000000eb380000,0x00000000eb380000,0x00000000eb400000)
 ParOldGen       total 299008K, used 298803K [0x00000000c0000000, 0x00000000d2400000, 0x00000000eab00000)
  object space 299008K, 99% used [0x00000000c0000000,0x00000000d23ccce8,0x00000000d2400000)
 Metaspace       used 70164K, committed 71808K, reserved 1114112K
  class space    used 7164K, committed 7872K, reserved 1048576K
}
Event: 120.702 GC heap after
{Heap after GC invocations=1187 (full 4):
 PSYoungGen      total 5120K, used 384K [0x00000000eab00000, 0x00000000eb400000, 0x0000000100000000)
  eden space 4608K, 0% used [0x00000000eab00000,0x00000000eab00000,0x00000000eaf80000)
  from space 512K, 75% used [0x00000000eb380000,0x00000000eb3e0000,0x00000000eb400000)
  to   space 1024K, 0% used [0x00000000eb200000,0x00000000eb200000,0x00000000eb300000)
 ParOldGen       total 300032K, used 299820K [0x00000000c0000000, 0x00000000d2500000, 0x00000000eab00000)
  object space 300032K, 99% used [0x00000000c0000000,0x00000000d24cb2f8,0x00000000d2500000)
 Metaspace       used 70164K, committed 71808K, reserved 1114112K
  class space    used 7164K, committed 7872K, reserved 1048576K
}
Event: 120.937 GC heap before
{Heap before GC invocations=1188 (full 4):
 PSYoungGen      total 5120K, used 4992K [0x00000000eab00000, 0x00000000eb400000, 0x0000000100000000)
  eden space 4608K, 100% used [0x00000000eab00000,0x00000000eaf80000,0x00000000eaf80000)
  from space 512K, 75% used [0x00000000eb380000,0x00000000eb3e0000,0x00000000eb400000)
  to   space 1024K, 0% used [0x00000000eb200000,0x00000000eb200000,0x00000000eb300000)
 ParOldGen       total 300032K, used 299820K [0x00000000c0000000, 0x00000000d2500000, 0x00000000eab00000)
  object space 300032K, 99% used [0x00000000c0000000,0x00000000d24cb2f8,0x00000000d2500000)
 Metaspace       used 70242K, committed 71872K, reserved 1114112K
  class space    used 7165K, committed 7872K, reserved 1048576K
}
Event: 120.940 GC heap after
{Heap after GC invocations=1188 (full 4):
 PSYoungGen      total 5632K, used 381K [0x00000000eab00000, 0x00000000eb400000, 0x0000000100000000)
  eden space 4608K, 0% used [0x00000000eab00000,0x00000000eab00000,0x00000000eaf80000)
  from space 1024K, 37% used [0x00000000eb200000,0x00000000eb25f7a0,0x00000000eb300000)
  to   space 512K, 0% used [0x00000000eb380000,0x00000000eb380000,0x00000000eb400000)
 ParOldGen       total 300544K, used 300041K [0x00000000c0000000, 0x00000000d2580000, 0x00000000eab00000)
  object space 300544K, 99% used [0x00000000c0000000,0x00000000d2502478,0x00000000d2580000)
 Metaspace       used 70242K, committed 71872K, reserved 1114112K
  class space    used 7165K, committed 7872K, reserved 1048576K
}
Event: 121.323 GC heap before
{Heap before GC invocations=1189 (full 4):
 PSYoungGen      total 5632K, used 4989K [0x00000000eab00000, 0x00000000eb400000, 0x0000000100000000)
  eden space 4608K, 100% used [0x00000000eab00000,0x00000000eaf80000,0x00000000eaf80000)
  from space 1024K, 37% used [0x00000000eb200000,0x00000000eb25f7a0,0x00000000eb300000)
  to   space 512K, 0% used [0x00000000eb380000,0x00000000eb380000,0x00000000eb400000)
 ParOldGen       total 300544K, used 300041K [0x00000000c0000000, 0x00000000d2580000, 0x00000000eab00000)
  object space 300544K, 99% used [0x00000000c0000000,0x00000000d2502478,0x00000000d2580000)
 Metaspace       used 70287K, committed 71936K, reserved 1114112K
  class space    used 7167K, committed 7872K, reserved 1048576K
}
Event: 121.326 GC heap after
{Heap after GC invocations=1189 (full 4):
 PSYoungGen      total 5120K, used 256K [0x00000000eab00000, 0x00000000eb400000, 0x0000000100000000)
  eden space 4608K, 0% used [0x00000000eab00000,0x00000000eab00000,0x00000000eaf80000)
  from space 512K, 50% used [0x00000000eb380000,0x00000000eb3c0000,0x00000000eb400000)
  to   space 512K, 0% used [0x00000000eb300000,0x00000000eb300000,0x00000000eb380000)
 ParOldGen       total 300544K, used 300335K [0x00000000c0000000, 0x00000000d2580000, 0x00000000eab00000)
  object space 300544K, 99% used [0x00000000c0000000,0x00000000d254bc18,0x00000000d2580000)
 Metaspace       used 70287K, committed 71936K, reserved 1114112K
  class space    used 7167K, committed 7872K, reserved 1048576K
}
Event: 121.957 GC heap before
{Heap before GC invocations=1190 (full 4):
 PSYoungGen      total 5120K, used 4864K [0x00000000eab00000, 0x00000000eb400000, 0x0000000100000000)
  eden space 4608K, 100% used [0x00000000eab00000,0x00000000eaf80000,0x00000000eaf80000)
  from space 512K, 50% used [0x00000000eb380000,0x00000000eb3c0000,0x00000000eb400000)
  to   space 512K, 0% used [0x00000000eb300000,0x00000000eb300000,0x00000000eb380000)
 ParOldGen       total 300544K, used 300335K [0x00000000c0000000, 0x00000000d2580000, 0x00000000eab00000)
  object space 300544K, 99% used [0x00000000c0000000,0x00000000d254bc18,0x00000000d2580000)
 Metaspace       used 70373K, committed 72000K, reserved 1114112K
  class space    used 7171K, committed 7872K, reserved 1048576K
}
Event: 121.960 GC heap after
{Heap after GC invocations=1190 (full 4):
 PSYoungGen      total 5120K, used 352K [0x00000000eab00000, 0x00000000eb400000, 0x0000000100000000)
  eden space 4608K, 0% used [0x00000000eab00000,0x00000000eab00000,0x00000000eaf80000)
  from space 512K, 68% used [0x00000000eb300000,0x00000000eb358000,0x00000000eb380000)
  to   space 512K, 0% used [0x00000000eb380000,0x00000000eb380000,0x00000000eb400000)
 ParOldGen       total 301056K, used 300961K [0x00000000c0000000, 0x00000000d2600000, 0x00000000eab00000)
  object space 301056K, 99% used [0x00000000c0000000,0x00000000d25e86d8,0x00000000d2600000)
 Metaspace       used 70373K, committed 72000K, reserved 1114112K
  class space    used 7171K, committed 7872K, reserved 1048576K
}

Dll operation events (13 events):
Event: 0.072 Loaded shared library c:\Users\palak\.vscode\extensions\redhat.java-1.40.0-win32-x64\jre\21.0.6-win32-x86_64\bin\java.dll
Event: 0.790 Loaded shared library c:\Users\palak\.vscode\extensions\redhat.java-1.40.0-win32-x64\jre\21.0.6-win32-x86_64\bin\zip.dll
Event: 0.895 Loaded shared library C:\Users\palak\.vscode\extensions\redhat.java-1.40.0-win32-x64\jre\21.0.6-win32-x86_64\bin\instrument.dll
Event: 0.906 Loaded shared library C:\Users\palak\.vscode\extensions\redhat.java-1.40.0-win32-x64\jre\21.0.6-win32-x86_64\bin\net.dll
Event: 0.916 Loaded shared library C:\Users\palak\.vscode\extensions\redhat.java-1.40.0-win32-x64\jre\21.0.6-win32-x86_64\bin\nio.dll
Event: 0.922 Loaded shared library C:\Users\palak\.vscode\extensions\redhat.java-1.40.0-win32-x64\jre\21.0.6-win32-x86_64\bin\zip.dll
Event: 1.092 Loaded shared library C:\Users\palak\.vscode\extensions\redhat.java-1.40.0-win32-x64\jre\21.0.6-win32-x86_64\bin\jimage.dll
Event: 1.406 Loaded shared library c:\Users\palak\.vscode\extensions\redhat.java-1.40.0-win32-x64\jre\21.0.6-win32-x86_64\bin\verify.dll
Event: 7.842 Loaded shared library C:\Users\palak\AppData\Roaming\Code\User\globalStorage\redhat.java\1.40.0\config_win\org.eclipse.equinox.launcher\org.eclipse.equinox.launcher.win32.win32.x86_64_1.2.1200.v20250212-0927\eclipse_11909.dll
Event: 18.476 Loaded shared library C:\Users\palak\AppData\Local\Temp\jna-106430981\jna11954186340713599157.dll
Event: 25.588 Loaded shared library C:\Users\palak\.vscode\extensions\redhat.java-1.40.0-win32-x64\jre\21.0.6-win32-x86_64\bin\management.dll
Event: 25.597 Loaded shared library C:\Users\palak\.vscode\extensions\redhat.java-1.40.0-win32-x64\jre\21.0.6-win32-x86_64\bin\management_ext.dll
Event: 76.840 Loaded shared library C:\Users\palak\.vscode\extensions\redhat.java-1.40.0-win32-x64\jre\21.0.6-win32-x86_64\bin\sunmscapi.dll

Deoptimization events (20 events):
Event: 121.425 Thread 0x000001de5e343de0 DEOPT PACKING pc=0x000001de039d1159 sp=0x00000035521fd370
Event: 121.425 Thread 0x000001de5e343de0 DEOPT UNPACKING pc=0x000001de0a6b4242 sp=0x00000035521fc840 mode 0
Event: 121.607 Thread 0x000001de5e343de0 DEOPT PACKING pc=0x000001de039d1133 sp=0x00000035521fd480
Event: 121.607 Thread 0x000001de5e343de0 DEOPT UNPACKING pc=0x000001de0a6b4242 sp=0x00000035521fc950 mode 0
Event: 122.698 Thread 0x000001de5e343de0 Uncommon trap: trap_request=0xffffffde fr.pc=0x000001de0b07715c relative=0x0000000000000cdc
Event: 122.698 Thread 0x000001de5e343de0 Uncommon trap: reason=class_check action=maybe_recompile pc=0x000001de0b07715c method=lombok.eclipse.EclipseNode.traverse(Llombok/eclipse/EclipseASTVisitor;)V @ 509 c2
Event: 122.698 Thread 0x000001de5e343de0 DEOPT PACKING pc=0x000001de0b07715c sp=0x00000035521fce50
Event: 122.698 Thread 0x000001de5e343de0 DEOPT UNPACKING pc=0x000001de0a6b3aa2 sp=0x00000035521fcde0 mode 2
Event: 122.698 Thread 0x000001de5e343de0 Uncommon trap: trap_request=0xffffffde fr.pc=0x000001de0b07715c relative=0x0000000000000cdc
Event: 122.698 Thread 0x000001de5e343de0 Uncommon trap: reason=class_check action=maybe_recompile pc=0x000001de0b07715c method=lombok.eclipse.EclipseNode.traverse(Llombok/eclipse/EclipseASTVisitor;)V @ 509 c2
Event: 122.698 Thread 0x000001de5e343de0 DEOPT PACKING pc=0x000001de0b07715c sp=0x00000035521fce50
Event: 122.698 Thread 0x000001de5e343de0 DEOPT UNPACKING pc=0x000001de0a6b3aa2 sp=0x00000035521fcde0 mode 2
Event: 122.698 Thread 0x000001de5e343de0 Uncommon trap: trap_request=0xffffffde fr.pc=0x000001de0b07715c relative=0x0000000000000cdc
Event: 122.698 Thread 0x000001de5e343de0 Uncommon trap: reason=class_check action=maybe_recompile pc=0x000001de0b07715c method=lombok.eclipse.EclipseNode.traverse(Llombok/eclipse/EclipseASTVisitor;)V @ 509 c2
Event: 122.698 Thread 0x000001de5e343de0 DEOPT PACKING pc=0x000001de0b07715c sp=0x00000035521fce50
Event: 122.698 Thread 0x000001de5e343de0 DEOPT UNPACKING pc=0x000001de0a6b3aa2 sp=0x00000035521fcde0 mode 2
Event: 122.698 Thread 0x000001de5e343de0 Uncommon trap: trap_request=0xffffffde fr.pc=0x000001de0b07715c relative=0x0000000000000cdc
Event: 122.698 Thread 0x000001de5e343de0 Uncommon trap: reason=class_check action=maybe_recompile pc=0x000001de0b07715c method=lombok.eclipse.EclipseNode.traverse(Llombok/eclipse/EclipseASTVisitor;)V @ 509 c2
Event: 122.698 Thread 0x000001de5e343de0 DEOPT PACKING pc=0x000001de0b07715c sp=0x00000035521fcdc0
Event: 122.698 Thread 0x000001de5e343de0 DEOPT UNPACKING pc=0x000001de0a6b3aa2 sp=0x00000035521fcd50 mode 2

Classes loaded (20 events):
Event: 77.092 Loading class com/sun/crypto/provider/FeedbackCipher done
Event: 77.092 Loading class com/sun/crypto/provider/ElectronicCodeBook done
Event: 77.092 Loading class com/sun/crypto/provider/PKCS5Padding
Event: 77.092 Loading class com/sun/crypto/provider/Padding
Event: 77.093 Loading class com/sun/crypto/provider/Padding done
Event: 77.093 Loading class com/sun/crypto/provider/PKCS5Padding done
Event: 77.093 Loading class com/sun/crypto/provider/CipherBlockChaining
Event: 77.097 Loading class com/sun/crypto/provider/CipherBlockChaining done
Event: 77.098 Loading class javax/crypto/NullCipher
Event: 77.098 Loading class javax/crypto/NullCipher done
Event: 77.098 Loading class sun/security/util/ArrayUtil
Event: 77.099 Loading class sun/security/util/ArrayUtil done
Event: 77.249 Loading class java/util/zip/CheckedInputStream
Event: 77.250 Loading class java/util/zip/CheckedInputStream done
Event: 77.559 Loading class java/util/zip/GZIPInputStream$1
Event: 77.560 Loading class java/util/zip/GZIPInputStream$1 done
Event: 83.060 Loading class java/lang/UnsupportedClassVersionError
Event: 83.060 Loading class java/lang/UnsupportedClassVersionError done
Event: 83.810 Loading class jdk/internal/ref/CleanerImpl$InnocuousThreadFactory
Event: 83.810 Loading class jdk/internal/ref/CleanerImpl$InnocuousThreadFactory done

Classes unloaded (8 events):
Event: 20.518 Thread 0x000001de1426f4f0 Unloading class 0x000001de16196400 'java/lang/invoke/LambdaForm$MH+0x000001de16196400'
Event: 20.518 Thread 0x000001de1426f4f0 Unloading class 0x000001de16196000 'java/lang/invoke/LambdaForm$MH+0x000001de16196000'
Event: 20.518 Thread 0x000001de1426f4f0 Unloading class 0x000001de16195c00 'java/lang/invoke/LambdaForm$MH+0x000001de16195c00'
Event: 20.518 Thread 0x000001de1426f4f0 Unloading class 0x000001de16195800 'java/lang/invoke/LambdaForm$MH+0x000001de16195800'
Event: 20.518 Thread 0x000001de1426f4f0 Unloading class 0x000001de16195400 'java/lang/invoke/LambdaForm$BMH+0x000001de16195400'
Event: 20.518 Thread 0x000001de1426f4f0 Unloading class 0x000001de16195000 'java/lang/invoke/LambdaForm$DMH+0x000001de16195000'
Event: 20.518 Thread 0x000001de1426f4f0 Unloading class 0x000001de16193c00 'java/lang/invoke/LambdaForm$DMH+0x000001de16193c00'
Event: 77.698 Thread 0x000001de1426f4f0 Unloading class 0x000001de166a4000 'java/lang/invoke/LambdaForm$DMH+0x000001de166a4000'

Classes redefined (0 events):
No events

Internal exceptions (20 events):
Event: 87.088 Thread 0x000001de5e343750 Exception <a 'java/lang/ArrayIndexOutOfBoundsException'{0x00000000eac17718}> (0x00000000eac17718) 
thrown [s\src\hotspot\share\runtime\sharedRuntime.cpp, line 625]
Event: 89.914 Thread 0x000001de5afe52d0 Exception <a 'sun/nio/fs/WindowsException'{0x00000000eae493e0}> (0x00000000eae493e0) 
thrown [s\src\hotspot\share\prims\jni.cpp, line 520]
Event: 89.914 Thread 0x000001de5afe52d0 Exception <a 'sun/nio/fs/WindowsException'{0x00000000eae4a2d8}> (0x00000000eae4a2d8) 
thrown [s\src\hotspot\share\prims\jni.cpp, line 520]
Event: 89.935 Thread 0x000001de5afe52d0 Exception <a 'java/lang/NoSuchMethodError'{0x00000000eaec3648}: 'java.lang.Object java.lang.invoke.Invokers$Holder.linkToTargetMethod(java.lang.Object, java.lang.Object, int, int, java.lang.Object)'> (0x00000000eaec3648) 
thrown [s\src\hotspot\share\interpreter\linkResolver.cpp, line 773]
Event: 89.948 Thread 0x000001de5afe52d0 Exception <a 'java/lang/NoSuchMethodError'{0x00000000eaeecb48}: method resolution failed> (0x00000000eaeecb48) 
thrown [s\src\hotspot\share\prims\methodHandles.cpp, line 1144]
Event: 90.232 Thread 0x000001de5e3430c0 Implicit null exception at 0x000001de0b49ff13 to 0x000001de0b4a1e70
Event: 101.605 Thread 0x000001de5c98f2e0 Exception <a 'java/lang/IncompatibleClassChangeError'{0x00000000ead8b770}: Found class java.lang.Object, but interface was expected> (0x00000000ead8b770) 
thrown [s\src\hotspot\share\interpreter\linkResolver.cpp, line 840]
Event: 101.683 Thread 0x000001de5afe73a0 Exception <a 'sun/nio/fs/WindowsException'{0x00000000eae75f38}> (0x00000000eae75f38) 
thrown [s\src\hotspot\share\prims\jni.cpp, line 520]
Event: 101.683 Thread 0x000001de5afe73a0 Exception <a 'sun/nio/fs/WindowsException'{0x00000000eae76b18}> (0x00000000eae76b18) 
thrown [s\src\hotspot\share\prims\jni.cpp, line 520]
Event: 114.881 Thread 0x000001de5c98f2e0 Exception <a 'java/lang/IncompatibleClassChangeError'{0x00000000eab5e580}: Found class java.lang.Object, but interface was expected> (0x00000000eab5e580) 
thrown [s\src\hotspot\share\interpreter\linkResolver.cpp, line 840]
Event: 114.888 Thread 0x000001de5e3430c0 Exception <a 'java/lang/NoSuchMethodError'{0x00000000eab7afb0}: 'java.lang.Object java.lang.invoke.DirectMethodHandle$Holder.invokeStatic(java.lang.Object, int, int, java.lang.Object)'> (0x00000000eab7afb0) 
thrown [s\src\hotspot\share\interpreter\linkResolver.cpp, line 773]
Event: 120.167 Thread 0x000001de5e343750 Exception <a 'sun/nio/fs/WindowsException'{0x00000000eacd0388}> (0x00000000eacd0388) 
thrown [s\src\hotspot\share\prims\jni.cpp, line 520]
Event: 120.167 Thread 0x000001de5e343750 Exception <a 'sun/nio/fs/WindowsException'{0x00000000eacd0fa8}> (0x00000000eacd0fa8) 
thrown [s\src\hotspot\share\prims\jni.cpp, line 520]
Event: 120.169 Thread 0x000001de5e343750 Exception <a 'sun/nio/fs/WindowsException'{0x00000000eacd2af8}> (0x00000000eacd2af8) 
thrown [s\src\hotspot\share\prims\jni.cpp, line 520]
Event: 120.169 Thread 0x000001de5e343750 Exception <a 'sun/nio/fs/WindowsException'{0x00000000eacd3718}> (0x00000000eacd3718) 
thrown [s\src\hotspot\share\prims\jni.cpp, line 520]
Event: 120.177 Thread 0x000001de5e343750 Exception <a 'sun/nio/fs/WindowsException'{0x00000000eacd5c78}> (0x00000000eacd5c78) 
thrown [s\src\hotspot\share\prims\jni.cpp, line 520]
Event: 120.177 Thread 0x000001de5e343750 Exception <a 'sun/nio/fs/WindowsException'{0x00000000eacd6898}> (0x00000000eacd6898) 
thrown [s\src\hotspot\share\prims\jni.cpp, line 520]
Event: 120.184 Thread 0x000001de5e343750 Exception <a 'sun/nio/fs/WindowsException'{0x00000000eacfa5b8}> (0x00000000eacfa5b8) 
thrown [s\src\hotspot\share\prims\jni.cpp, line 520]
Event: 120.185 Thread 0x000001de5e343750 Exception <a 'sun/nio/fs/WindowsException'{0x00000000eacfb1d8}> (0x00000000eacfb1d8) 
thrown [s\src\hotspot\share\prims\jni.cpp, line 520]
Event: 120.747 Thread 0x000001de5e343de0 Implicit null exception at 0x000001de0b2bfbda to 0x000001de0b2bfc33

ZGC Phase Switch (0 events):
No events

VM Operations (20 events):
Event: 119.149 Executing VM operation: ParallelGCFailedAllocation (Allocation Failure)
Event: 119.158 Executing VM operation: ParallelGCFailedAllocation (Allocation Failure) done
Event: 119.682 Executing VM operation: ParallelGCFailedAllocation (Allocation Failure)
Event: 119.704 Executing VM operation: ParallelGCFailedAllocation (Allocation Failure) done
Event: 120.093 Executing VM operation: ParallelGCFailedAllocation (Allocation Failure)
Event: 120.115 Executing VM operation: ParallelGCFailedAllocation (Allocation Failure) done
Event: 120.364 Executing VM operation: ParallelGCFailedAllocation (Allocation Failure)
Event: 120.702 Executing VM operation: ParallelGCFailedAllocation (Allocation Failure) done
Event: 120.702 Executing VM operation: HandshakeAllThreads (HandshakeForDeflation)
Event: 120.704 Executing VM operation: HandshakeAllThreads (HandshakeForDeflation) done
Event: 120.704 Executing VM operation: RendezvousGCThreads
Event: 120.704 Executing VM operation: RendezvousGCThreads done
Event: 120.769 Executing VM operation: HandshakeAllThreads (Deoptimize)
Event: 120.931 Executing VM operation: HandshakeAllThreads (Deoptimize) done
Event: 120.936 Executing VM operation: ParallelGCFailedAllocation (Allocation Failure)
Event: 120.940 Executing VM operation: ParallelGCFailedAllocation (Allocation Failure) done
Event: 121.323 Executing VM operation: ParallelGCFailedAllocation (Allocation Failure)
Event: 121.326 Executing VM operation: ParallelGCFailedAllocation (Allocation Failure) done
Event: 121.934 Executing VM operation: ParallelGCFailedAllocation (Allocation Failure)
Event: 121.960 Executing VM operation: ParallelGCFailedAllocation (Allocation Failure) done

Memory protections (0 events):
No events

Nmethod flushes (20 events):
Event: 77.741 Thread 0x000001de1426f4f0 flushing  nmethod 0x000001de041c2d10
Event: 77.741 Thread 0x000001de1426f4f0 flushing  nmethod 0x000001de041e1c90
Event: 77.741 Thread 0x000001de1426f4f0 flushing  nmethod 0x000001de041e9b90
Event: 77.741 Thread 0x000001de1426f4f0 flushing  nmethod 0x000001de04220610
Event: 77.741 Thread 0x000001de1426f4f0 flushing  nmethod 0x000001de04221e90
Event: 77.741 Thread 0x000001de1426f4f0 flushing  nmethod 0x000001de04237f90
Event: 77.741 Thread 0x000001de1426f4f0 flushing  nmethod 0x000001de04238310
Event: 77.741 Thread 0x000001de1426f4f0 flushing  nmethod 0x000001de0423b010
Event: 77.741 Thread 0x000001de1426f4f0 flushing  nmethod 0x000001de0423e910
Event: 77.741 Thread 0x000001de1426f4f0 flushing  nmethod 0x000001de04240b90
Event: 77.741 Thread 0x000001de1426f4f0 flushing  nmethod 0x000001de04257910
Event: 77.741 Thread 0x000001de1426f4f0 flushing  nmethod 0x000001de04274290
Event: 77.741 Thread 0x000001de1426f4f0 flushing  nmethod 0x000001de04279e90
Event: 77.741 Thread 0x000001de1426f4f0 flushing  nmethod 0x000001de0428b190
Event: 77.741 Thread 0x000001de1426f4f0 flushing  nmethod 0x000001de04315e90
Event: 77.741 Thread 0x000001de1426f4f0 flushing  nmethod 0x000001de04318d10
Event: 77.741 Thread 0x000001de1426f4f0 flushing  nmethod 0x000001de0431bb10
Event: 77.741 Thread 0x000001de1426f4f0 flushing  nmethod 0x000001de04322590
Event: 77.741 Thread 0x000001de1426f4f0 flushing  nmethod 0x000001de04335310
Event: 77.741 Thread 0x000001de1426f4f0 flushing  nmethod 0x000001de04338a90

Events (20 events):
Event: 79.137 Thread 0x000001de5c9ef7d0 Thread exited: 0x000001de5c9ef7d0
Event: 83.158 Thread 0x000001de142852d0 Thread added: 0x000001de5c9ef7d0
Event: 83.812 Thread 0x000001de5e343750 Thread added: 0x000001de5e344b00
Event: 84.145 Thread 0x000001de5c9ef7d0 Thread exited: 0x000001de5c9ef7d0
Event: 90.219 Thread 0x000001de142e87e0 Thread added: 0x000001de5c9ef7d0
Event: 95.817 Thread 0x000001de5c9ef7d0 Thread exited: 0x000001de5c9ef7d0
Event: 98.618 Thread 0x000001de5c990d20 Thread exited: 0x000001de5c990d20
Event: 98.898 Thread 0x000001de5c991a40 Thread exited: 0x000001de5c991a40
Event: 115.685 Thread 0x000001de5afe7a30 Thread added: 0x000001de5e345190
Event: 115.765 Thread 0x000001de142e87e0 Thread added: 0x000001de5c9ef7d0
Event: 116.046 Thread 0x000001de5c9ef7d0 Thread exited: 0x000001de5c9ef7d0
Event: 118.204 Thread 0x000001de142e87e0 Thread added: 0x000001de67c900d0
Event: 118.572 Thread 0x000001de67c900d0 Thread exited: 0x000001de67c900d0
Event: 118.825 Thread 0x000001de142e87e0 Thread added: 0x000001de67c93080
Event: 120.704 Thread 0x000001de67c93080 Thread exited: 0x000001de67c93080
Event: 120.929 Thread 0x000001de142e87e0 Thread added: 0x000001de67c907a0
Event: 121.731 Thread 0x000001de67c907a0 Thread exited: 0x000001de67c907a0
Event: 122.206 Thread 0x000001de142e87e0 Thread added: 0x000001de67c929b0
Event: 122.623 Thread 0x000001de67c929b0 Thread exited: 0x000001de67c929b0
Event: 122.695 Thread 0x000001de142e87e0 Thread added: 0x000001de67c900d0


Dynamic libraries:
0x00007ff6b1be0000 - 0x00007ff6b1bee000 	c:\Users\palak\.vscode\extensions\redhat.java-1.40.0-win32-x64\jre\21.0.6-win32-x86_64\bin\java.exe
0x00007ffc51e00000 - 0x00007ffc52063000 	C:\WINDOWS\SYSTEM32\ntdll.dll
0x00007ffc50cb0000 - 0x00007ffc50d77000 	C:\WINDOWS\System32\KERNEL32.DLL
0x00007ffc4f200000 - 0x00007ffc4f5c9000 	C:\WINDOWS\System32\KERNELBASE.dll
0x00007ffc4fad0000 - 0x00007ffc4fc1c000 	C:\WINDOWS\System32\ucrtbase.dll
0x00007ffc27fc0000 - 0x00007ffc27fd8000 	c:\Users\palak\.vscode\extensions\redhat.java-1.40.0-win32-x64\jre\21.0.6-win32-x86_64\bin\jli.dll
0x00007ffc51630000 - 0x00007ffc517fa000 	C:\WINDOWS\System32\USER32.dll
0x00007ffc4f000000 - 0x00007ffc4f027000 	C:\WINDOWS\System32\win32u.dll
0x00007ffc512f0000 - 0x00007ffc5131a000 	C:\WINDOWS\System32\GDI32.dll
0x00007ffc4f030000 - 0x00007ffc4f161000 	C:\WINDOWS\System32\gdi32full.dll
0x00007ffc4f690000 - 0x00007ffc4f733000 	C:\WINDOWS\System32\msvcp_win.dll
0x00007ffc27f10000 - 0x00007ffc27f2e000 	c:\Users\palak\.vscode\extensions\redhat.java-1.40.0-win32-x64\jre\21.0.6-win32-x86_64\bin\VCRUNTIME140.dll
0x00007ffc2f9a0000 - 0x00007ffc2fc30000 	C:\WINDOWS\WinSxS\amd64_microsoft.windows.common-controls_6595b64144ccf1df_6.0.26100.3323_none_3e088096e3344490\COMCTL32.dll
0x00007ffc51c40000 - 0x00007ffc51ce9000 	C:\WINDOWS\System32\msvcrt.dll
0x00007ffc51d80000 - 0x00007ffc51daf000 	C:\WINDOWS\System32\IMM32.DLL
0x00007ffc32970000 - 0x00007ffc3297c000 	c:\Users\palak\.vscode\extensions\redhat.java-1.40.0-win32-x64\jre\21.0.6-win32-x86_64\bin\vcruntime140_1.dll
0x00007ffc14050000 - 0x00007ffc140dd000 	c:\Users\palak\.vscode\extensions\redhat.java-1.40.0-win32-x64\jre\21.0.6-win32-x86_64\bin\msvcp140.dll
0x00007ffbc0e00000 - 0x00007ffbc1b90000 	c:\Users\palak\.vscode\extensions\redhat.java-1.40.0-win32-x64\jre\21.0.6-win32-x86_64\bin\server\jvm.dll
0x00007ffc51a20000 - 0x00007ffc51ad2000 	C:\WINDOWS\System32\ADVAPI32.dll
0x00007ffc513a0000 - 0x00007ffc51446000 	C:\WINDOWS\System32\sechost.dll
0x00007ffc4fc30000 - 0x00007ffc4fd46000 	C:\WINDOWS\System32\RPCRT4.dll
0x00007ffc50d80000 - 0x00007ffc50df4000 	C:\WINDOWS\System32\WS2_32.dll
0x00007ffc4ee90000 - 0x00007ffc4eede000 	C:\WINDOWS\SYSTEM32\POWRPROF.dll
0x00007ffc488d0000 - 0x00007ffc48906000 	C:\WINDOWS\SYSTEM32\WINMM.dll
0x00007ffc48910000 - 0x00007ffc4891b000 	C:\WINDOWS\SYSTEM32\VERSION.dll
0x00007ffc4ee70000 - 0x00007ffc4ee84000 	C:\WINDOWS\SYSTEM32\UMPDC.dll
0x00007ffc4de20000 - 0x00007ffc4de3a000 	C:\WINDOWS\SYSTEM32\kernel.appcore.dll
0x00007ffc2bf50000 - 0x00007ffc2bf5a000 	c:\Users\palak\.vscode\extensions\redhat.java-1.40.0-win32-x64\jre\21.0.6-win32-x86_64\bin\jimage.dll
0x00007ffc3fc90000 - 0x00007ffc3fed1000 	C:\WINDOWS\SYSTEM32\DBGHELP.DLL
0x00007ffc50f60000 - 0x00007ffc512e2000 	C:\WINDOWS\System32\combase.dll
0x00007ffc4ffb0000 - 0x00007ffc50086000 	C:\WINDOWS\System32\OLEAUT32.dll
0x00007ffc32990000 - 0x00007ffc329c9000 	C:\WINDOWS\SYSTEM32\dbgcore.DLL
0x00007ffc4f8c0000 - 0x00007ffc4f959000 	C:\WINDOWS\System32\bcryptPrimitives.dll
0x00007ffc2be70000 - 0x00007ffc2be7f000 	c:\Users\palak\.vscode\extensions\redhat.java-1.40.0-win32-x64\jre\21.0.6-win32-x86_64\bin\instrument.dll
0x00007ffc27ef0000 - 0x00007ffc27f0f000 	c:\Users\palak\.vscode\extensions\redhat.java-1.40.0-win32-x64\jre\21.0.6-win32-x86_64\bin\java.dll
0x00007ffc500e0000 - 0x00007ffc507f5000 	C:\WINDOWS\System32\SHELL32.dll
0x00007ffc4f960000 - 0x00007ffc4fac8000 	C:\WINDOWS\System32\wintypes.dll
0x00007ffc4cce0000 - 0x00007ffc4d525000 	C:\WINDOWS\SYSTEM32\windows.storage.dll
0x00007ffc51800000 - 0x00007ffc518eb000 	C:\WINDOWS\System32\SHCORE.dll
0x00007ffc51be0000 - 0x00007ffc51c3d000 	C:\WINDOWS\System32\shlwapi.dll
0x00007ffc4ef10000 - 0x00007ffc4ef3f000 	C:\WINDOWS\SYSTEM32\profapi.dll
0x00007ffc27e40000 - 0x00007ffc27e58000 	c:\Users\palak\.vscode\extensions\redhat.java-1.40.0-win32-x64\jre\21.0.6-win32-x86_64\bin\zip.dll
0x00007ffc2b330000 - 0x00007ffc2b340000 	C:\Users\palak\.vscode\extensions\redhat.java-1.40.0-win32-x64\jre\21.0.6-win32-x86_64\bin\net.dll
0x00007ffc43890000 - 0x00007ffc439ae000 	C:\WINDOWS\SYSTEM32\WINHTTP.dll
0x00007ffc4e340000 - 0x00007ffc4e3aa000 	C:\WINDOWS\system32\mswsock.dll
0x00007ffc27940000 - 0x00007ffc27956000 	C:\Users\palak\.vscode\extensions\redhat.java-1.40.0-win32-x64\jre\21.0.6-win32-x86_64\bin\nio.dll
0x00007ffc2b250000 - 0x00007ffc2b260000 	c:\Users\palak\.vscode\extensions\redhat.java-1.40.0-win32-x64\jre\21.0.6-win32-x86_64\bin\verify.dll
0x00007ffc0dbc0000 - 0x00007ffc0dc05000 	C:\Users\palak\AppData\Roaming\Code\User\globalStorage\redhat.java\1.40.0\config_win\org.eclipse.equinox.launcher\org.eclipse.equinox.launcher.win32.win32.x86_64_1.2.1200.v20250212-0927\eclipse_11909.dll
0x00007ffc51490000 - 0x00007ffc51625000 	C:\WINDOWS\System32\ole32.dll
0x00007ffc4e5e0000 - 0x00007ffc4e5fc000 	C:\WINDOWS\SYSTEM32\CRYPTSP.dll
0x00007ffc4dd80000 - 0x00007ffc4ddba000 	C:\WINDOWS\system32\rsaenh.dll
0x00007ffc4e3e0000 - 0x00007ffc4e40b000 	C:\WINDOWS\SYSTEM32\USERENV.dll
0x00007ffc4e820000 - 0x00007ffc4e846000 	C:\WINDOWS\SYSTEM32\bcrypt.dll
0x00007ffc4e600000 - 0x00007ffc4e60c000 	C:\WINDOWS\SYSTEM32\CRYPTBASE.dll
0x00007ffc4d820000 - 0x00007ffc4d853000 	C:\WINDOWS\SYSTEM32\IPHLPAPI.DLL
0x00007ffc50800000 - 0x00007ffc5080a000 	C:\WINDOWS\System32\NSI.dll
0x00007ffc0dcd0000 - 0x00007ffc0dd19000 	C:\Users\palak\AppData\Local\Temp\jna-106430981\jna11954186340713599157.dll
0x00007ffc4fc20000 - 0x00007ffc4fc28000 	C:\WINDOWS\System32\PSAPI.DLL
0x00007ffc446e0000 - 0x00007ffc446ea000 	C:\Users\palak\.vscode\extensions\redhat.java-1.40.0-win32-x64\jre\21.0.6-win32-x86_64\bin\management.dll
0x00007ffc446d0000 - 0x00007ffc446db000 	C:\Users\palak\.vscode\extensions\redhat.java-1.40.0-win32-x64\jre\21.0.6-win32-x86_64\bin\management_ext.dll
0x00007ffc43860000 - 0x00007ffc4387f000 	C:\WINDOWS\SYSTEM32\dhcpcsvc6.DLL
0x00007ffc43830000 - 0x00007ffc43855000 	C:\WINDOWS\SYSTEM32\dhcpcsvc.DLL
0x00007ffc446b0000 - 0x00007ffc446be000 	C:\Users\palak\.vscode\extensions\redhat.java-1.40.0-win32-x64\jre\21.0.6-win32-x86_64\bin\sunmscapi.dll
0x00007ffc4f740000 - 0x00007ffc4f8b7000 	C:\WINDOWS\System32\CRYPT32.dll
0x00007ffc4e7e0000 - 0x00007ffc4e810000 	C:\WINDOWS\SYSTEM32\ncrypt.dll
0x00007ffc4e790000 - 0x00007ffc4e7cf000 	C:\WINDOWS\SYSTEM32\NTASN1.dll

dbghelp: loaded successfully - version: 4.0.5 - missing functions: none
symbol engine: initialized successfully - sym options: 0x614 - pdb path: .;c:\Users\palak\.vscode\extensions\redhat.java-1.40.0-win32-x64\jre\21.0.6-win32-x86_64\bin;C:\WINDOWS\SYSTEM32;C:\WINDOWS\WinSxS\amd64_microsoft.windows.common-controls_6595b64144ccf1df_6.0.26100.3323_none_3e088096e3344490;c:\Users\palak\.vscode\extensions\redhat.java-1.40.0-win32-x64\jre\21.0.6-win32-x86_64\bin\server;C:\Users\palak\AppData\Roaming\Code\User\globalStorage\redhat.java\1.40.0\config_win\org.eclipse.equinox.launcher\org.eclipse.equinox.launcher.win32.win32.x86_64_1.2.1200.v20250212-0927;C:\Users\palak\AppData\Local\Temp\jna-106430981

VM Arguments:
jvm_args: --add-modules=ALL-SYSTEM --add-opens=java.base/java.util=ALL-UNNAMED --add-opens=java.base/java.lang=ALL-UNNAMED --add-opens=java.base/sun.nio.fs=ALL-UNNAMED -Declipse.application=org.eclipse.jdt.ls.core.id1 -Dosgi.bundles.defaultStartLevel=4 -Declipse.product=org.eclipse.jdt.ls.core.product -Djava.import.generatesMetadataFilesAtProjectRoot=false -DDetectVMInstallationsJob.disabled=true -Dfile.encoding=utf8 -XX:+UseParallelGC -XX:GCTimeRatio=4 -XX:AdaptiveSizePolicyWeight=90 -Dsun.zip.disableMemoryMapping=true -Xmx1G -Xms100m -Xlog:disable -javaagent:c:\Users\palak\.vscode\extensions\redhat.java-1.40.0-win32-x64\lombok\lombok-1.18.36.jar -XX:+HeapDumpOnOutOfMemoryError -XX:HeapDumpPath=c:\Users\palak\AppData\Roaming\Code\User\workspaceStorage\632f04cdbe9e26a6a5769c745b0508de\redhat.java -Daether.dependencyCollector.impl=bf 
java_command: c:\Users\palak\.vscode\extensions\redhat.java-1.40.0-win32-x64\server\plugins\org.eclipse.equinox.launcher_1.6.1000.v20250131-0606.jar -configuration c:\Users\palak\AppData\Roaming\Code\User\globalStorage\redhat.java\1.40.0\config_win -data c:\Users\palak\AppData\Roaming\Code\User\workspaceStorage\632f04cdbe9e26a6a5769c745b0508de\redhat.java\jdt_ws --pipe=\\.\pipe\lsp-808bcfe78e61f302ea5fb7e7406b634a-sock
java_class_path (initial): c:\Users\palak\.vscode\extensions\redhat.java-1.40.0-win32-x64\server\plugins\org.eclipse.equinox.launcher_1.6.1000.v20250131-0606.jar
Launcher Type: SUN_STANDARD

[Global flags]
    uintx AdaptiveSizePolicyWeight                 = 90                                        {product} {command line}
     intx CICompilerCount                          = 3                                         {product} {ergonomic}
    uintx GCTimeRatio                              = 4                                         {product} {command line}
     bool HeapDumpOnOutOfMemoryError               = true                                   {manageable} {command line}
    ccstr HeapDumpPath                             = c:\Users\palak\AppData\Roaming\Code\User\workspaceStorage\632f04cdbe9e26a6a5769c745b0508de\redhat.java         {manageable} {command line}
   size_t InitialHeapSize                          = 104857600                                 {product} {command line}
   size_t MaxHeapSize                              = 1073741824                                {product} {command line}
   size_t MaxNewSize                               = 357564416                                 {product} {ergonomic}
   size_t MinHeapDeltaBytes                        = 524288                                    {product} {ergonomic}
   size_t MinHeapSize                              = 104857600                                 {product} {command line}
   size_t NewSize                                  = 34603008                                  {product} {ergonomic}
    uintx NonNMethodCodeHeapSize                   = 5832780                                {pd product} {ergonomic}
    uintx NonProfiledCodeHeapSize                  = 122912730                              {pd product} {ergonomic}
   size_t OldSize                                  = 70254592                                  {product} {ergonomic}
    uintx ProfiledCodeHeapSize                     = 122912730                              {pd product} {ergonomic}
    uintx ReservedCodeCacheSize                    = 251658240                              {pd product} {ergonomic}
     bool SegmentedCodeCache                       = true                                      {product} {ergonomic}
   size_t SoftMaxHeapSize                          = 1073741824                             {manageable} {ergonomic}
     bool UseCompressedOops                        = true                           {product lp64_product} {ergonomic}
     bool UseLargePagesIndividualAllocation        = false                                  {pd product} {ergonomic}
     bool UseParallelGC                            = true                                      {product} {command line}

Logging:
Log output configuration:
 #0: stdout all=off uptime,level,tags foldmultilines=false
 #1: stderr all=off uptime,level,tags foldmultilines=false

Environment Variables:
JAVA_HOME=C:\Users\palak\Downloads\java-21-openjdk-21.0.1.0.12-3.win.jdk.x86_64\java-21-openjdk-21.0.1.0.12-3.win.jdk.x86_64
PATH=C:\Program Files (x86)\Common Files\Oracle\Java\java8path;C:\Program Files (x86)\Common Files\Oracle\Java\javapath;C:\WINDOWS\system32;C:\WINDOWS;C:\WINDOWS\System32\Wbem;C:\WINDOWS\System32\WindowsPowerShell\v1.0\;C:\WINDOWS\System32\OpenSSH\;C:\Users\palak\Downloads\java-21-openjdk-21.0.1.0.12-3.win.jdk.x86_64\java-21-openjdk-21.0.1.0.12-3.win.jdk.x86_64\bin;C:\Users\palak\Downloads\apache-maven-3.9.8-bin\bin;c:\users\palak\appdata\local\packages\pythonsoftwarefoundation.python.3.11_qbz5n2kfra8p0\localcache\local-packages\python311\site-packages;C:\ProgramData\chocolatey\bin;C:\Program Files\nodejs\;C:\Users\palak\AppData\Local\Programs\Python\Python312\Scripts;C:\Program Files\Git\cmd;C:\Users\palak\Downloads\flutter_windows_3.27.3-stable\flutter\bin;C:\Users\palak\AppData\Local\Android\Sdk\cmdline-tools\latest\bin;C:\Users\palak\AppData\Local\Android\Sdk\platform-tools;C:\ffmpeg;C:\Program Files\MongoDB\Server\8.0\bin;C:\Users\palak\AppData\Local\Programs\Python\Python313\Scripts\;C:\Users\palak\AppData\Local\Programs\Python\Python313\;C:\Users\palak\AppData\Local\Programs\Python\Python312\Scripts\;C:\Users\palak\AppData\Local\Programs\Python\Python312\;C:\Users\palak\AppData\Local\Programs\Python\Launcher\;C:\Program Files\MySQL\MySQL Shell 8.0\bin\;C:\Users\palak\AppData\Local\Microsoft\WindowsApps;C:\Users\palak\AppData\Local\Programs\Microsoft VS Code\bin;C:\Program Files\JetBrains\IntelliJ IDEA Community Edition 2023.3.3\bin;C:\Users\palak\AppData\Local\JetBrains\CLion 2023.3.4\bin;C:\Program Files\JetBrains\PyCharm 2024.1.2\bin;C:\Program Files\JetBrains\PyCharm Community Edition 2024.1.4\bin;C:\Users\palak\AppData\Local\JetBrains\Toolbox\scripts;C:\Users\palak\AppData\Roaming\npm;C:\Users\palak\AppData\Local\GitHubDesktop\bin;C:\Users\palak\AppData\Local\Microsoft\WindowsApps;
USERNAME=palak
OS=Windows_NT
PROCESSOR_IDENTIFIER=AMD64 Family 23 Model 24 Stepping 1, AuthenticAMD
TMP=C:\Users\palak\AppData\Local\Temp
TEMP=C:\Users\palak\AppData\Local\Temp




Periodic native trim disabled

---------------  S Y S T E M  ---------------

OS:
 Windows 11 , 64 bit Build 26100 (10.0.26100.3323)
OS uptime: 0 days 1:24 hours

CPU: total 4 (initial active 4) (4 cores per cpu, 2 threads per core) family 23 model 24 stepping 1 microcode 0x8108109, cx8, cmov, fxsr, ht, mmx, 3dnowpref, sse, sse2, sse3, ssse3, sse4a, sse4.1, sse4.2, popcnt, lzcnt, tsc, tscinvbit, avx, avx2, aes, clmul, bmi1, bmi2, adx, sha, fma, vzeroupper, clflush, clflushopt, rdtscp, f16c
Processor Information for the first 4 processors :
  Max Mhz: 2600, Current Mhz: 2600, Mhz Limit: 2600

Memory: 4k page, system-wide physical 6086M (709M free)
TotalPageFile size 14278M (AvailPageFile size 0M)
current process WorkingSet (physical memory assigned to process): 640M, peak: 1052M
current process commit charge ("private bytes"): 598M, peak: 948M

vm_info: OpenJDK 64-Bit Server VM (21.0.6+7-LTS) for windows-amd64 JRE (21.0.6+7-LTS), built on 2025-01-21T00:00:00Z by "admin" with MS VC++ 17.7 (VS2022)

END.
