#
# There is insufficient memory for the Java Runtime Environment to continue.
# Native memory allocation (malloc) failed to allocate 167056 bytes. Error detail: Chunk::new
# Possible reasons:
#   The system is out of physical RAM or swap space
#   This process is running with CompressedOops enabled, and the Java Heap may be blocking the growth of the native heap
# Possible solutions:
#   Reduce memory load on the system
#   Increase physical memory or swap space
#   Check if swap backing store is full
#   Decrease Java heap size (-Xmx/-Xms)
#   Decrease number of Java threads
#   Decrease Java thread stack sizes (-Xss)
#   Set larger code cache with -XX:ReservedCodeCacheSize=
#   JVM is running with Unscaled Compressed Oops mode in which the Java heap is
#     placed in the first 4GB address space. The Java Heap base address is the
#     maximum limit for the native heap growth. Please use -XX:HeapBaseMinAddress
#     to set the Java Heap base and to place the Java Heap above 4GB virtual address.
# This output file may be truncated or incomplete.
#
#  Out of Memory Error (arena.cpp:168), pid=4976, tid=18040
#
# JRE version: OpenJDK Runtime Environment Temurin-21.0.6+7 (21.0.6+7) (build 21.0.6+7-LTS)
# Java VM: OpenJDK 64-Bit Server VM Temurin-21.0.6+7 (21.0.6+7-LTS, mixed mode, sharing, tiered, compressed oops, compressed class ptrs, parallel gc, windows-amd64)
# No core dump will be written. Minidumps are not enabled by default on client versions of Windows
#

---------------  S U M M A R Y ------------

Command Line: --add-modules=ALL-SYSTEM --add-opens=java.base/java.util=ALL-UNNAMED --add-opens=java.base/java.lang=ALL-UNNAMED --add-opens=java.base/sun.nio.fs=ALL-UNNAMED -Declipse.application=org.eclipse.jdt.ls.core.id1 -Dosgi.bundles.defaultStartLevel=4 -Declipse.product=org.eclipse.jdt.ls.core.product -Djava.import.generatesMetadataFilesAtProjectRoot=false -DDetectVMInstallationsJob.disabled=true -Dfile.encoding=utf8 -XX:+UseParallelGC -XX:GCTimeRatio=4 -XX:AdaptiveSizePolicyWeight=90 -Dsun.zip.disableMemoryMapping=true -Xmx1G -Xms100m -Xlog:disable -javaagent:c:\Users\palak\.vscode\extensions\redhat.java-1.40.0-win32-x64\lombok\lombok-1.18.36.jar -XX:+HeapDumpOnOutOfMemoryError -XX:HeapDumpPath=c:\Users\palak\AppData\Roaming\Code\User\workspaceStorage\ee148990e97456275c543846b0f27411\redhat.java -Daether.dependencyCollector.impl=bf c:\Users\palak\.vscode\extensions\redhat.java-1.40.0-win32-x64\server\plugins\org.eclipse.equinox.launcher_1.6.1000.v20250131-0606.jar -configuration c:\Users\palak\AppData\Roaming\Code\User\globalStorage\redhat.java\1.40.0\config_win -data c:\Users\palak\AppData\Roaming\Code\User\workspaceStorage\ee148990e97456275c543846b0f27411\redhat.java\jdt_ws --pipe=\\.\pipe\lsp-d6ad5e20d34ff94442e11b9fab1bbf4a-sock

Host: AMD Ryzen 3 3250U with Radeon Graphics         , 4 cores, 5G,  Windows 11 , 64 bit Build 26100 (10.0.26100.3037)
Time: Sun Mar  9 19:11:43 2025 India Standard Time elapsed time: 2.553114 seconds (0d 0h 0m 2s)

---------------  T H R E A D  ---------------

Current thread (0x0000020a7b6b1c40):  JavaThread "C2 CompilerThread0" daemon [_thread_in_native, id=18040, stack(0x000000aa88e00000,0x000000aa88f00000) (1024K)]


Current CompileTask:
C2:2553  509 %     4       java.lang.StringLatin1::replace @ 13 (198 bytes)

Stack: [0x000000aa88e00000,0x000000aa88f00000]
Native frames: (J=compiled Java code, j=interpreted, Vv=VM code, C=native code)
V  [jvm.dll+0x6cdee9]
V  [jvm.dll+0x8a83d1]
V  [jvm.dll+0x8aa8fe]
V  [jvm.dll+0x8aafe3]
V  [jvm.dll+0x27f706]
V  [jvm.dll+0xc500d]
V  [jvm.dll+0xc5543]
V  [jvm.dll+0x2f2acd]
V  [jvm.dll+0x5f6a2a]
V  [jvm.dll+0x250bb2]
V  [jvm.dll+0x250f6f]
V  [jvm.dll+0x249834]
V  [jvm.dll+0x246ec4]
V  [jvm.dll+0x1c75ee]
V  [jvm.dll+0x25685a]
V  [jvm.dll+0x254dfa]
V  [jvm.dll+0x3f0256]
V  [jvm.dll+0x851f8b]
V  [jvm.dll+0x6cc5ed]
C  [ucrtbase.dll+0x37b0]
C  [KERNEL32.DLL+0x2e8d7]
C  [ntdll.dll+0xbbf2c]


---------------  P R O C E S S  ---------------

Threads class SMR info:
_java_thread_list=0x0000020a7c45aa20, length=10, elements={
0x0000020a76370600, 0x0000020a7642c260, 0x0000020a7642e860, 0x0000020a7b6a3250,
0x0000020a7b6a3ea0, 0x0000020a7b6a6180, 0x0000020a7b6ad770, 0x0000020a7b6b1c40,
0x0000020a7b7207b0, 0x0000020a7c44c060
}

Java Threads: ( => current thread )
  0x0000020a76370600 JavaThread "main"                              [_thread_in_Java, id=12748, stack(0x000000aa88400000,0x000000aa88500000) (1024K)]
  0x0000020a7642c260 JavaThread "Reference Handler"          daemon [_thread_blocked, id=12032, stack(0x000000aa88800000,0x000000aa88900000) (1024K)]
  0x0000020a7642e860 JavaThread "Finalizer"                  daemon [_thread_blocked, id=10372, stack(0x000000aa88900000,0x000000aa88a00000) (1024K)]
  0x0000020a7b6a3250 JavaThread "Signal Dispatcher"          daemon [_thread_blocked, id=11372, stack(0x000000aa88a00000,0x000000aa88b00000) (1024K)]
  0x0000020a7b6a3ea0 JavaThread "Attach Listener"            daemon [_thread_blocked, id=10888, stack(0x000000aa88b00000,0x000000aa88c00000) (1024K)]
  0x0000020a7b6a6180 JavaThread "Service Thread"             daemon [_thread_blocked, id=6972, stack(0x000000aa88c00000,0x000000aa88d00000) (1024K)]
  0x0000020a7b6ad770 JavaThread "Monitor Deflation Thread"   daemon [_thread_blocked, id=18732, stack(0x000000aa88d00000,0x000000aa88e00000) (1024K)]
=>0x0000020a7b6b1c40 JavaThread "C2 CompilerThread0"         daemon [_thread_in_native, id=18040, stack(0x000000aa88e00000,0x000000aa88f00000) (1024K)]
  0x0000020a7b7207b0 JavaThread "C1 CompilerThread0"         daemon [_thread_blocked, id=10104, stack(0x000000aa88f00000,0x000000aa89000000) (1024K)]
  0x0000020a7c44c060 JavaThread "Common-Cleaner"             daemon [_thread_blocked, id=19328, stack(0x000000aa89000000,0x000000aa89100000) (1024K)]
Total: 10

Other Threads:
  0x0000020a7b69f030 VMThread "VM Thread"                           [id=15012, stack(0x000000aa88700000,0x000000aa88800000) (1024K)]
  0x0000020a7b63ca10 WatcherThread "VM Periodic Task Thread"        [id=6828, stack(0x000000aa88600000,0x000000aa88700000) (1024K)]
  0x0000020a7638e9a0 WorkerThread "GC Thread#0"                     [id=11648, stack(0x000000aa88500000,0x000000aa88600000) (1024K)]
Total: 3

Threads with active compile tasks:
C2 CompilerThread0  2604  509 %     4       java.lang.StringLatin1::replace @ 13 (198 bytes)
Total: 1

VM state: not at safepoint (normal execution)

VM Mutex/Monitor currently owned by a thread: None

Heap address: 0x00000000c0000000, size: 1024 MB, Compressed Oops mode: 32-bit

CDS archive(s) mapped at: [0x0000020a0f000000-0x0000020a0fba0000-0x0000020a0fba0000), size 12189696, SharedBaseAddress: 0x0000020a0f000000, ArchiveRelocationMode: 1.
Compressed class space mapped at: 0x0000020a10000000-0x0000020a50000000, reserved size: 1073741824
Narrow klass base: 0x0000020a0f000000, Narrow klass shift: 0, Narrow klass range: 0x100000000

GC Precious Log:
 CardTable entry size: 512
 CPUs: 4 total, 4 available
 Memory: 6086M
 Large Page Support: Disabled
 NUMA Support: Disabled
 Compressed Oops: Enabled (32-bit)
 Alignments: Space 512K, Generation 512K, Heap 2M
 Heap Min Capacity: 100M
 Heap Initial Capacity: 100M
 Heap Max Capacity: 1G
 Pre-touch: Disabled
 Parallel Workers: 4

Heap:
 PSYoungGen      total 29696K, used 9751K [0x00000000eab00000, 0x00000000ecc00000, 0x0000000100000000)
  eden space 25600K, 38% used [0x00000000eab00000,0x00000000eb485c98,0x00000000ec400000)
  from space 4096K, 0% used [0x00000000ec800000,0x00000000ec800000,0x00000000ecc00000)
  to   space 4096K, 0% used [0x00000000ec400000,0x00000000ec400000,0x00000000ec800000)
 ParOldGen       total 68608K, used 0K [0x00000000c0000000, 0x00000000c4300000, 0x00000000eab00000)
  object space 68608K, 0% used [0x00000000c0000000,0x00000000c0000000,0x00000000c4300000)
 Metaspace       used 1089K, committed 1280K, reserved 1114112K
  class space    used 95K, committed 192K, reserved 1048576K

Card table byte_map: [0x0000020a75d10000,0x0000020a75f20000] _byte_map_base: 0x0000020a75710000

Marking Bits: (ParMarkBitMap*) 0x00007ffd6fc43260
 Begin Bits: [0x0000020a79560000, 0x0000020a7a560000)
 End Bits:   [0x0000020a7a560000, 0x0000020a7b560000)

Polling page: 0x0000020a75920000

Metaspace:

Usage:
  Non-class:    993.81 KB used.
      Class:     95.22 KB used.
       Both:      1.06 MB used.

Virtual space:
  Non-class space:       64.00 MB reserved,       1.06 MB (  2%) committed,  1 nodes.
      Class space:        1.00 GB reserved,     192.00 KB ( <1%) committed,  1 nodes.
             Both:        1.06 GB reserved,       1.25 MB ( <1%) committed. 

Chunk freelists:
   Non-Class:  11.67 MB
       Class:  15.67 MB
        Both:  27.34 MB

MaxMetaspaceSize: unlimited
CompressedClassSpaceSize: 1.00 GB
Initial GC threshold: 21.00 MB
Current GC threshold: 21.00 MB
CDS: on
 - commit_granule_bytes: 65536.
 - commit_granule_words: 8192.
 - virtual_space_node_default_size: 8388608.
 - enlarge_chunks_in_place: 1.
 - use_allocation_guard: 0.


Internal statistics:

num_allocs_failed_limit: 0.
num_arena_births: 74.
num_arena_deaths: 0.
num_vsnodes_births: 2.
num_vsnodes_deaths: 0.
num_space_committed: 20.
num_space_uncommitted: 0.
num_chunks_returned_to_freelist: 0.
num_chunks_taken_from_freelist: 96.
num_chunk_merges: 0.
num_chunk_splits: 66.
num_chunks_enlarged: 42.
num_inconsistent_stats: 0.

CodeHeap 'non-profiled nmethods': size=120000Kb used=173Kb max_used=173Kb free=119826Kb
 bounds [0x0000020a07ad0000, 0x0000020a07d40000, 0x0000020a0f000000]
CodeHeap 'profiled nmethods': size=120000Kb used=742Kb max_used=742Kb free=119257Kb
 bounds [0x0000020a00000000, 0x0000020a00270000, 0x0000020a07530000]
CodeHeap 'non-nmethods': size=5760Kb used=1147Kb max_used=1162Kb free=4612Kb
 bounds [0x0000020a07530000, 0x0000020a077a0000, 0x0000020a07ad0000]
 total_blobs=925 nmethods=529 adapters=303
 compilation: enabled
              stopped_count=0, restarted_count=0
 full_count=0

Compilation events (20 events):
Event: 2.449 Thread 0x0000020a7b7207b0 nmethod 500 0x0000020a000aa410 code [0x0000020a000aa720, 0x0000020a000aba70]
Event: 2.455 Thread 0x0000020a7b7207b0  501   !   3       jdk.internal.loader.BuiltinClassLoader$2::run (114 bytes)
Event: 2.456 Thread 0x0000020a7b7207b0 nmethod 501 0x0000020a000ac110 code [0x0000020a000ac3c0, 0x0000020a000ad180]
Event: 2.456 Thread 0x0000020a7b7207b0  502       1       java.util.Collections$EmptyList::isEmpty (2 bytes)
Event: 2.456 Thread 0x0000020a7b7207b0 nmethod 502 0x0000020a07af9990 code [0x0000020a07af9b20, 0x0000020a07af9be8]
Event: 2.457 Thread 0x0000020a7b7207b0  503       1       java.net.URL::getAuthority (5 bytes)
Event: 2.457 Thread 0x0000020a7b7207b0 nmethod 503 0x0000020a07af9c90 code [0x0000020a07af9e20, 0x0000020a07af9ee8]
Event: 2.457 Thread 0x0000020a7b7207b0  504       1       java.net.URL::getPath (5 bytes)
Event: 2.457 Thread 0x0000020a7b7207b0 nmethod 504 0x0000020a07af9f90 code [0x0000020a07afa120, 0x0000020a07afa1e8]
Event: 2.457 Thread 0x0000020a7b7207b0  505       1       java.net.URL::getQuery (5 bytes)
Event: 2.457 Thread 0x0000020a7b7207b0 nmethod 505 0x0000020a07afa290 code [0x0000020a07afa420, 0x0000020a07afa4e8]
Event: 2.473 Thread 0x0000020a7b7207b0  506       3       java.lang.ClassLoader::getResource (41 bytes)
Event: 2.474 Thread 0x0000020a7b7207b0 nmethod 506 0x0000020a000ad690 code [0x0000020a000ad8a0, 0x0000020a000ade98]
Event: 2.490 Thread 0x0000020a7b7207b0  507       3       java.io.FileSystem::hasBooleanAttributes (17 bytes)
Event: 2.490 Thread 0x0000020a7b7207b0 nmethod 507 0x0000020a000ae090 code [0x0000020a000ae240, 0x0000020a000ae3f0]
Event: 2.499 Thread 0x0000020a7b7207b0  508   !   3       java.io.WinNTFileSystem::resolve (362 bytes)
Event: 2.499 Thread 0x0000020a7b6b1c40  509 %     4       java.lang.StringLatin1::replace @ 13 (198 bytes)
Event: 2.504 Thread 0x0000020a7b7207b0 nmethod 508 0x0000020a000ae490 code [0x0000020a000aec40, 0x0000020a000b2538]
Event: 2.507 Thread 0x0000020a7b7207b0  511       1       java.net.URL::getUserInfo (5 bytes)
Event: 2.507 Thread 0x0000020a7b7207b0 nmethod 511 0x0000020a07afa990 code [0x0000020a07afab20, 0x0000020a07afabe8]

GC Heap History (0 events):
No events

Dll operation events (8 events):
Event: 0.047 Loaded shared library c:\Users\palak\.vscode\extensions\redhat.java-1.40.0-win32-x64\jre\21.0.6-win32-x86_64\bin\java.dll
Event: 1.246 Loaded shared library c:\Users\palak\.vscode\extensions\redhat.java-1.40.0-win32-x64\jre\21.0.6-win32-x86_64\bin\zip.dll
Event: 1.623 Loaded shared library C:\Users\palak\.vscode\extensions\redhat.java-1.40.0-win32-x64\jre\21.0.6-win32-x86_64\bin\instrument.dll
Event: 1.675 Loaded shared library C:\Users\palak\.vscode\extensions\redhat.java-1.40.0-win32-x64\jre\21.0.6-win32-x86_64\bin\net.dll
Event: 1.682 Loaded shared library C:\Users\palak\.vscode\extensions\redhat.java-1.40.0-win32-x64\jre\21.0.6-win32-x86_64\bin\nio.dll
Event: 1.690 Loaded shared library C:\Users\palak\.vscode\extensions\redhat.java-1.40.0-win32-x64\jre\21.0.6-win32-x86_64\bin\zip.dll
Event: 1.837 Loaded shared library C:\Users\palak\.vscode\extensions\redhat.java-1.40.0-win32-x64\jre\21.0.6-win32-x86_64\bin\jimage.dll
Event: 2.183 Loaded shared library c:\Users\palak\.vscode\extensions\redhat.java-1.40.0-win32-x64\jre\21.0.6-win32-x86_64\bin\verify.dll

Deoptimization events (12 events):
Event: 1.587 Thread 0x0000020a76370600 Uncommon trap: trap_request=0xffffff45 fr.pc=0x0000020a07adceb0 relative=0x0000000000000670
Event: 1.587 Thread 0x0000020a76370600 Uncommon trap: reason=unstable_if action=reinterpret pc=0x0000020a07adceb0 method=java.util.HashMap.putVal(ILjava/lang/Object;Ljava/lang/Object;ZZ)Ljava/lang/Object; @ 69 c2
Event: 1.587 Thread 0x0000020a76370600 DEOPT PACKING pc=0x0000020a07adceb0 sp=0x000000aa884fefa0
Event: 1.587 Thread 0x0000020a76370600 DEOPT UNPACKING pc=0x0000020a07583aa2 sp=0x000000aa884fef20 mode 2
Event: 1.854 Thread 0x0000020a76370600 DEOPT PACKING pc=0x0000020a000392c9 sp=0x000000aa884fe620
Event: 1.854 Thread 0x0000020a76370600 DEOPT UNPACKING pc=0x0000020a07584242 sp=0x000000aa884fdaa8 mode 0
Event: 2.182 Thread 0x0000020a76370600 Uncommon trap: trap_request=0xffffff45 fr.pc=0x0000020a07af15d8 relative=0x00000000000005f8
Event: 2.182 Thread 0x0000020a76370600 Uncommon trap: reason=unstable_if action=reinterpret pc=0x0000020a07af15d8 method=java.lang.String.<init>([CIILjava/lang/Void;)V @ 5 c2
Event: 2.182 Thread 0x0000020a76370600 DEOPT PACKING pc=0x0000020a07af15d8 sp=0x000000aa884fdbe0
Event: 2.182 Thread 0x0000020a76370600 DEOPT UNPACKING pc=0x0000020a07583aa2 sp=0x000000aa884fda70 mode 2
Event: 2.239 Thread 0x0000020a76370600 DEOPT PACKING pc=0x0000020a00036acc sp=0x000000aa884fcbf0
Event: 2.239 Thread 0x0000020a76370600 DEOPT UNPACKING pc=0x0000020a07584242 sp=0x000000aa884fc010 mode 0

Classes loaded (20 events):
Event: 2.038 Loading class java/lang/invoke/BoundMethodHandle$Species_LI
Event: 2.038 Loading class java/lang/invoke/BoundMethodHandle$Species_LI done
Event: 2.190 Loading class java/lang/IllegalAccessException
Event: 2.190 Loading class java/lang/IllegalAccessException done
Event: 2.199 Loading class java/lang/IllegalStateException
Event: 2.199 Loading class java/lang/IllegalStateException done
Event: 2.219 Loading class java/lang/instrument/ClassFileTransformer
Event: 2.219 Loading class java/lang/instrument/ClassFileTransformer done
Event: 2.224 Loading class java/lang/UnsupportedOperationException
Event: 2.224 Loading class java/lang/UnsupportedOperationException done
Event: 2.247 Loading class java/lang/instrument/UnmodifiableClassException
Event: 2.247 Loading class java/lang/instrument/UnmodifiableClassException done
Event: 2.247 Loading class java/lang/instrument/ClassDefinition
Event: 2.247 Loading class java/lang/instrument/ClassDefinition done
Event: 2.286 Loading class java/lang/invoke/WrongMethodTypeException
Event: 2.286 Loading class java/lang/invoke/WrongMethodTypeException done
Event: 2.334 Loading class java/util/regex/Pattern$Loop
Event: 2.334 Loading class java/util/regex/Pattern$Loop done
Event: 2.334 Loading class java/util/regex/Pattern$Prolog
Event: 2.335 Loading class java/util/regex/Pattern$Prolog done

Classes unloaded (0 events):
No events

Classes redefined (0 events):
No events

Internal exceptions (11 events):
Event: 1.238 Thread 0x0000020a76370600 Exception <a 'java/lang/NoSuchMethodError'{0x00000000ead2a470}: 'void java.lang.invoke.DirectMethodHandle$Holder.invokeStatic(java.lang.Object, java.lang.Object, java.lang.Object)'> (0x00000000ead2a470) 
thrown [s\src\hotspot\share\interpreter\linkResolver.cpp, line 773]
Event: 1.822 Thread 0x0000020a76370600 Exception <a 'java/lang/NoSuchMethodError'{0x00000000eae937d8}: 'java.lang.Object java.lang.invoke.Invokers$Holder.invokeExact_MT(java.lang.Object, java.lang.Object, java.lang.Object, java.lang.Object, java.lang.Object)'> (0x00000000eae937d8) 
thrown [s\src\hotspot\share\interpreter\linkResolver.cpp, line 773]
Event: 2.038 Thread 0x0000020a76370600 Exception <a 'java/lang/NoSuchMethodError'{0x00000000eaf4c008}: 'int java.lang.invoke.DirectMethodHandle$Holder.invokeSpecial(java.lang.Object, java.lang.Object, java.lang.Object, int)'> (0x00000000eaf4c008) 
thrown [s\src\hotspot\share\interpreter\linkResolver.cpp, line 773]
Event: 2.041 Thread 0x0000020a76370600 Exception <a 'java/lang/NoSuchMethodError'{0x00000000eaf5e9f0}: 'java.lang.Object java.lang.invoke.DirectMethodHandle$Holder.invokeStatic(java.lang.Object, java.lang.Object, java.lang.Object, java.lang.Object, int)'> (0x00000000eaf5e9f0) 
thrown [s\src\hotspot\share\interpreter\linkResolver.cpp, line 773]
Event: 2.046 Thread 0x0000020a76370600 Exception <a 'java/lang/NoSuchMethodError'{0x00000000eaf69e30}: 'void java.lang.invoke.DelegatingMethodHandle$Holder.reinvoke_L(java.lang.Object, java.lang.Object, java.lang.Object, int, java.lang.Object)'> (0x00000000eaf69e30) 
thrown [s\src\hotspot\share\interpreter\linkResolver.cpp, line 773]
Event: 2.051 Thread 0x0000020a76370600 Exception <a 'java/lang/NoSuchMethodError'{0x00000000eaf7a780}: 'int java.lang.invoke.DirectMethodHandle$Holder.invokeSpecial(java.lang.Object, java.lang.Object, java.lang.Object)'> (0x00000000eaf7a780) 
thrown [s\src\hotspot\share\interpreter\linkResolver.cpp, line 773]
Event: 2.054 Thread 0x0000020a76370600 Exception <a 'java/lang/NoSuchMethodError'{0x00000000eaf86440}: 'java.lang.Object java.lang.invoke.DirectMethodHandle$Holder.invokeStatic(java.lang.Object, java.lang.Object, int)'> (0x00000000eaf86440) 
thrown [s\src\hotspot\share\interpreter\linkResolver.cpp, line 773]
Event: 2.055 Thread 0x0000020a76370600 Exception <a 'java/lang/NoSuchMethodError'{0x00000000eaf8ad90}: 'void java.lang.invoke.DirectMethodHandle$Holder.invokeStatic(java.lang.Object, java.lang.Object, int, java.lang.Object)'> (0x00000000eaf8ad90) 
thrown [s\src\hotspot\share\interpreter\linkResolver.cpp, line 773]
Event: 2.056 Thread 0x0000020a76370600 Exception <a 'java/lang/NoSuchMethodError'{0x00000000eaf8e920}: 'void java.lang.invoke.DirectMethodHandle$Holder.invokeSpecial(java.lang.Object, java.lang.Object, java.lang.Object, int, java.lang.Object)'> (0x00000000eaf8e920) 
thrown [s\src\hotspot\share\interpreter\linkResolver.cpp, line 773]
Event: 2.057 Thread 0x0000020a76370600 Exception <a 'java/lang/NoSuchMethodError'{0x00000000eaf91d90}: 'void java.lang.invoke.DelegatingMethodHandle$Holder.delegate(java.lang.Object, java.lang.Object, int, java.lang.Object)'> (0x00000000eaf91d90) 
thrown [s\src\hotspot\share\interpreter\linkResolver.cpp, line 773]
Event: 2.251 Thread 0x0000020a76370600 Exception <a 'java/lang/NoSuchMethodError'{0x00000000eb14e890}: 'void java.lang.invoke.DelegatingMethodHandle$Holder.reinvoke_L(java.lang.Object, java.lang.Object, java.lang.Object, int)'> (0x00000000eb14e890) 
thrown [s\src\hotspot\share\interpreter\linkResolver.cpp, line 773]

ZGC Phase Switch (0 events):
No events

VM Operations (6 events):
Event: 1.131 Executing VM operation: Cleanup
Event: 1.224 Executing VM operation: Cleanup done
Event: 1.244 Executing VM operation: HandshakeAllThreads (Deoptimize)
Event: 1.244 Executing VM operation: HandshakeAllThreads (Deoptimize) done
Event: 1.947 Executing VM operation: HandshakeAllThreads (Deoptimize)
Event: 1.947 Executing VM operation: HandshakeAllThreads (Deoptimize) done

Memory protections (0 events):
No events

Nmethod flushes (0 events):
No events

Events (10 events):
Event: 0.087 Thread 0x0000020a76370600 Thread added: 0x0000020a76370600
Event: 0.188 Thread 0x0000020a76370600 Thread added: 0x0000020a7642c260
Event: 0.201 Thread 0x0000020a76370600 Thread added: 0x0000020a7642e860
Event: 0.209 Thread 0x0000020a76370600 Thread added: 0x0000020a7b6a3250
Event: 0.218 Thread 0x0000020a76370600 Thread added: 0x0000020a7b6a3ea0
Event: 0.226 Thread 0x0000020a76370600 Thread added: 0x0000020a7b6a6180
Event: 0.236 Thread 0x0000020a76370600 Thread added: 0x0000020a7b6ad770
Event: 0.263 Thread 0x0000020a76370600 Thread added: 0x0000020a7b6b1c40
Event: 0.318 Thread 0x0000020a76370600 Thread added: 0x0000020a7b7207b0
Event: 0.959 Thread 0x0000020a76370600 Thread added: 0x0000020a7c44c060


Dynamic libraries:
0x00007ff6fd1d0000 - 0x00007ff6fd1de000 	c:\Users\palak\.vscode\extensions\redhat.java-1.40.0-win32-x64\jre\21.0.6-win32-x86_64\bin\java.exe
0x00007ffdc3160000 - 0x00007ffdc33c3000 	C:\WINDOWS\SYSTEM32\ntdll.dll
0x00007ffdc2430000 - 0x00007ffdc24f7000 	C:\WINDOWS\System32\KERNEL32.DLL
0x00007ffdc0640000 - 0x00007ffdc0a07000 	C:\WINDOWS\System32\KERNELBASE.dll
0x00007ffdc0db0000 - 0x00007ffdc0efc000 	C:\WINDOWS\System32\ucrtbase.dll
0x00007ffd9cf70000 - 0x00007ffd9cf88000 	c:\Users\palak\.vscode\extensions\redhat.java-1.40.0-win32-x64\jre\21.0.6-win32-x86_64\bin\jli.dll
0x00007ffdc15b0000 - 0x00007ffdc1779000 	C:\WINDOWS\System32\USER32.dll
0x00007ffdc0a10000 - 0x00007ffdc0a37000 	C:\WINDOWS\System32\win32u.dll
0x00007ffdc2f50000 - 0x00007ffdc2f7a000 	C:\WINDOWS\System32\GDI32.dll
0x00007ffdc0b00000 - 0x00007ffdc0c2b000 	C:\WINDOWS\System32\gdi32full.dll
0x00007ffdc0500000 - 0x00007ffdc05a3000 	C:\WINDOWS\System32\msvcp_win.dll
0x00007ffd90010000 - 0x00007ffd9002e000 	c:\Users\palak\.vscode\extensions\redhat.java-1.40.0-win32-x64\jre\21.0.6-win32-x86_64\bin\VCRUNTIME140.dll
0x00007ffdb0c70000 - 0x00007ffdb0f00000 	C:\WINDOWS\WinSxS\amd64_microsoft.windows.common-controls_6595b64144ccf1df_6.0.26100.3037_none_3e09262ce333c378\COMCTL32.dll
0x00007ffdc0fa0000 - 0x00007ffdc1049000 	C:\WINDOWS\System32\msvcrt.dll
0x00007ffdc2f10000 - 0x00007ffdc2f3f000 	C:\WINDOWS\System32\IMM32.DLL
0x00007ffdb1ec0000 - 0x00007ffdb1ecc000 	c:\Users\palak\.vscode\extensions\redhat.java-1.40.0-win32-x64\jre\21.0.6-win32-x86_64\bin\vcruntime140_1.dll
0x00007ffd7c7f0000 - 0x00007ffd7c87d000 	c:\Users\palak\.vscode\extensions\redhat.java-1.40.0-win32-x64\jre\21.0.6-win32-x86_64\bin\msvcp140.dll
0x00007ffd6ef90000 - 0x00007ffd6fd20000 	c:\Users\palak\.vscode\extensions\redhat.java-1.40.0-win32-x64\jre\21.0.6-win32-x86_64\bin\server\jvm.dll
0x00007ffdc2500000 - 0x00007ffdc25b4000 	C:\WINDOWS\System32\ADVAPI32.dll
0x00007ffdc1a40000 - 0x00007ffdc1ae6000 	C:\WINDOWS\System32\sechost.dll
0x00007ffdc3000000 - 0x00007ffdc3116000 	C:\WINDOWS\System32\RPCRT4.dll
0x00007ffdc2750000 - 0x00007ffdc27c4000 	C:\WINDOWS\System32\WS2_32.dll
0x00007ffdc0390000 - 0x00007ffdc03de000 	C:\WINDOWS\SYSTEM32\POWRPROF.dll
0x00007ffdba690000 - 0x00007ffdba6c6000 	C:\WINDOWS\SYSTEM32\WINMM.dll
0x00007ffdba6d0000 - 0x00007ffdba6db000 	C:\WINDOWS\SYSTEM32\VERSION.dll
0x00007ffdc0370000 - 0x00007ffdc0384000 	C:\WINDOWS\SYSTEM32\UMPDC.dll
0x00007ffdbf330000 - 0x00007ffdbf34a000 	C:\WINDOWS\SYSTEM32\kernel.appcore.dll
0x00007ffdae760000 - 0x00007ffdae76a000 	c:\Users\palak\.vscode\extensions\redhat.java-1.40.0-win32-x64\jre\21.0.6-win32-x86_64\bin\jimage.dll
0x00007ffdaeb10000 - 0x00007ffdaed51000 	C:\WINDOWS\SYSTEM32\DBGHELP.DLL
0x00007ffdc1220000 - 0x00007ffdc159e000 	C:\WINDOWS\System32\combase.dll
0x00007ffdc18d0000 - 0x00007ffdc19a6000 	C:\WINDOWS\System32\OLEAUT32.dll
0x00007ffd9d600000 - 0x00007ffd9d639000 	C:\WINDOWS\SYSTEM32\dbgcore.DLL
0x00007ffdc0f00000 - 0x00007ffdc0f99000 	C:\WINDOWS\System32\bcryptPrimitives.dll
0x00007ffdada00000 - 0x00007ffdada0f000 	c:\Users\palak\.vscode\extensions\redhat.java-1.40.0-win32-x64\jre\21.0.6-win32-x86_64\bin\instrument.dll
0x00007ffd8ef40000 - 0x00007ffd8ef5f000 	c:\Users\palak\.vscode\extensions\redhat.java-1.40.0-win32-x64\jre\21.0.6-win32-x86_64\bin\java.dll
0x00007ffdc1c40000 - 0x00007ffdc2344000 	C:\WINDOWS\System32\SHELL32.dll
0x00007ffdbe200000 - 0x00007ffdbea37000 	C:\WINDOWS\SYSTEM32\windows.storage.dll
0x00007ffdc1b00000 - 0x00007ffdc1be9000 	C:\WINDOWS\System32\SHCORE.dll
0x00007ffdc1780000 - 0x00007ffdc17dd000 	C:\WINDOWS\System32\shlwapi.dll
0x00007ffdc0410000 - 0x00007ffdc043e000 	C:\WINDOWS\SYSTEM32\profapi.dll
0x00007ffd7f460000 - 0x00007ffd7f478000 	c:\Users\palak\.vscode\extensions\redhat.java-1.40.0-win32-x64\jre\21.0.6-win32-x86_64\bin\zip.dll
0x00007ffd98660000 - 0x00007ffd98670000 	C:\Users\palak\.vscode\extensions\redhat.java-1.40.0-win32-x64\jre\21.0.6-win32-x86_64\bin\net.dll
0x00007ffdb6460000 - 0x00007ffdb657e000 	C:\WINDOWS\SYSTEM32\WINHTTP.dll
0x00007ffdbf840000 - 0x00007ffdbf8aa000 	C:\WINDOWS\system32\mswsock.dll
0x00007ffd7ed80000 - 0x00007ffd7ed96000 	C:\Users\palak\.vscode\extensions\redhat.java-1.40.0-win32-x64\jre\21.0.6-win32-x86_64\bin\nio.dll
0x00007ffd945f0000 - 0x00007ffd94600000 	c:\Users\palak\.vscode\extensions\redhat.java-1.40.0-win32-x64\jre\21.0.6-win32-x86_64\bin\verify.dll

dbghelp: loaded successfully - version: 4.0.5 - missing functions: none
symbol engine: initialized successfully - sym options: 0x614 - pdb path: .;c:\Users\palak\.vscode\extensions\redhat.java-1.40.0-win32-x64\jre\21.0.6-win32-x86_64\bin;C:\WINDOWS\SYSTEM32;C:\WINDOWS\WinSxS\amd64_microsoft.windows.common-controls_6595b64144ccf1df_6.0.26100.3037_none_3e09262ce333c378;c:\Users\palak\.vscode\extensions\redhat.java-1.40.0-win32-x64\jre\21.0.6-win32-x86_64\bin\server

VM Arguments:
jvm_args: --add-modules=ALL-SYSTEM --add-opens=java.base/java.util=ALL-UNNAMED --add-opens=java.base/java.lang=ALL-UNNAMED --add-opens=java.base/sun.nio.fs=ALL-UNNAMED -Declipse.application=org.eclipse.jdt.ls.core.id1 -Dosgi.bundles.defaultStartLevel=4 -Declipse.product=org.eclipse.jdt.ls.core.product -Djava.import.generatesMetadataFilesAtProjectRoot=false -DDetectVMInstallationsJob.disabled=true -Dfile.encoding=utf8 -XX:+UseParallelGC -XX:GCTimeRatio=4 -XX:AdaptiveSizePolicyWeight=90 -Dsun.zip.disableMemoryMapping=true -Xmx1G -Xms100m -Xlog:disable -javaagent:c:\Users\palak\.vscode\extensions\redhat.java-1.40.0-win32-x64\lombok\lombok-1.18.36.jar -XX:+HeapDumpOnOutOfMemoryError -XX:HeapDumpPath=c:\Users\palak\AppData\Roaming\Code\User\workspaceStorage\ee148990e97456275c543846b0f27411\redhat.java -Daether.dependencyCollector.impl=bf 
java_command: c:\Users\palak\.vscode\extensions\redhat.java-1.40.0-win32-x64\server\plugins\org.eclipse.equinox.launcher_1.6.1000.v20250131-0606.jar -configuration c:\Users\palak\AppData\Roaming\Code\User\globalStorage\redhat.java\1.40.0\config_win -data c:\Users\palak\AppData\Roaming\Code\User\workspaceStorage\ee148990e97456275c543846b0f27411\redhat.java\jdt_ws --pipe=\\.\pipe\lsp-d6ad5e20d34ff94442e11b9fab1bbf4a-sock
java_class_path (initial): c:\Users\palak\.vscode\extensions\redhat.java-1.40.0-win32-x64\server\plugins\org.eclipse.equinox.launcher_1.6.1000.v20250131-0606.jar
Launcher Type: SUN_STANDARD

[Global flags]
    uintx AdaptiveSizePolicyWeight                 = 90                                        {product} {command line}
     intx CICompilerCount                          = 3                                         {product} {ergonomic}
    uintx GCTimeRatio                              = 4                                         {product} {command line}
     bool HeapDumpOnOutOfMemoryError               = true                                   {manageable} {command line}
    ccstr HeapDumpPath                             = c:\Users\palak\AppData\Roaming\Code\User\workspaceStorage\ee148990e97456275c543846b0f27411\redhat.java         {manageable} {command line}
   size_t InitialHeapSize                          = 104857600                                 {product} {command line}
   size_t MaxHeapSize                              = 1073741824                                {product} {command line}
   size_t MaxNewSize                               = 357564416                                 {product} {ergonomic}
   size_t MinHeapDeltaBytes                        = 524288                                    {product} {ergonomic}
   size_t MinHeapSize                              = 104857600                                 {product} {command line}
   size_t NewSize                                  = 34603008                                  {product} {ergonomic}
    uintx NonNMethodCodeHeapSize                   = 5832780                                {pd product} {ergonomic}
    uintx NonProfiledCodeHeapSize                  = 122912730                              {pd product} {ergonomic}
   size_t OldSize                                  = 70254592                                  {product} {ergonomic}
    uintx ProfiledCodeHeapSize                     = 122912730                              {pd product} {ergonomic}
    uintx ReservedCodeCacheSize                    = 251658240                              {pd product} {ergonomic}
     bool SegmentedCodeCache                       = true                                      {product} {ergonomic}
   size_t SoftMaxHeapSize                          = 1073741824                             {manageable} {ergonomic}
     bool UseCompressedOops                        = true                           {product lp64_product} {ergonomic}
     bool UseLargePagesIndividualAllocation        = false                                  {pd product} {ergonomic}
     bool UseParallelGC                            = true                                      {product} {command line}

Logging:
Log output configuration:
 #0: stdout all=off uptime,level,tags foldmultilines=false
 #1: stderr all=off uptime,level,tags foldmultilines=false

Environment Variables:
JAVA_HOME=C:\Users\palak\Downloads\java-21-openjdk-21.0.1.0.12-3.win.jdk.x86_64\java-21-openjdk-21.0.1.0.12-3.win.jdk.x86_64
PATH=C:\Program Files (x86)\Common Files\Oracle\Java\java8path;C:\Program Files (x86)\Common Files\Oracle\Java\javapath;C:\WINDOWS\system32;C:\WINDOWS;C:\WINDOWS\System32\Wbem;C:\WINDOWS\System32\WindowsPowerShell\v1.0\;C:\WINDOWS\System32\OpenSSH\;C:\Users\palak\Downloads\java-21-openjdk-21.0.1.0.12-3.win.jdk.x86_64\java-21-openjdk-21.0.1.0.12-3.win.jdk.x86_64\bin;C:\Users\palak\Downloads\apache-maven-3.9.8-bin\bin;c:\users\palak\appdata\local\packages\pythonsoftwarefoundation.python.3.11_qbz5n2kfra8p0\localcache\local-packages\python311\site-packages;C:\ProgramData\chocolatey\bin;C:\Program Files\nodejs\;C:\Users\palak\AppData\Local\Programs\Python\Python312\Scripts;C:\Program Files\Git\cmd;C:\Users\palak\Downloads\flutter_windows_3.27.3-stable\flutter\bin;C:\Users\palak\AppData\Local\Android\Sdk\cmdline-tools\latest\bin;C:\Users\palak\AppData\Local\Android\Sdk\platform-tools;C:\ffmpeg;C:\Program Files\MongoDB\Server\8.0\bin;C:\Users\palak\AppData\Local\Programs\Python\Python313\Scripts\;C:\Users\palak\AppData\Local\Programs\Python\Python313\;C:\Users\palak\AppData\Local\Programs\Python\Python312\Scripts\;C:\Users\palak\AppData\Local\Programs\Python\Python312\;C:\Users\palak\AppData\Local\Programs\Python\Launcher\;C:\Program Files\MySQL\MySQL Shell 8.0\bin\;C:\Users\palak\AppData\Local\Microsoft\WindowsApps;C:\Users\palak\AppData\Local\Programs\Microsoft VS Code\bin;C:\Program Files\JetBrains\IntelliJ IDEA Community Edition 2023.3.3\bin;C:\Users\palak\AppData\Local\JetBrains\CLion 2023.3.4\bin;C:\Program Files\JetBrains\PyCharm 2024.1.2\bin;C:\Program Files\JetBrains\PyCharm Community Edition 2024.1.4\bin;C:\Users\palak\AppData\Local\JetBrains\Toolbox\scripts;C:\Users\palak\AppData\Roaming\npm;C:\Users\palak\AppData\Local\GitHubDesktop\bin;C:\Users\palak\AppData\Local\Microsoft\WindowsApps;
USERNAME=palak
OS=Windows_NT
PROCESSOR_IDENTIFIER=AMD64 Family 23 Model 24 Stepping 1, AuthenticAMD
TMP=C:\Users\palak\AppData\Local\Temp
TEMP=C:\Users\palak\AppData\Local\Temp




Periodic native trim disabled

---------------  S Y S T E M  ---------------

OS:
 Windows 11 , 64 bit Build 26100 (10.0.26100.3037)
OS uptime: 0 days 19:48 hours

CPU: total 4 (initial active 4) (4 cores per cpu, 2 threads per core) family 23 model 24 stepping 1 microcode 0x8108109, cx8, cmov, fxsr, ht, mmx, 3dnowpref, sse, sse2, sse3, ssse3, sse4a, sse4.1, sse4.2, popcnt, lzcnt, tsc, tscinvbit, avx, avx2, aes, clmul, bmi1, bmi2, adx, sha, fma, vzeroupper, clflush, clflushopt, rdtscp, f16c
Processor Information for the first 4 processors :
  Max Mhz: 2600, Current Mhz: 2600, Mhz Limit: 2600

Memory: 4k page, system-wide physical 6086M (503M free)
TotalPageFile size 14278M (AvailPageFile size 0M)
current process WorkingSet (physical memory assigned to process): 46M, peak: 46M
current process commit charge ("private bytes"): 177M, peak: 177M

vm_info: OpenJDK 64-Bit Server VM (21.0.6+7-LTS) for windows-amd64 JRE (21.0.6+7-LTS), built on 2025-01-21T00:00:00Z by "admin" with MS VC++ 17.7 (VS2022)

END.
