#
# There is insufficient memory for the Java Runtime Environment to continue.
# Native memory allocation (malloc) failed to allocate 522032 bytes. Error detail: Chunk::new
# Possible reasons:
#   The system is out of physical RAM or swap space
#   This process is running with CompressedOops enabled, and the Java Heap may be blocking the growth of the native heap
# Possible solutions:
#   Reduce memory load on the system
#   Increase physical memory or swap space
#   Check if swap backing store is full
#   Decrease Java heap size (-Xmx/-Xms)
#   Decrease number of Java threads
#   Decrease Java thread stack sizes (-Xss)
#   Set larger code cache with -XX:ReservedCodeCacheSize=
#   JVM is running with Unscaled Compressed Oops mode in which the Java heap is
#     placed in the first 4GB address space. The Java Heap base address is the
#     maximum limit for the native heap growth. Please use -XX:HeapBaseMinAddress
#     to set the Java Heap base and to place the Java Heap above 4GB virtual address.
# This output file may be truncated or incomplete.
#
#  Out of Memory Error (arena.cpp:168), pid=12696, tid=5492
#
# JRE version: OpenJDK Runtime Environment Temurin-21.0.6+7 (21.0.6+7) (build 21.0.6+7-LTS)
# Java VM: OpenJDK 64-Bit Server VM Temurin-21.0.6+7 (21.0.6+7-LTS, mixed mode, sharing, tiered, compressed oops, compressed class ptrs, parallel gc, windows-amd64)
# No core dump will be written. Minidumps are not enabled by default on client versions of Windows
#

---------------  S U M M A R Y ------------

Command Line: --add-modules=ALL-SYSTEM --add-opens=java.base/java.util=ALL-UNNAMED --add-opens=java.base/java.lang=ALL-UNNAMED --add-opens=java.base/sun.nio.fs=ALL-UNNAMED -Declipse.application=org.eclipse.jdt.ls.core.id1 -Dosgi.bundles.defaultStartLevel=4 -Declipse.product=org.eclipse.jdt.ls.core.product -Djava.import.generatesMetadataFilesAtProjectRoot=false -DDetectVMInstallationsJob.disabled=true -Dfile.encoding=utf8 -XX:+UseParallelGC -XX:GCTimeRatio=4 -XX:AdaptiveSizePolicyWeight=90 -Dsun.zip.disableMemoryMapping=true -Xmx1G -Xms100m -Xlog:disable -javaagent:c:\Users\palak\.vscode\extensions\redhat.java-1.40.0-win32-x64\lombok\lombok-1.18.36.jar c:\Users\palak\.vscode\extensions\redhat.java-1.40.0-win32-x64\server\plugins\org.eclipse.equinox.launcher_1.6.1000.v20250131-0606.jar -configuration c:\Users\palak\AppData\Roaming\Code\User\globalStorage\redhat.java\1.40.0\config_ss_win -data c:\Users\palak\AppData\Roaming\Code\User\workspaceStorage\632f04cdbe9e26a6a5769c745b0508de\redhat.java\ss_ws --pipe=\\.\pipe\lsp-d2ce586ea8d68043f3ac5dcc711c700b-sock

Host: AMD Ryzen 3 3250U with Radeon Graphics         , 4 cores, 5G,  Windows 11 , 64 bit Build 26100 (10.0.26100.3323)
Time: Mon Mar 24 07:25:07 2025 India Standard Time elapsed time: 71.643447 seconds (0d 0h 1m 11s)

---------------  T H R E A D  ---------------

Current thread (0x000002d597273320):  JavaThread "C2 CompilerThread0" daemon [_thread_in_native, id=5492, stack(0x000000f98e000000,0x000000f98e100000) (1024K)]


Current CompileTask:
C2:71643 4801       4       jdk.internal.org.objectweb.asm.Frame::execute (2305 bytes)

Stack: [0x000000f98e000000,0x000000f98e100000]
Native frames: (J=compiled Java code, j=interpreted, Vv=VM code, C=native code)
V  [jvm.dll+0x6cdee9]
V  [jvm.dll+0x8a83d1]
V  [jvm.dll+0x8aa8fe]
V  [jvm.dll+0x8aafe3]
V  [jvm.dll+0x27f706]
V  [jvm.dll+0xc500d]
V  [jvm.dll+0xc5543]
V  [jvm.dll+0x3b678c]
V  [jvm.dll+0x382935]
V  [jvm.dll+0x381d9a]
V  [jvm.dll+0x2479f0]
V  [jvm.dll+0x246fcf]
V  [jvm.dll+0x1c75ee]
V  [jvm.dll+0x25685a]
V  [jvm.dll+0x254dfa]
V  [jvm.dll+0x3f0256]
V  [jvm.dll+0x851f8b]
V  [jvm.dll+0x6cc5ed]
C  [ucrtbase.dll+0x37b0]
C  [KERNEL32.DLL+0x2e8d7]
C  [ntdll.dll+0xbbf6c]


---------------  P R O C E S S  ---------------

Threads class SMR info:
_java_thread_list=0x000002d5dfdcbb20, length=30, elements={
0x000002d580c3daf0, 0x000002d582feb840, 0x000002d59725ff60, 0x000002d597262720,
0x000002d597263370, 0x000002d59726bff0, 0x000002d59726ee50, ,
0x000002d5972e2a00, 0x000002d582f9f190, 0x000002d5dd2453a0, 0x000002d5dde418a0,
0x000002d5dd637130, 0x000002d5dd637fa0, 0x000002d5dd6217f0, 0x000002d5dd092740,
0x000002d5ddbd4e20, 0x000002d5ddb721d0, 0x000002d5dd93bd90, 0x000002d5df3dc530,
0x000002d5df3dcbc0, 0x000002d5df3dd250, 0x000002d5df3dd8e0, 0x000002d5df3ddf70,
0x000002d5df3de600, 0x000002d5df3dec90, 0x000002d5df3df320, 0x000002d5df3dbea0,
0x000002d5de766810, 0x000002d5de769600
}

Java Threads: ( => current thread )
  0x000002d580c3daf0 JavaThread "main"                              [_thread_blocked, id=21300, stack(0x000000f98d600000,0x000000f98d700000) (1024K)]
  0x000002d582feb840 JavaThread "Reference Handler"          daemon [_thread_blocked, id=10504, stack(0x000000f98da00000,0x000000f98db00000) (1024K)]
  0x000002d59725ff60 JavaThread "Finalizer"                  daemon [_thread_blocked, id=4196, stack(0x000000f98db00000,0x000000f98dc00000) (1024K)]
  0x000002d597262720 JavaThread "Signal Dispatcher"          daemon [_thread_blocked, id=19876, stack(0x000000f98dc00000,0x000000f98dd00000) (1024K)]
  0x000002d597263370 JavaThread "Attach Listener"            daemon [_thread_blocked, id=1532, stack(0x000000f98dd00000,0x000000f98de00000) (1024K)]
  0x000002d59726bff0 JavaThread "Service Thread"             daemon [_thread_blocked, id=18668, stack(0x000000f98de00000,0x000000f98df00000) (1024K)]
  0x000002d59726ee50 JavaThread "Monitor Deflation Thread"   daemon [_thread_blocked, id=11040, stack(0x000000f98df00000,0x000000f98e000000) (1024K)]
=>0x000002d597273320 JavaThread "C2 CompilerThread0"         daemon [_thread_in_native, id=5492, stack(0x000000f98e000000,0x000000f98e100000) (1024K)]
  0x000002d5972e2a00 JavaThread "C1 CompilerThread0"         daemon [_thread_blocked, id=6464, stack(0x000000f98e100000,0x000000f98e200000) (1024K)]
  0x000002d582f9f190 JavaThread "Common-Cleaner"             daemon [_thread_blocked, id=17228, stack(0x000000f98e200000,0x000000f98e300000) (1024K)]
  0x000002d5dd2453a0 JavaThread "Notification Thread"        daemon [_thread_blocked, id=21312, stack(0x000000f98e300000,0x000000f98e400000) (1024K)]
  0x000002d5dde418a0 JavaThread "Active Thread: Equinox Container: 52c88b4f-0da4-4175-bbd4-bef5b5f4b35e"        [_thread_blocked, id=2764, stack(0x000000f98e800000,0x000000f98e900000) (1024K)]
  0x000002d5dd637130 JavaThread "Framework Event Dispatcher: Equinox Container: 52c88b4f-0da4-4175-bbd4-bef5b5f4b35e" daemon [_thread_blocked, id=22380, stack(0x000000f98e700000,0x000000f98e800000) (1024K)]
  0x000002d5dd637fa0 JavaThread "Start Level: Equinox Container: 52c88b4f-0da4-4175-bbd4-bef5b5f4b35e" daemon [_thread_blocked, id=21244, stack(0x000000f98e900000,0x000000f98ea00000) (1024K)]
  0x000002d5dd6217f0 JavaThread "SCR Component Actor"        daemon [_thread_blocked, id=14496, stack(0x000000f98ea00000,0x000000f98eb00000) (1024K)]
  0x000002d5dd092740 JavaThread "Worker-JM"                         [_thread_blocked, id=5976, stack(0x000000f98ec00000,0x000000f98ed00000) (1024K)]
  0x000002d5ddbd4e20 JavaThread "JNA Cleaner"                daemon [_thread_blocked, id=18028, stack(0x000000f98eb00000,0x000000f98ec00000) (1024K)]
  0x000002d5ddb721d0 JavaThread "Worker-0"                          [_thread_blocked, id=2444, stack(0x000000f98ed00000,0x000000f98ee00000) (1024K)]
  0x000002d5dd93bd90 JavaThread "Worker-1"                          [_thread_blocked, id=20400, stack(0x000000f98ee00000,0x000000f98ef00000) (1024K)]
  0x000002d5df3dc530 JavaThread "Thread-3"                   daemon [_thread_in_native, id=21604, stack(0x000000f98f200000,0x000000f98f300000) (1024K)]
  0x000002d5df3dcbc0 JavaThread "Thread-4"                   daemon [_thread_in_native, id=11640, stack(0x000000f98f300000,0x000000f98f400000) (1024K)]
  0x000002d5df3dd250 JavaThread "Thread-5"                   daemon [_thread_in_native, id=18164, stack(0x000000f98f400000,0x000000f98f500000) (1024K)]
  0x000002d5df3dd8e0 JavaThread "Thread-6"                   daemon [_thread_in_native, id=16720, stack(0x000000f98f500000,0x000000f98f600000) (1024K)]
  0x000002d5df3ddf70 JavaThread "Thread-7"                   daemon [_thread_in_native, id=8900, stack(0x000000f98f600000,0x000000f98f700000) (1024K)]
  0x000002d5df3de600 JavaThread "pool-2-thread-1"                   [_thread_blocked, id=21824, stack(0x000000f98f100000,0x000000f98f200000) (1024K)]
  0x000002d5df3dec90 JavaThread "Worker-2"                          [_thread_blocked, id=14408, stack(0x000000f98f700000,0x000000f98f800000) (1024K)]
  0x000002d5df3df320 JavaThread "WorkspaceEventsHandler"            [_thread_blocked, id=13540, stack(0x000000f98f800000,0x000000f98f900000) (1024K)]
  0x000002d5df3dbea0 JavaThread "pool-1-thread-1"                   [_thread_in_native, id=18868, stack(0x000000f98f900000,0x000000f98fa00000) (1024K)]
  0x000002d5de766810 JavaThread "ForkJoinPool.commonPool-worker-1" daemon [_thread_blocked, id=18456, stack(0x000000f98fa00000,0x000000f98fb00000) (1024K)]
  0x000002d5de769600 JavaThread "ForkJoinPool.commonPool-worker-2" daemon [_thread_blocked, id=9520, stack(0x000000f98fb00000,0x000000f98fc00000) (1024K)]
Total: 30

Other Threads:
  0x000002d59725f800 VMThread "VM Thread"                           [id=7280, stack(0x000000f98d900000,0x000000f98da00000) (1024K)]
  0x000002d5971fca00 WatcherThread "VM Periodic Task Thread"        [id=5952, stack(0x000000f98d800000,0x000000f98d900000) (1024K)]
  0x000002d582f4ebb0 WorkerThread "GC Thread#0"                     [id=8096, stack(0x000000f98d700000,0x000000f98d800000) (1024K)]
  0x000002d5dd445a00 WorkerThread "GC Thread#1"                     [id=7964, stack(0x000000f98e400000,0x000000f98e500000) (1024K)]
  0x000002d5dd974cf0 WorkerThread "GC Thread#2"                     [id=18560, stack(0x000000f98e500000,0x000000f98e600000) (1024K)]
  0x000002d5dd975090 WorkerThread "GC Thread#3"                     [id=16528, stack(0x000000f98e600000,0x000000f98e700000) (1024K)]
Total: 6

Threads with active compile tasks:
C2 CompilerThread0  71746 4801       4       jdk.internal.org.objectweb.asm.Frame::execute (2305 bytes)
Total: 1

VM state: not at safepoint (normal execution)

VM Mutex/Monitor currently owned by a thread: None

Heap address: 0x00000000c0000000, size: 1024 MB, Compressed Oops mode: 32-bit

CDS archive(s) mapped at: [0x000002d598000000-0x000002d598ba0000-0x000002d598ba0000), size 12189696, SharedBaseAddress: 0x000002d598000000, ArchiveRelocationMode: 1.
Compressed class space mapped at: 0x000002d599000000-0x000002d5d9000000, reserved size: 1073741824
Narrow klass base: 0x000002d598000000, Narrow klass shift: 0, Narrow klass range: 0x100000000

GC Precious Log:
 CardTable entry size: 512
 CPUs: 4 total, 4 available
 Memory: 6086M
 Large Page Support: Disabled
 NUMA Support: Disabled
 Compressed Oops: Enabled (32-bit)
 Alignments: Space 512K, Generation 512K, Heap 2M
 Heap Min Capacity: 100M
 Heap Initial Capacity: 100M
 Heap Max Capacity: 1G
 Pre-touch: Disabled
 Parallel Workers: 4

Heap:
 PSYoungGen      total 23040K, used 6287K [0x00000000eab00000, 0x00000000ec380000, 0x0000000100000000)
  eden space 22016K, 24% used [0x00000000eab00000,0x00000000eb052a28,0x00000000ec080000)
  from space 1024K, 81% used [0x00000000ec100000,0x00000000ec1d1558,0x00000000ec200000)
  to   space 1536K, 0% used [0x00000000ec200000,0x00000000ec200000,0x00000000ec380000)
 ParOldGen       total 68608K, used 28437K [0x00000000c0000000, 0x00000000c4300000, 0x00000000eab00000)
  object space 68608K, 41% used [0x00000000c0000000,0x00000000c1bc5558,0x00000000c4300000)
 Metaspace       used 34588K, committed 35520K, reserved 1114112K
  class space    used 3427K, committed 3840K, reserved 1048576K

Card table byte_map: [0x000002d5828d0000,0x000002d582ae0000] _byte_map_base: 0x000002d5822d0000

Marking Bits: (ParMarkBitMap*) 0x00007ffd79353260
 Begin Bits: [0x000002d595120000, 0x000002d596120000)
 End Bits:   [0x000002d596120000, 0x000002d597120000)

Polling page: 0x000002d580d20000

Metaspace:

Usage:
  Non-class:     30.43 MB used.
      Class:      3.35 MB used.
       Both:     33.78 MB used.

Virtual space:
  Non-class space:       64.00 MB reserved,      30.94 MB ( 48%) committed,  1 nodes.
      Class space:        1.00 GB reserved,       3.75 MB ( <1%) committed,  1 nodes.
             Both:        1.06 GB reserved,      34.69 MB (  3%) committed. 

Chunk freelists:
   Non-Class:  1.02 MB
       Class:  12.27 MB
        Both:  13.28 MB

MaxMetaspaceSize: unlimited
CompressedClassSpaceSize: 1.00 GB
Initial GC threshold: 21.00 MB
Current GC threshold: 35.00 MB
CDS: on
 - commit_granule_bytes: 65536.
 - commit_granule_words: 8192.
 - virtual_space_node_default_size: 8388608.
 - enlarge_chunks_in_place: 1.
 - use_allocation_guard: 0.


Internal statistics:

num_allocs_failed_limit: 3.
num_arena_births: 724.
num_arena_deaths: 14.
num_vsnodes_births: 2.
num_vsnodes_deaths: 0.
num_space_committed: 555.
num_space_uncommitted: 0.
num_chunks_returned_to_freelist: 17.
num_chunks_taken_from_freelist: 2125.
num_chunk_merges: 9.
num_chunk_splits: 1371.
num_chunks_enlarged: 844.
num_inconsistent_stats: 0.

CodeHeap 'non-profiled nmethods': size=120000Kb used=2641Kb max_used=2641Kb free=117358Kb
 bounds [0x000002d58dbf0000, 0x000002d58de90000, 0x000002d595120000]
CodeHeap 'profiled nmethods': size=120000Kb used=10215Kb max_used=10215Kb free=109784Kb
 bounds [0x000002d586120000, 0x000002d586b20000, 0x000002d58d650000]
CodeHeap 'non-nmethods': size=5760Kb used=1364Kb max_used=1406Kb free=4395Kb
 bounds [0x000002d58d650000, 0x000002d58d8c0000, 0x000002d58dbf0000]
 total_blobs=5458 nmethods=4797 adapters=567
 compilation: enabled
              stopped_count=0, restarted_count=0
 full_count=0

Compilation events (20 events):
Event: 70.877 Thread 0x000002d5972e2a00 nmethod 4791 0x000002d586b12e10 code [0x000002d586b12fe0, 0x000002d586b13498]
Event: 70.877 Thread 0x000002d5972e2a00 4792       3       sun.reflect.generics.reflectiveObjects.ParameterizedTypeImpl::make (11 bytes)
Event: 70.878 Thread 0x000002d5972e2a00 nmethod 4792 0x000002d586b13610 code [0x000002d586b137e0, 0x000002d586b13af8]
Event: 70.880 Thread 0x000002d5972e2a00 4793       3       java.lang.Class::getGenericSuperclass (28 bytes)
Event: 70.881 Thread 0x000002d5972e2a00 nmethod 4793 0x000002d586b13c90 code [0x000002d586b13ee0, 0x000002d586b14840]
Event: 70.899 Thread 0x000002d5972e2a00 4794       3       java.util.TreeMap::put (8 bytes)
Event: 70.900 Thread 0x000002d5972e2a00 nmethod 4794 0x000002d586b14b90 code [0x000002d586b14d40, 0x000002d586b14e80]
Event: 71.125 Thread 0x000002d5972e2a00 4795       3       java.lang.Class::getMethodsRecursive (99 bytes)
Event: 71.126 Thread 0x000002d5972e2a00 nmethod 4795 0x000002d586b14f10 code [0x000002d586b15140, 0x000002d586b156d8]
Event: 71.299 Thread 0x000002d597273320 4796       4       jdk.internal.module.SystemModuleFinders$SystemModuleReader::find (59 bytes)
Event: 71.308 Thread 0x000002d597273320 nmethod 4796 0x000002d58de82190 code [0x000002d58de82360, 0x000002d58de82a38]
Event: 71.308 Thread 0x000002d597273320 4797       4       java.util.HashSet::add (20 bytes)
Event: 71.323 Thread 0x000002d5972e2a00 4798       3       sun.net.www.protocol.jar.URLJarFile::getEntry (69 bytes)
Event: 71.324 Thread 0x000002d5972e2a00 nmethod 4798 0x000002d586b15a10 code [0x000002d586b15d60, 0x000002d586b16fb0]
Event: 71.333 Thread 0x000002d597273320 nmethod 4797 0x000002d58de82c90 code [0x000002d58de82f20, 0x000002d58de83d30]
Event: 71.341 Thread 0x000002d5972e2a00 4799       3       sun.net.www.protocol.jar.URLJarFile::isFileURL (50 bytes)
Event: 71.341 Thread 0x000002d5972e2a00 nmethod 4799 0x000002d586b17590 code [0x000002d586b17780, 0x000002d586b17b60]
Event: 71.347 Thread 0x000002d5972e2a00 4800       3       jdk.internal.loader.AbstractClassLoaderValue$Sub::hashCode (19 bytes)
Event: 71.348 Thread 0x000002d5972e2a00 nmethod 4800 0x000002d586b17d10 code [0x000002d586b17ee0, 0x000002d586b18258]
Event: 71.349 Thread 0x000002d597273320 4801       4       jdk.internal.org.objectweb.asm.Frame::execute (2305 bytes)

GC Heap History (20 events):
Event: 41.066 GC heap before
{Heap before GC invocations=9 (full 1):
 PSYoungGen      total 27648K, used 27393K [0x00000000eab00000, 0x00000000eca00000, 0x0000000100000000)
  eden space 24576K, 100% used [0x00000000eab00000,0x00000000ec300000,0x00000000ec300000)
  from space 3072K, 91% used [0x00000000ec480000,0x00000000ec740520,0x00000000ec780000)
  to   space 2560K, 0% used [0x00000000ec780000,0x00000000ec780000,0x00000000eca00000)
 ParOldGen       total 68608K, used 8514K [0x00000000c0000000, 0x00000000c4300000, 0x00000000eab00000)
  object space 68608K, 12% used [0x00000000c0000000,0x00000000c0850a10,0x00000000c4300000)
 Metaspace       used 26685K, committed 27520K, reserved 1114112K
  class space    used 2549K, committed 2880K, reserved 1048576K
}
Event: 41.071 GC heap after
{Heap after GC invocations=9 (full 1):
 PSYoungGen      total 26624K, used 2545K [0x00000000eab00000, 0x00000000ecc80000, 0x0000000100000000)
  eden space 24064K, 0% used [0x00000000eab00000,0x00000000eab00000,0x00000000ec280000)
  from space 2560K, 99% used [0x00000000ec780000,0x00000000ec9fc750,0x00000000eca00000)
  to   space 5120K, 0% used [0x00000000ec280000,0x00000000ec280000,0x00000000ec780000)
 ParOldGen       total 68608K, used 10492K [0x00000000c0000000, 0x00000000c4300000, 0x00000000eab00000)
  object space 68608K, 15% used [0x00000000c0000000,0x00000000c0a3f1d0,0x00000000c4300000)
 Metaspace       used 26685K, committed 27520K, reserved 1114112K
  class space    used 2549K, committed 2880K, reserved 1048576K
}
Event: 44.015 GC heap before
{Heap before GC invocations=10 (full 1):
 PSYoungGen      total 26624K, used 26609K [0x00000000eab00000, 0x00000000ecc80000, 0x0000000100000000)
  eden space 24064K, 100% used [0x00000000eab00000,0x00000000ec280000,0x00000000ec280000)
  from space 2560K, 99% used [0x00000000ec780000,0x00000000ec9fc750,0x00000000eca00000)
  to   space 5120K, 0% used [0x00000000ec280000,0x00000000ec280000,0x00000000ec780000)
 ParOldGen       total 68608K, used 10492K [0x00000000c0000000, 0x00000000c4300000, 0x00000000eab00000)
  object space 68608K, 15% used [0x00000000c0000000,0x00000000c0a3f1d0,0x00000000c4300000)
 Metaspace       used 30023K, committed 30976K, reserved 1114112K
  class space    used 2905K, committed 3328K, reserved 1048576K
}
Event: 44.020 GC heap after
{Heap after GC invocations=10 (full 1):
 PSYoungGen      total 27648K, used 3945K [0x00000000eab00000, 0x00000000ecb00000, 0x0000000100000000)
  eden space 23552K, 0% used [0x00000000eab00000,0x00000000eab00000,0x00000000ec200000)
  from space 4096K, 96% used [0x00000000ec280000,0x00000000ec65a5a0,0x00000000ec680000)
  to   space 4608K, 0% used [0x00000000ec680000,0x00000000ec680000,0x00000000ecb00000)
 ParOldGen       total 68608K, used 10500K [0x00000000c0000000, 0x00000000c4300000, 0x00000000eab00000)
  object space 68608K, 15% used [0x00000000c0000000,0x00000000c0a411d0,0x00000000c4300000)
 Metaspace       used 30023K, committed 30976K, reserved 1114112K
  class space    used 2905K, committed 3328K, reserved 1048576K
}
Event: 53.418 GC heap before
{Heap before GC invocations=11 (full 1):
 PSYoungGen      total 27648K, used 27497K [0x00000000eab00000, 0x00000000ecb00000, 0x0000000100000000)
  eden space 23552K, 100% used [0x00000000eab00000,0x00000000ec200000,0x00000000ec200000)
  from space 4096K, 96% used [0x00000000ec280000,0x00000000ec65a5a0,0x00000000ec680000)
  to   space 4608K, 0% used [0x00000000ec680000,0x00000000ec680000,0x00000000ecb00000)
 ParOldGen       total 68608K, used 10500K [0x00000000c0000000, 0x00000000c4300000, 0x00000000eab00000)
  object space 68608K, 15% used [0x00000000c0000000,0x00000000c0a411d0,0x00000000c4300000)
 Metaspace       used 31545K, committed 32448K, reserved 1114112K
  class space    used 3059K, committed 3456K, reserved 1048576K
}
Event: 53.437 GC heap after
{Heap after GC invocations=11 (full 1):
 PSYoungGen      total 26624K, used 3315K [0x00000000eab00000, 0x00000000eca00000, 0x0000000100000000)
  eden space 23040K, 0% used [0x00000000eab00000,0x00000000eab00000,0x00000000ec180000)
  from space 3584K, 92% used [0x00000000ec680000,0x00000000ec9bcf58,0x00000000eca00000)
  to   space 3584K, 0% used [0x00000000ec300000,0x00000000ec300000,0x00000000ec680000)
 ParOldGen       total 68608K, used 13008K [0x00000000c0000000, 0x00000000c4300000, 0x00000000eab00000)
  object space 68608K, 18% used [0x00000000c0000000,0x00000000c0cb4098,0x00000000c4300000)
 Metaspace       used 31545K, committed 32448K, reserved 1114112K
  class space    used 3059K, committed 3456K, reserved 1048576K
}
Event: 54.375 GC heap before
{Heap before GC invocations=12 (full 1):
 PSYoungGen      total 26624K, used 26355K [0x00000000eab00000, 0x00000000eca00000, 0x0000000100000000)
  eden space 23040K, 100% used [0x00000000eab00000,0x00000000ec180000,0x00000000ec180000)
  from space 3584K, 92% used [0x00000000ec680000,0x00000000ec9bcf58,0x00000000eca00000)
  to   space 3584K, 0% used [0x00000000ec300000,0x00000000ec300000,0x00000000ec680000)
 ParOldGen       total 68608K, used 13008K [0x00000000c0000000, 0x00000000c4300000, 0x00000000eab00000)
  object space 68608K, 18% used [0x00000000c0000000,0x00000000c0cb4098,0x00000000c4300000)
 Metaspace       used 31605K, committed 32512K, reserved 1114112K
  class space    used 3063K, committed 3456K, reserved 1048576K
}
Event: 54.383 GC heap after
{Heap after GC invocations=12 (full 1):
 PSYoungGen      total 25088K, used 2274K [0x00000000eab00000, 0x00000000ec700000, 0x0000000100000000)
  eden space 22528K, 0% used [0x00000000eab00000,0x00000000eab00000,0x00000000ec100000)
  from space 2560K, 88% used [0x00000000ec300000,0x00000000ec538810,0x00000000ec580000)
  to   space 1536K, 0% used [0x00000000ec580000,0x00000000ec580000,0x00000000ec700000)
 ParOldGen       total 68608K, used 16220K [0x00000000c0000000, 0x00000000c4300000, 0x00000000eab00000)
  object space 68608K, 23% used [0x00000000c0000000,0x00000000c0fd7340,0x00000000c4300000)
 Metaspace       used 31605K, committed 32512K, reserved 1114112K
  class space    used 3063K, committed 3456K, reserved 1048576K
}
Event: 55.163 GC heap before
{Heap before GC invocations=13 (full 1):
 PSYoungGen      total 25088K, used 24802K [0x00000000eab00000, 0x00000000ec700000, 0x0000000100000000)
  eden space 22528K, 100% used [0x00000000eab00000,0x00000000ec100000,0x00000000ec100000)
  from space 2560K, 88% used [0x00000000ec300000,0x00000000ec538810,0x00000000ec580000)
  to   space 1536K, 0% used [0x00000000ec580000,0x00000000ec580000,0x00000000ec700000)
 ParOldGen       total 68608K, used 16220K [0x00000000c0000000, 0x00000000c4300000, 0x00000000eab00000)
  object space 68608K, 23% used [0x00000000c0000000,0x00000000c0fd7340,0x00000000c4300000)
 Metaspace       used 31984K, committed 32960K, reserved 1114112K
  class space    used 3130K, committed 3520K, reserved 1048576K
}
Event: 55.175 GC heap after
{Heap after GC invocations=13 (full 1):
 PSYoungGen      total 23552K, used 1504K [0x00000000eab00000, 0x00000000eca80000, 0x0000000100000000)
  eden space 22016K, 0% used [0x00000000eab00000,0x00000000eab00000,0x00000000ec080000)
  from space 1536K, 97% used [0x00000000ec580000,0x00000000ec6f8060,0x00000000ec700000)
  to   space 5120K, 0% used [0x00000000ec080000,0x00000000ec080000,0x00000000ec580000)
 ParOldGen       total 68608K, used 19054K [0x00000000c0000000, 0x00000000c4300000, 0x00000000eab00000)
  object space 68608K, 27% used [0x00000000c0000000,0x00000000c129bb40,0x00000000c4300000)
 Metaspace       used 31984K, committed 32960K, reserved 1114112K
  class space    used 3130K, committed 3520K, reserved 1048576K
}
Event: 56.128 GC heap before
{Heap before GC invocations=14 (full 1):
 PSYoungGen      total 23552K, used 23520K [0x00000000eab00000, 0x00000000eca80000, 0x0000000100000000)
  eden space 22016K, 100% used [0x00000000eab00000,0x00000000ec080000,0x00000000ec080000)
  from space 1536K, 97% used [0x00000000ec580000,0x00000000ec6f8060,0x00000000ec700000)
  to   space 5120K, 0% used [0x00000000ec080000,0x00000000ec080000,0x00000000ec580000)
 ParOldGen       total 68608K, used 19054K [0x00000000c0000000, 0x00000000c4300000, 0x00000000eab00000)
  object space 68608K, 27% used [0x00000000c0000000,0x00000000c129bb40,0x00000000c4300000)
 Metaspace       used 32006K, committed 33024K, reserved 1114112K
  class space    used 3130K, committed 3584K, reserved 1048576K
}
Event: 56.134 GC heap after
{Heap after GC invocations=14 (full 1):
 PSYoungGen      total 24576K, used 2080K [0x00000000eab00000, 0x00000000ec680000, 0x0000000100000000)
  eden space 22016K, 0% used [0x00000000eab00000,0x00000000eab00000,0x00000000ec080000)
  from space 2560K, 81% used [0x00000000ec080000,0x00000000ec288000,0x00000000ec300000)
  to   space 3072K, 0% used [0x00000000ec380000,0x00000000ec380000,0x00000000ec680000)
 ParOldGen       total 68608K, used 20519K [0x00000000c0000000, 0x00000000c4300000, 0x00000000eab00000)
  object space 68608K, 29% used [0x00000000c0000000,0x00000000c1409d20,0x00000000c4300000)
 Metaspace       used 32006K, committed 33024K, reserved 1114112K
  class space    used 3130K, committed 3584K, reserved 1048576K
}
Event: 56.224 GC heap before
{Heap before GC invocations=15 (full 1):
 PSYoungGen      total 24576K, used 24096K [0x00000000eab00000, 0x00000000ec680000, 0x0000000100000000)
  eden space 22016K, 100% used [0x00000000eab00000,0x00000000ec080000,0x00000000ec080000)
  from space 2560K, 81% used [0x00000000ec080000,0x00000000ec288000,0x00000000ec300000)
  to   space 3072K, 0% used [0x00000000ec380000,0x00000000ec380000,0x00000000ec680000)
 ParOldGen       total 68608K, used 20519K [0x00000000c0000000, 0x00000000c4300000, 0x00000000eab00000)
  object space 68608K, 29% used [0x00000000c0000000,0x00000000c1409d20,0x00000000c4300000)
 Metaspace       used 32015K, committed 33024K, reserved 1114112K
  class space    used 3130K, committed 3584K, reserved 1048576K
}
Event: 56.230 GC heap after
{Heap after GC invocations=15 (full 1):
 PSYoungGen      total 24576K, used 2148K [0x00000000eab00000, 0x00000000ec600000, 0x0000000100000000)
  eden space 22016K, 0% used [0x00000000eab00000,0x00000000eab00000,0x00000000ec080000)
  from space 2560K, 83% used [0x00000000ec380000,0x00000000ec599000,0x00000000ec600000)
  to   space 2560K, 0% used [0x00000000ec080000,0x00000000ec080000,0x00000000ec300000)
 ParOldGen       total 68608K, used 22471K [0x00000000c0000000, 0x00000000c4300000, 0x00000000eab00000)
  object space 68608K, 32% used [0x00000000c0000000,0x00000000c15f1d20,0x00000000c4300000)
 Metaspace       used 32015K, committed 33024K, reserved 1114112K
  class space    used 3130K, committed 3584K, reserved 1048576K
}
Event: 56.373 GC heap before
{Heap before GC invocations=16 (full 1):
 PSYoungGen      total 24576K, used 24164K [0x00000000eab00000, 0x00000000ec600000, 0x0000000100000000)
  eden space 22016K, 100% used [0x00000000eab00000,0x00000000ec080000,0x00000000ec080000)
  from space 2560K, 83% used [0x00000000ec380000,0x00000000ec599000,0x00000000ec600000)
  to   space 2560K, 0% used [0x00000000ec080000,0x00000000ec080000,0x00000000ec300000)
 ParOldGen       total 68608K, used 22471K [0x00000000c0000000, 0x00000000c4300000, 0x00000000eab00000)
  object space 68608K, 32% used [0x00000000c0000000,0x00000000c15f1d20,0x00000000c4300000)
 Metaspace       used 32108K, committed 33088K, reserved 1114112K
  class space    used 3133K, committed 3584K, reserved 1048576K
}
Event: 56.379 GC heap after
{Heap after GC invocations=16 (full 1):
 PSYoungGen      total 24576K, used 2112K [0x00000000eab00000, 0x00000000ec580000, 0x0000000100000000)
  eden space 22016K, 0% used [0x00000000eab00000,0x00000000eab00000,0x00000000ec080000)
  from space 2560K, 82% used [0x00000000ec080000,0x00000000ec290010,0x00000000ec300000)
  to   space 2560K, 0% used [0x00000000ec300000,0x00000000ec300000,0x00000000ec580000)
 ParOldGen       total 68608K, used 24572K [0x00000000c0000000, 0x00000000c4300000, 0x00000000eab00000)
  object space 68608K, 35% used [0x00000000c0000000,0x00000000c17ff348,0x00000000c4300000)
 Metaspace       used 32108K, committed 33088K, reserved 1114112K
  class space    used 3133K, committed 3584K, reserved 1048576K
}
Event: 56.584 GC heap before
{Heap before GC invocations=17 (full 1):
 PSYoungGen      total 24576K, used 24128K [0x00000000eab00000, 0x00000000ec580000, 0x0000000100000000)
  eden space 22016K, 100% used [0x00000000eab00000,0x00000000ec080000,0x00000000ec080000)
  from space 2560K, 82% used [0x00000000ec080000,0x00000000ec290010,0x00000000ec300000)
  to   space 2560K, 0% used [0x00000000ec300000,0x00000000ec300000,0x00000000ec580000)
 ParOldGen       total 68608K, used 24572K [0x00000000c0000000, 0x00000000c4300000, 0x00000000eab00000)
  object space 68608K, 35% used [0x00000000c0000000,0x00000000c17ff348,0x00000000c4300000)
 Metaspace       used 32178K, committed 33152K, reserved 1114112K
  class space    used 3133K, committed 3584K, reserved 1048576K
}
Event: 56.592 GC heap after
{Heap after GC invocations=17 (full 1):
 PSYoungGen      total 24064K, used 1848K [0x00000000eab00000, 0x00000000ec500000, 0x0000000100000000)
  eden space 22016K, 0% used [0x00000000eab00000,0x00000000eab00000,0x00000000ec080000)
  from space 2048K, 90% used [0x00000000ec300000,0x00000000ec4ce200,0x00000000ec500000)
  to   space 2048K, 0% used [0x00000000ec100000,0x00000000ec100000,0x00000000ec300000)
 ParOldGen       total 68608K, used 26644K [0x00000000c0000000, 0x00000000c4300000, 0x00000000eab00000)
  object space 68608K, 38% used [0x00000000c0000000,0x00000000c1a05358,0x00000000c4300000)
 Metaspace       used 32178K, committed 33152K, reserved 1114112K
  class space    used 3133K, committed 3584K, reserved 1048576K
}
Event: 69.995 GC heap before
{Heap before GC invocations=18 (full 1):
 PSYoungGen      total 24064K, used 23864K [0x00000000eab00000, 0x00000000ec500000, 0x0000000100000000)
  eden space 22016K, 100% used [0x00000000eab00000,0x00000000ec080000,0x00000000ec080000)
  from space 2048K, 90% used [0x00000000ec300000,0x00000000ec4ce200,0x00000000ec500000)
  to   space 2048K, 0% used [0x00000000ec100000,0x00000000ec100000,0x00000000ec300000)
 ParOldGen       total 68608K, used 26644K [0x00000000c0000000, 0x00000000c4300000, 0x00000000eab00000)
  object space 68608K, 38% used [0x00000000c0000000,0x00000000c1a05358,0x00000000c4300000)
 Metaspace       used 34382K, committed 35328K, reserved 1114112K
  class space    used 3399K, committed 3840K, reserved 1048576K
}
Event: 70.002 GC heap after
{Heap after GC invocations=18 (full 1):
 PSYoungGen      total 23040K, used 837K [0x00000000eab00000, 0x00000000ec380000, 0x0000000100000000)
  eden space 22016K, 0% used [0x00000000eab00000,0x00000000eab00000,0x00000000ec080000)
  from space 1024K, 81% used [0x00000000ec100000,0x00000000ec1d1558,0x00000000ec200000)
  to   space 1536K, 0% used [0x00000000ec200000,0x00000000ec200000,0x00000000ec380000)
 ParOldGen       total 68608K, used 28437K [0x00000000c0000000, 0x00000000c4300000, 0x00000000eab00000)
  object space 68608K, 41% used [0x00000000c0000000,0x00000000c1bc5558,0x00000000c4300000)
 Metaspace       used 34382K, committed 35328K, reserved 1114112K
  class space    used 3399K, committed 3840K, reserved 1048576K
}

Dll operation events (10 events):
Event: 0.082 Loaded shared library c:\Users\palak\.vscode\extensions\redhat.java-1.40.0-win32-x64\jre\21.0.6-win32-x86_64\bin\java.dll
Event: 1.484 Loaded shared library c:\Users\palak\.vscode\extensions\redhat.java-1.40.0-win32-x64\jre\21.0.6-win32-x86_64\bin\zip.dll
Event: 1.586 Loaded shared library C:\Users\palak\.vscode\extensions\redhat.java-1.40.0-win32-x64\jre\21.0.6-win32-x86_64\bin\instrument.dll
Event: 1.600 Loaded shared library C:\Users\palak\.vscode\extensions\redhat.java-1.40.0-win32-x64\jre\21.0.6-win32-x86_64\bin\net.dll
Event: 1.607 Loaded shared library C:\Users\palak\.vscode\extensions\redhat.java-1.40.0-win32-x64\jre\21.0.6-win32-x86_64\bin\nio.dll
Event: 1.616 Loaded shared library C:\Users\palak\.vscode\extensions\redhat.java-1.40.0-win32-x64\jre\21.0.6-win32-x86_64\bin\zip.dll
Event: 1.740 Loaded shared library C:\Users\palak\.vscode\extensions\redhat.java-1.40.0-win32-x64\jre\21.0.6-win32-x86_64\bin\jimage.dll
Event: 1.990 Loaded shared library c:\Users\palak\.vscode\extensions\redhat.java-1.40.0-win32-x64\jre\21.0.6-win32-x86_64\bin\verify.dll
Event: 11.843 Loaded shared library C:\Users\palak\AppData\Roaming\Code\User\globalStorage\redhat.java\1.40.0\config_ss_win\org.eclipse.equinox.launcher\org.eclipse.equinox.launcher.win32.win32.x86_64_1.2.1200.v20250212-0927\eclipse_11909.dll
Event: 22.950 Loaded shared library C:\Users\palak\AppData\Local\Temp\jna-106430981\jna13068626005808026376.dll

Deoptimization events (20 events):
Event: 59.697 Thread 0x000002d5df3dbea0 DEOPT PACKING pc=0x000002d586a81835 sp=0x000000f98f9fd4e0
Event: 59.697 Thread 0x000002d5df3dbea0 DEOPT UNPACKING pc=0x000002d58d6a4242 sp=0x000000f98f9fc9f0 mode 0
Event: 59.698 Thread 0x000002d5df3dbea0 DEOPT PACKING pc=0x000002d586a7e4a6 sp=0x000000f98f9fd7a0
Event: 59.698 Thread 0x000002d5df3dbea0 DEOPT UNPACKING pc=0x000002d58d6a4242 sp=0x000000f98f9fcc98 mode 0
Event: 59.713 Thread 0x000002d5df3dbea0 DEOPT PACKING pc=0x000002d586a7e4a6 sp=0x000000f98f9fd7a0
Event: 59.713 Thread 0x000002d5df3dbea0 DEOPT UNPACKING pc=0x000002d58d6a4242 sp=0x000000f98f9fcc98 mode 0
Event: 61.515 Thread 0x000002d5df3dbea0 Uncommon trap: trap_request=0xffffffc6 fr.pc=0x000002d58de62d44 relative=0x0000000000001144
Event: 61.515 Thread 0x000002d5df3dbea0 Uncommon trap: reason=bimorphic_or_optimized_type_check action=maybe_recompile pc=0x000002d58de62d44 method=java.util.Properties$LineReader.readLine()I @ 479 c2
Event: 61.515 Thread 0x000002d5df3dbea0 DEOPT PACKING pc=0x000002d58de62d44 sp=0x000000f98f9fd570
Event: 61.515 Thread 0x000002d5df3dbea0 DEOPT UNPACKING pc=0x000002d58d6a3aa2 sp=0x000000f98f9fd4f8 mode 2
Event: 66.331 Thread 0x000002d5df3dbea0 Uncommon trap: trap_request=0xffffff45 fr.pc=0x000002d58de62a0c relative=0x0000000000000e0c
Event: 66.331 Thread 0x000002d5df3dbea0 Uncommon trap: reason=unstable_if action=reinterpret pc=0x000002d58de62a0c method=java.util.Properties$LineReader.readLine()I @ 182 c2
Event: 66.331 Thread 0x000002d5df3dbea0 DEOPT PACKING pc=0x000002d58de62a0c sp=0x000000f98f9fc3b0
Event: 66.331 Thread 0x000002d5df3dbea0 DEOPT UNPACKING pc=0x000002d58d6a3aa2 sp=0x000000f98f9fc340 mode 2
Event: 67.758 Thread 0x000002d5df3dbea0 DEOPT PACKING pc=0x000002d5861c5ef8 sp=0x000000f98f9fbfb0
Event: 67.758 Thread 0x000002d5df3dbea0 DEOPT UNPACKING pc=0x000002d58d6a4242 sp=0x000000f98f9fb498 mode 0
Event: 67.959 Thread 0x000002d5df3dbea0 DEOPT PACKING pc=0x000002d58667548d sp=0x000000f98f9fc7c0
Event: 67.959 Thread 0x000002d5df3dbea0 DEOPT UNPACKING pc=0x000002d58d6a4242 sp=0x000000f98f9fbc70 mode 0
Event: 67.976 Thread 0x000002d5df3dbea0 DEOPT PACKING pc=0x000002d58667548d sp=0x000000f98f9fc6f0
Event: 67.976 Thread 0x000002d5df3dbea0 DEOPT UNPACKING pc=0x000002d58d6a4242 sp=0x000000f98f9fbba0 mode 0

Classes loaded (20 events):
Event: 52.258 Loading class java/lang/invoke/MethodHandleImpl$Makers$3
Event: 52.258 Loading class java/lang/invoke/MethodHandleImpl$Makers$3 done
Event: 52.284 Loading class java/lang/runtime/ObjectMethods$1
Event: 52.284 Loading class java/lang/runtime/ObjectMethods$1 done
Event: 54.393 Loading class java/lang/invoke/MethodHandleImpl$CountingWrapper
Event: 54.393 Loading class java/lang/invoke/MethodHandleImpl$CountingWrapper done
Event: 54.482 Loading class java/util/AbstractList$ListItr
Event: 54.483 Loading class java/util/AbstractList$ListItr done
Event: 54.495 Loading class java/util/concurrent/locks/ReentrantReadWriteLock$Sync$HoldCounter
Event: 54.495 Loading class java/util/concurrent/locks/ReentrantReadWriteLock$Sync$HoldCounter done
Event: 54.550 Loading class java/nio/channels/Channels$ReadableByteChannelImpl
Event: 54.550 Loading class java/nio/channels/Channels$ReadableByteChannelImpl done
Event: 54.558 Loading class java/nio/channels/NonWritableChannelException
Event: 54.558 Loading class java/nio/channels/NonWritableChannelException done
Event: 56.234 Loading class java/lang/invoke/MethodHandleImpl$CountingWrapper$1
Event: 56.238 Loading class java/lang/invoke/MethodHandleImpl$CountingWrapper$1 done
Event: 59.727 Loading class java/lang/ExceptionInInitializerError
Event: 59.727 Loading class java/lang/ExceptionInInitializerError done
Event: 71.140 Loading class java/util/Vector$1
Event: 71.141 Loading class java/util/Vector$1 done

Classes unloaded (7 events):
Event: 29.596 Thread 0x000002d59725f800 Unloading class 0x000002d599187400 'java/lang/invoke/LambdaForm$MH+0x000002d599187400'
Event: 29.596 Thread 0x000002d59725f800 Unloading class 0x000002d599187000 'java/lang/invoke/LambdaForm$MH+0x000002d599187000'
Event: 29.596 Thread 0x000002d59725f800 Unloading class 0x000002d599186c00 'java/lang/invoke/LambdaForm$MH+0x000002d599186c00'
Event: 29.596 Thread 0x000002d59725f800 Unloading class 0x000002d599186800 'java/lang/invoke/LambdaForm$MH+0x000002d599186800'
Event: 29.596 Thread 0x000002d59725f800 Unloading class 0x000002d599186400 'java/lang/invoke/LambdaForm$BMH+0x000002d599186400'
Event: 29.596 Thread 0x000002d59725f800 Unloading class 0x000002d599186000 'java/lang/invoke/LambdaForm$DMH+0x000002d599186000'
Event: 29.596 Thread 0x000002d59725f800 Unloading class 0x000002d599184c00 'java/lang/invoke/LambdaForm$DMH+0x000002d599184c00'

Classes redefined (0 events):
No events

Internal exceptions (20 events):
Event: 52.207 Thread 0x000002d5de769600 Exception <a 'java/lang/NoSuchMethodError'{0x00000000eb750328}: 'java.lang.Object java.lang.invoke.DirectMethodHandle$Holder.invokeStaticInit(java.lang.Object, java.lang.Object, java.lang.Object, java.lang.Object, java.lang.Object, java.lang.Object, java.lang.Object)'> (0x00000000eb750328) 
thrown [s\src\hotspot\share\interpreter\linkResolver.cpp, line 773]
Event: 52.208 Thread 0x000002d5de769600 Exception <a 'java/lang/NoSuchMethodError'{0x00000000eb755230}: 'java.lang.Object java.lang.invoke.Invokers$Holder.invoke_MT(java.lang.Object, java.lang.Object, java.lang.Object, java.lang.Object, java.lang.Object, java.lang.Object, java.lang.Object, java.lang.Object, java.lang.Object, java.lang.Object)'> (0x00000000eb755230) 
thrown [s\src\hotspot\share\interpreter\linkResolver.cpp, line 773]
Event: 52.208 Thread 0x000002d5de766810 Exception <a 'java/lang/NoSuchMethodError'{0x00000000eb724c98}: 'java.lang.Object java.lang.invoke.Invokers$Holder.invoke_MT(java.lang.Object, java.lang.Object, java.lang.Object, java.lang.Object, java.lang.Object, java.lang.Object, java.lang.Object, java.lang.Object, java.lang.Object, java.lang.Object)'> (0x00000000eb724c98) 
thrown [s\src\hotspot\share\interpreter\linkResolver.cpp, line 773]
Event: 52.284 Thread 0x000002d5df3dbea0 Exception <a 'java/lang/NoSuchMethodError'{0x00000000eb794860}: 'int java.lang.invoke.DirectMethodHandle$Holder.invokeVirtual(java.lang.Object, java.lang.Object, java.lang.Object)'> (0x00000000eb794860) 
thrown [s\src\hotspot\share\interpreter\linkResolver.cpp, line 773]
Event: 52.338 Thread 0x000002d5df3dbea0 Exception <a 'java/lang/NoSuchMethodError'{0x00000000eb798c08}: 'int java.lang.invoke.DirectMethodHandle$Holder.invokeStaticInit(java.lang.Object, int, int)'> (0x00000000eb798c08) 
thrown [s\src\hotspot\share\interpreter\linkResolver.cpp, line 773]
Event: 52.344 Thread 0x000002d5df3dbea0 Exception <a 'java/lang/NoSuchMethodError'{0x00000000eb7ac398}: 'int java.lang.invoke.DirectMethodHandle$Holder.invokeStaticInit(java.lang.Object, long, long)'> (0x00000000eb7ac398) 
thrown [s\src\hotspot\share\interpreter\linkResolver.cpp, line 773]
Event: 52.351 Thread 0x000002d5df3dbea0 Exception <a 'java/lang/NoSuchMethodError'{0x00000000eb7b30e0}: 'int java.lang.invoke.DirectMethodHandle$Holder.invokeStaticInit(java.lang.Object, float, float)'> (0x00000000eb7b30e0) 
thrown [s\src\hotspot\share\interpreter\linkResolver.cpp, line 773]
Event: 52.376 Thread 0x000002d5df3dbea0 Exception <a 'java/lang/NoSuchMethodError'{0x00000000eb7b9e20}: 'int java.lang.invoke.DirectMethodHandle$Holder.invokeStaticInit(java.lang.Object, double, double)'> (0x00000000eb7b9e20) 
thrown [s\src\hotspot\share\interpreter\linkResolver.cpp, line 773]
Event: 52.377 Thread 0x000002d5df3dbea0 Exception <a 'java/lang/NoSuchMethodError'{0x00000000eb7be670}: 'int java.lang.invoke.DirectMethodHandle$Holder.invokeStatic(java.lang.Object, long)'> (0x00000000eb7be670) 
thrown [s\src\hotspot\share\interpreter\linkResolver.cpp, line 773]
Event: 52.380 Thread 0x000002d5de769600 Exception <a 'java/lang/NoSuchMethodError'{0x00000000eb7f4480}: 'int java.lang.invoke.Invokers$Holder.linkToTargetMethod(java.lang.Object, java.lang.Object)'> (0x00000000eb7f4480) 
thrown [s\src\hotspot\share\interpreter\linkResolver.cpp, line 773]
Event: 52.388 Thread 0x000002d5df3dbea0 Exception <a 'java/lang/NoSuchMethodError'{0x00000000eb7cbb98}: 'int java.lang.invoke.Invokers$Holder.linkToTargetMethod(java.lang.Object, java.lang.Object)'> (0x00000000eb7cbb98) 
thrown [s\src\hotspot\share\interpreter\linkResolver.cpp, line 773]
Event: 54.384 Thread 0x000002d5de769600 Exception <a 'java/lang/NoSuchMethodError'{0x00000000eab05ec0}: 'int java.lang.invoke.DirectMethodHandle$Holder.invokeSpecial(java.lang.Object, java.lang.Object, java.lang.Object, java.lang.Object)'> (0x00000000eab05ec0) 
thrown [s\src\hotspot\share\interpreter\linkResolver.cpp, line 773]
Event: 54.384 Thread 0x000002d5de766810 Exception <a 'java/lang/NoSuchMethodError'{0x00000000eab538f0}: 'int java.lang.invoke.DirectMethodHandle$Holder.invokeSpecial(java.lang.Object, java.lang.Object, java.lang.Object, java.lang.Object)'> (0x00000000eab538f0) 
thrown [s\src\hotspot\share\interpreter\linkResolver.cpp, line 773]
Event: 54.391 Thread 0x000002d5de766810 Exception <a 'java/lang/NoSuchMethodError'{0x00000000eab633c8}: 'java.lang.Object java.lang.invoke.DirectMethodHandle$Holder.invokeStatic(java.lang.Object, int, java.lang.Object, java.lang.Object)'> (0x00000000eab633c8) 
thrown [s\src\hotspot\share\interpreter\linkResolver.cpp, line 773]
Event: 54.392 Thread 0x000002d5de769600 Exception <a 'java/lang/NoSuchMethodError'{0x00000000eab0fe58}: 'java.lang.Object java.lang.invoke.DirectMethodHandle$Holder.invokeStatic(java.lang.Object, int, java.lang.Object, java.lang.Object)'> (0x00000000eab0fe58) 
thrown [s\src\hotspot\share\interpreter\linkResolver.cpp, line 773]
Event: 54.392 Thread 0x000002d5de766810 Exception <a 'java/lang/NoSuchMethodError'{0x00000000eab66e78}: 'java.lang.Object java.lang.invoke.DelegatingMethodHandle$Holder.delegate(java.lang.Object, int, java.lang.Object, java.lang.Object)'> (0x00000000eab66e78) 
thrown [s\src\hotspot\share\interpreter\linkResolver.cpp, line 773]
Event: 54.392 Thread 0x000002d5de769600 Exception <a 'java/lang/NoSuchMethodError'{0x00000000eab6d8d8}: 'java.lang.Object java.lang.invoke.DelegatingMethodHandle$Holder.delegate(java.lang.Object, int, java.lang.Object, java.lang.Object)'> (0x00000000eab6d8d8) 
thrown [s\src\hotspot\share\interpreter\linkResolver.cpp, line 773]
Event: 54.394 Thread 0x000002d5de766810 Implicit null exception at 0x000002d58ddc2276 to 0x000002d58ddc25ac
Event: 54.394 Thread 0x000002d5de769600 Implicit null exception at 0x000002d58ddc2276 to 0x000002d58ddc25ac
Event: 54.430 Thread 0x000002d5de769600 Exception <a 'java/lang/NoSuchMethodError'{0x00000000eab89b70}: 'int java.lang.invoke.Invokers$Holder.linkToTargetMethod(java.lang.Object, java.lang.Object, java.lang.Object)'> (0x00000000eab89b70) 
thrown [s\src\hotspot\share\interpreter\linkResolver.cpp, line 773]

ZGC Phase Switch (0 events):
No events

VM Operations (20 events):
Event: 60.323 Executing VM operation: Cleanup
Event: 60.323 Executing VM operation: Cleanup done
Event: 60.323 Executing VM operation: RendezvousGCThreads
Event: 60.323 Executing VM operation: RendezvousGCThreads done
Event: 62.344 Executing VM operation: Cleanup
Event: 62.344 Executing VM operation: Cleanup done
Event: 65.380 Executing VM operation: Cleanup
Event: 65.427 Executing VM operation: Cleanup done
Event: 65.435 Executing VM operation: HandshakeAllThreads (Deoptimize)
Event: 65.436 Executing VM operation: HandshakeAllThreads (Deoptimize) done
Event: 66.449 Executing VM operation: Cleanup
Event: 66.528 Executing VM operation: Cleanup done
Event: 67.538 Executing VM operation: Cleanup
Event: 67.538 Executing VM operation: Cleanup done
Event: 68.549 Executing VM operation: Cleanup
Event: 68.565 Executing VM operation: Cleanup done
Event: 69.995 Executing VM operation: ParallelGCFailedAllocation (Allocation Failure)
Event: 70.002 Executing VM operation: ParallelGCFailedAllocation (Allocation Failure) done
Event: 71.016 Executing VM operation: Cleanup
Event: 71.016 Executing VM operation: Cleanup done

Memory protections (0 events):
No events

Nmethod flushes (0 events):
No events

Events (20 events):
Event: 24.418 Thread 0x000002d5dd637fa0 Thread added: 0x000002d5dd93bd90
Event: 24.440 Thread 0x000002d5dd637fa0 Thread added: 0x000002d5dd93aaf0
Event: 29.633 Thread 0x000002d5dd93aaf0 Thread exited: 0x000002d5dd93aaf0
Event: 31.416 Thread 0x000002d5dd637fa0 Thread added: 0x000002d5df3dbea0
Event: 31.427 Thread 0x000002d5972e2a00 Thread added: 0x000002d5df483ea0
Event: 31.590 Thread 0x000002d5df483ea0 Thread exited: 0x000002d5df483ea0
Event: 37.929 Thread 0x000002d5df3dbea0 Thread exited: 0x000002d5df3dbea0
Event: 40.210 Thread 0x000002d597273320 Thread added: 0x000002d5df4bcf80
Event: 40.363 Thread 0x000002d580c3daf0 Thread added: 0x000002d5df3dc530
Event: 40.373 Thread 0x000002d580c3daf0 Thread added: 0x000002d5df3dcbc0
Event: 40.378 Thread 0x000002d580c3daf0 Thread added: 0x000002d5df3dd250
Event: 40.393 Thread 0x000002d580c3daf0 Thread added: 0x000002d5df3dd8e0
Event: 40.406 Thread 0x000002d580c3daf0 Thread added: 0x000002d5df3ddf70
Event: 40.506 Thread 0x000002d5df4bcf80 Thread exited: 0x000002d5df4bcf80
Event: 40.547 Thread 0x000002d580c3daf0 Thread added: 0x000002d5df3de600
Event: 41.127 Thread 0x000002d5dd93bd90 Thread added: 0x000002d5df3dec90
Event: 41.931 Thread 0x000002d580c3daf0 Thread added: 0x000002d5df3df320
Event: 42.023 Thread 0x000002d580c3daf0 Thread added: 0x000002d5df3dbea0
Event: 44.592 Thread 0x000002d5df3dbea0 Thread added: 0x000002d5de766810
Event: 44.645 Thread 0x000002d5df3dbea0 Thread added: 0x000002d5de769600


Dynamic libraries:
0x00007ff64c9d0000 - 0x00007ff64c9de000 	c:\Users\palak\.vscode\extensions\redhat.java-1.40.0-win32-x64\jre\21.0.6-win32-x86_64\bin\java.exe
0x00007ffdf8a20000 - 0x00007ffdf8c83000 	C:\WINDOWS\SYSTEM32\ntdll.dll
0x00007ffdf8130000 - 0x00007ffdf81f7000 	C:\WINDOWS\System32\KERNEL32.DLL
0x00007ffdf5c20000 - 0x00007ffdf5fe9000 	C:\WINDOWS\System32\KERNELBASE.dll
0x00007ffdf6120000 - 0x00007ffdf626c000 	C:\WINDOWS\System32\ucrtbase.dll
0x00007ffde27d0000 - 0x00007ffde27e8000 	c:\Users\palak\.vscode\extensions\redhat.java-1.40.0-win32-x64\jre\21.0.6-win32-x86_64\bin\jli.dll
0x00007ffdf8370000 - 0x00007ffdf853a000 	C:\WINDOWS\System32\USER32.dll
0x00007ffdf63f0000 - 0x00007ffdf6417000 	C:\WINDOWS\System32\win32u.dll
0x00007ffdf6f10000 - 0x00007ffdf6f3a000 	C:\WINDOWS\System32\GDI32.dll
0x00007ffdf6420000 - 0x00007ffdf6551000 	C:\WINDOWS\System32\gdi32full.dll
0x00007ffdf6560000 - 0x00007ffdf6603000 	C:\WINDOWS\System32\msvcp_win.dll
0x00007ffde27b0000 - 0x00007ffde27ce000 	c:\Users\palak\.vscode\extensions\redhat.java-1.40.0-win32-x64\jre\21.0.6-win32-x86_64\bin\VCRUNTIME140.dll
0x00007ffde38b0000 - 0x00007ffde3b40000 	C:\WINDOWS\WinSxS\amd64_microsoft.windows.common-controls_6595b64144ccf1df_6.0.26100.3323_none_3e088096e3344490\COMCTL32.dll
0x00007ffdf7340000 - 0x00007ffdf73e9000 	C:\WINDOWS\System32\msvcrt.dll
0x00007ffdf8210000 - 0x00007ffdf823f000 	C:\WINDOWS\System32\IMM32.DLL
0x00007ffde27a0000 - 0x00007ffde27ac000 	c:\Users\palak\.vscode\extensions\redhat.java-1.40.0-win32-x64\jre\21.0.6-win32-x86_64\bin\vcruntime140_1.dll
0x00007ffd79430000 - 0x00007ffd794bd000 	c:\Users\palak\.vscode\extensions\redhat.java-1.40.0-win32-x64\jre\21.0.6-win32-x86_64\bin\msvcp140.dll
0x00007ffd786a0000 - 0x00007ffd79430000 	c:\Users\palak\.vscode\extensions\redhat.java-1.40.0-win32-x64\jre\21.0.6-win32-x86_64\bin\server\jvm.dll
0x00007ffdf8260000 - 0x00007ffdf8312000 	C:\WINDOWS\System32\ADVAPI32.dll
0x00007ffdf6f70000 - 0x00007ffdf7016000 	C:\WINDOWS\System32\sechost.dll
0x00007ffdf7190000 - 0x00007ffdf72a6000 	C:\WINDOWS\System32\RPCRT4.dll
0x00007ffdf8540000 - 0x00007ffdf85b4000 	C:\WINDOWS\System32\WS2_32.dll
0x00007ffdf5ab0000 - 0x00007ffdf5afe000 	C:\WINDOWS\SYSTEM32\POWRPROF.dll
0x00007ffdef160000 - 0x00007ffdef196000 	C:\WINDOWS\SYSTEM32\WINMM.dll
0x00007ffdef1a0000 - 0x00007ffdef1ab000 	C:\WINDOWS\SYSTEM32\VERSION.dll
0x00007ffdf5a90000 - 0x00007ffdf5aa4000 	C:\WINDOWS\SYSTEM32\UMPDC.dll
0x00007ffdf4a40000 - 0x00007ffdf4a5a000 	C:\WINDOWS\SYSTEM32\kernel.appcore.dll
0x00007ffdd91e0000 - 0x00007ffdd91ea000 	c:\Users\palak\.vscode\extensions\redhat.java-1.40.0-win32-x64\jre\21.0.6-win32-x86_64\bin\jimage.dll
0x00007ffde8420000 - 0x00007ffde8661000 	C:\WINDOWS\SYSTEM32\DBGHELP.DLL
0x00007ffdf7da0000 - 0x00007ffdf8122000 	C:\WINDOWS\System32\combase.dll
0x00007ffdf8900000 - 0x00007ffdf89d6000 	C:\WINDOWS\System32\OLEAUT32.dll
0x00007ffdd38b0000 - 0x00007ffdd38e9000 	C:\WINDOWS\SYSTEM32\dbgcore.DLL
0x00007ffdf6080000 - 0x00007ffdf6119000 	C:\WINDOWS\System32\bcryptPrimitives.dll
0x00007ffdd91d0000 - 0x00007ffdd91df000 	c:\Users\palak\.vscode\extensions\redhat.java-1.40.0-win32-x64\jre\21.0.6-win32-x86_64\bin\instrument.dll
0x00007ffdbea90000 - 0x00007ffdbeaaf000 	c:\Users\palak\.vscode\extensions\redhat.java-1.40.0-win32-x64\jre\21.0.6-win32-x86_64\bin\java.dll
0x00007ffdf7680000 - 0x00007ffdf7d95000 	C:\WINDOWS\System32\SHELL32.dll
0x00007ffdf6610000 - 0x00007ffdf6778000 	C:\WINDOWS\System32\wintypes.dll
0x00007ffdf3900000 - 0x00007ffdf4145000 	C:\WINDOWS\SYSTEM32\windows.storage.dll
0x00007ffdf87b0000 - 0x00007ffdf889b000 	C:\WINDOWS\System32\SHCORE.dll
0x00007ffdf7130000 - 0x00007ffdf718d000 	C:\WINDOWS\System32\shlwapi.dll
0x00007ffdf5b30000 - 0x00007ffdf5b5f000 	C:\WINDOWS\SYSTEM32\profapi.dll
0x00007ffdbea20000 - 0x00007ffdbea38000 	c:\Users\palak\.vscode\extensions\redhat.java-1.40.0-win32-x64\jre\21.0.6-win32-x86_64\bin\zip.dll
0x00007ffdc41b0000 - 0x00007ffdc41c0000 	C:\Users\palak\.vscode\extensions\redhat.java-1.40.0-win32-x64\jre\21.0.6-win32-x86_64\bin\net.dll
0x00007ffdeae90000 - 0x00007ffdeafae000 	C:\WINDOWS\SYSTEM32\WINHTTP.dll
0x00007ffdf4f60000 - 0x00007ffdf4fca000 	C:\WINDOWS\system32\mswsock.dll
0x00007ffdb4440000 - 0x00007ffdb4456000 	C:\Users\palak\.vscode\extensions\redhat.java-1.40.0-win32-x64\jre\21.0.6-win32-x86_64\bin\nio.dll
0x00007ffdc3f00000 - 0x00007ffdc3f10000 	c:\Users\palak\.vscode\extensions\redhat.java-1.40.0-win32-x64\jre\21.0.6-win32-x86_64\bin\verify.dll
0x00007ffd92490000 - 0x00007ffd924d5000 	C:\Users\palak\AppData\Roaming\Code\User\globalStorage\redhat.java\1.40.0\config_ss_win\org.eclipse.equinox.launcher\org.eclipse.equinox.launcher.win32.win32.x86_64_1.2.1200.v20250212-0927\eclipse_11909.dll
0x00007ffdf6d70000 - 0x00007ffdf6f05000 	C:\WINDOWS\System32\ole32.dll
0x00007ffdf5200000 - 0x00007ffdf521c000 	C:\WINDOWS\SYSTEM32\CRYPTSP.dll
0x00007ffdf49a0000 - 0x00007ffdf49da000 	C:\WINDOWS\system32\rsaenh.dll
0x00007ffdf5000000 - 0x00007ffdf502b000 	C:\WINDOWS\SYSTEM32\USERENV.dll
0x00007ffdf5440000 - 0x00007ffdf5466000 	C:\WINDOWS\SYSTEM32\bcrypt.dll
0x00007ffdf5220000 - 0x00007ffdf522c000 	C:\WINDOWS\SYSTEM32\CRYPTBASE.dll
0x00007ffdf4440000 - 0x00007ffdf4473000 	C:\WINDOWS\SYSTEM32\IPHLPAPI.DLL
0x00007ffdf8200000 - 0x00007ffdf820a000 	C:\WINDOWS\System32\NSI.dll
0x00007ffd92400000 - 0x00007ffd92449000 	C:\Users\palak\AppData\Local\Temp\jna-106430981\jna13068626005808026376.dll
0x00007ffdf7020000 - 0x00007ffdf7028000 	C:\WINDOWS\System32\PSAPI.DLL
0x00007ffdeb040000 - 0x00007ffdeb05f000 	C:\WINDOWS\SYSTEM32\dhcpcsvc6.DLL
0x00007ffdead80000 - 0x00007ffdeada5000 	C:\WINDOWS\SYSTEM32\dhcpcsvc.DLL

dbghelp: loaded successfully - version: 4.0.5 - missing functions: none
symbol engine: initialized successfully - sym options: 0x614 - pdb path: .;c:\Users\palak\.vscode\extensions\redhat.java-1.40.0-win32-x64\jre\21.0.6-win32-x86_64\bin;C:\WINDOWS\SYSTEM32;C:\WINDOWS\WinSxS\amd64_microsoft.windows.common-controls_6595b64144ccf1df_6.0.26100.3323_none_3e088096e3344490;c:\Users\palak\.vscode\extensions\redhat.java-1.40.0-win32-x64\jre\21.0.6-win32-x86_64\bin\server;C:\Users\palak\AppData\Roaming\Code\User\globalStorage\redhat.java\1.40.0\config_ss_win\org.eclipse.equinox.launcher\org.eclipse.equinox.launcher.win32.win32.x86_64_1.2.1200.v20250212-0927;C:\Users\palak\AppData\Local\Temp\jna-106430981

VM Arguments:
jvm_args: --add-modules=ALL-SYSTEM --add-opens=java.base/java.util=ALL-UNNAMED --add-opens=java.base/java.lang=ALL-UNNAMED --add-opens=java.base/sun.nio.fs=ALL-UNNAMED -Declipse.application=org.eclipse.jdt.ls.core.id1 -Dosgi.bundles.defaultStartLevel=4 -Declipse.product=org.eclipse.jdt.ls.core.product -Djava.import.generatesMetadataFilesAtProjectRoot=false -DDetectVMInstallationsJob.disabled=true -Dfile.encoding=utf8 -XX:+UseParallelGC -XX:GCTimeRatio=4 -XX:AdaptiveSizePolicyWeight=90 -Dsun.zip.disableMemoryMapping=true -Xmx1G -Xms100m -Xlog:disable -javaagent:c:\Users\palak\.vscode\extensions\redhat.java-1.40.0-win32-x64\lombok\lombok-1.18.36.jar 
java_command: c:\Users\palak\.vscode\extensions\redhat.java-1.40.0-win32-x64\server\plugins\org.eclipse.equinox.launcher_1.6.1000.v20250131-0606.jar -configuration c:\Users\palak\AppData\Roaming\Code\User\globalStorage\redhat.java\1.40.0\config_ss_win -data c:\Users\palak\AppData\Roaming\Code\User\workspaceStorage\632f04cdbe9e26a6a5769c745b0508de\redhat.java\ss_ws --pipe=\\.\pipe\lsp-d2ce586ea8d68043f3ac5dcc711c700b-sock
java_class_path (initial): c:\Users\palak\.vscode\extensions\redhat.java-1.40.0-win32-x64\server\plugins\org.eclipse.equinox.launcher_1.6.1000.v20250131-0606.jar
Launcher Type: SUN_STANDARD

[Global flags]
    uintx AdaptiveSizePolicyWeight                 = 90                                        {product} {command line}
     intx CICompilerCount                          = 3                                         {product} {ergonomic}
    uintx GCTimeRatio                              = 4                                         {product} {command line}
   size_t InitialHeapSize                          = 104857600                                 {product} {command line}
   size_t MaxHeapSize                              = 1073741824                                {product} {command line}
   size_t MaxNewSize                               = 357564416                                 {product} {ergonomic}
   size_t MinHeapDeltaBytes                        = 524288                                    {product} {ergonomic}
   size_t MinHeapSize                              = 104857600                                 {product} {command line}
   size_t NewSize                                  = 34603008                                  {product} {ergonomic}
    uintx NonNMethodCodeHeapSize                   = 5832780                                {pd product} {ergonomic}
    uintx NonProfiledCodeHeapSize                  = 122912730                              {pd product} {ergonomic}
   size_t OldSize                                  = 70254592                                  {product} {ergonomic}
    uintx ProfiledCodeHeapSize                     = 122912730                              {pd product} {ergonomic}
    uintx ReservedCodeCacheSize                    = 251658240                              {pd product} {ergonomic}
     bool SegmentedCodeCache                       = true                                      {product} {ergonomic}
   size_t SoftMaxHeapSize                          = 1073741824                             {manageable} {ergonomic}
     bool UseCompressedOops                        = true                           {product lp64_product} {ergonomic}
     bool UseLargePagesIndividualAllocation        = false                                  {pd product} {ergonomic}
     bool UseParallelGC                            = true                                      {product} {command line}

Logging:
Log output configuration:
 #0: stdout all=off uptime,level,tags foldmultilines=false
 #1: stderr all=off uptime,level,tags foldmultilines=false

Environment Variables:
JAVA_HOME=C:\Users\palak\Downloads\java-21-openjdk-21.0.1.0.12-3.win.jdk.x86_64\java-21-openjdk-21.0.1.0.12-3.win.jdk.x86_64
PATH=C:\Program Files (x86)\Common Files\Oracle\Java\java8path;C:\Program Files (x86)\Common Files\Oracle\Java\javapath;C:\WINDOWS\system32;C:\WINDOWS;C:\WINDOWS\System32\Wbem;C:\WINDOWS\System32\WindowsPowerShell\v1.0\;C:\WINDOWS\System32\OpenSSH\;C:\Users\palak\Downloads\java-21-openjdk-21.0.1.0.12-3.win.jdk.x86_64\java-21-openjdk-21.0.1.0.12-3.win.jdk.x86_64\bin;C:\Users\palak\Downloads\apache-maven-3.9.8-bin\bin;c:\users\palak\appdata\local\packages\pythonsoftwarefoundation.python.3.11_qbz5n2kfra8p0\localcache\local-packages\python311\site-packages;C:\ProgramData\chocolatey\bin;C:\Program Files\nodejs\;C:\Users\palak\AppData\Local\Programs\Python\Python312\Scripts;C:\Program Files\Git\cmd;C:\Users\palak\Downloads\flutter_windows_3.27.3-stable\flutter\bin;C:\Users\palak\AppData\Local\Android\Sdk\cmdline-tools\latest\bin;C:\Users\palak\AppData\Local\Android\Sdk\platform-tools;C:\ffmpeg;C:\Program Files\MongoDB\Server\8.0\bin;C:\Users\palak\AppData\Local\Programs\Python\Python313\Scripts\;C:\Users\palak\AppData\Local\Programs\Python\Python313\;C:\Users\palak\AppData\Local\Programs\Python\Python312\Scripts\;C:\Users\palak\AppData\Local\Programs\Python\Python312\;C:\Users\palak\AppData\Local\Programs\Python\Launcher\;C:\Program Files\MySQL\MySQL Shell 8.0\bin\;C:\Users\palak\AppData\Local\Microsoft\WindowsApps;C:\Users\palak\AppData\Local\Programs\Microsoft VS Code\bin;C:\Program Files\JetBrains\IntelliJ IDEA Community Edition 2023.3.3\bin;C:\Users\palak\AppData\Local\JetBrains\CLion 2023.3.4\bin;C:\Program Files\JetBrains\PyCharm 2024.1.2\bin;C:\Program Files\JetBrains\PyCharm Community Edition 2024.1.4\bin;C:\Users\palak\AppData\Local\JetBrains\Toolbox\scripts;C:\Users\palak\AppData\Roaming\npm;C:\Users\palak\AppData\Local\GitHubDesktop\bin;C:\Users\palak\AppData\Local\Microsoft\WindowsApps;
USERNAME=palak
OS=Windows_NT
PROCESSOR_IDENTIFIER=AMD64 Family 23 Model 24 Stepping 1, AuthenticAMD
TMP=C:\Users\palak\AppData\Local\Temp
TEMP=C:\Users\palak\AppData\Local\Temp




Periodic native trim disabled

---------------  S Y S T E M  ---------------

OS:
 Windows 11 , 64 bit Build 26100 (10.0.26100.3323)
OS uptime: 0 days 7:09 hours

CPU: total 4 (initial active 4) (4 cores per cpu, 2 threads per core) family 23 model 24 stepping 1 microcode 0x8108109, cx8, cmov, fxsr, ht, mmx, 3dnowpref, sse, sse2, sse3, ssse3, sse4a, sse4.1, sse4.2, popcnt, lzcnt, tsc, tscinvbit, avx, avx2, aes, clmul, bmi1, bmi2, adx, sha, fma, vzeroupper, clflush, clflushopt, rdtscp, f16c
Processor Information for the first 4 processors :
  Max Mhz: 2600, Current Mhz: 2600, Mhz Limit: 2600

Memory: 4k page, system-wide physical 6086M (490M free)
TotalPageFile size 14278M (AvailPageFile size 0M)
current process WorkingSet (physical memory assigned to process): 138M, peak: 173M
current process commit charge ("private bytes"): 235M, peak: 252M

vm_info: OpenJDK 64-Bit Server VM (21.0.6+7-LTS) for windows-amd64 JRE (21.0.6+7-LTS), built on 2025-01-21T00:00:00Z by "admin" with MS VC++ 17.7 (VS2022)

END.
