#
# There is insufficient memory for the Java Runtime Environment to continue.
# Native memory allocation (malloc) failed to allocate 1041776 bytes. Error detail: Chunk::new
# Possible reasons:
#   The system is out of physical RAM or swap space
#   This process is running with CompressedOops enabled, and the Java Heap may be blocking the growth of the native heap
# Possible solutions:
#   Reduce memory load on the system
#   Increase physical memory or swap space
#   Check if swap backing store is full
#   Decrease Java heap size (-Xmx/-Xms)
#   Decrease number of Java threads
#   Decrease Java thread stack sizes (-Xss)
#   Set larger code cache with -XX:ReservedCodeCacheSize=
#   JVM is running with Unscaled Compressed Oops mode in which the Java heap is
#     placed in the first 4GB address space. The Java Heap base address is the
#     maximum limit for the native heap growth. Please use -XX:HeapBaseMinAddress
#     to set the Java Heap base and to place the Java Heap above 4GB virtual address.
# This output file may be truncated or incomplete.
#
#  Out of Memory Error (arena.cpp:168), pid=1808, tid=9492
#
# JRE version: OpenJDK Runtime Environment Temurin-21.0.6+7 (21.0.6+7) (build 21.0.6+7-LTS)
# Java VM: OpenJDK 64-Bit Server VM Temurin-21.0.6+7 (21.0.6+7-LTS, mixed mode, sharing, tiered, compressed oops, compressed class ptrs, parallel gc, windows-amd64)
# No core dump will be written. Minidumps are not enabled by default on client versions of Windows
#

---------------  S U M M A R Y ------------

Command Line: --add-modules=ALL-SYSTEM --add-opens=java.base/java.util=ALL-UNNAMED --add-opens=java.base/java.lang=ALL-UNNAMED --add-opens=java.base/sun.nio.fs=ALL-UNNAMED -Declipse.application=org.eclipse.jdt.ls.core.id1 -Dosgi.bundles.defaultStartLevel=4 -Declipse.product=org.eclipse.jdt.ls.core.product -Djava.import.generatesMetadataFilesAtProjectRoot=false -DDetectVMInstallationsJob.disabled=true -Dfile.encoding=utf8 -XX:+UseParallelGC -XX:GCTimeRatio=4 -XX:AdaptiveSizePolicyWeight=90 -Dsun.zip.disableMemoryMapping=true -Xmx1G -Xms100m -Xlog:disable -javaagent:c:\Users\palak\.vscode\extensions\redhat.java-1.41.0-win32-x64\lombok\lombok-1.18.36.jar -XX:+HeapDumpOnOutOfMemoryError -XX:HeapDumpPath=c:\Users\palak\AppData\Roaming\Code\User\workspaceStorage\632f04cdbe9e26a6a5769c745b0508de\redhat.java -Daether.dependencyCollector.impl=bf c:\Users\palak\.vscode\extensions\redhat.java-1.41.0-win32-x64\server\plugins\org.eclipse.equinox.launcher_1.6.1100.v20250306-0509.jar -configuration c:\Users\palak\AppData\Roaming\Code\User\globalStorage\redhat.java\1.41.0\config_win -data c:\Users\palak\AppData\Roaming\Code\User\workspaceStorage\632f04cdbe9e26a6a5769c745b0508de\redhat.java\jdt_ws --pipe=\\.\pipe\lsp-4c20a28cf0a9f23e3818acf3f76437d9-sock

Host: AMD Ryzen 3 3250U with Radeon Graphics         , 4 cores, 5G,  Windows 11 , 64 bit Build 26100 (10.0.26100.3323)
Time: Tue Apr  1 17:26:45 2025 India Standard Time elapsed time: 5705.193553 seconds (0d 1h 35m 5s)

---------------  T H R E A D  ---------------

Current thread (0x000001849a3098f0):  JavaThread "C2 CompilerThread0" daemon [_thread_in_native, id=9492, stack(0x0000000da6a00000,0x0000000da6b00000) (1024K)]


Current CompileTask:
C2:5705195 15497       4       org.eclipse.jdt.internal.compiler.lookup.BinaryTypeBinding::createTypeVariables (359 bytes)

Stack: [0x0000000da6a00000,0x0000000da6b00000]
Native frames: (J=compiled Java code, j=interpreted, Vv=VM code, C=native code)
V  [jvm.dll+0x6cdee9]
V  [jvm.dll+0x8a83d1]
V  [jvm.dll+0x8aa8fe]
V  [jvm.dll+0x8aafe3]
V  [jvm.dll+0x27f706]
V  [jvm.dll+0xc500d]
V  [jvm.dll+0xc5543]
V  [jvm.dll+0x2f2acd]
V  [jvm.dll+0x5f6a2a]
V  [jvm.dll+0x250bb2]
V  [jvm.dll+0x250f6f]
V  [jvm.dll+0x249834]
V  [jvm.dll+0x246ec4]
V  [jvm.dll+0x1c75ee]
V  [jvm.dll+0x25685a]
V  [jvm.dll+0x254dfa]
V  [jvm.dll+0x3f0256]
V  [jvm.dll+0x851f8b]
V  [jvm.dll+0x6cc5ed]
C  [ucrtbase.dll+0x37b0]
C  [KERNEL32.DLL+0x2e8d7]
C  [ntdll.dll+0xbbf6c]


---------------  P R O C E S S  ---------------

Threads class SMR info:
_java_thread_list=0x00000184dcbe88f0, length=45, elements={
0x0000018483d1d1b0, 0x000001849a2f41f0, 0x000001849a2f5ab0, 0x000001849a2f94c0,
0x000001849a2fa110, 0x000001849a2fb750, 0x000001849a3020a0, 0x000001849a3098f0,
0x000001849a36a710, 0x0000018485870be0, 0x00000184dc307420, 0x00000184dc6ffef0,
0x00000184dc9575c0, 0x00000184dca0b3d0, 0x00000184dc9fff40, 0x00000184e11bfb70,
0x00000184dcb1d880, 0x00000184dc857450, 0x00000184dc854660, 0x00000184dc8560a0,
0x00000184dc856730, 0x00000184dc856dc0, 0x00000184e3005300, 0x00000184e3006020,
0x00000184e30073d0, 0x00000184e30066b0, 0x00000184e30080f0, 0x00000184e3007a60,
0x00000184e3004c70, 0x00000184e300aee0, 0x00000184e500fe60, 0x00000184e5011210,
0x00000184e5010b80, 0x00000184e500f7d0, 0x00000184e500f140, 0x00000184e5012c50,
0x00000184e50132e0, 0x00000184e5015a40, 0x00000184e5014690, 0x00000184e5014d20,
0x00000184e50160d0, 0x00000184e5016760, 0x00000184e5014000, 0x00000184e3006d40,
0x00000184e300bc00
}

Java Threads: ( => current thread )
  0x0000018483d1d1b0 JavaThread "main"                              [_thread_blocked, id=18900, stack(0x0000000da6000000,0x0000000da6100000) (1024K)]
  0x000001849a2f41f0 JavaThread "Reference Handler"          daemon [_thread_blocked, id=17768, stack(0x0000000da6400000,0x0000000da6500000) (1024K)]
  0x000001849a2f5ab0 JavaThread "Finalizer"                  daemon [_thread_blocked, id=1660, stack(0x0000000da6500000,0x0000000da6600000) (1024K)]
  0x000001849a2f94c0 JavaThread "Signal Dispatcher"          daemon [_thread_blocked, id=20148, stack(0x0000000da6600000,0x0000000da6700000) (1024K)]
  0x000001849a2fa110 JavaThread "Attach Listener"            daemon [_thread_blocked, id=7800, stack(0x0000000da6700000,0x0000000da6800000) (1024K)]
  0x000001849a2fb750 JavaThread "Service Thread"             daemon [_thread_blocked, id=13812, stack(0x0000000da6800000,0x0000000da6900000) (1024K)]
  0x000001849a3020a0 JavaThread "Monitor Deflation Thread"   daemon [_thread_blocked, id=9352, stack(0x0000000da6900000,0x0000000da6a00000) (1024K)]
=>0x000001849a3098f0 JavaThread "C2 CompilerThread0"         daemon [_thread_in_native, id=9492, stack(0x0000000da6a00000,0x0000000da6b00000) (1024K)]
  0x000001849a36a710 JavaThread "C1 CompilerThread0"         daemon [_thread_blocked, id=9372, stack(0x0000000da6b00000,0x0000000da6c00000) (1024K)]
  0x0000018485870be0 JavaThread "Common-Cleaner"             daemon [_thread_blocked, id=1324, stack(0x0000000da6c00000,0x0000000da6d00000) (1024K)]
  0x00000184dc307420 JavaThread "Notification Thread"        daemon [_thread_blocked, id=8940, stack(0x0000000da6d00000,0x0000000da6e00000) (1024K)]
  0x00000184dc6ffef0 JavaThread "Active Thread: Equinox Container: 5f6e66e3-572d-43c4-8f74-8f1be4cb6955"        [_thread_blocked, id=17328, stack(0x0000000da7200000,0x0000000da7300000) (1024K)]
  0x00000184dc9575c0 JavaThread "Refresh Thread: Equinox Container: 5f6e66e3-572d-43c4-8f74-8f1be4cb6955" daemon [_thread_blocked, id=18488, stack(0x0000000da6e00000,0x0000000da6f00000) (1024K)]
  0x00000184dca0b3d0 JavaThread "Framework Event Dispatcher: Equinox Container: 5f6e66e3-572d-43c4-8f74-8f1be4cb6955" daemon [_thread_blocked, id=19172, stack(0x0000000da7300000,0x0000000da7400000) (1024K)]
  0x00000184dc9fff40 JavaThread "Start Level: Equinox Container: 5f6e66e3-572d-43c4-8f74-8f1be4cb6955" daemon [_thread_blocked, id=3244, stack(0x0000000da7400000,0x0000000da7500000) (1024K)]
  0x00000184e11bfb70 JavaThread "Bundle File Closer"         daemon [_thread_blocked, id=19052, stack(0x0000000da7600000,0x0000000da7700000) (1024K)]
  0x00000184dcb1d880 JavaThread "SCR Component Actor"        daemon [_thread_blocked, id=19652, stack(0x0000000da7500000,0x0000000da7600000) (1024K)]
  0x00000184dc857450 JavaThread "Worker-JM"                         [_thread_blocked, id=11684, stack(0x0000000da7900000,0x0000000da7a00000) (1024K)]
  0x00000184dc854660 JavaThread "JNA Cleaner"                daemon [_thread_blocked, id=12308, stack(0x0000000da7800000,0x0000000da7900000) (1024K)]
  0x00000184dc8560a0 JavaThread "Worker-0: Building"                [_thread_in_native, id=9680, stack(0x0000000da7a00000,0x0000000da7b00000) (1024K)]
  0x00000184dc856730 JavaThread "Java indexing"              daemon [_thread_in_Java, id=13328, stack(0x0000000da7e00000,0x0000000da7f00000) (1024K)]
  0x00000184dc856dc0 JavaThread "Worker-3"                          [_thread_blocked, id=11824, stack(0x0000000da7f00000,0x0000000da8000000) (1024K)]
  0x00000184e3005300 JavaThread "Thread-2"                   daemon [_thread_in_native, id=19832, stack(0x0000000da8200000,0x0000000da8300000) (1024K)]
  0x00000184e3006020 JavaThread "Thread-3"                   daemon [_thread_in_native, id=8932, stack(0x0000000da8300000,0x0000000da8400000) (1024K)]
  0x00000184e30073d0 JavaThread "Thread-4"                   daemon [_thread_in_native, id=19708, stack(0x0000000da8400000,0x0000000da8500000) (1024K)]
  0x00000184e30066b0 JavaThread "Thread-5"                   daemon [_thread_in_native, id=19760, stack(0x0000000da8500000,0x0000000da8600000) (1024K)]
  0x00000184e30080f0 JavaThread "Thread-6"                   daemon [_thread_in_native, id=19980, stack(0x0000000da8600000,0x0000000da8700000) (1024K)]
  0x00000184e3007a60 JavaThread "pool-2-thread-1"                   [_thread_blocked, id=11144, stack(0x0000000da8700000,0x0000000da8800000) (1024K)]
  0x00000184e3004c70 JavaThread "WorkspaceEventsHandler"            [_thread_blocked, id=13460, stack(0x0000000da8800000,0x0000000da8900000) (1024K)]
  0x00000184e300aee0 JavaThread "pool-1-thread-1"                   [_thread_blocked, id=10572, stack(0x0000000da8900000,0x0000000da8a00000) (1024K)]
  0x00000184e500fe60 JavaThread "Cleaner-0"                  daemon [_thread_blocked, id=19756, stack(0x0000000da8000000,0x0000000da8100000) (1024K)]
  0x00000184e5011210 JavaThread "ForkJoinPool.commonPool-worker-6" daemon [_thread_blocked, id=21136, stack(0x0000000da5f00000,0x0000000da6000000) (1024K)]
  0x00000184e5010b80 JavaThread "ForkJoinPool.commonPool-worker-7" daemon [_thread_blocked, id=14872, stack(0x0000000da5d00000,0x0000000da5e00000) (1024K)]
  0x00000184e500f7d0 JavaThread "ForkJoinPool.commonPool-worker-8" daemon [_thread_blocked, id=18852, stack(0x0000000da5e00000,0x0000000da5f00000) (1024K)]
  0x00000184e500f140 JavaThread "Worker-5"                          [_thread_blocked, id=18036, stack(0x0000000da7700000,0x0000000da7800000) (1024K)]
  0x00000184e5012c50 JavaThread "Worker-6: Java indexing... "        [_thread_blocked, id=10876, stack(0x0000000da7b00000,0x0000000da7c00000) (1024K)]
  0x00000184e50132e0 JavaThread "Compiler Source File Reader" daemon [_thread_blocked, id=14152, stack(0x0000000da7d00000,0x0000000da7e00000) (1024K)]
  0x00000184e5015a40 JavaThread "LocalFile Deleter"          daemon [_thread_blocked, id=5488, stack(0x0000000da7c00000,0x0000000da7d00000) (1024K)]
  0x00000184e5014690 JavaThread "LocalFile Deleter"          daemon [_thread_blocked, id=14944, stack(0x0000000da8100000,0x0000000da8200000) (1024K)]
  0x00000184e5014d20 JavaThread "LocalFile Deleter"          daemon [_thread_blocked, id=2040, stack(0x0000000da8a00000,0x0000000da8b00000) (1024K)]
  0x00000184e50160d0 JavaThread "LocalFile Deleter"          daemon [_thread_blocked, id=14688, stack(0x0000000da8b00000,0x0000000da8c00000) (1024K)]
  0x00000184e5016760 JavaThread "Compiler Source File Reader" daemon [_thread_blocked, id=13972, stack(0x0000000da8d00000,0x0000000da8e00000) (1024K)]
  0x00000184e5014000 JavaThread "Compiler Processing Task"   daemon [_thread_blocked, id=15012, stack(0x0000000da8e00000,0x0000000da8f00000) (1024K)]
  0x00000184e3006d40 JavaThread "Compiler Class File Writer" daemon [_thread_blocked, id=15756, stack(0x0000000da8f00000,0x0000000da9000000) (1024K)]
  0x00000184e300bc00 JavaThread "Compiler Class File Writer" daemon [_thread_blocked, id=2036, stack(0x0000000da8c00000,0x0000000da8d00000) (1024K)]
Total: 45

Other Threads:
  0x00000184858a0940 VMThread "VM Thread"                           [id=19104, stack(0x0000000da6300000,0x0000000da6400000) (1024K)]
  0x000001849a28ca10 WatcherThread "VM Periodic Task Thread"        [id=15552, stack(0x0000000da6200000,0x0000000da6300000) (1024K)]
  0x0000018485821e50 WorkerThread "GC Thread#0"                     [id=10156, stack(0x0000000da6100000,0x0000000da6200000) (1024K)]
  0x00000184dc6b8170 WorkerThread "GC Thread#1"                     [id=8140, stack(0x0000000da6f00000,0x0000000da7000000) (1024K)]
  0x00000184dc6ba520 WorkerThread "GC Thread#2"                     [id=18048, stack(0x0000000da7000000,0x0000000da7100000) (1024K)]
  0x00000184dc6ba8c0 WorkerThread "GC Thread#3"                     [id=15280, stack(0x0000000da7100000,0x0000000da7200000) (1024K)]
Total: 6

Threads with active compile tasks:
C2 CompilerThread0  5705299 15497       4       org.eclipse.jdt.internal.compiler.lookup.BinaryTypeBinding::createTypeVariables (359 bytes)
C1 CompilerThread0  5705299 15529       3       java.util.stream.Streams$StreamBuilderImpl::forEachRemaining (30 bytes)
Total: 2

VM state: not at safepoint (normal execution)

VM Mutex/Monitor currently owned by a thread: None

Heap address: 0x00000000c0000000, size: 1024 MB, Compressed Oops mode: 32-bit

CDS archive(s) mapped at: [0x000001849b000000-0x000001849bba0000-0x000001849bba0000), size 12189696, SharedBaseAddress: 0x000001849b000000, ArchiveRelocationMode: 1.
Compressed class space mapped at: 0x000001849c000000-0x00000184dc000000, reserved size: 1073741824
Narrow klass base: 0x000001849b000000, Narrow klass shift: 0, Narrow klass range: 0x100000000

GC Precious Log:
 CardTable entry size: 512
 CPUs: 4 total, 4 available
 Memory: 6086M
 Large Page Support: Disabled
 NUMA Support: Disabled
 Compressed Oops: Enabled (32-bit)
 Alignments: Space 512K, Generation 512K, Heap 2M
 Heap Min Capacity: 100M
 Heap Initial Capacity: 100M
 Heap Max Capacity: 1G
 Pre-touch: Disabled
 Parallel Workers: 4

Heap:
 PSYoungGen      total 1536K, used 1395K [0x00000000eab00000, 0x00000000eae80000, 0x0000000100000000)
  eden space 1024K, 95% used [0x00000000eab00000,0x00000000eabf4c08,0x00000000eac00000)
  from space 512K, 81% used [0x00000000eae00000,0x00000000eae68010,0x00000000eae80000)
  to   space 512K, 0% used [0x00000000ead80000,0x00000000ead80000,0x00000000eae00000)
 ParOldGen       total 255488K, used 255485K [0x00000000c0000000, 0x00000000cf980000, 0x00000000eab00000)
  object space 255488K, 99% used [0x00000000c0000000,0x00000000cf97f480,0x00000000cf980000)
 Metaspace       used 75697K, committed 77440K, reserved 1179648K
  class space    used 7608K, committed 8384K, reserved 1048576K

Card table byte_map: [0x0000018497c40000,0x0000018497e50000] _byte_map_base: 0x0000018497640000

Marking Bits: (ParMarkBitMap*) 0x00007fff721c3260
 Begin Bits: [0x0000018497fb0000, 0x0000018498fb0000)
 End Bits:   [0x0000018498fb0000, 0x0000018499fb0000)

Polling page: 0x0000018483fd0000

Metaspace:

Usage:
  Non-class:     66.49 MB used.
      Class:      7.43 MB used.
       Both:     73.92 MB used.

Virtual space:
  Non-class space:      128.00 MB reserved,      67.44 MB ( 53%) committed,  2 nodes.
      Class space:        1.00 GB reserved,       8.19 MB ( <1%) committed,  1 nodes.
             Both:        1.12 GB reserved,      75.62 MB (  7%) committed. 

Chunk freelists:
   Non-Class:  12.11 MB
       Class:  7.85 MB
        Both:  19.96 MB

MaxMetaspaceSize: unlimited
CompressedClassSpaceSize: 1.00 GB
Initial GC threshold: 21.00 MB
Current GC threshold: 98.12 MB
CDS: on
 - commit_granule_bytes: 65536.
 - commit_granule_words: 8192.
 - virtual_space_node_default_size: 8388608.
 - enlarge_chunks_in_place: 1.
 - use_allocation_guard: 0.


Internal statistics:

num_allocs_failed_limit: 13.
num_arena_births: 1416.
num_arena_deaths: 14.
num_vsnodes_births: 3.
num_vsnodes_deaths: 0.
num_space_committed: 1210.
num_space_uncommitted: 0.
num_chunks_returned_to_freelist: 27.
num_chunks_taken_from_freelist: 5228.
num_chunk_merges: 16.
num_chunk_splits: 3101.
num_chunks_enlarged: 1567.
num_inconsistent_stats: 0.

CodeHeap 'non-profiled nmethods': size=120000Kb used=13205Kb max_used=13205Kb free=106794Kb
 bounds [0x0000018490530000, 0x0000018491220000, 0x0000018497a60000]
CodeHeap 'profiled nmethods': size=120000Kb used=37152Kb max_used=37152Kb free=82847Kb
 bounds [0x0000018488a60000, 0x000001848aeb0000, 0x000001848ff90000]
CodeHeap 'non-nmethods': size=5760Kb used=1470Kb max_used=1553Kb free=4289Kb
 bounds [0x000001848ff90000, 0x0000018490200000, 0x0000018490530000]
 total_blobs=15441 nmethods=14651 adapters=692
 compilation: enabled
              stopped_count=0, restarted_count=0
 full_count=0

Compilation events (20 events):
Event: 5704.460 Thread 0x000001849a36a710 nmethod 15494 0x000001848ae86590 code [0x000001848ae869a0, 0x000001848ae88118]
Event: 5704.461 Thread 0x000001849a36a710 15495       3       org.eclipse.jdt.internal.core.search.matching.JavaSearchNameEnvironment::getModulesDeclaringPackage (259 bytes)
Event: 5704.463 Thread 0x000001849a36a710 nmethod 15495 0x000001848ae88890 code [0x000001848ae88d40, 0x000001848ae8af10]
Event: 5704.472 Thread 0x000001849a36a710 15496       3       org.eclipse.jdt.internal.compiler.lookup.ReferenceBinding::computeId (3060 bytes)
Event: 5704.472 Thread 0x000001849a3098f0 15497       4       org.eclipse.jdt.internal.compiler.lookup.BinaryTypeBinding::createTypeVariables (359 bytes)
Event: 5704.488 Thread 0x000001849a36a710 nmethod 15496 0x000001848ae8b910 code [0x000001848ae8c9c0, 0x000001848ae942f8]
Event: 5704.498 Thread 0x000001849a36a710 15498       3       org.eclipse.jdt.internal.compiler.lookup.BinaryTypeBinding::convertMemberValue (230 bytes)
Event: 5704.499 Thread 0x000001849a36a710 nmethod 15498 0x000001848ae96990 code [0x000001848ae96ce0, 0x000001848ae985c0]
Event: 5704.506 Thread 0x000001849a36a710 15499       3       org.eclipse.jdt.internal.compiler.ast.SingleMemberAnnotation::computeElementValuePairs (17 bytes)
Event: 5704.507 Thread 0x000001849a36a710 nmethod 15499 0x000001848ae98a90 code [0x000001848ae98c60, 0x000001848ae99038]
Event: 5704.523 Thread 0x000001849a36a710 15500       3       org.eclipse.jdt.internal.compiler.classfmt.AnnotationInfo::scanElementValue (256 bytes)
Event: 5704.524 Thread 0x000001849a36a710 nmethod 15500 0x000001848ae99190 code [0x000001848ae993c0, 0x000001848ae99df8]
Event: 5704.537 Thread 0x000001849a36a710 15502       3       org.eclipse.jdt.internal.compiler.classfmt.ClassFileReader::decodeAnnotations (252 bytes)
Event: 5704.538 Thread 0x000001849a36a710 nmethod 15502 0x000001848ae9a110 code [0x000001848ae9a360, 0x000001848ae9b290]
Event: 5704.548 Thread 0x000001849a36a710 15503       3       org.eclipse.jdt.internal.compiler.lookup.MethodBinding::redeclaresPublicObjectMethod (98 bytes)
Event: 5704.549 Thread 0x000001849a36a710 nmethod 15503 0x000001848ae9b690 code [0x000001848ae9b940, 0x000001848ae9c5a0]
Event: 5704.561 Thread 0x000001849a36a710 15504       1       org.eclipse.jdt.internal.compiler.ast.FunctionalExpression::setExpressionContext (6 bytes)
Event: 5704.561 Thread 0x000001849a36a710 nmethod 15504 0x0000018491213d90 code [0x0000018491213f20, 0x0000018491214000]
Event: 5704.841 Thread 0x000001849a36a710 15507       2       java.util.Arrays::sort (47 bytes)
Event: 5704.841 Thread 0x000001849a36a710 nmethod 15507 0x000001848ae9cb10 code [0x000001848ae9cce0, 0x000001848ae9cea0]

GC Heap History (20 events):
Event: 5691.761 GC heap before
{Heap before GC invocations=633 (full 3):
 PSYoungGen      total 1536K, used 1506K [0x00000000eab00000, 0x00000000eaf00000, 0x0000000100000000)
  eden space 1024K, 100% used [0x00000000eab00000,0x00000000eac00000,0x00000000eac00000)
  from space 512K, 94% used [0x00000000ead80000,0x00000000eadf8b60,0x00000000eae00000)
  to   space 1024K, 0% used [0x00000000eae00000,0x00000000eae00000,0x00000000eaf00000)
 ParOldGen       total 252928K, used 252583K [0x00000000c0000000, 0x00000000cf700000, 0x00000000eab00000)
  object space 252928K, 99% used [0x00000000c0000000,0x00000000cf6a9c58,0x00000000cf700000)
 Metaspace       used 75369K, committed 77120K, reserved 1179648K
  class space    used 7562K, committed 8320K, reserved 1048576K
}
Event: 5691.767 GC heap after
{Heap after GC invocations=633 (full 3):
 PSYoungGen      total 1536K, used 512K [0x00000000eab00000, 0x00000000eae80000, 0x0000000100000000)
  eden space 1024K, 0% used [0x00000000eab00000,0x00000000eab00000,0x00000000eac00000)
  from space 512K, 100% used [0x00000000eae00000,0x00000000eae80000,0x00000000eae80000)
  to   space 1024K, 0% used [0x00000000eac80000,0x00000000eac80000,0x00000000ead80000)
 ParOldGen       total 253440K, used 253085K [0x00000000c0000000, 0x00000000cf780000, 0x00000000eab00000)
  object space 253440K, 99% used [0x00000000c0000000,0x00000000cf727770,0x00000000cf780000)
 Metaspace       used 75369K, committed 77120K, reserved 1179648K
  class space    used 7562K, committed 8320K, reserved 1048576K
}
Event: 5691.873 GC heap before
{Heap before GC invocations=634 (full 3):
 PSYoungGen      total 1536K, used 1536K [0x00000000eab00000, 0x00000000eae80000, 0x0000000100000000)
  eden space 1024K, 100% used [0x00000000eab00000,0x00000000eac00000,0x00000000eac00000)
  from space 512K, 100% used [0x00000000eae00000,0x00000000eae80000,0x00000000eae80000)
  to   space 1024K, 0% used [0x00000000eac80000,0x00000000eac80000,0x00000000ead80000)
 ParOldGen       total 253440K, used 253085K [0x00000000c0000000, 0x00000000cf780000, 0x00000000eab00000)
  object space 253440K, 99% used [0x00000000c0000000,0x00000000cf727770,0x00000000cf780000)
 Metaspace       used 75373K, committed 77120K, reserved 1179648K
  class space    used 7562K, committed 8320K, reserved 1048576K
}
Event: 5691.877 GC heap after
{Heap after GC invocations=634 (full 3):
 PSYoungGen      total 2048K, used 224K [0x00000000eab00000, 0x00000000eae80000, 0x0000000100000000)
  eden space 1024K, 0% used [0x00000000eab00000,0x00000000eab00000,0x00000000eac00000)
  from space 1024K, 21% used [0x00000000eac80000,0x00000000eacb8000,0x00000000ead80000)
  to   space 512K, 0% used [0x00000000eae00000,0x00000000eae00000,0x00000000eae80000)
 ParOldGen       total 253952K, used 253573K [0x00000000c0000000, 0x00000000cf800000, 0x00000000eab00000)
  object space 253952K, 99% used [0x00000000c0000000,0x00000000cf7a1770,0x00000000cf800000)
 Metaspace       used 75373K, committed 77120K, reserved 1179648K
  class space    used 7562K, committed 8320K, reserved 1048576K
}
Event: 5693.499 GC heap before
{Heap before GC invocations=635 (full 3):
 PSYoungGen      total 2048K, used 1248K [0x00000000eab00000, 0x00000000eae80000, 0x0000000100000000)
  eden space 1024K, 100% used [0x00000000eab00000,0x00000000eac00000,0x00000000eac00000)
  from space 1024K, 21% used [0x00000000eac80000,0x00000000eacb8000,0x00000000ead80000)
  to   space 512K, 0% used [0x00000000eae00000,0x00000000eae00000,0x00000000eae80000)
 ParOldGen       total 253952K, used 253573K [0x00000000c0000000, 0x00000000cf800000, 0x00000000eab00000)
  object space 253952K, 99% used [0x00000000c0000000,0x00000000cf7a1770,0x00000000cf800000)
 Metaspace       used 75469K, committed 77120K, reserved 1179648K
  class space    used 7577K, committed 8320K, reserved 1048576K
}
Event: 5693.503 GC heap after
{Heap after GC invocations=635 (full 3):
 PSYoungGen      total 1536K, used 192K [0x00000000eab00000, 0x00000000eae80000, 0x0000000100000000)
  eden space 1024K, 0% used [0x00000000eab00000,0x00000000eab00000,0x00000000eac00000)
  from space 512K, 37% used [0x00000000eae00000,0x00000000eae30000,0x00000000eae80000)
  to   space 512K, 0% used [0x00000000ead80000,0x00000000ead80000,0x00000000eae00000)
 ParOldGen       total 253952K, used 253717K [0x00000000c0000000, 0x00000000cf800000, 0x00000000eab00000)
  object space 253952K, 99% used [0x00000000c0000000,0x00000000cf7c5770,0x00000000cf800000)
 Metaspace       used 75469K, committed 77120K, reserved 1179648K
  class space    used 7577K, committed 8320K, reserved 1048576K
}
Event: 5695.583 GC heap before
{Heap before GC invocations=636 (full 3):
 PSYoungGen      total 1536K, used 1216K [0x00000000eab00000, 0x00000000eae80000, 0x0000000100000000)
  eden space 1024K, 100% used [0x00000000eab00000,0x00000000eac00000,0x00000000eac00000)
  from space 512K, 37% used [0x00000000eae00000,0x00000000eae30000,0x00000000eae80000)
  to   space 512K, 0% used [0x00000000ead80000,0x00000000ead80000,0x00000000eae00000)
 ParOldGen       total 253952K, used 253717K [0x00000000c0000000, 0x00000000cf800000, 0x00000000eab00000)
  object space 253952K, 99% used [0x00000000c0000000,0x00000000cf7c5770,0x00000000cf800000)
 Metaspace       used 75527K, committed 77184K, reserved 1179648K
  class space    used 7589K, committed 8320K, reserved 1048576K
}
Event: 5695.587 GC heap after
{Heap after GC invocations=636 (full 3):
 PSYoungGen      total 1536K, used 320K [0x00000000eab00000, 0x00000000eae80000, 0x0000000100000000)
  eden space 1024K, 0% used [0x00000000eab00000,0x00000000eab00000,0x00000000eac00000)
  from space 512K, 62% used [0x00000000ead80000,0x00000000eadd0010,0x00000000eae00000)
  to   space 512K, 0% used [0x00000000eae00000,0x00000000eae00000,0x00000000eae80000)
 ParOldGen       total 253952K, used 253845K [0x00000000c0000000, 0x00000000cf800000, 0x00000000eab00000)
  object space 253952K, 99% used [0x00000000c0000000,0x00000000cf7e5770,0x00000000cf800000)
 Metaspace       used 75527K, committed 77184K, reserved 1179648K
  class space    used 7589K, committed 8320K, reserved 1048576K
}
Event: 5695.855 GC heap before
{Heap before GC invocations=637 (full 3):
 PSYoungGen      total 1536K, used 1344K [0x00000000eab00000, 0x00000000eae80000, 0x0000000100000000)
  eden space 1024K, 100% used [0x00000000eab00000,0x00000000eac00000,0x00000000eac00000)
  from space 512K, 62% used [0x00000000ead80000,0x00000000eadd0010,0x00000000eae00000)
  to   space 512K, 0% used [0x00000000eae00000,0x00000000eae00000,0x00000000eae80000)
 ParOldGen       total 253952K, used 253845K [0x00000000c0000000, 0x00000000cf800000, 0x00000000eab00000)
  object space 253952K, 99% used [0x00000000c0000000,0x00000000cf7e5770,0x00000000cf800000)
 Metaspace       used 75551K, committed 77248K, reserved 1179648K
  class space    used 7591K, committed 8320K, reserved 1048576K
}
Event: 5695.858 GC heap after
{Heap after GC invocations=637 (full 3):
 PSYoungGen      total 1536K, used 512K [0x00000000eab00000, 0x00000000eae80000, 0x0000000100000000)
  eden space 1024K, 0% used [0x00000000eab00000,0x00000000eab00000,0x00000000eac00000)
  from space 512K, 100% used [0x00000000eae00000,0x00000000eae80000,0x00000000eae80000)
  to   space 1024K, 0% used [0x00000000eac80000,0x00000000eac80000,0x00000000ead80000)
 ParOldGen       total 254464K, used 254021K [0x00000000c0000000, 0x00000000cf880000, 0x00000000eab00000)
  object space 254464K, 99% used [0x00000000c0000000,0x00000000cf811480,0x00000000cf880000)
 Metaspace       used 75551K, committed 77248K, reserved 1179648K
  class space    used 7591K, committed 8320K, reserved 1048576K
}
Event: 5697.385 GC heap before
{Heap before GC invocations=638 (full 3):
 PSYoungGen      total 1536K, used 1536K [0x00000000eab00000, 0x00000000eae80000, 0x0000000100000000)
  eden space 1024K, 100% used [0x00000000eab00000,0x00000000eac00000,0x00000000eac00000)
  from space 512K, 100% used [0x00000000eae00000,0x00000000eae80000,0x00000000eae80000)
  to   space 1024K, 0% used [0x00000000eac80000,0x00000000eac80000,0x00000000ead80000)
 ParOldGen       total 254464K, used 254021K [0x00000000c0000000, 0x00000000cf880000, 0x00000000eab00000)
  object space 254464K, 99% used [0x00000000c0000000,0x00000000cf811480,0x00000000cf880000)
 Metaspace       used 75586K, committed 77248K, reserved 1179648K
  class space    used 7595K, committed 8320K, reserved 1048576K
}
Event: 5697.389 GC heap after
{Heap after GC invocations=638 (full 3):
 PSYoungGen      total 2048K, used 320K [0x00000000eab00000, 0x00000000eae80000, 0x0000000100000000)
  eden space 1024K, 0% used [0x00000000eab00000,0x00000000eab00000,0x00000000eac00000)
  from space 1024K, 31% used [0x00000000eac80000,0x00000000eacd0000,0x00000000ead80000)
  to   space 512K, 0% used [0x00000000eae00000,0x00000000eae00000,0x00000000eae80000)
 ParOldGen       total 254976K, used 254541K [0x00000000c0000000, 0x00000000cf900000, 0x00000000eab00000)
  object space 254976K, 99% used [0x00000000c0000000,0x00000000cf893480,0x00000000cf900000)
 Metaspace       used 75586K, committed 77248K, reserved 1179648K
  class space    used 7595K, committed 8320K, reserved 1048576K
}
Event: 5701.412 GC heap before
{Heap before GC invocations=639 (full 3):
 PSYoungGen      total 2048K, used 1344K [0x00000000eab00000, 0x00000000eae80000, 0x0000000100000000)
  eden space 1024K, 100% used [0x00000000eab00000,0x00000000eac00000,0x00000000eac00000)
  from space 1024K, 31% used [0x00000000eac80000,0x00000000eacd0000,0x00000000ead80000)
  to   space 512K, 0% used [0x00000000eae00000,0x00000000eae00000,0x00000000eae80000)
 ParOldGen       total 254976K, used 254541K [0x00000000c0000000, 0x00000000cf900000, 0x00000000eab00000)
  object space 254976K, 99% used [0x00000000c0000000,0x00000000cf893480,0x00000000cf900000)
 Metaspace       used 75596K, committed 77248K, reserved 1179648K
  class space    used 7595K, committed 8320K, reserved 1048576K
}
Event: 5701.416 GC heap after
{Heap after GC invocations=639 (full 3):
 PSYoungGen      total 1536K, used 310K [0x00000000eab00000, 0x00000000eae80000, 0x0000000100000000)
  eden space 1024K, 0% used [0x00000000eab00000,0x00000000eab00000,0x00000000eac00000)
  from space 512K, 60% used [0x00000000eae00000,0x00000000eae4db40,0x00000000eae80000)
  to   space 512K, 0% used [0x00000000ead80000,0x00000000ead80000,0x00000000eae00000)
 ParOldGen       total 254976K, used 254717K [0x00000000c0000000, 0x00000000cf900000, 0x00000000eab00000)
  object space 254976K, 99% used [0x00000000c0000000,0x00000000cf8bf480,0x00000000cf900000)
 Metaspace       used 75596K, committed 77248K, reserved 1179648K
  class space    used 7595K, committed 8320K, reserved 1048576K
}
Event: 5704.312 GC heap before
{Heap before GC invocations=640 (full 3):
 PSYoungGen      total 1536K, used 1334K [0x00000000eab00000, 0x00000000eae80000, 0x0000000100000000)
  eden space 1024K, 100% used [0x00000000eab00000,0x00000000eac00000,0x00000000eac00000)
  from space 512K, 60% used [0x00000000eae00000,0x00000000eae4db40,0x00000000eae80000)
  to   space 512K, 0% used [0x00000000ead80000,0x00000000ead80000,0x00000000eae00000)
 ParOldGen       total 254976K, used 254717K [0x00000000c0000000, 0x00000000cf900000, 0x00000000eab00000)
  object space 254976K, 99% used [0x00000000c0000000,0x00000000cf8bf480,0x00000000cf900000)
 Metaspace       used 75627K, committed 77376K, reserved 1179648K
  class space    used 7602K, committed 8384K, reserved 1048576K
}
Event: 5704.315 GC heap after
{Heap after GC invocations=640 (full 3):
 PSYoungGen      total 1536K, used 224K [0x00000000eab00000, 0x00000000eae80000, 0x0000000100000000)
  eden space 1024K, 0% used [0x00000000eab00000,0x00000000eab00000,0x00000000eac00000)
  from space 512K, 43% used [0x00000000ead80000,0x00000000eadb8000,0x00000000eae00000)
  to   space 512K, 0% used [0x00000000eae00000,0x00000000eae00000,0x00000000eae80000)
 ParOldGen       total 254976K, used 254805K [0x00000000c0000000, 0x00000000cf900000, 0x00000000eab00000)
  object space 254976K, 99% used [0x00000000c0000000,0x00000000cf8d5480,0x00000000cf900000)
 Metaspace       used 75627K, committed 77376K, reserved 1179648K
  class space    used 7602K, committed 8384K, reserved 1048576K
}
Event: 5704.436 GC heap before
{Heap before GC invocations=641 (full 3):
 PSYoungGen      total 1536K, used 1247K [0x00000000eab00000, 0x00000000eae80000, 0x0000000100000000)
  eden space 1024K, 99% used [0x00000000eab00000,0x00000000eabffff0,0x00000000eac00000)
  from space 512K, 43% used [0x00000000ead80000,0x00000000eadb8000,0x00000000eae00000)
  to   space 512K, 0% used [0x00000000eae00000,0x00000000eae00000,0x00000000eae80000)
 ParOldGen       total 254976K, used 254805K [0x00000000c0000000, 0x00000000cf900000, 0x00000000eab00000)
  object space 254976K, 99% used [0x00000000c0000000,0x00000000cf8d5480,0x00000000cf900000)
 Metaspace       used 75628K, committed 77376K, reserved 1179648K
  class space    used 7602K, committed 8384K, reserved 1048576K
}
Event: 5704.439 GC heap after
{Heap after GC invocations=641 (full 3):
 PSYoungGen      total 1536K, used 352K [0x00000000eab00000, 0x00000000eae80000, 0x0000000100000000)
  eden space 1024K, 0% used [0x00000000eab00000,0x00000000eab00000,0x00000000eac00000)
  from space 512K, 68% used [0x00000000eae00000,0x00000000eae58000,0x00000000eae80000)
  to   space 512K, 0% used [0x00000000ead80000,0x00000000ead80000,0x00000000eae00000)
 ParOldGen       total 255488K, used 254997K [0x00000000c0000000, 0x00000000cf980000, 0x00000000eab00000)
  object space 255488K, 99% used [0x00000000c0000000,0x00000000cf905480,0x00000000cf980000)
 Metaspace       used 75628K, committed 77376K, reserved 1179648K
  class space    used 7602K, committed 8384K, reserved 1048576K
}
Event: 5704.834 GC heap before
{Heap before GC invocations=642 (full 3):
 PSYoungGen      total 1536K, used 1376K [0x00000000eab00000, 0x00000000eae80000, 0x0000000100000000)
  eden space 1024K, 100% used [0x00000000eab00000,0x00000000eac00000,0x00000000eac00000)
  from space 512K, 68% used [0x00000000eae00000,0x00000000eae58000,0x00000000eae80000)
  to   space 512K, 0% used [0x00000000ead80000,0x00000000ead80000,0x00000000eae00000)
 ParOldGen       total 255488K, used 254997K [0x00000000c0000000, 0x00000000cf980000, 0x00000000eab00000)
  object space 255488K, 99% used [0x00000000c0000000,0x00000000cf905480,0x00000000cf980000)
 Metaspace       used 75633K, committed 77376K, reserved 1179648K
  class space    used 7602K, committed 8384K, reserved 1048576K
}
Event: 5704.838 GC heap after
{Heap after GC invocations=642 (full 3):
 PSYoungGen      total 1536K, used 288K [0x00000000eab00000, 0x00000000eae80000, 0x0000000100000000)
  eden space 1024K, 0% used [0x00000000eab00000,0x00000000eab00000,0x00000000eac00000)
  from space 512K, 56% used [0x00000000ead80000,0x00000000eadc8000,0x00000000eae00000)
  to   space 512K, 0% used [0x00000000eae00000,0x00000000eae00000,0x00000000eae80000)
 ParOldGen       total 255488K, used 255269K [0x00000000c0000000, 0x00000000cf980000, 0x00000000eab00000)
  object space 255488K, 99% used [0x00000000c0000000,0x00000000cf949480,0x00000000cf980000)
 Metaspace       used 75633K, committed 77376K, reserved 1179648K
  class space    used 7602K, committed 8384K, reserved 1048576K
}

Dll operation events (12 events):
Event: 0.026 Loaded shared library c:\Users\palak\.vscode\extensions\redhat.java-1.41.0-win32-x64\jre\21.0.6-win32-x86_64\bin\java.dll
Event: 0.225 Loaded shared library c:\Users\palak\.vscode\extensions\redhat.java-1.41.0-win32-x64\jre\21.0.6-win32-x86_64\bin\zip.dll
Event: 0.269 Loaded shared library C:\Users\palak\.vscode\extensions\redhat.java-1.41.0-win32-x64\jre\21.0.6-win32-x86_64\bin\instrument.dll
Event: 0.278 Loaded shared library C:\Users\palak\.vscode\extensions\redhat.java-1.41.0-win32-x64\jre\21.0.6-win32-x86_64\bin\net.dll
Event: 0.283 Loaded shared library C:\Users\palak\.vscode\extensions\redhat.java-1.41.0-win32-x64\jre\21.0.6-win32-x86_64\bin\nio.dll
Event: 0.291 Loaded shared library C:\Users\palak\.vscode\extensions\redhat.java-1.41.0-win32-x64\jre\21.0.6-win32-x86_64\bin\zip.dll
Event: 0.326 Loaded shared library C:\Users\palak\.vscode\extensions\redhat.java-1.41.0-win32-x64\jre\21.0.6-win32-x86_64\bin\jimage.dll
Event: 0.487 Loaded shared library c:\Users\palak\.vscode\extensions\redhat.java-1.41.0-win32-x64\jre\21.0.6-win32-x86_64\bin\verify.dll
Event: 4.129 Loaded shared library C:\Users\palak\AppData\Roaming\Code\User\globalStorage\redhat.java\1.41.0\config_win\org.eclipse.equinox.launcher\org.eclipse.equinox.launcher.win32.win32.x86_64_1.2.1300.v20250325-0811\eclipse_11911.dll
Event: 10.126 Loaded shared library C:\Users\palak\AppData\Local\Temp\jna-106430981\jna533489903284333414.dll
Event: 16.558 Loaded shared library C:\Users\palak\.vscode\extensions\redhat.java-1.41.0-win32-x64\jre\21.0.6-win32-x86_64\bin\management.dll
Event: 16.575 Loaded shared library C:\Users\palak\.vscode\extensions\redhat.java-1.41.0-win32-x64\jre\21.0.6-win32-x86_64\bin\management_ext.dll

Deoptimization events (20 events):
Event: 5697.661 Thread 0x00000184dc8560a0 DEOPT PACKING pc=0x0000018490b40ef4 sp=0x0000000da7afd5b0
Event: 5697.661 Thread 0x00000184dc8560a0 DEOPT UNPACKING pc=0x000001848ffe3aa2 sp=0x0000000da7afd558 mode 2
Event: 5697.661 Thread 0x00000184dc8560a0 Uncommon trap: trap_request=0xffffffc6 fr.pc=0x0000018490b40ef4 relative=0x00000000000002b4
Event: 5697.661 Thread 0x00000184dc8560a0 Uncommon trap: reason=bimorphic_or_optimized_type_check action=maybe_recompile pc=0x0000018490b40ef4 method=java.util.Collections$UnmodifiableCollection.contains(Ljava/lang/Object;)Z @ 5 c2
Event: 5697.661 Thread 0x00000184dc8560a0 DEOPT PACKING pc=0x0000018490b40ef4 sp=0x0000000da7afd5b0
Event: 5697.661 Thread 0x00000184dc8560a0 DEOPT UNPACKING pc=0x000001848ffe3aa2 sp=0x0000000da7afd558 mode 2
Event: 5697.661 Thread 0x00000184dc8560a0 Uncommon trap: trap_request=0xffffffc6 fr.pc=0x0000018490b40ef4 relative=0x00000000000002b4
Event: 5697.661 Thread 0x00000184dc8560a0 Uncommon trap: reason=bimorphic_or_optimized_type_check action=maybe_recompile pc=0x0000018490b40ef4 method=java.util.Collections$UnmodifiableCollection.contains(Ljava/lang/Object;)Z @ 5 c2
Event: 5697.661 Thread 0x00000184dc8560a0 DEOPT PACKING pc=0x0000018490b40ef4 sp=0x0000000da7afd5b0
Event: 5697.662 Thread 0x00000184dc8560a0 DEOPT UNPACKING pc=0x000001848ffe3aa2 sp=0x0000000da7afd558 mode 2
Event: 5701.597 Thread 0x00000184dc8560a0 Uncommon trap: trap_request=0xffffffe4 fr.pc=0x0000018491202f30 relative=0x0000000000000210
Event: 5701.597 Thread 0x00000184dc8560a0 Uncommon trap: reason=range_check action=make_not_entrant pc=0x0000018491202f30 method=java.util.LinkedHashMap.valuesToArray([Ljava/lang/Object;Z)[Ljava/lang/Object; @ 67 c2
Event: 5701.597 Thread 0x00000184dc8560a0 DEOPT PACKING pc=0x0000018491202f30 sp=0x0000000da7afcfc0
Event: 5701.597 Thread 0x00000184dc8560a0 DEOPT UNPACKING pc=0x000001848ffe3aa2 sp=0x0000000da7afcf58 mode 2
Event: 5702.222 Thread 0x00000184dc8560a0 DEOPT PACKING pc=0x0000018489f792cb sp=0x0000000da7afd330
Event: 5702.222 Thread 0x00000184dc8560a0 DEOPT UNPACKING pc=0x000001848ffe4242 sp=0x0000000da7afc840 mode 0
Event: 5704.320 Thread 0x00000184dc8560a0 Uncommon trap: trap_request=0xffffffbe fr.pc=0x00000184910f4c28 relative=0x0000000000000e08
Event: 5704.320 Thread 0x00000184dc8560a0 Uncommon trap: reason=profile_predicate action=maybe_recompile pc=0x00000184910f4c28 method=java.lang.StringLatin1.replace([BI[BI[BI)Ljava/lang/String; @ 180 c2
Event: 5704.320 Thread 0x00000184dc8560a0 DEOPT PACKING pc=0x00000184910f4c28 sp=0x0000000da7afd030
Event: 5704.320 Thread 0x00000184dc8560a0 DEOPT UNPACKING pc=0x000001848ffe3aa2 sp=0x0000000da7afcf80 mode 2

Classes loaded (20 events):
Event: 5633.154 Loading class java/util/stream/Sink$ChainedInt done
Event: 5633.154 Loading class java/util/stream/IntPipeline$1$1 done
Event: 5644.618 Loading class jdk/internal/module/IllegalAccessLogger
Event: 5644.618 Loading class jdk/internal/module/IllegalAccessLogger done
Event: 5645.478 Loading class java/util/concurrent/ArrayBlockingQueue
Event: 5645.490 Loading class java/util/concurrent/ArrayBlockingQueue done
Event: 5645.850 Loading class java/util/concurrent/ConcurrentHashMap$KeySpliterator
Event: 5645.856 Loading class java/util/concurrent/ConcurrentHashMap$KeySpliterator done
Event: 5646.143 Loading class sun/nio/ch/ChannelOutputStream
Event: 5646.144 Loading class sun/nio/ch/ChannelOutputStream done
Event: 5650.170 Loading class java/util/ArrayDeque$DeqSpliterator
Event: 5650.185 Loading class java/util/ArrayDeque$DeqSpliterator done
Event: 5691.805 Loading class jdk/internal/module/IllegalAccessLogger
Event: 5691.805 Loading class jdk/internal/module/IllegalAccessLogger done
Event: 5691.971 Loading class java/util/stream/DistinctOps
Event: 5691.974 Loading class java/util/stream/DistinctOps done
Event: 5691.975 Loading class java/util/stream/DistinctOps$1
Event: 5691.975 Loading class java/util/stream/DistinctOps$1 done
Event: 5692.004 Loading class java/util/stream/DistinctOps$1$2
Event: 5692.004 Loading class java/util/stream/DistinctOps$1$2 done

Classes unloaded (7 events):
Event: 12.484 Thread 0x00000184858a0940 Unloading class 0x000001849c195c00 'java/lang/invoke/LambdaForm$MH+0x000001849c195c00'
Event: 12.484 Thread 0x00000184858a0940 Unloading class 0x000001849c195800 'java/lang/invoke/LambdaForm$MH+0x000001849c195800'
Event: 12.484 Thread 0x00000184858a0940 Unloading class 0x000001849c195400 'java/lang/invoke/LambdaForm$MH+0x000001849c195400'
Event: 12.484 Thread 0x00000184858a0940 Unloading class 0x000001849c195000 'java/lang/invoke/LambdaForm$MH+0x000001849c195000'
Event: 12.484 Thread 0x00000184858a0940 Unloading class 0x000001849c194c00 'java/lang/invoke/LambdaForm$BMH+0x000001849c194c00'
Event: 12.484 Thread 0x00000184858a0940 Unloading class 0x000001849c194800 'java/lang/invoke/LambdaForm$DMH+0x000001849c194800'
Event: 12.484 Thread 0x00000184858a0940 Unloading class 0x000001849c193400 'java/lang/invoke/LambdaForm$DMH+0x000001849c193400'

Classes redefined (0 events):
No events

Internal exceptions (20 events):
Event: 5645.872 Thread 0x00000184dc8560a0 Exception <a 'java/lang/NoSuchMethodError'{0x00000000ead0c0e8}: 'java.lang.Object java.lang.invoke.DirectMethodHandle$Holder.newInvokeSpecial(java.lang.Object, java.lang.Object, int, int, java.lang.Object)'> (0x00000000ead0c0e8) 
thrown [s\src\hotspot\share\interpreter\linkResolver.cpp, line 773]
Event: 5649.151 Thread 0x00000184e5014000 Implicit null exception at 0x0000018490e8e746 to 0x0000018490e8e7b4
Event: 5650.275 Thread 0x00000184dc8560a0 Exception <a 'sun/nio/fs/WindowsException'{0x00000000eabff9c0}> (0x00000000eabff9c0) 
thrown [s\src\hotspot\share\prims\jni.cpp, line 520]
Event: 5650.276 Thread 0x00000184e5015a40 Exception <a 'sun/nio/fs/WindowsException'{0x00000000eac00f28}> (0x00000000eac00f28) 
thrown [s\src\hotspot\share\prims\jni.cpp, line 520]
Event: 5650.277 Thread 0x00000184e50160d0 Exception <a 'sun/nio/fs/WindowsException'{0x00000000eac028e0}> (0x00000000eac028e0) 
thrown [s\src\hotspot\share\prims\jni.cpp, line 520]
Event: 5653.668 Thread 0x00000184dc856730 Exception <a 'sun/nio/fs/WindowsException'{0x00000000eab69d70}> (0x00000000eab69d70) 
thrown [s\src\hotspot\share\prims\jni.cpp, line 520]
Event: 5655.442 Thread 0x00000184e300aee0 Exception <a 'java/lang/ArrayIndexOutOfBoundsException'{0x00000000eab29150}> (0x00000000eab29150) 
thrown [s\src\hotspot\share\runtime\sharedRuntime.cpp, line 625]
Event: 5655.442 Thread 0x00000184e300aee0 Exception <a 'java/lang/ArrayIndexOutOfBoundsException'{0x00000000eab297b8}> (0x00000000eab297b8) 
thrown [s\src\hotspot\share\runtime\sharedRuntime.cpp, line 625]
Event: 5655.442 Thread 0x00000184e300aee0 Exception <a 'java/lang/ArrayIndexOutOfBoundsException'{0x00000000eab29b70}> (0x00000000eab29b70) 
thrown [s\src\hotspot\share\runtime\sharedRuntime.cpp, line 625]
Event: 5655.785 Thread 0x00000184e300aee0 Exception <a 'java/lang/ArrayIndexOutOfBoundsException'{0x00000000eabeb1b8}> (0x00000000eabeb1b8) 
thrown [s\src\hotspot\share\runtime\sharedRuntime.cpp, line 625]
Event: 5656.198 Thread 0x00000184e300aee0 Exception <a 'java/lang/ArrayIndexOutOfBoundsException'{0x00000000eab83db8}> (0x00000000eab83db8) 
thrown [s\src\hotspot\share\runtime\sharedRuntime.cpp, line 625]
Event: 5691.871 Thread 0x00000184dc8560a0 Exception <a 'sun/nio/fs/WindowsException'{0x00000000eabfd828}> (0x00000000eabfd828) 
thrown [s\src\hotspot\share\prims\jni.cpp, line 520]
Event: 5691.872 Thread 0x00000184dc8560a0 Exception <a 'sun/nio/fs/WindowsException'{0x00000000eabfe198}> (0x00000000eabfe198) 
thrown [s\src\hotspot\share\prims\jni.cpp, line 520]
Event: 5691.872 Thread 0x00000184dc8560a0 Exception <a 'sun/nio/fs/WindowsException'{0x00000000eabff4e8}> (0x00000000eabff4e8) 
thrown [s\src\hotspot\share\prims\jni.cpp, line 520]
Event: 5691.886 Thread 0x00000184dc8560a0 Exception <a 'sun/nio/fs/WindowsException'{0x00000000eab00110}> (0x00000000eab00110) 
thrown [s\src\hotspot\share\prims\jni.cpp, line 520]
Event: 5692.007 Thread 0x00000184dc8560a0 Exception <a 'java/lang/NoSuchMethodError'{0x00000000eab3ff40}: 'java.lang.Object java.lang.invoke.DirectMethodHandle$Holder.invokeSpecial(java.lang.Object, java.lang.Object, int, java.lang.Object, java.lang.Object, java.lang.Object, java.lang.Object)'> (0x00000000eab3ff40) 
thrown [s\src\hotspot\share\interpreter\linkResolver.cpp, line 773]
Event: 5692.008 Thread 0x00000184dc8560a0 Exception <a 'java/lang/NoSuchMethodError'{0x00000000eab475b8}: 'java.lang.Object java.lang.invoke.DirectMethodHandle$Holder.newInvokeSpecial(java.lang.Object, java.lang.Object, int, java.lang.Object, java.lang.Object)'> (0x00000000eab475b8) 
thrown [s\src\hotspot\share\interpreter\linkResolver.cpp, line 773]
Event: 5692.033 Thread 0x00000184dc8560a0 Exception <a 'java/lang/NoSuchMethodError'{0x00000000eab63768}: 'java.lang.Object java.lang.invoke.DirectMethodHandle$Holder.invokeSpecial(java.lang.Object, java.lang.Object, java.lang.Object, int, java.lang.Object, java.lang.Object, java.lang.Object)'> (0x00000000eab63768) 
thrown [s\src\hotspot\share\interpreter\linkResolver.cpp, line 773]
Event: 5692.039 Thread 0x00000184dc8560a0 Exception <a 'java/lang/NoSuchMethodError'{0x00000000eab6c140}: 'java.lang.Object java.lang.invoke.DirectMethodHandle$Holder.invokeStatic(java.lang.Object, java.lang.Object, int, java.lang.Object, java.lang.Object)'> (0x00000000eab6c140) 
thrown [s\src\hotspot\share\interpreter\linkResolver.cpp, line 773]
Event: 5693.423 Thread 0x00000184dc8560a0 Exception <a 'java/lang/NoSuchMethodError'{0x00000000eabf3858}: 'void java.lang.invoke.DirectMethodHandle$Holder.invokeStatic(java.lang.Object, int)'> (0x00000000eabf3858) 
thrown [s\src\hotspot\share\interpreter\linkResolver.cpp, line 773]

ZGC Phase Switch (0 events):
No events

VM Operations (20 events):
Event: 5695.544 Executing VM operation: Cleanup
Event: 5695.583 Executing VM operation: Cleanup done
Event: 5695.583 Executing VM operation: ParallelGCFailedAllocation (Allocation Failure)
Event: 5695.587 Executing VM operation: ParallelGCFailedAllocation (Allocation Failure) done
Event: 5695.855 Executing VM operation: ParallelGCFailedAllocation (Allocation Failure)
Event: 5695.858 Executing VM operation: ParallelGCFailedAllocation (Allocation Failure) done
Event: 5696.866 Executing VM operation: Cleanup
Event: 5696.866 Executing VM operation: Cleanup done
Event: 5697.385 Executing VM operation: ParallelGCFailedAllocation (Allocation Failure)
Event: 5697.389 Executing VM operation: ParallelGCFailedAllocation (Allocation Failure) done
Event: 5699.390 Executing VM operation: Cleanup
Event: 5699.390 Executing VM operation: Cleanup done
Event: 5701.412 Executing VM operation: ParallelGCFailedAllocation (Allocation Failure)
Event: 5701.416 Executing VM operation: ParallelGCFailedAllocation (Allocation Failure) done
Event: 5702.881 Executing VM operation: ParallelGCFailedAllocation (Allocation Failure)
Event: 5704.315 Executing VM operation: ParallelGCFailedAllocation (Allocation Failure) done
Event: 5704.436 Executing VM operation: ParallelGCFailedAllocation (Allocation Failure)
Event: 5704.439 Executing VM operation: ParallelGCFailedAllocation (Allocation Failure) done
Event: 5704.822 Executing VM operation: ParallelGCFailedAllocation (Allocation Failure)
Event: 5704.838 Executing VM operation: ParallelGCFailedAllocation (Allocation Failure) done

Memory protections (0 events):
No events

Nmethod flushes (20 events):
Event: 38.630 Thread 0x00000184858a0940 flushing  nmethod 0x0000018489414e10
Event: 38.630 Thread 0x00000184858a0940 flushing  nmethod 0x0000018489416c90
Event: 38.630 Thread 0x00000184858a0940 flushing osr nmethod 0x000001848941d590
Event: 38.630 Thread 0x00000184858a0940 flushing  nmethod 0x000001848944e410
Event: 38.630 Thread 0x00000184858a0940 flushing  nmethod 0x000001848945ce90
Event: 38.630 Thread 0x00000184858a0940 flushing  nmethod 0x000001848945f510
Event: 38.630 Thread 0x00000184858a0940 flushing  nmethod 0x0000018489460190
Event: 38.630 Thread 0x00000184858a0940 flushing  nmethod 0x0000018489460910
Event: 38.630 Thread 0x00000184858a0940 flushing  nmethod 0x0000018489465810
Event: 38.630 Thread 0x00000184858a0940 flushing  nmethod 0x000001848946a190
Event: 38.630 Thread 0x00000184858a0940 flushing  nmethod 0x000001848946a890
Event: 38.630 Thread 0x00000184858a0940 flushing  nmethod 0x000001848946ae90
Event: 38.630 Thread 0x00000184858a0940 flushing  nmethod 0x000001848946b710
Event: 38.630 Thread 0x00000184858a0940 flushing  nmethod 0x000001848946bc90
Event: 38.630 Thread 0x00000184858a0940 flushing  nmethod 0x000001848947bf10
Event: 38.630 Thread 0x00000184858a0940 flushing  nmethod 0x0000018489487990
Event: 38.630 Thread 0x00000184858a0940 flushing  nmethod 0x00000184894af590
Event: 38.630 Thread 0x00000184858a0940 flushing  nmethod 0x00000184894d3190
Event: 38.630 Thread 0x00000184858a0940 flushing  nmethod 0x00000184894db910
Event: 38.630 Thread 0x00000184858a0940 flushing  nmethod 0x0000018489508090

Events (20 events):
Event: 5643.607 Thread 0x00000184e29e8520 Thread exited: 0x00000184e29e8520
Event: 5643.923 Thread 0x000001849a36a710 Thread added: 0x00000184e46ba800
Event: 5645.436 Thread 0x00000184e46ba800 Thread exited: 0x00000184e46ba800
Event: 5645.493 Thread 0x00000184dc8560a0 Thread added: 0x00000184e5014000
Event: 5645.553 Thread 0x000001849a36a710 Thread added: 0x00000184e46b9a60
Event: 5645.928 Thread 0x00000184dc8560a0 Thread added: 0x00000184e3006d40
Event: 5646.424 Thread 0x00000184e46b9a60 Thread exited: 0x00000184e46b9a60
Event: 5646.451 Thread 0x00000184dc8560a0 Thread added: 0x00000184e300bc00
Event: 5646.476 Thread 0x000001849a36a710 Thread added: 0x00000184e46b9a60
Event: 5646.702 Thread 0x00000184e46b9a60 Thread exited: 0x00000184e46b9a60
Event: 5647.507 Thread 0x000001849a36a710 Thread added: 0x00000184e3d8ec40
Event: 5647.770 Thread 0x00000184e3d8ec40 Thread exited: 0x00000184e3d8ec40
Event: 5648.292 Thread 0x000001849a36a710 Thread added: 0x00000184e46b9390
Event: 5648.426 Thread 0x00000184e46b9390 Thread exited: 0x00000184e46b9390
Event: 5648.774 Thread 0x000001849a36a710 Thread added: 0x00000184e29e9990
Event: 5648.919 Thread 0x00000184e29e9990 Thread exited: 0x00000184e29e9990
Event: 5649.154 Thread 0x000001849a36a710 Thread added: 0x00000184ef181bd0
Event: 5653.609 Thread 0x00000184ef181bd0 Thread exited: 0x00000184ef181bd0
Event: 5655.985 Thread 0x000001849a36a710 Thread added: 0x00000184e46ba800
Event: 5656.773 Thread 0x00000184e46ba800 Thread exited: 0x00000184e46ba800


Dynamic libraries:
0x00007ff760b60000 - 0x00007ff760b6e000 	c:\Users\palak\.vscode\extensions\redhat.java-1.41.0-win32-x64\jre\21.0.6-win32-x86_64\bin\java.exe
0x00007fffffd80000 - 0x00007ffffffe3000 	C:\WINDOWS\SYSTEM32\ntdll.dll
0x00007ffffe650000 - 0x00007ffffe717000 	C:\WINDOWS\System32\KERNEL32.DLL
0x00007ffffd7f0000 - 0x00007ffffdbb9000 	C:\WINDOWS\System32\KERNELBASE.dll
0x00007ffffd400000 - 0x00007ffffd54c000 	C:\WINDOWS\System32\ucrtbase.dll
0x00007ffff6ca0000 - 0x00007ffff6cb8000 	c:\Users\palak\.vscode\extensions\redhat.java-1.41.0-win32-x64\jre\21.0.6-win32-x86_64\bin\jli.dll
0x00007ffffed20000 - 0x00007ffffeeea000 	C:\WINDOWS\System32\USER32.dll
0x00007ffffd250000 - 0x00007ffffd277000 	C:\WINDOWS\System32\win32u.dll
0x00007ffffe570000 - 0x00007ffffe59a000 	C:\WINDOWS\System32\GDI32.dll
0x00007ffffd110000 - 0x00007ffffd241000 	C:\WINDOWS\System32\gdi32full.dll
0x00007ffffdbc0000 - 0x00007ffffdc63000 	C:\WINDOWS\System32\msvcp_win.dll
0x00007ffff1940000 - 0x00007ffff195e000 	c:\Users\palak\.vscode\extensions\redhat.java-1.41.0-win32-x64\jre\21.0.6-win32-x86_64\bin\VCRUNTIME140.dll
0x00007fffebac0000 - 0x00007fffebd50000 	C:\WINDOWS\WinSxS\amd64_microsoft.windows.common-controls_6595b64144ccf1df_6.0.26100.3323_none_3e088096e3344490\COMCTL32.dll
0x00007fffffbf0000 - 0x00007fffffc99000 	C:\WINDOWS\System32\msvcrt.dll
0x00007fffff060000 - 0x00007fffff08f000 	C:\WINDOWS\System32\IMM32.DLL
0x00007ffff8070000 - 0x00007ffff807c000 	c:\Users\palak\.vscode\extensions\redhat.java-1.41.0-win32-x64\jre\21.0.6-win32-x86_64\bin\vcruntime140_1.dll
0x00007fffc0c70000 - 0x00007fffc0cfd000 	c:\Users\palak\.vscode\extensions\redhat.java-1.41.0-win32-x64\jre\21.0.6-win32-x86_64\bin\msvcp140.dll
0x00007fff71510000 - 0x00007fff722a0000 	c:\Users\palak\.vscode\extensions\redhat.java-1.41.0-win32-x64\jre\21.0.6-win32-x86_64\bin\server\jvm.dll
0x00007ff800090000 - 0x00007ff800142000 	C:\WINDOWS\System32\ADVAPI32.dll
0x00007ffffe2f0000 - 0x00007ffffe396000 	C:\WINDOWS\System32\sechost.dll
0x00007ffffe450000 - 0x00007ffffe566000 	C:\WINDOWS\System32\RPCRT4.dll
0x00007ffffe220000 - 0x00007ffffe294000 	C:\WINDOWS\System32\WS2_32.dll
0x00007ffffcfa0000 - 0x00007ffffcfee000 	C:\WINDOWS\SYSTEM32\POWRPROF.dll
0x00007ffff68a0000 - 0x00007ffff68d6000 	C:\WINDOWS\SYSTEM32\WINMM.dll
0x00007ffff68e0000 - 0x00007ffff68eb000 	C:\WINDOWS\SYSTEM32\VERSION.dll
0x00007ffffcf80000 - 0x00007ffffcf94000 	C:\WINDOWS\SYSTEM32\UMPDC.dll
0x00007ffffbf30000 - 0x00007ffffbf4a000 	C:\WINDOWS\SYSTEM32\kernel.appcore.dll
0x00007ffff6c70000 - 0x00007ffff6c7a000 	c:\Users\palak\.vscode\extensions\redhat.java-1.41.0-win32-x64\jre\21.0.6-win32-x86_64\bin\jimage.dll
0x00007fffebf70000 - 0x00007fffec1b1000 	C:\WINDOWS\SYSTEM32\DBGHELP.DLL
0x00007fffff820000 - 0x00007fffffba2000 	C:\WINDOWS\System32\combase.dll
0x00007fffffca0000 - 0x00007fffffd76000 	C:\WINDOWS\System32\OLEAUT32.dll
0x00007fffdc9b0000 - 0x00007fffdc9e9000 	C:\WINDOWS\SYSTEM32\dbgcore.DLL
0x00007ffffd5e0000 - 0x00007ffffd679000 	C:\WINDOWS\System32\bcryptPrimitives.dll
0x00007ffff0e50000 - 0x00007ffff0e5f000 	c:\Users\palak\.vscode\extensions\redhat.java-1.41.0-win32-x64\jre\21.0.6-win32-x86_64\bin\instrument.dll
0x00007fffecfd0000 - 0x00007fffecfef000 	c:\Users\palak\.vscode\extensions\redhat.java-1.41.0-win32-x64\jre\21.0.6-win32-x86_64\bin\java.dll
0x00007fffff0a0000 - 0x00007fffff7b5000 	C:\WINDOWS\System32\SHELL32.dll
0x00007ffffd680000 - 0x00007ffffd7e8000 	C:\WINDOWS\System32\wintypes.dll
0x00007ffffadf0000 - 0x00007ffffb635000 	C:\WINDOWS\SYSTEM32\windows.storage.dll
0x00007ffffeef0000 - 0x00007ffffefdb000 	C:\WINDOWS\System32\SHCORE.dll
0x00007ffffe1c0000 - 0x00007ffffe21d000 	C:\WINDOWS\System32\shlwapi.dll
0x00007ffffd020000 - 0x00007ffffd04f000 	C:\WINDOWS\SYSTEM32\profapi.dll
0x00007fffe2800000 - 0x00007fffe2818000 	c:\Users\palak\.vscode\extensions\redhat.java-1.41.0-win32-x64\jre\21.0.6-win32-x86_64\bin\zip.dll
0x00007fffee910000 - 0x00007fffee920000 	C:\Users\palak\.vscode\extensions\redhat.java-1.41.0-win32-x64\jre\21.0.6-win32-x86_64\bin\net.dll
0x00007ffff2da0000 - 0x00007ffff2ebe000 	C:\WINDOWS\SYSTEM32\WINHTTP.dll
0x00007ffffc450000 - 0x00007ffffc4ba000 	C:\WINDOWS\system32\mswsock.dll
0x00007fffde1f0000 - 0x00007fffde206000 	C:\Users\palak\.vscode\extensions\redhat.java-1.41.0-win32-x64\jre\21.0.6-win32-x86_64\bin\nio.dll
0x00007fffde1e0000 - 0x00007fffde1f0000 	c:\Users\palak\.vscode\extensions\redhat.java-1.41.0-win32-x64\jre\21.0.6-win32-x86_64\bin\verify.dll
0x00007fffc3a00000 - 0x00007fffc3a45000 	C:\Users\palak\AppData\Roaming\Code\User\globalStorage\redhat.java\1.41.0\config_win\org.eclipse.equinox.launcher\org.eclipse.equinox.launcher.win32.win32.x86_64_1.2.1300.v20250325-0811\eclipse_11911.dll
0x00007ffffe900000 - 0x00007ffffea95000 	C:\WINDOWS\System32\ole32.dll
0x00007ffffc6f0000 - 0x00007ffffc70c000 	C:\WINDOWS\SYSTEM32\CRYPTSP.dll
0x00007ffffbe90000 - 0x00007ffffbeca000 	C:\WINDOWS\system32\rsaenh.dll
0x00007ffffc4f0000 - 0x00007ffffc51b000 	C:\WINDOWS\SYSTEM32\USERENV.dll
0x00007ffffc930000 - 0x00007ffffc956000 	C:\WINDOWS\SYSTEM32\bcrypt.dll
0x00007ffffc710000 - 0x00007ffffc71c000 	C:\WINDOWS\SYSTEM32\CRYPTBASE.dll
0x00007ffffb930000 - 0x00007ffffb963000 	C:\WINDOWS\SYSTEM32\IPHLPAPI.DLL
0x00007ffffe3b0000 - 0x00007ffffe3ba000 	C:\WINDOWS\System32\NSI.dll
0x00007fffe3f90000 - 0x00007fffe3fd9000 	C:\Users\palak\AppData\Local\Temp\jna-106430981\jna533489903284333414.dll
0x00007ffffe3a0000 - 0x00007ffffe3a8000 	C:\WINDOWS\System32\PSAPI.DLL
0x00007fffda700000 - 0x00007fffda70a000 	C:\Users\palak\.vscode\extensions\redhat.java-1.41.0-win32-x64\jre\21.0.6-win32-x86_64\bin\management.dll
0x00007fffda6f0000 - 0x00007fffda6fb000 	C:\Users\palak\.vscode\extensions\redhat.java-1.41.0-win32-x64\jre\21.0.6-win32-x86_64\bin\management_ext.dll
0x00007ffff2d30000 - 0x00007ffff2d4f000 	C:\WINDOWS\SYSTEM32\dhcpcsvc6.DLL
0x00007ffff2d00000 - 0x00007ffff2d25000 	C:\WINDOWS\SYSTEM32\dhcpcsvc.DLL

dbghelp: loaded successfully - version: 4.0.5 - missing functions: none
symbol engine: initialized successfully - sym options: 0x614 - pdb path: .;c:\Users\palak\.vscode\extensions\redhat.java-1.41.0-win32-x64\jre\21.0.6-win32-x86_64\bin;C:\WINDOWS\SYSTEM32;C:\WINDOWS\WinSxS\amd64_microsoft.windows.common-controls_6595b64144ccf1df_6.0.26100.3323_none_3e088096e3344490;c:\Users\palak\.vscode\extensions\redhat.java-1.41.0-win32-x64\jre\21.0.6-win32-x86_64\bin\server;C:\Users\palak\AppData\Roaming\Code\User\globalStorage\redhat.java\1.41.0\config_win\org.eclipse.equinox.launcher\org.eclipse.equinox.launcher.win32.win32.x86_64_1.2.1300.v20250325-0811;C:\Users\palak\AppData\Local\Temp\jna-106430981

VM Arguments:
jvm_args: --add-modules=ALL-SYSTEM --add-opens=java.base/java.util=ALL-UNNAMED --add-opens=java.base/java.lang=ALL-UNNAMED --add-opens=java.base/sun.nio.fs=ALL-UNNAMED -Declipse.application=org.eclipse.jdt.ls.core.id1 -Dosgi.bundles.defaultStartLevel=4 -Declipse.product=org.eclipse.jdt.ls.core.product -Djava.import.generatesMetadataFilesAtProjectRoot=false -DDetectVMInstallationsJob.disabled=true -Dfile.encoding=utf8 -XX:+UseParallelGC -XX:GCTimeRatio=4 -XX:AdaptiveSizePolicyWeight=90 -Dsun.zip.disableMemoryMapping=true -Xmx1G -Xms100m -Xlog:disable -javaagent:c:\Users\palak\.vscode\extensions\redhat.java-1.41.0-win32-x64\lombok\lombok-1.18.36.jar -XX:+HeapDumpOnOutOfMemoryError -XX:HeapDumpPath=c:\Users\palak\AppData\Roaming\Code\User\workspaceStorage\632f04cdbe9e26a6a5769c745b0508de\redhat.java -Daether.dependencyCollector.impl=bf 
java_command: c:\Users\palak\.vscode\extensions\redhat.java-1.41.0-win32-x64\server\plugins\org.eclipse.equinox.launcher_1.6.1100.v20250306-0509.jar -configuration c:\Users\palak\AppData\Roaming\Code\User\globalStorage\redhat.java\1.41.0\config_win -data c:\Users\palak\AppData\Roaming\Code\User\workspaceStorage\632f04cdbe9e26a6a5769c745b0508de\redhat.java\jdt_ws --pipe=\\.\pipe\lsp-4c20a28cf0a9f23e3818acf3f76437d9-sock
java_class_path (initial): c:\Users\palak\.vscode\extensions\redhat.java-1.41.0-win32-x64\server\plugins\org.eclipse.equinox.launcher_1.6.1100.v20250306-0509.jar
Launcher Type: SUN_STANDARD

[Global flags]
    uintx AdaptiveSizePolicyWeight                 = 90                                        {product} {command line}
     intx CICompilerCount                          = 3                                         {product} {ergonomic}
    uintx GCTimeRatio                              = 4                                         {product} {command line}
     bool HeapDumpOnOutOfMemoryError               = true                                   {manageable} {command line}
    ccstr HeapDumpPath                             = c:\Users\palak\AppData\Roaming\Code\User\workspaceStorage\632f04cdbe9e26a6a5769c745b0508de\redhat.java         {manageable} {command line}
   size_t InitialHeapSize                          = 104857600                                 {product} {command line}
   size_t MaxHeapSize                              = 1073741824                                {product} {command line}
   size_t MaxNewSize                               = 357564416                                 {product} {ergonomic}
   size_t MinHeapDeltaBytes                        = 524288                                    {product} {ergonomic}
   size_t MinHeapSize                              = 104857600                                 {product} {command line}
   size_t NewSize                                  = 34603008                                  {product} {ergonomic}
    uintx NonNMethodCodeHeapSize                   = 5832780                                {pd product} {ergonomic}
    uintx NonProfiledCodeHeapSize                  = 122912730                              {pd product} {ergonomic}
   size_t OldSize                                  = 70254592                                  {product} {ergonomic}
    uintx ProfiledCodeHeapSize                     = 122912730                              {pd product} {ergonomic}
    uintx ReservedCodeCacheSize                    = 251658240                              {pd product} {ergonomic}
     bool SegmentedCodeCache                       = true                                      {product} {ergonomic}
   size_t SoftMaxHeapSize                          = 1073741824                             {manageable} {ergonomic}
     bool UseCompressedOops                        = true                           {product lp64_product} {ergonomic}
     bool UseLargePagesIndividualAllocation        = false                                  {pd product} {ergonomic}
     bool UseParallelGC                            = true                                      {product} {command line}

Logging:
Log output configuration:
 #0: stdout all=off uptime,level,tags foldmultilines=false
 #1: stderr all=off uptime,level,tags foldmultilines=false

Environment Variables:
JAVA_HOME=C:\Users\palak\Downloads\java-21-openjdk-21.0.1.0.12-3.win.jdk.x86_64\java-21-openjdk-21.0.1.0.12-3.win.jdk.x86_64
PATH=C:\Program Files (x86)\Common Files\Oracle\Java\java8path;C:\Program Files (x86)\Common Files\Oracle\Java\javapath;C:\WINDOWS\system32;C:\WINDOWS;C:\WINDOWS\System32\Wbem;C:\WINDOWS\System32\WindowsPowerShell\v1.0\;C:\WINDOWS\System32\OpenSSH\;C:\Users\palak\Downloads\java-21-openjdk-21.0.1.0.12-3.win.jdk.x86_64\java-21-openjdk-21.0.1.0.12-3.win.jdk.x86_64\bin;C:\Users\palak\Downloads\apache-maven-3.9.8-bin\bin;c:\users\palak\appdata\local\packages\pythonsoftwarefoundation.python.3.11_qbz5n2kfra8p0\localcache\local-packages\python311\site-packages;C:\ProgramData\chocolatey\bin;C:\Program Files\nodejs\;C:\Users\palak\AppData\Local\Programs\Python\Python312\Scripts;C:\Program Files\Git\cmd;C:\Users\palak\Downloads\flutter_windows_3.27.3-stable\flutter\bin;C:\Users\palak\AppData\Local\Android\Sdk\cmdline-tools\latest\bin;C:\Users\palak\AppData\Local\Android\Sdk\platform-tools;C:\ffmpeg;C:\Program Files\MongoDB\Server\8.0\bin;C:\Users\palak\AppData\Local\Programs\Python\Python313\Scripts\;C:\Users\palak\AppData\Local\Programs\Python\Python313\;C:\Users\palak\AppData\Local\Programs\Python\Python312\Scripts\;C:\Users\palak\AppData\Local\Programs\Python\Python312\;C:\Users\palak\AppData\Local\Programs\Python\Launcher\;C:\Program Files\MySQL\MySQL Shell 8.0\bin\;C:\Users\palak\AppData\Local\Microsoft\WindowsApps;C:\Users\palak\AppData\Local\Programs\Microsoft VS Code\bin;C:\Program Files\JetBrains\IntelliJ IDEA Community Edition 2023.3.3\bin;C:\Users\palak\AppData\Local\JetBrains\CLion 2023.3.4\bin;C:\Program Files\JetBrains\PyCharm 2024.1.2\bin;C:\Program Files\JetBrains\PyCharm Community Edition 2024.1.4\bin;C:\Users\palak\AppData\Local\JetBrains\Toolbox\scripts;C:\Users\palak\AppData\Roaming\npm;C:\Users\palak\AppData\Local\GitHubDesktop\bin;C:\Users\palak\AppData\Local\Microsoft\WindowsApps;
USERNAME=palak
OS=Windows_NT
PROCESSOR_IDENTIFIER=AMD64 Family 23 Model 24 Stepping 1, AuthenticAMD
TMP=C:\Users\palak\AppData\Local\Temp
TEMP=C:\Users\palak\AppData\Local\Temp




Periodic native trim disabled

---------------  S Y S T E M  ---------------

OS:
 Windows 11 , 64 bit Build 26100 (10.0.26100.3323)
OS uptime: 0 days 21:15 hours

CPU: total 4 (initial active 4) (4 cores per cpu, 2 threads per core) family 23 model 24 stepping 1 microcode 0x8108109, cx8, cmov, fxsr, ht, mmx, 3dnowpref, sse, sse2, sse3, ssse3, sse4a, sse4.1, sse4.2, popcnt, lzcnt, tsc, tscinvbit, avx, avx2, aes, clmul, bmi1, bmi2, adx, sha, fma, vzeroupper, clflush, clflushopt, rdtscp, f16c
Processor Information for the first 4 processors :
  Max Mhz: 2600, Current Mhz: 2600, Mhz Limit: 2600

Memory: 4k page, system-wide physical 6086M (376M free)
TotalPageFile size 14278M (AvailPageFile size 8M)
current process WorkingSet (physical memory assigned to process): 299M, peak: 371M
current process commit charge ("private bytes"): 540M, peak: 549M

vm_info: OpenJDK 64-Bit Server VM (21.0.6+7-LTS) for windows-amd64 JRE (21.0.6+7-LTS), built on 2025-01-21T00:00:00Z by "admin" with MS VC++ 17.7 (VS2022)

END.
