#
# There is insufficient memory for the Java Runtime Environment to continue.
# Native memory allocation (malloc) failed to allocate 32744 bytes. Error detail: Chunk::new
# Possible reasons:
#   The system is out of physical RAM or swap space
#   This process is running with CompressedOops enabled, and the Java Heap may be blocking the growth of the native heap
# Possible solutions:
#   Reduce memory load on the system
#   Increase physical memory or swap space
#   Check if swap backing store is full
#   Decrease Java heap size (-Xmx/-Xms)
#   Decrease number of Java threads
#   Decrease Java thread stack sizes (-Xss)
#   Set larger code cache with -XX:ReservedCodeCacheSize=
#   JVM is running with Unscaled Compressed Oops mode in which the Java heap is
#     placed in the first 4GB address space. The Java Heap base address is the
#     maximum limit for the native heap growth. Please use -XX:HeapBaseMinAddress
#     to set the Java Heap base and to place the Java Heap above 4GB virtual address.
# This output file may be truncated or incomplete.
#
#  Out of Memory Error (arena.cpp:168), pid=4480, tid=10624
#
# JRE version: OpenJDK Runtime Environment Temurin-21.0.6+7 (21.0.6+7) (build 21.0.6+7-LTS)
# Java VM: OpenJDK 64-Bit Server VM Temurin-21.0.6+7 (21.0.6+7-LTS, mixed mode, sharing, tiered, compressed oops, compressed class ptrs, parallel gc, windows-amd64)
# No core dump will be written. Minidumps are not enabled by default on client versions of Windows
#

---------------  S U M M A R Y ------------

Command Line: --add-modules=ALL-SYSTEM --add-opens=java.base/java.util=ALL-UNNAMED --add-opens=java.base/java.lang=ALL-UNNAMED --add-opens=java.base/sun.nio.fs=ALL-UNNAMED -Declipse.application=org.eclipse.jdt.ls.core.id1 -Dosgi.bundles.defaultStartLevel=4 -Declipse.product=org.eclipse.jdt.ls.core.product -Djava.import.generatesMetadataFilesAtProjectRoot=false -DDetectVMInstallationsJob.disabled=true -Dfile.encoding=utf8 -XX:+UseParallelGC -XX:GCTimeRatio=4 -XX:AdaptiveSizePolicyWeight=90 -Dsun.zip.disableMemoryMapping=true -Xmx1G -Xms100m -Xlog:disable -javaagent:c:\Users\palak\.vscode\extensions\redhat.java-1.40.0-win32-x64\lombok\lombok-1.18.36.jar c:\Users\palak\.vscode\extensions\redhat.java-1.40.0-win32-x64\server\plugins\org.eclipse.equinox.launcher_1.6.1000.v20250131-0606.jar -configuration c:\Users\palak\AppData\Roaming\Code\User\globalStorage\redhat.java\1.40.0\config_ss_win -data c:\Users\palak\AppData\Roaming\Code\User\workspaceStorage\632f04cdbe9e26a6a5769c745b0508de\redhat.java\ss_ws --pipe=\\.\pipe\lsp-99a50580c9c238fe567fa4198cde8a08-sock

Host: AMD Ryzen 3 3250U with Radeon Graphics         , 4 cores, 5G,  Windows 11 , 64 bit Build 26100 (10.0.26100.3323)
Time: Mon Mar 17 22:25:29 2025 India Standard Time elapsed time: 35.140436 seconds (0d 0h 0m 35s)

---------------  T H R E A D  ---------------

Current thread (0x0000019f96547f90):  JavaThread "C1 CompilerThread0" daemon [_thread_in_native, id=10624, stack(0x000000608d700000,0x000000608d800000) (1024K)]


Current CompileTask:
C1:35140 3324       3       sun.reflect.generics.parser.SignatureParser::parseTypeSignature (130 bytes)

Stack: [0x000000608d700000,0x000000608d800000]
Native frames: (J=compiled Java code, j=interpreted, Vv=VM code, C=native code)
V  [jvm.dll+0x6cdee9]
V  [jvm.dll+0x8a83d1]
V  [jvm.dll+0x8aa8fe]
V  [jvm.dll+0x8aafe3]
V  [jvm.dll+0x27f706]
V  [jvm.dll+0xc500d]
V  [jvm.dll+0xc5543]
V  [jvm.dll+0x16b75c]
V  [jvm.dll+0x17c795]
V  [jvm.dll+0x16a970]
V  [jvm.dll+0x153757]
V  [jvm.dll+0x153028]
V  [jvm.dll+0x153274]
V  [jvm.dll+0x1526a6]
V  [jvm.dll+0x15447d]
V  [jvm.dll+0x25685a]
V  [jvm.dll+0x254dfa]
V  [jvm.dll+0x3f0256]
V  [jvm.dll+0x851f8b]
V  [jvm.dll+0x6cc5ed]
C  [ucrtbase.dll+0x37b0]
C  [KERNEL32.DLL+0x2e8d7]
C  [ntdll.dll+0xbbf6c]


---------------  P R O C E S S  ---------------

Threads class SMR info:
_java_thread_list=0x0000019fd8ec5c10, length=27, elements={
0x0000019fffd5dc00, 0x0000019f8225cea0, 0x0000019f964d13e0, 0x0000019f964d3d60,
0x0000019f964d49b0, 0x0000019f964d8aa0, 0x0000019f964e0090, 0x0000019f964e2550,
0x0000019f96547f90, 0x0000019f8220f6b0, 0x0000019fd85a7ab0, 0x0000019fdd1fbdf0,
0x0000019fd8985e00, 0x0000019fd8588bc0, 0x0000019fd8780480, 0x0000019fd87a8030,
0x0000019fd8ebf820, 0x0000019fd86eeb40, 0x0000019fdd1c4020, 0x0000019fd8ee0140,
0x0000019fd8edfab0, 0x0000019fd8ee07d0, 0x0000019fd8ee14f0, 0x0000019fd8edf420,
0x0000019fd8ee0e60, 0x0000019fd8ede070, 0x0000019fd8ede700
}

Java Threads: ( => current thread )
  0x0000019fffd5dc00 JavaThread "main"                              [_thread_in_vm, id=8996, stack(0x000000608cc00000,0x000000608cd00000) (1024K)]
  0x0000019f8225cea0 JavaThread "Reference Handler"          daemon [_thread_blocked, id=11628, stack(0x000000608d000000,0x000000608d100000) (1024K)]
  0x0000019f964d13e0 JavaThread "Finalizer"                  daemon [_thread_blocked, id=1908, stack(0x000000608d100000,0x000000608d200000) (1024K)]
  0x0000019f964d3d60 JavaThread "Signal Dispatcher"          daemon [_thread_blocked, id=7044, stack(0x000000608d200000,0x000000608d300000) (1024K)]
  0x0000019f964d49b0 JavaThread "Attach Listener"            daemon [_thread_blocked, id=17748, stack(0x000000608d300000,0x000000608d400000) (1024K)]
  0x0000019f964d8aa0 JavaThread "Service Thread"             daemon [_thread_blocked, id=16648, stack(0x000000608d400000,0x000000608d500000) (1024K)]
  0x0000019f964e0090 JavaThread "Monitor Deflation Thread"   daemon [_thread_blocked, id=18212, stack(0x000000608d500000,0x000000608d600000) (1024K)]
  0x0000019f964e2550 JavaThread "C2 CompilerThread0"         daemon [_thread_in_native, id=4708, stack(0x000000608d600000,0x000000608d700000) (1024K)]
=>0x0000019f96547f90 JavaThread "C1 CompilerThread0"         daemon [_thread_in_native, id=10624, stack(0x000000608d700000,0x000000608d800000) (1024K)]
  0x0000019f8220f6b0 JavaThread "Common-Cleaner"             daemon [_thread_blocked, id=8240, stack(0x000000608d800000,0x000000608d900000) (1024K)]
  0x0000019fd85a7ab0 JavaThread "Notification Thread"        daemon [_thread_blocked, id=17372, stack(0x000000608d900000,0x000000608da00000) (1024K)]
  0x0000019fdd1fbdf0 JavaThread "Active Thread: Equinox Container: 61d2ac3c-84bc-4a50-92bd-bfeeccfffac1"        [_thread_blocked, id=8472, stack(0x000000608dd00000,0x000000608de00000) (1024K)]
  0x0000019fd8985e00 JavaThread "Framework Event Dispatcher: Equinox Container: 61d2ac3c-84bc-4a50-92bd-bfeeccfffac1" daemon [_thread_blocked, id=10780, stack(0x000000608de00000,0x000000608df00000) (1024K)]
  0x0000019fd8588bc0 JavaThread "Start Level: Equinox Container: 61d2ac3c-84bc-4a50-92bd-bfeeccfffac1" daemon [_thread_blocked, id=13632, stack(0x000000608df00000,0x000000608e000000) (1024K)]
  0x0000019fd8780480 JavaThread "SCR Component Actor"        daemon [_thread_blocked, id=18968, stack(0x000000608e000000,0x000000608e100000) (1024K)]
  0x0000019fd87a8030 JavaThread "Worker-JM"                         [_thread_blocked, id=20436, stack(0x000000608e200000,0x000000608e300000) (1024K)]
  0x0000019fd8ebf820 JavaThread "JNA Cleaner"                daemon [_thread_blocked, id=9400, stack(0x000000608e300000,0x000000608e400000) (1024K)]
  0x0000019fd86eeb40 JavaThread "Worker-0"                          [_thread_blocked, id=6360, stack(0x000000608e100000,0x000000608e200000) (1024K)]
  0x0000019fdd1c4020 JavaThread "Worker-1"                          [_thread_blocked, id=9280, stack(0x000000608e400000,0x000000608e500000) (1024K)]
  0x0000019fd8ee0140 JavaThread "Thread-3"                   daemon [_thread_in_native, id=14216, stack(0x000000608e700000,0x000000608e800000) (1024K)]
  0x0000019fd8edfab0 JavaThread "Thread-4"                   daemon [_thread_in_native, id=4668, stack(0x000000608e800000,0x000000608e900000) (1024K)]
  0x0000019fd8ee07d0 JavaThread "Thread-5"                   daemon [_thread_in_native, id=12632, stack(0x000000608e900000,0x000000608ea00000) (1024K)]
  0x0000019fd8ee14f0 JavaThread "Thread-6"                   daemon [_thread_in_native, id=18632, stack(0x000000608ea00000,0x000000608eb00000) (1024K)]
  0x0000019fd8edf420 JavaThread "Thread-7"                   daemon [_thread_in_native, id=5364, stack(0x000000608eb00000,0x000000608ec00000) (1024K)]
  0x0000019fd8ee0e60 JavaThread "pool-2-thread-1"                   [_thread_blocked, id=16724, stack(0x000000608ec00000,0x000000608ed00000) (1024K)]
  0x0000019fd8ede070 JavaThread "Worker-2"                          [_thread_blocked, id=19416, stack(0x000000608ed00000,0x000000608ee00000) (1024K)]
  0x0000019fd8ede700 JavaThread "WorkspaceEventsHandler"            [_thread_new, id=14692, stack(0x0000000000000000,0x0000000000000000) (0B)]
Total: 27

Other Threads:
  0x0000019f82241a90 VMThread "VM Thread"                           [id=16432, stack(0x000000608cf00000,0x000000608d000000) (1024K)]
  0x0000019f9646ca00 WatcherThread "VM Periodic Task Thread"        [id=1592, stack(0x000000608ce00000,0x000000608cf00000) (1024K)]
  0x0000019f821bd800 WorkerThread "GC Thread#0"                     [id=1640, stack(0x000000608cd00000,0x000000608ce00000) (1024K)]
  0x0000019fd86f6e20 WorkerThread "GC Thread#1"                     [id=15852, stack(0x000000608da00000,0x000000608db00000) (1024K)]
  0x0000019fd8932930 WorkerThread "GC Thread#2"                     [id=17868, stack(0x000000608db00000,0x000000608dc00000) (1024K)]
  0x0000019fd8932cd0 WorkerThread "GC Thread#3"                     [id=14184, stack(0x000000608dc00000,0x000000608dd00000) (1024K)]
Total: 6

Threads with active compile tasks:
C2 CompilerThread0  35183 3313       4       org.osgi.framework.Version::toString0 (102 bytes)
C1 CompilerThread0  35183 3324       3       sun.reflect.generics.parser.SignatureParser::parseTypeSignature (130 bytes)
Total: 2

VM state: not at safepoint (normal execution)

VM Mutex/Monitor currently owned by a thread:  ([mutex/lock_event])
[0x00007ffbe910e380] Threads_lock - owner thread: 0x0000019fffd5dc00

Heap address: 0x00000000c0000000, size: 1024 MB, Compressed Oops mode: 32-bit

CDS archive(s) mapped at: [0x0000019f97000000-0x0000019f97ba0000-0x0000019f97ba0000), size 12189696, SharedBaseAddress: 0x0000019f97000000, ArchiveRelocationMode: 1.
Compressed class space mapped at: 0x0000019f98000000-0x0000019fd8000000, reserved size: 1073741824
Narrow klass base: 0x0000019f97000000, Narrow klass shift: 0, Narrow klass range: 0x100000000

GC Precious Log:
 CardTable entry size: 512
 CPUs: 4 total, 4 available
 Memory: 6086M
 Large Page Support: Disabled
 NUMA Support: Disabled
 Compressed Oops: Enabled (32-bit)
 Alignments: Space 512K, Generation 512K, Heap 2M
 Heap Min Capacity: 100M
 Heap Initial Capacity: 100M
 Heap Max Capacity: 1G
 Pre-touch: Disabled
 Parallel Workers: 4

Heap:
 PSYoungGen      total 27136K, used 12966K [0x00000000eab00000, 0x00000000eca00000, 0x0000000100000000)
  eden space 24064K, 41% used [0x00000000eab00000,0x00000000eb4b95d8,0x00000000ec280000)
  from space 3072K, 97% used [0x00000000ec700000,0x00000000ec9f0410,0x00000000eca00000)
  to   space 3072K, 0% used [0x00000000ec400000,0x00000000ec400000,0x00000000ec700000)
 ParOldGen       total 68608K, used 10068K [0x00000000c0000000, 0x00000000c4300000, 0x00000000eab00000)
  object space 68608K, 14% used [0x00000000c0000000,0x00000000c09d5368,0x00000000c4300000)
 Metaspace       used 28349K, committed 29120K, reserved 1114112K
  class space    used 2739K, committed 3072K, reserved 1048576K

Card table byte_map: [0x0000019f81b40000,0x0000019f81d50000] _byte_map_base: 0x0000019f81540000

Marking Bits: (ParMarkBitMap*) 0x00007ffbe9113260
 Begin Bits: [0x0000019f94390000, 0x0000019f95390000)
 End Bits:   [0x0000019f95390000, 0x0000019f96390000)

Polling page: 0x0000019f818d0000

Metaspace:

Usage:
  Non-class:     25.01 MB used.
      Class:      2.68 MB used.
       Both:     27.69 MB used.

Virtual space:
  Non-class space:       64.00 MB reserved,      25.44 MB ( 40%) committed,  1 nodes.
      Class space:        1.00 GB reserved,       3.00 MB ( <1%) committed,  1 nodes.
             Both:        1.06 GB reserved,      28.44 MB (  3%) committed. 

Chunk freelists:
   Non-Class:  6.16 MB
       Class:  12.94 MB
        Both:  19.10 MB

MaxMetaspaceSize: unlimited
CompressedClassSpaceSize: 1.00 GB
Initial GC threshold: 21.00 MB
Current GC threshold: 35.00 MB
CDS: on
 - commit_granule_bytes: 65536.
 - commit_granule_words: 8192.
 - virtual_space_node_default_size: 8388608.
 - enlarge_chunks_in_place: 1.
 - use_allocation_guard: 0.


Internal statistics:

num_allocs_failed_limit: 3.
num_arena_births: 560.
num_arena_deaths: 14.
num_vsnodes_births: 2.
num_vsnodes_deaths: 0.
num_space_committed: 455.
num_space_uncommitted: 0.
num_chunks_returned_to_freelist: 17.
num_chunks_taken_from_freelist: 1656.
num_chunk_merges: 9.
num_chunk_splits: 1093.
num_chunks_enlarged: 696.
num_inconsistent_stats: 0.

CodeHeap 'non-profiled nmethods': size=120000Kb used=1548Kb max_used=1548Kb free=118451Kb
 bounds [0x0000019f8ce60000, 0x0000019f8d0d0000, 0x0000019f94390000]
CodeHeap 'profiled nmethods': size=120000Kb used=6462Kb max_used=6462Kb free=113537Kb
 bounds [0x0000019f85390000, 0x0000019f859e0000, 0x0000019f8c8c0000]
CodeHeap 'non-nmethods': size=5760Kb used=1338Kb max_used=1357Kb free=4422Kb
 bounds [0x0000019f8c8c0000, 0x0000019f8cb30000, 0x0000019f8ce60000]
 total_blobs=3952 nmethods=3321 adapters=537
 compilation: enabled
              stopped_count=0, restarted_count=0
 full_count=0

Compilation events (20 events):
Event: 35.049 Thread 0x0000019f964e2550 3312       4       java.lang.StringBuilder::<init> (6 bytes)
Event: 35.059 Thread 0x0000019f964e2550 nmethod 3312 0x0000019f8cfe1c10 code [0x0000019f8cfe1e00, 0x0000019f8cfe2718]
Event: 35.059 Thread 0x0000019f964e2550 3313       4       org.osgi.framework.Version::toString0 (102 bytes)
Event: 35.063 Thread 0x0000019f96547f90 3314       3       java.lang.invoke.MethodHandles$Lookup::getDirectMethodNoSecurityManager (18 bytes)
Event: 35.063 Thread 0x0000019f96547f90 nmethod 3314 0x0000019f859dd190 code [0x0000019f859dd340, 0x0000019f859dd490]
Event: 35.070 Thread 0x0000019f96547f90 3315       3       sun.reflect.generics.scope.AbstractScope::<init> (10 bytes)
Event: 35.071 Thread 0x0000019f96547f90 nmethod 3315 0x0000019f859dd590 code [0x0000019f859dd740, 0x0000019f859dd8c8]
Event: 35.071 Thread 0x0000019f96547f90 3316       3       sun.reflect.generics.factory.CoreReflectionFactory::make (10 bytes)
Event: 35.071 Thread 0x0000019f96547f90 nmethod 3316 0x0000019f859dd990 code [0x0000019f859ddb40, 0x0000019f859ddd78]
Event: 35.071 Thread 0x0000019f96547f90 3317       3       sun.reflect.generics.factory.CoreReflectionFactory::<init> (15 bytes)
Event: 35.071 Thread 0x0000019f96547f90 nmethod 3317 0x0000019f859dde90 code [0x0000019f859de040, 0x0000019f859de1d8]
Event: 35.071 Thread 0x0000019f96547f90 3319       3       java.util.stream.ReferencePipeline::map (26 bytes)
Event: 35.072 Thread 0x0000019f96547f90 nmethod 3319 0x0000019f859de290 code [0x0000019f859de480, 0x0000019f859de910]
Event: 35.072 Thread 0x0000019f96547f90 3320       3       java.util.stream.ReferencePipeline$3::<init> (15 bytes)
Event: 35.072 Thread 0x0000019f96547f90 nmethod 3320 0x0000019f859deb10 code [0x0000019f859decc0, 0x0000019f859def00]
Event: 35.072 Thread 0x0000019f96547f90 3321       3       java.util.stream.ReferencePipeline$3$1::<init> (11 bytes)
Event: 35.072 Thread 0x0000019f96547f90 nmethod 3321 0x0000019f859df090 code [0x0000019f859df260, 0x0000019f859df6c8]
Event: 35.072 Thread 0x0000019f96547f90 3322       1       java.util.stream.Node::getChildCount (2 bytes)
Event: 35.072 Thread 0x0000019f96547f90 nmethod 3322 0x0000019f8cfe2f90 code [0x0000019f8cfe3120, 0x0000019f8cfe31e8]
Event: 35.073 Thread 0x0000019f96547f90 3324       3       sun.reflect.generics.parser.SignatureParser::parseTypeSignature (130 bytes)

GC Heap History (18 events):
Event: 6.930 GC heap before
{Heap before GC invocations=1 (full 0):
 PSYoungGen      total 29696K, used 25600K [0x00000000eab00000, 0x00000000ecc00000, 0x0000000100000000)
  eden space 25600K, 100% used [0x00000000eab00000,0x00000000ec400000,0x00000000ec400000)
  from space 4096K, 0% used [0x00000000ec800000,0x00000000ec800000,0x00000000ecc00000)
  to   space 4096K, 0% used [0x00000000ec400000,0x00000000ec400000,0x00000000ec800000)
 ParOldGen       total 68608K, used 0K [0x00000000c0000000, 0x00000000c4300000, 0x00000000eab00000)
  object space 68608K, 0% used [0x00000000c0000000,0x00000000c0000000,0x00000000c4300000)
 Metaspace       used 4373K, committed 4608K, reserved 1114112K
  class space    used 437K, committed 512K, reserved 1048576K
}
Event: 7.016 GC heap after
{Heap after GC invocations=1 (full 0):
 PSYoungGen      total 29696K, used 3173K [0x00000000eab00000, 0x00000000ecc00000, 0x0000000100000000)
  eden space 25600K, 0% used [0x00000000eab00000,0x00000000eab00000,0x00000000ec400000)
  from space 4096K, 77% used [0x00000000ec400000,0x00000000ec7197f0,0x00000000ec800000)
  to   space 4096K, 0% used [0x00000000ec800000,0x00000000ec800000,0x00000000ecc00000)
 ParOldGen       total 68608K, used 0K [0x00000000c0000000, 0x00000000c4300000, 0x00000000eab00000)
  object space 68608K, 0% used [0x00000000c0000000,0x00000000c0000000,0x00000000c4300000)
 Metaspace       used 4373K, committed 4608K, reserved 1114112K
  class space    used 437K, committed 512K, reserved 1048576K
}
Event: 13.121 GC heap before
{Heap before GC invocations=2 (full 0):
 PSYoungGen      total 29696K, used 28773K [0x00000000eab00000, 0x00000000ecc00000, 0x0000000100000000)
  eden space 25600K, 100% used [0x00000000eab00000,0x00000000ec400000,0x00000000ec400000)
  from space 4096K, 77% used [0x00000000ec400000,0x00000000ec7197f0,0x00000000ec800000)
  to   space 4096K, 0% used [0x00000000ec800000,0x00000000ec800000,0x00000000ecc00000)
 ParOldGen       total 68608K, used 0K [0x00000000c0000000, 0x00000000c4300000, 0x00000000eab00000)
  object space 68608K, 0% used [0x00000000c0000000,0x00000000c0000000,0x00000000c4300000)
 Metaspace       used 8237K, committed 8512K, reserved 1114112K
  class space    used 813K, committed 960K, reserved 1048576K
}
Event: 13.131 GC heap after
{Heap after GC invocations=2 (full 0):
 PSYoungGen      total 29696K, used 4069K [0x00000000eab00000, 0x00000000ecc00000, 0x0000000100000000)
  eden space 25600K, 0% used [0x00000000eab00000,0x00000000eab00000,0x00000000ec400000)
  from space 4096K, 99% used [0x00000000ec800000,0x00000000ecbf97f0,0x00000000ecc00000)
  to   space 4096K, 0% used [0x00000000ec400000,0x00000000ec400000,0x00000000ec800000)
 ParOldGen       total 68608K, used 874K [0x00000000c0000000, 0x00000000c4300000, 0x00000000eab00000)
  object space 68608K, 1% used [0x00000000c0000000,0x00000000c00da830,0x00000000c4300000)
 Metaspace       used 8237K, committed 8512K, reserved 1114112K
  class space    used 813K, committed 960K, reserved 1048576K
}
Event: 17.686 GC heap before
{Heap before GC invocations=3 (full 0):
 PSYoungGen      total 29696K, used 29669K [0x00000000eab00000, 0x00000000ecc00000, 0x0000000100000000)
  eden space 25600K, 100% used [0x00000000eab00000,0x00000000ec400000,0x00000000ec400000)
  from space 4096K, 99% used [0x00000000ec800000,0x00000000ecbf97f0,0x00000000ecc00000)
  to   space 4096K, 0% used [0x00000000ec400000,0x00000000ec400000,0x00000000ec800000)
 ParOldGen       total 68608K, used 874K [0x00000000c0000000, 0x00000000c4300000, 0x00000000eab00000)
  object space 68608K, 1% used [0x00000000c0000000,0x00000000c00da830,0x00000000c4300000)
 Metaspace       used 12954K, committed 13568K, reserved 1114112K
  class space    used 1297K, committed 1536K, reserved 1048576K
}
Event: 17.706 GC heap after
{Heap after GC invocations=3 (full 0):
 PSYoungGen      total 29696K, used 4064K [0x00000000eab00000, 0x00000000ecc00000, 0x0000000100000000)
  eden space 25600K, 0% used [0x00000000eab00000,0x00000000eab00000,0x00000000ec400000)
  from space 4096K, 99% used [0x00000000ec400000,0x00000000ec7f8110,0x00000000ec800000)
  to   space 4096K, 0% used [0x00000000ec800000,0x00000000ec800000,0x00000000ecc00000)
 ParOldGen       total 68608K, used 2964K [0x00000000c0000000, 0x00000000c4300000, 0x00000000eab00000)
  object space 68608K, 4% used [0x00000000c0000000,0x00000000c02e52a8,0x00000000c4300000)
 Metaspace       used 12954K, committed 13568K, reserved 1114112K
  class space    used 1297K, committed 1536K, reserved 1048576K
}
Event: 22.198 GC heap before
{Heap before GC invocations=4 (full 0):
 PSYoungGen      total 29696K, used 29664K [0x00000000eab00000, 0x00000000ecc00000, 0x0000000100000000)
  eden space 25600K, 100% used [0x00000000eab00000,0x00000000ec400000,0x00000000ec400000)
  from space 4096K, 99% used [0x00000000ec400000,0x00000000ec7f8110,0x00000000ec800000)
  to   space 4096K, 0% used [0x00000000ec800000,0x00000000ec800000,0x00000000ecc00000)
 ParOldGen       total 68608K, used 2964K [0x00000000c0000000, 0x00000000c4300000, 0x00000000eab00000)
  object space 68608K, 4% used [0x00000000c0000000,0x00000000c02e52a8,0x00000000c4300000)
 Metaspace       used 16804K, committed 17472K, reserved 1114112K
  class space    used 1687K, committed 1984K, reserved 1048576K
}
Event: 22.209 GC heap after
{Heap after GC invocations=4 (full 0):
 PSYoungGen      total 29696K, used 4094K [0x00000000eab00000, 0x00000000ecc00000, 0x0000000100000000)
  eden space 25600K, 0% used [0x00000000eab00000,0x00000000eab00000,0x00000000ec400000)
  from space 4096K, 99% used [0x00000000ec800000,0x00000000ecbffac0,0x00000000ecc00000)
  to   space 4096K, 0% used [0x00000000ec400000,0x00000000ec400000,0x00000000ec800000)
 ParOldGen       total 68608K, used 5520K [0x00000000c0000000, 0x00000000c4300000, 0x00000000eab00000)
  object space 68608K, 8% used [0x00000000c0000000,0x00000000c0564018,0x00000000c4300000)
 Metaspace       used 16804K, committed 17472K, reserved 1114112K
  class space    used 1687K, committed 1984K, reserved 1048576K
}
Event: 24.220 GC heap before
{Heap before GC invocations=5 (full 0):
 PSYoungGen      total 29696K, used 29588K [0x00000000eab00000, 0x00000000ecc00000, 0x0000000100000000)
  eden space 25600K, 99% used [0x00000000eab00000,0x00000000ec3e55d8,0x00000000ec400000)
  from space 4096K, 99% used [0x00000000ec800000,0x00000000ecbffac0,0x00000000ecc00000)
  to   space 4096K, 0% used [0x00000000ec400000,0x00000000ec400000,0x00000000ec800000)
 ParOldGen       total 68608K, used 5520K [0x00000000c0000000, 0x00000000c4300000, 0x00000000eab00000)
  object space 68608K, 8% used [0x00000000c0000000,0x00000000c0564018,0x00000000c4300000)
 Metaspace       used 20155K, committed 20736K, reserved 1114112K
  class space    used 1930K, committed 2176K, reserved 1048576K
}
Event: 24.230 GC heap after
{Heap after GC invocations=5 (full 0):
 PSYoungGen      total 29184K, used 4083K [0x00000000eab00000, 0x00000000ecf80000, 0x0000000100000000)
  eden space 25088K, 0% used [0x00000000eab00000,0x00000000eab00000,0x00000000ec380000)
  from space 4096K, 99% used [0x00000000ec400000,0x00000000ec7fce00,0x00000000ec800000)
  to   space 6144K, 0% used [0x00000000ec980000,0x00000000ec980000,0x00000000ecf80000)
 ParOldGen       total 68608K, used 7205K [0x00000000c0000000, 0x00000000c4300000, 0x00000000eab00000)
  object space 68608K, 10% used [0x00000000c0000000,0x00000000c0709520,0x00000000c4300000)
 Metaspace       used 20155K, committed 20736K, reserved 1114112K
  class space    used 1930K, committed 2176K, reserved 1048576K
}
Event: 24.413 GC heap before
{Heap before GC invocations=6 (full 0):
 PSYoungGen      total 29184K, used 8993K [0x00000000eab00000, 0x00000000ecf80000, 0x0000000100000000)
  eden space 25088K, 19% used [0x00000000eab00000,0x00000000eafcb9d8,0x00000000ec380000)
  from space 4096K, 99% used [0x00000000ec400000,0x00000000ec7fce00,0x00000000ec800000)
  to   space 6144K, 0% used [0x00000000ec980000,0x00000000ec980000,0x00000000ecf80000)
 ParOldGen       total 68608K, used 7205K [0x00000000c0000000, 0x00000000c4300000, 0x00000000eab00000)
  object space 68608K, 10% used [0x00000000c0000000,0x00000000c0709520,0x00000000c4300000)
 Metaspace       used 20940K, committed 21504K, reserved 1114112K
  class space    used 1983K, committed 2240K, reserved 1048576K
}
Event: 24.421 GC heap after
{Heap after GC invocations=6 (full 0):
 PSYoungGen      total 29696K, used 4316K [0x00000000eab00000, 0x00000000ece00000, 0x0000000100000000)
  eden space 25088K, 0% used [0x00000000eab00000,0x00000000eab00000,0x00000000ec380000)
  from space 4608K, 93% used [0x00000000ec980000,0x00000000ecdb7088,0x00000000ece00000)
  to   space 5120K, 0% used [0x00000000ec400000,0x00000000ec400000,0x00000000ec900000)
 ParOldGen       total 68608K, used 7205K [0x00000000c0000000, 0x00000000c4300000, 0x00000000eab00000)
  object space 68608K, 10% used [0x00000000c0000000,0x00000000c0709520,0x00000000c4300000)
 Metaspace       used 20940K, committed 21504K, reserved 1114112K
  class space    used 1983K, committed 2240K, reserved 1048576K
}
Event: 24.421 GC heap before
{Heap before GC invocations=7 (full 1):
 PSYoungGen      total 29696K, used 4316K [0x00000000eab00000, 0x00000000ece00000, 0x0000000100000000)
  eden space 25088K, 0% used [0x00000000eab00000,0x00000000eab00000,0x00000000ec380000)
  from space 4608K, 93% used [0x00000000ec980000,0x00000000ecdb7088,0x00000000ece00000)
  to   space 5120K, 0% used [0x00000000ec400000,0x00000000ec400000,0x00000000ec900000)
 ParOldGen       total 68608K, used 7205K [0x00000000c0000000, 0x00000000c4300000, 0x00000000eab00000)
  object space 68608K, 10% used [0x00000000c0000000,0x00000000c0709520,0x00000000c4300000)
 Metaspace       used 20940K, committed 21504K, reserved 1114112K
  class space    used 1983K, committed 2240K, reserved 1048576K
}
Event: 24.464 GC heap after
{Heap after GC invocations=7 (full 1):
 PSYoungGen      total 29696K, used 0K [0x00000000eab00000, 0x00000000ece00000, 0x0000000100000000)
  eden space 25088K, 0% used [0x00000000eab00000,0x00000000eab00000,0x00000000ec380000)
  from space 4608K, 0% used [0x00000000ec980000,0x00000000ec980000,0x00000000ece00000)
  to   space 5120K, 0% used [0x00000000ec400000,0x00000000ec400000,0x00000000ec900000)
 ParOldGen       total 68608K, used 8490K [0x00000000c0000000, 0x00000000c4300000, 0x00000000eab00000)
  object space 68608K, 12% used [0x00000000c0000000,0x00000000c084a948,0x00000000c4300000)
 Metaspace       used 20927K, committed 21504K, reserved 1114112K
  class space    used 1979K, committed 2240K, reserved 1048576K
}
Event: 31.638 GC heap before
{Heap before GC invocations=8 (full 1):
 PSYoungGen      total 29696K, used 25088K [0x00000000eab00000, 0x00000000ece00000, 0x0000000100000000)
  eden space 25088K, 100% used [0x00000000eab00000,0x00000000ec380000,0x00000000ec380000)
  from space 4608K, 0% used [0x00000000ec980000,0x00000000ec980000,0x00000000ece00000)
  to   space 5120K, 0% used [0x00000000ec400000,0x00000000ec400000,0x00000000ec900000)
 ParOldGen       total 68608K, used 8490K [0x00000000c0000000, 0x00000000c4300000, 0x00000000eab00000)
  object space 68608K, 12% used [0x00000000c0000000,0x00000000c084a948,0x00000000c4300000)
 Metaspace       used 22790K, committed 23488K, reserved 1114112K
  class space    used 2119K, committed 2432K, reserved 1048576K
}
Event: 31.644 GC heap after
{Heap after GC invocations=8 (full 1):
 PSYoungGen      total 27648K, used 2868K [0x00000000eab00000, 0x00000000eca00000, 0x0000000100000000)
  eden space 24576K, 0% used [0x00000000eab00000,0x00000000eab00000,0x00000000ec300000)
  from space 3072K, 93% used [0x00000000ec400000,0x00000000ec6cd360,0x00000000ec700000)
  to   space 3072K, 0% used [0x00000000ec700000,0x00000000ec700000,0x00000000eca00000)
 ParOldGen       total 68608K, used 8498K [0x00000000c0000000, 0x00000000c4300000, 0x00000000eab00000)
  object space 68608K, 12% used [0x00000000c0000000,0x00000000c084c948,0x00000000c4300000)
 Metaspace       used 22790K, committed 23488K, reserved 1114112K
  class space    used 2119K, committed 2432K, reserved 1048576K
}
Event: 34.251 GC heap before
{Heap before GC invocations=9 (full 1):
 PSYoungGen      total 27648K, used 27444K [0x00000000eab00000, 0x00000000eca00000, 0x0000000100000000)
  eden space 24576K, 100% used [0x00000000eab00000,0x00000000ec300000,0x00000000ec300000)
  from space 3072K, 93% used [0x00000000ec400000,0x00000000ec6cd360,0x00000000ec700000)
  to   space 3072K, 0% used [0x00000000ec700000,0x00000000ec700000,0x00000000eca00000)
 ParOldGen       total 68608K, used 8498K [0x00000000c0000000, 0x00000000c4300000, 0x00000000eab00000)
  object space 68608K, 12% used [0x00000000c0000000,0x00000000c084c948,0x00000000c4300000)
 Metaspace       used 26807K, committed 27584K, reserved 1114112K
  class space    used 2552K, committed 2880K, reserved 1048576K
}
Event: 34.257 GC heap after
{Heap after GC invocations=9 (full 1):
 PSYoungGen      total 27136K, used 3009K [0x00000000eab00000, 0x00000000eca00000, 0x0000000100000000)
  eden space 24064K, 0% used [0x00000000eab00000,0x00000000eab00000,0x00000000ec280000)
  from space 3072K, 97% used [0x00000000ec700000,0x00000000ec9f0410,0x00000000eca00000)
  to   space 3072K, 0% used [0x00000000ec400000,0x00000000ec400000,0x00000000ec700000)
 ParOldGen       total 68608K, used 10068K [0x00000000c0000000, 0x00000000c4300000, 0x00000000eab00000)
  object space 68608K, 14% used [0x00000000c0000000,0x00000000c09d5368,0x00000000c4300000)
 Metaspace       used 26807K, committed 27584K, reserved 1114112K
  class space    used 2552K, committed 2880K, reserved 1048576K
}

Dll operation events (10 events):
Event: 0.041 Loaded shared library c:\Users\palak\.vscode\extensions\redhat.java-1.40.0-win32-x64\jre\21.0.6-win32-x86_64\bin\java.dll
Event: 0.929 Loaded shared library c:\Users\palak\.vscode\extensions\redhat.java-1.40.0-win32-x64\jre\21.0.6-win32-x86_64\bin\zip.dll
Event: 1.666 Loaded shared library C:\Users\palak\.vscode\extensions\redhat.java-1.40.0-win32-x64\jre\21.0.6-win32-x86_64\bin\instrument.dll
Event: 1.705 Loaded shared library C:\Users\palak\.vscode\extensions\redhat.java-1.40.0-win32-x64\jre\21.0.6-win32-x86_64\bin\net.dll
Event: 1.715 Loaded shared library C:\Users\palak\.vscode\extensions\redhat.java-1.40.0-win32-x64\jre\21.0.6-win32-x86_64\bin\nio.dll
Event: 1.726 Loaded shared library C:\Users\palak\.vscode\extensions\redhat.java-1.40.0-win32-x64\jre\21.0.6-win32-x86_64\bin\zip.dll
Event: 1.837 Loaded shared library C:\Users\palak\.vscode\extensions\redhat.java-1.40.0-win32-x64\jre\21.0.6-win32-x86_64\bin\jimage.dll
Event: 2.626 Loaded shared library c:\Users\palak\.vscode\extensions\redhat.java-1.40.0-win32-x64\jre\21.0.6-win32-x86_64\bin\verify.dll
Event: 12.785 Loaded shared library C:\Users\palak\AppData\Roaming\Code\User\globalStorage\redhat.java\1.40.0\config_ss_win\org.eclipse.equinox.launcher\org.eclipse.equinox.launcher.win32.win32.x86_64_1.2.1200.v20250212-0927\eclipse_11909.dll
Event: 21.008 Loaded shared library C:\Users\palak\AppData\Local\Temp\jna-106430981\jna15122723453049894879.dll

Deoptimization events (20 events):
Event: 31.716 Thread 0x0000019fd8588bc0 DEOPT PACKING pc=0x0000019f8cf920fc sp=0x000000608dffda10
Event: 31.716 Thread 0x0000019fd8588bc0 DEOPT UNPACKING pc=0x0000019f8c913aa2 sp=0x000000608dffd8d8 mode 2
Event: 33.183 Thread 0x0000019fd8588bc0 Uncommon trap: trap_request=0xffffff45 fr.pc=0x0000019f8cece20c relative=0x00000000000000ec
Event: 33.183 Thread 0x0000019fd8588bc0 Uncommon trap: reason=unstable_if action=reinterpret pc=0x0000019f8cece20c method=java.lang.String.getBytes([BIB)V @ 5 c2
Event: 33.183 Thread 0x0000019fd8588bc0 DEOPT PACKING pc=0x0000019f8cece20c sp=0x000000608dffe120
Event: 33.183 Thread 0x0000019fd8588bc0 DEOPT UNPACKING pc=0x0000019f8c913aa2 sp=0x000000608dffe0c8 mode 2
Event: 33.359 Thread 0x0000019fd8588bc0 Uncommon trap: trap_request=0xffffff45 fr.pc=0x0000019f8cf11744 relative=0x0000000000000124
Event: 33.359 Thread 0x0000019fd8588bc0 Uncommon trap: reason=unstable_if action=reinterpret pc=0x0000019f8cf11744 method=jdk.internal.org.objectweb.asm.SymbolTable.put(Ljdk/internal/org/objectweb/asm/SymbolTable$Entry;)Ljdk/internal/org/objectweb/asm/SymbolTable$Entry; @ 13 c2
Event: 33.359 Thread 0x0000019fd8588bc0 DEOPT PACKING pc=0x0000019f8cf11744 sp=0x000000608dffbd50
Event: 33.359 Thread 0x0000019fd8588bc0 DEOPT UNPACKING pc=0x0000019f8c913aa2 sp=0x000000608dffbcb0 mode 2
Event: 33.776 Thread 0x0000019fd86eeb40 Uncommon trap: trap_request=0xffffff45 fr.pc=0x0000019f8cfbfe68 relative=0x0000000000001108
Event: 33.776 Thread 0x0000019fd86eeb40 Uncommon trap: reason=unstable_if action=reinterpret pc=0x0000019f8cfbfe68 method=java.util.Properties.loadConvert([CIILjava/lang/StringBuilder;)Ljava/lang/String; @ 477 c2
Event: 33.776 Thread 0x0000019fd86eeb40 DEOPT PACKING pc=0x0000019f8cfbfe68 sp=0x000000608e1fd930
Event: 33.776 Thread 0x0000019fd86eeb40 DEOPT UNPACKING pc=0x0000019f8c913aa2 sp=0x000000608e1fd920 mode 2
Event: 34.291 Thread 0x0000019fd86eeb40 DEOPT PACKING pc=0x0000019f857f623e sp=0x000000608e1fe260
Event: 34.291 Thread 0x0000019fd86eeb40 DEOPT UNPACKING pc=0x0000019f8c914242 sp=0x000000608e1fd7a0 mode 0
Event: 34.925 Thread 0x0000019fffd5dc00 Uncommon trap: trap_request=0xffffff45 fr.pc=0x0000019f8cf79f14 relative=0x0000000000000314
Event: 34.925 Thread 0x0000019fffd5dc00 Uncommon trap: reason=unstable_if action=reinterpret pc=0x0000019f8cf79f14 method=java.util.regex.Pattern$BmpCharPropertyGreedy.match(Ljava/util/regex/Matcher;ILjava/lang/CharSequence;)Z @ 12 c2
Event: 34.925 Thread 0x0000019fffd5dc00 DEOPT PACKING pc=0x0000019f8cf79f14 sp=0x000000608ccfcda0
Event: 34.925 Thread 0x0000019fffd5dc00 DEOPT UNPACKING pc=0x0000019f8c913aa2 sp=0x000000608ccfcd38 mode 2

Classes loaded (20 events):
Event: 34.373 Loading class sun/reflect/generics/tree/BottomSignature
Event: 34.373 Loading class sun/reflect/generics/tree/BottomSignature done
Event: 34.373 Loading class sun/reflect/generics/tree/Wildcard
Event: 34.374 Loading class sun/reflect/generics/tree/Wildcard done
Event: 34.377 Loading class sun/reflect/generics/reflectiveObjects/WildcardTypeImpl
Event: 34.377 Loading class java/lang/reflect/WildcardType
Event: 34.377 Loading class java/lang/reflect/WildcardType done
Event: 34.377 Loading class sun/reflect/generics/reflectiveObjects/WildcardTypeImpl done
Event: 34.951 Loading class java/math/BigDecimal
Event: 34.954 Loading class java/math/BigDecimal done
Event: 34.973 Loading class java/text/ParseException
Event: 34.973 Loading class java/text/ParseException done
Event: 34.996 Loading class java/util/BitSet
Event: 34.997 Loading class java/util/BitSet done
Event: 35.022 Loading class java/util/concurrent/atomic/AtomicIntegerArray
Event: 35.035 Loading class java/util/concurrent/atomic/AtomicIntegerArray done
Event: 35.037 Loading class java/util/Currency
Event: 35.038 Loading class java/util/Currency done
Event: 35.047 Loading class java/util/concurrent/atomic/AtomicLongArray
Event: 35.047 Loading class java/util/concurrent/atomic/AtomicLongArray done

Classes unloaded (7 events):
Event: 24.431 Thread 0x0000019f82241a90 Unloading class 0x0000019f98185400 'java/lang/invoke/LambdaForm$MH+0x0000019f98185400'
Event: 24.431 Thread 0x0000019f82241a90 Unloading class 0x0000019f98185000 'java/lang/invoke/LambdaForm$MH+0x0000019f98185000'
Event: 24.431 Thread 0x0000019f82241a90 Unloading class 0x0000019f98184c00 'java/lang/invoke/LambdaForm$MH+0x0000019f98184c00'
Event: 24.431 Thread 0x0000019f82241a90 Unloading class 0x0000019f98184800 'java/lang/invoke/LambdaForm$MH+0x0000019f98184800'
Event: 24.431 Thread 0x0000019f82241a90 Unloading class 0x0000019f98184400 'java/lang/invoke/LambdaForm$BMH+0x0000019f98184400'
Event: 24.431 Thread 0x0000019f82241a90 Unloading class 0x0000019f98184000 'java/lang/invoke/LambdaForm$DMH+0x0000019f98184000'
Event: 24.431 Thread 0x0000019f82241a90 Unloading class 0x0000019f98182c00 'java/lang/invoke/LambdaForm$DMH+0x0000019f98182c00'

Classes redefined (0 events):
No events

Internal exceptions (20 events):
Event: 34.048 Thread 0x0000019fd86eeb40 Exception <a 'sun/nio/fs/WindowsException'{0x00000000ebe44220}> (0x00000000ebe44220) 
thrown [s\src\hotspot\share\prims\jni.cpp, line 520]
Event: 34.054 Thread 0x0000019fd86eeb40 Exception <a 'sun/nio/fs/WindowsException'{0x00000000ebe59c50}> (0x00000000ebe59c50) 
thrown [s\src\hotspot\share\prims\jni.cpp, line 520]
Event: 34.054 Thread 0x0000019fd86eeb40 Exception <a 'sun/nio/fs/WindowsException'{0x00000000ebe5a4a0}> (0x00000000ebe5a4a0) 
thrown [s\src\hotspot\share\prims\jni.cpp, line 520]
Event: 34.060 Thread 0x0000019fd86eeb40 Exception <a 'sun/nio/fs/WindowsException'{0x00000000ebe6ceb8}> (0x00000000ebe6ceb8) 
thrown [s\src\hotspot\share\prims\jni.cpp, line 520]
Event: 34.060 Thread 0x0000019fd86eeb40 Exception <a 'sun/nio/fs/WindowsException'{0x00000000ebe6d708}> (0x00000000ebe6d708) 
thrown [s\src\hotspot\share\prims\jni.cpp, line 520]
Event: 34.063 Thread 0x0000019fd86eeb40 Exception <a 'sun/nio/fs/WindowsException'{0x00000000ebe6f0f8}> (0x00000000ebe6f0f8) 
thrown [s\src\hotspot\share\prims\jni.cpp, line 520]
Event: 34.063 Thread 0x0000019fd86eeb40 Exception <a 'sun/nio/fs/WindowsException'{0x00000000ebe6fcd0}> (0x00000000ebe6fcd0) 
thrown [s\src\hotspot\share\prims\jni.cpp, line 520]
Event: 34.065 Thread 0x0000019fd86eeb40 Exception <a 'sun/nio/fs/WindowsException'{0x00000000ebe70d40}> (0x00000000ebe70d40) 
thrown [s\src\hotspot\share\prims\jni.cpp, line 520]
Event: 34.065 Thread 0x0000019fd86eeb40 Exception <a 'sun/nio/fs/WindowsException'{0x00000000ebe716b0}> (0x00000000ebe716b0) 
thrown [s\src\hotspot\share\prims\jni.cpp, line 520]
Event: 34.066 Thread 0x0000019fd86eeb40 Exception <a 'sun/nio/fs/WindowsException'{0x00000000ebe72780}> (0x00000000ebe72780) 
thrown [s\src\hotspot\share\prims\jni.cpp, line 520]
Event: 34.066 Thread 0x0000019fd86eeb40 Exception <a 'sun/nio/fs/WindowsException'{0x00000000ebe730f0}> (0x00000000ebe730f0) 
thrown [s\src\hotspot\share\prims\jni.cpp, line 520]
Event: 34.068 Thread 0x0000019fd86eeb40 Exception <a 'sun/nio/fs/WindowsException'{0x00000000ebe75878}> (0x00000000ebe75878) 
thrown [s\src\hotspot\share\prims\jni.cpp, line 520]
Event: 34.069 Thread 0x0000019fd86eeb40 Exception <a 'sun/nio/fs/WindowsException'{0x00000000ebe761e8}> (0x00000000ebe761e8) 
thrown [s\src\hotspot\share\prims\jni.cpp, line 520]
Event: 34.073 Thread 0x0000019fd86eeb40 Exception <a 'java/lang/NoSuchMethodError'{0x00000000ebe89ee0}: 'void java.lang.invoke.DirectMethodHandle$Holder.invokeVirtual(java.lang.Object, java.lang.Object, java.lang.Object, java.lang.Object)'> (0x00000000ebe89ee0) 
thrown [s\src\hotspot\share\interpreter\linkResolver.cpp, line 773]
Event: 34.307 Thread 0x0000019fd86eeb40 Exception <a 'java/io/FileNotFoundException'{0x00000000eac2c840}> (0x00000000eac2c840) 
thrown [s\src\hotspot\share\prims\jni.cpp, line 520]
Event: 34.307 Thread 0x0000019fd86eeb40 Exception <a 'java/io/FileNotFoundException'{0x00000000eac2dac8}> (0x00000000eac2dac8) 
thrown [s\src\hotspot\share\prims\jni.cpp, line 520]
Event: 34.311 Thread 0x0000019fd86eeb40 Exception <a 'java/lang/NoSuchMethodError'{0x00000000eac3b620}: 'java.lang.Object java.lang.invoke.DirectMethodHandle$Holder.newInvokeSpecial(java.lang.Object, java.lang.Object, java.lang.Object, int)'> (0x00000000eac3b620) 
thrown [s\src\hotspot\share\interpreter\linkResolver.cpp, line 773]
Event: 34.314 Thread 0x0000019fd86eeb40 Exception <a 'java/lang/NoSuchMethodError'{0x00000000eac3f238}: 'java.lang.Object java.lang.invoke.DirectMethodHandle$Holder.invokeSpecial(java.lang.Object, java.lang.Object, java.lang.Object, java.lang.Object, int)'> (0x00000000eac3f238) 
thrown [s\src\hotspot\share\interpreter\linkResolver.cpp, line 773]
Event: 34.317 Thread 0x0000019fd86eeb40 Exception <a 'java/lang/NoSuchMethodError'{0x00000000eac42910}: 'java.lang.Object java.lang.invoke.Invokers$Holder.linkToTargetMethod(java.lang.Object, java.lang.Object, int, java.lang.Object)'> (0x00000000eac42910) 
thrown [s\src\hotspot\share\interpreter\linkResolver.cpp, line 773]
Event: 34.321 Thread 0x0000019fd86eeb40 Exception <a 'java/lang/NoSuchMethodError'{0x00000000eac4dc80}: 'void java.lang.invoke.DirectMethodHandle$Holder.invokeStaticInit(java.lang.Object, java.lang.Object, java.lang.Object)'> (0x00000000eac4dc80) 
thrown [s\src\hotspot\share\interpreter\linkResolver.cpp, line 773]

ZGC Phase Switch (0 events):
No events

VM Operations (20 events):
Event: 25.392 Executing VM operation: HandshakeAllThreads (Deoptimize)
Event: 25.392 Executing VM operation: HandshakeAllThreads (Deoptimize) done
Event: 26.392 Executing VM operation: Cleanup
Event: 31.615 Executing VM operation: Cleanup done
Event: 31.638 Executing VM operation: ParallelGCFailedAllocation (Allocation Failure)
Event: 31.644 Executing VM operation: ParallelGCFailedAllocation (Allocation Failure) done
Event: 31.667 Executing VM operation: HandshakeAllThreads (Deoptimize)
Event: 31.667 Executing VM operation: HandshakeAllThreads (Deoptimize) done
Event: 31.680 Executing VM operation: HandshakeAllThreads (Deoptimize)
Event: 31.680 Executing VM operation: HandshakeAllThreads (Deoptimize) done
Event: 32.036 Executing VM operation: HandshakeAllThreads (Deoptimize)
Event: 32.036 Executing VM operation: HandshakeAllThreads (Deoptimize) done
Event: 32.037 Executing VM operation: HandshakeAllThreads (Deoptimize)
Event: 32.037 Executing VM operation: HandshakeAllThreads (Deoptimize) done
Event: 32.572 Executing VM operation: HandshakeAllThreads (Deoptimize)
Event: 32.572 Executing VM operation: HandshakeAllThreads (Deoptimize) done
Event: 33.581 Executing VM operation: Cleanup
Event: 33.597 Executing VM operation: Cleanup done
Event: 34.235 Executing VM operation: ParallelGCFailedAllocation (Allocation Failure)
Event: 34.257 Executing VM operation: ParallelGCFailedAllocation (Allocation Failure) done

Memory protections (0 events):
No events

Nmethod flushes (0 events):
No events

Events (20 events):
Event: 15.770 Thread 0x0000019f964e2550 Thread added: 0x0000019fd84e6010
Event: 15.992 Thread 0x0000019fd84e6010 Thread exited: 0x0000019fd84e6010
Event: 16.978 Thread 0x0000019fd8588bc0 Thread added: 0x0000019fd87a8030
Event: 21.158 Thread 0x0000019fd8588bc0 Thread added: 0x0000019fd8ebf820
Event: 21.320 Thread 0x0000019fd86eeb40 Thread exited: 0x0000019fd86eeb40
Event: 21.430 Thread 0x0000019fd8588bc0 Thread added: 0x0000019fd86eeb40
Event: 21.655 Thread 0x0000019fd8588bc0 Thread added: 0x0000019fdd1c4020
Event: 21.679 Thread 0x0000019fd8588bc0 Thread added: 0x0000019fdd234cb0
Event: 22.251 Thread 0x0000019f964e2550 Thread added: 0x0000019fd83acd90
Event: 22.403 Thread 0x0000019fd83acd90 Thread exited: 0x0000019fd83acd90
Event: 25.732 Thread 0x0000019fd8588bc0 Thread added: 0x0000019fdd2366f0
Event: 31.616 Thread 0x0000019fdd234cb0 Thread exited: 0x0000019fdd234cb0
Event: 31.880 Thread 0x0000019fdd2366f0 Thread exited: 0x0000019fdd2366f0
Event: 33.690 Thread 0x0000019fffd5dc00 Thread added: 0x0000019fd8ee0140
Event: 33.729 Thread 0x0000019fffd5dc00 Thread added: 0x0000019fd8edfab0
Event: 33.759 Thread 0x0000019fffd5dc00 Thread added: 0x0000019fd8ee07d0
Event: 33.790 Thread 0x0000019fffd5dc00 Thread added: 0x0000019fd8ee14f0
Event: 33.819 Thread 0x0000019fffd5dc00 Thread added: 0x0000019fd8edf420
Event: 34.074 Thread 0x0000019fffd5dc00 Thread added: 0x0000019fd8ee0e60
Event: 34.235 Thread 0x0000019fdd1c4020 Thread added: 0x0000019fd8ede070


Dynamic libraries:
0x00007ff78e890000 - 0x00007ff78e89e000 	c:\Users\palak\.vscode\extensions\redhat.java-1.40.0-win32-x64\jre\21.0.6-win32-x86_64\bin\java.exe
0x00007ffc51e00000 - 0x00007ffc52063000 	C:\WINDOWS\SYSTEM32\ntdll.dll
0x00007ffc50cb0000 - 0x00007ffc50d77000 	C:\WINDOWS\System32\KERNEL32.DLL
0x00007ffc4f200000 - 0x00007ffc4f5c9000 	C:\WINDOWS\System32\KERNELBASE.dll
0x00007ffc4fad0000 - 0x00007ffc4fc1c000 	C:\WINDOWS\System32\ucrtbase.dll
0x00007ffc27e40000 - 0x00007ffc27e58000 	c:\Users\palak\.vscode\extensions\redhat.java-1.40.0-win32-x64\jre\21.0.6-win32-x86_64\bin\jli.dll
0x00007ffc51630000 - 0x00007ffc517fa000 	C:\WINDOWS\System32\USER32.dll
0x00007ffc4f000000 - 0x00007ffc4f027000 	C:\WINDOWS\System32\win32u.dll
0x00007ffc512f0000 - 0x00007ffc5131a000 	C:\WINDOWS\System32\GDI32.dll
0x00007ffc4f030000 - 0x00007ffc4f161000 	C:\WINDOWS\System32\gdi32full.dll
0x00007ffc4f690000 - 0x00007ffc4f733000 	C:\WINDOWS\System32\msvcp_win.dll
0x00007ffc27940000 - 0x00007ffc2795e000 	c:\Users\palak\.vscode\extensions\redhat.java-1.40.0-win32-x64\jre\21.0.6-win32-x86_64\bin\VCRUNTIME140.dll
0x00007ffc2f9a0000 - 0x00007ffc2fc30000 	C:\WINDOWS\WinSxS\amd64_microsoft.windows.common-controls_6595b64144ccf1df_6.0.26100.3323_none_3e088096e3344490\COMCTL32.dll
0x00007ffc51c40000 - 0x00007ffc51ce9000 	C:\WINDOWS\System32\msvcrt.dll
0x00007ffc51d80000 - 0x00007ffc51daf000 	C:\WINDOWS\System32\IMM32.DLL
0x00007ffc354a0000 - 0x00007ffc354ac000 	c:\Users\palak\.vscode\extensions\redhat.java-1.40.0-win32-x64\jre\21.0.6-win32-x86_64\bin\vcruntime140_1.dll
0x00007ffc0b9c0000 - 0x00007ffc0ba4d000 	c:\Users\palak\.vscode\extensions\redhat.java-1.40.0-win32-x64\jre\21.0.6-win32-x86_64\bin\msvcp140.dll
0x00007ffbe8460000 - 0x00007ffbe91f0000 	c:\Users\palak\.vscode\extensions\redhat.java-1.40.0-win32-x64\jre\21.0.6-win32-x86_64\bin\server\jvm.dll
0x00007ffc51a20000 - 0x00007ffc51ad2000 	C:\WINDOWS\System32\ADVAPI32.dll
0x00007ffc513a0000 - 0x00007ffc51446000 	C:\WINDOWS\System32\sechost.dll
0x00007ffc4fc30000 - 0x00007ffc4fd46000 	C:\WINDOWS\System32\RPCRT4.dll
0x00007ffc50d80000 - 0x00007ffc50df4000 	C:\WINDOWS\System32\WS2_32.dll
0x00007ffc4ee90000 - 0x00007ffc4eede000 	C:\WINDOWS\SYSTEM32\POWRPROF.dll
0x00007ffc488d0000 - 0x00007ffc48906000 	C:\WINDOWS\SYSTEM32\WINMM.dll
0x00007ffc48910000 - 0x00007ffc4891b000 	C:\WINDOWS\SYSTEM32\VERSION.dll
0x00007ffc4ee70000 - 0x00007ffc4ee84000 	C:\WINDOWS\SYSTEM32\UMPDC.dll
0x00007ffc4de20000 - 0x00007ffc4de3a000 	C:\WINDOWS\SYSTEM32\kernel.appcore.dll
0x00007ffc35410000 - 0x00007ffc3541a000 	c:\Users\palak\.vscode\extensions\redhat.java-1.40.0-win32-x64\jre\21.0.6-win32-x86_64\bin\jimage.dll
0x00007ffc3fc90000 - 0x00007ffc3fed1000 	C:\WINDOWS\SYSTEM32\DBGHELP.DLL
0x00007ffc50f60000 - 0x00007ffc512e2000 	C:\WINDOWS\System32\combase.dll
0x00007ffc4ffb0000 - 0x00007ffc50086000 	C:\WINDOWS\System32\OLEAUT32.dll
0x00007ffc32990000 - 0x00007ffc329c9000 	C:\WINDOWS\SYSTEM32\dbgcore.DLL
0x00007ffc4f8c0000 - 0x00007ffc4f959000 	C:\WINDOWS\System32\bcryptPrimitives.dll
0x00007ffc32970000 - 0x00007ffc3297f000 	c:\Users\palak\.vscode\extensions\redhat.java-1.40.0-win32-x64\jre\21.0.6-win32-x86_64\bin\instrument.dll
0x00007ffc2bf70000 - 0x00007ffc2bf8f000 	c:\Users\palak\.vscode\extensions\redhat.java-1.40.0-win32-x64\jre\21.0.6-win32-x86_64\bin\java.dll
0x00007ffc500e0000 - 0x00007ffc507f5000 	C:\WINDOWS\System32\SHELL32.dll
0x00007ffc4f960000 - 0x00007ffc4fac8000 	C:\WINDOWS\System32\wintypes.dll
0x00007ffc4cce0000 - 0x00007ffc4d525000 	C:\WINDOWS\SYSTEM32\windows.storage.dll
0x00007ffc51800000 - 0x00007ffc518eb000 	C:\WINDOWS\System32\SHCORE.dll
0x00007ffc51be0000 - 0x00007ffc51c3d000 	C:\WINDOWS\System32\shlwapi.dll
0x00007ffc4ef10000 - 0x00007ffc4ef3f000 	C:\WINDOWS\SYSTEM32\profapi.dll
0x00007ffc25e80000 - 0x00007ffc25e98000 	c:\Users\palak\.vscode\extensions\redhat.java-1.40.0-win32-x64\jre\21.0.6-win32-x86_64\bin\zip.dll
0x00007ffc30a70000 - 0x00007ffc30a80000 	C:\Users\palak\.vscode\extensions\redhat.java-1.40.0-win32-x64\jre\21.0.6-win32-x86_64\bin\net.dll
0x00007ffc43890000 - 0x00007ffc439ae000 	C:\WINDOWS\SYSTEM32\WINHTTP.dll
0x00007ffc4e340000 - 0x00007ffc4e3aa000 	C:\WINDOWS\system32\mswsock.dll
0x00007ffc24a40000 - 0x00007ffc24a56000 	C:\Users\palak\.vscode\extensions\redhat.java-1.40.0-win32-x64\jre\21.0.6-win32-x86_64\bin\nio.dll
0x00007ffc2c130000 - 0x00007ffc2c140000 	c:\Users\palak\.vscode\extensions\redhat.java-1.40.0-win32-x64\jre\21.0.6-win32-x86_64\bin\verify.dll
0x00007ffc10170000 - 0x00007ffc101b5000 	C:\Users\palak\AppData\Roaming\Code\User\globalStorage\redhat.java\1.40.0\config_ss_win\org.eclipse.equinox.launcher\org.eclipse.equinox.launcher.win32.win32.x86_64_1.2.1200.v20250212-0927\eclipse_11909.dll
0x00007ffc51490000 - 0x00007ffc51625000 	C:\WINDOWS\System32\ole32.dll
0x00007ffc4e5e0000 - 0x00007ffc4e5fc000 	C:\WINDOWS\SYSTEM32\CRYPTSP.dll
0x00007ffc4dd80000 - 0x00007ffc4ddba000 	C:\WINDOWS\system32\rsaenh.dll
0x00007ffc4e3e0000 - 0x00007ffc4e40b000 	C:\WINDOWS\SYSTEM32\USERENV.dll
0x00007ffc4e820000 - 0x00007ffc4e846000 	C:\WINDOWS\SYSTEM32\bcrypt.dll
0x00007ffc4e600000 - 0x00007ffc4e60c000 	C:\WINDOWS\SYSTEM32\CRYPTBASE.dll
0x00007ffc4d820000 - 0x00007ffc4d853000 	C:\WINDOWS\SYSTEM32\IPHLPAPI.DLL
0x00007ffc50800000 - 0x00007ffc5080a000 	C:\WINDOWS\System32\NSI.dll
0x00007ffc0d610000 - 0x00007ffc0d659000 	C:\Users\palak\AppData\Local\Temp\jna-106430981\jna15122723453049894879.dll
0x00007ffc4fc20000 - 0x00007ffc4fc28000 	C:\WINDOWS\System32\PSAPI.DLL
0x00007ffc43860000 - 0x00007ffc4387f000 	C:\WINDOWS\SYSTEM32\dhcpcsvc6.DLL
0x00007ffc43830000 - 0x00007ffc43855000 	C:\WINDOWS\SYSTEM32\dhcpcsvc.DLL

dbghelp: loaded successfully - version: 4.0.5 - missing functions: none
symbol engine: initialized successfully - sym options: 0x614 - pdb path: .;c:\Users\palak\.vscode\extensions\redhat.java-1.40.0-win32-x64\jre\21.0.6-win32-x86_64\bin;C:\WINDOWS\SYSTEM32;C:\WINDOWS\WinSxS\amd64_microsoft.windows.common-controls_6595b64144ccf1df_6.0.26100.3323_none_3e088096e3344490;c:\Users\palak\.vscode\extensions\redhat.java-1.40.0-win32-x64\jre\21.0.6-win32-x86_64\bin\server;C:\Users\palak\AppData\Roaming\Code\User\globalStorage\redhat.java\1.40.0\config_ss_win\org.eclipse.equinox.launcher\org.eclipse.equinox.launcher.win32.win32.x86_64_1.2.1200.v20250212-0927;C:\Users\palak\AppData\Local\Temp\jna-106430981

VM Arguments:
jvm_args: --add-modules=ALL-SYSTEM --add-opens=java.base/java.util=ALL-UNNAMED --add-opens=java.base/java.lang=ALL-UNNAMED --add-opens=java.base/sun.nio.fs=ALL-UNNAMED -Declipse.application=org.eclipse.jdt.ls.core.id1 -Dosgi.bundles.defaultStartLevel=4 -Declipse.product=org.eclipse.jdt.ls.core.product -Djava.import.generatesMetadataFilesAtProjectRoot=false -DDetectVMInstallationsJob.disabled=true -Dfile.encoding=utf8 -XX:+UseParallelGC -XX:GCTimeRatio=4 -XX:AdaptiveSizePolicyWeight=90 -Dsun.zip.disableMemoryMapping=true -Xmx1G -Xms100m -Xlog:disable -javaagent:c:\Users\palak\.vscode\extensions\redhat.java-1.40.0-win32-x64\lombok\lombok-1.18.36.jar 
java_command: c:\Users\palak\.vscode\extensions\redhat.java-1.40.0-win32-x64\server\plugins\org.eclipse.equinox.launcher_1.6.1000.v20250131-0606.jar -configuration c:\Users\palak\AppData\Roaming\Code\User\globalStorage\redhat.java\1.40.0\config_ss_win -data c:\Users\palak\AppData\Roaming\Code\User\workspaceStorage\632f04cdbe9e26a6a5769c745b0508de\redhat.java\ss_ws --pipe=\\.\pipe\lsp-99a50580c9c238fe567fa4198cde8a08-sock
java_class_path (initial): c:\Users\palak\.vscode\extensions\redhat.java-1.40.0-win32-x64\server\plugins\org.eclipse.equinox.launcher_1.6.1000.v20250131-0606.jar
Launcher Type: SUN_STANDARD

[Global flags]
    uintx AdaptiveSizePolicyWeight                 = 90                                        {product} {command line}
     intx CICompilerCount                          = 3                                         {product} {ergonomic}
    uintx GCTimeRatio                              = 4                                         {product} {command line}
   size_t InitialHeapSize                          = 104857600                                 {product} {command line}
   size_t MaxHeapSize                              = 1073741824                                {product} {command line}
   size_t MaxNewSize                               = 357564416                                 {product} {ergonomic}
   size_t MinHeapDeltaBytes                        = 524288                                    {product} {ergonomic}
   size_t MinHeapSize                              = 104857600                                 {product} {command line}
   size_t NewSize                                  = 34603008                                  {product} {ergonomic}
    uintx NonNMethodCodeHeapSize                   = 5832780                                {pd product} {ergonomic}
    uintx NonProfiledCodeHeapSize                  = 122912730                              {pd product} {ergonomic}
   size_t OldSize                                  = 70254592                                  {product} {ergonomic}
    uintx ProfiledCodeHeapSize                     = 122912730                              {pd product} {ergonomic}
    uintx ReservedCodeCacheSize                    = 251658240                              {pd product} {ergonomic}
     bool SegmentedCodeCache                       = true                                      {product} {ergonomic}
   size_t SoftMaxHeapSize                          = 1073741824                             {manageable} {ergonomic}
     bool UseCompressedOops                        = true                           {product lp64_product} {ergonomic}
     bool UseLargePagesIndividualAllocation        = false                                  {pd product} {ergonomic}
     bool UseParallelGC                            = true                                      {product} {command line}

Logging:
Log output configuration:
 #0: stdout all=off uptime,level,tags foldmultilines=false
 #1: stderr all=off uptime,level,tags foldmultilines=false

Environment Variables:
JAVA_HOME=C:\Users\palak\Downloads\java-21-openjdk-21.0.1.0.12-3.win.jdk.x86_64\java-21-openjdk-21.0.1.0.12-3.win.jdk.x86_64
PATH=C:\Program Files (x86)\Common Files\Oracle\Java\java8path;C:\Program Files (x86)\Common Files\Oracle\Java\javapath;C:\WINDOWS\system32;C:\WINDOWS;C:\WINDOWS\System32\Wbem;C:\WINDOWS\System32\WindowsPowerShell\v1.0\;C:\WINDOWS\System32\OpenSSH\;C:\Users\palak\Downloads\java-21-openjdk-21.0.1.0.12-3.win.jdk.x86_64\java-21-openjdk-21.0.1.0.12-3.win.jdk.x86_64\bin;C:\Users\palak\Downloads\apache-maven-3.9.8-bin\bin;c:\users\palak\appdata\local\packages\pythonsoftwarefoundation.python.3.11_qbz5n2kfra8p0\localcache\local-packages\python311\site-packages;C:\ProgramData\chocolatey\bin;C:\Program Files\nodejs\;C:\Users\palak\AppData\Local\Programs\Python\Python312\Scripts;C:\Program Files\Git\cmd;C:\Users\palak\Downloads\flutter_windows_3.27.3-stable\flutter\bin;C:\Users\palak\AppData\Local\Android\Sdk\cmdline-tools\latest\bin;C:\Users\palak\AppData\Local\Android\Sdk\platform-tools;C:\ffmpeg;C:\Program Files\MongoDB\Server\8.0\bin;C:\Users\palak\AppData\Local\Programs\Python\Python313\Scripts\;C:\Users\palak\AppData\Local\Programs\Python\Python313\;C:\Users\palak\AppData\Local\Programs\Python\Python312\Scripts\;C:\Users\palak\AppData\Local\Programs\Python\Python312\;C:\Users\palak\AppData\Local\Programs\Python\Launcher\;C:\Program Files\MySQL\MySQL Shell 8.0\bin\;C:\Users\palak\AppData\Local\Microsoft\WindowsApps;C:\Users\palak\AppData\Local\Programs\Microsoft VS Code\bin;C:\Program Files\JetBrains\IntelliJ IDEA Community Edition 2023.3.3\bin;C:\Users\palak\AppData\Local\JetBrains\CLion 2023.3.4\bin;C:\Program Files\JetBrains\PyCharm 2024.1.2\bin;C:\Program Files\JetBrains\PyCharm Community Edition 2024.1.4\bin;C:\Users\palak\AppData\Local\JetBrains\Toolbox\scripts;C:\Users\palak\AppData\Roaming\npm;C:\Users\palak\AppData\Local\GitHubDesktop\bin;C:\Users\palak\AppData\Local\Microsoft\WindowsApps;
USERNAME=palak
OS=Windows_NT
PROCESSOR_IDENTIFIER=AMD64 Family 23 Model 24 Stepping 1, AuthenticAMD
TMP=C:\Users\palak\AppData\Local\Temp
TEMP=C:\Users\palak\AppData\Local\Temp




Periodic native trim disabled

---------------  S Y S T E M  ---------------

OS:
 Windows 11 , 64 bit Build 26100 (10.0.26100.3323)
OS uptime: 0 days 2:56 hours

CPU: total 4 (initial active 4) (4 cores per cpu, 2 threads per core) family 23 model 24 stepping 1 microcode 0x8108109, cx8, cmov, fxsr, ht, mmx, 3dnowpref, sse, sse2, sse3, ssse3, sse4a, sse4.1, sse4.2, popcnt, lzcnt, tsc, tscinvbit, avx, avx2, aes, clmul, bmi1, bmi2, adx, sha, fma, vzeroupper, clflush, clflushopt, rdtscp, f16c
Processor Information for the first 4 processors :
  Max Mhz: 2600, Current Mhz: 2600, Mhz Limit: 2600

Memory: 4k page, system-wide physical 6086M (936M free)
TotalPageFile size 14278M (AvailPageFile size 233M)
current process WorkingSet (physical memory assigned to process): 140M, peak: 159M
current process commit charge ("private bytes"): 225M, peak: 247M

vm_info: OpenJDK 64-Bit Server VM (21.0.6+7-LTS) for windows-amd64 JRE (21.0.6+7-LTS), built on 2025-01-21T00:00:00Z by "admin" with MS VC++ 17.7 (VS2022)

END.
