#
# There is insufficient memory for the Java Runtime Environment to continue.
# Native memory allocation (malloc) failed to allocate 562416 bytes for Chunk::new
# Possible reasons:
#   The system is out of physical RAM or swap space
#   The process is running with CompressedOops enabled, and the Java Heap may be blocking the growth of the native heap
# Possible solutions:
#   Reduce memory load on the system
#   Increase physical memory or swap space
#   Check if swap backing store is full
#   Decrease Java heap size (-Xmx/-Xms)
#   Decrease number of Java threads
#   Decrease Java thread stack sizes (-Xss)
#   Set larger code cache with -XX:ReservedCodeCacheSize=
#   JVM is running with Unscaled Compressed Oops mode in which the Java heap is
#     placed in the first 4GB address space. The Java Heap base address is the
#     maximum limit for the native heap growth. Please use -XX:HeapBaseMinAddress
#     to set the Java Heap base and to place the Java Heap above 4GB virtual address.
# This output file may be truncated or incomplete.
#
#  Out of Memory Error (arena.cpp:168), pid=16168, tid=7468
#
# JRE version: OpenJDK Runtime Environment (Red_Hat-21.0.1.0+12-3) (21.0.1+12) (build 21.0.1+12-LTS)
# Java VM: OpenJDK 64-Bit Server VM (Red_Hat-21.0.1.0+12-3) (21.0.1+12-LTS, mixed mode, sharing, tiered, compressed oops, compressed class ptrs, g1 gc, windows-amd64)
# No core dump will be written. Minidumps are not enabled by default on client versions of Windows
#

---------------  S U M M A R Y ------------

Command Line: -Dclassworlds.conf=C:\Users\palak\Downloads\apache-maven-3.9.8-bin\bin\m2.conf -Dmaven.home=C:\Users\palak\Downloads\apache-maven-3.9.8-bin -Dlibrary.jansi.path=C:\Users\palak\Downloads\apache-maven-3.9.8-bin\lib\jansi-native -Dmaven.multiModuleProjectDirectory=C:\Users\palak\Downloads\demo org.codehaus.plexus.classworlds.launcher.Launcher spring-boot:run

Host: AMD Ryzen 3 3250U with Radeon Graphics         , 4 cores, 5G,  Windows 11 , 64 bit Build 26100 (10.0.26100.3323)
Time: Sat Apr  5 09:52:08 2025 India Standard Time elapsed time: 38.942386 seconds (0d 0h 0m 38s)

---------------  T H R E A D  ---------------

Current thread (0x000002e0a87f31a0):  JavaThread "C2 CompilerThread0" daemon [_thread_in_native, id=7468, stack(0x000000f795b00000,0x000000f795c00000) (1024K)]


Current CompileTask:
C2:  38942 3799       4       org.eclipse.sisu.inject.LocatedBeans$Itr::hasNext (169 bytes)

Stack: [0x000000f795b00000,0x000000f795c00000]
Native frames: (J=compiled Java code, j=interpreted, Vv=VM code, C=native code)
V  [jvm.dll+0x6c7789]
V  [jvm.dll+0x8a2011]
V  [jvm.dll+0x8a44ae]
V  [jvm.dll+0x8a4b83]
V  [jvm.dll+0x27f936]
V  [jvm.dll+0xc498d]
V  [jvm.dll+0xc4ea3]
V  [jvm.dll+0x3b3722]
V  [jvm.dll+0x380225]
V  [jvm.dll+0x37f68a]
V  [jvm.dll+0x247ef0]
V  [jvm.dll+0x2474cf]
V  [jvm.dll+0x1c8ae1]
V  [jvm.dll+0x256c69]
V  [jvm.dll+0x25523a]
V  [jvm.dll+0x3ecc86]
V  [jvm.dll+0x84af3b]
V  [jvm.dll+0x6c5ebd]
C  [ucrtbase.dll+0x37b0]
C  [KERNEL32.DLL+0x2e8d7]
C  [ntdll.dll+0xbbf6c]


---------------  P R O C E S S  ---------------

Threads class SMR info:
_java_thread_list=0x000002e0eeeecc80, length=12, elements={
0x000002e08ae26060, 0x000002e0a87e7580, 0x000002e0a87e9e10, 0x000002e0a87ef5b0,
0x000002e0a87f0010, 0x000002e0a87f0e80, 0x000002e0a87f2080, 0x000002e0a87f31a0,
0x000002e0a88262f0, 0x000002e0a8a52970, 0x000002e0a8a8a620, 0x000002e0eeed2010
}

Java Threads: ( => current thread )
  0x000002e08ae26060 JavaThread "main"                              [_thread_in_vm, id=9032, stack(0x000000f794d00000,0x000000f794e00000) (1024K)]
  0x000002e0a87e7580 JavaThread "Reference Handler"          daemon [_thread_blocked, id=17120, stack(0x000000f795500000,0x000000f795600000) (1024K)]
  0x000002e0a87e9e10 JavaThread "Finalizer"                  daemon [_thread_blocked, id=10104, stack(0x000000f795600000,0x000000f795700000) (1024K)]
  0x000002e0a87ef5b0 JavaThread "Signal Dispatcher"          daemon [_thread_blocked, id=6280, stack(0x000000f795700000,0x000000f795800000) (1024K)]
  0x000002e0a87f0010 JavaThread "Attach Listener"            daemon [_thread_blocked, id=4916, stack(0x000000f795800000,0x000000f795900000) (1024K)]
  0x000002e0a87f0e80 JavaThread "Service Thread"             daemon [_thread_blocked, id=14528, stack(0x000000f795900000,0x000000f795a00000) (1024K)]
  0x000002e0a87f2080 JavaThread "Monitor Deflation Thread"   daemon [_thread_blocked, id=7172, stack(0x000000f795a00000,0x000000f795b00000) (1024K)]
=>0x000002e0a87f31a0 JavaThread "C2 CompilerThread0"         daemon [_thread_in_native, id=7468, stack(0x000000f795b00000,0x000000f795c00000) (1024K)]
  0x000002e0a88262f0 JavaThread "C1 CompilerThread0"         daemon [_thread_blocked, id=15092, stack(0x000000f795c00000,0x000000f795d00000) (1024K)]
  0x000002e0a8a52970 JavaThread "Notification Thread"        daemon [_thread_blocked, id=16836, stack(0x000000f795d00000,0x000000f795e00000) (1024K)]
  0x000002e0a8a8a620 JavaThread "Common-Cleaner"             daemon [_thread_blocked, id=9292, stack(0x000000f795e00000,0x000000f795f00000) (1024K)]
  0x000002e0eeed2010 JavaThread "Thread-1"                   daemon [_thread_blocked, id=12936, stack(0x000000f795f00000,0x000000f796000000) (1024K)]
Total: 12

Other Threads:
  0x000002e0a87c6870 VMThread "VM Thread"                           [id=17048, stack(0x000000f795400000,0x000000f795500000) (1024K)]
  0x000002e0a87ae500 WatcherThread "VM Periodic Task Thread"        [id=3856, stack(0x000000f795300000,0x000000f795400000) (1024K)]
  0x000002e08c761f70 WorkerThread "GC Thread#0"                     [id=4152, stack(0x000000f794e00000,0x000000f794f00000) (1024K)]
  0x000002e0ee711ab0 WorkerThread "GC Thread#1"                     [id=9208, stack(0x000000f796000000,0x000000f796100000) (1024K)]
  0x000002e0a8d283c0 WorkerThread "GC Thread#2"                     [id=9504, stack(0x000000f796100000,0x000000f796200000) (1024K)]
  0x000002e0ee70efc0 WorkerThread "GC Thread#3"                     [id=1636, stack(0x000000f796200000,0x000000f796300000) (1024K)]
  0x000002e08c76eca0 ConcurrentGCThread "G1 Main Marker"            [id=12716, stack(0x000000f794f00000,0x000000f795000000) (1024K)]
  0x000002e08c76f7a0 WorkerThread "G1 Conc#0"                       [id=5124, stack(0x000000f795000000,0x000000f795100000) (1024K)]
  0x000002e08c7dba10 ConcurrentGCThread "G1 Refine#0"               [id=9912, stack(0x000000f795100000,0x000000f795200000) (1024K)]
  0x000002e08c7dc580 ConcurrentGCThread "G1 Service"                [id=2876, stack(0x000000f795200000,0x000000f795300000) (1024K)]
Total: 10

Threads with active compile tasks:
C2 CompilerThread0    38988 3799       4       org.eclipse.sisu.inject.LocatedBeans$Itr::hasNext (169 bytes)
Total: 1

VM state: not at safepoint (normal execution)

VM Mutex/Monitor currently owned by a thread: None

Heap address: 0x00000000a0e00000, size: 1522 MB, Compressed Oops mode: 32-bit

CDS archive(s) mapped at: [0x000002e0a9000000-0x000002e0a9c90000-0x000002e0a9c90000), size 13172736, SharedBaseAddress: 0x000002e0a9000000, ArchiveRelocationMode: 1.
Compressed class space mapped at: 0x000002e0aa000000-0x000002e0ea000000, reserved size: 1073741824
Narrow klass base: 0x000002e0a9000000, Narrow klass shift: 0, Narrow klass range: 0x100000000

GC Precious Log:
 CardTable entry size: 512
 Card Set container configuration: InlinePtr #cards 5 size 8 Array Of Cards #cards 12 size 40 Howl #buckets 4 coarsen threshold 1843 Howl Bitmap #cards 512 size 80 coarsen threshold 460 Card regions per heap region 1 cards per card region 2048
 CPUs: 4 total, 4 available
 Memory: 6086M
 Large Page Support: Disabled
 NUMA Support: Disabled
 Compressed Oops: Enabled (32-bit)
 Heap Region Size: 1M
 Heap Min Capacity: 8M
 Heap Initial Capacity: 96M
 Heap Max Capacity: 1522M
 Pre-touch: Disabled
 Parallel Workers: 4
 Concurrent Workers: 1
 Concurrent Refinement Workers: 4
 Periodic GC: Disabled

Heap:
 garbage-first heap   total 98304K, used 35371K [0x00000000a0e00000, 0x0000000100000000)
  region size 1024K, 32 young (32768K), 6 survivors (6144K)
 Metaspace       used 16079K, committed 16320K, reserved 1114112K
  class space    used 1873K, committed 1984K, reserved 1048576K

Heap Regions: E=young(eden), S=young(survivor), O=old, HS=humongous(starts), HC=humongous(continues), CS=collection set, F=free, TAMS=top-at-mark-start, PB=parsable bottom
|   0|0x00000000a0e00000, 0x00000000a0f00000, 0x00000000a0f00000|100%| O|  |TAMS 0x00000000a0e00000| PB 0x00000000a0e00000| Untracked 
|   1|0x00000000a0f00000, 0x00000000a1000000, 0x00000000a1000000|100%| O|  |TAMS 0x00000000a0f00000| PB 0x00000000a0f00000| Untracked 
|   2|0x00000000a1000000, 0x00000000a1100000, 0x00000000a1100000|100%| O|  |TAMS 0x00000000a1000000| PB 0x00000000a1000000| Untracked 
|   3|0x00000000a1100000, 0x00000000a118aca0, 0x00000000a1200000| 54%| O|  |TAMS 0x00000000a1100000| PB 0x00000000a1100000| Untracked 
|   4|0x00000000a1200000, 0x00000000a1200000, 0x00000000a1300000|  0%| F|  |TAMS 0x00000000a1200000| PB 0x00000000a1200000| Untracked 
|   5|0x00000000a1300000, 0x00000000a1300000, 0x00000000a1400000|  0%| F|  |TAMS 0x00000000a1300000| PB 0x00000000a1300000| Untracked 
|   6|0x00000000a1400000, 0x00000000a1400000, 0x00000000a1500000|  0%| F|  |TAMS 0x00000000a1400000| PB 0x00000000a1400000| Untracked 
|   7|0x00000000a1500000, 0x00000000a1500000, 0x00000000a1600000|  0%| F|  |TAMS 0x00000000a1500000| PB 0x00000000a1500000| Untracked 
|   8|0x00000000a1600000, 0x00000000a1600000, 0x00000000a1700000|  0%| F|  |TAMS 0x00000000a1600000| PB 0x00000000a1600000| Untracked 
|   9|0x00000000a1700000, 0x00000000a1700000, 0x00000000a1800000|  0%| F|  |TAMS 0x00000000a1700000| PB 0x00000000a1700000| Untracked 
|  10|0x00000000a1800000, 0x00000000a1800000, 0x00000000a1900000|  0%| F|  |TAMS 0x00000000a1800000| PB 0x00000000a1800000| Untracked 
|  11|0x00000000a1900000, 0x00000000a1900000, 0x00000000a1a00000|  0%| F|  |TAMS 0x00000000a1900000| PB 0x00000000a1900000| Untracked 
|  12|0x00000000a1a00000, 0x00000000a1a00000, 0x00000000a1b00000|  0%| F|  |TAMS 0x00000000a1a00000| PB 0x00000000a1a00000| Untracked 
|  13|0x00000000a1b00000, 0x00000000a1b00000, 0x00000000a1c00000|  0%| F|  |TAMS 0x00000000a1b00000| PB 0x00000000a1b00000| Untracked 
|  14|0x00000000a1c00000, 0x00000000a1c00000, 0x00000000a1d00000|  0%| F|  |TAMS 0x00000000a1c00000| PB 0x00000000a1c00000| Untracked 
|  15|0x00000000a1d00000, 0x00000000a1d00000, 0x00000000a1e00000|  0%| F|  |TAMS 0x00000000a1d00000| PB 0x00000000a1d00000| Untracked 
|  16|0x00000000a1e00000, 0x00000000a1e00000, 0x00000000a1f00000|  0%| F|  |TAMS 0x00000000a1e00000| PB 0x00000000a1e00000| Untracked 
|  17|0x00000000a1f00000, 0x00000000a1f00000, 0x00000000a2000000|  0%| F|  |TAMS 0x00000000a1f00000| PB 0x00000000a1f00000| Untracked 
|  18|0x00000000a2000000, 0x00000000a2000000, 0x00000000a2100000|  0%| F|  |TAMS 0x00000000a2000000| PB 0x00000000a2000000| Untracked 
|  19|0x00000000a2100000, 0x00000000a2100000, 0x00000000a2200000|  0%| F|  |TAMS 0x00000000a2100000| PB 0x00000000a2100000| Untracked 
|  20|0x00000000a2200000, 0x00000000a2200000, 0x00000000a2300000|  0%| F|  |TAMS 0x00000000a2200000| PB 0x00000000a2200000| Untracked 
|  21|0x00000000a2300000, 0x00000000a2300000, 0x00000000a2400000|  0%| F|  |TAMS 0x00000000a2300000| PB 0x00000000a2300000| Untracked 
|  22|0x00000000a2400000, 0x00000000a2400000, 0x00000000a2500000|  0%| F|  |TAMS 0x00000000a2400000| PB 0x00000000a2400000| Untracked 
|  23|0x00000000a2500000, 0x00000000a2500000, 0x00000000a2600000|  0%| F|  |TAMS 0x00000000a2500000| PB 0x00000000a2500000| Untracked 
|  24|0x00000000a2600000, 0x00000000a2600000, 0x00000000a2700000|  0%| F|  |TAMS 0x00000000a2600000| PB 0x00000000a2600000| Untracked 
|  25|0x00000000a2700000, 0x00000000a2700000, 0x00000000a2800000|  0%| F|  |TAMS 0x00000000a2700000| PB 0x00000000a2700000| Untracked 
|  26|0x00000000a2800000, 0x00000000a2800000, 0x00000000a2900000|  0%| F|  |TAMS 0x00000000a2800000| PB 0x00000000a2800000| Untracked 
|  27|0x00000000a2900000, 0x00000000a2900000, 0x00000000a2a00000|  0%| F|  |TAMS 0x00000000a2900000| PB 0x00000000a2900000| Untracked 
|  28|0x00000000a2a00000, 0x00000000a2a00000, 0x00000000a2b00000|  0%| F|  |TAMS 0x00000000a2a00000| PB 0x00000000a2a00000| Untracked 
|  29|0x00000000a2b00000, 0x00000000a2b00000, 0x00000000a2c00000|  0%| F|  |TAMS 0x00000000a2b00000| PB 0x00000000a2b00000| Untracked 
|  30|0x00000000a2c00000, 0x00000000a2c00000, 0x00000000a2d00000|  0%| F|  |TAMS 0x00000000a2c00000| PB 0x00000000a2c00000| Untracked 
|  31|0x00000000a2d00000, 0x00000000a2d00000, 0x00000000a2e00000|  0%| F|  |TAMS 0x00000000a2d00000| PB 0x00000000a2d00000| Untracked 
|  32|0x00000000a2e00000, 0x00000000a2e00000, 0x00000000a2f00000|  0%| F|  |TAMS 0x00000000a2e00000| PB 0x00000000a2e00000| Untracked 
|  33|0x00000000a2f00000, 0x00000000a3000000, 0x00000000a3000000|100%| S|CS|TAMS 0x00000000a2f00000| PB 0x00000000a2f00000| Complete 
|  34|0x00000000a3000000, 0x00000000a3100000, 0x00000000a3100000|100%| S|CS|TAMS 0x00000000a3000000| PB 0x00000000a3000000| Complete 
|  35|0x00000000a3100000, 0x00000000a3200000, 0x00000000a3200000|100%| S|CS|TAMS 0x00000000a3100000| PB 0x00000000a3100000| Complete 
|  36|0x00000000a3200000, 0x00000000a3300000, 0x00000000a3300000|100%| S|CS|TAMS 0x00000000a3200000| PB 0x00000000a3200000| Complete 
|  37|0x00000000a3300000, 0x00000000a3400000, 0x00000000a3400000|100%| S|CS|TAMS 0x00000000a3300000| PB 0x00000000a3300000| Complete 
|  38|0x00000000a3400000, 0x00000000a3500000, 0x00000000a3500000|100%| S|CS|TAMS 0x00000000a3400000| PB 0x00000000a3400000| Complete 
|  39|0x00000000a3500000, 0x00000000a3500000, 0x00000000a3600000|  0%| F|  |TAMS 0x00000000a3500000| PB 0x00000000a3500000| Untracked 
|  40|0x00000000a3600000, 0x00000000a3600000, 0x00000000a3700000|  0%| F|  |TAMS 0x00000000a3600000| PB 0x00000000a3600000| Untracked 
|  41|0x00000000a3700000, 0x00000000a3700000, 0x00000000a3800000|  0%| F|  |TAMS 0x00000000a3700000| PB 0x00000000a3700000| Untracked 
|  42|0x00000000a3800000, 0x00000000a3800000, 0x00000000a3900000|  0%| F|  |TAMS 0x00000000a3800000| PB 0x00000000a3800000| Untracked 
|  43|0x00000000a3900000, 0x00000000a3900000, 0x00000000a3a00000|  0%| F|  |TAMS 0x00000000a3900000| PB 0x00000000a3900000| Untracked 
|  44|0x00000000a3a00000, 0x00000000a3a00000, 0x00000000a3b00000|  0%| F|  |TAMS 0x00000000a3a00000| PB 0x00000000a3a00000| Untracked 
|  45|0x00000000a3b00000, 0x00000000a3b00000, 0x00000000a3c00000|  0%| F|  |TAMS 0x00000000a3b00000| PB 0x00000000a3b00000| Untracked 
|  46|0x00000000a3c00000, 0x00000000a3c00000, 0x00000000a3d00000|  0%| F|  |TAMS 0x00000000a3c00000| PB 0x00000000a3c00000| Untracked 
|  47|0x00000000a3d00000, 0x00000000a3d00000, 0x00000000a3e00000|  0%| F|  |TAMS 0x00000000a3d00000| PB 0x00000000a3d00000| Untracked 
|  48|0x00000000a3e00000, 0x00000000a3e00000, 0x00000000a3f00000|  0%| F|  |TAMS 0x00000000a3e00000| PB 0x00000000a3e00000| Untracked 
|  49|0x00000000a3f00000, 0x00000000a3f00000, 0x00000000a4000000|  0%| F|  |TAMS 0x00000000a3f00000| PB 0x00000000a3f00000| Untracked 
|  50|0x00000000a4000000, 0x00000000a4000000, 0x00000000a4100000|  0%| F|  |TAMS 0x00000000a4000000| PB 0x00000000a4000000| Untracked 
|  51|0x00000000a4100000, 0x00000000a4100000, 0x00000000a4200000|  0%| F|  |TAMS 0x00000000a4100000| PB 0x00000000a4100000| Untracked 
|  52|0x00000000a4200000, 0x00000000a4200000, 0x00000000a4300000|  0%| F|  |TAMS 0x00000000a4200000| PB 0x00000000a4200000| Untracked 
|  53|0x00000000a4300000, 0x00000000a4300000, 0x00000000a4400000|  0%| F|  |TAMS 0x00000000a4300000| PB 0x00000000a4300000| Untracked 
|  54|0x00000000a4400000, 0x00000000a4400000, 0x00000000a4500000|  0%| F|  |TAMS 0x00000000a4400000| PB 0x00000000a4400000| Untracked 
|  55|0x00000000a4500000, 0x00000000a4500000, 0x00000000a4600000|  0%| F|  |TAMS 0x00000000a4500000| PB 0x00000000a4500000| Untracked 
|  56|0x00000000a4600000, 0x00000000a4600000, 0x00000000a4700000|  0%| F|  |TAMS 0x00000000a4600000| PB 0x00000000a4600000| Untracked 
|  57|0x00000000a4700000, 0x00000000a4700000, 0x00000000a4800000|  0%| F|  |TAMS 0x00000000a4700000| PB 0x00000000a4700000| Untracked 
|  58|0x00000000a4800000, 0x00000000a4800000, 0x00000000a4900000|  0%| F|  |TAMS 0x00000000a4800000| PB 0x00000000a4800000| Untracked 
|  59|0x00000000a4900000, 0x00000000a4900000, 0x00000000a4a00000|  0%| F|  |TAMS 0x00000000a4900000| PB 0x00000000a4900000| Untracked 
|  60|0x00000000a4a00000, 0x00000000a4a00000, 0x00000000a4b00000|  0%| F|  |TAMS 0x00000000a4a00000| PB 0x00000000a4a00000| Untracked 
|  61|0x00000000a4b00000, 0x00000000a4b00000, 0x00000000a4c00000|  0%| F|  |TAMS 0x00000000a4b00000| PB 0x00000000a4b00000| Untracked 
|  62|0x00000000a4c00000, 0x00000000a4c00000, 0x00000000a4d00000|  0%| F|  |TAMS 0x00000000a4c00000| PB 0x00000000a4c00000| Untracked 
|  63|0x00000000a4d00000, 0x00000000a4d00000, 0x00000000a4e00000|  0%| F|  |TAMS 0x00000000a4d00000| PB 0x00000000a4d00000| Untracked 
|  64|0x00000000a4e00000, 0x00000000a4e00000, 0x00000000a4f00000|  0%| F|  |TAMS 0x00000000a4e00000| PB 0x00000000a4e00000| Untracked 
|  65|0x00000000a4f00000, 0x00000000a4f00000, 0x00000000a5000000|  0%| F|  |TAMS 0x00000000a4f00000| PB 0x00000000a4f00000| Untracked 
|  66|0x00000000a5000000, 0x00000000a5000000, 0x00000000a5100000|  0%| F|  |TAMS 0x00000000a5000000| PB 0x00000000a5000000| Untracked 
|  67|0x00000000a5100000, 0x00000000a5100000, 0x00000000a5200000|  0%| F|  |TAMS 0x00000000a5100000| PB 0x00000000a5100000| Untracked 
|  68|0x00000000a5200000, 0x00000000a5200000, 0x00000000a5300000|  0%| F|  |TAMS 0x00000000a5200000| PB 0x00000000a5200000| Untracked 
|  69|0x00000000a5300000, 0x00000000a5300000, 0x00000000a5400000|  0%| F|  |TAMS 0x00000000a5300000| PB 0x00000000a5300000| Untracked 
|  70|0x00000000a5400000, 0x00000000a5400800, 0x00000000a5500000|  0%| E|  |TAMS 0x00000000a5400000| PB 0x00000000a5400000| Complete 
|  71|0x00000000a5500000, 0x00000000a5600000, 0x00000000a5600000|100%| E|CS|TAMS 0x00000000a5500000| PB 0x00000000a5500000| Complete 
|  72|0x00000000a5600000, 0x00000000a5700000, 0x00000000a5700000|100%| E|CS|TAMS 0x00000000a5600000| PB 0x00000000a5600000| Complete 
|  73|0x00000000a5700000, 0x00000000a5800000, 0x00000000a5800000|100%| E|CS|TAMS 0x00000000a5700000| PB 0x00000000a5700000| Complete 
|  74|0x00000000a5800000, 0x00000000a5900000, 0x00000000a5900000|100%| E|CS|TAMS 0x00000000a5800000| PB 0x00000000a5800000| Complete 
|  75|0x00000000a5900000, 0x00000000a5a00000, 0x00000000a5a00000|100%| E|CS|TAMS 0x00000000a5900000| PB 0x00000000a5900000| Complete 
|  76|0x00000000a5a00000, 0x00000000a5b00000, 0x00000000a5b00000|100%| E|CS|TAMS 0x00000000a5a00000| PB 0x00000000a5a00000| Complete 
|  77|0x00000000a5b00000, 0x00000000a5c00000, 0x00000000a5c00000|100%| E|CS|TAMS 0x00000000a5b00000| PB 0x00000000a5b00000| Complete 
|  78|0x00000000a5c00000, 0x00000000a5d00000, 0x00000000a5d00000|100%| E|CS|TAMS 0x00000000a5c00000| PB 0x00000000a5c00000| Complete 
|  79|0x00000000a5d00000, 0x00000000a5e00000, 0x00000000a5e00000|100%| E|CS|TAMS 0x00000000a5d00000| PB 0x00000000a5d00000| Complete 
|  80|0x00000000a5e00000, 0x00000000a5f00000, 0x00000000a5f00000|100%| E|CS|TAMS 0x00000000a5e00000| PB 0x00000000a5e00000| Complete 
|  81|0x00000000a5f00000, 0x00000000a6000000, 0x00000000a6000000|100%| E|CS|TAMS 0x00000000a5f00000| PB 0x00000000a5f00000| Complete 
|  82|0x00000000a6000000, 0x00000000a6100000, 0x00000000a6100000|100%| E|CS|TAMS 0x00000000a6000000| PB 0x00000000a6000000| Complete 
|  83|0x00000000a6100000, 0x00000000a6200000, 0x00000000a6200000|100%| E|CS|TAMS 0x00000000a6100000| PB 0x00000000a6100000| Complete 
|  84|0x00000000a6200000, 0x00000000a6300000, 0x00000000a6300000|100%| E|CS|TAMS 0x00000000a6200000| PB 0x00000000a6200000| Complete 
|  85|0x00000000a6300000, 0x00000000a6400000, 0x00000000a6400000|100%| E|CS|TAMS 0x00000000a6300000| PB 0x00000000a6300000| Complete 
|  86|0x00000000a6400000, 0x00000000a6500000, 0x00000000a6500000|100%| E|CS|TAMS 0x00000000a6400000| PB 0x00000000a6400000| Complete 
|  87|0x00000000a6500000, 0x00000000a6600000, 0x00000000a6600000|100%| E|CS|TAMS 0x00000000a6500000| PB 0x00000000a6500000| Complete 
|  88|0x00000000a6600000, 0x00000000a6700000, 0x00000000a6700000|100%| E|CS|TAMS 0x00000000a6600000| PB 0x00000000a6600000| Complete 
|  89|0x00000000a6700000, 0x00000000a6800000, 0x00000000a6800000|100%| E|CS|TAMS 0x00000000a6700000| PB 0x00000000a6700000| Complete 
|  90|0x00000000a6800000, 0x00000000a6900000, 0x00000000a6900000|100%| E|CS|TAMS 0x00000000a6800000| PB 0x00000000a6800000| Complete 
|  91|0x00000000a6900000, 0x00000000a6a00000, 0x00000000a6a00000|100%| E|CS|TAMS 0x00000000a6900000| PB 0x00000000a6900000| Complete 
|  92|0x00000000a6a00000, 0x00000000a6b00000, 0x00000000a6b00000|100%| E|CS|TAMS 0x00000000a6a00000| PB 0x00000000a6a00000| Complete 
|  93|0x00000000a6b00000, 0x00000000a6c00000, 0x00000000a6c00000|100%| E|CS|TAMS 0x00000000a6b00000| PB 0x00000000a6b00000| Complete 
|  94|0x00000000a6c00000, 0x00000000a6d00000, 0x00000000a6d00000|100%| E|CS|TAMS 0x00000000a6c00000| PB 0x00000000a6c00000| Complete 
|  95|0x00000000a6d00000, 0x00000000a6e00000, 0x00000000a6e00000|100%| E|CS|TAMS 0x00000000a6d00000| PB 0x00000000a6d00000| Complete 

Card table byte_map: [0x000002e0a4730000,0x000002e0a4a30000] _byte_map_base: 0x000002e0a4229000

Marking Bits: (CMBitMap*) 0x000002e08c762580
 Bits: [0x000002e0a4a30000, 0x000002e0a61f8000)

Polling page: 0x000002e08af10000

Metaspace:

Usage:
  Non-class:     13.87 MB used.
      Class:      1.83 MB used.
       Both:     15.70 MB used.

Virtual space:
  Non-class space:       64.00 MB reserved,      14.00 MB ( 22%) committed,  1 nodes.
      Class space:        1.00 GB reserved,       1.94 MB ( <1%) committed,  1 nodes.
             Both:        1.06 GB reserved,      15.94 MB (  1%) committed. 

Chunk freelists:
   Non-Class:  1.69 MB
       Class:  13.91 MB
        Both:  15.59 MB

MaxMetaspaceSize: unlimited
CompressedClassSpaceSize: 1.00 GB
Initial GC threshold: 21.00 MB
Current GC threshold: 21.00 MB
CDS: on
 - commit_granule_bytes: 65536.
 - commit_granule_words: 8192.
 - virtual_space_node_default_size: 8388608.
 - enlarge_chunks_in_place: 1.
 - use_allocation_guard: 0.


Internal statistics:

num_allocs_failed_limit: 0.
num_arena_births: 172.
num_arena_deaths: 0.
num_vsnodes_births: 2.
num_vsnodes_deaths: 0.
num_space_committed: 255.
num_space_uncommitted: 0.
num_chunks_returned_to_freelist: 0.
num_chunks_taken_from_freelist: 696.
num_chunk_merges: 0.
num_chunk_splits: 495.
num_chunks_enlarged: 407.
num_inconsistent_stats: 0.

CodeHeap 'non-profiled nmethods': size=120000Kb used=1756Kb max_used=1756Kb free=118243Kb
 bounds [0x000002e09c8e0000, 0x000002e09cb50000, 0x000002e0a3e10000]
CodeHeap 'profiled nmethods': size=120000Kb used=7918Kb max_used=7918Kb free=112081Kb
 bounds [0x000002e094e10000, 0x000002e0955d0000, 0x000002e09c340000]
CodeHeap 'non-nmethods': size=5760Kb used=1401Kb max_used=1433Kb free=4358Kb
 bounds [0x000002e09c340000, 0x000002e09c5b0000, 0x000002e09c8e0000]
 total_blobs=4292 nmethods=3798 adapters=398
 compilation: enabled
              stopped_count=0, restarted_count=0
 full_count=0

Compilation events (20 events):
Event: 38.697 Thread 0x000002e0a88262f0 nmethod 3789 0x000002e0955c2a10 code [0x000002e0955c2ba0, 0x000002e0955c2d50]
Event: 38.704 Thread 0x000002e0a87f31a0 3790       4       java.util.HashMap::getNode (150 bytes)
Event: 38.708 Thread 0x000002e0a87f31a0 nmethod 3790 0x000002e09ca96090 code [0x000002e09ca96240, 0x000002e09ca96520]
Event: 38.710 Thread 0x000002e0a88262f0 3791       3       org.codehaus.plexus.util.xml.Xpp3Dom::mergeIntoXpp3Dom (518 bytes)
Event: 38.714 Thread 0x000002e0a88262f0 nmethod 3791 0x000002e0955c2e10 code [0x000002e0955c3500, 0x000002e0955c7880]
Event: 38.717 Thread 0x000002e0a88262f0 3792       3       org.apache.maven.model.validation.DefaultModelValidator::getSeverity (11 bytes)
Event: 38.717 Thread 0x000002e0a88262f0 nmethod 3792 0x000002e0955c8d90 code [0x000002e0955c8f60, 0x000002e0955c91f0]
Event: 38.720 Thread 0x000002e0a88262f0 3793       3       org.eclipse.sisu.wire.NamedIterableAdapter$NamedEntry::getValue (10 bytes)
Event: 38.720 Thread 0x000002e0a88262f0 nmethod 3793 0x000002e0955c9310 code [0x000002e0955c94c0, 0x000002e0955c9698]
Event: 38.759 Thread 0x000002e0a88262f0 3794       3       jdk.internal.misc.InternalLock::<init> (16 bytes)
Event: 38.760 Thread 0x000002e0a88262f0 nmethod 3794 0x000002e0955c9790 code [0x000002e0955c9980, 0x000002e0955c9f00]
Event: 38.776 Thread 0x000002e0a88262f0 3795  s    3       java.io.FileDescriptor::attach (73 bytes)
Event: 38.777 Thread 0x000002e0a88262f0 nmethod 3795 0x000002e0955ca110 code [0x000002e0955ca360, 0x000002e0955caec8]
Event: 38.784 Thread 0x000002e0a88262f0 3796       3       org.apache.maven.model.PluginExecution::<init> (16 bytes)
Event: 38.785 Thread 0x000002e0a88262f0 nmethod 3796 0x000002e0955cb210 code [0x000002e0955cb3c0, 0x000002e0955cb600]
Event: 38.786 Thread 0x000002e0a88262f0 3797       3       java.lang.Integer::parseInt (7 bytes)
Event: 38.786 Thread 0x000002e0a88262f0 nmethod 3797 0x000002e0955cb710 code [0x000002e0955cb8c0, 0x000002e0955cb9e0]
Event: 38.787 Thread 0x000002e0a87f31a0 3798       4       org.eclipse.sisu.inject.RankedSequence$Itr::hasNext (113 bytes)
Event: 38.793 Thread 0x000002e0a87f31a0 nmethod 3798 0x000002e09ca96790 code [0x000002e09ca96940, 0x000002e09ca96cf0]
Event: 38.890 Thread 0x000002e0a87f31a0 3799       4       org.eclipse.sisu.inject.LocatedBeans$Itr::hasNext (169 bytes)

GC Heap History (6 events):
Event: 9.993 GC heap before
{Heap before GC invocations=0 (full 0):
 garbage-first heap   total 98304K, used 12288K [0x00000000a0e00000, 0x0000000100000000)
  region size 1024K, 13 young (13312K), 0 survivors (0K)
 Metaspace       used 3931K, committed 4160K, reserved 1114112K
  class space    used 411K, committed 512K, reserved 1048576K
}
Event: 10.003 GC heap after
{Heap after GC invocations=1 (full 0):
 garbage-first heap   total 98304K, used 3264K [0x00000000a0e00000, 0x0000000100000000)
  region size 1024K, 2 young (2048K), 2 survivors (2048K)
 Metaspace       used 3931K, committed 4160K, reserved 1114112K
  class space    used 411K, committed 512K, reserved 1048576K
}
Event: 16.011 GC heap before
{Heap before GC invocations=1 (full 0):
 garbage-first heap   total 98304K, used 19648K [0x00000000a0e00000, 0x0000000100000000)
  region size 1024K, 18 young (18432K), 2 survivors (2048K)
 Metaspace       used 6377K, committed 6528K, reserved 1114112K
  class space    used 743K, committed 832K, reserved 1048576K
}
Event: 16.020 GC heap after
{Heap after GC invocations=2 (full 0):
 garbage-first heap   total 98304K, used 4497K [0x00000000a0e00000, 0x0000000100000000)
  region size 1024K, 1 young (1024K), 1 survivors (1024K)
 Metaspace       used 6377K, committed 6528K, reserved 1114112K
  class space    used 743K, committed 832K, reserved 1048576K
}
Event: 27.872 GC heap before
{Heap before GC invocations=2 (full 0):
 garbage-first heap   total 98304K, used 60817K [0x00000000a0e00000, 0x0000000100000000)
  region size 1024K, 57 young (58368K), 1 survivors (1024K)
 Metaspace       used 15385K, committed 15616K, reserved 1114112K
  class space    used 1810K, committed 1920K, reserved 1048576K
}
Event: 27.891 GC heap after
{Heap after GC invocations=3 (full 0):
 garbage-first heap   total 98304K, used 9771K [0x00000000a0e00000, 0x0000000100000000)
  region size 1024K, 6 young (6144K), 6 survivors (6144K)
 Metaspace       used 15385K, committed 15616K, reserved 1114112K
  class space    used 1810K, committed 1920K, reserved 1048576K
}

Dll operation events (8 events):
Event: 0.018 Loaded shared library C:\Users\palak\Downloads\java-21-openjdk-21.0.1.0.12-3.win.jdk.x86_64\java-21-openjdk-21.0.1.0.12-3.win.jdk.x86_64\bin\java.dll
Event: 0.096 Loaded shared library C:\Users\palak\Downloads\java-21-openjdk-21.0.1.0.12-3.win.jdk.x86_64\java-21-openjdk-21.0.1.0.12-3.win.jdk.x86_64\bin\jsvml.dll
Event: 0.172 Loaded shared library C:\Users\palak\Downloads\java-21-openjdk-21.0.1.0.12-3.win.jdk.x86_64\java-21-openjdk-21.0.1.0.12-3.win.jdk.x86_64\bin\net.dll
Event: 0.176 Loaded shared library C:\Users\palak\Downloads\java-21-openjdk-21.0.1.0.12-3.win.jdk.x86_64\java-21-openjdk-21.0.1.0.12-3.win.jdk.x86_64\bin\nio.dll
Event: 0.182 Loaded shared library C:\Users\palak\Downloads\java-21-openjdk-21.0.1.0.12-3.win.jdk.x86_64\java-21-openjdk-21.0.1.0.12-3.win.jdk.x86_64\bin\zip.dll
Event: 0.677 Loaded shared library C:\Users\palak\Downloads\apache-maven-3.9.8-bin\lib\jansi-native\Windows\x86_64\jansi.dll
Event: 0.786 Loaded shared library C:\Users\palak\Downloads\java-21-openjdk-21.0.1.0.12-3.win.jdk.x86_64\java-21-openjdk-21.0.1.0.12-3.win.jdk.x86_64\bin\verify.dll
Event: 0.975 Loaded shared library C:\Users\palak\Downloads\java-21-openjdk-21.0.1.0.12-3.win.jdk.x86_64\java-21-openjdk-21.0.1.0.12-3.win.jdk.x86_64\bin\jimage.dll

Deoptimization events (20 events):
Event: 36.737 Thread 0x000002e08ae26060 Uncommon trap: trap_request=0xffffff45 fr.pc=0x000002e09ca3aae0 relative=0x00000000000004a0
Event: 36.737 Thread 0x000002e08ae26060 Uncommon trap: reason=unstable_if action=reinterpret pc=0x000002e09ca3aae0 method=org.codehaus.plexus.util.xml.pull.MXParser.isValidCodePoint(I)Z @ 15 c2
Event: 36.737 Thread 0x000002e08ae26060 DEOPT PACKING pc=0x000002e09ca3aae0 sp=0x000000f794dfc810
Event: 36.737 Thread 0x000002e08ae26060 DEOPT UNPACKING pc=0x000002e09c3946a2 sp=0x000000f794dfc758 mode 2
Event: 36.816 Thread 0x000002e08ae26060 Uncommon trap: trap_request=0xffffff45 fr.pc=0x000002e09ca1bb38 relative=0x00000000000014d8
Event: 36.816 Thread 0x000002e08ae26060 Uncommon trap: reason=unstable_if action=reinterpret pc=0x000002e09ca1bb38 method=org.codehaus.plexus.util.xml.pull.MXParser.nextImpl()I @ 973 c2
Event: 36.816 Thread 0x000002e08ae26060 DEOPT PACKING pc=0x000002e09ca1bb38 sp=0x000000f794dfc470
Event: 36.816 Thread 0x000002e08ae26060 DEOPT UNPACKING pc=0x000002e09c3946a2 sp=0x000000f794dfc418 mode 2
Event: 37.006 Thread 0x000002e08ae26060 Uncommon trap: trap_request=0xffffffbe fr.pc=0x000002e09ca83740 relative=0x0000000000000c20
Event: 37.006 Thread 0x000002e08ae26060 Uncommon trap: reason=profile_predicate action=maybe_recompile pc=0x000002e09ca83740 method=java.util.regex.Pattern$CharPropertyGreedy.match(Ljava/util/regex/Matcher;ILjava/lang/CharSequence;)Z @ 103 c2
Event: 37.006 Thread 0x000002e08ae26060 DEOPT PACKING pc=0x000002e09ca83740 sp=0x000000f794dfc800
Event: 37.006 Thread 0x000002e08ae26060 DEOPT UNPACKING pc=0x000002e09c3946a2 sp=0x000000f794dfc790 mode 2
Event: 37.114 Thread 0x000002e08ae26060 Uncommon trap: trap_request=0xffffffbe fr.pc=0x000002e09ca83740 relative=0x0000000000000c20
Event: 37.114 Thread 0x000002e08ae26060 Uncommon trap: reason=profile_predicate action=maybe_recompile pc=0x000002e09ca83740 method=java.util.regex.Pattern$CharPropertyGreedy.match(Ljava/util/regex/Matcher;ILjava/lang/CharSequence;)Z @ 103 c2
Event: 37.114 Thread 0x000002e08ae26060 DEOPT PACKING pc=0x000002e09ca83740 sp=0x000000f794dfc3f0
Event: 37.115 Thread 0x000002e08ae26060 DEOPT UNPACKING pc=0x000002e09c3946a2 sp=0x000000f794dfc380 mode 2
Event: 38.602 Thread 0x000002e08ae26060 Uncommon trap: trap_request=0xffffff45 fr.pc=0x000002e09ca9558c relative=0x00000000000000cc
Event: 38.602 Thread 0x000002e08ae26060 Uncommon trap: reason=unstable_if action=reinterpret pc=0x000002e09ca9558c method=org.apache.maven.model.io.xpp3.MavenXpp3Reader.nextTag(Lorg/codehaus/plexus/util/xml/pull/XmlPullParser;)I @ 9 c2
Event: 38.602 Thread 0x000002e08ae26060 DEOPT PACKING pc=0x000002e09ca9558c sp=0x000000f794dfc560
Event: 38.602 Thread 0x000002e08ae26060 DEOPT UNPACKING pc=0x000002e09c3946a2 sp=0x000000f794dfc4f0 mode 2

Classes loaded (20 events):
Event: 25.625 Loading class sun/util/resources/LocaleData$CommonResourceBundleProvider
Event: 25.626 Loading class sun/util/resources/LocaleData$LocaleDataResourceBundleProvider
Event: 25.626 Loading class java/util/spi/ResourceBundleProvider
Event: 25.626 Loading class java/util/spi/ResourceBundleProvider done
Event: 25.626 Loading class sun/util/resources/LocaleData$LocaleDataResourceBundleProvider done
Event: 25.626 Loading class sun/util/resources/LocaleData$CommonResourceBundleProvider done
Event: 25.626 Loading class sun/util/resources/Bundles$2
Event: 25.627 Loading class sun/util/resources/Bundles$2 done
Event: 26.239 Loading class java/util/StringTokenizer
Event: 26.239 Loading class java/util/StringTokenizer done
Event: 30.547 Loading class java/util/stream/MatchOps$MatchKind
Event: 30.567 Loading class java/util/stream/MatchOps$MatchKind done
Event: 30.567 Loading class java/util/stream/MatchOps
Event: 30.568 Loading class java/util/stream/MatchOps done
Event: 30.568 Loading class java/util/stream/MatchOps$MatchOp
Event: 30.568 Loading class java/util/stream/MatchOps$MatchOp done
Event: 30.568 Loading class java/util/stream/MatchOps$BooleanTerminalSink
Event: 30.568 Loading class java/util/stream/MatchOps$BooleanTerminalSink done
Event: 30.569 Loading class java/util/stream/MatchOps$1MatchSink
Event: 30.569 Loading class java/util/stream/MatchOps$1MatchSink done

Classes unloaded (0 events):
No events

Classes redefined (0 events):
No events

Internal exceptions (20 events):
Event: 18.284 Thread 0x000002e08ae26060 Exception <a 'java/lang/NoSuchMethodError'{0x00000000a52b2f68}: 'java.lang.Object java.lang.invoke.DirectMethodHandle$Holder.invokeStatic(java.lang.Object, java.lang.Object, java.lang.Object, java.lang.Object, int)'> (0x00000000a52b2f68) 
thrown [s\src\hotspot\share\interpreter\linkResolver.cpp, line 773]
Event: 18.286 Thread 0x000002e08ae26060 Exception <a 'java/lang/NoSuchMethodError'{0x00000000a52bae80}: 'java.lang.Object java.lang.invoke.DirectMethodHandle$Holder.invokeSpecial(java.lang.Object, java.lang.Object, java.lang.Object, java.lang.Object, long)'> (0x00000000a52bae80) 
thrown [s\src\hotspot\share\interpreter\linkResolver.cpp, line 773]
Event: 18.297 Thread 0x000002e08ae26060 Exception <a 'java/lang/NoSuchMethodError'{0x00000000a52c6970}: 'java.lang.Object java.lang.invoke.DirectMethodHandle$Holder.invokeSpecial(java.lang.Object, java.lang.Object, java.lang.Object, int, java.lang.Object)'> (0x00000000a52c6970) 
thrown [s\src\hotspot\share\interpreter\linkResolver.cpp, line 773]
Event: 18.305 Thread 0x000002e08ae26060 Exception <a 'java/lang/NoSuchMethodError'{0x00000000a52cea90}: 'int java.lang.invoke.DirectMethodHandle$Holder.invokeSpecial(java.lang.Object, java.lang.Object, java.lang.Object, int)'> (0x00000000a52cea90) 
thrown [s\src\hotspot\share\interpreter\linkResolver.cpp, line 773]
Event: 18.501 Thread 0x000002e08ae26060 Implicit null exception at 0x000002e09c96e95a to 0x000002e09c96eb34
Event: 18.505 Thread 0x000002e08ae26060 Exception <a 'java/lang/NoSuchMethodError'{0x00000000a52f3050}: 'java.lang.Object java.lang.invoke.Invokers$Holder.invokeExact_MT(java.lang.Object, int, java.lang.Object)'> (0x00000000a52f3050) 
thrown [s\src\hotspot\share\interpreter\linkResolver.cpp, line 773]
Event: 21.184 Thread 0x000002e08ae26060 Exception <a 'java/lang/NoSuchMethodError'{0x00000000a4ae8220}: 'void java.lang.invoke.Invokers$Holder.invokeExact_MT(java.lang.Object, java.lang.Object, java.lang.Object, java.lang.Object)'> (0x00000000a4ae8220) 
thrown [s\src\hotspot\share\interpreter\linkResolver.cpp, line 773]
Event: 22.635 Thread 0x000002e08ae26060 Exception <a 'java/lang/NoClassDefFoundError'{0x00000000a4979898}: com/google/inject/servlet/ServletModuleTargetVisitor> (0x00000000a4979898) 
thrown [s\src\hotspot\share\classfile\systemDictionary.cpp, line 301]
Event: 23.490 Thread 0x000002e08ae26060 Exception <a 'java/lang/NoSuchMethodError'{0x00000000a47340f8}: 'void java.lang.invoke.DirectMethodHandle$Holder.invokeVirtual(java.lang.Object, java.lang.Object)'> (0x00000000a47340f8) 
thrown [s\src\hotspot\share\interpreter\linkResolver.cpp, line 773]
Event: 23.795 Thread 0x000002e08ae26060 Exception <a 'java/lang/NoSuchMethodError'{0x00000000a47b3a78}: 'java.lang.Object java.lang.invoke.DirectMethodHandle$Holder.invokeStaticInit(java.lang.Object, int, int, int, int)'> (0x00000000a47b3a78) 
thrown [s\src\hotspot\share\interpreter\linkResolver.cpp, line 773]
Event: 25.203 Thread 0x000002e08ae26060 Implicit null exception at 0x000002e09c90baa4 to 0x000002e09c90c0fc
Event: 25.203 Thread 0x000002e08ae26060 Implicit null exception at 0x000002e09c90c7a0 to 0x000002e09c90cdec
Event: 25.369 Thread 0x000002e08ae26060 Exception <a 'java/lang/NoSuchMethodError'{0x00000000a411f600}: 'void java.lang.invoke.DirectMethodHandle$Holder.invokeSpecial(java.lang.Object, java.lang.Object, java.lang.Object, java.lang.Object, java.lang.Object)'> (0x00000000a411f600) 
thrown [s\src\hotspot\share\interpreter\linkResolver.cpp, line 773]
Event: 25.374 Thread 0x000002e08ae26060 Exception <a 'java/lang/NoSuchMethodError'{0x00000000a41354e0}: 'void java.lang.invoke.DirectMethodHandle$Holder.invokeSpecial(java.lang.Object, java.lang.Object, java.lang.Object, java.lang.Object, java.lang.Object, java.lang.Object)'> (0x00000000a41354e0) 
thrown [s\src\hotspot\share\interpreter\linkResolver.cpp, line 773]
Event: 25.459 Thread 0x000002e08ae26060 Exception <a 'java/lang/NoSuchMethodError'{0x00000000a402b870}: 'java.lang.Object java.lang.invoke.DirectMethodHandle$Holder.invokeVirtual(java.lang.Object, java.lang.Object, java.lang.Object)'> (0x00000000a402b870) 
thrown [s\src\hotspot\share\interpreter\linkResolver.cpp, line 773]
Event: 26.514 Thread 0x000002e08ae26060 Exception <a 'java/lang/NoSuchMethodError'{0x00000000a3ff6538}: 'void java.lang.invoke.DirectMethodHandle$Holder.invokeVirtual(java.lang.Object, java.lang.Object, int)'> (0x00000000a3ff6538) 
thrown [s\src\hotspot\share\interpreter\linkResolver.cpp, line 773]
Event: 26.545 Thread 0x000002e08ae26060 Exception <a 'java/lang/NoSuchMethodError'{0x00000000a3ffd768}: 'void java.lang.invoke.DelegatingMethodHandle$Holder.reinvoke_L(java.lang.Object, java.lang.Object, int)'> (0x00000000a3ffd768) 
thrown [s\src\hotspot\share\interpreter\linkResolver.cpp, line 773]
Event: 32.001 Thread 0x000002e08ae26060 Implicit null exception at 0x000002e09ca12cfb to 0x000002e09ca140cc
Event: 32.001 Thread 0x000002e08ae26060 Implicit null exception at 0x000002e09c99ed9a to 0x000002e09c99efa4
Event: 32.001 Thread 0x000002e08ae26060 Implicit null exception at 0x000002e09ca0640d to 0x000002e09ca06c74

ZGC Phase Switch (0 events):
No events

VM Operations (20 events):
Event: 27.872 Executing VM operation: G1CollectForAllocation (G1 Evacuation Pause)
Event: 27.891 Executing VM operation: G1CollectForAllocation (G1 Evacuation Pause) done
Event: 28.902 Executing VM operation: Cleanup
Event: 28.902 Executing VM operation: Cleanup done
Event: 29.916 Executing VM operation: Cleanup
Event: 29.933 Executing VM operation: Cleanup done
Event: 30.940 Executing VM operation: Cleanup
Event: 31.018 Executing VM operation: Cleanup done
Event: 32.030 Executing VM operation: Cleanup
Event: 32.030 Executing VM operation: Cleanup done
Event: 33.044 Executing VM operation: Cleanup
Event: 33.109 Executing VM operation: Cleanup done
Event: 34.117 Executing VM operation: Cleanup
Event: 34.117 Executing VM operation: Cleanup done
Event: 35.131 Executing VM operation: Cleanup
Event: 35.131 Executing VM operation: Cleanup done
Event: 37.153 Executing VM operation: Cleanup
Event: 37.153 Executing VM operation: Cleanup done
Event: 38.155 Executing VM operation: Cleanup
Event: 38.204 Executing VM operation: Cleanup done

Events (18 events):
Event: 0.047 Thread 0x000002e08ae26060 Thread added: 0x000002e08ae26060
Event: 0.092 Thread 0x000002e0a87e7580 Thread added: 0x000002e0a87e7580
Event: 0.092 Thread 0x000002e0a87e9e10 Thread added: 0x000002e0a87e9e10
Event: 0.092 Thread 0x000002e0a87ef5b0 Thread added: 0x000002e0a87ef5b0
Event: 0.093 Thread 0x000002e0a87f0010 Thread added: 0x000002e0a87f0010
Event: 0.093 Thread 0x000002e0a87f0e80 Thread added: 0x000002e0a87f0e80
Event: 0.093 Thread 0x000002e0a87f2080 Thread added: 0x000002e0a87f2080
Event: 0.093 Thread 0x000002e0a87f31a0 Thread added: 0x000002e0a87f31a0
Event: 0.097 Thread 0x000002e0a88262f0 Thread added: 0x000002e0a88262f0
Event: 0.156 Thread 0x000002e0a8a52970 Thread added: 0x000002e0a8a52970
Event: 0.164 Thread 0x000002e0a8a8a620 Thread added: 0x000002e0a8a8a620
Event: 0.673 Thread 0x000002e0ee07ead0 Thread added: 0x000002e0ee07ead0
Event: 13.084 Thread 0x000002e0a8bb3d70 Thread added: 0x000002e0a8bb3d70
Event: 13.847 Thread 0x000002e0a8bb3d70 Thread exited: 0x000002e0a8bb3d70
Event: 17.427 Thread 0x000002e0ee07ead0 Thread exited: 0x000002e0ee07ead0
Event: 25.002 Thread 0x000002e0eeed2010 Thread added: 0x000002e0eeed2010
Event: 27.145 Thread 0x000002e0ee143d70 Thread added: 0x000002e0ee143d70
Event: 27.541 Thread 0x000002e0ee143d70 Thread exited: 0x000002e0ee143d70


Dynamic libraries:
0x00007ff799c40000 - 0x00007ff799c4e000 	C:\Users\palak\Downloads\java-21-openjdk-21.0.1.0.12-3.win.jdk.x86_64\java-21-openjdk-21.0.1.0.12-3.win.jdk.x86_64\bin\java.exe
0x00007ffcd41c0000 - 0x00007ffcd4423000 	C:\WINDOWS\SYSTEM32\ntdll.dll
0x00007ffcd2ba0000 - 0x00007ffcd2c67000 	C:\WINDOWS\System32\KERNEL32.DLL
0x00007ffcd1860000 - 0x00007ffcd1c29000 	C:\WINDOWS\System32\KERNELBASE.dll
0x00007ffcd13c0000 - 0x00007ffcd150c000 	C:\WINDOWS\System32\ucrtbase.dll
0x00007ffcc4230000 - 0x00007ffcc4248000 	C:\Users\palak\Downloads\java-21-openjdk-21.0.1.0.12-3.win.jdk.x86_64\java-21-openjdk-21.0.1.0.12-3.win.jdk.x86_64\bin\jli.dll
0x00007ffcd3750000 - 0x00007ffcd391a000 	C:\WINDOWS\System32\USER32.dll
0x00007ffcd1fb0000 - 0x00007ffcd1fd7000 	C:\WINDOWS\System32\win32u.dll
0x00007ffcd2d50000 - 0x00007ffcd2d7a000 	C:\WINDOWS\System32\GDI32.dll
0x00007ffcd1e70000 - 0x00007ffcd1fa1000 	C:\WINDOWS\System32\gdi32full.dll
0x00007ffcd1720000 - 0x00007ffcd17c3000 	C:\WINDOWS\System32\msvcp_win.dll
0x00007ffcc3eb0000 - 0x00007ffcc3ecb000 	C:\Users\palak\Downloads\java-21-openjdk-21.0.1.0.12-3.win.jdk.x86_64\java-21-openjdk-21.0.1.0.12-3.win.jdk.x86_64\bin\VCRUNTIME140.dll
0x00007ffcbf670000 - 0x00007ffcbf900000 	C:\WINDOWS\WinSxS\amd64_microsoft.windows.common-controls_6595b64144ccf1df_6.0.26100.3323_none_3e088096e3344490\COMCTL32.dll
0x00007ffcd2e40000 - 0x00007ffcd2ee9000 	C:\WINDOWS\System32\msvcrt.dll
0x00007ffcd3710000 - 0x00007ffcd373f000 	C:\WINDOWS\System32\IMM32.DLL
0x00007ffcc4cb0000 - 0x00007ffcc4cbc000 	C:\Users\palak\Downloads\java-21-openjdk-21.0.1.0.12-3.win.jdk.x86_64\java-21-openjdk-21.0.1.0.12-3.win.jdk.x86_64\bin\vcruntime140_1.dll
0x00007ffcb0850000 - 0x00007ffcb08de000 	C:\Users\palak\Downloads\java-21-openjdk-21.0.1.0.12-3.win.jdk.x86_64\java-21-openjdk-21.0.1.0.12-3.win.jdk.x86_64\bin\msvcp140.dll
0x00007ffc4edf0000 - 0x00007ffc4fb71000 	C:\Users\palak\Downloads\java-21-openjdk-21.0.1.0.12-3.win.jdk.x86_64\java-21-openjdk-21.0.1.0.12-3.win.jdk.x86_64\bin\server\jvm.dll
0x00007ffcd40a0000 - 0x00007ffcd4152000 	C:\WINDOWS\System32\ADVAPI32.dll
0x00007ffcd23d0000 - 0x00007ffcd2476000 	C:\WINDOWS\System32\sechost.dll
0x00007ffcd1fe0000 - 0x00007ffcd20f6000 	C:\WINDOWS\System32\RPCRT4.dll
0x00007ffcd3db0000 - 0x00007ffcd3e24000 	C:\WINDOWS\System32\WS2_32.dll
0x00007ffcd1250000 - 0x00007ffcd129e000 	C:\WINDOWS\SYSTEM32\POWRPROF.dll
0x00007ffcca610000 - 0x00007ffcca646000 	C:\WINDOWS\SYSTEM32\WINMM.dll
0x00007ffcca650000 - 0x00007ffcca65b000 	C:\WINDOWS\SYSTEM32\VERSION.dll
0x00007ffcd1230000 - 0x00007ffcd1244000 	C:\WINDOWS\SYSTEM32\UMPDC.dll
0x00007ffcd01e0000 - 0x00007ffcd01fa000 	C:\WINDOWS\SYSTEM32\kernel.appcore.dll
0x00007ffcc4900000 - 0x00007ffcc490a000 	C:\Users\palak\Downloads\java-21-openjdk-21.0.1.0.12-3.win.jdk.x86_64\java-21-openjdk-21.0.1.0.12-3.win.jdk.x86_64\bin\jimage.dll
0x00007ffcbfe20000 - 0x00007ffcc0061000 	C:\WINDOWS\SYSTEM32\DBGHELP.DLL
0x00007ffcd3a20000 - 0x00007ffcd3da2000 	C:\WINDOWS\System32\combase.dll
0x00007ffcd3e70000 - 0x00007ffcd3f46000 	C:\WINDOWS\System32\OLEAUT32.dll
0x00007ffcaf5a0000 - 0x00007ffcaf5d9000 	C:\WINDOWS\SYSTEM32\dbgcore.DLL
0x00007ffcd1680000 - 0x00007ffcd1719000 	C:\WINDOWS\System32\bcryptPrimitives.dll
0x00007ffcc3e90000 - 0x00007ffcc3eaf000 	C:\Users\palak\Downloads\java-21-openjdk-21.0.1.0.12-3.win.jdk.x86_64\java-21-openjdk-21.0.1.0.12-3.win.jdk.x86_64\bin\java.dll
0x00007ffcd2480000 - 0x00007ffcd2b95000 	C:\WINDOWS\System32\SHELL32.dll
0x00007ffcd1510000 - 0x00007ffcd1678000 	C:\WINDOWS\System32\wintypes.dll
0x00007ffccf0a0000 - 0x00007ffccf8e5000 	C:\WINDOWS\SYSTEM32\windows.storage.dll
0x00007ffcd3fb0000 - 0x00007ffcd409b000 	C:\WINDOWS\System32\SHCORE.dll
0x00007ffcd2110000 - 0x00007ffcd216d000 	C:\WINDOWS\System32\shlwapi.dll
0x00007ffcd12d0000 - 0x00007ffcd12ff000 	C:\WINDOWS\SYSTEM32\profapi.dll
0x00007ffca83b0000 - 0x00007ffca8487000 	C:\Users\palak\Downloads\java-21-openjdk-21.0.1.0.12-3.win.jdk.x86_64\java-21-openjdk-21.0.1.0.12-3.win.jdk.x86_64\bin\jsvml.dll
0x00007ffcc4830000 - 0x00007ffcc4840000 	C:\Users\palak\Downloads\java-21-openjdk-21.0.1.0.12-3.win.jdk.x86_64\java-21-openjdk-21.0.1.0.12-3.win.jdk.x86_64\bin\net.dll
0x00007ffcc5f50000 - 0x00007ffcc606e000 	C:\WINDOWS\SYSTEM32\WINHTTP.dll
0x00007ffcd0700000 - 0x00007ffcd076a000 	C:\WINDOWS\system32\mswsock.dll
0x00007ffcc16f0000 - 0x00007ffcc1706000 	C:\Users\palak\Downloads\java-21-openjdk-21.0.1.0.12-3.win.jdk.x86_64\java-21-openjdk-21.0.1.0.12-3.win.jdk.x86_64\bin\nio.dll
0x00007ffcbf1c0000 - 0x00007ffcbf1d8000 	C:\Users\palak\Downloads\java-21-openjdk-21.0.1.0.12-3.win.jdk.x86_64\java-21-openjdk-21.0.1.0.12-3.win.jdk.x86_64\bin\zip.dll
0x00007ffcbe560000 - 0x00007ffcbe584000 	C:\Users\palak\Downloads\apache-maven-3.9.8-bin\lib\jansi-native\Windows\x86_64\jansi.dll
0x00007ffcc3b70000 - 0x00007ffcc3b80000 	C:\Users\palak\Downloads\java-21-openjdk-21.0.1.0.12-3.win.jdk.x86_64\java-21-openjdk-21.0.1.0.12-3.win.jdk.x86_64\bin\verify.dll

dbghelp: loaded successfully - version: 4.0.5 - missing functions: none
symbol engine: initialized successfully - sym options: 0x614 - pdb path: .;C:\Users\palak\Downloads\java-21-openjdk-21.0.1.0.12-3.win.jdk.x86_64\java-21-openjdk-21.0.1.0.12-3.win.jdk.x86_64\bin;C:\WINDOWS\SYSTEM32;C:\WINDOWS\WinSxS\amd64_microsoft.windows.common-controls_6595b64144ccf1df_6.0.26100.3323_none_3e088096e3344490;C:\Users\palak\Downloads\java-21-openjdk-21.0.1.0.12-3.win.jdk.x86_64\java-21-openjdk-21.0.1.0.12-3.win.jdk.x86_64\bin\server;C:\Users\palak\Downloads\apache-maven-3.9.8-bin\lib\jansi-native\Windows\x86_64

VM Arguments:
jvm_args: -Dclassworlds.conf=C:\Users\palak\Downloads\apache-maven-3.9.8-bin\bin\m2.conf -Dmaven.home=C:\Users\palak\Downloads\apache-maven-3.9.8-bin -Dlibrary.jansi.path=C:\Users\palak\Downloads\apache-maven-3.9.8-bin\lib\jansi-native -Dmaven.multiModuleProjectDirectory=C:\Users\palak\Downloads\demo 
java_command: org.codehaus.plexus.classworlds.launcher.Launcher spring-boot:run
java_class_path (initial): C:\Users\palak\Downloads\apache-maven-3.9.8-bin\boot\plexus-classworlds-2.8.0.jar
Launcher Type: SUN_STANDARD

[Global flags]
     intx CICompilerCount                          = 3                                         {product} {ergonomic}
     uint ConcGCThreads                            = 1                                         {product} {ergonomic}
     uint G1ConcRefinementThreads                  = 4                                         {product} {ergonomic}
   size_t G1HeapRegionSize                         = 1048576                                   {product} {ergonomic}
    uintx GCDrainStackTargetSize                   = 64                                        {product} {ergonomic}
   size_t InitialHeapSize                          = 100663296                                 {product} {ergonomic}
   size_t MarkStackSize                            = 4194304                                   {product} {ergonomic}
   size_t MaxHeapSize                              = 1595932672                                {product} {ergonomic}
   size_t MaxNewSize                               = 957349888                                 {product} {ergonomic}
   size_t MinHeapDeltaBytes                        = 1048576                                   {product} {ergonomic}
   size_t MinHeapSize                              = 8388608                                   {product} {ergonomic}
    uintx NonNMethodCodeHeapSize                   = 5832780                                {pd product} {ergonomic}
    uintx NonProfiledCodeHeapSize                  = 122912730                              {pd product} {ergonomic}
    uintx ProfiledCodeHeapSize                     = 122912730                              {pd product} {ergonomic}
    uintx ReservedCodeCacheSize                    = 251658240                              {pd product} {ergonomic}
     bool SegmentedCodeCache                       = true                                      {product} {ergonomic}
   size_t SoftMaxHeapSize                          = 1595932672                             {manageable} {ergonomic}
     bool UseCompressedOops                        = true                           {product lp64_product} {ergonomic}
     bool UseG1GC                                  = true                                      {product} {ergonomic}
     bool UseLargePagesIndividualAllocation        = false                                  {pd product} {ergonomic}

Logging:
Log output configuration:
 #0: stdout all=warning uptime,level,tags foldmultilines=false
 #1: stderr all=off uptime,level,tags foldmultilines=false

Environment Variables:
JAVA_HOME=C:\Users\palak\Downloads\java-21-openjdk-21.0.1.0.12-3.win.jdk.x86_64\java-21-openjdk-21.0.1.0.12-3.win.jdk.x86_64
PATH=C:\Program Files (x86)\Common Files\Oracle\Java\java8path;C:\Program Files (x86)\Common Files\Oracle\Java\javapath;C:\WINDOWS\system32;C:\WINDOWS;C:\WINDOWS\System32\Wbem;C:\WINDOWS\System32\WindowsPowerShell\v1.0\;C:\WINDOWS\System32\OpenSSH\;C:\Users\palak\Downloads\java-21-openjdk-21.0.1.0.12-3.win.jdk.x86_64\java-21-openjdk-21.0.1.0.12-3.win.jdk.x86_64\bin;C:\Users\palak\Downloads\apache-maven-3.9.8-bin\bin;c:\users\palak\appdata\local\packages\pythonsoftwarefoundation.python.3.11_qbz5n2kfra8p0\localcache\local-packages\python311\site-packages;C:\ProgramData\chocolatey\bin;C:\Program Files\nodejs\;C:\Users\palak\AppData\Local\Programs\Python\Python312\Scripts;C:\Program Files\Git\cmd;C:\Users\palak\Downloads\flutter_windows_3.27.3-stable\flutter\bin;C:\Users\palak\AppData\Local\Android\Sdk\cmdline-tools\latest\bin;C:\Users\palak\AppData\Local\Android\Sdk\platform-tools;C:\ffmpeg;C:\Program Files\MongoDB\Server\8.0\bin;C:\Users\palak\AppData\Local\Programs\Python\Python313\Scripts\;C:\Users\palak\AppData\Local\Programs\Python\Python313\;C:\Users\palak\AppData\Local\Programs\Python\Python312\Scripts\;C:\Users\palak\AppData\Local\Programs\Python\Python312\;C:\Users\palak\AppData\Local\Programs\Python\Launcher\;C:\Program Files\MySQL\MySQL Shell 8.0\bin\;C:\Users\palak\AppData\Local\Microsoft\WindowsApps;C:\Users\palak\AppData\Local\Programs\Microsoft VS Code\bin;C:\Program Files\JetBrains\IntelliJ IDEA Community Edition 2023.3.3\bin;C:\Users\palak\AppData\Local\JetBrains\CLion 2023.3.4\bin;C:\Program Files\JetBrains\PyCharm 2024.1.2\bin;C:\Program Files\JetBrains\PyCharm Community Edition 2024.1.4\bin;C:\Users\palak\AppData\Local\JetBrains\Toolbox\scripts;C:\Users\palak\AppData\Roaming\npm;C:\Users\palak\AppData\Local\GitHubDesktop\bin;C:\Users\palak\AppData\Local\Microsoft\WindowsApps;
USERNAME=palak
LANG=en_US.UTF-8
OS=Windows_NT
PROCESSOR_IDENTIFIER=AMD64 Family 23 Model 24 Stepping 1, AuthenticAMD
TMP=C:\Users\palak\AppData\Local\Temp
TEMP=C:\Users\palak\AppData\Local\Temp




Periodic native trim disabled

---------------  S Y S T E M  ---------------

OS:
 Windows 11 , 64 bit Build 26100 (10.0.26100.3323)
OS uptime: 0 days 0:53 hours

CPU: total 4 (initial active 4) (4 cores per cpu, 2 threads per core) family 23 model 24 stepping 1 microcode 0x8108109, cx8, cmov, fxsr, ht, mmx, 3dnowpref, sse, sse2, sse3, ssse3, sse4a, sse4.1, sse4.2, popcnt, lzcnt, tsc, tscinvbit, avx, avx2, aes, clmul, bmi1, bmi2, adx, sha, fma, vzeroupper, clflush, clflushopt, rdtscp, f16c
Processor Information for all 4 processors :
  Max Mhz: 2600, Current Mhz: 2600, Mhz Limit: 2600

Memory: 4k page, system-wide physical 6086M (505M free)
TotalPageFile size 14278M (AvailPageFile size 3M)
current process WorkingSet (physical memory assigned to process): 139M, peak: 148M
current process commit charge ("private bytes"): 206M, peak: 209M

vm_info: OpenJDK 64-Bit Server VM (21.0.1+12-LTS) for windows-amd64 JRE (21.0.1+12-LTS), built on 2023-10-17T00:00:00Z by "admin" with unknown MS VC++:1937

END.
