#
# There is insufficient memory for the Java Runtime Environment to continue.
# Native memory allocation (malloc) failed to allocate 1486256 bytes. Error detail: Chunk::new
# Possible reasons:
#   The system is out of physical RAM or swap space
#   This process is running with CompressedOops enabled, and the Java Heap may be blocking the growth of the native heap
# Possible solutions:
#   Reduce memory load on the system
#   Increase physical memory or swap space
#   Check if swap backing store is full
#   Decrease Java heap size (-Xmx/-Xms)
#   Decrease number of Java threads
#   Decrease Java thread stack sizes (-Xss)
#   Set larger code cache with -XX:ReservedCodeCacheSize=
#   JVM is running with Unscaled Compressed Oops mode in which the Java heap is
#     placed in the first 4GB address space. The Java Heap base address is the
#     maximum limit for the native heap growth. Please use -XX:HeapBaseMinAddress
#     to set the Java Heap base and to place the Java Heap above 4GB virtual address.
# This output file may be truncated or incomplete.
#
#  Out of Memory Error (arena.cpp:168), pid=15144, tid=14032
#
# JRE version: OpenJDK Runtime Environment Temurin-21.0.6+7 (21.0.6+7) (build 21.0.6+7-LTS)
# Java VM: OpenJDK 64-Bit Server VM Temurin-21.0.6+7 (21.0.6+7-LTS, mixed mode, sharing, tiered, compressed oops, compressed class ptrs, parallel gc, windows-amd64)
# No core dump will be written. Minidumps are not enabled by default on client versions of Windows
#

---------------  S U M M A R Y ------------

Command Line: --add-modules=ALL-SYSTEM --add-opens=java.base/java.util=ALL-UNNAMED --add-opens=java.base/java.lang=ALL-UNNAMED --add-opens=java.base/sun.nio.fs=ALL-UNNAMED -Declipse.application=org.eclipse.jdt.ls.core.id1 -Dosgi.bundles.defaultStartLevel=4 -Declipse.product=org.eclipse.jdt.ls.core.product -Djava.import.generatesMetadataFilesAtProjectRoot=false -DDetectVMInstallationsJob.disabled=true -Dfile.encoding=utf8 -XX:+UseParallelGC -XX:GCTimeRatio=4 -XX:AdaptiveSizePolicyWeight=90 -Dsun.zip.disableMemoryMapping=true -Xmx1G -Xms100m -Xlog:disable -javaagent:c:\Users\palak\.vscode\extensions\redhat.java-1.41.0-win32-x64\lombok\lombok-1.18.36.jar c:\Users\palak\.vscode\extensions\redhat.java-1.41.0-win32-x64\server\plugins\org.eclipse.equinox.launcher_1.6.1100.v20250306-0509.jar -configuration c:\Users\palak\AppData\Roaming\Code\User\globalStorage\redhat.java\1.41.0\config_ss_win -data c:\Users\palak\AppData\Roaming\Code\User\workspaceStorage\632f04cdbe9e26a6a5769c745b0508de\redhat.java\ss_ws --pipe=\\.\pipe\lsp-cea02fd391f658ce0c495c7f52e2e4ab-sock

Host: AMD Ryzen 3 3250U with Radeon Graphics         , 4 cores, 5G,  Windows 11 , 64 bit Build 26100 (10.0.26100.3323)
Time: Mon Mar 31 21:45:56 2025 India Standard Time elapsed time: 15.251331 seconds (0d 0h 0m 15s)

---------------  T H R E A D  ---------------

Current thread (0x000001eecac38ca0):  JavaThread "C2 CompilerThread0" daemon [_thread_in_native, id=14032, stack(0x0000001853600000,0x0000001853700000) (1024K)]


Current CompileTask:
C2:15251 2717       4       org.lombokweb.asm.ClassReader::readMethod (1070 bytes)

Stack: [0x0000001853600000,0x0000001853700000]
Native frames: (J=compiled Java code, j=interpreted, Vv=VM code, C=native code)
V  [jvm.dll+0x6cdee9]
V  [jvm.dll+0x8a83d1]
V  [jvm.dll+0x8aa8fe]
V  [jvm.dll+0x8aafe3]
V  [jvm.dll+0x27f706]
V  [jvm.dll+0xc500d]
V  [jvm.dll+0xc5543]
V  [jvm.dll+0x3b6752]
V  [jvm.dll+0x382935]
V  [jvm.dll+0x381d9a]
V  [jvm.dll+0x2479f0]
V  [jvm.dll+0x246fcf]
V  [jvm.dll+0x1c75ee]
V  [jvm.dll+0x25685a]
V  [jvm.dll+0x254dfa]
V  [jvm.dll+0x3f0256]
V  [jvm.dll+0x851f8b]
V  [jvm.dll+0x6cc5ed]
C  [ucrtbase.dll+0x37b0]
C  [KERNEL32.DLL+0x2e8d7]
C  [ntdll.dll+0xbbf6c]


---------------  P R O C E S S  ---------------

Threads class SMR info:
_java_thread_list=0x000001ef0cc910e0, length=19, elements={
0x000001eeb453de80, 0x000001eeb69ac640, 0x000001eecac1ffb0, 0x000001eecac22b00,
0x000001eecac25760, 0x000001eecac29720, 0x000001eecac2b800, 0x000001eecac38ca0,
0x000001eecac51ac0, 0x000001eeb6960700, 0x000001ef0cd0f6a0, 0x000001ef113b5ce0,
0x000001ef115d8c30, 0x000001ef115da6a0, 0x000001ef1169e970, 0x000001ef0ce8c610,
0x000001ef11214110, 0x000001eecacc64b0, 0x000001ef11a0e890
}

Java Threads: ( => current thread )
  0x000001eeb453de80 JavaThread "main"                              [_thread_blocked, id=4976, stack(0x0000001852c00000,0x0000001852d00000) (1024K)]
  0x000001eeb69ac640 JavaThread "Reference Handler"          daemon [_thread_blocked, id=15732, stack(0x0000001853000000,0x0000001853100000) (1024K)]
  0x000001eecac1ffb0 JavaThread "Finalizer"                  daemon [_thread_blocked, id=4832, stack(0x0000001853100000,0x0000001853200000) (1024K)]
  0x000001eecac22b00 JavaThread "Signal Dispatcher"          daemon [_thread_blocked, id=9376, stack(0x0000001853200000,0x0000001853300000) (1024K)]
  0x000001eecac25760 JavaThread "Attach Listener"            daemon [_thread_blocked, id=4160, stack(0x0000001853300000,0x0000001853400000) (1024K)]
  0x000001eecac29720 JavaThread "Service Thread"             daemon [_thread_blocked, id=15068, stack(0x0000001853400000,0x0000001853500000) (1024K)]
  0x000001eecac2b800 JavaThread "Monitor Deflation Thread"   daemon [_thread_blocked, id=15780, stack(0x0000001853500000,0x0000001853600000) (1024K)]
=>0x000001eecac38ca0 JavaThread "C2 CompilerThread0"         daemon [_thread_in_native, id=14032, stack(0x0000001853600000,0x0000001853700000) (1024K)]
  0x000001eecac51ac0 JavaThread "C1 CompilerThread0"         daemon [_thread_blocked, id=14016, stack(0x0000001853700000,0x0000001853800000) (1024K)]
  0x000001eeb6960700 JavaThread "Common-Cleaner"             daemon [_thread_blocked, id=15816, stack(0x0000001853800000,0x0000001853900000) (1024K)]
  0x000001ef0cd0f6a0 JavaThread "Notification Thread"        daemon [_thread_blocked, id=17332, stack(0x0000001853900000,0x0000001853a00000) (1024K)]
  0x000001ef113b5ce0 JavaThread "Active Thread: Equinox Container: 5272f505-74a4-4ff3-8553-67c0b87387b0"        [_thread_blocked, id=8088, stack(0x0000001853a00000,0x0000001853b00000) (1024K)]
  0x000001ef115d8c30 JavaThread "Framework Event Dispatcher: Equinox Container: 5272f505-74a4-4ff3-8553-67c0b87387b0" daemon [_thread_blocked, id=10476, stack(0x0000001853e00000,0x0000001853f00000) (1024K)]
  0x000001ef115da6a0 JavaThread "Start Level: Equinox Container: 5272f505-74a4-4ff3-8553-67c0b87387b0" daemon [_thread_in_vm, id=14600, stack(0x0000001853f00000,0x0000001854000000) (1024K)]
  0x000001ef1169e970 JavaThread "SCR Component Actor"        daemon [_thread_blocked, id=2392, stack(0x0000001854000000,0x0000001854100000) (1024K)]
  0x000001ef0ce8c610 JavaThread "Worker-JM"                         [_thread_blocked, id=13816, stack(0x0000001854200000,0x0000001854300000) (1024K)]
  0x000001ef11214110 JavaThread "JNA Cleaner"                daemon [_thread_blocked, id=16932, stack(0x0000001854300000,0x0000001854400000) (1024K)]
  0x000001eecacc64b0 JavaThread "Worker-0"                          [_thread_blocked, id=12540, stack(0x0000001854400000,0x0000001854500000) (1024K)]
  0x000001ef11a0e890 JavaThread "Worker-1"                          [_thread_blocked, id=17068, stack(0x0000001854500000,0x0000001854600000) (1024K)]
Total: 19

Other Threads:
  0x000001eecac1f8c0 VMThread "VM Thread"                           [id=15236, stack(0x0000001852f00000,0x0000001853000000) (1024K)]
  0x000001eecabbca00 WatcherThread "VM Periodic Task Thread"        [id=8940, stack(0x0000001852e00000,0x0000001852f00000) (1024K)]
  0x000001eeb690d6f0 WorkerThread "GC Thread#0"                     [id=8568, stack(0x0000001852d00000,0x0000001852e00000) (1024K)]
  0x000001ef112b4380 WorkerThread "GC Thread#1"                     [id=16892, stack(0x0000001853b00000,0x0000001853c00000) (1024K)]
  0x000001ef1107beb0 WorkerThread "GC Thread#2"                     [id=3412, stack(0x0000001853c00000,0x0000001853d00000) (1024K)]
  0x000001ef1107c250 WorkerThread "GC Thread#3"                     [id=16900, stack(0x0000001853d00000,0x0000001853e00000) (1024K)]
Total: 6

Threads with active compile tasks:
C2 CompilerThread0  15331 2717       4       org.lombokweb.asm.ClassReader::readMethod (1070 bytes)
Total: 1

VM state: not at safepoint (normal execution)

VM Mutex/Monitor currently owned by a thread: None

Heap address: 0x00000000c0000000, size: 1024 MB, Compressed Oops mode: 32-bit

CDS archive(s) mapped at: [0x000001eecb000000-0x000001eecbba0000-0x000001eecbba0000), size 12189696, SharedBaseAddress: 0x000001eecb000000, ArchiveRelocationMode: 1.
Compressed class space mapped at: 0x000001eecc000000-0x000001ef0c000000, reserved size: 1073741824
Narrow klass base: 0x000001eecb000000, Narrow klass shift: 0, Narrow klass range: 0x100000000

GC Precious Log:
 CardTable entry size: 512
 CPUs: 4 total, 4 available
 Memory: 6086M
 Large Page Support: Disabled
 NUMA Support: Disabled
 Compressed Oops: Enabled (32-bit)
 Alignments: Space 512K, Generation 512K, Heap 2M
 Heap Min Capacity: 100M
 Heap Initial Capacity: 100M
 Heap Max Capacity: 1G
 Pre-touch: Disabled
 Parallel Workers: 4

Heap:
 PSYoungGen      total 29696K, used 5373K [0x00000000eab00000, 0x00000000ecd00000, 0x0000000100000000)
  eden space 25088K, 21% used [0x00000000eab00000,0x00000000eb03f5e8,0x00000000ec380000)
  from space 4608K, 0% used [0x00000000ec880000,0x00000000ec880000,0x00000000ecd00000)
  to   space 4608K, 0% used [0x00000000ec400000,0x00000000ec400000,0x00000000ec880000)
 ParOldGen       total 68608K, used 8647K [0x00000000c0000000, 0x00000000c4300000, 0x00000000eab00000)
  object space 68608K, 12% used [0x00000000c0000000,0x00000000c0871de0,0x00000000c4300000)
 Metaspace       used 21574K, committed 22208K, reserved 1114112K
  class space    used 2012K, committed 2304K, reserved 1048576K

Card table byte_map: [0x000001eeb6290000,0x000001eeb64a0000] _byte_map_base: 0x000001eeb5c90000

Marking Bits: (ParMarkBitMap*) 0x00007fff721c3260
 Begin Bits: [0x000001eec8ae0000, 0x000001eec9ae0000)
 End Bits:   [0x000001eec9ae0000, 0x000001eecaae0000)

Polling page: 0x000001eeb4700000

Metaspace:

Usage:
  Non-class:     19.10 MB used.
      Class:      1.97 MB used.
       Both:     21.07 MB used.

Virtual space:
  Non-class space:       64.00 MB reserved,      19.44 MB ( 30%) committed,  1 nodes.
      Class space:        1.00 GB reserved,       2.25 MB ( <1%) committed,  1 nodes.
             Both:        1.06 GB reserved,      21.69 MB (  2%) committed. 

Chunk freelists:
   Non-Class:  11.94 MB
       Class:  13.78 MB
        Both:  25.72 MB

MaxMetaspaceSize: unlimited
CompressedClassSpaceSize: 1.00 GB
Initial GC threshold: 21.00 MB
Current GC threshold: 35.00 MB
CDS: on
 - commit_granule_bytes: 65536.
 - commit_granule_words: 8192.
 - virtual_space_node_default_size: 8388608.
 - enlarge_chunks_in_place: 1.
 - use_allocation_guard: 0.


Internal statistics:

num_allocs_failed_limit: 3.
num_arena_births: 504.
num_arena_deaths: 14.
num_vsnodes_births: 2.
num_vsnodes_deaths: 0.
num_space_committed: 347.
num_space_uncommitted: 0.
num_chunks_returned_to_freelist: 17.
num_chunks_taken_from_freelist: 1323.
num_chunk_merges: 9.
num_chunk_splits: 870.
num_chunks_enlarged: 556.
num_inconsistent_stats: 0.

CodeHeap 'non-profiled nmethods': size=120000Kb used=1126Kb max_used=1126Kb free=118873Kb
 bounds [0x000001eec15b0000, 0x000001eec1820000, 0x000001eec8ae0000]
CodeHeap 'profiled nmethods': size=120000Kb used=5372Kb max_used=5372Kb free=114627Kb
 bounds [0x000001eeb9ae0000, 0x000001eeba020000, 0x000001eec1010000]
CodeHeap 'non-nmethods': size=5760Kb used=1315Kb max_used=1316Kb free=4444Kb
 bounds [0x000001eec1010000, 0x000001eec1280000, 0x000001eec15b0000]
 total_blobs=3328 nmethods=2730 adapters=504
 compilation: enabled
              stopped_count=0, restarted_count=0
 full_count=0

Compilation events (20 events):
Event: 11.958 Thread 0x000001eecac51ac0 2726       3       org.lombokweb.asm.MethodWriter::visitFrame (811 bytes)
Event: 11.966 Thread 0x000001eecac51ac0 nmethod 2726 0x000001eeba015d90 code [0x000001eeba0162e0, 0x000001eeba018550]
Event: 12.114 Thread 0x000001eecac51ac0 2727       3       java.lang.Thread::isVirtual (5 bytes)
Event: 12.115 Thread 0x000001eecac51ac0 nmethod 2727 0x000001eeba019490 code [0x000001eeba019640, 0x000001eeba019848]
Event: 12.140 Thread 0x000001eecac51ac0 2728       3       org.lombokweb.asm.Label::addForwardReference (102 bytes)
Event: 12.141 Thread 0x000001eecac51ac0 nmethod 2728 0x000001eeba019910 code [0x000001eeba019ae0, 0x000001eeba019f40]
Event: 12.141 Thread 0x000001eecac51ac0 2729       3       org.lombokweb.asm.MethodVisitor::visitJumpInsn (17 bytes)
Event: 12.141 Thread 0x000001eecac51ac0 nmethod 2729 0x000001eeba01a110 code [0x000001eeba01a2c0, 0x000001eeba01a4c8]
Event: 12.170 Thread 0x000001eecac51ac0 2730       3       org.lombokweb.asm.ByteVector::putByteArray (49 bytes)
Event: 12.171 Thread 0x000001eecac51ac0 nmethod 2730 0x000001eeba01a590 code [0x000001eeba01a760, 0x000001eeba01aa28]
Event: 13.264 Thread 0x000001eecac51ac0 2732       3       java.util.concurrent.ConcurrentHashMap::remove (8 bytes)
Event: 13.264 Thread 0x000001eecac51ac0 nmethod 2732 0x000001eeba01ab90 code [0x000001eeba01ad40, 0x000001eeba01ae90]
Event: 13.475 Thread 0x000001eecac51ac0 2733   !   3       java.util.regex.Pattern::matcher (44 bytes)
Event: 13.475 Thread 0x000001eecac51ac0 nmethod 2733 0x000001eeba01af10 code [0x000001eeba01b0e0, 0x000001eeba01b448]
Event: 13.475 Thread 0x000001eecac51ac0 2734       3       java.util.regex.Matcher::<init> (95 bytes)
Event: 13.476 Thread 0x000001eecac51ac0 nmethod 2734 0x000001eeba01b590 code [0x000001eeba01b760, 0x000001eeba01bc10]
Event: 13.665 Thread 0x000001eecac51ac0 2735       3       org.eclipse.core.internal.preferences.EclipsePreferences::internalNode (153 bytes)
Event: 13.668 Thread 0x000001eecac51ac0 nmethod 2735 0x000001eeba01bd90 code [0x000001eeba01c1a0, 0x000001eeba01e220]
Event: 13.668 Thread 0x000001eecac51ac0 2736       3       org.eclipse.core.internal.registry.Handle::<init> (15 bytes)
Event: 13.669 Thread 0x000001eecac51ac0 nmethod 2736 0x000001eeba01ed90 code [0x000001eeba01ef40, 0x000001eeba01f0c8]

GC Heap History (14 events):
Event: 2.089 GC heap before
{Heap before GC invocations=1 (full 0):
 PSYoungGen      total 29696K, used 25600K [0x00000000eab00000, 0x00000000ecc00000, 0x0000000100000000)
  eden space 25600K, 100% used [0x00000000eab00000,0x00000000ec400000,0x00000000ec400000)
  from space 4096K, 0% used [0x00000000ec800000,0x00000000ec800000,0x00000000ecc00000)
  to   space 4096K, 0% used [0x00000000ec400000,0x00000000ec400000,0x00000000ec800000)
 ParOldGen       total 68608K, used 0K [0x00000000c0000000, 0x00000000c4300000, 0x00000000eab00000)
  object space 68608K, 0% used [0x00000000c0000000,0x00000000c0000000,0x00000000c4300000)
 Metaspace       used 4349K, committed 4544K, reserved 1114112K
  class space    used 437K, committed 512K, reserved 1048576K
}
Event: 2.102 GC heap after
{Heap after GC invocations=1 (full 0):
 PSYoungGen      total 29696K, used 3141K [0x00000000eab00000, 0x00000000ecc00000, 0x0000000100000000)
  eden space 25600K, 0% used [0x00000000eab00000,0x00000000eab00000,0x00000000ec400000)
  from space 4096K, 76% used [0x00000000ec400000,0x00000000ec7117f0,0x00000000ec800000)
  to   space 4096K, 0% used [0x00000000ec800000,0x00000000ec800000,0x00000000ecc00000)
 ParOldGen       total 68608K, used 16K [0x00000000c0000000, 0x00000000c4300000, 0x00000000eab00000)
  object space 68608K, 0% used [0x00000000c0000000,0x00000000c0004000,0x00000000c4300000)
 Metaspace       used 4349K, committed 4544K, reserved 1114112K
  class space    used 437K, committed 512K, reserved 1048576K
}
Event: 4.468 GC heap before
{Heap before GC invocations=2 (full 0):
 PSYoungGen      total 29696K, used 28741K [0x00000000eab00000, 0x00000000ecc00000, 0x0000000100000000)
  eden space 25600K, 100% used [0x00000000eab00000,0x00000000ec400000,0x00000000ec400000)
  from space 4096K, 76% used [0x00000000ec400000,0x00000000ec7117f0,0x00000000ec800000)
  to   space 4096K, 0% used [0x00000000ec800000,0x00000000ec800000,0x00000000ecc00000)
 ParOldGen       total 68608K, used 16K [0x00000000c0000000, 0x00000000c4300000, 0x00000000eab00000)
  object space 68608K, 0% used [0x00000000c0000000,0x00000000c0004000,0x00000000c4300000)
 Metaspace       used 8155K, committed 8448K, reserved 1114112K
  class space    used 804K, committed 960K, reserved 1048576K
}
Event: 4.477 GC heap after
{Heap after GC invocations=2 (full 0):
 PSYoungGen      total 29696K, used 4091K [0x00000000eab00000, 0x00000000ecc00000, 0x0000000100000000)
  eden space 25600K, 0% used [0x00000000eab00000,0x00000000eab00000,0x00000000ec400000)
  from space 4096K, 99% used [0x00000000ec800000,0x00000000ecbfeea8,0x00000000ecc00000)
  to   space 4096K, 0% used [0x00000000ec400000,0x00000000ec400000,0x00000000ec800000)
 ParOldGen       total 68608K, used 832K [0x00000000c0000000, 0x00000000c4300000, 0x00000000eab00000)
  object space 68608K, 1% used [0x00000000c0000000,0x00000000c00d0168,0x00000000c4300000)
 Metaspace       used 8155K, committed 8448K, reserved 1114112K
  class space    used 804K, committed 960K, reserved 1048576K
}
Event: 7.626 GC heap before
{Heap before GC invocations=3 (full 0):
 PSYoungGen      total 29696K, used 29691K [0x00000000eab00000, 0x00000000ecc00000, 0x0000000100000000)
  eden space 25600K, 100% used [0x00000000eab00000,0x00000000ec400000,0x00000000ec400000)
  from space 4096K, 99% used [0x00000000ec800000,0x00000000ecbfeea8,0x00000000ecc00000)
  to   space 4096K, 0% used [0x00000000ec400000,0x00000000ec400000,0x00000000ec800000)
 ParOldGen       total 68608K, used 832K [0x00000000c0000000, 0x00000000c4300000, 0x00000000eab00000)
  object space 68608K, 1% used [0x00000000c0000000,0x00000000c00d0168,0x00000000c4300000)
 Metaspace       used 12916K, committed 13504K, reserved 1114112K
  class space    used 1297K, committed 1536K, reserved 1048576K
}
Event: 7.637 GC heap after
{Heap after GC invocations=3 (full 0):
 PSYoungGen      total 29696K, used 4070K [0x00000000eab00000, 0x00000000ecc00000, 0x0000000100000000)
  eden space 25600K, 0% used [0x00000000eab00000,0x00000000eab00000,0x00000000ec400000)
  from space 4096K, 99% used [0x00000000ec400000,0x00000000ec7f9b20,0x00000000ec800000)
  to   space 4096K, 0% used [0x00000000ec800000,0x00000000ec800000,0x00000000ecc00000)
 ParOldGen       total 68608K, used 2725K [0x00000000c0000000, 0x00000000c4300000, 0x00000000eab00000)
  object space 68608K, 3% used [0x00000000c0000000,0x00000000c02a9448,0x00000000c4300000)
 Metaspace       used 12916K, committed 13504K, reserved 1114112K
  class space    used 1297K, committed 1536K, reserved 1048576K
}
Event: 10.635 GC heap before
{Heap before GC invocations=4 (full 0):
 PSYoungGen      total 29696K, used 29670K [0x00000000eab00000, 0x00000000ecc00000, 0x0000000100000000)
  eden space 25600K, 100% used [0x00000000eab00000,0x00000000ec400000,0x00000000ec400000)
  from space 4096K, 99% used [0x00000000ec400000,0x00000000ec7f9b20,0x00000000ec800000)
  to   space 4096K, 0% used [0x00000000ec800000,0x00000000ec800000,0x00000000ecc00000)
 ParOldGen       total 68608K, used 2725K [0x00000000c0000000, 0x00000000c4300000, 0x00000000eab00000)
  object space 68608K, 3% used [0x00000000c0000000,0x00000000c02a9448,0x00000000c4300000)
 Metaspace       used 17057K, committed 17728K, reserved 1114112K
  class space    used 1708K, committed 1984K, reserved 1048576K
}
Event: 10.645 GC heap after
{Heap after GC invocations=4 (full 0):
 PSYoungGen      total 29696K, used 4094K [0x00000000eab00000, 0x00000000ecc00000, 0x0000000100000000)
  eden space 25600K, 0% used [0x00000000eab00000,0x00000000eab00000,0x00000000ec400000)
  from space 4096K, 99% used [0x00000000ec800000,0x00000000ecbffa68,0x00000000ecc00000)
  to   space 4096K, 0% used [0x00000000ec400000,0x00000000ec400000,0x00000000ec800000)
 ParOldGen       total 68608K, used 4574K [0x00000000c0000000, 0x00000000c4300000, 0x00000000eab00000)
  object space 68608K, 6% used [0x00000000c0000000,0x00000000c0477880,0x00000000c4300000)
 Metaspace       used 17057K, committed 17728K, reserved 1114112K
  class space    used 1708K, committed 1984K, reserved 1048576K
}
Event: 11.982 GC heap before
{Heap before GC invocations=5 (full 0):
 PSYoungGen      total 29696K, used 29694K [0x00000000eab00000, 0x00000000ecc00000, 0x0000000100000000)
  eden space 25600K, 100% used [0x00000000eab00000,0x00000000ec400000,0x00000000ec400000)
  from space 4096K, 99% used [0x00000000ec800000,0x00000000ecbffa68,0x00000000ecc00000)
  to   space 4096K, 0% used [0x00000000ec400000,0x00000000ec400000,0x00000000ec800000)
 ParOldGen       total 68608K, used 4574K [0x00000000c0000000, 0x00000000c4300000, 0x00000000eab00000)
  object space 68608K, 6% used [0x00000000c0000000,0x00000000c0477880,0x00000000c4300000)
 Metaspace       used 20231K, committed 20864K, reserved 1114112K
  class space    used 1915K, committed 2176K, reserved 1048576K
}
Event: 11.989 GC heap after
{Heap after GC invocations=5 (full 0):
 PSYoungGen      total 29184K, used 4093K [0x00000000eab00000, 0x00000000ecd80000, 0x0000000100000000)
  eden space 25088K, 0% used [0x00000000eab00000,0x00000000eab00000,0x00000000ec380000)
  from space 4096K, 99% used [0x00000000ec400000,0x00000000ec7ff408,0x00000000ec800000)
  to   space 5120K, 0% used [0x00000000ec880000,0x00000000ec880000,0x00000000ecd80000)
 ParOldGen       total 68608K, used 4774K [0x00000000c0000000, 0x00000000c4300000, 0x00000000eab00000)
  object space 68608K, 6% used [0x00000000c0000000,0x00000000c04a9880,0x00000000c4300000)
 Metaspace       used 20231K, committed 20864K, reserved 1114112K
  class space    used 1915K, committed 2176K, reserved 1048576K
}
Event: 12.218 GC heap before
{Heap before GC invocations=6 (full 0):
 PSYoungGen      total 29184K, used 10322K [0x00000000eab00000, 0x00000000ecd80000, 0x0000000100000000)
  eden space 25088K, 24% used [0x00000000eab00000,0x00000000eb1157c0,0x00000000ec380000)
  from space 4096K, 99% used [0x00000000ec400000,0x00000000ec7ff408,0x00000000ec800000)
  to   space 5120K, 0% used [0x00000000ec880000,0x00000000ec880000,0x00000000ecd80000)
 ParOldGen       total 68608K, used 4774K [0x00000000c0000000, 0x00000000c4300000, 0x00000000eab00000)
  object space 68608K, 6% used [0x00000000c0000000,0x00000000c04a9880,0x00000000c4300000)
 Metaspace       used 20909K, committed 21504K, reserved 1114112K
  class space    used 1978K, committed 2240K, reserved 1048576K
}
Event: 13.192 GC heap after
{Heap after GC invocations=6 (full 0):
 PSYoungGen      total 29696K, used 4163K [0x00000000eab00000, 0x00000000ecd00000, 0x0000000100000000)
  eden space 25088K, 0% used [0x00000000eab00000,0x00000000eab00000,0x00000000ec380000)
  from space 4608K, 90% used [0x00000000ec880000,0x00000000ecc90cd0,0x00000000ecd00000)
  to   space 4608K, 0% used [0x00000000ec400000,0x00000000ec400000,0x00000000ec880000)
 ParOldGen       total 68608K, used 4774K [0x00000000c0000000, 0x00000000c4300000, 0x00000000eab00000)
  object space 68608K, 6% used [0x00000000c0000000,0x00000000c04a9880,0x00000000c4300000)
 Metaspace       used 20909K, committed 21504K, reserved 1114112K
  class space    used 1978K, committed 2240K, reserved 1048576K
}
Event: 13.192 GC heap before
{Heap before GC invocations=7 (full 1):
 PSYoungGen      total 29696K, used 4163K [0x00000000eab00000, 0x00000000ecd00000, 0x0000000100000000)
  eden space 25088K, 0% used [0x00000000eab00000,0x00000000eab00000,0x00000000ec380000)
  from space 4608K, 90% used [0x00000000ec880000,0x00000000ecc90cd0,0x00000000ecd00000)
  to   space 4608K, 0% used [0x00000000ec400000,0x00000000ec400000,0x00000000ec880000)
 ParOldGen       total 68608K, used 4774K [0x00000000c0000000, 0x00000000c4300000, 0x00000000eab00000)
  object space 68608K, 6% used [0x00000000c0000000,0x00000000c04a9880,0x00000000c4300000)
 Metaspace       used 20909K, committed 21504K, reserved 1114112K
  class space    used 1978K, committed 2240K, reserved 1048576K
}
Event: 13.261 GC heap after
{Heap after GC invocations=7 (full 1):
 PSYoungGen      total 29696K, used 0K [0x00000000eab00000, 0x00000000ecd00000, 0x0000000100000000)
  eden space 25088K, 0% used [0x00000000eab00000,0x00000000eab00000,0x00000000ec380000)
  from space 4608K, 0% used [0x00000000ec880000,0x00000000ec880000,0x00000000ecd00000)
  to   space 4608K, 0% used [0x00000000ec400000,0x00000000ec400000,0x00000000ec880000)
 ParOldGen       total 68608K, used 8647K [0x00000000c0000000, 0x00000000c4300000, 0x00000000eab00000)
  object space 68608K, 12% used [0x00000000c0000000,0x00000000c0871de0,0x00000000c4300000)
 Metaspace       used 20896K, committed 21504K, reserved 1114112K
  class space    used 1975K, committed 2240K, reserved 1048576K
}

Dll operation events (10 events):
Event: 0.018 Loaded shared library c:\Users\palak\.vscode\extensions\redhat.java-1.41.0-win32-x64\jre\21.0.6-win32-x86_64\bin\java.dll
Event: 0.138 Loaded shared library c:\Users\palak\.vscode\extensions\redhat.java-1.41.0-win32-x64\jre\21.0.6-win32-x86_64\bin\zip.dll
Event: 0.186 Loaded shared library C:\Users\palak\.vscode\extensions\redhat.java-1.41.0-win32-x64\jre\21.0.6-win32-x86_64\bin\instrument.dll
Event: 0.192 Loaded shared library C:\Users\palak\.vscode\extensions\redhat.java-1.41.0-win32-x64\jre\21.0.6-win32-x86_64\bin\net.dll
Event: 0.197 Loaded shared library C:\Users\palak\.vscode\extensions\redhat.java-1.41.0-win32-x64\jre\21.0.6-win32-x86_64\bin\nio.dll
Event: 0.204 Loaded shared library C:\Users\palak\.vscode\extensions\redhat.java-1.41.0-win32-x64\jre\21.0.6-win32-x86_64\bin\zip.dll
Event: 0.269 Loaded shared library C:\Users\palak\.vscode\extensions\redhat.java-1.41.0-win32-x64\jre\21.0.6-win32-x86_64\bin\jimage.dll
Event: 0.523 Loaded shared library c:\Users\palak\.vscode\extensions\redhat.java-1.41.0-win32-x64\jre\21.0.6-win32-x86_64\bin\verify.dll
Event: 4.296 Loaded shared library C:\Users\palak\AppData\Roaming\Code\User\globalStorage\redhat.java\1.41.0\config_ss_win\org.eclipse.equinox.launcher\org.eclipse.equinox.launcher.win32.win32.x86_64_1.2.1300.v20250325-0811\eclipse_11911.dll
Event: 8.454 Loaded shared library C:\Users\palak\AppData\Local\Temp\jna-106430981\jna15058449530374932607.dll

Deoptimization events (20 events):
Event: 10.116 Thread 0x000001ef115da6a0 Uncommon trap: trap_request=0xffffffde fr.pc=0x000001eec1696694 relative=0x00000000000003b4
Event: 10.116 Thread 0x000001ef115da6a0 Uncommon trap: reason=class_check action=maybe_recompile pc=0x000001eec1696694 method=java.util.regex.Pattern$BmpCharPropertyGreedy.match(Ljava/util/regex/Matcher;ILjava/lang/CharSequence;)Z @ 70 c2
Event: 10.116 Thread 0x000001ef115da6a0 DEOPT PACKING pc=0x000001eec1696694 sp=0x0000001853ff2f80
Event: 10.117 Thread 0x000001ef115da6a0 DEOPT UNPACKING pc=0x000001eec1063aa2 sp=0x0000001853ff2f28 mode 2
Event: 10.117 Thread 0x000001ef115da6a0 Uncommon trap: trap_request=0xffffffde fr.pc=0x000001eec1696694 relative=0x00000000000003b4
Event: 10.117 Thread 0x000001ef115da6a0 Uncommon trap: reason=class_check action=maybe_recompile pc=0x000001eec1696694 method=java.util.regex.Pattern$BmpCharPropertyGreedy.match(Ljava/util/regex/Matcher;ILjava/lang/CharSequence;)Z @ 70 c2
Event: 10.117 Thread 0x000001ef115da6a0 DEOPT PACKING pc=0x000001eec1696694 sp=0x0000001853ff2e00
Event: 10.117 Thread 0x000001ef115da6a0 DEOPT UNPACKING pc=0x000001eec1063aa2 sp=0x0000001853ff2da8 mode 2
Event: 10.696 Thread 0x000001ef115da6a0 Uncommon trap: trap_request=0xffffff45 fr.pc=0x000001eec16bbd9c relative=0x000000000000079c
Event: 10.696 Thread 0x000001ef115da6a0 Uncommon trap: reason=unstable_if action=reinterpret pc=0x000001eec16bbd9c method=org.lombokweb.asm.ClassReader.readUTF8(I[C)Ljava/lang/String; @ 11 c2
Event: 10.696 Thread 0x000001ef115da6a0 DEOPT PACKING pc=0x000001eec16bbd9c sp=0x0000001853fef290
Event: 10.696 Thread 0x000001ef115da6a0 DEOPT UNPACKING pc=0x000001eec1063aa2 sp=0x0000001853fef278 mode 2
Event: 11.948 Thread 0x000001ef115da6a0 Uncommon trap: trap_request=0xffffff45 fr.pc=0x000001eec16c876c relative=0x000000000000014c
Event: 11.951 Thread 0x000001ef115da6a0 Uncommon trap: reason=unstable_if action=reinterpret pc=0x000001eec16c876c method=org.lombokweb.asm.ByteVector.putByteArray([BII)Lorg/lombokweb/asm/ByteVector; @ 20 c2
Event: 11.951 Thread 0x000001ef115da6a0 DEOPT PACKING pc=0x000001eec16c876c sp=0x0000001853ff24a0
Event: 11.951 Thread 0x000001ef115da6a0 DEOPT UNPACKING pc=0x000001eec1063aa2 sp=0x0000001853ff2470 mode 2
Event: 11.951 Thread 0x000001ef115da6a0 Uncommon trap: trap_request=0xffffff45 fr.pc=0x000001eec16c8e24 relative=0x0000000000000364
Event: 11.951 Thread 0x000001ef115da6a0 Uncommon trap: reason=unstable_if action=reinterpret pc=0x000001eec16c8e24 method=org.lombokweb.asm.Label.resolve([BLorg/lombokweb/asm/ByteVector;I)Z @ 81 c2
Event: 11.951 Thread 0x000001ef115da6a0 DEOPT PACKING pc=0x000001eec16c8e24 sp=0x0000001853ff2530
Event: 11.952 Thread 0x000001ef115da6a0 DEOPT UNPACKING pc=0x000001eec1063aa2 sp=0x0000001853ff2438 mode 2

Classes loaded (20 events):
Event: 10.105 Loading class java/util/zip/GZIPInputStream
Event: 10.106 Loading class java/util/zip/GZIPInputStream done
Event: 10.164 Loading class java/io/StringReader
Event: 10.164 Loading class java/io/StringReader done
Event: 10.179 Loading class java/net/SocketTimeoutException
Event: 10.180 Loading class java/io/InterruptedIOException
Event: 10.180 Loading class java/io/InterruptedIOException done
Event: 10.180 Loading class java/net/SocketTimeoutException done
Event: 10.180 Loading class java/net/SocketException
Event: 10.180 Loading class java/net/SocketException done
Event: 10.180 Loading class java/net/UnknownHostException
Event: 10.180 Loading class java/net/UnknownHostException done
Event: 10.180 Loading class java/net/ProtocolException
Event: 10.180 Loading class java/net/ProtocolException done
Event: 10.606 Loading class java/lang/ThreadLocal$SuppliedThreadLocal
Event: 10.607 Loading class java/lang/ThreadLocal$SuppliedThreadLocal done
Event: 10.624 Loading class java/io/FileWriter
Event: 10.624 Loading class java/io/FileWriter done
Event: 10.653 Loading class java/lang/NegativeArraySizeException
Event: 10.653 Loading class java/lang/NegativeArraySizeException done

Classes unloaded (7 events):
Event: 13.208 Thread 0x000001eecac1f8c0 Unloading class 0x000001eecc187c00 'java/lang/invoke/LambdaForm$MH+0x000001eecc187c00'
Event: 13.208 Thread 0x000001eecac1f8c0 Unloading class 0x000001eecc187800 'java/lang/invoke/LambdaForm$MH+0x000001eecc187800'
Event: 13.208 Thread 0x000001eecac1f8c0 Unloading class 0x000001eecc187400 'java/lang/invoke/LambdaForm$MH+0x000001eecc187400'
Event: 13.208 Thread 0x000001eecac1f8c0 Unloading class 0x000001eecc187000 'java/lang/invoke/LambdaForm$MH+0x000001eecc187000'
Event: 13.208 Thread 0x000001eecac1f8c0 Unloading class 0x000001eecc186c00 'java/lang/invoke/LambdaForm$BMH+0x000001eecc186c00'
Event: 13.208 Thread 0x000001eecac1f8c0 Unloading class 0x000001eecc186800 'java/lang/invoke/LambdaForm$DMH+0x000001eecc186800'
Event: 13.208 Thread 0x000001eecac1f8c0 Unloading class 0x000001eecc185400 'java/lang/invoke/LambdaForm$DMH+0x000001eecc185400'

Classes redefined (0 events):
No events

Internal exceptions (20 events):
Event: 8.294 Thread 0x000001ef115da6a0 Exception <a 'java/lang/NoSuchMethodError'{0x00000000eb672810}: 'java.lang.Object java.lang.invoke.DirectMethodHandle$Holder.invokeStaticInit(java.lang.Object, int, int, int, int)'> (0x00000000eb672810) 
thrown [s\src\hotspot\share\interpreter\linkResolver.cpp, line 773]
Event: 8.416 Thread 0x000001ef115da6a0 Exception <a 'java/lang/NoSuchMethodError'{0x00000000eb7a53a8}: 'java.lang.Object java.lang.invoke.DirectMethodHandle$Holder.invokeStaticInit(java.lang.Object, java.lang.Object, int, int, int, int)'> (0x00000000eb7a53a8) 
thrown [s\src\hotspot\share\interpreter\linkResolver.cpp, line 773]
Event: 8.530 Thread 0x000001ef115da6a0 Exception <a 'java/lang/NoSuchMethodError'{0x00000000eb8a7970}: 'void java.lang.invoke.DirectMethodHandle$Holder.invokeSpecial(java.lang.Object, java.lang.Object, java.lang.Object, int)'> (0x00000000eb8a7970) 
thrown [s\src\hotspot\share\interpreter\linkResolver.cpp, line 773]
Event: 8.531 Thread 0x000001ef115da6a0 Exception <a 'java/lang/NoSuchMethodError'{0x00000000eb8ab570}: 'void java.lang.invoke.DelegatingMethodHandle$Holder.reinvoke_L(java.lang.Object, java.lang.Object, int)'> (0x00000000eb8ab570) 
thrown [s\src\hotspot\share\interpreter\linkResolver.cpp, line 773]
Event: 8.533 Thread 0x000001ef115da6a0 Exception <a 'java/lang/NoSuchMethodError'{0x00000000eb8b22a8}: 'int java.lang.invoke.Invokers$Holder.invokeExact_MT(java.lang.Object, java.lang.Object, java.lang.Object)'> (0x00000000eb8b22a8) 
thrown [s\src\hotspot\share\interpreter\linkResolver.cpp, line 773]
Event: 8.598 Thread 0x000001ef115da6a0 Exception <a 'java/lang/NoSuchMethodError'{0x00000000eb9bb648}: 'void java.lang.invoke.Invokers$Holder.invokeExact_MT(java.lang.Object, java.lang.Object, int, java.lang.Object)'> (0x00000000eb9bb648) 
thrown [s\src\hotspot\share\interpreter\linkResolver.cpp, line 773]
Event: 9.655 Thread 0x000001ef115da6a0 Exception <a 'java/lang/NoSuchMethodError'{0x00000000ebaa3890}: 'java.lang.Object java.lang.invoke.DirectMethodHandle$Holder.invokeSpecial(java.lang.Object, java.lang.Object, java.lang.Object, long, java.lang.Object)'> (0x00000000ebaa3890) 
thrown [s\src\hotspot\share\interpreter\linkResolver.cpp, line 773]
Event: 9.657 Thread 0x000001ef115da6a0 Exception <a 'java/lang/NoSuchMethodError'{0x00000000ebaab020}: 'java.lang.Object java.lang.invoke.DirectMethodHandle$Holder.newInvokeSpecial(java.lang.Object, java.lang.Object, java.lang.Object, long)'> (0x00000000ebaab020) 
thrown [s\src\hotspot\share\interpreter\linkResolver.cpp, line 773]
Event: 9.658 Thread 0x000001ef115da6a0 Exception <a 'java/lang/NoSuchMethodError'{0x00000000ebaaee80}: 'java.lang.Object java.lang.invoke.Invokers$Holder.linkToTargetMethod(java.lang.Object, java.lang.Object, long, java.lang.Object)'> (0x00000000ebaaee80) 
thrown [s\src\hotspot\share\interpreter\linkResolver.cpp, line 773]
Event: 9.702 Thread 0x000001ef115da6a0 Exception <a 'java/lang/NoSuchMethodError'{0x00000000ebb20720}: 'int java.lang.invoke.DirectMethodHandle$Holder.invokeStaticInit(java.lang.Object, java.lang.Object, java.lang.Object)'> (0x00000000ebb20720) 
thrown [s\src\hotspot\share\interpreter\linkResolver.cpp, line 773]
Event: 9.755 Thread 0x000001ef115da6a0 Exception <a 'java/lang/IncompatibleClassChangeError'{0x00000000ebba1d28}: Found class java.lang.Object, but interface was expected> (0x00000000ebba1d28) 
thrown [s\src\hotspot\share\interpreter\linkResolver.cpp, line 840]
Event: 9.802 Thread 0x000001ef115da6a0 Exception <a 'java/lang/NoSuchMethodError'{0x00000000ebbbba78}: 'java.lang.Object java.lang.invoke.DirectMethodHandle$Holder.invokeSpecial(java.lang.Object, java.lang.Object, java.lang.Object, int, java.lang.Object, java.lang.Object)'> (0x00000000ebbbba78) 
thrown [s\src\hotspot\share\interpreter\linkResolver.cpp, line 773]
Event: 9.804 Thread 0x000001ef115da6a0 Exception <a 'java/lang/NoSuchMethodError'{0x00000000ebbc3310}: 'java.lang.Object java.lang.invoke.DirectMethodHandle$Holder.newInvokeSpecial(java.lang.Object, java.lang.Object, java.lang.Object, int, java.lang.Object)'> (0x00000000ebbc3310) 
thrown [s\src\hotspot\share\interpreter\linkResolver.cpp, line 773]
Event: 9.805 Thread 0x000001ef115da6a0 Exception <a 'java/lang/NoSuchMethodError'{0x00000000ebbc6e00}: 'java.lang.Object java.lang.invoke.Invokers$Holder.linkToTargetMethod(java.lang.Object, java.lang.Object, int, java.lang.Object, java.lang.Object)'> (0x00000000ebbc6e00) 
thrown [s\src\hotspot\share\interpreter\linkResolver.cpp, line 773]
Event: 9.807 Thread 0x000001eecacc64b0 Exception <a 'java/lang/NoSuchMethodError'{0x00000000ebaf76b8}: 'java.lang.Object java.lang.invoke.DirectMethodHandle$Holder.invokeSpecial(java.lang.Object, java.lang.Object, int, java.lang.Object, java.lang.Object)'> (0x00000000ebaf76b8) 
thrown [s\src\hotspot\share\interpreter\linkResolver.cpp, line 773]
Event: 9.808 Thread 0x000001eecacc64b0 Exception <a 'java/lang/NoSuchMethodError'{0x00000000ebafe3f0}: 'java.lang.Object java.lang.invoke.DirectMethodHandle$Holder.newInvokeSpecial(java.lang.Object, java.lang.Object, int, java.lang.Object)'> (0x00000000ebafe3f0) 
thrown [s\src\hotspot\share\interpreter\linkResolver.cpp, line 773]
Event: 9.901 Thread 0x000001ef115da6a0 Exception <a 'java/lang/NoSuchMethodError'{0x00000000ebccc2a0}: 'void java.lang.invoke.DirectMethodHandle$Holder.invokeSpecial(java.lang.Object, java.lang.Object, java.lang.Object, java.lang.Object, java.lang.Object)'> (0x00000000ebccc2a0) 
thrown [s\src\hotspot\share\interpreter\linkResolver.cpp, line 773]
Event: 10.054 Thread 0x000001ef115da6a0 Exception <a 'java/lang/NoSuchMethodError'{0x00000000ebfa7b68}: 'double java.lang.invoke.DirectMethodHandle$Holder.invokeStatic(java.lang.Object, java.lang.Object)'> (0x00000000ebfa7b68) 
thrown [s\src\hotspot\share\interpreter\linkResolver.cpp, line 773]
Event: 10.055 Thread 0x000001ef115da6a0 Exception <a 'java/lang/NoSuchMethodError'{0x00000000ebfab228}: 'double java.lang.invoke.DirectMethodHandle$Holder.invokeStaticInit(java.lang.Object, java.lang.Object)'> (0x00000000ebfab228) 
thrown [s\src\hotspot\share\interpreter\linkResolver.cpp, line 773]
Event: 11.948 Thread 0x000001ef115da6a0 Implicit null exception at 0x000001eec16c8675 to 0x000001eec16c8750

ZGC Phase Switch (0 events):
No events

VM Operations (20 events):
Event: 7.695 Executing VM operation: HandshakeAllThreads (Deoptimize)
Event: 7.695 Executing VM operation: HandshakeAllThreads (Deoptimize) done
Event: 7.707 Executing VM operation: HandshakeAllThreads (Deoptimize)
Event: 7.707 Executing VM operation: HandshakeAllThreads (Deoptimize) done
Event: 7.749 Executing VM operation: HandshakeAllThreads (Deoptimize)
Event: 7.749 Executing VM operation: HandshakeAllThreads (Deoptimize) done
Event: 8.485 Executing VM operation: HandshakeAllThreads (Deoptimize)
Event: 8.485 Executing VM operation: HandshakeAllThreads (Deoptimize) done
Event: 9.489 Executing VM operation: Cleanup
Event: 9.489 Executing VM operation: Cleanup done
Event: 10.497 Executing VM operation: Cleanup
Event: 10.513 Executing VM operation: Cleanup done
Event: 10.635 Executing VM operation: ParallelGCFailedAllocation (Allocation Failure)
Event: 10.645 Executing VM operation: ParallelGCFailedAllocation (Allocation Failure) done
Event: 11.650 Executing VM operation: Cleanup
Event: 11.666 Executing VM operation: Cleanup done
Event: 11.982 Executing VM operation: ParallelGCFailedAllocation (Allocation Failure)
Event: 11.989 Executing VM operation: ParallelGCFailedAllocation (Allocation Failure) done
Event: 12.218 Executing VM operation: CollectForMetadataAllocation (Metadata GC Threshold)
Event: 13.261 Executing VM operation: CollectForMetadataAllocation (Metadata GC Threshold) done

Memory protections (0 events):
No events

Nmethod flushes (0 events):
No events

Events (20 events):
Event: 2.343 Thread 0x000001eecac51ac0 Thread added: 0x000001ef0cd2eaa0
Event: 2.482 Thread 0x000001ef0cd2eaa0 Thread exited: 0x000001ef0cd2eaa0
Event: 2.516 Thread 0x000001eecac51ac0 Thread added: 0x000001ef0ce32510
Event: 2.857 Thread 0x000001ef0ce32510 Thread exited: 0x000001ef0ce32510
Event: 3.565 Thread 0x000001eeb453de80 Thread added: 0x000001ef113b5ce0
Event: 4.035 Thread 0x000001eecac51ac0 Thread added: 0x000001ef115e1c50
Event: 4.159 Thread 0x000001ef115e1c50 Thread exited: 0x000001ef115e1c50
Event: 4.273 Thread 0x000001eeb453de80 Thread added: 0x000001ef115d8c30
Event: 4.285 Thread 0x000001eeb453de80 Thread added: 0x000001ef115da6a0
Event: 4.384 Thread 0x000001ef115da6a0 Thread added: 0x000001ef1169e970
Event: 5.337 Thread 0x000001ef115da6a0 Thread added: 0x000001ef1155ba60
Event: 5.574 Thread 0x000001eecac38ca0 Thread added: 0x000001ef115b4b70
Event: 5.752 Thread 0x000001ef115b4b70 Thread exited: 0x000001ef115b4b70
Event: 6.099 Thread 0x000001ef115da6a0 Thread added: 0x000001ef0ce8c610
Event: 7.800 Thread 0x000001eecac51ac0 Thread added: 0x000001ef11214110
Event: 8.535 Thread 0x000001ef11214110 Thread exited: 0x000001ef11214110
Event: 8.558 Thread 0x000001ef115da6a0 Thread added: 0x000001ef11214110
Event: 9.685 Thread 0x000001ef115da6a0 Thread added: 0x000001eecacc64b0
Event: 9.817 Thread 0x000001ef115da6a0 Thread added: 0x000001ef11a0e890
Event: 15.146 Thread 0x000001ef1155ba60 Thread exited: 0x000001ef1155ba60


Dynamic libraries:
0x00007ff760b60000 - 0x00007ff760b6e000 	c:\Users\palak\.vscode\extensions\redhat.java-1.41.0-win32-x64\jre\21.0.6-win32-x86_64\bin\java.exe
0x00007fffffd80000 - 0x00007ffffffe3000 	C:\WINDOWS\SYSTEM32\ntdll.dll
0x00007ffffe650000 - 0x00007ffffe717000 	C:\WINDOWS\System32\KERNEL32.DLL
0x00007ffffd7f0000 - 0x00007ffffdbb9000 	C:\WINDOWS\System32\KERNELBASE.dll
0x00007ffffd400000 - 0x00007ffffd54c000 	C:\WINDOWS\System32\ucrtbase.dll
0x00007ffff6ca0000 - 0x00007ffff6cb8000 	c:\Users\palak\.vscode\extensions\redhat.java-1.41.0-win32-x64\jre\21.0.6-win32-x86_64\bin\jli.dll
0x00007ffffed20000 - 0x00007ffffeeea000 	C:\WINDOWS\System32\USER32.dll
0x00007ffffd250000 - 0x00007ffffd277000 	C:\WINDOWS\System32\win32u.dll
0x00007ffffe570000 - 0x00007ffffe59a000 	C:\WINDOWS\System32\GDI32.dll
0x00007ffffd110000 - 0x00007ffffd241000 	C:\WINDOWS\System32\gdi32full.dll
0x00007ffffdbc0000 - 0x00007ffffdc63000 	C:\WINDOWS\System32\msvcp_win.dll
0x00007ffff1940000 - 0x00007ffff195e000 	c:\Users\palak\.vscode\extensions\redhat.java-1.41.0-win32-x64\jre\21.0.6-win32-x86_64\bin\VCRUNTIME140.dll
0x00007fffebac0000 - 0x00007fffebd50000 	C:\WINDOWS\WinSxS\amd64_microsoft.windows.common-controls_6595b64144ccf1df_6.0.26100.3323_none_3e088096e3344490\COMCTL32.dll
0x00007fffffbf0000 - 0x00007fffffc99000 	C:\WINDOWS\System32\msvcrt.dll
0x00007fffff060000 - 0x00007fffff08f000 	C:\WINDOWS\System32\IMM32.DLL
0x00007ffff8070000 - 0x00007ffff807c000 	c:\Users\palak\.vscode\extensions\redhat.java-1.41.0-win32-x64\jre\21.0.6-win32-x86_64\bin\vcruntime140_1.dll
0x00007fffc0c70000 - 0x00007fffc0cfd000 	c:\Users\palak\.vscode\extensions\redhat.java-1.41.0-win32-x64\jre\21.0.6-win32-x86_64\bin\msvcp140.dll
0x00007fff71510000 - 0x00007fff722a0000 	c:\Users\palak\.vscode\extensions\redhat.java-1.41.0-win32-x64\jre\21.0.6-win32-x86_64\bin\server\jvm.dll
0x00007ff800090000 - 0x00007ff800142000 	C:\WINDOWS\System32\ADVAPI32.dll
0x00007ffffe2f0000 - 0x00007ffffe396000 	C:\WINDOWS\System32\sechost.dll
0x00007ffffe450000 - 0x00007ffffe566000 	C:\WINDOWS\System32\RPCRT4.dll
0x00007ffffe220000 - 0x00007ffffe294000 	C:\WINDOWS\System32\WS2_32.dll
0x00007ffffcfa0000 - 0x00007ffffcfee000 	C:\WINDOWS\SYSTEM32\POWRPROF.dll
0x00007ffff68a0000 - 0x00007ffff68d6000 	C:\WINDOWS\SYSTEM32\WINMM.dll
0x00007ffff68e0000 - 0x00007ffff68eb000 	C:\WINDOWS\SYSTEM32\VERSION.dll
0x00007ffffcf80000 - 0x00007ffffcf94000 	C:\WINDOWS\SYSTEM32\UMPDC.dll
0x00007ffffbf30000 - 0x00007ffffbf4a000 	C:\WINDOWS\SYSTEM32\kernel.appcore.dll
0x00007ffff6c70000 - 0x00007ffff6c7a000 	c:\Users\palak\.vscode\extensions\redhat.java-1.41.0-win32-x64\jre\21.0.6-win32-x86_64\bin\jimage.dll
0x00007fffebf70000 - 0x00007fffec1b1000 	C:\WINDOWS\SYSTEM32\DBGHELP.DLL
0x00007fffff820000 - 0x00007fffffba2000 	C:\WINDOWS\System32\combase.dll
0x00007fffffca0000 - 0x00007fffffd76000 	C:\WINDOWS\System32\OLEAUT32.dll
0x00007fffdc9b0000 - 0x00007fffdc9e9000 	C:\WINDOWS\SYSTEM32\dbgcore.DLL
0x00007ffffd5e0000 - 0x00007ffffd679000 	C:\WINDOWS\System32\bcryptPrimitives.dll
0x00007ffff0e50000 - 0x00007ffff0e5f000 	c:\Users\palak\.vscode\extensions\redhat.java-1.41.0-win32-x64\jre\21.0.6-win32-x86_64\bin\instrument.dll
0x00007fffecfd0000 - 0x00007fffecfef000 	c:\Users\palak\.vscode\extensions\redhat.java-1.41.0-win32-x64\jre\21.0.6-win32-x86_64\bin\java.dll
0x00007fffff0a0000 - 0x00007fffff7b5000 	C:\WINDOWS\System32\SHELL32.dll
0x00007ffffd680000 - 0x00007ffffd7e8000 	C:\WINDOWS\System32\wintypes.dll
0x00007ffffadf0000 - 0x00007ffffb635000 	C:\WINDOWS\SYSTEM32\windows.storage.dll
0x00007ffffeef0000 - 0x00007ffffefdb000 	C:\WINDOWS\System32\SHCORE.dll
0x00007ffffe1c0000 - 0x00007ffffe21d000 	C:\WINDOWS\System32\shlwapi.dll
0x00007ffffd020000 - 0x00007ffffd04f000 	C:\WINDOWS\SYSTEM32\profapi.dll
0x00007fffe2800000 - 0x00007fffe2818000 	c:\Users\palak\.vscode\extensions\redhat.java-1.41.0-win32-x64\jre\21.0.6-win32-x86_64\bin\zip.dll
0x00007fffee910000 - 0x00007fffee920000 	C:\Users\palak\.vscode\extensions\redhat.java-1.41.0-win32-x64\jre\21.0.6-win32-x86_64\bin\net.dll
0x00007ffff2da0000 - 0x00007ffff2ebe000 	C:\WINDOWS\SYSTEM32\WINHTTP.dll
0x00007ffffc450000 - 0x00007ffffc4ba000 	C:\WINDOWS\system32\mswsock.dll
0x00007fffde1f0000 - 0x00007fffde206000 	C:\Users\palak\.vscode\extensions\redhat.java-1.41.0-win32-x64\jre\21.0.6-win32-x86_64\bin\nio.dll
0x00007fffde1e0000 - 0x00007fffde1f0000 	c:\Users\palak\.vscode\extensions\redhat.java-1.41.0-win32-x64\jre\21.0.6-win32-x86_64\bin\verify.dll
0x00007ffff3e50000 - 0x00007ffff3e95000 	C:\Users\palak\AppData\Roaming\Code\User\globalStorage\redhat.java\1.41.0\config_ss_win\org.eclipse.equinox.launcher\org.eclipse.equinox.launcher.win32.win32.x86_64_1.2.1300.v20250325-0811\eclipse_11911.dll
0x00007ffffe900000 - 0x00007ffffea95000 	C:\WINDOWS\System32\ole32.dll
0x00007ffffc6f0000 - 0x00007ffffc70c000 	C:\WINDOWS\SYSTEM32\CRYPTSP.dll
0x00007ffffbe90000 - 0x00007ffffbeca000 	C:\WINDOWS\system32\rsaenh.dll
0x00007ffffc4f0000 - 0x00007ffffc51b000 	C:\WINDOWS\SYSTEM32\USERENV.dll
0x00007ffffc930000 - 0x00007ffffc956000 	C:\WINDOWS\SYSTEM32\bcrypt.dll
0x00007ffffc710000 - 0x00007ffffc71c000 	C:\WINDOWS\SYSTEM32\CRYPTBASE.dll
0x00007ffffb930000 - 0x00007ffffb963000 	C:\WINDOWS\SYSTEM32\IPHLPAPI.DLL
0x00007ffffe3b0000 - 0x00007ffffe3ba000 	C:\WINDOWS\System32\NSI.dll
0x00007ffff3da0000 - 0x00007ffff3de9000 	C:\Users\palak\AppData\Local\Temp\jna-106430981\jna15058449530374932607.dll
0x00007ffffe3a0000 - 0x00007ffffe3a8000 	C:\WINDOWS\System32\PSAPI.DLL

dbghelp: loaded successfully - version: 4.0.5 - missing functions: none
symbol engine: initialized successfully - sym options: 0x614 - pdb path: .;c:\Users\palak\.vscode\extensions\redhat.java-1.41.0-win32-x64\jre\21.0.6-win32-x86_64\bin;C:\WINDOWS\SYSTEM32;C:\WINDOWS\WinSxS\amd64_microsoft.windows.common-controls_6595b64144ccf1df_6.0.26100.3323_none_3e088096e3344490;c:\Users\palak\.vscode\extensions\redhat.java-1.41.0-win32-x64\jre\21.0.6-win32-x86_64\bin\server;C:\Users\palak\AppData\Roaming\Code\User\globalStorage\redhat.java\1.41.0\config_ss_win\org.eclipse.equinox.launcher\org.eclipse.equinox.launcher.win32.win32.x86_64_1.2.1300.v20250325-0811;C:\Users\palak\AppData\Local\Temp\jna-106430981

VM Arguments:
jvm_args: --add-modules=ALL-SYSTEM --add-opens=java.base/java.util=ALL-UNNAMED --add-opens=java.base/java.lang=ALL-UNNAMED --add-opens=java.base/sun.nio.fs=ALL-UNNAMED -Declipse.application=org.eclipse.jdt.ls.core.id1 -Dosgi.bundles.defaultStartLevel=4 -Declipse.product=org.eclipse.jdt.ls.core.product -Djava.import.generatesMetadataFilesAtProjectRoot=false -DDetectVMInstallationsJob.disabled=true -Dfile.encoding=utf8 -XX:+UseParallelGC -XX:GCTimeRatio=4 -XX:AdaptiveSizePolicyWeight=90 -Dsun.zip.disableMemoryMapping=true -Xmx1G -Xms100m -Xlog:disable -javaagent:c:\Users\palak\.vscode\extensions\redhat.java-1.41.0-win32-x64\lombok\lombok-1.18.36.jar 
java_command: c:\Users\palak\.vscode\extensions\redhat.java-1.41.0-win32-x64\server\plugins\org.eclipse.equinox.launcher_1.6.1100.v20250306-0509.jar -configuration c:\Users\palak\AppData\Roaming\Code\User\globalStorage\redhat.java\1.41.0\config_ss_win -data c:\Users\palak\AppData\Roaming\Code\User\workspaceStorage\632f04cdbe9e26a6a5769c745b0508de\redhat.java\ss_ws --pipe=\\.\pipe\lsp-cea02fd391f658ce0c495c7f52e2e4ab-sock
java_class_path (initial): c:\Users\palak\.vscode\extensions\redhat.java-1.41.0-win32-x64\server\plugins\org.eclipse.equinox.launcher_1.6.1100.v20250306-0509.jar
Launcher Type: SUN_STANDARD

[Global flags]
    uintx AdaptiveSizePolicyWeight                 = 90                                        {product} {command line}
     intx CICompilerCount                          = 3                                         {product} {ergonomic}
    uintx GCTimeRatio                              = 4                                         {product} {command line}
   size_t InitialHeapSize                          = 104857600                                 {product} {command line}
   size_t MaxHeapSize                              = 1073741824                                {product} {command line}
   size_t MaxNewSize                               = 357564416                                 {product} {ergonomic}
   size_t MinHeapDeltaBytes                        = 524288                                    {product} {ergonomic}
   size_t MinHeapSize                              = 104857600                                 {product} {command line}
   size_t NewSize                                  = 34603008                                  {product} {ergonomic}
    uintx NonNMethodCodeHeapSize                   = 5832780                                {pd product} {ergonomic}
    uintx NonProfiledCodeHeapSize                  = 122912730                              {pd product} {ergonomic}
   size_t OldSize                                  = 70254592                                  {product} {ergonomic}
    uintx ProfiledCodeHeapSize                     = 122912730                              {pd product} {ergonomic}
    uintx ReservedCodeCacheSize                    = 251658240                              {pd product} {ergonomic}
     bool SegmentedCodeCache                       = true                                      {product} {ergonomic}
   size_t SoftMaxHeapSize                          = 1073741824                             {manageable} {ergonomic}
     bool UseCompressedOops                        = true                           {product lp64_product} {ergonomic}
     bool UseLargePagesIndividualAllocation        = false                                  {pd product} {ergonomic}
     bool UseParallelGC                            = true                                      {product} {command line}

Logging:
Log output configuration:
 #0: stdout all=off uptime,level,tags foldmultilines=false
 #1: stderr all=off uptime,level,tags foldmultilines=false

Environment Variables:
JAVA_HOME=C:\Users\palak\Downloads\java-21-openjdk-21.0.1.0.12-3.win.jdk.x86_64\java-21-openjdk-21.0.1.0.12-3.win.jdk.x86_64
PATH=C:\Program Files (x86)\Common Files\Oracle\Java\java8path;C:\Program Files (x86)\Common Files\Oracle\Java\javapath;C:\WINDOWS\system32;C:\WINDOWS;C:\WINDOWS\System32\Wbem;C:\WINDOWS\System32\WindowsPowerShell\v1.0\;C:\WINDOWS\System32\OpenSSH\;C:\Users\palak\Downloads\java-21-openjdk-21.0.1.0.12-3.win.jdk.x86_64\java-21-openjdk-21.0.1.0.12-3.win.jdk.x86_64\bin;C:\Users\palak\Downloads\apache-maven-3.9.8-bin\bin;c:\users\palak\appdata\local\packages\pythonsoftwarefoundation.python.3.11_qbz5n2kfra8p0\localcache\local-packages\python311\site-packages;C:\ProgramData\chocolatey\bin;C:\Program Files\nodejs\;C:\Users\palak\AppData\Local\Programs\Python\Python312\Scripts;C:\Program Files\Git\cmd;C:\Users\palak\Downloads\flutter_windows_3.27.3-stable\flutter\bin;C:\Users\palak\AppData\Local\Android\Sdk\cmdline-tools\latest\bin;C:\Users\palak\AppData\Local\Android\Sdk\platform-tools;C:\ffmpeg;C:\Program Files\MongoDB\Server\8.0\bin;C:\Users\palak\AppData\Local\Programs\Python\Python313\Scripts\;C:\Users\palak\AppData\Local\Programs\Python\Python313\;C:\Users\palak\AppData\Local\Programs\Python\Python312\Scripts\;C:\Users\palak\AppData\Local\Programs\Python\Python312\;C:\Users\palak\AppData\Local\Programs\Python\Launcher\;C:\Program Files\MySQL\MySQL Shell 8.0\bin\;C:\Users\palak\AppData\Local\Microsoft\WindowsApps;C:\Users\palak\AppData\Local\Programs\Microsoft VS Code\bin;C:\Program Files\JetBrains\IntelliJ IDEA Community Edition 2023.3.3\bin;C:\Users\palak\AppData\Local\JetBrains\CLion 2023.3.4\bin;C:\Program Files\JetBrains\PyCharm 2024.1.2\bin;C:\Program Files\JetBrains\PyCharm Community Edition 2024.1.4\bin;C:\Users\palak\AppData\Local\JetBrains\Toolbox\scripts;C:\Users\palak\AppData\Roaming\npm;C:\Users\palak\AppData\Local\GitHubDesktop\bin;C:\Users\palak\AppData\Local\Microsoft\WindowsApps;
USERNAME=palak
OS=Windows_NT
PROCESSOR_IDENTIFIER=AMD64 Family 23 Model 24 Stepping 1, AuthenticAMD
TMP=C:\Users\palak\AppData\Local\Temp
TEMP=C:\Users\palak\AppData\Local\Temp




Periodic native trim disabled

---------------  S Y S T E M  ---------------

OS:
 Windows 11 , 64 bit Build 26100 (10.0.26100.3323)
OS uptime: 0 days 1:34 hours

CPU: total 4 (initial active 4) (4 cores per cpu, 2 threads per core) family 23 model 24 stepping 1 microcode 0x8108109, cx8, cmov, fxsr, ht, mmx, 3dnowpref, sse, sse2, sse3, ssse3, sse4a, sse4.1, sse4.2, popcnt, lzcnt, tsc, tscinvbit, avx, avx2, aes, clmul, bmi1, bmi2, adx, sha, fma, vzeroupper, clflush, clflushopt, rdtscp, f16c
Processor Information for the first 4 processors :
  Max Mhz: 2600, Current Mhz: 2600, Mhz Limit: 2600

Memory: 4k page, system-wide physical 6086M (492M free)
TotalPageFile size 14278M (AvailPageFile size 0M)
current process WorkingSet (physical memory assigned to process): 144M, peak: 144M
current process commit charge ("private bytes"): 232M, peak: 233M

vm_info: OpenJDK 64-Bit Server VM (21.0.6+7-LTS) for windows-amd64 JRE (21.0.6+7-LTS), built on 2025-01-21T00:00:00Z by "admin" with MS VC++ 17.7 (VS2022)

END.
