#
# There is insufficient memory for the Java Runtime Environment to continue.
# Native memory allocation (malloc) failed to allocate 32744 bytes. Error detail: Chunk::new
# Possible reasons:
#   The system is out of physical RAM or swap space
#   This process is running with CompressedOops enabled, and the Java Heap may be blocking the growth of the native heap
# Possible solutions:
#   Reduce memory load on the system
#   Increase physical memory or swap space
#   Check if swap backing store is full
#   Decrease Java heap size (-Xmx/-Xms)
#   Decrease number of Java threads
#   Decrease Java thread stack sizes (-Xss)
#   Set larger code cache with -XX:ReservedCodeCacheSize=
#   JVM is running with Unscaled Compressed Oops mode in which the Java heap is
#     placed in the first 4GB address space. The Java Heap base address is the
#     maximum limit for the native heap growth. Please use -XX:HeapBaseMinAddress
#     to set the Java Heap base and to place the Java Heap above 4GB virtual address.
# This output file may be truncated or incomplete.
#
#  Out of Memory Error (arena.cpp:168), pid=10620, tid=4040
#
# JRE version: OpenJDK Runtime Environment Temurin-21.0.6+7 (21.0.6+7) (build 21.0.6+7-LTS)
# Java VM: OpenJDK 64-Bit Server VM Temurin-21.0.6+7 (21.0.6+7-LTS, mixed mode, sharing, tiered, compressed oops, compressed class ptrs, parallel gc, windows-amd64)
# No core dump will be written. Minidumps are not enabled by default on client versions of Windows
#

---------------  S U M M A R Y ------------

Command Line: --add-modules=ALL-SYSTEM --add-opens=java.base/java.util=ALL-UNNAMED --add-opens=java.base/java.lang=ALL-UNNAMED --add-opens=java.base/sun.nio.fs=ALL-UNNAMED -Declipse.application=org.eclipse.jdt.ls.core.id1 -Dosgi.bundles.defaultStartLevel=4 -Declipse.product=org.eclipse.jdt.ls.core.product -Djava.import.generatesMetadataFilesAtProjectRoot=false -DDetectVMInstallationsJob.disabled=true -Dfile.encoding=utf8 -XX:+UseParallelGC -XX:GCTimeRatio=4 -XX:AdaptiveSizePolicyWeight=90 -Dsun.zip.disableMemoryMapping=true -Xmx1G -Xms100m -Xlog:disable -javaagent:c:\Users\palak\.vscode\extensions\redhat.java-1.40.0-win32-x64\lombok\lombok-1.18.36.jar c:\Users\palak\.vscode\extensions\redhat.java-1.40.0-win32-x64\server\plugins\org.eclipse.equinox.launcher_1.6.1000.v20250131-0606.jar -configuration c:\Users\palak\AppData\Roaming\Code\User\globalStorage\redhat.java\1.40.0\config_ss_win -data c:\Users\palak\AppData\Roaming\Code\User\workspaceStorage\632f04cdbe9e26a6a5769c745b0508de\redhat.java\ss_ws --pipe=\\.\pipe\lsp-17e0eac560b25579b355f52f81334058-sock

Host: AMD Ryzen 3 3250U with Radeon Graphics         , 4 cores, 5G,  Windows 11 , 64 bit Build 26100 (10.0.26100.3323)
Time: Tue Mar 18 19:35:02 2025 India Standard Time elapsed time: 31.985786 seconds (0d 0h 0m 31s)

---------------  T H R E A D  ---------------

Current thread (0x0000019276964f40):  JavaThread "C2 CompilerThread0" daemon [_thread_in_native, id=4040, stack(0x0000002b7bb00000,0x0000002b7bc00000) (1024K)]


Current CompileTask:
C2:31985 4188       4       jdk.internal.jimage.ImageLocation::getFullName (109 bytes)

Stack: [0x0000002b7bb00000,0x0000002b7bc00000]
Native frames: (J=compiled Java code, j=interpreted, Vv=VM code, C=native code)
V  [jvm.dll+0x6cdee9]
V  [jvm.dll+0x8a83d1]
V  [jvm.dll+0x8aa8fe]
V  [jvm.dll+0x8aafe3]
V  [jvm.dll+0x27f706]
V  [jvm.dll+0xc500d]
V  [jvm.dll+0xc5543]
V  [jvm.dll+0x656c0b]
V  [jvm.dll+0x656daf]
V  [jvm.dll+0x65c7e9]
V  [jvm.dll+0x65d7d6]
V  [jvm.dll+0x65bb6e]
V  [jvm.dll+0x247875]
V  [jvm.dll+0x246fcf]
V  [jvm.dll+0x1c75ee]
V  [jvm.dll+0x25685a]
V  [jvm.dll+0x254dfa]
V  [jvm.dll+0x3f0256]
V  [jvm.dll+0x851f8b]
V  [jvm.dll+0x6cc5ed]
C  [ucrtbase.dll+0x37b0]
C  [KERNEL32.DLL+0x2e8d7]
C  [ntdll.dll+0xbbf6c]


---------------  P R O C E S S  ---------------

Threads class SMR info:
_java_thread_list=0x000001927c206030, length=30, elements={
0x0000019262620220, 0x00000192769541f0, 0x0000019276956df0, 0x00000192769589a0,
0x00000192769595f0, 0x000001927695cb70, 0x00000192769635f0, 0x0000019276964f40,
0x00000192769d23d0, 0x000001926268d2f0, 0x000001927797cd70, 0x000001927c605620,
0x000001927c452e50, 0x000001927c501140, 0x000001927c5017d0, 0x000001927c5024f0,
0x000001927774bc00, 0x000001927774a1c0, 0x000001927774c290, 0x00000192777494a0,
0x000001927774aee0, 0x000001927774a850, 0x000001927774b570, 0x0000019277748e10,
0x000001927774c920, 0x000001927774cfb0, 0x0000019277749b30, 0x000001927774f080,
0x000001927774fda0, 0x000001927774d640
}

Java Threads: ( => current thread )
  0x0000019262620220 JavaThread "main"                              [_thread_blocked, id=14784, stack(0x0000002b7b100000,0x0000002b7b200000) (1024K)]
  0x00000192769541f0 JavaThread "Reference Handler"          daemon [_thread_blocked, id=19752, stack(0x0000002b7b500000,0x0000002b7b600000) (1024K)]
  0x0000019276956df0 JavaThread "Finalizer"                  daemon [_thread_blocked, id=11428, stack(0x0000002b7b600000,0x0000002b7b700000) (1024K)]
  0x00000192769589a0 JavaThread "Signal Dispatcher"          daemon [_thread_blocked, id=21072, stack(0x0000002b7b700000,0x0000002b7b800000) (1024K)]
  0x00000192769595f0 JavaThread "Attach Listener"            daemon [_thread_blocked, id=20632, stack(0x0000002b7b800000,0x0000002b7b900000) (1024K)]
  0x000001927695cb70 JavaThread "Service Thread"             daemon [_thread_blocked, id=2544, stack(0x0000002b7b900000,0x0000002b7ba00000) (1024K)]
  0x00000192769635f0 JavaThread "Monitor Deflation Thread"   daemon [_thread_blocked, id=5660, stack(0x0000002b7ba00000,0x0000002b7bb00000) (1024K)]
=>0x0000019276964f40 JavaThread "C2 CompilerThread0"         daemon [_thread_in_native, id=4040, stack(0x0000002b7bb00000,0x0000002b7bc00000) (1024K)]
  0x00000192769d23d0 JavaThread "C1 CompilerThread0"         daemon [_thread_blocked, id=15996, stack(0x0000002b7bc00000,0x0000002b7bd00000) (1024K)]
  0x000001926268d2f0 JavaThread "Common-Cleaner"             daemon [_thread_blocked, id=17200, stack(0x0000002b7bd00000,0x0000002b7be00000) (1024K)]
  0x000001927797cd70 JavaThread "Notification Thread"        daemon [_thread_blocked, id=15892, stack(0x0000002b7be00000,0x0000002b7bf00000) (1024K)]
  0x000001927c605620 JavaThread "Active Thread: Equinox Container: 4bdade7d-139e-47a6-ae81-fe16fbf1aaeb"        [_thread_blocked, id=14236, stack(0x0000002b7c300000,0x0000002b7c400000) (1024K)]
  0x000001927c452e50 JavaThread "Framework Event Dispatcher: Equinox Container: 4bdade7d-139e-47a6-ae81-fe16fbf1aaeb" daemon [_thread_blocked, id=21156, stack(0x0000002b7c400000,0x0000002b7c500000) (1024K)]
  0x000001927c501140 JavaThread "Start Level: Equinox Container: 4bdade7d-139e-47a6-ae81-fe16fbf1aaeb" daemon [_thread_blocked, id=9096, stack(0x0000002b7c500000,0x0000002b7c600000) (1024K)]
  0x000001927c5017d0 JavaThread "SCR Component Actor"        daemon [_thread_blocked, id=13380, stack(0x0000002b7c600000,0x0000002b7c700000) (1024K)]
  0x000001927c5024f0 JavaThread "Worker-JM"                         [_thread_blocked, id=20424, stack(0x0000002b7c700000,0x0000002b7c800000) (1024K)]
  0x000001927774bc00 JavaThread "JNA Cleaner"                daemon [_thread_blocked, id=21172, stack(0x0000002b7c800000,0x0000002b7c900000) (1024K)]
  0x000001927774a1c0 JavaThread "Worker-0"                          [_thread_blocked, id=20732, stack(0x0000002b7c900000,0x0000002b7ca00000) (1024K)]
  0x000001927774c290 JavaThread "Worker-1"                          [_thread_blocked, id=15492, stack(0x0000002b7ca00000,0x0000002b7cb00000) (1024K)]
  0x00000192777494a0 JavaThread "Worker-2"                          [_thread_blocked, id=1532, stack(0x0000002b7cb00000,0x0000002b7cc00000) (1024K)]
  0x000001927774aee0 JavaThread "Thread-2"                   daemon [_thread_in_native, id=17656, stack(0x0000002b7cd00000,0x0000002b7ce00000) (1024K)]
  0x000001927774a850 JavaThread "Thread-3"                   daemon [_thread_in_native, id=2372, stack(0x0000002b7ce00000,0x0000002b7cf00000) (1024K)]
  0x000001927774b570 JavaThread "Thread-4"                   daemon [_thread_in_native, id=1092, stack(0x0000002b7cf00000,0x0000002b7d000000) (1024K)]
  0x0000019277748e10 JavaThread "Thread-5"                   daemon [_thread_in_native, id=6744, stack(0x0000002b7d000000,0x0000002b7d100000) (1024K)]
  0x000001927774c920 JavaThread "Thread-6"                   daemon [_thread_in_native, id=19156, stack(0x0000002b7d100000,0x0000002b7d200000) (1024K)]
  0x000001927774cfb0 JavaThread "pool-2-thread-1"                   [_thread_blocked, id=1312, stack(0x0000002b7d200000,0x0000002b7d300000) (1024K)]
  0x0000019277749b30 JavaThread "WorkspaceEventsHandler"            [_thread_blocked, id=9920, stack(0x0000002b7d300000,0x0000002b7d400000) (1024K)]
  0x000001927774f080 JavaThread "pool-1-thread-1"                   [_thread_blocked, id=10624, stack(0x0000002b7d400000,0x0000002b7d500000) (1024K)]
  0x000001927774fda0 JavaThread "ForkJoinPool.commonPool-worker-1" daemon [_thread_blocked, id=5368, stack(0x0000002b7d500000,0x0000002b7d600000) (1024K)]
  0x000001927774d640 JavaThread "ForkJoinPool.commonPool-worker-2" daemon [_thread_in_Java, id=20624, stack(0x0000002b7d600000,0x0000002b7d700000) (1024K)]
Total: 30

Other Threads:
  0x000001927694f690 VMThread "VM Thread"                           [id=21068, stack(0x0000002b7b400000,0x0000002b7b500000) (1024K)]
  0x00000192768eca00 WatcherThread "VM Periodic Task Thread"        [id=17512, stack(0x0000002b7b300000,0x0000002b7b400000) (1024K)]
  0x000001926263e820 WorkerThread "GC Thread#0"                     [id=20160, stack(0x0000002b7b200000,0x0000002b7b300000) (1024K)]
  0x000001927c3638b0 WorkerThread "GC Thread#1"                     [id=700, stack(0x0000002b7c000000,0x0000002b7c100000) (1024K)]
  0x0000019277a03c70 WorkerThread "GC Thread#2"                     [id=16196, stack(0x0000002b7c100000,0x0000002b7c200000) (1024K)]
  0x0000019277a04010 WorkerThread "GC Thread#3"                     [id=8692, stack(0x0000002b7c200000,0x0000002b7c300000) (1024K)]
Total: 6

Threads with active compile tasks:
C2 CompilerThread0  32041 4188       4       jdk.internal.jimage.ImageLocation::getFullName (109 bytes)
Total: 1

VM state: not at safepoint (normal execution)

VM Mutex/Monitor currently owned by a thread: None

Heap address: 0x00000000c0000000, size: 1024 MB, Compressed Oops mode: 32-bit

CDS archive(s) mapped at: [0x0000019200000000-0x0000019200ba0000-0x0000019200ba0000), size 12189696, SharedBaseAddress: 0x0000019200000000, ArchiveRelocationMode: 1.
Compressed class space mapped at: 0x0000019201000000-0x0000019241000000, reserved size: 1073741824
Narrow klass base: 0x0000019200000000, Narrow klass shift: 0, Narrow klass range: 0x100000000

GC Precious Log:
 CardTable entry size: 512
 CPUs: 4 total, 4 available
 Memory: 6086M
 Large Page Support: Disabled
 NUMA Support: Disabled
 Compressed Oops: Enabled (32-bit)
 Alignments: Space 512K, Generation 512K, Heap 2M
 Heap Min Capacity: 100M
 Heap Initial Capacity: 100M
 Heap Max Capacity: 1G
 Pre-touch: Disabled
 Parallel Workers: 4

Heap:
 PSYoungGen      total 26112K, used 7933K [0x00000000eab00000, 0x00000000eca80000, 0x0000000100000000)
  eden space 22528K, 19% used [0x00000000eab00000,0x00000000eaf5e520,0x00000000ec100000)
  from space 3584K, 96% used [0x00000000ec700000,0x00000000eca60f68,0x00000000eca80000)
  to   space 4096K, 0% used [0x00000000ec280000,0x00000000ec280000,0x00000000ec680000)
 ParOldGen       total 68608K, used 12841K [0x00000000c0000000, 0x00000000c4300000, 0x00000000eab00000)
  object space 68608K, 18% used [0x00000000c0000000,0x00000000c0c8a558,0x00000000c4300000)
 Metaspace       used 31534K, committed 32448K, reserved 1114112K
  class space    used 3070K, committed 3456K, reserved 1048576K

Card table byte_map: [0x0000019261fc0000,0x00000192621d0000] _byte_map_base: 0x00000192619c0000

Marking Bits: (ParMarkBitMap*) 0x00007ffbb5163260
 Begin Bits: [0x0000019274810000, 0x0000019275810000)
 End Bits:   [0x0000019275810000, 0x0000019276810000)

Polling page: 0x0000019260370000

Metaspace:

Usage:
  Non-class:     27.80 MB used.
      Class:      3.00 MB used.
       Both:     30.80 MB used.

Virtual space:
  Non-class space:       64.00 MB reserved,      28.31 MB ( 44%) committed,  1 nodes.
      Class space:        1.00 GB reserved,       3.38 MB ( <1%) committed,  1 nodes.
             Both:        1.06 GB reserved,      31.69 MB (  3%) committed. 

Chunk freelists:
   Non-Class:  2.82 MB
       Class:  12.66 MB
        Both:  15.47 MB

MaxMetaspaceSize: unlimited
CompressedClassSpaceSize: 1.00 GB
Initial GC threshold: 21.00 MB
Current GC threshold: 35.00 MB
CDS: on
 - commit_granule_bytes: 65536.
 - commit_granule_words: 8192.
 - virtual_space_node_default_size: 8388608.
 - enlarge_chunks_in_place: 1.
 - use_allocation_guard: 0.


Internal statistics:

num_allocs_failed_limit: 3.
num_arena_births: 684.
num_arena_deaths: 14.
num_vsnodes_births: 2.
num_vsnodes_deaths: 0.
num_space_committed: 507.
num_space_uncommitted: 0.
num_chunks_returned_to_freelist: 17.
num_chunks_taken_from_freelist: 1952.
num_chunk_merges: 8.
num_chunk_splits: 1252.
num_chunks_enlarged: 768.
num_inconsistent_stats: 0.

CodeHeap 'non-profiled nmethods': size=120000Kb used=1841Kb max_used=1841Kb free=118158Kb
 bounds [0x000001926d2e0000, 0x000001926d550000, 0x0000019274810000]
CodeHeap 'profiled nmethods': size=120000Kb used=8434Kb max_used=8434Kb free=111565Kb
 bounds [0x0000019265810000, 0x0000019266050000, 0x000001926cd40000]
CodeHeap 'non-nmethods': size=5760Kb used=1354Kb max_used=1374Kb free=4405Kb
 bounds [0x000001926cd40000, 0x000001926cfb0000, 0x000001926d2e0000]
 total_blobs=4837 nmethods=4187 adapters=556
 compilation: enabled
              stopped_count=0, restarted_count=0
 full_count=0

Compilation events (20 events):
Event: 31.823 Thread 0x00000192769d23d0 nmethod 4179 0x0000019266049090 code [0x0000019266049260, 0x00000192660495d0]
Event: 31.823 Thread 0x00000192769d23d0 4180       3       org.eclipse.jdt.internal.core.JrtPackageFragmentRoot$1::visitFile (26 bytes)
Event: 31.824 Thread 0x00000192769d23d0 nmethod 4180 0x0000019266049690 code [0x0000019266049860, 0x0000019266049aa8]
Event: 31.824 Thread 0x00000192769d23d0 4181       3       java.util.ArrayList::hashCode (22 bytes)
Event: 31.824 Thread 0x00000192769d23d0 nmethod 4181 0x0000019266049b90 code [0x0000019266049d60, 0x000001926604a050]
Event: 31.832 Thread 0x00000192769d23d0 4182       3       org.eclipse.jdt.internal.compiler.util.Util::isClassFileName (82 bytes)
Event: 31.833 Thread 0x00000192769d23d0 nmethod 4182 0x000001926604a190 code [0x000001926604a3e0, 0x000001926604aca8]
Event: 31.833 Thread 0x0000019276964f40 4183   !   4       jdk.internal.jrtfs.JrtFileSystem::lookup (23 bytes)
Event: 31.849 Thread 0x0000019276964f40 nmethod 4183 0x000001926d4a7890 code [0x000001926d4a7aa0, 0x000001926d4a8388]
Event: 31.849 Thread 0x0000019276964f40 4185       4       jdk.internal.jrtfs.JrtPath::initOffsets (146 bytes)
Event: 31.865 Thread 0x0000019276964f40 nmethod 4185 0x000001926d4a8a90 code [0x000001926d4a8ca0, 0x000001926d4a95e8]
Event: 31.865 Thread 0x0000019276964f40 4186       4       org.eclipse.jdt.internal.core.util.Util::splitOn (134 bytes)
Event: 31.908 Thread 0x0000019276964f40 nmethod 4186 0x000001926d4a9c10 code [0x000001926d4a9e80, 0x000001926d4ab210]
Event: 31.908 Thread 0x0000019276964f40 4187       4       jdk.internal.jimage.ImageLocation::decompress (116 bytes)
Event: 31.919 Thread 0x0000019276964f40 nmethod 4187 0x000001926d4abe10 code [0x000001926d4abfc0, 0x000001926d4ac3d0]
Event: 31.919 Thread 0x0000019276964f40 4188       4       jdk.internal.jimage.ImageLocation::getFullName (109 bytes)
Event: 31.936 Thread 0x00000192769d23d0 4191       3       jdk.internal.jimage.ImageReader$SharedImageReader::visitLocation (73 bytes)
Event: 31.937 Thread 0x00000192769d23d0 nmethod 4191 0x000001926604b090 code [0x000001926604b340, 0x000001926604c0a0]
Event: 31.941 Thread 0x00000192769d23d0 4192       3       org.eclipse.jdt.internal.compiler.util.JrtFileSystem$2::preVisitDirectory (10 bytes)
Event: 31.941 Thread 0x00000192769d23d0 nmethod 4192 0x000001926604c590 code [0x000001926604c740, 0x000001926604c9a0]

GC Heap History (20 events):
Event: 3.021 GC heap before
{Heap before GC invocations=1 (full 0):
 PSYoungGen      total 29696K, used 25600K [0x00000000eab00000, 0x00000000ecc00000, 0x0000000100000000)
  eden space 25600K, 100% used [0x00000000eab00000,0x00000000ec400000,0x00000000ec400000)
  from space 4096K, 0% used [0x00000000ec800000,0x00000000ec800000,0x00000000ecc00000)
  to   space 4096K, 0% used [0x00000000ec400000,0x00000000ec400000,0x00000000ec800000)
 ParOldGen       total 68608K, used 0K [0x00000000c0000000, 0x00000000c4300000, 0x00000000eab00000)
  object space 68608K, 0% used [0x00000000c0000000,0x00000000c0000000,0x00000000c4300000)
 Metaspace       used 4348K, committed 4544K, reserved 1114112K
  class space    used 437K, committed 512K, reserved 1048576K
}
Event: 3.037 GC heap after
{Heap after GC invocations=1 (full 0):
 PSYoungGen      total 29696K, used 3173K [0x00000000eab00000, 0x00000000ecc00000, 0x0000000100000000)
  eden space 25600K, 0% used [0x00000000eab00000,0x00000000eab00000,0x00000000ec400000)
  from space 4096K, 77% used [0x00000000ec400000,0x00000000ec7197f0,0x00000000ec800000)
  to   space 4096K, 0% used [0x00000000ec800000,0x00000000ec800000,0x00000000ecc00000)
 ParOldGen       total 68608K, used 16K [0x00000000c0000000, 0x00000000c4300000, 0x00000000eab00000)
  object space 68608K, 0% used [0x00000000c0000000,0x00000000c0004000,0x00000000c4300000)
 Metaspace       used 4348K, committed 4544K, reserved 1114112K
  class space    used 437K, committed 512K, reserved 1048576K
}
Event: 4.731 GC heap before
{Heap before GC invocations=2 (full 0):
 PSYoungGen      total 29696K, used 28773K [0x00000000eab00000, 0x00000000ecc00000, 0x0000000100000000)
  eden space 25600K, 100% used [0x00000000eab00000,0x00000000ec400000,0x00000000ec400000)
  from space 4096K, 77% used [0x00000000ec400000,0x00000000ec7197f0,0x00000000ec800000)
  to   space 4096K, 0% used [0x00000000ec800000,0x00000000ec800000,0x00000000ecc00000)
 ParOldGen       total 68608K, used 16K [0x00000000c0000000, 0x00000000c4300000, 0x00000000eab00000)
  object space 68608K, 0% used [0x00000000c0000000,0x00000000c0004000,0x00000000c4300000)
 Metaspace       used 8170K, committed 8512K, reserved 1114112K
  class space    used 804K, committed 960K, reserved 1048576K
}
Event: 4.738 GC heap after
{Heap after GC invocations=2 (full 0):
 PSYoungGen      total 29696K, used 4084K [0x00000000eab00000, 0x00000000ecc00000, 0x0000000100000000)
  eden space 25600K, 0% used [0x00000000eab00000,0x00000000eab00000,0x00000000ec400000)
  from space 4096K, 99% used [0x00000000ec800000,0x00000000ecbfd168,0x00000000ecc00000)
  to   space 4096K, 0% used [0x00000000ec400000,0x00000000ec400000,0x00000000ec800000)
 ParOldGen       total 68608K, used 835K [0x00000000c0000000, 0x00000000c4300000, 0x00000000eab00000)
  object space 68608K, 1% used [0x00000000c0000000,0x00000000c00d0eb8,0x00000000c4300000)
 Metaspace       used 8170K, committed 8512K, reserved 1114112K
  class space    used 804K, committed 960K, reserved 1048576K
}
Event: 6.054 GC heap before
{Heap before GC invocations=3 (full 0):
 PSYoungGen      total 29696K, used 29674K [0x00000000eab00000, 0x00000000ecc00000, 0x0000000100000000)
  eden space 25600K, 99% used [0x00000000eab00000,0x00000000ec3fd778,0x00000000ec400000)
  from space 4096K, 99% used [0x00000000ec800000,0x00000000ecbfd168,0x00000000ecc00000)
  to   space 4096K, 0% used [0x00000000ec400000,0x00000000ec400000,0x00000000ec800000)
 ParOldGen       total 68608K, used 835K [0x00000000c0000000, 0x00000000c4300000, 0x00000000eab00000)
  object space 68608K, 1% used [0x00000000c0000000,0x00000000c00d0eb8,0x00000000c4300000)
 Metaspace       used 12882K, committed 13376K, reserved 1114112K
  class space    used 1293K, committed 1472K, reserved 1048576K
}
Event: 6.061 GC heap after
{Heap after GC invocations=3 (full 0):
 PSYoungGen      total 29696K, used 4067K [0x00000000eab00000, 0x00000000ecc00000, 0x0000000100000000)
  eden space 25600K, 0% used [0x00000000eab00000,0x00000000eab00000,0x00000000ec400000)
  from space 4096K, 99% used [0x00000000ec400000,0x00000000ec7f8df8,0x00000000ec800000)
  to   space 4096K, 0% used [0x00000000ec800000,0x00000000ec800000,0x00000000ecc00000)
 ParOldGen       total 68608K, used 2718K [0x00000000c0000000, 0x00000000c4300000, 0x00000000eab00000)
  object space 68608K, 3% used [0x00000000c0000000,0x00000000c02a7a00,0x00000000c4300000)
 Metaspace       used 12882K, committed 13376K, reserved 1114112K
  class space    used 1293K, committed 1472K, reserved 1048576K
}
Event: 8.632 GC heap before
{Heap before GC invocations=4 (full 0):
 PSYoungGen      total 29696K, used 29613K [0x00000000eab00000, 0x00000000ecc00000, 0x0000000100000000)
  eden space 25600K, 99% used [0x00000000eab00000,0x00000000ec3f28a0,0x00000000ec400000)
  from space 4096K, 99% used [0x00000000ec400000,0x00000000ec7f8df8,0x00000000ec800000)
  to   space 4096K, 0% used [0x00000000ec800000,0x00000000ec800000,0x00000000ecc00000)
 ParOldGen       total 68608K, used 2718K [0x00000000c0000000, 0x00000000c4300000, 0x00000000eab00000)
  object space 68608K, 3% used [0x00000000c0000000,0x00000000c02a7a00,0x00000000c4300000)
 Metaspace       used 17045K, committed 17664K, reserved 1114112K
  class space    used 1710K, committed 1984K, reserved 1048576K
}
Event: 8.638 GC heap after
{Heap after GC invocations=4 (full 0):
 PSYoungGen      total 29696K, used 4066K [0x00000000eab00000, 0x00000000ecc00000, 0x0000000100000000)
  eden space 25600K, 0% used [0x00000000eab00000,0x00000000eab00000,0x00000000ec400000)
  from space 4096K, 99% used [0x00000000ec800000,0x00000000ecbf8b98,0x00000000ecc00000)
  to   space 4096K, 0% used [0x00000000ec400000,0x00000000ec400000,0x00000000ec800000)
 ParOldGen       total 68608K, used 4649K [0x00000000c0000000, 0x00000000c4300000, 0x00000000eab00000)
  object space 68608K, 6% used [0x00000000c0000000,0x00000000c048a688,0x00000000c4300000)
 Metaspace       used 17045K, committed 17664K, reserved 1114112K
  class space    used 1710K, committed 1984K, reserved 1048576K
}
Event: 10.538 GC heap before
{Heap before GC invocations=5 (full 0):
 PSYoungGen      total 29696K, used 29666K [0x00000000eab00000, 0x00000000ecc00000, 0x0000000100000000)
  eden space 25600K, 100% used [0x00000000eab00000,0x00000000ec400000,0x00000000ec400000)
  from space 4096K, 99% used [0x00000000ec800000,0x00000000ecbf8b98,0x00000000ecc00000)
  to   space 4096K, 0% used [0x00000000ec400000,0x00000000ec400000,0x00000000ec800000)
 ParOldGen       total 68608K, used 4649K [0x00000000c0000000, 0x00000000c4300000, 0x00000000eab00000)
  object space 68608K, 6% used [0x00000000c0000000,0x00000000c048a688,0x00000000c4300000)
 Metaspace       used 20289K, committed 20928K, reserved 1114112K
  class space    used 1941K, committed 2176K, reserved 1048576K
}
Event: 10.543 GC heap after
{Heap after GC invocations=5 (full 0):
 PSYoungGen      total 29184K, used 4082K [0x00000000eab00000, 0x00000000ecd80000, 0x0000000100000000)
  eden space 25088K, 0% used [0x00000000eab00000,0x00000000eab00000,0x00000000ec380000)
  from space 4096K, 99% used [0x00000000ec400000,0x00000000ec7fcba8,0x00000000ec800000)
  to   space 5120K, 0% used [0x00000000ec880000,0x00000000ec880000,0x00000000ecd80000)
 ParOldGen       total 68608K, used 4785K [0x00000000c0000000, 0x00000000c4300000, 0x00000000eab00000)
  object space 68608K, 6% used [0x00000000c0000000,0x00000000c04ac688,0x00000000c4300000)
 Metaspace       used 20289K, committed 20928K, reserved 1114112K
  class space    used 1941K, committed 2176K, reserved 1048576K
}
Event: 10.920 GC heap before
{Heap before GC invocations=6 (full 0):
 PSYoungGen      total 29184K, used 9210K [0x00000000eab00000, 0x00000000ecd80000, 0x0000000100000000)
  eden space 25088K, 20% used [0x00000000eab00000,0x00000000eb001fe0,0x00000000ec380000)
  from space 4096K, 99% used [0x00000000ec400000,0x00000000ec7fcba8,0x00000000ec800000)
  to   space 5120K, 0% used [0x00000000ec880000,0x00000000ec880000,0x00000000ecd80000)
 ParOldGen       total 68608K, used 4785K [0x00000000c0000000, 0x00000000c4300000, 0x00000000eab00000)
  object space 68608K, 6% used [0x00000000c0000000,0x00000000c04ac688,0x00000000c4300000)
 Metaspace       used 20886K, committed 21504K, reserved 1114112K
  class space    used 1982K, committed 2240K, reserved 1048576K
}
Event: 10.925 GC heap after
{Heap after GC invocations=6 (full 0):
 PSYoungGen      total 29696K, used 4187K [0x00000000eab00000, 0x00000000ecd00000, 0x0000000100000000)
  eden space 25088K, 0% used [0x00000000eab00000,0x00000000eab00000,0x00000000ec380000)
  from space 4608K, 90% used [0x00000000ec880000,0x00000000ecc96d50,0x00000000ecd00000)
  to   space 4608K, 0% used [0x00000000ec400000,0x00000000ec400000,0x00000000ec880000)
 ParOldGen       total 68608K, used 4785K [0x00000000c0000000, 0x00000000c4300000, 0x00000000eab00000)
  object space 68608K, 6% used [0x00000000c0000000,0x00000000c04ac688,0x00000000c4300000)
 Metaspace       used 20886K, committed 21504K, reserved 1114112K
  class space    used 1982K, committed 2240K, reserved 1048576K
}
Event: 10.925 GC heap before
{Heap before GC invocations=7 (full 1):
 PSYoungGen      total 29696K, used 4187K [0x00000000eab00000, 0x00000000ecd00000, 0x0000000100000000)
  eden space 25088K, 0% used [0x00000000eab00000,0x00000000eab00000,0x00000000ec380000)
  from space 4608K, 90% used [0x00000000ec880000,0x00000000ecc96d50,0x00000000ecd00000)
  to   space 4608K, 0% used [0x00000000ec400000,0x00000000ec400000,0x00000000ec880000)
 ParOldGen       total 68608K, used 4785K [0x00000000c0000000, 0x00000000c4300000, 0x00000000eab00000)
  object space 68608K, 6% used [0x00000000c0000000,0x00000000c04ac688,0x00000000c4300000)
 Metaspace       used 20886K, committed 21504K, reserved 1114112K
  class space    used 1982K, committed 2240K, reserved 1048576K
}
Event: 10.967 GC heap after
{Heap after GC invocations=7 (full 1):
 PSYoungGen      total 29696K, used 0K [0x00000000eab00000, 0x00000000ecd00000, 0x0000000100000000)
  eden space 25088K, 0% used [0x00000000eab00000,0x00000000eab00000,0x00000000ec380000)
  from space 4608K, 0% used [0x00000000ec880000,0x00000000ec880000,0x00000000ecd00000)
  to   space 4608K, 0% used [0x00000000ec400000,0x00000000ec400000,0x00000000ec880000)
 ParOldGen       total 68608K, used 8438K [0x00000000c0000000, 0x00000000c4300000, 0x00000000eab00000)
  object space 68608K, 12% used [0x00000000c0000000,0x00000000c083da70,0x00000000c4300000)
 Metaspace       used 20873K, committed 21504K, reserved 1114112K
  class space    used 1978K, committed 2240K, reserved 1048576K
}
Event: 21.580 GC heap before
{Heap before GC invocations=8 (full 1):
 PSYoungGen      total 29696K, used 25088K [0x00000000eab00000, 0x00000000ecd00000, 0x0000000100000000)
  eden space 25088K, 100% used [0x00000000eab00000,0x00000000ec380000,0x00000000ec380000)
  from space 4608K, 0% used [0x00000000ec880000,0x00000000ec880000,0x00000000ecd00000)
  to   space 4608K, 0% used [0x00000000ec400000,0x00000000ec400000,0x00000000ec880000)
 ParOldGen       total 68608K, used 8438K [0x00000000c0000000, 0x00000000c4300000, 0x00000000eab00000)
  object space 68608K, 12% used [0x00000000c0000000,0x00000000c083da70,0x00000000c4300000)
 Metaspace       used 22761K, committed 23488K, reserved 1114112K
  class space    used 2118K, committed 2432K, reserved 1048576K
}
Event: 21.589 GC heap after
{Heap after GC invocations=8 (full 1):
 PSYoungGen      total 27648K, used 2858K [0x00000000eab00000, 0x00000000eca00000, 0x0000000100000000)
  eden space 24576K, 0% used [0x00000000eab00000,0x00000000eab00000,0x00000000ec300000)
  from space 3072K, 93% used [0x00000000ec400000,0x00000000ec6ca920,0x00000000ec700000)
  to   space 3072K, 0% used [0x00000000ec700000,0x00000000ec700000,0x00000000eca00000)
 ParOldGen       total 68608K, used 8446K [0x00000000c0000000, 0x00000000c4300000, 0x00000000eab00000)
  object space 68608K, 12% used [0x00000000c0000000,0x00000000c083fa70,0x00000000c4300000)
 Metaspace       used 22761K, committed 23488K, reserved 1114112K
  class space    used 2118K, committed 2432K, reserved 1048576K
}
Event: 24.851 GC heap before
{Heap before GC invocations=9 (full 1):
 PSYoungGen      total 27648K, used 27434K [0x00000000eab00000, 0x00000000eca00000, 0x0000000100000000)
  eden space 24576K, 100% used [0x00000000eab00000,0x00000000ec300000,0x00000000ec300000)
  from space 3072K, 93% used [0x00000000ec400000,0x00000000ec6ca920,0x00000000ec700000)
  to   space 3072K, 0% used [0x00000000ec700000,0x00000000ec700000,0x00000000eca00000)
 ParOldGen       total 68608K, used 8446K [0x00000000c0000000, 0x00000000c4300000, 0x00000000eab00000)
  object space 68608K, 12% used [0x00000000c0000000,0x00000000c083fa70,0x00000000c4300000)
 Metaspace       used 26608K, committed 27392K, reserved 1114112K
  class space    used 2549K, committed 2880K, reserved 1048576K
}
Event: 24.858 GC heap after
{Heap after GC invocations=9 (full 1):
 PSYoungGen      total 26624K, used 3044K [0x00000000eab00000, 0x00000000ecc80000, 0x0000000100000000)
  eden space 23552K, 0% used [0x00000000eab00000,0x00000000eab00000,0x00000000ec200000)
  from space 3072K, 99% used [0x00000000ec700000,0x00000000ec9f9308,0x00000000eca00000)
  to   space 5120K, 0% used [0x00000000ec200000,0x00000000ec200000,0x00000000ec700000)
 ParOldGen       total 68608K, used 9833K [0x00000000c0000000, 0x00000000c4300000, 0x00000000eab00000)
  object space 68608K, 14% used [0x00000000c0000000,0x00000000c099a4a0,0x00000000c4300000)
 Metaspace       used 26608K, committed 27392K, reserved 1114112K
  class space    used 2549K, committed 2880K, reserved 1048576K
}
Event: 30.135 GC heap before
{Heap before GC invocations=10 (full 1):
 PSYoungGen      total 26624K, used 26559K [0x00000000eab00000, 0x00000000ecc80000, 0x0000000100000000)
  eden space 23552K, 99% used [0x00000000eab00000,0x00000000ec1f6ca8,0x00000000ec200000)
  from space 3072K, 99% used [0x00000000ec700000,0x00000000ec9f9308,0x00000000eca00000)
  to   space 5120K, 0% used [0x00000000ec200000,0x00000000ec200000,0x00000000ec700000)
 ParOldGen       total 68608K, used 9833K [0x00000000c0000000, 0x00000000c4300000, 0x00000000eab00000)
  object space 68608K, 14% used [0x00000000c0000000,0x00000000c099a4a0,0x00000000c4300000)
 Metaspace       used 30213K, committed 31104K, reserved 1114112K
  class space    used 2942K, committed 3328K, reserved 1048576K
}
Event: 30.140 GC heap after
{Heap after GC invocations=10 (full 1):
 PSYoungGen      total 28160K, used 4640K [0x00000000eab00000, 0x00000000ecb80000, 0x0000000100000000)
  eden space 23040K, 0% used [0x00000000eab00000,0x00000000eab00000,0x00000000ec180000)
  from space 5120K, 90% used [0x00000000ec200000,0x00000000ec6883b0,0x00000000ec700000)
  to   space 4608K, 0% used [0x00000000ec700000,0x00000000ec700000,0x00000000ecb80000)
 ParOldGen       total 68608K, used 9841K [0x00000000c0000000, 0x00000000c4300000, 0x00000000eab00000)
  object space 68608K, 14% used [0x00000000c0000000,0x00000000c099c4a0,0x00000000c4300000)
 Metaspace       used 30213K, committed 31104K, reserved 1114112K
  class space    used 2942K, committed 3328K, reserved 1048576K
}

Dll operation events (10 events):
Event: 0.065 Loaded shared library c:\Users\palak\.vscode\extensions\redhat.java-1.40.0-win32-x64\jre\21.0.6-win32-x86_64\bin\java.dll
Event: 0.666 Loaded shared library c:\Users\palak\.vscode\extensions\redhat.java-1.40.0-win32-x64\jre\21.0.6-win32-x86_64\bin\zip.dll
Event: 0.718 Loaded shared library C:\Users\palak\.vscode\extensions\redhat.java-1.40.0-win32-x64\jre\21.0.6-win32-x86_64\bin\instrument.dll
Event: 0.731 Loaded shared library C:\Users\palak\.vscode\extensions\redhat.java-1.40.0-win32-x64\jre\21.0.6-win32-x86_64\bin\net.dll
Event: 0.735 Loaded shared library C:\Users\palak\.vscode\extensions\redhat.java-1.40.0-win32-x64\jre\21.0.6-win32-x86_64\bin\nio.dll
Event: 0.742 Loaded shared library C:\Users\palak\.vscode\extensions\redhat.java-1.40.0-win32-x64\jre\21.0.6-win32-x86_64\bin\zip.dll
Event: 0.821 Loaded shared library C:\Users\palak\.vscode\extensions\redhat.java-1.40.0-win32-x64\jre\21.0.6-win32-x86_64\bin\jimage.dll
Event: 1.047 Loaded shared library c:\Users\palak\.vscode\extensions\redhat.java-1.40.0-win32-x64\jre\21.0.6-win32-x86_64\bin\verify.dll
Event: 4.593 Loaded shared library C:\Users\palak\AppData\Roaming\Code\User\globalStorage\redhat.java\1.40.0\config_ss_win\org.eclipse.equinox.launcher\org.eclipse.equinox.launcher.win32.win32.x86_64_1.2.1200.v20250212-0927\eclipse_11909.dll
Event: 6.874 Loaded shared library C:\Users\palak\AppData\Local\Temp\jna-106430981\jna7656034755073254449.dll

Deoptimization events (20 events):
Event: 31.733 Thread 0x000001927774fda0 Uncommon trap: trap_request=0xffffff45 fr.pc=0x000001926d3f9b48 relative=0x0000000000000968
Event: 31.733 Thread 0x000001927774fda0 Uncommon trap: reason=unstable_if action=reinterpret pc=0x000001926d3f9b48 method=java.util.concurrent.ConcurrentHashMap.putVal(Ljava/lang/Object;Ljava/lang/Object;Z)Ljava/lang/Object; @ 97 c2
Event: 31.733 Thread 0x000001927774fda0 DEOPT PACKING pc=0x000001926d3f9b48 sp=0x0000002b7d5fd1d0
Event: 31.733 Thread 0x000001927774fda0 DEOPT UNPACKING pc=0x000001926cd93aa2 sp=0x0000002b7d5fd158 mode 2
Event: 31.747 Thread 0x000001927774d640 Uncommon trap: trap_request=0xffffffbe fr.pc=0x000001926d43ed18 relative=0x0000000000000a38
Event: 31.747 Thread 0x000001927774d640 Uncommon trap: reason=profile_predicate action=maybe_recompile pc=0x000001926d43ed18 method=java.util.TreeMap.put(Ljava/lang/Object;Ljava/lang/Object;Z)Ljava/lang/Object; @ 27 c2
Event: 31.747 Thread 0x000001927774f080 Uncommon trap: trap_request=0xffffffbe fr.pc=0x000001926d43ed18 relative=0x0000000000000a38
Event: 31.747 Thread 0x000001927774d640 DEOPT PACKING pc=0x000001926d43ed18 sp=0x0000002b7d6fc9c0
Event: 31.747 Thread 0x000001927774f080 Uncommon trap: reason=profile_predicate action=maybe_recompile pc=0x000001926d43ed18 method=java.util.TreeMap.put(Ljava/lang/Object;Ljava/lang/Object;Z)Ljava/lang/Object; @ 27 c2
Event: 31.747 Thread 0x000001927774f080 DEOPT PACKING pc=0x000001926d43ed18 sp=0x0000002b7d4fc0f0
Event: 31.747 Thread 0x000001927774f080 DEOPT UNPACKING pc=0x000001926cd93aa2 sp=0x0000002b7d4fc0a0 mode 2
Event: 31.747 Thread 0x000001927774d640 DEOPT UNPACKING pc=0x000001926cd93aa2 sp=0x0000002b7d6fc970 mode 2
Event: 31.760 Thread 0x000001927774d640 Uncommon trap: trap_request=0xffffff45 fr.pc=0x000001926d44fa18 relative=0x0000000000000078
Event: 31.760 Thread 0x000001927774d640 Uncommon trap: reason=unstable_if action=reinterpret pc=0x000001926d44fa18 method=java.lang.invoke.LambdaForm$BasicType.basicType(C)Ljava/lang/invoke/LambdaForm$BasicType; @ 1 c2
Event: 31.760 Thread 0x000001927774d640 DEOPT PACKING pc=0x000001926d44fa18 sp=0x0000002b7d6fc160
Event: 31.760 Thread 0x000001927774d640 DEOPT UNPACKING pc=0x000001926cd93aa2 sp=0x0000002b7d6fc0f8 mode 2
Event: 31.779 Thread 0x000001927774d640 Uncommon trap: trap_request=0xffffff45 fr.pc=0x000001926d49eb60 relative=0x00000000000001a0
Event: 31.779 Thread 0x000001927774d640 Uncommon trap: reason=unstable_if action=reinterpret pc=0x000001926d49eb60 method=jdk.internal.jrtfs.JrtPath.normalize(Ljava/lang/String;)Ljava/lang/String; @ 78 c2
Event: 31.779 Thread 0x000001927774d640 DEOPT PACKING pc=0x000001926d49eb60 sp=0x0000002b7d6fd990
Event: 31.779 Thread 0x000001927774d640 DEOPT UNPACKING pc=0x000001926cd93aa2 sp=0x0000002b7d6fd910 mode 2

Classes loaded (20 events):
Event: 31.513 Loading class java/nio/file/FileTreeWalker$Event
Event: 31.514 Loading class java/nio/file/FileTreeWalker$Event done
Event: 31.514 Loading class java/nio/file/FileTreeWalker$EventType
Event: 31.514 Loading class java/nio/file/FileTreeWalker$EventType done
Event: 31.514 Loading class java/nio/file/Files$3
Event: 31.524 Loading class java/nio/file/Files$3 done
Event: 31.528 Loading class java/nio/file/FileVisitResult
Event: 31.528 Loading class java/nio/file/FileVisitResult done
Event: 31.737 Loading class java/lang/runtime/ObjectMethods
Event: 31.738 Loading class java/lang/runtime/ObjectMethods done
Event: 31.743 Loading class java/lang/invoke/MethodHandleImpl$Makers
Event: 31.743 Loading class java/lang/invoke/MethodHandleImpl$Makers done
Event: 31.743 Loading class java/lang/invoke/MethodHandleImpl$Makers$1
Event: 31.744 Loading class java/lang/invoke/MethodHandleImpl$Makers$1 done
Event: 31.744 Loading class java/lang/invoke/MethodHandleImpl$Makers$2
Event: 31.744 Loading class java/lang/invoke/MethodHandleImpl$Makers$2 done
Event: 31.744 Loading class java/lang/invoke/MethodHandleImpl$Makers$3
Event: 31.744 Loading class java/lang/invoke/MethodHandleImpl$Makers$3 done
Event: 31.750 Loading class java/lang/runtime/ObjectMethods$1
Event: 31.751 Loading class java/lang/runtime/ObjectMethods$1 done

Classes unloaded (7 events):
Event: 10.932 Thread 0x000001927694f690 Unloading class 0x000001920117b000 'java/lang/invoke/LambdaForm$MH+0x000001920117b000'
Event: 10.932 Thread 0x000001927694f690 Unloading class 0x000001920117ac00 'java/lang/invoke/LambdaForm$MH+0x000001920117ac00'
Event: 10.932 Thread 0x000001927694f690 Unloading class 0x000001920117a800 'java/lang/invoke/LambdaForm$MH+0x000001920117a800'
Event: 10.932 Thread 0x000001927694f690 Unloading class 0x000001920117a400 'java/lang/invoke/LambdaForm$MH+0x000001920117a400'
Event: 10.932 Thread 0x000001927694f690 Unloading class 0x000001920117a000 'java/lang/invoke/LambdaForm$BMH+0x000001920117a000'
Event: 10.932 Thread 0x000001927694f690 Unloading class 0x0000019201179c00 'java/lang/invoke/LambdaForm$DMH+0x0000019201179c00'
Event: 10.932 Thread 0x000001927694f690 Unloading class 0x0000019201178800 'java/lang/invoke/LambdaForm$DMH+0x0000019201178800'

Classes redefined (0 events):
No events

Internal exceptions (20 events):
Event: 27.801 Thread 0x000001927774f080 Exception <a 'java/io/FileNotFoundException'{0x00000000ebc604c8}> (0x00000000ebc604c8) 
thrown [s\src\hotspot\share\prims\jni.cpp, line 520]
Event: 28.754 Thread 0x000001927774f080 Exception <a 'sun/nio/fs/WindowsException'{0x00000000ebddc5a0}> (0x00000000ebddc5a0) 
thrown [s\src\hotspot\share\prims\jni.cpp, line 520]
Event: 29.330 Thread 0x000001927774f080 Exception <a 'java/lang/IncompatibleClassChangeError'{0x00000000ec0ef458}: Found class java.lang.Object, but interface was expected> (0x00000000ec0ef458) 
thrown [s\src\hotspot\share\interpreter\linkResolver.cpp, line 840]
Event: 30.030 Thread 0x000001927774f080 Exception <a 'java/lang/IncompatibleClassChangeError'{0x00000000ec188a30}: Found class java.lang.Object, but interface was expected> (0x00000000ec188a30) 
thrown [s\src\hotspot\share\interpreter\linkResolver.cpp, line 840]
Event: 31.039 Thread 0x000001927774d640 Implicit null exception at 0x000001926d452b77 to 0x000001926d452de8
Event: 31.063 Thread 0x000001927774d640 Exception <a 'java/lang/NoSuchMethodError'{0x00000000eaee11e0}: 'java.lang.Object java.lang.invoke.DelegatingMethodHandle$Holder.reinvoke_L(java.lang.Object, int, long, java.lang.Object, java.lang.Object, int, java.lang.Object)'> (0x00000000eaee11e0) 
thrown [s\src\hotspot\share\interpreter\linkResolver.cpp, line 773]
Event: 31.738 Thread 0x000001927774d640 Exception <a 'java/lang/NoSuchMethodError'{0x00000000eb4bab90}: 'java.lang.Object java.lang.invoke.DirectMethodHandle$Holder.invokeStaticInit(java.lang.Object, java.lang.Object, java.lang.Object, java.lang.Object, java.lang.Object, java.lang.Object, java.lang.Object)'> (0x00000000eb4bab90) 
thrown [s\src\hotspot\share\interpreter\linkResolver.cpp, line 773]
Event: 31.738 Thread 0x000001927774f080 Exception <a 'java/lang/NoSuchMethodError'{0x00000000eb48d0f8}: 'java.lang.Object java.lang.invoke.DirectMethodHandle$Holder.invokeStaticInit(java.lang.Object, java.lang.Object, java.lang.Object, java.lang.Object, java.lang.Object, java.lang.Object, java.lang.Object)'> (0x00000000eb48d0f8) 
thrown [s\src\hotspot\share\interpreter\linkResolver.cpp, line 773]
Event: 31.739 Thread 0x000001927774fda0 Exception <a 'java/lang/NoSuchMethodError'{0x00000000eb4b07f0}: 'java.lang.Object java.lang.invoke.DirectMethodHandle$Holder.invokeStaticInit(java.lang.Object, java.lang.Object, java.lang.Object, java.lang.Object, java.lang.Object, java.lang.Object, java.lang.Object)'> (0x00000000eb4b07f0) 
thrown [s\src\hotspot\share\interpreter\linkResolver.cpp, line 773]
Event: 31.739 Thread 0x000001927774fda0 Exception <a 'java/lang/NoSuchMethodError'{0x00000000eb4b48b0}: 'java.lang.Object java.lang.invoke.Invokers$Holder.invoke_MT(java.lang.Object, java.lang.Object, java.lang.Object, java.lang.Object, java.lang.Object, java.lang.Object, java.lang.Object, java.lang.Object, java.lang.Object, java.lang.Object)'> (0x00000000eb4b48b0) 
thrown [s\src\hotspot\share\interpreter\linkResolver.cpp, line 773]
Event: 31.739 Thread 0x000001927774f080 Exception <a 'java/lang/NoSuchMethodError'{0x00000000eb492050}: 'java.lang.Object java.lang.invoke.Invokers$Holder.invoke_MT(java.lang.Object, java.lang.Object, java.lang.Object, java.lang.Object, java.lang.Object, java.lang.Object, java.lang.Object, java.lang.Object, java.lang.Object, java.lang.Object)'> (0x00000000eb492050) 
thrown [s\src\hotspot\share\interpreter\linkResolver.cpp, line 773]
Event: 31.751 Thread 0x000001927774d640 Exception <a 'java/lang/NoSuchMethodError'{0x00000000eb539fc0}: 'int java.lang.invoke.DirectMethodHandle$Holder.invokeVirtual(java.lang.Object, java.lang.Object, java.lang.Object)'> (0x00000000eb539fc0) 
thrown [s\src\hotspot\share\interpreter\linkResolver.cpp, line 773]
Event: 31.752 Thread 0x000001927774d640 Exception <a 'java/lang/NoSuchMethodError'{0x00000000eb53e368}: 'int java.lang.invoke.DirectMethodHandle$Holder.invokeStaticInit(java.lang.Object, int, int)'> (0x00000000eb53e368) 
thrown [s\src\hotspot\share\interpreter\linkResolver.cpp, line 773]
Event: 31.756 Thread 0x000001927774d640 Exception <a 'java/lang/NoSuchMethodError'{0x00000000eb545e58}: 'int java.lang.invoke.DirectMethodHandle$Holder.invokeStaticInit(java.lang.Object, long, long)'> (0x00000000eb545e58) 
thrown [s\src\hotspot\share\interpreter\linkResolver.cpp, line 773]
Event: 31.764 Thread 0x000001927774d640 Exception <a 'java/lang/NoSuchMethodError'{0x00000000eb54ce00}: 'int java.lang.invoke.DirectMethodHandle$Holder.invokeStaticInit(java.lang.Object, float, float)'> (0x00000000eb54ce00) 
thrown [s\src\hotspot\share\interpreter\linkResolver.cpp, line 773]
Event: 31.765 Thread 0x000001927774d640 Exception <a 'java/lang/NoSuchMethodError'{0x00000000eb553b40}: 'int java.lang.invoke.DirectMethodHandle$Holder.invokeStaticInit(java.lang.Object, double, double)'> (0x00000000eb553b40) 
thrown [s\src\hotspot\share\interpreter\linkResolver.cpp, line 773]
Event: 31.766 Thread 0x000001927774d640 Exception <a 'java/lang/NoSuchMethodError'{0x00000000eb5585d8}: 'int java.lang.invoke.DirectMethodHandle$Holder.invokeStatic(java.lang.Object, long)'> (0x00000000eb5585d8) 
thrown [s\src\hotspot\share\interpreter\linkResolver.cpp, line 773]
Event: 31.771 Thread 0x000001927774d640 Exception <a 'java/lang/NoSuchMethodError'{0x00000000eb565398}: 'int java.lang.invoke.DirectMethodHandle$Holder.invokeSpecial(java.lang.Object, java.lang.Object, int, int)'> (0x00000000eb565398) 
thrown [s\src\hotspot\share\interpreter\linkResolver.cpp, line 773]
Event: 31.773 Thread 0x000001927774d640 Exception <a 'java/lang/NoSuchMethodError'{0x00000000eb56c418}: 'int java.lang.invoke.Invokers$Holder.linkToTargetMethod(java.lang.Object, java.lang.Object)'> (0x00000000eb56c418) 
thrown [s\src\hotspot\share\interpreter\linkResolver.cpp, line 773]
Event: 31.773 Thread 0x000001927774f080 Exception <a 'java/lang/NoSuchMethodError'{0x00000000eb51b998}: 'int java.lang.invoke.Invokers$Holder.linkToTargetMethod(java.lang.Object, java.lang.Object)'> (0x00000000eb51b998) 
thrown [s\src\hotspot\share\interpreter\linkResolver.cpp, line 773]

ZGC Phase Switch (0 events):
No events

VM Operations (20 events):
Event: 25.859 Executing VM operation: Cleanup
Event: 25.875 Executing VM operation: Cleanup done
Event: 26.881 Executing VM operation: Cleanup
Event: 26.897 Executing VM operation: Cleanup done
Event: 27.733 Executing VM operation: HandshakeAllThreads (Deoptimize)
Event: 27.733 Executing VM operation: HandshakeAllThreads (Deoptimize) done
Event: 28.735 Executing VM operation: Cleanup
Event: 28.751 Executing VM operation: Cleanup done
Event: 30.134 Executing VM operation: ParallelGCFailedAllocation (Allocation Failure)
Event: 30.140 Executing VM operation: ParallelGCFailedAllocation (Allocation Failure) done
Event: 30.673 Executing VM operation: HandshakeAllThreads (Deoptimize)
Event: 30.673 Executing VM operation: HandshakeAllThreads (Deoptimize) done
Event: 30.748 Executing VM operation: HandshakeAllThreads (Deoptimize)
Event: 30.748 Executing VM operation: HandshakeAllThreads (Deoptimize) done
Event: 31.249 Executing VM operation: HandshakeAllThreads (Deoptimize)
Event: 31.249 Executing VM operation: HandshakeAllThreads (Deoptimize) done
Event: 31.249 Executing VM operation: Cleanup
Event: 31.249 Executing VM operation: Cleanup done
Event: 31.254 Executing VM operation: HandshakeAllThreads (Deoptimize)
Event: 31.254 Executing VM operation: HandshakeAllThreads (Deoptimize) done

Memory protections (0 events):
No events

Nmethod flushes (0 events):
No events

Events (20 events):
Event: 6.596 Thread 0x000001927ca51fa0 Thread exited: 0x000001927ca51fa0
Event: 7.072 Thread 0x000001927c501140 Thread added: 0x000001927774bc00
Event: 7.183 Thread 0x000001927c501140 Thread added: 0x000001927774a1c0
Event: 7.466 Thread 0x000001927c501140 Thread added: 0x000001927774c290
Event: 7.669 Thread 0x000001927774c290 Thread added: 0x00000192777494a0
Event: 12.073 Thread 0x000001927c501140 Thread added: 0x000001927774a850
Event: 21.698 Thread 0x000001927c501e60 Thread exited: 0x000001927c501e60
Event: 22.982 Thread 0x000001927774a850 Thread exited: 0x000001927774a850
Event: 24.240 Thread 0x0000019276964f40 Thread added: 0x000001927cb25090
Event: 24.370 Thread 0x000001927cb25090 Thread exited: 0x000001927cb25090
Event: 24.390 Thread 0x0000019262620220 Thread added: 0x000001927774aee0
Event: 24.407 Thread 0x0000019262620220 Thread added: 0x000001927774a850
Event: 24.415 Thread 0x0000019262620220 Thread added: 0x000001927774b570
Event: 24.421 Thread 0x0000019262620220 Thread added: 0x0000019277748e10
Event: 24.427 Thread 0x0000019262620220 Thread added: 0x000001927774c920
Event: 24.528 Thread 0x0000019262620220 Thread added: 0x000001927774cfb0
Event: 25.942 Thread 0x0000019262620220 Thread added: 0x0000019277749b30
Event: 25.947 Thread 0x0000019262620220 Thread added: 0x000001927774f080
Event: 30.128 Thread 0x000001927774f080 Thread added: 0x000001927774fda0
Event: 30.234 Thread 0x000001927774f080 Thread added: 0x000001927774d640


Dynamic libraries:
0x00007ff7d55b0000 - 0x00007ff7d55be000 	c:\Users\palak\.vscode\extensions\redhat.java-1.40.0-win32-x64\jre\21.0.6-win32-x86_64\bin\java.exe
0x00007ffc51e00000 - 0x00007ffc52063000 	C:\WINDOWS\SYSTEM32\ntdll.dll
0x00007ffc50cb0000 - 0x00007ffc50d77000 	C:\WINDOWS\System32\KERNEL32.DLL
0x00007ffc4f200000 - 0x00007ffc4f5c9000 	C:\WINDOWS\System32\KERNELBASE.dll
0x00007ffc4fad0000 - 0x00007ffc4fc1c000 	C:\WINDOWS\System32\ucrtbase.dll
0x00007ffc378b0000 - 0x00007ffc378c8000 	c:\Users\palak\.vscode\extensions\redhat.java-1.40.0-win32-x64\jre\21.0.6-win32-x86_64\bin\jli.dll
0x00007ffc51630000 - 0x00007ffc517fa000 	C:\WINDOWS\System32\USER32.dll
0x00007ffc4f000000 - 0x00007ffc4f027000 	C:\WINDOWS\System32\win32u.dll
0x00007ffc512f0000 - 0x00007ffc5131a000 	C:\WINDOWS\System32\GDI32.dll
0x00007ffc4f030000 - 0x00007ffc4f161000 	C:\WINDOWS\System32\gdi32full.dll
0x00007ffc4f690000 - 0x00007ffc4f733000 	C:\WINDOWS\System32\msvcp_win.dll
0x00007ffc22720000 - 0x00007ffc2273e000 	c:\Users\palak\.vscode\extensions\redhat.java-1.40.0-win32-x64\jre\21.0.6-win32-x86_64\bin\VCRUNTIME140.dll
0x00007ffc2f9a0000 - 0x00007ffc2fc30000 	C:\WINDOWS\WinSxS\amd64_microsoft.windows.common-controls_6595b64144ccf1df_6.0.26100.3323_none_3e088096e3344490\COMCTL32.dll
0x00007ffc51c40000 - 0x00007ffc51ce9000 	C:\WINDOWS\System32\msvcrt.dll
0x00007ffc51d80000 - 0x00007ffc51daf000 	C:\WINDOWS\System32\IMM32.DLL
0x00007ffc24f00000 - 0x00007ffc24f0c000 	c:\Users\palak\.vscode\extensions\redhat.java-1.40.0-win32-x64\jre\21.0.6-win32-x86_64\bin\vcruntime140_1.dll
0x00007ffbf2550000 - 0x00007ffbf25dd000 	c:\Users\palak\.vscode\extensions\redhat.java-1.40.0-win32-x64\jre\21.0.6-win32-x86_64\bin\msvcp140.dll
0x00007ffbb44b0000 - 0x00007ffbb5240000 	c:\Users\palak\.vscode\extensions\redhat.java-1.40.0-win32-x64\jre\21.0.6-win32-x86_64\bin\server\jvm.dll
0x00007ffc51a20000 - 0x00007ffc51ad2000 	C:\WINDOWS\System32\ADVAPI32.dll
0x00007ffc513a0000 - 0x00007ffc51446000 	C:\WINDOWS\System32\sechost.dll
0x00007ffc4fc30000 - 0x00007ffc4fd46000 	C:\WINDOWS\System32\RPCRT4.dll
0x00007ffc50d80000 - 0x00007ffc50df4000 	C:\WINDOWS\System32\WS2_32.dll
0x00007ffc4ee90000 - 0x00007ffc4eede000 	C:\WINDOWS\SYSTEM32\POWRPROF.dll
0x00007ffc488d0000 - 0x00007ffc48906000 	C:\WINDOWS\SYSTEM32\WINMM.dll
0x00007ffc48910000 - 0x00007ffc4891b000 	C:\WINDOWS\SYSTEM32\VERSION.dll
0x00007ffc4ee70000 - 0x00007ffc4ee84000 	C:\WINDOWS\SYSTEM32\UMPDC.dll
0x00007ffc4de20000 - 0x00007ffc4de3a000 	C:\WINDOWS\SYSTEM32\kernel.appcore.dll
0x00007ffc249b0000 - 0x00007ffc249ba000 	c:\Users\palak\.vscode\extensions\redhat.java-1.40.0-win32-x64\jre\21.0.6-win32-x86_64\bin\jimage.dll
0x00007ffc3fc90000 - 0x00007ffc3fed1000 	C:\WINDOWS\SYSTEM32\DBGHELP.DLL
0x00007ffc50f60000 - 0x00007ffc512e2000 	C:\WINDOWS\System32\combase.dll
0x00007ffc4ffb0000 - 0x00007ffc50086000 	C:\WINDOWS\System32\OLEAUT32.dll
0x00007ffc32990000 - 0x00007ffc329c9000 	C:\WINDOWS\SYSTEM32\dbgcore.DLL
0x00007ffc4f8c0000 - 0x00007ffc4f959000 	C:\WINDOWS\System32\bcryptPrimitives.dll
0x00007ffc22710000 - 0x00007ffc2271f000 	c:\Users\palak\.vscode\extensions\redhat.java-1.40.0-win32-x64\jre\21.0.6-win32-x86_64\bin\instrument.dll
0x00007ffc1e990000 - 0x00007ffc1e9af000 	c:\Users\palak\.vscode\extensions\redhat.java-1.40.0-win32-x64\jre\21.0.6-win32-x86_64\bin\java.dll
0x00007ffc500e0000 - 0x00007ffc507f5000 	C:\WINDOWS\System32\SHELL32.dll
0x00007ffc4f960000 - 0x00007ffc4fac8000 	C:\WINDOWS\System32\wintypes.dll
0x00007ffc4cce0000 - 0x00007ffc4d525000 	C:\WINDOWS\SYSTEM32\windows.storage.dll
0x00007ffc51800000 - 0x00007ffc518eb000 	C:\WINDOWS\System32\SHCORE.dll
0x00007ffc51be0000 - 0x00007ffc51c3d000 	C:\WINDOWS\System32\shlwapi.dll
0x00007ffc4ef10000 - 0x00007ffc4ef3f000 	C:\WINDOWS\SYSTEM32\profapi.dll
0x00007ffc1e780000 - 0x00007ffc1e798000 	c:\Users\palak\.vscode\extensions\redhat.java-1.40.0-win32-x64\jre\21.0.6-win32-x86_64\bin\zip.dll
0x00007ffc21250000 - 0x00007ffc21260000 	C:\Users\palak\.vscode\extensions\redhat.java-1.40.0-win32-x64\jre\21.0.6-win32-x86_64\bin\net.dll
0x00007ffc43890000 - 0x00007ffc439ae000 	C:\WINDOWS\SYSTEM32\WINHTTP.dll
0x00007ffc4e340000 - 0x00007ffc4e3aa000 	C:\WINDOWS\system32\mswsock.dll
0x00007ffc1e760000 - 0x00007ffc1e776000 	C:\Users\palak\.vscode\extensions\redhat.java-1.40.0-win32-x64\jre\21.0.6-win32-x86_64\bin\nio.dll
0x00007ffc1fbd0000 - 0x00007ffc1fbe0000 	c:\Users\palak\.vscode\extensions\redhat.java-1.40.0-win32-x64\jre\21.0.6-win32-x86_64\bin\verify.dll
0x00007ffc0bd40000 - 0x00007ffc0bd85000 	C:\Users\palak\AppData\Roaming\Code\User\globalStorage\redhat.java\1.40.0\config_ss_win\org.eclipse.equinox.launcher\org.eclipse.equinox.launcher.win32.win32.x86_64_1.2.1200.v20250212-0927\eclipse_11909.dll
0x00007ffc51490000 - 0x00007ffc51625000 	C:\WINDOWS\System32\ole32.dll
0x00007ffc4e5e0000 - 0x00007ffc4e5fc000 	C:\WINDOWS\SYSTEM32\CRYPTSP.dll
0x00007ffc4dd80000 - 0x00007ffc4ddba000 	C:\WINDOWS\system32\rsaenh.dll
0x00007ffc4e3e0000 - 0x00007ffc4e40b000 	C:\WINDOWS\SYSTEM32\USERENV.dll
0x00007ffc4e820000 - 0x00007ffc4e846000 	C:\WINDOWS\SYSTEM32\bcrypt.dll
0x00007ffc4e600000 - 0x00007ffc4e60c000 	C:\WINDOWS\SYSTEM32\CRYPTBASE.dll
0x00007ffc4d820000 - 0x00007ffc4d853000 	C:\WINDOWS\SYSTEM32\IPHLPAPI.DLL
0x00007ffc50800000 - 0x00007ffc5080a000 	C:\WINDOWS\System32\NSI.dll
0x00007ffc2ef60000 - 0x00007ffc2efa9000 	C:\Users\palak\AppData\Local\Temp\jna-106430981\jna7656034755073254449.dll
0x00007ffc4fc20000 - 0x00007ffc4fc28000 	C:\WINDOWS\System32\PSAPI.DLL
0x00007ffc43860000 - 0x00007ffc4387f000 	C:\WINDOWS\SYSTEM32\dhcpcsvc6.DLL
0x00007ffc43830000 - 0x00007ffc43855000 	C:\WINDOWS\SYSTEM32\dhcpcsvc.DLL

dbghelp: loaded successfully - version: 4.0.5 - missing functions: none
symbol engine: initialized successfully - sym options: 0x614 - pdb path: .;c:\Users\palak\.vscode\extensions\redhat.java-1.40.0-win32-x64\jre\21.0.6-win32-x86_64\bin;C:\WINDOWS\SYSTEM32;C:\WINDOWS\WinSxS\amd64_microsoft.windows.common-controls_6595b64144ccf1df_6.0.26100.3323_none_3e088096e3344490;c:\Users\palak\.vscode\extensions\redhat.java-1.40.0-win32-x64\jre\21.0.6-win32-x86_64\bin\server;C:\Users\palak\AppData\Roaming\Code\User\globalStorage\redhat.java\1.40.0\config_ss_win\org.eclipse.equinox.launcher\org.eclipse.equinox.launcher.win32.win32.x86_64_1.2.1200.v20250212-0927;C:\Users\palak\AppData\Local\Temp\jna-106430981

VM Arguments:
jvm_args: --add-modules=ALL-SYSTEM --add-opens=java.base/java.util=ALL-UNNAMED --add-opens=java.base/java.lang=ALL-UNNAMED --add-opens=java.base/sun.nio.fs=ALL-UNNAMED -Declipse.application=org.eclipse.jdt.ls.core.id1 -Dosgi.bundles.defaultStartLevel=4 -Declipse.product=org.eclipse.jdt.ls.core.product -Djava.import.generatesMetadataFilesAtProjectRoot=false -DDetectVMInstallationsJob.disabled=true -Dfile.encoding=utf8 -XX:+UseParallelGC -XX:GCTimeRatio=4 -XX:AdaptiveSizePolicyWeight=90 -Dsun.zip.disableMemoryMapping=true -Xmx1G -Xms100m -Xlog:disable -javaagent:c:\Users\palak\.vscode\extensions\redhat.java-1.40.0-win32-x64\lombok\lombok-1.18.36.jar 
java_command: c:\Users\palak\.vscode\extensions\redhat.java-1.40.0-win32-x64\server\plugins\org.eclipse.equinox.launcher_1.6.1000.v20250131-0606.jar -configuration c:\Users\palak\AppData\Roaming\Code\User\globalStorage\redhat.java\1.40.0\config_ss_win -data c:\Users\palak\AppData\Roaming\Code\User\workspaceStorage\632f04cdbe9e26a6a5769c745b0508de\redhat.java\ss_ws --pipe=\\.\pipe\lsp-17e0eac560b25579b355f52f81334058-sock
java_class_path (initial): c:\Users\palak\.vscode\extensions\redhat.java-1.40.0-win32-x64\server\plugins\org.eclipse.equinox.launcher_1.6.1000.v20250131-0606.jar
Launcher Type: SUN_STANDARD

[Global flags]
    uintx AdaptiveSizePolicyWeight                 = 90                                        {product} {command line}
     intx CICompilerCount                          = 3                                         {product} {ergonomic}
    uintx GCTimeRatio                              = 4                                         {product} {command line}
   size_t InitialHeapSize                          = 104857600                                 {product} {command line}
   size_t MaxHeapSize                              = 1073741824                                {product} {command line}
   size_t MaxNewSize                               = 357564416                                 {product} {ergonomic}
   size_t MinHeapDeltaBytes                        = 524288                                    {product} {ergonomic}
   size_t MinHeapSize                              = 104857600                                 {product} {command line}
   size_t NewSize                                  = 34603008                                  {product} {ergonomic}
    uintx NonNMethodCodeHeapSize                   = 5832780                                {pd product} {ergonomic}
    uintx NonProfiledCodeHeapSize                  = 122912730                              {pd product} {ergonomic}
   size_t OldSize                                  = 70254592                                  {product} {ergonomic}
    uintx ProfiledCodeHeapSize                     = 122912730                              {pd product} {ergonomic}
    uintx ReservedCodeCacheSize                    = 251658240                              {pd product} {ergonomic}
     bool SegmentedCodeCache                       = true                                      {product} {ergonomic}
   size_t SoftMaxHeapSize                          = 1073741824                             {manageable} {ergonomic}
     bool UseCompressedOops                        = true                           {product lp64_product} {ergonomic}
     bool UseLargePagesIndividualAllocation        = false                                  {pd product} {ergonomic}
     bool UseParallelGC                            = true                                      {product} {command line}

Logging:
Log output configuration:
 #0: stdout all=off uptime,level,tags foldmultilines=false
 #1: stderr all=off uptime,level,tags foldmultilines=false

Environment Variables:
JAVA_HOME=C:\Users\palak\Downloads\java-21-openjdk-21.0.1.0.12-3.win.jdk.x86_64\java-21-openjdk-21.0.1.0.12-3.win.jdk.x86_64
PATH=C:\Program Files (x86)\Common Files\Oracle\Java\java8path;C:\Program Files (x86)\Common Files\Oracle\Java\javapath;C:\WINDOWS\system32;C:\WINDOWS;C:\WINDOWS\System32\Wbem;C:\WINDOWS\System32\WindowsPowerShell\v1.0\;C:\WINDOWS\System32\OpenSSH\;C:\Users\palak\Downloads\java-21-openjdk-21.0.1.0.12-3.win.jdk.x86_64\java-21-openjdk-21.0.1.0.12-3.win.jdk.x86_64\bin;C:\Users\palak\Downloads\apache-maven-3.9.8-bin\bin;c:\users\palak\appdata\local\packages\pythonsoftwarefoundation.python.3.11_qbz5n2kfra8p0\localcache\local-packages\python311\site-packages;C:\ProgramData\chocolatey\bin;C:\Program Files\nodejs\;C:\Users\palak\AppData\Local\Programs\Python\Python312\Scripts;C:\Program Files\Git\cmd;C:\Users\palak\Downloads\flutter_windows_3.27.3-stable\flutter\bin;C:\Users\palak\AppData\Local\Android\Sdk\cmdline-tools\latest\bin;C:\Users\palak\AppData\Local\Android\Sdk\platform-tools;C:\ffmpeg;C:\Program Files\MongoDB\Server\8.0\bin;C:\Users\palak\AppData\Local\Programs\Python\Python313\Scripts\;C:\Users\palak\AppData\Local\Programs\Python\Python313\;C:\Users\palak\AppData\Local\Programs\Python\Python312\Scripts\;C:\Users\palak\AppData\Local\Programs\Python\Python312\;C:\Users\palak\AppData\Local\Programs\Python\Launcher\;C:\Program Files\MySQL\MySQL Shell 8.0\bin\;C:\Users\palak\AppData\Local\Microsoft\WindowsApps;C:\Users\palak\AppData\Local\Programs\Microsoft VS Code\bin;C:\Program Files\JetBrains\IntelliJ IDEA Community Edition 2023.3.3\bin;C:\Users\palak\AppData\Local\JetBrains\CLion 2023.3.4\bin;C:\Program Files\JetBrains\PyCharm 2024.1.2\bin;C:\Program Files\JetBrains\PyCharm Community Edition 2024.1.4\bin;C:\Users\palak\AppData\Local\JetBrains\Toolbox\scripts;C:\Users\palak\AppData\Roaming\npm;C:\Users\palak\AppData\Local\GitHubDesktop\bin;C:\Users\palak\AppData\Local\Microsoft\WindowsApps;
USERNAME=palak
OS=Windows_NT
PROCESSOR_IDENTIFIER=AMD64 Family 23 Model 24 Stepping 1, AuthenticAMD
TMP=C:\Users\palak\AppData\Local\Temp
TEMP=C:\Users\palak\AppData\Local\Temp




Periodic native trim disabled

---------------  S Y S T E M  ---------------

OS:
 Windows 11 , 64 bit Build 26100 (10.0.26100.3323)
OS uptime: 1 days 0:06 hours

CPU: total 4 (initial active 4) (4 cores per cpu, 2 threads per core) family 23 model 24 stepping 1 microcode 0x8108109, cx8, cmov, fxsr, ht, mmx, 3dnowpref, sse, sse2, sse3, ssse3, sse4a, sse4.1, sse4.2, popcnt, lzcnt, tsc, tscinvbit, avx, avx2, aes, clmul, bmi1, bmi2, adx, sha, fma, vzeroupper, clflush, clflushopt, rdtscp, f16c
Processor Information for the first 4 processors :
  Max Mhz: 2600, Current Mhz: 2600, Mhz Limit: 2600

Memory: 4k page, system-wide physical 6086M (695M free)
TotalPageFile size 14278M (AvailPageFile size 1M)
current process WorkingSet (physical memory assigned to process): 154M, peak: 154M
current process commit charge ("private bytes"): 235M, peak: 236M

vm_info: OpenJDK 64-Bit Server VM (21.0.6+7-LTS) for windows-amd64 JRE (21.0.6+7-LTS), built on 2025-01-21T00:00:00Z by "admin" with MS VC++ 17.7 (VS2022)

END.
