#
# There is insufficient memory for the Java Runtime Environment to continue.
# Native memory allocation (malloc) failed to allocate 120816 bytes. Error detail: Chunk::new
# Possible reasons:
#   The system is out of physical RAM or swap space
#   This process is running with CompressedOops enabled, and the Java Heap may be blocking the growth of the native heap
# Possible solutions:
#   Reduce memory load on the system
#   Increase physical memory or swap space
#   Check if swap backing store is full
#   Decrease Java heap size (-Xmx/-Xms)
#   Decrease number of Java threads
#   Decrease Java thread stack sizes (-Xss)
#   Set larger code cache with -XX:ReservedCodeCacheSize=
#   JVM is running with Unscaled Compressed Oops mode in which the Java heap is
#     placed in the first 4GB address space. The Java Heap base address is the
#     maximum limit for the native heap growth. Please use -XX:HeapBaseMinAddress
#     to set the Java Heap base and to place the Java Heap above 4GB virtual address.
# This output file may be truncated or incomplete.
#
#  Out of Memory Error (arena.cpp:168), pid=15424, tid=17184
#
# JRE version: OpenJDK Runtime Environment Temurin-21.0.6+7 (21.0.6+7) (build 21.0.6+7-LTS)
# Java VM: OpenJDK 64-Bit Server VM Temurin-21.0.6+7 (21.0.6+7-LTS, mixed mode, sharing, tiered, compressed oops, compressed class ptrs, parallel gc, windows-amd64)
# No core dump will be written. Minidumps are not enabled by default on client versions of Windows
#

---------------  S U M M A R Y ------------

Command Line: --add-modules=ALL-SYSTEM --add-opens=java.base/java.util=ALL-UNNAMED --add-opens=java.base/java.lang=ALL-UNNAMED --add-opens=java.base/sun.nio.fs=ALL-UNNAMED -Declipse.application=org.eclipse.jdt.ls.core.id1 -Dosgi.bundles.defaultStartLevel=4 -Declipse.product=org.eclipse.jdt.ls.core.product -Djava.import.generatesMetadataFilesAtProjectRoot=false -DDetectVMInstallationsJob.disabled=true -Dfile.encoding=utf8 -XX:+UseParallelGC -XX:GCTimeRatio=4 -XX:AdaptiveSizePolicyWeight=90 -Dsun.zip.disableMemoryMapping=true -Xmx1G -Xms100m -Xlog:disable -javaagent:c:\Users\palak\.vscode\extensions\redhat.java-1.41.0-win32-x64\lombok\lombok-1.18.36.jar -XX:+HeapDumpOnOutOfMemoryError -XX:HeapDumpPath=c:\Users\palak\AppData\Roaming\Code\User\workspaceStorage\632f04cdbe9e26a6a5769c745b0508de\redhat.java -Daether.dependencyCollector.impl=bf c:\Users\palak\.vscode\extensions\redhat.java-1.41.0-win32-x64\server\plugins\org.eclipse.equinox.launcher_1.6.1100.v20250306-0509.jar -configuration c:\Users\palak\AppData\Roaming\Code\User\globalStorage\redhat.java\1.41.0\config_win -data c:\Users\palak\AppData\Roaming\Code\User\workspaceStorage\632f04cdbe9e26a6a5769c745b0508de\redhat.java\jdt_ws --pipe=\\.\pipe\lsp-6a21f2f3df5ddfac272fe5276f4e3938-sock

Host: AMD Ryzen 3 3250U with Radeon Graphics         , 4 cores, 5G,  Windows 11 , 64 bit Build 26100 (10.0.26100.3323)
Time: Mon Mar 31 20:48:37 2025 India Standard Time elapsed time: 189.117261 seconds (0d 0h 3m 9s)

---------------  T H R E A D  ---------------

Current thread (0x00000169fa9c9b70):  JavaThread "C2 CompilerThread1" daemon [_thread_in_native, id=17184, stack(0x0000001fbee00000,0x0000001fbef00000) (1024K)]


Current CompileTask:
C2:189117 8047       4       sun.nio.cs.StreamDecoder::implRead (232 bytes)

Stack: [0x0000001fbee00000,0x0000001fbef00000]
Native frames: (J=compiled Java code, j=interpreted, Vv=VM code, C=native code)
V  [jvm.dll+0x6cdee9]
V  [jvm.dll+0x8a83d1]
V  [jvm.dll+0x8aa8fe]
V  [jvm.dll+0x8aafe3]
V  [jvm.dll+0x27f706]
V  [jvm.dll+0xc500d]
V  [jvm.dll+0xc5543]
V  [jvm.dll+0x3b6752]
V  [jvm.dll+0x382935]
V  [jvm.dll+0x381d9a]
V  [jvm.dll+0x2479f0]
V  [jvm.dll+0x246fcf]
V  [jvm.dll+0x1c75ee]
V  [jvm.dll+0x25685a]
V  [jvm.dll+0x254dfa]
V  [jvm.dll+0x3f0256]
V  [jvm.dll+0x851f8b]
V  [jvm.dll+0x6cc5ed]
C  [ucrtbase.dll+0x37b0]
C  [KERNEL32.DLL+0x2e8d7]
C  [ntdll.dll+0xbbf6c]


---------------  P R O C E S S  ---------------

Threads class SMR info:
_java_thread_list=0x00000169fe3478b0, length=41, elements={
0x00000169deb7ce90, 0x00000169e0f4cfd0, 0x00000169e0f4dc20, 0x00000169f51c2bf0,
0x00000169f51c5460, 0x00000169f51c80d0, 0x00000169f51ca740, 0x00000169f51cb180,
0x00000169f5252c10, 0x00000169fa063070, 0x00000169fa28e5d0, 0x00000169fa2cdeb0,
0x00000169fa26d530, 0x00000169fa26db90, 0x00000169fafdeac0, 0x00000169fa34c940,
0x00000169fa34dcf0, 0x00000169fa34d660, 0x00000169fa161fb0, 0x00000169fa15f1c0,
0x00000169fa15eb30, 0x00000169fa15fee0, 0x00000169fa15f850, 0x00000169fa161290,
0x00000169fa160c00, 0x00000169fa161920, 0x00000169fe753460, 0x00000169fe754ea0,
0x00000169fe754180, 0x00000169fe753af0, 0x00000169fe755530, 0x00000169fe7520b0,
0x00000169fe755bc0, 0x00000169fe752740, 0x00000169fe756250, 0x00000169fe752dd0,
0x00000169fe7568e0, 0x00000169fe759040, 0x00000169fe7589b0, 0x00000169fe756f70,
0x00000169fa9c9b70
}

Java Threads: ( => current thread )
  0x00000169deb7ce90 JavaThread "main"                              [_thread_blocked, id=16100, stack(0x0000001fbbf00000,0x0000001fbc000000) (1024K)]
  0x00000169e0f4cfd0 JavaThread "Reference Handler"          daemon [_thread_blocked, id=3712, stack(0x0000001fbc400000,0x0000001fbc500000) (1024K)]
  0x00000169e0f4dc20 JavaThread "Finalizer"                  daemon [_thread_blocked, id=15180, stack(0x0000001fbc500000,0x0000001fbc600000) (1024K)]
  0x00000169f51c2bf0 JavaThread "Signal Dispatcher"          daemon [_thread_blocked, id=15000, stack(0x0000001fbc600000,0x0000001fbc700000) (1024K)]
  0x00000169f51c5460 JavaThread "Attach Listener"            daemon [_thread_blocked, id=15660, stack(0x0000001fbc700000,0x0000001fbc800000) (1024K)]
  0x00000169f51c80d0 JavaThread "Service Thread"             daemon [_thread_blocked, id=1548, stack(0x0000001fbc800000,0x0000001fbc900000) (1024K)]
  0x00000169f51ca740 JavaThread "Monitor Deflation Thread"   daemon [_thread_blocked, id=6168, stack(0x0000001fbc900000,0x0000001fbca00000) (1024K)]
  0x00000169f51cb180 JavaThread "C2 CompilerThread0"         daemon [_thread_in_native, id=5232, stack(0x0000001fbca00000,0x0000001fbcb00000) (1024K)]
  0x00000169f5252c10 JavaThread "C1 CompilerThread0"         daemon [_thread_blocked, id=10920, stack(0x0000001fbcb00000,0x0000001fbcc00000) (1024K)]
  0x00000169fa063070 JavaThread "Common-Cleaner"             daemon [_thread_blocked, id=9984, stack(0x0000001fbcc00000,0x0000001fbcd00000) (1024K)]
  0x00000169fa28e5d0 JavaThread "Notification Thread"        daemon [_thread_blocked, id=9416, stack(0x0000001fbcd00000,0x0000001fbce00000) (1024K)]
  0x00000169fa2cdeb0 JavaThread "Active Thread: Equinox Container: 2b69019b-38aa-4ae4-a01c-92e44c7a86a5"        [_thread_blocked, id=14164, stack(0x0000001fbd500000,0x0000001fbd600000) (1024K)]
  0x00000169fa26d530 JavaThread "Framework Event Dispatcher: Equinox Container: 2b69019b-38aa-4ae4-a01c-92e44c7a86a5" daemon [_thread_blocked, id=4072, stack(0x0000001fbbe00000,0x0000001fbbf00000) (1024K)]
  0x00000169fa26db90 JavaThread "Start Level: Equinox Container: 2b69019b-38aa-4ae4-a01c-92e44c7a86a5" daemon [_thread_blocked, id=16248, stack(0x0000001fbc000000,0x0000001fbc100000) (1024K)]
  0x00000169fafdeac0 JavaThread "Refresh Thread: Equinox Container: 2b69019b-38aa-4ae4-a01c-92e44c7a86a5" daemon [_thread_blocked, id=2756, stack(0x0000001fbd100000,0x0000001fbd200000) (1024K)]
  0x00000169fa34c940 JavaThread "Bundle File Closer"         daemon [_thread_blocked, id=11188, stack(0x0000001fbd800000,0x0000001fbd900000) (1024K)]
  0x00000169fa34dcf0 JavaThread "SCR Component Actor"        daemon [_thread_blocked, id=16712, stack(0x0000001fbd300000,0x0000001fbd400000) (1024K)]
  0x00000169fa34d660 JavaThread "Worker-JM"                         [_thread_blocked, id=14212, stack(0x0000001fbd400000,0x0000001fbd500000) (1024K)]
  0x00000169fa161fb0 JavaThread "JNA Cleaner"                daemon [_thread_blocked, id=17316, stack(0x0000001fbd700000,0x0000001fbd800000) (1024K)]
  0x00000169fa15f1c0 JavaThread "Worker-0: Initialize Workspace"        [_thread_in_native, id=17328, stack(0x0000001fbd900000,0x0000001fbda00000) (1024K)]
  0x00000169fa15eb30 JavaThread "Worker-1"                          [_thread_blocked, id=16468, stack(0x0000001fbda00000,0x0000001fbdb00000) (1024K)]
  0x00000169fa15fee0 JavaThread "Worker-2"                          [_thread_blocked, id=10012, stack(0x0000001fbdc00000,0x0000001fbdd00000) (1024K)]
  0x00000169fa15f850 JavaThread "Java indexing"              daemon [_thread_blocked, id=13852, stack(0x0000001fbdb00000,0x0000001fbdc00000) (1024K)]
  0x00000169fa161290 JavaThread "Worker-3"                          [_thread_blocked, id=13280, stack(0x0000001fbe000000,0x0000001fbe100000) (1024K)]
  0x00000169fa160c00 JavaThread "Worker-4"                          [_thread_blocked, id=16676, stack(0x0000001fbe100000,0x0000001fbe200000) (1024K)]
  0x00000169fa161920 JavaThread "Thread-4"                   daemon [_thread_in_native, id=9064, stack(0x0000001fbe200000,0x0000001fbe300000) (1024K)]
  0x00000169fe753460 JavaThread "Thread-5"                   daemon [_thread_in_native, id=10912, stack(0x0000001fbe300000,0x0000001fbe400000) (1024K)]
  0x00000169fe754ea0 JavaThread "Thread-6"                   daemon [_thread_in_native, id=1192, stack(0x0000001fbe400000,0x0000001fbe500000) (1024K)]
  0x00000169fe754180 JavaThread "Thread-7"                   daemon [_thread_in_native, id=9580, stack(0x0000001fbe500000,0x0000001fbe600000) (1024K)]
  0x00000169fe753af0 JavaThread "Thread-8"                   daemon [_thread_in_native, id=14624, stack(0x0000001fbe600000,0x0000001fbe700000) (1024K)]
  0x00000169fe755530 JavaThread "pool-2-thread-1"                   [_thread_blocked, id=6140, stack(0x0000001fbe700000,0x0000001fbe800000) (1024K)]
  0x00000169fe7520b0 JavaThread "WorkspaceEventsHandler"            [_thread_blocked, id=12672, stack(0x0000001fbdd00000,0x0000001fbde00000) (1024K)]
  0x00000169fe755bc0 JavaThread "pool-1-thread-1"                   [_thread_blocked, id=16828, stack(0x0000001fbe800000,0x0000001fbe900000) (1024K)]
  0x00000169fe752740 JavaThread "ForkJoinPool.commonPool-worker-1" daemon [_thread_blocked, id=16992, stack(0x0000001fbea00000,0x0000001fbeb00000) (1024K)]
  0x00000169fe756250 JavaThread "ForkJoinPool.commonPool-worker-2" daemon [_thread_blocked, id=16860, stack(0x0000001fbec00000,0x0000001fbed00000) (1024K)]
  0x00000169fe752dd0 JavaThread "ForkJoinPool.commonPool-worker-3" daemon [_thread_blocked, id=17024, stack(0x0000001fbed00000,0x0000001fbee00000) (1024K)]
  0x00000169fe7568e0 JavaThread "Equinox resolver thread - Equinox Container: 2b69019b-38aa-4ae4-a01c-92e44c7a86a5" daemon [_thread_blocked, id=15504, stack(0x0000001fbeb00000,0x0000001fbec00000) (1024K)]
  0x00000169fe759040 JavaThread "Equinox resolver thread - Equinox Container: 2b69019b-38aa-4ae4-a01c-92e44c7a86a5" daemon [_thread_blocked, id=9020, stack(0x0000001fbef00000,0x0000001fbf000000) (1024K)]
  0x00000169fe7589b0 JavaThread "Equinox resolver thread - Equinox Container: 2b69019b-38aa-4ae4-a01c-92e44c7a86a5" daemon [_thread_blocked, id=1856, stack(0x0000001fbf000000,0x0000001fbf100000) (1024K)]
  0x00000169fe756f70 JavaThread "Equinox resolver thread - Equinox Container: 2b69019b-38aa-4ae4-a01c-92e44c7a86a5" daemon [_thread_blocked, id=10092, stack(0x0000001fbf100000,0x0000001fbf200000) (1024K)]
=>0x00000169fa9c9b70 JavaThread "C2 CompilerThread1"         daemon [_thread_in_native, id=17184, stack(0x0000001fbee00000,0x0000001fbef00000) (1024K)]
Total: 41

Other Threads:
  0x00000169f51bf030 VMThread "VM Thread"                           [id=15980, stack(0x0000001fbc300000,0x0000001fbc400000) (1024K)]
  0x00000169f515ca10 WatcherThread "VM Periodic Task Thread"        [id=14720, stack(0x0000001fbc200000,0x0000001fbc300000) (1024K)]
  0x00000169e0eaeb00 WorkerThread "GC Thread#0"                     [id=16116, stack(0x0000001fbc100000,0x0000001fbc200000) (1024K)]
  0x00000169fa053480 WorkerThread "GC Thread#1"                     [id=13136, stack(0x0000001fbce00000,0x0000001fbcf00000) (1024K)]
  0x00000169fa033150 WorkerThread "GC Thread#2"                     [id=16188, stack(0x0000001fbcf00000,0x0000001fbd000000) (1024K)]
  0x00000169fa0334f0 WorkerThread "GC Thread#3"                     [id=11956, stack(0x0000001fbd000000,0x0000001fbd100000) (1024K)]
Total: 6

Threads with active compile tasks:
C2 CompilerThread0  189203 8039       4       sun.nio.cs.StreamDecoder::lockedRead (189 bytes)
C2 CompilerThread1  189203 8047       4       sun.nio.cs.StreamDecoder::implRead (232 bytes)
Total: 2

VM state: not at safepoint (normal execution)

VM Mutex/Monitor currently owned by a thread: None

Heap address: 0x00000000c0000000, size: 1024 MB, Compressed Oops mode: 32-bit

CDS archive(s) mapped at: [0x0000016980000000-0x0000016980ba0000-0x0000016980ba0000), size 12189696, SharedBaseAddress: 0x0000016980000000, ArchiveRelocationMode: 1.
Compressed class space mapped at: 0x0000016981000000-0x00000169c1000000, reserved size: 1073741824
Narrow klass base: 0x0000016980000000, Narrow klass shift: 0, Narrow klass range: 0x100000000

GC Precious Log:
 CardTable entry size: 512
 CPUs: 4 total, 4 available
 Memory: 6086M
 Large Page Support: Disabled
 NUMA Support: Disabled
 Compressed Oops: Enabled (32-bit)
 Alignments: Space 512K, Generation 512K, Heap 2M
 Heap Min Capacity: 100M
 Heap Initial Capacity: 100M
 Heap Max Capacity: 1G
 Pre-touch: Disabled
 Parallel Workers: 4

Heap:
 PSYoungGen      total 22528K, used 8182K [0x00000000eab00000, 0x00000000ec680000, 0x0000000100000000)
  eden space 21504K, 33% used [0x00000000eab00000,0x00000000eb21e650,0x00000000ec000000)
  from space 1024K, 91% used [0x00000000ec580000,0x00000000ec66b550,0x00000000ec680000)
  to   space 2048K, 0% used [0x00000000ec280000,0x00000000ec280000,0x00000000ec480000)
 ParOldGen       total 68608K, used 36925K [0x00000000c0000000, 0x00000000c4300000, 0x00000000eab00000)
  object space 68608K, 53% used [0x00000000c0000000,0x00000000c240f678,0x00000000c4300000)
 Metaspace       used 52351K, committed 53632K, reserved 1114112K
  class space    used 5553K, committed 6144K, reserved 1048576K

Card table byte_map: [0x00000169e0830000,0x00000169e0a40000] _byte_map_base: 0x00000169e0230000

Marking Bits: (ParMarkBitMap*) 0x00007fff5d563260
 Begin Bits: [0x00000169f3080000, 0x00000169f4080000)
 End Bits:   [0x00000169f4080000, 0x00000169f5080000)

Polling page: 0x00000169dec60000

Metaspace:

Usage:
  Non-class:     45.70 MB used.
      Class:      5.42 MB used.
       Both:     51.12 MB used.

Virtual space:
  Non-class space:       64.00 MB reserved,      46.38 MB ( 72%) committed,  1 nodes.
      Class space:        1.00 GB reserved,       6.00 MB ( <1%) committed,  1 nodes.
             Both:        1.06 GB reserved,      52.38 MB (  5%) committed. 

Chunk freelists:
   Non-Class:  1.31 MB
       Class:  9.91 MB
        Both:  11.22 MB

MaxMetaspaceSize: unlimited
CompressedClassSpaceSize: 1.00 GB
Initial GC threshold: 21.00 MB
Current GC threshold: 58.38 MB
CDS: on
 - commit_granule_bytes: 65536.
 - commit_granule_words: 8192.
 - virtual_space_node_default_size: 8388608.
 - enlarge_chunks_in_place: 1.
 - use_allocation_guard: 0.


Internal statistics:

num_allocs_failed_limit: 6.
num_arena_births: 964.
num_arena_deaths: 14.
num_vsnodes_births: 2.
num_vsnodes_deaths: 0.
num_space_committed: 838.
num_space_uncommitted: 0.
num_chunks_returned_to_freelist: 20.
num_chunks_taken_from_freelist: 3210.
num_chunk_merges: 9.
num_chunk_splits: 1953.
num_chunks_enlarged: 1042.
num_inconsistent_stats: 0.

CodeHeap 'non-profiled nmethods': size=120000Kb used=4626Kb max_used=4626Kb free=115373Kb
 bounds [0x00000169ebb50000, 0x00000169ebfe0000, 0x00000169f3080000]
CodeHeap 'profiled nmethods': size=120000Kb used=16058Kb max_used=16058Kb free=103941Kb
 bounds [0x00000169e4080000, 0x00000169e5030000, 0x00000169eb5b0000]
CodeHeap 'non-nmethods': size=5760Kb used=1408Kb max_used=1452Kb free=4351Kb
 bounds [0x00000169eb5b0000, 0x00000169eb820000, 0x00000169ebb50000]
 total_blobs=8055 nmethods=7345 adapters=614
 compilation: enabled
              stopped_count=0, restarted_count=0
 full_count=0

Compilation events (20 events):
Event: 188.998 Thread 0x00000169f5252c10 nmethod 8034 0x00000169e5021910 code [0x00000169e5021ae0, 0x00000169e5021ee0]
Event: 189.008 Thread 0x00000169f5252c10 8035       1       java.util.Collections$EmptySet::isEmpty (2 bytes)
Event: 189.008 Thread 0x00000169f5252c10 nmethod 8035 0x00000169ebfd2590 code [0x00000169ebfd2720, 0x00000169ebfd27e8]
Event: 189.008 Thread 0x00000169f51cb180 nmethod 8030 0x00000169ebfd2890 code [0x00000169ebfd2aa0, 0x00000169ebfd2e58]
Event: 189.009 Thread 0x00000169f51cb180 8031       4       org.codehaus.plexus.util.xml.pull.MXParser::isValidCodePoint (64 bytes)
Event: 189.009 Thread 0x00000169f51cb180 nmethod 8031 0x00000169ebfd3190 code [0x00000169ebfd3320, 0x00000169ebfd33e8]
Event: 189.015 Thread 0x00000169f51cb180 8036       4       java.util.stream.AbstractPipeline::<init> (91 bytes)
Event: 189.017 Thread 0x00000169f51cb180 nmethod 8036 0x00000169ebfd3490 code [0x00000169ebfd3620, 0x00000169ebfd37d8]
Event: 189.025 Thread 0x00000169f5252c10 8037       3       com.google.common.collect.SingletonImmutableSet::contains (9 bytes)
Event: 189.025 Thread 0x00000169f5252c10 nmethod 8037 0x00000169e5022090 code [0x00000169e5022240, 0x00000169e5022418]
Event: 189.034 Thread 0x00000169f51cb180 8038       4       sun.nio.cs.UTF_8$Decoder::decodeLoop (28 bytes)
Event: 189.040 Thread 0x00000169f51cb180 nmethod 8038 0x00000169ebfd3990 code [0x00000169ebfd3b40, 0x00000169ebfd3cc8]
Event: 189.040 Thread 0x00000169f51cb180 8039       4       sun.nio.cs.StreamDecoder::lockedRead (189 bytes)
Event: 189.042 Thread 0x00000169f5252c10 8044       1       org.eclipse.sisu.plexus.PlexusTypeRegistry::getSpace (5 bytes)
Event: 189.043 Thread 0x00000169f5252c10 nmethod 8044 0x00000169ebfd3e90 code [0x00000169ebfd4020, 0x00000169ebfd40e8]
Event: 189.057 Thread 0x00000169f5252c10 8045       3       org.eclipse.sisu.plexus.PlexusXmlScanner::parseRequirement (223 bytes)
Event: 189.057 Thread 0x00000169fa9c9b70 8047       4       sun.nio.cs.StreamDecoder::implRead (232 bytes)
Event: 189.060 Thread 0x00000169f5252c10 nmethod 8045 0x00000169e5022510 code [0x00000169e50229a0, 0x00000169e5024560]
Event: 189.060 Thread 0x00000169f5252c10 8046       3       org.eclipse.sisu.plexus.Hints::canonicalHints (72 bytes)
Event: 189.061 Thread 0x00000169f5252c10 nmethod 8046 0x00000169e5025090 code [0x00000169e5025300, 0x00000169e5025d90]

GC Heap History (20 events):
Event: 170.707 GC heap before
{Heap before GC invocations=21 (full 2):
 PSYoungGen      total 24576K, used 24470K [0x00000000eab00000, 0x00000000ec780000, 0x0000000100000000)
  eden space 21504K, 100% used [0x00000000eab00000,0x00000000ec000000,0x00000000ec000000)
  from space 3072K, 96% used [0x00000000ec380000,0x00000000ec665a68,0x00000000ec680000)
  to   space 3584K, 0% used [0x00000000ec000000,0x00000000ec000000,0x00000000ec380000)
 ParOldGen       total 68608K, used 21580K [0x00000000c0000000, 0x00000000c4300000, 0x00000000eab00000)
  object space 68608K, 31% used [0x00000000c0000000,0x00000000c15130b8,0x00000000c4300000)
 Metaspace       used 46181K, committed 47424K, reserved 1114112K
  class space    used 4840K, committed 5376K, reserved 1048576K
}
Event: 170.718 GC heap after
{Heap after GC invocations=21 (full 2):
 PSYoungGen      total 23040K, used 1376K [0x00000000eab00000, 0x00000000ec400000, 0x0000000100000000)
  eden space 21504K, 0% used [0x00000000eab00000,0x00000000eab00000,0x00000000ec000000)
  from space 1536K, 89% used [0x00000000ec000000,0x00000000ec158000,0x00000000ec180000)
  to   space 2048K, 0% used [0x00000000ec200000,0x00000000ec200000,0x00000000ec400000)
 ParOldGen       total 68608K, used 23188K [0x00000000c0000000, 0x00000000c4300000, 0x00000000eab00000)
  object space 68608K, 33% used [0x00000000c0000000,0x00000000c16a50d8,0x00000000c4300000)
 Metaspace       used 46181K, committed 47424K, reserved 1114112K
  class space    used 4840K, committed 5376K, reserved 1048576K
}
Event: 172.108 GC heap before
{Heap before GC invocations=22 (full 2):
 PSYoungGen      total 23040K, used 22880K [0x00000000eab00000, 0x00000000ec400000, 0x0000000100000000)
  eden space 21504K, 100% used [0x00000000eab00000,0x00000000ec000000,0x00000000ec000000)
  from space 1536K, 89% used [0x00000000ec000000,0x00000000ec158000,0x00000000ec180000)
  to   space 2048K, 0% used [0x00000000ec200000,0x00000000ec200000,0x00000000ec400000)
 ParOldGen       total 68608K, used 23188K [0x00000000c0000000, 0x00000000c4300000, 0x00000000eab00000)
  object space 68608K, 33% used [0x00000000c0000000,0x00000000c16a50d8,0x00000000c4300000)
 Metaspace       used 48783K, committed 50112K, reserved 1114112K
  class space    used 5166K, committed 5760K, reserved 1048576K
}
Event: 172.118 GC heap after
{Heap after GC invocations=22 (full 2):
 PSYoungGen      total 23552K, used 1802K [0x00000000eab00000, 0x00000000ec400000, 0x0000000100000000)
  eden space 21504K, 0% used [0x00000000eab00000,0x00000000eab00000,0x00000000ec000000)
  from space 2048K, 88% used [0x00000000ec200000,0x00000000ec3c2b48,0x00000000ec400000)
  to   space 2048K, 0% used [0x00000000ec000000,0x00000000ec000000,0x00000000ec200000)
 ParOldGen       total 68608K, used 24458K [0x00000000c0000000, 0x00000000c4300000, 0x00000000eab00000)
  object space 68608K, 35% used [0x00000000c0000000,0x00000000c17e2890,0x00000000c4300000)
 Metaspace       used 48783K, committed 50112K, reserved 1114112K
  class space    used 5166K, committed 5760K, reserved 1048576K
}
Event: 173.122 GC heap before
{Heap before GC invocations=23 (full 2):
 PSYoungGen      total 23552K, used 23306K [0x00000000eab00000, 0x00000000ec400000, 0x0000000100000000)
  eden space 21504K, 100% used [0x00000000eab00000,0x00000000ec000000,0x00000000ec000000)
  from space 2048K, 88% used [0x00000000ec200000,0x00000000ec3c2b48,0x00000000ec400000)
  to   space 2048K, 0% used [0x00000000ec000000,0x00000000ec000000,0x00000000ec200000)
 ParOldGen       total 68608K, used 24458K [0x00000000c0000000, 0x00000000c4300000, 0x00000000eab00000)
  object space 68608K, 35% used [0x00000000c0000000,0x00000000c17e2890,0x00000000c4300000)
 Metaspace       used 49665K, committed 50944K, reserved 1114112K
  class space    used 5260K, committed 5824K, reserved 1048576K
}
Event: 173.134 GC heap after
{Heap after GC invocations=23 (full 2):
 PSYoungGen      total 23552K, used 2048K [0x00000000eab00000, 0x00000000ed100000, 0x0000000100000000)
  eden space 21504K, 0% used [0x00000000eab00000,0x00000000eab00000,0x00000000ec000000)
  from space 2048K, 100% used [0x00000000ec000000,0x00000000ec200000,0x00000000ec200000)
  to   space 8704K, 0% used [0x00000000ec880000,0x00000000ec880000,0x00000000ed100000)
 ParOldGen       total 68608K, used 29731K [0x00000000c0000000, 0x00000000c4300000, 0x00000000eab00000)
  object space 68608K, 43% used [0x00000000c0000000,0x00000000c1d08d98,0x00000000c4300000)
 Metaspace       used 49665K, committed 50944K, reserved 1114112K
  class space    used 5260K, committed 5824K, reserved 1048576K
}
Event: 182.225 GC heap before
{Heap before GC invocations=24 (full 2):
 PSYoungGen      total 23552K, used 23552K [0x00000000eab00000, 0x00000000ed100000, 0x0000000100000000)
  eden space 21504K, 100% used [0x00000000eab00000,0x00000000ec000000,0x00000000ec000000)
  from space 2048K, 100% used [0x00000000ec000000,0x00000000ec200000,0x00000000ec200000)
  to   space 8704K, 0% used [0x00000000ec880000,0x00000000ec880000,0x00000000ed100000)
 ParOldGen       total 68608K, used 29731K [0x00000000c0000000, 0x00000000c4300000, 0x00000000eab00000)
  object space 68608K, 43% used [0x00000000c0000000,0x00000000c1d08d98,0x00000000c4300000)
 Metaspace       used 51162K, committed 52416K, reserved 1114112K
  class space    used 5430K, committed 6016K, reserved 1048576K
}
Event: 182.233 GC heap after
{Heap after GC invocations=24 (full 2):
 PSYoungGen      total 24064K, used 2260K [0x00000000eab00000, 0x00000000ecb00000, 0x0000000100000000)
  eden space 21504K, 0% used [0x00000000eab00000,0x00000000eab00000,0x00000000ec000000)
  from space 2560K, 88% used [0x00000000ec880000,0x00000000ecab52e0,0x00000000ecb00000)
  to   space 4096K, 0% used [0x00000000ec300000,0x00000000ec300000,0x00000000ec700000)
 ParOldGen       total 68608K, used 31753K [0x00000000c0000000, 0x00000000c4300000, 0x00000000eab00000)
  object space 68608K, 46% used [0x00000000c0000000,0x00000000c1f02518,0x00000000c4300000)
 Metaspace       used 51162K, committed 52416K, reserved 1114112K
  class space    used 5430K, committed 6016K, reserved 1048576K
}
Event: 182.860 GC heap before
{Heap before GC invocations=25 (full 2):
 PSYoungGen      total 24064K, used 23764K [0x00000000eab00000, 0x00000000ecb00000, 0x0000000100000000)
  eden space 21504K, 100% used [0x00000000eab00000,0x00000000ec000000,0x00000000ec000000)
  from space 2560K, 88% used [0x00000000ec880000,0x00000000ecab52e0,0x00000000ecb00000)
  to   space 4096K, 0% used [0x00000000ec300000,0x00000000ec300000,0x00000000ec700000)
 ParOldGen       total 68608K, used 31753K [0x00000000c0000000, 0x00000000c4300000, 0x00000000eab00000)
  object space 68608K, 46% used [0x00000000c0000000,0x00000000c1f02518,0x00000000c4300000)
 Metaspace       used 51242K, committed 52608K, reserved 1114112K
  class space    used 5438K, committed 6016K, reserved 1048576K
}
Event: 182.869 GC heap after
{Heap after GC invocations=25 (full 2):
 PSYoungGen      total 23552K, used 1984K [0x00000000eab00000, 0x00000000ec900000, 0x0000000100000000)
  eden space 21504K, 0% used [0x00000000eab00000,0x00000000eab00000,0x00000000ec000000)
  from space 2048K, 96% used [0x00000000ec300000,0x00000000ec4f0000,0x00000000ec500000)
  to   space 2560K, 0% used [0x00000000ec680000,0x00000000ec680000,0x00000000ec900000)
 ParOldGen       total 68608K, used 33894K [0x00000000c0000000, 0x00000000c4300000, 0x00000000eab00000)
  object space 68608K, 49% used [0x00000000c0000000,0x00000000c2119af8,0x00000000c4300000)
 Metaspace       used 51242K, committed 52608K, reserved 1114112K
  class space    used 5438K, committed 6016K, reserved 1048576K
}
Event: 183.510 GC heap before
{Heap before GC invocations=26 (full 2):
 PSYoungGen      total 23552K, used 23488K [0x00000000eab00000, 0x00000000ec900000, 0x0000000100000000)
  eden space 21504K, 100% used [0x00000000eab00000,0x00000000ec000000,0x00000000ec000000)
  from space 2048K, 96% used [0x00000000ec300000,0x00000000ec4f0000,0x00000000ec500000)
  to   space 2560K, 0% used [0x00000000ec680000,0x00000000ec680000,0x00000000ec900000)
 ParOldGen       total 68608K, used 33894K [0x00000000c0000000, 0x00000000c4300000, 0x00000000eab00000)
  object space 68608K, 49% used [0x00000000c0000000,0x00000000c2119af8,0x00000000c4300000)
 Metaspace       used 51283K, committed 52608K, reserved 1114112K
  class space    used 5438K, committed 6016K, reserved 1048576K
}
Event: 183.512 GC heap after
{Heap after GC invocations=26 (full 2):
 PSYoungGen      total 22016K, used 320K [0x00000000eab00000, 0x00000000ec700000, 0x0000000100000000)
  eden space 21504K, 0% used [0x00000000eab00000,0x00000000eab00000,0x00000000ec000000)
  from space 512K, 62% used [0x00000000ec680000,0x00000000ec6d0000,0x00000000ec700000)
  to   space 1024K, 0% used [0x00000000ec500000,0x00000000ec500000,0x00000000ec600000)
 ParOldGen       total 68608K, used 34017K [0x00000000c0000000, 0x00000000c4300000, 0x00000000eab00000)
  object space 68608K, 49% used [0x00000000c0000000,0x00000000c2138630,0x00000000c4300000)
 Metaspace       used 51283K, committed 52608K, reserved 1114112K
  class space    used 5438K, committed 6016K, reserved 1048576K
}
Event: 184.812 GC heap before
{Heap before GC invocations=27 (full 2):
 PSYoungGen      total 22016K, used 21824K [0x00000000eab00000, 0x00000000ec700000, 0x0000000100000000)
  eden space 21504K, 100% used [0x00000000eab00000,0x00000000ec000000,0x00000000ec000000)
  from space 512K, 62% used [0x00000000ec680000,0x00000000ec6d0000,0x00000000ec700000)
  to   space 1024K, 0% used [0x00000000ec500000,0x00000000ec500000,0x00000000ec600000)
 ParOldGen       total 68608K, used 34017K [0x00000000c0000000, 0x00000000c4300000, 0x00000000eab00000)
  object space 68608K, 49% used [0x00000000c0000000,0x00000000c2138630,0x00000000c4300000)
 Metaspace       used 51304K, committed 52608K, reserved 1114112K
  class space    used 5438K, committed 6016K, reserved 1048576K
}
Event: 184.819 GC heap after
{Heap after GC invocations=27 (full 2):
 PSYoungGen      total 22528K, used 1024K [0x00000000eab00000, 0x00000000ec700000, 0x0000000100000000)
  eden space 21504K, 0% used [0x00000000eab00000,0x00000000eab00000,0x00000000ec000000)
  from space 1024K, 100% used [0x00000000ec500000,0x00000000ec600000,0x00000000ec600000)
  to   space 1024K, 0% used [0x00000000ec600000,0x00000000ec600000,0x00000000ec700000)
 ParOldGen       total 68608K, used 35614K [0x00000000c0000000, 0x00000000c4300000, 0x00000000eab00000)
  object space 68608K, 51% used [0x00000000c0000000,0x00000000c22c7918,0x00000000c4300000)
 Metaspace       used 51304K, committed 52608K, reserved 1114112K
  class space    used 5438K, committed 6016K, reserved 1048576K
}
Event: 185.248 GC heap before
{Heap before GC invocations=28 (full 2):
 PSYoungGen      total 22528K, used 22528K [0x00000000eab00000, 0x00000000ec700000, 0x0000000100000000)
  eden space 21504K, 100% used [0x00000000eab00000,0x00000000ec000000,0x00000000ec000000)
  from space 1024K, 100% used [0x00000000ec500000,0x00000000ec600000,0x00000000ec600000)
  to   space 1024K, 0% used [0x00000000ec600000,0x00000000ec600000,0x00000000ec700000)
 ParOldGen       total 68608K, used 35614K [0x00000000c0000000, 0x00000000c4300000, 0x00000000eab00000)
  object space 68608K, 51% used [0x00000000c0000000,0x00000000c22c7918,0x00000000c4300000)
 Metaspace       used 51355K, committed 52672K, reserved 1114112K
  class space    used 5446K, committed 6016K, reserved 1048576K
}
Event: 185.252 GC heap after
{Heap after GC invocations=28 (full 2):
 PSYoungGen      total 22528K, used 832K [0x00000000eab00000, 0x00000000ec700000, 0x0000000100000000)
  eden space 21504K, 0% used [0x00000000eab00000,0x00000000eab00000,0x00000000ec000000)
  from space 1024K, 81% used [0x00000000ec600000,0x00000000ec6d0000,0x00000000ec700000)
  to   space 1536K, 0% used [0x00000000ec400000,0x00000000ec400000,0x00000000ec580000)
 ParOldGen       total 68608K, used 35710K [0x00000000c0000000, 0x00000000c4300000, 0x00000000eab00000)
  object space 68608K, 52% used [0x00000000c0000000,0x00000000c22df948,0x00000000c4300000)
 Metaspace       used 51355K, committed 52672K, reserved 1114112K
  class space    used 5446K, committed 6016K, reserved 1048576K
}
Event: 185.486 GC heap before
{Heap before GC invocations=29 (full 2):
 PSYoungGen      total 22528K, used 22336K [0x00000000eab00000, 0x00000000ec700000, 0x0000000100000000)
  eden space 21504K, 100% used [0x00000000eab00000,0x00000000ec000000,0x00000000ec000000)
  from space 1024K, 81% used [0x00000000ec600000,0x00000000ec6d0000,0x00000000ec700000)
  to   space 1536K, 0% used [0x00000000ec400000,0x00000000ec400000,0x00000000ec580000)
 ParOldGen       total 68608K, used 35710K [0x00000000c0000000, 0x00000000c4300000, 0x00000000eab00000)
  object space 68608K, 52% used [0x00000000c0000000,0x00000000c22df948,0x00000000c4300000)
 Metaspace       used 51362K, committed 52672K, reserved 1114112K
  class space    used 5446K, committed 6016K, reserved 1048576K
}
Event: 185.490 GC heap after
{Heap after GC invocations=29 (full 2):
 PSYoungGen      total 23040K, used 1536K [0x00000000eab00000, 0x00000000ec680000, 0x0000000100000000)
  eden space 21504K, 0% used [0x00000000eab00000,0x00000000eab00000,0x00000000ec000000)
  from space 1536K, 100% used [0x00000000ec400000,0x00000000ec580000,0x00000000ec580000)
  to   space 1024K, 0% used [0x00000000ec580000,0x00000000ec580000,0x00000000ec680000)
 ParOldGen       total 68608K, used 36761K [0x00000000c0000000, 0x00000000c4300000, 0x00000000eab00000)
  object space 68608K, 53% used [0x00000000c0000000,0x00000000c23e6660,0x00000000c4300000)
 Metaspace       used 51362K, committed 52672K, reserved 1114112K
  class space    used 5446K, committed 6016K, reserved 1048576K
}
Event: 189.034 GC heap before
{Heap before GC invocations=30 (full 2):
 PSYoungGen      total 23040K, used 23040K [0x00000000eab00000, 0x00000000ec680000, 0x0000000100000000)
  eden space 21504K, 100% used [0x00000000eab00000,0x00000000ec000000,0x00000000ec000000)
  from space 1536K, 100% used [0x00000000ec400000,0x00000000ec580000,0x00000000ec580000)
  to   space 1024K, 0% used [0x00000000ec580000,0x00000000ec580000,0x00000000ec680000)
 ParOldGen       total 68608K, used 36761K [0x00000000c0000000, 0x00000000c4300000, 0x00000000eab00000)
  object space 68608K, 53% used [0x00000000c0000000,0x00000000c23e6660,0x00000000c4300000)
 Metaspace       used 52342K, committed 53632K, reserved 1114112K
  class space    used 5553K, committed 6144K, reserved 1048576K
}
Event: 189.038 GC heap after
{Heap after GC invocations=30 (full 2):
 PSYoungGen      total 22528K, used 941K [0x00000000eab00000, 0x00000000ec680000, 0x0000000100000000)
  eden space 21504K, 0% used [0x00000000eab00000,0x00000000eab00000,0x00000000ec000000)
  from space 1024K, 91% used [0x00000000ec580000,0x00000000ec66b550,0x00000000ec680000)
  to   space 2048K, 0% used [0x00000000ec280000,0x00000000ec280000,0x00000000ec480000)
 ParOldGen       total 68608K, used 36925K [0x00000000c0000000, 0x00000000c4300000, 0x00000000eab00000)
  object space 68608K, 53% used [0x00000000c0000000,0x00000000c240f678,0x00000000c4300000)
 Metaspace       used 52342K, committed 53632K, reserved 1114112K
  class space    used 5553K, committed 6144K, reserved 1048576K
}

Dll operation events (14 events):
Event: 0.077 Loaded shared library c:\Users\palak\.vscode\extensions\redhat.java-1.41.0-win32-x64\jre\21.0.6-win32-x86_64\bin\java.dll
Event: 1.305 Loaded shared library c:\Users\palak\.vscode\extensions\redhat.java-1.41.0-win32-x64\jre\21.0.6-win32-x86_64\bin\zip.dll
Event: 1.738 Loaded shared library C:\Users\palak\.vscode\extensions\redhat.java-1.41.0-win32-x64\jre\21.0.6-win32-x86_64\bin\instrument.dll
Event: 1.804 Loaded shared library C:\Users\palak\.vscode\extensions\redhat.java-1.41.0-win32-x64\jre\21.0.6-win32-x86_64\bin\net.dll
Event: 1.814 Loaded shared library C:\Users\palak\.vscode\extensions\redhat.java-1.41.0-win32-x64\jre\21.0.6-win32-x86_64\bin\nio.dll
Event: 1.833 Loaded shared library C:\Users\palak\.vscode\extensions\redhat.java-1.41.0-win32-x64\jre\21.0.6-win32-x86_64\bin\zip.dll
Event: 2.200 Loaded shared library C:\Users\palak\.vscode\extensions\redhat.java-1.41.0-win32-x64\jre\21.0.6-win32-x86_64\bin\jimage.dll
Event: 3.172 Loaded shared library c:\Users\palak\.vscode\extensions\redhat.java-1.41.0-win32-x64\jre\21.0.6-win32-x86_64\bin\verify.dll
Event: 71.695 Loaded shared library C:\Users\palak\AppData\Roaming\Code\User\globalStorage\redhat.java\1.41.0\config_win\org.eclipse.equinox.launcher\org.eclipse.equinox.launcher.win32.win32.x86_64_1.2.1300.v20250325-0811\eclipse_11911.dll
Event: 132.197 Loaded shared library C:\Users\palak\AppData\Local\Temp\jna-106430981\jna7119336889579462146.dll
Event: 162.668 Loaded shared library C:\Users\palak\.vscode\extensions\redhat.java-1.41.0-win32-x64\jre\21.0.6-win32-x86_64\bin\management.dll
Event: 162.703 Loaded shared library C:\Users\palak\.vscode\extensions\redhat.java-1.41.0-win32-x64\jre\21.0.6-win32-x86_64\bin\management_ext.dll
Event: 164.641 Loaded shared library C:\Users\palak\.vscode\extensions\redhat.java-1.41.0-win32-x64\jre\21.0.6-win32-x86_64\bin\sunmscapi.dll
Event: 170.013 Loaded shared library C:\Users\palak\.vscode\extensions\redhat.java-1.41.0-win32-x64\jre\21.0.6-win32-x86_64\bin\extnet.dll

Deoptimization events (20 events):
Event: 183.279 Thread 0x00000169fe755bc0 DEOPT PACKING pc=0x00000169e4f40d95 sp=0x0000001fbe8fd1d0
Event: 183.279 Thread 0x00000169fe755bc0 DEOPT UNPACKING pc=0x00000169eb604242 sp=0x0000001fbe8fc6b8 mode 0
Event: 183.285 Thread 0x00000169fe755bc0 DEOPT PACKING pc=0x00000169e4f40d95 sp=0x0000001fbe8fd1d0
Event: 183.285 Thread 0x00000169fe755bc0 DEOPT UNPACKING pc=0x00000169eb604242 sp=0x0000001fbe8fc6b8 mode 0
Event: 183.286 Thread 0x00000169fe759040 DEOPT PACKING pc=0x00000169e4f40d95 sp=0x0000001fbeffec20
Event: 183.286 Thread 0x00000169fe759040 DEOPT UNPACKING pc=0x00000169eb604242 sp=0x0000001fbeffe108 mode 0
Event: 184.151 Thread 0x00000169fe756f70 DEOPT PACKING pc=0x00000169e453d688 sp=0x0000001fbf1fef70
Event: 184.151 Thread 0x00000169fe756f70 DEOPT UNPACKING pc=0x00000169eb604242 sp=0x0000001fbf1fe450 mode 0
Event: 184.836 Thread 0x00000169fe755bc0 Uncommon trap: trap_request=0xffffff45 fr.pc=0x00000169ebba3d84 relative=0x00000000000008a4
Event: 184.836 Thread 0x00000169fe755bc0 Uncommon trap: reason=unstable_if action=reinterpret pc=0x00000169ebba3d84 method=java.util.concurrent.locks.AbstractQueuedSynchronizer.apparentlyFirstQueuedIsExclusive()Z @ 6 c2
Event: 184.837 Thread 0x00000169fe755bc0 DEOPT PACKING pc=0x00000169ebba3d84 sp=0x0000001fbe8fdd10
Event: 184.837 Thread 0x00000169fe755bc0 DEOPT UNPACKING pc=0x00000169eb603aa2 sp=0x0000001fbe8fd8d0 mode 2
Event: 186.526 Thread 0x00000169fa15f1c0 Uncommon trap: trap_request=0xffffff45 fr.pc=0x00000169ebf47a2c relative=0x0000000000000a0c
Event: 186.526 Thread 0x00000169fa15f1c0 Uncommon trap: reason=unstable_if action=reinterpret pc=0x00000169ebf47a2c method=java.util.concurrent.ConcurrentHashMap.putVal(Ljava/lang/Object;Ljava/lang/Object;Z)Ljava/lang/Object; @ 97 c2
Event: 186.527 Thread 0x00000169fa15f1c0 DEOPT PACKING pc=0x00000169ebf47a2c sp=0x0000001fbd9fd9e0
Event: 186.527 Thread 0x00000169fa15f1c0 DEOPT UNPACKING pc=0x00000169eb603aa2 sp=0x0000001fbd9fd978 mode 2
Event: 187.092 Thread 0x00000169fe755bc0 Uncommon trap: trap_request=0xffffff45 fr.pc=0x00000169ebf545ac relative=0x00000000000000ec
Event: 187.092 Thread 0x00000169fe755bc0 Uncommon trap: reason=unstable_if action=reinterpret pc=0x00000169ebf545ac method=com.google.gson.stream.JsonReader.nextString()Ljava/lang/String; @ 6 c2
Event: 187.092 Thread 0x00000169fe755bc0 DEOPT PACKING pc=0x00000169ebf545ac sp=0x0000001fbe8febf0
Event: 187.092 Thread 0x00000169fe755bc0 DEOPT UNPACKING pc=0x00000169eb603aa2 sp=0x0000001fbe8feb80 mode 2

Classes loaded (20 events):
Event: 188.462 Loading class java/util/concurrent/CompletionException
Event: 188.463 Loading class java/util/concurrent/CompletionException done
Event: 188.476 Loading class java/nio/file/FileVisitOption
Event: 188.476 Loading class java/nio/file/FileVisitOption done
Event: 188.482 Loading class java/nio/file/SimpleFileVisitor
Event: 188.812 Loading class java/nio/file/SimpleFileVisitor done
Event: 188.817 Loading class java/nio/file/FileTreeWalker
Event: 188.826 Loading class java/nio/file/FileTreeWalker done
Event: 188.827 Loading class java/nio/file/FileTreeWalker$1
Event: 188.828 Loading class java/nio/file/FileTreeWalker$1 done
Event: 188.830 Loading class java/nio/file/FileTreeWalker$DirectoryNode
Event: 188.831 Loading class java/nio/file/FileTreeWalker$DirectoryNode done
Event: 188.834 Loading class java/nio/file/FileTreeWalker$Event
Event: 188.836 Loading class java/nio/file/FileTreeWalker$Event done
Event: 188.836 Loading class java/nio/file/FileTreeWalker$EventType
Event: 188.836 Loading class java/nio/file/FileTreeWalker$EventType done
Event: 188.836 Loading class java/nio/file/Files$3
Event: 188.836 Loading class java/nio/file/Files$3 done
Event: 188.847 Loading class java/nio/file/FileVisitResult
Event: 188.848 Loading class java/nio/file/FileVisitResult done

Classes unloaded (7 events):
Event: 139.508 Thread 0x00000169f51bf030 Unloading class 0x00000169811a1400 'java/lang/invoke/LambdaForm$MH+0x00000169811a1400'
Event: 139.509 Thread 0x00000169f51bf030 Unloading class 0x00000169811a1000 'java/lang/invoke/LambdaForm$MH+0x00000169811a1000'
Event: 139.509 Thread 0x00000169f51bf030 Unloading class 0x00000169811a0c00 'java/lang/invoke/LambdaForm$MH+0x00000169811a0c00'
Event: 139.509 Thread 0x00000169f51bf030 Unloading class 0x00000169811a0800 'java/lang/invoke/LambdaForm$MH+0x00000169811a0800'
Event: 139.509 Thread 0x00000169f51bf030 Unloading class 0x00000169811a0400 'java/lang/invoke/LambdaForm$BMH+0x00000169811a0400'
Event: 139.509 Thread 0x00000169f51bf030 Unloading class 0x00000169811a0000 'java/lang/invoke/LambdaForm$DMH+0x00000169811a0000'
Event: 139.509 Thread 0x00000169f51bf030 Unloading class 0x000001698119ec00 'java/lang/invoke/LambdaForm$DMH+0x000001698119ec00'

Classes redefined (0 events):
No events

Internal exceptions (20 events):
Event: 171.339 Thread 0x00000169fa15fee0 Exception <a 'sun/nio/fs/WindowsException'{0x00000000eb67fc60}> (0x00000000eb67fc60) 
thrown [s\src\hotspot\share\prims\jni.cpp, line 520]
Event: 171.462 Thread 0x00000169fa15fee0 Exception <a 'java/io/FileNotFoundException'{0x00000000eb86bba8}> (0x00000000eb86bba8) 
thrown [s\src\hotspot\share\prims\jni.cpp, line 520]
Event: 171.463 Thread 0x00000169fa15fee0 Exception <a 'java/io/FileNotFoundException'{0x00000000eb86ce18}> (0x00000000eb86ce18) 
thrown [s\src\hotspot\share\prims\jni.cpp, line 520]
Event: 171.479 Thread 0x00000169fa15fee0 Exception <a 'java/lang/NoSuchMethodError'{0x00000000eb92e728}: 'java.lang.Object java.lang.invoke.DirectMethodHandle$Holder.newInvokeSpecial(java.lang.Object, java.lang.Object, java.lang.Object, int)'> (0x00000000eb92e728) 
thrown [s\src\hotspot\share\interpreter\linkResolver.cpp, line 773]
Event: 171.485 Thread 0x00000169fa15fee0 Exception <a 'java/lang/NoSuchMethodError'{0x00000000eb932620}: 'java.lang.Object java.lang.invoke.DirectMethodHandle$Holder.invokeSpecial(java.lang.Object, java.lang.Object, java.lang.Object, java.lang.Object, int)'> (0x00000000eb932620) 
thrown [s\src\hotspot\share\interpreter\linkResolver.cpp, line 773]
Event: 171.486 Thread 0x00000169fa15fee0 Exception <a 'java/lang/NoSuchMethodError'{0x00000000eb935ac8}: 'java.lang.Object java.lang.invoke.Invokers$Holder.linkToTargetMethod(java.lang.Object, java.lang.Object, int, java.lang.Object)'> (0x00000000eb935ac8) 
thrown [s\src\hotspot\share\interpreter\linkResolver.cpp, line 773]
Event: 171.544 Thread 0x00000169fa15eb30 Exception <a 'java/lang/NoClassDefFoundError'{0x00000000ebace9e0}: com/google/inject/servlet/ServletModuleTargetVisitor> (0x00000000ebace9e0) 
thrown [s\src\hotspot\share\classfile\systemDictionary.cpp, line 301]
Event: 171.722 Thread 0x00000169fa15eb30 Exception <a 'java/lang/NoSuchMethodError'{0x00000000ebd65140}: 'java.lang.Object java.lang.invoke.DirectMethodHandle$Holder.invokeStatic(java.lang.Object, int, java.lang.Object, java.lang.Object)'> (0x00000000ebd65140) 
thrown [s\src\hotspot\share\interpreter\linkResolver.cpp, line 773]
Event: 171.760 Thread 0x00000169fa15eb30 Exception <a 'java/lang/NoSuchMethodError'{0x00000000ebd8f730}: 'java.lang.Object java.lang.invoke.DelegatingMethodHandle$Holder.delegate(java.lang.Object, int, java.lang.Object, java.lang.Object)'> (0x00000000ebd8f730) 
thrown [s\src\hotspot\share\interpreter\linkResolver.cpp, line 773]
Event: 171.836 Thread 0x00000169fa15eb30 Implicit null exception at 0x00000169ebd63576 to 0x00000169ebd63898
Event: 171.954 Thread 0x00000169fa15eb30 Exception <a 'java/lang/NoSuchMethodError'{0x00000000ebda2df0}: 'int java.lang.invoke.Invokers$Holder.linkToTargetMethod(java.lang.Object, java.lang.Object, java.lang.Object)'> (0x00000000ebda2df0) 
thrown [s\src\hotspot\share\interpreter\linkResolver.cpp, line 773]
Event: 172.192 Thread 0x00000169fa15fee0 Exception <a 'java/io/FileNotFoundException'{0x00000000ead11b20}> (0x00000000ead11b20) 
thrown [s\src\hotspot\share\prims\jni.cpp, line 520]
Event: 172.193 Thread 0x00000169fa15fee0 Exception <a 'java/io/FileNotFoundException'{0x00000000ead12868}> (0x00000000ead12868) 
thrown [s\src\hotspot\share\prims\jni.cpp, line 520]
Event: 172.579 Thread 0x00000169fe755bc0 Exception <a 'java/io/FileNotFoundException'{0x00000000eba62190}> (0x00000000eba62190) 
thrown [s\src\hotspot\share\prims\jni.cpp, line 520]
Event: 175.219 Thread 0x00000169fa15f1c0 Implicit null exception at 0x00000169ebc408ec to 0x00000169ebc409a4
Event: 176.286 Thread 0x00000169fa15f1c0 Exception <a 'java/lang/NoSuchMethodError'{0x00000000eb9229a0}: 'void java.lang.invoke.DirectMethodHandle$Holder.invokeStaticInit(java.lang.Object, java.lang.Object, java.lang.Object, java.lang.Object)'> (0x00000000eb9229a0) 
thrown [s\src\hotspot\share\interpreter\linkResolver.cpp, line 773]
Event: 186.888 Thread 0x00000169fa15f1c0 Exception <a 'java/lang/NoSuchMethodError'{0x00000000ebb573b8}: 'int java.lang.invoke.DirectMethodHandle$Holder.invokeSpecialIFC(java.lang.Object, java.lang.Object, java.lang.Object, java.lang.Object)'> (0x00000000ebb573b8) 
thrown [s\src\hotspot\share\interpreter\linkResolver.cpp, line 773]
Event: 187.110 Thread 0x00000169fe755bc0 Exception <a 'java/lang/IncompatibleClassChangeError'{0x00000000ebc6d9f0}: Found class java.lang.Object, but interface was expected> (0x00000000ebc6d9f0) 
thrown [s\src\hotspot\share\interpreter\linkResolver.cpp, line 840]
Event: 188.376 Thread 0x00000169fa15f1c0 Exception <a 'java/lang/NoSuchMethodError'{0x00000000ebd8dde0}: 'int java.lang.invoke.DirectMethodHandle$Holder.invokeInterface(java.lang.Object, java.lang.Object)'> (0x00000000ebd8dde0) 
thrown [s\src\hotspot\share\interpreter\linkResolver.cpp, line 773]
Event: 188.376 Thread 0x00000169fa15f1c0 Exception <a 'java/lang/IncompatibleClassChangeError'{0x00000000ebd91048}: Found class java.lang.Object, but interface was expected> (0x00000000ebd91048) 
thrown [s\src\hotspot\share\interpreter\linkResolver.cpp, line 840]

ZGC Phase Switch (0 events):
No events

VM Operations (20 events):
Event: 182.860 Executing VM operation: ParallelGCFailedAllocation (Allocation Failure)
Event: 182.869 Executing VM operation: ParallelGCFailedAllocation (Allocation Failure) done
Event: 183.510 Executing VM operation: ParallelGCFailedAllocation (Allocation Failure)
Event: 183.512 Executing VM operation: ParallelGCFailedAllocation (Allocation Failure) done
Event: 184.518 Executing VM operation: Cleanup
Event: 184.518 Executing VM operation: Cleanup done
Event: 184.812 Executing VM operation: ParallelGCFailedAllocation (Allocation Failure)
Event: 184.819 Executing VM operation: ParallelGCFailedAllocation (Allocation Failure) done
Event: 185.248 Executing VM operation: ParallelGCFailedAllocation (Allocation Failure)
Event: 185.252 Executing VM operation: ParallelGCFailedAllocation (Allocation Failure) done
Event: 185.486 Executing VM operation: ParallelGCFailedAllocation (Allocation Failure)
Event: 185.490 Executing VM operation: ParallelGCFailedAllocation (Allocation Failure) done
Event: 186.505 Executing VM operation: Cleanup
Event: 186.521 Executing VM operation: Cleanup done
Event: 187.531 Executing VM operation: Cleanup
Event: 187.531 Executing VM operation: Cleanup done
Event: 188.542 Executing VM operation: Cleanup
Event: 188.542 Executing VM operation: Cleanup done
Event: 189.034 Executing VM operation: ParallelGCFailedAllocation (Allocation Failure)
Event: 189.038 Executing VM operation: ParallelGCFailedAllocation (Allocation Failure) done

Memory protections (0 events):
No events

Nmethod flushes (20 events):
Event: 162.845 Thread 0x00000169f51bf030 flushing  nmethod 0x00000169e47e8a90
Event: 162.845 Thread 0x00000169f51bf030 flushing  nmethod 0x00000169e47e9c90
Event: 162.845 Thread 0x00000169f51bf030 flushing  nmethod 0x00000169e4807790
Event: 162.845 Thread 0x00000169f51bf030 flushing  nmethod 0x00000169e484a090
Event: 162.845 Thread 0x00000169f51bf030 flushing  nmethod 0x00000169e4857790
Event: 162.845 Thread 0x00000169f51bf030 flushing  nmethod 0x00000169e4888c10
Event: 162.845 Thread 0x00000169f51bf030 flushing  nmethod 0x00000169e48a9310
Event: 162.845 Thread 0x00000169f51bf030 flushing  nmethod 0x00000169e48a9710
Event: 162.845 Thread 0x00000169f51bf030 flushing  nmethod 0x00000169e48aa010
Event: 162.845 Thread 0x00000169f51bf030 flushing  nmethod 0x00000169e48ab210
Event: 162.845 Thread 0x00000169f51bf030 flushing  nmethod 0x00000169e48abf10
Event: 162.845 Thread 0x00000169f51bf030 flushing  nmethod 0x00000169e48adc10
Event: 162.845 Thread 0x00000169f51bf030 flushing  nmethod 0x00000169e48ae110
Event: 162.845 Thread 0x00000169f51bf030 flushing  nmethod 0x00000169e48aea10
Event: 162.845 Thread 0x00000169f51bf030 flushing  nmethod 0x00000169e48afa10
Event: 162.845 Thread 0x00000169f51bf030 flushing  nmethod 0x00000169e48b1490
Event: 162.845 Thread 0x00000169f51bf030 flushing  nmethod 0x00000169e48bc210
Event: 162.845 Thread 0x00000169f51bf030 flushing  nmethod 0x00000169e4939010
Event: 162.845 Thread 0x00000169f51bf030 flushing  nmethod 0x00000169e4977210
Event: 162.845 Thread 0x00000169f51bf030 flushing  nmethod 0x00000169e49a9c90

Events (20 events):
Event: 170.919 Thread 0x00000169f5252c10 Thread added: 0x00000169fa9c94a0
Event: 171.067 Thread 0x00000169fa9c94a0 Thread exited: 0x00000169fa9c94a0
Event: 171.176 Thread 0x00000169f5252c10 Thread added: 0x00000169fa9c8030
Event: 172.246 Thread 0x00000169fa15fee0 Thread added: 0x00000169fe752740
Event: 172.311 Thread 0x00000169fe752740 Thread added: 0x00000169fe756250
Event: 172.319 Thread 0x00000169fa15fee0 Thread added: 0x00000169fe752dd0
Event: 175.135 Thread 0x00000169fa9c8030 Thread exited: 0x00000169fa9c8030
Event: 175.643 Thread 0x00000169f5252c10 Thread added: 0x00000169fa9c94a0
Event: 176.096 Thread 0x00000169fa15f1c0 Thread added: 0x00000169fe7568e0
Event: 176.107 Thread 0x00000169fe7568e0 Thread exited: 0x00000169fe7568e0
Event: 176.252 Thread 0x00000169fa15f1c0 Thread added: 0x00000169fe7596d0
Event: 177.536 Thread 0x00000169fa9c94a0 Thread exited: 0x00000169fa9c94a0
Event: 182.245 Thread 0x00000169fe755bc0 Thread added: 0x00000169fe7568e0
Event: 182.257 Thread 0x00000169fa26db90 Thread added: 0x00000169fe759040
Event: 182.266 Thread 0x00000169fe7568e0 Thread added: 0x00000169fe7589b0
Event: 182.272 Thread 0x00000169fe759040 Thread added: 0x00000169fe756f70
Event: 182.676 Thread 0x00000169f5252c10 Thread added: 0x00000169fa9c94a0
Event: 185.087 Thread 0x00000169fa9c94a0 Thread exited: 0x00000169fa9c94a0
Event: 186.278 Thread 0x00000169fe7596d0 Thread exited: 0x00000169fe7596d0
Event: 189.056 Thread 0x00000169f5252c10 Thread added: 0x00000169fa9c9b70


Dynamic libraries:
0x00007ff760b60000 - 0x00007ff760b6e000 	c:\Users\palak\.vscode\extensions\redhat.java-1.41.0-win32-x64\jre\21.0.6-win32-x86_64\bin\java.exe
0x00007fffffd80000 - 0x00007ffffffe3000 	C:\WINDOWS\SYSTEM32\ntdll.dll
0x00007ffffe650000 - 0x00007ffffe717000 	C:\WINDOWS\System32\KERNEL32.DLL
0x00007ffffd7f0000 - 0x00007ffffdbb9000 	C:\WINDOWS\System32\KERNELBASE.dll
0x00007ffffd400000 - 0x00007ffffd54c000 	C:\WINDOWS\System32\ucrtbase.dll
0x00007fffecfd0000 - 0x00007fffecfe8000 	c:\Users\palak\.vscode\extensions\redhat.java-1.41.0-win32-x64\jre\21.0.6-win32-x86_64\bin\jli.dll
0x00007ffffed20000 - 0x00007ffffeeea000 	C:\WINDOWS\System32\USER32.dll
0x00007ffffd250000 - 0x00007ffffd277000 	C:\WINDOWS\System32\win32u.dll
0x00007ffffe570000 - 0x00007ffffe59a000 	C:\WINDOWS\System32\GDI32.dll
0x00007ffffd110000 - 0x00007ffffd241000 	C:\WINDOWS\System32\gdi32full.dll
0x00007ffffdbc0000 - 0x00007ffffdc63000 	C:\WINDOWS\System32\msvcp_win.dll
0x00007fffe2800000 - 0x00007fffe281e000 	c:\Users\palak\.vscode\extensions\redhat.java-1.41.0-win32-x64\jre\21.0.6-win32-x86_64\bin\VCRUNTIME140.dll
0x00007fffebac0000 - 0x00007fffebd50000 	C:\WINDOWS\WinSxS\amd64_microsoft.windows.common-controls_6595b64144ccf1df_6.0.26100.3323_none_3e088096e3344490\COMCTL32.dll
0x00007fffffbf0000 - 0x00007fffffc99000 	C:\WINDOWS\System32\msvcrt.dll
0x00007fffff060000 - 0x00007fffff08f000 	C:\WINDOWS\System32\IMM32.DLL
0x00007ffff8040000 - 0x00007ffff804c000 	c:\Users\palak\.vscode\extensions\redhat.java-1.41.0-win32-x64\jre\21.0.6-win32-x86_64\bin\vcruntime140_1.dll
0x00007fffd5800000 - 0x00007fffd588d000 	c:\Users\palak\.vscode\extensions\redhat.java-1.41.0-win32-x64\jre\21.0.6-win32-x86_64\bin\msvcp140.dll
0x00007fff5c8b0000 - 0x00007fff5d640000 	c:\Users\palak\.vscode\extensions\redhat.java-1.41.0-win32-x64\jre\21.0.6-win32-x86_64\bin\server\jvm.dll
0x00007ff800090000 - 0x00007ff800142000 	C:\WINDOWS\System32\ADVAPI32.dll
0x00007ffffe2f0000 - 0x00007ffffe396000 	C:\WINDOWS\System32\sechost.dll
0x00007ffffe450000 - 0x00007ffffe566000 	C:\WINDOWS\System32\RPCRT4.dll
0x00007ffffe220000 - 0x00007ffffe294000 	C:\WINDOWS\System32\WS2_32.dll
0x00007ffffcfa0000 - 0x00007ffffcfee000 	C:\WINDOWS\SYSTEM32\POWRPROF.dll
0x00007ffff68a0000 - 0x00007ffff68d6000 	C:\WINDOWS\SYSTEM32\WINMM.dll
0x00007ffff68e0000 - 0x00007ffff68eb000 	C:\WINDOWS\SYSTEM32\VERSION.dll
0x00007ffffcf80000 - 0x00007ffffcf94000 	C:\WINDOWS\SYSTEM32\UMPDC.dll
0x00007ffffbf30000 - 0x00007ffffbf4a000 	C:\WINDOWS\SYSTEM32\kernel.appcore.dll
0x00007ffff6c70000 - 0x00007ffff6c7a000 	c:\Users\palak\.vscode\extensions\redhat.java-1.41.0-win32-x64\jre\21.0.6-win32-x86_64\bin\jimage.dll
0x00007fffebf70000 - 0x00007fffec1b1000 	C:\WINDOWS\SYSTEM32\DBGHELP.DLL
0x00007fffff820000 - 0x00007fffffba2000 	C:\WINDOWS\System32\combase.dll
0x00007fffffca0000 - 0x00007fffffd76000 	C:\WINDOWS\System32\OLEAUT32.dll
0x00007fffdc9b0000 - 0x00007fffdc9e9000 	C:\WINDOWS\SYSTEM32\dbgcore.DLL
0x00007ffffd5e0000 - 0x00007ffffd679000 	C:\WINDOWS\System32\bcryptPrimitives.dll
0x00007fffeaf90000 - 0x00007fffeaf9f000 	c:\Users\palak\.vscode\extensions\redhat.java-1.41.0-win32-x64\jre\21.0.6-win32-x86_64\bin\instrument.dll
0x00007fffc82b0000 - 0x00007fffc82cf000 	c:\Users\palak\.vscode\extensions\redhat.java-1.41.0-win32-x64\jre\21.0.6-win32-x86_64\bin\java.dll
0x00007fffff0a0000 - 0x00007fffff7b5000 	C:\WINDOWS\System32\SHELL32.dll
0x00007ffffd680000 - 0x00007ffffd7e8000 	C:\WINDOWS\System32\wintypes.dll
0x00007ffffadf0000 - 0x00007ffffb635000 	C:\WINDOWS\SYSTEM32\windows.storage.dll
0x00007ffffeef0000 - 0x00007ffffefdb000 	C:\WINDOWS\System32\SHCORE.dll
0x00007ffffe1c0000 - 0x00007ffffe21d000 	C:\WINDOWS\System32\shlwapi.dll
0x00007ffffd020000 - 0x00007ffffd04f000 	C:\WINDOWS\SYSTEM32\profapi.dll
0x00007fffc8290000 - 0x00007fffc82a8000 	c:\Users\palak\.vscode\extensions\redhat.java-1.41.0-win32-x64\jre\21.0.6-win32-x86_64\bin\zip.dll
0x00007fffc9c20000 - 0x00007fffc9c30000 	C:\Users\palak\.vscode\extensions\redhat.java-1.41.0-win32-x64\jre\21.0.6-win32-x86_64\bin\net.dll
0x00007ffff2da0000 - 0x00007ffff2ebe000 	C:\WINDOWS\SYSTEM32\WINHTTP.dll
0x00007ffffc450000 - 0x00007ffffc4ba000 	C:\WINDOWS\system32\mswsock.dll
0x00007fffc64c0000 - 0x00007fffc64d6000 	C:\Users\palak\.vscode\extensions\redhat.java-1.41.0-win32-x64\jre\21.0.6-win32-x86_64\bin\nio.dll
0x00007fffc8280000 - 0x00007fffc8290000 	c:\Users\palak\.vscode\extensions\redhat.java-1.41.0-win32-x64\jre\21.0.6-win32-x86_64\bin\verify.dll
0x00007fffd59a0000 - 0x00007fffd59e5000 	C:\Users\palak\AppData\Roaming\Code\User\globalStorage\redhat.java\1.41.0\config_win\org.eclipse.equinox.launcher\org.eclipse.equinox.launcher.win32.win32.x86_64_1.2.1300.v20250325-0811\eclipse_11911.dll
0x00007ffffe900000 - 0x00007ffffea95000 	C:\WINDOWS\System32\ole32.dll
0x00007ffffc6f0000 - 0x00007ffffc70c000 	C:\WINDOWS\SYSTEM32\CRYPTSP.dll
0x00007ffffbe90000 - 0x00007ffffbeca000 	C:\WINDOWS\system32\rsaenh.dll
0x00007ffffc4f0000 - 0x00007ffffc51b000 	C:\WINDOWS\SYSTEM32\USERENV.dll
0x00007ffffc930000 - 0x00007ffffc956000 	C:\WINDOWS\SYSTEM32\bcrypt.dll
0x00007ffffc710000 - 0x00007ffffc71c000 	C:\WINDOWS\SYSTEM32\CRYPTBASE.dll
0x00007ffffb930000 - 0x00007ffffb963000 	C:\WINDOWS\SYSTEM32\IPHLPAPI.DLL
0x00007ffffe3b0000 - 0x00007ffffe3ba000 	C:\WINDOWS\System32\NSI.dll
0x00007fffd58c0000 - 0x00007fffd5909000 	C:\Users\palak\AppData\Local\Temp\jna-106430981\jna7119336889579462146.dll
0x00007ffffe3a0000 - 0x00007ffffe3a8000 	C:\WINDOWS\System32\PSAPI.DLL
0x00007ffff8110000 - 0x00007ffff811a000 	C:\Users\palak\.vscode\extensions\redhat.java-1.41.0-win32-x64\jre\21.0.6-win32-x86_64\bin\management.dll
0x00007ffff8100000 - 0x00007ffff810b000 	C:\Users\palak\.vscode\extensions\redhat.java-1.41.0-win32-x64\jre\21.0.6-win32-x86_64\bin\management_ext.dll
0x00007ffff2d30000 - 0x00007ffff2d4f000 	C:\WINDOWS\SYSTEM32\dhcpcsvc6.DLL
0x00007ffff2d00000 - 0x00007ffff2d25000 	C:\WINDOWS\SYSTEM32\dhcpcsvc.DLL
0x00007ffff80d0000 - 0x00007ffff80de000 	C:\Users\palak\.vscode\extensions\redhat.java-1.41.0-win32-x64\jre\21.0.6-win32-x86_64\bin\sunmscapi.dll
0x00007ffffd280000 - 0x00007ffffd3f7000 	C:\WINDOWS\System32\CRYPT32.dll
0x00007ffffc8f0000 - 0x00007ffffc920000 	C:\WINDOWS\SYSTEM32\ncrypt.dll
0x00007ffffc8a0000 - 0x00007ffffc8df000 	C:\WINDOWS\SYSTEM32\NTASN1.dll
0x00007ffffb970000 - 0x00007ffffba95000 	C:\WINDOWS\SYSTEM32\DNSAPI.dll
0x00007ffff01f0000 - 0x00007ffff01fb000 	C:\Windows\System32\rasadhlp.dll
0x00007ffff1c90000 - 0x00007ffff1d15000 	C:\WINDOWS\System32\fwpuclnt.dll
0x00007fffd5930000 - 0x00007fffd5939000 	C:\Users\palak\.vscode\extensions\redhat.java-1.41.0-win32-x64\jre\21.0.6-win32-x86_64\bin\extnet.dll

dbghelp: loaded successfully - version: 4.0.5 - missing functions: none
symbol engine: initialized successfully - sym options: 0x614 - pdb path: .;c:\Users\palak\.vscode\extensions\redhat.java-1.41.0-win32-x64\jre\21.0.6-win32-x86_64\bin;C:\WINDOWS\SYSTEM32;C:\WINDOWS\WinSxS\amd64_microsoft.windows.common-controls_6595b64144ccf1df_6.0.26100.3323_none_3e088096e3344490;c:\Users\palak\.vscode\extensions\redhat.java-1.41.0-win32-x64\jre\21.0.6-win32-x86_64\bin\server;C:\Users\palak\AppData\Roaming\Code\User\globalStorage\redhat.java\1.41.0\config_win\org.eclipse.equinox.launcher\org.eclipse.equinox.launcher.win32.win32.x86_64_1.2.1300.v20250325-0811;C:\Users\palak\AppData\Local\Temp\jna-106430981

VM Arguments:
jvm_args: --add-modules=ALL-SYSTEM --add-opens=java.base/java.util=ALL-UNNAMED --add-opens=java.base/java.lang=ALL-UNNAMED --add-opens=java.base/sun.nio.fs=ALL-UNNAMED -Declipse.application=org.eclipse.jdt.ls.core.id1 -Dosgi.bundles.defaultStartLevel=4 -Declipse.product=org.eclipse.jdt.ls.core.product -Djava.import.generatesMetadataFilesAtProjectRoot=false -DDetectVMInstallationsJob.disabled=true -Dfile.encoding=utf8 -XX:+UseParallelGC -XX:GCTimeRatio=4 -XX:AdaptiveSizePolicyWeight=90 -Dsun.zip.disableMemoryMapping=true -Xmx1G -Xms100m -Xlog:disable -javaagent:c:\Users\palak\.vscode\extensions\redhat.java-1.41.0-win32-x64\lombok\lombok-1.18.36.jar -XX:+HeapDumpOnOutOfMemoryError -XX:HeapDumpPath=c:\Users\palak\AppData\Roaming\Code\User\workspaceStorage\632f04cdbe9e26a6a5769c745b0508de\redhat.java -Daether.dependencyCollector.impl=bf 
java_command: c:\Users\palak\.vscode\extensions\redhat.java-1.41.0-win32-x64\server\plugins\org.eclipse.equinox.launcher_1.6.1100.v20250306-0509.jar -configuration c:\Users\palak\AppData\Roaming\Code\User\globalStorage\redhat.java\1.41.0\config_win -data c:\Users\palak\AppData\Roaming\Code\User\workspaceStorage\632f04cdbe9e26a6a5769c745b0508de\redhat.java\jdt_ws --pipe=\\.\pipe\lsp-6a21f2f3df5ddfac272fe5276f4e3938-sock
java_class_path (initial): c:\Users\palak\.vscode\extensions\redhat.java-1.41.0-win32-x64\server\plugins\org.eclipse.equinox.launcher_1.6.1100.v20250306-0509.jar
Launcher Type: SUN_STANDARD

[Global flags]
    uintx AdaptiveSizePolicyWeight                 = 90                                        {product} {command line}
     intx CICompilerCount                          = 3                                         {product} {ergonomic}
    uintx GCTimeRatio                              = 4                                         {product} {command line}
     bool HeapDumpOnOutOfMemoryError               = true                                   {manageable} {command line}
    ccstr HeapDumpPath                             = c:\Users\palak\AppData\Roaming\Code\User\workspaceStorage\632f04cdbe9e26a6a5769c745b0508de\redhat.java         {manageable} {command line}
   size_t InitialHeapSize                          = 104857600                                 {product} {command line}
   size_t MaxHeapSize                              = 1073741824                                {product} {command line}
   size_t MaxNewSize                               = 357564416                                 {product} {ergonomic}
   size_t MinHeapDeltaBytes                        = 524288                                    {product} {ergonomic}
   size_t MinHeapSize                              = 104857600                                 {product} {command line}
   size_t NewSize                                  = 34603008                                  {product} {ergonomic}
    uintx NonNMethodCodeHeapSize                   = 5832780                                {pd product} {ergonomic}
    uintx NonProfiledCodeHeapSize                  = 122912730                              {pd product} {ergonomic}
   size_t OldSize                                  = 70254592                                  {product} {ergonomic}
    uintx ProfiledCodeHeapSize                     = 122912730                              {pd product} {ergonomic}
    uintx ReservedCodeCacheSize                    = 251658240                              {pd product} {ergonomic}
     bool SegmentedCodeCache                       = true                                      {product} {ergonomic}
   size_t SoftMaxHeapSize                          = 1073741824                             {manageable} {ergonomic}
     bool UseCompressedOops                        = true                           {product lp64_product} {ergonomic}
     bool UseLargePagesIndividualAllocation        = false                                  {pd product} {ergonomic}
     bool UseParallelGC                            = true                                      {product} {command line}

Logging:
Log output configuration:
 #0: stdout all=off uptime,level,tags foldmultilines=false
 #1: stderr all=off uptime,level,tags foldmultilines=false

Environment Variables:
JAVA_HOME=C:\Users\palak\Downloads\java-21-openjdk-21.0.1.0.12-3.win.jdk.x86_64\java-21-openjdk-21.0.1.0.12-3.win.jdk.x86_64
PATH=C:\Program Files (x86)\Common Files\Oracle\Java\java8path;C:\Program Files (x86)\Common Files\Oracle\Java\javapath;C:\WINDOWS\system32;C:\WINDOWS;C:\WINDOWS\System32\Wbem;C:\WINDOWS\System32\WindowsPowerShell\v1.0\;C:\WINDOWS\System32\OpenSSH\;C:\Users\palak\Downloads\java-21-openjdk-21.0.1.0.12-3.win.jdk.x86_64\java-21-openjdk-21.0.1.0.12-3.win.jdk.x86_64\bin;C:\Users\palak\Downloads\apache-maven-3.9.8-bin\bin;c:\users\palak\appdata\local\packages\pythonsoftwarefoundation.python.3.11_qbz5n2kfra8p0\localcache\local-packages\python311\site-packages;C:\ProgramData\chocolatey\bin;C:\Program Files\nodejs\;C:\Users\palak\AppData\Local\Programs\Python\Python312\Scripts;C:\Program Files\Git\cmd;C:\Users\palak\Downloads\flutter_windows_3.27.3-stable\flutter\bin;C:\Users\palak\AppData\Local\Android\Sdk\cmdline-tools\latest\bin;C:\Users\palak\AppData\Local\Android\Sdk\platform-tools;C:\ffmpeg;C:\Program Files\MongoDB\Server\8.0\bin;C:\Users\palak\AppData\Local\Programs\Python\Python313\Scripts\;C:\Users\palak\AppData\Local\Programs\Python\Python313\;C:\Users\palak\AppData\Local\Programs\Python\Python312\Scripts\;C:\Users\palak\AppData\Local\Programs\Python\Python312\;C:\Users\palak\AppData\Local\Programs\Python\Launcher\;C:\Program Files\MySQL\MySQL Shell 8.0\bin\;C:\Users\palak\AppData\Local\Microsoft\WindowsApps;C:\Users\palak\AppData\Local\Programs\Microsoft VS Code\bin;C:\Program Files\JetBrains\IntelliJ IDEA Community Edition 2023.3.3\bin;C:\Users\palak\AppData\Local\JetBrains\CLion 2023.3.4\bin;C:\Program Files\JetBrains\PyCharm 2024.1.2\bin;C:\Program Files\JetBrains\PyCharm Community Edition 2024.1.4\bin;C:\Users\palak\AppData\Local\JetBrains\Toolbox\scripts;C:\Users\palak\AppData\Roaming\npm;C:\Users\palak\AppData\Local\GitHubDesktop\bin;C:\Users\palak\AppData\Local\Microsoft\WindowsApps;
USERNAME=palak
OS=Windows_NT
PROCESSOR_IDENTIFIER=AMD64 Family 23 Model 24 Stepping 1, AuthenticAMD
TMP=C:\Users\palak\AppData\Local\Temp
TEMP=C:\Users\palak\AppData\Local\Temp




Periodic native trim disabled

---------------  S Y S T E M  ---------------

OS:
 Windows 11 , 64 bit Build 26100 (10.0.26100.3323)
OS uptime: 0 days 0:37 hours

CPU: total 4 (initial active 4) (4 cores per cpu, 2 threads per core) family 23 model 24 stepping 1 microcode 0x8108109, cx8, cmov, fxsr, ht, mmx, 3dnowpref, sse, sse2, sse3, ssse3, sse4a, sse4.1, sse4.2, popcnt, lzcnt, tsc, tscinvbit, avx, avx2, aes, clmul, bmi1, bmi2, adx, sha, fma, vzeroupper, clflush, clflushopt, rdtscp, f16c
Processor Information for the first 4 processors :
  Max Mhz: 2600, Current Mhz: 2600, Mhz Limit: 2600

Memory: 4k page, system-wide physical 6086M (583M free)
TotalPageFile size 14278M (AvailPageFile size 241M)
current process WorkingSet (physical memory assigned to process): 218M, peak: 244M
current process commit charge ("private bytes"): 285M, peak: 313M

vm_info: OpenJDK 64-Bit Server VM (21.0.6+7-LTS) for windows-amd64 JRE (21.0.6+7-LTS), built on 2025-01-21T00:00:00Z by "admin" with MS VC++ 17.7 (VS2022)

END.
