#
# There is insufficient memory for the Java Runtime Environment to continue.
# Native memory allocation (malloc) failed to allocate 715936 bytes. Error detail: Chunk::new
# Possible reasons:
#   The system is out of physical RAM or swap space
#   This process is running with CompressedOops enabled, and the Java Heap may be blocking the growth of the native heap
# Possible solutions:
#   Reduce memory load on the system
#   Increase physical memory or swap space
#   Check if swap backing store is full
#   Decrease Java heap size (-Xmx/-Xms)
#   Decrease number of Java threads
#   Decrease Java thread stack sizes (-Xss)
#   Set larger code cache with -XX:ReservedCodeCacheSize=
#   JVM is running with Unscaled Compressed Oops mode in which the Java heap is
#     placed in the first 4GB address space. The Java Heap base address is the
#     maximum limit for the native heap growth. Please use -XX:HeapBaseMinAddress
#     to set the Java Heap base and to place the Java Heap above 4GB virtual address.
# This output file may be truncated or incomplete.
#
#  Out of Memory Error (arena.cpp:168), pid=17344, tid=17340
#
# JRE version: OpenJDK Runtime Environment Temurin-21.0.6+7 (21.0.6+7) (build 21.0.6+7-LTS)
# Java VM: OpenJDK 64-Bit Server VM Temurin-21.0.6+7 (21.0.6+7-LTS, mixed mode, sharing, tiered, compressed oops, compressed class ptrs, parallel gc, windows-amd64)
# No core dump will be written. Minidumps are not enabled by default on client versions of Windows
#

---------------  S U M M A R Y ------------

Command Line: --add-modules=ALL-SYSTEM --add-opens=java.base/java.util=ALL-UNNAMED --add-opens=java.base/java.lang=ALL-UNNAMED --add-opens=java.base/sun.nio.fs=ALL-UNNAMED -Declipse.application=org.eclipse.jdt.ls.core.id1 -Dosgi.bundles.defaultStartLevel=4 -Declipse.product=org.eclipse.jdt.ls.core.product -Djava.import.generatesMetadataFilesAtProjectRoot=false -DDetectVMInstallationsJob.disabled=true -Dfile.encoding=utf8 -XX:+UseParallelGC -XX:GCTimeRatio=4 -XX:AdaptiveSizePolicyWeight=90 -Dsun.zip.disableMemoryMapping=true -Xmx1G -Xms100m -Xlog:disable -javaagent:c:\Users\palak\.vscode\extensions\redhat.java-1.40.0-win32-x64\lombok\lombok-1.18.36.jar -XX:+HeapDumpOnOutOfMemoryError -XX:HeapDumpPath=c:\Users\palak\AppData\Roaming\Code\User\workspaceStorage\632f04cdbe9e26a6a5769c745b0508de\redhat.java -Daether.dependencyCollector.impl=bf c:\Users\palak\.vscode\extensions\redhat.java-1.40.0-win32-x64\server\plugins\org.eclipse.equinox.launcher_1.6.1000.v20250131-0606.jar -configuration c:\Users\palak\AppData\Roaming\Code\User\globalStorage\redhat.java\1.40.0\config_win -data c:\Users\palak\AppData\Roaming\Code\User\workspaceStorage\632f04cdbe9e26a6a5769c745b0508de\redhat.java\jdt_ws --pipe=\\.\pipe\lsp-65bb97fe1c2b851733e4d9fa9f06b539-sock

Host: AMD Ryzen 3 3250U with Radeon Graphics         , 4 cores, 5G,  Windows 11 , 64 bit Build 26100 (10.0.26100.3323)
Time: Fri Mar 21 17:30:58 2025 India Standard Time elapsed time: 109.342294 seconds (0d 0h 1m 49s)

---------------  T H R E A D  ---------------

Current thread (0x00000231b8eb4ae0):  JavaThread "C2 CompilerThread0" daemon [_thread_in_native, id=17340, stack(0x0000008a74800000,0x0000008a74900000) (1024K)]


Current CompileTask:
C2:109342 10997 %     4       java.util.Properties::load0 @ 29 (249 bytes)

Stack: [0x0000008a74800000,0x0000008a74900000]
Native frames: (J=compiled Java code, j=interpreted, Vv=VM code, C=native code)
V  [jvm.dll+0x6cdee9]
V  [jvm.dll+0x8a83d1]
V  [jvm.dll+0x8aa8fe]
V  [jvm.dll+0x8aafe3]
V  [jvm.dll+0x27f706]
V  [jvm.dll+0xc500d]
V  [jvm.dll+0xc5543]
V  [jvm.dll+0x2f2acd]
V  [jvm.dll+0x5f6a2a]
V  [jvm.dll+0x250bb2]
V  [jvm.dll+0x249526]
V  [jvm.dll+0x246ec4]
V  [jvm.dll+0x1c75ee]
V  [jvm.dll+0x25685a]
V  [jvm.dll+0x254dfa]
V  [jvm.dll+0x3f0256]
V  [jvm.dll+0x851f8b]
V  [jvm.dll+0x6cc5ed]
C  [ucrtbase.dll+0x37b0]
C  [KERNEL32.DLL+0x2e8d7]
C  [ntdll.dll+0xbbf6c]


---------------  P R O C E S S  ---------------

Threads class SMR info:
_java_thread_list=0x00000231838bff30, length=46, elements={
0x00000231a26ecdf0, 0x00000231a4c2cc60, 0x00000231b8ea0740, 0x00000231b8ea3ce0,
0x00000231b8ea4930, 0x00000231b8ea6c10, 0x00000231b8eae200, 0x00000231b8eb4ae0,
0x00000231b8f1f230, 0x00000231ff057280, 0x00000231ff2740c0, 0x00000231ff7b5d90,
0x00000231ff8d79a0, 0x00000231ff9aa9c0, 0x00000231ff8779a0, 0x00000231ff7798d0,
0x00000231ff3f7940, 0x0000023180da7590, 0x0000023180da7c20, 0x0000023180da5b50,
0x0000023180da61e0, 0x0000023180da6870, 0x0000023180da82b0, 0x0000023180da6f00,
0x0000023180da8940, 0x0000023180cf66f0, 0x0000023180cf6d80, 0x0000023180cf4cb0,
0x0000023180cf3f90, 0x0000023180cf3900, 0x0000023180cf4620, 0x0000023180cf7410,
0x0000023180cf87c0, 0x0000023180cf6060, 0x0000023180cf5340, 0x0000023180cf8130,
0x0000023180cf8e50, 0x0000023180cf59d0, 0x0000023180cf94e0, 0x0000023180cf9b70,
0x0000023180cfaf20, 0x0000023180cfa200, 0x0000023180cfa890, 0x00000231825f5c50,
0x00000231825f3b80, 0x00000231825f4f30
}

Java Threads: ( => current thread )
  0x00000231a26ecdf0 JavaThread "main"                              [_thread_blocked, id=18296, stack(0x0000008a73e00000,0x0000008a73f00000) (1024K)]
  0x00000231a4c2cc60 JavaThread "Reference Handler"          daemon [_thread_blocked, id=4868, stack(0x0000008a74200000,0x0000008a74300000) (1024K)]
  0x00000231b8ea0740 JavaThread "Finalizer"                  daemon [_thread_blocked, id=15808, stack(0x0000008a74300000,0x0000008a74400000) (1024K)]
  0x00000231b8ea3ce0 JavaThread "Signal Dispatcher"          daemon [_thread_blocked, id=9212, stack(0x0000008a74400000,0x0000008a74500000) (1024K)]
  0x00000231b8ea4930 JavaThread "Attach Listener"            daemon [_thread_blocked, id=11748, stack(0x0000008a74500000,0x0000008a74600000) (1024K)]
  0x00000231b8ea6c10 JavaThread "Service Thread"             daemon [_thread_blocked, id=8740, stack(0x0000008a74600000,0x0000008a74700000) (1024K)]
  0x00000231b8eae200 JavaThread "Monitor Deflation Thread"   daemon [_thread_blocked, id=2576, stack(0x0000008a74700000,0x0000008a74800000) (1024K)]
=>0x00000231b8eb4ae0 JavaThread "C2 CompilerThread0"         daemon [_thread_in_native, id=17340, stack(0x0000008a74800000,0x0000008a74900000) (1024K)]
  0x00000231b8f1f230 JavaThread "C1 CompilerThread0"         daemon [_thread_blocked, id=11532, stack(0x0000008a74900000,0x0000008a74a00000) (1024K)]
  0x00000231ff057280 JavaThread "Common-Cleaner"             daemon [_thread_blocked, id=15492, stack(0x0000008a74a00000,0x0000008a74b00000) (1024K)]
  0x00000231ff2740c0 JavaThread "Notification Thread"        daemon [_thread_blocked, id=6180, stack(0x0000008a74b00000,0x0000008a74c00000) (1024K)]
  0x00000231ff7b5d90 JavaThread "Active Thread: Equinox Container: a5c83b50-da8c-44ee-ad19-30ec1c723f75"        [_thread_blocked, id=2708, stack(0x0000008a74f00000,0x0000008a75000000) (1024K)]
  0x00000231ff8d79a0 JavaThread "Refresh Thread: Equinox Container: a5c83b50-da8c-44ee-ad19-30ec1c723f75" daemon [_thread_blocked, id=10796, stack(0x0000008a75100000,0x0000008a75200000) (1024K)]
  0x00000231ff9aa9c0 JavaThread "Framework Event Dispatcher: Equinox Container: a5c83b50-da8c-44ee-ad19-30ec1c723f75" daemon [_thread_blocked, id=17316, stack(0x0000008a75200000,0x0000008a75300000) (1024K)]
  0x00000231ff8779a0 JavaThread "Start Level: Equinox Container: a5c83b50-da8c-44ee-ad19-30ec1c723f75" daemon [_thread_blocked, id=14020, stack(0x0000008a75300000,0x0000008a75400000) (1024K)]
  0x00000231ff7798d0 JavaThread "Bundle File Closer"         daemon [_thread_blocked, id=5136, stack(0x0000008a75000000,0x0000008a75100000) (1024K)]
  0x00000231ff3f7940 JavaThread "SCR Component Actor"        daemon [_thread_blocked, id=15944, stack(0x0000008a75400000,0x0000008a75500000) (1024K)]
  0x0000023180da7590 JavaThread "Worker-JM"                         [_thread_blocked, id=6496, stack(0x0000008a75600000,0x0000008a75700000) (1024K)]
  0x0000023180da7c20 JavaThread "JNA Cleaner"                daemon [_thread_blocked, id=15088, stack(0x0000008a75700000,0x0000008a75800000) (1024K)]
  0x0000023180da5b50 JavaThread "Worker-0"                          [_thread_blocked, id=13424, stack(0x0000008a75800000,0x0000008a75900000) (1024K)]
  0x0000023180da61e0 JavaThread "Worker-1: Building"                [_thread_in_Java, id=16240, stack(0x0000008a75900000,0x0000008a75a00000) (1024K)]
  0x0000023180da6870 JavaThread "Worker-2"                          [_thread_blocked, id=4164, stack(0x0000008a75a00000,0x0000008a75b00000) (1024K)]
  0x0000023180da82b0 JavaThread "Worker-3"                          [_thread_blocked, id=15124, stack(0x0000008a75b00000,0x0000008a75c00000) (1024K)]
  0x0000023180da6f00 JavaThread "Java indexing"              daemon [_thread_in_Java, id=16704, stack(0x0000008a75d00000,0x0000008a75e00000) (1024K)]
  0x0000023180da8940 JavaThread "Worker-4"                          [_thread_blocked, id=9808, stack(0x0000008a75e00000,0x0000008a75f00000) (1024K)]
  0x0000023180cf66f0 JavaThread "Worker-5"                          [_thread_blocked, id=17520, stack(0x0000008a76000000,0x0000008a76100000) (1024K)]
  0x0000023180cf6d80 JavaThread "Worker-6"                          [_thread_blocked, id=8724, stack(0x0000008a76100000,0x0000008a76200000) (1024K)]
  0x0000023180cf4cb0 JavaThread "Worker-7: Java indexing... "        [_thread_blocked, id=1464, stack(0x0000008a76200000,0x0000008a76300000) (1024K)]
  0x0000023180cf3f90 JavaThread "Thread-2"                   daemon [_thread_in_native, id=844, stack(0x0000008a76300000,0x0000008a76400000) (1024K)]
  0x0000023180cf3900 JavaThread "Thread-3"                   daemon [_thread_in_native, id=14272, stack(0x0000008a76400000,0x0000008a76500000) (1024K)]
  0x0000023180cf4620 JavaThread "Thread-4"                   daemon [_thread_in_native, id=1872, stack(0x0000008a76500000,0x0000008a76600000) (1024K)]
  0x0000023180cf7410 JavaThread "Thread-5"                   daemon [_thread_in_native, id=8632, stack(0x0000008a76600000,0x0000008a76700000) (1024K)]
  0x0000023180cf87c0 JavaThread "Thread-6"                   daemon [_thread_in_native, id=17928, stack(0x0000008a76700000,0x0000008a76800000) (1024K)]
  0x0000023180cf6060 JavaThread "pool-2-thread-1"                   [_thread_blocked, id=2924, stack(0x0000008a75f00000,0x0000008a76000000) (1024K)]
  0x0000023180cf5340 JavaThread "Worker-8"                          [_thread_blocked, id=10048, stack(0x0000008a76800000,0x0000008a76900000) (1024K)]
  0x0000023180cf8130 JavaThread "WorkspaceEventsHandler"            [_thread_blocked, id=2416, stack(0x0000008a76a00000,0x0000008a76b00000) (1024K)]
  0x0000023180cf8e50 JavaThread "pool-1-thread-1"                   [_thread_blocked, id=17976, stack(0x0000008a76b00000,0x0000008a76c00000) (1024K)]
  0x0000023180cf59d0 JavaThread "LocalFile Deleter"          daemon [_thread_blocked, id=11944, stack(0x0000008a76900000,0x0000008a76a00000) (1024K)]
  0x0000023180cf94e0 JavaThread "LocalFile Deleter"          daemon [_thread_blocked, id=6964, stack(0x0000008a76e00000,0x0000008a76f00000) (1024K)]
  0x0000023180cf9b70 JavaThread "LocalFile Deleter"          daemon [_thread_blocked, id=17988, stack(0x0000008a76f00000,0x0000008a77000000) (1024K)]
  0x0000023180cfaf20 JavaThread "LocalFile Deleter"          daemon [_thread_blocked, id=13248, stack(0x0000008a77000000,0x0000008a77100000) (1024K)]
  0x0000023180cfa200 JavaThread "Compiler Source File Reader" daemon [_thread_blocked, id=2184, stack(0x0000008a77100000,0x0000008a77200000) (1024K)]
  0x0000023180cfa890 JavaThread "Compiler Source File Reader" daemon [_thread_blocked, id=6992, stack(0x0000008a77200000,0x0000008a77300000) (1024K)]
  0x00000231825f5c50 JavaThread "Compiler Processing Task"   daemon [_thread_blocked, id=17420, stack(0x0000008a77300000,0x0000008a77400000) (1024K)]
  0x00000231825f3b80 JavaThread "Compiler Class File Writer" daemon [_thread_blocked, id=1740, stack(0x0000008a77400000,0x0000008a77500000) (1024K)]
  0x00000231825f4f30 JavaThread "Compiler Class File Writer" daemon [_thread_blocked, id=17948, stack(0x0000008a77500000,0x0000008a77600000) (1024K)]
Total: 46

Other Threads:
  0x00000231a4c115e0 VMThread "VM Thread"                           [id=15996, stack(0x0000008a74100000,0x0000008a74200000) (1024K)]
  0x00000231b8e3ca10 WatcherThread "VM Periodic Task Thread"        [id=9416, stack(0x0000008a74000000,0x0000008a74100000) (1024K)]
  0x00000231a4b92d50 WorkerThread "GC Thread#0"                     [id=10352, stack(0x0000008a73f00000,0x0000008a74000000) (1024K)]
  0x00000231ff315090 WorkerThread "GC Thread#1"                     [id=11868, stack(0x0000008a74c00000,0x0000008a74d00000) (1024K)]
  0x00000231b8ed9a40 WorkerThread "GC Thread#2"                     [id=12400, stack(0x0000008a74d00000,0x0000008a74e00000) (1024K)]
  0x00000231ff405430 WorkerThread "GC Thread#3"                     [id=2528, stack(0x0000008a74e00000,0x0000008a74f00000) (1024K)]
Total: 6

Threads with active compile tasks:
C2 CompilerThread0  109433 10997 %     4       java.util.Properties::load0 @ 29 (249 bytes)
Total: 1

VM state: not at safepoint (normal execution)

VM Mutex/Monitor currently owned by a thread: None

Heap address: 0x00000000c0000000, size: 1024 MB, Compressed Oops mode: 32-bit

CDS archive(s) mapped at: [0x00000231b9000000-0x00000231b9ba0000-0x00000231b9ba0000), size 12189696, SharedBaseAddress: 0x00000231b9000000, ArchiveRelocationMode: 1.
Compressed class space mapped at: 0x00000231ba000000-0x00000231fa000000, reserved size: 1073741824
Narrow klass base: 0x00000231b9000000, Narrow klass shift: 0, Narrow klass range: 0x100000000

GC Precious Log:
 CardTable entry size: 512
 CPUs: 4 total, 4 available
 Memory: 6086M
 Large Page Support: Disabled
 NUMA Support: Disabled
 Compressed Oops: Enabled (32-bit)
 Alignments: Space 512K, Generation 512K, Heap 2M
 Heap Min Capacity: 100M
 Heap Initial Capacity: 100M
 Heap Max Capacity: 1G
 Pre-touch: Disabled
 Parallel Workers: 4

Heap:
 PSYoungGen      total 20480K, used 19749K [0x00000000eab00000, 0x00000000ec180000, 0x0000000100000000)
  eden space 17920K, 98% used [0x00000000eab00000,0x00000000ebc3bde8,0x00000000ebc80000)
  from space 2560K, 82% used [0x00000000ebc80000,0x00000000ebe8d808,0x00000000ebf00000)
  to   space 2560K, 0% used [0x00000000ebf00000,0x00000000ebf00000,0x00000000ec180000)
 ParOldGen       total 68608K, used 59491K [0x00000000c0000000, 0x00000000c4300000, 0x00000000eab00000)
  object space 68608K, 86% used [0x00000000c0000000,0x00000000c3a18cb8,0x00000000c4300000)
 Metaspace       used 64492K, committed 65856K, reserved 1114112K
  class space    used 6691K, committed 7296K, reserved 1048576K

Card table byte_map: [0x00000231a4510000,0x00000231a4720000] _byte_map_base: 0x00000231a3f10000

Marking Bits: (ParMarkBitMap*) 0x00007ff8c5413260
 Begin Bits: [0x00000231b6d60000, 0x00000231b7d60000)
 End Bits:   [0x00000231b7d60000, 0x00000231b8d60000)

Polling page: 0x00000231a2960000

Metaspace:

Usage:
  Non-class:     56.45 MB used.
      Class:      6.53 MB used.
       Both:     62.98 MB used.

Virtual space:
  Non-class space:       64.00 MB reserved,      57.19 MB ( 89%) committed,  1 nodes.
      Class space:        1.00 GB reserved,       7.12 MB ( <1%) committed,  1 nodes.
             Both:        1.06 GB reserved,      64.31 MB (  6%) committed. 

Chunk freelists:
   Non-Class:  6.69 MB
       Class:  8.86 MB
        Both:  15.55 MB

MaxMetaspaceSize: unlimited
CompressedClassSpaceSize: 1.00 GB
Initial GC threshold: 21.00 MB
Current GC threshold: 97.31 MB
CDS: on
 - commit_granule_bytes: 65536.
 - commit_granule_words: 8192.
 - virtual_space_node_default_size: 8388608.
 - enlarge_chunks_in_place: 1.
 - use_allocation_guard: 0.


Internal statistics:

num_allocs_failed_limit: 9.
num_arena_births: 1122.
num_arena_deaths: 14.
num_vsnodes_births: 2.
num_vsnodes_deaths: 0.
num_space_committed: 1029.
num_space_uncommitted: 0.
num_chunks_returned_to_freelist: 23.
num_chunks_taken_from_freelist: 4013.
num_chunk_merges: 12.
num_chunk_splits: 2401.
num_chunks_enlarged: 1271.
num_inconsistent_stats: 0.

CodeHeap 'non-profiled nmethods': size=120000Kb used=6759Kb max_used=6759Kb free=113240Kb
 bounds [0x00000231af830000, 0x00000231afed0000, 0x00000231b6d60000]
CodeHeap 'profiled nmethods': size=120000Kb used=22613Kb max_used=22613Kb free=97387Kb
 bounds [0x00000231a7d60000, 0x00000231a9380000, 0x00000231af290000]
CodeHeap 'non-nmethods': size=5760Kb used=1449Kb max_used=1551Kb free=4310Kb
 bounds [0x00000231af290000, 0x00000231af500000, 0x00000231af830000]
 total_blobs=10877 nmethods=10111 adapters=672
 compilation: enabled
              stopped_count=0, restarted_count=0
 full_count=0

Compilation events (20 events):
Event: 108.747 Thread 0x00000231b8f1f230 nmethod 10988 0x00000231afec8310 code [0x00000231afec84a0, 0x00000231afec8580]
Event: 108.747 Thread 0x00000231b8f1f230 10989       1       org.eclipse.aether.repository.LocalArtifactResult::getFile (5 bytes)
Event: 108.747 Thread 0x00000231b8f1f230 nmethod 10989 0x00000231afec8610 code [0x00000231afec87a0, 0x00000231afec8868]
Event: 108.747 Thread 0x00000231b8f1f230 10991       1       org.eclipse.aether.resolution.ArtifactResult::getRequest (5 bytes)
Event: 108.747 Thread 0x00000231b8f1f230 nmethod 10991 0x00000231afec8910 code [0x00000231afec8aa0, 0x00000231afec8b68]
Event: 108.749 Thread 0x00000231b8f1f230 10992       1       org.apache.maven.model.DependencyManagement::setDependencies (6 bytes)
Event: 108.749 Thread 0x00000231b8f1f230 nmethod 10992 0x00000231afec8c10 code [0x00000231afec8da0, 0x00000231afec8e80]
Event: 108.856 Thread 0x00000231b8eb4ae0 10993       4       java.util.stream.ReduceOps$3ReducingSink::accept (15 bytes)
Event: 108.856 Thread 0x00000231b8eb4ae0 nmethod 10993 0x00000231afec8f10 code [0x00000231afec90a0, 0x00000231afec9160]
Event: 108.899 Thread 0x00000231b8f1f230 10994       3       org.apache.maven.model.BuildBase::getFilters (23 bytes)
Event: 108.900 Thread 0x00000231b8f1f230 nmethod 10994 0x00000231a9371490 code [0x00000231a9371660, 0x00000231a93719b0]
Event: 108.968 Thread 0x00000231b8f1f230 10995       3       java.lang.ThreadLocal$ThreadLocalMap::set (133 bytes)
Event: 108.969 Thread 0x00000231b8f1f230 nmethod 10995 0x00000231a9371b10 code [0x00000231a9371da0, 0x00000231a93729b0]
Event: 109.058 Thread 0x00000231b8f1f230 10996       1       org.eclipse.core.internal.jobs.InternalJob::getListeners (5 bytes)
Event: 109.058 Thread 0x00000231b8f1f230 nmethod 10996 0x00000231afec9210 code [0x00000231afec93a0, 0x00000231afec9468]
Event: 109.101 Thread 0x00000231b8eb4ae0 10997 %     4       java.util.Properties::load0 @ 29 (249 bytes)
Event: 109.171 Thread 0x00000231b8f1f230 10998       3       org.eclipse.core.internal.events.NodeIDMap::hashFor (13 bytes)
Event: 109.172 Thread 0x00000231b8f1f230 nmethod 10998 0x00000231a9372e90 code [0x00000231a9373040, 0x00000231a9373238]
Event: 109.256 Thread 0x00000231b8f1f230 11000       1       org.apache.maven.model.Activation::setJdk (6 bytes)
Event: 109.256 Thread 0x00000231b8f1f230 nmethod 11000 0x00000231afec9510 code [0x00000231afec96a0, 0x00000231afec9780]

GC Heap History (20 events):
Event: 87.818 GC heap before
{Heap before GC invocations=33 (full 2):
 PSYoungGen      total 18944K, used 18691K [0x00000000eab00000, 0x00000000ec580000, 0x0000000100000000)
  eden space 17920K, 100% used [0x00000000eab00000,0x00000000ebc80000,0x00000000ebc80000)
  from space 1024K, 75% used [0x00000000ec480000,0x00000000ec540c18,0x00000000ec580000)
  to   space 3072K, 0% used [0x00000000ebf80000,0x00000000ebf80000,0x00000000ec280000)
 ParOldGen       total 68608K, used 49814K [0x00000000c0000000, 0x00000000c4300000, 0x00000000eab00000)
  object space 68608K, 72% used [0x00000000c0000000,0x00000000c30a5a78,0x00000000c4300000)
 Metaspace       used 58377K, committed 59584K, reserved 1114112K
  class space    used 6200K, committed 6720K, reserved 1048576K
}
Event: 87.821 GC heap after
{Heap after GC invocations=33 (full 2):
 PSYoungGen      total 20992K, used 1232K [0x00000000eab00000, 0x00000000ec500000, 0x0000000100000000)
  eden space 17920K, 0% used [0x00000000eab00000,0x00000000eab00000,0x00000000ebc80000)
  from space 3072K, 40% used [0x00000000ebf80000,0x00000000ec0b4220,0x00000000ec280000)
  to   space 1536K, 0% used [0x00000000ec380000,0x00000000ec380000,0x00000000ec500000)
 ParOldGen       total 68608K, used 50391K [0x00000000c0000000, 0x00000000c4300000, 0x00000000eab00000)
  object space 68608K, 73% used [0x00000000c0000000,0x00000000c3135d08,0x00000000c4300000)
 Metaspace       used 58377K, committed 59584K, reserved 1114112K
  class space    used 6200K, committed 6720K, reserved 1048576K
}
Event: 88.640 GC heap before
{Heap before GC invocations=34 (full 2):
 PSYoungGen      total 20992K, used 15949K [0x00000000eab00000, 0x00000000ec500000, 0x0000000100000000)
  eden space 17920K, 82% used [0x00000000eab00000,0x00000000eb95f458,0x00000000ebc80000)
  from space 3072K, 40% used [0x00000000ebf80000,0x00000000ec0b4220,0x00000000ec280000)
  to   space 1536K, 0% used [0x00000000ec380000,0x00000000ec380000,0x00000000ec500000)
 ParOldGen       total 68608K, used 50391K [0x00000000c0000000, 0x00000000c4300000, 0x00000000eab00000)
  object space 68608K, 73% used [0x00000000c0000000,0x00000000c3135d08,0x00000000c4300000)
 Metaspace       used 58553K, committed 59776K, reserved 1114112K
  class space    used 6220K, committed 6720K, reserved 1048576K
}
Event: 88.647 GC heap after
{Heap after GC invocations=34 (full 2):
 PSYoungGen      total 19456K, used 1518K [0x00000000eab00000, 0x00000000ec980000, 0x0000000100000000)
  eden space 17920K, 0% used [0x00000000eab00000,0x00000000eab00000,0x00000000ebc80000)
  from space 1536K, 98% used [0x00000000ec380000,0x00000000ec4fb998,0x00000000ec500000)
  to   space 6656K, 0% used [0x00000000ebc80000,0x00000000ebc80000,0x00000000ec300000)
 ParOldGen       total 68608K, used 54300K [0x00000000c0000000, 0x00000000c4300000, 0x00000000eab00000)
  object space 68608K, 79% used [0x00000000c0000000,0x00000000c35070f8,0x00000000c4300000)
 Metaspace       used 58553K, committed 59776K, reserved 1114112K
  class space    used 6220K, committed 6720K, reserved 1048576K
}
Event: 88.647 GC heap before
{Heap before GC invocations=35 (full 3):
 PSYoungGen      total 19456K, used 1518K [0x00000000eab00000, 0x00000000ec980000, 0x0000000100000000)
  eden space 17920K, 0% used [0x00000000eab00000,0x00000000eab00000,0x00000000ebc80000)
  from space 1536K, 98% used [0x00000000ec380000,0x00000000ec4fb998,0x00000000ec500000)
  to   space 6656K, 0% used [0x00000000ebc80000,0x00000000ebc80000,0x00000000ec300000)
 ParOldGen       total 68608K, used 54300K [0x00000000c0000000, 0x00000000c4300000, 0x00000000eab00000)
  object space 68608K, 79% used [0x00000000c0000000,0x00000000c35070f8,0x00000000c4300000)
 Metaspace       used 58553K, committed 59776K, reserved 1114112K
  class space    used 6220K, committed 6720K, reserved 1048576K
}
Event: 88.831 GC heap after
{Heap after GC invocations=35 (full 3):
 PSYoungGen      total 19456K, used 0K [0x00000000eab00000, 0x00000000ec980000, 0x0000000100000000)
  eden space 17920K, 0% used [0x00000000eab00000,0x00000000eab00000,0x00000000ebc80000)
  from space 1536K, 0% used [0x00000000ec380000,0x00000000ec380000,0x00000000ec500000)
  to   space 6656K, 0% used [0x00000000ebc80000,0x00000000ebc80000,0x00000000ec300000)
 ParOldGen       total 68608K, used 51722K [0x00000000c0000000, 0x00000000c4300000, 0x00000000eab00000)
  object space 68608K, 75% used [0x00000000c0000000,0x00000000c3282a68,0x00000000c4300000)
 Metaspace       used 58553K, committed 59776K, reserved 1114112K
  class space    used 6220K, committed 6720K, reserved 1048576K
}
Event: 89.828 GC heap before
{Heap before GC invocations=36 (full 3):
 PSYoungGen      total 19456K, used 17920K [0x00000000eab00000, 0x00000000ec980000, 0x0000000100000000)
  eden space 17920K, 100% used [0x00000000eab00000,0x00000000ebc80000,0x00000000ebc80000)
  from space 1536K, 0% used [0x00000000ec380000,0x00000000ec380000,0x00000000ec500000)
  to   space 6656K, 0% used [0x00000000ebc80000,0x00000000ebc80000,0x00000000ec300000)
 ParOldGen       total 68608K, used 51722K [0x00000000c0000000, 0x00000000c4300000, 0x00000000eab00000)
  object space 68608K, 75% used [0x00000000c0000000,0x00000000c3282a68,0x00000000c4300000)
 Metaspace       used 59275K, committed 60544K, reserved 1114112K
  class space    used 6254K, committed 6784K, reserved 1048576K
}
Event: 89.831 GC heap after
{Heap after GC invocations=36 (full 3):
 PSYoungGen      total 19456K, used 1325K [0x00000000eab00000, 0x00000000ec400000, 0x0000000100000000)
  eden space 17920K, 0% used [0x00000000eab00000,0x00000000eab00000,0x00000000ebc80000)
  from space 1536K, 86% used [0x00000000ebc80000,0x00000000ebdcb618,0x00000000ebe00000)
  to   space 3072K, 0% used [0x00000000ec100000,0x00000000ec100000,0x00000000ec400000)
 ParOldGen       total 68608K, used 51730K [0x00000000c0000000, 0x00000000c4300000, 0x00000000eab00000)
  object space 68608K, 75% used [0x00000000c0000000,0x00000000c3284a68,0x00000000c4300000)
 Metaspace       used 59275K, committed 60544K, reserved 1114112K
  class space    used 6254K, committed 6784K, reserved 1048576K
}
Event: 90.886 GC heap before
{Heap before GC invocations=37 (full 3):
 PSYoungGen      total 19456K, used 19245K [0x00000000eab00000, 0x00000000ec400000, 0x0000000100000000)
  eden space 17920K, 100% used [0x00000000eab00000,0x00000000ebc80000,0x00000000ebc80000)
  from space 1536K, 86% used [0x00000000ebc80000,0x00000000ebdcb618,0x00000000ebe00000)
  to   space 3072K, 0% used [0x00000000ec100000,0x00000000ec100000,0x00000000ec400000)
 ParOldGen       total 68608K, used 51730K [0x00000000c0000000, 0x00000000c4300000, 0x00000000eab00000)
  object space 68608K, 75% used [0x00000000c0000000,0x00000000c3284a68,0x00000000c4300000)
 Metaspace       used 59283K, committed 60544K, reserved 1114112K
  class space    used 6254K, committed 6784K, reserved 1048576K
}
Event: 90.888 GC heap after
{Heap after GC invocations=37 (full 3):
 PSYoungGen      total 18944K, used 614K [0x00000000eab00000, 0x00000000ec200000, 0x0000000100000000)
  eden space 17920K, 0% used [0x00000000eab00000,0x00000000eab00000,0x00000000ebc80000)
  from space 1024K, 59% used [0x00000000ec100000,0x00000000ec1998a8,0x00000000ec200000)
  to   space 1536K, 0% used [0x00000000ebf00000,0x00000000ebf00000,0x00000000ec080000)
 ParOldGen       total 68608K, used 52419K [0x00000000c0000000, 0x00000000c4300000, 0x00000000eab00000)
  object space 68608K, 76% used [0x00000000c0000000,0x00000000c3330ec0,0x00000000c4300000)
 Metaspace       used 59283K, committed 60544K, reserved 1114112K
  class space    used 6254K, committed 6784K, reserved 1048576K
}
Event: 95.032 GC heap before
{Heap before GC invocations=38 (full 3):
 PSYoungGen      total 18944K, used 18534K [0x00000000eab00000, 0x00000000ec200000, 0x0000000100000000)
  eden space 17920K, 99% used [0x00000000eab00000,0x00000000ebc7fff8,0x00000000ebc80000)
  from space 1024K, 59% used [0x00000000ec100000,0x00000000ec1998a8,0x00000000ec200000)
  to   space 1536K, 0% used [0x00000000ebf00000,0x00000000ebf00000,0x00000000ec080000)
 ParOldGen       total 68608K, used 52419K [0x00000000c0000000, 0x00000000c4300000, 0x00000000eab00000)
  object space 68608K, 76% used [0x00000000c0000000,0x00000000c3330ec0,0x00000000c4300000)
 Metaspace       used 61332K, committed 62592K, reserved 1114112K
  class space    used 6449K, committed 6976K, reserved 1048576K
}
Event: 95.036 GC heap after
{Heap after GC invocations=38 (full 3):
 PSYoungGen      total 19456K, used 1152K [0x00000000eab00000, 0x00000000ec180000, 0x0000000100000000)
  eden space 17920K, 0% used [0x00000000eab00000,0x00000000eab00000,0x00000000ebc80000)
  from space 1536K, 75% used [0x00000000ebf00000,0x00000000ec020020,0x00000000ec080000)
  to   space 1024K, 0% used [0x00000000ec080000,0x00000000ec080000,0x00000000ec180000)
 ParOldGen       total 68608K, used 52435K [0x00000000c0000000, 0x00000000c4300000, 0x00000000eab00000)
  object space 68608K, 76% used [0x00000000c0000000,0x00000000c3334ec0,0x00000000c4300000)
 Metaspace       used 61332K, committed 62592K, reserved 1114112K
  class space    used 6449K, committed 6976K, reserved 1048576K
}
Event: 99.777 GC heap before
{Heap before GC invocations=39 (full 3):
 PSYoungGen      total 19456K, used 18837K [0x00000000eab00000, 0x00000000ec180000, 0x0000000100000000)
  eden space 17920K, 98% used [0x00000000eab00000,0x00000000ebc457c0,0x00000000ebc80000)
  from space 1536K, 75% used [0x00000000ebf00000,0x00000000ec020020,0x00000000ec080000)
  to   space 1024K, 0% used [0x00000000ec080000,0x00000000ec080000,0x00000000ec180000)
 ParOldGen       total 68608K, used 52435K [0x00000000c0000000, 0x00000000c4300000, 0x00000000eab00000)
  object space 68608K, 76% used [0x00000000c0000000,0x00000000c3334ec0,0x00000000c4300000)
 Metaspace       used 62872K, committed 64256K, reserved 1114112K
  class space    used 6568K, committed 7168K, reserved 1048576K
}
Event: 99.786 GC heap after
{Heap after GC invocations=39 (full 3):
 PSYoungGen      total 18944K, used 1006K [0x00000000eab00000, 0x00000000ec180000, 0x0000000100000000)
  eden space 17920K, 0% used [0x00000000eab00000,0x00000000eab00000,0x00000000ebc80000)
  from space 1024K, 98% used [0x00000000ec080000,0x00000000ec17b920,0x00000000ec180000)
  to   space 1536K, 0% used [0x00000000ebf00000,0x00000000ebf00000,0x00000000ec080000)
 ParOldGen       total 68608K, used 56537K [0x00000000c0000000, 0x00000000c4300000, 0x00000000eab00000)
  object space 68608K, 82% used [0x00000000c0000000,0x00000000c37365a8,0x00000000c4300000)
 Metaspace       used 62872K, committed 64256K, reserved 1114112K
  class space    used 6568K, committed 7168K, reserved 1048576K
}
Event: 101.543 GC heap before
{Heap before GC invocations=40 (full 3):
 PSYoungGen      total 18944K, used 18926K [0x00000000eab00000, 0x00000000ec180000, 0x0000000100000000)
  eden space 17920K, 100% used [0x00000000eab00000,0x00000000ebc80000,0x00000000ebc80000)
  from space 1024K, 98% used [0x00000000ec080000,0x00000000ec17b920,0x00000000ec180000)
  to   space 1536K, 0% used [0x00000000ebf00000,0x00000000ebf00000,0x00000000ec080000)
 ParOldGen       total 68608K, used 56537K [0x00000000c0000000, 0x00000000c4300000, 0x00000000eab00000)
  object space 68608K, 82% used [0x00000000c0000000,0x00000000c37365a8,0x00000000c4300000)
 Metaspace       used 62991K, committed 64320K, reserved 1114112K
  class space    used 6576K, committed 7168K, reserved 1048576K
}
Event: 101.546 GC heap after
{Heap after GC invocations=40 (full 3):
 PSYoungGen      total 18944K, used 736K [0x00000000eab00000, 0x00000000ec180000, 0x0000000100000000)
  eden space 17920K, 0% used [0x00000000eab00000,0x00000000eab00000,0x00000000ebc80000)
  from space 1024K, 71% used [0x00000000ebf00000,0x00000000ebfb8000,0x00000000ec000000)
  to   space 1536K, 0% used [0x00000000ec000000,0x00000000ec000000,0x00000000ec180000)
 ParOldGen       total 68608K, used 56719K [0x00000000c0000000, 0x00000000c4300000, 0x00000000eab00000)
  object space 68608K, 82% used [0x00000000c0000000,0x00000000c3763de8,0x00000000c4300000)
 Metaspace       used 62991K, committed 64320K, reserved 1114112K
  class space    used 6576K, committed 7168K, reserved 1048576K
}
Event: 104.573 GC heap before
{Heap before GC invocations=41 (full 3):
 PSYoungGen      total 18944K, used 18656K [0x00000000eab00000, 0x00000000ec180000, 0x0000000100000000)
  eden space 17920K, 100% used [0x00000000eab00000,0x00000000ebc80000,0x00000000ebc80000)
  from space 1024K, 71% used [0x00000000ebf00000,0x00000000ebfb8000,0x00000000ec000000)
  to   space 1536K, 0% used [0x00000000ec000000,0x00000000ec000000,0x00000000ec180000)
 ParOldGen       total 68608K, used 56719K [0x00000000c0000000, 0x00000000c4300000, 0x00000000eab00000)
  object space 68608K, 82% used [0x00000000c0000000,0x00000000c3763de8,0x00000000c4300000)
 Metaspace       used 64121K, committed 65472K, reserved 1114112K
  class space    used 6686K, committed 7296K, reserved 1048576K
}
Event: 104.581 GC heap after
{Heap after GC invocations=41 (full 3):
 PSYoungGen      total 19456K, used 1536K [0x00000000eab00000, 0x00000000ec380000, 0x0000000100000000)
  eden space 17920K, 0% used [0x00000000eab00000,0x00000000eab00000,0x00000000ebc80000)
  from space 1536K, 100% used [0x00000000ec000000,0x00000000ec180000,0x00000000ec180000)
  to   space 3584K, 0% used [0x00000000ebc80000,0x00000000ebc80000,0x00000000ec000000)
 ParOldGen       total 68608K, used 58172K [0x00000000c0000000, 0x00000000c4300000, 0x00000000eab00000)
  object space 68608K, 84% used [0x00000000c0000000,0x00000000c38cf120,0x00000000c4300000)
 Metaspace       used 64121K, committed 65472K, reserved 1114112K
  class space    used 6686K, committed 7296K, reserved 1048576K
}
Event: 107.734 GC heap before
{Heap before GC invocations=42 (full 3):
 PSYoungGen      total 19456K, used 19456K [0x00000000eab00000, 0x00000000ec380000, 0x0000000100000000)
  eden space 17920K, 100% used [0x00000000eab00000,0x00000000ebc80000,0x00000000ebc80000)
  from space 1536K, 100% used [0x00000000ec000000,0x00000000ec180000,0x00000000ec180000)
  to   space 3584K, 0% used [0x00000000ebc80000,0x00000000ebc80000,0x00000000ec000000)
 ParOldGen       total 68608K, used 58172K [0x00000000c0000000, 0x00000000c4300000, 0x00000000eab00000)
  object space 68608K, 84% used [0x00000000c0000000,0x00000000c38cf120,0x00000000c4300000)
 Metaspace       used 64327K, committed 65664K, reserved 1114112K
  class space    used 6688K, committed 7296K, reserved 1048576K
}
Event: 107.741 GC heap after
{Heap after GC invocations=42 (full 3):
 PSYoungGen      total 20480K, used 2102K [0x00000000eab00000, 0x00000000ec180000, 0x0000000100000000)
  eden space 17920K, 0% used [0x00000000eab00000,0x00000000eab00000,0x00000000ebc80000)
  from space 2560K, 82% used [0x00000000ebc80000,0x00000000ebe8d808,0x00000000ebf00000)
  to   space 2560K, 0% used [0x00000000ebf00000,0x00000000ebf00000,0x00000000ec180000)
 ParOldGen       total 68608K, used 59491K [0x00000000c0000000, 0x00000000c4300000, 0x00000000eab00000)
  object space 68608K, 86% used [0x00000000c0000000,0x00000000c3a18cb8,0x00000000c4300000)
 Metaspace       used 64327K, committed 65664K, reserved 1114112K
  class space    used 6688K, committed 7296K, reserved 1048576K
}

Dll operation events (14 events):
Event: 0.206 Loaded shared library c:\Users\palak\.vscode\extensions\redhat.java-1.40.0-win32-x64\jre\21.0.6-win32-x86_64\bin\java.dll
Event: 4.362 Loaded shared library c:\Users\palak\.vscode\extensions\redhat.java-1.40.0-win32-x64\jre\21.0.6-win32-x86_64\bin\zip.dll
Event: 4.857 Loaded shared library C:\Users\palak\.vscode\extensions\redhat.java-1.40.0-win32-x64\jre\21.0.6-win32-x86_64\bin\instrument.dll
Event: 4.878 Loaded shared library C:\Users\palak\.vscode\extensions\redhat.java-1.40.0-win32-x64\jre\21.0.6-win32-x86_64\bin\net.dll
Event: 4.890 Loaded shared library C:\Users\palak\.vscode\extensions\redhat.java-1.40.0-win32-x64\jre\21.0.6-win32-x86_64\bin\nio.dll
Event: 4.908 Loaded shared library C:\Users\palak\.vscode\extensions\redhat.java-1.40.0-win32-x64\jre\21.0.6-win32-x86_64\bin\zip.dll
Event: 5.162 Loaded shared library C:\Users\palak\.vscode\extensions\redhat.java-1.40.0-win32-x64\jre\21.0.6-win32-x86_64\bin\jimage.dll
Event: 5.728 Loaded shared library c:\Users\palak\.vscode\extensions\redhat.java-1.40.0-win32-x64\jre\21.0.6-win32-x86_64\bin\verify.dll
Event: 23.169 Loaded shared library C:\Users\palak\AppData\Roaming\Code\User\globalStorage\redhat.java\1.40.0\config_win\org.eclipse.equinox.launcher\org.eclipse.equinox.launcher.win32.win32.x86_64_1.2.1200.v20250212-0927\eclipse_11909.dll
Event: 54.203 Loaded shared library C:\Users\palak\AppData\Local\Temp\jna-106430981\jna17071532999423851932.dll
Event: 62.383 Loaded shared library C:\Users\palak\.vscode\extensions\redhat.java-1.40.0-win32-x64\jre\21.0.6-win32-x86_64\bin\management.dll
Event: 62.406 Loaded shared library C:\Users\palak\.vscode\extensions\redhat.java-1.40.0-win32-x64\jre\21.0.6-win32-x86_64\bin\management_ext.dll
Event: 66.971 Loaded shared library C:\Users\palak\.vscode\extensions\redhat.java-1.40.0-win32-x64\jre\21.0.6-win32-x86_64\bin\sunmscapi.dll
Event: 68.521 Loaded shared library C:\Users\palak\.vscode\extensions\redhat.java-1.40.0-win32-x64\jre\21.0.6-win32-x86_64\bin\extnet.dll

Deoptimization events (20 events):
Event: 105.360 Thread 0x0000023180da61e0 Uncommon trap: trap_request=0xffffff45 fr.pc=0x00000231afcc3d7c relative=0x000000000000039c
Event: 105.360 Thread 0x0000023180da61e0 Uncommon trap: reason=unstable_if action=reinterpret pc=0x00000231afcc3d7c method=java.lang.CharacterDataLatin1.equalsIgnoreCase(BB)Z @ 24 c2
Event: 105.360 Thread 0x0000023180da61e0 DEOPT PACKING pc=0x00000231afcc3d7c sp=0x0000008a759fd650
Event: 105.360 Thread 0x0000023180da61e0 DEOPT UNPACKING pc=0x00000231af2e3aa2 sp=0x0000008a759fd4d8 mode 2
Event: 105.360 Thread 0x0000023180da61e0 Uncommon trap: trap_request=0xffffff45 fr.pc=0x00000231af9ed50c relative=0x000000000000006c
Event: 105.360 Thread 0x0000023180da61e0 Uncommon trap: reason=unstable_if action=reinterpret pc=0x00000231af9ed50c method=java.lang.CharacterDataLatin1.equalsIgnoreCase(BB)Z @ 24 c2
Event: 105.360 Thread 0x0000023180da61e0 DEOPT PACKING pc=0x00000231af9ed50c sp=0x0000008a759fd570
Event: 105.360 Thread 0x0000023180da61e0 DEOPT UNPACKING pc=0x00000231af2e3aa2 sp=0x0000008a759fd4f0 mode 2
Event: 105.374 Thread 0x0000023180da61e0 Uncommon trap: trap_request=0xffffff45 fr.pc=0x00000231afe7af4c relative=0x00000000000000ac
Event: 105.374 Thread 0x0000023180da61e0 Uncommon trap: reason=unstable_if action=reinterpret pc=0x00000231afe7af4c method=org.apache.maven.model.validation.DefaultModelValidator.isValidIdCharacter(C)Z @ 33 c2
Event: 105.374 Thread 0x0000023180da61e0 DEOPT PACKING pc=0x00000231afe7af4c sp=0x0000008a759fd500
Event: 105.374 Thread 0x0000023180da61e0 DEOPT UNPACKING pc=0x00000231af2e3aa2 sp=0x0000008a759fd488 mode 2
Event: 106.044 Thread 0x0000023180da61e0 Uncommon trap: trap_request=0xffffffc6 fr.pc=0x00000231afc63b50 relative=0x0000000000000090
Event: 106.044 Thread 0x0000023180da61e0 Uncommon trap: reason=bimorphic_or_optimized_type_check action=maybe_recompile pc=0x00000231afc63b50 method=java.util.Collections$UnmodifiableMap$UnmodifiableEntrySet$UnmodifiableEntry.getValue()Ljava/lang/Object; @ 4 c2
Event: 106.047 Thread 0x0000023180da61e0 DEOPT PACKING pc=0x00000231afc63b50 sp=0x0000008a759fd580
Event: 106.048 Thread 0x0000023180da61e0 DEOPT UNPACKING pc=0x00000231af2e3aa2 sp=0x0000008a759fd508 mode 2
Event: 106.224 Thread 0x0000023180da61e0 DEOPT PACKING pc=0x00000231a9214d4d sp=0x0000008a759fcb70
Event: 106.224 Thread 0x0000023180da61e0 DEOPT UNPACKING pc=0x00000231af2e4242 sp=0x0000008a759fc0a8 mode 0
Event: 107.905 Thread 0x0000023180da61e0 DEOPT PACKING pc=0x00000231a9210704 sp=0x0000008a759fcb80
Event: 107.905 Thread 0x0000023180da61e0 DEOPT UNPACKING pc=0x00000231af2e4242 sp=0x0000008a759fc0d8 mode 0

Classes loaded (20 events):
Event: 95.674 Loading class java/util/stream/IntStream done
Event: 95.674 Loading class java/util/stream/IntPipeline done
Event: 95.674 Loading class java/util/stream/IntPipeline$StatelessOp done
Event: 95.674 Loading class java/util/stream/ReferencePipeline$4 done
Event: 95.675 Loading class java/util/stream/Nodes$IntFixedNodeBuilder
Event: 95.675 Loading class java/util/stream/Node$Builder$OfInt
Event: 95.684 Loading class java/util/stream/Sink$OfInt
Event: 95.685 Loading class java/util/stream/Sink$OfInt done
Event: 95.685 Loading class java/util/stream/Node$Builder$OfInt done
Event: 95.685 Loading class java/util/stream/Nodes$IntArrayNode
Event: 95.685 Loading class java/util/stream/Nodes$IntArrayNode done
Event: 95.685 Loading class java/util/stream/Nodes$IntFixedNodeBuilder done
Event: 95.686 Loading class java/util/stream/ReferencePipeline$4$1
Event: 95.686 Loading class java/util/stream/ReferencePipeline$4$1 done
Event: 100.141 Loading class jdk/internal/module/IllegalAccessLogger
Event: 100.141 Loading class jdk/internal/module/IllegalAccessLogger done
Event: 103.306 Loading class java/util/stream/IntPipeline$Head
Event: 103.307 Loading class java/util/stream/IntPipeline$Head done
Event: 103.996 Loading class java/util/stream/Streams$RangeIntSpliterator
Event: 103.997 Loading class java/util/stream/Streams$RangeIntSpliterator done

Classes unloaded (7 events):
Event: 56.225 Thread 0x00000231a4c115e0 Unloading class 0x00000231ba199c00 'java/lang/invoke/LambdaForm$MH+0x00000231ba199c00'
Event: 56.226 Thread 0x00000231a4c115e0 Unloading class 0x00000231ba199800 'java/lang/invoke/LambdaForm$MH+0x00000231ba199800'
Event: 56.226 Thread 0x00000231a4c115e0 Unloading class 0x00000231ba199400 'java/lang/invoke/LambdaForm$MH+0x00000231ba199400'
Event: 56.226 Thread 0x00000231a4c115e0 Unloading class 0x00000231ba199000 'java/lang/invoke/LambdaForm$MH+0x00000231ba199000'
Event: 56.226 Thread 0x00000231a4c115e0 Unloading class 0x00000231ba198c00 'java/lang/invoke/LambdaForm$BMH+0x00000231ba198c00'
Event: 56.226 Thread 0x00000231a4c115e0 Unloading class 0x00000231ba198800 'java/lang/invoke/LambdaForm$DMH+0x00000231ba198800'
Event: 56.226 Thread 0x00000231a4c115e0 Unloading class 0x00000231ba193400 'java/lang/invoke/LambdaForm$DMH+0x00000231ba193400'

Classes redefined (0 events):
No events

Internal exceptions (20 events):
Event: 81.437 Thread 0x0000023180cf9b70 Exception <a 'sun/nio/fs/WindowsException'{0x00000000ebac33f0}> (0x00000000ebac33f0) 
thrown [s\src\hotspot\share\prims\jni.cpp, line 520]
Event: 81.438 Thread 0x0000023180cfaf20 Exception <a 'sun/nio/fs/WindowsException'{0x00000000ebabcc08}> (0x00000000ebabcc08) 
thrown [s\src\hotspot\share\prims\jni.cpp, line 520]
Event: 93.892 Thread 0x0000023180da61e0 Exception <a 'java/lang/NoSuchMethodError'{0x00000000eb1716a8}: 'int java.lang.invoke.DirectMethodHandle$Holder.invokeSpecialIFC(java.lang.Object, java.lang.Object, java.lang.Object)'> (0x00000000eb1716a8) 
thrown [s\src\hotspot\share\interpreter\linkResolver.cpp, line 773]
Event: 95.368 Thread 0x00000231825f5c50 Implicit null exception at 0x00000231afcbaacf to 0x00000231afcbac38
Event: 95.439 Thread 0x0000023180da61e0 Exception <a 'java/lang/NoSuchMethodError'{0x00000000eac97bf8}: 'java.lang.Object java.lang.invoke.DirectMethodHandle$Holder.newInvokeSpecial(java.lang.Object, java.lang.Object, int, int, java.lang.Object)'> (0x00000000eac97bf8) 
thrown [s\src\hotspot\share\interpreter\linkResolver.cpp, line 773]
Event: 95.448 Thread 0x00000231825f5c50 Implicit null exception at 0x00000231afd3274e to 0x00000231afd32ccc
Event: 95.518 Thread 0x00000231825f5c50 Exception <a 'java/lang/NoSuchMethodError'{0x00000000eade82f0}: 'void java.lang.invoke.DirectMethodHandle$Holder.invokeStatic(java.lang.Object, int, java.lang.Object)'> (0x00000000eade82f0) 
thrown [s\src\hotspot\share\interpreter\linkResolver.cpp, line 773]
Event: 96.209 Thread 0x00000231825f5c50 Exception <a 'java/lang/NoSuchMethodError'{0x00000000eb12a948}: 'java.lang.Object java.lang.invoke.DirectMethodHandle$Holder.newInvokeSpecial(java.lang.Object, java.lang.Object, java.lang.Object, java.lang.Object, int)'> (0x00000000eb12a948) 
thrown [s\src\hotspot\share\interpreter\linkResolver.cpp, line 773]
Event: 96.214 Thread 0x00000231825f5c50 Exception <a 'java/lang/NoSuchMethodError'{0x00000000eb12eca8}: 'java.lang.Object java.lang.invoke.DirectMethodHandle$Holder.invokeSpecial(java.lang.Object, java.lang.Object, java.lang.Object, java.lang.Object, java.lang.Object, int)'> (0x00000000eb12eca8) 
thrown [s\src\hotspot\share\interpreter\linkResolver.cpp, line 773]
Event: 96.215 Thread 0x00000231825f5c50 Exception <a 'java/lang/NoSuchMethodError'{0x00000000eb132728}: 'java.lang.Object java.lang.invoke.Invokers$Holder.linkToTargetMethod(java.lang.Object, java.lang.Object, java.lang.Object, int, java.lang.Object)'> (0x00000000eb132728) 
thrown [s\src\hotspot\share\interpreter\linkResolver.cpp, line 773]
Event: 98.654 Thread 0x00000231825f5c50 Implicit null exception at 0x00000231afd9edc6 to 0x00000231afd9ee34
Event: 98.850 Thread 0x0000023180da61e0 Exception <a 'sun/nio/fs/WindowsException'{0x00000000eb889c30}> (0x00000000eb889c30) 
thrown [s\src\hotspot\share\prims\jni.cpp, line 520]
Event: 98.851 Thread 0x0000023180cf59d0 Exception <a 'sun/nio/fs/WindowsException'{0x00000000eb8d6750}> (0x00000000eb8d6750) 
thrown [s\src\hotspot\share\prims\jni.cpp, line 520]
Event: 98.852 Thread 0x0000023180cf59d0 Exception <a 'sun/nio/fs/WindowsException'{0x00000000eb8d75e8}> (0x00000000eb8d75e8) 
thrown [s\src\hotspot\share\prims\jni.cpp, line 520]
Event: 100.238 Thread 0x0000023180da61e0 Exception <a 'sun/nio/fs/WindowsException'{0x00000000eb08ef98}> (0x00000000eb08ef98) 
thrown [s\src\hotspot\share\prims\jni.cpp, line 520]
Event: 100.239 Thread 0x0000023180da61e0 Exception <a 'sun/nio/fs/WindowsException'{0x00000000eb08f908}> (0x00000000eb08f908) 
thrown [s\src\hotspot\share\prims\jni.cpp, line 520]
Event: 100.239 Thread 0x0000023180da61e0 Exception <a 'sun/nio/fs/WindowsException'{0x00000000eb090a00}> (0x00000000eb090a00) 
thrown [s\src\hotspot\share\prims\jni.cpp, line 520]
Event: 100.239 Thread 0x0000023180da61e0 Exception <a 'sun/nio/fs/WindowsException'{0x00000000eb091370}> (0x00000000eb091370) 
thrown [s\src\hotspot\share\prims\jni.cpp, line 520]
Event: 103.307 Thread 0x0000023180da61e0 Exception <a 'java/lang/NoSuchMethodError'{0x00000000eb665608}: 'void java.lang.invoke.DirectMethodHandle$Holder.invokeStatic(java.lang.Object, java.lang.Object, java.lang.Object, int)'> (0x00000000eb665608) 
thrown [s\src\hotspot\share\interpreter\linkResolver.cpp, line 773]
Event: 103.324 Thread 0x0000023180da61e0 Exception <a 'java/lang/NoSuchMethodError'{0x00000000eb6b9b30}: 'void java.lang.invoke.DirectMethodHandle$Holder.invokeVirtual(java.lang.Object, java.lang.Object, int)'> (0x00000000eb6b9b30) 
thrown [s\src\hotspot\share\interpreter\linkResolver.cpp, line 773]

ZGC Phase Switch (0 events):
No events

VM Operations (20 events):
Event: 99.776 Executing VM operation: ParallelGCFailedAllocation (Allocation Failure)
Event: 99.786 Executing VM operation: ParallelGCFailedAllocation (Allocation Failure) done
Event: 100.799 Executing VM operation: Cleanup
Event: 101.023 Executing VM operation: Cleanup done
Event: 101.523 Executing VM operation: ParallelGCFailedAllocation (Allocation Failure)
Event: 101.546 Executing VM operation: ParallelGCFailedAllocation (Allocation Failure) done
Event: 102.556 Executing VM operation: Cleanup
Event: 102.573 Executing VM operation: Cleanup done
Event: 103.583 Executing VM operation: Cleanup
Event: 103.615 Executing VM operation: Cleanup done
Event: 104.572 Executing VM operation: ParallelGCFailedAllocation (Allocation Failure)
Event: 104.581 Executing VM operation: ParallelGCFailedAllocation (Allocation Failure) done
Event: 105.596 Executing VM operation: Cleanup
Event: 105.813 Executing VM operation: Cleanup done
Event: 106.815 Executing VM operation: Cleanup
Event: 107.006 Executing VM operation: Cleanup done
Event: 107.498 Executing VM operation: ParallelGCFailedAllocation (Allocation Failure)
Event: 107.741 Executing VM operation: ParallelGCFailedAllocation (Allocation Failure) done
Event: 108.751 Executing VM operation: Cleanup
Event: 108.799 Executing VM operation: Cleanup done

Memory protections (0 events):
No events

Nmethod flushes (20 events):
Event: 88.722 Thread 0x00000231a4c115e0 flushing  nmethod 0x00000231a8731f90
Event: 88.722 Thread 0x00000231a4c115e0 flushing  nmethod 0x00000231a8732390
Event: 88.722 Thread 0x00000231a4c115e0 flushing  nmethod 0x00000231a8732c90
Event: 88.722 Thread 0x00000231a4c115e0 flushing  nmethod 0x00000231a8733090
Event: 88.722 Thread 0x00000231a4c115e0 flushing  nmethod 0x00000231a8739590
Event: 88.722 Thread 0x00000231a4c115e0 flushing  nmethod 0x00000231a874d690
Event: 88.722 Thread 0x00000231a4c115e0 flushing  nmethod 0x00000231a875d290
Event: 88.722 Thread 0x00000231a4c115e0 flushing  nmethod 0x00000231a875fb90
Event: 88.722 Thread 0x00000231a4c115e0 flushing  nmethod 0x00000231a8761190
Event: 88.722 Thread 0x00000231a4c115e0 flushing  nmethod 0x00000231a87a4190
Event: 88.722 Thread 0x00000231a4c115e0 flushing  nmethod 0x00000231a87b3610
Event: 88.722 Thread 0x00000231a4c115e0 flushing  nmethod 0x00000231a87b4690
Event: 88.722 Thread 0x00000231a4c115e0 flushing  nmethod 0x00000231a87b4f90
Event: 88.722 Thread 0x00000231a4c115e0 flushing  nmethod 0x00000231a87b6090
Event: 88.722 Thread 0x00000231a4c115e0 flushing  nmethod 0x00000231a87c2b90
Event: 88.722 Thread 0x00000231a4c115e0 flushing  nmethod 0x00000231a87d7010
Event: 88.722 Thread 0x00000231a4c115e0 flushing  nmethod 0x00000231a87e6d90
Event: 88.722 Thread 0x00000231a4c115e0 flushing  nmethod 0x00000231a87ea590
Event: 88.722 Thread 0x00000231a4c115e0 flushing  nmethod 0x00000231a8811e10
Event: 88.722 Thread 0x00000231a4c115e0 flushing  nmethod 0x00000231a8840790

Events (20 events):
Event: 88.552 Thread 0x00000231b8eb4ae0 Thread added: 0x0000023181d18110
Event: 89.006 Thread 0x0000023181d18110 Thread exited: 0x0000023181d18110
Event: 89.209 Thread 0x0000023180cf7aa0 Thread exited: 0x0000023180cf7aa0
Event: 89.739 Thread 0x00000231b8f1f230 Thread added: 0x0000023183014d90
Event: 92.900 Thread 0x0000023183014d90 Thread exited: 0x0000023183014d90
Event: 94.527 Thread 0x00000231b8f1f230 Thread added: 0x0000023181dbc010
Event: 94.672 Thread 0x0000023180da61e0 Thread added: 0x00000231825f5c50
Event: 95.445 Thread 0x0000023180da61e0 Thread added: 0x00000231825f3b80
Event: 95.541 Thread 0x0000023180da61e0 Thread added: 0x00000231825f4f30
Event: 95.905 Thread 0x0000023181dbc010 Thread exited: 0x0000023181dbc010
Event: 97.390 Thread 0x00000231b8f1f230 Thread added: 0x00000231ff2d46b0
Event: 97.539 Thread 0x00000231ff2d46b0 Thread exited: 0x00000231ff2d46b0
Event: 97.833 Thread 0x00000231b8f1f230 Thread added: 0x00000231ff2d46b0
Event: 101.303 Thread 0x00000231ff2d46b0 Thread exited: 0x00000231ff2d46b0
Event: 102.061 Thread 0x00000231b8f1f230 Thread added: 0x00000231828942a0
Event: 102.580 Thread 0x00000231828942a0 Thread exited: 0x00000231828942a0
Event: 103.464 Thread 0x00000231b8f1f230 Thread added: 0x00000231828942a0
Event: 103.761 Thread 0x00000231828942a0 Thread exited: 0x00000231828942a0
Event: 104.461 Thread 0x00000231b8f1f230 Thread added: 0x00000231828942a0
Event: 104.987 Thread 0x00000231828942a0 Thread exited: 0x00000231828942a0


Dynamic libraries:
0x00007ff749430000 - 0x00007ff74943e000 	c:\Users\palak\.vscode\extensions\redhat.java-1.40.0-win32-x64\jre\21.0.6-win32-x86_64\bin\java.exe
0x00007ff913fc0000 - 0x00007ff914223000 	C:\WINDOWS\SYSTEM32\ntdll.dll
0x00007ff913410000 - 0x00007ff9134d7000 	C:\WINDOWS\System32\KERNEL32.DLL
0x00007ff911630000 - 0x00007ff9119f9000 	C:\WINDOWS\System32\KERNELBASE.dll
0x00007ff9111f0000 - 0x00007ff91133c000 	C:\WINDOWS\System32\ucrtbase.dll
0x00007ff9083d0000 - 0x00007ff9083e8000 	c:\Users\palak\.vscode\extensions\redhat.java-1.40.0-win32-x64\jre\21.0.6-win32-x86_64\bin\jli.dll
0x00007ff913240000 - 0x00007ff91340a000 	C:\WINDOWS\System32\USER32.dll
0x00007ff9111c0000 - 0x00007ff9111e7000 	C:\WINDOWS\System32\win32u.dll
0x00007ff913870000 - 0x00007ff91389a000 	C:\WINDOWS\System32\GDI32.dll
0x00007ff911a00000 - 0x00007ff911b31000 	C:\WINDOWS\System32\gdi32full.dll
0x00007ff9114c0000 - 0x00007ff911563000 	C:\WINDOWS\System32\msvcp_win.dll
0x00007ff9066c0000 - 0x00007ff9066de000 	c:\Users\palak\.vscode\extensions\redhat.java-1.40.0-win32-x64\jre\21.0.6-win32-x86_64\bin\VCRUNTIME140.dll
0x00007ff8f1be0000 - 0x00007ff8f1e70000 	C:\WINDOWS\WinSxS\amd64_microsoft.windows.common-controls_6595b64144ccf1df_6.0.26100.3323_none_3e088096e3344490\COMCTL32.dll
0x00007ff911de0000 - 0x00007ff911e89000 	C:\WINDOWS\System32\msvcrt.dll
0x00007ff912870000 - 0x00007ff91289f000 	C:\WINDOWS\System32\IMM32.DLL
0x00007ff90c1b0000 - 0x00007ff90c1bc000 	c:\Users\palak\.vscode\extensions\redhat.java-1.40.0-win32-x64\jre\21.0.6-win32-x86_64\bin\vcruntime140_1.dll
0x00007ff8ce410000 - 0x00007ff8ce49d000 	c:\Users\palak\.vscode\extensions\redhat.java-1.40.0-win32-x64\jre\21.0.6-win32-x86_64\bin\msvcp140.dll
0x00007ff8c4760000 - 0x00007ff8c54f0000 	c:\Users\palak\.vscode\extensions\redhat.java-1.40.0-win32-x64\jre\21.0.6-win32-x86_64\bin\server\jvm.dll
0x00007ff9127b0000 - 0x00007ff912862000 	C:\WINDOWS\System32\ADVAPI32.dll
0x00007ff9128b0000 - 0x00007ff912956000 	C:\WINDOWS\System32\sechost.dll
0x00007ff913e60000 - 0x00007ff913f76000 	C:\WINDOWS\System32\RPCRT4.dll
0x00007ff913ab0000 - 0x00007ff913b24000 	C:\WINDOWS\System32\WS2_32.dll
0x00007ff911050000 - 0x00007ff91109e000 	C:\WINDOWS\SYSTEM32\POWRPROF.dll
0x00007ff90b4a0000 - 0x00007ff90b4d6000 	C:\WINDOWS\SYSTEM32\WINMM.dll
0x00007ff90b4e0000 - 0x00007ff90b4eb000 	C:\WINDOWS\SYSTEM32\VERSION.dll
0x00007ff911030000 - 0x00007ff911044000 	C:\WINDOWS\SYSTEM32\UMPDC.dll
0x00007ff90ffe0000 - 0x00007ff90fffa000 	C:\WINDOWS\SYSTEM32\kernel.appcore.dll
0x00007ff8f7d40000 - 0x00007ff8f7d4a000 	c:\Users\palak\.vscode\extensions\redhat.java-1.40.0-win32-x64\jre\21.0.6-win32-x86_64\bin\jimage.dll
0x00007ff903c50000 - 0x00007ff903e91000 	C:\WINDOWS\SYSTEM32\DBGHELP.DLL
0x00007ff912420000 - 0x00007ff9127a2000 	C:\WINDOWS\System32\combase.dll
0x00007ff912960000 - 0x00007ff912a36000 	C:\WINDOWS\System32\OLEAUT32.dll
0x00007ff8f2020000 - 0x00007ff8f2059000 	C:\WINDOWS\SYSTEM32\dbgcore.DLL
0x00007ff911d40000 - 0x00007ff911dd9000 	C:\WINDOWS\System32\bcryptPrimitives.dll
0x00007ff8f7a70000 - 0x00007ff8f7a7f000 	c:\Users\palak\.vscode\extensions\redhat.java-1.40.0-win32-x64\jre\21.0.6-win32-x86_64\bin\instrument.dll
0x00007ff8e98b0000 - 0x00007ff8e98cf000 	c:\Users\palak\.vscode\extensions\redhat.java-1.40.0-win32-x64\jre\21.0.6-win32-x86_64\bin\java.dll
0x00007ff912ac0000 - 0x00007ff9131d5000 	C:\WINDOWS\System32\SHELL32.dll
0x00007ff911b40000 - 0x00007ff911ca8000 	C:\WINDOWS\System32\wintypes.dll
0x00007ff90eea0000 - 0x00007ff90f6e5000 	C:\WINDOWS\SYSTEM32\windows.storage.dll
0x00007ff913b30000 - 0x00007ff913c1b000 	C:\WINDOWS\System32\SHCORE.dll
0x00007ff913ca0000 - 0x00007ff913cfd000 	C:\WINDOWS\System32\shlwapi.dll
0x00007ff9110d0000 - 0x00007ff9110ff000 	C:\WINDOWS\SYSTEM32\profapi.dll
0x00007ff8e5850000 - 0x00007ff8e5868000 	c:\Users\palak\.vscode\extensions\redhat.java-1.40.0-win32-x64\jre\21.0.6-win32-x86_64\bin\zip.dll
0x00007ff8f7a60000 - 0x00007ff8f7a70000 	C:\Users\palak\.vscode\extensions\redhat.java-1.40.0-win32-x64\jre\21.0.6-win32-x86_64\bin\net.dll
0x00007ff907790000 - 0x00007ff9078ae000 	C:\WINDOWS\SYSTEM32\WINHTTP.dll
0x00007ff910500000 - 0x00007ff91056a000 	C:\WINDOWS\system32\mswsock.dll
0x00007ff8e19a0000 - 0x00007ff8e19b6000 	C:\Users\palak\.vscode\extensions\redhat.java-1.40.0-win32-x64\jre\21.0.6-win32-x86_64\bin\nio.dll
0x00007ff8f4a80000 - 0x00007ff8f4a90000 	c:\Users\palak\.vscode\extensions\redhat.java-1.40.0-win32-x64\jre\21.0.6-win32-x86_64\bin\verify.dll
0x00007ff8cb270000 - 0x00007ff8cb2b5000 	C:\Users\palak\AppData\Roaming\Code\User\globalStorage\redhat.java\1.40.0\config_win\org.eclipse.equinox.launcher\org.eclipse.equinox.launcher.win32.win32.x86_64_1.2.1200.v20250212-0927\eclipse_11909.dll
0x00007ff9136d0000 - 0x00007ff913865000 	C:\WINDOWS\System32\ole32.dll
0x00007ff9107a0000 - 0x00007ff9107bc000 	C:\WINDOWS\SYSTEM32\CRYPTSP.dll
0x00007ff90ff40000 - 0x00007ff90ff7a000 	C:\WINDOWS\system32\rsaenh.dll
0x00007ff9105a0000 - 0x00007ff9105cb000 	C:\WINDOWS\SYSTEM32\USERENV.dll
0x00007ff9109e0000 - 0x00007ff910a06000 	C:\WINDOWS\SYSTEM32\bcrypt.dll
0x00007ff9107c0000 - 0x00007ff9107cc000 	C:\WINDOWS\SYSTEM32\CRYPTBASE.dll
0x00007ff90f9e0000 - 0x00007ff90fa13000 	C:\WINDOWS\SYSTEM32\IPHLPAPI.DLL
0x00007ff9138a0000 - 0x00007ff9138aa000 	C:\WINDOWS\System32\NSI.dll
0x00007ff8cd720000 - 0x00007ff8cd769000 	C:\Users\palak\AppData\Local\Temp\jna-106430981\jna17071532999423851932.dll
0x00007ff913230000 - 0x00007ff913238000 	C:\WINDOWS\System32\PSAPI.DLL
0x00007ff907990000 - 0x00007ff9079af000 	C:\WINDOWS\SYSTEM32\dhcpcsvc6.DLL
0x00007ff907620000 - 0x00007ff907645000 	C:\WINDOWS\SYSTEM32\dhcpcsvc.DLL
0x00007ff8f0900000 - 0x00007ff8f090a000 	C:\Users\palak\.vscode\extensions\redhat.java-1.40.0-win32-x64\jre\21.0.6-win32-x86_64\bin\management.dll
0x00007ff8eddd0000 - 0x00007ff8edddb000 	C:\Users\palak\.vscode\extensions\redhat.java-1.40.0-win32-x64\jre\21.0.6-win32-x86_64\bin\management_ext.dll
0x00007ff8ed740000 - 0x00007ff8ed74e000 	C:\Users\palak\.vscode\extensions\redhat.java-1.40.0-win32-x64\jre\21.0.6-win32-x86_64\bin\sunmscapi.dll
0x00007ff911340000 - 0x00007ff9114b7000 	C:\WINDOWS\System32\CRYPT32.dll
0x00007ff9109a0000 - 0x00007ff9109d0000 	C:\WINDOWS\SYSTEM32\ncrypt.dll
0x00007ff910950000 - 0x00007ff91098f000 	C:\WINDOWS\SYSTEM32\NTASN1.dll
0x00007ff90fa20000 - 0x00007ff90fb45000 	C:\WINDOWS\SYSTEM32\DNSAPI.dll
0x00007ff905410000 - 0x00007ff90541b000 	C:\Windows\System32\rasadhlp.dll
0x00007ff905770000 - 0x00007ff9057f5000 	C:\WINDOWS\System32\fwpuclnt.dll
0x00007ff8e9960000 - 0x00007ff8e9969000 	C:\Users\palak\.vscode\extensions\redhat.java-1.40.0-win32-x64\jre\21.0.6-win32-x86_64\bin\extnet.dll

dbghelp: loaded successfully - version: 4.0.5 - missing functions: none
symbol engine: initialized successfully - sym options: 0x614 - pdb path: .;c:\Users\palak\.vscode\extensions\redhat.java-1.40.0-win32-x64\jre\21.0.6-win32-x86_64\bin;C:\WINDOWS\SYSTEM32;C:\WINDOWS\WinSxS\amd64_microsoft.windows.common-controls_6595b64144ccf1df_6.0.26100.3323_none_3e088096e3344490;c:\Users\palak\.vscode\extensions\redhat.java-1.40.0-win32-x64\jre\21.0.6-win32-x86_64\bin\server;C:\Users\palak\AppData\Roaming\Code\User\globalStorage\redhat.java\1.40.0\config_win\org.eclipse.equinox.launcher\org.eclipse.equinox.launcher.win32.win32.x86_64_1.2.1200.v20250212-0927;C:\Users\palak\AppData\Local\Temp\jna-106430981

VM Arguments:
jvm_args: --add-modules=ALL-SYSTEM --add-opens=java.base/java.util=ALL-UNNAMED --add-opens=java.base/java.lang=ALL-UNNAMED --add-opens=java.base/sun.nio.fs=ALL-UNNAMED -Declipse.application=org.eclipse.jdt.ls.core.id1 -Dosgi.bundles.defaultStartLevel=4 -Declipse.product=org.eclipse.jdt.ls.core.product -Djava.import.generatesMetadataFilesAtProjectRoot=false -DDetectVMInstallationsJob.disabled=true -Dfile.encoding=utf8 -XX:+UseParallelGC -XX:GCTimeRatio=4 -XX:AdaptiveSizePolicyWeight=90 -Dsun.zip.disableMemoryMapping=true -Xmx1G -Xms100m -Xlog:disable -javaagent:c:\Users\palak\.vscode\extensions\redhat.java-1.40.0-win32-x64\lombok\lombok-1.18.36.jar -XX:+HeapDumpOnOutOfMemoryError -XX:HeapDumpPath=c:\Users\palak\AppData\Roaming\Code\User\workspaceStorage\632f04cdbe9e26a6a5769c745b0508de\redhat.java -Daether.dependencyCollector.impl=bf 
java_command: c:\Users\palak\.vscode\extensions\redhat.java-1.40.0-win32-x64\server\plugins\org.eclipse.equinox.launcher_1.6.1000.v20250131-0606.jar -configuration c:\Users\palak\AppData\Roaming\Code\User\globalStorage\redhat.java\1.40.0\config_win -data c:\Users\palak\AppData\Roaming\Code\User\workspaceStorage\632f04cdbe9e26a6a5769c745b0508de\redhat.java\jdt_ws --pipe=\\.\pipe\lsp-65bb97fe1c2b851733e4d9fa9f06b539-sock
java_class_path (initial): c:\Users\palak\.vscode\extensions\redhat.java-1.40.0-win32-x64\server\plugins\org.eclipse.equinox.launcher_1.6.1000.v20250131-0606.jar
Launcher Type: SUN_STANDARD

[Global flags]
    uintx AdaptiveSizePolicyWeight                 = 90                                        {product} {command line}
     intx CICompilerCount                          = 3                                         {product} {ergonomic}
    uintx GCTimeRatio                              = 4                                         {product} {command line}
     bool HeapDumpOnOutOfMemoryError               = true                                   {manageable} {command line}
    ccstr HeapDumpPath                             = c:\Users\palak\AppData\Roaming\Code\User\workspaceStorage\632f04cdbe9e26a6a5769c745b0508de\redhat.java         {manageable} {command line}
   size_t InitialHeapSize                          = 104857600                                 {product} {command line}
   size_t MaxHeapSize                              = 1073741824                                {product} {command line}
   size_t MaxNewSize                               = 357564416                                 {product} {ergonomic}
   size_t MinHeapDeltaBytes                        = 524288                                    {product} {ergonomic}
   size_t MinHeapSize                              = 104857600                                 {product} {command line}
   size_t NewSize                                  = 34603008                                  {product} {ergonomic}
    uintx NonNMethodCodeHeapSize                   = 5832780                                {pd product} {ergonomic}
    uintx NonProfiledCodeHeapSize                  = 122912730                              {pd product} {ergonomic}
   size_t OldSize                                  = 70254592                                  {product} {ergonomic}
    uintx ProfiledCodeHeapSize                     = 122912730                              {pd product} {ergonomic}
    uintx ReservedCodeCacheSize                    = 251658240                              {pd product} {ergonomic}
     bool SegmentedCodeCache                       = true                                      {product} {ergonomic}
   size_t SoftMaxHeapSize                          = 1073741824                             {manageable} {ergonomic}
     bool UseCompressedOops                        = true                           {product lp64_product} {ergonomic}
     bool UseLargePagesIndividualAllocation        = false                                  {pd product} {ergonomic}
     bool UseParallelGC                            = true                                      {product} {command line}

Logging:
Log output configuration:
 #0: stdout all=off uptime,level,tags foldmultilines=false
 #1: stderr all=off uptime,level,tags foldmultilines=false

Environment Variables:
JAVA_HOME=C:\Users\palak\Downloads\java-21-openjdk-21.0.1.0.12-3.win.jdk.x86_64\java-21-openjdk-21.0.1.0.12-3.win.jdk.x86_64
PATH=C:\Program Files (x86)\Common Files\Oracle\Java\java8path;C:\Program Files (x86)\Common Files\Oracle\Java\javapath;C:\WINDOWS\system32;C:\WINDOWS;C:\WINDOWS\System32\Wbem;C:\WINDOWS\System32\WindowsPowerShell\v1.0\;C:\WINDOWS\System32\OpenSSH\;C:\Users\palak\Downloads\java-21-openjdk-21.0.1.0.12-3.win.jdk.x86_64\java-21-openjdk-21.0.1.0.12-3.win.jdk.x86_64\bin;C:\Users\palak\Downloads\apache-maven-3.9.8-bin\bin;c:\users\palak\appdata\local\packages\pythonsoftwarefoundation.python.3.11_qbz5n2kfra8p0\localcache\local-packages\python311\site-packages;C:\ProgramData\chocolatey\bin;C:\Program Files\nodejs\;C:\Users\palak\AppData\Local\Programs\Python\Python312\Scripts;C:\Program Files\Git\cmd;C:\Users\palak\Downloads\flutter_windows_3.27.3-stable\flutter\bin;C:\Users\palak\AppData\Local\Android\Sdk\cmdline-tools\latest\bin;C:\Users\palak\AppData\Local\Android\Sdk\platform-tools;C:\ffmpeg;C:\Program Files\MongoDB\Server\8.0\bin;C:\Users\palak\AppData\Local\Programs\Python\Python313\Scripts\;C:\Users\palak\AppData\Local\Programs\Python\Python313\;C:\Users\palak\AppData\Local\Programs\Python\Python312\Scripts\;C:\Users\palak\AppData\Local\Programs\Python\Python312\;C:\Users\palak\AppData\Local\Programs\Python\Launcher\;C:\Program Files\MySQL\MySQL Shell 8.0\bin\;C:\Users\palak\AppData\Local\Microsoft\WindowsApps;C:\Users\palak\AppData\Local\Programs\Microsoft VS Code\bin;C:\Program Files\JetBrains\IntelliJ IDEA Community Edition 2023.3.3\bin;C:\Users\palak\AppData\Local\JetBrains\CLion 2023.3.4\bin;C:\Program Files\JetBrains\PyCharm 2024.1.2\bin;C:\Program Files\JetBrains\PyCharm Community Edition 2024.1.4\bin;C:\Users\palak\AppData\Local\JetBrains\Toolbox\scripts;C:\Users\palak\AppData\Roaming\npm;C:\Users\palak\AppData\Local\GitHubDesktop\bin;C:\Users\palak\AppData\Local\Microsoft\WindowsApps;
USERNAME=palak
OS=Windows_NT
PROCESSOR_IDENTIFIER=AMD64 Family 23 Model 24 Stepping 1, AuthenticAMD
TMP=C:\Users\palak\AppData\Local\Temp
TEMP=C:\Users\palak\AppData\Local\Temp




Periodic native trim disabled

---------------  S Y S T E M  ---------------

OS:
 Windows 11 , 64 bit Build 26100 (10.0.26100.3323)
OS uptime: 0 days 6:03 hours

CPU: total 4 (initial active 4) (4 cores per cpu, 2 threads per core) family 23 model 24 stepping 1 microcode 0x8108109, cx8, cmov, fxsr, ht, mmx, 3dnowpref, sse, sse2, sse3, ssse3, sse4a, sse4.1, sse4.2, popcnt, lzcnt, tsc, tscinvbit, avx, avx2, aes, clmul, bmi1, bmi2, adx, sha, fma, vzeroupper, clflush, clflushopt, rdtscp, f16c
Processor Information for the first 4 processors :
  Max Mhz: 2600, Current Mhz: 2600, Mhz Limit: 2600

Memory: 4k page, system-wide physical 6086M (560M free)
TotalPageFile size 14278M (AvailPageFile size 1M)
current process WorkingSet (physical memory assigned to process): 251M, peak: 301M
current process commit charge ("private bytes"): 314M, peak: 352M

vm_info: OpenJDK 64-Bit Server VM (21.0.6+7-LTS) for windows-amd64 JRE (21.0.6+7-LTS), built on 2025-01-21T00:00:00Z by "admin" with MS VC++ 17.7 (VS2022)

END.
