#
# There is insufficient memory for the Java Runtime Environment to continue.
# Native memory allocation (mmap) failed to map 65536 bytes for Failed to commit metaspace.
# Possible reasons:
#   The system is out of physical RAM or swap space
#   The process is running with CompressedOops enabled, and the Java Heap may be blocking the growth of the native heap
# Possible solutions:
#   Reduce memory load on the system
#   Increase physical memory or swap space
#   Check if swap backing store is full
#   Decrease Java heap size (-Xmx/-Xms)
#   Decrease number of Java threads
#   Decrease Java thread stack sizes (-Xss)
#   Set larger code cache with -XX:ReservedCodeCacheSize=
#   JVM is running with Unscaled Compressed Oops mode in which the Java heap is
#     placed in the first 4GB address space. The Java Heap base address is the
#     maximum limit for the native heap growth. Please use -XX:HeapBaseMinAddress
#     to set the Java Heap base and to place the Java Heap above 4GB virtual address.
# This output file may be truncated or incomplete.
#
#  Out of Memory Error (virtualSpaceNode.cpp:112), pid=16772, tid=13280
#
# JRE version: OpenJDK Runtime Environment (Red_Hat-21.0.1.0+12-3) (21.0.1+12) (build 21.0.1+12-LTS)
# Java VM: OpenJDK 64-Bit Server VM (Red_Hat-21.0.1.0+12-3) (21.0.1+12-LTS, mixed mode, sharing, tiered, compressed oops, compressed class ptrs, g1 gc, windows-amd64)
# No core dump will be written. Minidumps are not enabled by default on client versions of Windows
#

---------------  S U M M A R Y ------------

Command Line: -Dclassworlds.conf=C:\Users\palak\Downloads\apache-maven-3.9.8-bin\bin\m2.conf -Dmaven.home=C:\Users\palak\Downloads\apache-maven-3.9.8-bin -Dlibrary.jansi.path=C:\Users\palak\Downloads\apache-maven-3.9.8-bin\lib\jansi-native -Dmaven.multiModuleProjectDirectory=C:\Users\palak\Downloads\demo org.codehaus.plexus.classworlds.launcher.Launcher spring-boot:run

Host: AMD Ryzen 3 3250U with Radeon Graphics         , 4 cores, 5G,  Windows 11 , 64 bit Build 26100 (10.0.26100.3323)
Time: Sat Apr  5 09:51:20 2025 India Standard Time elapsed time: 7.893746 seconds (0d 0h 0m 7s)

---------------  T H R E A D  ---------------

Current thread (0x000001a462006060):  JavaThread "main"             [_thread_in_vm, id=13280, stack(0x000000985cb00000,0x000000985cc00000) (1024K)]

Stack: [0x000000985cb00000,0x000000985cc00000]
Native frames: (J=compiled Java code, j=interpreted, Vv=VM code, C=native code)
V  [jvm.dll+0x6c7789]
V  [jvm.dll+0x8a2011]
V  [jvm.dll+0x8a44ae]
V  [jvm.dll+0x8a4b83]
V  [jvm.dll+0x27f936]
V  [jvm.dll+0x89dd8e]
V  [jvm.dll+0x66a6f5]
V  [jvm.dll+0x1e551c]
V  [jvm.dll+0x1e52ee]
V  [jvm.dll+0x66cfc2]
V  [jvm.dll+0x66cde2]
V  [jvm.dll+0x66b0ce]
V  [jvm.dll+0x67c4fa]
V  [jvm.dll+0x675622]
V  [jvm.dll+0x244001]
V  [jvm.dll+0x244175]
V  [jvm.dll+0x3d26ec]
V  [jvm.dll+0x3d24dd]
C  0x000001a473ebbd53

The last pc belongs to method entry point (kind = zerolocals) (printed below).
Java frames: (J=compiled Java code, j=interpreted, Vv=VM code)
j  com.google.common.collect.LinkedHashMultimap.access$400(Lcom/google/common/collect/LinkedHashMultimap$ValueEntry;Lcom/google/common/collect/LinkedHashMultimap$ValueEntry;)V+0
j  com.google.common.collect.LinkedHashMultimap$ValueSet.add(Ljava/lang/Object;)Z+107
J 2406 c1 com.google.common.collect.AbstractMapBasedMultimap.put(Ljava/lang/Object;Ljava/lang/Object;)Z (92 bytes) @ 0x000001a46ce2e214 [0x000001a46ce2dd40+0x00000000000004d4]
j  com.google.common.collect.AbstractSetMultimap.put(Ljava/lang/Object;Ljava/lang/Object;)Z+3
j  com.google.common.collect.LinkedHashMultimap.put(Ljava/lang/Object;Ljava/lang/Object;)Z+3
j  com.google.inject.internal.CycleDetectingLock$CycleDetectingLockFactory$ReentrantCycleDetectingLock.lockOrDetectPotentialLocksCycle()Lcom/google/common/collect/ListMultimap;+112
j  com.google.inject.internal.SingletonScope$1.get()Ljava/lang/Object;+32
j  com.google.inject.internal.InternalFactoryToProviderAdapter.get(Lcom/google/inject/internal/InternalContext;Lcom/google/inject/spi/Dependency;Z)Ljava/lang/Object;+9
j  com.google.inject.internal.InjectorImpl$1.get()Ljava/lang/Object;+18
j  org.eclipse.sisu.inject.LazyBeanEntry.getValue()Ljava/lang/Object;+4
j  org.eclipse.sisu.plexus.LazyPlexusBean.getValue()Ljava/lang/Object;+4
j  org.eclipse.sisu.plexus.PlexusRequirements$RequirementProvider.get()Ljava/lang/Object;+28
j  org.eclipse.sisu.plexus.ProvidedPropertyBinding.injectProperty(Ljava/lang/Object;)V+9
j  org.eclipse.sisu.bean.BeanInjector.injectMembers(Ljava/lang/Object;)V+26
j  com.google.inject.internal.MembersInjectorImpl.injectMembers(Ljava/lang/Object;Lcom/google/inject/internal/InternalContext;Z)V+115
j  com.google.inject.internal.ConstructorInjector.provision(Lcom/google/inject/internal/InternalContext;Lcom/google/inject/internal/ConstructionContext;)Ljava/lang/Object;+59
j  com.google.inject.internal.ConstructorInjector.access$000(Lcom/google/inject/internal/ConstructorInjector;Lcom/google/inject/internal/InternalContext;Lcom/google/inject/internal/ConstructionContext;)Ljava/lang/Object;+3
j  com.google.inject.internal.ConstructorInjector$1.call()Ljava/lang/Object;+12
j  com.google.inject.internal.ProvisionListenerStackCallback$Provision.provision()Ljava/lang/Object;+30
j  com.google.inject.internal.ProvisionListenerStackCallback$Provision.provision()Ljava/lang/Object;+118
j  com.google.inject.internal.ProvisionListenerStackCallback.provision(Lcom/google/inject/internal/InternalContext;Lcom/google/inject/internal/ProvisionListenerStackCallback$ProvisionCallback;)Ljava/lang/Object;+14
j  com.google.inject.internal.ConstructorInjector.construct(Lcom/google/inject/internal/InternalContext;Lcom/google/inject/spi/Dependency;Lcom/google/inject/internal/ProvisionListenerStackCallback;)Ljava/lang/Object;+113
j  com.google.inject.internal.ConstructorBindingImpl$Factory.get(Lcom/google/inject/internal/InternalContext;Lcom/google/inject/spi/Dependency;Z)Ljava/lang/Object;+48
j  com.google.inject.internal.InjectorImpl$1.get()Ljava/lang/Object;+18
j  com.google.inject.internal.InjectorImpl.getInstance(Ljava/lang/Class;)Ljava/lang/Object;+5
j  org.eclipse.sisu.space.AbstractDeferredClass.get()Ljava/lang/Object;+8
j  com.google.inject.internal.ProviderInternalFactory.provision(Ljavax/inject/Provider;Lcom/google/inject/spi/Dependency;Lcom/google/inject/internal/ConstructionContext;)Ljava/lang/Object;+1
j  com.google.inject.internal.InternalFactoryToInitializableAdapter.provision(Ljavax/inject/Provider;Lcom/google/inject/spi/Dependency;Lcom/google/inject/internal/ConstructionContext;)Ljava/lang/Object;+4
j  com.google.inject.internal.ProviderInternalFactory$1.call()Ljava/lang/Object;+16
j  com.google.inject.internal.ProvisionListenerStackCallback$Provision.provision()Ljava/lang/Object;+30
j  com.google.inject.internal.ProvisionListenerStackCallback$Provision.provision()Ljava/lang/Object;+118
j  com.google.inject.internal.ProvisionListenerStackCallback.provision(Lcom/google/inject/internal/InternalContext;Lcom/google/inject/internal/ProvisionListenerStackCallback$ProvisionCallback;)Ljava/lang/Object;+14
j  com.google.inject.internal.ProviderInternalFactory.circularGet(Ljavax/inject/Provider;Lcom/google/inject/internal/InternalContext;Lcom/google/inject/spi/Dependency;Lcom/google/inject/internal/ProvisionListenerStackCallback;)Ljava/lang/Object;+91
j  com.google.inject.internal.InternalFactoryToInitializableAdapter.get(Lcom/google/inject/internal/InternalContext;Lcom/google/inject/spi/Dependency;Z)Ljava/lang/Object;+19
j  com.google.inject.internal.ProviderToInternalFactoryAdapter.get()Ljava/lang/Object;+18
j  com.google.inject.internal.SingletonScope$1.get()Ljava/lang/Object;+58
j  com.google.inject.internal.InternalFactoryToProviderAdapter.get(Lcom/google/inject/internal/InternalContext;Lcom/google/inject/spi/Dependency;Z)Ljava/lang/Object;+9
j  com.google.inject.internal.InjectorImpl$1.get()Ljava/lang/Object;+18
j  org.eclipse.sisu.inject.LazyBeanEntry.getValue()Ljava/lang/Object;+4
j  org.eclipse.sisu.plexus.LazyPlexusBean.getValue()Ljava/lang/Object;+4
j  org.eclipse.sisu.plexus.PlexusRequirements$RequirementProvider.get()Ljava/lang/Object;+28
j  org.eclipse.sisu.plexus.ProvidedPropertyBinding.injectProperty(Ljava/lang/Object;)V+9
j  org.eclipse.sisu.bean.BeanInjector.injectMembers(Ljava/lang/Object;)V+26
j  com.google.inject.internal.MembersInjectorImpl.injectMembers(Ljava/lang/Object;Lcom/google/inject/internal/InternalContext;Z)V+115
j  com.google.inject.internal.ConstructorInjector.provision(Lcom/google/inject/internal/InternalContext;Lcom/google/inject/internal/ConstructionContext;)Ljava/lang/Object;+59
j  com.google.inject.internal.ConstructorInjector.access$000(Lcom/google/inject/internal/ConstructorInjector;Lcom/google/inject/internal/InternalContext;Lcom/google/inject/internal/ConstructionContext;)Ljava/lang/Object;+3
j  com.google.inject.internal.ConstructorInjector$1.call()Ljava/lang/Object;+12
j  com.google.inject.internal.ProvisionListenerStackCallback$Provision.provision()Ljava/lang/Object;+30
j  com.google.inject.internal.ProvisionListenerStackCallback$Provision.provision()Ljava/lang/Object;+118
j  com.google.inject.internal.ProvisionListenerStackCallback.provision(Lcom/google/inject/internal/InternalContext;Lcom/google/inject/internal/ProvisionListenerStackCallback$ProvisionCallback;)Ljava/lang/Object;+14
j  com.google.inject.internal.ConstructorInjector.construct(Lcom/google/inject/internal/InternalContext;Lcom/google/inject/spi/Dependency;Lcom/google/inject/internal/ProvisionListenerStackCallback;)Ljava/lang/Object;+113
j  com.google.inject.internal.ConstructorBindingImpl$Factory.get(Lcom/google/inject/internal/InternalContext;Lcom/google/inject/spi/Dependency;Z)Ljava/lang/Object;+48
j  com.google.inject.internal.InjectorImpl$1.get()Ljava/lang/Object;+18
j  com.google.inject.internal.InjectorImpl.getInstance(Ljava/lang/Class;)Ljava/lang/Object;+5
j  org.eclipse.sisu.space.AbstractDeferredClass.get()Ljava/lang/Object;+8
j  com.google.inject.internal.ProviderInternalFactory.provision(Ljavax/inject/Provider;Lcom/google/inject/spi/Dependency;Lcom/google/inject/internal/ConstructionContext;)Ljava/lang/Object;+1
j  com.google.inject.internal.InternalFactoryToInitializableAdapter.provision(Ljavax/inject/Provider;Lcom/google/inject/spi/Dependency;Lcom/google/inject/internal/ConstructionContext;)Ljava/lang/Object;+4
j  com.google.inject.internal.ProviderInternalFactory$1.call()Ljava/lang/Object;+16
j  com.google.inject.internal.ProvisionListenerStackCallback$Provision.provision()Ljava/lang/Object;+30
j  org.eclipse.sisu.bean.BeanScheduler$CycleActivator.onProvision(Lcom/google/inject/spi/ProvisionListener$ProvisionInvocation;)V+62
j  com.google.inject.internal.ProvisionListenerStackCallback$Provision.provision()Ljava/lang/Object;+85
j  com.google.inject.internal.ProvisionListenerStackCallback.provision(Lcom/google/inject/internal/InternalContext;Lcom/google/inject/internal/ProvisionListenerStackCallback$ProvisionCallback;)Ljava/lang/Object;+14
j  com.google.inject.internal.ProviderInternalFactory.circularGet(Ljavax/inject/Provider;Lcom/google/inject/internal/InternalContext;Lcom/google/inject/spi/Dependency;Lcom/google/inject/internal/ProvisionListenerStackCallback;)Ljava/lang/Object;+91
j  com.google.inject.internal.InternalFactoryToInitializableAdapter.get(Lcom/google/inject/internal/InternalContext;Lcom/google/inject/spi/Dependency;Z)Ljava/lang/Object;+19
j  com.google.inject.internal.ProviderToInternalFactoryAdapter.get()Ljava/lang/Object;+18
j  com.google.inject.internal.SingletonScope$1.get()Ljava/lang/Object;+58
j  com.google.inject.internal.InternalFactoryToProviderAdapter.get(Lcom/google/inject/internal/InternalContext;Lcom/google/inject/spi/Dependency;Z)Ljava/lang/Object;+9
j  com.google.inject.internal.InjectorImpl$1.get()Ljava/lang/Object;+18
j  org.eclipse.sisu.inject.LazyBeanEntry.getValue()Ljava/lang/Object;+4
j  org.eclipse.sisu.plexus.LazyPlexusBean.getValue()Ljava/lang/Object;+4
j  org.codehaus.plexus.DefaultPlexusContainer.lookup(Ljava/lang/Class;Ljava/lang/String;Ljava/lang/String;)Ljava/lang/Object;+27
j  org.codehaus.plexus.DefaultPlexusContainer.lookup(Ljava/lang/Class;Ljava/lang/String;)Ljava/lang/Object;+4
j  org.codehaus.plexus.DefaultPlexusContainer.lookup(Ljava/lang/Class;)Ljava/lang/Object;+4
j  org.apache.maven.cli.MavenCli.container(Lorg/apache/maven/cli/CliRequest;)Lorg/codehaus/plexus/PlexusContainer;+547
j  org.apache.maven.cli.MavenCli.doMain(Lorg/apache/maven/cli/CliRequest;)I+34
j  org.apache.maven.cli.MavenCli.main([Ljava/lang/String;Lorg/codehaus/plexus/classworlds/ClassWorld;)I+24
j  java.lang.invoke.DirectMethodHandle$Holder.invokeStatic(Ljava/lang/Object;Ljava/lang/Object;Ljava/lang/Object;)I+11 java.base@21.0.1
j  java.lang.invoke.LambdaForm$MH+0x000001a401009400.invoke(Ljava/lang/Object;Ljava/lang/Object;Ljava/lang/Object;Ljava/lang/Object;)Ljava/lang/Object;+54 java.base@21.0.1
j  java.lang.invoke.LambdaForm$MH+0x000001a401009800.invokeExact_MT(Ljava/lang/Object;Ljava/lang/Object;Ljava/lang/Object;Ljava/lang/Object;Ljava/lang/Object;)Ljava/lang/Object;+22 java.base@21.0.1
j  jdk.internal.reflect.DirectMethodHandleAccessor.invokeImpl(Ljava/lang/Object;[Ljava/lang/Object;)Ljava/lang/Object;+72 java.base@21.0.1
j  jdk.internal.reflect.DirectMethodHandleAccessor.invoke(Ljava/lang/Object;[Ljava/lang/Object;)Ljava/lang/Object;+23 java.base@21.0.1
j  java.lang.reflect.Method.invoke(Ljava/lang/Object;[Ljava/lang/Object;)Ljava/lang/Object;+102 java.base@21.0.1
j  org.codehaus.plexus.classworlds.launcher.Launcher.launchEnhanced([Ljava/lang/String;)V+45
j  org.codehaus.plexus.classworlds.launcher.Launcher.launch([Ljava/lang/String;)V+2
j  org.codehaus.plexus.classworlds.launcher.Launcher.mainWithExitCode([Ljava/lang/String;)I+108
j  org.codehaus.plexus.classworlds.launcher.Launcher.main([Ljava/lang/String;)V+1
v  ~StubRoutines::call_stub 0x000001a473eb100d
method entry point (kind = zerolocals)  [0x000001a473ebba00, 0x000001a473ebbdb8]  952 bytes
[MachCode]
  0x000001a473ebba00: 488b 5308 | 0fb7 4a2e | 0fb7 522c | 2bd1 81fa | f501 0000 | 0f86 2500 | 0000 488b | c248 c1e0 
  0x000001a473ebba20: 0348 83c0 | 5849 0387 | d004 0000 | 483b e00f | 870a 0000 | 0058 498b | e550 e941 | acff ff58 
  0x000001a473ebba40: 4c8d 74cc | f885 d20f | 8e09 0000 | 0068 0000 | 0000 ffca | 7ff7 5055 | 488b ec41 | 5568 0000 
  0x000001a473ebba60: 0000 4c8b | 6b08 4d8d | 6d38 5348 | 8b53 0848 | 8b52 0848 | 8b52 1848 | 8b52 7048 | 8b12 5248 
  0x000001a473ebba80: 8b53 1048 | 85d2 0f84 | 0700 0000 | 4881 c208 | 0100 0052 | 488b 5308 | 488b 5208 | 488b 5210 
  0x000001a473ebbaa0: 5249 8bc6 | 482b c548 | c1e8 0350 | 4155 6800 | 0000 0048 | 8924 2441 | c687 7904 | 0000 0148 
  0x000001a473ebbac0: 8b45 d848 | 85c0 0f84 | 8300 0000 | 8b48 fc85 | c90f 8878 | 0000 0048 | 03c1 488b | 4808 4883 
  0x000001a473ebbae0: e902 488b | 54c8 1048 | f7da 498b | 14d6 4885 | d275 0848 | 834c c818 | 01eb 4e8b | 5208 49ba 
  0x000001a473ebbb00: 0000 0000 | a401 0000 | 4903 d248 | 3354 c818 | 48f7 c2fc | ffff ff74 | 30f6 c202 | 752b 4883 
  0x000001a473ebbb20: 7cc8 1800 | 741e 4883 | 7cc8 1801 | 7416 4833 | 54c8 1848 | f7c2 fcff | ffff 740d | 4883 4cc8 
  0x000001a473ebbb40: 1802 eb05 | 4889 54c8 | 1848 83e9 | 0279 9348 | 8b43 1048 | 85c0 7420 | 8b88 cc00 | 0000 83c1 
  0x000001a473ebbb60: 0289 88cc | 0000 0023 | 88e0 0000 | 000f 8496 | 0100 00e9 | cf00 0000 | 488b 4318 | 4885 c00f 
  0x000001a473ebbb80: 85b0 0000 | 00e8 0500 | 0000 e999 | 0000 0048 | 8bd3 488d | 4424 084c | 896d c049 | 8bcf c5f8 
  0x000001a473ebbba0: 7749 89af | a803 0000 | 4989 8798 | 0300 0048 | 83ec 2040 | f6c4 0f0f | 8419 0000 | 0048 83ec 
  0x000001a473ebbbc0: 0848 b830 | 1a1c 4ffc | 7f00 00ff | d048 83c4 | 08e9 0c00 | 0000 48b8 | 301a 1c4f | fc7f 0000 
  0x000001a473ebbbe0: ffd0 4883 | c420 49c7 | 8798 0300 | 0000 0000 | 0049 c787 | a803 0000 | 0000 0000 | 49c7 87a0 
  0x000001a473ebbc00: 0300 0000 | 0000 00c5 | f877 4983 | 7f08 000f | 8405 0000 | 00e9 e652 | ffff 4c8b | 6dc0 4c8b 
  0x000001a473ebbc20: 75c8 4e8d | 74f5 00c3 | 488b 4318 | 4885 c00f | 8412 0000 | 008b 4808 | 83c1 0289 | 4808 2348 
  0x000001a473ebbc40: 1c0f 84c2 | 0000 0049 | 3ba7 e804 | 0000 0f87 | 4800 0000 | 8984 2400 | f0ff ff89 | 8424 00e0 
  0x000001a473ebbc60: ffff 8984 | 2400 d0ff | ff89 8424 | 00c0 ffff | 8984 2400 | b0ff ff89 | 8424 00a0 | ffff 8984 
  0x000001a473ebbc80: 2400 90ff | ff89 8424 | 0080 ffff | 493b a7e0 | 0400 0076 | 0749 89a7 | e804 0000 | 41c6 8779 
  0x000001a473ebbca0: 0400 0000 | 49ba ae9a | a74f fc7f | 0000 4180 | 3a00 0f84 | 3e00 0000 | 488b 55e8 | 498b cf48 
  0x000001a473ebbcc0: 83ec 2040 | f6c4 0f0f | 8419 0000 | 0048 83ec | 0848 b8a0 | d651 4ffc | 7f00 00ff | d048 83c4 
  0x000001a473ebbce0: 08e9 0c00 | 0000 48b8 | a0d6 514f | fc7f 0000 | ffd0 4883 | c420 410f | b65d 0049 | ba20 5caa 
  0x000001a473ebbd00: 4ffc 7f00 | 0041 ff24 | daba 0000 | 0000 e805 | 0000 00e9 | 9600 0000 | 488d 4424 | 084c 896d 
  0x000001a473ebbd20: c049 8bcf | c5f8 7749 | 89af a803 | 0000 4989 | 8798 0300 | 0048 83ec | 2040 f6c4 | 0f0f 8419 
  0x000001a473ebbd40: 0000 0048 | 83ec 0848 | b8c0 241c | 4ffc 7f00 | 00ff d048 | 83c4 08e9 | 0c00 0000 | 48b8 c024 
  0x000001a473ebbd60: 1c4f fc7f | 0000 ffd0 | 4883 c420 | 49c7 8798 | 0300 0000 | 0000 0049 | c787 a803 | 0000 0000 
  0x000001a473ebbd80: 0000 49c7 | 87a0 0300 | 0000 0000 | 00c5 f877 | 4983 7f08 | 000f 8405 | 0000 00e9 | 6051 ffff 
  0x000001a473ebbda0: 4c8b 6dc0 | 4c8b 75c8 | 4e8d 74f5 | 00c3 488b | 5de8 e990 | feff ff90 
[/MachCode]

Compiled method (c1)    8075 2406       3       com.google.common.collect.AbstractMapBasedMultimap::put (92 bytes)
 total in heap  [0x000001a46ce2db10,0x000001a46ce2e770] = 3168
 relocation     [0x000001a46ce2dc70,0x000001a46ce2dd40] = 208
 main code      [0x000001a46ce2dd40,0x000001a46ce2e4f8] = 1976
 stub code      [0x000001a46ce2e4f8,0x000001a46ce2e590] = 152
 oops           [0x000001a46ce2e590,0x000001a46ce2e598] = 8
 metadata       [0x000001a46ce2e598,0x000001a46ce2e5a0] = 8
 scopes data    [0x000001a46ce2e5a0,0x000001a46ce2e628] = 136
 scopes pcs     [0x000001a46ce2e628,0x000001a46ce2e738] = 272
 dependencies   [0x000001a46ce2e738,0x000001a46ce2e740] = 8
 nul chk table  [0x000001a46ce2e740,0x000001a46ce2e770] = 48

[Constant Pool (empty)]

[MachCode]
[Entry Point]
  # {method} {0x000001a441598628} 'put' '(Ljava/lang/Object;Ljava/lang/Object;)Z' in 'com/google/common/collect/AbstractMapBasedMultimap'
  # this:     rdx:rdx   = 'com/google/common/collect/AbstractMapBasedMultimap'
  # parm0:    r8:r8     = 'java/lang/Object'
  # parm1:    r9:r9     = 'java/lang/Object'
  #           [sp+0x60]  (sp of caller)
  0x000001a46ce2dd40: 448b 5208 | 49bb 0000 | 0000 a401 | 0000 4d03 | d34c 3bd0 

  0x000001a46ce2dd54: ;   {runtime_call ic_miss_stub}
  0x000001a46ce2dd54: 0f85 260a | 0d07 660f | 1f44 0000 
[Verified Entry Point]
  0x000001a46ce2dd60: 8984 2400 | 80ff ff55 | 4883 ec50 | 4181 7f20 | 0100 0000 

  0x000001a46ce2dd74: ;   {runtime_call StubRoutines (final stubs)}
  0x000001a46ce2dd74: 7405 e8e5 

  0x000001a46ce2dd78: ;   {metadata(method data for {method} {0x000001a441598628} 'put' '(Ljava/lang/Object;Ljava/lang/Object;)Z' in 'com/google/common/collect/AbstractMapBasedMultimap')}
  0x000001a46ce2dd78: 6f0b 0748 | be38 c3bc | 41a4 0100 | 008b becc | 0000 0083 | c702 89be | cc00 0000 | 81e7 fe07 
  0x000001a46ce2dd98: 0000 83ff | 000f 8483 | 0600 004c | 894c 2430 | 8b72 2448 | 3b06 488b 

  0x000001a46ce2ddb0: ;   {metadata(method data for {method} {0x000001a441598628} 'put' '(Ljava/lang/Object;Ljava/lang/Object;)Z' in 'com/google/common/collect/AbstractMapBasedMultimap')}
  0x000001a46ce2ddb0: fe48 bb38 | c3bc 41a4 | 0100 008b | 7f08 49ba | 0000 0000 | a401 0000 | 4903 fa48 | 3bbb 2001 
  0x000001a46ce2ddd0: 0000 750d | 4883 8328 | 0100 0001 | e960 0000 | 0048 3bbb | 3001 0000 | 750d 4883 | 8338 0100 
  0x000001a46ce2ddf0: 0001 e94a | 0000 0048 | 83bb 2001 | 0000 0075 | 1748 89bb | 2001 0000 | 48c7 8328 | 0100 0001 
  0x000001a46ce2de10: 0000 00e9 | 2900 0000 | 4883 bb30 | 0100 0000 | 7517 4889 | bb30 0100 | 0048 c783 | 3801 0000 
  0x000001a46ce2de30: 0100 0000 | e908 0000 | 0048 8383 | 1001 0000 | 0149 8bf8 | 4c8b c748 | 8954 2420 | 488b d648 
  0x000001a46ce2de50: 897c 2428 | 9048 b8b0 | cb08 00a4 

  0x000001a46ce2de5c: ;   {virtual_call}
  0x000001a46ce2de5c: 0100 00e8 

  0x000001a46ce2de60: ; ImmutableOopMap {[32]=Oop [40]=Oop [48]=Oop }
                      ;*invokeinterface get {reexecute=0 rethrow=0 return_oop=0}
                      ; - com.google.common.collect.AbstractMapBasedMultimap::put@5 (line 188)
  0x000001a46ce2de60: bcdc 0c07 

  0x000001a46ce2de64: ;   {other}
  0x000001a46ce2de64: 0f1f 8400 | 5403 0000 | 4883 f800 

  0x000001a46ce2de70: ;   {metadata(method data for {method} {0x000001a441598628} 'put' '(Ljava/lang/Object;Ljava/lang/Object;)Z' in 'com/google/common/collect/AbstractMapBasedMultimap')}
  0x000001a46ce2de70: 7516 48ba | 38c3 bc41 | a401 0000 | 808a 4101 | 0000 01e9 | e800 0000 

  0x000001a46ce2de88: ;   {metadata('java/util/Collection')}
  0x000001a46ce2de88: 48bf e876 | 0500 a401 | 0000 8b50 | 0849 ba00 | 0000 00a4 | 0100 0049 | 03d2 483b | 7a20 0f84 
  0x000001a46ce2dea8: 1b00 0000 | 483b d70f | 8412 0000 

  0x000001a46ce2deb4: ;   {runtime_call slow_subtype_check Runtime1 stub}
  0x000001a46ce2deb4: 0052 57e8 | 44ae 1907 | 5a5a 83fa | 000f 848d 

  0x000001a46ce2dec4: ;   {metadata(method data for {method} {0x000001a441598628} 'put' '(Ljava/lang/Object;Ljava/lang/Object;)Z' in 'com/google/common/collect/AbstractMapBasedMultimap')}
  0x000001a46ce2dec4: 0000 0048 | ba38 c3bc | 41a4 0100 | 008b 7808 | 49ba 0000 | 0000 a401 | 0000 4903 | fa48 3bba 
  0x000001a46ce2dee4: 5801 0000 | 750d 4883 | 8260 0100 | 0001 e979 | 0000 0048 | 3bba 6801 | 0000 750d | 4883 8270 
  0x000001a46ce2df04: 0100 0001 | e963 0000 | 0048 83ba | 5801 0000 | 0075 1748 | 89ba 5801 | 0000 48c7 | 8260 0100 
  0x000001a46ce2df24: 0001 0000 | 00e9 4200 | 0000 4883 | ba68 0100 | 0000 7517 | 4889 ba68 | 0100 0048 | c782 7001 
  0x000001a46ce2df44: 0000 0100 | 0000 e921 | 0000 00e9 | 1c00 0000 

  0x000001a46ce2df54: ;   {metadata(method data for {method} {0x000001a441598628} 'put' '(Ljava/lang/Object;Ljava/lang/Object;)Z' in 'com/google/common/collect/AbstractMapBasedMultimap')}
  0x000001a46ce2df54: 48ba 38c3 | bc41 a401 | 0000 4883 | aa48 0100 | 0001 e9e1 | 0400 00e9 | 0000 0000 | 488b f048 
  0x000001a46ce2df74: ;   {metadata(method data for {method} {0x000001a441598628} 'put' '(Ljava/lang/Object;Ljava/lang/Object;)Z' in 'com/google/common/collect/AbstractMapBasedMultimap')}
  0x000001a46ce2df74: 83fe 0049 | b838 c3bc | 41a4 0100 | 0048 ba80 | 0100 0000 | 0000 000f | 850a 0000 | 0048 ba90 
  0x000001a46ce2df94: 0100 0000 | 0000 0049 | 8b3c 1048 | 8d7f 0149 | 893c 100f | 85b5 0100 | 0048 8b54 

  0x000001a46ce2dfb0: ;   {metadata(method data for {method} {0x000001a441598628} 'put' '(Ljava/lang/Object;Ljava/lang/Object;)Z' in 'com/google/common/collect/AbstractMapBasedMultimap')}
  0x000001a46ce2dfb0: 2420 49b8 | 38c3 bc41 | a401 0000 | 8b52 0849 | ba00 0000 | 00a4 0100 | 0049 03d2 | 493b 90b0 
  0x000001a46ce2dfd0: 0100 0075 | 0d49 8380 | b801 0000 | 01e9 6000 | 0000 493b | 90c0 0100 | 0075 0d49 | 8380 c801 
  0x000001a46ce2dff0: 0000 01e9 | 4a00 0000 | 4983 b8b0 | 0100 0000 | 7517 4989 | 90b0 0100 | 0049 c780 | b801 0000 
  0x000001a46ce2e010: 0100 0000 | e929 0000 | 0049 83b8 | c001 0000 | 0075 1749 | 8990 c001 | 0000 49c7 | 80c8 0100 
  0x000001a46ce2e030: 0001 0000 | 00e9 0800 | 0000 4983 | 80a0 0100 | 0001 4c8b | 4424 2848 | 8b54 2420 | 9048 b850 
  0x000001a46ce2e050: aa08 01a4 

  0x000001a46ce2e054: ;   {virtual_call}
  0x000001a46ce2e054: 0100 00e8 

  0x000001a46ce2e058: ; ImmutableOopMap {[32]=Oop [40]=Oop [48]=Oop }
                      ;*invokevirtual createCollection {reexecute=0 rethrow=0 return_oop=0}
                      ; - com.google.common.collect.AbstractMapBasedMultimap::put@20 (line 190)
  0x000001a46ce2e058: 04db 0c07 

  0x000001a46ce2e05c: ;   {other}
  0x000001a46ce2e05c: 0f1f 8400 | 4c05 0001 

  0x000001a46ce2e064: ; implicit exception: dispatches to 0x000001a46ce2e455
  0x000001a46ce2e064: 483b 004c 

  0x000001a46ce2e068: ;   {metadata(method data for {method} {0x000001a441598628} 'put' '(Ljava/lang/Object;Ljava/lang/Object;)Z' in 'com/google/common/collect/AbstractMapBasedMultimap')}
  0x000001a46ce2e068: 8bc0 48ba | 38c3 bc41 | a401 0000 | 458b 4008 | 49ba 0000 | 0000 a401 | 0000 4d03 | c24c 3b82 
  0x000001a46ce2e088: e801 0000 | 750d 4883 | 82f0 0100 | 0001 e960 | 0000 004c | 3b82 f801 | 0000 750d | 4883 8200 
  0x000001a46ce2e0a8: 0200 0001 | e94a 0000 | 0048 83ba | e801 0000 | 0075 174c | 8982 e801 | 0000 48c7 | 82f0 0100 
  0x000001a46ce2e0c8: 0001 0000 | 00e9 2900 | 0000 4883 | baf8 0100 | 0000 7517 | 4c89 82f8 | 0100 0048 | c782 0002 
  0x000001a46ce2e0e8: 0000 0100 | 0000 e908 | 0000 0048 | 8382 d801 | 0000 014c | 8b44 2430 | 488b d048 | 8944 2438 
  0x000001a46ce2e108: 0f1f 4400 | 0048 b848 | ad0b 00a4 

  0x000001a46ce2e114: ;   {virtual_call}
  0x000001a46ce2e114: 0100 00e8 

  0x000001a46ce2e118: ; ImmutableOopMap {[32]=Oop [40]=Oop [56]=Oop }
                      ;*invokeinterface add {reexecute=0 rethrow=0 return_oop=0}
                      ; - com.google.common.collect.AbstractMapBasedMultimap::put@26 (line 191)
  0x000001a46ce2e118: 84da 0c07 

  0x000001a46ce2e11c: ;   {other}
  0x000001a46ce2e11c: 0f1f 8400 | 0c06 0002 

  0x000001a46ce2e124: ;   {metadata(method data for {method} {0x000001a441598628} 'put' '(Ljava/lang/Object;Ljava/lang/Object;)Z' in 'com/google/common/collect/AbstractMapBasedMultimap')}
  0x000001a46ce2e124: 83f8 0049 | b838 c3bc | 41a4 0100 | 0048 ba10 | 0200 0000 | 0000 000f | 840a 0000 | 0048 ba20 
  0x000001a46ce2e144: 0200 0000 | 0000 0049 | 8b34 1048 | 8d76 0149 | 8934 100f | 841f 0200 | 00e9 3001 | 0000 4c8b 
  0x000001a46ce2e164: 4c24 3048 | 3b06 4c8b 

  0x000001a46ce2e16c: ;   {metadata(method data for {method} {0x000001a441598628} 'put' '(Ljava/lang/Object;Ljava/lang/Object;)Z' in 'com/google/common/collect/AbstractMapBasedMultimap')}
  0x000001a46ce2e16c: c648 ba38 | c3bc 41a4 | 0100 0045 | 8b40 0849 | ba00 0000 | 00a4 0100 | 004d 03c2 | 4c3b 8288 
  0x000001a46ce2e18c: 0200 0075 | 0d48 8382 | 9002 0000 | 01e9 6000 | 0000 4c3b | 8298 0200 | 0075 0d48 | 8382 a002 
  0x000001a46ce2e1ac: 0000 01e9 | 4a00 0000 | 4883 ba88 | 0200 0000 | 7517 4c89 | 8288 0200 | 0048 c782 | 9002 0000 
  0x000001a46ce2e1cc: 0100 0000 | e929 0000 | 0048 83ba | 9802 0000 | 0075 174c | 8982 9802 | 0000 48c7 | 82a0 0200 
  0x000001a46ce2e1ec: 0001 0000 | 00e9 0800 | 0000 4883 | 8278 0200 | 0001 4d8b | c148 8bd6 | 9048 b8ff | ffff ffff 
  0x000001a46ce2e20c: ;   {virtual_call}
  0x000001a46ce2e20c: ffff ffe8 

  0x000001a46ce2e210: ; ImmutableOopMap {[32]=Oop }
                      ;*invokeinterface add {reexecute=0 rethrow=0 return_oop=0}
                      ; - com.google.common.collect.AbstractMapBasedMultimap::put@70 (line 198)
  0x000001a46ce2e210: 0cda 0c07 

  0x000001a46ce2e214: ;   {other}
  0x000001a46ce2e214: 0f1f 8400 | 0407 0003 

  0x000001a46ce2e21c: ;   {metadata(method data for {method} {0x000001a441598628} 'put' '(Ljava/lang/Object;Ljava/lang/Object;)Z' in 'com/google/common/collect/AbstractMapBasedMultimap')}
  0x000001a46ce2e21c: 83f8 0048 | b838 c3bc | 41a4 0100 | 0049 b8b0 | 0200 0000 | 0000 000f | 840a 0000 | 0049 b8c0 
  0x000001a46ce2e23c: 0200 0000 | 0000 004e | 8b0c 004d | 8d49 014e | 890c 000f | 8425 0000 | 0048 8b54 | 2420 8b42 
  0x000001a46ce2e25c: 20ff c089 | 4220 b801 | 0000 0048 | 83c4 505d 

  0x000001a46ce2e26c: ;   {poll_return}
  0x000001a46ce2e26c: 493b a750 | 0400 000f | 87e6 0100 | 00c3 b800 | 0000 0048 | 83c4 505d 

  0x000001a46ce2e284: ;   {poll_return}
  0x000001a46ce2e284: 493b a750 | 0400 000f | 87e4 0100 | 00c3 488b | 4424 384c | 8b44 2428 | 488b 5424 | 2044 8b4a 
  0x000001a46ce2e2a4: 2041 ffc1 | 4489 4a20 | 8b52 2448 | 3b02 4c8b 

  0x000001a46ce2e2b4: ;   {metadata(method data for {method} {0x000001a441598628} 'put' '(Ljava/lang/Object;Ljava/lang/Object;)Z' in 'com/google/common/collect/AbstractMapBasedMultimap')}
  0x000001a46ce2e2b4: ca48 be38 | c3bc 41a4 | 0100 0045 | 8b49 0849 | ba00 0000 | 00a4 0100 | 004d 03ca | 4c3b 8e40 
  0x000001a46ce2e2d4: 0200 0075 | 0d48 8386 | 4802 0000 | 01e9 6000 | 0000 4c3b | 8e50 0200 | 0075 0d48 | 8386 5802 
  0x000001a46ce2e2f4: 0000 01e9 | 4a00 0000 | 4883 be40 | 0200 0000 | 7517 4c89 | 8e40 0200 | 0048 c786 | 4802 0000 
  0x000001a46ce2e314: 0100 0000 | e929 0000 | 0048 83be | 5002 0000 | 0075 174c | 898e 5002 | 0000 48c7 | 8658 0200 
  0x000001a46ce2e334: 0001 0000 | 00e9 0800 | 0000 4883 | 8630 0200 | 0001 4c8b | c80f 1f40 | 0048 b8b0 | cb08 00a4 
  0x000001a46ce2e354: ;   {virtual_call}
  0x000001a46ce2e354: 0100 00e8 

  0x000001a46ce2e358: ; ImmutableOopMap {}
                      ;*invokeinterface put {reexecute=0 rethrow=0 return_oop=0}
                      ; - com.google.common.collect.AbstractMapBasedMultimap::put@50 (line 193)
  0x000001a46ce2e358: 84d8 0c07 

  0x000001a46ce2e35c: ;   {other}
  0x000001a46ce2e35c: 0f1f 8400 | 4c08 0004 | b801 0000 | 0048 83c4 

  0x000001a46ce2e36c: ;   {poll_return}
  0x000001a46ce2e36c: 505d 493b | a750 0400 | 000f 8715 | 0100 00c3 | 0f1f 4000 

  0x000001a46ce2e380: ;   {no_reloc}
  0x000001a46ce2e380: e930 0100 | 0000 0000 | 0000 80ba | 2001 0000 | 050f 852d | 0100 0049 | 8b87 b801 | 0000 488d 
  0x000001a46ce2e3a0: 7828 493b | bfc8 0100 | 000f 8715 | 0100 0049 | 89bf b801 | 0000 48c7 | 0001 0000 | 0048 8bca 
  0x000001a46ce2e3c0: 49ba 0000 | 0000 a401 | 0000 492b | ca89 4808 | 4833 c989 | 480c 4833 | c948 8948 | 1048 8948 
  0x000001a46ce2e3e0: 1848 8948 | 204c 8bc0 

  0x000001a46ce2e3e8: ;   {metadata(method data for {method} {0x000001a441598628} 'put' '(Ljava/lang/Object;Ljava/lang/Object;)Z' in 'com/google/common/collect/AbstractMapBasedMultimap')}
  0x000001a46ce2e3e8: 48ba 38c3 | bc41 a401 | 0000 4883 | 8268 0200 

  0x000001a46ce2e3f8: ;   {oop("New Collection violated the Collection spec"{0x00000000a6cd3a50})}
  0x000001a46ce2e3f8: 0001 49b8 | 503a cda6 | 0000 0000 | 488b d048 | 8944 2440 

  0x000001a46ce2e40c: ;   {optimized virtual_call}
  0x000001a46ce2e40c: 6666 90e8 

  0x000001a46ce2e410: ; ImmutableOopMap {[64]=Oop }
                      ;*invokespecial <init> {reexecute=0 rethrow=0 return_oop=0}
                      ; - com.google.common.collect.AbstractMapBasedMultimap::put@64 (line 196)
  0x000001a46ce2e410: 6c06 0d07 

  0x000001a46ce2e414: ;   {other}
  0x000001a46ce2e414: 0f1f 8400 | 0409 0005 | 488b 4424 | 40e9 c800 

  0x000001a46ce2e424: ;   {metadata({method} {0x000001a441598628} 'put' '(Ljava/lang/Object;Ljava/lang/Object;)Z' in 'com/google/common/collect/AbstractMapBasedMultimap')}
  0x000001a46ce2e424: 0000 49ba | 2086 5941 | a401 0000 | 4c89 5424 | 0848 c704 | 24ff ffff 

  0x000001a46ce2e43c: ;   {runtime_call counter_overflow Runtime1 stub}
  0x000001a46ce2e43c: ffe8 becf 

  0x000001a46ce2e440: ; ImmutableOopMap {rdx=Oop r8=Oop r9=Oop }
                      ;*synchronization entry
                      ; - com.google.common.collect.AbstractMapBasedMultimap::put@-1 (line 188)
  0x000001a46ce2e440: 1907 e95c 

  0x000001a46ce2e444: ;   {runtime_call throw_null_pointer_exception Runtime1 stub}
  0x000001a46ce2e444: f9ff ffe8 

  0x000001a46ce2e448: ; ImmutableOopMap {rdx=Oop r8=Oop rsi=Oop [48]=Oop }
                      ;*invokeinterface get {reexecute=0 rethrow=0 return_oop=0}
                      ; - com.google.common.collect.AbstractMapBasedMultimap::put@5 (line 188)
  0x000001a46ce2e448: b47e 1907 | 4889 0424 

  0x000001a46ce2e450: ;   {runtime_call throw_class_cast_exception Runtime1 stub}
  0x000001a46ce2e450: e8ab a219 

  0x000001a46ce2e454: ; ImmutableOopMap {[32]=Oop [40]=Oop [48]=Oop }
                      ;*checkcast {reexecute=0 rethrow=0 return_oop=0}
                      ; - com.google.common.collect.AbstractMapBasedMultimap::put@10 (line 188)
                      ;   {runtime_call throw_null_pointer_exception Runtime1 stub}
  0x000001a46ce2e454: 07e8 a67e 

  0x000001a46ce2e458: ; ImmutableOopMap {rax=Oop [32]=Oop [40]=Oop [48]=Oop }
                      ;*invokeinterface add {reexecute=0 rethrow=0 return_oop=0}
                      ; - com.google.common.collect.AbstractMapBasedMultimap::put@26 (line 191)
                      ;   {runtime_call throw_null_pointer_exception Runtime1 stub}
  0x000001a46ce2e458: 1907 e8a1 

  0x000001a46ce2e45c: ; ImmutableOopMap {r9=Oop rsi=Oop [32]=Oop }
                      ;*invokeinterface add {reexecute=0 rethrow=0 return_oop=0}
                      ; - com.google.common.collect.AbstractMapBasedMultimap::put@70 (line 198)
                      ;   {internal_word}
  0x000001a46ce2e45c: 7e19 0749 | ba6c e2e2 | 6ca4 0100 | 004d 8997 | 6804 0000 

  0x000001a46ce2e470: ;   {runtime_call SafepointBlob}
  0x000001a46ce2e470: e98b 720d 

  0x000001a46ce2e474: ;   {internal_word}
  0x000001a46ce2e474: 0749 ba84 | e2e2 6ca4 | 0100 004d | 8997 6804 

  0x000001a46ce2e484: ;   {runtime_call SafepointBlob}
  0x000001a46ce2e484: 0000 e975 

  0x000001a46ce2e488: ;   {runtime_call throw_null_pointer_exception Runtime1 stub}
  0x000001a46ce2e488: 720d 07e8 

  0x000001a46ce2e48c: ; ImmutableOopMap {r8=Oop rax=Oop rdx=Oop }
                      ;*invokeinterface put {reexecute=0 rethrow=0 return_oop=0}
                      ; - com.google.common.collect.AbstractMapBasedMultimap::put@50 (line 193)
  0x000001a46ce2e48c: 707e 1907 

  0x000001a46ce2e490: ;   {internal_word}
  0x000001a46ce2e490: 49ba 6ee3 | e26c a401 | 0000 4d89 | 9768 0400 

  0x000001a46ce2e4a0: ;   {runtime_call SafepointBlob}
  0x000001a46ce2e4a0: 00e9 5a72 

  0x000001a46ce2e4a4: ;   {metadata(nullptr)}
  0x000001a46ce2e4a4: 0d07 48ba | 0000 0000 | 0000 0000 | b800 0f05 

  0x000001a46ce2e4b4: ;   {runtime_call load_klass_patching Runtime1 stub}
  0x000001a46ce2e4b4: 0ae8 c6be 

  0x000001a46ce2e4b8: ; ImmutableOopMap {}
                      ;*new {reexecute=1 rethrow=0 return_oop=0}
                      ; - (reexecute) com.google.common.collect.AbstractMapBasedMultimap::put@58 (line 196)
  0x000001a46ce2e4b8: 1907 e9c1 

  0x000001a46ce2e4bc: ;   {runtime_call throw_null_pointer_exception Runtime1 stub}
  0x000001a46ce2e4bc: feff ffe8 

  0x000001a46ce2e4c0: ; ImmutableOopMap {}
                      ;*new {reexecute=0 rethrow=0 return_oop=0}
                      ; - com.google.common.collect.AbstractMapBasedMultimap::put@58 (line 196)
  0x000001a46ce2e4c0: 3c7e 1907 

  0x000001a46ce2e4c4: ;   {runtime_call fast_new_instance_init_check Runtime1 stub}
  0x000001a46ce2e4c4: 488b d2e8 

  0x000001a46ce2e4c8: ; ImmutableOopMap {}
                      ;*new {reexecute=0 rethrow=0 return_oop=0}
                      ; - com.google.common.collect.AbstractMapBasedMultimap::put@58 (line 196)
  0x000001a46ce2e4c8: 348a 1907 | e914 ffff | ff49 8b87 | 0005 0000 | 49c7 8700 | 0500 0000 | 0000 0049 | c787 0805 
  0x000001a46ce2e4e8: 0000 0000 | 0000 4883 

  0x000001a46ce2e4f0: ;   {runtime_call unwind_exception Runtime1 stub}
  0x000001a46ce2e4f0: c450 5de9 | 086f 1907 
[Stub Code]
  0x000001a46ce2e4f8: ;   {no_reloc}
  0x000001a46ce2e4f8: 0f1f 4400 

  0x000001a46ce2e4fc: ;   {static_stub}
  0x000001a46ce2e4fc: 0048 bb00 | 0000 0000 

  0x000001a46ce2e504: ;   {runtime_call}
  0x000001a46ce2e504: 0000 00e9 | fbff ffff 

  0x000001a46ce2e50c: ;   {static_stub}
  0x000001a46ce2e50c: 9048 bb00 | 0000 0000 

  0x000001a46ce2e514: ;   {runtime_call}
  0x000001a46ce2e514: 0000 00e9 | fbff ffff 

  0x000001a46ce2e51c: ;   {static_stub}
  0x000001a46ce2e51c: 9048 bb00 | 0000 0000 

  0x000001a46ce2e524: ;   {runtime_call}
  0x000001a46ce2e524: 0000 00e9 | fbff ffff 

  0x000001a46ce2e52c: ;   {static_stub}
  0x000001a46ce2e52c: 9048 bb00 | 0000 0000 

  0x000001a46ce2e534: ;   {runtime_call}
  0x000001a46ce2e534: 0000 00e9 | fbff ffff 

  0x000001a46ce2e53c: ;   {static_stub}
  0x000001a46ce2e53c: 9048 bb00 | 0000 0000 

  0x000001a46ce2e544: ;   {runtime_call}
  0x000001a46ce2e544: 0000 00e9 | fbff ffff 

  0x000001a46ce2e54c: ;   {static_stub}
  0x000001a46ce2e54c: 9048 bb00 | 0000 0000 

  0x000001a46ce2e554: ;   {runtime_call}
  0x000001a46ce2e554: 0000 00e9 | fbff ffff 
[Exception Handler]
  0x000001a46ce2e55c: ;   {runtime_call handle_exception_from_callee Runtime1 stub}
  0x000001a46ce2e55c: e89f 9b19 

  0x000001a46ce2e560: ;   {external_word}
  0x000001a46ce2e560: 0748 b950 | e07d 4ffc | 7f00 0048 

  0x000001a46ce2e56c: ;   {runtime_call}
  0x000001a46ce2e56c: 83e4 f048 | b850 ef40 | 4ffc 7f00 | 00ff d0f4 
[Deopt Handler Code]
  0x000001a46ce2e57c: ;   {section_word}
  0x000001a46ce2e57c: 49ba 7ce5 | e26c a401 | 0000 4152 

  0x000001a46ce2e588: ;   {runtime_call DeoptimizationBlob}
  0x000001a46ce2e588: e913 640d | 07f4 f4f4 
[/MachCode]


---------------  P R O C E S S  ---------------

Threads class SMR info:
_java_thread_list=0x000001a445dbef30, length=11, elements={
0x000001a462006060, 0x000001a47fbe6b60, 0x000001a47fbe93f0, 0x000001a47fbef6c0,
0x000001a47fbf0120, 0x000001a47fbf0b80, 0x000001a47fbf15e0, 0x000001a47fbf2370,
0x000001a47fc08ed0, 0x000001a4450f3c50, 0x000001a4450f9700
}

Java Threads: ( => current thread )
=>0x000001a462006060 JavaThread "main"                              [_thread_in_vm, id=13280, stack(0x000000985cb00000,0x000000985cc00000) (1024K)]
  0x000001a47fbe6b60 JavaThread "Reference Handler"          daemon [_thread_blocked, id=4896, stack(0x000000985d300000,0x000000985d400000) (1024K)]
  0x000001a47fbe93f0 JavaThread "Finalizer"                  daemon [_thread_blocked, id=3488, stack(0x000000985d400000,0x000000985d500000) (1024K)]
  0x000001a47fbef6c0 JavaThread "Signal Dispatcher"          daemon [_thread_blocked, id=3044, stack(0x000000985d500000,0x000000985d600000) (1024K)]
  0x000001a47fbf0120 JavaThread "Attach Listener"            daemon [_thread_blocked, id=9036, stack(0x000000985d600000,0x000000985d700000) (1024K)]
  0x000001a47fbf0b80 JavaThread "Service Thread"             daemon [_thread_blocked, id=13200, stack(0x000000985d700000,0x000000985d800000) (1024K)]
  0x000001a47fbf15e0 JavaThread "Monitor Deflation Thread"   daemon [_thread_blocked, id=14032, stack(0x000000985d800000,0x000000985d900000) (1024K)]
  0x000001a47fbf2370 JavaThread "C2 CompilerThread0"         daemon [_thread_blocked, id=14712, stack(0x000000985d900000,0x000000985da00000) (1024K)]
  0x000001a47fc08ed0 JavaThread "C1 CompilerThread0"         daemon [_thread_in_vm, id=14728, stack(0x000000985da00000,0x000000985db00000) (1024K)]
  0x000001a4450f3c50 JavaThread "Notification Thread"        daemon [_thread_blocked, id=4452, stack(0x000000985db00000,0x000000985dc00000) (1024K)]
  0x000001a4450f9700 JavaThread "Common-Cleaner"             daemon [_thread_blocked, id=15188, stack(0x000000985dc00000,0x000000985dd00000) (1024K)]
Total: 11

Other Threads:
  0x000001a47fbc5e50 VMThread "VM Thread"                           [id=2528, stack(0x000000985d200000,0x000000985d300000) (1024K)]
  0x000001a47fbadef0 WatcherThread "VM Periodic Task Thread"        [id=5980, stack(0x000000985d100000,0x000000985d200000) (1024K)]
  0x000001a464311f70 WorkerThread "GC Thread#0"                     [id=15244, stack(0x000000985cc00000,0x000000985cd00000) (1024K)]
  0x000001a445afb750 WorkerThread "GC Thread#1"                     [id=16916, stack(0x000000985de00000,0x000000985df00000) (1024K)]
  0x000001a445ad6d00 WorkerThread "GC Thread#2"                     [id=17356, stack(0x000000985df00000,0x000000985e000000) (1024K)]
  0x000001a4459f2860 WorkerThread "GC Thread#3"                     [id=14760, stack(0x000000985e000000,0x000000985e100000) (1024K)]
  0x000001a46431eca0 ConcurrentGCThread "G1 Main Marker"            [id=2300, stack(0x000000985cd00000,0x000000985ce00000) (1024K)]
  0x000001a46431f7a0 WorkerThread "G1 Conc#0"                       [id=12524, stack(0x000000985ce00000,0x000000985cf00000) (1024K)]
  0x000001a46438ba10 ConcurrentGCThread "G1 Refine#0"               [id=16540, stack(0x000000985cf00000,0x000000985d000000) (1024K)]
  0x000001a46438c580 ConcurrentGCThread "G1 Service"                [id=15428, stack(0x000000985d000000,0x000000985d100000) (1024K)]
Total: 10

Threads with active compile tasks:
C1 CompilerThread0     8119 2526       3       com.google.common.collect.Maps$ViewCachingAbstractMap::values (23 bytes)
Total: 1

VM state: not at safepoint (normal execution)

VM Mutex/Monitor currently owned by a thread:  ([mutex/lock_event])
[0x00007ffc4fa8f9a8] Metaspace_lock - owner thread: 0x000001a462006060

Heap address: 0x00000000a0e00000, size: 1522 MB, Compressed Oops mode: 32-bit

CDS archive(s) mapped at: [0x000001a400000000-0x000001a400c90000-0x000001a400c90000), size 13172736, SharedBaseAddress: 0x000001a400000000, ArchiveRelocationMode: 1.
Compressed class space mapped at: 0x000001a401000000-0x000001a441000000, reserved size: 1073741824
Narrow klass base: 0x000001a400000000, Narrow klass shift: 0, Narrow klass range: 0x100000000

GC Precious Log:
 CardTable entry size: 512
 Card Set container configuration: InlinePtr #cards 5 size 8 Array Of Cards #cards 12 size 40 Howl #buckets 4 coarsen threshold 1843 Howl Bitmap #cards 512 size 80 coarsen threshold 460 Card regions per heap region 1 cards per card region 2048
 CPUs: 4 total, 4 available
 Memory: 6086M
 Large Page Support: Disabled
 NUMA Support: Disabled
 Compressed Oops: Enabled (32-bit)
 Heap Region Size: 1M
 Heap Min Capacity: 8M
 Heap Initial Capacity: 96M
 Heap Max Capacity: 1522M
 Pre-touch: Disabled
 Parallel Workers: 4
 Concurrent Workers: 1
 Concurrent Refinement Workers: 4
 Periodic GC: Disabled

Heap:
 garbage-first heap   total 98304K, used 40183K [0x00000000a0e00000, 0x0000000100000000)
  region size 1024K, 38 young (38912K), 1 survivors (1024K)
 Metaspace       used 12737K, committed 12928K, reserved 1114112K
  class space    used 1552K, committed 1664K, reserved 1048576K

Heap Regions: E=young(eden), S=young(survivor), O=old, HS=humongous(starts), HC=humongous(continues), CS=collection set, F=free, TAMS=top-at-mark-start, PB=parsable bottom
|   0|0x00000000a0e00000, 0x00000000a0f00000, 0x00000000a0f00000|100%| O|  |TAMS 0x00000000a0e00000| PB 0x00000000a0e00000| Untracked 
|   1|0x00000000a0f00000, 0x00000000a1000000, 0x00000000a1000000|100%| O|  |TAMS 0x00000000a0f00000| PB 0x00000000a0f00000| Untracked 
|   2|0x00000000a1000000, 0x00000000a1100000, 0x00000000a1100000|100%| O|  |TAMS 0x00000000a1000000| PB 0x00000000a1000000| Untracked 
|   3|0x00000000a1100000, 0x00000000a116c800, 0x00000000a1200000| 42%| O|  |TAMS 0x00000000a1100000| PB 0x00000000a1100000| Untracked 
|   4|0x00000000a1200000, 0x00000000a1200000, 0x00000000a1300000|  0%| F|  |TAMS 0x00000000a1200000| PB 0x00000000a1200000| Untracked 
|   5|0x00000000a1300000, 0x00000000a1300000, 0x00000000a1400000|  0%| F|  |TAMS 0x00000000a1300000| PB 0x00000000a1300000| Untracked 
|   6|0x00000000a1400000, 0x00000000a1400000, 0x00000000a1500000|  0%| F|  |TAMS 0x00000000a1400000| PB 0x00000000a1400000| Untracked 
|   7|0x00000000a1500000, 0x00000000a1500000, 0x00000000a1600000|  0%| F|  |TAMS 0x00000000a1500000| PB 0x00000000a1500000| Untracked 
|   8|0x00000000a1600000, 0x00000000a1600000, 0x00000000a1700000|  0%| F|  |TAMS 0x00000000a1600000| PB 0x00000000a1600000| Untracked 
|   9|0x00000000a1700000, 0x00000000a1700000, 0x00000000a1800000|  0%| F|  |TAMS 0x00000000a1700000| PB 0x00000000a1700000| Untracked 
|  10|0x00000000a1800000, 0x00000000a1800000, 0x00000000a1900000|  0%| F|  |TAMS 0x00000000a1800000| PB 0x00000000a1800000| Untracked 
|  11|0x00000000a1900000, 0x00000000a1900000, 0x00000000a1a00000|  0%| F|  |TAMS 0x00000000a1900000| PB 0x00000000a1900000| Untracked 
|  12|0x00000000a1a00000, 0x00000000a1a00000, 0x00000000a1b00000|  0%| F|  |TAMS 0x00000000a1a00000| PB 0x00000000a1a00000| Untracked 
|  13|0x00000000a1b00000, 0x00000000a1b00000, 0x00000000a1c00000|  0%| F|  |TAMS 0x00000000a1b00000| PB 0x00000000a1b00000| Untracked 
|  14|0x00000000a1c00000, 0x00000000a1c00000, 0x00000000a1d00000|  0%| F|  |TAMS 0x00000000a1c00000| PB 0x00000000a1c00000| Untracked 
|  15|0x00000000a1d00000, 0x00000000a1d00000, 0x00000000a1e00000|  0%| F|  |TAMS 0x00000000a1d00000| PB 0x00000000a1d00000| Untracked 
|  16|0x00000000a1e00000, 0x00000000a1e00000, 0x00000000a1f00000|  0%| F|  |TAMS 0x00000000a1e00000| PB 0x00000000a1e00000| Untracked 
|  17|0x00000000a1f00000, 0x00000000a1f00000, 0x00000000a2000000|  0%| F|  |TAMS 0x00000000a1f00000| PB 0x00000000a1f00000| Untracked 
|  18|0x00000000a2000000, 0x00000000a2000000, 0x00000000a2100000|  0%| F|  |TAMS 0x00000000a2000000| PB 0x00000000a2000000| Untracked 
|  19|0x00000000a2100000, 0x00000000a2100000, 0x00000000a2200000|  0%| F|  |TAMS 0x00000000a2100000| PB 0x00000000a2100000| Untracked 
|  20|0x00000000a2200000, 0x00000000a2200000, 0x00000000a2300000|  0%| F|  |TAMS 0x00000000a2200000| PB 0x00000000a2200000| Untracked 
|  21|0x00000000a2300000, 0x00000000a2300000, 0x00000000a2400000|  0%| F|  |TAMS 0x00000000a2300000| PB 0x00000000a2300000| Untracked 
|  22|0x00000000a2400000, 0x00000000a2400000, 0x00000000a2500000|  0%| F|  |TAMS 0x00000000a2400000| PB 0x00000000a2400000| Untracked 
|  23|0x00000000a2500000, 0x00000000a2500000, 0x00000000a2600000|  0%| F|  |TAMS 0x00000000a2500000| PB 0x00000000a2500000| Untracked 
|  24|0x00000000a2600000, 0x00000000a2600000, 0x00000000a2700000|  0%| F|  |TAMS 0x00000000a2600000| PB 0x00000000a2600000| Untracked 
|  25|0x00000000a2700000, 0x00000000a2700000, 0x00000000a2800000|  0%| F|  |TAMS 0x00000000a2700000| PB 0x00000000a2700000| Untracked 
|  26|0x00000000a2800000, 0x00000000a2800000, 0x00000000a2900000|  0%| F|  |TAMS 0x00000000a2800000| PB 0x00000000a2800000| Untracked 
|  27|0x00000000a2900000, 0x00000000a2900000, 0x00000000a2a00000|  0%| F|  |TAMS 0x00000000a2900000| PB 0x00000000a2900000| Untracked 
|  28|0x00000000a2a00000, 0x00000000a2a00000, 0x00000000a2b00000|  0%| F|  |TAMS 0x00000000a2a00000| PB 0x00000000a2a00000| Untracked 
|  29|0x00000000a2b00000, 0x00000000a2b00000, 0x00000000a2c00000|  0%| F|  |TAMS 0x00000000a2b00000| PB 0x00000000a2b00000| Untracked 
|  30|0x00000000a2c00000, 0x00000000a2c00000, 0x00000000a2d00000|  0%| F|  |TAMS 0x00000000a2c00000| PB 0x00000000a2c00000| Untracked 
|  31|0x00000000a2d00000, 0x00000000a2d00000, 0x00000000a2e00000|  0%| F|  |TAMS 0x00000000a2d00000| PB 0x00000000a2d00000| Untracked 
|  32|0x00000000a2e00000, 0x00000000a2e00000, 0x00000000a2f00000|  0%| F|  |TAMS 0x00000000a2e00000| PB 0x00000000a2e00000| Untracked 
|  33|0x00000000a2f00000, 0x00000000a2f00000, 0x00000000a3000000|  0%| F|  |TAMS 0x00000000a2f00000| PB 0x00000000a2f00000| Untracked 
|  34|0x00000000a3000000, 0x00000000a3000000, 0x00000000a3100000|  0%| F|  |TAMS 0x00000000a3000000| PB 0x00000000a3000000| Untracked 
|  35|0x00000000a3100000, 0x00000000a3100000, 0x00000000a3200000|  0%| F|  |TAMS 0x00000000a3100000| PB 0x00000000a3100000| Untracked 
|  36|0x00000000a3200000, 0x00000000a3200000, 0x00000000a3300000|  0%| F|  |TAMS 0x00000000a3200000| PB 0x00000000a3200000| Untracked 
|  37|0x00000000a3300000, 0x00000000a3300000, 0x00000000a3400000|  0%| F|  |TAMS 0x00000000a3300000| PB 0x00000000a3300000| Untracked 
|  38|0x00000000a3400000, 0x00000000a3400000, 0x00000000a3500000|  0%| F|  |TAMS 0x00000000a3400000| PB 0x00000000a3400000| Untracked 
|  39|0x00000000a3500000, 0x00000000a3500000, 0x00000000a3600000|  0%| F|  |TAMS 0x00000000a3500000| PB 0x00000000a3500000| Untracked 
|  40|0x00000000a3600000, 0x00000000a3600000, 0x00000000a3700000|  0%| F|  |TAMS 0x00000000a3600000| PB 0x00000000a3600000| Untracked 
|  41|0x00000000a3700000, 0x00000000a3700000, 0x00000000a3800000|  0%| F|  |TAMS 0x00000000a3700000| PB 0x00000000a3700000| Untracked 
|  42|0x00000000a3800000, 0x00000000a3800000, 0x00000000a3900000|  0%| F|  |TAMS 0x00000000a3800000| PB 0x00000000a3800000| Untracked 
|  43|0x00000000a3900000, 0x00000000a3900000, 0x00000000a3a00000|  0%| F|  |TAMS 0x00000000a3900000| PB 0x00000000a3900000| Untracked 
|  44|0x00000000a3a00000, 0x00000000a3a00000, 0x00000000a3b00000|  0%| F|  |TAMS 0x00000000a3a00000| PB 0x00000000a3a00000| Untracked 
|  45|0x00000000a3b00000, 0x00000000a3b00000, 0x00000000a3c00000|  0%| F|  |TAMS 0x00000000a3b00000| PB 0x00000000a3b00000| Untracked 
|  46|0x00000000a3c00000, 0x00000000a3c00000, 0x00000000a3d00000|  0%| F|  |TAMS 0x00000000a3c00000| PB 0x00000000a3c00000| Untracked 
|  47|0x00000000a3d00000, 0x00000000a3d00000, 0x00000000a3e00000|  0%| F|  |TAMS 0x00000000a3d00000| PB 0x00000000a3d00000| Untracked 
|  48|0x00000000a3e00000, 0x00000000a3e00000, 0x00000000a3f00000|  0%| F|  |TAMS 0x00000000a3e00000| PB 0x00000000a3e00000| Untracked 
|  49|0x00000000a3f00000, 0x00000000a3f00000, 0x00000000a4000000|  0%| F|  |TAMS 0x00000000a3f00000| PB 0x00000000a3f00000| Untracked 
|  50|0x00000000a4000000, 0x00000000a4000000, 0x00000000a4100000|  0%| F|  |TAMS 0x00000000a4000000| PB 0x00000000a4000000| Untracked 
|  51|0x00000000a4100000, 0x00000000a4100000, 0x00000000a4200000|  0%| F|  |TAMS 0x00000000a4100000| PB 0x00000000a4100000| Untracked 
|  52|0x00000000a4200000, 0x00000000a4200000, 0x00000000a4300000|  0%| F|  |TAMS 0x00000000a4200000| PB 0x00000000a4200000| Untracked 
|  53|0x00000000a4300000, 0x00000000a4300000, 0x00000000a4400000|  0%| F|  |TAMS 0x00000000a4300000| PB 0x00000000a4300000| Untracked 
|  54|0x00000000a4400000, 0x00000000a4400000, 0x00000000a4500000|  0%| F|  |TAMS 0x00000000a4400000| PB 0x00000000a4400000| Untracked 
|  55|0x00000000a4500000, 0x00000000a4500000, 0x00000000a4600000|  0%| F|  |TAMS 0x00000000a4500000| PB 0x00000000a4500000| Untracked 
|  56|0x00000000a4600000, 0x00000000a4600000, 0x00000000a4700000|  0%| F|  |TAMS 0x00000000a4600000| PB 0x00000000a4600000| Untracked 
|  57|0x00000000a4700000, 0x00000000a4700000, 0x00000000a4800000|  0%| F|  |TAMS 0x00000000a4700000| PB 0x00000000a4700000| Untracked 
|  58|0x00000000a4800000, 0x00000000a48a96a8, 0x00000000a4900000| 66%| E|  |TAMS 0x00000000a4800000| PB 0x00000000a4800000| Complete 
|  59|0x00000000a4900000, 0x00000000a4a00000, 0x00000000a4a00000|100%| E|CS|TAMS 0x00000000a4900000| PB 0x00000000a4900000| Complete 
|  60|0x00000000a4a00000, 0x00000000a4b00000, 0x00000000a4b00000|100%| E|CS|TAMS 0x00000000a4a00000| PB 0x00000000a4a00000| Complete 
|  61|0x00000000a4b00000, 0x00000000a4c00000, 0x00000000a4c00000|100%| E|CS|TAMS 0x00000000a4b00000| PB 0x00000000a4b00000| Complete 
|  62|0x00000000a4c00000, 0x00000000a4d00000, 0x00000000a4d00000|100%| E|CS|TAMS 0x00000000a4c00000| PB 0x00000000a4c00000| Complete 
|  63|0x00000000a4d00000, 0x00000000a4e00000, 0x00000000a4e00000|100%| E|CS|TAMS 0x00000000a4d00000| PB 0x00000000a4d00000| Complete 
|  64|0x00000000a4e00000, 0x00000000a4f00000, 0x00000000a4f00000|100%| E|CS|TAMS 0x00000000a4e00000| PB 0x00000000a4e00000| Complete 
|  65|0x00000000a4f00000, 0x00000000a5000000, 0x00000000a5000000|100%| E|CS|TAMS 0x00000000a4f00000| PB 0x00000000a4f00000| Complete 
|  66|0x00000000a5000000, 0x00000000a5100000, 0x00000000a5100000|100%| E|CS|TAMS 0x00000000a5000000| PB 0x00000000a5000000| Complete 
|  67|0x00000000a5100000, 0x00000000a5200000, 0x00000000a5200000|100%| E|  |TAMS 0x00000000a5100000| PB 0x00000000a5100000| Complete 
|  68|0x00000000a5200000, 0x00000000a5300000, 0x00000000a5300000|100%| E|CS|TAMS 0x00000000a5200000| PB 0x00000000a5200000| Complete 
|  69|0x00000000a5300000, 0x00000000a5400000, 0x00000000a5400000|100%| E|CS|TAMS 0x00000000a5300000| PB 0x00000000a5300000| Complete 
|  70|0x00000000a5400000, 0x00000000a5500000, 0x00000000a5500000|100%| E|CS|TAMS 0x00000000a5400000| PB 0x00000000a5400000| Complete 
|  71|0x00000000a5500000, 0x00000000a5600000, 0x00000000a5600000|100%| E|CS|TAMS 0x00000000a5500000| PB 0x00000000a5500000| Complete 
|  72|0x00000000a5600000, 0x00000000a5700000, 0x00000000a5700000|100%| E|CS|TAMS 0x00000000a5600000| PB 0x00000000a5600000| Complete 
|  73|0x00000000a5700000, 0x00000000a5800000, 0x00000000a5800000|100%| E|CS|TAMS 0x00000000a5700000| PB 0x00000000a5700000| Complete 
|  74|0x00000000a5800000, 0x00000000a5900000, 0x00000000a5900000|100%| E|CS|TAMS 0x00000000a5800000| PB 0x00000000a5800000| Complete 
|  75|0x00000000a5900000, 0x00000000a5a00000, 0x00000000a5a00000|100%| E|CS|TAMS 0x00000000a5900000| PB 0x00000000a5900000| Complete 
|  76|0x00000000a5a00000, 0x00000000a5b00000, 0x00000000a5b00000|100%| E|CS|TAMS 0x00000000a5a00000| PB 0x00000000a5a00000| Complete 
|  77|0x00000000a5b00000, 0x00000000a5bd1588, 0x00000000a5c00000| 81%| S|CS|TAMS 0x00000000a5b00000| PB 0x00000000a5b00000| Complete 
|  78|0x00000000a5c00000, 0x00000000a5d00000, 0x00000000a5d00000|100%| E|CS|TAMS 0x00000000a5c00000| PB 0x00000000a5c00000| Complete 
|  79|0x00000000a5d00000, 0x00000000a5e00000, 0x00000000a5e00000|100%| E|CS|TAMS 0x00000000a5d00000| PB 0x00000000a5d00000| Complete 
|  80|0x00000000a5e00000, 0x00000000a5f00000, 0x00000000a5f00000|100%| E|CS|TAMS 0x00000000a5e00000| PB 0x00000000a5e00000| Complete 
|  81|0x00000000a5f00000, 0x00000000a6000000, 0x00000000a6000000|100%| E|CS|TAMS 0x00000000a5f00000| PB 0x00000000a5f00000| Complete 
|  82|0x00000000a6000000, 0x00000000a6100000, 0x00000000a6100000|100%| E|CS|TAMS 0x00000000a6000000| PB 0x00000000a6000000| Complete 
|  83|0x00000000a6100000, 0x00000000a6200000, 0x00000000a6200000|100%| E|CS|TAMS 0x00000000a6100000| PB 0x00000000a6100000| Complete 
|  84|0x00000000a6200000, 0x00000000a6300000, 0x00000000a6300000|100%| E|CS|TAMS 0x00000000a6200000| PB 0x00000000a6200000| Complete 
|  85|0x00000000a6300000, 0x00000000a6400000, 0x00000000a6400000|100%| E|CS|TAMS 0x00000000a6300000| PB 0x00000000a6300000| Complete 
|  86|0x00000000a6400000, 0x00000000a6500000, 0x00000000a6500000|100%| E|CS|TAMS 0x00000000a6400000| PB 0x00000000a6400000| Complete 
|  87|0x00000000a6500000, 0x00000000a6600000, 0x00000000a6600000|100%| E|CS|TAMS 0x00000000a6500000| PB 0x00000000a6500000| Complete 
|  88|0x00000000a6600000, 0x00000000a6700000, 0x00000000a6700000|100%| E|CS|TAMS 0x00000000a6600000| PB 0x00000000a6600000| Complete 
|  89|0x00000000a6700000, 0x00000000a6800000, 0x00000000a6800000|100%| E|CS|TAMS 0x00000000a6700000| PB 0x00000000a6700000| Complete 
|  90|0x00000000a6800000, 0x00000000a6900000, 0x00000000a6900000|100%| E|CS|TAMS 0x00000000a6800000| PB 0x00000000a6800000| Complete 
|  91|0x00000000a6900000, 0x00000000a6a00000, 0x00000000a6a00000|100%| E|CS|TAMS 0x00000000a6900000| PB 0x00000000a6900000| Complete 
|  92|0x00000000a6a00000, 0x00000000a6b00000, 0x00000000a6b00000|100%| E|CS|TAMS 0x00000000a6a00000| PB 0x00000000a6a00000| Complete 
|  93|0x00000000a6b00000, 0x00000000a6c00000, 0x00000000a6c00000|100%| E|CS|TAMS 0x00000000a6b00000| PB 0x00000000a6b00000| Complete 
|  94|0x00000000a6c00000, 0x00000000a6d00000, 0x00000000a6d00000|100%| E|CS|TAMS 0x00000000a6c00000| PB 0x00000000a6c00000| Complete 
|  95|0x00000000a6d00000, 0x00000000a6e00000, 0x00000000a6e00000|100%| E|CS|TAMS 0x00000000a6d00000| PB 0x00000000a6d00000| Complete 

Card table byte_map: [0x000001a47bc80000,0x000001a47bf80000] _byte_map_base: 0x000001a47b779000

Marking Bits: (CMBitMap*) 0x000001a464312580
 Bits: [0x000001a47bf80000, 0x000001a47d748000)

Polling page: 0x000001a4621c0000

Metaspace:

Usage:
  Non-class:     10.92 MB used.
      Class:      1.52 MB used.
       Both:     12.44 MB used.

Virtual space:
  Non-class space:       64.00 MB reserved,      11.00 MB ( 17%) committed,  1 nodes.
      Class space:        1.00 GB reserved,       1.62 MB ( <1%) committed,  1 nodes.
             Both:        1.06 GB reserved,      12.62 MB (  1%) committed. 

Chunk freelists:
   Non-Class:  3.80 MB
       Class:  14.41 MB
        Both:  18.20 MB

MaxMetaspaceSize: unlimited
CompressedClassSpaceSize: 1.00 GB
Initial GC threshold: 21.00 MB
Current GC threshold: 21.00 MB
CDS: on
 - commit_granule_bytes: 65536.
 - commit_granule_words: 8192.
 - virtual_space_node_default_size: 8388608.
 - enlarge_chunks_in_place: 1.
 - use_allocation_guard: 0.


Internal statistics:

num_allocs_failed_limit: 0.
num_arena_births: 132.
num_arena_deaths: 0.
num_vsnodes_births: 2.
num_vsnodes_deaths: 0.
num_space_committed: 202.
num_space_uncommitted: 0.
num_chunks_returned_to_freelist: 0.
num_chunks_taken_from_freelist: 540.
num_chunk_merges: 0.
num_chunk_splits: 390.
num_chunks_enlarged: 328.
num_inconsistent_stats: 0.

CodeHeap 'non-profiled nmethods': size=120000Kb used=878Kb max_used=878Kb free=119121Kb
 bounds [0x000001a474450000, 0x000001a4746c0000, 0x000001a47b980000]
CodeHeap 'profiled nmethods': size=120000Kb used=4971Kb max_used=4971Kb free=115028Kb
 bounds [0x000001a46c980000, 0x000001a46ce60000, 0x000001a473eb0000]
CodeHeap 'non-nmethods': size=5760Kb used=1372Kb max_used=1390Kb free=4387Kb
 bounds [0x000001a473eb0000, 0x000001a474120000, 0x000001a474450000]
 total_blobs=2994 nmethods=2523 adapters=375
 compilation: enabled
              stopped_count=0, restarted_count=0
 full_count=0

Compilation events (20 events):
Event: 7.651 Thread 0x000001a47fc08ed0 2516       3       java.util.Arrays::equals (43 bytes)
Event: 7.652 Thread 0x000001a47fc08ed0 nmethod 2516 0x000001a46ce58010 code [0x000001a46ce581e0, 0x000001a46ce584d8]
Event: 7.652 Thread 0x000001a47fc08ed0 2517       3       com.google.common.collect.LinkedHashMultimap$ValueEntry::<init> (18 bytes)
Event: 7.652 Thread 0x000001a47fc08ed0 nmethod 2517 0x000001a46ce58610 code [0x000001a46ce587c0, 0x000001a46ce58b00]
Event: 7.652 Thread 0x000001a47fc08ed0 2518       3       java.lang.invoke.MethodHandles$Lookup::checkField (58 bytes)
Event: 7.653 Thread 0x000001a47fc08ed0 nmethod 2518 0x000001a46ce58c10 code [0x000001a46ce58e00, 0x000001a46ce59280]
Event: 7.653 Thread 0x000001a47fc08ed0 2519       3       java.lang.invoke.LambdaFormEditor::bindArgumentL (59 bytes)
Event: 7.653 Thread 0x000001a47fc08ed0 nmethod 2519 0x000001a46ce59410 code [0x000001a46ce595e0, 0x000001a46ce59890]
Event: 7.653 Thread 0x000001a47fc08ed0 2525       3       com.google.common.collect.AbstractMultimap::containsValue (51 bytes)
Event: 7.653 Thread 0x000001a47fc08ed0 nmethod 2525 0x000001a46ce59a10 code [0x000001a46ce59c40, 0x000001a46ce5a420]
Event: 7.653 Thread 0x000001a47fc08ed0 2523       3       com.google.common.collect.AbstractMultimap$Values::contains (9 bytes)
Event: 7.654 Thread 0x000001a47fc08ed0 nmethod 2523 0x000001a46ce5a610 code [0x000001a46ce5a7c0, 0x000001a46ce5a998]
Event: 7.654 Thread 0x000001a47fc08ed0 2524       3       com.google.common.collect.LinkedHashMultimap::containsValue (6 bytes)
Event: 7.654 Thread 0x000001a47fc08ed0 nmethod 2524 0x000001a46ce5aa90 code [0x000001a46ce5ac40, 0x000001a46ce5ad88]
Event: 7.654 Thread 0x000001a47fc08ed0 2526       3       com.google.common.collect.Maps$ViewCachingAbstractMap::values (23 bytes)
Event: 7.654 Thread 0x000001a47fbf2370 nmethod 2497 0x000001a474529410 code [0x000001a4745296a0, 0x000001a47452a390]
Event: 7.654 Thread 0x000001a47fbf2370 2502       4       com.google.inject.internal.MoreTypes::getRawType (141 bytes)
Event: 7.656 Thread 0x000001a47fbf2370 nmethod 2502 0x000001a47452ab10 code [0x000001a47452acc0, 0x000001a47452adf0]
Event: 7.656 Thread 0x000001a47fbf2370 2520       4       com.google.inject.TypeLiteral::<init> (43 bytes)
Event: 7.664 Thread 0x000001a47fbf2370 nmethod 2520 0x000001a47452af90 code [0x000001a47452b1a0, 0x000001a47452b760]

GC Heap History (4 events):
Event: 1.699 GC heap before
{Heap before GC invocations=0 (full 0):
 garbage-first heap   total 98304K, used 12288K [0x00000000a0e00000, 0x0000000100000000)
  region size 1024K, 13 young (13312K), 0 survivors (0K)
 Metaspace       used 3872K, committed 4096K, reserved 1114112K
  class space    used 401K, committed 512K, reserved 1048576K
}
Event: 1.720 GC heap after
{Heap after GC invocations=1 (full 0):
 garbage-first heap   total 98304K, used 3200K [0x00000000a0e00000, 0x0000000100000000)
  region size 1024K, 2 young (2048K), 2 survivors (2048K)
 Metaspace       used 3872K, committed 4096K, reserved 1114112K
  class space    used 401K, committed 512K, reserved 1048576K
}
Event: 4.271 GC heap before
{Heap before GC invocations=1 (full 0):
 garbage-first heap   total 98304K, used 19584K [0x00000000a0e00000, 0x0000000100000000)
  region size 1024K, 18 young (18432K), 2 survivors (2048K)
 Metaspace       used 6371K, committed 6528K, reserved 1114112K
  class space    used 744K, committed 832K, reserved 1048576K
}
Event: 4.279 GC heap after
{Heap after GC invocations=2 (full 0):
 garbage-first heap   total 98304K, used 4343K [0x00000000a0e00000, 0x0000000100000000)
  region size 1024K, 1 young (1024K), 1 survivors (1024K)
 Metaspace       used 6371K, committed 6528K, reserved 1114112K
  class space    used 744K, committed 832K, reserved 1048576K
}

Dll operation events (8 events):
Event: 0.074 Loaded shared library C:\Users\palak\Downloads\java-21-openjdk-21.0.1.0.12-3.win.jdk.x86_64\java-21-openjdk-21.0.1.0.12-3.win.jdk.x86_64\bin\java.dll
Event: 0.260 Loaded shared library C:\Users\palak\Downloads\java-21-openjdk-21.0.1.0.12-3.win.jdk.x86_64\java-21-openjdk-21.0.1.0.12-3.win.jdk.x86_64\bin\jsvml.dll
Event: 0.367 Loaded shared library C:\Users\palak\Downloads\java-21-openjdk-21.0.1.0.12-3.win.jdk.x86_64\java-21-openjdk-21.0.1.0.12-3.win.jdk.x86_64\bin\net.dll
Event: 0.371 Loaded shared library C:\Users\palak\Downloads\java-21-openjdk-21.0.1.0.12-3.win.jdk.x86_64\java-21-openjdk-21.0.1.0.12-3.win.jdk.x86_64\bin\nio.dll
Event: 0.378 Loaded shared library C:\Users\palak\Downloads\java-21-openjdk-21.0.1.0.12-3.win.jdk.x86_64\java-21-openjdk-21.0.1.0.12-3.win.jdk.x86_64\bin\zip.dll
Event: 0.682 Loaded shared library C:\Users\palak\Downloads\apache-maven-3.9.8-bin\lib\jansi-native\Windows\x86_64\jansi.dll
Event: 0.721 Loaded shared library C:\Users\palak\Downloads\java-21-openjdk-21.0.1.0.12-3.win.jdk.x86_64\java-21-openjdk-21.0.1.0.12-3.win.jdk.x86_64\bin\verify.dll
Event: 0.768 Loaded shared library C:\Users\palak\Downloads\java-21-openjdk-21.0.1.0.12-3.win.jdk.x86_64\java-21-openjdk-21.0.1.0.12-3.win.jdk.x86_64\bin\jimage.dll

Deoptimization events (20 events):
Event: 5.861 Thread 0x000001a462006060 DEOPT PACKING pc=0x000001a46cd2e534 sp=0x000000985cbfde80
Event: 5.861 Thread 0x000001a462006060 DEOPT UNPACKING pc=0x000001a473f04e42 sp=0x000000985cbfd3e0 mode 0
Event: 5.961 Thread 0x000001a462006060 DEOPT PACKING pc=0x000001a46cd24124 sp=0x000000985cbfd2e0
Event: 5.961 Thread 0x000001a462006060 DEOPT UNPACKING pc=0x000001a473f04e42 sp=0x000000985cbfc798 mode 0
Event: 6.915 Thread 0x000001a462006060 Uncommon trap: trap_request=0xffffffbe fr.pc=0x000001a474522a44 relative=0x0000000000000364
Event: 6.915 Thread 0x000001a462006060 Uncommon trap: reason=profile_predicate action=maybe_recompile pc=0x000001a474522a44 method=com.google.inject.internal.aop.ImmutableStringTrie.nextPivotColumn([Ljava/lang/String;III)I @ 21 c2
Event: 6.915 Thread 0x000001a462006060 DEOPT PACKING pc=0x000001a474522a44 sp=0x000000985cbfd2a0
Event: 6.915 Thread 0x000001a462006060 DEOPT UNPACKING pc=0x000001a473f046a2 sp=0x000000985cbfd230 mode 2
Event: 6.932 Thread 0x000001a462006060 Uncommon trap: trap_request=0xffffffbe fr.pc=0x000001a474522a44 relative=0x0000000000000364
Event: 6.932 Thread 0x000001a462006060 Uncommon trap: reason=profile_predicate action=maybe_recompile pc=0x000001a474522a44 method=com.google.inject.internal.aop.ImmutableStringTrie.nextPivotColumn([Ljava/lang/String;III)I @ 21 c2
Event: 6.932 Thread 0x000001a462006060 DEOPT PACKING pc=0x000001a474522a44 sp=0x000000985cbfd3b0
Event: 6.932 Thread 0x000001a462006060 DEOPT UNPACKING pc=0x000001a473f046a2 sp=0x000000985cbfd340 mode 2
Event: 6.953 Thread 0x000001a462006060 Uncommon trap: trap_request=0xffffffbe fr.pc=0x000001a474522a44 relative=0x0000000000000364
Event: 6.953 Thread 0x000001a462006060 Uncommon trap: reason=profile_predicate action=maybe_recompile pc=0x000001a474522a44 method=com.google.inject.internal.aop.ImmutableStringTrie.nextPivotColumn([Ljava/lang/String;III)I @ 21 c2
Event: 6.953 Thread 0x000001a462006060 DEOPT PACKING pc=0x000001a474522a44 sp=0x000000985cbfd4c0
Event: 6.953 Thread 0x000001a462006060 DEOPT UNPACKING pc=0x000001a473f046a2 sp=0x000000985cbfd450 mode 2
Event: 6.954 Thread 0x000001a462006060 Uncommon trap: trap_request=0xffffffbe fr.pc=0x000001a474522a44 relative=0x0000000000000364
Event: 6.954 Thread 0x000001a462006060 Uncommon trap: reason=profile_predicate action=maybe_recompile pc=0x000001a474522a44 method=com.google.inject.internal.aop.ImmutableStringTrie.nextPivotColumn([Ljava/lang/String;III)I @ 21 c2
Event: 6.954 Thread 0x000001a462006060 DEOPT PACKING pc=0x000001a474522a44 sp=0x000000985cbfd3b0
Event: 6.954 Thread 0x000001a462006060 DEOPT UNPACKING pc=0x000001a473f046a2 sp=0x000000985cbfd340 mode 2

Classes loaded (20 events):
Event: 5.603 Loading class java/nio/file/FileSystemException done
Event: 5.603 Loading class java/nio/file/AccessDeniedException done
Event: 5.682 Loading class java/lang/ExceptionInInitializerError
Event: 5.682 Loading class java/lang/ExceptionInInitializerError done
Event: 5.688 Loading class jdk/internal/vm/annotation/ForceInline
Event: 5.688 Loading class jdk/internal/vm/annotation/ForceInline done
Event: 5.742 Loading class sun/invoke/util/ValueConversions$1
Event: 5.742 Loading class sun/invoke/util/ValueConversions$1 done
Event: 5.743 Loading class java/lang/invoke/BoundMethodHandle$Species_LI
Event: 5.743 Loading class java/lang/invoke/BoundMethodHandle$Species_LI done
Event: 5.755 Loading class jdk/internal/org/objectweb/asm/ClassReader
Event: 5.756 Loading class jdk/internal/org/objectweb/asm/ClassReader done
Event: 5.960 Loading class sun/reflect/generics/scope/MethodScope
Event: 5.960 Loading class sun/reflect/generics/scope/MethodScope done
Event: 5.960 Loading class sun/reflect/generics/repository/MethodRepository
Event: 5.960 Loading class sun/reflect/generics/repository/MethodRepository done
Event: 7.235 Loading class java/util/ConcurrentModificationException
Event: 7.235 Loading class java/util/ConcurrentModificationException done
Event: 7.388 Loading class java/lang/ClassFormatError
Event: 7.389 Loading class java/lang/ClassFormatError done

Classes unloaded (0 events):
No events

Classes redefined (0 events):
No events

Internal exceptions (20 events):
Event: 0.925 Thread 0x000001a462006060 Exception <a 'java/lang/NoSuchMethodError'{0x00000000a6634a50}: 'java.lang.Object java.lang.invoke.DirectMethodHandle$Holder.invokeSpecialIFC(java.lang.Object, java.lang.Object, java.lang.Object, java.lang.Object)'> (0x00000000a6634a50) 
thrown [s\src\hotspot\share\interpreter\linkResolver.cpp, line 773]
Event: 1.669 Thread 0x000001a462006060 Exception <a 'java/lang/NoSuchMethodError'{0x00000000a61c53c8}: 'void java.lang.invoke.DirectMethodHandle$Holder.invokeSpecial(java.lang.Object, java.lang.Object, java.lang.Object)'> (0x00000000a61c53c8) 
thrown [s\src\hotspot\share\interpreter\linkResolver.cpp, line 773]
Event: 1.891 Thread 0x000001a462006060 Exception <a 'java/lang/NoSuchMethodError'{0x00000000a6c48ad0}: 'java.lang.Object java.lang.invoke.DirectMethodHandle$Holder.invokeInterface(java.lang.Object, java.lang.Object)'> (0x00000000a6c48ad0) 
thrown [s\src\hotspot\share\interpreter\linkResolver.cpp, line 773]
Event: 1.941 Thread 0x000001a462006060 Exception <a 'java/lang/NoSuchMethodError'{0x00000000a6ce1718}: 'int java.lang.invoke.DirectMethodHandle$Holder.invokeStatic(java.lang.Object, java.lang.Object, java.lang.Object, java.lang.Object)'> (0x00000000a6ce1718) 
thrown [s\src\hotspot\share\interpreter\linkResolver.cpp, line 773]
Event: 1.942 Thread 0x000001a462006060 Exception <a 'java/lang/NoSuchMethodError'{0x00000000a6ce4d98}: 'java.lang.Object java.lang.invoke.Invokers$Holder.invokeExact_MT(java.lang.Object, java.lang.Object, java.lang.Object, java.lang.Object, java.lang.Object, java.lang.Object)'> (0x00000000a6ce4d98) 
thrown [s\src\hotspot\share\interpreter\linkResolver.cpp, line 773]
Event: 1.946 Thread 0x000001a462006060 Exception <a 'java/lang/NoSuchMethodError'{0x00000000a6cf34e8}: 'int java.lang.invoke.DirectMethodHandle$Holder.invokeSpecialIFC(java.lang.Object, java.lang.Object, java.lang.Object, java.lang.Object, java.lang.Object)'> (0x00000000a6cf34e8) 
thrown [s\src\hotspot\share\interpreter\linkResolver.cpp, line 773]
Event: 2.076 Thread 0x000001a462006060 Exception <a 'java/lang/NoSuchMethodError'{0x00000000a6a94370}: 'java.lang.Object java.lang.invoke.DirectMethodHandle$Holder.newInvokeSpecial(java.lang.Object, java.lang.Object, java.lang.Object, java.lang.Object, java.lang.Object)'> (0x00000000a6a94370) 
thrown [s\src\hotspot\share\interpreter\linkResolver.cpp, line 773]
Event: 2.239 Thread 0x000001a462006060 Exception <a 'java/lang/NoSuchMethodError'{0x00000000a6992150}: 'int java.lang.invoke.DirectMethodHandle$Holder.invokeStaticInit(java.lang.Object, java.lang.Object)'> (0x00000000a6992150) 
thrown [s\src\hotspot\share\interpreter\linkResolver.cpp, line 773]
Event: 2.276 Thread 0x000001a462006060 Exception <a 'java/lang/NoClassDefFoundError'{0x00000000a69c78d8}: javax/enterprise/inject/Typed> (0x00000000a69c78d8) 
thrown [s\src\hotspot\share\classfile\systemDictionary.cpp, line 301]
Event: 5.677 Thread 0x000001a462006060 Exception <a 'java/lang/NoSuchMethodError'{0x00000000a53ed038}: 'void java.lang.invoke.DirectMethodHandle$Holder.invokeStaticInit(java.lang.Object, java.lang.Object, java.lang.Object)'> (0x00000000a53ed038) 
thrown [s\src\hotspot\share\interpreter\linkResolver.cpp, line 773]
Event: 5.686 Thread 0x000001a462006060 Exception <a 'java/lang/ExceptionInInitializerError'{0x00000000a5216470}> (0x00000000a5216470) 
thrown [s\src\hotspot\share\oops\instanceKlass.cpp, line 1180]
Event: 5.742 Thread 0x000001a462006060 Exception <a 'java/lang/NoSuchMethodError'{0x00000000a5122d90}: 'long java.lang.invoke.DirectMethodHandle$Holder.invokeStatic(java.lang.Object, java.lang.Object, int)'> (0x00000000a5122d90) 
thrown [s\src\hotspot\share\interpreter\linkResolver.cpp, line 773]
Event: 5.745 Thread 0x000001a462006060 Exception <a 'java/lang/NoSuchMethodError'{0x00000000a5135e28}: 'java.lang.Object java.lang.invoke.DirectMethodHandle$Holder.invokeStatic(java.lang.Object, java.lang.Object, java.lang.Object, java.lang.Object, int)'> (0x00000000a5135e28) 
thrown [s\src\hotspot\share\interpreter\linkResolver.cpp, line 773]
Event: 5.747 Thread 0x000001a462006060 Exception <a 'java/lang/NoSuchMethodError'{0x00000000a513dd40}: 'java.lang.Object java.lang.invoke.DirectMethodHandle$Holder.invokeSpecial(java.lang.Object, java.lang.Object, java.lang.Object, java.lang.Object, long)'> (0x00000000a513dd40) 
thrown [s\src\hotspot\share\interpreter\linkResolver.cpp, line 773]
Event: 5.749 Thread 0x000001a462006060 Exception <a 'java/lang/NoSuchMethodError'{0x00000000a5149830}: 'java.lang.Object java.lang.invoke.DirectMethodHandle$Holder.invokeSpecial(java.lang.Object, java.lang.Object, java.lang.Object, int, java.lang.Object)'> (0x00000000a5149830) 
thrown [s\src\hotspot\share\interpreter\linkResolver.cpp, line 773]
Event: 5.751 Thread 0x000001a462006060 Exception <a 'java/lang/NoSuchMethodError'{0x00000000a5151950}: 'int java.lang.invoke.DirectMethodHandle$Holder.invokeSpecial(java.lang.Object, java.lang.Object, java.lang.Object, int)'> (0x00000000a5151950) 
thrown [s\src\hotspot\share\interpreter\linkResolver.cpp, line 773]
Event: 5.758 Thread 0x000001a462006060 Implicit null exception at 0x000001a4744e075d to 0x000001a4744e094c
Event: 5.761 Thread 0x000001a462006060 Exception <a 'java/lang/NoSuchMethodError'{0x00000000a51764a8}: 'java.lang.Object java.lang.invoke.Invokers$Holder.invokeExact_MT(java.lang.Object, int, java.lang.Object)'> (0x00000000a51764a8) 
thrown [s\src\hotspot\share\interpreter\linkResolver.cpp, line 773]
Event: 7.242 Thread 0x000001a462006060 Exception <a 'java/lang/NoSuchMethodError'{0x00000000a4969d08}: 'void java.lang.invoke.Invokers$Holder.invokeExact_MT(java.lang.Object, java.lang.Object, java.lang.Object, java.lang.Object)'> (0x00000000a4969d08) 
thrown [s\src\hotspot\share\interpreter\linkResolver.cpp, line 773]
Event: 7.388 Thread 0x000001a462006060 Exception <a 'java/lang/NoClassDefFoundError'{0x00000000a49facd0}: com/google/inject/servlet/ServletModuleTargetVisitor> (0x00000000a49facd0) 
thrown [s\src\hotspot\share\classfile\systemDictionary.cpp, line 301]

ZGC Phase Switch (0 events):
No events

VM Operations (20 events):
Event: 4.271 Executing VM operation: G1CollectForAllocation (G1 Evacuation Pause)
Event: 4.279 Executing VM operation: G1CollectForAllocation (G1 Evacuation Pause) done
Event: 4.864 Executing VM operation: HandshakeAllThreads (Deoptimize)
Event: 4.864 Executing VM operation: HandshakeAllThreads (Deoptimize) done
Event: 4.969 Executing VM operation: HandshakeAllThreads (Deoptimize)
Event: 4.969 Executing VM operation: HandshakeAllThreads (Deoptimize) done
Event: 5.481 Executing VM operation: ICBufferFull
Event: 5.481 Executing VM operation: ICBufferFull done
Event: 5.700 Executing VM operation: HandshakeAllThreads (Deoptimize)
Event: 5.700 Executing VM operation: HandshakeAllThreads (Deoptimize) done
Event: 5.855 Executing VM operation: HandshakeAllThreads (Deoptimize)
Event: 5.855 Executing VM operation: HandshakeAllThreads (Deoptimize) done
Event: 5.859 Executing VM operation: HandshakeAllThreads (Deoptimize)
Event: 5.859 Executing VM operation: HandshakeAllThreads (Deoptimize) done
Event: 5.961 Executing VM operation: HandshakeAllThreads (Deoptimize)
Event: 5.961 Executing VM operation: HandshakeAllThreads (Deoptimize) done
Event: 6.972 Executing VM operation: Cleanup
Event: 6.989 Executing VM operation: Cleanup done
Event: 7.184 Executing VM operation: HandshakeAllThreads (Deoptimize)
Event: 7.184 Executing VM operation: HandshakeAllThreads (Deoptimize) done

Events (13 events):
Event: 0.150 Thread 0x000001a462006060 Thread added: 0x000001a462006060
Event: 0.236 Thread 0x000001a47fbe6b60 Thread added: 0x000001a47fbe6b60
Event: 0.237 Thread 0x000001a47fbe93f0 Thread added: 0x000001a47fbe93f0
Event: 0.240 Thread 0x000001a47fbef6c0 Thread added: 0x000001a47fbef6c0
Event: 0.241 Thread 0x000001a47fbf0120 Thread added: 0x000001a47fbf0120
Event: 0.241 Thread 0x000001a47fbf0b80 Thread added: 0x000001a47fbf0b80
Event: 0.241 Thread 0x000001a47fbf15e0 Thread added: 0x000001a47fbf15e0
Event: 0.241 Thread 0x000001a47fbf2370 Thread added: 0x000001a47fbf2370
Event: 0.246 Thread 0x000001a47fc08ed0 Thread added: 0x000001a47fc08ed0
Event: 0.357 Thread 0x000001a4450f3c50 Thread added: 0x000001a4450f3c50
Event: 0.361 Thread 0x000001a4450f9700 Thread added: 0x000001a4450f9700
Event: 0.678 Thread 0x000001a44522b0d0 Thread added: 0x000001a44522b0d0
Event: 4.352 Thread 0x000001a44522b0d0 Thread exited: 0x000001a44522b0d0


Dynamic libraries:
0x00007ff799c40000 - 0x00007ff799c4e000 	C:\Users\palak\Downloads\java-21-openjdk-21.0.1.0.12-3.win.jdk.x86_64\java-21-openjdk-21.0.1.0.12-3.win.jdk.x86_64\bin\java.exe
0x00007ffcd41c0000 - 0x00007ffcd4423000 	C:\WINDOWS\SYSTEM32\ntdll.dll
0x00007ffcd2ba0000 - 0x00007ffcd2c67000 	C:\WINDOWS\System32\KERNEL32.DLL
0x00007ffcd1860000 - 0x00007ffcd1c29000 	C:\WINDOWS\System32\KERNELBASE.dll
0x00007ffcd13c0000 - 0x00007ffcd150c000 	C:\WINDOWS\System32\ucrtbase.dll
0x00007ffcc4230000 - 0x00007ffcc4248000 	C:\Users\palak\Downloads\java-21-openjdk-21.0.1.0.12-3.win.jdk.x86_64\java-21-openjdk-21.0.1.0.12-3.win.jdk.x86_64\bin\jli.dll
0x00007ffcd3750000 - 0x00007ffcd391a000 	C:\WINDOWS\System32\USER32.dll
0x00007ffcd1fb0000 - 0x00007ffcd1fd7000 	C:\WINDOWS\System32\win32u.dll
0x00007ffcd2d50000 - 0x00007ffcd2d7a000 	C:\WINDOWS\System32\GDI32.dll
0x00007ffcd1e70000 - 0x00007ffcd1fa1000 	C:\WINDOWS\System32\gdi32full.dll
0x00007ffcd1720000 - 0x00007ffcd17c3000 	C:\WINDOWS\System32\msvcp_win.dll
0x00007ffcc3e90000 - 0x00007ffcc3eab000 	C:\Users\palak\Downloads\java-21-openjdk-21.0.1.0.12-3.win.jdk.x86_64\java-21-openjdk-21.0.1.0.12-3.win.jdk.x86_64\bin\VCRUNTIME140.dll
0x00007ffcbf670000 - 0x00007ffcbf900000 	C:\WINDOWS\WinSxS\amd64_microsoft.windows.common-controls_6595b64144ccf1df_6.0.26100.3323_none_3e088096e3344490\COMCTL32.dll
0x00007ffcd2e40000 - 0x00007ffcd2ee9000 	C:\WINDOWS\System32\msvcrt.dll
0x00007ffcd3710000 - 0x00007ffcd373f000 	C:\WINDOWS\System32\IMM32.DLL
0x00007ffcc79b0000 - 0x00007ffcc79bc000 	C:\Users\palak\Downloads\java-21-openjdk-21.0.1.0.12-3.win.jdk.x86_64\java-21-openjdk-21.0.1.0.12-3.win.jdk.x86_64\bin\vcruntime140_1.dll
0x00007ffcb0850000 - 0x00007ffcb08de000 	C:\Users\palak\Downloads\java-21-openjdk-21.0.1.0.12-3.win.jdk.x86_64\java-21-openjdk-21.0.1.0.12-3.win.jdk.x86_64\bin\msvcp140.dll
0x00007ffc4edf0000 - 0x00007ffc4fb71000 	C:\Users\palak\Downloads\java-21-openjdk-21.0.1.0.12-3.win.jdk.x86_64\java-21-openjdk-21.0.1.0.12-3.win.jdk.x86_64\bin\server\jvm.dll
0x00007ffcd40a0000 - 0x00007ffcd4152000 	C:\WINDOWS\System32\ADVAPI32.dll
0x00007ffcd23d0000 - 0x00007ffcd2476000 	C:\WINDOWS\System32\sechost.dll
0x00007ffcd1fe0000 - 0x00007ffcd20f6000 	C:\WINDOWS\System32\RPCRT4.dll
0x00007ffcd3db0000 - 0x00007ffcd3e24000 	C:\WINDOWS\System32\WS2_32.dll
0x00007ffcd1250000 - 0x00007ffcd129e000 	C:\WINDOWS\SYSTEM32\POWRPROF.dll
0x00007ffcca610000 - 0x00007ffcca646000 	C:\WINDOWS\SYSTEM32\WINMM.dll
0x00007ffcca650000 - 0x00007ffcca65b000 	C:\WINDOWS\SYSTEM32\VERSION.dll
0x00007ffcd1230000 - 0x00007ffcd1244000 	C:\WINDOWS\SYSTEM32\UMPDC.dll
0x00007ffcd01e0000 - 0x00007ffcd01fa000 	C:\WINDOWS\SYSTEM32\kernel.appcore.dll
0x00007ffcc4cb0000 - 0x00007ffcc4cba000 	C:\Users\palak\Downloads\java-21-openjdk-21.0.1.0.12-3.win.jdk.x86_64\java-21-openjdk-21.0.1.0.12-3.win.jdk.x86_64\bin\jimage.dll
0x00007ffcbfe20000 - 0x00007ffcc0061000 	C:\WINDOWS\SYSTEM32\DBGHELP.DLL
0x00007ffcd3a20000 - 0x00007ffcd3da2000 	C:\WINDOWS\System32\combase.dll
0x00007ffcd3e70000 - 0x00007ffcd3f46000 	C:\WINDOWS\System32\OLEAUT32.dll
0x00007ffcaf5a0000 - 0x00007ffcaf5d9000 	C:\WINDOWS\SYSTEM32\dbgcore.DLL
0x00007ffcd1680000 - 0x00007ffcd1719000 	C:\WINDOWS\System32\bcryptPrimitives.dll
0x00007ffcc16f0000 - 0x00007ffcc170f000 	C:\Users\palak\Downloads\java-21-openjdk-21.0.1.0.12-3.win.jdk.x86_64\java-21-openjdk-21.0.1.0.12-3.win.jdk.x86_64\bin\java.dll
0x00007ffcd2480000 - 0x00007ffcd2b95000 	C:\WINDOWS\System32\SHELL32.dll
0x00007ffcd1510000 - 0x00007ffcd1678000 	C:\WINDOWS\System32\wintypes.dll
0x00007ffccf0a0000 - 0x00007ffccf8e5000 	C:\WINDOWS\SYSTEM32\windows.storage.dll
0x00007ffcd3fb0000 - 0x00007ffcd409b000 	C:\WINDOWS\System32\SHCORE.dll
0x00007ffcd2110000 - 0x00007ffcd216d000 	C:\WINDOWS\System32\shlwapi.dll
0x00007ffcd12d0000 - 0x00007ffcd12ff000 	C:\WINDOWS\SYSTEM32\profapi.dll
0x00007ffca83b0000 - 0x00007ffca8487000 	C:\Users\palak\Downloads\java-21-openjdk-21.0.1.0.12-3.win.jdk.x86_64\java-21-openjdk-21.0.1.0.12-3.win.jdk.x86_64\bin\jsvml.dll
0x00007ffcc4900000 - 0x00007ffcc4910000 	C:\Users\palak\Downloads\java-21-openjdk-21.0.1.0.12-3.win.jdk.x86_64\java-21-openjdk-21.0.1.0.12-3.win.jdk.x86_64\bin\net.dll
0x00007ffcc5f50000 - 0x00007ffcc606e000 	C:\WINDOWS\SYSTEM32\WINHTTP.dll
0x00007ffcd0700000 - 0x00007ffcd076a000 	C:\WINDOWS\system32\mswsock.dll
0x00007ffcbf1c0000 - 0x00007ffcbf1d6000 	C:\Users\palak\Downloads\java-21-openjdk-21.0.1.0.12-3.win.jdk.x86_64\java-21-openjdk-21.0.1.0.12-3.win.jdk.x86_64\bin\nio.dll
0x00007ffcbe640000 - 0x00007ffcbe658000 	C:\Users\palak\Downloads\java-21-openjdk-21.0.1.0.12-3.win.jdk.x86_64\java-21-openjdk-21.0.1.0.12-3.win.jdk.x86_64\bin\zip.dll
0x00007ffcbe560000 - 0x00007ffcbe584000 	C:\Users\palak\Downloads\apache-maven-3.9.8-bin\lib\jansi-native\Windows\x86_64\jansi.dll
0x00007ffcc4830000 - 0x00007ffcc4840000 	C:\Users\palak\Downloads\java-21-openjdk-21.0.1.0.12-3.win.jdk.x86_64\java-21-openjdk-21.0.1.0.12-3.win.jdk.x86_64\bin\verify.dll

dbghelp: loaded successfully - version: 4.0.5 - missing functions: none
symbol engine: initialized successfully - sym options: 0x614 - pdb path: .;C:\Users\palak\Downloads\java-21-openjdk-21.0.1.0.12-3.win.jdk.x86_64\java-21-openjdk-21.0.1.0.12-3.win.jdk.x86_64\bin;C:\WINDOWS\SYSTEM32;C:\WINDOWS\WinSxS\amd64_microsoft.windows.common-controls_6595b64144ccf1df_6.0.26100.3323_none_3e088096e3344490;C:\Users\palak\Downloads\java-21-openjdk-21.0.1.0.12-3.win.jdk.x86_64\java-21-openjdk-21.0.1.0.12-3.win.jdk.x86_64\bin\server;C:\Users\palak\Downloads\apache-maven-3.9.8-bin\lib\jansi-native\Windows\x86_64

VM Arguments:
jvm_args: -Dclassworlds.conf=C:\Users\palak\Downloads\apache-maven-3.9.8-bin\bin\m2.conf -Dmaven.home=C:\Users\palak\Downloads\apache-maven-3.9.8-bin -Dlibrary.jansi.path=C:\Users\palak\Downloads\apache-maven-3.9.8-bin\lib\jansi-native -Dmaven.multiModuleProjectDirectory=C:\Users\palak\Downloads\demo 
java_command: org.codehaus.plexus.classworlds.launcher.Launcher spring-boot:run
java_class_path (initial): C:\Users\palak\Downloads\apache-maven-3.9.8-bin\boot\plexus-classworlds-2.8.0.jar
Launcher Type: SUN_STANDARD

[Global flags]
     intx CICompilerCount                          = 3                                         {product} {ergonomic}
     uint ConcGCThreads                            = 1                                         {product} {ergonomic}
     uint G1ConcRefinementThreads                  = 4                                         {product} {ergonomic}
   size_t G1HeapRegionSize                         = 1048576                                   {product} {ergonomic}
    uintx GCDrainStackTargetSize                   = 64                                        {product} {ergonomic}
   size_t InitialHeapSize                          = 100663296                                 {product} {ergonomic}
   size_t MarkStackSize                            = 4194304                                   {product} {ergonomic}
   size_t MaxHeapSize                              = 1595932672                                {product} {ergonomic}
   size_t MaxNewSize                               = 957349888                                 {product} {ergonomic}
   size_t MinHeapDeltaBytes                        = 1048576                                   {product} {ergonomic}
   size_t MinHeapSize                              = 8388608                                   {product} {ergonomic}
    uintx NonNMethodCodeHeapSize                   = 5832780                                {pd product} {ergonomic}
    uintx NonProfiledCodeHeapSize                  = 122912730                              {pd product} {ergonomic}
    uintx ProfiledCodeHeapSize                     = 122912730                              {pd product} {ergonomic}
    uintx ReservedCodeCacheSize                    = 251658240                              {pd product} {ergonomic}
     bool SegmentedCodeCache                       = true                                      {product} {ergonomic}
   size_t SoftMaxHeapSize                          = 1595932672                             {manageable} {ergonomic}
     bool UseCompressedOops                        = true                           {product lp64_product} {ergonomic}
     bool UseG1GC                                  = true                                      {product} {ergonomic}
     bool UseLargePagesIndividualAllocation        = false                                  {pd product} {ergonomic}

Logging:
Log output configuration:
 #0: stdout all=warning uptime,level,tags foldmultilines=false
 #1: stderr all=off uptime,level,tags foldmultilines=false

Environment Variables:
JAVA_HOME=C:\Users\palak\Downloads\java-21-openjdk-21.0.1.0.12-3.win.jdk.x86_64\java-21-openjdk-21.0.1.0.12-3.win.jdk.x86_64
PATH=C:\Program Files (x86)\Common Files\Oracle\Java\java8path;C:\Program Files (x86)\Common Files\Oracle\Java\javapath;C:\WINDOWS\system32;C:\WINDOWS;C:\WINDOWS\System32\Wbem;C:\WINDOWS\System32\WindowsPowerShell\v1.0\;C:\WINDOWS\System32\OpenSSH\;C:\Users\palak\Downloads\java-21-openjdk-21.0.1.0.12-3.win.jdk.x86_64\java-21-openjdk-21.0.1.0.12-3.win.jdk.x86_64\bin;C:\Users\palak\Downloads\apache-maven-3.9.8-bin\bin;c:\users\palak\appdata\local\packages\pythonsoftwarefoundation.python.3.11_qbz5n2kfra8p0\localcache\local-packages\python311\site-packages;C:\ProgramData\chocolatey\bin;C:\Program Files\nodejs\;C:\Users\palak\AppData\Local\Programs\Python\Python312\Scripts;C:\Program Files\Git\cmd;C:\Users\palak\Downloads\flutter_windows_3.27.3-stable\flutter\bin;C:\Users\palak\AppData\Local\Android\Sdk\cmdline-tools\latest\bin;C:\Users\palak\AppData\Local\Android\Sdk\platform-tools;C:\ffmpeg;C:\Program Files\MongoDB\Server\8.0\bin;C:\Users\palak\AppData\Local\Programs\Python\Python313\Scripts\;C:\Users\palak\AppData\Local\Programs\Python\Python313\;C:\Users\palak\AppData\Local\Programs\Python\Python312\Scripts\;C:\Users\palak\AppData\Local\Programs\Python\Python312\;C:\Users\palak\AppData\Local\Programs\Python\Launcher\;C:\Program Files\MySQL\MySQL Shell 8.0\bin\;C:\Users\palak\AppData\Local\Microsoft\WindowsApps;C:\Users\palak\AppData\Local\Programs\Microsoft VS Code\bin;C:\Program Files\JetBrains\IntelliJ IDEA Community Edition 2023.3.3\bin;C:\Users\palak\AppData\Local\JetBrains\CLion 2023.3.4\bin;C:\Program Files\JetBrains\PyCharm 2024.1.2\bin;C:\Program Files\JetBrains\PyCharm Community Edition 2024.1.4\bin;C:\Users\palak\AppData\Local\JetBrains\Toolbox\scripts;C:\Users\palak\AppData\Roaming\npm;C:\Users\palak\AppData\Local\GitHubDesktop\bin;C:\Users\palak\AppData\Local\Microsoft\WindowsApps;
USERNAME=palak
LANG=en_US.UTF-8
OS=Windows_NT
PROCESSOR_IDENTIFIER=AMD64 Family 23 Model 24 Stepping 1, AuthenticAMD
TMP=C:\Users\palak\AppData\Local\Temp
TEMP=C:\Users\palak\AppData\Local\Temp




Periodic native trim disabled

---------------  S Y S T E M  ---------------

OS:
 Windows 11 , 64 bit Build 26100 (10.0.26100.3323)
OS uptime: 0 days 0:52 hours

CPU: total 4 (initial active 4) (4 cores per cpu, 2 threads per core) family 23 model 24 stepping 1 microcode 0x8108109, cx8, cmov, fxsr, ht, mmx, 3dnowpref, sse, sse2, sse3, ssse3, sse4a, sse4.1, sse4.2, popcnt, lzcnt, tsc, tscinvbit, avx, avx2, aes, clmul, bmi1, bmi2, adx, sha, fma, vzeroupper, clflush, clflushopt, rdtscp, f16c
Processor Information for all 4 processors :
  Max Mhz: 2600, Current Mhz: 2600, Mhz Limit: 2600

Memory: 4k page, system-wide physical 6086M (801M free)
TotalPageFile size 14278M (AvailPageFile size 309M)
current process WorkingSet (physical memory assigned to process): 109M, peak: 109M
current process commit charge ("private bytes"): 196M, peak: 196M

vm_info: OpenJDK 64-Bit Server VM (21.0.1+12-LTS) for windows-amd64 JRE (21.0.1+12-LTS), built on 2023-10-17T00:00:00Z by "admin" with unknown MS VC++:1937

END.
