#
# There is insufficient memory for the Java Runtime Environment to continue.
# Native memory allocation (malloc) failed to allocate 269776 bytes. Error detail: Chunk::new
# Possible reasons:
#   The system is out of physical RAM or swap space
#   This process is running with CompressedOops enabled, and the Java Heap may be blocking the growth of the native heap
# Possible solutions:
#   Reduce memory load on the system
#   Increase physical memory or swap space
#   Check if swap backing store is full
#   Decrease Java heap size (-Xmx/-Xms)
#   Decrease number of Java threads
#   Decrease Java thread stack sizes (-Xss)
#   Set larger code cache with -XX:ReservedCodeCacheSize=
#   JVM is running with Unscaled Compressed Oops mode in which the Java heap is
#     placed in the first 4GB address space. The Java Heap base address is the
#     maximum limit for the native heap growth. Please use -XX:HeapBaseMinAddress
#     to set the Java Heap base and to place the Java Heap above 4GB virtual address.
# This output file may be truncated or incomplete.
#
#  Out of Memory Error (arena.cpp:168), pid=14728, tid=15620
#
# JRE version: OpenJDK Runtime Environment Temurin-21.0.6+7 (21.0.6+7) (build 21.0.6+7-LTS)
# Java VM: OpenJDK 64-Bit Server VM Temurin-21.0.6+7 (21.0.6+7-LTS, mixed mode, sharing, tiered, compressed oops, compressed class ptrs, parallel gc, windows-amd64)
# No core dump will be written. Minidumps are not enabled by default on client versions of Windows
#

---------------  S U M M A R Y ------------

Command Line: --add-modules=ALL-SYSTEM --add-opens=java.base/java.util=ALL-UNNAMED --add-opens=java.base/java.lang=ALL-UNNAMED --add-opens=java.base/sun.nio.fs=ALL-UNNAMED -Declipse.application=org.eclipse.jdt.ls.core.id1 -Dosgi.bundles.defaultStartLevel=4 -Declipse.product=org.eclipse.jdt.ls.core.product -Djava.import.generatesMetadataFilesAtProjectRoot=false -DDetectVMInstallationsJob.disabled=true -Dfile.encoding=utf8 -XX:+UseParallelGC -XX:GCTimeRatio=4 -XX:AdaptiveSizePolicyWeight=90 -Dsun.zip.disableMemoryMapping=true -Xmx1G -Xms100m -Xlog:disable -javaagent:c:\Users\palak\.vscode\extensions\redhat.java-1.40.0-win32-x64\lombok\lombok-1.18.36.jar -XX:+HeapDumpOnOutOfMemoryError -XX:HeapDumpPath=c:\Users\palak\AppData\Roaming\Code\User\workspaceStorage\ee148990e97456275c543846b0f27411\redhat.java -Daether.dependencyCollector.impl=bf c:\Users\palak\.vscode\extensions\redhat.java-1.40.0-win32-x64\server\plugins\org.eclipse.equinox.launcher_1.6.1000.v20250131-0606.jar -configuration c:\Users\palak\AppData\Roaming\Code\User\globalStorage\redhat.java\1.40.0\config_win -data c:\Users\palak\AppData\Roaming\Code\User\workspaceStorage\ee148990e97456275c543846b0f27411\redhat.java\jdt_ws --pipe=\\.\pipe\lsp-4d432f8f97d745c843aae2e2233e6216-sock

Host: AMD Ryzen 3 3250U with Radeon Graphics         , 4 cores, 5G,  Windows 11 , 64 bit Build 26100 (10.0.26100.3037)
Time: Mon Mar 10 19:07:31 2025 India Standard Time elapsed time: 38.783868 seconds (0d 0h 0m 38s)

---------------  T H R E A D  ---------------

Current thread (0x0000019142b708e0):  JavaThread "C2 CompilerThread1" daemon [_thread_in_native, id=15620, stack(0x00000017e1700000,0x00000017e1800000) (1024K)]


Current CompileTask:
C2:38784 2433 %     4       java.io.DataOutputStream::writeUTF @ 10 (389 bytes)

Stack: [0x00000017e1700000,0x00000017e1800000]
Native frames: (J=compiled Java code, j=interpreted, Vv=VM code, C=native code)
V  [jvm.dll+0x6cdee9]
V  [jvm.dll+0x8a83d1]
V  [jvm.dll+0x8aa8fe]
V  [jvm.dll+0x8aafe3]
V  [jvm.dll+0x27f706]
V  [jvm.dll+0xc500d]
V  [jvm.dll+0xc5543]
V  [jvm.dll+0x2f2acd]
V  [jvm.dll+0x5f6a2a]
V  [jvm.dll+0x250bb2]
V  [jvm.dll+0x24965f]
V  [jvm.dll+0x246ec4]
V  [jvm.dll+0x1c75ee]
V  [jvm.dll+0x25685a]
V  [jvm.dll+0x254dfa]
V  [jvm.dll+0x3f0256]
V  [jvm.dll+0x851f8b]
V  [jvm.dll+0x6cc5ed]
C  [ucrtbase.dll+0x37b0]
C  [KERNEL32.DLL+0x2e8d7]
C  [ntdll.dll+0xbbf2c]


---------------  P R O C E S S  ---------------

Threads class SMR info:
_java_thread_list=0x0000019142176e50, length=17, elements={
0x0000019169dcd850, 0x000001916b8ac220, 0x000001916b8ae2d0, 0x0000019100343d50,
0x00000191003447a0, 0x0000019100347200, 0x0000019100347c50, 0x0000019100348a80,
0x00000191003c6e90, 0x000001914215be60, 0x0000019142387a20, 0x000001914299f6b0,
0x0000019142438330, 0x0000019142724310, 0x0000019142724d40, 0x0000019142227990,
0x0000019142b708e0
}

Java Threads: ( => current thread )
  0x0000019169dcd850 JavaThread "main"                              [_thread_blocked, id=9980, stack(0x00000017e0100000,0x00000017e0200000) (1024K)]
  0x000001916b8ac220 JavaThread "Reference Handler"          daemon [_thread_blocked, id=13652, stack(0x00000017e0500000,0x00000017e0600000) (1024K)]
  0x000001916b8ae2d0 JavaThread "Finalizer"                  daemon [_thread_blocked, id=17316, stack(0x00000017e0600000,0x00000017e0700000) (1024K)]
  0x0000019100343d50 JavaThread "Signal Dispatcher"          daemon [_thread_blocked, id=11712, stack(0x00000017e0700000,0x00000017e0800000) (1024K)]
  0x00000191003447a0 JavaThread "Attach Listener"            daemon [_thread_blocked, id=13408, stack(0x00000017e0800000,0x00000017e0900000) (1024K)]
  0x0000019100347200 JavaThread "Service Thread"             daemon [_thread_blocked, id=12456, stack(0x00000017e0900000,0x00000017e0a00000) (1024K)]
  0x0000019100347c50 JavaThread "Monitor Deflation Thread"   daemon [_thread_blocked, id=6704, stack(0x00000017e0a00000,0x00000017e0b00000) (1024K)]
  0x0000019100348a80 JavaThread "C2 CompilerThread0"         daemon [_thread_in_native, id=14840, stack(0x00000017e0b00000,0x00000017e0c00000) (1024K)]
  0x00000191003c6e90 JavaThread "C1 CompilerThread0"         daemon [_thread_in_native, id=13468, stack(0x00000017e0c00000,0x00000017e0d00000) (1024K)]
  0x000001914215be60 JavaThread "Common-Cleaner"             daemon [_thread_blocked, id=6768, stack(0x00000017e0d00000,0x00000017e0e00000) (1024K)]
  0x0000019142387a20 JavaThread "Notification Thread"        daemon [_thread_blocked, id=12280, stack(0x00000017e0e00000,0x00000017e0f00000) (1024K)]
  0x000001914299f6b0 JavaThread "Active Thread: Equinox Container: b83a661e-e6b2-461c-9f21-52a2051abb8d"        [_thread_in_Java, id=9140, stack(0x00000017e0f00000,0x00000017e1000000) (1024K)]
  0x0000019142438330 JavaThread "Refresh Thread: Equinox Container: b83a661e-e6b2-461c-9f21-52a2051abb8d" daemon [_thread_blocked, id=16896, stack(0x00000017e1300000,0x00000017e1400000) (1024K)]
  0x0000019142724310 JavaThread "Framework Event Dispatcher: Equinox Container: b83a661e-e6b2-461c-9f21-52a2051abb8d" daemon [_thread_blocked, id=2712, stack(0x00000017e1400000,0x00000017e1500000) (1024K)]
  0x0000019142724d40 JavaThread "Start Level: Equinox Container: b83a661e-e6b2-461c-9f21-52a2051abb8d" daemon [_thread_in_native, id=14204, stack(0x00000017e1500000,0x00000017e1600000) (1024K)]
  0x0000019142227990 JavaThread "Bundle File Closer"         daemon [_thread_blocked, id=13872, stack(0x00000017e1600000,0x00000017e1700000) (1024K)]
=>0x0000019142b708e0 JavaThread "C2 CompilerThread1"         daemon [_thread_in_native, id=15620, stack(0x00000017e1700000,0x00000017e1800000) (1024K)]
Total: 17

Other Threads:
  0x000001910033f4f0 VMThread "VM Thread"                           [id=17204, stack(0x00000017e0400000,0x00000017e0500000) (1024K)]
  0x00000191002dca10 WatcherThread "VM Periodic Task Thread"        [id=15100, stack(0x00000017e0300000,0x00000017e0400000) (1024K)]
  0x000001916b80d570 WorkerThread "GC Thread#0"                     [id=11168, stack(0x00000017e0200000,0x00000017e0300000) (1024K)]
  0x0000019142a9f070 WorkerThread "GC Thread#1"                     [id=15992, stack(0x00000017e1000000,0x00000017e1100000) (1024K)]
  0x0000019142721bb0 WorkerThread "GC Thread#2"                     [id=3572, stack(0x00000017e1100000,0x00000017e1200000) (1024K)]
  0x0000019142721f50 WorkerThread "GC Thread#3"                     [id=1496, stack(0x00000017e1200000,0x00000017e1300000) (1024K)]
Total: 6

Threads with active compile tasks:
C2 CompilerThread0  38828 2425       4       org.eclipse.osgi.container.ModuleDatabase$Persistence::addMap (289 bytes)
C1 CompilerThread0  38828 2466       3       org.eclipse.osgi.container.ModuleDatabase$Persistence::writeList (278 bytes)
C2 CompilerThread1  38828 2433 %     4       java.io.DataOutputStream::writeUTF @ 10 (389 bytes)
Total: 3

VM state: not at safepoint (normal execution)

VM Mutex/Monitor currently owned by a thread: None

Heap address: 0x00000000c0000000, size: 1024 MB, Compressed Oops mode: 32-bit

CDS archive(s) mapped at: [0x0000019101000000-0x0000019101ba0000-0x0000019101ba0000), size 12189696, SharedBaseAddress: 0x0000019101000000, ArchiveRelocationMode: 1.
Compressed class space mapped at: 0x0000019102000000-0x0000019142000000, reserved size: 1073741824
Narrow klass base: 0x0000019101000000, Narrow klass shift: 0, Narrow klass range: 0x100000000

GC Precious Log:
 CardTable entry size: 512
 CPUs: 4 total, 4 available
 Memory: 6086M
 Large Page Support: Disabled
 NUMA Support: Disabled
 Compressed Oops: Enabled (32-bit)
 Alignments: Space 512K, Generation 512K, Heap 2M
 Heap Min Capacity: 100M
 Heap Initial Capacity: 100M
 Heap Max Capacity: 1G
 Pre-touch: Disabled
 Parallel Workers: 4

Heap:
 PSYoungGen      total 29696K, used 10730K [0x00000000eab00000, 0x00000000ecc00000, 0x0000000100000000)
  eden space 25600K, 26% used [0x00000000eab00000,0x00000000eb1817c0,0x00000000ec400000)
  from space 4096K, 99% used [0x00000000ec400000,0x00000000ec7f9048,0x00000000ec800000)
  to   space 4096K, 0% used [0x00000000ec800000,0x00000000ec800000,0x00000000ecc00000)
 ParOldGen       total 68608K, used 5781K [0x00000000c0000000, 0x00000000c4300000, 0x00000000eab00000)
  object space 68608K, 8% used [0x00000000c0000000,0x00000000c05a57b0,0x00000000c4300000)
 Metaspace       used 9327K, committed 9664K, reserved 1114112K
  class space    used 918K, committed 1088K, reserved 1048576K

Card table byte_map: [0x000001917dc20000,0x000001917de30000] _byte_map_base: 0x000001917d620000

Marking Bits: (ParMarkBitMap*) 0x00007ffa745d3260
 Begin Bits: [0x000001917df90000, 0x000001917ef90000)
 End Bits:   [0x000001917ef90000, 0x000001917ff90000)

Polling page: 0x000001916b8b0000

Metaspace:

Usage:
  Non-class:      8.21 MB used.
      Class:    918.20 KB used.
       Both:      9.11 MB used.

Virtual space:
  Non-class space:       64.00 MB reserved,       8.38 MB ( 13%) committed,  1 nodes.
      Class space:        1.00 GB reserved,       1.06 MB ( <1%) committed,  1 nodes.
             Both:        1.06 GB reserved,       9.44 MB ( <1%) committed. 

Chunk freelists:
   Non-Class:  6.84 MB
       Class:  14.85 MB
        Both:  21.69 MB

MaxMetaspaceSize: unlimited
CompressedClassSpaceSize: 1.00 GB
Initial GC threshold: 21.00 MB
Current GC threshold: 21.00 MB
CDS: on
 - commit_granule_bytes: 65536.
 - commit_granule_words: 8192.
 - virtual_space_node_default_size: 8388608.
 - enlarge_chunks_in_place: 1.
 - use_allocation_guard: 0.


Internal statistics:

num_allocs_failed_limit: 0.
num_arena_births: 230.
num_arena_deaths: 0.
num_vsnodes_births: 2.
num_vsnodes_deaths: 0.
num_space_committed: 151.
num_space_uncommitted: 0.
num_chunks_returned_to_freelist: 0.
num_chunks_taken_from_freelist: 455.
num_chunk_merges: 0.
num_chunk_splits: 301.
num_chunks_enlarged: 215.
num_inconsistent_stats: 0.

CodeHeap 'non-profiled nmethods': size=120000Kb used=1160Kb max_used=1160Kb free=118839Kb
 bounds [0x0000019176510000, 0x0000019176780000, 0x000001917da40000]
CodeHeap 'profiled nmethods': size=120000Kb used=4550Kb max_used=4550Kb free=115450Kb
 bounds [0x000001916ea40000, 0x000001916eec0000, 0x0000019175f70000]
CodeHeap 'non-nmethods': size=5760Kb used=1225Kb max_used=1251Kb free=4534Kb
 bounds [0x0000019175f70000, 0x00000191761e0000, 0x0000019176510000]
 total_blobs=2942 nmethods=2453 adapters=395
 compilation: enabled
              stopped_count=0, restarted_count=0
 full_count=0

Compilation events (20 events):
Event: 38.391 Thread 0x00000191003c6e90 nmethod 2443 0x000001916ee9fb10 code [0x000001916ee9fcc0, 0x000001916ee9fe10]
Event: 38.418 Thread 0x00000191003c6e90 2446       3       java.util.HashMap::getNode (150 bytes)
Event: 38.418 Thread 0x0000019142b708e0 2441       4       java.lang.StringCoding::countPositives (33 bytes)
Event: 38.734 Thread 0x00000191003c6e90 nmethod 2446 0x000001916ee9fe90 code [0x000001916eea00e0, 0x000001916eea0c10]
Event: 38.734 Thread 0x00000191003c6e90 2449       3       java.util.HashMap::get (19 bytes)
Event: 38.734 Thread 0x00000191003c6e90 nmethod 2449 0x000001916eea0f10 code [0x000001916eea10c0, 0x000001916eea1270]
Event: 38.734 Thread 0x00000191003c6e90 2453       3       org.osgi.framework.Version::equals (72 bytes)
Event: 38.735 Thread 0x00000191003c6e90 nmethod 2453 0x000001916eea1390 code [0x000001916eea1580, 0x000001916eea1a70]
Event: 38.735 Thread 0x00000191003c6e90 2454       3       org.eclipse.osgi.container.ModuleDatabase$Persistence::writeVersion (88 bytes)
Event: 38.736 Thread 0x0000019142b708e0 nmethod 2441 0x0000019176631990 code [0x0000019176631b20, 0x0000019176631c78]
Event: 38.736 Thread 0x0000019142b708e0 2429       4       java.util.HashMap::hash (20 bytes)
Event: 38.738 Thread 0x0000019142b708e0 nmethod 2429 0x0000019176631d10 code [0x0000019176631ea0, 0x0000019176631f90]
Event: 38.738 Thread 0x0000019142b708e0 2433 %     4       java.io.DataOutputStream::writeUTF @ 10 (389 bytes)
Event: 38.740 Thread 0x00000191003c6e90 nmethod 2454 0x000001916eea1b90 code [0x000001916eea2080, 0x000001916eea47a0]
Event: 38.740 Thread 0x00000191003c6e90 2455       3       java.util.Collections::unmodifiableSet (22 bytes)
Event: 38.740 Thread 0x00000191003c6e90 nmethod 2455 0x000001916eea5410 code [0x000001916eea5600, 0x000001916eea5ab0]
Event: 38.744 Thread 0x00000191003c6e90 2456       3       org.eclipse.osgi.container.ModuleDatabase$Persistence::writeMap (308 bytes)
Event: 38.750 Thread 0x00000191003c6e90 nmethod 2456 0x000001916eea5c90 code [0x000001916eea6380, 0x000001916eeaa240]
Event: 38.750 Thread 0x00000191003c6e90 2457       3       java.util.Collections$UnmodifiableMap::keySet (28 bytes)
Event: 38.751 Thread 0x00000191003c6e90 nmethod 2457 0x000001916eeab510 code [0x000001916eeab720, 0x000001916eeabd60]

GC Heap History (6 events):
Event: 4.747 GC heap before
{Heap before GC invocations=1 (full 0):
 PSYoungGen      total 29696K, used 25600K [0x00000000eab00000, 0x00000000ecc00000, 0x0000000100000000)
  eden space 25600K, 100% used [0x00000000eab00000,0x00000000ec400000,0x00000000ec400000)
  from space 4096K, 0% used [0x00000000ec800000,0x00000000ec800000,0x00000000ecc00000)
  to   space 4096K, 0% used [0x00000000ec400000,0x00000000ec400000,0x00000000ec800000)
 ParOldGen       total 68608K, used 0K [0x00000000c0000000, 0x00000000c4300000, 0x00000000eab00000)
  object space 68608K, 0% used [0x00000000c0000000,0x00000000c0000000,0x00000000c4300000)
 Metaspace       used 4346K, committed 4544K, reserved 1114112K
  class space    used 436K, committed 512K, reserved 1048576K
}
Event: 4.769 GC heap after
{Heap after GC invocations=1 (full 0):
 PSYoungGen      total 29696K, used 3205K [0x00000000eab00000, 0x00000000ecc00000, 0x0000000100000000)
  eden space 25600K, 0% used [0x00000000eab00000,0x00000000eab00000,0x00000000ec400000)
  from space 4096K, 78% used [0x00000000ec400000,0x00000000ec7217f0,0x00000000ec800000)
  to   space 4096K, 0% used [0x00000000ec800000,0x00000000ec800000,0x00000000ecc00000)
 ParOldGen       total 68608K, used 8K [0x00000000c0000000, 0x00000000c4300000, 0x00000000eab00000)
  object space 68608K, 0% used [0x00000000c0000000,0x00000000c0002000,0x00000000c4300000)
 Metaspace       used 4346K, committed 4544K, reserved 1114112K
  class space    used 436K, committed 512K, reserved 1048576K
}
Event: 13.283 GC heap before
{Heap before GC invocations=2 (full 0):
 PSYoungGen      total 29696K, used 28805K [0x00000000eab00000, 0x00000000ecc00000, 0x0000000100000000)
  eden space 25600K, 100% used [0x00000000eab00000,0x00000000ec400000,0x00000000ec400000)
  from space 4096K, 78% used [0x00000000ec400000,0x00000000ec7217f0,0x00000000ec800000)
  to   space 4096K, 0% used [0x00000000ec800000,0x00000000ec800000,0x00000000ecc00000)
 ParOldGen       total 68608K, used 8K [0x00000000c0000000, 0x00000000c4300000, 0x00000000eab00000)
  object space 68608K, 0% used [0x00000000c0000000,0x00000000c0002000,0x00000000c4300000)
 Metaspace       used 8002K, committed 8256K, reserved 1114112K
  class space    used 786K, committed 896K, reserved 1048576K
}
Event: 13.306 GC heap after
{Heap after GC invocations=2 (full 0):
 PSYoungGen      total 29696K, used 4084K [0x00000000eab00000, 0x00000000ecc00000, 0x0000000100000000)
  eden space 25600K, 0% used [0x00000000eab00000,0x00000000eab00000,0x00000000ec400000)
  from space 4096K, 99% used [0x00000000ec800000,0x00000000ecbfd168,0x00000000ecc00000)
  to   space 4096K, 0% used [0x00000000ec400000,0x00000000ec400000,0x00000000ec800000)
 ParOldGen       total 68608K, used 1713K [0x00000000c0000000, 0x00000000c4300000, 0x00000000eab00000)
  object space 68608K, 2% used [0x00000000c0000000,0x00000000c01ac6b8,0x00000000c4300000)
 Metaspace       used 8002K, committed 8256K, reserved 1114112K
  class space    used 786K, committed 896K, reserved 1048576K
}
Event: 28.683 GC heap before
{Heap before GC invocations=3 (full 0):
 PSYoungGen      total 29696K, used 29684K [0x00000000eab00000, 0x00000000ecc00000, 0x0000000100000000)
  eden space 25600K, 100% used [0x00000000eab00000,0x00000000ec400000,0x00000000ec400000)
  from space 4096K, 99% used [0x00000000ec800000,0x00000000ecbfd168,0x00000000ecc00000)
  to   space 4096K, 0% used [0x00000000ec400000,0x00000000ec400000,0x00000000ec800000)
 ParOldGen       total 68608K, used 1713K [0x00000000c0000000, 0x00000000c4300000, 0x00000000eab00000)
  object space 68608K, 2% used [0x00000000c0000000,0x00000000c01ac6b8,0x00000000c4300000)
 Metaspace       used 9205K, committed 9536K, reserved 1114112K
  class space    used 916K, committed 1088K, reserved 1048576K
}
Event: 28.703 GC heap after
{Heap after GC invocations=3 (full 0):
 PSYoungGen      total 29696K, used 4068K [0x00000000eab00000, 0x00000000ecc00000, 0x0000000100000000)
  eden space 25600K, 0% used [0x00000000eab00000,0x00000000eab00000,0x00000000ec400000)
  from space 4096K, 99% used [0x00000000ec400000,0x00000000ec7f9048,0x00000000ec800000)
  to   space 4096K, 0% used [0x00000000ec800000,0x00000000ec800000,0x00000000ecc00000)
 ParOldGen       total 68608K, used 5781K [0x00000000c0000000, 0x00000000c4300000, 0x00000000eab00000)
  object space 68608K, 8% used [0x00000000c0000000,0x00000000c05a57b0,0x00000000c4300000)
 Metaspace       used 9205K, committed 9536K, reserved 1114112K
  class space    used 916K, committed 1088K, reserved 1048576K
}

Dll operation events (9 events):
Event: 0.200 Loaded shared library c:\Users\palak\.vscode\extensions\redhat.java-1.40.0-win32-x64\jre\21.0.6-win32-x86_64\bin\java.dll
Event: 2.019 Loaded shared library c:\Users\palak\.vscode\extensions\redhat.java-1.40.0-win32-x64\jre\21.0.6-win32-x86_64\bin\zip.dll
Event: 2.091 Loaded shared library C:\Users\palak\.vscode\extensions\redhat.java-1.40.0-win32-x64\jre\21.0.6-win32-x86_64\bin\instrument.dll
Event: 2.110 Loaded shared library C:\Users\palak\.vscode\extensions\redhat.java-1.40.0-win32-x64\jre\21.0.6-win32-x86_64\bin\net.dll
Event: 2.115 Loaded shared library C:\Users\palak\.vscode\extensions\redhat.java-1.40.0-win32-x64\jre\21.0.6-win32-x86_64\bin\nio.dll
Event: 2.126 Loaded shared library C:\Users\palak\.vscode\extensions\redhat.java-1.40.0-win32-x64\jre\21.0.6-win32-x86_64\bin\zip.dll
Event: 2.169 Loaded shared library C:\Users\palak\.vscode\extensions\redhat.java-1.40.0-win32-x64\jre\21.0.6-win32-x86_64\bin\jimage.dll
Event: 2.561 Loaded shared library c:\Users\palak\.vscode\extensions\redhat.java-1.40.0-win32-x64\jre\21.0.6-win32-x86_64\bin\verify.dll
Event: 12.984 Loaded shared library C:\Users\palak\AppData\Roaming\Code\User\globalStorage\redhat.java\1.40.0\config_win\org.eclipse.equinox.launcher\org.eclipse.equinox.launcher.win32.win32.x86_64_1.2.1200.v20250212-0927\eclipse_11909.dll

Deoptimization events (20 events):
Event: 37.667 Thread 0x000001914299f6b0 DEOPT PACKING pc=0x000001916ee756d0 sp=0x00000017e0ffed20
Event: 37.667 Thread 0x000001914299f6b0 DEOPT UNPACKING pc=0x0000019175fc4242 sp=0x00000017e0ffe278 mode 0
Event: 37.667 Thread 0x000001914299f6b0 DEOPT PACKING pc=0x000001916ee240c9 sp=0x00000017e0ffed40
Event: 37.667 Thread 0x000001914299f6b0 DEOPT UNPACKING pc=0x0000019175fc4242 sp=0x00000017e0ffe1b0 mode 0
Event: 37.673 Thread 0x000001914299f6b0 DEOPT PACKING pc=0x000001916ee756d0 sp=0x00000017e0ffed20
Event: 37.673 Thread 0x000001914299f6b0 DEOPT UNPACKING pc=0x0000019175fc4242 sp=0x00000017e0ffe278 mode 0
Event: 37.673 Thread 0x000001914299f6b0 DEOPT PACKING pc=0x000001916ee240c9 sp=0x00000017e0ffed40
Event: 37.673 Thread 0x000001914299f6b0 DEOPT UNPACKING pc=0x0000019175fc4242 sp=0x00000017e0ffe1b0 mode 0
Event: 37.677 Thread 0x000001914299f6b0 DEOPT PACKING pc=0x000001916ee756d0 sp=0x00000017e0ffed20
Event: 38.371 Thread 0x000001914299f6b0 DEOPT UNPACKING pc=0x0000019175fc4242 sp=0x00000017e0ffe278 mode 0
Event: 38.391 Thread 0x000001914299f6b0 DEOPT PACKING pc=0x000001916ee240c9 sp=0x00000017e0ffed40
Event: 38.391 Thread 0x000001914299f6b0 DEOPT UNPACKING pc=0x0000019175fc4242 sp=0x00000017e0ffe1b0 mode 0
Event: 38.392 Thread 0x000001914299f6b0 Uncommon trap: trap_request=0xffffff45 fr.pc=0x00000191765b54a8 relative=0x0000000000000148
Event: 38.392 Thread 0x000001914299f6b0 Uncommon trap: reason=unstable_if action=reinterpret pc=0x00000191765b54a8 method=java.util.HashMap.getNode(Ljava/lang/Object;)Ljava/util/HashMap$Node; @ 66 c2
Event: 38.392 Thread 0x000001914299f6b0 DEOPT PACKING pc=0x00000191765b54a8 sp=0x00000017e0ffeef0
Event: 38.392 Thread 0x000001914299f6b0 DEOPT UNPACKING pc=0x0000019175fc3aa2 sp=0x00000017e0ffee00 mode 2
Event: 38.392 Thread 0x000001914299f6b0 Uncommon trap: trap_request=0xffffff45 fr.pc=0x00000191765b4ca8 relative=0x0000000000000148
Event: 38.392 Thread 0x000001914299f6b0 Uncommon trap: reason=unstable_if action=reinterpret pc=0x00000191765b4ca8 method=java.util.HashMap.getNode(Ljava/lang/Object;)Ljava/util/HashMap$Node; @ 66 c2
Event: 38.392 Thread 0x000001914299f6b0 DEOPT PACKING pc=0x00000191765b4ca8 sp=0x00000017e0ffee10
Event: 38.392 Thread 0x000001914299f6b0 DEOPT UNPACKING pc=0x0000019175fc3aa2 sp=0x00000017e0ffed90 mode 2

Classes loaded (20 events):
Event: 14.594 Loading class java/util/Formatter$FixedString
Event: 14.594 Loading class java/util/Formatter$FixedString done
Event: 14.595 Loading class java/time/ZonedDateTime$1
Event: 14.595 Loading class java/time/ZonedDateTime$1 done
Event: 14.613 Loading class jdk/internal/module/ModulePatcher$PatchedModuleReader
Event: 14.614 Loading class jdk/internal/module/ModulePatcher$PatchedModuleReader done
Event: 14.624 Loading class sun/util/resources/LocaleData$CommonResourceBundleProvider
Event: 14.624 Loading class sun/util/resources/LocaleData$LocaleDataResourceBundleProvider
Event: 14.624 Loading class java/util/spi/ResourceBundleProvider
Event: 14.624 Loading class java/util/spi/ResourceBundleProvider done
Event: 14.624 Loading class sun/util/resources/LocaleData$LocaleDataResourceBundleProvider done
Event: 14.624 Loading class sun/util/resources/LocaleData$CommonResourceBundleProvider done
Event: 14.626 Loading class sun/text/resources/cldr/FormatData_en
Event: 14.627 Loading class sun/text/resources/cldr/FormatData_en done
Event: 14.627 Loading class sun/util/resources/Bundles$2
Event: 14.627 Loading class sun/util/resources/Bundles$2 done
Event: 37.362 Loading class java/io/DataOutputStream
Event: 37.363 Loading class java/io/DataOutputStream done
Event: 37.563 Loading class java/util/RegularEnumSet$EnumSetIterator
Event: 37.564 Loading class java/util/RegularEnumSet$EnumSetIterator done

Classes unloaded (0 events):
No events

Classes redefined (0 events):
No events

Internal exceptions (20 events):
Event: 4.712 Thread 0x0000019169dcd850 Exception <a 'java/lang/NoSuchMethodError'{0x00000000ec3aac80}: 'void java.lang.invoke.DirectMethodHandle$Holder.invokeStatic(java.lang.Object, java.lang.Object, java.lang.Object, java.lang.Object)'> (0x00000000ec3aac80) 
thrown [s\src\hotspot\share\interpreter\linkResolver.cpp, line 773]
Event: 4.714 Thread 0x0000019169dcd850 Implicit null exception at 0x00000191765688bc to 0x0000019176568b58
Event: 4.714 Thread 0x0000019169dcd850 Implicit null exception at 0x0000019176572f3d to 0x0000019176572fc1
Event: 4.843 Thread 0x0000019169dcd850 Exception <a 'java/lang/NoSuchMethodError'{0x00000000eacec6e0}: 'long java.lang.invoke.DirectMethodHandle$Holder.invokeStatic(java.lang.Object, java.lang.Object, int)'> (0x00000000eacec6e0) 
thrown [s\src\hotspot\share\interpreter\linkResolver.cpp, line 773]
Event: 4.850 Thread 0x0000019169dcd850 Exception <a 'java/lang/NoSuchMethodError'{0x00000000eacf4498}: 'java.lang.Object java.lang.invoke.DirectMethodHandle$Holder.invokeSpecial(java.lang.Object, java.lang.Object, java.lang.Object, java.lang.Object, long)'> (0x00000000eacf4498) 
thrown [s\src\hotspot\share\interpreter\linkResolver.cpp, line 773]
Event: 4.866 Thread 0x0000019169dcd850 Exception <a 'java/lang/NoSuchMethodError'{0x00000000ead02118}: 'java.lang.Object java.lang.invoke.DirectMethodHandle$Holder.invokeSpecial(java.lang.Object, java.lang.Object, java.lang.Object, int, java.lang.Object)'> (0x00000000ead02118) 
thrown [s\src\hotspot\share\interpreter\linkResolver.cpp, line 773]
Event: 4.882 Thread 0x0000019169dcd850 Exception <a 'java/lang/NoSuchMethodError'{0x00000000ead1bb18}: 'java.lang.Object java.lang.invoke.Invokers$Holder.invokeExact_MT(java.lang.Object, java.lang.Object, java.lang.Object, java.lang.Object, java.lang.Object, java.lang.Object)'> (0x00000000ead1bb18) 
thrown [s\src\hotspot\share\interpreter\linkResolver.cpp, line 773]
Event: 4.887 Thread 0x0000019169dcd850 Exception <a 'java/lang/NoSuchMethodError'{0x00000000ead353d0}: 'int java.lang.invoke.DirectMethodHandle$Holder.invokeStaticInit(java.lang.Object, java.lang.Object, java.lang.Object, java.lang.Object)'> (0x00000000ead353d0) 
thrown [s\src\hotspot\share\interpreter\linkResolver.cpp, line 773]
Event: 4.894 Thread 0x0000019169dcd850 Exception <a 'java/lang/NoSuchMethodError'{0x00000000ead3de20}: 'java.lang.Object java.lang.invoke.DirectMethodHandle$Holder.invokeInterface(java.lang.Object, java.lang.Object)'> (0x00000000ead3de20) 
thrown [s\src\hotspot\share\interpreter\linkResolver.cpp, line 773]
Event: 4.897 Thread 0x0000019169dcd850 Exception <a 'java/lang/IncompatibleClassChangeError'{0x00000000ead41358}: Found class java.lang.Object, but interface was expected> (0x00000000ead41358) 
thrown [s\src\hotspot\share\interpreter\linkResolver.cpp, line 840]
Event: 4.898 Thread 0x0000019169dcd850 Exception <a 'java/lang/NoSuchMethodError'{0x00000000ead45510}: 'void java.lang.invoke.DirectMethodHandle$Holder.invokeStatic(java.lang.Object, java.lang.Object)'> (0x00000000ead45510) 
thrown [s\src\hotspot\share\interpreter\linkResolver.cpp, line 773]
Event: 4.899 Thread 0x0000019169dcd850 Exception <a 'java/lang/NoSuchMethodError'{0x00000000ead488b8}: 'void java.lang.invoke.DirectMethodHandle$Holder.invokeStaticInit(java.lang.Object, java.lang.Object)'> (0x00000000ead488b8) 
thrown [s\src\hotspot\share\interpreter\linkResolver.cpp, line 773]
Event: 4.900 Thread 0x0000019169dcd850 Exception <a 'java/lang/NoSuchMethodError'{0x00000000ead4f958}: 'int java.lang.invoke.DirectMethodHandle$Holder.invokeStaticInit(java.lang.Object, java.lang.Object)'> (0x00000000ead4f958) 
thrown [s\src\hotspot\share\interpreter\linkResolver.cpp, line 773]
Event: 5.094 Thread 0x0000019169dcd850 Exception <a 'java/lang/NoSuchMethodError'{0x00000000eaeb64d8}: 'void java.lang.invoke.DirectMethodHandle$Holder.invokeSpecial(java.lang.Object, java.lang.Object, java.lang.Object)'> (0x00000000eaeb64d8) 
thrown [s\src\hotspot\share\interpreter\linkResolver.cpp, line 773]
Event: 6.356 Thread 0x0000019169dcd850 Exception <a 'java/lang/NoSuchMethodError'{0x00000000eb8c04e0}: 'int java.lang.invoke.DirectMethodHandle$Holder.invokeVirtual(java.lang.Object, java.lang.Object)'> (0x00000000eb8c04e0) 
thrown [s\src\hotspot\share\interpreter\linkResolver.cpp, line 773]
Event: 6.561 Thread 0x0000019169dcd850 Exception <a 'java/lang/NoSuchMethodError'{0x00000000ebbf9520}: 'java.lang.Object java.lang.invoke.DirectMethodHandle$Holder.newInvokeSpecial(java.lang.Object, int, java.lang.Object)'> (0x00000000ebbf9520) 
thrown [s\src\hotspot\share\interpreter\linkResolver.cpp, line 773]
Event: 6.626 Thread 0x0000019169dcd850 Exception <a 'java/lang/NoSuchMethodError'{0x00000000ebd8c0e8}: 'java.lang.Object java.lang.invoke.DirectMethodHandle$Holder.newInvokeSpecial(java.lang.Object, java.lang.Object, java.lang.Object, java.lang.Object, int, java.lang.Object)'> (0x00000000ebd8c0e8) 
thrown [s\src\hotspot\share\interpreter\linkResolver.cpp, line 773]
Event: 12.914 Thread 0x0000019169dcd850 Exception <a 'java/lang/UnsatisfiedLinkError'{0x00000000ec230b00}: 'void org.eclipse.equinox.launcher.JNIBridge._update_splash()'> (0x00000000ec230b00) 
thrown [s\src\hotspot\share\prims\nativeLookup.cpp, line 415]
Event: 14.398 Thread 0x0000019142724d40 Exception <a 'java/lang/NoSuchMethodError'{0x00000000eaf9c318}: 'java.lang.Object java.lang.invoke.DirectMethodHandle$Holder.newInvokeSpecial(java.lang.Object, java.lang.Object, int, java.lang.Object)'> (0x00000000eaf9c318) 
thrown [s\src\hotspot\share\interpreter\linkResolver.cpp, line 773]
Event: 14.542 Thread 0x0000019142724d40 Exception <a 'java/lang/ClassNotFoundException'{0x00000000eb19f900}: sun/util/logging/resources/spi/loggingProvider> (0x00000000eb19f900) 
thrown [s\src\hotspot\share\classfile\systemDictionary.cpp, line 312]

ZGC Phase Switch (0 events):
No events

VM Operations (20 events):
Event: 23.777 Executing VM operation: Cleanup
Event: 23.777 Executing VM operation: Cleanup done
Event: 24.791 Executing VM operation: Cleanup
Event: 24.791 Executing VM operation: Cleanup done
Event: 28.683 Executing VM operation: ParallelGCFailedAllocation (Allocation Failure)
Event: 28.703 Executing VM operation: ParallelGCFailedAllocation (Allocation Failure) done
Event: 29.705 Executing VM operation: Cleanup
Event: 29.705 Executing VM operation: Cleanup done
Event: 31.728 Executing VM operation: Cleanup
Event: 31.728 Executing VM operation: Cleanup done
Event: 32.740 Executing VM operation: Cleanup
Event: 32.740 Executing VM operation: Cleanup done
Event: 34.751 Executing VM operation: Cleanup
Event: 34.751 Executing VM operation: Cleanup done
Event: 35.767 Executing VM operation: Cleanup
Event: 35.767 Executing VM operation: Cleanup done
Event: 36.774 Executing VM operation: Cleanup
Event: 36.774 Executing VM operation: Cleanup done
Event: 37.783 Executing VM operation: Cleanup
Event: 38.383 Executing VM operation: Cleanup done

Memory protections (0 events):
No events

Nmethod flushes (0 events):
No events

Events (20 events):
Event: 1.831 Thread 0x0000019169dcd850 Thread added: 0x0000019100348a80
Event: 1.845 Thread 0x0000019169dcd850 Thread added: 0x00000191003c6e90
Event: 1.945 Thread 0x0000019169dcd850 Thread added: 0x000001914215be60
Event: 2.815 Thread 0x0000019169dcd850 Thread added: 0x0000019142387a20
Event: 3.360 Thread 0x00000191003c6e90 Thread added: 0x000001914238a730
Event: 4.181 Thread 0x000001914238a730 Thread exited: 0x000001914238a730
Event: 4.513 Thread 0x00000191003c6e90 Thread added: 0x00000191428114d0
Event: 4.769 Thread 0x00000191428114d0 Thread exited: 0x00000191428114d0
Event: 5.066 Thread 0x0000019100348a80 Thread added: 0x00000191426b7b10
Event: 5.169 Thread 0x00000191426b7b10 Thread exited: 0x00000191426b7b10
Event: 5.325 Thread 0x00000191003c6e90 Thread added: 0x00000191423f8a30
Event: 5.682 Thread 0x00000191423f8a30 Thread exited: 0x00000191423f8a30
Event: 6.366 Thread 0x00000191003c6e90 Thread added: 0x0000019142be5c60
Event: 6.472 Thread 0x0000019142be5c60 Thread exited: 0x0000019142be5c60
Event: 6.507 Thread 0x0000019169dcd850 Thread added: 0x000001914299f6b0
Event: 12.906 Thread 0x0000019169dcd850 Thread added: 0x0000019142438330
Event: 13.367 Thread 0x0000019142438330 Thread added: 0x0000019142724310
Event: 13.513 Thread 0x0000019169dcd850 Thread added: 0x0000019142724d40
Event: 21.377 Thread 0x0000019142724d40 Thread added: 0x0000019142227990
Event: 38.418 Thread 0x00000191003c6e90 Thread added: 0x0000019142b708e0


Dynamic libraries:
0x00007ff7eed70000 - 0x00007ff7eed7e000 	c:\Users\palak\.vscode\extensions\redhat.java-1.40.0-win32-x64\jre\21.0.6-win32-x86_64\bin\java.exe
0x00007ffac0d60000 - 0x00007ffac0fc3000 	C:\WINDOWS\SYSTEM32\ntdll.dll
0x00007ffac0410000 - 0x00007ffac04d7000 	C:\WINDOWS\System32\KERNEL32.DLL
0x00007ffabe100000 - 0x00007ffabe4c7000 	C:\WINDOWS\System32\KERNELBASE.dll
0x00007ffabe4d0000 - 0x00007ffabe61c000 	C:\WINDOWS\System32\ucrtbase.dll
0x00007ffa7dd60000 - 0x00007ffa7dd78000 	c:\Users\palak\.vscode\extensions\redhat.java-1.40.0-win32-x64\jre\21.0.6-win32-x86_64\bin\jli.dll
0x00007ffabeba0000 - 0x00007ffabed69000 	C:\WINDOWS\System32\USER32.dll
0x00007ffabe8d0000 - 0x00007ffabe8f7000 	C:\WINDOWS\System32\win32u.dll
0x00007ffabed80000 - 0x00007ffabedaa000 	C:\WINDOWS\System32\GDI32.dll
0x00007ffabe900000 - 0x00007ffabea2b000 	C:\WINDOWS\System32\gdi32full.dll
0x00007ffabeaf0000 - 0x00007ffabeb93000 	C:\WINDOWS\System32\msvcp_win.dll
0x00007ffa7aa10000 - 0x00007ffa7aa2e000 	c:\Users\palak\.vscode\extensions\redhat.java-1.40.0-win32-x64\jre\21.0.6-win32-x86_64\bin\VCRUNTIME140.dll
0x00007ffa9fd30000 - 0x00007ffa9ffc0000 	C:\WINDOWS\WinSxS\amd64_microsoft.windows.common-controls_6595b64144ccf1df_6.0.26100.3037_none_3e09262ce333c378\COMCTL32.dll
0x00007ffac02e0000 - 0x00007ffac0389000 	C:\WINDOWS\System32\msvcrt.dll
0x00007ffac02a0000 - 0x00007ffac02cf000 	C:\WINDOWS\System32\IMM32.DLL
0x00007ffa7dd50000 - 0x00007ffa7dd5c000 	c:\Users\palak\.vscode\extensions\redhat.java-1.40.0-win32-x64\jre\21.0.6-win32-x86_64\bin\vcruntime140_1.dll
0x00007ffa76460000 - 0x00007ffa764ed000 	c:\Users\palak\.vscode\extensions\redhat.java-1.40.0-win32-x64\jre\21.0.6-win32-x86_64\bin\msvcp140.dll
0x00007ffa73920000 - 0x00007ffa746b0000 	c:\Users\palak\.vscode\extensions\redhat.java-1.40.0-win32-x64\jre\21.0.6-win32-x86_64\bin\server\jvm.dll
0x00007ffac06f0000 - 0x00007ffac07a4000 	C:\WINDOWS\System32\ADVAPI32.dll
0x00007ffac0640000 - 0x00007ffac06e6000 	C:\WINDOWS\System32\sechost.dll
0x00007ffac04f0000 - 0x00007ffac0606000 	C:\WINDOWS\System32\RPCRT4.dll
0x00007ffabee70000 - 0x00007ffabeee4000 	C:\WINDOWS\System32\WS2_32.dll
0x00007ffabdf90000 - 0x00007ffabdfde000 	C:\WINDOWS\SYSTEM32\POWRPROF.dll
0x00007ffab8040000 - 0x00007ffab8076000 	C:\WINDOWS\SYSTEM32\WINMM.dll
0x00007ffab8080000 - 0x00007ffab808b000 	C:\WINDOWS\SYSTEM32\VERSION.dll
0x00007ffabdf70000 - 0x00007ffabdf84000 	C:\WINDOWS\SYSTEM32\UMPDC.dll
0x00007ffabcf30000 - 0x00007ffabcf4a000 	C:\WINDOWS\SYSTEM32\kernel.appcore.dll
0x00007ffa7b2a0000 - 0x00007ffa7b2aa000 	c:\Users\palak\.vscode\extensions\redhat.java-1.40.0-win32-x64\jre\21.0.6-win32-x86_64\bin\jimage.dll
0x00007ffab0b20000 - 0x00007ffab0d61000 	C:\WINDOWS\SYSTEM32\DBGHELP.DLL
0x00007ffabfb80000 - 0x00007ffabfefe000 	C:\WINDOWS\System32\combase.dll
0x00007ffac0860000 - 0x00007ffac0936000 	C:\WINDOWS\System32\OLEAUT32.dll
0x00007ffaa1ec0000 - 0x00007ffaa1ef9000 	C:\WINDOWS\SYSTEM32\dbgcore.DLL
0x00007ffabe620000 - 0x00007ffabe6b9000 	C:\WINDOWS\System32\bcryptPrimitives.dll
0x00007ffa7ab00000 - 0x00007ffa7ab0f000 	c:\Users\palak\.vscode\extensions\redhat.java-1.40.0-win32-x64\jre\21.0.6-win32-x86_64\bin\instrument.dll
0x00007ffa7a2d0000 - 0x00007ffa7a2ef000 	c:\Users\palak\.vscode\extensions\redhat.java-1.40.0-win32-x64\jre\21.0.6-win32-x86_64\bin\java.dll
0x00007ffabf3e0000 - 0x00007ffabfae4000 	C:\WINDOWS\System32\SHELL32.dll
0x00007ffabbe00000 - 0x00007ffabc637000 	C:\WINDOWS\SYSTEM32\windows.storage.dll
0x00007ffac0010000 - 0x00007ffac00f9000 	C:\WINDOWS\System32\SHCORE.dll
0x00007ffabeef0000 - 0x00007ffabef4d000 	C:\WINDOWS\System32\shlwapi.dll
0x00007ffabe010000 - 0x00007ffabe03e000 	C:\WINDOWS\SYSTEM32\profapi.dll
0x00007ffa7de20000 - 0x00007ffa7de38000 	c:\Users\palak\.vscode\extensions\redhat.java-1.40.0-win32-x64\jre\21.0.6-win32-x86_64\bin\zip.dll
0x00007ffa7dde0000 - 0x00007ffa7ddf0000 	C:\Users\palak\.vscode\extensions\redhat.java-1.40.0-win32-x64\jre\21.0.6-win32-x86_64\bin\net.dll
0x00007ffab39e0000 - 0x00007ffab3afe000 	C:\WINDOWS\SYSTEM32\WINHTTP.dll
0x00007ffabd440000 - 0x00007ffabd4aa000 	C:\WINDOWS\system32\mswsock.dll
0x00007ffa7ddc0000 - 0x00007ffa7ddd6000 	C:\Users\palak\.vscode\extensions\redhat.java-1.40.0-win32-x64\jre\21.0.6-win32-x86_64\bin\nio.dll
0x00007ffa7ddb0000 - 0x00007ffa7ddc0000 	c:\Users\palak\.vscode\extensions\redhat.java-1.40.0-win32-x64\jre\21.0.6-win32-x86_64\bin\verify.dll
0x00007ffa737d0000 - 0x00007ffa73815000 	C:\Users\palak\AppData\Roaming\Code\User\globalStorage\redhat.java\1.40.0\config_win\org.eclipse.equinox.launcher\org.eclipse.equinox.launcher.win32.win32.x86_64_1.2.1200.v20250212-0927\eclipse_11909.dll
0x00007ffac0100000 - 0x00007ffac0295000 	C:\WINDOWS\System32\ole32.dll

dbghelp: loaded successfully - version: 4.0.5 - missing functions: none
symbol engine: initialized successfully - sym options: 0x614 - pdb path: .;c:\Users\palak\.vscode\extensions\redhat.java-1.40.0-win32-x64\jre\21.0.6-win32-x86_64\bin;C:\WINDOWS\SYSTEM32;C:\WINDOWS\WinSxS\amd64_microsoft.windows.common-controls_6595b64144ccf1df_6.0.26100.3037_none_3e09262ce333c378;c:\Users\palak\.vscode\extensions\redhat.java-1.40.0-win32-x64\jre\21.0.6-win32-x86_64\bin\server;C:\Users\palak\AppData\Roaming\Code\User\globalStorage\redhat.java\1.40.0\config_win\org.eclipse.equinox.launcher\org.eclipse.equinox.launcher.win32.win32.x86_64_1.2.1200.v20250212-0927

VM Arguments:
jvm_args: --add-modules=ALL-SYSTEM --add-opens=java.base/java.util=ALL-UNNAMED --add-opens=java.base/java.lang=ALL-UNNAMED --add-opens=java.base/sun.nio.fs=ALL-UNNAMED -Declipse.application=org.eclipse.jdt.ls.core.id1 -Dosgi.bundles.defaultStartLevel=4 -Declipse.product=org.eclipse.jdt.ls.core.product -Djava.import.generatesMetadataFilesAtProjectRoot=false -DDetectVMInstallationsJob.disabled=true -Dfile.encoding=utf8 -XX:+UseParallelGC -XX:GCTimeRatio=4 -XX:AdaptiveSizePolicyWeight=90 -Dsun.zip.disableMemoryMapping=true -Xmx1G -Xms100m -Xlog:disable -javaagent:c:\Users\palak\.vscode\extensions\redhat.java-1.40.0-win32-x64\lombok\lombok-1.18.36.jar -XX:+HeapDumpOnOutOfMemoryError -XX:HeapDumpPath=c:\Users\palak\AppData\Roaming\Code\User\workspaceStorage\ee148990e97456275c543846b0f27411\redhat.java -Daether.dependencyCollector.impl=bf 
java_command: c:\Users\palak\.vscode\extensions\redhat.java-1.40.0-win32-x64\server\plugins\org.eclipse.equinox.launcher_1.6.1000.v20250131-0606.jar -configuration c:\Users\palak\AppData\Roaming\Code\User\globalStorage\redhat.java\1.40.0\config_win -data c:\Users\palak\AppData\Roaming\Code\User\workspaceStorage\ee148990e97456275c543846b0f27411\redhat.java\jdt_ws --pipe=\\.\pipe\lsp-4d432f8f97d745c843aae2e2233e6216-sock
java_class_path (initial): c:\Users\palak\.vscode\extensions\redhat.java-1.40.0-win32-x64\server\plugins\org.eclipse.equinox.launcher_1.6.1000.v20250131-0606.jar
Launcher Type: SUN_STANDARD

[Global flags]
    uintx AdaptiveSizePolicyWeight                 = 90                                        {product} {command line}
     intx CICompilerCount                          = 3                                         {product} {ergonomic}
    uintx GCTimeRatio                              = 4                                         {product} {command line}
     bool HeapDumpOnOutOfMemoryError               = true                                   {manageable} {command line}
    ccstr HeapDumpPath                             = c:\Users\palak\AppData\Roaming\Code\User\workspaceStorage\ee148990e97456275c543846b0f27411\redhat.java         {manageable} {command line}
   size_t InitialHeapSize                          = 104857600                                 {product} {command line}
   size_t MaxHeapSize                              = 1073741824                                {product} {command line}
   size_t MaxNewSize                               = 357564416                                 {product} {ergonomic}
   size_t MinHeapDeltaBytes                        = 524288                                    {product} {ergonomic}
   size_t MinHeapSize                              = 104857600                                 {product} {command line}
   size_t NewSize                                  = 34603008                                  {product} {ergonomic}
    uintx NonNMethodCodeHeapSize                   = 5832780                                {pd product} {ergonomic}
    uintx NonProfiledCodeHeapSize                  = 122912730                              {pd product} {ergonomic}
   size_t OldSize                                  = 70254592                                  {product} {ergonomic}
    uintx ProfiledCodeHeapSize                     = 122912730                              {pd product} {ergonomic}
    uintx ReservedCodeCacheSize                    = 251658240                              {pd product} {ergonomic}
     bool SegmentedCodeCache                       = true                                      {product} {ergonomic}
   size_t SoftMaxHeapSize                          = 1073741824                             {manageable} {ergonomic}
     bool UseCompressedOops                        = true                           {product lp64_product} {ergonomic}
     bool UseLargePagesIndividualAllocation        = false                                  {pd product} {ergonomic}
     bool UseParallelGC                            = true                                      {product} {command line}

Logging:
Log output configuration:
 #0: stdout all=off uptime,level,tags foldmultilines=false
 #1: stderr all=off uptime,level,tags foldmultilines=false

Environment Variables:
JAVA_HOME=C:\Users\palak\Downloads\java-21-openjdk-21.0.1.0.12-3.win.jdk.x86_64\java-21-openjdk-21.0.1.0.12-3.win.jdk.x86_64
PATH=C:\Program Files (x86)\Common Files\Oracle\Java\java8path;C:\Program Files (x86)\Common Files\Oracle\Java\javapath;C:\WINDOWS\system32;C:\WINDOWS;C:\WINDOWS\System32\Wbem;C:\WINDOWS\System32\WindowsPowerShell\v1.0\;C:\WINDOWS\System32\OpenSSH\;C:\Users\palak\Downloads\java-21-openjdk-21.0.1.0.12-3.win.jdk.x86_64\java-21-openjdk-21.0.1.0.12-3.win.jdk.x86_64\bin;C:\Users\palak\Downloads\apache-maven-3.9.8-bin\bin;c:\users\palak\appdata\local\packages\pythonsoftwarefoundation.python.3.11_qbz5n2kfra8p0\localcache\local-packages\python311\site-packages;C:\ProgramData\chocolatey\bin;C:\Program Files\nodejs\;C:\Users\palak\AppData\Local\Programs\Python\Python312\Scripts;C:\Program Files\Git\cmd;C:\Users\palak\Downloads\flutter_windows_3.27.3-stable\flutter\bin;C:\Users\palak\AppData\Local\Android\Sdk\cmdline-tools\latest\bin;C:\Users\palak\AppData\Local\Android\Sdk\platform-tools;C:\ffmpeg;C:\Program Files\MongoDB\Server\8.0\bin;C:\Users\palak\AppData\Local\Programs\Python\Python313\Scripts\;C:\Users\palak\AppData\Local\Programs\Python\Python313\;C:\Users\palak\AppData\Local\Programs\Python\Python312\Scripts\;C:\Users\palak\AppData\Local\Programs\Python\Python312\;C:\Users\palak\AppData\Local\Programs\Python\Launcher\;C:\Program Files\MySQL\MySQL Shell 8.0\bin\;C:\Users\palak\AppData\Local\Microsoft\WindowsApps;C:\Users\palak\AppData\Local\Programs\Microsoft VS Code\bin;C:\Program Files\JetBrains\IntelliJ IDEA Community Edition 2023.3.3\bin;C:\Users\palak\AppData\Local\JetBrains\CLion 2023.3.4\bin;C:\Program Files\JetBrains\PyCharm 2024.1.2\bin;C:\Program Files\JetBrains\PyCharm Community Edition 2024.1.4\bin;C:\Users\palak\AppData\Local\JetBrains\Toolbox\scripts;C:\Users\palak\AppData\Roaming\npm;C:\Users\palak\AppData\Local\GitHubDesktop\bin;C:\Users\palak\AppData\Local\Microsoft\WindowsApps;
USERNAME=palak
OS=Windows_NT
PROCESSOR_IDENTIFIER=AMD64 Family 23 Model 24 Stepping 1, AuthenticAMD
TMP=C:\Users\palak\AppData\Local\Temp
TEMP=C:\Users\palak\AppData\Local\Temp




Periodic native trim disabled

---------------  S Y S T E M  ---------------

OS:
 Windows 11 , 64 bit Build 26100 (10.0.26100.3037)
OS uptime: 0 days 1:54 hours

CPU: total 4 (initial active 4) (4 cores per cpu, 2 threads per core) family 23 model 24 stepping 1 microcode 0x8108109, cx8, cmov, fxsr, ht, mmx, 3dnowpref, sse, sse2, sse3, ssse3, sse4a, sse4.1, sse4.2, popcnt, lzcnt, tsc, tscinvbit, avx, avx2, aes, clmul, bmi1, bmi2, adx, sha, fma, vzeroupper, clflush, clflushopt, rdtscp, f16c
Processor Information for the first 4 processors :
  Max Mhz: 2600, Current Mhz: 2600, Mhz Limit: 2600

Memory: 4k page, system-wide physical 6086M (702M free)
TotalPageFile size 14278M (AvailPageFile size 164M)
current process WorkingSet (physical memory assigned to process): 109M, peak: 109M
current process commit charge ("private bytes"): 204M, peak: 205M

vm_info: OpenJDK 64-Bit Server VM (21.0.6+7-LTS) for windows-amd64 JRE (21.0.6+7-LTS), built on 2025-01-21T00:00:00Z by "admin" with MS VC++ 17.7 (VS2022)

END.
