#
# There is insufficient memory for the Java Runtime Environment to continue.
# Native memory allocation (malloc) failed to allocate 272816 bytes. Error detail: Chunk::new
# Possible reasons:
#   The system is out of physical RAM or swap space
#   This process is running with CompressedOops enabled, and the Java Heap may be blocking the growth of the native heap
# Possible solutions:
#   Reduce memory load on the system
#   Increase physical memory or swap space
#   Check if swap backing store is full
#   Decrease Java heap size (-Xmx/-Xms)
#   Decrease number of Java threads
#   Decrease Java thread stack sizes (-Xss)
#   Set larger code cache with -XX:ReservedCodeCacheSize=
#   JVM is running with Unscaled Compressed Oops mode in which the Java heap is
#     placed in the first 4GB address space. The Java Heap base address is the
#     maximum limit for the native heap growth. Please use -XX:HeapBaseMinAddress
#     to set the Java Heap base and to place the Java Heap above 4GB virtual address.
# This output file may be truncated or incomplete.
#
#  Out of Memory Error (arena.cpp:168), pid=13760, tid=15312
#
# JRE version: OpenJDK Runtime Environment Temurin-21.0.6+7 (21.0.6+7) (build 21.0.6+7-LTS)
# Java VM: OpenJDK 64-Bit Server VM Temurin-21.0.6+7 (21.0.6+7-LTS, mixed mode, sharing, tiered, compressed oops, compressed class ptrs, parallel gc, windows-amd64)
# No core dump will be written. Minidumps are not enabled by default on client versions of Windows
#

---------------  S U M M A R Y ------------

Command Line: --add-modules=ALL-SYSTEM --add-opens=java.base/java.util=ALL-UNNAMED --add-opens=java.base/java.lang=ALL-UNNAMED --add-opens=java.base/sun.nio.fs=ALL-UNNAMED -Declipse.application=org.eclipse.jdt.ls.core.id1 -Dosgi.bundles.defaultStartLevel=4 -Declipse.product=org.eclipse.jdt.ls.core.product -Djava.import.generatesMetadataFilesAtProjectRoot=false -DDetectVMInstallationsJob.disabled=true -Dfile.encoding=utf8 -XX:+UseParallelGC -XX:GCTimeRatio=4 -XX:AdaptiveSizePolicyWeight=90 -Dsun.zip.disableMemoryMapping=true -Xmx1G -Xms100m -Xlog:disable -javaagent:c:\Users\palak\.vscode\extensions\redhat.java-1.40.0-win32-x64\lombok\lombok-1.18.36.jar -XX:+HeapDumpOnOutOfMemoryError -XX:HeapDumpPath=c:\Users\palak\AppData\Roaming\Code\User\workspaceStorage\ee148990e97456275c543846b0f27411\redhat.java -Daether.dependencyCollector.impl=bf c:\Users\palak\.vscode\extensions\redhat.java-1.40.0-win32-x64\server\plugins\org.eclipse.equinox.launcher_1.6.1000.v20250131-0606.jar -configuration c:\Users\palak\AppData\Roaming\Code\User\globalStorage\redhat.java\1.40.0\config_win -data c:\Users\palak\AppData\Roaming\Code\User\workspaceStorage\ee148990e97456275c543846b0f27411\redhat.java\jdt_ws --pipe=\\.\pipe\lsp-5c4386e33960668aa668fb249ad80999-sock

Host: AMD Ryzen 3 3250U with Radeon Graphics         , 4 cores, 5G,  Windows 11 , 64 bit Build 26100 (10.0.26100.3037)
Time: Thu Mar 13 19:25:14 2025 India Standard Time elapsed time: 6.216385 seconds (0d 0h 0m 6s)

---------------  T H R E A D  ---------------

Current thread (0x00000242b39aeeb0):  JavaThread "C2 CompilerThread0" daemon [_thread_in_native, id=15312, stack(0x000000f2f9f00000,0x000000f2fa000000) (1024K)]


Current CompileTask:
C2:6216 1773       4       java.io.WinNTFileSystem::normalize (143 bytes)

Stack: [0x000000f2f9f00000,0x000000f2fa000000]
Native frames: (J=compiled Java code, j=interpreted, Vv=VM code, C=native code)
V  [jvm.dll+0x6cdee9]
V  [jvm.dll+0x8a83d1]
V  [jvm.dll+0x8aa8fe]
V  [jvm.dll+0x8aafe3]
V  [jvm.dll+0x27f706]
V  [jvm.dll+0xc500d]
V  [jvm.dll+0xc5543]
V  [jvm.dll+0x2f2acd]
V  [jvm.dll+0x5f6a2a]
V  [jvm.dll+0x250bb2]
V  [jvm.dll+0x24908e]
V  [jvm.dll+0x246ec4]
V  [jvm.dll+0x1c75ee]
V  [jvm.dll+0x25685a]
V  [jvm.dll+0x254dfa]
V  [jvm.dll+0x3f0256]
V  [jvm.dll+0x851f8b]
V  [jvm.dll+0x6cc5ed]
C  [ucrtbase.dll+0x37b0]
C  [KERNEL32.DLL+0x2e8d7]
C  [ntdll.dll+0xbbf2c]


---------------  P R O C E S S  ---------------

Threads class SMR info:
_java_thread_list=0x00000242fa885590, length=12, elements={
0x000002429d1f8250, 0x00000242b3998df0, 0x00000242b399abb0, 0x00000242b39a2080,
0x00000242b39a4be0, 0x00000242b39a6480, 0x00000242b39ab220, 0x00000242b39aeeb0,
0x00000242b3a18580, 0x00000242f5798250, 0x00000242f59ee8a0, 0x00000242fa1767c0
}

Java Threads: ( => current thread )
  0x000002429d1f8250 JavaThread "main"                              [_thread_in_native, id=14212, stack(0x000000f2f9500000,0x000000f2f9600000) (1024K)]
  0x00000242b3998df0 JavaThread "Reference Handler"          daemon [_thread_blocked, id=10972, stack(0x000000f2f9900000,0x000000f2f9a00000) (1024K)]
  0x00000242b399abb0 JavaThread "Finalizer"                  daemon [_thread_blocked, id=11836, stack(0x000000f2f9a00000,0x000000f2f9b00000) (1024K)]
  0x00000242b39a2080 JavaThread "Signal Dispatcher"          daemon [_thread_blocked, id=1880, stack(0x000000f2f9b00000,0x000000f2f9c00000) (1024K)]
  0x00000242b39a4be0 JavaThread "Attach Listener"            daemon [_thread_blocked, id=8648, stack(0x000000f2f9c00000,0x000000f2f9d00000) (1024K)]
  0x00000242b39a6480 JavaThread "Service Thread"             daemon [_thread_blocked, id=17204, stack(0x000000f2f9d00000,0x000000f2f9e00000) (1024K)]
  0x00000242b39ab220 JavaThread "Monitor Deflation Thread"   daemon [_thread_blocked, id=13296, stack(0x000000f2f9e00000,0x000000f2f9f00000) (1024K)]
=>0x00000242b39aeeb0 JavaThread "C2 CompilerThread0"         daemon [_thread_in_native, id=15312, stack(0x000000f2f9f00000,0x000000f2fa000000) (1024K)]
  0x00000242b3a18580 JavaThread "C1 CompilerThread0"         daemon [_thread_blocked, id=13236, stack(0x000000f2fa000000,0x000000f2fa100000) (1024K)]
  0x00000242f5798250 JavaThread "Common-Cleaner"             daemon [_thread_blocked, id=1696, stack(0x000000f2fa100000,0x000000f2fa200000) (1024K)]
  0x00000242f59ee8a0 JavaThread "Notification Thread"        daemon [_thread_blocked, id=15324, stack(0x000000f2fa200000,0x000000f2fa300000) (1024K)]
  0x00000242fa1767c0 JavaThread "Active Thread: Equinox Container: 42f944e4-33eb-4b03-9217-8b38be9d3d17"        [_thread_blocked, id=4592, stack(0x000000f2fa600000,0x000000f2fa700000) (1024K)]
Total: 12

Other Threads:
  0x00000242b398f840 VMThread "VM Thread"                           [id=10216, stack(0x000000f2f9800000,0x000000f2f9900000) (1024K)]
  0x00000242b392ca00 WatcherThread "VM Periodic Task Thread"        [id=18080, stack(0x000000f2f9700000,0x000000f2f9800000) (1024K)]
  0x000002429f6898e0 WorkerThread "GC Thread#0"                     [id=16560, stack(0x000000f2f9600000,0x000000f2f9700000) (1024K)]
  0x00000242fa23fa20 WorkerThread "GC Thread#1"                     [id=9696, stack(0x000000f2fa300000,0x000000f2fa400000) (1024K)]
  0x00000242fa23e890 WorkerThread "GC Thread#2"                     [id=9400, stack(0x000000f2fa400000,0x000000f2fa500000) (1024K)]
  0x00000242fa23ec30 WorkerThread "GC Thread#3"                     [id=7520, stack(0x000000f2fa500000,0x000000f2fa600000) (1024K)]
Total: 6

Threads with active compile tasks:
C2 CompilerThread0  6266 1773       4       java.io.WinNTFileSystem::normalize (143 bytes)
C1 CompilerThread0  6266 1785       3       jdk.internal.misc.Unsafe::checkPrimitivePointer (19 bytes)
Total: 2

VM state: not at safepoint (normal execution)

VM Mutex/Monitor currently owned by a thread: None

Heap address: 0x00000000c0000000, size: 1024 MB, Compressed Oops mode: 32-bit

CDS archive(s) mapped at: [0x00000242b4000000-0x00000242b4ba0000-0x00000242b4ba0000), size 12189696, SharedBaseAddress: 0x00000242b4000000, ArchiveRelocationMode: 1.
Compressed class space mapped at: 0x00000242b5000000-0x00000242f5000000, reserved size: 1073741824
Narrow klass base: 0x00000242b4000000, Narrow klass shift: 0, Narrow klass range: 0x100000000

GC Precious Log:
 CardTable entry size: 512
 CPUs: 4 total, 4 available
 Memory: 6086M
 Large Page Support: Disabled
 NUMA Support: Disabled
 Compressed Oops: Enabled (32-bit)
 Alignments: Space 512K, Generation 512K, Heap 2M
 Heap Min Capacity: 100M
 Heap Initial Capacity: 100M
 Heap Max Capacity: 1G
 Pre-touch: Disabled
 Parallel Workers: 4

Heap:
 PSYoungGen      total 29696K, used 28773K [0x00000000eab00000, 0x00000000ecc00000, 0x0000000100000000)
  eden space 25600K, 100% used [0x00000000eab00000,0x00000000ec400000,0x00000000ec400000)
  from space 4096K, 77% used [0x00000000ec400000,0x00000000ec7197f0,0x00000000ec800000)
  to   space 4096K, 0% used [0x00000000ec800000,0x00000000ec800000,0x00000000ecc00000)
 ParOldGen       total 68608K, used 0K [0x00000000c0000000, 0x00000000c4300000, 0x00000000eab00000)
  object space 68608K, 0% used [0x00000000c0000000,0x00000000c0000000,0x00000000c4300000)
 Metaspace       used 8032K, committed 8256K, reserved 1114112K
  class space    used 787K, committed 896K, reserved 1048576K

Card table byte_map: [0x000002429f000000,0x000002429f210000] _byte_map_base: 0x000002429ea00000

Marking Bits: (ParMarkBitMap*) 0x00007ffd63423260
 Begin Bits: [0x00000242b1850000, 0x00000242b2850000)
 End Bits:   [0x00000242b2850000, 0x00000242b3850000)

Polling page: 0x000002429d3e0000

Metaspace:

Usage:
  Non-class:      7.08 MB used.
      Class:    787.30 KB used.
       Both:      7.84 MB used.

Virtual space:
  Non-class space:       64.00 MB reserved,       7.19 MB ( 11%) committed,  1 nodes.
      Class space:        1.00 GB reserved,     896.00 KB ( <1%) committed,  1 nodes.
             Both:        1.06 GB reserved,       8.06 MB ( <1%) committed. 

Chunk freelists:
   Non-Class:  8.69 MB
       Class:  14.95 MB
        Both:  23.64 MB

MaxMetaspaceSize: unlimited
CompressedClassSpaceSize: 1.00 GB
Initial GC threshold: 21.00 MB
Current GC threshold: 21.00 MB
CDS: on
 - commit_granule_bytes: 65536.
 - commit_granule_words: 8192.
 - virtual_space_node_default_size: 8388608.
 - enlarge_chunks_in_place: 1.
 - use_allocation_guard: 0.


Internal statistics:

num_allocs_failed_limit: 0.
num_arena_births: 176.
num_arena_deaths: 0.
num_vsnodes_births: 2.
num_vsnodes_deaths: 0.
num_space_committed: 129.
num_space_uncommitted: 0.
num_chunks_returned_to_freelist: 0.
num_chunks_taken_from_freelist: 360.
num_chunk_merges: 0.
num_chunk_splits: 241.
num_chunks_enlarged: 172.
num_inconsistent_stats: 0.

CodeHeap 'non-profiled nmethods': size=120000Kb used=771Kb max_used=771Kb free=119228Kb
 bounds [0x00000242aa320000, 0x00000242aa590000, 0x00000242b1850000]
CodeHeap 'profiled nmethods': size=120000Kb used=3242Kb max_used=3242Kb free=116757Kb
 bounds [0x00000242a2850000, 0x00000242a2b80000, 0x00000242a9d80000]
CodeHeap 'non-nmethods': size=5760Kb used=1212Kb max_used=1239Kb free=4547Kb
 bounds [0x00000242a9d80000, 0x00000242a9ff0000, 0x00000242aa320000]
 total_blobs=2262 nmethods=1784 adapters=385
 compilation: enabled
              stopped_count=0, restarted_count=0
 full_count=0

Compilation events (20 events):
Event: 6.157 Thread 0x00000242b3a18580 1768       3       org.eclipse.osgi.framework.util.SecureAction::getProperty (31 bytes)
Event: 6.158 Thread 0x00000242b3a18580 nmethod 1768 0x00000242a2b68d90 code [0x00000242a2b68f80, 0x00000242a2b693d8]
Event: 6.166 Thread 0x00000242b3a18580 1769       3       org.eclipse.osgi.internal.framework.EquinoxConfiguration$ConfigValues::internalGet (24 bytes)
Event: 6.166 Thread 0x00000242b3a18580 nmethod 1769 0x00000242a2b69590 code [0x00000242a2b697a0, 0x00000242a2b69d98]
Event: 6.167 Thread 0x00000242b3a18580 1770       3       java.io.File::isAbsolute (8 bytes)
Event: 6.167 Thread 0x00000242b3a18580 nmethod 1770 0x00000242a2b69f90 code [0x00000242a2b6a140, 0x00000242a2b6a290]
Event: 6.167 Thread 0x00000242b3a18580 1771       3       java.io.WinNTFileSystem::isAbsolute (36 bytes)
Event: 6.168 Thread 0x00000242b3a18580 nmethod 1771 0x00000242a2b6a310 code [0x00000242a2b6a520, 0x00000242a2b6abb0]
Event: 6.180 Thread 0x00000242b3a18580 1772       3       java.util.Collections::emptyIterator (4 bytes)
Event: 6.180 Thread 0x00000242b3a18580 nmethod 1772 0x00000242a2b6ae90 code [0x00000242a2b6b020, 0x00000242a2b6b118]
Event: 6.183 Thread 0x00000242b39aeeb0 nmethod 1765% 0x00000242aa3de090 code [0x00000242aa3de320, 0x00000242aa3df7e8]
Event: 6.184 Thread 0x00000242b39aeeb0 1773       4       java.io.WinNTFileSystem::normalize (143 bytes)
Event: 6.185 Thread 0x00000242b3a18580 1774       3       java.lang.String::<init> (10 bytes)
Event: 6.185 Thread 0x00000242b3a18580 nmethod 1774 0x00000242a2b6b190 code [0x00000242a2b6b340, 0x00000242a2b6b490]
Event: 6.187 Thread 0x00000242b3a18580 1775       3       sun.net.util.IPAddressUtil::scan (62 bytes)
Event: 6.189 Thread 0x00000242b3a18580 nmethod 1775 0x00000242a2b6b590 code [0x00000242a2b6b7e0, 0x00000242a2b6c0a0]
Event: 6.189 Thread 0x00000242b3a18580 1776       3       sun.net.util.IPAddressUtil::checkUserInfo (44 bytes)
Event: 6.190 Thread 0x00000242b3a18580 nmethod 1776 0x00000242a2b6c490 code [0x00000242a2b6c720, 0x00000242a2b6d168]
Event: 6.190 Thread 0x00000242b3a18580 1777       3       java.io.WinNTFileSystem::resolve (326 bytes)
Event: 6.195 Thread 0x00000242b3a18580 nmethod 1777 0x00000242a2b6d610 code [0x00000242a2b6db40, 0x00000242a2b70948]

GC Heap History (2 events):
Event: 3.615 GC heap before
{Heap before GC invocations=1 (full 0):
 PSYoungGen      total 29696K, used 25600K [0x00000000eab00000, 0x00000000ecc00000, 0x0000000100000000)
  eden space 25600K, 100% used [0x00000000eab00000,0x00000000ec400000,0x00000000ec400000)
  from space 4096K, 0% used [0x00000000ec800000,0x00000000ec800000,0x00000000ecc00000)
  to   space 4096K, 0% used [0x00000000ec400000,0x00000000ec400000,0x00000000ec800000)
 ParOldGen       total 68608K, used 0K [0x00000000c0000000, 0x00000000c4300000, 0x00000000eab00000)
  object space 68608K, 0% used [0x00000000c0000000,0x00000000c0000000,0x00000000c4300000)
 Metaspace       used 4353K, committed 4544K, reserved 1114112K
  class space    used 437K, committed 512K, reserved 1048576K
}
Event: 3.656 GC heap after
{Heap after GC invocations=1 (full 0):
 PSYoungGen      total 29696K, used 3173K [0x00000000eab00000, 0x00000000ecc00000, 0x0000000100000000)
  eden space 25600K, 0% used [0x00000000eab00000,0x00000000eab00000,0x00000000ec400000)
  from space 4096K, 77% used [0x00000000ec400000,0x00000000ec7197f0,0x00000000ec800000)
  to   space 4096K, 0% used [0x00000000ec800000,0x00000000ec800000,0x00000000ecc00000)
 ParOldGen       total 68608K, used 0K [0x00000000c0000000, 0x00000000c4300000, 0x00000000eab00000)
  object space 68608K, 0% used [0x00000000c0000000,0x00000000c0000000,0x00000000c4300000)
 Metaspace       used 4353K, committed 4544K, reserved 1114112K
  class space    used 437K, committed 512K, reserved 1048576K
}

Dll operation events (8 events):
Event: 0.037 Loaded shared library c:\Users\palak\.vscode\extensions\redhat.java-1.40.0-win32-x64\jre\21.0.6-win32-x86_64\bin\java.dll
Event: 0.522 Loaded shared library c:\Users\palak\.vscode\extensions\redhat.java-1.40.0-win32-x64\jre\21.0.6-win32-x86_64\bin\zip.dll
Event: 0.573 Loaded shared library C:\Users\palak\.vscode\extensions\redhat.java-1.40.0-win32-x64\jre\21.0.6-win32-x86_64\bin\instrument.dll
Event: 0.587 Loaded shared library C:\Users\palak\.vscode\extensions\redhat.java-1.40.0-win32-x64\jre\21.0.6-win32-x86_64\bin\net.dll
Event: 0.608 Loaded shared library C:\Users\palak\.vscode\extensions\redhat.java-1.40.0-win32-x64\jre\21.0.6-win32-x86_64\bin\nio.dll
Event: 0.625 Loaded shared library C:\Users\palak\.vscode\extensions\redhat.java-1.40.0-win32-x64\jre\21.0.6-win32-x86_64\bin\zip.dll
Event: 0.694 Loaded shared library C:\Users\palak\.vscode\extensions\redhat.java-1.40.0-win32-x64\jre\21.0.6-win32-x86_64\bin\jimage.dll
Event: 1.174 Loaded shared library c:\Users\palak\.vscode\extensions\redhat.java-1.40.0-win32-x64\jre\21.0.6-win32-x86_64\bin\verify.dll

Deoptimization events (20 events):
Event: 5.615 Thread 0x000002429d1f8250 DEOPT PACKING pc=0x00000242aa353c44 sp=0x000000f2f95fe6b0
Event: 5.615 Thread 0x000002429d1f8250 DEOPT UNPACKING pc=0x00000242a9dd3aa2 sp=0x000000f2f95fe648 mode 2
Event: 5.786 Thread 0x000002429d1f8250 Uncommon trap: trap_request=0xffffff45 fr.pc=0x00000242aa39e34c relative=0x00000000000000ac
Event: 5.786 Thread 0x000002429d1f8250 Uncommon trap: reason=unstable_if action=reinterpret pc=0x00000242aa39e34c method=java.util.concurrent.locks.ReentrantLock$NonfairSync.initialTryLock()Z @ 10 c2
Event: 5.786 Thread 0x000002429d1f8250 DEOPT PACKING pc=0x00000242aa39e34c sp=0x000000f2f95fea40
Event: 5.786 Thread 0x000002429d1f8250 DEOPT UNPACKING pc=0x00000242a9dd3aa2 sp=0x000000f2f95fe9d0 mode 2
Event: 5.787 Thread 0x000002429d1f8250 Uncommon trap: trap_request=0xffffff45 fr.pc=0x00000242aa39dfb4 relative=0x0000000000000094
Event: 5.787 Thread 0x000002429d1f8250 Uncommon trap: reason=unstable_if action=reinterpret pc=0x00000242aa39dfb4 method=java.util.concurrent.locks.ReentrantLock$Sync.tryRelease(I)Z @ 26 c2
Event: 5.787 Thread 0x000002429d1f8250 DEOPT PACKING pc=0x00000242aa39dfb4 sp=0x000000f2f95feb10
Event: 5.787 Thread 0x000002429d1f8250 DEOPT UNPACKING pc=0x00000242a9dd3aa2 sp=0x000000f2f95fea90 mode 2
Event: 6.028 Thread 0x000002429d1f8250 Uncommon trap: trap_request=0xffffff45 fr.pc=0x00000242aa3c95dc relative=0x00000000000000bc
Event: 6.028 Thread 0x000002429d1f8250 Uncommon trap: reason=unstable_if action=reinterpret pc=0x00000242aa3c95dc method=java.util.LinkedHashMap.afterNodeAccess(Ljava/util/HashMap$Node;)V @ 19 c2
Event: 6.028 Thread 0x000002429d1f8250 DEOPT PACKING pc=0x00000242aa3c95dc sp=0x000000f2f95fce80
Event: 6.028 Thread 0x000002429d1f8250 DEOPT UNPACKING pc=0x00000242a9dd3aa2 sp=0x000000f2f95fcde8 mode 2
Event: 6.029 Thread 0x000002429d1f8250 DEOPT PACKING pc=0x00000242a294f48b sp=0x000000f2f95fc950
Event: 6.029 Thread 0x000002429d1f8250 DEOPT UNPACKING pc=0x00000242a9dd4242 sp=0x000000f2f95fbdc8 mode 0
Event: 6.031 Thread 0x000002429d1f8250 DEOPT PACKING pc=0x00000242a294b106 sp=0x000000f2f95fc410
Event: 6.031 Thread 0x000002429d1f8250 DEOPT UNPACKING pc=0x00000242a9dd4242 sp=0x000000f2f95fb890 mode 0
Event: 6.036 Thread 0x000002429d1f8250 DEOPT PACKING pc=0x00000242a294b106 sp=0x000000f2f95fc660
Event: 6.037 Thread 0x000002429d1f8250 DEOPT UNPACKING pc=0x00000242a9dd4242 sp=0x000000f2f95fbae0 mode 0

Classes loaded (20 events):
Event: 5.984 Loading class java/net/ContentHandler
Event: 5.984 Loading class java/net/ContentHandler done
Event: 6.006 Loading class javax/xml/parsers/ParserConfigurationException
Event: 6.007 Loading class javax/xml/parsers/ParserConfigurationException done
Event: 6.015 Loading class java/security/KeyStoreException
Event: 6.015 Loading class java/security/KeyStoreException done
Event: 6.080 Loading class java/lang/Thread$Builder$OfPlatform
Event: 6.081 Loading class java/lang/Thread$Builder
Event: 6.081 Loading class java/lang/Thread$Builder done
Event: 6.081 Loading class java/lang/Thread$Builder$OfPlatform done
Event: 6.081 Loading class java/lang/Thread$Builder$OfVirtual
Event: 6.081 Loading class java/lang/Thread$Builder$OfVirtual done
Event: 6.108 Loading class sun/nio/fs/WindowsChannelFactory
Event: 6.108 Loading class sun/nio/fs/WindowsChannelFactory done
Event: 6.109 Loading class sun/nio/fs/WindowsChannelFactory$1
Event: 6.109 Loading class sun/nio/fs/WindowsChannelFactory$1 done
Event: 6.109 Loading class sun/nio/fs/WindowsChannelFactory$Flags
Event: 6.109 Loading class sun/nio/fs/WindowsChannelFactory$Flags done
Event: 6.110 Loading class sun/nio/ch/FileChannelImpl$Closer
Event: 6.111 Loading class sun/nio/ch/FileChannelImpl$Closer done

Classes unloaded (0 events):
No events

Classes redefined (0 events):
No events

Internal exceptions (20 events):
Event: 3.852 Thread 0x000002429d1f8250 Exception <a 'java/lang/NoSuchMethodError'{0x00000000ead88b00}: 'int java.lang.invoke.DirectMethodHandle$Holder.invokeStaticInit(java.lang.Object, java.lang.Object)'> (0x00000000ead88b00) 
thrown [s\src\hotspot\share\interpreter\linkResolver.cpp, line 773]
Event: 4.097 Thread 0x000002429d1f8250 Exception <a 'java/lang/NoSuchMethodError'{0x00000000eaeeeb60}: 'void java.lang.invoke.DirectMethodHandle$Holder.invokeSpecial(java.lang.Object, java.lang.Object, java.lang.Object)'> (0x00000000eaeeeb60) 
thrown [s\src\hotspot\share\interpreter\linkResolver.cpp, line 773]
Event: 5.421 Thread 0x000002429d1f8250 Exception <a 'java/lang/NoSuchMethodError'{0x00000000eb8f9df0}: 'int java.lang.invoke.DirectMethodHandle$Holder.invokeVirtual(java.lang.Object, java.lang.Object)'> (0x00000000eb8f9df0) 
thrown [s\src\hotspot\share\interpreter\linkResolver.cpp, line 773]
Event: 5.468 Thread 0x000002429d1f8250 Exception <a 'sun/nio/fs/WindowsException'{0x00000000eb931450}> (0x00000000eb931450) 
thrown [s\src\hotspot\share\prims\jni.cpp, line 520]
Event: 5.470 Thread 0x000002429d1f8250 Exception <a 'sun/nio/fs/WindowsException'{0x00000000eb938f00}> (0x00000000eb938f00) 
thrown [s\src\hotspot\share\prims\jni.cpp, line 520]
Event: 5.494 Thread 0x000002429d1f8250 Exception <a 'sun/nio/fs/WindowsException'{0x00000000eb97e038}> (0x00000000eb97e038) 
thrown [s\src\hotspot\share\prims\jni.cpp, line 520]
Event: 5.495 Thread 0x000002429d1f8250 Exception <a 'sun/nio/fs/WindowsException'{0x00000000eb97f6c8}> (0x00000000eb97f6c8) 
thrown [s\src\hotspot\share\prims\jni.cpp, line 520]
Event: 5.498 Thread 0x000002429d1f8250 Exception <a 'sun/nio/fs/WindowsException'{0x00000000eb9809a0}> (0x00000000eb9809a0) 
thrown [s\src\hotspot\share\prims\jni.cpp, line 520]
Event: 5.499 Thread 0x000002429d1f8250 Exception <a 'sun/nio/fs/WindowsException'{0x00000000eb981278}> (0x00000000eb981278) 
thrown [s\src\hotspot\share\prims\jni.cpp, line 520]
Event: 5.499 Thread 0x000002429d1f8250 Exception <a 'sun/nio/fs/WindowsException'{0x00000000eb981a10}> (0x00000000eb981a10) 
thrown [s\src\hotspot\share\prims\jni.cpp, line 520]
Event: 5.500 Thread 0x000002429d1f8250 Exception <a 'sun/nio/fs/WindowsException'{0x00000000eb9822e8}> (0x00000000eb9822e8) 
thrown [s\src\hotspot\share\prims\jni.cpp, line 520]
Event: 5.500 Thread 0x000002429d1f8250 Exception <a 'sun/nio/fs/WindowsException'{0x00000000eb982a80}> (0x00000000eb982a80) 
thrown [s\src\hotspot\share\prims\jni.cpp, line 520]
Event: 5.501 Thread 0x000002429d1f8250 Exception <a 'sun/nio/fs/WindowsException'{0x00000000eb983358}> (0x00000000eb983358) 
thrown [s\src\hotspot\share\prims\jni.cpp, line 520]
Event: 5.501 Thread 0x000002429d1f8250 Exception <a 'sun/nio/fs/WindowsException'{0x00000000eb983af0}> (0x00000000eb983af0) 
thrown [s\src\hotspot\share\prims\jni.cpp, line 520]
Event: 5.504 Thread 0x000002429d1f8250 Exception <a 'sun/nio/fs/WindowsException'{0x00000000eb991d48}> (0x00000000eb991d48) 
thrown [s\src\hotspot\share\prims\jni.cpp, line 520]
Event: 5.518 Thread 0x000002429d1f8250 Exception <a 'sun/nio/fs/WindowsException'{0x00000000eb995360}> (0x00000000eb995360) 
thrown [s\src\hotspot\share\prims\jni.cpp, line 520]
Event: 5.526 Thread 0x000002429d1f8250 Exception <a 'sun/nio/fs/WindowsException'{0x00000000eb996638}> (0x00000000eb996638) 
thrown [s\src\hotspot\share\prims\jni.cpp, line 520]
Event: 5.527 Thread 0x000002429d1f8250 Exception <a 'sun/nio/fs/WindowsException'{0x00000000eb99a198}> (0x00000000eb99a198) 
thrown [s\src\hotspot\share\prims\jni.cpp, line 520]
Event: 5.903 Thread 0x000002429d1f8250 Exception <a 'java/lang/NoSuchMethodError'{0x00000000ebf52360}: 'java.lang.Object java.lang.invoke.DirectMethodHandle$Holder.newInvokeSpecial(java.lang.Object, int, java.lang.Object)'> (0x00000000ebf52360) 
thrown [s\src\hotspot\share\interpreter\linkResolver.cpp, line 773]
Event: 5.968 Thread 0x000002429d1f8250 Exception <a 'java/lang/NoSuchMethodError'{0x00000000ec069318}: 'java.lang.Object java.lang.invoke.DirectMethodHandle$Holder.newInvokeSpecial(java.lang.Object, java.lang.Object, java.lang.Object, java.lang.Object, int, java.lang.Object)'> (0x00000000ec069318) 
thrown [s\src\hotspot\share\interpreter\linkResolver.cpp, line 773]

ZGC Phase Switch (0 events):
No events

VM Operations (20 events):
Event: 1.793 Executing VM operation: Cleanup
Event: 1.809 Executing VM operation: Cleanup done
Event: 2.448 Executing VM operation: HandshakeAllThreads (Deoptimize)
Event: 2.448 Executing VM operation: HandshakeAllThreads (Deoptimize) done
Event: 2.555 Executing VM operation: HandshakeAllThreads (Deoptimize)
Event: 2.555 Executing VM operation: HandshakeAllThreads (Deoptimize) done
Event: 3.311 Executing VM operation: HandshakeAllThreads (Deoptimize)
Event: 3.311 Executing VM operation: HandshakeAllThreads (Deoptimize) done
Event: 3.311 Executing VM operation: Cleanup
Event: 3.311 Executing VM operation: Cleanup done
Event: 3.615 Executing VM operation: ParallelGCFailedAllocation (Allocation Failure)
Event: 3.656 Executing VM operation: ParallelGCFailedAllocation (Allocation Failure) done
Event: 4.667 Executing VM operation: Cleanup
Event: 4.668 Executing VM operation: Cleanup done
Event: 5.547 Executing VM operation: HandshakeAllThreads (Deoptimize)
Event: 5.547 Executing VM operation: HandshakeAllThreads (Deoptimize) done
Event: 5.855 Executing VM operation: HandshakeAllThreads (Deoptimize)
Event: 5.855 Executing VM operation: HandshakeAllThreads (Deoptimize) done
Event: 5.855 Executing VM operation: Cleanup
Event: 5.855 Executing VM operation: Cleanup done

Memory protections (0 events):
No events

Nmethod flushes (0 events):
No events

Events (18 events):
Event: 0.119 Thread 0x000002429d1f8250 Thread added: 0x000002429d1f8250
Event: 0.200 Thread 0x000002429d1f8250 Thread added: 0x00000242b3998df0
Event: 0.251 Thread 0x000002429d1f8250 Thread added: 0x00000242b399abb0
Event: 0.307 Thread 0x000002429d1f8250 Thread added: 0x00000242b39a2080
Event: 0.350 Thread 0x000002429d1f8250 Thread added: 0x00000242b39a4be0
Event: 0.356 Thread 0x000002429d1f8250 Thread added: 0x00000242b39a6480
Event: 0.368 Thread 0x000002429d1f8250 Thread added: 0x00000242b39ab220
Event: 0.399 Thread 0x000002429d1f8250 Thread added: 0x00000242b39aeeb0
Event: 0.418 Thread 0x000002429d1f8250 Thread added: 0x00000242b3a18580
Event: 0.488 Thread 0x000002429d1f8250 Thread added: 0x00000242f5798250
Event: 1.689 Thread 0x000002429d1f8250 Thread added: 0x00000242f59ee8a0
Event: 2.157 Thread 0x00000242b3a18580 Thread added: 0x00000242f59f59a0
Event: 2.733 Thread 0x00000242f59f59a0 Thread exited: 0x00000242f59f59a0
Event: 3.021 Thread 0x00000242b3a18580 Thread added: 0x00000242f59f4e80
Event: 3.504 Thread 0x00000242f59f4e80 Thread exited: 0x00000242f59f4e80
Event: 4.327 Thread 0x00000242b3a18580 Thread added: 0x00000242fa6b70f0
Event: 5.717 Thread 0x00000242fa6b70f0 Thread exited: 0x00000242fa6b70f0
Event: 5.828 Thread 0x000002429d1f8250 Thread added: 0x00000242fa1767c0


Dynamic libraries:
0x00007ff612180000 - 0x00007ff61218e000 	c:\Users\palak\.vscode\extensions\redhat.java-1.40.0-win32-x64\jre\21.0.6-win32-x86_64\bin\java.exe
0x00007ffdce740000 - 0x00007ffdce9a3000 	C:\WINDOWS\SYSTEM32\ntdll.dll
0x00007ffdcd950000 - 0x00007ffdcda17000 	C:\WINDOWS\System32\KERNEL32.DLL
0x00007ffdcbee0000 - 0x00007ffdcc2a7000 	C:\WINDOWS\System32\KERNELBASE.dll
0x00007ffdc8c20000 - 0x00007ffdc8cbc000 	C:\WINDOWS\SYSTEM32\apphelp.dll
0x00007ffdcc2b0000 - 0x00007ffdcc3fc000 	C:\WINDOWS\System32\ucrtbase.dll
0x00007ffd91af0000 - 0x00007ffd91b08000 	c:\Users\palak\.vscode\extensions\redhat.java-1.40.0-win32-x64\jre\21.0.6-win32-x86_64\bin\jli.dll
0x00007ffdcdf80000 - 0x00007ffdce149000 	C:\WINDOWS\System32\USER32.dll
0x00007ffdcc4c0000 - 0x00007ffdcc4e7000 	C:\WINDOWS\System32\win32u.dll
0x00007ffdcd2d0000 - 0x00007ffdcd2fa000 	C:\WINDOWS\System32\GDI32.dll
0x00007ffdcbd10000 - 0x00007ffdcbe3b000 	C:\WINDOWS\System32\gdi32full.dll
0x00007ffdcbae0000 - 0x00007ffdcbb83000 	C:\WINDOWS\System32\msvcp_win.dll
0x00007ffd91ad0000 - 0x00007ffd91aee000 	c:\Users\palak\.vscode\extensions\redhat.java-1.40.0-win32-x64\jre\21.0.6-win32-x86_64\bin\VCRUNTIME140.dll
0x00007ffda9da0000 - 0x00007ffdaa030000 	C:\WINDOWS\WinSxS\amd64_microsoft.windows.common-controls_6595b64144ccf1df_6.0.26100.3037_none_3e09262ce333c378\COMCTL32.dll
0x00007ffdcd8a0000 - 0x00007ffdcd949000 	C:\WINDOWS\System32\msvcrt.dll
0x00007ffdce630000 - 0x00007ffdce65f000 	C:\WINDOWS\System32\IMM32.DLL
0x00007ffd98760000 - 0x00007ffd9876c000 	c:\Users\palak\.vscode\extensions\redhat.java-1.40.0-win32-x64\jre\21.0.6-win32-x86_64\bin\vcruntime140_1.dll
0x00007ffd67f40000 - 0x00007ffd67fcd000 	c:\Users\palak\.vscode\extensions\redhat.java-1.40.0-win32-x64\jre\21.0.6-win32-x86_64\bin\msvcp140.dll
0x00007ffd62770000 - 0x00007ffd63500000 	c:\Users\palak\.vscode\extensions\redhat.java-1.40.0-win32-x64\jre\21.0.6-win32-x86_64\bin\server\jvm.dll
0x00007ffdce1d0000 - 0x00007ffdce284000 	C:\WINDOWS\System32\ADVAPI32.dll
0x00007ffdcda20000 - 0x00007ffdcdac6000 	C:\WINDOWS\System32\sechost.dll
0x00007ffdcc680000 - 0x00007ffdcc796000 	C:\WINDOWS\System32\RPCRT4.dll
0x00007ffdce150000 - 0x00007ffdce1c4000 	C:\WINDOWS\System32\WS2_32.dll
0x00007ffdcb970000 - 0x00007ffdcb9be000 	C:\WINDOWS\SYSTEM32\POWRPROF.dll
0x00007ffdc5de0000 - 0x00007ffdc5e16000 	C:\WINDOWS\SYSTEM32\WINMM.dll
0x00007ffdc5e20000 - 0x00007ffdc5e2b000 	C:\WINDOWS\SYSTEM32\VERSION.dll
0x00007ffdcb950000 - 0x00007ffdcb964000 	C:\WINDOWS\SYSTEM32\UMPDC.dll
0x00007ffdca910000 - 0x00007ffdca92a000 	C:\WINDOWS\SYSTEM32\kernel.appcore.dll
0x00007ffd985e0000 - 0x00007ffd985ea000 	c:\Users\palak\.vscode\extensions\redhat.java-1.40.0-win32-x64\jre\21.0.6-win32-x86_64\bin\jimage.dll
0x00007ffdbb180000 - 0x00007ffdbb3c1000 	C:\WINDOWS\SYSTEM32\DBGHELP.DLL
0x00007ffdce290000 - 0x00007ffdce60e000 	C:\WINDOWS\System32\combase.dll
0x00007ffdcd190000 - 0x00007ffdcd266000 	C:\WINDOWS\System32\OLEAUT32.dll
0x00007ffdaa750000 - 0x00007ffdaa789000 	C:\WINDOWS\SYSTEM32\dbgcore.DLL
0x00007ffdcbe40000 - 0x00007ffdcbed9000 	C:\WINDOWS\System32\bcryptPrimitives.dll
0x00007ffd97cd0000 - 0x00007ffd97cdf000 	c:\Users\palak\.vscode\extensions\redhat.java-1.40.0-win32-x64\jre\21.0.6-win32-x86_64\bin\instrument.dll
0x00007ffd918f0000 - 0x00007ffd9190f000 	c:\Users\palak\.vscode\extensions\redhat.java-1.40.0-win32-x64\jre\21.0.6-win32-x86_64\bin\java.dll
0x00007ffdcca80000 - 0x00007ffdcd184000 	C:\WINDOWS\System32\SHELL32.dll
0x00007ffdc97e0000 - 0x00007ffdca017000 	C:\WINDOWS\SYSTEM32\windows.storage.dll
0x00007ffdcc940000 - 0x00007ffdcca29000 	C:\WINDOWS\System32\SHCORE.dll
0x00007ffdcde90000 - 0x00007ffdcdeed000 	C:\WINDOWS\System32\shlwapi.dll
0x00007ffdcb9f0000 - 0x00007ffdcba1e000 	C:\WINDOWS\SYSTEM32\profapi.dll
0x00007ffd8ce70000 - 0x00007ffd8ce88000 	c:\Users\palak\.vscode\extensions\redhat.java-1.40.0-win32-x64\jre\21.0.6-win32-x86_64\bin\zip.dll
0x00007ffd91ac0000 - 0x00007ffd91ad0000 	C:\Users\palak\.vscode\extensions\redhat.java-1.40.0-win32-x64\jre\21.0.6-win32-x86_64\bin\net.dll
0x00007ffdc2ca0000 - 0x00007ffdc2dbe000 	C:\WINDOWS\SYSTEM32\WINHTTP.dll
0x00007ffdcae20000 - 0x00007ffdcae8a000 	C:\WINDOWS\system32\mswsock.dll
0x00007ffd90510000 - 0x00007ffd90526000 	C:\Users\palak\.vscode\extensions\redhat.java-1.40.0-win32-x64\jre\21.0.6-win32-x86_64\bin\nio.dll
0x00007ffd90ef0000 - 0x00007ffd90f00000 	c:\Users\palak\.vscode\extensions\redhat.java-1.40.0-win32-x64\jre\21.0.6-win32-x86_64\bin\verify.dll

dbghelp: loaded successfully - version: 4.0.5 - missing functions: none
symbol engine: initialized successfully - sym options: 0x614 - pdb path: .;c:\Users\palak\.vscode\extensions\redhat.java-1.40.0-win32-x64\jre\21.0.6-win32-x86_64\bin;C:\WINDOWS\SYSTEM32;C:\WINDOWS\WinSxS\amd64_microsoft.windows.common-controls_6595b64144ccf1df_6.0.26100.3037_none_3e09262ce333c378;c:\Users\palak\.vscode\extensions\redhat.java-1.40.0-win32-x64\jre\21.0.6-win32-x86_64\bin\server

VM Arguments:
jvm_args: --add-modules=ALL-SYSTEM --add-opens=java.base/java.util=ALL-UNNAMED --add-opens=java.base/java.lang=ALL-UNNAMED --add-opens=java.base/sun.nio.fs=ALL-UNNAMED -Declipse.application=org.eclipse.jdt.ls.core.id1 -Dosgi.bundles.defaultStartLevel=4 -Declipse.product=org.eclipse.jdt.ls.core.product -Djava.import.generatesMetadataFilesAtProjectRoot=false -DDetectVMInstallationsJob.disabled=true -Dfile.encoding=utf8 -XX:+UseParallelGC -XX:GCTimeRatio=4 -XX:AdaptiveSizePolicyWeight=90 -Dsun.zip.disableMemoryMapping=true -Xmx1G -Xms100m -Xlog:disable -javaagent:c:\Users\palak\.vscode\extensions\redhat.java-1.40.0-win32-x64\lombok\lombok-1.18.36.jar -XX:+HeapDumpOnOutOfMemoryError -XX:HeapDumpPath=c:\Users\palak\AppData\Roaming\Code\User\workspaceStorage\ee148990e97456275c543846b0f27411\redhat.java -Daether.dependencyCollector.impl=bf 
java_command: c:\Users\palak\.vscode\extensions\redhat.java-1.40.0-win32-x64\server\plugins\org.eclipse.equinox.launcher_1.6.1000.v20250131-0606.jar -configuration c:\Users\palak\AppData\Roaming\Code\User\globalStorage\redhat.java\1.40.0\config_win -data c:\Users\palak\AppData\Roaming\Code\User\workspaceStorage\ee148990e97456275c543846b0f27411\redhat.java\jdt_ws --pipe=\\.\pipe\lsp-5c4386e33960668aa668fb249ad80999-sock
java_class_path (initial): c:\Users\palak\.vscode\extensions\redhat.java-1.40.0-win32-x64\server\plugins\org.eclipse.equinox.launcher_1.6.1000.v20250131-0606.jar
Launcher Type: SUN_STANDARD

[Global flags]
    uintx AdaptiveSizePolicyWeight                 = 90                                        {product} {command line}
     intx CICompilerCount                          = 3                                         {product} {ergonomic}
    uintx GCTimeRatio                              = 4                                         {product} {command line}
     bool HeapDumpOnOutOfMemoryError               = true                                   {manageable} {command line}
    ccstr HeapDumpPath                             = c:\Users\palak\AppData\Roaming\Code\User\workspaceStorage\ee148990e97456275c543846b0f27411\redhat.java         {manageable} {command line}
   size_t InitialHeapSize                          = 104857600                                 {product} {command line}
   size_t MaxHeapSize                              = 1073741824                                {product} {command line}
   size_t MaxNewSize                               = 357564416                                 {product} {ergonomic}
   size_t MinHeapDeltaBytes                        = 524288                                    {product} {ergonomic}
   size_t MinHeapSize                              = 104857600                                 {product} {command line}
   size_t NewSize                                  = 34603008                                  {product} {ergonomic}
    uintx NonNMethodCodeHeapSize                   = 5832780                                {pd product} {ergonomic}
    uintx NonProfiledCodeHeapSize                  = 122912730                              {pd product} {ergonomic}
   size_t OldSize                                  = 70254592                                  {product} {ergonomic}
    uintx ProfiledCodeHeapSize                     = 122912730                              {pd product} {ergonomic}
    uintx ReservedCodeCacheSize                    = 251658240                              {pd product} {ergonomic}
     bool SegmentedCodeCache                       = true                                      {product} {ergonomic}
   size_t SoftMaxHeapSize                          = 1073741824                             {manageable} {ergonomic}
     bool UseCompressedOops                        = true                           {product lp64_product} {ergonomic}
     bool UseLargePagesIndividualAllocation        = false                                  {pd product} {ergonomic}
     bool UseParallelGC                            = true                                      {product} {command line}

Logging:
Log output configuration:
 #0: stdout all=off uptime,level,tags foldmultilines=false
 #1: stderr all=off uptime,level,tags foldmultilines=false

Environment Variables:
JAVA_HOME=C:\Users\palak\Downloads\java-21-openjdk-21.0.1.0.12-3.win.jdk.x86_64\java-21-openjdk-21.0.1.0.12-3.win.jdk.x86_64
PATH=C:\Program Files (x86)\Common Files\Oracle\Java\java8path;C:\Program Files (x86)\Common Files\Oracle\Java\javapath;C:\WINDOWS\system32;C:\WINDOWS;C:\WINDOWS\System32\Wbem;C:\WINDOWS\System32\WindowsPowerShell\v1.0\;C:\WINDOWS\System32\OpenSSH\;C:\Users\palak\Downloads\java-21-openjdk-21.0.1.0.12-3.win.jdk.x86_64\java-21-openjdk-21.0.1.0.12-3.win.jdk.x86_64\bin;C:\Users\palak\Downloads\apache-maven-3.9.8-bin\bin;c:\users\palak\appdata\local\packages\pythonsoftwarefoundation.python.3.11_qbz5n2kfra8p0\localcache\local-packages\python311\site-packages;C:\ProgramData\chocolatey\bin;C:\Program Files\nodejs\;C:\Users\palak\AppData\Local\Programs\Python\Python312\Scripts;C:\Program Files\Git\cmd;C:\Users\palak\Downloads\flutter_windows_3.27.3-stable\flutter\bin;C:\Users\palak\AppData\Local\Android\Sdk\cmdline-tools\latest\bin;C:\Users\palak\AppData\Local\Android\Sdk\platform-tools;C:\ffmpeg;C:\Program Files\MongoDB\Server\8.0\bin;C:\Users\palak\AppData\Local\Programs\Python\Python313\Scripts\;C:\Users\palak\AppData\Local\Programs\Python\Python313\;C:\Users\palak\AppData\Local\Programs\Python\Python312\Scripts\;C:\Users\palak\AppData\Local\Programs\Python\Python312\;C:\Users\palak\AppData\Local\Programs\Python\Launcher\;C:\Program Files\MySQL\MySQL Shell 8.0\bin\;C:\Users\palak\AppData\Local\Microsoft\WindowsApps;C:\Users\palak\AppData\Local\Programs\Microsoft VS Code\bin;C:\Program Files\JetBrains\IntelliJ IDEA Community Edition 2023.3.3\bin;C:\Users\palak\AppData\Local\JetBrains\CLion 2023.3.4\bin;C:\Program Files\JetBrains\PyCharm 2024.1.2\bin;C:\Program Files\JetBrains\PyCharm Community Edition 2024.1.4\bin;C:\Users\palak\AppData\Local\JetBrains\Toolbox\scripts;C:\Users\palak\AppData\Roaming\npm;C:\Users\palak\AppData\Local\GitHubDesktop\bin;C:\Users\palak\AppData\Local\Microsoft\WindowsApps;
USERNAME=palak
OS=Windows_NT
PROCESSOR_IDENTIFIER=AMD64 Family 23 Model 24 Stepping 1, AuthenticAMD
TMP=C:\Users\palak\AppData\Local\Temp
TEMP=C:\Users\palak\AppData\Local\Temp




Periodic native trim disabled

---------------  S Y S T E M  ---------------

OS:
 Windows 11 , 64 bit Build 26100 (10.0.26100.3037)
OS uptime: 0 days 0:57 hours

CPU: total 4 (initial active 4) (4 cores per cpu, 2 threads per core) family 23 model 24 stepping 1 microcode 0x8108109, cx8, cmov, fxsr, ht, mmx, 3dnowpref, sse, sse2, sse3, ssse3, sse4a, sse4.1, sse4.2, popcnt, lzcnt, tsc, tscinvbit, avx, avx2, aes, clmul, bmi1, bmi2, adx, sha, fma, vzeroupper, clflush, clflushopt, rdtscp, f16c
Processor Information for the first 4 processors :
  Max Mhz: 2600, Current Mhz: 2600, Mhz Limit: 2600

Memory: 4k page, system-wide physical 6086M (476M free)
TotalPageFile size 14278M (AvailPageFile size 6M)
current process WorkingSet (physical memory assigned to process): 90M, peak: 91M
current process commit charge ("private bytes"): 194M, peak: 195M

vm_info: OpenJDK 64-Bit Server VM (21.0.6+7-LTS) for windows-amd64 JRE (21.0.6+7-LTS), built on 2025-01-21T00:00:00Z by "admin" with MS VC++ 17.7 (VS2022)

END.
