#
# There is insufficient memory for the Java Runtime Environment to continue.
# Native memory allocation (malloc) failed to allocate 65552 bytes. Error detail: Chunk::new
# Possible reasons:
#   The system is out of physical RAM or swap space
#   This process is running with CompressedOops enabled, and the Java Heap may be blocking the growth of the native heap
# Possible solutions:
#   Reduce memory load on the system
#   Increase physical memory or swap space
#   Check if swap backing store is full
#   Decrease Java heap size (-Xmx/-Xms)
#   Decrease number of Java threads
#   Decrease Java thread stack sizes (-Xss)
#   Set larger code cache with -XX:ReservedCodeCacheSize=
#   JVM is running with Unscaled Compressed Oops mode in which the Java heap is
#     placed in the first 4GB address space. The Java Heap base address is the
#     maximum limit for the native heap growth. Please use -XX:HeapBaseMinAddress
#     to set the Java Heap base and to place the Java Heap above 4GB virtual address.
# This output file may be truncated or incomplete.
#
#  Out of Memory Error (arena.cpp:168), pid=11856, tid=3336
#
# JRE version: OpenJDK Runtime Environment Temurin-21.0.6+7 (21.0.6+7) (build 21.0.6+7-LTS)
# Java VM: OpenJDK 64-Bit Server VM Temurin-21.0.6+7 (21.0.6+7-LTS, mixed mode, sharing, tiered, compressed oops, compressed class ptrs, parallel gc, windows-amd64)
# No core dump will be written. Minidumps are not enabled by default on client versions of Windows
#

---------------  S U M M A R Y ------------

Command Line: --add-modules=ALL-SYSTEM --add-opens=java.base/java.util=ALL-UNNAMED --add-opens=java.base/java.lang=ALL-UNNAMED --add-opens=java.base/sun.nio.fs=ALL-UNNAMED -Declipse.application=org.eclipse.jdt.ls.core.id1 -Dosgi.bundles.defaultStartLevel=4 -Declipse.product=org.eclipse.jdt.ls.core.product -Djava.import.generatesMetadataFilesAtProjectRoot=false -DDetectVMInstallationsJob.disabled=true -Dfile.encoding=utf8 -XX:+UseParallelGC -XX:GCTimeRatio=4 -XX:AdaptiveSizePolicyWeight=90 -Dsun.zip.disableMemoryMapping=true -Xmx1G -Xms100m -Xlog:disable -javaagent:c:\Users\palak\.vscode\extensions\redhat.java-1.40.0-win32-x64\lombok\lombok-1.18.36.jar -XX:+HeapDumpOnOutOfMemoryError -XX:HeapDumpPath=c:\Users\palak\AppData\Roaming\Code\User\workspaceStorage\ee148990e97456275c543846b0f27411\redhat.java -Daether.dependencyCollector.impl=bf c:\Users\palak\.vscode\extensions\redhat.java-1.40.0-win32-x64\server\plugins\org.eclipse.equinox.launcher_1.6.1000.v20250131-0606.jar -configuration c:\Users\palak\AppData\Roaming\Code\User\globalStorage\redhat.java\1.40.0\config_win -data c:\Users\palak\AppData\Roaming\Code\User\workspaceStorage\ee148990e97456275c543846b0f27411\redhat.java\jdt_ws --pipe=\\.\pipe\lsp-43304cada6e11e0e62e5d0e41648746b-sock

Host: AMD Ryzen 3 3250U with Radeon Graphics         , 4 cores, 5G,  Windows 11 , 64 bit Build 26100 (10.0.26100.3037)
Time: Sat Mar 15 12:20:02 2025 India Standard Time elapsed time: 38.705785 seconds (0d 0h 0m 38s)

---------------  T H R E A D  ---------------

Current thread (0x00000240fa821980):  JavaThread "C2 CompilerThread1" daemon [_thread_in_native, id=3336, stack(0x0000009032900000,0x0000009032a00000) (1024K)]


Current CompileTask:
C2:38705 7529   !   4       org.eclipse.jdt.internal.core.util.DeduplicationUtil::intern (149 bytes)

Stack: [0x0000009032900000,0x0000009032a00000]
Native frames: (J=compiled Java code, j=interpreted, Vv=VM code, C=native code)
V  [jvm.dll+0x6cdee9]
V  [jvm.dll+0x8a83d1]
V  [jvm.dll+0x8aa8fe]
V  [jvm.dll+0x8aafe3]
V  [jvm.dll+0x27f706]
V  [jvm.dll+0xc500d]
V  [jvm.dll+0xc5543]
V  [jvm.dll+0xc5135]
V  [jvm.dll+0x6f51df]
V  [jvm.dll+0x6de467]
V  [jvm.dll+0x6dda9e]
V  [jvm.dll+0x1ca62c]
V  [jvm.dll+0x1cb1ac]
V  [jvm.dll+0x1cb1ac]
V  [jvm.dll+0x2f1cdc]
V  [jvm.dll+0x6e8512]
V  [jvm.dll+0x6e0503]
V  [jvm.dll+0x6dfc1e]
V  [jvm.dll+0x6ddd0c]
V  [jvm.dll+0x1ca62c]
V  [jvm.dll+0x1cb1ac]
V  [jvm.dll+0x2f1cdc]
V  [jvm.dll+0x6e8512]
V  [jvm.dll+0x6e0503]
V  [jvm.dll+0x6dfc1e]
V  [jvm.dll+0x6ddd0c]
V  [jvm.dll+0x1ca62c]
V  [jvm.dll+0x1cb1ac]
V  [jvm.dll+0x1cb1ac]
V  [jvm.dll+0x2f1cdc]
V  [jvm.dll+0x6e8512]
V  [jvm.dll+0x6e0503]
V  [jvm.dll+0x6dfc1e]
V  [jvm.dll+0x6ddd0c]
V  [jvm.dll+0x1ca62c]
V  [jvm.dll+0x1cb1ac]
V  [jvm.dll+0x2f1cdc]
V  [jvm.dll+0x6e8512]
V  [jvm.dll+0x6e0503]
V  [jvm.dll+0x6dfc1e]
V  [jvm.dll+0x6ddd0c]
V  [jvm.dll+0x1ca62c]
V  [jvm.dll+0x246b3e]
V  [jvm.dll+0x1c75ee]
V  [jvm.dll+0x25685a]
V  [jvm.dll+0x254dfa]
V  [jvm.dll+0x3f0256]
V  [jvm.dll+0x851f8b]
V  [jvm.dll+0x6cc5ed]
C  [ucrtbase.dll+0x37b0]
C  [KERNEL32.DLL+0x2e8d7]
C  [ntdll.dll+0xbbf2c]


---------------  P R O C E S S  ---------------

Threads class SMR info:
_java_thread_list=0x00000240fcf39870, length=36, elements={
0x00000240edbccc80, 0x00000240effab950, 0x00000240effadfb0, 0x00000240f5222ab0,
0x00000240f5223700, 0x00000240f5225940, 0x00000240f522cf30, 0x00000240f5231400,
0x00000240f529ff70, 0x00000240eff63810, 0x00000240fa27dd50, 0x00000240fa8876f0,
0x00000240faacf100, 0x00000240fa9f2900, 0x00000240fa9f2f60, 0x00000240fab23140,
0x00000240fa983c60, 0x00000240fa3ef8d0, 0x00000240fa3f1310, 0x00000240fa3eff60,
0x00000240fa3f05f0, 0x00000240fa3ee520, 0x00000240fa3f0c80, 0x00000240fa3f19a0,
0x00000240fa3eebb0, 0x00000240fdef9ce0, 0x00000240fdef9650, 0x00000240fdef7580,
0x00000240fdefa370, 0x00000240fdefaa00, 0x00000240fdef82a0, 0x00000240fdef8fc0,
0x00000240fb8c44e0, 0x00000240fb8c1d80, 0x00000240fa821980, 0x00000240fb8c3130
}

Java Threads: ( => current thread )
  0x00000240edbccc80 JavaThread "main"                              [_thread_blocked, id=2632, stack(0x0000009030800000,0x0000009030900000) (1024K)]
  0x00000240effab950 JavaThread "Reference Handler"          daemon [_thread_blocked, id=17140, stack(0x0000009030c00000,0x0000009030d00000) (1024K)]
  0x00000240effadfb0 JavaThread "Finalizer"                  daemon [_thread_blocked, id=18016, stack(0x0000009030d00000,0x0000009030e00000) (1024K)]
  0x00000240f5222ab0 JavaThread "Signal Dispatcher"          daemon [_thread_blocked, id=20076, stack(0x0000009030e00000,0x0000009030f00000) (1024K)]
  0x00000240f5223700 JavaThread "Attach Listener"            daemon [_thread_blocked, id=15964, stack(0x0000009030f00000,0x0000009031000000) (1024K)]
  0x00000240f5225940 JavaThread "Service Thread"             daemon [_thread_blocked, id=10008, stack(0x0000009031000000,0x0000009031100000) (1024K)]
  0x00000240f522cf30 JavaThread "Monitor Deflation Thread"   daemon [_thread_blocked, id=7524, stack(0x0000009031100000,0x0000009031200000) (1024K)]
  0x00000240f5231400 JavaThread "C2 CompilerThread0"         daemon [_thread_in_native, id=10316, stack(0x0000009031200000,0x0000009031300000) (1024K)]
  0x00000240f529ff70 JavaThread "C1 CompilerThread0"         daemon [_thread_blocked, id=23324, stack(0x0000009031300000,0x0000009031400000) (1024K)]
  0x00000240eff63810 JavaThread "Common-Cleaner"             daemon [_thread_blocked, id=21960, stack(0x0000009031400000,0x0000009031500000) (1024K)]
  0x00000240fa27dd50 JavaThread "Notification Thread"        daemon [_thread_blocked, id=21820, stack(0x0000009031500000,0x0000009031600000) (1024K)]
  0x00000240fa8876f0 JavaThread "Active Thread: Equinox Container: ef475ed5-0b48-4611-a736-124ce87c4fe8"        [_thread_blocked, id=17148, stack(0x0000009031900000,0x0000009031a00000) (1024K)]
  0x00000240faacf100 JavaThread "Refresh Thread: Equinox Container: ef475ed5-0b48-4611-a736-124ce87c4fe8" daemon [_thread_blocked, id=21044, stack(0x0000009031a00000,0x0000009031b00000) (1024K)]
  0x00000240fa9f2900 JavaThread "Framework Event Dispatcher: Equinox Container: ef475ed5-0b48-4611-a736-124ce87c4fe8" daemon [_thread_blocked, id=6488, stack(0x0000009031b00000,0x0000009031c00000) (1024K)]
  0x00000240fa9f2f60 JavaThread "Start Level: Equinox Container: ef475ed5-0b48-4611-a736-124ce87c4fe8" daemon [_thread_blocked, id=23016, stack(0x0000009031c00000,0x0000009031d00000) (1024K)]
  0x00000240fab23140 JavaThread "Bundle File Closer"         daemon [_thread_blocked, id=17088, stack(0x0000009031d00000,0x0000009031e00000) (1024K)]
  0x00000240fa983c60 JavaThread "SCR Component Actor"        daemon [_thread_blocked, id=11828, stack(0x0000009031e00000,0x0000009031f00000) (1024K)]
  0x00000240fa3ef8d0 JavaThread "Worker-JM"                         [_thread_blocked, id=5492, stack(0x0000009032000000,0x0000009032100000) (1024K)]
  0x00000240fa3f1310 JavaThread "JNA Cleaner"                daemon [_thread_blocked, id=1484, stack(0x0000009032100000,0x0000009032200000) (1024K)]
  0x00000240fa3eff60 JavaThread "Worker-0: Initialize After Load"        [_thread_in_Java, id=824, stack(0x0000009032200000,0x0000009032300000) (1024K)]
  0x00000240fa3f05f0 JavaThread "Worker-1"                          [_thread_blocked, id=20848, stack(0x0000009032300000,0x0000009032400000) (1024K)]
  0x00000240fa3ee520 JavaThread "Worker-2"                          [_thread_blocked, id=11648, stack(0x0000009032400000,0x0000009032500000) (1024K)]
  0x00000240fa3f0c80 JavaThread "Java indexing"              daemon [_thread_in_native, id=19444, stack(0x0000009032600000,0x0000009032700000) (1024K)]
  0x00000240fa3f19a0 JavaThread "Worker-3"                          [_thread_blocked, id=18868, stack(0x0000009032700000,0x0000009032800000) (1024K)]
  0x00000240fa3eebb0 JavaThread "Worker-4: Java indexing... "        [_thread_blocked, id=18396, stack(0x0000009032800000,0x0000009032900000) (1024K)]
  0x00000240fdef9ce0 JavaThread "Thread-2"                   daemon [_thread_in_native, id=15500, stack(0x0000009032a00000,0x0000009032b00000) (1024K)]
  0x00000240fdef9650 JavaThread "Thread-3"                   daemon [_thread_in_native, id=19812, stack(0x0000009032b00000,0x0000009032c00000) (1024K)]
  0x00000240fdef7580 JavaThread "Thread-4"                   daemon [_thread_in_native, id=22272, stack(0x0000009032c00000,0x0000009032d00000) (1024K)]
  0x00000240fdefa370 JavaThread "Thread-5"                   daemon [_thread_in_native, id=4240, stack(0x0000009032d00000,0x0000009032e00000) (1024K)]
  0x00000240fdefaa00 JavaThread "Thread-6"                   daemon [_thread_in_native, id=20068, stack(0x0000009032e00000,0x0000009032f00000) (1024K)]
  0x00000240fdef82a0 JavaThread "pool-2-thread-1"                   [_thread_blocked, id=13536, stack(0x0000009032f00000,0x0000009033000000) (1024K)]
  0x00000240fdef8fc0 JavaThread "Worker-5"                          [_thread_blocked, id=17144, stack(0x0000009033000000,0x0000009033100000) (1024K)]
  0x00000240fb8c44e0 JavaThread "WorkspaceEventsHandler"            [_thread_blocked, id=15932, stack(0x0000009033100000,0x0000009033200000) (1024K)]
  0x00000240fb8c1d80 JavaThread "pool-1-thread-1"                   [_thread_blocked, id=21252, stack(0x0000009033200000,0x0000009033300000) (1024K)]
=>0x00000240fa821980 JavaThread "C2 CompilerThread1"         daemon [_thread_in_native, id=3336, stack(0x0000009032900000,0x0000009032a00000) (1024K)]
  0x00000240fb8c3130 JavaThread "Keep-Alive-Timer"           daemon [_thread_blocked, id=4576, stack(0x0000009033400000,0x0000009033500000) (1024K)]
Total: 36

Other Threads:
  0x00000240f521f4f0 VMThread "VM Thread"                           [id=17296, stack(0x0000009030b00000,0x0000009030c00000) (1024K)]
  0x00000240f51bca10 WatcherThread "VM Periodic Task Thread"        [id=12756, stack(0x0000009030a00000,0x0000009030b00000) (1024K)]
  0x00000240eff12c20 WorkerThread "GC Thread#0"                     [id=20552, stack(0x0000009030900000,0x0000009030a00000) (1024K)]
  0x00000240fa60dea0 WorkerThread "GC Thread#1"                     [id=20996, stack(0x0000009031600000,0x0000009031700000) (1024K)]
  0x00000240fa60e240 WorkerThread "GC Thread#2"                     [id=15124, stack(0x0000009031700000,0x0000009031800000) (1024K)]
  0x00000240fa60db00 WorkerThread "GC Thread#3"                     [id=17908, stack(0x0000009031800000,0x0000009031900000) (1024K)]
Total: 6

Threads with active compile tasks:
C2 CompilerThread0  38782 7533       4       jdk.internal.jimage.ImageReader$SharedImageReader::visitLocation (73 bytes)
C2 CompilerThread1  38782 7529   !   4       org.eclipse.jdt.internal.core.util.DeduplicationUtil::intern (149 bytes)
Total: 2

VM state: not at safepoint (normal execution)

VM Mutex/Monitor currently owned by a thread: None

Heap address: 0x00000000c0000000, size: 1024 MB, Compressed Oops mode: 32-bit

CDS archive(s) mapped at: [0x000002408f000000-0x000002408fba0000-0x000002408fba0000), size 12189696, SharedBaseAddress: 0x000002408f000000, ArchiveRelocationMode: 1.
Compressed class space mapped at: 0x0000024090000000-0x00000240d0000000, reserved size: 1073741824
Narrow klass base: 0x000002408f000000, Narrow klass shift: 0, Narrow klass range: 0x100000000

GC Precious Log:
 CardTable entry size: 512
 CPUs: 4 total, 4 available
 Memory: 6086M
 Large Page Support: Disabled
 NUMA Support: Disabled
 Compressed Oops: Enabled (32-bit)
 Alignments: Space 512K, Generation 512K, Heap 2M
 Heap Min Capacity: 100M
 Heap Initial Capacity: 100M
 Heap Max Capacity: 1G
 Pre-touch: Disabled
 Parallel Workers: 4

Heap:
 PSYoungGen      total 17408K, used 13490K [0x00000000eab00000, 0x00000000ebe80000, 0x0000000100000000)
  eden space 16384K, 76% used [0x00000000eab00000,0x00000000eb72cb88,0x00000000ebb00000)
  from space 1024K, 100% used [0x00000000ebd80000,0x00000000ebe80000,0x00000000ebe80000)
  to   space 1536K, 0% used [0x00000000ebc00000,0x00000000ebc00000,0x00000000ebd80000)
 ParOldGen       total 68608K, used 42478K [0x00000000c0000000, 0x00000000c4300000, 0x00000000eab00000)
  object space 68608K, 61% used [0x00000000c0000000,0x00000000c297b9b8,0x00000000c4300000)
 Metaspace       used 51070K, committed 52352K, reserved 1114112K
  class space    used 5454K, committed 6016K, reserved 1048576K

Card table byte_map: [0x00000240ef890000,0x00000240efaa0000] _byte_map_base: 0x00000240ef290000

Marking Bits: (ParMarkBitMap*) 0x00007ffd57013260
 Begin Bits: [0x00000240f30e0000, 0x00000240f40e0000)
 End Bits:   [0x00000240f40e0000, 0x00000240f50e0000)

Polling page: 0x00000240edf20000

Metaspace:

Usage:
  Non-class:     44.55 MB used.
      Class:      5.33 MB used.
       Both:     49.87 MB used.

Virtual space:
  Non-class space:       64.00 MB reserved,      45.25 MB ( 71%) committed,  1 nodes.
      Class space:        1.00 GB reserved,       5.88 MB ( <1%) committed,  1 nodes.
             Both:        1.06 GB reserved,      51.12 MB (  5%) committed. 

Chunk freelists:
   Non-Class:  2.17 MB
       Class:  10.04 MB
        Both:  12.21 MB

MaxMetaspaceSize: unlimited
CompressedClassSpaceSize: 1.00 GB
Initial GC threshold: 21.00 MB
Current GC threshold: 58.38 MB
CDS: on
 - commit_granule_bytes: 65536.
 - commit_granule_words: 8192.
 - virtual_space_node_default_size: 8388608.
 - enlarge_chunks_in_place: 1.
 - use_allocation_guard: 0.


Internal statistics:

num_allocs_failed_limit: 6.
num_arena_births: 954.
num_arena_deaths: 14.
num_vsnodes_births: 2.
num_vsnodes_deaths: 0.
num_space_committed: 818.
num_space_uncommitted: 0.
num_chunks_returned_to_freelist: 20.
num_chunks_taken_from_freelist: 3179.
num_chunk_merges: 12.
num_chunk_splits: 1896.
num_chunks_enlarged: 992.
num_inconsistent_stats: 0.

CodeHeap 'non-profiled nmethods': size=120000Kb used=4139Kb max_used=4139Kb free=115860Kb
 bounds [0x0000024087ad0000, 0x0000024087ee0000, 0x000002408f000000]
CodeHeap 'profiled nmethods': size=120000Kb used=14472Kb max_used=14472Kb free=105527Kb
 bounds [0x0000024080000000, 0x0000024080e30000, 0x0000024087530000]
CodeHeap 'non-nmethods': size=5760Kb used=1406Kb max_used=1489Kb free=4353Kb
 bounds [0x0000024087530000, 0x00000240877a0000, 0x0000024087ad0000]
 total_blobs=7620 nmethods=6910 adapters=616
 compilation: enabled
              stopped_count=0, restarted_count=0
 full_count=0

Compilation events (20 events):
Event: 38.619 Thread 0x00000240fa821980 7524       4       java.util.Collection::stream (11 bytes)
Event: 38.623 Thread 0x00000240fa821980 nmethod 7524 0x0000024087ed5b10 code [0x0000024087ed5cc0, 0x0000024087ed5f38]
Event: 38.626 Thread 0x00000240f529ff70 7525       3       sun.nio.fs.WindowsPath::hashCode (52 bytes)
Event: 38.627 Thread 0x00000240f529ff70 nmethod 7525 0x0000024080e14690 code [0x0000024080e148e0, 0x0000024080e15240]
Event: 38.658 Thread 0x00000240f529ff70 7526       3       java.util.ArrayDeque::addFirst (51 bytes)
Event: 38.659 Thread 0x00000240fa821980 7527       4       java.util.stream.ReferencePipeline::map (26 bytes)
Event: 38.659 Thread 0x00000240f529ff70 nmethod 7526 0x0000024080e15610 code [0x0000024080e15800, 0x0000024080e15c70]
Event: 38.660 Thread 0x00000240f529ff70 7528 %     3       org.eclipse.jdt.internal.core.util.MementoTokenizer::escape @ 10 (195 bytes)
Event: 38.661 Thread 0x00000240f529ff70 nmethod 7528% 0x0000024080e15e10 code [0x0000024080e16060, 0x0000024080e16bc0]
Event: 38.662 Thread 0x00000240fa821980 nmethod 7527 0x0000024087ed6190 code [0x0000024087ed6320, 0x0000024087ed64d8]
Event: 38.670 Thread 0x00000240fa821980 7529   !   4       org.eclipse.jdt.internal.core.util.DeduplicationUtil::intern (149 bytes)
Event: 38.670 Thread 0x00000240f529ff70 7531       3       org.eclipse.jdt.internal.core.JavaProject::getPerProjectInfo (11 bytes)
Event: 38.671 Thread 0x00000240f529ff70 nmethod 7531 0x0000024080e17090 code [0x0000024080e17240, 0x0000024080e17418]
Event: 38.671 Thread 0x00000240f529ff70 7532       3       org.eclipse.jdt.internal.core.JavaModelManager::getPerProjectInfoCheckExistence (38 bytes)
Event: 38.672 Thread 0x00000240f529ff70 nmethod 7532 0x0000024080e17510 code [0x0000024080e17760, 0x0000024080e17fb0]
Event: 38.677 Thread 0x00000240f529ff70 7535       3       java.util.Arrays::equals (43 bytes)
Event: 38.677 Thread 0x00000240f529ff70 nmethod 7535 0x0000024080e18290 code [0x0000024080e18460, 0x0000024080e18728]
Event: 38.677 Thread 0x00000240f529ff70 7536       3       org.eclipse.jdt.internal.core.JavaElement::getElementInfo (18 bytes)
Event: 38.678 Thread 0x00000240f529ff70 nmethod 7536 0x0000024080e18810 code [0x0000024080e189e0, 0x0000024080e18c80]
Event: 38.678 Thread 0x00000240f529ff70 7537       3       lombok.launch.PatchFixesHider$Delegate::isDelegateSourceMethod (21 bytes)

GC Heap History (20 events):
Event: 35.205 GC heap before
{Heap before GC invocations=19 (full 2):
 PSYoungGen      total 21504K, used 21499K [0x00000000eab00000, 0x00000000ecb80000, 0x0000000100000000)
  eden space 20480K, 99% used [0x00000000eab00000,0x00000000ebefee58,0x00000000ebf00000)
  from space 1024K, 100% used [0x00000000ec480000,0x00000000ec580000,0x00000000ec580000)
  to   space 5632K, 0% used [0x00000000ebf00000,0x00000000ebf00000,0x00000000ec480000)
 ParOldGen       total 68608K, used 23375K [0x00000000c0000000, 0x00000000c4300000, 0x00000000eab00000)
  object space 68608K, 34% used [0x00000000c0000000,0x00000000c16d3da0,0x00000000c4300000)
 Metaspace       used 45659K, committed 46912K, reserved 1114112K
  class space    used 4822K, committed 5376K, reserved 1048576K
}
Event: 35.211 GC heap after
{Heap after GC invocations=19 (full 2):
 PSYoungGen      total 23040K, used 2239K [0x00000000eab00000, 0x00000000ec600000, 0x0000000100000000)
  eden space 20480K, 0% used [0x00000000eab00000,0x00000000eab00000,0x00000000ebf00000)
  from space 2560K, 87% used [0x00000000ebf00000,0x00000000ec12ff00,0x00000000ec180000)
  to   space 3584K, 0% used [0x00000000ec280000,0x00000000ec280000,0x00000000ec600000)
 ParOldGen       total 68608K, used 24391K [0x00000000c0000000, 0x00000000c4300000, 0x00000000eab00000)
  object space 68608K, 35% used [0x00000000c0000000,0x00000000c17d1da0,0x00000000c4300000)
 Metaspace       used 45659K, committed 46912K, reserved 1114112K
  class space    used 4822K, committed 5376K, reserved 1048576K
}
Event: 35.784 GC heap before
{Heap before GC invocations=20 (full 2):
 PSYoungGen      total 23040K, used 22719K [0x00000000eab00000, 0x00000000ec600000, 0x0000000100000000)
  eden space 20480K, 100% used [0x00000000eab00000,0x00000000ebf00000,0x00000000ebf00000)
  from space 2560K, 87% used [0x00000000ebf00000,0x00000000ec12ff00,0x00000000ec180000)
  to   space 3584K, 0% used [0x00000000ec280000,0x00000000ec280000,0x00000000ec600000)
 ParOldGen       total 68608K, used 24391K [0x00000000c0000000, 0x00000000c4300000, 0x00000000eab00000)
  object space 68608K, 35% used [0x00000000c0000000,0x00000000c17d1da0,0x00000000c4300000)
 Metaspace       used 48015K, committed 49216K, reserved 1114112K
  class space    used 5104K, committed 5632K, reserved 1048576K
}
Event: 35.790 GC heap after
{Heap after GC invocations=20 (full 2):
 PSYoungGen      total 22528K, used 1913K [0x00000000eab00000, 0x00000000ec480000, 0x0000000100000000)
  eden space 20480K, 0% used [0x00000000eab00000,0x00000000eab00000,0x00000000ebf00000)
  from space 2048K, 93% used [0x00000000ec280000,0x00000000ec45e470,0x00000000ec480000)
  to   space 2560K, 0% used [0x00000000ebf80000,0x00000000ebf80000,0x00000000ec200000)
 ParOldGen       total 68608K, used 26444K [0x00000000c0000000, 0x00000000c4300000, 0x00000000eab00000)
  object space 68608K, 38% used [0x00000000c0000000,0x00000000c19d32e0,0x00000000c4300000)
 Metaspace       used 48015K, committed 49216K, reserved 1114112K
  class space    used 5104K, committed 5632K, reserved 1048576K
}
Event: 36.387 GC heap before
{Heap before GC invocations=21 (full 2):
 PSYoungGen      total 22528K, used 22393K [0x00000000eab00000, 0x00000000ec480000, 0x0000000100000000)
  eden space 20480K, 100% used [0x00000000eab00000,0x00000000ebf00000,0x00000000ebf00000)
  from space 2048K, 93% used [0x00000000ec280000,0x00000000ec45e470,0x00000000ec480000)
  to   space 2560K, 0% used [0x00000000ebf80000,0x00000000ebf80000,0x00000000ec200000)
 ParOldGen       total 68608K, used 26444K [0x00000000c0000000, 0x00000000c4300000, 0x00000000eab00000)
  object space 68608K, 38% used [0x00000000c0000000,0x00000000c19d32e0,0x00000000c4300000)
 Metaspace       used 49175K, committed 50432K, reserved 1114112K
  class space    used 5222K, committed 5760K, reserved 1048576K
}
Event: 36.396 GC heap after
{Heap after GC invocations=21 (full 2):
 PSYoungGen      total 22528K, used 1760K [0x00000000eab00000, 0x00000000ec300000, 0x0000000100000000)
  eden space 20480K, 0% used [0x00000000eab00000,0x00000000eab00000,0x00000000ebf00000)
  from space 2048K, 85% used [0x00000000ebf80000,0x00000000ec138030,0x00000000ec180000)
  to   space 1536K, 0% used [0x00000000ec180000,0x00000000ec180000,0x00000000ec300000)
 ParOldGen       total 68608K, used 28268K [0x00000000c0000000, 0x00000000c4300000, 0x00000000eab00000)
  object space 68608K, 41% used [0x00000000c0000000,0x00000000c1b9b190,0x00000000c4300000)
 Metaspace       used 49175K, committed 50432K, reserved 1114112K
  class space    used 5222K, committed 5760K, reserved 1048576K
}
Event: 36.798 GC heap before
{Heap before GC invocations=22 (full 2):
 PSYoungGen      total 22528K, used 22240K [0x00000000eab00000, 0x00000000ec300000, 0x0000000100000000)
  eden space 20480K, 100% used [0x00000000eab00000,0x00000000ebf00000,0x00000000ebf00000)
  from space 2048K, 85% used [0x00000000ebf80000,0x00000000ec138030,0x00000000ec180000)
  to   space 1536K, 0% used [0x00000000ec180000,0x00000000ec180000,0x00000000ec300000)
 ParOldGen       total 68608K, used 28268K [0x00000000c0000000, 0x00000000c4300000, 0x00000000eab00000)
  object space 68608K, 41% used [0x00000000c0000000,0x00000000c1b9b190,0x00000000c4300000)
 Metaspace       used 49669K, committed 50944K, reserved 1114112K
  class space    used 5269K, committed 5824K, reserved 1048576K
}
Event: 36.806 GC heap after
{Heap after GC invocations=22 (full 2):
 PSYoungGen      total 17920K, used 1520K [0x00000000eab00000, 0x00000000ecc00000, 0x0000000100000000)
  eden space 16384K, 0% used [0x00000000eab00000,0x00000000eab00000,0x00000000ebb00000)
  from space 1536K, 98% used [0x00000000ec180000,0x00000000ec2fc030,0x00000000ec300000)
  to   space 6656K, 0% used [0x00000000ebb00000,0x00000000ebb00000,0x00000000ec180000)
 ParOldGen       total 68608K, used 32403K [0x00000000c0000000, 0x00000000c4300000, 0x00000000eab00000)
  object space 68608K, 47% used [0x00000000c0000000,0x00000000c1fa4f28,0x00000000c4300000)
 Metaspace       used 49669K, committed 50944K, reserved 1114112K
  class space    used 5269K, committed 5824K, reserved 1048576K
}
Event: 37.236 GC heap before
{Heap before GC invocations=23 (full 2):
 PSYoungGen      total 17920K, used 17904K [0x00000000eab00000, 0x00000000ecc00000, 0x0000000100000000)
  eden space 16384K, 100% used [0x00000000eab00000,0x00000000ebb00000,0x00000000ebb00000)
  from space 1536K, 98% used [0x00000000ec180000,0x00000000ec2fc030,0x00000000ec300000)
  to   space 6656K, 0% used [0x00000000ebb00000,0x00000000ebb00000,0x00000000ec180000)
 ParOldGen       total 68608K, used 32403K [0x00000000c0000000, 0x00000000c4300000, 0x00000000eab00000)
  object space 68608K, 47% used [0x00000000c0000000,0x00000000c1fa4f28,0x00000000c4300000)
 Metaspace       used 50366K, committed 51584K, reserved 1114112K
  class space    used 5361K, committed 5888K, reserved 1048576K
}
Event: 37.246 GC heap after
{Heap after GC invocations=23 (full 2):
 PSYoungGen      total 18432K, used 1634K [0x00000000eab00000, 0x00000000ec200000, 0x0000000100000000)
  eden space 16384K, 0% used [0x00000000eab00000,0x00000000eab00000,0x00000000ebb00000)
  from space 2048K, 79% used [0x00000000ebb00000,0x00000000ebc98800,0x00000000ebd00000)
  to   space 3584K, 0% used [0x00000000ebe80000,0x00000000ebe80000,0x00000000ec200000)
 ParOldGen       total 68608K, used 33947K [0x00000000c0000000, 0x00000000c4300000, 0x00000000eab00000)
  object space 68608K, 49% used [0x00000000c0000000,0x00000000c2126f58,0x00000000c4300000)
 Metaspace       used 50366K, committed 51584K, reserved 1114112K
  class space    used 5361K, committed 5888K, reserved 1048576K
}
Event: 37.512 GC heap before
{Heap before GC invocations=24 (full 2):
 PSYoungGen      total 18432K, used 18018K [0x00000000eab00000, 0x00000000ec200000, 0x0000000100000000)
  eden space 16384K, 100% used [0x00000000eab00000,0x00000000ebb00000,0x00000000ebb00000)
  from space 2048K, 79% used [0x00000000ebb00000,0x00000000ebc98800,0x00000000ebd00000)
  to   space 3584K, 0% used [0x00000000ebe80000,0x00000000ebe80000,0x00000000ec200000)
 ParOldGen       total 68608K, used 33947K [0x00000000c0000000, 0x00000000c4300000, 0x00000000eab00000)
  object space 68608K, 49% used [0x00000000c0000000,0x00000000c2126f58,0x00000000c4300000)
 Metaspace       used 50974K, committed 52288K, reserved 1114112K
  class space    used 5450K, committed 6016K, reserved 1048576K
}
Event: 37.518 GC heap after
{Heap after GC invocations=24 (full 2):
 PSYoungGen      total 18432K, used 2005K [0x00000000eab00000, 0x00000000ec080000, 0x0000000100000000)
  eden space 16384K, 0% used [0x00000000eab00000,0x00000000eab00000,0x00000000ebb00000)
  from space 2048K, 97% used [0x00000000ebe80000,0x00000000ec075528,0x00000000ec080000)
  to   space 2560K, 0% used [0x00000000ebb80000,0x00000000ebb80000,0x00000000ebe00000)
 ParOldGen       total 68608K, used 35501K [0x00000000c0000000, 0x00000000c4300000, 0x00000000eab00000)
  object space 68608K, 51% used [0x00000000c0000000,0x00000000c22ab778,0x00000000c4300000)
 Metaspace       used 50974K, committed 52288K, reserved 1114112K
  class space    used 5450K, committed 6016K, reserved 1048576K
}
Event: 37.665 GC heap before
{Heap before GC invocations=25 (full 2):
 PSYoungGen      total 18432K, used 18389K [0x00000000eab00000, 0x00000000ec080000, 0x0000000100000000)
  eden space 16384K, 100% used [0x00000000eab00000,0x00000000ebb00000,0x00000000ebb00000)
  from space 2048K, 97% used [0x00000000ebe80000,0x00000000ec075528,0x00000000ec080000)
  to   space 2560K, 0% used [0x00000000ebb80000,0x00000000ebb80000,0x00000000ebe00000)
 ParOldGen       total 68608K, used 35501K [0x00000000c0000000, 0x00000000c4300000, 0x00000000eab00000)
  object space 68608K, 51% used [0x00000000c0000000,0x00000000c22ab778,0x00000000c4300000)
 Metaspace       used 51005K, committed 52288K, reserved 1114112K
  class space    used 5452K, committed 6016K, reserved 1048576K
}
Event: 37.670 GC heap after
{Heap after GC invocations=25 (full 2):
 PSYoungGen      total 18944K, used 2336K [0x00000000eab00000, 0x00000000ec000000, 0x0000000100000000)
  eden space 16384K, 0% used [0x00000000eab00000,0x00000000eab00000,0x00000000ebb00000)
  from space 2560K, 91% used [0x00000000ebb80000,0x00000000ebdc8000,0x00000000ebe00000)
  to   space 2048K, 0% used [0x00000000ebe00000,0x00000000ebe00000,0x00000000ec000000)
 ParOldGen       total 68608K, used 36770K [0x00000000c0000000, 0x00000000c4300000, 0x00000000eab00000)
  object space 68608K, 53% used [0x00000000c0000000,0x00000000c23e89d0,0x00000000c4300000)
 Metaspace       used 51005K, committed 52288K, reserved 1114112K
  class space    used 5452K, committed 6016K, reserved 1048576K
}
Event: 38.054 GC heap before
{Heap before GC invocations=26 (full 2):
 PSYoungGen      total 18944K, used 18720K [0x00000000eab00000, 0x00000000ec000000, 0x0000000100000000)
  eden space 16384K, 100% used [0x00000000eab00000,0x00000000ebb00000,0x00000000ebb00000)
  from space 2560K, 91% used [0x00000000ebb80000,0x00000000ebdc8000,0x00000000ebe00000)
  to   space 2048K, 0% used [0x00000000ebe00000,0x00000000ebe00000,0x00000000ec000000)
 ParOldGen       total 68608K, used 36770K [0x00000000c0000000, 0x00000000c4300000, 0x00000000eab00000)
  object space 68608K, 53% used [0x00000000c0000000,0x00000000c23e89d0,0x00000000c4300000)
 Metaspace       used 51016K, committed 52288K, reserved 1114112K
  class space    used 5452K, committed 6016K, reserved 1048576K
}
Event: 38.060 GC heap after
{Heap after GC invocations=26 (full 2):
 PSYoungGen      total 18432K, used 1572K [0x00000000eab00000, 0x00000000ec000000, 0x0000000100000000)
  eden space 16384K, 0% used [0x00000000eab00000,0x00000000eab00000,0x00000000ebb00000)
  from space 2048K, 76% used [0x00000000ebe00000,0x00000000ebf89000,0x00000000ec000000)
  to   space 2048K, 0% used [0x00000000ebc00000,0x00000000ebc00000,0x00000000ebe00000)
 ParOldGen       total 68608K, used 39056K [0x00000000c0000000, 0x00000000c4300000, 0x00000000eab00000)
  object space 68608K, 56% used [0x00000000c0000000,0x00000000c2624380,0x00000000c4300000)
 Metaspace       used 51016K, committed 52288K, reserved 1114112K
  class space    used 5452K, committed 6016K, reserved 1048576K
}
Event: 38.268 GC heap before
{Heap before GC invocations=27 (full 2):
 PSYoungGen      total 18432K, used 17956K [0x00000000eab00000, 0x00000000ec000000, 0x0000000100000000)
  eden space 16384K, 100% used [0x00000000eab00000,0x00000000ebb00000,0x00000000ebb00000)
  from space 2048K, 76% used [0x00000000ebe00000,0x00000000ebf89000,0x00000000ec000000)
  to   space 2048K, 0% used [0x00000000ebc00000,0x00000000ebc00000,0x00000000ebe00000)
 ParOldGen       total 68608K, used 39056K [0x00000000c0000000, 0x00000000c4300000, 0x00000000eab00000)
  object space 68608K, 56% used [0x00000000c0000000,0x00000000c2624380,0x00000000c4300000)
 Metaspace       used 51019K, committed 52288K, reserved 1114112K
  class space    used 5452K, committed 6016K, reserved 1048576K
}
Event: 38.272 GC heap after
{Heap after GC invocations=27 (full 2):
 PSYoungGen      total 17920K, used 1408K [0x00000000eab00000, 0x00000000ebe80000, 0x0000000100000000)
  eden space 16384K, 0% used [0x00000000eab00000,0x00000000eab00000,0x00000000ebb00000)
  from space 1536K, 91% used [0x00000000ebc00000,0x00000000ebd60000,0x00000000ebd80000)
  to   space 1024K, 0% used [0x00000000ebd80000,0x00000000ebd80000,0x00000000ebe80000)
 ParOldGen       total 68608K, used 40542K [0x00000000c0000000, 0x00000000c4300000, 0x00000000eab00000)
  object space 68608K, 59% used [0x00000000c0000000,0x00000000c27979a8,0x00000000c4300000)
 Metaspace       used 51019K, committed 52288K, reserved 1114112K
  class space    used 5452K, committed 6016K, reserved 1048576K
}
Event: 38.636 GC heap before
{Heap before GC invocations=28 (full 2):
 PSYoungGen      total 17920K, used 17792K [0x00000000eab00000, 0x00000000ebe80000, 0x0000000100000000)
  eden space 16384K, 100% used [0x00000000eab00000,0x00000000ebb00000,0x00000000ebb00000)
  from space 1536K, 91% used [0x00000000ebc00000,0x00000000ebd60000,0x00000000ebd80000)
  to   space 1024K, 0% used [0x00000000ebd80000,0x00000000ebd80000,0x00000000ebe80000)
 ParOldGen       total 68608K, used 40542K [0x00000000c0000000, 0x00000000c4300000, 0x00000000eab00000)
  object space 68608K, 59% used [0x00000000c0000000,0x00000000c27979a8,0x00000000c4300000)
 Metaspace       used 51036K, committed 52288K, reserved 1114112K
  class space    used 5452K, committed 6016K, reserved 1048576K
}
Event: 38.656 GC heap after
{Heap after GC invocations=28 (full 2):
 PSYoungGen      total 17408K, used 1024K [0x00000000eab00000, 0x00000000ebe80000, 0x0000000100000000)
  eden space 16384K, 0% used [0x00000000eab00000,0x00000000eab00000,0x00000000ebb00000)
  from space 1024K, 100% used [0x00000000ebd80000,0x00000000ebe80000,0x00000000ebe80000)
  to   space 1536K, 0% used [0x00000000ebc00000,0x00000000ebc00000,0x00000000ebd80000)
 ParOldGen       total 68608K, used 42478K [0x00000000c0000000, 0x00000000c4300000, 0x00000000eab00000)
  object space 68608K, 61% used [0x00000000c0000000,0x00000000c297b9b8,0x00000000c4300000)
 Metaspace       used 51036K, committed 52288K, reserved 1114112K
  class space    used 5452K, committed 6016K, reserved 1048576K
}

Dll operation events (12 events):
Event: 0.065 Loaded shared library c:\Users\palak\.vscode\extensions\redhat.java-1.40.0-win32-x64\jre\21.0.6-win32-x86_64\bin\java.dll
Event: 1.296 Loaded shared library c:\Users\palak\.vscode\extensions\redhat.java-1.40.0-win32-x64\jre\21.0.6-win32-x86_64\bin\zip.dll
Event: 1.356 Loaded shared library C:\Users\palak\.vscode\extensions\redhat.java-1.40.0-win32-x64\jre\21.0.6-win32-x86_64\bin\instrument.dll
Event: 1.366 Loaded shared library C:\Users\palak\.vscode\extensions\redhat.java-1.40.0-win32-x64\jre\21.0.6-win32-x86_64\bin\net.dll
Event: 1.371 Loaded shared library C:\Users\palak\.vscode\extensions\redhat.java-1.40.0-win32-x64\jre\21.0.6-win32-x86_64\bin\nio.dll
Event: 1.377 Loaded shared library C:\Users\palak\.vscode\extensions\redhat.java-1.40.0-win32-x64\jre\21.0.6-win32-x86_64\bin\zip.dll
Event: 1.669 Loaded shared library C:\Users\palak\.vscode\extensions\redhat.java-1.40.0-win32-x64\jre\21.0.6-win32-x86_64\bin\jimage.dll
Event: 2.030 Loaded shared library c:\Users\palak\.vscode\extensions\redhat.java-1.40.0-win32-x64\jre\21.0.6-win32-x86_64\bin\verify.dll
Event: 6.690 Loaded shared library C:\Users\palak\AppData\Roaming\Code\User\globalStorage\redhat.java\1.40.0\config_win\org.eclipse.equinox.launcher\org.eclipse.equinox.launcher.win32.win32.x86_64_1.2.1200.v20250212-0927\eclipse_11909.dll
Event: 15.618 Loaded shared library C:\Users\palak\AppData\Local\Temp\jna-106430981\jna4577128594941441997.dll
Event: 33.473 Loaded shared library C:\Users\palak\.vscode\extensions\redhat.java-1.40.0-win32-x64\jre\21.0.6-win32-x86_64\bin\sunmscapi.dll
Event: 35.445 Loaded shared library C:\Users\palak\.vscode\extensions\redhat.java-1.40.0-win32-x64\jre\21.0.6-win32-x86_64\bin\extnet.dll

Deoptimization events (20 events):
Event: 37.277 Thread 0x00000240fa3f05f0 DEOPT PACKING pc=0x0000024080dc88f0 sp=0x00000090323fe000
Event: 37.277 Thread 0x00000240fa3f05f0 DEOPT UNPACKING pc=0x0000024087584242 sp=0x00000090323fd430 mode 0
Event: 37.279 Thread 0x00000240fa3f05f0 DEOPT PACKING pc=0x0000024080dc88f0 sp=0x00000090323fe000
Event: 37.279 Thread 0x00000240fa3f05f0 DEOPT UNPACKING pc=0x0000024087584242 sp=0x00000090323fd430 mode 0
Event: 37.280 Thread 0x00000240fa3f05f0 DEOPT PACKING pc=0x0000024080dc88f0 sp=0x00000090323fe000
Event: 37.280 Thread 0x00000240fa3f05f0 DEOPT UNPACKING pc=0x0000024087584242 sp=0x00000090323fd430 mode 0
Event: 37.281 Thread 0x00000240fa3f05f0 DEOPT PACKING pc=0x0000024080dc88f0 sp=0x00000090323fe000
Event: 37.281 Thread 0x00000240fa3f05f0 DEOPT UNPACKING pc=0x0000024087584242 sp=0x00000090323fd430 mode 0
Event: 37.371 Thread 0x00000240fa3f05f0 DEOPT PACKING pc=0x0000024080dd073e sp=0x00000090323fe000
Event: 37.371 Thread 0x00000240fa3f05f0 DEOPT UNPACKING pc=0x0000024087584242 sp=0x00000090323fd4f0 mode 0
Event: 38.031 Thread 0x00000240fa3eff60 Uncommon trap: trap_request=0xffffff45 fr.pc=0x0000024087e7609c relative=0x000000000000047c
Event: 38.031 Thread 0x00000240fa3eff60 Uncommon trap: reason=unstable_if action=reinterpret pc=0x0000024087e7609c method=java.util.ArrayList.equalsRange(Ljava/util/List;II)Z @ 41 c2
Event: 38.031 Thread 0x00000240fa3eff60 DEOPT PACKING pc=0x0000024087e7609c sp=0x00000090322fd370
Event: 38.031 Thread 0x00000240fa3eff60 DEOPT UNPACKING pc=0x0000024087583aa2 sp=0x00000090322fd320 mode 2
Event: 38.103 Thread 0x00000240fa3eff60 DEOPT PACKING pc=0x00000240806a021f sp=0x00000090322fd740
Event: 38.103 Thread 0x00000240fa3eff60 DEOPT UNPACKING pc=0x0000024087584242 sp=0x00000090322fcc18 mode 0
Event: 38.617 Thread 0x00000240fa3eff60 DEOPT PACKING pc=0x00000240806a021f sp=0x00000090322fd570
Event: 38.617 Thread 0x00000240fa3eff60 DEOPT UNPACKING pc=0x0000024087584242 sp=0x00000090322fca48 mode 0
Event: 38.617 Thread 0x00000240fa3eff60 DEOPT PACKING pc=0x00000240800c5546 sp=0x00000090322fd000
Event: 38.617 Thread 0x00000240fa3eff60 DEOPT UNPACKING pc=0x0000024087584242 sp=0x00000090322fc580 mode 0

Classes loaded (20 events):
Event: 37.258 Loading class sun/net/www/MeteredStream done
Event: 37.258 Loading class sun/net/www/http/KeepAliveStream done
Event: 37.258 Loading class sun/net/www/http/KeepAliveStreamCleaner
Event: 37.259 Loading class sun/net/www/http/KeepAliveStreamCleaner done
Event: 37.261 Loading class sun/net/www/http/KeepAliveStreamCleaner$1
Event: 37.261 Loading class sun/net/www/http/KeepAliveStreamCleaner$1 done
Event: 37.261 Loading class sun/net/www/http/KeepAliveStreamCleaner$2
Event: 37.261 Loading class sun/net/www/http/KeepAliveStreamCleaner$2 done
Event: 37.261 Loading class sun/net/www/protocol/http/HttpURLConnection$HttpInputStream
Event: 37.262 Loading class sun/net/www/protocol/http/HttpURLConnection$HttpInputStream done
Event: 37.343 Loading class java/nio/channels/Channels$ReadableByteChannelImpl
Event: 37.343 Loading class java/nio/channels/Channels$ReadableByteChannelImpl done
Event: 37.345 Loading class java/nio/channels/NonWritableChannelException
Event: 37.345 Loading class java/nio/channels/NonWritableChannelException done
Event: 37.388 Loading class sun/net/www/http/KeepAliveCache$1
Event: 37.388 Loading class sun/net/www/http/KeepAliveCache$1 done
Event: 37.418 Loading class sun/net/www/http/KeepAliveCache$ClientVector
Event: 37.418 Loading class sun/net/www/http/KeepAliveCache$ClientVector done
Event: 37.440 Loading class sun/net/www/http/KeepAliveEntry
Event: 37.440 Loading class sun/net/www/http/KeepAliveEntry done

Classes unloaded (7 events):
Event: 20.746 Thread 0x00000240f521f4f0 Unloading class 0x0000024090194c00 'java/lang/invoke/LambdaForm$MH+0x0000024090194c00'
Event: 20.746 Thread 0x00000240f521f4f0 Unloading class 0x0000024090194800 'java/lang/invoke/LambdaForm$MH+0x0000024090194800'
Event: 20.746 Thread 0x00000240f521f4f0 Unloading class 0x0000024090194400 'java/lang/invoke/LambdaForm$MH+0x0000024090194400'
Event: 20.746 Thread 0x00000240f521f4f0 Unloading class 0x0000024090194000 'java/lang/invoke/LambdaForm$MH+0x0000024090194000'
Event: 20.746 Thread 0x00000240f521f4f0 Unloading class 0x0000024090193c00 'java/lang/invoke/LambdaForm$BMH+0x0000024090193c00'
Event: 20.746 Thread 0x00000240f521f4f0 Unloading class 0x0000024090193800 'java/lang/invoke/LambdaForm$DMH+0x0000024090193800'
Event: 20.746 Thread 0x00000240f521f4f0 Unloading class 0x0000024090192400 'java/lang/invoke/LambdaForm$DMH+0x0000024090192400'

Classes redefined (0 events):
No events

Internal exceptions (20 events):
Event: 34.816 Thread 0x00000240edbccc80 Exception <a 'java/lang/NoSuchMethodError'{0x00000000eb04a360}: 'void java.lang.invoke.DirectMethodHandle$Holder.invokeSpecial(java.lang.Object, java.lang.Object, java.lang.Object, java.lang.Object, java.lang.Object, java.lang.Object)'> (0x00000000eb04a360) 
thrown [s\src\hotspot\share\interpreter\linkResolver.cpp, line 773]
Event: 34.817 Thread 0x00000240edbccc80 Exception <a 'java/lang/IncompatibleClassChangeError'{0x00000000eb077a60}: Found class java.lang.Object, but interface was expected> (0x00000000eb077a60) 
thrown [s\src\hotspot\share\interpreter\linkResolver.cpp, line 840]
Event: 34.817 Thread 0x00000240edbccc80 Exception <a 'java/lang/IncompatibleClassChangeError'{0x00000000eb0798b8}: Found class java.lang.Object, but interface was expected> (0x00000000eb0798b8) 
thrown [s\src\hotspot\share\interpreter\linkResolver.cpp, line 840]
Event: 34.830 Thread 0x00000240fa3eff60 Exception <a 'sun/nio/fs/WindowsException'{0x00000000eb0fb1f0}> (0x00000000eb0fb1f0) 
thrown [s\src\hotspot\share\prims\jni.cpp, line 520]
Event: 34.950 Thread 0x00000240fa3ee520 Exception <a 'java/lang/NoClassDefFoundError'{0x00000000eb705ff8}: com/google/inject/servlet/ServletModuleTargetVisitor> (0x00000000eb705ff8) 
thrown [s\src\hotspot\share\classfile\systemDictionary.cpp, line 301]
Event: 35.067 Thread 0x00000240fa3eff60 Exception <a 'sun/nio/fs/WindowsException'{0x00000000ebb04980}> (0x00000000ebb04980) 
thrown [s\src\hotspot\share\prims\jni.cpp, line 520]
Event: 35.067 Thread 0x00000240fa3eff60 Exception <a 'sun/nio/fs/WindowsException'{0x00000000ebb055a0}> (0x00000000ebb055a0) 
thrown [s\src\hotspot\share\prims\jni.cpp, line 520]
Event: 35.147 Thread 0x00000240fa3ee520 Exception <a 'java/lang/NoSuchMethodError'{0x00000000ebd99728}: 'java.lang.Object java.lang.invoke.DirectMethodHandle$Holder.invokeStatic(java.lang.Object, int, java.lang.Object, java.lang.Object)'> (0x00000000ebd99728) 
thrown [s\src\hotspot\share\interpreter\linkResolver.cpp, line 773]
Event: 35.147 Thread 0x00000240fa3ee520 Exception <a 'java/lang/NoSuchMethodError'{0x00000000ebd9cf28}: 'java.lang.Object java.lang.invoke.DelegatingMethodHandle$Holder.delegate(java.lang.Object, int, java.lang.Object, java.lang.Object)'> (0x00000000ebd9cf28) 
thrown [s\src\hotspot\share\interpreter\linkResolver.cpp, line 773]
Event: 35.148 Thread 0x00000240fa3ee520 Implicit null exception at 0x0000024087c9f3f6 to 0x0000024087c9f718
Event: 35.153 Thread 0x00000240fa3ee520 Exception <a 'java/lang/NoSuchMethodError'{0x00000000ebdf1bf8}: 'int java.lang.invoke.Invokers$Holder.linkToTargetMethod(java.lang.Object, java.lang.Object, java.lang.Object)'> (0x00000000ebdf1bf8) 
thrown [s\src\hotspot\share\interpreter\linkResolver.cpp, line 773]
Event: 35.387 Thread 0x00000240fa3eff60 Exception <a 'java/lang/NoSuchMethodError'{0x00000000eb089b38}: 'java.lang.Object java.lang.invoke.DelegatingMethodHandle$Holder.reinvoke_L(java.lang.Object, int, long, java.lang.Object, java.lang.Object, int, java.lang.Object)'> (0x00000000eb089b38) 
thrown [s\src\hotspot\share\interpreter\linkResolver.cpp, line 773]
Event: 35.794 Thread 0x00000240fa3ee520 Implicit null exception at 0x0000024087c93106 to 0x0000024087c931fc
Event: 35.795 Thread 0x00000240fa3ee520 Implicit null exception at 0x0000024087cbab5a to 0x0000024087cbabe1
Event: 37.270 Thread 0x00000240fa3eff60 Exception <a 'java/io/FileNotFoundException'{0x00000000eab72598}> (0x00000000eab72598) 
thrown [s\src\hotspot\share\prims\jni.cpp, line 520]
Event: 37.271 Thread 0x00000240fa3eff60 Exception <a 'java/io/FileNotFoundException'{0x00000000eab73d68}> (0x00000000eab73d68) 
thrown [s\src\hotspot\share\prims\jni.cpp, line 520]
Event: 37.280 Thread 0x00000240fa3eff60 Exception <a 'java/lang/NoSuchMethodError'{0x00000000eab81da0}: 'java.lang.Object java.lang.invoke.DirectMethodHandle$Holder.newInvokeSpecial(java.lang.Object, java.lang.Object, java.lang.Object, int)'> (0x00000000eab81da0) 
thrown [s\src\hotspot\share\interpreter\linkResolver.cpp, line 773]
Event: 37.280 Thread 0x00000240fa3eff60 Exception <a 'java/lang/NoSuchMethodError'{0x00000000eab85c68}: 'java.lang.Object java.lang.invoke.DirectMethodHandle$Holder.invokeSpecial(java.lang.Object, java.lang.Object, java.lang.Object, java.lang.Object, int)'> (0x00000000eab85c68) 
thrown [s\src\hotspot\share\interpreter\linkResolver.cpp, line 773]
Event: 37.280 Thread 0x00000240fa3eff60 Exception <a 'java/lang/NoSuchMethodError'{0x00000000eabd35b0}: 'java.lang.Object java.lang.invoke.Invokers$Holder.linkToTargetMethod(java.lang.Object, java.lang.Object, int, java.lang.Object)'> (0x00000000eabd35b0) 
thrown [s\src\hotspot\share\interpreter\linkResolver.cpp, line 773]
Event: 37.479 Thread 0x00000240fa3f05f0 Exception <a 'java/lang/NoSuchMethodError'{0x00000000eb6b7150}: 'void java.lang.invoke.DirectMethodHandle$Holder.invokeStaticInit(java.lang.Object, java.lang.Object, java.lang.Object, java.lang.Object)'> (0x00000000eb6b7150) 
thrown [s\src\hotspot\share\interpreter\linkResolver.cpp, line 773]

ZGC Phase Switch (0 events):
No events

VM Operations (20 events):
Event: 36.798 Executing VM operation: ParallelGCFailedAllocation (Allocation Failure)
Event: 36.806 Executing VM operation: ParallelGCFailedAllocation (Allocation Failure) done
Event: 37.235 Executing VM operation: HandshakeAllThreads (Deoptimize)
Event: 37.235 Executing VM operation: HandshakeAllThreads (Deoptimize) done
Event: 37.236 Executing VM operation: ParallelGCFailedAllocation (Allocation Failure)
Event: 37.246 Executing VM operation: ParallelGCFailedAllocation (Allocation Failure) done
Event: 37.260 Executing VM operation: HandshakeAllThreads (Deoptimize)
Event: 37.261 Executing VM operation: HandshakeAllThreads (Deoptimize) done
Event: 37.419 Executing VM operation: HandshakeAllThreads (Deoptimize)
Event: 37.420 Executing VM operation: HandshakeAllThreads (Deoptimize) done
Event: 37.507 Executing VM operation: ParallelGCFailedAllocation (Allocation Failure)
Event: 37.518 Executing VM operation: ParallelGCFailedAllocation (Allocation Failure) done
Event: 37.665 Executing VM operation: ParallelGCFailedAllocation (Allocation Failure)
Event: 37.670 Executing VM operation: ParallelGCFailedAllocation (Allocation Failure) done
Event: 38.054 Executing VM operation: ParallelGCFailedAllocation (Allocation Failure)
Event: 38.060 Executing VM operation: ParallelGCFailedAllocation (Allocation Failure) done
Event: 38.268 Executing VM operation: ParallelGCFailedAllocation (Allocation Failure)
Event: 38.272 Executing VM operation: ParallelGCFailedAllocation (Allocation Failure) done
Event: 38.636 Executing VM operation: ParallelGCFailedAllocation (Allocation Failure)
Event: 38.656 Executing VM operation: ParallelGCFailedAllocation (Allocation Failure) done

Memory protections (0 events):
No events

Nmethod flushes (20 events):
Event: 26.956 Thread 0x00000240f521f4f0 flushing  nmethod 0x00000240806d4690
Event: 26.956 Thread 0x00000240f521f4f0 flushing  nmethod 0x00000240806d4e10
Event: 26.956 Thread 0x00000240f521f4f0 flushing  nmethod 0x00000240806d6390
Event: 26.956 Thread 0x00000240f521f4f0 flushing  nmethod 0x00000240806d6890
Event: 26.956 Thread 0x00000240f521f4f0 flushing  nmethod 0x00000240806d7190
Event: 26.956 Thread 0x00000240f521f4f0 flushing  nmethod 0x00000240806d8190
Event: 26.956 Thread 0x00000240f521f4f0 flushing  nmethod 0x00000240806db790
Event: 26.956 Thread 0x00000240f521f4f0 flushing  nmethod 0x00000240806e6210
Event: 26.956 Thread 0x00000240f521f4f0 flushing  nmethod 0x00000240806f0210
Event: 26.956 Thread 0x00000240f521f4f0 flushing  nmethod 0x000002408070d610
Event: 26.956 Thread 0x00000240f521f4f0 flushing  nmethod 0x000002408071f710
Event: 26.956 Thread 0x00000240f521f4f0 flushing  nmethod 0x0000024080778b10
Event: 26.956 Thread 0x00000240f521f4f0 flushing osr nmethod 0x0000024080798390
Event: 26.956 Thread 0x00000240f521f4f0 flushing  nmethod 0x00000240807b8990
Event: 26.956 Thread 0x00000240f521f4f0 flushing  nmethod 0x00000240807df090
Event: 26.956 Thread 0x00000240f521f4f0 flushing  nmethod 0x00000240807f4810
Event: 26.956 Thread 0x00000240f521f4f0 flushing  nmethod 0x00000240807f4c90
Event: 26.956 Thread 0x00000240f521f4f0 flushing  nmethod 0x00000240807fc010
Event: 26.956 Thread 0x00000240f521f4f0 flushing  nmethod 0x0000024080810990
Event: 26.956 Thread 0x00000240f521f4f0 flushing  nmethod 0x0000024080849290

Events (20 events):
Event: 25.955 Thread 0x00000240fa3f19a0 Thread exited: 0x00000240fa3f19a0
Event: 26.840 Thread 0x00000240f529ff70 Thread added: 0x00000240fe07a6e0
Event: 28.033 Thread 0x00000240fe07a6e0 Thread exited: 0x00000240fe07a6e0
Event: 33.056 Thread 0x00000240fa3f05f0 Thread added: 0x00000240fa3f19a0
Event: 33.517 Thread 0x00000240fa3f19a0 Thread added: 0x00000240fa3eebb0
Event: 33.548 Thread 0x00000240f529ff70 Thread added: 0x00000240fa821980
Event: 33.781 Thread 0x00000240edbccc80 Thread added: 0x00000240fdef9ce0
Event: 33.807 Thread 0x00000240edbccc80 Thread added: 0x00000240fdef9650
Event: 33.850 Thread 0x00000240edbccc80 Thread added: 0x00000240fdef7580
Event: 33.876 Thread 0x00000240edbccc80 Thread added: 0x00000240fdefa370
Event: 33.988 Thread 0x00000240edbccc80 Thread added: 0x00000240fdefaa00
Event: 34.251 Thread 0x00000240edbccc80 Thread added: 0x00000240fdef82a0
Event: 34.961 Thread 0x00000240fa3eebb0 Thread added: 0x00000240fdef8fc0
Event: 34.971 Thread 0x00000240edbccc80 Thread added: 0x00000240fb8c44e0
Event: 34.976 Thread 0x00000240edbccc80 Thread added: 0x00000240fb8c1d80
Event: 35.032 Thread 0x00000240fa821980 Thread exited: 0x00000240fa821980
Event: 35.140 Thread 0x00000240f529ff70 Thread added: 0x00000240fa821980
Event: 37.198 Thread 0x00000240fa3f05f0 Thread added: 0x00000240fb8c2aa0
Event: 37.216 Thread 0x00000240fb8c2aa0 Thread exited: 0x00000240fb8c2aa0
Event: 37.417 Thread 0x00000240fa3f05f0 Thread added: 0x00000240fb8c3130


Dynamic libraries:
0x00007ff6862a0000 - 0x00007ff6862ae000 	c:\Users\palak\.vscode\extensions\redhat.java-1.40.0-win32-x64\jre\21.0.6-win32-x86_64\bin\java.exe
0x00007ffdce740000 - 0x00007ffdce9a3000 	C:\WINDOWS\SYSTEM32\ntdll.dll
0x00007ffdcd950000 - 0x00007ffdcda17000 	C:\WINDOWS\System32\KERNEL32.DLL
0x00007ffdcbee0000 - 0x00007ffdcc2a7000 	C:\WINDOWS\System32\KERNELBASE.dll
0x00007ffdcc2b0000 - 0x00007ffdcc3fc000 	C:\WINDOWS\System32\ucrtbase.dll
0x00007ffdc8b10000 - 0x00007ffdc8b28000 	c:\Users\palak\.vscode\extensions\redhat.java-1.40.0-win32-x64\jre\21.0.6-win32-x86_64\bin\jli.dll
0x00007ffdcdf80000 - 0x00007ffdce149000 	C:\WINDOWS\System32\USER32.dll
0x00007ffdcc4c0000 - 0x00007ffdcc4e7000 	C:\WINDOWS\System32\win32u.dll
0x00007ffdcd2d0000 - 0x00007ffdcd2fa000 	C:\WINDOWS\System32\GDI32.dll
0x00007ffdcbd10000 - 0x00007ffdcbe3b000 	C:\WINDOWS\System32\gdi32full.dll
0x00007ffdcbae0000 - 0x00007ffdcbb83000 	C:\WINDOWS\System32\msvcp_win.dll
0x00007ffd9e7d0000 - 0x00007ffd9e7ee000 	c:\Users\palak\.vscode\extensions\redhat.java-1.40.0-win32-x64\jre\21.0.6-win32-x86_64\bin\VCRUNTIME140.dll
0x00007ffda9da0000 - 0x00007ffdaa030000 	C:\WINDOWS\WinSxS\amd64_microsoft.windows.common-controls_6595b64144ccf1df_6.0.26100.3037_none_3e09262ce333c378\COMCTL32.dll
0x00007ffdcd8a0000 - 0x00007ffdcd949000 	C:\WINDOWS\System32\msvcrt.dll
0x00007ffdce630000 - 0x00007ffdce65f000 	C:\WINDOWS\System32\IMM32.DLL
0x00007ffdc38e0000 - 0x00007ffdc38ec000 	c:\Users\palak\.vscode\extensions\redhat.java-1.40.0-win32-x64\jre\21.0.6-win32-x86_64\bin\vcruntime140_1.dll
0x00007ffd85b90000 - 0x00007ffd85c1d000 	c:\Users\palak\.vscode\extensions\redhat.java-1.40.0-win32-x64\jre\21.0.6-win32-x86_64\bin\msvcp140.dll
0x00007ffd56360000 - 0x00007ffd570f0000 	c:\Users\palak\.vscode\extensions\redhat.java-1.40.0-win32-x64\jre\21.0.6-win32-x86_64\bin\server\jvm.dll
0x00007ffdce1d0000 - 0x00007ffdce284000 	C:\WINDOWS\System32\ADVAPI32.dll
0x00007ffdcda20000 - 0x00007ffdcdac6000 	C:\WINDOWS\System32\sechost.dll
0x00007ffdcc680000 - 0x00007ffdcc796000 	C:\WINDOWS\System32\RPCRT4.dll
0x00007ffdce150000 - 0x00007ffdce1c4000 	C:\WINDOWS\System32\WS2_32.dll
0x00007ffdcb970000 - 0x00007ffdcb9be000 	C:\WINDOWS\SYSTEM32\POWRPROF.dll
0x00007ffdc5de0000 - 0x00007ffdc5e16000 	C:\WINDOWS\SYSTEM32\WINMM.dll
0x00007ffdc5e20000 - 0x00007ffdc5e2b000 	C:\WINDOWS\SYSTEM32\VERSION.dll
0x00007ffdcb950000 - 0x00007ffdcb964000 	C:\WINDOWS\SYSTEM32\UMPDC.dll
0x00007ffdca910000 - 0x00007ffdca92a000 	C:\WINDOWS\SYSTEM32\kernel.appcore.dll
0x00007ffda5a40000 - 0x00007ffda5a4a000 	c:\Users\palak\.vscode\extensions\redhat.java-1.40.0-win32-x64\jre\21.0.6-win32-x86_64\bin\jimage.dll
0x00007ffdbb180000 - 0x00007ffdbb3c1000 	C:\WINDOWS\SYSTEM32\DBGHELP.DLL
0x00007ffdce290000 - 0x00007ffdce60e000 	C:\WINDOWS\System32\combase.dll
0x00007ffdcd190000 - 0x00007ffdcd266000 	C:\WINDOWS\System32\OLEAUT32.dll
0x00007ffdaa750000 - 0x00007ffdaa789000 	C:\WINDOWS\SYSTEM32\dbgcore.DLL
0x00007ffdcbe40000 - 0x00007ffdcbed9000 	C:\WINDOWS\System32\bcryptPrimitives.dll
0x00007ffda28f0000 - 0x00007ffda28ff000 	c:\Users\palak\.vscode\extensions\redhat.java-1.40.0-win32-x64\jre\21.0.6-win32-x86_64\bin\instrument.dll
0x00007ffd9dba0000 - 0x00007ffd9dbbf000 	c:\Users\palak\.vscode\extensions\redhat.java-1.40.0-win32-x64\jre\21.0.6-win32-x86_64\bin\java.dll
0x00007ffdcca80000 - 0x00007ffdcd184000 	C:\WINDOWS\System32\SHELL32.dll
0x00007ffdc97e0000 - 0x00007ffdca017000 	C:\WINDOWS\SYSTEM32\windows.storage.dll
0x00007ffdcc940000 - 0x00007ffdcca29000 	C:\WINDOWS\System32\SHCORE.dll
0x00007ffdcde90000 - 0x00007ffdcdeed000 	C:\WINDOWS\System32\shlwapi.dll
0x00007ffdcb9f0000 - 0x00007ffdcba1e000 	C:\WINDOWS\SYSTEM32\profapi.dll
0x00007ffd98760000 - 0x00007ffd98778000 	c:\Users\palak\.vscode\extensions\redhat.java-1.40.0-win32-x64\jre\21.0.6-win32-x86_64\bin\zip.dll
0x00007ffda2620000 - 0x00007ffda2630000 	C:\Users\palak\.vscode\extensions\redhat.java-1.40.0-win32-x64\jre\21.0.6-win32-x86_64\bin\net.dll
0x00007ffdc2ca0000 - 0x00007ffdc2dbe000 	C:\WINDOWS\SYSTEM32\WINHTTP.dll
0x00007ffdcae20000 - 0x00007ffdcae8a000 	C:\WINDOWS\system32\mswsock.dll
0x00007ffd94990000 - 0x00007ffd949a6000 	C:\Users\palak\.vscode\extensions\redhat.java-1.40.0-win32-x64\jre\21.0.6-win32-x86_64\bin\nio.dll
0x00007ffd9e910000 - 0x00007ffd9e920000 	c:\Users\palak\.vscode\extensions\redhat.java-1.40.0-win32-x64\jre\21.0.6-win32-x86_64\bin\verify.dll
0x00007ffd83960000 - 0x00007ffd839a5000 	C:\Users\palak\AppData\Roaming\Code\User\globalStorage\redhat.java\1.40.0\config_win\org.eclipse.equinox.launcher\org.eclipse.equinox.launcher.win32.win32.x86_64_1.2.1200.v20250212-0927\eclipse_11909.dll
0x00007ffdcc7a0000 - 0x00007ffdcc935000 	C:\WINDOWS\System32\ole32.dll
0x00007ffdcb0c0000 - 0x00007ffdcb0dc000 	C:\WINDOWS\SYSTEM32\CRYPTSP.dll
0x00007ffdca870000 - 0x00007ffdca8a8000 	C:\WINDOWS\system32\rsaenh.dll
0x00007ffdcaec0000 - 0x00007ffdcaeeb000 	C:\WINDOWS\SYSTEM32\USERENV.dll
0x00007ffdcb300000 - 0x00007ffdcb326000 	C:\WINDOWS\SYSTEM32\bcrypt.dll
0x00007ffdcb0e0000 - 0x00007ffdcb0ec000 	C:\WINDOWS\SYSTEM32\CRYPTBASE.dll
0x00007ffdca310000 - 0x00007ffdca342000 	C:\WINDOWS\SYSTEM32\IPHLPAPI.DLL
0x00007ffdcd3d0000 - 0x00007ffdcd3da000 	C:\WINDOWS\System32\NSI.dll
0x00007ffd837f0000 - 0x00007ffd83839000 	C:\Users\palak\AppData\Local\Temp\jna-106430981\jna4577128594941441997.dll
0x00007ffdcde80000 - 0x00007ffdcde88000 	C:\WINDOWS\System32\PSAPI.DLL
0x00007ffdc3d40000 - 0x00007ffdc3d5f000 	C:\WINDOWS\SYSTEM32\dhcpcsvc6.DLL
0x00007ffdc3d10000 - 0x00007ffdc3d35000 	C:\WINDOWS\SYSTEM32\dhcpcsvc.DLL
0x00007ffd9dec0000 - 0x00007ffd9dece000 	C:\Users\palak\.vscode\extensions\redhat.java-1.40.0-win32-x64\jre\21.0.6-win32-x86_64\bin\sunmscapi.dll
0x00007ffdcbb90000 - 0x00007ffdcbd06000 	C:\WINDOWS\System32\CRYPT32.dll
0x00007ffdcb2c0000 - 0x00007ffdcb2f0000 	C:\WINDOWS\SYSTEM32\ncrypt.dll
0x00007ffdcb270000 - 0x00007ffdcb2af000 	C:\WINDOWS\SYSTEM32\NTASN1.dll
0x00007ffdca350000 - 0x00007ffdca475000 	C:\WINDOWS\SYSTEM32\DNSAPI.dll
0x00007ffdc3d00000 - 0x00007ffdc3d0b000 	C:\Windows\System32\rasadhlp.dll
0x00007ffdbb990000 - 0x00007ffdbba15000 	C:\WINDOWS\System32\fwpuclnt.dll
0x00007ffd9d3c0000 - 0x00007ffd9d3c9000 	C:\Users\palak\.vscode\extensions\redhat.java-1.40.0-win32-x64\jre\21.0.6-win32-x86_64\bin\extnet.dll

dbghelp: loaded successfully - version: 4.0.5 - missing functions: none
symbol engine: initialized successfully - sym options: 0x614 - pdb path: .;c:\Users\palak\.vscode\extensions\redhat.java-1.40.0-win32-x64\jre\21.0.6-win32-x86_64\bin;C:\WINDOWS\SYSTEM32;C:\WINDOWS\WinSxS\amd64_microsoft.windows.common-controls_6595b64144ccf1df_6.0.26100.3037_none_3e09262ce333c378;c:\Users\palak\.vscode\extensions\redhat.java-1.40.0-win32-x64\jre\21.0.6-win32-x86_64\bin\server;C:\Users\palak\AppData\Roaming\Code\User\globalStorage\redhat.java\1.40.0\config_win\org.eclipse.equinox.launcher\org.eclipse.equinox.launcher.win32.win32.x86_64_1.2.1200.v20250212-0927;C:\Users\palak\AppData\Local\Temp\jna-106430981

VM Arguments:
jvm_args: --add-modules=ALL-SYSTEM --add-opens=java.base/java.util=ALL-UNNAMED --add-opens=java.base/java.lang=ALL-UNNAMED --add-opens=java.base/sun.nio.fs=ALL-UNNAMED -Declipse.application=org.eclipse.jdt.ls.core.id1 -Dosgi.bundles.defaultStartLevel=4 -Declipse.product=org.eclipse.jdt.ls.core.product -Djava.import.generatesMetadataFilesAtProjectRoot=false -DDetectVMInstallationsJob.disabled=true -Dfile.encoding=utf8 -XX:+UseParallelGC -XX:GCTimeRatio=4 -XX:AdaptiveSizePolicyWeight=90 -Dsun.zip.disableMemoryMapping=true -Xmx1G -Xms100m -Xlog:disable -javaagent:c:\Users\palak\.vscode\extensions\redhat.java-1.40.0-win32-x64\lombok\lombok-1.18.36.jar -XX:+HeapDumpOnOutOfMemoryError -XX:HeapDumpPath=c:\Users\palak\AppData\Roaming\Code\User\workspaceStorage\ee148990e97456275c543846b0f27411\redhat.java -Daether.dependencyCollector.impl=bf 
java_command: c:\Users\palak\.vscode\extensions\redhat.java-1.40.0-win32-x64\server\plugins\org.eclipse.equinox.launcher_1.6.1000.v20250131-0606.jar -configuration c:\Users\palak\AppData\Roaming\Code\User\globalStorage\redhat.java\1.40.0\config_win -data c:\Users\palak\AppData\Roaming\Code\User\workspaceStorage\ee148990e97456275c543846b0f27411\redhat.java\jdt_ws --pipe=\\.\pipe\lsp-43304cada6e11e0e62e5d0e41648746b-sock
java_class_path (initial): c:\Users\palak\.vscode\extensions\redhat.java-1.40.0-win32-x64\server\plugins\org.eclipse.equinox.launcher_1.6.1000.v20250131-0606.jar
Launcher Type: SUN_STANDARD

[Global flags]
    uintx AdaptiveSizePolicyWeight                 = 90                                        {product} {command line}
     intx CICompilerCount                          = 3                                         {product} {ergonomic}
    uintx GCTimeRatio                              = 4                                         {product} {command line}
     bool HeapDumpOnOutOfMemoryError               = true                                   {manageable} {command line}
    ccstr HeapDumpPath                             = c:\Users\palak\AppData\Roaming\Code\User\workspaceStorage\ee148990e97456275c543846b0f27411\redhat.java         {manageable} {command line}
   size_t InitialHeapSize                          = 104857600                                 {product} {command line}
   size_t MaxHeapSize                              = 1073741824                                {product} {command line}
   size_t MaxNewSize                               = 357564416                                 {product} {ergonomic}
   size_t MinHeapDeltaBytes                        = 524288                                    {product} {ergonomic}
   size_t MinHeapSize                              = 104857600                                 {product} {command line}
   size_t NewSize                                  = 34603008                                  {product} {ergonomic}
    uintx NonNMethodCodeHeapSize                   = 5832780                                {pd product} {ergonomic}
    uintx NonProfiledCodeHeapSize                  = 122912730                              {pd product} {ergonomic}
   size_t OldSize                                  = 70254592                                  {product} {ergonomic}
    uintx ProfiledCodeHeapSize                     = 122912730                              {pd product} {ergonomic}
    uintx ReservedCodeCacheSize                    = 251658240                              {pd product} {ergonomic}
     bool SegmentedCodeCache                       = true                                      {product} {ergonomic}
   size_t SoftMaxHeapSize                          = 1073741824                             {manageable} {ergonomic}
     bool UseCompressedOops                        = true                           {product lp64_product} {ergonomic}
     bool UseLargePagesIndividualAllocation        = false                                  {pd product} {ergonomic}
     bool UseParallelGC                            = true                                      {product} {command line}

Logging:
Log output configuration:
 #0: stdout all=off uptime,level,tags foldmultilines=false
 #1: stderr all=off uptime,level,tags foldmultilines=false

Environment Variables:
JAVA_HOME=C:\Users\palak\Downloads\java-21-openjdk-21.0.1.0.12-3.win.jdk.x86_64\java-21-openjdk-21.0.1.0.12-3.win.jdk.x86_64
PATH=C:\Program Files (x86)\Common Files\Oracle\Java\java8path;C:\Program Files (x86)\Common Files\Oracle\Java\javapath;C:\WINDOWS\system32;C:\WINDOWS;C:\WINDOWS\System32\Wbem;C:\WINDOWS\System32\WindowsPowerShell\v1.0\;C:\WINDOWS\System32\OpenSSH\;C:\Users\palak\Downloads\java-21-openjdk-21.0.1.0.12-3.win.jdk.x86_64\java-21-openjdk-21.0.1.0.12-3.win.jdk.x86_64\bin;C:\Users\palak\Downloads\apache-maven-3.9.8-bin\bin;c:\users\palak\appdata\local\packages\pythonsoftwarefoundation.python.3.11_qbz5n2kfra8p0\localcache\local-packages\python311\site-packages;C:\ProgramData\chocolatey\bin;C:\Program Files\nodejs\;C:\Users\palak\AppData\Local\Programs\Python\Python312\Scripts;C:\Program Files\Git\cmd;C:\Users\palak\Downloads\flutter_windows_3.27.3-stable\flutter\bin;C:\Users\palak\AppData\Local\Android\Sdk\cmdline-tools\latest\bin;C:\Users\palak\AppData\Local\Android\Sdk\platform-tools;C:\ffmpeg;C:\Program Files\MongoDB\Server\8.0\bin;C:\Users\palak\AppData\Local\Programs\Python\Python313\Scripts\;C:\Users\palak\AppData\Local\Programs\Python\Python313\;C:\Users\palak\AppData\Local\Programs\Python\Python312\Scripts\;C:\Users\palak\AppData\Local\Programs\Python\Python312\;C:\Users\palak\AppData\Local\Programs\Python\Launcher\;C:\Program Files\MySQL\MySQL Shell 8.0\bin\;C:\Users\palak\AppData\Local\Microsoft\WindowsApps;C:\Users\palak\AppData\Local\Programs\Microsoft VS Code\bin;C:\Program Files\JetBrains\IntelliJ IDEA Community Edition 2023.3.3\bin;C:\Users\palak\AppData\Local\JetBrains\CLion 2023.3.4\bin;C:\Program Files\JetBrains\PyCharm 2024.1.2\bin;C:\Program Files\JetBrains\PyCharm Community Edition 2024.1.4\bin;C:\Users\palak\AppData\Local\JetBrains\Toolbox\scripts;C:\Users\palak\AppData\Roaming\npm;C:\Users\palak\AppData\Local\GitHubDesktop\bin;C:\Users\palak\AppData\Local\Microsoft\WindowsApps;
USERNAME=palak
OS=Windows_NT
PROCESSOR_IDENTIFIER=AMD64 Family 23 Model 24 Stepping 1, AuthenticAMD
TMP=C:\Users\palak\AppData\Local\Temp
TEMP=C:\Users\palak\AppData\Local\Temp




Periodic native trim disabled

---------------  S Y S T E M  ---------------

OS:
 Windows 11 , 64 bit Build 26100 (10.0.26100.3037)
OS uptime: 1 days 17:52 hours

CPU: total 4 (initial active 4) (4 cores per cpu, 2 threads per core) family 23 model 24 stepping 1 microcode 0x8108109, cx8, cmov, fxsr, ht, mmx, 3dnowpref, sse, sse2, sse3, ssse3, sse4a, sse4.1, sse4.2, popcnt, lzcnt, tsc, tscinvbit, avx, avx2, aes, clmul, bmi1, bmi2, adx, sha, fma, vzeroupper, clflush, clflushopt, rdtscp, f16c
Processor Information for the first 4 processors :
  Max Mhz: 2600, Current Mhz: 2600, Mhz Limit: 2600

Memory: 4k page, system-wide physical 6086M (536M free)
TotalPageFile size 14278M (AvailPageFile size 36M)
current process WorkingSet (physical memory assigned to process): 227M, peak: 246M
current process commit charge ("private bytes"): 275M, peak: 302M

vm_info: OpenJDK 64-Bit Server VM (21.0.6+7-LTS) for windows-amd64 JRE (21.0.6+7-LTS), built on 2025-01-21T00:00:00Z by "admin" with MS VC++ 17.7 (VS2022)

END.
