#
# There is insufficient memory for the Java Runtime Environment to continue.
# Native memory allocation (mmap) failed to map 65536 bytes. Error detail: Failed to commit metaspace.
# Possible reasons:
#   The system is out of physical RAM or swap space
#   This process is running with CompressedOops enabled, and the Java Heap may be blocking the growth of the native heap
# Possible solutions:
#   Reduce memory load on the system
#   Increase physical memory or swap space
#   Check if swap backing store is full
#   Decrease Java heap size (-Xmx/-Xms)
#   Decrease number of Java threads
#   Decrease Java thread stack sizes (-Xss)
#   Set larger code cache with -XX:ReservedCodeCacheSize=
#   JVM is running with Unscaled Compressed Oops mode in which the Java heap is
#     placed in the first 4GB address space. The Java Heap base address is the
#     maximum limit for the native heap growth. Please use -XX:HeapBaseMinAddress
#     to set the Java Heap base and to place the Java Heap above 4GB virtual address.
# This output file may be truncated or incomplete.
#
#  Out of Memory Error (virtualSpaceNode.cpp:113), pid=10376, tid=16964
#
# JRE version: OpenJDK Runtime Environment Temurin-21.0.6+7 (21.0.6+7) (build 21.0.6+7-LTS)
# Java VM: OpenJDK 64-Bit Server VM Temurin-21.0.6+7 (21.0.6+7-LTS, mixed mode, sharing, tiered, compressed oops, compressed class ptrs, parallel gc, windows-amd64)
# No core dump will be written. Minidumps are not enabled by default on client versions of Windows
#

---------------  S U M M A R Y ------------

Command Line: --add-modules=ALL-SYSTEM --add-opens=java.base/java.util=ALL-UNNAMED --add-opens=java.base/java.lang=ALL-UNNAMED --add-opens=java.base/sun.nio.fs=ALL-UNNAMED -Declipse.application=org.eclipse.jdt.ls.core.id1 -Dosgi.bundles.defaultStartLevel=4 -Declipse.product=org.eclipse.jdt.ls.core.product -Djava.import.generatesMetadataFilesAtProjectRoot=false -DDetectVMInstallationsJob.disabled=true -Dfile.encoding=utf8 -XX:+UseParallelGC -XX:GCTimeRatio=4 -XX:AdaptiveSizePolicyWeight=90 -Dsun.zip.disableMemoryMapping=true -Xmx1G -Xms100m -Xlog:disable -javaagent:c:\Users\palak\.vscode\extensions\redhat.java-1.41.0-win32-x64\lombok\lombok-1.18.36.jar -XX:+HeapDumpOnOutOfMemoryError -XX:HeapDumpPath=c:\Users\palak\AppData\Roaming\Code\User\workspaceStorage\632f04cdbe9e26a6a5769c745b0508de\redhat.java -Daether.dependencyCollector.impl=bf c:\Users\palak\.vscode\extensions\redhat.java-1.41.0-win32-x64\server\plugins\org.eclipse.equinox.launcher_1.6.1100.v20250306-0509.jar -configuration c:\Users\palak\AppData\Roaming\Code\User\globalStorage\redhat.java\1.41.0\config_win -data c:\Users\palak\AppData\Roaming\Code\User\workspaceStorage\632f04cdbe9e26a6a5769c745b0508de\redhat.java\jdt_ws --pipe=\\.\pipe\lsp-e669ef0e1c5336ef9d2ca72458e8467f-sock

Host: AMD Ryzen 3 3250U with Radeon Graphics         , 4 cores, 5G,  Windows 11 , 64 bit Build 26100 (10.0.26100.3323)
Time: Tue Apr  1 19:27:43 2025 India Standard Time elapsed time: 18.133894 seconds (0d 0h 0m 18s)

---------------  T H R E A D  ---------------

Current thread (0x0000026b7fa9e050):  JavaThread "Start Level: Equinox Container: 291bd26e-f7d1-4c2e-ac76-e45da8c28633" daemon [_thread_in_vm, id=16964, stack(0x0000007a0db00000,0x0000007a0dc00000) (1024K)]

Stack: [0x0000007a0db00000,0x0000007a0dc00000]
Native frames: (J=compiled Java code, j=interpreted, Vv=VM code, C=native code)
V  [jvm.dll+0x6cdee9]
V  [jvm.dll+0x8a83d1]
V  [jvm.dll+0x8aa8fe]
V  [jvm.dll+0x8aafe3]
V  [jvm.dll+0x27f706]
V  [jvm.dll+0x8a411e]
V  [jvm.dll+0x670385]
V  [jvm.dll+0x1e472c]
V  [jvm.dll+0x1e44fe]
V  [jvm.dll+0x672c82]
V  [jvm.dll+0x672aa2]
V  [jvm.dll+0x670d5e]
V  [jvm.dll+0x27c616]
V  [jvm.dll+0x724315]
V  [jvm.dll+0x724e5f]
V  [jvm.dll+0x3c3b68]
V  [jvm.dll+0x3c2957]
V  [jvm.dll+0x3c28f8]
V  [jvm.dll+0x3d47da]
C  0x0000026b2f5d925f

The last pc belongs to new (printed below).
Java frames: (J=compiled Java code, j=interpreted, Vv=VM code)
j  org.eclipse.core.internal.resources.Workspace.startup(Lorg/eclipse/core/runtime/IProgressMonitor;)V+99
j  org.eclipse.core.internal.resources.Workspace.open(Lorg/eclipse/core/runtime/IProgressMonitor;)Lorg/eclipse/core/runtime/IStatus;+137
j  org.eclipse.core.resources.ResourcesPlugin$WorkspaceInitCustomizer.addingService(Lorg/osgi/framework/ServiceReference;)Lorg/eclipse/core/internal/resources/Workspace;+45
j  org.eclipse.core.resources.ResourcesPlugin$WorkspaceInitCustomizer.addingService(Lorg/osgi/framework/ServiceReference;)Ljava/lang/Object;+5
j  org.osgi.util.tracker.ServiceTracker$Tracked.customizerAdding(Lorg/osgi/framework/ServiceReference;Lorg/osgi/framework/ServiceEvent;)Ljava/lang/Object;+8
j  org.osgi.util.tracker.ServiceTracker$Tracked.customizerAdding(Ljava/lang/Object;Ljava/lang/Object;)Ljava/lang/Object;+9
J 2956 c1 org.osgi.util.tracker.AbstractTracked.trackAdding(Ljava/lang/Object;Ljava/lang/Object;)V (167 bytes) @ 0x0000026b2867328c [0x0000026b28673160+0x000000000000012c]
j  org.osgi.util.tracker.AbstractTracked.trackInitial()V+90
j  org.osgi.util.tracker.ServiceTracker.open(Z)V+198
j  org.osgi.util.tracker.ServiceTracker.open()V+2
j  org.eclipse.core.resources.ResourcesPlugin.start(Lorg/osgi/framework/BundleContext;)V+106
j  org.eclipse.osgi.internal.framework.BundleContextImpl$2.run()Ljava/lang/Void;+23
j  org.eclipse.osgi.internal.framework.BundleContextImpl$2.run()Ljava/lang/Object;+1
J 1036 c1 java.security.AccessController.executePrivileged(Ljava/security/PrivilegedExceptionAction;Ljava/security/AccessControlContext;Ljava/lang/Class;)Ljava/lang/Object; java.base@21.0.6 (65 bytes) @ 0x0000026b2823d144 [0x0000026b2823cfe0+0x0000000000000164]
j  java.security.AccessController.doPrivileged(Ljava/security/PrivilegedExceptionAction;)Ljava/lang/Object;+9 java.base@21.0.6
j  org.eclipse.osgi.internal.framework.BundleContextImpl.startActivator(Lorg/osgi/framework/BundleActivator;)V+9
j  org.eclipse.osgi.internal.framework.BundleContextImpl.start()V+141
j  org.eclipse.osgi.internal.framework.EquinoxBundle.startWorker0()V+35
j  org.eclipse.osgi.internal.framework.EquinoxBundle$EquinoxModule.startWorker()V+4
j  org.eclipse.osgi.container.Module.doStart([Lorg/eclipse/osgi/container/Module$StartOptions;)Lorg/eclipse/osgi/container/ModuleContainerAdaptor$ModuleEvent;+200
j  org.eclipse.osgi.container.Module.start([Lorg/eclipse/osgi/container/Module$StartOptions;)V+460
j  org.eclipse.osgi.framework.util.SecureAction.start(Lorg/eclipse/osgi/container/Module;[Lorg/eclipse/osgi/container/Module$StartOptions;)V+8
J 2941 c1 org.eclipse.osgi.internal.hooks.EclipseLazyStarter.postFindLocalClass(Ljava/lang/String;Ljava/lang/Class;Lorg/eclipse/osgi/internal/loader/classpath/ClasspathManager;)V (394 bytes) @ 0x0000026b2866c5d4 [0x0000026b2866b600+0x0000000000000fd4]
J 2454 c1 org.eclipse.osgi.internal.loader.classpath.ClasspathManager.findLocalClass(Ljava/lang/String;)Ljava/lang/Class; (210 bytes) @ 0x0000026b2853faf4 [0x0000026b2853eae0+0x0000000000001014]
J 2452 c1 org.eclipse.osgi.internal.loader.BundleLoader.findLocalClass(Ljava/lang/String;)Ljava/lang/Class; (166 bytes) @ 0x0000026b2853c4ec [0x0000026b2853b940+0x0000000000000bac]
J 2412 c1 org.eclipse.osgi.internal.loader.BundleLoader.findClass0(Ljava/lang/String;ZZ)Ljava/lang/Class; (491 bytes) @ 0x0000026b285249c4 [0x0000026b28521a20+0x0000000000002fa4]
J 2374 c1 org.eclipse.osgi.internal.loader.BundleLoader.findClass(Ljava/lang/String;)Ljava/lang/Class; (8 bytes) @ 0x0000026b2850a7cc [0x0000026b2850a740+0x000000000000008c]
J 2377 c1 org.eclipse.osgi.internal.loader.ModuleClassLoader.loadClass(Ljava/lang/String;Z)Ljava/lang/Class; (36 bytes) @ 0x0000026b2850ad4c [0x0000026b2850ab20+0x000000000000022c]
J 921 c1 java.lang.ClassLoader.loadClass(Ljava/lang/String;)Ljava/lang/Class; java.base@21.0.6 (7 bytes) @ 0x0000026b28206dd4 [0x0000026b28206cc0+0x0000000000000114]
v  ~StubRoutines::call_stub 0x0000026b2f5c100d
j  java.lang.Class.getDeclaredConstructors0(Z)[Ljava/lang/reflect/Constructor;+0 java.base@21.0.6
j  java.lang.Class.privateGetDeclaredConstructors(Z)[Ljava/lang/reflect/Constructor;+52 java.base@21.0.6
j  java.lang.Class.getConstructor0([Ljava/lang/Class;I)Ljava/lang/reflect/Constructor;+14 java.base@21.0.6
j  java.lang.Class.getConstructor([Ljava/lang/Class;)Ljava/lang/reflect/Constructor;+24 java.base@21.0.6
j  org.eclipse.osgi.internal.framework.BundleContextImpl.loadBundleActivator()Lorg/osgi/framework/BundleActivator;+105
j  org.eclipse.osgi.internal.framework.BundleContextImpl.start()V+18
j  org.eclipse.osgi.internal.framework.EquinoxBundle.startWorker0()V+35
j  org.eclipse.osgi.internal.framework.EquinoxBundle$EquinoxModule.startWorker()V+4
j  org.eclipse.osgi.container.Module.doStart([Lorg/eclipse/osgi/container/Module$StartOptions;)Lorg/eclipse/osgi/container/ModuleContainerAdaptor$ModuleEvent;+200
j  org.eclipse.osgi.container.Module.start([Lorg/eclipse/osgi/container/Module$StartOptions;)V+460
j  org.eclipse.osgi.container.ModuleContainer$ContainerStartLevel$2.run()V+83
j  org.eclipse.osgi.internal.framework.EquinoxContainerAdaptor$1$1.execute(Ljava/lang/Runnable;)V+1
j  org.eclipse.osgi.container.ModuleContainer$ContainerStartLevel.incStartLevel(ILjava/util/List;Z)V+193
j  org.eclipse.osgi.container.ModuleContainer$ContainerStartLevel.incStartLevel(ILjava/util/List;Ljava/util/List;Ljava/util/List;Ljava/util/List;)V+19
j  org.eclipse.osgi.container.ModuleContainer$ContainerStartLevel.doContainerStartLevel(Lorg/eclipse/osgi/container/Module;I[Lorg/osgi/framework/FrameworkListener;)V+358
j  org.eclipse.osgi.container.ModuleContainer$ContainerStartLevel.dispatchEvent(Lorg/eclipse/osgi/container/Module;[Lorg/osgi/framework/FrameworkListener;ILjava/lang/Integer;)V+32
j  org.eclipse.osgi.container.ModuleContainer$ContainerStartLevel.dispatchEvent(Ljava/lang/Object;Ljava/lang/Object;ILjava/lang/Object;)V+15
j  org.eclipse.osgi.framework.eventmgr.EventManager.dispatchEvent(Ljava/util/Set;Lorg/eclipse/osgi/framework/eventmgr/EventDispatcher;ILjava/lang/Object;)V+48
j  org.eclipse.osgi.framework.eventmgr.EventManager$EventThread.run()V+26
v  ~StubRoutines::call_stub 0x0000026b2f5c100d
new  187 new  [0x0000026b2f5d90e0, 0x0000026b2f5d92e8]  520 bytes
[MachCode]
  0x0000026b2f5d90e0: 4883 ec08 | c5fa 1104 | 24eb 1f48 | 83ec 10c5 | fb11 0424 | eb14 4883 | ec10 4889 | 0424 48c7 
  0x0000026b2f5d9100: 4424 0800 | 0000 00eb | 0150 410f | b755 010f | cac1 ea10 | 488b 4de8 | 488b 4908 | 488b 4908 
  0x0000026b2f5d9120: 488b 4108 | 807c 1004 | 070f 85d3 | 0000 0066 | 8b54 d148 | 488b 4928 | 488b 4cd1 | 0851 80b9 
  0x0000026b2f5d9140: 2101 0000 | 040f 85b6 | 0000 008b | 5108 f6c2 | 010f 85aa | 0000 0049 | 8b87 b801 | 0000 488d 
  0x0000026b2f5d9160: 1c10 493b | 9fc8 0100 | 000f 8792 | 0000 0049 | 899f b801 | 0000 4883 | ea10 0f84 | 0f00 0000 
  0x0000026b2f5d9180: 33c9 c1ea | 0348 894c | d008 48ff | ca75 f648 | c700 0100 | 0000 5933 | f689 700c | 49ba 0000 
  0x0000026b2f5d91a0: 003a 6b02 | 0000 492b | ca89 4808 | 49ba 365b | 34fd f87f | 0000 4180 | 3a00 0f84 | 3c00 0000 
  0x0000026b2f5d91c0: 5048 8bc8 | 4883 ec20 | 40f6 c40f | 0f84 1900 | 0000 4883 | ec08 48b8 | 004c defc | f87f 0000 
  0x0000026b2f5d91e0: ffd0 4883 | c408 e90c | 0000 0048 | b800 4cde | fcf8 7f00 | 00ff d048 | 83c4 2058 | e9cb 0000 
  0x0000026b2f5d9200: 0059 488b | 55e8 488b | 5208 488b | 5208 450f | b745 0141 | 0fc8 41c1 | e810 e805 | 0000 00e9 
  0x0000026b2f5d9220: a800 0000 | 488d 4424 | 084c 896d | c049 8bcf | c5f8 7749 | 89af a803 | 0000 4989 | 8798 0300 
  0x0000026b2f5d9240: 0048 83ec | 2040 f6c4 | 0f0f 8419 | 0000 0048 | 83ec 0848 | b850 47a8 | fcf8 7f00 | 00ff d048 
  0x0000026b2f5d9260: 83c4 08e9 | 0c00 0000 | 48b8 5047 | a8fc f87f | 0000 ffd0 | 4883 c420 | 49c7 8798 | 0300 0000 
  0x0000026b2f5d9280: 0000 0049 | c787 a803 | 0000 0000 | 0000 49c7 | 87a0 0300 | 0000 0000 | 00c5 f877 | 4983 7f08 
  0x0000026b2f5d92a0: 000f 8405 | 0000 00e9 | 547c feff | 498b 87f0 | 0300 0049 | c787 f003 | 0000 0000 | 0000 4c8b 
  0x0000026b2f5d92c0: 6dc0 4c8b | 75c8 4e8d | 74f5 00c3 | 410f b65d | 0349 83c5 | 0349 ba30 | 2137 fdf8 | 7f00 0041 
  0x0000026b2f5d92e0: ff24 da0f | 1f44 0000 
[/MachCode]

Compiled method (c1) 18213 2956   !   3       org.osgi.util.tracker.AbstractTracked::trackAdding (167 bytes)
 total in heap  [0x0000026b28672f10,0x0000026b28673e60] = 3920
 relocation     [0x0000026b28673070,0x0000026b28673148] = 216
 main code      [0x0000026b28673160,0x0000026b28673ad0] = 2416
 stub code      [0x0000026b28673ad0,0x0000026b28673b78] = 168
 oops           [0x0000026b28673b78,0x0000026b28673b80] = 8
 metadata       [0x0000026b28673b80,0x0000026b28673b88] = 8
 scopes data    [0x0000026b28673b88,0x0000026b28673c70] = 232
 scopes pcs     [0x0000026b28673c70,0x0000026b28673d60] = 240
 dependencies   [0x0000026b28673d60,0x0000026b28673d68] = 8
 handler table  [0x0000026b28673d68,0x0000026b28673e40] = 216
 nul chk table  [0x0000026b28673e40,0x0000026b28673e60] = 32

[Constant Pool (empty)]

[MachCode]
[Entry Point]
  # {method} {0x0000026b7b6ab2e0} 'trackAdding' '(Ljava/lang/Object;Ljava/lang/Object;)V' in 'org/osgi/util/tracker/AbstractTracked'
  # this:     rdx:rdx   = 'org/osgi/util/tracker/AbstractTracked'
  # parm0:    r8:r8     = 'java/lang/Object'
  # parm1:    r9:r9     = 'java/lang/Object'
  #           [sp+0x80]  (sp of caller)
  0x0000026b28673160: 448b 5208 | 49bb 0000 | 003a 6b02 | 0000 4d03 | d34c 3bd0 

  0x0000026b28673174: ;   {runtime_call ic_miss_stub}
  0x0000026b28673174: 0f85 06b3 | f906 660f | 1f44 0000 
[Verified Entry Point]
  0x0000026b28673180: 8984 2400 | 80ff ff55 | 4883 ec70 | 4181 7f20 | 0100 0000 

  0x0000026b28673194: ;   {runtime_call StubRoutines (final stubs)}
  0x0000026b28673194: 7405 e845 | 58f8 0648 | 8954 2428 

  0x0000026b286731a0: ;   {metadata(method data for {method} {0x0000026b7b6ab2e0} 'trackAdding' '(Ljava/lang/Object;Ljava/lang/Object;)V' in 'org/osgi/util/tracker/AbstractTracked')}
  0x0000026b286731a0: 48be 0040 | c17b 6b02 | 0000 8bbe | cc00 0000 | 83c7 0289 | becc 0000 | 0081 e7fe | 0700 0085 
  0x0000026b286731c0: ff0f 8424 | 0800 0048 

  0x0000026b286731c8: ;   {metadata(method data for {method} {0x0000026b7b6ab2e0} 'trackAdding' '(Ljava/lang/Object;Ljava/lang/Object;)V' in 'org/osgi/util/tracker/AbstractTracked')}
  0x0000026b286731c8: 8bf2 48bf | 0040 c17b | 6b02 0000 | 8b76 0849 | ba00 0000 | 3a6b 0200 | 0049 03f2 | 483b b720 
  0x0000026b286731e8: 0100 0075 | 0d48 8387 | 2801 0000 | 01e9 6000 | 0000 483b | b730 0100 | 0075 0d48 | 8387 3801 
  0x0000026b28673208: 0000 01e9 | 4a00 0000 | 4883 bf20 | 0100 0000 | 7517 4889 | b720 0100 | 0048 c787 | 2801 0000 
  0x0000026b28673228: 0100 0000 | e929 0000 | 0048 83bf | 3001 0000 | 0075 1748 | 89b7 3001 | 0000 48c7 | 8738 0100 
  0x0000026b28673248: 0001 0000 | 00e9 0800 | 0000 4883 | 8710 0100 | 0001 498b | f04c 8bc6 | 498b f94c | 8bcf 488b 
  0x0000026b28673268: da48 8bd3 | 4889 7c24 | 3848 8974 | 2430 0f1f | 8000 0000 | 0048 b8ff | ffff ffff 

  0x0000026b28673284: ;   {virtual_call}
  0x0000026b28673284: ffff ffe8 

  0x0000026b28673288: ; ImmutableOopMap {[40]=Oop [48]=Oop [56]=Oop }
                      ;*invokevirtual customizerAdding {reexecute=0 rethrow=0 return_oop=0}
                      ; - org.osgi.util.tracker.AbstractTracked::trackAdding@8 (line 257)
  0x0000026b28673288: fc1d 0807 

  0x0000026b2867328c: ;   {other}
  0x0000026b2867328c: 0f1f 8400 | 7c03 0000 | 4889 4424 

  0x0000026b28673298: ;   {metadata(method data for {method} {0x0000026b7b6ab2e0} 'trackAdding' '(Ljava/lang/Object;Ljava/lang/Object;)V' in 'org/osgi/util/tracker/AbstractTracked')}
  0x0000026b28673298: 4049 b800 | 40c1 7b6b | 0200 0041 | ff80 4801 | 0000 488b | 5424 284c | 8d44 2450 | 4989 5008 
  0x0000026b286732b8: 488b 0248 | 83c8 0149 | 8900 f04c | 0fb1 020f | 8412 0000 | 0048 2bc4 | 4825 07f0 | ffff 4989 
  0x0000026b286732d8: 000f 852d | 0700 0049 | ff87 4805 | 0000 8b72 | 1848 3b06 

  0x0000026b286732ec: ;   {metadata(method data for {method} {0x0000026b7b6ab2e0} 'trackAdding' '(Ljava/lang/Object;Ljava/lang/Object;)V' in 'org/osgi/util/tracker/AbstractTracked')}
  0x0000026b286732ec: 4c8b c648 | bf00 40c1 | 7b6b 0200 | 0045 8b40 | 0849 ba00 | 0000 3a6b | 0200 004d | 03c2 4c3b 
  0x0000026b2867330c: 87e0 0200 | 0075 0d48 | 8387 e802 | 0000 01e9 | 6000 0000 | 4c3b 87f0 | 0200 0075 | 0d48 8387 
  0x0000026b2867332c: f802 0000 | 01e9 4a00 | 0000 4883 | bfe0 0200 | 0000 7517 | 4c89 87e0 | 0200 0048 | c787 e802 
  0x0000026b2867334c: 0000 0100 | 0000 e929 | 0000 0048 | 83bf f002 | 0000 0075 | 174c 8987 | f002 0000 | 48c7 87f8 
  0x0000026b2867336c: 0200 0001 | 0000 00e9 | 0800 0000 | 4883 87d0 | 0200 0001 | 4c8b 4424 | 3048 8bd6 | 0f1f 4400 
  0x0000026b2867338c: 0048 b8e0 | a50b 3a6b 

  0x0000026b28673394: ;   {virtual_call}
  0x0000026b28673394: 0200 00e8 

  0x0000026b28673398: ; ImmutableOopMap {[40]=Oop [48]=Oop [56]=Oop [64]=Oop [88]=Oop }
                      ;*invokeinterface remove {reexecute=0 rethrow=0 return_oop=0}
                      ; - org.osgi.util.tracker.AbstractTracked::trackAdding@95 (line 264)
  0x0000026b28673398: e40f e8ff 

  0x0000026b2867339c: ;   {other}
  0x0000026b2867339c: 0f1f 8400 | 8c04 0001 

  0x0000026b286733a4: ;   {metadata(method data for {method} {0x0000026b7b6ab2e0} 'trackAdding' '(Ljava/lang/Object;Ljava/lang/Object;)V' in 'org/osgi/util/tracker/AbstractTracked')}
  0x0000026b286733a4: 85c0 49b8 | 0040 c17b | 6b02 0000 | 49c7 c108 | 0300 0074 | 0749 c7c1 | 1803 0000 | 4b8b 1408 
  0x0000026b286733c4: 488d 5201 | 4b89 1408 | 488b 5424 | 280f 8434 | 0000 0044 | 0fbe 4210 

  0x0000026b286733dc: ;   {metadata(method data for {method} {0x0000026b7b6ab2e0} 'trackAdding' '(Ljava/lang/Object;Ljava/lang/Object;)V' in 'org/osgi/util/tracker/AbstractTracked')}
  0x0000026b286733dc: 4585 c049 | b800 40c1 | 7b6b 0200 | 0049 c7c1 | 3803 0000 | 7407 49c7 | c128 0300 | 004b 8b34 
  0x0000026b286733fc: 0848 8d76 | 014b 8934 | 080f 840a | 0000 00be | 0100 0000 | e9fc 0100 | 0048 8b44 | 2440 4885 
  0x0000026b2867341c: ;   {metadata(method data for {method} {0x0000026b7b6ab2e0} 'trackAdding' '(Ljava/lang/Object;Ljava/lang/Object;)V' in 'org/osgi/util/tracker/AbstractTracked')}
  0x0000026b2867341c: c049 b800 | 40c1 7b6b | 0200 0049 | c7c1 5803 | 0000 7507 | 49c7 c148 | 0300 004b | 8b34 0848 
  0x0000026b2867343c: 8d76 014b | 8934 080f | 850a 0000 | 00be 0000 | 0000 e9be | 0100 008b | 7214 483b | 064c 8bc6 
  0x0000026b2867345c: ;   {metadata(method data for {method} {0x0000026b7b6ab2e0} 'trackAdding' '(Ljava/lang/Object;Ljava/lang/Object;)V' in 'org/osgi/util/tracker/AbstractTracked')}
  0x0000026b2867345c: 49b9 0040 | c17b 6b02 | 0000 458b | 4008 49ba | 0000 003a | 6b02 0000 | 4d03 c24d | 3b81 7803 
  0x0000026b2867347c: 0000 750d | 4983 8180 | 0300 0001 | e960 0000 | 004d 3b81 | 8803 0000 | 750d 4983 | 8190 0300 
  0x0000026b2867349c: 0001 e94a | 0000 0049 | 83b9 7803 | 0000 0075 | 174d 8981 | 7803 0000 | 49c7 8180 | 0300 0001 
  0x0000026b286734bc: 0000 00e9 | 2900 0000 | 4983 b988 | 0300 0000 | 7517 4d89 | 8188 0300 | 0049 c781 | 9003 0000 
  0x0000026b286734dc: 0100 0000 | e908 0000 | 0049 8381 | 6803 0000 | 014c 8b44 | 2430 4c8b | c848 8bd6 | 0f1f 4400 
  0x0000026b286734fc: 0048 b880 | c608 3a6b 

  0x0000026b28673504: ;   {virtual_call}
  0x0000026b28673504: 0200 00e8 

  0x0000026b28673508: ; ImmutableOopMap {[40]=Oop [48]=Oop [56]=Oop [64]=Oop [88]=Oop }
                      ;*invokeinterface put {reexecute=0 rethrow=0 return_oop=0}
                      ; - org.osgi.util.tracker.AbstractTracked::trackAdding@120 (line 270)
  0x0000026b28673508: f4d7 5607 

  0x0000026b2867350c: ;   {other}
  0x0000026b2867350c: 0f1f 8400 | fc05 0002 | 488b 5424 

  0x0000026b28673518: ;   {metadata(method data for {method} {0x0000026b7b6ab2e0} 'trackAdding' '(Ljava/lang/Object;Ljava/lang/Object;)V' in 'org/osgi/util/tracker/AbstractTracked')}
  0x0000026b28673518: 2848 be00 | 40c1 7b6b | 0200 008b | 5208 49ba | 0000 003a | 6b02 0000 | 4903 d248 | 3b96 b003 
  0x0000026b28673538: 0000 750d | 4883 86b8 | 0300 0001 | e960 0000 | 0048 3b96 | c003 0000 | 750d 4883 | 86c8 0300 
  0x0000026b28673558: 0001 e94a | 0000 0048 | 83be b003 | 0000 0075 | 1748 8996 | b003 0000 | 48c7 86b8 | 0300 0001 
  0x0000026b28673578: 0000 00e9 | 2900 0000 | 4883 bec0 | 0300 0000 | 7517 4889 | 96c0 0300 | 0048 c786 | c803 0000 
  0x0000026b28673598: 0100 0000 | e908 0000 | 0048 8386 | a003 0000 | 0148 8b54 | 2428 0f1f | 8000 0000 | 0048 b8ff 
  0x0000026b286735b8: ffff ffff 

  0x0000026b286735bc: ;   {virtual_call}
  0x0000026b286735bc: ffff ffe8 

  0x0000026b286735c0: ; ImmutableOopMap {[40]=Oop [48]=Oop [56]=Oop [64]=Oop [88]=Oop }
                      ;*invokevirtual modified {reexecute=0 rethrow=0 return_oop=0}
                      ; - org.osgi.util.tracker.AbstractTracked::trackAdding@127 (line 271)
  0x0000026b286735c0: 146b 0507 

  0x0000026b286735c4: ;   {other}
  0x0000026b286735c4: 0f1f 8400 | b406 0003 | 488b 5424 

  0x0000026b286735d0: ;   {metadata(method data for {method} {0x0000026b7b6ab2e0} 'trackAdding' '(Ljava/lang/Object;Ljava/lang/Object;)V' in 'org/osgi/util/tracker/AbstractTracked')}
  0x0000026b286735d0: 2848 be00 | 40c1 7b6b | 0200 0048 | 8386 d803 | 0000 0148 | 8b54 2428 | 0f1f 8000 

  0x0000026b286735ec: ;   {optimized virtual_call}
  0x0000026b286735ec: 0000 00e8 

  0x0000026b286735f0: ; ImmutableOopMap {[40]=Oop [48]=Oop [56]=Oop [64]=Oop [88]=Oop }
                      ;*invokevirtual notifyAll {reexecute=0 rethrow=0 return_oop=0}
                      ; - org.osgi.util.tracker.AbstractTracked::trackAdding@131 (line 272)
  0x0000026b286735f0: 4c18 5b07 

  0x0000026b286735f4: ;   {other}
  0x0000026b286735f4: 0f1f 8400 | e406 0004 

  0x0000026b286735fc: ;   {metadata(method data for {method} {0x0000026b7b6ab2e0} 'trackAdding' '(Ljava/lang/Object;Ljava/lang/Object;)V' in 'org/osgi/util/tracker/AbstractTracked')}
  0x0000026b286735fc: 48b8 0040 | c17b 6b02 | 0000 ff80 | 1004 0000 | be00 0000 | 0048 8d44 | 2450 4c8b | 004d 85c0 
  0x0000026b2867361c: 0f84 0f00 | 0000 488b | 5008 f04c | 0fb1 020f | 85f8 0300 | 0049 ff8f | 4805 0000 

  0x0000026b28673638: ;   {metadata(method data for {method} {0x0000026b7b6ab2e0} 'trackAdding' '(Ljava/lang/Object;Ljava/lang/Object;)V' in 'org/osgi/util/tracker/AbstractTracked')}
  0x0000026b28673638: 48b8 0040 | c17b 6b02 | 0000 ff80 | 2804 0000 

  0x0000026b28673648: ;   {metadata(method data for {method} {0x0000026b7b6ab2e0} 'trackAdding' '(Ljava/lang/Object;Ljava/lang/Object;)V' in 'org/osgi/util/tracker/AbstractTracked')}
  0x0000026b28673648: 85f6 48b8 | 0040 c17b | 6b02 0000 | 49c7 c040 | 0400 0074 | 0749 c7c0 | 5004 0000 | 4a8b 1400 
  0x0000026b28673668: 488d 5201 | 4a89 1400 | 0f84 ae02 | 0000 488b | 4424 4048 

  0x0000026b2867367c: ;   {metadata(method data for {method} {0x0000026b7b6ab2e0} 'trackAdding' '(Ljava/lang/Object;Ljava/lang/Object;)V' in 'org/osgi/util/tracker/AbstractTracked')}
  0x0000026b2867367c: 85c0 49b8 | 0040 c17b | 6b02 0000 | 48c7 c260 | 0400 0074 | 0748 c7c2 | 7004 0000 | 498b 3410 
  0x0000026b2867369c: 488d 7601 | 4989 3410 | 0f84 7a02 | 0000 e9b6 | 0100 0048 | 8b54 2428 | 498b 87f8 | 0400 004d 
  0x0000026b286736bc: 33d2 4d89 | 97f8 0400 | 004d 33d2 | 4d89 9700 | 0500 004c | 8d44 2450 | 4889 4424 | 4849 8950 
  0x0000026b286736dc: 0848 8b02 | 4883 c801 | 4989 00f0 | 4c0f b102 | 0f84 1200 | 0000 482b | c448 2507 | f0ff ff49 
  0x0000026b286736fc: 8900 0f85 | 3803 0000 | 49ff 8748 | 0500 008b | 7218 483b | 064c 8bc6 

  0x0000026b28673714: ;   {metadata(method data for {method} {0x0000026b7b6ab2e0} 'trackAdding' '(Ljava/lang/Object;Ljava/lang/Object;)V' in 'org/osgi/util/tracker/AbstractTracked')}
  0x0000026b28673714: 48bf 0040 | c17b 6b02 | 0000 458b | 4008 49ba | 0000 003a | 6b02 0000 | 4d03 c24c | 3b87 7001 
  0x0000026b28673734: 0000 750d | 4883 8778 | 0100 0001 | e960 0000 | 004c 3b87 | 8001 0000 | 750d 4883 | 8788 0100 
  0x0000026b28673754: 0001 e94a | 0000 0048 | 83bf 7001 | 0000 0075 | 174c 8987 | 7001 0000 | 48c7 8778 | 0100 0001 
  0x0000026b28673774: 0000 00e9 | 2900 0000 | 4883 bf80 | 0100 0000 | 7517 4c89 | 8780 0100 | 0048 c787 | 8801 0000 
  0x0000026b28673794: 0100 0000 | e908 0000 | 0048 8387 | 6001 0000 | 014c 8b44 | 2430 488b | d648 b8ff | ffff ffff 
  0x0000026b286737b4: ;   {virtual_call}
  0x0000026b286737b4: ffff ffe8 

  0x0000026b286737b8: ; ImmutableOopMap {[40]=Oop [48]=Oop [72]=Oop [88]=Oop }
                      ;*invokeinterface remove {reexecute=0 rethrow=0 return_oop=0}
                      ; - org.osgi.util.tracker.AbstractTracked::trackAdding@27 (line 264)
  0x0000026b286737b8: c4b2 f906 

  0x0000026b286737bc: ;   {other}
  0x0000026b286737bc: 0f1f 8400 | ac08 0005 

  0x0000026b286737c4: ;   {metadata(method data for {method} {0x0000026b7b6ab2e0} 'trackAdding' '(Ljava/lang/Object;Ljava/lang/Object;)V' in 'org/osgi/util/tracker/AbstractTracked')}
  0x0000026b286737c4: 85c0 48b8 | 0040 c17b | 6b02 0000 | 49c7 c098 | 0100 0074 | 0749 c7c0 | a801 0000 | 4e8b 0c00 
  0x0000026b286737e4: 4d8d 4901 | 4e89 0c00 | 0f84 4700 | 0000 488b | 5424 280f | be42 1085 

  0x0000026b286737fc: ;   {metadata(method data for {method} {0x0000026b7b6ab2e0} 'trackAdding' '(Ljava/lang/Object;Ljava/lang/Object;)V' in 'org/osgi/util/tracker/AbstractTracked')}
  0x0000026b286737fc: c048 b800 | 40c1 7b6b | 0200 0049 | c7c0 b801 | 0000 7507 | 49c7 c0c8 | 0100 004e | 8b0c 004d 
  0x0000026b2867381c: 8d49 014e | 890c 000f | 8510 0000 

  0x0000026b28673828: ;   {metadata(method data for {method} {0x0000026b7b6ab2e0} 'trackAdding' '(Ljava/lang/Object;Ljava/lang/Object;)V' in 'org/osgi/util/tracker/AbstractTracked')}
  0x0000026b28673828: 0048 b800 | 40c1 7b6b | 0200 00ff | 80d8 0100 | 0048 8d44 | 2450 4c8b | 004d 85c0 | 0f84 0f00 
  0x0000026b28673848: 0000 4c8b | 4808 f04d | 0fb1 010f | 85fb 0100 | 0049 ff8f | 4805 0000 | e9d2 0000 | 004c 8b4c 
  0x0000026b28673868: 2438 4c8b | 4424 3048 | 8b54 2428 

  0x0000026b28673874: ;   {metadata(method data for {method} {0x0000026b7b6ab2e0} 'trackAdding' '(Ljava/lang/Object;Ljava/lang/Object;)V' in 'org/osgi/util/tracker/AbstractTracked')}
  0x0000026b28673874: 488b fa48 | be00 40c1 | 7b6b 0200 | 008b 7f08 | 49ba 0000 | 003a 6b02 | 0000 4903 | fa48 3bbe 
  0x0000026b28673894: 9004 0000 | 750d 4883 | 8698 0400 | 0001 e960 | 0000 0048 | 3bbe a004 | 0000 750d | 4883 86a8 
  0x0000026b286738b4: 0400 0001 | e94a 0000 | 0048 83be | 9004 0000 | 0075 1748 | 89be 9004 | 0000 48c7 | 8698 0400 
  0x0000026b286738d4: 0001 0000 | 00e9 2900 | 0000 4883 | bea0 0400 | 0000 7517 | 4889 bea0 | 0400 0048 | c786 a804 
  0x0000026b286738f4: 0000 0100 | 0000 e908 | 0000 0048 | 8386 8004 | 0000 0148 | 8bf8 6666 | 9048 b8ff | ffff ffff 
  0x0000026b28673914: ;   {virtual_call}
  0x0000026b28673914: ffff ffe8 

  0x0000026b28673918: ; ImmutableOopMap {}
                      ;*invokevirtual customizerRemoved {reexecute=0 rethrow=0 return_oop=0}
                      ; - org.osgi.util.tracker.AbstractTracked::trackAdding@163 (line 287)
  0x0000026b28673918: 64b1 f906 

  0x0000026b2867391c: ;   {other}
  0x0000026b2867391c: 0f1f 8400 | 0c0a 0006 | 4883 c470 

  0x0000026b28673928: ;   {poll_return}
  0x0000026b28673928: 5d49 3ba7 | 4804 0000 | 0f87 3101 

  0x0000026b28673934: ;   {metadata(method data for {method} {0x0000026b7b6ab2e0} 'trackAdding' '(Ljava/lang/Object;Ljava/lang/Object;)V' in 'org/osgi/util/tracker/AbstractTracked')}
  0x0000026b28673934: 0000 c348 | b800 40c1 | 7b6b 0200 | 00ff 80b8 | 0200 0048 | 8b44 2448 | e96f 0100 | 0049 8b87 
  0x0000026b28673954: f804 0000 | 4d33 d24d | 8997 f804 | 0000 4d33 | d24d 8997 | 0005 0000 | 488b f048 | 8d44 2450 
  0x0000026b28673974: 488b 3848 | 85ff 0f84 | 0f00 0000 | 488b 5808 | f048 0fb1 | 3b0f 85ee | 0000 0049 | ff8f 4805 
  0x0000026b28673994: 0000 488b | c6e9 2201 | 0000 498b | 87f8 0400 | 004d 33d2 | 4d89 97f8 | 0400 004d | 33d2 4d89 
  0x0000026b286739b4: 9700 0500 | 0048 8bf0 | 488d 4424 | 5048 8b38 | 4885 ff0f | 840f 0000 | 0048 8b58 | 08f0 480f 
  0x0000026b286739d4: b13b 0f85 | b400 0000 | 49ff 8f48 | 0500 0048 | 8bc6 e9d5 

  0x0000026b286739e8: ;   {metadata({method} {0x0000026b7b6ab2e0} 'trackAdding' '(Ljava/lang/Object;Ljava/lang/Object;)V' in 'org/osgi/util/tracker/AbstractTracked')}
  0x0000026b286739e8: 0000 0049 | bad8 b26a | 7b6b 0200 | 004c 8954 | 2408 48c7 | 0424 ffff 

  0x0000026b28673a00: ;   {runtime_call counter_overflow Runtime1 stub}
  0x0000026b28673a00: ffff e879 

  0x0000026b28673a04: ; ImmutableOopMap {rdx=Oop r8=Oop r9=Oop [40]=Oop }
                      ;*synchronization entry
                      ; - org.osgi.util.tracker.AbstractTracked::trackAdding@-1 (line 253)
  0x0000026b28673a04: 2205 07e9 | bbf7 ffff | 4889 5424 | 084c 8904 

  0x0000026b28673a14: ;   {runtime_call monitorenter_nofpu Runtime1 stub}
  0x0000026b28673a14: 24e8 6601 

  0x0000026b28673a18: ; ImmutableOopMap {rdx=Oop [40]=Oop [48]=Oop [56]=Oop [64]=Oop [88]=Oop }
                      ;*monitorenter {reexecute=0 rethrow=0 return_oop=0}
                      ; - org.osgi.util.tracker.AbstractTracked::trackAdding@89 (line 263)
  0x0000026b28673a18: 0507 e9c7 

  0x0000026b28673a1c: ;   {runtime_call throw_null_pointer_exception Runtime1 stub}
  0x0000026b28673a1c: f8ff ffe8 

  0x0000026b28673a20: ; ImmutableOopMap {rdx=Oop rsi=Oop [40]=Oop [48]=Oop [56]=Oop [64]=Oop [88]=Oop }
                      ;*invokeinterface remove {reexecute=0 rethrow=0 return_oop=0}
                      ; - org.osgi.util.tracker.AbstractTracked::trackAdding@95 (line 264)
  0x0000026b28673a20: dce5 fb06 

  0x0000026b28673a24: ;   {runtime_call throw_null_pointer_exception Runtime1 stub}
  0x0000026b28673a24: e8d7 e5fb 

  0x0000026b28673a28: ; ImmutableOopMap {rdx=Oop rax=Oop rsi=Oop [40]=Oop [48]=Oop [56]=Oop [64]=Oop [88]=Oop }
                      ;*invokeinterface put {reexecute=0 rethrow=0 return_oop=0}
                      ; - org.osgi.util.tracker.AbstractTracked::trackAdding@120 (line 270)
  0x0000026b28673a28: 0648 8d44 | 2450 4889 

  0x0000026b28673a30: ;   {runtime_call monitorexit_nofpu Runtime1 stub}
  0x0000026b28673a30: 0424 e849 | 0705 07e9 | fcfb ffff | 4889 5424 | 084c 8904 

  0x0000026b28673a44: ;   {runtime_call monitorenter_nofpu Runtime1 stub}
  0x0000026b28673a44: 24e8 3601 

  0x0000026b28673a48: ; ImmutableOopMap {rdx=Oop [40]=Oop [48]=Oop [72]=Oop [88]=Oop }
                      ;*monitorenter {reexecute=0 rethrow=0 return_oop=0}
                      ; - org.osgi.util.tracker.AbstractTracked::trackAdding@21 (line 263)
  0x0000026b28673a48: 0507 e9bc 

  0x0000026b28673a4c: ;   {runtime_call throw_null_pointer_exception Runtime1 stub}
  0x0000026b28673a4c: fcff ffe8 

  0x0000026b28673a50: ; ImmutableOopMap {rdx=Oop rsi=Oop [40]=Oop [48]=Oop [72]=Oop [88]=Oop }
                      ;*invokeinterface remove {reexecute=0 rethrow=0 return_oop=0}
                      ; - org.osgi.util.tracker.AbstractTracked::trackAdding@27 (line 264)
  0x0000026b28673a50: ace5 fb06 | 488d 4424 | 5048 8904 

  0x0000026b28673a5c: ;   {runtime_call monitorexit_nofpu Runtime1 stub}
  0x0000026b28673a5c: 24e8 1e07 | 0507 e9f9 

  0x0000026b28673a64: ;   {internal_word}
  0x0000026b28673a64: fdff ff49 | ba29 3967 | 286b 0200 | 004d 8997 | 6004 0000 

  0x0000026b28673a78: ;   {runtime_call SafepointBlob}
  0x0000026b28673a78: e983 10fa | 0648 8d44 | 2450 4889 

  0x0000026b28673a84: ;   {runtime_call monitorexit_nofpu Runtime1 stub}
  0x0000026b28673a84: 0424 e8f5 | 0605 07e9 | 06ff ffff | 488d 4424 | 5048 8904 

  0x0000026b28673a98: ;   {runtime_call monitorexit_nofpu Runtime1 stub}
  0x0000026b28673a98: 24e8 e206 | 0507 e940 | ffff ff49 | 8b87 f804 | 0000 49c7 | 87f8 0400 | 0000 0000 | 0049 c787 
  0x0000026b28673ab8: 0005 0000 | 0000 0000 | 4883 c470 

  0x0000026b28673ac4: ;   {runtime_call unwind_exception Runtime1 stub}
  0x0000026b28673ac4: 5de9 36f4 | fb06 f4f4 | f4f4 f4f4 
[Stub Code]
  0x0000026b28673ad0: ;   {no_reloc}
  0x0000026b28673ad0: 0f1f 4400 

  0x0000026b28673ad4: ;   {static_stub}
  0x0000026b28673ad4: 0048 bb00 | 0000 0000 

  0x0000026b28673adc: ;   {runtime_call nmethod}
  0x0000026b28673adc: 0000 00e9 | fbff ffff 

  0x0000026b28673ae4: ;   {static_stub}
  0x0000026b28673ae4: 9048 bb00 | 0000 0000 

  0x0000026b28673aec: ;   {runtime_call nmethod}
  0x0000026b28673aec: 0000 00e9 | fbff ffff 

  0x0000026b28673af4: ;   {static_stub}
  0x0000026b28673af4: 9048 bb00 | 0000 0000 

  0x0000026b28673afc: ;   {runtime_call nmethod}
  0x0000026b28673afc: 0000 00e9 | fbff ffff 

  0x0000026b28673b04: ;   {static_stub}
  0x0000026b28673b04: 9048 bb00 | 0000 0000 

  0x0000026b28673b0c: ;   {runtime_call nmethod}
  0x0000026b28673b0c: 0000 00e9 | fbff ffff 

  0x0000026b28673b14: ;   {static_stub}
  0x0000026b28673b14: 9048 bb00 | 0000 0000 

  0x0000026b28673b1c: ;   {runtime_call nmethod}
  0x0000026b28673b1c: 0000 00e9 | fbff ffff 

  0x0000026b28673b24: ;   {static_stub}
  0x0000026b28673b24: 9048 bb00 | 0000 0000 

  0x0000026b28673b2c: ;   {runtime_call nmethod}
  0x0000026b28673b2c: 0000 00e9 | fbff ffff 

  0x0000026b28673b34: ;   {static_stub}
  0x0000026b28673b34: 48bb 0000 | 0000 0000 

  0x0000026b28673b3c: ;   {runtime_call nmethod}
  0x0000026b28673b3c: 0000 e9fb 

  0x0000026b28673b40: ;   {runtime_call handle_exception_from_callee Runtime1 stub}
  0x0000026b28673b40: ffff ffe8 | b8c6 fb06 

  0x0000026b28673b48: ;   {external_word}
  0x0000026b28673b48: 48b9 907f | 0afd f87f | 0000 4883 

  0x0000026b28673b54: ;   {runtime_call}
  0x0000026b28673b54: e4f0 48b8 | f042 cdfc | f87f 0000 

  0x0000026b28673b60: ;   {section_word}
  0x0000026b28673b60: ffd0 f449 | ba63 3b67 | 286b 0200 

  0x0000026b28673b6c: ;   {runtime_call DeoptimizationBlob}
  0x0000026b28673b6c: 0041 52e9 | 2c02 fa06 | f4f4 f4f4 
[/MachCode]


Compiled method (c1) 18287 1036       3       java.security.AccessController::executePrivileged (65 bytes)
 total in heap  [0x0000026b2823ce10,0x0000026b2823d400] = 1520
 relocation     [0x0000026b2823cf70,0x0000026b2823cfd8] = 104
 main code      [0x0000026b2823cfe0,0x0000026b2823d288] = 680
 stub code      [0x0000026b2823d288,0x0000026b2823d2e0] = 88
 metadata       [0x0000026b2823d2e0,0x0000026b2823d2f0] = 16
 scopes data    [0x0000026b2823d2f0,0x0000026b2823d368] = 120
 scopes pcs     [0x0000026b2823d368,0x0000026b2823d3e8] = 128
 dependencies   [0x0000026b2823d3e8,0x0000026b2823d3f0] = 8
 nul chk table  [0x0000026b2823d3f0,0x0000026b2823d400] = 16

[Constant Pool (empty)]

[MachCode]
[Verified Entry Point]
  # {method} {0x0000026b3a46cdb0} 'executePrivileged' '(Ljava/security/PrivilegedExceptionAction;Ljava/security/AccessControlContext;Ljava/lang/Class;)Ljava/lang/Object;' in 'java/security/AccessController'
  # parm0:    rdx:rdx   = 'java/security/PrivilegedExceptionAction'
  # parm1:    r8:r8     = 'java/security/AccessControlContext'
  # parm2:    r9:r9     = 'java/lang/Class'
  #           [sp+0x50]  (sp of caller)
  0x0000026b2823cfe0: 8984 2400 | 80ff ff55 | 4883 ec40 | 4181 7f20 | 0100 0000 

  0x0000026b2823cff4: ;   {runtime_call StubRoutines (final stubs)}
  0x0000026b2823cff4: 7405 e8e5 | b93b 074c | 8944 2430 

  0x0000026b2823d000: ;   {metadata(method data for {method} {0x0000026b3a46cdb0} 'executePrivileged' '(Ljava/security/PrivilegedExceptionAction;Ljava/security/AccessControlContext;Ljava/lang/Class;)Ljava/lang/Object;' in 'java/security/AccessController')}
  0x0000026b2823d000: 48be 20fc | 2d7b 6b02 | 0000 8bbe | cc00 0000 | 83c7 0289 | becc 0000 | 0081 e7fe | 0700 0085 
  0x0000026b2823d020: ff0f 84bf | 0100 004d 

  0x0000026b2823d028: ;   {metadata(method data for {method} {0x0000026b3a46cdb0} 'executePrivileged' '(Ljava/security/PrivilegedExceptionAction;Ljava/security/AccessControlContext;Ljava/lang/Class;)Ljava/lang/Object;' in 'java/security/AccessController')}
  0x0000026b2823d028: 85c0 48be | 20fc 2d7b | 6b02 0000 | 48c7 c710 | 0100 0074 | 0748 c7c7 | 2001 0000 | 488b 1c3e 
  0x0000026b2823d048: 488d 5b01 | 4889 1c3e | 4c89 4c24 | 2848 8954 | 2420 0f84 | 2400 0000 

  0x0000026b2823d060: ;   {metadata(method data for {method} {0x0000026b3a46cdb0} 'executePrivileged' '(Ljava/security/PrivilegedExceptionAction;Ljava/security/AccessControlContext;Ljava/lang/Class;)Ljava/lang/Object;' in 'java/security/AccessController')}
  0x0000026b2823d060: 48be 20fc | 2d7b 6b02 | 0000 4883 | 8630 0100 | 0001 498b 

  0x0000026b2823d074: ;   {static_call}
  0x0000026b2823d074: d066 90e8 

  0x0000026b2823d078: ; ImmutableOopMap {[32]=Oop [40]=Oop [48]=Oop }
                      ;*invokestatic ensureMaterializedForStackWalk {reexecute=0 rethrow=0 return_oop=0}
                      ; - java.security.AccessController::executePrivileged@5
  0x0000026b2823d078: 64da 9807 

  0x0000026b2823d07c: ;   {other}
  0x0000026b2823d07c: 0f1f 8400 | 6c02 0000 

  0x0000026b2823d084: ;   {metadata(method data for {method} {0x0000026b3a46cdb0} 'executePrivileged' '(Ljava/security/PrivilegedExceptionAction;Ljava/security/AccessControlContext;Ljava/lang/Class;)Ljava/lang/Object;' in 'java/security/AccessController')}
  0x0000026b2823d084: 48ba 20fc | 2d7b 6b02 | 0000 ff82 | 4001 0000 | 488b 5424 | 2048 3b02 

  0x0000026b2823d09c: ;   {metadata(method data for {method} {0x0000026b3a46cdb0} 'executePrivileged' '(Ljava/security/PrivilegedExceptionAction;Ljava/security/AccessControlContext;Ljava/lang/Class;)Ljava/lang/Object;' in 'java/security/AccessController')}
  0x0000026b2823d09c: 488b f248 | bf20 fc2d | 7b6b 0200 | 008b 7608 | 49ba 0000 | 003a 6b02 | 0000 4903 | f248 3bb7 
  0x0000026b2823d0bc: b001 0000 | 750d 4883 | 87b8 0100 | 0001 e960 | 0000 0048 | 3bb7 c001 | 0000 750d | 4883 87c8 
  0x0000026b2823d0dc: 0100 0001 | e94a 0000 | 0048 83bf | b001 0000 | 0075 1748 | 89b7 b001 | 0000 48c7 | 87b8 0100 
  0x0000026b2823d0fc: 0001 0000 | 00e9 2900 | 0000 4883 | bfc0 0100 | 0000 7517 | 4889 b7c0 | 0100 0048 | c787 c801 
  0x0000026b2823d11c: 0000 0100 | 0000 e908 | 0000 0048 | 8387 a001 | 0000 0166 | 0f1f 4400 | 0048 b840 | 3b7d 7f6b 
  0x0000026b2823d13c: ;   {virtual_call}
  0x0000026b2823d13c: 0200 00e8 

  0x0000026b2823d140: ; ImmutableOopMap {[40]=Oop [48]=Oop }
                      ;*invokeinterface run {reexecute=0 rethrow=0 return_oop=0}
                      ; - java.security.AccessController::executePrivileged@29
  0x0000026b2823d140: cccb 4807 

  0x0000026b2823d144: ;   {other}
  0x0000026b2823d144: 0f1f 8400 | 3403 0001 

  0x0000026b2823d14c: ;   {metadata(method data for {method} {0x0000026b3a46cdb0} 'executePrivileged' '(Ljava/security/PrivilegedExceptionAction;Ljava/security/AccessControlContext;Ljava/lang/Class;)Ljava/lang/Object;' in 'java/security/AccessController')}
  0x0000026b2823d14c: 48be 20fc | 2d7b 6b02 | 0000 ff86 | d801 0000 | 4c8b 4c24 

  0x0000026b2823d160: ;   {metadata(method data for {method} {0x0000026b3a46cdb0} 'executePrivileged' '(Ljava/security/PrivilegedExceptionAction;Ljava/security/AccessControlContext;Ljava/lang/Class;)Ljava/lang/Object;' in 'java/security/AccessController')}
  0x0000026b2823d160: 2848 be20 | fc2d 7b6b | 0200 0048 | 8386 3802 

  0x0000026b2823d170: ;   {metadata(method data for {method} {0x0000026b3a03d050} 'reachabilityFence' '(Ljava/lang/Object;)V' in 'java/lang/ref/Reference')}
  0x0000026b2823d170: 0000 0148 | be30 ce05 | 7b6b 0200 | 008b becc | 0000 0083 | c702 89be | cc00 0000 | 81e7 feff 
  0x0000026b2823d190: 1f00 85ff | 0f84 7200 

  0x0000026b2823d198: ;   {metadata(method data for {method} {0x0000026b3a46cdb0} 'executePrivileged' '(Ljava/security/PrivilegedExceptionAction;Ljava/security/AccessControlContext;Ljava/lang/Class;)Ljava/lang/Object;' in 'java/security/AccessController')}
  0x0000026b2823d198: 0000 48be | 20fc 2d7b | 6b02 0000 | 4883 8648 | 0200 0001 

  0x0000026b2823d1ac: ;   {metadata(method data for {method} {0x0000026b3a03d050} 'reachabilityFence' '(Ljava/lang/Object;)V' in 'java/lang/ref/Reference')}
  0x0000026b2823d1ac: 48be 30ce | 057b 6b02 | 0000 8bbe | cc00 0000 | 83c7 0289 | becc 0000 | 0081 e7fe | ff1f 0085 
  0x0000026b2823d1cc: ff0f 845a | 0000 0048 | 83c4 405d 

  0x0000026b2823d1d8: ;   {poll_return}
  0x0000026b2823d1d8: 493b a748 | 0400 000f | 8766 0000 

  0x0000026b2823d1e4: ;   {metadata({method} {0x0000026b3a46cdb0} 'executePrivileged' '(Ljava/security/PrivilegedExceptionAction;Ljava/security/AccessControlContext;Ljava/lang/Class;)Ljava/lang/Object;' in 'java/security/AccessController')}
  0x0000026b2823d1e4: 00c3 49ba | a8cd 463a | 6b02 0000 | 4c89 5424 | 0848 c704 | 24ff ffff 

  0x0000026b2823d1fc: ;   {runtime_call counter_overflow Runtime1 stub}
  0x0000026b2823d1fc: ffe8 7e8a 

  0x0000026b2823d200: ; ImmutableOopMap {rdx=Oop r8=Oop r9=Oop [48]=Oop }
                      ;*synchronization entry
                      ; - java.security.AccessController::executePrivileged@-1
  0x0000026b2823d200: 4807 e920 

  0x0000026b2823d204: ;   {runtime_call throw_null_pointer_exception Runtime1 stub}
  0x0000026b2823d204: feff ffe8 

  0x0000026b2823d208: ; ImmutableOopMap {rdx=Oop [40]=Oop [48]=Oop }
                      ;*invokeinterface run {reexecute=0 rethrow=0 return_oop=0}
                      ; - java.security.AccessController::executePrivileged@29
  0x0000026b2823d208: f44d 3f07 

  0x0000026b2823d20c: ;   {metadata({method} {0x0000026b3a03d050} 'reachabilityFence' '(Ljava/lang/Object;)V' in 'java/lang/ref/Reference')}
  0x0000026b2823d20c: 49ba 48d0 | 033a 6b02 | 0000 4c89 | 5424 0848 | c704 24ff 

  0x0000026b2823d220: ;   {runtime_call counter_overflow Runtime1 stub}
  0x0000026b2823d220: ffff ffe8 

  0x0000026b2823d224: ; ImmutableOopMap {rax=Oop r9=Oop }
                      ;*synchronization entry
                      ; - java.lang.ref.Reference::reachabilityFence@-1
                      ; - java.security.AccessController::executePrivileged@56
  0x0000026b2823d224: 588a 4807 | e96d ffff 

  0x0000026b2823d22c: ;   {metadata({method} {0x0000026b3a03d050} 'reachabilityFence' '(Ljava/lang/Object;)V' in 'java/lang/ref/Reference')}
  0x0000026b2823d22c: ff49 ba48 | d003 3a6b | 0200 004c | 8954 2408 | 48c7 0424 | ffff ffff 

  0x0000026b2823d244: ;   {runtime_call counter_overflow Runtime1 stub}
  0x0000026b2823d244: e837 8a48 

  0x0000026b2823d248: ; ImmutableOopMap {rax=Oop }
                      ;*synchronization entry
                      ; - java.lang.ref.Reference::reachabilityFence@-1
                      ; - java.security.AccessController::executePrivileged@60
                      ;   {internal_word}
  0x0000026b2823d248: 07eb 8849 | bad8 d123 | 286b 0200 | 004d 8997 | 6004 0000 

  0x0000026b2823d25c: ;   {runtime_call SafepointBlob}
  0x0000026b2823d25c: e99f 783d | 0749 8b87 | f804 0000 | 49c7 87f8 | 0400 0000 | 0000 0049 | c787 0005 | 0000 0000 
  0x0000026b2823d27c: 0000 4883 

  0x0000026b2823d280: ;   {runtime_call unwind_exception Runtime1 stub}
  0x0000026b2823d280: c440 5de9 | 785c 3f07 
[Stub Code]
  0x0000026b2823d288: ;   {no_reloc}
  0x0000026b2823d288: 0f1f 4400 

  0x0000026b2823d28c: ;   {static_stub}
  0x0000026b2823d28c: 0048 bb00 | 0000 0000 

  0x0000026b2823d294: ;   {runtime_call nmethod}
  0x0000026b2823d294: 0000 00e9 | fbff ffff 

  0x0000026b2823d29c: ;   {static_stub}
  0x0000026b2823d29c: 48bb 28cc | 463a 6b02 

  0x0000026b2823d2a4: ;   {runtime_call I2C/C2I adapters}
  0x0000026b2823d2a4: 0000 e938 

  0x0000026b2823d2a8: ;   {runtime_call handle_exception_from_callee Runtime1 stub}
  0x0000026b2823d2a8: 093d 07e8 | 502f 3f07 

  0x0000026b2823d2b0: ;   {external_word}
  0x0000026b2823d2b0: 48b9 907f | 0afd f87f | 0000 4883 

  0x0000026b2823d2bc: ;   {runtime_call}
  0x0000026b2823d2bc: e4f0 48b8 | f042 cdfc | f87f 0000 

  0x0000026b2823d2c8: ;   {section_word}
  0x0000026b2823d2c8: ffd0 f449 | bacb d223 | 286b 0200 

  0x0000026b2823d2d4: ;   {runtime_call DeoptimizationBlob}
  0x0000026b2823d2d4: 0041 52e9 | c46a 3d07 | f4f4 f4f4 
[/MachCode]


---------------  P R O C E S S  ---------------

Threads class SMR info:
_java_thread_list=0x0000026b0016e6e0, length=19, elements={
0x0000026b22c6cf60, 0x0000026b24f5baa0, 0x0000026b24f5dfd0, 0x0000026b391d1fd0,
0x0000026b391d4200, 0x0000026b391d63b0, 0x0000026b391e34c0, 0x0000026b391eb880,
0x0000026b39255d70, 0x0000026b7f023140, 0x0000026b7f284c40, 0x0000026b7f30f060,
0x0000026b7fa9cca0, 0x0000026b7fa9d9c0, 0x0000026b7fa9e050, 0x0000026b7fa9e6e0,
0x0000026b7fa9c610, 0x0000026b7fa9ed70, 0x0000026b7fa9f400
}

Java Threads: ( => current thread )
  0x0000026b22c6cf60 JavaThread "main"                              [_thread_blocked, id=14952, stack(0x0000007a0c700000,0x0000007a0c800000) (1024K)]
  0x0000026b24f5baa0 JavaThread "Reference Handler"          daemon [_thread_blocked, id=4620, stack(0x0000007a0cb00000,0x0000007a0cc00000) (1024K)]
  0x0000026b24f5dfd0 JavaThread "Finalizer"                  daemon [_thread_blocked, id=2272, stack(0x0000007a0cc00000,0x0000007a0cd00000) (1024K)]
  0x0000026b391d1fd0 JavaThread "Signal Dispatcher"          daemon [_thread_blocked, id=9876, stack(0x0000007a0cd00000,0x0000007a0ce00000) (1024K)]
  0x0000026b391d4200 JavaThread "Attach Listener"            daemon [_thread_blocked, id=17340, stack(0x0000007a0ce00000,0x0000007a0cf00000) (1024K)]
  0x0000026b391d63b0 JavaThread "Service Thread"             daemon [_thread_blocked, id=7012, stack(0x0000007a0cf00000,0x0000007a0d000000) (1024K)]
  0x0000026b391e34c0 JavaThread "Monitor Deflation Thread"   daemon [_thread_blocked, id=6916, stack(0x0000007a0d000000,0x0000007a0d100000) (1024K)]
  0x0000026b391eb880 JavaThread "C2 CompilerThread0"         daemon [_thread_blocked, id=4700, stack(0x0000007a0d100000,0x0000007a0d200000) (1024K)]
  0x0000026b39255d70 JavaThread "C1 CompilerThread0"         daemon [_thread_blocked, id=9924, stack(0x0000007a0d200000,0x0000007a0d300000) (1024K)]
  0x0000026b7f023140 JavaThread "Common-Cleaner"             daemon [_thread_blocked, id=18756, stack(0x0000007a0d300000,0x0000007a0d400000) (1024K)]
  0x0000026b7f284c40 JavaThread "Notification Thread"        daemon [_thread_blocked, id=11312, stack(0x0000007a0d400000,0x0000007a0d500000) (1024K)]
  0x0000026b7f30f060 JavaThread "Active Thread: Equinox Container: 291bd26e-f7d1-4c2e-ac76-e45da8c28633"        [_thread_blocked, id=18944, stack(0x0000007a0d900000,0x0000007a0da00000) (1024K)]
  0x0000026b7fa9cca0 JavaThread "Refresh Thread: Equinox Container: 291bd26e-f7d1-4c2e-ac76-e45da8c28633" daemon [_thread_blocked, id=13356, stack(0x0000007a0d800000,0x0000007a0d900000) (1024K)]
  0x0000026b7fa9d9c0 JavaThread "Framework Event Dispatcher: Equinox Container: 291bd26e-f7d1-4c2e-ac76-e45da8c28633" daemon [_thread_blocked, id=7884, stack(0x0000007a0da00000,0x0000007a0db00000) (1024K)]
=>0x0000026b7fa9e050 JavaThread "Start Level: Equinox Container: 291bd26e-f7d1-4c2e-ac76-e45da8c28633" daemon [_thread_in_vm, id=16964, stack(0x0000007a0db00000,0x0000007a0dc00000) (1024K)]
  0x0000026b7fa9e6e0 JavaThread "Bundle File Closer"         daemon [_thread_blocked, id=17080, stack(0x0000007a0dd00000,0x0000007a0de00000) (1024K)]
  0x0000026b7fa9c610 JavaThread "SCR Component Actor"        daemon [_thread_blocked, id=12140, stack(0x0000007a0dc00000,0x0000007a0dd00000) (1024K)]
  0x0000026b7fa9ed70 JavaThread "SCR Component Registry"     daemon [_thread_blocked, id=17444, stack(0x0000007a0de00000,0x0000007a0df00000) (1024K)]
  0x0000026b7fa9f400 JavaThread "Worker-JM"                         [_thread_blocked, id=440, stack(0x0000007a0df00000,0x0000007a0e000000) (1024K)]
Total: 19

Other Threads:
  0x0000026b24f41460 VMThread "VM Thread"                           [id=16392, stack(0x0000007a0ca00000,0x0000007a0cb00000) (1024K)]
  0x0000026b3916ca10 WatcherThread "VM Periodic Task Thread"        [id=16604, stack(0x0000007a0c900000,0x0000007a0ca00000) (1024K)]
  0x0000026b24ebe0c0 WorkerThread "GC Thread#0"                     [id=11784, stack(0x0000007a0c800000,0x0000007a0c900000) (1024K)]
  0x0000026b7fa6e540 WorkerThread "GC Thread#1"                     [id=12888, stack(0x0000007a0d500000,0x0000007a0d600000) (1024K)]
  0x0000026b7f729120 WorkerThread "GC Thread#2"                     [id=16588, stack(0x0000007a0d600000,0x0000007a0d700000) (1024K)]
  0x0000026b7f7294c0 WorkerThread "GC Thread#3"                     [id=18636, stack(0x0000007a0d700000,0x0000007a0d800000) (1024K)]
Total: 6

Threads with active compile tasks:
Total: 0

VM state: not at safepoint (normal execution)

VM Mutex/Monitor currently owned by a thread:  ([mutex/lock_event])
[0x00007ff8fd35c300] Metaspace_lock - owner thread: 0x0000026b7fa9e050

Heap address: 0x00000000c0000000, size: 1024 MB, Compressed Oops mode: 32-bit

CDS archive(s) mapped at: [0x0000026b3a000000-0x0000026b3aba0000-0x0000026b3aba0000), size 12189696, SharedBaseAddress: 0x0000026b3a000000, ArchiveRelocationMode: 1.
Compressed class space mapped at: 0x0000026b3b000000-0x0000026b7b000000, reserved size: 1073741824
Narrow klass base: 0x0000026b3a000000, Narrow klass shift: 0, Narrow klass range: 0x100000000

GC Precious Log:
 CardTable entry size: 512
 CPUs: 4 total, 4 available
 Memory: 6086M
 Large Page Support: Disabled
 NUMA Support: Disabled
 Compressed Oops: Enabled (32-bit)
 Alignments: Space 512K, Generation 512K, Heap 2M
 Heap Min Capacity: 100M
 Heap Initial Capacity: 100M
 Heap Max Capacity: 1G
 Pre-touch: Disabled
 Parallel Workers: 4

Heap:
 PSYoungGen      total 29696K, used 24825K [0x00000000eab00000, 0x00000000ecc00000, 0x0000000100000000)
  eden space 25600K, 81% used [0x00000000eab00000,0x00000000ebf404c8,0x00000000ec400000)
  from space 4096K, 99% used [0x00000000ec800000,0x00000000ecbfdf90,0x00000000ecc00000)
  to   space 4096K, 0% used [0x00000000ec400000,0x00000000ec400000,0x00000000ec800000)
 ParOldGen       total 68608K, used 6803K [0x00000000c0000000, 0x00000000c4300000, 0x00000000eab00000)
  object space 68608K, 9% used [0x00000000c0000000,0x00000000c06a4c08,0x00000000c4300000)
 Metaspace       used 15138K, committed 15680K, reserved 1114112K
  class space    used 1477K, committed 1728K, reserved 1048576K

Card table byte_map: [0x0000026b24840000,0x0000026b24a50000] _byte_map_base: 0x0000026b24240000

Marking Bits: (ParMarkBitMap*) 0x00007ff8fd363260
 Begin Bits: [0x0000026b37090000, 0x0000026b38090000)
 End Bits:   [0x0000026b38090000, 0x0000026b39090000)

Polling page: 0x0000026b244e0000

Metaspace:

Usage:
  Non-class:     13.34 MB used.
      Class:      1.44 MB used.
       Both:     14.78 MB used.

Virtual space:
  Non-class space:       64.00 MB reserved,      13.62 MB ( 21%) committed,  1 nodes.
      Class space:        1.00 GB reserved,       1.69 MB ( <1%) committed,  1 nodes.
             Both:        1.06 GB reserved,      15.31 MB (  1%) committed. 

Chunk freelists:
   Non-Class:  1.98 MB
       Class:  14.33 MB
        Both:  16.31 MB

MaxMetaspaceSize: unlimited
CompressedClassSpaceSize: 1.00 GB
Initial GC threshold: 21.00 MB
Current GC threshold: 21.00 MB
CDS: on
 - commit_granule_bytes: 65536.
 - commit_granule_words: 8192.
 - virtual_space_node_default_size: 8388608.
 - enlarge_chunks_in_place: 1.
 - use_allocation_guard: 0.


Internal statistics:

num_allocs_failed_limit: 0.
num_arena_births: 408.
num_arena_deaths: 0.
num_vsnodes_births: 2.
num_vsnodes_deaths: 0.
num_space_committed: 245.
num_space_uncommitted: 0.
num_chunks_returned_to_freelist: 0.
num_chunks_taken_from_freelist: 923.
num_chunk_merges: 0.
num_chunk_splits: 594.
num_chunks_enlarged: 379.
num_inconsistent_stats: 0.

CodeHeap 'non-profiled nmethods': size=120000Kb used=1382Kb max_used=1382Kb free=118617Kb
 bounds [0x0000026b2fb60000, 0x0000026b2fdd0000, 0x0000026b37090000]
CodeHeap 'profiled nmethods': size=120000Kb used=6614Kb max_used=6614Kb free=113385Kb
 bounds [0x0000026b28090000, 0x0000026b28710000, 0x0000026b2f5c0000]
CodeHeap 'non-nmethods': size=5760Kb used=1254Kb max_used=1263Kb free=4505Kb
 bounds [0x0000026b2f5c0000, 0x0000026b2f830000, 0x0000026b2fb60000]
 total_blobs=3750 nmethods=3224 adapters=432
 compilation: enabled
              stopped_count=0, restarted_count=0
 full_count=0

Compilation events (20 events):
Event: 17.595 Thread 0x0000026b39255d70 3214       3       java.io.File::isFile (34 bytes)
Event: 17.596 Thread 0x0000026b39255d70 nmethod 3214 0x0000026b28703810 code [0x0000026b28703a00, 0x0000026b28703e08]
Event: 17.624 Thread 0x0000026b39255d70 3215       1       org.eclipse.osgi.internal.loader.EquinoxClassLoader::getDebug (5 bytes)
Event: 17.624 Thread 0x0000026b39255d70 nmethod 3215 0x0000026b2fcb7b90 code [0x0000026b2fcb7d20, 0x0000026b2fcb7de8]
Event: 17.643 Thread 0x0000026b39255d70 3217       3       java.util.concurrent.locks.LockSupport::setBlocker (12 bytes)
Event: 17.643 Thread 0x0000026b39255d70 nmethod 3217 0x0000026b28703f90 code [0x0000026b28704140, 0x0000026b28704348]
Event: 17.645 Thread 0x0000026b39255d70 3218       1       org.eclipse.core.runtime.Path::getSegments (5 bytes)
Event: 17.645 Thread 0x0000026b39255d70 nmethod 3218 0x0000026b2fcb8290 code [0x0000026b2fcb8420, 0x0000026b2fcb84e8]
Event: 17.650 Thread 0x0000026b391eb880 3219       4       org.eclipse.osgi.internal.hookregistry.ClassLoaderHook::preFindLocalClass (1 bytes)
Event: 17.651 Thread 0x0000026b391eb880 nmethod 3219 0x0000026b2fcb8590 code [0x0000026b2fcb8720, 0x0000026b2fcb87a8]
Event: 17.656 Thread 0x0000026b391eb880 3220       4       org.eclipse.osgi.internal.hookregistry.ClassLoaderHook::postFindLocalClass (1 bytes)
Event: 17.656 Thread 0x0000026b39255d70 3221       3       org.eclipse.core.internal.preferences.EclipsePreferences::checkRemoved (26 bytes)
Event: 17.656 Thread 0x0000026b391eb880 nmethod 3220 0x0000026b2fcb8890 code [0x0000026b2fcb8a20, 0x0000026b2fcb8aa8]
Event: 17.656 Thread 0x0000026b39255d70 nmethod 3221 0x0000026b28704410 code [0x0000026b287045e0, 0x0000026b287048e0]
Event: 17.742 Thread 0x0000026b391eb880 3222   !   4       org.eclipse.osgi.internal.loader.BundleLoader::getModuleClassLoader (203 bytes)
Event: 17.757 Thread 0x0000026b391eb880 nmethod 3222 0x0000026b2fcb8b90 code [0x0000026b2fcb8d80, 0x0000026b2fcb93c8]
Event: 17.809 Thread 0x0000026b39255d70 3223   !   3       java.lang.invoke.MethodHandleNatives::linkMethodHandleConstant (50 bytes)
Event: 17.809 Thread 0x0000026b39255d70 nmethod 3223 0x0000026b28704a10 code [0x0000026b28704be0, 0x0000026b28704de8]
Event: 18.040 Thread 0x0000026b39255d70 3224   !   3       java.util.Collections$SynchronizedMap::get (25 bytes)
Event: 18.041 Thread 0x0000026b39255d70 nmethod 3224 0x0000026b28704f90 code [0x0000026b28705140, 0x0000026b28705408]

GC Heap History (8 events):
Event: 4.847 GC heap before
{Heap before GC invocations=1 (full 0):
 PSYoungGen      total 29696K, used 25600K [0x00000000eab00000, 0x00000000ecc00000, 0x0000000100000000)
  eden space 25600K, 100% used [0x00000000eab00000,0x00000000ec400000,0x00000000ec400000)
  from space 4096K, 0% used [0x00000000ec800000,0x00000000ec800000,0x00000000ecc00000)
  to   space 4096K, 0% used [0x00000000ec400000,0x00000000ec400000,0x00000000ec800000)
 ParOldGen       total 68608K, used 0K [0x00000000c0000000, 0x00000000c4300000, 0x00000000eab00000)
  object space 68608K, 0% used [0x00000000c0000000,0x00000000c0000000,0x00000000c4300000)
 Metaspace       used 4354K, committed 4608K, reserved 1114112K
  class space    used 437K, committed 512K, reserved 1048576K
}
Event: 4.918 GC heap after
{Heap after GC invocations=1 (full 0):
 PSYoungGen      total 29696K, used 3173K [0x00000000eab00000, 0x00000000ecc00000, 0x0000000100000000)
  eden space 25600K, 0% used [0x00000000eab00000,0x00000000eab00000,0x00000000ec400000)
  from space 4096K, 77% used [0x00000000ec400000,0x00000000ec7197f0,0x00000000ec800000)
  to   space 4096K, 0% used [0x00000000ec800000,0x00000000ec800000,0x00000000ecc00000)
 ParOldGen       total 68608K, used 0K [0x00000000c0000000, 0x00000000c4300000, 0x00000000eab00000)
  object space 68608K, 0% used [0x00000000c0000000,0x00000000c0000000,0x00000000c4300000)
 Metaspace       used 4354K, committed 4608K, reserved 1114112K
  class space    used 437K, committed 512K, reserved 1048576K
}
Event: 9.901 GC heap before
{Heap before GC invocations=2 (full 0):
 PSYoungGen      total 29696K, used 28773K [0x00000000eab00000, 0x00000000ecc00000, 0x0000000100000000)
  eden space 25600K, 100% used [0x00000000eab00000,0x00000000ec400000,0x00000000ec400000)
  from space 4096K, 77% used [0x00000000ec400000,0x00000000ec7197f0,0x00000000ec800000)
  to   space 4096K, 0% used [0x00000000ec800000,0x00000000ec800000,0x00000000ecc00000)
 ParOldGen       total 68608K, used 0K [0x00000000c0000000, 0x00000000c4300000, 0x00000000eab00000)
  object space 68608K, 0% used [0x00000000c0000000,0x00000000c0000000,0x00000000c4300000)
 Metaspace       used 7879K, committed 8128K, reserved 1114112K
  class space    used 764K, committed 896K, reserved 1048576K
}
Event: 9.910 GC heap after
{Heap after GC invocations=2 (full 0):
 PSYoungGen      total 29696K, used 4084K [0x00000000eab00000, 0x00000000ecc00000, 0x0000000100000000)
  eden space 25600K, 0% used [0x00000000eab00000,0x00000000eab00000,0x00000000ec400000)
  from space 4096K, 99% used [0x00000000ec800000,0x00000000ecbfd168,0x00000000ecc00000)
  to   space 4096K, 0% used [0x00000000ec400000,0x00000000ec400000,0x00000000ec800000)
 ParOldGen       total 68608K, used 1728K [0x00000000c0000000, 0x00000000c4300000, 0x00000000eab00000)
  object space 68608K, 2% used [0x00000000c0000000,0x00000000c01b01b0,0x00000000c4300000)
 Metaspace       used 7879K, committed 8128K, reserved 1114112K
  class space    used 764K, committed 896K, reserved 1048576K
}
Event: 12.079 GC heap before
{Heap before GC invocations=3 (full 0):
 PSYoungGen      total 29696K, used 29684K [0x00000000eab00000, 0x00000000ecc00000, 0x0000000100000000)
  eden space 25600K, 100% used [0x00000000eab00000,0x00000000ec400000,0x00000000ec400000)
  from space 4096K, 99% used [0x00000000ec800000,0x00000000ecbfd168,0x00000000ecc00000)
  to   space 4096K, 0% used [0x00000000ec400000,0x00000000ec400000,0x00000000ec800000)
 ParOldGen       total 68608K, used 1728K [0x00000000c0000000, 0x00000000c4300000, 0x00000000eab00000)
  object space 68608K, 2% used [0x00000000c0000000,0x00000000c01b01b0,0x00000000c4300000)
 Metaspace       used 9201K, committed 9536K, reserved 1114112K
  class space    used 917K, committed 1088K, reserved 1048576K
}
Event: 12.093 GC heap after
{Heap after GC invocations=3 (full 0):
 PSYoungGen      total 29696K, used 4089K [0x00000000eab00000, 0x00000000ecc00000, 0x0000000100000000)
  eden space 25600K, 0% used [0x00000000eab00000,0x00000000eab00000,0x00000000ec400000)
  from space 4096K, 99% used [0x00000000ec400000,0x00000000ec7fe4b0,0x00000000ec800000)
  to   space 4096K, 0% used [0x00000000ec800000,0x00000000ec800000,0x00000000ecc00000)
 ParOldGen       total 68608K, used 5548K [0x00000000c0000000, 0x00000000c4300000, 0x00000000eab00000)
  object space 68608K, 8% used [0x00000000c0000000,0x00000000c056b010,0x00000000c4300000)
 Metaspace       used 9201K, committed 9536K, reserved 1114112K
  class space    used 917K, committed 1088K, reserved 1048576K
}
Event: 13.724 GC heap before
{Heap before GC invocations=4 (full 0):
 PSYoungGen      total 29696K, used 29689K [0x00000000eab00000, 0x00000000ecc00000, 0x0000000100000000)
  eden space 25600K, 100% used [0x00000000eab00000,0x00000000ec400000,0x00000000ec400000)
  from space 4096K, 99% used [0x00000000ec400000,0x00000000ec7fe4b0,0x00000000ec800000)
  to   space 4096K, 0% used [0x00000000ec800000,0x00000000ec800000,0x00000000ecc00000)
 ParOldGen       total 68608K, used 5548K [0x00000000c0000000, 0x00000000c4300000, 0x00000000eab00000)
  object space 68608K, 8% used [0x00000000c0000000,0x00000000c056b010,0x00000000c4300000)
 Metaspace       used 12185K, committed 12544K, reserved 1114112K
  class space    used 1200K, committed 1344K, reserved 1048576K
}
Event: 13.731 GC heap after
{Heap after GC invocations=4 (full 0):
 PSYoungGen      total 29696K, used 4087K [0x00000000eab00000, 0x00000000ecc00000, 0x0000000100000000)
  eden space 25600K, 0% used [0x00000000eab00000,0x00000000eab00000,0x00000000ec400000)
  from space 4096K, 99% used [0x00000000ec800000,0x00000000ecbfdf90,0x00000000ecc00000)
  to   space 4096K, 0% used [0x00000000ec400000,0x00000000ec400000,0x00000000ec800000)
 ParOldGen       total 68608K, used 6803K [0x00000000c0000000, 0x00000000c4300000, 0x00000000eab00000)
  object space 68608K, 9% used [0x00000000c0000000,0x00000000c06a4c08,0x00000000c4300000)
 Metaspace       used 12185K, committed 12544K, reserved 1114112K
  class space    used 1200K, committed 1344K, reserved 1048576K
}

Dll operation events (9 events):
Event: 0.035 Loaded shared library c:\Users\palak\.vscode\extensions\redhat.java-1.41.0-win32-x64\jre\21.0.6-win32-x86_64\bin\java.dll
Event: 0.560 Loaded shared library c:\Users\palak\.vscode\extensions\redhat.java-1.41.0-win32-x64\jre\21.0.6-win32-x86_64\bin\zip.dll
Event: 0.649 Loaded shared library C:\Users\palak\.vscode\extensions\redhat.java-1.41.0-win32-x64\jre\21.0.6-win32-x86_64\bin\instrument.dll
Event: 0.657 Loaded shared library C:\Users\palak\.vscode\extensions\redhat.java-1.41.0-win32-x64\jre\21.0.6-win32-x86_64\bin\net.dll
Event: 0.663 Loaded shared library C:\Users\palak\.vscode\extensions\redhat.java-1.41.0-win32-x64\jre\21.0.6-win32-x86_64\bin\nio.dll
Event: 0.676 Loaded shared library C:\Users\palak\.vscode\extensions\redhat.java-1.41.0-win32-x64\jre\21.0.6-win32-x86_64\bin\zip.dll
Event: 0.795 Loaded shared library C:\Users\palak\.vscode\extensions\redhat.java-1.41.0-win32-x64\jre\21.0.6-win32-x86_64\bin\jimage.dll
Event: 2.294 Loaded shared library c:\Users\palak\.vscode\extensions\redhat.java-1.41.0-win32-x64\jre\21.0.6-win32-x86_64\bin\verify.dll
Event: 9.859 Loaded shared library C:\Users\palak\AppData\Roaming\Code\User\globalStorage\redhat.java\1.41.0\config_win\org.eclipse.equinox.launcher\org.eclipse.equinox.launcher.win32.win32.x86_64_1.2.1300.v20250325-0811\eclipse_11911.dll

Deoptimization events (20 events):
Event: 13.629 Thread 0x0000026b7fa9e050 DEOPT PACKING pc=0x0000026b2fc81228 sp=0x0000007a0dbf8760
Event: 13.629 Thread 0x0000026b7fa9e050 DEOPT UNPACKING pc=0x0000026b2f613aa2 sp=0x0000007a0dbf86d0 mode 2
Event: 13.718 Thread 0x0000026b7fa9e050 Uncommon trap: trap_request=0xffffff45 fr.pc=0x0000026b2fc8729c relative=0x000000000000037c
Event: 13.718 Thread 0x0000026b7fa9e050 Uncommon trap: reason=unstable_if action=reinterpret pc=0x0000026b2fc8729c method=com.sun.org.apache.xerces.internal.impl.XMLEntityScanner.skipSpaces()Z @ 88 c2
Event: 13.718 Thread 0x0000026b7fa9e050 DEOPT PACKING pc=0x0000026b2fc8729c sp=0x0000007a0dbf89c0
Event: 13.718 Thread 0x0000026b7fa9e050 DEOPT UNPACKING pc=0x0000026b2f613aa2 sp=0x0000007a0dbf8958 mode 2
Event: 13.718 Thread 0x0000026b7fa9e050 Uncommon trap: trap_request=0xffffff45 fr.pc=0x0000026b2fc86b7c relative=0x00000000000000dc
Event: 13.718 Thread 0x0000026b7fa9e050 Uncommon trap: reason=unstable_if action=reinterpret pc=0x0000026b2fc86b7c method=com.sun.org.apache.xerces.internal.impl.XMLEntityScanner.peekChar()I @ 51 c2
Event: 13.718 Thread 0x0000026b7fa9e050 DEOPT PACKING pc=0x0000026b2fc86b7c sp=0x0000007a0dbf8910
Event: 13.718 Thread 0x0000026b7fa9e050 DEOPT UNPACKING pc=0x0000026b2f613aa2 sp=0x0000007a0dbf8898 mode 2
Event: 13.984 Thread 0x0000026b7fa9e050 Uncommon trap: trap_request=0xffffffcc fr.pc=0x0000026b2fc84dbc relative=0x00000000000001fc
Event: 13.984 Thread 0x0000026b7fa9e050 Uncommon trap: reason=intrinsic_or_type_checked_inlining action=make_not_entrant pc=0x0000026b2fc84dbc method=java.util.Arrays.copyOf([Ljava/lang/Object;ILjava/lang/Class;)[Ljava/lang/Object; @ 35 c2
Event: 13.984 Thread 0x0000026b7fa9e050 DEOPT PACKING pc=0x0000026b2fc84dbc sp=0x0000007a0dbfbd30
Event: 13.987 Thread 0x0000026b7fa9e050 DEOPT UNPACKING pc=0x0000026b2f613aa2 sp=0x0000007a0dbfbcc0 mode 2
Event: 14.706 Thread 0x0000026b7fa9e050 Uncommon trap: trap_request=0xffffff45 fr.pc=0x0000026b2fc8aba8 relative=0x0000000000000428
Event: 14.706 Thread 0x0000026b7fa9e050 Uncommon trap: reason=unstable_if action=reinterpret pc=0x0000026b2fc8aba8 method=com.sun.org.apache.xerces.internal.impl.XMLEntityScanner.scanLiteral(ILcom/sun/org/apache/xerces/internal/xni/XMLString;Z)I @ 299 c2
Event: 14.706 Thread 0x0000026b7fa9e050 DEOPT PACKING pc=0x0000026b2fc8aba8 sp=0x0000007a0dbfd980
Event: 14.706 Thread 0x0000026b7fa9e050 DEOPT UNPACKING pc=0x0000026b2f613aa2 sp=0x0000007a0dbfd910 mode 2
Event: 15.633 Thread 0x0000026b7fa9e050 DEOPT PACKING pc=0x0000026b2846e935 sp=0x0000007a0dbf8690
Event: 15.633 Thread 0x0000026b7fa9e050 DEOPT UNPACKING pc=0x0000026b2f614242 sp=0x0000007a0dbf7ba0 mode 0

Classes loaded (20 events):
Event: 17.005 Loading class java/lang/foreign/MemoryLayout done
Event: 17.005 Loading class java/lang/foreign/ValueLayout done
Event: 17.005 Loading class java/io/ObjectInputStream
Event: 17.006 Loading class java/io/ObjectInput
Event: 17.032 Loading class java/io/ObjectInput done
Event: 17.032 Loading class java/io/ObjectStreamConstants
Event: 17.032 Loading class java/io/ObjectStreamConstants done
Event: 17.032 Loading class java/io/ObjectInputStream done
Event: 17.032 Loading class java/io/ObjectOutputStream
Event: 17.033 Loading class java/io/ObjectOutput
Event: 17.033 Loading class java/io/ObjectOutput done
Event: 17.033 Loading class java/io/ObjectOutputStream done
Event: 17.033 Loading class java/lang/constant/ClassDesc
Event: 17.033 Loading class java/lang/constant/ClassDesc done
Event: 17.885 Loading class java/text/MessageFormat
Event: 17.895 Loading class java/text/MessageFormat done
Event: 17.912 Loading class java/text/FieldPosition$Delegate
Event: 17.912 Loading class java/text/FieldPosition$Delegate done
Event: 17.912 Loading class java/text/MessageFormat$Field
Event: 17.912 Loading class java/text/MessageFormat$Field done

Classes unloaded (0 events):
No events

Classes redefined (0 events):
No events

Internal exceptions (20 events):
Event: 5.222 Thread 0x0000026b22c6cf60 Exception <a 'java/lang/NoSuchMethodError'{0x00000000ead8cf68}: 'int java.lang.invoke.DirectMethodHandle$Holder.invokeStaticInit(java.lang.Object, java.lang.Object)'> (0x00000000ead8cf68) 
thrown [s\src\hotspot\share\interpreter\linkResolver.cpp, line 773]
Event: 5.479 Thread 0x0000026b22c6cf60 Exception <a 'java/lang/NoSuchMethodError'{0x00000000eaef4068}: 'void java.lang.invoke.DirectMethodHandle$Holder.invokeSpecial(java.lang.Object, java.lang.Object, java.lang.Object)'> (0x00000000eaef4068) 
thrown [s\src\hotspot\share\interpreter\linkResolver.cpp, line 773]
Event: 7.540 Thread 0x0000026b22c6cf60 Exception <a 'java/lang/NoSuchMethodError'{0x00000000eb916d58}: 'int java.lang.invoke.DirectMethodHandle$Holder.invokeVirtual(java.lang.Object, java.lang.Object)'> (0x00000000eb916d58) 
thrown [s\src\hotspot\share\interpreter\linkResolver.cpp, line 773]
Event: 7.982 Thread 0x0000026b22c6cf60 Exception <a 'java/lang/NoSuchMethodError'{0x00000000ebc79470}: 'java.lang.Object java.lang.invoke.DirectMethodHandle$Holder.newInvokeSpecial(java.lang.Object, int, java.lang.Object)'> (0x00000000ebc79470) 
thrown [s\src\hotspot\share\interpreter\linkResolver.cpp, line 773]
Event: 8.341 Thread 0x0000026b22c6cf60 Exception <a 'java/lang/NoSuchMethodError'{0x00000000ebe0f3a8}: 'java.lang.Object java.lang.invoke.DirectMethodHandle$Holder.newInvokeSpecial(java.lang.Object, java.lang.Object, java.lang.Object, java.lang.Object, int, java.lang.Object)'> (0x00000000ebe0f3a8) 
thrown [s\src\hotspot\share\interpreter\linkResolver.cpp, line 773]
Event: 9.841 Thread 0x0000026b22c6cf60 Exception <a 'java/lang/UnsatisfiedLinkError'{0x00000000ec2e3290}: 'void org.eclipse.equinox.launcher.JNIBridge._update_splash()'> (0x00000000ec2e3290) 
thrown [s\src\hotspot\share\prims\nativeLookup.cpp, line 415]
Event: 10.315 Thread 0x0000026b7fa9e050 Exception <a 'java/lang/NoSuchMethodError'{0x00000000eb0ab500}: 'java.lang.Object java.lang.invoke.DirectMethodHandle$Holder.newInvokeSpecial(java.lang.Object, java.lang.Object, int, java.lang.Object)'> (0x00000000eb0ab500) 
thrown [s\src\hotspot\share\interpreter\linkResolver.cpp, line 773]
Event: 10.543 Thread 0x0000026b7fa9e050 Exception <a 'java/lang/ClassNotFoundException'{0x00000000eb2ae768}: sun/util/logging/resources/spi/loggingProvider> (0x00000000eb2ae768) 
thrown [s\src\hotspot\share\classfile\systemDictionary.cpp, line 312]
Event: 12.763 Thread 0x0000026b7fa9e050 Exception <a 'java/lang/NullPointerException'{0x00000000eb368838}> (0x00000000eb368838) 
thrown [s\src\hotspot\share\interpreter\linkResolver.cpp, line 1372]
Event: 12.763 Thread 0x0000026b7fa9e050 Exception <a 'java/lang/NullPointerException'{0x00000000eb368b18}> (0x00000000eb368b18) 
thrown [s\src\hotspot\share\interpreter\linkResolver.cpp, line 1372]
Event: 13.143 Thread 0x0000026b7fa9e050 Exception <a 'java/lang/NoSuchMethodError'{0x00000000ebd26508}: 'void java.lang.invoke.Invokers$Holder.invokeExact_MT(java.lang.Object, java.lang.Object, java.lang.Object)'> (0x00000000ebd26508) 
thrown [s\src\hotspot\share\interpreter\linkResolver.cpp, line 773]
Event: 14.227 Thread 0x0000026b7fa9e050 Exception <a 'java/io/FileNotFoundException'{0x00000000eadd6c30}> (0x00000000eadd6c30) 
thrown [s\src\hotspot\share\prims\jni.cpp, line 520]
Event: 15.563 Thread 0x0000026b7fa9e050 Exception <a 'java/lang/NoSuchMethodError'{0x00000000eb274f48}: 'java.lang.Object java.lang.invoke.Invokers$Holder.linkToTargetMethod(java.lang.Object, long, java.lang.Object)'> (0x00000000eb274f48) 
thrown [s\src\hotspot\share\interpreter\linkResolver.cpp, line 773]
Event: 15.764 Thread 0x0000026b7fa9e050 Exception <a 'java/lang/NoSuchMethodError'{0x00000000eb65fac0}: 'void java.lang.invoke.DirectMethodHandle$Holder.invokeInterface(java.lang.Object, java.lang.Object, java.lang.Object)'> (0x00000000eb65fac0) 
thrown [s\src\hotspot\share\interpreter\linkResolver.cpp, line 773]
Event: 17.081 Thread 0x0000026b7fa9e050 Exception <a 'java/lang/NoSuchMethodError'{0x00000000ebb43838}: 'java.lang.Object java.lang.invoke.DirectMethodHandle$Holder.invokeVirtual(java.lang.Object, java.lang.Object, java.lang.Object)'> (0x00000000ebb43838) 
thrown [s\src\hotspot\share\interpreter\linkResolver.cpp, line 773]
Event: 17.109 Thread 0x0000026b7fa9e050 Exception <a 'java/lang/NoSuchMethodError'{0x00000000ebb5b1e0}: 'java.lang.Object java.lang.invoke.DelegatingMethodHandle$Holder.reinvoke_L(java.lang.Object, java.lang.Object, java.lang.Object, java.lang.Object, int, int)'> (0x00000000ebb5b1e0) 
thrown [s\src\hotspot\share\interpreter\linkResolver.cpp, line 773]
Event: 17.139 Thread 0x0000026b7fa9e050 Exception <a 'java/lang/NoSuchMethodError'{0x00000000ebb77690}: 'java.lang.Object java.lang.invoke.DirectMethodHandle$Holder.newInvokeSpecial(java.lang.Object, java.lang.Object, java.lang.Object, java.lang.Object, java.lang.Object, java.lang.Object)'> (0x00000000ebb77690) 
thrown [s\src\hotspot\share\interpreter\linkResolver.cpp, line 773]
Event: 17.149 Thread 0x0000026b7fa9e050 Exception <a 'java/lang/NoSuchMethodError'{0x00000000ebba3270}: 'void java.lang.invoke.Invokers$Holder.invokeExact_MT(java.lang.Object, java.lang.Object, java.lang.Object, java.lang.Object)'> (0x00000000ebba3270) 
thrown [s\src\hotspot\share\interpreter\linkResolver.cpp, line 773]
Event: 17.973 Thread 0x0000026b7fa9e050 Exception <a 'java/io/FileNotFoundException'{0x00000000ebe35a98}> (0x00000000ebe35a98) 
thrown [s\src\hotspot\share\prims\jni.cpp, line 520]
Event: 17.980 Thread 0x0000026b7fa9e050 Exception <a 'java/io/FileNotFoundException'{0x00000000ebe3cad8}> (0x00000000ebe3cad8) 
thrown [s\src\hotspot\share\prims\jni.cpp, line 520]

ZGC Phase Switch (0 events):
No events

VM Operations (20 events):
Event: 12.008 Executing VM operation: Cleanup
Event: 12.009 Executing VM operation: Cleanup done
Event: 12.079 Executing VM operation: ParallelGCFailedAllocation (Allocation Failure)
Event: 12.093 Executing VM operation: ParallelGCFailedAllocation (Allocation Failure) done
Event: 12.724 Executing VM operation: HandshakeAllThreads (Deoptimize)
Event: 12.724 Executing VM operation: HandshakeAllThreads (Deoptimize) done
Event: 12.977 Executing VM operation: HandshakeAllThreads (Deoptimize)
Event: 12.977 Executing VM operation: HandshakeAllThreads (Deoptimize) done
Event: 13.653 Executing VM operation: ICBufferFull
Event: 13.653 Executing VM operation: ICBufferFull done
Event: 13.723 Executing VM operation: ParallelGCFailedAllocation (Allocation Failure)
Event: 13.731 Executing VM operation: ParallelGCFailedAllocation (Allocation Failure) done
Event: 14.744 Executing VM operation: Cleanup
Event: 14.744 Executing VM operation: Cleanup done
Event: 15.746 Executing VM operation: Cleanup
Event: 15.762 Executing VM operation: Cleanup done
Event: 16.764 Executing VM operation: Cleanup
Event: 16.765 Executing VM operation: Cleanup done
Event: 17.780 Executing VM operation: Cleanup
Event: 17.795 Executing VM operation: Cleanup done

Memory protections (0 events):
No events

Nmethod flushes (0 events):
No events

Events (20 events):
Event: 3.358 Thread 0x0000026b39255d70 Thread added: 0x0000026b7f3fdd90
Event: 3.745 Thread 0x0000026b7f3fdd90 Thread exited: 0x0000026b7f3fdd90
Event: 4.280 Thread 0x0000026b39255d70 Thread added: 0x0000026b7f450900
Event: 4.543 Thread 0x0000026b7f450900 Thread exited: 0x0000026b7f450900
Event: 5.492 Thread 0x0000026b39255d70 Thread added: 0x0000026b7f59f7b0
Event: 5.600 Thread 0x0000026b7f59f7b0 Thread exited: 0x0000026b7f59f7b0
Event: 5.762 Thread 0x0000026b391eb880 Thread added: 0x0000026b7f8dc900
Event: 6.278 Thread 0x0000026b7f8dc900 Thread exited: 0x0000026b7f8dc900
Event: 7.560 Thread 0x0000026b391eb880 Thread added: 0x0000026b7f68e8b0
Event: 7.846 Thread 0x0000026b22c6cf60 Thread added: 0x0000026b7f30f060
Event: 8.107 Thread 0x0000026b7f68e8b0 Thread exited: 0x0000026b7f68e8b0
Event: 9.831 Thread 0x0000026b22c6cf60 Thread added: 0x0000026b7fa9cca0
Event: 9.963 Thread 0x0000026b7fa9cca0 Thread added: 0x0000026b7fa9d9c0
Event: 9.982 Thread 0x0000026b22c6cf60 Thread added: 0x0000026b7fa9e050
Event: 10.993 Thread 0x0000026b39255d70 Thread added: 0x0000026b7fa315c0
Event: 11.700 Thread 0x0000026b7fa9e050 Thread added: 0x0000026b7fa9e6e0
Event: 11.713 Thread 0x0000026b7fa315c0 Thread exited: 0x0000026b7fa315c0
Event: 12.598 Thread 0x0000026b7fa9e050 Thread added: 0x0000026b7fa9c610
Event: 12.955 Thread 0x0000026b7fa9e050 Thread added: 0x0000026b7fa9ed70
Event: 15.810 Thread 0x0000026b7fa9e050 Thread added: 0x0000026b7fa9f400


Dynamic libraries:
0x00007ff75f3c0000 - 0x00007ff75f3ce000 	c:\Users\palak\.vscode\extensions\redhat.java-1.41.0-win32-x64\jre\21.0.6-win32-x86_64\bin\java.exe
0x00007ff99cf00000 - 0x00007ff99d163000 	C:\WINDOWS\SYSTEM32\ntdll.dll
0x00007ff99b730000 - 0x00007ff99b7f7000 	C:\WINDOWS\System32\KERNEL32.DLL
0x00007ff99a5a0000 - 0x00007ff99a969000 	C:\WINDOWS\System32\KERNELBASE.dll
0x00007ff99a240000 - 0x00007ff99a38c000 	C:\WINDOWS\System32\ucrtbase.dll
0x00007ff96bd80000 - 0x00007ff96bd98000 	c:\Users\palak\.vscode\extensions\redhat.java-1.41.0-win32-x64\jre\21.0.6-win32-x86_64\bin\jli.dll
0x00007ff99c180000 - 0x00007ff99c34a000 	C:\WINDOWS\System32\USER32.dll
0x00007ff99aa00000 - 0x00007ff99aa27000 	C:\WINDOWS\System32\win32u.dll
0x00007ff99b700000 - 0x00007ff99b72a000 	C:\WINDOWS\System32\GDI32.dll
0x00007ff99a100000 - 0x00007ff99a231000 	C:\WINDOWS\System32\gdi32full.dll
0x00007ff99a4f0000 - 0x00007ff99a593000 	C:\WINDOWS\System32\msvcp_win.dll
0x00007ff96bbb0000 - 0x00007ff96bbce000 	c:\Users\palak\.vscode\extensions\redhat.java-1.41.0-win32-x64\jre\21.0.6-win32-x86_64\bin\VCRUNTIME140.dll
0x00007ff97bba0000 - 0x00007ff97be30000 	C:\WINDOWS\WinSxS\amd64_microsoft.windows.common-controls_6595b64144ccf1df_6.0.26100.3323_none_3e088096e3344490\COMCTL32.dll
0x00007ff99cb40000 - 0x00007ff99cbe9000 	C:\WINDOWS\System32\msvcrt.dll
0x00007ff99c670000 - 0x00007ff99c69f000 	C:\WINDOWS\System32\IMM32.DLL
0x00007ff97a440000 - 0x00007ff97a44c000 	c:\Users\palak\.vscode\extensions\redhat.java-1.41.0-win32-x64\jre\21.0.6-win32-x86_64\bin\vcruntime140_1.dll
0x00007ff962f00000 - 0x00007ff962f8d000 	c:\Users\palak\.vscode\extensions\redhat.java-1.41.0-win32-x64\jre\21.0.6-win32-x86_64\bin\msvcp140.dll
0x00007ff8fc6b0000 - 0x00007ff8fd440000 	c:\Users\palak\.vscode\extensions\redhat.java-1.41.0-win32-x64\jre\21.0.6-win32-x86_64\bin\server\jvm.dll
0x00007ff99ce00000 - 0x00007ff99ceb2000 	C:\WINDOWS\System32\ADVAPI32.dll
0x00007ff99c080000 - 0x00007ff99c126000 	C:\WINDOWS\System32\sechost.dll
0x00007ff99cce0000 - 0x00007ff99cdf6000 	C:\WINDOWS\System32\RPCRT4.dll
0x00007ff99ae90000 - 0x00007ff99af04000 	C:\WINDOWS\System32\WS2_32.dll
0x00007ff999f90000 - 0x00007ff999fde000 	C:\WINDOWS\SYSTEM32\POWRPROF.dll
0x00007ff993630000 - 0x00007ff993666000 	C:\WINDOWS\SYSTEM32\WINMM.dll
0x00007ff993ad0000 - 0x00007ff993adb000 	C:\WINDOWS\SYSTEM32\VERSION.dll
0x00007ff999f70000 - 0x00007ff999f84000 	C:\WINDOWS\SYSTEM32\UMPDC.dll
0x00007ff998f20000 - 0x00007ff998f3a000 	C:\WINDOWS\SYSTEM32\kernel.appcore.dll
0x00007ff97a340000 - 0x00007ff97a34a000 	c:\Users\palak\.vscode\extensions\redhat.java-1.41.0-win32-x64\jre\21.0.6-win32-x86_64\bin\jimage.dll
0x00007ff98b0a0000 - 0x00007ff98b2e1000 	C:\WINDOWS\SYSTEM32\DBGHELP.DLL
0x00007ff99b0b0000 - 0x00007ff99b432000 	C:\WINDOWS\System32\combase.dll
0x00007ff99c350000 - 0x00007ff99c426000 	C:\WINDOWS\System32\OLEAUT32.dll
0x00007ff97afb0000 - 0x00007ff97afe9000 	C:\WINDOWS\SYSTEM32\dbgcore.DLL
0x00007ff99a390000 - 0x00007ff99a429000 	C:\WINDOWS\System32\bcryptPrimitives.dll
0x00007ff97a2d0000 - 0x00007ff97a2df000 	c:\Users\palak\.vscode\extensions\redhat.java-1.41.0-win32-x64\jre\21.0.6-win32-x86_64\bin\instrument.dll
0x00007ff966440000 - 0x00007ff96645f000 	c:\Users\palak\.vscode\extensions\redhat.java-1.41.0-win32-x64\jre\21.0.6-win32-x86_64\bin\java.dll
0x00007ff99b800000 - 0x00007ff99bf15000 	C:\WINDOWS\System32\SHELL32.dll
0x00007ff99abb0000 - 0x00007ff99ad18000 	C:\WINDOWS\System32\wintypes.dll
0x00007ff997de0000 - 0x00007ff998625000 	C:\WINDOWS\SYSTEM32\windows.storage.dll
0x00007ff99cbf0000 - 0x00007ff99ccdb000 	C:\WINDOWS\System32\SHCORE.dll
0x00007ff99c590000 - 0x00007ff99c5ed000 	C:\WINDOWS\System32\shlwapi.dll
0x00007ff99a010000 - 0x00007ff99a03f000 	C:\WINDOWS\SYSTEM32\profapi.dll
0x00007ff9665c0000 - 0x00007ff9665d8000 	c:\Users\palak\.vscode\extensions\redhat.java-1.41.0-win32-x64\jre\21.0.6-win32-x86_64\bin\zip.dll
0x00007ff97a1c0000 - 0x00007ff97a1d0000 	C:\Users\palak\.vscode\extensions\redhat.java-1.41.0-win32-x64\jre\21.0.6-win32-x86_64\bin\net.dll
0x00007ff98fb60000 - 0x00007ff98fc7e000 	C:\WINDOWS\SYSTEM32\WINHTTP.dll
0x00007ff999440000 - 0x00007ff9994aa000 	C:\WINDOWS\system32\mswsock.dll
0x00007ff966380000 - 0x00007ff966396000 	C:\Users\palak\.vscode\extensions\redhat.java-1.41.0-win32-x64\jre\21.0.6-win32-x86_64\bin\nio.dll
0x00007ff978010000 - 0x00007ff978020000 	c:\Users\palak\.vscode\extensions\redhat.java-1.41.0-win32-x64\jre\21.0.6-win32-x86_64\bin\verify.dll
0x00007ff95e650000 - 0x00007ff95e695000 	C:\Users\palak\AppData\Roaming\Code\User\globalStorage\redhat.java\1.41.0\config_win\org.eclipse.equinox.launcher\org.eclipse.equinox.launcher.win32.win32.x86_64_1.2.1300.v20250325-0811\eclipse_11911.dll
0x00007ff99af10000 - 0x00007ff99b0a5000 	C:\WINDOWS\System32\ole32.dll

dbghelp: loaded successfully - version: 4.0.5 - missing functions: none
symbol engine: initialized successfully - sym options: 0x614 - pdb path: .;c:\Users\palak\.vscode\extensions\redhat.java-1.41.0-win32-x64\jre\21.0.6-win32-x86_64\bin;C:\WINDOWS\SYSTEM32;C:\WINDOWS\WinSxS\amd64_microsoft.windows.common-controls_6595b64144ccf1df_6.0.26100.3323_none_3e088096e3344490;c:\Users\palak\.vscode\extensions\redhat.java-1.41.0-win32-x64\jre\21.0.6-win32-x86_64\bin\server;C:\Users\palak\AppData\Roaming\Code\User\globalStorage\redhat.java\1.41.0\config_win\org.eclipse.equinox.launcher\org.eclipse.equinox.launcher.win32.win32.x86_64_1.2.1300.v20250325-0811

VM Arguments:
jvm_args: --add-modules=ALL-SYSTEM --add-opens=java.base/java.util=ALL-UNNAMED --add-opens=java.base/java.lang=ALL-UNNAMED --add-opens=java.base/sun.nio.fs=ALL-UNNAMED -Declipse.application=org.eclipse.jdt.ls.core.id1 -Dosgi.bundles.defaultStartLevel=4 -Declipse.product=org.eclipse.jdt.ls.core.product -Djava.import.generatesMetadataFilesAtProjectRoot=false -DDetectVMInstallationsJob.disabled=true -Dfile.encoding=utf8 -XX:+UseParallelGC -XX:GCTimeRatio=4 -XX:AdaptiveSizePolicyWeight=90 -Dsun.zip.disableMemoryMapping=true -Xmx1G -Xms100m -Xlog:disable -javaagent:c:\Users\palak\.vscode\extensions\redhat.java-1.41.0-win32-x64\lombok\lombok-1.18.36.jar -XX:+HeapDumpOnOutOfMemoryError -XX:HeapDumpPath=c:\Users\palak\AppData\Roaming\Code\User\workspaceStorage\632f04cdbe9e26a6a5769c745b0508de\redhat.java -Daether.dependencyCollector.impl=bf 
java_command: c:\Users\palak\.vscode\extensions\redhat.java-1.41.0-win32-x64\server\plugins\org.eclipse.equinox.launcher_1.6.1100.v20250306-0509.jar -configuration c:\Users\palak\AppData\Roaming\Code\User\globalStorage\redhat.java\1.41.0\config_win -data c:\Users\palak\AppData\Roaming\Code\User\workspaceStorage\632f04cdbe9e26a6a5769c745b0508de\redhat.java\jdt_ws --pipe=\\.\pipe\lsp-e669ef0e1c5336ef9d2ca72458e8467f-sock
java_class_path (initial): c:\Users\palak\.vscode\extensions\redhat.java-1.41.0-win32-x64\server\plugins\org.eclipse.equinox.launcher_1.6.1100.v20250306-0509.jar
Launcher Type: SUN_STANDARD

[Global flags]
    uintx AdaptiveSizePolicyWeight                 = 90                                        {product} {command line}
     intx CICompilerCount                          = 3                                         {product} {ergonomic}
    uintx GCTimeRatio                              = 4                                         {product} {command line}
     bool HeapDumpOnOutOfMemoryError               = true                                   {manageable} {command line}
    ccstr HeapDumpPath                             = c:\Users\palak\AppData\Roaming\Code\User\workspaceStorage\632f04cdbe9e26a6a5769c745b0508de\redhat.java         {manageable} {command line}
   size_t InitialHeapSize                          = 104857600                                 {product} {command line}
   size_t MaxHeapSize                              = 1073741824                                {product} {command line}
   size_t MaxNewSize                               = 357564416                                 {product} {ergonomic}
   size_t MinHeapDeltaBytes                        = 524288                                    {product} {ergonomic}
   size_t MinHeapSize                              = 104857600                                 {product} {command line}
   size_t NewSize                                  = 34603008                                  {product} {ergonomic}
    uintx NonNMethodCodeHeapSize                   = 5832780                                {pd product} {ergonomic}
    uintx NonProfiledCodeHeapSize                  = 122912730                              {pd product} {ergonomic}
   size_t OldSize                                  = 70254592                                  {product} {ergonomic}
    uintx ProfiledCodeHeapSize                     = 122912730                              {pd product} {ergonomic}
    uintx ReservedCodeCacheSize                    = 251658240                              {pd product} {ergonomic}
     bool SegmentedCodeCache                       = true                                      {product} {ergonomic}
   size_t SoftMaxHeapSize                          = 1073741824                             {manageable} {ergonomic}
     bool UseCompressedOops                        = true                           {product lp64_product} {ergonomic}
     bool UseLargePagesIndividualAllocation        = false                                  {pd product} {ergonomic}
     bool UseParallelGC                            = true                                      {product} {command line}

Logging:
Log output configuration:
 #0: stdout all=off uptime,level,tags foldmultilines=false
 #1: stderr all=off uptime,level,tags foldmultilines=false

Environment Variables:
JAVA_HOME=C:\Users\palak\Downloads\java-21-openjdk-21.0.1.0.12-3.win.jdk.x86_64\java-21-openjdk-21.0.1.0.12-3.win.jdk.x86_64
PATH=C:\Program Files (x86)\Common Files\Oracle\Java\java8path;C:\Program Files (x86)\Common Files\Oracle\Java\javapath;C:\WINDOWS\system32;C:\WINDOWS;C:\WINDOWS\System32\Wbem;C:\WINDOWS\System32\WindowsPowerShell\v1.0\;C:\WINDOWS\System32\OpenSSH\;C:\Users\palak\Downloads\java-21-openjdk-21.0.1.0.12-3.win.jdk.x86_64\java-21-openjdk-21.0.1.0.12-3.win.jdk.x86_64\bin;C:\Users\palak\Downloads\apache-maven-3.9.8-bin\bin;c:\users\palak\appdata\local\packages\pythonsoftwarefoundation.python.3.11_qbz5n2kfra8p0\localcache\local-packages\python311\site-packages;C:\ProgramData\chocolatey\bin;C:\Program Files\nodejs\;C:\Users\palak\AppData\Local\Programs\Python\Python312\Scripts;C:\Program Files\Git\cmd;C:\Users\palak\Downloads\flutter_windows_3.27.3-stable\flutter\bin;C:\Users\palak\AppData\Local\Android\Sdk\cmdline-tools\latest\bin;C:\Users\palak\AppData\Local\Android\Sdk\platform-tools;C:\ffmpeg;C:\Program Files\MongoDB\Server\8.0\bin;C:\Users\palak\AppData\Local\Programs\Python\Python313\Scripts\;C:\Users\palak\AppData\Local\Programs\Python\Python313\;C:\Users\palak\AppData\Local\Programs\Python\Python312\Scripts\;C:\Users\palak\AppData\Local\Programs\Python\Python312\;C:\Users\palak\AppData\Local\Programs\Python\Launcher\;C:\Program Files\MySQL\MySQL Shell 8.0\bin\;C:\Users\palak\AppData\Local\Microsoft\WindowsApps;C:\Users\palak\AppData\Local\Programs\Microsoft VS Code\bin;C:\Program Files\JetBrains\IntelliJ IDEA Community Edition 2023.3.3\bin;C:\Users\palak\AppData\Local\JetBrains\CLion 2023.3.4\bin;C:\Program Files\JetBrains\PyCharm 2024.1.2\bin;C:\Program Files\JetBrains\PyCharm Community Edition 2024.1.4\bin;C:\Users\palak\AppData\Local\JetBrains\Toolbox\scripts;C:\Users\palak\AppData\Roaming\npm;C:\Users\palak\AppData\Local\GitHubDesktop\bin;C:\Users\palak\AppData\Local\Microsoft\WindowsApps;
USERNAME=palak
OS=Windows_NT
PROCESSOR_IDENTIFIER=AMD64 Family 23 Model 24 Stepping 1, AuthenticAMD
TMP=C:\Users\palak\AppData\Local\Temp
TEMP=C:\Users\palak\AppData\Local\Temp




Periodic native trim disabled

---------------  S Y S T E M  ---------------

OS:
 Windows 11 , 64 bit Build 26100 (10.0.26100.3323)
OS uptime: 0 days 1:47 hours

CPU: total 4 (initial active 4) (4 cores per cpu, 2 threads per core) family 23 model 24 stepping 1 microcode 0x8108109, cx8, cmov, fxsr, ht, mmx, 3dnowpref, sse, sse2, sse3, ssse3, sse4a, sse4.1, sse4.2, popcnt, lzcnt, tsc, tscinvbit, avx, avx2, aes, clmul, bmi1, bmi2, adx, sha, fma, vzeroupper, clflush, clflushopt, rdtscp, f16c
Processor Information for the first 4 processors :
  Max Mhz: 2600, Current Mhz: 2600, Mhz Limit: 2600

Memory: 4k page, system-wide physical 6086M (404M free)
TotalPageFile size 14278M (AvailPageFile size 0M)
current process WorkingSet (physical memory assigned to process): 113M, peak: 118M
current process commit charge ("private bytes"): 204M, peak: 210M

vm_info: OpenJDK 64-Bit Server VM (21.0.6+7-LTS) for windows-amd64 JRE (21.0.6+7-LTS), built on 2025-01-21T00:00:00Z by "admin" with MS VC++ 17.7 (VS2022)

END.
