#
# There is insufficient memory for the Java Runtime Environment to continue.
# Native memory allocation (malloc) failed to allocate 32744 bytes. Error detail: Chunk::new
# Possible reasons:
#   The system is out of physical RAM or swap space
#   This process is running with CompressedOops enabled, and the Java Heap may be blocking the growth of the native heap
# Possible solutions:
#   Reduce memory load on the system
#   Increase physical memory or swap space
#   Check if swap backing store is full
#   Decrease Java heap size (-Xmx/-Xms)
#   Decrease number of Java threads
#   Decrease Java thread stack sizes (-Xss)
#   Set larger code cache with -XX:ReservedCodeCacheSize=
#   JVM is running with Unscaled Compressed Oops mode in which the Java heap is
#     placed in the first 4GB address space. The Java Heap base address is the
#     maximum limit for the native heap growth. Please use -XX:HeapBaseMinAddress
#     to set the Java Heap base and to place the Java Heap above 4GB virtual address.
# This output file may be truncated or incomplete.
#
#  Out of Memory Error (arena.cpp:168), pid=10092, tid=13260
#
# JRE version: OpenJDK Runtime Environment Temurin-21.0.6+7 (21.0.6+7) (build 21.0.6+7-LTS)
# Java VM: OpenJDK 64-Bit Server VM Temurin-21.0.6+7 (21.0.6+7-LTS, mixed mode, sharing, tiered, compressed oops, compressed class ptrs, parallel gc, windows-amd64)
# No core dump will be written. Minidumps are not enabled by default on client versions of Windows
#

---------------  S U M M A R Y ------------

Command Line: --add-modules=ALL-SYSTEM --add-opens=java.base/java.util=ALL-UNNAMED --add-opens=java.base/java.lang=ALL-UNNAMED --add-opens=java.base/sun.nio.fs=ALL-UNNAMED -Declipse.application=org.eclipse.jdt.ls.core.id1 -Dosgi.bundles.defaultStartLevel=4 -Declipse.product=org.eclipse.jdt.ls.core.product -Djava.import.generatesMetadataFilesAtProjectRoot=false -DDetectVMInstallationsJob.disabled=true -Dfile.encoding=utf8 -XX:+UseParallelGC -XX:GCTimeRatio=4 -XX:AdaptiveSizePolicyWeight=90 -Dsun.zip.disableMemoryMapping=true -Xmx1G -Xms100m -Xlog:disable -javaagent:c:\Users\palak\.vscode\extensions\redhat.java-1.40.0-win32-x64\lombok\lombok-1.18.36.jar -XX:+HeapDumpOnOutOfMemoryError -XX:HeapDumpPath=c:\Users\palak\AppData\Roaming\Code\User\workspaceStorage\632f04cdbe9e26a6a5769c745b0508de\redhat.java -Daether.dependencyCollector.impl=bf c:\Users\palak\.vscode\extensions\redhat.java-1.40.0-win32-x64\server\plugins\org.eclipse.equinox.launcher_1.6.1000.v20250131-0606.jar -configuration c:\Users\palak\AppData\Roaming\Code\User\globalStorage\redhat.java\1.40.0\config_win -data c:\Users\palak\AppData\Roaming\Code\User\workspaceStorage\632f04cdbe9e26a6a5769c745b0508de\redhat.java\jdt_ws --pipe=\\.\pipe\lsp-34d8182cc35d7951717f765f48e53cb9-sock

Host: AMD Ryzen 3 3250U with Radeon Graphics         , 4 cores, 5G,  Windows 11 , 64 bit Build 26100 (10.0.26100.3323)
Time: Mon Mar 24 19:12:50 2025 India Standard Time elapsed time: 33.604014 seconds (0d 0h 0m 33s)

---------------  T H R E A D  ---------------

Current thread (0x000001fbb06c8630):  JavaThread "C2 CompilerThread0" daemon [_thread_in_native, id=13260, stack(0x000000f3ff500000,0x000000f3ff600000) (1024K)]


Current CompileTask:
C2:33604 8589       4       java.lang.invoke.DirectMethodHandle::make (275 bytes)

Stack: [0x000000f3ff500000,0x000000f3ff600000]
Native frames: (J=compiled Java code, j=interpreted, Vv=VM code, C=native code)
V  [jvm.dll+0x6cdee9]
V  [jvm.dll+0x8a83d1]
V  [jvm.dll+0x8aa8fe]
V  [jvm.dll+0x8aafe3]
V  [jvm.dll+0x27f706]
V  [jvm.dll+0xc500d]
V  [jvm.dll+0xc5543]
V  [jvm.dll+0xaf9a5]
V  [jvm.dll+0xa75b7]
V  [jvm.dll+0x656f2d]
V  [jvm.dll+0x65c89d]
V  [jvm.dll+0x65d7d6]
V  [jvm.dll+0x65bb6e]
V  [jvm.dll+0x247875]
V  [jvm.dll+0x246fcf]
V  [jvm.dll+0x1c75ee]
V  [jvm.dll+0x25685a]
V  [jvm.dll+0x254dfa]
V  [jvm.dll+0x3f0256]
V  [jvm.dll+0x851f8b]
V  [jvm.dll+0x6cc5ed]
C  [ucrtbase.dll+0x37b0]
C  [KERNEL32.DLL+0x2e8d7]
C  [ntdll.dll+0xbbf6c]


---------------  P R O C E S S  ---------------

Threads class SMR info:
_java_thread_list=0x000001fbfa5d5ee0, length=41, elements={
0x000001fb99f3d850, 0x000001fb9c44c410, 0x000001fbb06bffd0, 0x000001fbb06c3500,
0x000001fbb06c4150, 0x000001fbb06c4da0, 0x000001fbb06c7800, 0x000001fbb06c8630,
0x000001fbb073ea50, 0x000001fbf25a9030, 0x000001fbf274c590, 0x000001fbf74afa10,
0x000001fbf754b900, 0x000001fbf7517260, 0x000001fbf7852540, 0x000001fbf7d254a0,
0x000001fbf7ce9260, 0x000001fbf72ced30, 0x000001fbf72cfa50, 0x000001fbf72d00e0,
0x000001fbf72d0770, 0x000001fbf72d0e00, 0x000001fbf72cd980, 0x000001fbfa61afc0,
0x000001fbfa618860, 0x000001fbfa619580, 0x000001fbfa61a930, 0x000001fbfa61b650,
0x000001fbfa61bce0, 0x000001fbfa618ef0, 0x000001fbfa619c10, 0x000001fbf72cf3c0,
0x000001fbf963edb0, 0x000001fbf963fad0, 0x000001fbf9640160, 0x000001fbf963e090,
0x000001fbf96407f0, 0x000001fbf9640e80, 0x000001fbf9641510, 0x000001fbf9641ba0,
0x000001fbf933d8f0
}

Java Threads: ( => current thread )
  0x000001fb99f3d850 JavaThread "main"                              [_thread_blocked, id=3688, stack(0x000000f3feb00000,0x000000f3fec00000) (1024K)]
  0x000001fb9c44c410 JavaThread "Reference Handler"          daemon [_thread_blocked, id=1992, stack(0x000000f3fef00000,0x000000f3ff000000) (1024K)]
  0x000001fbb06bffd0 JavaThread "Finalizer"                  daemon [_thread_blocked, id=3608, stack(0x000000f3ff000000,0x000000f3ff100000) (1024K)]
  0x000001fbb06c3500 JavaThread "Signal Dispatcher"          daemon [_thread_blocked, id=18100, stack(0x000000f3ff100000,0x000000f3ff200000) (1024K)]
  0x000001fbb06c4150 JavaThread "Attach Listener"            daemon [_thread_blocked, id=20992, stack(0x000000f3ff200000,0x000000f3ff300000) (1024K)]
  0x000001fbb06c4da0 JavaThread "Service Thread"             daemon [_thread_blocked, id=11724, stack(0x000000f3ff300000,0x000000f3ff400000) (1024K)]
  0x000001fbb06c7800 JavaThread "Monitor Deflation Thread"   daemon [_thread_blocked, id=15132, stack(0x000000f3ff400000,0x000000f3ff500000) (1024K)]
=>0x000001fbb06c8630 JavaThread "C2 CompilerThread0"         daemon [_thread_in_native, id=13260, stack(0x000000f3ff500000,0x000000f3ff600000) (1024K)]
  0x000001fbb073ea50 JavaThread "C1 CompilerThread0"         daemon [_thread_in_vm, id=428, stack(0x000000f3ff600000,0x000000f3ff700000) (1024K)]
  0x000001fbf25a9030 JavaThread "Common-Cleaner"             daemon [_thread_blocked, id=19664, stack(0x000000f3ff700000,0x000000f3ff800000) (1024K)]
  0x000001fbf274c590 JavaThread "Notification Thread"        daemon [_thread_blocked, id=8836, stack(0x000000f3ff800000,0x000000f3ff900000) (1024K)]
  0x000001fbf74afa10 JavaThread "Active Thread: Equinox Container: 943c5fb4-50db-450a-9819-a3825c51dddf"        [_thread_blocked, id=5036, stack(0x000000f3ffd00000,0x000000f3ffe00000) (1024K)]
  0x000001fbf754b900 JavaThread "Refresh Thread: Equinox Container: 943c5fb4-50db-450a-9819-a3825c51dddf" daemon [_thread_blocked, id=16256, stack(0x000000f3ffc00000,0x000000f3ffd00000) (1024K)]
  0x000001fbf7517260 JavaThread "Framework Event Dispatcher: Equinox Container: 943c5fb4-50db-450a-9819-a3825c51dddf" daemon [_thread_blocked, id=14328, stack(0x000000f3ffe00000,0x000000f3fff00000) (1024K)]
  0x000001fbf7852540 JavaThread "Start Level: Equinox Container: 943c5fb4-50db-450a-9819-a3825c51dddf" daemon [_thread_blocked, id=1516, stack(0x000000f3fff00000,0x000000f400000000) (1024K)]
  0x000001fbf7d254a0 JavaThread "Bundle File Closer"         daemon [_thread_blocked, id=12628, stack(0x000000f380100000,0x000000f380200000) (1024K)]
  0x000001fbf7ce9260 JavaThread "SCR Component Actor"        daemon [_thread_blocked, id=6388, stack(0x000000f380000000,0x000000f380100000) (1024K)]
  0x000001fbf72ced30 JavaThread "Worker-JM"                         [_thread_blocked, id=16440, stack(0x000000f380400000,0x000000f380500000) (1024K)]
  0x000001fbf72cfa50 JavaThread "JNA Cleaner"                daemon [_thread_blocked, id=16176, stack(0x000000f380300000,0x000000f380400000) (1024K)]
  0x000001fbf72d00e0 JavaThread "Worker-0"                          [_thread_blocked, id=9120, stack(0x000000f380500000,0x000000f380600000) (1024K)]
  0x000001fbf72d0770 JavaThread "Worker-1"                          [_thread_blocked, id=15388, stack(0x000000f380600000,0x000000f380700000) (1024K)]
  0x000001fbf72d0e00 JavaThread "Worker-2"                          [_thread_blocked, id=2132, stack(0x000000f380800000,0x000000f380900000) (1024K)]
  0x000001fbf72cd980 JavaThread "Java indexing"              daemon [_thread_blocked, id=18644, stack(0x000000f380900000,0x000000f380a00000) (1024K)]
  0x000001fbfa61afc0 JavaThread "Worker-3: Initialize workspace"        [_thread_in_vm, id=18716, stack(0x000000f380c00000,0x000000f380d00000) (1024K)]
  0x000001fbfa618860 JavaThread "Worker-4"                          [_thread_blocked, id=20068, stack(0x000000f380d00000,0x000000f380e00000) (1024K)]
  0x000001fbfa619580 JavaThread "Thread-2"                   daemon [_thread_in_native, id=20016, stack(0x000000f380200000,0x000000f380300000) (1024K)]
  0x000001fbfa61a930 JavaThread "Thread-3"                   daemon [_thread_in_native, id=17468, stack(0x000000f380e00000,0x000000f380f00000) (1024K)]
  0x000001fbfa61b650 JavaThread "Thread-4"                   daemon [_thread_in_native, id=14304, stack(0x000000f380f00000,0x000000f381000000) (1024K)]
  0x000001fbfa61bce0 JavaThread "Thread-5"                   daemon [_thread_in_native, id=4648, stack(0x000000f381000000,0x000000f381100000) (1024K)]
  0x000001fbfa618ef0 JavaThread "Thread-6"                   daemon [_thread_in_native, id=16296, stack(0x000000f381100000,0x000000f381200000) (1024K)]
  0x000001fbfa619c10 JavaThread "pool-2-thread-1"                   [_thread_blocked, id=18288, stack(0x000000f381200000,0x000000f381300000) (1024K)]
  0x000001fbf72cf3c0 JavaThread "WorkspaceEventsHandler"            [_thread_blocked, id=14104, stack(0x000000f381300000,0x000000f381400000) (1024K)]
  0x000001fbf963edb0 JavaThread "pool-1-thread-1"                   [_thread_blocked, id=5884, stack(0x000000f381400000,0x000000f381500000) (1024K)]
  0x000001fbf963fad0 JavaThread "ForkJoinPool.commonPool-worker-1" daemon [_thread_in_Java, id=16040, stack(0x000000f381500000,0x000000f381600000) (1024K)]
  0x000001fbf9640160 JavaThread "ForkJoinPool.commonPool-worker-2" daemon [_thread_in_Java, id=17888, stack(0x000000f381600000,0x000000f381700000) (1024K)]
  0x000001fbf963e090 JavaThread "ForkJoinPool.commonPool-worker-3" daemon [_thread_blocked, id=16388, stack(0x000000f381700000,0x000000f381800000) (1024K)]
  0x000001fbf96407f0 JavaThread "Worker-5: Publish Diagnostics"        [_thread_in_Java, id=11880, stack(0x000000f381800000,0x000000f381900000) (1024K)]
  0x000001fbf9640e80 JavaThread "Worker-6"                          [_thread_blocked, id=11904, stack(0x000000f381900000,0x000000f381a00000) (1024K)]
  0x000001fbf9641510 JavaThread "Worker-7"                          [_thread_blocked, id=15392, stack(0x000000f380700000,0x000000f380800000) (1024K)]
  0x000001fbf9641ba0 JavaThread "SCR Component Registry"     daemon [_thread_blocked, id=17728, stack(0x000000f381a00000,0x000000f381b00000) (1024K)]
  0x000001fbf933d8f0 JavaThread "C2 CompilerThread1"         daemon [_thread_in_native, id=10528, stack(0x000000f381b00000,0x000000f381c00000) (1024K)]
Total: 41

Other Threads:
  0x000001fbb06bf4f0 VMThread "VM Thread"                           [id=2440, stack(0x000000f3fee00000,0x000000f3fef00000) (1024K)]
  0x000001fbb065ca10 WatcherThread "VM Periodic Task Thread"        [id=18196, stack(0x000000f3fed00000,0x000000f3fee00000) (1024K)]
  0x000001fb9c3ad570 WorkerThread "GC Thread#0"                     [id=20692, stack(0x000000f3fec00000,0x000000f3fed00000) (1024K)]
  0x000001fbf72c9980 WorkerThread "GC Thread#1"                     [id=15624, stack(0x000000f3ff900000,0x000000f3ffa00000) (1024K)]
  0x000001fbf736b980 WorkerThread "GC Thread#2"                     [id=16716, stack(0x000000f3ffa00000,0x000000f3ffb00000) (1024K)]
  0x000001fbf736bd20 WorkerThread "GC Thread#3"                     [id=17816, stack(0x000000f3ffb00000,0x000000f3ffc00000) (1024K)]
Total: 6

Threads with active compile tasks:
C2 CompilerThread0  33669 8589       4       java.lang.invoke.DirectMethodHandle::make (275 bytes)
C1 CompilerThread0  33669 8703       3       org.eclipse.sisu.inject.RankedSequence::<init> (5 bytes)
C2 CompilerThread1  33669 8590       4       java.lang.reflect.Field::get (39 bytes)
Total: 3

VM state: not at safepoint (normal execution)

VM Mutex/Monitor currently owned by a thread: None

Heap address: 0x00000000c0000000, size: 1024 MB, Compressed Oops mode: 32-bit

CDS archive(s) mapped at: [0x000001fbb1000000-0x000001fbb1ba0000-0x000001fbb1ba0000), size 12189696, SharedBaseAddress: 0x000001fbb1000000, ArchiveRelocationMode: 1.
Compressed class space mapped at: 0x000001fbb2000000-0x000001fbf2000000, reserved size: 1073741824
Narrow klass base: 0x000001fbb1000000, Narrow klass shift: 0, Narrow klass range: 0x100000000

GC Precious Log:
 CardTable entry size: 512
 CPUs: 4 total, 4 available
 Memory: 6086M
 Large Page Support: Disabled
 NUMA Support: Disabled
 Compressed Oops: Enabled (32-bit)
 Alignments: Space 512K, Generation 512K, Heap 2M
 Heap Min Capacity: 100M
 Heap Initial Capacity: 100M
 Heap Max Capacity: 1G
 Pre-touch: Disabled
 Parallel Workers: 4

Heap:
 PSYoungGen      total 18432K, used 15881K [0x00000000eab00000, 0x00000000ebe00000, 0x0000000100000000)
  eden space 17408K, 87% used [0x00000000eab00000,0x00000000eb9ca430,0x00000000ebc00000)
  from space 1024K, 71% used [0x00000000ebc00000,0x00000000ebcb8000,0x00000000ebd00000)
  to   space 1024K, 0% used [0x00000000ebd00000,0x00000000ebd00000,0x00000000ebe00000)
 ParOldGen       total 68608K, used 53523K [0x00000000c0000000, 0x00000000c4300000, 0x00000000eab00000)
  object space 68608K, 78% used [0x00000000c0000000,0x00000000c3444cf8,0x00000000c4300000)
 Metaspace       used 58309K, committed 59776K, reserved 1114112K
  class space    used 6103K, committed 6784K, reserved 1048576K

Card table byte_map: [0x000001fb9bd30000,0x000001fb9bf40000] _byte_map_base: 0x000001fb9b730000

Marking Bits: (ParMarkBitMap*) 0x00007ffc8a9a3260
 Begin Bits: [0x000001fbae580000, 0x000001fbaf580000)
 End Bits:   [0x000001fbaf580000, 0x000001fbb0580000)

Polling page: 0x000001fb9b950000

Metaspace:

Usage:
  Non-class:     50.98 MB used.
      Class:      5.96 MB used.
       Both:     56.94 MB used.

Virtual space:
  Non-class space:       64.00 MB reserved,      51.75 MB ( 81%) committed,  1 nodes.
      Class space:        1.00 GB reserved,       6.62 MB ( <1%) committed,  1 nodes.
             Both:        1.06 GB reserved,      58.38 MB (  5%) committed. 

Chunk freelists:
   Non-Class:  12.30 MB
       Class:  9.33 MB
        Both:  21.63 MB

MaxMetaspaceSize: unlimited
CompressedClassSpaceSize: 1.00 GB
Initial GC threshold: 21.00 MB
Current GC threshold: 58.38 MB
CDS: on
 - commit_granule_bytes: 65536.
 - commit_granule_words: 8192.
 - virtual_space_node_default_size: 8388608.
 - enlarge_chunks_in_place: 1.
 - use_allocation_guard: 0.


Internal statistics:

num_allocs_failed_limit: 8.
num_arena_births: 1142.
num_arena_deaths: 14.
num_vsnodes_births: 2.
num_vsnodes_deaths: 0.
num_space_committed: 934.
num_space_uncommitted: 0.
num_chunks_returned_to_freelist: 22.
num_chunks_taken_from_freelist: 3915.
num_chunk_merges: 9.
num_chunk_splits: 2374.
num_chunks_enlarged: 1245.
num_inconsistent_stats: 0.

CodeHeap 'non-profiled nmethods': size=120000Kb used=5352Kb max_used=5352Kb free=114647Kb
 bounds [0x000001fba7050000, 0x000001fba7590000, 0x000001fbae580000]
CodeHeap 'profiled nmethods': size=120000Kb used=18301Kb max_used=18301Kb free=101698Kb
 bounds [0x000001fb9f580000, 0x000001fba0760000, 0x000001fba6ab0000]
CodeHeap 'non-nmethods': size=5760Kb used=1413Kb max_used=1507Kb free=4346Kb
 bounds [0x000001fba6ab0000, 0x000001fba6d20000, 0x000001fba7050000]
 total_blobs=8809 nmethods=8080 adapters=635
 compilation: enabled
              stopped_count=0, restarted_count=0
 full_count=0

Compilation events (20 events):
Event: 32.926 Thread 0x000001fbb073ea50 8692       3       com.google.common.collect.SingletonImmutableSet::<init> (13 bytes)
Event: 32.927 Thread 0x000001fbb073ea50 nmethod 8692 0x000001fba0757810 code [0x000001fba07579e0, 0x000001fba0757dd0]
Event: 32.983 Thread 0x000001fbb073ea50 8694       3       java.lang.String::valueOf (5 bytes)
Event: 32.983 Thread 0x000001fbb073ea50 nmethod 8694 0x000001fba0757f90 code [0x000001fba0758140, 0x000001fba0758258]
Event: 32.985 Thread 0x000001fbb073ea50 8695       3       org.eclipse.sisu.inject.LocatedBeans$Itr::<init> (57 bytes)
Event: 32.986 Thread 0x000001fbb073ea50 nmethod 8695 0x000001fba0758310 code [0x000001fba0758500, 0x000001fba0758ad0]
Event: 32.986 Thread 0x000001fbb073ea50 8696       3       java.lang.invoke.Invokers$Holder::linkToTargetMethod (9 bytes)
Event: 32.987 Thread 0x000001fbb073ea50 nmethod 8696 0x000001fba0758d90 code [0x000001fba0758f60, 0x000001fba0759268]
Event: 33.044 Thread 0x000001fbb073ea50 8697  s!   3       org.eclipse.jdt.core.JavaConventions::scannedIdentifier (146 bytes)
Event: 33.045 Thread 0x000001fbb073ea50 nmethod 8697 0x000001fba0759390 code [0x000001fba0759640, 0x000001fba075a1c8]
Event: 33.106 Thread 0x000001fbb073ea50 8698       3       com.google.inject.name.NamedImpl::equals (28 bytes)
Event: 33.106 Thread 0x000001fbb073ea50 nmethod 8698 0x000001fba075a590 code [0x000001fba075a780, 0x000001fba075ac28]
Event: 33.107 Thread 0x000001fbb073ea50 8699       3       org.eclipse.jdt.internal.compiler.impl.CompilerOptions::versionFromJdkLevel (204 bytes)
Event: 33.108 Thread 0x000001fbb073ea50 nmethod 8699 0x000001fba075ad90 code [0x000001fba075b000, 0x000001fba075b990]
Event: 33.116 Thread 0x000001fbb073ea50 8700       3       org.eclipse.jdt.internal.compiler.parser.Scanner::scanIdentifier (480 bytes)
Event: 33.118 Thread 0x000001fbb073ea50 nmethod 8700 0x000001fba075bb10 code [0x000001fba075be80, 0x000001fba075d460]
Event: 33.151 Thread 0x000001fbb073ea50 8702       3       com.google.inject.Key$AnnotationTypeStrategy::hashCode (8 bytes)
Event: 33.151 Thread 0x000001fbb073ea50 nmethod 8702 0x000001fba075da90 code [0x000001fba075dc40, 0x000001fba075de10]
Event: 33.151 Thread 0x000001fbb073ea50 8701   !   3       org.eclipse.jdt.internal.core.util.Util::getEntryName (77 bytes)
Event: 33.153 Thread 0x000001fbb073ea50 nmethod 8701 0x000001fba075df10 code [0x000001fba075e1e0, 0x000001fba075f148]

GC Heap History (20 events):
Event: 23.645 GC heap before
{Heap before GC invocations=28 (full 2):
 PSYoungGen      total 20992K, used 20708K [0x00000000eab00000, 0x00000000ec280000, 0x0000000100000000)
  eden space 18944K, 100% used [0x00000000eab00000,0x00000000ebd80000,0x00000000ebd80000)
  from space 2048K, 86% used [0x00000000ebe00000,0x00000000ebfb9000,0x00000000ec000000)
  to   space 2048K, 0% used [0x00000000ec080000,0x00000000ec080000,0x00000000ec280000)
 ParOldGen       total 68608K, used 42829K [0x00000000c0000000, 0x00000000c4300000, 0x00000000eab00000)
  object space 68608K, 62% used [0x00000000c0000000,0x00000000c29d35a0,0x00000000c4300000)
 Metaspace       used 49219K, committed 50496K, reserved 1114112K
  class space    used 5195K, committed 5760K, reserved 1048576K
}
Event: 23.652 GC heap after
{Heap after GC invocations=28 (full 2):
 PSYoungGen      total 20992K, used 1600K [0x00000000eab00000, 0x00000000ec280000, 0x0000000100000000)
  eden space 18944K, 0% used [0x00000000eab00000,0x00000000eab00000,0x00000000ebd80000)
  from space 2048K, 78% used [0x00000000ec080000,0x00000000ec210000,0x00000000ec280000)
  to   space 2048K, 0% used [0x00000000ebe00000,0x00000000ebe00000,0x00000000ec000000)
 ParOldGen       total 68608K, used 44586K [0x00000000c0000000, 0x00000000c4300000, 0x00000000eab00000)
  object space 68608K, 64% used [0x00000000c0000000,0x00000000c2b8abc8,0x00000000c4300000)
 Metaspace       used 49219K, committed 50496K, reserved 1114112K
  class space    used 5195K, committed 5760K, reserved 1048576K
}
Event: 24.025 GC heap before
{Heap before GC invocations=29 (full 2):
 PSYoungGen      total 20992K, used 20544K [0x00000000eab00000, 0x00000000ec280000, 0x0000000100000000)
  eden space 18944K, 100% used [0x00000000eab00000,0x00000000ebd80000,0x00000000ebd80000)
  from space 2048K, 78% used [0x00000000ec080000,0x00000000ec210000,0x00000000ec280000)
  to   space 2048K, 0% used [0x00000000ebe00000,0x00000000ebe00000,0x00000000ec000000)
 ParOldGen       total 68608K, used 44586K [0x00000000c0000000, 0x00000000c4300000, 0x00000000eab00000)
  object space 68608K, 64% used [0x00000000c0000000,0x00000000c2b8abc8,0x00000000c4300000)
 Metaspace       used 49344K, committed 50560K, reserved 1114112K
  class space    used 5197K, committed 5760K, reserved 1048576K
}
Event: 24.031 GC heap after
{Heap after GC invocations=29 (full 2):
 PSYoungGen      total 20992K, used 1920K [0x00000000eab00000, 0x00000000ec180000, 0x0000000100000000)
  eden space 18944K, 0% used [0x00000000eab00000,0x00000000eab00000,0x00000000ebd80000)
  from space 2048K, 93% used [0x00000000ebe00000,0x00000000ebfe0010,0x00000000ec000000)
  to   space 1536K, 0% used [0x00000000ec000000,0x00000000ec000000,0x00000000ec180000)
 ParOldGen       total 68608K, used 46162K [0x00000000c0000000, 0x00000000c4300000, 0x00000000eab00000)
  object space 68608K, 67% used [0x00000000c0000000,0x00000000c2d14bc8,0x00000000c4300000)
 Metaspace       used 49344K, committed 50560K, reserved 1114112K
  class space    used 5197K, committed 5760K, reserved 1048576K
}
Event: 24.197 GC heap before
{Heap before GC invocations=30 (full 2):
 PSYoungGen      total 20992K, used 20864K [0x00000000eab00000, 0x00000000ec180000, 0x0000000100000000)
  eden space 18944K, 100% used [0x00000000eab00000,0x00000000ebd80000,0x00000000ebd80000)
  from space 2048K, 93% used [0x00000000ebe00000,0x00000000ebfe0010,0x00000000ec000000)
  to   space 1536K, 0% used [0x00000000ec000000,0x00000000ec000000,0x00000000ec180000)
 ParOldGen       total 68608K, used 46162K [0x00000000c0000000, 0x00000000c4300000, 0x00000000eab00000)
  object space 68608K, 67% used [0x00000000c0000000,0x00000000c2d14bc8,0x00000000c4300000)
 Metaspace       used 49378K, committed 50624K, reserved 1114112K
  class space    used 5197K, committed 5760K, reserved 1048576K
}
Event: 24.205 GC heap after
{Heap after GC invocations=30 (full 2):
 PSYoungGen      total 18944K, used 1536K [0x00000000eab00000, 0x00000000ec580000, 0x0000000100000000)
  eden space 17408K, 0% used [0x00000000eab00000,0x00000000eab00000,0x00000000ebc00000)
  from space 1536K, 100% used [0x00000000ec000000,0x00000000ec180000,0x00000000ec180000)
  to   space 4096K, 0% used [0x00000000ebc00000,0x00000000ebc00000,0x00000000ec000000)
 ParOldGen       total 68608K, used 48107K [0x00000000c0000000, 0x00000000c4300000, 0x00000000eab00000)
  object space 68608K, 70% used [0x00000000c0000000,0x00000000c2efadd8,0x00000000c4300000)
 Metaspace       used 49378K, committed 50624K, reserved 1114112K
  class space    used 5197K, committed 5760K, reserved 1048576K
}
Event: 24.624 GC heap before
{Heap before GC invocations=31 (full 2):
 PSYoungGen      total 18944K, used 18944K [0x00000000eab00000, 0x00000000ec580000, 0x0000000100000000)
  eden space 17408K, 100% used [0x00000000eab00000,0x00000000ebc00000,0x00000000ebc00000)
  from space 1536K, 100% used [0x00000000ec000000,0x00000000ec180000,0x00000000ec180000)
  to   space 4096K, 0% used [0x00000000ebc00000,0x00000000ebc00000,0x00000000ec000000)
 ParOldGen       total 68608K, used 48107K [0x00000000c0000000, 0x00000000c4300000, 0x00000000eab00000)
  object space 68608K, 70% used [0x00000000c0000000,0x00000000c2efadd8,0x00000000c4300000)
 Metaspace       used 49903K, committed 51264K, reserved 1114112K
  class space    used 5273K, committed 5888K, reserved 1048576K
}
Event: 24.629 GC heap after
{Heap after GC invocations=31 (full 2):
 PSYoungGen      total 18944K, used 1216K [0x00000000eab00000, 0x00000000ec080000, 0x0000000100000000)
  eden space 17408K, 0% used [0x00000000eab00000,0x00000000eab00000,0x00000000ebc00000)
  from space 1536K, 79% used [0x00000000ebc00000,0x00000000ebd30000,0x00000000ebd80000)
  to   space 2048K, 0% used [0x00000000ebe80000,0x00000000ebe80000,0x00000000ec080000)
 ParOldGen       total 68608K, used 49667K [0x00000000c0000000, 0x00000000c4300000, 0x00000000eab00000)
  object space 68608K, 72% used [0x00000000c0000000,0x00000000c3080dd8,0x00000000c4300000)
 Metaspace       used 49903K, committed 51264K, reserved 1114112K
  class space    used 5273K, committed 5888K, reserved 1048576K
}
Event: 26.246 GC heap before
{Heap before GC invocations=32 (full 2):
 PSYoungGen      total 18944K, used 18597K [0x00000000eab00000, 0x00000000ec080000, 0x0000000100000000)
  eden space 17408K, 99% used [0x00000000eab00000,0x00000000ebbf9448,0x00000000ebc00000)
  from space 1536K, 79% used [0x00000000ebc00000,0x00000000ebd30000,0x00000000ebd80000)
  to   space 2048K, 0% used [0x00000000ebe80000,0x00000000ebe80000,0x00000000ec080000)
 ParOldGen       total 68608K, used 49667K [0x00000000c0000000, 0x00000000c4300000, 0x00000000eab00000)
  object space 68608K, 72% used [0x00000000c0000000,0x00000000c3080dd8,0x00000000c4300000)
 Metaspace       used 51757K, committed 53120K, reserved 1114112K
  class space    used 5485K, committed 6080K, reserved 1048576K
}
Event: 26.254 GC heap after
{Heap after GC invocations=32 (full 2):
 PSYoungGen      total 18432K, used 532K [0x00000000eab00000, 0x00000000ebf80000, 0x0000000100000000)
  eden space 17408K, 0% used [0x00000000eab00000,0x00000000eab00000,0x00000000ebc00000)
  from space 1024K, 52% used [0x00000000ebe80000,0x00000000ebf053c8,0x00000000ebf80000)
  to   space 1024K, 0% used [0x00000000ebd80000,0x00000000ebd80000,0x00000000ebe80000)
 ParOldGen       total 68608K, used 50809K [0x00000000c0000000, 0x00000000c4300000, 0x00000000eab00000)
  object space 68608K, 74% used [0x00000000c0000000,0x00000000c319e598,0x00000000c4300000)
 Metaspace       used 51757K, committed 53120K, reserved 1114112K
  class space    used 5485K, committed 6080K, reserved 1048576K
}
Event: 28.060 GC heap before
{Heap before GC invocations=33 (full 2):
 PSYoungGen      total 18432K, used 17940K [0x00000000eab00000, 0x00000000ebf80000, 0x0000000100000000)
  eden space 17408K, 100% used [0x00000000eab00000,0x00000000ebc00000,0x00000000ebc00000)
  from space 1024K, 52% used [0x00000000ebe80000,0x00000000ebf053c8,0x00000000ebf80000)
  to   space 1024K, 0% used [0x00000000ebd80000,0x00000000ebd80000,0x00000000ebe80000)
 ParOldGen       total 68608K, used 50809K [0x00000000c0000000, 0x00000000c4300000, 0x00000000eab00000)
  object space 68608K, 74% used [0x00000000c0000000,0x00000000c319e598,0x00000000c4300000)
 Metaspace       used 52654K, committed 54016K, reserved 1114112K
  class space    used 5573K, committed 6208K, reserved 1048576K
}
Event: 28.062 GC heap after
{Heap after GC invocations=33 (full 2):
 PSYoungGen      total 18432K, used 288K [0x00000000eab00000, 0x00000000ebf00000, 0x0000000100000000)
  eden space 17408K, 0% used [0x00000000eab00000,0x00000000eab00000,0x00000000ebc00000)
  from space 1024K, 28% used [0x00000000ebd80000,0x00000000ebdc8000,0x00000000ebe80000)
  to   space 512K, 0% used [0x00000000ebe80000,0x00000000ebe80000,0x00000000ebf00000)
 ParOldGen       total 68608K, used 51270K [0x00000000c0000000, 0x00000000c4300000, 0x00000000eab00000)
  object space 68608K, 74% used [0x00000000c0000000,0x00000000c3211af0,0x00000000c4300000)
 Metaspace       used 52654K, committed 54016K, reserved 1114112K
  class space    used 5573K, committed 6208K, reserved 1048576K
}
Event: 29.182 GC heap before
{Heap before GC invocations=34 (full 2):
 PSYoungGen      total 18432K, used 17567K [0x00000000eab00000, 0x00000000ebf00000, 0x0000000100000000)
  eden space 17408K, 99% used [0x00000000eab00000,0x00000000ebbdfe18,0x00000000ebc00000)
  from space 1024K, 28% used [0x00000000ebd80000,0x00000000ebdc8000,0x00000000ebe80000)
  to   space 512K, 0% used [0x00000000ebe80000,0x00000000ebe80000,0x00000000ebf00000)
 ParOldGen       total 68608K, used 51270K [0x00000000c0000000, 0x00000000c4300000, 0x00000000eab00000)
  object space 68608K, 74% used [0x00000000c0000000,0x00000000c3211af0,0x00000000c4300000)
 Metaspace       used 53985K, committed 55360K, reserved 1114112K
  class space    used 5695K, committed 6336K, reserved 1048576K
}
Event: 29.185 GC heap after
{Heap after GC invocations=34 (full 2):
 PSYoungGen      total 17920K, used 507K [0x00000000eab00000, 0x00000000ec100000, 0x0000000100000000)
  eden space 17408K, 0% used [0x00000000eab00000,0x00000000eab00000,0x00000000ebc00000)
  from space 512K, 99% used [0x00000000ebe80000,0x00000000ebefed90,0x00000000ebf00000)
  to   space 2560K, 0% used [0x00000000ebc00000,0x00000000ebc00000,0x00000000ebe80000)
 ParOldGen       total 68608K, used 52760K [0x00000000c0000000, 0x00000000c4300000, 0x00000000eab00000)
  object space 68608K, 76% used [0x00000000c0000000,0x00000000c3386288,0x00000000c4300000)
 Metaspace       used 53985K, committed 55360K, reserved 1114112K
  class space    used 5695K, committed 6336K, reserved 1048576K
}
Event: 29.612 GC heap before
{Heap before GC invocations=35 (full 2):
 PSYoungGen      total 17920K, used 17915K [0x00000000eab00000, 0x00000000ec100000, 0x0000000100000000)
  eden space 17408K, 100% used [0x00000000eab00000,0x00000000ebc00000,0x00000000ebc00000)
  from space 512K, 99% used [0x00000000ebe80000,0x00000000ebefed90,0x00000000ebf00000)
  to   space 2560K, 0% used [0x00000000ebc00000,0x00000000ebc00000,0x00000000ebe80000)
 ParOldGen       total 68608K, used 52760K [0x00000000c0000000, 0x00000000c4300000, 0x00000000eab00000)
  object space 68608K, 76% used [0x00000000c0000000,0x00000000c3386288,0x00000000c4300000)
 Metaspace       used 54244K, committed 55616K, reserved 1114112K
  class space    used 5710K, committed 6336K, reserved 1048576K
}
Event: 29.615 GC heap after
{Heap after GC invocations=35 (full 2):
 PSYoungGen      total 18944K, used 1029K [0x00000000eab00000, 0x00000000ebf00000, 0x0000000100000000)
  eden space 17408K, 0% used [0x00000000eab00000,0x00000000eab00000,0x00000000ebc00000)
  from space 1536K, 67% used [0x00000000ebc00000,0x00000000ebd015a0,0x00000000ebd80000)
  to   space 1536K, 0% used [0x00000000ebd80000,0x00000000ebd80000,0x00000000ebf00000)
 ParOldGen       total 68608K, used 53260K [0x00000000c0000000, 0x00000000c4300000, 0x00000000eab00000)
  object space 68608K, 77% used [0x00000000c0000000,0x00000000c3403038,0x00000000c4300000)
 Metaspace       used 54244K, committed 55616K, reserved 1114112K
  class space    used 5710K, committed 6336K, reserved 1048576K
}
Event: 30.193 GC heap before
{Heap before GC invocations=36 (full 2):
 PSYoungGen      total 18944K, used 18437K [0x00000000eab00000, 0x00000000ebf00000, 0x0000000100000000)
  eden space 17408K, 100% used [0x00000000eab00000,0x00000000ebc00000,0x00000000ebc00000)
  from space 1536K, 67% used [0x00000000ebc00000,0x00000000ebd015a0,0x00000000ebd80000)
  to   space 1536K, 0% used [0x00000000ebd80000,0x00000000ebd80000,0x00000000ebf00000)
 ParOldGen       total 68608K, used 53260K [0x00000000c0000000, 0x00000000c4300000, 0x00000000eab00000)
  object space 68608K, 77% used [0x00000000c0000000,0x00000000c3403038,0x00000000c4300000)
 Metaspace       used 55245K, committed 56640K, reserved 1114112K
  class space    used 5803K, committed 6464K, reserved 1048576K
}
Event: 30.194 GC heap after
{Heap after GC invocations=36 (full 2):
 PSYoungGen      total 17920K, used 160K [0x00000000eab00000, 0x00000000ebe00000, 0x0000000100000000)
  eden space 17408K, 0% used [0x00000000eab00000,0x00000000eab00000,0x00000000ebc00000)
  from space 512K, 31% used [0x00000000ebd80000,0x00000000ebda8000,0x00000000ebe00000)
  to   space 1024K, 0% used [0x00000000ebc00000,0x00000000ebc00000,0x00000000ebd00000)
 ParOldGen       total 68608K, used 53466K [0x00000000c0000000, 0x00000000c4300000, 0x00000000eab00000)
  object space 68608K, 77% used [0x00000000c0000000,0x00000000c3436b48,0x00000000c4300000)
 Metaspace       used 55245K, committed 56640K, reserved 1114112K
  class space    used 5803K, committed 6464K, reserved 1048576K
}
Event: 32.192 GC heap before
{Heap before GC invocations=37 (full 2):
 PSYoungGen      total 17920K, used 17568K [0x00000000eab00000, 0x00000000ebe00000, 0x0000000100000000)
  eden space 17408K, 100% used [0x00000000eab00000,0x00000000ebc00000,0x00000000ebc00000)
  from space 512K, 31% used [0x00000000ebd80000,0x00000000ebda8000,0x00000000ebe00000)
  to   space 1024K, 0% used [0x00000000ebc00000,0x00000000ebc00000,0x00000000ebd00000)
 ParOldGen       total 68608K, used 53466K [0x00000000c0000000, 0x00000000c4300000, 0x00000000eab00000)
  object space 68608K, 77% used [0x00000000c0000000,0x00000000c3436b48,0x00000000c4300000)
 Metaspace       used 57165K, committed 58624K, reserved 1114112K
  class space    used 5995K, committed 6656K, reserved 1048576K
}
Event: 32.194 GC heap after
{Heap after GC invocations=37 (full 2):
 PSYoungGen      total 18432K, used 736K [0x00000000eab00000, 0x00000000ebe00000, 0x0000000100000000)
  eden space 17408K, 0% used [0x00000000eab00000,0x00000000eab00000,0x00000000ebc00000)
  from space 1024K, 71% used [0x00000000ebc00000,0x00000000ebcb8000,0x00000000ebd00000)
  to   space 1024K, 0% used [0x00000000ebd00000,0x00000000ebd00000,0x00000000ebe00000)
 ParOldGen       total 68608K, used 53523K [0x00000000c0000000, 0x00000000c4300000, 0x00000000eab00000)
  object space 68608K, 78% used [0x00000000c0000000,0x00000000c3444cf8,0x00000000c4300000)
 Metaspace       used 57165K, committed 58624K, reserved 1114112K
  class space    used 5995K, committed 6656K, reserved 1048576K
}

Dll operation events (12 events):
Event: 0.039 Loaded shared library c:\Users\palak\.vscode\extensions\redhat.java-1.40.0-win32-x64\jre\21.0.6-win32-x86_64\bin\java.dll
Event: 0.294 Loaded shared library c:\Users\palak\.vscode\extensions\redhat.java-1.40.0-win32-x64\jre\21.0.6-win32-x86_64\bin\zip.dll
Event: 0.387 Loaded shared library C:\Users\palak\.vscode\extensions\redhat.java-1.40.0-win32-x64\jre\21.0.6-win32-x86_64\bin\instrument.dll
Event: 0.396 Loaded shared library C:\Users\palak\.vscode\extensions\redhat.java-1.40.0-win32-x64\jre\21.0.6-win32-x86_64\bin\net.dll
Event: 0.400 Loaded shared library C:\Users\palak\.vscode\extensions\redhat.java-1.40.0-win32-x64\jre\21.0.6-win32-x86_64\bin\nio.dll
Event: 0.406 Loaded shared library C:\Users\palak\.vscode\extensions\redhat.java-1.40.0-win32-x64\jre\21.0.6-win32-x86_64\bin\zip.dll
Event: 0.443 Loaded shared library C:\Users\palak\.vscode\extensions\redhat.java-1.40.0-win32-x64\jre\21.0.6-win32-x86_64\bin\jimage.dll
Event: 0.650 Loaded shared library c:\Users\palak\.vscode\extensions\redhat.java-1.40.0-win32-x64\jre\21.0.6-win32-x86_64\bin\verify.dll
Event: 4.510 Loaded shared library C:\Users\palak\AppData\Roaming\Code\User\globalStorage\redhat.java\1.40.0\config_win\org.eclipse.equinox.launcher\org.eclipse.equinox.launcher.win32.win32.x86_64_1.2.1200.v20250212-0927\eclipse_11909.dll
Event: 9.008 Loaded shared library C:\Users\palak\AppData\Local\Temp\jna-106430981\jna3227516314120252575.dll
Event: 13.802 Loaded shared library C:\Users\palak\.vscode\extensions\redhat.java-1.40.0-win32-x64\jre\21.0.6-win32-x86_64\bin\management.dll
Event: 13.813 Loaded shared library C:\Users\palak\.vscode\extensions\redhat.java-1.40.0-win32-x64\jre\21.0.6-win32-x86_64\bin\management_ext.dll

Deoptimization events (20 events):
Event: 32.676 Thread 0x000001fbf963fad0 Uncommon trap: trap_request=0xffffff45 fr.pc=0x000001fba71827fc relative=0x000000000000133c
Event: 32.676 Thread 0x000001fbf963fad0 Uncommon trap: reason=unstable_if action=reinterpret pc=0x000001fba71827fc method=sun.nio.fs.WindowsPathParser.isSlash(C)Z @ 9 c2
Event: 32.676 Thread 0x000001fbf963fad0 DEOPT PACKING pc=0x000001fba71827fc sp=0x000000f3815fda20
Event: 32.676 Thread 0x000001fbf963fad0 DEOPT UNPACKING pc=0x000001fba6b03aa2 sp=0x000000f3815fd9d0 mode 2
Event: 32.676 Thread 0x000001fbf963fad0 Uncommon trap: trap_request=0xffffffc6 fr.pc=0x000001fba7473ec8 relative=0x0000000000000868
Event: 32.676 Thread 0x000001fbf963fad0 Uncommon trap: reason=bimorphic_or_optimized_type_check action=maybe_recompile pc=0x000001fba7473ec8 method=java.util.ArrayList.equalsRange(Ljava/util/List;II)Z @ 71 c2
Event: 32.676 Thread 0x000001fbf963fad0 DEOPT PACKING pc=0x000001fba7473ec8 sp=0x000000f3815fdcd0
Event: 32.676 Thread 0x000001fbf963fad0 DEOPT UNPACKING pc=0x000001fba6b03aa2 sp=0x000000f3815fdbf0 mode 2
Event: 32.677 Thread 0x000001fbf963fad0 Uncommon trap: trap_request=0xffffffc6 fr.pc=0x000001fba743e510 relative=0x00000000000005f0
Event: 32.677 Thread 0x000001fbf963fad0 Uncommon trap: reason=bimorphic_or_optimized_type_check action=maybe_recompile pc=0x000001fba743e510 method=java.util.ArrayList.equalsRange(Ljava/util/List;II)Z @ 71 c2
Event: 32.677 Thread 0x000001fbf963fad0 DEOPT PACKING pc=0x000001fba743e510 sp=0x000000f3815fdc20
Event: 32.677 Thread 0x000001fbf963fad0 DEOPT UNPACKING pc=0x000001fba6b03aa2 sp=0x000000f3815fdbf0 mode 2
Event: 32.702 Thread 0x000001fbf963fad0 Uncommon trap: trap_request=0xffffff45 fr.pc=0x000001fba7228e70 relative=0x0000000000000cb0
Event: 32.702 Thread 0x000001fbf963fad0 Uncommon trap: reason=unstable_if action=reinterpret pc=0x000001fba7228e70 method=java.util.zip.ZipFile$Source.isSignatureRelated(II)Z @ 143 c2
Event: 32.702 Thread 0x000001fbf963fad0 DEOPT PACKING pc=0x000001fba7228e70 sp=0x000000f3815fd740
Event: 32.702 Thread 0x000001fbf963fad0 DEOPT UNPACKING pc=0x000001fba6b03aa2 sp=0x000000f3815fd678 mode 2
Event: 32.792 Thread 0x000001fbf963fad0 Uncommon trap: trap_request=0xffffff45 fr.pc=0x000001fba7423018 relative=0x0000000000000158
Event: 32.792 Thread 0x000001fbf963fad0 Uncommon trap: reason=unstable_if action=reinterpret pc=0x000001fba7423018 method=org.eclipse.jdt.internal.compiler.util.Util.isClassFileName(Ljava/lang/String;)Z @ 20 c2
Event: 32.792 Thread 0x000001fbf963fad0 DEOPT PACKING pc=0x000001fba7423018 sp=0x000000f3815fdd90
Event: 32.792 Thread 0x000001fbf963fad0 DEOPT UNPACKING pc=0x000001fba6b03aa2 sp=0x000000f3815fdd10 mode 2

Classes loaded (20 events):
Event: 28.926 Loading class java/util/stream/Sink$OfInt
Event: 28.926 Loading class java/util/stream/Sink$OfInt done
Event: 28.926 Loading class java/util/stream/Node$Builder$OfInt done
Event: 28.926 Loading class java/util/stream/Nodes$IntArrayNode
Event: 28.926 Loading class java/util/stream/Nodes$IntArrayNode done
Event: 28.926 Loading class java/util/stream/Nodes$IntFixedNodeBuilder done
Event: 28.926 Loading class java/util/stream/ReferencePipeline$4$1
Event: 28.926 Loading class java/util/stream/ReferencePipeline$4$1 done
Event: 29.160 Loading class java/util/Hashtable$ValueCollection
Event: 29.160 Loading class java/util/Hashtable$ValueCollection done
Event: 30.224 Loading class java/nio/charset/CharacterCodingException
Event: 30.224 Loading class java/nio/charset/CharacterCodingException done
Event: 30.224 Loading class java/io/SequenceInputStream
Event: 30.224 Loading class java/io/SequenceInputStream done
Event: 30.503 Loading class java/util/WeakHashMap$KeyIterator
Event: 30.503 Loading class java/util/WeakHashMap$KeyIterator done
Event: 32.227 Loading class java/util/Hashtable$KeySet
Event: 32.227 Loading class java/util/Hashtable$KeySet done
Event: 32.248 Loading class java/lang/UnsupportedClassVersionError
Event: 32.249 Loading class java/lang/UnsupportedClassVersionError done

Classes unloaded (7 events):
Event: 10.694 Thread 0x000001fbb06bf4f0 Unloading class 0x000001fbb219cc00 'java/lang/invoke/LambdaForm$MH+0x000001fbb219cc00'
Event: 10.694 Thread 0x000001fbb06bf4f0 Unloading class 0x000001fbb219c800 'java/lang/invoke/LambdaForm$MH+0x000001fbb219c800'
Event: 10.694 Thread 0x000001fbb06bf4f0 Unloading class 0x000001fbb219c400 'java/lang/invoke/LambdaForm$MH+0x000001fbb219c400'
Event: 10.694 Thread 0x000001fbb06bf4f0 Unloading class 0x000001fbb219c000 'java/lang/invoke/LambdaForm$MH+0x000001fbb219c000'
Event: 10.694 Thread 0x000001fbb06bf4f0 Unloading class 0x000001fbb219bc00 'java/lang/invoke/LambdaForm$BMH+0x000001fbb219bc00'
Event: 10.694 Thread 0x000001fbb06bf4f0 Unloading class 0x000001fbb219b800 'java/lang/invoke/LambdaForm$DMH+0x000001fbb219b800'
Event: 10.694 Thread 0x000001fbb06bf4f0 Unloading class 0x000001fbb219a400 'java/lang/invoke/LambdaForm$DMH+0x000001fbb219a400'

Classes redefined (0 events):
No events

Internal exceptions (20 events):
Event: 31.792 Thread 0x000001fbf963edb0 Exception <a 'sun/nio/fs/WindowsException'{0x00000000eb4e9e80}> (0x00000000eb4e9e80) 
thrown [s\src\hotspot\share\prims\jni.cpp, line 520]
Event: 31.793 Thread 0x000001fbf963edb0 Exception <a 'sun/nio/fs/WindowsException'{0x00000000eb4ea7f0}> (0x00000000eb4ea7f0) 
thrown [s\src\hotspot\share\prims\jni.cpp, line 520]
Event: 31.859 Thread 0x000001fbf963edb0 Exception <a 'java/lang/IncompatibleClassChangeError'{0x00000000eb5565b8}: Found class java.lang.Object, but interface was expected> (0x00000000eb5565b8) 
thrown [s\src\hotspot\share\interpreter\linkResolver.cpp, line 840]
Event: 31.886 Thread 0x000001fbf963edb0 Exception <a 'java/lang/IncompatibleClassChangeError'{0x00000000eb5ad730}: Found class java.lang.Object, but interface was expected> (0x00000000eb5ad730) 
thrown [s\src\hotspot\share\interpreter\linkResolver.cpp, line 840]
Event: 31.921 Thread 0x000001fbf72d00e0 Exception <a 'sun/nio/fs/WindowsException'{0x00000000eb38a570}> (0x00000000eb38a570) 
thrown [s\src\hotspot\share\prims\jni.cpp, line 520]
Event: 31.922 Thread 0x000001fbf72d00e0 Exception <a 'sun/nio/fs/WindowsException'{0x00000000eb38aee0}> (0x00000000eb38aee0) 
thrown [s\src\hotspot\share\prims\jni.cpp, line 520]
Event: 31.938 Thread 0x000001fbf963edb0 Exception <a 'java/lang/IncompatibleClassChangeError'{0x00000000eb616da0}: Found class java.lang.Object, but interface was expected> (0x00000000eb616da0) 
thrown [s\src\hotspot\share\interpreter\linkResolver.cpp, line 840]
Event: 32.228 Thread 0x000001fbfa61afc0 Exception <a 'java/io/FileNotFoundException'{0x00000000eac33aa0}> (0x00000000eac33aa0) 
thrown [s\src\hotspot\share\prims\jni.cpp, line 520]
Event: 32.232 Thread 0x000001fbfa61afc0 Exception <a 'java/io/FileNotFoundException'{0x00000000eac34d50}> (0x00000000eac34d50) 
thrown [s\src\hotspot\share\prims\jni.cpp, line 520]
Event: 32.232 Thread 0x000001fbfa61afc0 Exception <a 'java/io/FileNotFoundException'{0x00000000eac4bbf0}> (0x00000000eac4bbf0) 
thrown [s\src\hotspot\share\prims\jni.cpp, line 520]
Event: 32.324 Thread 0x000001fbfa61afc0 Exception <a 'sun/nio/fs/WindowsException'{0x00000000eada58a0}> (0x00000000eada58a0) 
thrown [s\src\hotspot\share\prims\jni.cpp, line 520]
Event: 32.324 Thread 0x000001fbfa61afc0 Exception <a 'sun/nio/fs/WindowsException'{0x00000000eada6210}> (0x00000000eada6210) 
thrown [s\src\hotspot\share\prims\jni.cpp, line 520]
Event: 32.325 Thread 0x000001fbfa61afc0 Exception <a 'sun/nio/fs/WindowsException'{0x00000000eadaf4e0}> (0x00000000eadaf4e0) 
thrown [s\src\hotspot\share\prims\jni.cpp, line 520]
Event: 32.325 Thread 0x000001fbfa61afc0 Exception <a 'sun/nio/fs/WindowsException'{0x00000000eadafe50}> (0x00000000eadafe50) 
thrown [s\src\hotspot\share\prims\jni.cpp, line 520]
Event: 32.356 Thread 0x000001fbfa61afc0 Exception <a 'java/io/FileNotFoundException'{0x00000000eae198e8}> (0x00000000eae198e8) 
thrown [s\src\hotspot\share\prims\jni.cpp, line 520]
Event: 32.357 Thread 0x000001fbfa61afc0 Exception <a 'java/io/FileNotFoundException'{0x00000000eae1a668}> (0x00000000eae1a668) 
thrown [s\src\hotspot\share\prims\jni.cpp, line 520]
Event: 32.385 Thread 0x000001fbfa61afc0 Exception <a 'sun/nio/fs/WindowsException'{0x00000000eaec4038}> (0x00000000eaec4038) 
thrown [s\src\hotspot\share\prims\jni.cpp, line 520]
Event: 32.385 Thread 0x000001fbfa61afc0 Exception <a 'sun/nio/fs/WindowsException'{0x00000000eaec49a8}> (0x00000000eaec49a8) 
thrown [s\src\hotspot\share\prims\jni.cpp, line 520]
Event: 32.390 Thread 0x000001fbf963fad0 Implicit null exception at 0x000001fba710be84 to 0x000001fba710cd4c
Event: 32.406 Thread 0x000001fbf9640160 Exception <a 'java/lang/NoSuchMethodError'{0x00000000eafa3988}: 'int java.lang.invoke.Invokers$Holder.invokeExact_MT(java.lang.Object, java.lang.Object)'> (0x00000000eafa3988) 
thrown [s\src\hotspot\share\interpreter\linkResolver.cpp, line 773]

ZGC Phase Switch (0 events):
No events

VM Operations (20 events):
Event: 28.060 Executing VM operation: ParallelGCFailedAllocation (Allocation Failure)
Event: 28.062 Executing VM operation: ParallelGCFailedAllocation (Allocation Failure) done
Event: 28.858 Executing VM operation: HandshakeAllThreads (Deoptimize)
Event: 28.859 Executing VM operation: HandshakeAllThreads (Deoptimize) done
Event: 29.181 Executing VM operation: ParallelGCFailedAllocation (Allocation Failure)
Event: 29.185 Executing VM operation: ParallelGCFailedAllocation (Allocation Failure) done
Event: 29.612 Executing VM operation: ParallelGCFailedAllocation (Allocation Failure)
Event: 29.615 Executing VM operation: ParallelGCFailedAllocation (Allocation Failure) done
Event: 30.192 Executing VM operation: ParallelGCFailedAllocation (Allocation Failure)
Event: 30.194 Executing VM operation: ParallelGCFailedAllocation (Allocation Failure) done
Event: 30.324 Executing VM operation: HandshakeAllThreads (Deoptimize)
Event: 30.338 Executing VM operation: HandshakeAllThreads (Deoptimize) done
Event: 31.346 Executing VM operation: Cleanup
Event: 31.361 Executing VM operation: Cleanup done
Event: 32.191 Executing VM operation: ParallelGCFailedAllocation (Allocation Failure)
Event: 32.195 Executing VM operation: ParallelGCFailedAllocation (Allocation Failure) done
Event: 32.280 Executing VM operation: HandshakeAllThreads (Deoptimize)
Event: 32.299 Executing VM operation: HandshakeAllThreads (Deoptimize) done
Event: 33.303 Executing VM operation: Cleanup
Event: 33.366 Executing VM operation: Cleanup done

Memory protections (0 events):
No events

Nmethod flushes (20 events):
Event: 15.230 Thread 0x000001fbb06bf4f0 flushing  nmethod 0x000001fb9fc46790
Event: 15.230 Thread 0x000001fbb06bf4f0 flushing  nmethod 0x000001fb9fc47990
Event: 15.230 Thread 0x000001fbb06bf4f0 flushing  nmethod 0x000001fb9fc48190
Event: 15.230 Thread 0x000001fbb06bf4f0 flushing  nmethod 0x000001fb9fc48910
Event: 15.230 Thread 0x000001fbb06bf4f0 flushing  nmethod 0x000001fb9fc49e90
Event: 15.230 Thread 0x000001fbb06bf4f0 flushing  nmethod 0x000001fb9fc4b310
Event: 15.230 Thread 0x000001fbb06bf4f0 flushing  nmethod 0x000001fb9fc4db90
Event: 15.230 Thread 0x000001fbb06bf4f0 flushing  nmethod 0x000001fb9fc4df90
Event: 15.230 Thread 0x000001fbb06bf4f0 flushing  nmethod 0x000001fb9fc4e810
Event: 15.230 Thread 0x000001fbb06bf4f0 flushing  nmethod 0x000001fb9fc4ff10
Event: 15.230 Thread 0x000001fbb06bf4f0 flushing  nmethod 0x000001fb9fc51590
Event: 15.230 Thread 0x000001fbb06bf4f0 flushing  nmethod 0x000001fb9fc8d510
Event: 15.230 Thread 0x000001fbb06bf4f0 flushing  nmethod 0x000001fb9fc91390
Event: 15.230 Thread 0x000001fbb06bf4f0 flushing  nmethod 0x000001fb9fc99710
Event: 15.230 Thread 0x000001fbb06bf4f0 flushing  nmethod 0x000001fb9fceff10
Event: 15.230 Thread 0x000001fbb06bf4f0 flushing  nmethod 0x000001fb9fd16d10
Event: 15.230 Thread 0x000001fbb06bf4f0 flushing  nmethod 0x000001fb9fd52590
Event: 15.230 Thread 0x000001fbb06bf4f0 flushing  nmethod 0x000001fb9fd6e990
Event: 15.230 Thread 0x000001fbb06bf4f0 flushing  nmethod 0x000001fb9fd6ee10
Event: 15.230 Thread 0x000001fbb06bf4f0 flushing  nmethod 0x000001fb9fd74c10

Events (20 events):
Event: 16.564 Thread 0x000001fb99f3d850 Thread added: 0x000001fbfa619c10
Event: 17.356 Thread 0x000001fb99f3d850 Thread added: 0x000001fbf72cf3c0
Event: 17.363 Thread 0x000001fb99f3d850 Thread added: 0x000001fbf963edb0
Event: 17.764 Thread 0x000001fbf72d0e00 Thread added: 0x000001fbf963fad0
Event: 17.772 Thread 0x000001fbf72d0e00 Thread added: 0x000001fbf9640160
Event: 17.779 Thread 0x000001fbf963fad0 Thread added: 0x000001fbf963e090
Event: 22.276 Thread 0x000001fbf8ff12f0 Thread exited: 0x000001fbf8ff12f0
Event: 22.412 Thread 0x000001fbb073ea50 Thread added: 0x000001fbf8ff12f0
Event: 24.868 Thread 0x000001fbf8ff12f0 Thread exited: 0x000001fbf8ff12f0
Event: 25.886 Thread 0x000001fbb073ea50 Thread added: 0x000001fbf8ff12f0
Event: 26.278 Thread 0x000001fbf8ff12f0 Thread exited: 0x000001fbf8ff12f0
Event: 29.243 Thread 0x000001fbb073ea50 Thread added: 0x000001fbf933d930
Event: 30.351 Thread 0x000001fbf933d930 Thread exited: 0x000001fbf933d930
Event: 30.500 Thread 0x000001fbb073ea50 Thread added: 0x000001fbfa5c8c10
Event: 30.536 Thread 0x000001fbf72d00e0 Thread added: 0x000001fbf96407f0
Event: 31.108 Thread 0x000001fbf963edb0 Thread added: 0x000001fbf9640e80
Event: 31.127 Thread 0x000001fbfa5c8c10 Thread exited: 0x000001fbfa5c8c10
Event: 31.642 Thread 0x000001fbf96407f0 Thread added: 0x000001fbf9641510
Event: 32.421 Thread 0x000001fbfa61afc0 Thread added: 0x000001fbf9641ba0
Event: 32.831 Thread 0x000001fbb073ea50 Thread added: 0x000001fbf933d8f0


Dynamic libraries:
0x00007ff664660000 - 0x00007ff66466e000 	c:\Users\palak\.vscode\extensions\redhat.java-1.40.0-win32-x64\jre\21.0.6-win32-x86_64\bin\java.exe
0x00007ffd38520000 - 0x00007ffd38783000 	C:\WINDOWS\SYSTEM32\ntdll.dll
0x00007ffd37360000 - 0x00007ffd37427000 	C:\WINDOWS\System32\KERNEL32.DLL
0x00007ffd35d40000 - 0x00007ffd36109000 	C:\WINDOWS\System32\KERNELBASE.dll
0x00007ffd35bf0000 - 0x00007ffd35d3c000 	C:\WINDOWS\System32\ucrtbase.dll
0x00007ffcfe960000 - 0x00007ffcfe978000 	c:\Users\palak\.vscode\extensions\redhat.java-1.40.0-win32-x64\jre\21.0.6-win32-x86_64\bin\jli.dll
0x00007ffd37070000 - 0x00007ffd3723a000 	C:\WINDOWS\System32\USER32.dll
0x00007ffd35a60000 - 0x00007ffd35a87000 	C:\WINDOWS\System32\win32u.dll
0x00007ffd37ec0000 - 0x00007ffd37eea000 	C:\WINDOWS\System32\GDI32.dll
0x00007ffd35920000 - 0x00007ffd35a51000 	C:\WINDOWS\System32\gdi32full.dll
0x00007ffd36290000 - 0x00007ffd36333000 	C:\WINDOWS\System32\msvcp_win.dll
0x00007ffcfaf60000 - 0x00007ffcfaf7e000 	c:\Users\palak\.vscode\extensions\redhat.java-1.40.0-win32-x64\jre\21.0.6-win32-x86_64\bin\VCRUNTIME140.dll
0x00007ffd16f00000 - 0x00007ffd17190000 	C:\WINDOWS\WinSxS\amd64_microsoft.windows.common-controls_6595b64144ccf1df_6.0.26100.3323_none_3e088096e3344490\COMCTL32.dll
0x00007ffd368a0000 - 0x00007ffd36949000 	C:\WINDOWS\System32\msvcrt.dll
0x00007ffd36a50000 - 0x00007ffd36a7f000 	C:\WINDOWS\System32\IMM32.DLL
0x00007ffd1cee0000 - 0x00007ffd1ceec000 	c:\Users\palak\.vscode\extensions\redhat.java-1.40.0-win32-x64\jre\21.0.6-win32-x86_64\bin\vcruntime140_1.dll
0x00007ffcd0800000 - 0x00007ffcd088d000 	c:\Users\palak\.vscode\extensions\redhat.java-1.40.0-win32-x64\jre\21.0.6-win32-x86_64\bin\msvcp140.dll
0x00007ffc89cf0000 - 0x00007ffc8aa80000 	c:\Users\palak\.vscode\extensions\redhat.java-1.40.0-win32-x64\jre\21.0.6-win32-x86_64\bin\server\jvm.dll
0x00007ffd36a90000 - 0x00007ffd36b42000 	C:\WINDOWS\System32\ADVAPI32.dll
0x00007ffd37c00000 - 0x00007ffd37ca6000 	C:\WINDOWS\System32\sechost.dll
0x00007ffd37240000 - 0x00007ffd37356000 	C:\WINDOWS\System32\RPCRT4.dll
0x00007ffd36960000 - 0x00007ffd369d4000 	C:\WINDOWS\System32\WS2_32.dll
0x00007ffd355b0000 - 0x00007ffd355fe000 	C:\WINDOWS\SYSTEM32\POWRPROF.dll
0x00007ffd2e490000 - 0x00007ffd2e4c6000 	C:\WINDOWS\SYSTEM32\WINMM.dll
0x00007ffd2e4d0000 - 0x00007ffd2e4db000 	C:\WINDOWS\SYSTEM32\VERSION.dll
0x00007ffd35590000 - 0x00007ffd355a4000 	C:\WINDOWS\SYSTEM32\UMPDC.dll
0x00007ffd34540000 - 0x00007ffd3455a000 	C:\WINDOWS\SYSTEM32\kernel.appcore.dll
0x00007ffcffce0000 - 0x00007ffcffcea000 	c:\Users\palak\.vscode\extensions\redhat.java-1.40.0-win32-x64\jre\21.0.6-win32-x86_64\bin\jimage.dll
0x00007ffd281b0000 - 0x00007ffd283f1000 	C:\WINDOWS\SYSTEM32\DBGHELP.DLL
0x00007ffd38150000 - 0x00007ffd384d2000 	C:\WINDOWS\System32\combase.dll
0x00007ffd37ef0000 - 0x00007ffd37fc6000 	C:\WINDOWS\System32\OLEAUT32.dll
0x00007ffd19f10000 - 0x00007ffd19f49000 	C:\WINDOWS\SYSTEM32\dbgcore.DLL
0x00007ffd35a90000 - 0x00007ffd35b29000 	C:\WINDOWS\System32\bcryptPrimitives.dll
0x00007ffcff8f0000 - 0x00007ffcff8ff000 	c:\Users\palak\.vscode\extensions\redhat.java-1.40.0-win32-x64\jre\21.0.6-win32-x86_64\bin\instrument.dll
0x00007ffcf6e20000 - 0x00007ffcf6e3f000 	c:\Users\palak\.vscode\extensions\redhat.java-1.40.0-win32-x64\jre\21.0.6-win32-x86_64\bin\java.dll
0x00007ffd374e0000 - 0x00007ffd37bf5000 	C:\WINDOWS\System32\SHELL32.dll
0x00007ffd35720000 - 0x00007ffd35888000 	C:\WINDOWS\System32\wintypes.dll
0x00007ffd33400000 - 0x00007ffd33c45000 	C:\WINDOWS\SYSTEM32\windows.storage.dll
0x00007ffd37fe0000 - 0x00007ffd380cb000 	C:\WINDOWS\System32\SHCORE.dll
0x00007ffd369f0000 - 0x00007ffd36a4d000 	C:\WINDOWS\System32\shlwapi.dll
0x00007ffd35630000 - 0x00007ffd3565f000 	C:\WINDOWS\SYSTEM32\profapi.dll
0x00007ffcf3780000 - 0x00007ffcf3798000 	c:\Users\palak\.vscode\extensions\redhat.java-1.40.0-win32-x64\jre\21.0.6-win32-x86_64\bin\zip.dll
0x00007ffcff8d0000 - 0x00007ffcff8e0000 	C:\Users\palak\.vscode\extensions\redhat.java-1.40.0-win32-x64\jre\21.0.6-win32-x86_64\bin\net.dll
0x00007ffd2bbf0000 - 0x00007ffd2bd0e000 	C:\WINDOWS\SYSTEM32\WINHTTP.dll
0x00007ffd34a60000 - 0x00007ffd34aca000 	C:\WINDOWS\system32\mswsock.dll
0x00007ffcf3630000 - 0x00007ffcf3646000 	C:\Users\palak\.vscode\extensions\redhat.java-1.40.0-win32-x64\jre\21.0.6-win32-x86_64\bin\nio.dll
0x00007ffcfebd0000 - 0x00007ffcfebe0000 	c:\Users\palak\.vscode\extensions\redhat.java-1.40.0-win32-x64\jre\21.0.6-win32-x86_64\bin\verify.dll
0x00007ffcf3e70000 - 0x00007ffcf3eb5000 	C:\Users\palak\AppData\Roaming\Code\User\globalStorage\redhat.java\1.40.0\config_win\org.eclipse.equinox.launcher\org.eclipse.equinox.launcher.win32.win32.x86_64_1.2.1200.v20250212-0927\eclipse_11909.dll
0x00007ffd36460000 - 0x00007ffd365f5000 	C:\WINDOWS\System32\ole32.dll
0x00007ffd34d00000 - 0x00007ffd34d1c000 	C:\WINDOWS\SYSTEM32\CRYPTSP.dll
0x00007ffd344a0000 - 0x00007ffd344da000 	C:\WINDOWS\system32\rsaenh.dll
0x00007ffd34b00000 - 0x00007ffd34b2b000 	C:\WINDOWS\SYSTEM32\USERENV.dll
0x00007ffd34f40000 - 0x00007ffd34f66000 	C:\WINDOWS\SYSTEM32\bcrypt.dll
0x00007ffd34d20000 - 0x00007ffd34d2c000 	C:\WINDOWS\SYSTEM32\CRYPTBASE.dll
0x00007ffd33f40000 - 0x00007ffd33f73000 	C:\WINDOWS\SYSTEM32\IPHLPAPI.DLL
0x00007ffd369e0000 - 0x00007ffd369ea000 	C:\WINDOWS\System32\NSI.dll
0x00007ffcf3e20000 - 0x00007ffcf3e69000 	C:\Users\palak\AppData\Local\Temp\jna-106430981\jna3227516314120252575.dll
0x00007ffd37fd0000 - 0x00007ffd37fd8000 	C:\WINDOWS\System32\PSAPI.DLL
0x00007ffd0e290000 - 0x00007ffd0e29a000 	C:\Users\palak\.vscode\extensions\redhat.java-1.40.0-win32-x64\jre\21.0.6-win32-x86_64\bin\management.dll
0x00007ffd0b040000 - 0x00007ffd0b04b000 	C:\Users\palak\.vscode\extensions\redhat.java-1.40.0-win32-x64\jre\21.0.6-win32-x86_64\bin\management_ext.dll
0x00007ffd2bb50000 - 0x00007ffd2bb6f000 	C:\WINDOWS\SYSTEM32\dhcpcsvc6.DLL
0x00007ffd2ba80000 - 0x00007ffd2baa5000 	C:\WINDOWS\SYSTEM32\dhcpcsvc.DLL

dbghelp: loaded successfully - version: 4.0.5 - missing functions: none
symbol engine: initialized successfully - sym options: 0x614 - pdb path: .;c:\Users\palak\.vscode\extensions\redhat.java-1.40.0-win32-x64\jre\21.0.6-win32-x86_64\bin;C:\WINDOWS\SYSTEM32;C:\WINDOWS\WinSxS\amd64_microsoft.windows.common-controls_6595b64144ccf1df_6.0.26100.3323_none_3e088096e3344490;c:\Users\palak\.vscode\extensions\redhat.java-1.40.0-win32-x64\jre\21.0.6-win32-x86_64\bin\server;C:\Users\palak\AppData\Roaming\Code\User\globalStorage\redhat.java\1.40.0\config_win\org.eclipse.equinox.launcher\org.eclipse.equinox.launcher.win32.win32.x86_64_1.2.1200.v20250212-0927;C:\Users\palak\AppData\Local\Temp\jna-106430981

VM Arguments:
jvm_args: --add-modules=ALL-SYSTEM --add-opens=java.base/java.util=ALL-UNNAMED --add-opens=java.base/java.lang=ALL-UNNAMED --add-opens=java.base/sun.nio.fs=ALL-UNNAMED -Declipse.application=org.eclipse.jdt.ls.core.id1 -Dosgi.bundles.defaultStartLevel=4 -Declipse.product=org.eclipse.jdt.ls.core.product -Djava.import.generatesMetadataFilesAtProjectRoot=false -DDetectVMInstallationsJob.disabled=true -Dfile.encoding=utf8 -XX:+UseParallelGC -XX:GCTimeRatio=4 -XX:AdaptiveSizePolicyWeight=90 -Dsun.zip.disableMemoryMapping=true -Xmx1G -Xms100m -Xlog:disable -javaagent:c:\Users\palak\.vscode\extensions\redhat.java-1.40.0-win32-x64\lombok\lombok-1.18.36.jar -XX:+HeapDumpOnOutOfMemoryError -XX:HeapDumpPath=c:\Users\palak\AppData\Roaming\Code\User\workspaceStorage\632f04cdbe9e26a6a5769c745b0508de\redhat.java -Daether.dependencyCollector.impl=bf 
java_command: c:\Users\palak\.vscode\extensions\redhat.java-1.40.0-win32-x64\server\plugins\org.eclipse.equinox.launcher_1.6.1000.v20250131-0606.jar -configuration c:\Users\palak\AppData\Roaming\Code\User\globalStorage\redhat.java\1.40.0\config_win -data c:\Users\palak\AppData\Roaming\Code\User\workspaceStorage\632f04cdbe9e26a6a5769c745b0508de\redhat.java\jdt_ws --pipe=\\.\pipe\lsp-34d8182cc35d7951717f765f48e53cb9-sock
java_class_path (initial): c:\Users\palak\.vscode\extensions\redhat.java-1.40.0-win32-x64\server\plugins\org.eclipse.equinox.launcher_1.6.1000.v20250131-0606.jar
Launcher Type: SUN_STANDARD

[Global flags]
    uintx AdaptiveSizePolicyWeight                 = 90                                        {product} {command line}
     intx CICompilerCount                          = 3                                         {product} {ergonomic}
    uintx GCTimeRatio                              = 4                                         {product} {command line}
     bool HeapDumpOnOutOfMemoryError               = true                                   {manageable} {command line}
    ccstr HeapDumpPath                             = c:\Users\palak\AppData\Roaming\Code\User\workspaceStorage\632f04cdbe9e26a6a5769c745b0508de\redhat.java         {manageable} {command line}
   size_t InitialHeapSize                          = 104857600                                 {product} {command line}
   size_t MaxHeapSize                              = 1073741824                                {product} {command line}
   size_t MaxNewSize                               = 357564416                                 {product} {ergonomic}
   size_t MinHeapDeltaBytes                        = 524288                                    {product} {ergonomic}
   size_t MinHeapSize                              = 104857600                                 {product} {command line}
   size_t NewSize                                  = 34603008                                  {product} {ergonomic}
    uintx NonNMethodCodeHeapSize                   = 5832780                                {pd product} {ergonomic}
    uintx NonProfiledCodeHeapSize                  = 122912730                              {pd product} {ergonomic}
   size_t OldSize                                  = 70254592                                  {product} {ergonomic}
    uintx ProfiledCodeHeapSize                     = 122912730                              {pd product} {ergonomic}
    uintx ReservedCodeCacheSize                    = 251658240                              {pd product} {ergonomic}
     bool SegmentedCodeCache                       = true                                      {product} {ergonomic}
   size_t SoftMaxHeapSize                          = 1073741824                             {manageable} {ergonomic}
     bool UseCompressedOops                        = true                           {product lp64_product} {ergonomic}
     bool UseLargePagesIndividualAllocation        = false                                  {pd product} {ergonomic}
     bool UseParallelGC                            = true                                      {product} {command line}

Logging:
Log output configuration:
 #0: stdout all=off uptime,level,tags foldmultilines=false
 #1: stderr all=off uptime,level,tags foldmultilines=false

Environment Variables:
JAVA_HOME=C:\Users\palak\Downloads\java-21-openjdk-21.0.1.0.12-3.win.jdk.x86_64\java-21-openjdk-21.0.1.0.12-3.win.jdk.x86_64
PATH=C:\Program Files (x86)\Common Files\Oracle\Java\java8path;C:\Program Files (x86)\Common Files\Oracle\Java\javapath;C:\WINDOWS\system32;C:\WINDOWS;C:\WINDOWS\System32\Wbem;C:\WINDOWS\System32\WindowsPowerShell\v1.0\;C:\WINDOWS\System32\OpenSSH\;C:\Users\palak\Downloads\java-21-openjdk-21.0.1.0.12-3.win.jdk.x86_64\java-21-openjdk-21.0.1.0.12-3.win.jdk.x86_64\bin;C:\Users\palak\Downloads\apache-maven-3.9.8-bin\bin;c:\users\palak\appdata\local\packages\pythonsoftwarefoundation.python.3.11_qbz5n2kfra8p0\localcache\local-packages\python311\site-packages;C:\ProgramData\chocolatey\bin;C:\Program Files\nodejs\;C:\Users\palak\AppData\Local\Programs\Python\Python312\Scripts;C:\Program Files\Git\cmd;C:\Users\palak\Downloads\flutter_windows_3.27.3-stable\flutter\bin;C:\Users\palak\AppData\Local\Android\Sdk\cmdline-tools\latest\bin;C:\Users\palak\AppData\Local\Android\Sdk\platform-tools;C:\ffmpeg;C:\Program Files\MongoDB\Server\8.0\bin;C:\Users\palak\AppData\Local\Programs\Python\Python313\Scripts\;C:\Users\palak\AppData\Local\Programs\Python\Python313\;C:\Users\palak\AppData\Local\Programs\Python\Python312\Scripts\;C:\Users\palak\AppData\Local\Programs\Python\Python312\;C:\Users\palak\AppData\Local\Programs\Python\Launcher\;C:\Program Files\MySQL\MySQL Shell 8.0\bin\;C:\Users\palak\AppData\Local\Microsoft\WindowsApps;C:\Users\palak\AppData\Local\Programs\Microsoft VS Code\bin;C:\Program Files\JetBrains\IntelliJ IDEA Community Edition 2023.3.3\bin;C:\Users\palak\AppData\Local\JetBrains\CLion 2023.3.4\bin;C:\Program Files\JetBrains\PyCharm 2024.1.2\bin;C:\Program Files\JetBrains\PyCharm Community Edition 2024.1.4\bin;C:\Users\palak\AppData\Local\JetBrains\Toolbox\scripts;C:\Users\palak\AppData\Roaming\npm;C:\Users\palak\AppData\Local\GitHubDesktop\bin;C:\Users\palak\AppData\Local\Microsoft\WindowsApps;
USERNAME=palak
OS=Windows_NT
PROCESSOR_IDENTIFIER=AMD64 Family 23 Model 24 Stepping 1, AuthenticAMD
TMP=C:\Users\palak\AppData\Local\Temp
TEMP=C:\Users\palak\AppData\Local\Temp




Periodic native trim disabled

---------------  S Y S T E M  ---------------

OS:
 Windows 11 , 64 bit Build 26100 (10.0.26100.3323)
OS uptime: 0 days 6:00 hours

CPU: total 4 (initial active 4) (4 cores per cpu, 2 threads per core) family 23 model 24 stepping 1 microcode 0x8108109, cx8, cmov, fxsr, ht, mmx, 3dnowpref, sse, sse2, sse3, ssse3, sse4a, sse4.1, sse4.2, popcnt, lzcnt, tsc, tscinvbit, avx, avx2, aes, clmul, bmi1, bmi2, adx, sha, fma, vzeroupper, clflush, clflushopt, rdtscp, f16c
Processor Information for the first 4 processors :
  Max Mhz: 2600, Current Mhz: 2600, Mhz Limit: 2600

Memory: 4k page, system-wide physical 6086M (679M free)
TotalPageFile size 14278M (AvailPageFile size 4M)
current process WorkingSet (physical memory assigned to process): 270M, peak: 281M
current process commit charge ("private bytes"): 311M, peak: 320M

vm_info: OpenJDK 64-Bit Server VM (21.0.6+7-LTS) for windows-amd64 JRE (21.0.6+7-LTS), built on 2025-01-21T00:00:00Z by "admin" with MS VC++ 17.7 (VS2022)

END.
