#
# There is insufficient memory for the Java Runtime Environment to continue.
# Native memory allocation (malloc) failed to allocate 370656 bytes. Error detail: Chunk::new
# Possible reasons:
#   The system is out of physical RAM or swap space
#   This process is running with CompressedOops enabled, and the Java Heap may be blocking the growth of the native heap
# Possible solutions:
#   Reduce memory load on the system
#   Increase physical memory or swap space
#   Check if swap backing store is full
#   Decrease Java heap size (-Xmx/-Xms)
#   Decrease number of Java threads
#   Decrease Java thread stack sizes (-Xss)
#   Set larger code cache with -XX:ReservedCodeCacheSize=
#   JVM is running with Unscaled Compressed Oops mode in which the Java heap is
#     placed in the first 4GB address space. The Java Heap base address is the
#     maximum limit for the native heap growth. Please use -XX:HeapBaseMinAddress
#     to set the Java Heap base and to place the Java Heap above 4GB virtual address.
# This output file may be truncated or incomplete.
#
#  Out of Memory Error (arena.cpp:168), pid=10008, tid=17516
#
# JRE version: OpenJDK Runtime Environment Temurin-21.0.6+7 (21.0.6+7) (build 21.0.6+7-LTS)
# Java VM: OpenJDK 64-Bit Server VM Temurin-21.0.6+7 (21.0.6+7-LTS, mixed mode, sharing, tiered, compressed oops, compressed class ptrs, parallel gc, windows-amd64)
# No core dump will be written. Minidumps are not enabled by default on client versions of Windows
#

---------------  S U M M A R Y ------------

Command Line: --add-modules=ALL-SYSTEM --add-opens=java.base/java.util=ALL-UNNAMED --add-opens=java.base/java.lang=ALL-UNNAMED --add-opens=java.base/sun.nio.fs=ALL-UNNAMED -Declipse.application=org.eclipse.jdt.ls.core.id1 -Dosgi.bundles.defaultStartLevel=4 -Declipse.product=org.eclipse.jdt.ls.core.product -Djava.import.generatesMetadataFilesAtProjectRoot=false -DDetectVMInstallationsJob.disabled=true -Dfile.encoding=utf8 -XX:+UseParallelGC -XX:GCTimeRatio=4 -XX:AdaptiveSizePolicyWeight=90 -Dsun.zip.disableMemoryMapping=true -Xmx1G -Xms100m -Xlog:disable -javaagent:c:\Users\palak\.vscode\extensions\redhat.java-1.40.0-win32-x64\lombok\lombok-1.18.36.jar c:\Users\palak\.vscode\extensions\redhat.java-1.40.0-win32-x64\server\plugins\org.eclipse.equinox.launcher_1.6.1000.v20250131-0606.jar -configuration c:\Users\palak\AppData\Roaming\Code\User\globalStorage\redhat.java\1.40.0\config_ss_win -data c:\Users\palak\AppData\Roaming\Code\User\workspaceStorage\ee148990e97456275c543846b0f27411\redhat.java\ss_ws --pipe=\\.\pipe\lsp-7e829a3de3574fcf1b2bc23dd62e61e4-sock

Host: AMD Ryzen 3 3250U with Radeon Graphics         , 4 cores, 5G,  Windows 11 , 64 bit Build 26100 (10.0.26100.3037)
Time: Thu Mar 13 19:25:05 2025 India Standard Time elapsed time: 3.539355 seconds (0d 0h 0m 3s)

---------------  T H R E A D  ---------------

Current thread (0x000002212bb4e360):  JavaThread "C2 CompilerThread0" daemon [_thread_in_native, id=17516, stack(0x0000005dc6200000,0x0000005dc6300000) (1024K)]


Current CompileTask:
C2:3539 1258       4       java.io.DataInputStream::readUTF (501 bytes)

Stack: [0x0000005dc6200000,0x0000005dc6300000]
Native frames: (J=compiled Java code, j=interpreted, Vv=VM code, C=native code)
V  [jvm.dll+0x6cdee9]
V  [jvm.dll+0x8a83d1]
V  [jvm.dll+0x8aa8fe]
V  [jvm.dll+0x8aafe3]
V  [jvm.dll+0x27f706]
V  [jvm.dll+0xc500d]
V  [jvm.dll+0xc5543]
V  [jvm.dll+0x2f2acd]
V  [jvm.dll+0x5f6a2a]
V  [jvm.dll+0x250bb2]
V  [jvm.dll+0x250f6f]
V  [jvm.dll+0x249834]
V  [jvm.dll+0x246ec4]
V  [jvm.dll+0x1c75ee]
V  [jvm.dll+0x25685a]
V  [jvm.dll+0x254dfa]
V  [jvm.dll+0x3f0256]
V  [jvm.dll+0x851f8b]
V  [jvm.dll+0x6cc5ed]
C  [ucrtbase.dll+0x37b0]
C  [KERNEL32.DLL+0x2e8d7]
C  [ntdll.dll+0xbbf2c]


---------------  P R O C E S S  ---------------

Threads class SMR info:
_java_thread_list=0x000002217221ddb0, length=12, elements={
0x0000022117050a70, 0x00000221170fe080, 0x000002212bb37e00, 0x000002212bb3fe70,
0x000002212bb408c0, 0x000002212bb44800, 0x000002212bb49c30, 0x000002212bb4e360,
0x000002212bb72000, 0x000002216d9e9e60, 0x000002216db5c900, 0x00000221722fc970
}

Java Threads: ( => current thread )
  0x0000022117050a70 JavaThread "main"                              [_thread_in_native, id=6468, stack(0x0000005dc5800000,0x0000005dc5900000) (1024K)]
  0x00000221170fe080 JavaThread "Reference Handler"          daemon [_thread_blocked, id=12612, stack(0x0000005dc5c00000,0x0000005dc5d00000) (1024K)]
  0x000002212bb37e00 JavaThread "Finalizer"                  daemon [_thread_blocked, id=14684, stack(0x0000005dc5d00000,0x0000005dc5e00000) (1024K)]
  0x000002212bb3fe70 JavaThread "Signal Dispatcher"          daemon [_thread_blocked, id=13992, stack(0x0000005dc5e00000,0x0000005dc5f00000) (1024K)]
  0x000002212bb408c0 JavaThread "Attach Listener"            daemon [_thread_blocked, id=15028, stack(0x0000005dc5f00000,0x0000005dc6000000) (1024K)]
  0x000002212bb44800 JavaThread "Service Thread"             daemon [_thread_blocked, id=17368, stack(0x0000005dc6000000,0x0000005dc6100000) (1024K)]
  0x000002212bb49c30 JavaThread "Monitor Deflation Thread"   daemon [_thread_blocked, id=17832, stack(0x0000005dc6100000,0x0000005dc6200000) (1024K)]
=>0x000002212bb4e360 JavaThread "C2 CompilerThread0"         daemon [_thread_in_native, id=17516, stack(0x0000005dc6200000,0x0000005dc6300000) (1024K)]
  0x000002212bb72000 JavaThread "C1 CompilerThread0"         daemon [_thread_blocked, id=13928, stack(0x0000005dc6300000,0x0000005dc6400000) (1024K)]
  0x000002216d9e9e60 JavaThread "Common-Cleaner"             daemon [_thread_blocked, id=11448, stack(0x0000005dc6400000,0x0000005dc6500000) (1024K)]
  0x000002216db5c900 JavaThread "Notification Thread"        daemon [_thread_blocked, id=16048, stack(0x0000005dc6500000,0x0000005dc6600000) (1024K)]
  0x00000221722fc970 JavaThread "C2 CompilerThread1"         daemon [_thread_in_native, id=15600, stack(0x0000005dc6900000,0x0000005dc6a00000) (1024K)]
Total: 12

Other Threads:
  0x000002212bb2f6f0 VMThread "VM Thread"                           [id=17208, stack(0x0000005dc5b00000,0x0000005dc5c00000) (1024K)]
  0x00000221170b47d0 WatcherThread "VM Periodic Task Thread"        [id=11136, stack(0x0000005dc5a00000,0x0000005dc5b00000) (1024K)]
  0x0000022117067050 WorkerThread "GC Thread#0"                     [id=14628, stack(0x0000005dc5900000,0x0000005dc5a00000) (1024K)]
  0x000002216dd80d00 WorkerThread "GC Thread#1"                     [id=16408, stack(0x0000005dc6600000,0x0000005dc6700000) (1024K)]
  0x000002217216e6f0 WorkerThread "GC Thread#2"                     [id=1472, stack(0x0000005dc6700000,0x0000005dc6800000) (1024K)]
  0x000002217216ea90 WorkerThread "GC Thread#3"                     [id=16424, stack(0x0000005dc6800000,0x0000005dc6900000) (1024K)]
Total: 6

Threads with active compile tasks:
C2 CompilerThread0  3605 1258       4       java.io.DataInputStream::readUTF (501 bytes)
C1 CompilerThread0  3605 1298   !   3       java.lang.ClassLoader::addClass (27 bytes)
C2 CompilerThread1  3605 1278   !   4       java.io.BufferedInputStream::read (54 bytes)
Total: 3

VM state: not at safepoint (normal execution)

VM Mutex/Monitor currently owned by a thread: None

Heap address: 0x00000000c0000000, size: 1024 MB, Compressed Oops mode: 32-bit

CDS archive(s) mapped at: [0x000002212c000000-0x000002212cba0000-0x000002212cba0000), size 12189696, SharedBaseAddress: 0x000002212c000000, ArchiveRelocationMode: 1.
Compressed class space mapped at: 0x000002212d000000-0x000002216d000000, reserved size: 1073741824
Narrow klass base: 0x000002212c000000, Narrow klass shift: 0, Narrow klass range: 0x100000000

GC Precious Log:
 CardTable entry size: 512
 CPUs: 4 total, 4 available
 Memory: 6086M
 Large Page Support: Disabled
 NUMA Support: Disabled
 Compressed Oops: Enabled (32-bit)
 Alignments: Space 512K, Generation 512K, Heap 2M
 Heap Min Capacity: 100M
 Heap Initial Capacity: 100M
 Heap Max Capacity: 1G
 Pre-touch: Disabled
 Parallel Workers: 4

Heap:
 PSYoungGen      total 29696K, used 10566K [0x00000000eab00000, 0x00000000ecc00000, 0x0000000100000000)
  eden space 25600K, 28% used [0x00000000eab00000,0x00000000eb230348,0x00000000ec400000)
  from space 4096K, 78% used [0x00000000ec400000,0x00000000ec7217f0,0x00000000ec800000)
  to   space 4096K, 0% used [0x00000000ec800000,0x00000000ec800000,0x00000000ecc00000)
 ParOldGen       total 68608K, used 16K [0x00000000c0000000, 0x00000000c4300000, 0x00000000eab00000)
  object space 68608K, 0% used [0x00000000c0000000,0x00000000c0004000,0x00000000c4300000)
 Metaspace       used 5835K, committed 6016K, reserved 1114112K
  class space    used 557K, committed 640K, reserved 1048576K

Card table byte_map: [0x0000022129460000,0x0000022129670000] _byte_map_base: 0x0000022128e60000

Marking Bits: (ParMarkBitMap*) 0x00007ffd63423260
 Begin Bits: [0x00000221297d0000, 0x000002212a7d0000)
 End Bits:   [0x000002212a7d0000, 0x000002212b7d0000)

Polling page: 0x0000022117100000

Metaspace:

Usage:
  Non-class:      5.15 MB used.
      Class:    557.98 KB used.
       Both:      5.70 MB used.

Virtual space:
  Non-class space:       64.00 MB reserved,       5.25 MB (  8%) committed,  1 nodes.
      Class space:        1.00 GB reserved,     640.00 KB ( <1%) committed,  1 nodes.
             Both:        1.06 GB reserved,       5.88 MB ( <1%) committed. 

Chunk freelists:
   Non-Class:  10.12 MB
       Class:  15.38 MB
        Both:  25.50 MB

MaxMetaspaceSize: unlimited
CompressedClassSpaceSize: 1.00 GB
Initial GC threshold: 21.00 MB
Current GC threshold: 21.00 MB
CDS: on
 - commit_granule_bytes: 65536.
 - commit_granule_words: 8192.
 - virtual_space_node_default_size: 8388608.
 - enlarge_chunks_in_place: 1.
 - use_allocation_guard: 0.


Internal statistics:

num_allocs_failed_limit: 0.
num_arena_births: 148.
num_arena_deaths: 0.
num_vsnodes_births: 2.
num_vsnodes_deaths: 0.
num_space_committed: 94.
num_space_uncommitted: 0.
num_chunks_returned_to_freelist: 0.
num_chunks_taken_from_freelist: 250.
num_chunk_merges: 0.
num_chunk_splits: 171.
num_chunks_enlarged: 122.
num_inconsistent_stats: 0.

CodeHeap 'non-profiled nmethods': size=120000Kb used=502Kb max_used=502Kb free=119498Kb
 bounds [0x0000022121d50000, 0x0000022121fc0000, 0x0000022129280000]
CodeHeap 'profiled nmethods': size=120000Kb used=2245Kb max_used=2245Kb free=117754Kb
 bounds [0x000002211a280000, 0x000002211a4f0000, 0x00000221217b0000]
CodeHeap 'non-nmethods': size=5760Kb used=1202Kb max_used=1222Kb free=4557Kb
 bounds [0x00000221217b0000, 0x0000022121a20000, 0x0000022121d50000]
 total_blobs=1759 nmethods=1293 adapters=373
 compilation: enabled
              stopped_count=0, restarted_count=0
 full_count=0

Compilation events (20 events):
Event: 3.421 Thread 0x000002212bb72000 nmethod 1264 0x000002211a497490 code [0x000002211a497640, 0x000002211a497760]
Event: 3.427 Thread 0x000002212bb72000 1271       3       org.eclipse.osgi.container.ModuleDatabase$Persistence::readMap (118 bytes)
Event: 3.427 Thread 0x00000221722fc970 1272       4       java.io.DataInputStream::readFully (59 bytes)
Event: 3.429 Thread 0x000002212bb72000 nmethod 1271 0x000002211a497810 code [0x000002211a497bc0, 0x000002211a499148]
Event: 3.429 Thread 0x000002212bb72000 1267       3       org.eclipse.osgi.container.ModuleDatabase$Persistence::readVersion0 (96 bytes)
Event: 3.433 Thread 0x000002212bb72000 nmethod 1267 0x000002211a499a90 code [0x000002211a499ee0, 0x000002211a49bd00]
Event: 3.433 Thread 0x000002212bb72000 1268       3       org.eclipse.osgi.container.ModuleDatabase$Persistence::readVersion (7 bytes)
Event: 3.434 Thread 0x000002212bb72000 nmethod 1268 0x000002211a49c710 code [0x000002211a49c8c0, 0x000002211a49c9e0]
Event: 3.434 Thread 0x000002212bb72000 1270       3       org.eclipse.osgi.container.ModuleDatabase$Persistence::readIndexedMap (16 bytes)
Event: 3.435 Thread 0x000002212bb72000 nmethod 1270 0x000002211a49ca90 code [0x000002211a49ccc0, 0x000002211a49d3b8]
Event: 3.435 Thread 0x000002212bb72000 1274       3       java.util.Collections::unmodifiableMap (22 bytes)
Event: 3.435 Thread 0x000002212bb72000 nmethod 1274 0x000002211a49d710 code [0x000002211a49d900, 0x000002211a49dd50]
Event: 3.436 Thread 0x000002212bb72000 1275       3       java.util.Collections$UnmodifiableMap::<init> (22 bytes)
Event: 3.436 Thread 0x000002212bb72000 nmethod 1275 0x000002211a49df10 code [0x000002211a49e0c0, 0x000002211a49e340]
Event: 3.436 Thread 0x000002212bb72000 1266       3       org.eclipse.osgi.container.ModuleDatabase$Persistence::readMapValue (111 bytes)
Event: 3.439 Thread 0x000002212bb72000 nmethod 1266 0x000002211a49e490 code [0x000002211a49e840, 0x000002211a49fe68]
Event: 3.439 Thread 0x000002212bb72000 1277       3       org.eclipse.osgi.container.ModuleDatabase$Persistence::readListValue (97 bytes)
Event: 3.441 Thread 0x000002212bb72000 nmethod 1277 0x000002211a4a0590 code [0x000002211a4a0920, 0x000002211a4a1ec0]
Event: 3.446 Thread 0x000002212bb72000 1280       3       org.eclipse.osgi.container.ModuleDatabase$Persistence::readList (78 bytes)
Event: 3.526 Thread 0x000002212bb72000 nmethod 1280 0x000002211a4a2590 code [0x000002211a4a28c0, 0x000002211a4a3a68]

GC Heap History (2 events):
Event: 3.005 GC heap before
{Heap before GC invocations=1 (full 0):
 PSYoungGen      total 29696K, used 25600K [0x00000000eab00000, 0x00000000ecc00000, 0x0000000100000000)
  eden space 25600K, 100% used [0x00000000eab00000,0x00000000ec400000,0x00000000ec400000)
  from space 4096K, 0% used [0x00000000ec800000,0x00000000ec800000,0x00000000ecc00000)
  to   space 4096K, 0% used [0x00000000ec400000,0x00000000ec400000,0x00000000ec800000)
 ParOldGen       total 68608K, used 0K [0x00000000c0000000, 0x00000000c4300000, 0x00000000eab00000)
  object space 68608K, 0% used [0x00000000c0000000,0x00000000c0000000,0x00000000c4300000)
 Metaspace       used 4342K, committed 4544K, reserved 1114112K
  class space    used 437K, committed 512K, reserved 1048576K
}
Event: 3.024 GC heap after
{Heap after GC invocations=1 (full 0):
 PSYoungGen      total 29696K, used 3205K [0x00000000eab00000, 0x00000000ecc00000, 0x0000000100000000)
  eden space 25600K, 0% used [0x00000000eab00000,0x00000000eab00000,0x00000000ec400000)
  from space 4096K, 78% used [0x00000000ec400000,0x00000000ec7217f0,0x00000000ec800000)
  to   space 4096K, 0% used [0x00000000ec800000,0x00000000ec800000,0x00000000ecc00000)
 ParOldGen       total 68608K, used 16K [0x00000000c0000000, 0x00000000c4300000, 0x00000000eab00000)
  object space 68608K, 0% used [0x00000000c0000000,0x00000000c0004000,0x00000000c4300000)
 Metaspace       used 4342K, committed 4544K, reserved 1114112K
  class space    used 437K, committed 512K, reserved 1048576K
}

Dll operation events (8 events):
Event: 0.074 Loaded shared library c:\Users\palak\.vscode\extensions\redhat.java-1.40.0-win32-x64\jre\21.0.6-win32-x86_64\bin\java.dll
Event: 0.536 Loaded shared library c:\Users\palak\.vscode\extensions\redhat.java-1.40.0-win32-x64\jre\21.0.6-win32-x86_64\bin\zip.dll
Event: 0.599 Loaded shared library C:\Users\palak\.vscode\extensions\redhat.java-1.40.0-win32-x64\jre\21.0.6-win32-x86_64\bin\instrument.dll
Event: 0.611 Loaded shared library C:\Users\palak\.vscode\extensions\redhat.java-1.40.0-win32-x64\jre\21.0.6-win32-x86_64\bin\net.dll
Event: 0.618 Loaded shared library C:\Users\palak\.vscode\extensions\redhat.java-1.40.0-win32-x64\jre\21.0.6-win32-x86_64\bin\nio.dll
Event: 0.628 Loaded shared library C:\Users\palak\.vscode\extensions\redhat.java-1.40.0-win32-x64\jre\21.0.6-win32-x86_64\bin\zip.dll
Event: 0.691 Loaded shared library C:\Users\palak\.vscode\extensions\redhat.java-1.40.0-win32-x64\jre\21.0.6-win32-x86_64\bin\jimage.dll
Event: 0.988 Loaded shared library c:\Users\palak\.vscode\extensions\redhat.java-1.40.0-win32-x64\jre\21.0.6-win32-x86_64\bin\verify.dll

Deoptimization events (20 events):
Event: 2.964 Thread 0x0000022117050a70 Uncommon trap: trap_request=0xffffff45 fr.pc=0x0000022121db4250 relative=0x00000000000000b0
Event: 2.964 Thread 0x0000022117050a70 Uncommon trap: reason=unstable_if action=reinterpret pc=0x0000022121db4250 method=java.util.HashMap.hash(Ljava/lang/Object;)I @ 1 c2
Event: 2.964 Thread 0x0000022117050a70 DEOPT PACKING pc=0x0000022121db4250 sp=0x0000005dc58fe710
Event: 2.964 Thread 0x0000022117050a70 DEOPT UNPACKING pc=0x0000022121803aa2 sp=0x0000005dc58fe6a8 mode 2
Event: 2.965 Thread 0x0000022117050a70 Uncommon trap: trap_request=0xffffffde fr.pc=0x0000022121d938f0 relative=0x0000000000000550
Event: 2.965 Thread 0x0000022117050a70 Uncommon trap: reason=class_check action=maybe_recompile pc=0x0000022121d938f0 method=java.util.Collections$UnmodifiableCollection$1.<init>(Ljava/util/Collections$UnmodifiableCollection;)V @ 17 c2
Event: 2.965 Thread 0x0000022117050a70 DEOPT PACKING pc=0x0000022121d938f0 sp=0x0000005dc58fe750
Event: 2.965 Thread 0x0000022117050a70 DEOPT UNPACKING pc=0x0000022121803aa2 sp=0x0000005dc58fe698 mode 2
Event: 3.106 Thread 0x0000022117050a70 Uncommon trap: trap_request=0xffffffde fr.pc=0x0000022121db3700 relative=0x0000000000000920
Event: 3.106 Thread 0x0000022117050a70 Uncommon trap: reason=class_check action=maybe_recompile pc=0x0000022121db3700 method=java.util.HashMap.putVal(ILjava/lang/Object;Ljava/lang/Object;ZZ)Ljava/lang/Object; @ 253 c2
Event: 3.106 Thread 0x0000022117050a70 DEOPT PACKING pc=0x0000022121db3700 sp=0x0000005dc58fcd90
Event: 3.106 Thread 0x0000022117050a70 DEOPT UNPACKING pc=0x0000022121803aa2 sp=0x0000005dc58fcd20 mode 2
Event: 3.246 Thread 0x0000022117050a70 Uncommon trap: trap_request=0xffffff45 fr.pc=0x0000022121d9a278 relative=0x0000000000000198
Event: 3.246 Thread 0x0000022117050a70 Uncommon trap: reason=unstable_if action=reinterpret pc=0x0000022121d9a278 method=java.lang.invoke.VarHandle.checkAccessModeThenIsDirect(Ljava/lang/invoke/VarHandle$AccessDescriptor;)Z @ 4 c2
Event: 3.247 Thread 0x0000022117050a70 DEOPT PACKING pc=0x0000022121d9a278 sp=0x0000005dc58fe6f0
Event: 3.247 Thread 0x0000022117050a70 DEOPT UNPACKING pc=0x0000022121803aa2 sp=0x0000005dc58fe628 mode 2
Event: 3.341 Thread 0x0000022117050a70 Uncommon trap: trap_request=0xffffffde fr.pc=0x0000022121d94694 relative=0x00000000000004f4
Event: 3.341 Thread 0x0000022117050a70 Uncommon trap: reason=class_check action=maybe_recompile pc=0x0000022121d94694 method=java.util.Collections$UnmodifiableCollection$1.<init>(Ljava/util/Collections$UnmodifiableCollection;)V @ 17 c2
Event: 3.341 Thread 0x0000022117050a70 DEOPT PACKING pc=0x0000022121d94694 sp=0x0000005dc58fe780
Event: 3.342 Thread 0x0000022117050a70 DEOPT UNPACKING pc=0x0000022121803aa2 sp=0x0000005dc58fe738 mode 2

Classes loaded (20 events):
Event: 3.353 Loading class java/util/AbstractQueue done
Event: 3.354 Loading class java/util/concurrent/SynchronousQueue done
Event: 3.354 Loading class java/util/concurrent/SynchronousQueue$Transferer
Event: 3.354 Loading class java/util/concurrent/LinkedTransferQueue
Event: 3.355 Loading class java/util/concurrent/TransferQueue
Event: 3.355 Loading class java/util/concurrent/TransferQueue done
Event: 3.356 Loading class java/util/concurrent/LinkedTransferQueue done
Event: 3.356 Loading class java/util/concurrent/SynchronousQueue$Transferer done
Event: 3.356 Loading class java/util/concurrent/LinkedTransferQueue$DualNode
Event: 3.356 Loading class java/util/concurrent/LinkedTransferQueue$DualNode done
Event: 3.358 Loading class java/util/concurrent/RejectedExecutionHandler
Event: 3.358 Loading class java/util/concurrent/RejectedExecutionHandler done
Event: 3.358 Loading class java/util/concurrent/LinkedBlockingQueue
Event: 3.359 Loading class java/util/concurrent/LinkedBlockingQueue done
Event: 3.359 Loading class java/util/concurrent/LinkedBlockingQueue$Node
Event: 3.359 Loading class java/util/concurrent/LinkedBlockingQueue$Node done
Event: 3.385 Loading class java/util/concurrent/Semaphore$NonfairSync
Event: 3.385 Loading class java/util/concurrent/Semaphore$Sync
Event: 3.385 Loading class java/util/concurrent/Semaphore$Sync done
Event: 3.385 Loading class java/util/concurrent/Semaphore$NonfairSync done

Classes unloaded (0 events):
No events

Classes redefined (0 events):
No events

Internal exceptions (20 events):
Event: 2.831 Thread 0x0000022117050a70 Exception <a 'java/lang/ClassNotFoundException'{0x00000000ec24eb28}: sun/net/www/protocol/c/Handler> (0x00000000ec24eb28) 
thrown [s\src\hotspot\share\classfile\systemDictionary.cpp, line 312]
Event: 2.834 Thread 0x0000022117050a70 Exception <a 'java/lang/ClassNotFoundException'{0x00000000ec24fea0}: sun/net/www/protocol/c/Handler> (0x00000000ec24fea0) 
thrown [s\src\hotspot\share\classfile\systemDictionary.cpp, line 312]
Event: 2.835 Thread 0x0000022117050a70 Exception <a 'java/lang/ClassNotFoundException'{0x00000000ec251040}: sun/net/www/protocol/c/Handler> (0x00000000ec251040) 
thrown [s\src\hotspot\share\classfile\systemDictionary.cpp, line 312]
Event: 2.858 Thread 0x0000022117050a70 Exception <a 'java/io/FileNotFoundException'{0x00000000ec275610}> (0x00000000ec275610) 
thrown [s\src\hotspot\share\prims\jni.cpp, line 520]
Event: 2.961 Thread 0x0000022117050a70 Implicit null exception at 0x0000022121d989c9 to 0x0000022121d9933c
Event: 2.961 Thread 0x0000022117050a70 Implicit null exception at 0x0000022121db029a to 0x0000022121db04a4
Event: 2.962 Thread 0x0000022117050a70 Exception <a 'java/lang/NoSuchMethodError'{0x00000000ec39fb40}: 'void java.lang.invoke.DirectMethodHandle$Holder.invokeStatic(java.lang.Object, java.lang.Object, java.lang.Object, java.lang.Object)'> (0x00000000ec39fb40) 
thrown [s\src\hotspot\share\interpreter\linkResolver.cpp, line 773]
Event: 2.964 Thread 0x0000022117050a70 Implicit null exception at 0x0000022121da34bc to 0x0000022121da3748
Event: 2.964 Thread 0x0000022117050a70 Implicit null exception at 0x0000022121db41bd to 0x0000022121db4241
Event: 3.120 Thread 0x0000022117050a70 Exception <a 'java/lang/NoSuchMethodError'{0x00000000eace2060}: 'long java.lang.invoke.DirectMethodHandle$Holder.invokeStatic(java.lang.Object, java.lang.Object, int)'> (0x00000000eace2060) 
thrown [s\src\hotspot\share\interpreter\linkResolver.cpp, line 773]
Event: 3.123 Thread 0x0000022117050a70 Exception <a 'java/lang/NoSuchMethodError'{0x00000000eace9bc8}: 'java.lang.Object java.lang.invoke.DirectMethodHandle$Holder.invokeSpecial(java.lang.Object, java.lang.Object, java.lang.Object, java.lang.Object, long)'> (0x00000000eace9bc8) 
thrown [s\src\hotspot\share\interpreter\linkResolver.cpp, line 773]
Event: 3.136 Thread 0x0000022117050a70 Exception <a 'java/lang/NoSuchMethodError'{0x00000000eacf7848}: 'java.lang.Object java.lang.invoke.DirectMethodHandle$Holder.invokeSpecial(java.lang.Object, java.lang.Object, java.lang.Object, int, java.lang.Object)'> (0x00000000eacf7848) 
thrown [s\src\hotspot\share\interpreter\linkResolver.cpp, line 773]
Event: 3.143 Thread 0x0000022117050a70 Exception <a 'java/lang/NoSuchMethodError'{0x00000000ead114a8}: 'java.lang.Object java.lang.invoke.Invokers$Holder.invokeExact_MT(java.lang.Object, java.lang.Object, java.lang.Object, java.lang.Object, java.lang.Object, java.lang.Object)'> (0x00000000ead114a8) 
thrown [s\src\hotspot\share\interpreter\linkResolver.cpp, line 773]
Event: 3.152 Thread 0x0000022117050a70 Exception <a 'java/lang/NoSuchMethodError'{0x00000000ead2ad60}: 'int java.lang.invoke.DirectMethodHandle$Holder.invokeStaticInit(java.lang.Object, java.lang.Object, java.lang.Object, java.lang.Object)'> (0x00000000ead2ad60) 
thrown [s\src\hotspot\share\interpreter\linkResolver.cpp, line 773]
Event: 3.155 Thread 0x0000022117050a70 Exception <a 'java/lang/NoSuchMethodError'{0x00000000ead337b0}: 'java.lang.Object java.lang.invoke.DirectMethodHandle$Holder.invokeInterface(java.lang.Object, java.lang.Object)'> (0x00000000ead337b0) 
thrown [s\src\hotspot\share\interpreter\linkResolver.cpp, line 773]
Event: 3.155 Thread 0x0000022117050a70 Exception <a 'java/lang/IncompatibleClassChangeError'{0x00000000ead36ce8}: Found class java.lang.Object, but interface was expected> (0x00000000ead36ce8) 
thrown [s\src\hotspot\share\interpreter\linkResolver.cpp, line 840]
Event: 3.158 Thread 0x0000022117050a70 Exception <a 'java/lang/NoSuchMethodError'{0x00000000ead3aea0}: 'void java.lang.invoke.DirectMethodHandle$Holder.invokeStatic(java.lang.Object, java.lang.Object)'> (0x00000000ead3aea0) 
thrown [s\src\hotspot\share\interpreter\linkResolver.cpp, line 773]
Event: 3.158 Thread 0x0000022117050a70 Exception <a 'java/lang/NoSuchMethodError'{0x00000000ead3e248}: 'void java.lang.invoke.DirectMethodHandle$Holder.invokeStaticInit(java.lang.Object, java.lang.Object)'> (0x00000000ead3e248) 
thrown [s\src\hotspot\share\interpreter\linkResolver.cpp, line 773]
Event: 3.161 Thread 0x0000022117050a70 Exception <a 'java/lang/NoSuchMethodError'{0x00000000ead45248}: 'int java.lang.invoke.DirectMethodHandle$Holder.invokeStaticInit(java.lang.Object, java.lang.Object)'> (0x00000000ead45248) 
thrown [s\src\hotspot\share\interpreter\linkResolver.cpp, line 773]
Event: 3.275 Thread 0x0000022117050a70 Exception <a 'java/lang/NoSuchMethodError'{0x00000000eae845b8}: 'void java.lang.invoke.DirectMethodHandle$Holder.invokeSpecial(java.lang.Object, java.lang.Object, java.lang.Object)'> (0x00000000eae845b8) 
thrown [s\src\hotspot\share\interpreter\linkResolver.cpp, line 773]

ZGC Phase Switch (0 events):
No events

VM Operations (16 events):
Event: 0.532 Executing VM operation: HandshakeAllThreads (Deoptimize)
Event: 0.532 Executing VM operation: HandshakeAllThreads (Deoptimize) done
Event: 0.719 Executing VM operation: HandshakeAllThreads (Deoptimize)
Event: 0.719 Executing VM operation: HandshakeAllThreads (Deoptimize) done
Event: 1.720 Executing VM operation: Cleanup
Event: 1.721 Executing VM operation: Cleanup done
Event: 2.019 Executing VM operation: HandshakeAllThreads (Deoptimize)
Event: 2.019 Executing VM operation: HandshakeAllThreads (Deoptimize) done
Event: 2.194 Executing VM operation: HandshakeAllThreads (Deoptimize)
Event: 2.194 Executing VM operation: HandshakeAllThreads (Deoptimize) done
Event: 2.785 Executing VM operation: HandshakeAllThreads (Deoptimize)
Event: 2.785 Executing VM operation: HandshakeAllThreads (Deoptimize) done
Event: 2.785 Executing VM operation: Cleanup
Event: 2.785 Executing VM operation: Cleanup done
Event: 3.005 Executing VM operation: ParallelGCFailedAllocation (Allocation Failure)
Event: 3.024 Executing VM operation: ParallelGCFailedAllocation (Allocation Failure) done

Memory protections (0 events):
No events

Nmethod flushes (0 events):
No events

Events (14 events):
Event: 0.158 Thread 0x0000022117050a70 Thread added: 0x0000022117050a70
Event: 0.208 Thread 0x0000022117050a70 Thread added: 0x00000221170fe080
Event: 0.210 Thread 0x0000022117050a70 Thread added: 0x000002212bb37e00
Event: 0.212 Thread 0x0000022117050a70 Thread added: 0x000002212bb3fe70
Event: 0.214 Thread 0x0000022117050a70 Thread added: 0x000002212bb408c0
Event: 0.217 Thread 0x0000022117050a70 Thread added: 0x000002212bb44800
Event: 0.221 Thread 0x0000022117050a70 Thread added: 0x000002212bb49c30
Event: 0.223 Thread 0x0000022117050a70 Thread added: 0x000002212bb4e360
Event: 0.238 Thread 0x0000022117050a70 Thread added: 0x000002212bb72000
Event: 0.348 Thread 0x0000022117050a70 Thread added: 0x000002216d9e9e60
Event: 1.526 Thread 0x0000022117050a70 Thread added: 0x000002216db5c900
Event: 1.812 Thread 0x000002212bb72000 Thread added: 0x000002216dc4d820
Event: 2.902 Thread 0x000002216dc4d820 Thread exited: 0x000002216dc4d820
Event: 3.426 Thread 0x000002212bb72000 Thread added: 0x00000221722fc970


Dynamic libraries:
0x00007ff612180000 - 0x00007ff61218e000 	c:\Users\palak\.vscode\extensions\redhat.java-1.40.0-win32-x64\jre\21.0.6-win32-x86_64\bin\java.exe
0x00007ffdce740000 - 0x00007ffdce9a3000 	C:\WINDOWS\SYSTEM32\ntdll.dll
0x00007ffdcd950000 - 0x00007ffdcda17000 	C:\WINDOWS\System32\KERNEL32.DLL
0x00007ffdcbee0000 - 0x00007ffdcc2a7000 	C:\WINDOWS\System32\KERNELBASE.dll
0x00007ffdc8c20000 - 0x00007ffdc8cbc000 	C:\WINDOWS\SYSTEM32\apphelp.dll
0x00007ffdcc2b0000 - 0x00007ffdcc3fc000 	C:\WINDOWS\System32\ucrtbase.dll
0x00007ffd918f0000 - 0x00007ffd91908000 	c:\Users\palak\.vscode\extensions\redhat.java-1.40.0-win32-x64\jre\21.0.6-win32-x86_64\bin\jli.dll
0x00007ffdcdf80000 - 0x00007ffdce149000 	C:\WINDOWS\System32\USER32.dll
0x00007ffdcc4c0000 - 0x00007ffdcc4e7000 	C:\WINDOWS\System32\win32u.dll
0x00007ffdcd2d0000 - 0x00007ffdcd2fa000 	C:\WINDOWS\System32\GDI32.dll
0x00007ffdcbd10000 - 0x00007ffdcbe3b000 	C:\WINDOWS\System32\gdi32full.dll
0x00007ffdcbae0000 - 0x00007ffdcbb83000 	C:\WINDOWS\System32\msvcp_win.dll
0x00007ffd8ce70000 - 0x00007ffd8ce8e000 	c:\Users\palak\.vscode\extensions\redhat.java-1.40.0-win32-x64\jre\21.0.6-win32-x86_64\bin\VCRUNTIME140.dll
0x00007ffda9da0000 - 0x00007ffdaa030000 	C:\WINDOWS\WinSxS\amd64_microsoft.windows.common-controls_6595b64144ccf1df_6.0.26100.3037_none_3e09262ce333c378\COMCTL32.dll
0x00007ffdcd8a0000 - 0x00007ffdcd949000 	C:\WINDOWS\System32\msvcrt.dll
0x00007ffdce630000 - 0x00007ffdce65f000 	C:\WINDOWS\System32\IMM32.DLL
0x00007ffd98760000 - 0x00007ffd9876c000 	c:\Users\palak\.vscode\extensions\redhat.java-1.40.0-win32-x64\jre\21.0.6-win32-x86_64\bin\vcruntime140_1.dll
0x00007ffd85770000 - 0x00007ffd857fd000 	c:\Users\palak\.vscode\extensions\redhat.java-1.40.0-win32-x64\jre\21.0.6-win32-x86_64\bin\msvcp140.dll
0x00007ffd62770000 - 0x00007ffd63500000 	c:\Users\palak\.vscode\extensions\redhat.java-1.40.0-win32-x64\jre\21.0.6-win32-x86_64\bin\server\jvm.dll
0x00007ffdce1d0000 - 0x00007ffdce284000 	C:\WINDOWS\System32\ADVAPI32.dll
0x00007ffdcda20000 - 0x00007ffdcdac6000 	C:\WINDOWS\System32\sechost.dll
0x00007ffdcc680000 - 0x00007ffdcc796000 	C:\WINDOWS\System32\RPCRT4.dll
0x00007ffdce150000 - 0x00007ffdce1c4000 	C:\WINDOWS\System32\WS2_32.dll
0x00007ffdcb970000 - 0x00007ffdcb9be000 	C:\WINDOWS\SYSTEM32\POWRPROF.dll
0x00007ffdc5de0000 - 0x00007ffdc5e16000 	C:\WINDOWS\SYSTEM32\WINMM.dll
0x00007ffdc5e20000 - 0x00007ffdc5e2b000 	C:\WINDOWS\SYSTEM32\VERSION.dll
0x00007ffdcb950000 - 0x00007ffdcb964000 	C:\WINDOWS\SYSTEM32\UMPDC.dll
0x00007ffdca910000 - 0x00007ffdca92a000 	C:\WINDOWS\SYSTEM32\kernel.appcore.dll
0x00007ffd985e0000 - 0x00007ffd985ea000 	c:\Users\palak\.vscode\extensions\redhat.java-1.40.0-win32-x64\jre\21.0.6-win32-x86_64\bin\jimage.dll
0x00007ffdbb180000 - 0x00007ffdbb3c1000 	C:\WINDOWS\SYSTEM32\DBGHELP.DLL
0x00007ffdce290000 - 0x00007ffdce60e000 	C:\WINDOWS\System32\combase.dll
0x00007ffdcd190000 - 0x00007ffdcd266000 	C:\WINDOWS\System32\OLEAUT32.dll
0x00007ffdaa750000 - 0x00007ffdaa789000 	C:\WINDOWS\SYSTEM32\dbgcore.DLL
0x00007ffdcbe40000 - 0x00007ffdcbed9000 	C:\WINDOWS\System32\bcryptPrimitives.dll
0x00007ffd97cd0000 - 0x00007ffd97cdf000 	c:\Users\palak\.vscode\extensions\redhat.java-1.40.0-win32-x64\jre\21.0.6-win32-x86_64\bin\instrument.dll
0x00007ffd8a740000 - 0x00007ffd8a75f000 	c:\Users\palak\.vscode\extensions\redhat.java-1.40.0-win32-x64\jre\21.0.6-win32-x86_64\bin\java.dll
0x00007ffdcca80000 - 0x00007ffdcd184000 	C:\WINDOWS\System32\SHELL32.dll
0x00007ffdc97e0000 - 0x00007ffdca017000 	C:\WINDOWS\SYSTEM32\windows.storage.dll
0x00007ffdcc940000 - 0x00007ffdcca29000 	C:\WINDOWS\System32\SHCORE.dll
0x00007ffdcde90000 - 0x00007ffdcdeed000 	C:\WINDOWS\System32\shlwapi.dll
0x00007ffdcb9f0000 - 0x00007ffdcba1e000 	C:\WINDOWS\SYSTEM32\profapi.dll
0x00007ffd89f30000 - 0x00007ffd89f48000 	c:\Users\palak\.vscode\extensions\redhat.java-1.40.0-win32-x64\jre\21.0.6-win32-x86_64\bin\zip.dll
0x00007ffd91ac0000 - 0x00007ffd91ad0000 	C:\Users\palak\.vscode\extensions\redhat.java-1.40.0-win32-x64\jre\21.0.6-win32-x86_64\bin\net.dll
0x00007ffdc2ca0000 - 0x00007ffdc2dbe000 	C:\WINDOWS\SYSTEM32\WINHTTP.dll
0x00007ffdcae20000 - 0x00007ffdcae8a000 	C:\WINDOWS\system32\mswsock.dll
0x00007ffd89140000 - 0x00007ffd89156000 	C:\Users\palak\.vscode\extensions\redhat.java-1.40.0-win32-x64\jre\21.0.6-win32-x86_64\bin\nio.dll
0x00007ffd90ef0000 - 0x00007ffd90f00000 	c:\Users\palak\.vscode\extensions\redhat.java-1.40.0-win32-x64\jre\21.0.6-win32-x86_64\bin\verify.dll

dbghelp: loaded successfully - version: 4.0.5 - missing functions: none
symbol engine: initialized successfully - sym options: 0x614 - pdb path: .;c:\Users\palak\.vscode\extensions\redhat.java-1.40.0-win32-x64\jre\21.0.6-win32-x86_64\bin;C:\WINDOWS\SYSTEM32;C:\WINDOWS\WinSxS\amd64_microsoft.windows.common-controls_6595b64144ccf1df_6.0.26100.3037_none_3e09262ce333c378;c:\Users\palak\.vscode\extensions\redhat.java-1.40.0-win32-x64\jre\21.0.6-win32-x86_64\bin\server

VM Arguments:
jvm_args: --add-modules=ALL-SYSTEM --add-opens=java.base/java.util=ALL-UNNAMED --add-opens=java.base/java.lang=ALL-UNNAMED --add-opens=java.base/sun.nio.fs=ALL-UNNAMED -Declipse.application=org.eclipse.jdt.ls.core.id1 -Dosgi.bundles.defaultStartLevel=4 -Declipse.product=org.eclipse.jdt.ls.core.product -Djava.import.generatesMetadataFilesAtProjectRoot=false -DDetectVMInstallationsJob.disabled=true -Dfile.encoding=utf8 -XX:+UseParallelGC -XX:GCTimeRatio=4 -XX:AdaptiveSizePolicyWeight=90 -Dsun.zip.disableMemoryMapping=true -Xmx1G -Xms100m -Xlog:disable -javaagent:c:\Users\palak\.vscode\extensions\redhat.java-1.40.0-win32-x64\lombok\lombok-1.18.36.jar 
java_command: c:\Users\palak\.vscode\extensions\redhat.java-1.40.0-win32-x64\server\plugins\org.eclipse.equinox.launcher_1.6.1000.v20250131-0606.jar -configuration c:\Users\palak\AppData\Roaming\Code\User\globalStorage\redhat.java\1.40.0\config_ss_win -data c:\Users\palak\AppData\Roaming\Code\User\workspaceStorage\ee148990e97456275c543846b0f27411\redhat.java\ss_ws --pipe=\\.\pipe\lsp-7e829a3de3574fcf1b2bc23dd62e61e4-sock
java_class_path (initial): c:\Users\palak\.vscode\extensions\redhat.java-1.40.0-win32-x64\server\plugins\org.eclipse.equinox.launcher_1.6.1000.v20250131-0606.jar
Launcher Type: SUN_STANDARD

[Global flags]
    uintx AdaptiveSizePolicyWeight                 = 90                                        {product} {command line}
     intx CICompilerCount                          = 3                                         {product} {ergonomic}
    uintx GCTimeRatio                              = 4                                         {product} {command line}
   size_t InitialHeapSize                          = 104857600                                 {product} {command line}
   size_t MaxHeapSize                              = 1073741824                                {product} {command line}
   size_t MaxNewSize                               = 357564416                                 {product} {ergonomic}
   size_t MinHeapDeltaBytes                        = 524288                                    {product} {ergonomic}
   size_t MinHeapSize                              = 104857600                                 {product} {command line}
   size_t NewSize                                  = 34603008                                  {product} {ergonomic}
    uintx NonNMethodCodeHeapSize                   = 5832780                                {pd product} {ergonomic}
    uintx NonProfiledCodeHeapSize                  = 122912730                              {pd product} {ergonomic}
   size_t OldSize                                  = 70254592                                  {product} {ergonomic}
    uintx ProfiledCodeHeapSize                     = 122912730                              {pd product} {ergonomic}
    uintx ReservedCodeCacheSize                    = 251658240                              {pd product} {ergonomic}
     bool SegmentedCodeCache                       = true                                      {product} {ergonomic}
   size_t SoftMaxHeapSize                          = 1073741824                             {manageable} {ergonomic}
     bool UseCompressedOops                        = true                           {product lp64_product} {ergonomic}
     bool UseLargePagesIndividualAllocation        = false                                  {pd product} {ergonomic}
     bool UseParallelGC                            = true                                      {product} {command line}

Logging:
Log output configuration:
 #0: stdout all=off uptime,level,tags foldmultilines=false
 #1: stderr all=off uptime,level,tags foldmultilines=false

Environment Variables:
JAVA_HOME=C:\Users\palak\Downloads\java-21-openjdk-21.0.1.0.12-3.win.jdk.x86_64\java-21-openjdk-21.0.1.0.12-3.win.jdk.x86_64
PATH=C:\Program Files (x86)\Common Files\Oracle\Java\java8path;C:\Program Files (x86)\Common Files\Oracle\Java\javapath;C:\WINDOWS\system32;C:\WINDOWS;C:\WINDOWS\System32\Wbem;C:\WINDOWS\System32\WindowsPowerShell\v1.0\;C:\WINDOWS\System32\OpenSSH\;C:\Users\palak\Downloads\java-21-openjdk-21.0.1.0.12-3.win.jdk.x86_64\java-21-openjdk-21.0.1.0.12-3.win.jdk.x86_64\bin;C:\Users\palak\Downloads\apache-maven-3.9.8-bin\bin;c:\users\palak\appdata\local\packages\pythonsoftwarefoundation.python.3.11_qbz5n2kfra8p0\localcache\local-packages\python311\site-packages;C:\ProgramData\chocolatey\bin;C:\Program Files\nodejs\;C:\Users\palak\AppData\Local\Programs\Python\Python312\Scripts;C:\Program Files\Git\cmd;C:\Users\palak\Downloads\flutter_windows_3.27.3-stable\flutter\bin;C:\Users\palak\AppData\Local\Android\Sdk\cmdline-tools\latest\bin;C:\Users\palak\AppData\Local\Android\Sdk\platform-tools;C:\ffmpeg;C:\Program Files\MongoDB\Server\8.0\bin;C:\Users\palak\AppData\Local\Programs\Python\Python313\Scripts\;C:\Users\palak\AppData\Local\Programs\Python\Python313\;C:\Users\palak\AppData\Local\Programs\Python\Python312\Scripts\;C:\Users\palak\AppData\Local\Programs\Python\Python312\;C:\Users\palak\AppData\Local\Programs\Python\Launcher\;C:\Program Files\MySQL\MySQL Shell 8.0\bin\;C:\Users\palak\AppData\Local\Microsoft\WindowsApps;C:\Users\palak\AppData\Local\Programs\Microsoft VS Code\bin;C:\Program Files\JetBrains\IntelliJ IDEA Community Edition 2023.3.3\bin;C:\Users\palak\AppData\Local\JetBrains\CLion 2023.3.4\bin;C:\Program Files\JetBrains\PyCharm 2024.1.2\bin;C:\Program Files\JetBrains\PyCharm Community Edition 2024.1.4\bin;C:\Users\palak\AppData\Local\JetBrains\Toolbox\scripts;C:\Users\palak\AppData\Roaming\npm;C:\Users\palak\AppData\Local\GitHubDesktop\bin;C:\Users\palak\AppData\Local\Microsoft\WindowsApps;
USERNAME=palak
OS=Windows_NT
PROCESSOR_IDENTIFIER=AMD64 Family 23 Model 24 Stepping 1, AuthenticAMD
TMP=C:\Users\palak\AppData\Local\Temp
TEMP=C:\Users\palak\AppData\Local\Temp




Periodic native trim disabled

---------------  S Y S T E M  ---------------

OS:
 Windows 11 , 64 bit Build 26100 (10.0.26100.3037)
OS uptime: 0 days 0:57 hours

CPU: total 4 (initial active 4) (4 cores per cpu, 2 threads per core) family 23 model 24 stepping 1 microcode 0x8108109, cx8, cmov, fxsr, ht, mmx, 3dnowpref, sse, sse2, sse3, ssse3, sse4a, sse4.1, sse4.2, popcnt, lzcnt, tsc, tscinvbit, avx, avx2, aes, clmul, bmi1, bmi2, adx, sha, fma, vzeroupper, clflush, clflushopt, rdtscp, f16c
Processor Information for the first 4 processors :
  Max Mhz: 2600, Current Mhz: 2600, Mhz Limit: 2600

Memory: 4k page, system-wide physical 6086M (478M free)
TotalPageFile size 14278M (AvailPageFile size 1M)
current process WorkingSet (physical memory assigned to process): 86M, peak: 86M
current process commit charge ("private bytes"): 190M, peak: 190M

vm_info: OpenJDK 64-Bit Server VM (21.0.6+7-LTS) for windows-amd64 JRE (21.0.6+7-LTS), built on 2025-01-21T00:00:00Z by "admin" with MS VC++ 17.7 (VS2022)

END.
