#
# There is insufficient memory for the Java Runtime Environment to continue.
# Native memory allocation (mmap) failed to map 65536 bytes. Error detail: Failed to commit metaspace.
# Possible reasons:
#   The system is out of physical RAM or swap space
#   This process is running with CompressedOops enabled, and the Java Heap may be blocking the growth of the native heap
# Possible solutions:
#   Reduce memory load on the system
#   Increase physical memory or swap space
#   Check if swap backing store is full
#   Decrease Java heap size (-Xmx/-Xms)
#   Decrease number of Java threads
#   Decrease Java thread stack sizes (-Xss)
#   Set larger code cache with -XX:ReservedCodeCacheSize=
#   JVM is running with Unscaled Compressed Oops mode in which the Java heap is
#     placed in the first 4GB address space. The Java Heap base address is the
#     maximum limit for the native heap growth. Please use -XX:HeapBaseMinAddress
#     to set the Java Heap base and to place the Java Heap above 4GB virtual address.
# This output file may be truncated or incomplete.
#
#  Out of Memory Error (virtualSpaceNode.cpp:113), pid=19056, tid=6068
#
# JRE version: OpenJDK Runtime Environment Temurin-21.0.5+11 (21.0.5+11) (build 21.0.5+11-LTS)
# Java VM: OpenJDK 64-Bit Server VM Temurin-21.0.5+11 (21.0.5+11-LTS, mixed mode, sharing, tiered, compressed oops, compressed class ptrs, parallel gc, windows-amd64)
# No core dump will be written. Minidumps are not enabled by default on client versions of Windows
#

---------------  S U M M A R Y ------------

Command Line: --add-modules=ALL-SYSTEM --add-opens=java.base/java.util=ALL-UNNAMED --add-opens=java.base/java.lang=ALL-UNNAMED --add-opens=java.base/sun.nio.fs=ALL-UNNAMED -Declipse.application=org.eclipse.jdt.ls.core.id1 -Dosgi.bundles.defaultStartLevel=4 -Declipse.product=org.eclipse.jdt.ls.core.product -Djava.import.generatesMetadataFilesAtProjectRoot=false -DDetectVMInstallationsJob.disabled=true -Dfile.encoding=utf8 -XX:+UseParallelGC -XX:GCTimeRatio=4 -XX:AdaptiveSizePolicyWeight=90 -Dsun.zip.disableMemoryMapping=true -Xmx1G -Xms100m -Xlog:disable -javaagent:c:\Users\palak\.vscode\extensions\redhat.java-1.39.0-win32-x64\lombok\lombok-1.18.34.jar c:\Users\palak\.vscode\extensions\redhat.java-1.39.0-win32-x64\server\plugins\org.eclipse.equinox.launcher_1.6.900.v20240613-2009.jar -configuration c:\Users\palak\AppData\Roaming\Code\User\globalStorage\redhat.java\1.39.0\config_ss_win -data c:\Users\palak\AppData\Roaming\Code\User\workspaceStorage\ee148990e97456275c543846b0f27411\redhat.java\ss_ws --pipe=\\.\pipe\lsp-5f3cb45c85bd1e9cb84267f724e809cc-sock

Host: AMD Ryzen 3 3250U with Radeon Graphics         , 4 cores, 5G,  Windows 11 , 64 bit Build 26100 (10.0.26100.3037)
Time: Wed Feb 19 18:32:10 2025 India Standard Time elapsed time: 3.060754 seconds (0d 0h 0m 3s)

---------------  T H R E A D  ---------------

Current thread (0x000001f34b72fde0):  JavaThread "main"             [_thread_in_vm, id=6068, stack(0x000000965df00000,0x000000965e000000) (1024K)]

Stack: [0x000000965df00000,0x000000965e000000]
Native frames: (J=compiled Java code, j=interpreted, Vv=VM code, C=native code)
V  [jvm.dll+0x6cd4e9]
V  [jvm.dll+0x8a7941]
V  [jvm.dll+0x8a9e6e]
V  [jvm.dll+0x8aa543]
V  [jvm.dll+0x27f6d6]
V  [jvm.dll+0x8a368e]
V  [jvm.dll+0x6701c5]
V  [jvm.dll+0x67022a]
V  [jvm.dll+0x672a12]
V  [jvm.dll+0x6728e2]
V  [jvm.dll+0x670b9e]
V  [jvm.dll+0x67ae47]
V  [jvm.dll+0x2155fd]
V  [jvm.dll+0x215b7a]
V  [jvm.dll+0x2165a5]
V  [jvm.dll+0x20bb6e]
V  [jvm.dll+0x5ae1dc]
V  [jvm.dll+0x21d22a]
V  [jvm.dll+0x82030c]
V  [jvm.dll+0x821334]
V  [jvm.dll+0x821902]
V  [jvm.dll+0x821588]
V  [jvm.dll+0x26cd4b]
V  [jvm.dll+0x3d461e]
C  0x000001f356039274

The last pc belongs to new (printed below).
Java frames: (J=compiled Java code, j=interpreted, Vv=VM code)
j  sun.security.provider.X509Factory.cachedGetX509Cert([B)Lsun/security/x509/X509CertImpl;+17 java.base@21.0.5
j  sun.security.provider.X509Factory.engineGenerateCertificate(Ljava/io/InputStream;)Ljava/security/cert/Certificate;+33 java.base@21.0.5
j  java.security.cert.CertificateFactory.generateCertificate(Ljava/io/InputStream;)Ljava/security/cert/Certificate;+5 java.base@21.0.5
j  sun.security.pkcs.PKCS7.parseSignedData(Lsun/security/util/DerValue;)V+279 java.base@21.0.5
j  sun.security.pkcs.PKCS7.parse(Lsun/security/util/DerInputStream;Z)V+51 java.base@21.0.5
j  sun.security.pkcs.PKCS7.parse(Lsun/security/util/DerInputStream;)V+11 java.base@21.0.5
j  sun.security.pkcs.PKCS7.<init>([B)V+50 java.base@21.0.5
j  sun.security.util.SignatureFileVerifier.<init>(Ljava/util/ArrayList;Lsun/security/util/ManifestDigester;Ljava/lang/String;[B)V+35 java.base@21.0.5
j  java.util.jar.JarVerifier.processEntry(Lsun/security/util/ManifestEntryVerifier;)V+319 java.base@21.0.5
j  java.util.jar.JarVerifier.update(I[BIILsun/security/util/ManifestEntryVerifier;)V+39 java.base@21.0.5
j  java.util.jar.JarFile.initializeVerifier()V+164 java.base@21.0.5
j  java.util.jar.JarFile.ensureInitialization()V+36 java.base@21.0.5
j  java.util.jar.JavaUtilJarAccessImpl.ensureInitialization(Ljava/util/jar/JarFile;)V+1 java.base@21.0.5
j  jdk.internal.loader.URLClassPath$JarLoader$2.getManifest()Ljava/util/jar/Manifest;+10 java.base@21.0.5
j  jdk.internal.loader.BuiltinClassLoader.defineClass(Ljava/lang/String;Ljdk/internal/loader/Resource;)Ljava/lang/Class;+29 java.base@21.0.5
j  jdk.internal.loader.BuiltinClassLoader.findClassOnClassPathOrNull(Ljava/lang/String;)Ljava/lang/Class;+37 java.base@21.0.5
j  jdk.internal.loader.BuiltinClassLoader.loadClassOrNull(Ljava/lang/String;Z)Ljava/lang/Class;+111 java.base@21.0.5
j  jdk.internal.loader.BuiltinClassLoader.loadClass(Ljava/lang/String;Z)Ljava/lang/Class;+3 java.base@21.0.5
j  jdk.internal.loader.ClassLoaders$AppClassLoader.loadClass(Ljava/lang/String;Z)Ljava/lang/Class;+36 java.base@21.0.5
j  java.lang.ClassLoader.loadClass(Ljava/lang/String;)Ljava/lang/Class;+3 java.base@21.0.5
v  ~StubRoutines::call_stub 0x000001f35602100d
j  java.lang.Class.forName0(Ljava/lang/String;ZLjava/lang/ClassLoader;Ljava/lang/Class;)Ljava/lang/Class;+0 java.base@21.0.5
j  java.lang.Class.forName(Ljava/lang/String;ZLjava/lang/ClassLoader;Ljava/lang/Class;)Ljava/lang/Class;+37 java.base@21.0.5
j  java.lang.Class.forName(Ljava/lang/String;ZLjava/lang/ClassLoader;)Ljava/lang/Class;+20 java.base@21.0.5
j  sun.launcher.LauncherHelper.loadMainClass(ILjava/lang/String;)Ljava/lang/Class;+95 java.base@21.0.5
j  sun.launcher.LauncherHelper.checkAndLoadMain(ZILjava/lang/String;)Ljava/lang/Class;+42 java.base@21.0.5
v  ~StubRoutines::call_stub 0x000001f35602100d
new  187 new  [0x000001f3560390e0, 0x000001f3560392e8]  520 bytes
[MachCode]
  0x000001f3560390e0: 4883 ec08 | c5fa 1104 | 24eb 1f48 | 83ec 10c5 | fb11 0424 | eb14 4883 | ec10 4889 | 0424 48c7 
  0x000001f356039100: 4424 0800 | 0000 00eb | 0150 410f | b755 010f | cac1 ea10 | 488b 4de8 | 488b 4908 | 488b 4908 
  0x000001f356039120: 488b 4108 | 807c 1004 | 070f 85d3 | 0000 0066 | 8b54 d148 | 488b 4928 | 488b 4cd1 | 0851 80b9 
  0x000001f356039140: 2101 0000 | 040f 85b6 | 0000 008b | 5108 f6c2 | 010f 85aa | 0000 0049 | 8b87 b801 | 0000 488d 
  0x000001f356039160: 1c10 493b | 9fc8 0100 | 000f 8792 | 0000 0049 | 899f b801 | 0000 4883 | ea10 0f84 | 0f00 0000 
  0x000001f356039180: 33c9 c1ea | 0348 894c | d008 48ff | ca75 f648 | c700 0100 | 0000 5933 | f689 700c | 49ba 0000 
  0x000001f3560391a0: 0000 f301 | 0000 492b | ca89 4808 | 49ba 364b | 0b4c fb7f | 0000 4180 | 3a00 0f84 | 3c00 0000 
  0x000001f3560391c0: 5048 8bc8 | 4883 ec20 | 40f6 c40f | 0f84 1900 | 0000 4883 | ec08 48b8 | 9041 b54b | fb7f 0000 
  0x000001f3560391e0: ffd0 4883 | c408 e90c | 0000 0048 | b890 41b5 | 4bfb 7f00 | 00ff d048 | 83c4 2058 | e9cb 0000 
  0x000001f356039200: 0059 488b | 55e8 488b | 5208 488b | 5208 450f | b745 0141 | 0fc8 41c1 | e810 e805 | 0000 00e9 
  0x000001f356039220: a800 0000 | 488d 4424 | 084c 896d | c049 8bcf | c5f8 7749 | 89af a803 | 0000 4989 | 8798 0300 
  0x000001f356039240: 0048 83ec | 2040 f6c4 | 0f0f 8419 | 0000 0048 | 83ec 0848 | b8d0 457f | 4bfb 7f00 | 00ff d048 
  0x000001f356039260: 83c4 08e9 | 0c00 0000 | 48b8 d045 | 7f4b fb7f | 0000 ffd0 | 4883 c420 | 49c7 8798 | 0300 0000 
  0x000001f356039280: 0000 0049 | c787 a803 | 0000 0000 | 0000 49c7 | 87a0 0300 | 0000 0000 | 00c5 f877 | 4983 7f08 
  0x000001f3560392a0: 000f 8405 | 0000 00e9 | 547c feff | 498b 87f0 | 0300 0049 | c787 f003 | 0000 0000 | 0000 4c8b 
  0x000001f3560392c0: 6dc0 4c8b | 75c8 4e8d | 74f5 00c3 | 410f b65d | 0349 83c5 | 0349 ba30 | 110e 4cfb | 7f00 0041 
  0x000001f3560392e0: ff24 da0f | 1f44 0000 
[/MachCode]

---------------  P R O C E S S  ---------------

Threads class SMR info:
_java_thread_list=0x000001f36149a290, length=11, elements={
0x000001f34b72fde0, 0x000001f36037bb80, 0x000001f36037f290, 0x000001f360381a50,
0x000001f3603826a0, 0x000001f36038b320, 0x000001f36038dd80, 0x000001f360390240,
0x000001f360401d30, 0x000001f34b7a0400, 0x000001f3614a2070
}

Java Threads: ( => current thread )
=>0x000001f34b72fde0 JavaThread "main"                              [_thread_in_vm, id=6068, stack(0x000000965df00000,0x000000965e000000) (1024K)]
  0x000001f36037bb80 JavaThread "Reference Handler"          daemon [_thread_blocked, id=15772, stack(0x000000965e300000,0x000000965e400000) (1024K)]
  0x000001f36037f290 JavaThread "Finalizer"                  daemon [_thread_blocked, id=4992, stack(0x000000965e400000,0x000000965e500000) (1024K)]
  0x000001f360381a50 JavaThread "Signal Dispatcher"          daemon [_thread_blocked, id=2864, stack(0x000000965e500000,0x000000965e600000) (1024K)]
  0x000001f3603826a0 JavaThread "Attach Listener"            daemon [_thread_blocked, id=11276, stack(0x000000965e600000,0x000000965e700000) (1024K)]
  0x000001f36038b320 JavaThread "Service Thread"             daemon [_thread_blocked, id=3844, stack(0x000000965e700000,0x000000965e800000) (1024K)]
  0x000001f36038dd80 JavaThread "Monitor Deflation Thread"   daemon [_thread_blocked, id=18072, stack(0x000000965e800000,0x000000965e900000) (1024K)]
  0x000001f360390240 JavaThread "C2 CompilerThread0"         daemon [_thread_blocked, id=17916, stack(0x000000965e900000,0x000000965ea00000) (1024K)]
  0x000001f360401d30 JavaThread "C1 CompilerThread0"         daemon [_thread_blocked, id=13032, stack(0x000000965ea00000,0x000000965eb00000) (1024K)]
  0x000001f34b7a0400 JavaThread "Common-Cleaner"             daemon [_thread_blocked, id=16888, stack(0x000000965eb00000,0x000000965ec00000) (1024K)]
  0x000001f3614a2070 JavaThread "Notification Thread"        daemon [_thread_blocked, id=16248, stack(0x000000965ec00000,0x000000965ed00000) (1024K)]
Total: 11

Other Threads:
  0x000001f34b7ee070 VMThread "VM Thread"                           [id=15328, stack(0x000000965e200000,0x000000965e300000) (1024K)] _threads_hazard_ptr=0x000001f36149a290
  0x000001f36031ca00 WatcherThread "VM Periodic Task Thread"        [id=13836, stack(0x000000965e100000,0x000000965e200000) (1024K)]
  0x000001f34b74e540 WorkerThread "GC Thread#0"                     [id=3556, stack(0x000000965e000000,0x000000965e100000) (1024K)]
Total: 3

Threads with active compile tasks:
Total: 0

VM state: synchronizing (normal execution)

VM Mutex/Monitor currently owned by a thread:  ([mutex/lock_event])
[0x00007ffb4c0cb300] Metaspace_lock - owner thread: 0x000001f34b72fde0
[0x00007ffb4c0cd380] Threads_lock - owner thread: 0x000001f34b7ee070

Heap address: 0x00000000c0000000, size: 1024 MB, Compressed Oops mode: 32-bit

CDS archive(s) mapped at: [0x000001f300000000-0x000001f300ba0000-0x000001f300ba0000), size 12189696, SharedBaseAddress: 0x000001f300000000, ArchiveRelocationMode: 1.
Compressed class space mapped at: 0x000001f301000000-0x000001f341000000, reserved size: 1073741824
Narrow klass base: 0x000001f300000000, Narrow klass shift: 0, Narrow klass range: 0x100000000

GC Precious Log:
 CardTable entry size: 512
 CPUs: 4 total, 4 available
 Memory: 6086M
 Large Page Support: Disabled
 NUMA Support: Disabled
 Compressed Oops: Enabled (32-bit)
 Alignments: Space 512K, Generation 512K, Heap 2M
 Heap Min Capacity: 100M
 Heap Initial Capacity: 100M
 Heap Max Capacity: 1G
 Pre-touch: Disabled
 Parallel Workers: 4

Heap:
 PSYoungGen      total 29696K, used 10904K [0x00000000eab00000, 0x00000000ecc00000, 0x0000000100000000)
  eden space 25600K, 42% used [0x00000000eab00000,0x00000000eb5a62d8,0x00000000ec400000)
  from space 4096K, 0% used [0x00000000ec800000,0x00000000ec800000,0x00000000ecc00000)
  to   space 4096K, 0% used [0x00000000ec400000,0x00000000ec400000,0x00000000ec800000)
 ParOldGen       total 68608K, used 0K [0x00000000c0000000, 0x00000000c4300000, 0x00000000eab00000)
  object space 68608K, 0% used [0x00000000c0000000,0x00000000c0000000,0x00000000c4300000)
 Metaspace       used 1607K, committed 1792K, reserved 1114112K
  class space    used 152K, committed 256K, reserved 1048576K

Card table byte_map: [0x000001f35dcd0000,0x000001f35dee0000] _byte_map_base: 0x000001f35d6d0000

Marking Bits: (ParMarkBitMap*) 0x00007ffb4c0d2250
 Begin Bits: [0x000001f35e040000, 0x000001f35f040000)
 End Bits:   [0x000001f35f040000, 0x000001f360040000)

Polling page: 0x000001f34b7f0000

Metaspace:

Usage:
  Non-class:      1.42 MB used.
      Class:    152.26 KB used.
       Both:      1.57 MB used.

Virtual space:
  Non-class space:       64.00 MB reserved,       1.50 MB (  2%) committed,  1 nodes.
      Class space:        1.00 GB reserved,     256.00 KB ( <1%) committed,  1 nodes.
             Both:        1.06 GB reserved,       1.75 MB ( <1%) committed. 

Chunk freelists:
   Non-Class:  11.65 MB
       Class:  15.67 MB
        Both:  27.33 MB

MaxMetaspaceSize: unlimited
CompressedClassSpaceSize: 1.00 GB
Initial GC threshold: 21.00 MB
Current GC threshold: 21.00 MB
CDS: on
 - commit_granule_bytes: 65536.
 - commit_granule_words: 8192.
 - virtual_space_node_default_size: 8388608.
 - enlarge_chunks_in_place: 1.
 - use_allocation_guard: 0.


Internal statistics:

num_allocs_failed_limit: 0.
num_arena_births: 76.
num_arena_deaths: 0.
num_vsnodes_births: 2.
num_vsnodes_deaths: 0.
num_space_committed: 28.
num_space_uncommitted: 0.
num_chunks_returned_to_freelist: 0.
num_chunks_taken_from_freelist: 98.
num_chunk_merges: 0.
num_chunk_splits: 68.
num_chunks_enlarged: 44.
num_inconsistent_stats: 0.

CodeHeap 'non-profiled nmethods': size=120000Kb used=213Kb max_used=213Kb free=119786Kb
 bounds [0x000001f3565c0000, 0x000001f356830000, 0x000001f35daf0000]
CodeHeap 'profiled nmethods': size=120000Kb used=880Kb max_used=880Kb free=119119Kb
 bounds [0x000001f34eaf0000, 0x000001f34ed60000, 0x000001f356020000]
CodeHeap 'non-nmethods': size=5760Kb used=1157Kb max_used=1172Kb free=4602Kb
 bounds [0x000001f356020000, 0x000001f356290000, 0x000001f3565c0000]
 total_blobs=1011 nmethods=602 adapters=316
 compilation: enabled
              stopped_count=0, restarted_count=0
 full_count=0

Compilation events (20 events):
Event: 3.012 Thread 0x000001f360390240 nmethod 587 0x000001f3565f4110 code [0x000001f3565f42a0, 0x000001f3565f43c8]
Event: 3.014 Thread 0x000001f360390240  597       4       java.util.ArrayList$Itr::hasNext (20 bytes)
Event: 3.015 Thread 0x000001f360401d30 nmethod 592 0x000001f34ebc4710 code [0x000001f34ebc4b80, 0x000001f34ebc67d8]
Event: 3.015 Thread 0x000001f360401d30  593       3       sun.security.util.ObjectIdentifier::checkOidSize (86 bytes)
Event: 3.016 Thread 0x000001f360390240 nmethod 597 0x000001f3565f4510 code [0x000001f3565f46a0, 0x000001f3565f4758]
Event: 3.016 Thread 0x000001f360401d30 nmethod 593 0x000001f34ebc7410 code [0x000001f34ebc7720, 0x000001f34ebc83e8]
Event: 3.016 Thread 0x000001f360401d30  594       3       sun.security.util.ObjectIdentifier::pack7Oid (42 bytes)
Event: 3.016 Thread 0x000001f360401d30 nmethod 594 0x000001f34ebc8910 code [0x000001f34ebc8ac0, 0x000001f34ebc8ca8]
Event: 3.016 Thread 0x000001f360401d30  595       1       sun.instrument.TransformerManager::getSnapshotTransformerList (5 bytes)
Event: 3.016 Thread 0x000001f360401d30 nmethod 595 0x000001f3565f4810 code [0x000001f3565f49a0, 0x000001f3565f4a68]
Event: 3.016 Thread 0x000001f360401d30  596       1       sun.instrument.TransformerManager$TransformerInfo::transformer (5 bytes)
Event: 3.016 Thread 0x000001f360401d30 nmethod 596 0x000001f3565f4b10 code [0x000001f3565f4ca0, 0x000001f3565f4d68]
Event: 3.016 Thread 0x000001f360401d30  598       3       java.lang.Integer::numberOfLeadingZeros (79 bytes)
Event: 3.016 Thread 0x000001f360401d30 nmethod 598 0x000001f34ebc8d90 code [0x000001f34ebc8f40, 0x000001f34ebc91e8]
Event: 3.016 Thread 0x000001f360390240  599       4       java.util.Collections$UnmodifiableCollection$1::hasNext (10 bytes)
Event: 3.018 Thread 0x000001f360401d30  601       3       jdk.internal.org.objectweb.asm.Type::getArgumentsAndReturnSizes (140 bytes)
Event: 3.019 Thread 0x000001f360390240 nmethod 599 0x000001f3565f5110 code [0x000001f3565f52a0, 0x000001f3565f5380]
Event: 3.020 Thread 0x000001f360401d30 nmethod 601 0x000001f34ebc9290 code [0x000001f34ebc9660, 0x000001f34ebcb1c0]
Event: 3.020 Thread 0x000001f360401d30  602       3       java.lang.Byte::<init> (10 bytes)
Event: 3.021 Thread 0x000001f360401d30 nmethod 602 0x000001f34ebcbc90 code [0x000001f34ebcbe40, 0x000001f34ebcc008]

GC Heap History (0 events):
No events

Dll operation events (8 events):
Event: 0.258 Loaded shared library c:\Users\palak\.vscode\extensions\redhat.java-1.39.0-win32-x64\jre\21.0.5-win32-x86_64\bin\java.dll
Event: 1.786 Loaded shared library c:\Users\palak\.vscode\extensions\redhat.java-1.39.0-win32-x64\jre\21.0.5-win32-x86_64\bin\zip.dll
Event: 1.961 Loaded shared library C:\Users\palak\.vscode\extensions\redhat.java-1.39.0-win32-x64\jre\21.0.5-win32-x86_64\bin\instrument.dll
Event: 1.973 Loaded shared library C:\Users\palak\.vscode\extensions\redhat.java-1.39.0-win32-x64\jre\21.0.5-win32-x86_64\bin\net.dll
Event: 1.978 Loaded shared library C:\Users\palak\.vscode\extensions\redhat.java-1.39.0-win32-x64\jre\21.0.5-win32-x86_64\bin\nio.dll
Event: 1.986 Loaded shared library C:\Users\palak\.vscode\extensions\redhat.java-1.39.0-win32-x64\jre\21.0.5-win32-x86_64\bin\zip.dll
Event: 2.050 Loaded shared library C:\Users\palak\.vscode\extensions\redhat.java-1.39.0-win32-x64\jre\21.0.5-win32-x86_64\bin\jimage.dll
Event: 2.286 Loaded shared library c:\Users\palak\.vscode\extensions\redhat.java-1.39.0-win32-x64\jre\21.0.5-win32-x86_64\bin\verify.dll

Deoptimization events (20 events):
Event: 2.582 Thread 0x000001f34b72fde0 DEOPT PACKING pc=0x000001f3565cf5f4 sp=0x000000965dffea40
Event: 2.582 Thread 0x000001f34b72fde0 DEOPT UNPACKING pc=0x000001f356073aa2 sp=0x000000965dffe9a0 mode 2
Event: 2.592 Thread 0x000001f34b72fde0 DEOPT PACKING pc=0x000001f34eb27c7f sp=0x000000965dffc070
Event: 2.592 Thread 0x000001f34b72fde0 DEOPT UNPACKING pc=0x000001f356074242 sp=0x000000965dffb520 mode 0
Event: 2.600 Thread 0x000001f34b72fde0 DEOPT PACKING pc=0x000001f34eb27d58 sp=0x000000965dffa3d0
Event: 2.600 Thread 0x000001f34b72fde0 DEOPT UNPACKING pc=0x000001f356074242 sp=0x000000965dff9890 mode 0
Event: 2.601 Thread 0x000001f34b72fde0 DEOPT PACKING pc=0x000001f34eb27d58 sp=0x000000965dffa3b0
Event: 2.601 Thread 0x000001f34b72fde0 DEOPT UNPACKING pc=0x000001f356074242 sp=0x000000965dff9870 mode 0
Event: 2.603 Thread 0x000001f34b72fde0 DEOPT PACKING pc=0x000001f34eb27d58 sp=0x000000965dff9fc0
Event: 2.603 Thread 0x000001f34b72fde0 DEOPT UNPACKING pc=0x000001f356074242 sp=0x000000965dff9480 mode 0
Event: 2.607 Thread 0x000001f34b72fde0 DEOPT PACKING pc=0x000001f34eb27d58 sp=0x000000965dffaa00
Event: 2.607 Thread 0x000001f34b72fde0 DEOPT UNPACKING pc=0x000001f356074242 sp=0x000000965dff9ec0 mode 0
Event: 2.618 Thread 0x000001f34b72fde0 DEOPT PACKING pc=0x000001f34eb27d58 sp=0x000000965dffaa00
Event: 2.618 Thread 0x000001f34b72fde0 DEOPT UNPACKING pc=0x000001f356074242 sp=0x000000965dff9ec0 mode 0
Event: 2.620 Thread 0x000001f34b72fde0 DEOPT PACKING pc=0x000001f34eb27d58 sp=0x000000965dffbdd0
Event: 2.620 Thread 0x000001f34b72fde0 DEOPT UNPACKING pc=0x000001f356074242 sp=0x000000965dffb290 mode 0
Event: 2.625 Thread 0x000001f34b72fde0 DEOPT PACKING pc=0x000001f34eb27d58 sp=0x000000965dffba60
Event: 2.625 Thread 0x000001f34b72fde0 DEOPT UNPACKING pc=0x000001f356074242 sp=0x000000965dffaf20 mode 0
Event: 2.627 Thread 0x000001f34b72fde0 DEOPT PACKING pc=0x000001f34eb27d11 sp=0x000000965dffbff0
Event: 2.627 Thread 0x000001f34b72fde0 DEOPT UNPACKING pc=0x000001f356074242 sp=0x000000965dffb4b0 mode 0

Classes loaded (20 events):
Event: 3.014 Loading class jdk/internal/event/Event
Event: 3.014 Loading class jdk/internal/event/Event done
Event: 3.015 Loading class jdk/internal/event/SecurityProviderServiceEvent done
Event: 3.015 Loading class sun/security/provider/X509Factory
Event: 3.015 Loading class sun/security/provider/X509Factory done
Event: 3.015 Loading class sun/security/util/Cache
Event: 3.016 Loading class sun/security/util/Cache done
Event: 3.016 Loading class sun/security/util/MemoryCache
Event: 3.016 Loading class sun/security/util/MemoryCache done
Event: 3.016 Loading class sun/security/jca/GetInstance$Instance
Event: 3.017 Loading class sun/security/jca/GetInstance$Instance done
Event: 3.018 Loading class java/lang/Byte$ByteCache
Event: 3.018 Loading class java/lang/Byte$ByteCache done
Event: 3.019 Loading class java/security/cert/X509Certificate
Event: 3.019 Loading class java/security/cert/X509Extension
Event: 3.019 Loading class java/security/cert/X509Extension done
Event: 3.020 Loading class java/security/cert/X509Certificate done
Event: 3.020 Loading class sun/security/util/Cache$EqualByteArray
Event: 3.020 Loading class sun/security/util/Cache$EqualByteArray done
Event: 3.020 Loading class sun/security/x509/X509CertImpl

Classes unloaded (0 events):
No events

Classes redefined (0 events):
No events

Internal exceptions (11 events):
Event: 1.774 Thread 0x000001f34b72fde0 Exception <a 'java/lang/NoSuchMethodError'{0x00000000ead2bdc8}: 'void java.lang.invoke.DirectMethodHandle$Holder.invokeStatic(java.lang.Object, java.lang.Object, java.lang.Object)'> (0x00000000ead2bdc8) 
thrown [s\src\hotspot\share\interpreter\linkResolver.cpp, line 773]
Event: 2.038 Thread 0x000001f34b72fde0 Exception <a 'java/lang/NoSuchMethodError'{0x00000000eae99848}: 'java.lang.Object java.lang.invoke.Invokers$Holder.invokeExact_MT(java.lang.Object, java.lang.Object, java.lang.Object, java.lang.Object, java.lang.Object)'> (0x00000000eae99848) 
thrown [s\src\hotspot\share\interpreter\linkResolver.cpp, line 773]
Event: 2.166 Thread 0x000001f34b72fde0 Exception <a 'java/lang/NoSuchMethodError'{0x00000000eaf51f38}: 'int java.lang.invoke.DirectMethodHandle$Holder.invokeSpecial(java.lang.Object, java.lang.Object, java.lang.Object, int)'> (0x00000000eaf51f38) 
thrown [s\src\hotspot\share\interpreter\linkResolver.cpp, line 773]
Event: 2.177 Thread 0x000001f34b72fde0 Exception <a 'java/lang/NoSuchMethodError'{0x00000000eaf64920}: 'java.lang.Object java.lang.invoke.DirectMethodHandle$Holder.invokeStatic(java.lang.Object, java.lang.Object, java.lang.Object, java.lang.Object, int)'> (0x00000000eaf64920) 
thrown [s\src\hotspot\share\interpreter\linkResolver.cpp, line 773]
Event: 2.181 Thread 0x000001f34b72fde0 Exception <a 'java/lang/NoSuchMethodError'{0x00000000eaf6fd60}: 'void java.lang.invoke.DelegatingMethodHandle$Holder.reinvoke_L(java.lang.Object, java.lang.Object, java.lang.Object, int, java.lang.Object)'> (0x00000000eaf6fd60) 
thrown [s\src\hotspot\share\interpreter\linkResolver.cpp, line 773]
Event: 2.209 Thread 0x000001f34b72fde0 Exception <a 'java/lang/NoSuchMethodError'{0x00000000eaf80958}: 'int java.lang.invoke.DirectMethodHandle$Holder.invokeSpecial(java.lang.Object, java.lang.Object, java.lang.Object)'> (0x00000000eaf80958) 
thrown [s\src\hotspot\share\interpreter\linkResolver.cpp, line 773]
Event: 2.212 Thread 0x000001f34b72fde0 Exception <a 'java/lang/NoSuchMethodError'{0x00000000eaf8c618}: 'java.lang.Object java.lang.invoke.DirectMethodHandle$Holder.invokeStatic(java.lang.Object, java.lang.Object, int)'> (0x00000000eaf8c618) 
thrown [s\src\hotspot\share\interpreter\linkResolver.cpp, line 773]
Event: 2.214 Thread 0x000001f34b72fde0 Exception <a 'java/lang/NoSuchMethodError'{0x00000000eaf90f68}: 'void java.lang.invoke.DirectMethodHandle$Holder.invokeStatic(java.lang.Object, java.lang.Object, int, java.lang.Object)'> (0x00000000eaf90f68) 
thrown [s\src\hotspot\share\interpreter\linkResolver.cpp, line 773]
Event: 2.214 Thread 0x000001f34b72fde0 Exception <a 'java/lang/NoSuchMethodError'{0x00000000eaf94af8}: 'void java.lang.invoke.DirectMethodHandle$Holder.invokeSpecial(java.lang.Object, java.lang.Object, java.lang.Object, int, java.lang.Object)'> (0x00000000eaf94af8) 
thrown [s\src\hotspot\share\interpreter\linkResolver.cpp, line 773]
Event: 2.215 Thread 0x000001f34b72fde0 Exception <a 'java/lang/NoSuchMethodError'{0x00000000eaf97f68}: 'void java.lang.invoke.DelegatingMethodHandle$Holder.delegate(java.lang.Object, java.lang.Object, int, java.lang.Object)'> (0x00000000eaf97f68) 
thrown [s\src\hotspot\share\interpreter\linkResolver.cpp, line 773]
Event: 2.357 Thread 0x000001f34b72fde0 Exception <a 'java/lang/NoSuchMethodError'{0x00000000eb154b40}: 'void java.lang.invoke.DelegatingMethodHandle$Holder.reinvoke_L(java.lang.Object, java.lang.Object, java.lang.Object, int)'> (0x00000000eb154b40) 
thrown [s\src\hotspot\share\interpreter\linkResolver.cpp, line 773]

ZGC Phase Switch (0 events):
No events

VM Operations (6 events):
Event: 1.781 Executing VM operation: HandshakeAllThreads (Deoptimize)
Event: 1.781 Executing VM operation: HandshakeAllThreads (Deoptimize) done
Event: 2.098 Executing VM operation: HandshakeAllThreads (Deoptimize)
Event: 2.098 Executing VM operation: HandshakeAllThreads (Deoptimize) done
Event: 2.098 Executing VM operation: Cleanup
Event: 2.098 Executing VM operation: Cleanup done

Memory protections (0 events):
No events

Nmethod flushes (0 events):
No events

Events (13 events):
Event: 0.583 Thread 0x000001f34b72fde0 Thread added: 0x000001f34b72fde0
Event: 0.875 Thread 0x000001f34b72fde0 Thread added: 0x000001f36037bb80
Event: 1.069 Thread 0x000001f34b72fde0 Thread added: 0x000001f36037f290
Event: 1.159 Thread 0x000001f34b72fde0 Thread added: 0x000001f360381a50
Event: 1.177 Thread 0x000001f34b72fde0 Thread added: 0x000001f3603826a0
Event: 1.198 Thread 0x000001f34b72fde0 Thread added: 0x000001f36038b320
Event: 1.211 Thread 0x000001f34b72fde0 Thread added: 0x000001f36038dd80
Event: 1.284 Thread 0x000001f34b72fde0 Thread added: 0x000001f360390240
Event: 1.329 Thread 0x000001f34b72fde0 Thread added: 0x000001f360401d30
Event: 1.486 Thread 0x000001f34b72fde0 Thread added: 0x000001f34b7a0400
Event: 2.566 Thread 0x000001f34b72fde0 Thread added: 0x000001f3614a2070
Event: 2.593 Thread 0x000001f360401d30 Thread added: 0x000001f3614fa3e0
Event: 2.733 Thread 0x000001f3614fa3e0 Thread exited: 0x000001f3614fa3e0


Dynamic libraries:
0x00007ff6f2f00000 - 0x00007ff6f2f0e000 	c:\Users\palak\.vscode\extensions\redhat.java-1.39.0-win32-x64\jre\21.0.5-win32-x86_64\bin\java.exe
0x00007ffbfa4e0000 - 0x00007ffbfa743000 	C:\WINDOWS\SYSTEM32\ntdll.dll
0x00007ffbf91e0000 - 0x00007ffbf92a7000 	C:\WINDOWS\System32\KERNEL32.DLL
0x00007ffbf7f50000 - 0x00007ffbf8317000 	C:\WINDOWS\System32\KERNELBASE.dll
0x00007ffbf7ca0000 - 0x00007ffbf7dec000 	C:\WINDOWS\System32\ucrtbase.dll
0x00007ffb87f30000 - 0x00007ffb87f48000 	c:\Users\palak\.vscode\extensions\redhat.java-1.39.0-win32-x64\jre\21.0.5-win32-x86_64\bin\jli.dll
0x00007ffbf92b0000 - 0x00007ffbf9479000 	C:\WINDOWS\System32\USER32.dll
0x00007ffbf7f20000 - 0x00007ffbf7f47000 	C:\WINDOWS\System32\win32u.dll
0x00007ffbf84b0000 - 0x00007ffbf84da000 	C:\WINDOWS\System32\GDI32.dll
0x00007ffbf7ac0000 - 0x00007ffbf7beb000 	C:\WINDOWS\System32\gdi32full.dll
0x00007ffbf7bf0000 - 0x00007ffbf7c93000 	C:\WINDOWS\System32\msvcp_win.dll
0x00007ffb87dd0000 - 0x00007ffb87dee000 	c:\Users\palak\.vscode\extensions\redhat.java-1.39.0-win32-x64\jre\21.0.5-win32-x86_64\bin\VCRUNTIME140.dll
0x00007ffbf6960000 - 0x00007ffbf6bf0000 	C:\WINDOWS\WinSxS\amd64_microsoft.windows.common-controls_6595b64144ccf1df_6.0.26100.3037_none_3e09262ce333c378\COMCTL32.dll
0x00007ffbf88c0000 - 0x00007ffbf8969000 	C:\WINDOWS\System32\msvcrt.dll
0x00007ffbf9ac0000 - 0x00007ffbf9aef000 	C:\WINDOWS\System32\IMM32.DLL
0x00007ffbe94f0000 - 0x00007ffbe94fc000 	c:\Users\palak\.vscode\extensions\redhat.java-1.39.0-win32-x64\jre\21.0.5-win32-x86_64\bin\vcruntime140_1.dll
0x00007ffb86460000 - 0x00007ffb864ed000 	c:\Users\palak\.vscode\extensions\redhat.java-1.39.0-win32-x64\jre\21.0.5-win32-x86_64\bin\msvcp140.dll
0x00007ffb4b420000 - 0x00007ffb4c1af000 	c:\Users\palak\.vscode\extensions\redhat.java-1.39.0-win32-x64\jre\21.0.5-win32-x86_64\bin\server\jvm.dll
0x00007ffbf8340000 - 0x00007ffbf83f4000 	C:\WINDOWS\System32\ADVAPI32.dll
0x00007ffbf8d20000 - 0x00007ffbf8dc6000 	C:\WINDOWS\System32\sechost.dll
0x00007ffbf9500000 - 0x00007ffbf9616000 	C:\WINDOWS\System32\RPCRT4.dll
0x00007ffbf89d0000 - 0x00007ffbf8a44000 	C:\WINDOWS\System32\WS2_32.dll
0x00007ffbf7710000 - 0x00007ffbf775e000 	C:\WINDOWS\SYSTEM32\POWRPROF.dll
0x00007ffbee750000 - 0x00007ffbee786000 	C:\WINDOWS\SYSTEM32\WINMM.dll
0x00007ffbefdc0000 - 0x00007ffbefdcb000 	C:\WINDOWS\SYSTEM32\VERSION.dll
0x00007ffbf76f0000 - 0x00007ffbf7704000 	C:\WINDOWS\SYSTEM32\UMPDC.dll
0x00007ffbf5d80000 - 0x00007ffbf5d9a000 	C:\WINDOWS\SYSTEM32\kernel.appcore.dll
0x00007ffbe18d0000 - 0x00007ffbe18da000 	c:\Users\palak\.vscode\extensions\redhat.java-1.39.0-win32-x64\jre\21.0.5-win32-x86_64\bin\jimage.dll
0x00007ffbf7040000 - 0x00007ffbf7281000 	C:\WINDOWS\SYSTEM32\DBGHELP.DLL
0x00007ffbf8dd0000 - 0x00007ffbf914e000 	C:\WINDOWS\System32\combase.dll
0x00007ffbfa240000 - 0x00007ffbfa316000 	C:\WINDOWS\System32\OLEAUT32.dll
0x00007ffbf6f00000 - 0x00007ffbf6f39000 	C:\WINDOWS\SYSTEM32\dbgcore.DLL
0x00007ffbf7df0000 - 0x00007ffbf7e89000 	C:\WINDOWS\System32\bcryptPrimitives.dll
0x00007ffbe1420000 - 0x00007ffbe142f000 	c:\Users\palak\.vscode\extensions\redhat.java-1.39.0-win32-x64\jre\21.0.5-win32-x86_64\bin\instrument.dll
0x00007ffb87d70000 - 0x00007ffb87d8f000 	c:\Users\palak\.vscode\extensions\redhat.java-1.39.0-win32-x64\jre\21.0.5-win32-x86_64\bin\java.dll
0x00007ffbf9b00000 - 0x00007ffbfa204000 	C:\WINDOWS\System32\SHELL32.dll
0x00007ffbf4b30000 - 0x00007ffbf5367000 	C:\WINDOWS\SYSTEM32\windows.storage.dll
0x00007ffbfa320000 - 0x00007ffbfa409000 	C:\WINDOWS\System32\SHCORE.dll
0x00007ffbf8860000 - 0x00007ffbf88bd000 	C:\WINDOWS\System32\shlwapi.dll
0x00007ffbf7790000 - 0x00007ffbf77be000 	C:\WINDOWS\SYSTEM32\profapi.dll
0x00007ffb76420000 - 0x00007ffb76438000 	c:\Users\palak\.vscode\extensions\redhat.java-1.39.0-win32-x64\jre\21.0.5-win32-x86_64\bin\zip.dll
0x00007ffbdc570000 - 0x00007ffbdc580000 	C:\Users\palak\.vscode\extensions\redhat.java-1.39.0-win32-x64\jre\21.0.5-win32-x86_64\bin\net.dll
0x00007ffbf2070000 - 0x00007ffbf218e000 	C:\WINDOWS\SYSTEM32\WINHTTP.dll
0x00007ffbf6280000 - 0x00007ffbf62ea000 	C:\WINDOWS\system32\mswsock.dll
0x00007ffb76400000 - 0x00007ffb76416000 	C:\Users\palak\.vscode\extensions\redhat.java-1.39.0-win32-x64\jre\21.0.5-win32-x86_64\bin\nio.dll
0x00007ffbd0ca0000 - 0x00007ffbd0cb0000 	c:\Users\palak\.vscode\extensions\redhat.java-1.39.0-win32-x64\jre\21.0.5-win32-x86_64\bin\verify.dll

dbghelp: loaded successfully - version: 4.0.5 - missing functions: none
symbol engine: initialized successfully - sym options: 0x614 - pdb path: .;c:\Users\palak\.vscode\extensions\redhat.java-1.39.0-win32-x64\jre\21.0.5-win32-x86_64\bin;C:\WINDOWS\SYSTEM32;C:\WINDOWS\WinSxS\amd64_microsoft.windows.common-controls_6595b64144ccf1df_6.0.26100.3037_none_3e09262ce333c378;c:\Users\palak\.vscode\extensions\redhat.java-1.39.0-win32-x64\jre\21.0.5-win32-x86_64\bin\server

VM Arguments:
jvm_args: --add-modules=ALL-SYSTEM --add-opens=java.base/java.util=ALL-UNNAMED --add-opens=java.base/java.lang=ALL-UNNAMED --add-opens=java.base/sun.nio.fs=ALL-UNNAMED -Declipse.application=org.eclipse.jdt.ls.core.id1 -Dosgi.bundles.defaultStartLevel=4 -Declipse.product=org.eclipse.jdt.ls.core.product -Djava.import.generatesMetadataFilesAtProjectRoot=false -DDetectVMInstallationsJob.disabled=true -Dfile.encoding=utf8 -XX:+UseParallelGC -XX:GCTimeRatio=4 -XX:AdaptiveSizePolicyWeight=90 -Dsun.zip.disableMemoryMapping=true -Xmx1G -Xms100m -Xlog:disable -javaagent:c:\Users\palak\.vscode\extensions\redhat.java-1.39.0-win32-x64\lombok\lombok-1.18.34.jar 
java_command: c:\Users\palak\.vscode\extensions\redhat.java-1.39.0-win32-x64\server\plugins\org.eclipse.equinox.launcher_1.6.900.v20240613-2009.jar -configuration c:\Users\palak\AppData\Roaming\Code\User\globalStorage\redhat.java\1.39.0\config_ss_win -data c:\Users\palak\AppData\Roaming\Code\User\workspaceStorage\ee148990e97456275c543846b0f27411\redhat.java\ss_ws --pipe=\\.\pipe\lsp-5f3cb45c85bd1e9cb84267f724e809cc-sock
java_class_path (initial): c:\Users\palak\.vscode\extensions\redhat.java-1.39.0-win32-x64\server\plugins\org.eclipse.equinox.launcher_1.6.900.v20240613-2009.jar
Launcher Type: SUN_STANDARD

[Global flags]
    uintx AdaptiveSizePolicyWeight                 = 90                                        {product} {command line}
     intx CICompilerCount                          = 3                                         {product} {ergonomic}
    uintx GCTimeRatio                              = 4                                         {product} {command line}
   size_t InitialHeapSize                          = 104857600                                 {product} {command line}
   size_t MaxHeapSize                              = 1073741824                                {product} {command line}
   size_t MaxNewSize                               = 357564416                                 {product} {ergonomic}
   size_t MinHeapDeltaBytes                        = 524288                                    {product} {ergonomic}
   size_t MinHeapSize                              = 104857600                                 {product} {command line}
   size_t NewSize                                  = 34603008                                  {product} {ergonomic}
    uintx NonNMethodCodeHeapSize                   = 5832780                                {pd product} {ergonomic}
    uintx NonProfiledCodeHeapSize                  = 122912730                              {pd product} {ergonomic}
   size_t OldSize                                  = 70254592                                  {product} {ergonomic}
    uintx ProfiledCodeHeapSize                     = 122912730                              {pd product} {ergonomic}
    uintx ReservedCodeCacheSize                    = 251658240                              {pd product} {ergonomic}
     bool SegmentedCodeCache                       = true                                      {product} {ergonomic}
   size_t SoftMaxHeapSize                          = 1073741824                             {manageable} {ergonomic}
     bool UseCompressedOops                        = true                           {product lp64_product} {ergonomic}
     bool UseLargePagesIndividualAllocation        = false                                  {pd product} {ergonomic}
     bool UseParallelGC                            = true                                      {product} {command line}

Logging:
Log output configuration:
 #0: stdout all=off uptime,level,tags foldmultilines=false
 #1: stderr all=off uptime,level,tags foldmultilines=false

Environment Variables:
JAVA_HOME=C:\Users\palak\Downloads\java-21-openjdk-21.0.1.0.12-3.win.jdk.x86_64\java-21-openjdk-21.0.1.0.12-3.win.jdk.x86_64
PATH=C:\Program Files (x86)\Common Files\Oracle\Java\java8path;C:\Program Files (x86)\Common Files\Oracle\Java\javapath;C:\WINDOWS\system32;C:\WINDOWS;C:\WINDOWS\System32\Wbem;C:\WINDOWS\System32\WindowsPowerShell\v1.0\;C:\WINDOWS\System32\OpenSSH\;C:\Users\palak\Downloads\java-21-openjdk-21.0.1.0.12-3.win.jdk.x86_64\java-21-openjdk-21.0.1.0.12-3.win.jdk.x86_64\bin;C:\Users\palak\Downloads\apache-maven-3.9.8-bin\bin;c:\users\palak\appdata\local\packages\pythonsoftwarefoundation.python.3.11_qbz5n2kfra8p0\localcache\local-packages\python311\site-packages;C:\ProgramData\chocolatey\bin;C:\Program Files\nodejs\;C:\Users\palak\AppData\Local\Programs\Python\Python312\Scripts;C:\Program Files\Git\cmd;C:\Users\palak\Downloads\flutter_windows_3.27.3-stable\flutter\bin;C:\Users\palak\AppData\Local\Android\Sdk\cmdline-tools\latest\bin;C:\Users\palak\AppData\Local\Android\Sdk\platform-tools;C:\ffmpeg;C:\Program Files\MongoDB\Server\8.0\bin;C:\Users\palak\AppData\Local\Programs\Python\Python312\Scripts\;C:\Users\palak\AppData\Local\Programs\Python\Python312\;C:\Users\palak\AppData\Local\Programs\Python\Launcher\;C:\Program Files\MySQL\MySQL Shell 8.0\bin\;C:\Users\palak\AppData\Local\Microsoft\WindowsApps;C:\Users\palak\AppData\Local\Programs\Microsoft VS Code\bin;C:\Program Files\JetBrains\IntelliJ IDEA Community Edition 2023.3.3\bin;C:\Users\palak\AppData\Local\JetBrains\CLion 2023.3.4\bin;C:\Program Files\JetBrains\PyCharm 2024.1.2\bin;C:\Program Files\JetBrains\PyCharm Community Edition 2024.1.4\bin;C:\Users\palak\AppData\Local\JetBrains\Toolbox\scripts;C:\Users\palak\AppData\Roaming\npm;C:\Users\palak\AppData\Local\GitHubDesktop\bin;C:\Users\palak\AppData\Local\Microsoft\WindowsApps;
USERNAME=palak
OS=Windows_NT
PROCESSOR_IDENTIFIER=AMD64 Family 23 Model 24 Stepping 1, AuthenticAMD
TMP=C:\Users\palak\AppData\Local\Temp
TEMP=C:\Users\palak\AppData\Local\Temp




Periodic native trim disabled

---------------  S Y S T E M  ---------------

OS:
 Windows 11 , 64 bit Build 26100 (10.0.26100.3037)
OS uptime: 0 days 4:21 hours

CPU: total 4 (initial active 4) (4 cores per cpu, 2 threads per core) family 23 model 24 stepping 1 microcode 0x8108109, cx8, cmov, fxsr, ht, mmx, 3dnowpref, sse, sse2, sse3, ssse3, sse4a, sse4.1, sse4.2, popcnt, lzcnt, tsc, tscinvbit, avx, avx2, aes, clmul, bmi1, bmi2, adx, sha, fma, vzeroupper, clflush, clflushopt, rdtscp, f16c
Processor Information for all 4 processors :
  Max Mhz: 2600, Current Mhz: 2600, Mhz Limit: 2600

Memory: 4k page, system-wide physical 6086M (683M free)
TotalPageFile size 14278M (AvailPageFile size 0M)
current process WorkingSet (physical memory assigned to process): 50M, peak: 50M
current process commit charge ("private bytes"): 178M, peak: 178M

vm_info: OpenJDK 64-Bit Server VM (21.0.5+11-LTS) for windows-amd64 JRE (21.0.5+11-LTS), built on 2024-10-15T00:00:00Z by "admin" with MS VC++ 17.7 (VS2022)

END.
