#
# There is insufficient memory for the Java Runtime Environment to continue.
# Native memory allocation (malloc) failed to allocate 32744 bytes. Error detail: Chunk::new
# Possible reasons:
#   The system is out of physical RAM or swap space
#   This process is running with CompressedOops enabled, and the Java Heap may be blocking the growth of the native heap
# Possible solutions:
#   Reduce memory load on the system
#   Increase physical memory or swap space
#   Check if swap backing store is full
#   Decrease Java heap size (-Xmx/-Xms)
#   Decrease number of Java threads
#   Decrease Java thread stack sizes (-Xss)
#   Set larger code cache with -XX:ReservedCodeCacheSize=
#   JVM is running with Unscaled Compressed Oops mode in which the Java heap is
#     placed in the first 4GB address space. The Java Heap base address is the
#     maximum limit for the native heap growth. Please use -XX:HeapBaseMinAddress
#     to set the Java Heap base and to place the Java Heap above 4GB virtual address.
# This output file may be truncated or incomplete.
#
#  Out of Memory Error (arena.cpp:168), pid=1732, tid=18408
#
# JRE version: OpenJDK Runtime Environment Temurin-21.0.6+7 (21.0.6+7) (build 21.0.6+7-LTS)
# Java VM: OpenJDK 64-Bit Server VM Temurin-21.0.6+7 (21.0.6+7-LTS, mixed mode, sharing, tiered, compressed oops, compressed class ptrs, parallel gc, windows-amd64)
# No core dump will be written. Minidumps are not enabled by default on client versions of Windows
#

---------------  S U M M A R Y ------------

Command Line: --add-modules=ALL-SYSTEM --add-opens=java.base/java.util=ALL-UNNAMED --add-opens=java.base/java.lang=ALL-UNNAMED --add-opens=java.base/sun.nio.fs=ALL-UNNAMED -Declipse.application=org.eclipse.jdt.ls.core.id1 -Dosgi.bundles.defaultStartLevel=4 -Declipse.product=org.eclipse.jdt.ls.core.product -Djava.import.generatesMetadataFilesAtProjectRoot=false -DDetectVMInstallationsJob.disabled=true -Dfile.encoding=utf8 -XX:+UseParallelGC -XX:GCTimeRatio=4 -XX:AdaptiveSizePolicyWeight=90 -Dsun.zip.disableMemoryMapping=true -Xmx1G -Xms100m -Xlog:disable -javaagent:c:\Users\palak\.vscode\extensions\redhat.java-1.40.0-win32-x64\lombok\lombok-1.18.36.jar -XX:+HeapDumpOnOutOfMemoryError -XX:HeapDumpPath=c:\Users\palak\AppData\Roaming\Code\User\workspaceStorage\632f04cdbe9e26a6a5769c745b0508de\redhat.java -Daether.dependencyCollector.impl=bf c:\Users\palak\.vscode\extensions\redhat.java-1.40.0-win32-x64\server\plugins\org.eclipse.equinox.launcher_1.6.1000.v20250131-0606.jar -configuration c:\Users\palak\AppData\Roaming\Code\User\globalStorage\redhat.java\1.40.0\config_win -data c:\Users\palak\AppData\Roaming\Code\User\workspaceStorage\632f04cdbe9e26a6a5769c745b0508de\redhat.java\jdt_ws --pipe=\\.\pipe\lsp-9506ad09333f3e829e6ad5215d40d740-sock

Host: AMD Ryzen 3 3250U with Radeon Graphics         , 4 cores, 5G,  Windows 11 , 64 bit Build 26100 (10.0.26100.3323)
Time: Mon Mar 17 21:12:48 2025 India Standard Time elapsed time: 64.244239 seconds (0d 0h 1m 4s)

---------------  T H R E A D  ---------------

Current thread (0x000001c5fd4f01f0):  JavaThread "C1 CompilerThread0" daemon [_thread_in_native, id=18408, stack(0x000000ba4a200000,0x000000ba4a300000) (1024K)]


Current CompileTask:
C1:64244 11596 % !   3       org.eclipse.jdt.internal.core.index.DiskIndex::mergeWith @ 262 (623 bytes)

Stack: [0x000000ba4a200000,0x000000ba4a300000]
Native frames: (J=compiled Java code, j=interpreted, Vv=VM code, C=native code)
V  [jvm.dll+0x6cdee9]
V  [jvm.dll+0x8a83d1]
V  [jvm.dll+0x8aa8fe]
V  [jvm.dll+0x8aafe3]
V  [jvm.dll+0x27f706]
V  [jvm.dll+0xc500d]
V  [jvm.dll+0xc5543]
V  [jvm.dll+0xd0f3d]
V  [jvm.dll+0x195f1b]
V  [jvm.dll+0x19cc76]
V  [jvm.dll+0x19caf0]
V  [jvm.dll+0x195b9d]
V  [jvm.dll+0x194ad4]
V  [jvm.dll+0x19d70b]
V  [jvm.dll+0x195d78]
V  [jvm.dll+0x198b42]
V  [jvm.dll+0x1537e3]
V  [jvm.dll+0x153028]
V  [jvm.dll+0x153274]
V  [jvm.dll+0x1526a6]
V  [jvm.dll+0x15447d]
V  [jvm.dll+0x25685a]
V  [jvm.dll+0x254dfa]
V  [jvm.dll+0x3f0256]
V  [jvm.dll+0x851f8b]
V  [jvm.dll+0x6cc5ed]
C  [ucrtbase.dll+0x37b0]
C  [KERNEL32.DLL+0x2e8d7]
C  [ntdll.dll+0xbbf6c]


---------------  P R O C E S S  ---------------

Threads class SMR info:
_java_thread_list=0x000001c5c75d96f0, length=43, elements={
0x000001c5e6dbddc0, 0x000001c5e91fc100, 0x000001c5e91fe530, 0x000001c5fd472fb0,
0x000001c5fd473c00, 0x000001c5fd475e40, 0x000001c5fd47f7a0, 0x000001c5fd485be0,
0x000001c5fd4f01f0, 0x000001c5fd52e140, 0x000001c5fe4665c0, 0x000001c5fe75ac20,
0x000001c5fe8feed0, 0x000001c5fedab140, 0x000001c5fe44e3c0, 0x000001c5fed24a70,
0x000001c5fec7a7b0, 0x000001c5ff095ba0, 0x000001c5ff0968c0, 0x000001c5ff097c70,
0x000001c5ff096f50, 0x000001c5ff098990, 0x000001c5ff096230, 0x000001c5ff0975e0,
0x000001c5ffd02aa0, 0x000001c5ffd037c0, 0x000001c5ffd03130, 0x000001c5ffd01060,
0x000001c5ffd03e50, 0x000001c5ffd01d80, 0x000001c5ffd016f0, 0x000001c5ffd044e0,
0x000001c5ffd05200, 0x000001c5ffd05890, 0x000001c5ffd06c40, 0x000001c5ffd05f20,
0x000001c5ffd065b0, 0x000001c5ffd072d0, 0x000001c5ffd07960, 0x000001c5ffd08680,
0x000001c5ffd07ff0, 0x000001c5c7d65680, 0x000001c5c7d65d10
}

Java Threads: ( => current thread )
  0x000001c5e6dbddc0 JavaThread "main"                              [_thread_blocked, id=1920, stack(0x000000ba49700000,0x000000ba49800000) (1024K)]
  0x000001c5e91fc100 JavaThread "Reference Handler"          daemon [_thread_blocked, id=12212, stack(0x000000ba49b00000,0x000000ba49c00000) (1024K)]
  0x000001c5e91fe530 JavaThread "Finalizer"                  daemon [_thread_blocked, id=19136, stack(0x000000ba49c00000,0x000000ba49d00000) (1024K)]
  0x000001c5fd472fb0 JavaThread "Signal Dispatcher"          daemon [_thread_blocked, id=2076, stack(0x000000ba49d00000,0x000000ba49e00000) (1024K)]
  0x000001c5fd473c00 JavaThread "Attach Listener"            daemon [_thread_blocked, id=7540, stack(0x000000ba49e00000,0x000000ba49f00000) (1024K)]
  0x000001c5fd475e40 JavaThread "Service Thread"             daemon [_thread_blocked, id=20216, stack(0x000000ba49f00000,0x000000ba4a000000) (1024K)]
  0x000001c5fd47f7a0 JavaThread "Monitor Deflation Thread"   daemon [_thread_blocked, id=10720, stack(0x000000ba4a000000,0x000000ba4a100000) (1024K)]
  0x000001c5fd485be0 JavaThread "C2 CompilerThread0"         daemon [_thread_blocked, id=14648, stack(0x000000ba4a100000,0x000000ba4a200000) (1024K)]
=>0x000001c5fd4f01f0 JavaThread "C1 CompilerThread0"         daemon [_thread_in_native, id=18408, stack(0x000000ba4a200000,0x000000ba4a300000) (1024K)]
  0x000001c5fd52e140 JavaThread "Common-Cleaner"             daemon [_thread_blocked, id=13424, stack(0x000000ba4a300000,0x000000ba4a400000) (1024K)]
  0x000001c5fe4665c0 JavaThread "Notification Thread"        daemon [_thread_blocked, id=9348, stack(0x000000ba4a400000,0x000000ba4a500000) (1024K)]
  0x000001c5fe75ac20 JavaThread "Active Thread: Equinox Container: 7d9cdf53-ccaf-488f-9293-e56d4dbbd26e"        [_thread_blocked, id=11424, stack(0x000000ba4a800000,0x000000ba4a900000) (1024K)]
  0x000001c5fe8feed0 JavaThread "Refresh Thread: Equinox Container: 7d9cdf53-ccaf-488f-9293-e56d4dbbd26e" daemon [_thread_blocked, id=15056, stack(0x000000ba4a900000,0x000000ba4aa00000) (1024K)]
  0x000001c5fedab140 JavaThread "Framework Event Dispatcher: Equinox Container: 7d9cdf53-ccaf-488f-9293-e56d4dbbd26e" daemon [_thread_blocked, id=15764, stack(0x000000ba4aa00000,0x000000ba4ab00000) (1024K)]
  0x000001c5fe44e3c0 JavaThread "Start Level: Equinox Container: 7d9cdf53-ccaf-488f-9293-e56d4dbbd26e" daemon [_thread_blocked, id=13444, stack(0x000000ba4ab00000,0x000000ba4ac00000) (1024K)]
  0x000001c5fed24a70 JavaThread "Bundle File Closer"         daemon [_thread_blocked, id=5880, stack(0x000000ba4ad00000,0x000000ba4ae00000) (1024K)]
  0x000001c5fec7a7b0 JavaThread "SCR Component Actor"        daemon [_thread_blocked, id=9820, stack(0x000000ba4ac00000,0x000000ba4ad00000) (1024K)]
  0x000001c5ff095ba0 JavaThread "Worker-JM"                         [_thread_blocked, id=15824, stack(0x000000ba4af00000,0x000000ba4b000000) (1024K)]
  0x000001c5ff0968c0 JavaThread "JNA Cleaner"                daemon [_thread_blocked, id=14100, stack(0x000000ba4b100000,0x000000ba4b200000) (1024K)]
  0x000001c5ff097c70 JavaThread "Worker-0"                          [_thread_blocked, id=17740, stack(0x000000ba4b000000,0x000000ba4b100000) (1024K)]
  0x000001c5ff096f50 JavaThread "Worker-1: Initialize Workspace"        [_thread_blocked, id=15416, stack(0x000000ba4b200000,0x000000ba4b300000) (1024K)]
  0x000001c5ff098990 JavaThread "Worker-2: Initialize workspace"        [_thread_blocked, id=17280, stack(0x000000ba4b400000,0x000000ba4b500000) (1024K)]
  0x000001c5ff096230 JavaThread "Java indexing"              daemon [_thread_in_Java, id=14880, stack(0x000000ba4b500000,0x000000ba4b600000) (1024K)]
  0x000001c5ff0975e0 JavaThread "Worker-3: Java indexing... "        [_thread_blocked, id=18156, stack(0x000000ba4b600000,0x000000ba4b700000) (1024K)]
  0x000001c5ffd02aa0 JavaThread "Worker-4"                          [_thread_blocked, id=17492, stack(0x000000ba4b900000,0x000000ba4ba00000) (1024K)]
  0x000001c5ffd037c0 JavaThread "Thread-2"                   daemon [_thread_in_native, id=2432, stack(0x000000ba4ba00000,0x000000ba4bb00000) (1024K)]
  0x000001c5ffd03130 JavaThread "Thread-3"                   daemon [_thread_in_native, id=2068, stack(0x000000ba4bb00000,0x000000ba4bc00000) (1024K)]
  0x000001c5ffd01060 JavaThread "Thread-4"                   daemon [_thread_in_native, id=13148, stack(0x000000ba4bc00000,0x000000ba4bd00000) (1024K)]
  0x000001c5ffd03e50 JavaThread "Thread-5"                   daemon [_thread_in_native, id=10296, stack(0x000000ba4bd00000,0x000000ba4be00000) (1024K)]
  0x000001c5ffd01d80 JavaThread "Thread-6"                   daemon [_thread_in_native, id=11052, stack(0x000000ba4be00000,0x000000ba4bf00000) (1024K)]
  0x000001c5ffd016f0 JavaThread "pool-2-thread-1"                   [_thread_blocked, id=5500, stack(0x000000ba4bf00000,0x000000ba4c000000) (1024K)]
  0x000001c5ffd044e0 JavaThread "WorkspaceEventsHandler"            [_thread_blocked, id=16724, stack(0x000000ba4c000000,0x000000ba4c100000) (1024K)]
  0x000001c5ffd05200 JavaThread "pool-1-thread-1"                   [_thread_blocked, id=20004, stack(0x000000ba4c100000,0x000000ba4c200000) (1024K)]
  0x000001c5ffd05890 JavaThread "Worker-5"                          [_thread_blocked, id=17100, stack(0x000000ba4c200000,0x000000ba4c300000) (1024K)]
  0x000001c5ffd06c40 JavaThread "LocalFile Deleter"          daemon [_thread_blocked, id=16200, stack(0x000000ba4ae00000,0x000000ba4af00000) (1024K)]
  0x000001c5ffd05f20 JavaThread "LocalFile Deleter"          daemon [_thread_blocked, id=20364, stack(0x000000ba4b300000,0x000000ba4b400000) (1024K)]
  0x000001c5ffd065b0 JavaThread "LocalFile Deleter"          daemon [_thread_blocked, id=8392, stack(0x000000ba4c300000,0x000000ba4c400000) (1024K)]
  0x000001c5ffd072d0 JavaThread "LocalFile Deleter"          daemon [_thread_blocked, id=17908, stack(0x000000ba4c400000,0x000000ba4c500000) (1024K)]
  0x000001c5ffd07960 JavaThread "Compiler Source File Reader" daemon [_thread_blocked, id=2824, stack(0x000000ba4c500000,0x000000ba4c600000) (1024K)]
  0x000001c5ffd08680 JavaThread "Compiler Source File Reader" daemon [_thread_blocked, id=20348, stack(0x000000ba4c600000,0x000000ba4c700000) (1024K)]
  0x000001c5ffd07ff0 JavaThread "Compiler Processing Task"   daemon [_thread_blocked, id=15060, stack(0x000000ba4c800000,0x000000ba4c900000) (1024K)]
  0x000001c5c7d65680 JavaThread "Compiler Class File Writer" daemon [_thread_blocked, id=8956, stack(0x000000ba4c900000,0x000000ba4ca00000) (1024K)]
  0x000001c5c7d65d10 JavaThread "Compiler Class File Writer" daemon [_thread_blocked, id=9132, stack(0x000000ba4ca00000,0x000000ba4cb00000) (1024K)]
Total: 43

Other Threads:
  0x000001c5fd46faa0 VMThread "VM Thread"                           [id=15432, stack(0x000000ba49a00000,0x000000ba49b00000) (1024K)]
  0x000001c5fd40ca10 WatcherThread "VM Periodic Task Thread"        [id=16216, stack(0x000000ba49900000,0x000000ba49a00000) (1024K)]
  0x000001c5e915f860 WorkerThread "GC Thread#0"                     [id=6264, stack(0x000000ba49800000,0x000000ba49900000) (1024K)]
  0x000001c5fd4bd2b0 WorkerThread "GC Thread#1"                     [id=17360, stack(0x000000ba4a500000,0x000000ba4a600000) (1024K)]
  0x000001c5fe98e420 WorkerThread "GC Thread#2"                     [id=18632, stack(0x000000ba4a600000,0x000000ba4a700000) (1024K)]
  0x000001c5fe98e7c0 WorkerThread "GC Thread#3"                     [id=16376, stack(0x000000ba4a700000,0x000000ba4a800000) (1024K)]
Total: 6

Threads with active compile tasks:
C1 CompilerThread0  64307 11596 % !   3       org.eclipse.jdt.internal.core.index.DiskIndex::mergeWith @ 262 (623 bytes)
Total: 1

VM state: not at safepoint (normal execution)

VM Mutex/Monitor currently owned by a thread: None

Heap address: 0x00000000c0000000, size: 1024 MB, Compressed Oops mode: 32-bit

CDS archive(s) mapped at: [0x000001c580000000-0x000001c580ba0000-0x000001c580ba0000), size 12189696, SharedBaseAddress: 0x000001c580000000, ArchiveRelocationMode: 1.
Compressed class space mapped at: 0x000001c581000000-0x000001c5c1000000, reserved size: 1073741824
Narrow klass base: 0x000001c580000000, Narrow klass shift: 0, Narrow klass range: 0x100000000

GC Precious Log:
 CardTable entry size: 512
 CPUs: 4 total, 4 available
 Memory: 6086M
 Large Page Support: Disabled
 NUMA Support: Disabled
 Compressed Oops: Enabled (32-bit)
 Alignments: Space 512K, Generation 512K, Heap 2M
 Heap Min Capacity: 100M
 Heap Initial Capacity: 100M
 Heap Max Capacity: 1G
 Pre-touch: Disabled
 Parallel Workers: 4

Heap:
 PSYoungGen      total 2560K, used 986K [0x00000000eab00000, 0x00000000eaf80000, 0x0000000100000000)
  eden space 1536K, 5% used [0x00000000eab00000,0x00000000eab16ac8,0x00000000eac80000)
  from space 1024K, 87% used [0x00000000eac80000,0x00000000ead60000,0x00000000ead80000)
  to   space 1536K, 0% used [0x00000000eae00000,0x00000000eae00000,0x00000000eaf80000)
 ParOldGen       total 361984K, used 347777K [0x00000000c0000000, 0x00000000d6180000, 0x00000000eab00000)
  object space 361984K, 96% used [0x00000000c0000000,0x00000000d53a0588,0x00000000d6180000)
 Metaspace       used 63290K, committed 64832K, reserved 1114112K
  class space    used 6516K, committed 7168K, reserved 1048576K

Card table byte_map: [0x000001c5e8ae0000,0x000001c5e8cf0000] _byte_map_base: 0x000001c5e84e0000

Marking Bits: (ParMarkBitMap*) 0x00007ffbc1ab3260
 Begin Bits: [0x000001c5fb330000, 0x000001c5fc330000)
 End Bits:   [0x000001c5fc330000, 0x000001c5fd330000)

Polling page: 0x000001c5e6d70000

Metaspace:

Usage:
  Non-class:     55.44 MB used.
      Class:      6.36 MB used.
       Both:     61.81 MB used.

Virtual space:
  Non-class space:       64.00 MB reserved,      56.31 MB ( 88%) committed,  1 nodes.
      Class space:        1.00 GB reserved,       7.00 MB ( <1%) committed,  1 nodes.
             Both:        1.06 GB reserved,      63.31 MB (  6%) committed. 

Chunk freelists:
   Non-Class:  6.97 MB
       Class:  8.94 MB
        Both:  15.91 MB

MaxMetaspaceSize: unlimited
CompressedClassSpaceSize: 1.00 GB
Initial GC threshold: 21.00 MB
Current GC threshold: 105.44 MB
CDS: on
 - commit_granule_bytes: 65536.
 - commit_granule_words: 8192.
 - virtual_space_node_default_size: 8388608.
 - enlarge_chunks_in_place: 1.
 - use_allocation_guard: 0.


Internal statistics:

num_allocs_failed_limit: 9.
num_arena_births: 1184.
num_arena_deaths: 14.
num_vsnodes_births: 2.
num_vsnodes_deaths: 0.
num_space_committed: 1013.
num_space_uncommitted: 0.
num_chunks_returned_to_freelist: 30.
num_chunks_taken_from_freelist: 4229.
num_chunk_merges: 14.
num_chunk_splits: 2553.
num_chunks_enlarged: 1404.
num_inconsistent_stats: 0.

CodeHeap 'non-profiled nmethods': size=120000Kb used=6271Kb max_used=7793Kb free=113728Kb
 bounds [0x000001c5f3e00000, 0x000001c5f45a0000, 0x000001c5fb330000]
CodeHeap 'profiled nmethods': size=120000Kb used=19357Kb max_used=24040Kb free=100642Kb
 bounds [0x000001c5ec330000, 0x000001c5edab0000, 0x000001c5f3860000]
CodeHeap 'non-nmethods': size=5760Kb used=1420Kb max_used=1488Kb free=4339Kb
 bounds [0x000001c5f3860000, 0x000001c5f3ad0000, 0x000001c5f3e00000]
 total_blobs=10174 nmethods=9437 adapters=643
 compilation: enabled
              stopped_count=0, restarted_count=0
 full_count=0

Compilation events (20 events):
Event: 59.760 Thread 0x000001c5fd485be0 nmethod 11583 0x000001c5f405bb10 code [0x000001c5f405bd00, 0x000001c5f405c200]
Event: 59.764 Thread 0x000001c5fd485be0 11587       4       org.eclipse.jdt.internal.core.index.DiskIndex$IntList::add (67 bytes)
Event: 59.767 Thread 0x000001c5fd485be0 nmethod 11587 0x000001c5f40ca710 code [0x000001c5f40ca8a0, 0x000001c5f40caba8]
Event: 59.777 Thread 0x000001c5fd485be0 11588 %     4       org.eclipse.jdt.internal.core.index.DiskIndex::copyQueryResults @ 107 (221 bytes)
Event: 59.872 Thread 0x000001c5fd485be0 nmethod 11588% 0x000001c5f3fd1590 code [0x000001c5f3fd1920, 0x000001c5f3fd41c0]
Event: 59.874 Thread 0x000001c5fd485be0 11589       4       org.eclipse.jdt.internal.core.index.DiskIndex::copyQueryResults (221 bytes)
Event: 59.945 Thread 0x000001c5fd485be0 nmethod 11589 0x000001c5f4206f10 code [0x000001c5f42072a0, 0x000001c5f4209908]
Event: 59.945 Thread 0x000001c5fd485be0 11590       4       org.eclipse.jdt.internal.compiler.util.HashtableOfObject::rehash (84 bytes)
Event: 59.964 Thread 0x000001c5fd485be0 nmethod 11590 0x000001c5f4130510 code [0x000001c5f4130760, 0x000001c5f4131218]
Event: 60.007 Thread 0x000001c5fd485be0 11591 %     4       org.eclipse.jdt.internal.core.index.DiskIndex::copyQueryResults @ 21 (221 bytes)
Event: 60.090 Thread 0x000001c5fd485be0 nmethod 11591% 0x000001c5f422ab10 code [0x000001c5f422af00, 0x000001c5f422da40]
Event: 60.091 Thread 0x000001c5fd485be0 11592       4       org.eclipse.jdt.internal.core.index.DiskIndex::copyQueryResults (221 bytes)
Event: 60.173 Thread 0x000001c5fd485be0 nmethod 11592 0x000001c5f4226d90 code [0x000001c5f4227180, 0x000001c5f4229a90]
Event: 60.173 Thread 0x000001c5fd485be0 11593       4       org.eclipse.jdt.internal.core.index.DiskIndex$IntList::<init> (16 bytes)
Event: 60.174 Thread 0x000001c5fd485be0 nmethod 11593 0x000001c5f3fdb990 code [0x000001c5f3fdbb20, 0x000001c5f3fdbbe0]
Event: 61.774 Thread 0x000001c5fd4f01f0 11594  s    3       org.eclipse.jdt.internal.core.search.processing.JobManager::isEnabled (11 bytes)
Event: 61.775 Thread 0x000001c5fd4f01f0 nmethod 11594 0x000001c5ec373710 code [0x000001c5ec3738c0, 0x000001c5ec373b30]
Event: 61.891 Thread 0x000001c5fd4f01f0 11595  s    3       org.eclipse.jdt.internal.core.search.processing.JobManager::currentJobForced (28 bytes)
Event: 61.891 Thread 0x000001c5fd4f01f0 nmethod 11595 0x000001c5ec6e9590 code [0x000001c5ec6e9780, 0x000001c5ec6e9ca0]
Event: 64.229 Thread 0x000001c5fd4f01f0 11596 % !   3       org.eclipse.jdt.internal.core.index.DiskIndex::mergeWith @ 262 (623 bytes)

GC Heap History (20 events):
Event: 62.940 GC heap before
{Heap before GC invocations=278 (full 4):
 PSYoungGen      total 1024K, used 844K [0x00000000eab00000, 0x00000000eae80000, 0x0000000100000000)
  eden space 512K, 96% used [0x00000000eab00000,0x00000000eab7b2e0,0x00000000eab80000)
  from space 512K, 68% used [0x00000000eab80000,0x00000000eabd8000,0x00000000eac00000)
  to   space 1536K, 0% used [0x00000000ead00000,0x00000000ead00000,0x00000000eae80000)
 ParOldGen       total 355840K, used 355806K [0x00000000c0000000, 0x00000000d5b80000, 0x00000000eab00000)
  object space 355840K, 99% used [0x00000000c0000000,0x00000000d5b77bf8,0x00000000d5b80000)
 Metaspace       used 63273K, committed 64832K, reserved 1114112K
  class space    used 6516K, committed 7168K, reserved 1048576K
}
Event: 62.945 GC heap after
{Heap after GC invocations=278 (full 4):
 PSYoungGen      total 2048K, used 570K [0x00000000eab00000, 0x00000000eae00000, 0x0000000100000000)
  eden space 1024K, 0% used [0x00000000eab00000,0x00000000eab00000,0x00000000eac00000)
  from space 1024K, 55% used [0x00000000ead00000,0x00000000ead8eb30,0x00000000eae00000)
  to   space 1024K, 0% used [0x00000000eac00000,0x00000000eac00000,0x00000000ead00000)
 ParOldGen       total 356352K, used 356144K [0x00000000c0000000, 0x00000000d5c00000, 0x00000000eab00000)
  object space 356352K, 99% used [0x00000000c0000000,0x00000000d5bcc118,0x00000000d5c00000)
 Metaspace       used 63273K, committed 64832K, reserved 1114112K
  class space    used 6516K, committed 7168K, reserved 1048576K
}
Event: 63.068 GC heap before
{Heap before GC invocations=279 (full 4):
 PSYoungGen      total 2048K, used 1594K [0x00000000eab00000, 0x00000000eae00000, 0x0000000100000000)
  eden space 1024K, 100% used [0x00000000eab00000,0x00000000eac00000,0x00000000eac00000)
  from space 1024K, 55% used [0x00000000ead00000,0x00000000ead8eb30,0x00000000eae00000)
  to   space 1024K, 0% used [0x00000000eac00000,0x00000000eac00000,0x00000000ead00000)
 ParOldGen       total 356352K, used 356144K [0x00000000c0000000, 0x00000000d5c00000, 0x00000000eab00000)
  object space 356352K, 99% used [0x00000000c0000000,0x00000000d5bcc118,0x00000000d5c00000)
 Metaspace       used 63273K, committed 64832K, reserved 1114112K
  class space    used 6516K, committed 7168K, reserved 1048576K
}
Event: 63.076 GC heap after
{Heap after GC invocations=279 (full 4):
 PSYoungGen      total 2048K, used 1003K [0x00000000eab00000, 0x00000000eb000000, 0x0000000100000000)
  eden space 1024K, 0% used [0x00000000eab00000,0x00000000eab00000,0x00000000eac00000)
  from space 1024K, 98% used [0x00000000eac00000,0x00000000eacfae88,0x00000000ead00000)
  to   space 2048K, 0% used [0x00000000eae00000,0x00000000eae00000,0x00000000eb000000)
 ParOldGen       total 356864K, used 356656K [0x00000000c0000000, 0x00000000d5c80000, 0x00000000eab00000)
  object space 356864K, 99% used [0x00000000c0000000,0x00000000d5c4c198,0x00000000d5c80000)
 Metaspace       used 63273K, committed 64832K, reserved 1114112K
  class space    used 6516K, committed 7168K, reserved 1048576K
}
Event: 63.114 GC heap before
{Heap before GC invocations=280 (full 4):
 PSYoungGen      total 2048K, used 2027K [0x00000000eab00000, 0x00000000eb000000, 0x0000000100000000)
  eden space 1024K, 100% used [0x00000000eab00000,0x00000000eac00000,0x00000000eac00000)
  from space 1024K, 98% used [0x00000000eac00000,0x00000000eacfae88,0x00000000ead00000)
  to   space 2048K, 0% used [0x00000000eae00000,0x00000000eae00000,0x00000000eb000000)
 ParOldGen       total 356864K, used 356656K [0x00000000c0000000, 0x00000000d5c80000, 0x00000000eab00000)
  object space 356864K, 99% used [0x00000000c0000000,0x00000000d5c4c198,0x00000000d5c80000)
 Metaspace       used 63273K, committed 64832K, reserved 1114112K
  class space    used 6516K, committed 7168K, reserved 1048576K
}
Event: 63.122 GC heap after
{Heap after GC invocations=280 (full 4):
 PSYoungGen      total 2560K, used 1088K [0x00000000eab00000, 0x00000000eaf80000, 0x0000000100000000)
  eden space 1024K, 0% used [0x00000000eab00000,0x00000000eab00000,0x00000000eac00000)
  from space 1536K, 70% used [0x00000000eae00000,0x00000000eaf10000,0x00000000eaf80000)
  to   space 1536K, 0% used [0x00000000eac80000,0x00000000eac80000,0x00000000eae00000)
 ParOldGen       total 357888K, used 357650K [0x00000000c0000000, 0x00000000d5d80000, 0x00000000eab00000)
  object space 357888K, 99% used [0x00000000c0000000,0x00000000d5d44a48,0x00000000d5d80000)
 Metaspace       used 63273K, committed 64832K, reserved 1114112K
  class space    used 6516K, committed 7168K, reserved 1048576K
}
Event: 63.178 GC heap before
{Heap before GC invocations=281 (full 4):
 PSYoungGen      total 2560K, used 2111K [0x00000000eab00000, 0x00000000eaf80000, 0x0000000100000000)
  eden space 1024K, 99% used [0x00000000eab00000,0x00000000eabffff0,0x00000000eac00000)
  from space 1536K, 70% used [0x00000000eae00000,0x00000000eaf10000,0x00000000eaf80000)
  to   space 1536K, 0% used [0x00000000eac80000,0x00000000eac80000,0x00000000eae00000)
 ParOldGen       total 357888K, used 357650K [0x00000000c0000000, 0x00000000d5d80000, 0x00000000eab00000)
  object space 357888K, 99% used [0x00000000c0000000,0x00000000d5d44a48,0x00000000d5d80000)
 Metaspace       used 63273K, committed 64832K, reserved 1114112K
  class space    used 6516K, committed 7168K, reserved 1048576K
}
Event: 63.186 GC heap after
{Heap after GC invocations=281 (full 4):
 PSYoungGen      total 2560K, used 1075K [0x00000000eab00000, 0x00000000eaf00000, 0x0000000100000000)
  eden space 1024K, 0% used [0x00000000eab00000,0x00000000eab00000,0x00000000eac00000)
  from space 1536K, 70% used [0x00000000eac80000,0x00000000ead8cfd0,0x00000000eae00000)
  to   space 1024K, 0% used [0x00000000eae00000,0x00000000eae00000,0x00000000eaf00000)
 ParOldGen       total 358912K, used 358683K [0x00000000c0000000, 0x00000000d5e80000, 0x00000000eab00000)
  object space 358912K, 99% used [0x00000000c0000000,0x00000000d5e46f90,0x00000000d5e80000)
 Metaspace       used 63273K, committed 64832K, reserved 1114112K
  class space    used 6516K, committed 7168K, reserved 1048576K
}
Event: 63.368 GC heap before
{Heap before GC invocations=282 (full 4):
 PSYoungGen      total 2560K, used 2093K [0x00000000eab00000, 0x00000000eaf00000, 0x0000000100000000)
  eden space 1024K, 99% used [0x00000000eab00000,0x00000000eabfe650,0x00000000eac00000)
  from space 1536K, 70% used [0x00000000eac80000,0x00000000ead8cfd0,0x00000000eae00000)
  to   space 1024K, 0% used [0x00000000eae00000,0x00000000eae00000,0x00000000eaf00000)
 ParOldGen       total 358912K, used 358683K [0x00000000c0000000, 0x00000000d5e80000, 0x00000000eab00000)
  object space 358912K, 99% used [0x00000000c0000000,0x00000000d5e46f90,0x00000000d5e80000)
 Metaspace       used 63273K, committed 64832K, reserved 1114112K
  class space    used 6516K, committed 7168K, reserved 1048576K
}
Event: 63.390 GC heap after
{Heap after GC invocations=282 (full 4):
 PSYoungGen      total 2048K, used 1011K [0x00000000eab00000, 0x00000000eaf00000, 0x0000000100000000)
  eden space 1024K, 0% used [0x00000000eab00000,0x00000000eab00000,0x00000000eac00000)
  from space 1024K, 98% used [0x00000000eae00000,0x00000000eaefcfd0,0x00000000eaf00000)
  to   space 1536K, 0% used [0x00000000eac80000,0x00000000eac80000,0x00000000eae00000)
 ParOldGen       total 359936K, used 359710K [0x00000000c0000000, 0x00000000d5f80000, 0x00000000eab00000)
  object space 359936K, 99% used [0x00000000c0000000,0x00000000d5f479b0,0x00000000d5f80000)
 Metaspace       used 63273K, committed 64832K, reserved 1114112K
  class space    used 6516K, committed 7168K, reserved 1048576K
}
Event: 63.680 GC heap before
{Heap before GC invocations=283 (full 4):
 PSYoungGen      total 2048K, used 1958K [0x00000000eab00000, 0x00000000eaf00000, 0x0000000100000000)
  eden space 1024K, 92% used [0x00000000eab00000,0x00000000eabecb88,0x00000000eac00000)
  from space 1024K, 98% used [0x00000000eae00000,0x00000000eaefcfd0,0x00000000eaf00000)
  to   space 1536K, 0% used [0x00000000eac80000,0x00000000eac80000,0x00000000eae00000)
 ParOldGen       total 359936K, used 359710K [0x00000000c0000000, 0x00000000d5f80000, 0x00000000eab00000)
  object space 359936K, 99% used [0x00000000c0000000,0x00000000d5f479b0,0x00000000d5f80000)
 Metaspace       used 63273K, committed 64832K, reserved 1114112K
  class space    used 6516K, committed 7168K, reserved 1048576K
}
Event: 63.687 GC heap after
{Heap after GC invocations=283 (full 4):
 PSYoungGen      total 2048K, used 955K [0x00000000eab00000, 0x00000000eaf00000, 0x0000000100000000)
  eden space 1024K, 0% used [0x00000000eab00000,0x00000000eab00000,0x00000000eac00000)
  from space 1024K, 93% used [0x00000000eac80000,0x00000000ead6ef70,0x00000000ead80000)
  to   space 1536K, 0% used [0x00000000ead80000,0x00000000ead80000,0x00000000eaf00000)
 ParOldGen       total 360960K, used 360711K [0x00000000c0000000, 0x00000000d6080000, 0x00000000eab00000)
  object space 360960K, 99% used [0x00000000c0000000,0x00000000d6041eb0,0x00000000d6080000)
 Metaspace       used 63273K, committed 64832K, reserved 1114112K
  class space    used 6516K, committed 7168K, reserved 1048576K
}
Event: 63.693 GC heap before
{Heap before GC invocations=284 (full 4):
 PSYoungGen      total 2048K, used 1711K [0x00000000eab00000, 0x00000000eaf00000, 0x0000000100000000)
  eden space 1024K, 73% used [0x00000000eab00000,0x00000000eabbd000,0x00000000eac00000)
  from space 1024K, 93% used [0x00000000eac80000,0x00000000ead6ef70,0x00000000ead80000)
  to   space 1536K, 0% used [0x00000000ead80000,0x00000000ead80000,0x00000000eaf00000)
 ParOldGen       total 360960K, used 360711K [0x00000000c0000000, 0x00000000d6080000, 0x00000000eab00000)
  object space 360960K, 99% used [0x00000000c0000000,0x00000000d6041eb0,0x00000000d6080000)
 Metaspace       used 63273K, committed 64832K, reserved 1114112K
  class space    used 6516K, committed 7168K, reserved 1048576K
}
Event: 63.697 GC heap after
{Heap after GC invocations=284 (full 4):
 PSYoungGen      total 2560K, used 756K [0x00000000eab00000, 0x00000000eae80000, 0x0000000100000000)
  eden space 1536K, 0% used [0x00000000eab00000,0x00000000eab00000,0x00000000eac80000)
  from space 1024K, 73% used [0x00000000ead80000,0x00000000eae3d000,0x00000000eae80000)
  to   space 1024K, 0% used [0x00000000eac80000,0x00000000eac80000,0x00000000ead80000)
 ParOldGen       total 361984K, used 361651K [0x00000000c0000000, 0x00000000d6180000, 0x00000000eab00000)
  object space 361984K, 99% used [0x00000000c0000000,0x00000000d612ce10,0x00000000d6180000)
 Metaspace       used 63273K, committed 64832K, reserved 1114112K
  class space    used 6516K, committed 7168K, reserved 1048576K
}
Event: 63.766 GC heap before
{Heap before GC invocations=285 (full 4):
 PSYoungGen      total 2560K, used 2292K [0x00000000eab00000, 0x00000000eae80000, 0x0000000100000000)
  eden space 1536K, 100% used [0x00000000eab00000,0x00000000eac80000,0x00000000eac80000)
  from space 1024K, 73% used [0x00000000ead80000,0x00000000eae3d000,0x00000000eae80000)
  to   space 1024K, 0% used [0x00000000eac80000,0x00000000eac80000,0x00000000ead80000)
 ParOldGen       total 361984K, used 361651K [0x00000000c0000000, 0x00000000d6180000, 0x00000000eab00000)
  object space 361984K, 99% used [0x00000000c0000000,0x00000000d612ce10,0x00000000d6180000)
 Metaspace       used 63273K, committed 64832K, reserved 1114112K
  class space    used 6516K, committed 7168K, reserved 1048576K
}
Event: 63.772 GC heap after
{Heap after GC invocations=285 (full 4):
 PSYoungGen      total 2560K, used 2292K [0x00000000eab00000, 0x00000000eae80000, 0x0000000100000000)
  eden space 1536K, 100% used [0x00000000eab00000,0x00000000eac80000,0x00000000eac80000)
  from space 1024K, 73% used [0x00000000ead80000,0x00000000eae3d000,0x00000000eae80000)
  to   space 1024K, 77% used [0x00000000eac80000,0x00000000ead45eb8,0x00000000ead80000)
 ParOldGen       total 361984K, used 361651K [0x00000000c0000000, 0x00000000d6180000, 0x00000000eab00000)
  object space 361984K, 99% used [0x00000000c0000000,0x00000000d612ce10,0x00000000d6180000)
 Metaspace       used 63273K, committed 64832K, reserved 1114112K
  class space    used 6516K, committed 7168K, reserved 1048576K
}
Event: 63.772 GC heap before
{Heap before GC invocations=286 (full 5):
 PSYoungGen      total 2560K, used 2292K [0x00000000eab00000, 0x00000000eae80000, 0x0000000100000000)
  eden space 1536K, 100% used [0x00000000eab00000,0x00000000eac80000,0x00000000eac80000)
  from space 1024K, 73% used [0x00000000ead80000,0x00000000eae3d000,0x00000000eae80000)
  to   space 1024K, 77% used [0x00000000eac80000,0x00000000ead45eb8,0x00000000ead80000)
 ParOldGen       total 361984K, used 361651K [0x00000000c0000000, 0x00000000d6180000, 0x00000000eab00000)
  object space 361984K, 99% used [0x00000000c0000000,0x00000000d612ce10,0x00000000d6180000)
 Metaspace       used 63273K, committed 64832K, reserved 1114112K
  class space    used 6516K, committed 7168K, reserved 1048576K
}
Event: 64.166 GC heap after
{Heap after GC invocations=286 (full 5):
 PSYoungGen      total 2560K, used 0K [0x00000000eab00000, 0x00000000eae80000, 0x0000000100000000)
  eden space 1536K, 0% used [0x00000000eab00000,0x00000000eab00000,0x00000000eac80000)
  from space 1024K, 0% used [0x00000000eac80000,0x00000000eac80000,0x00000000ead80000)
  to   space 1024K, 0% used [0x00000000ead80000,0x00000000ead80000,0x00000000eae80000)
 ParOldGen       total 361984K, used 345571K [0x00000000c0000000, 0x00000000d6180000, 0x00000000eab00000)
  object space 361984K, 95% used [0x00000000c0000000,0x00000000d5178e08,0x00000000d6180000)
 Metaspace       used 63273K, committed 64832K, reserved 1114112K
  class space    used 6516K, committed 7168K, reserved 1048576K
}
Event: 64.215 GC heap before
{Heap before GC invocations=287 (full 5):
 PSYoungGen      total 2560K, used 1536K [0x00000000eab00000, 0x00000000eae80000, 0x0000000100000000)
  eden space 1536K, 100% used [0x00000000eab00000,0x00000000eac80000,0x00000000eac80000)
  from space 1024K, 0% used [0x00000000eac80000,0x00000000eac80000,0x00000000ead80000)
  to   space 1024K, 0% used [0x00000000ead80000,0x00000000ead80000,0x00000000eae80000)
 ParOldGen       total 361984K, used 345571K [0x00000000c0000000, 0x00000000d6180000, 0x00000000eab00000)
  object space 361984K, 95% used [0x00000000c0000000,0x00000000d5178e08,0x00000000d6180000)
 Metaspace       used 63273K, committed 64832K, reserved 1114112K
  class space    used 6516K, committed 7168K, reserved 1048576K
}
Event: 64.220 GC heap after
{Heap after GC invocations=287 (full 5):
 PSYoungGen      total 2560K, used 1024K [0x00000000eab00000, 0x00000000eae80000, 0x0000000100000000)
  eden space 1536K, 0% used [0x00000000eab00000,0x00000000eab00000,0x00000000eac80000)
  from space 1024K, 100% used [0x00000000ead80000,0x00000000eae80000,0x00000000eae80000)
  to   space 1024K, 0% used [0x00000000eac80000,0x00000000eac80000,0x00000000ead80000)
 ParOldGen       total 361984K, used 346066K [0x00000000c0000000, 0x00000000d6180000, 0x00000000eab00000)
  object space 361984K, 95% used [0x00000000c0000000,0x00000000d51f4ae0,0x00000000d6180000)
 Metaspace       used 63273K, committed 64832K, reserved 1114112K
  class space    used 6516K, committed 7168K, reserved 1048576K
}

Dll operation events (12 events):
Event: 0.022 Loaded shared library c:\Users\palak\.vscode\extensions\redhat.java-1.40.0-win32-x64\jre\21.0.6-win32-x86_64\bin\java.dll
Event: 0.295 Loaded shared library c:\Users\palak\.vscode\extensions\redhat.java-1.40.0-win32-x64\jre\21.0.6-win32-x86_64\bin\zip.dll
Event: 0.331 Loaded shared library C:\Users\palak\.vscode\extensions\redhat.java-1.40.0-win32-x64\jre\21.0.6-win32-x86_64\bin\instrument.dll
Event: 0.337 Loaded shared library C:\Users\palak\.vscode\extensions\redhat.java-1.40.0-win32-x64\jre\21.0.6-win32-x86_64\bin\net.dll
Event: 0.341 Loaded shared library C:\Users\palak\.vscode\extensions\redhat.java-1.40.0-win32-x64\jre\21.0.6-win32-x86_64\bin\nio.dll
Event: 0.347 Loaded shared library C:\Users\palak\.vscode\extensions\redhat.java-1.40.0-win32-x64\jre\21.0.6-win32-x86_64\bin\zip.dll
Event: 0.419 Loaded shared library C:\Users\palak\.vscode\extensions\redhat.java-1.40.0-win32-x64\jre\21.0.6-win32-x86_64\bin\jimage.dll
Event: 0.552 Loaded shared library c:\Users\palak\.vscode\extensions\redhat.java-1.40.0-win32-x64\jre\21.0.6-win32-x86_64\bin\verify.dll
Event: 12.073 Loaded shared library C:\Users\palak\AppData\Roaming\Code\User\globalStorage\redhat.java\1.40.0\config_win\org.eclipse.equinox.launcher\org.eclipse.equinox.launcher.win32.win32.x86_64_1.2.1200.v20250212-0927\eclipse_11909.dll
Event: 18.985 Loaded shared library C:\Users\palak\AppData\Local\Temp\jna-106430981\jna10287143580867682113.dll
Event: 23.552 Loaded shared library C:\Users\palak\.vscode\extensions\redhat.java-1.40.0-win32-x64\jre\21.0.6-win32-x86_64\bin\management.dll
Event: 23.597 Loaded shared library C:\Users\palak\.vscode\extensions\redhat.java-1.40.0-win32-x64\jre\21.0.6-win32-x86_64\bin\management_ext.dll

Deoptimization events (20 events):
Event: 59.739 Thread 0x000001c5ff096230 DEOPT PACKING pc=0x000001c5f44bfeb0 sp=0x000000ba4b5fefc0
Event: 59.739 Thread 0x000001c5ff096230 DEOPT UNPACKING pc=0x000001c5f38b3aa2 sp=0x000000ba4b5feee0 mode 2
Event: 59.744 Thread 0x000001c5ff096230 DEOPT PACKING pc=0x000001c5ec5772a5 sp=0x000000ba4b5fefc0
Event: 59.744 Thread 0x000001c5ff096230 DEOPT UNPACKING pc=0x000001c5f38b4242 sp=0x000000ba4b5fe458 mode 0
Event: 59.757 Thread 0x000001c5ff096230 DEOPT PACKING pc=0x000001c5ec5772a5 sp=0x000000ba4b5fefc0
Event: 59.757 Thread 0x000001c5ff096230 DEOPT UNPACKING pc=0x000001c5f38b4242 sp=0x000000ba4b5fe458 mode 0
Event: 59.767 Thread 0x000001c5ff096230 DEOPT PACKING pc=0x000001c5ec5772a5 sp=0x000000ba4b5fefe0
Event: 59.767 Thread 0x000001c5ff096230 DEOPT UNPACKING pc=0x000001c5f38b4242 sp=0x000000ba4b5fe478 mode 0
Event: 59.769 Thread 0x000001c5ff096230 DEOPT PACKING pc=0x000001c5ec5772a5 sp=0x000000ba4b5fefe0
Event: 59.769 Thread 0x000001c5ff096230 DEOPT UNPACKING pc=0x000001c5f38b4242 sp=0x000000ba4b5fe478 mode 0
Event: 59.785 Thread 0x000001c5ff096230 DEOPT PACKING pc=0x000001c5ec5772a5 sp=0x000000ba4b5fefe0
Event: 59.785 Thread 0x000001c5ff096230 DEOPT UNPACKING pc=0x000001c5f38b4242 sp=0x000000ba4b5fe478 mode 0
Event: 59.874 Thread 0x000001c5ff096230 DEOPT PACKING pc=0x000001c5ed19360b sp=0x000000ba4b5ff090
Event: 59.874 Thread 0x000001c5ff096230 DEOPT UNPACKING pc=0x000001c5f38b4242 sp=0x000000ba4b5fe558 mode 0
Event: 59.950 Thread 0x000001c5ff096230 DEOPT PACKING pc=0x000001c5ec5772a5 sp=0x000000ba4b5fefe0
Event: 59.950 Thread 0x000001c5ff096230 DEOPT UNPACKING pc=0x000001c5f38b4242 sp=0x000000ba4b5fe478 mode 0
Event: 60.007 Thread 0x000001c5ff096230 Uncommon trap: trap_request=0xfffffff4 fr.pc=0x000001c5f4209068 relative=0x0000000000001dc8
Event: 60.007 Thread 0x000001c5ff096230 Uncommon trap: reason=null_check action=make_not_entrant pc=0x000001c5f4209068 method=org.eclipse.jdt.internal.core.index.DiskIndex.copyQueryResults(Lorg/eclipse/jdt/internal/compiler/util/HashtableOfObject;I)V @ 51 c2
Event: 60.007 Thread 0x000001c5ff096230 DEOPT PACKING pc=0x000001c5f4209068 sp=0x000000ba4b5ff0a0
Event: 60.007 Thread 0x000001c5ff096230 DEOPT UNPACKING pc=0x000001c5f38b3aa2 sp=0x000000ba4b5ff070 mode 2

Classes loaded (20 events):
Event: 43.614 Loading class java/util/Collections$SynchronizedList done
Event: 43.614 Loading class java/util/Collections$SynchronizedRandomAccessList done
Event: 43.640 Loading class java/util/concurrent/CompletableFuture$Signaller
Event: 43.640 Loading class java/util/concurrent/CompletableFuture$Signaller done
Event: 44.433 Loading class jdk/internal/module/IllegalAccessLogger
Event: 44.433 Loading class jdk/internal/module/IllegalAccessLogger done
Event: 45.118 Loading class java/nio/charset/CharacterCodingException
Event: 45.118 Loading class java/nio/charset/CharacterCodingException done
Event: 45.119 Loading class java/io/SequenceInputStream
Event: 45.119 Loading class java/io/SequenceInputStream done
Event: 45.161 Loading class org/xml/sax/SAXNotRecognizedException
Event: 45.161 Loading class org/xml/sax/SAXNotRecognizedException done
Event: 45.161 Loading class org/xml/sax/SAXNotSupportedException
Event: 45.161 Loading class org/xml/sax/SAXNotSupportedException done
Event: 45.163 Loading class com/sun/org/apache/xerces/internal/util/URI
Event: 45.167 Loading class com/sun/org/apache/xerces/internal/util/URI done
Event: 45.187 Loading class com/sun/org/apache/xerces/internal/xni/XNIException
Event: 45.193 Loading class com/sun/org/apache/xerces/internal/xni/XNIException done
Event: 45.193 Loading class com/sun/org/apache/xerces/internal/xni/parser/XMLParseException
Event: 45.194 Loading class com/sun/org/apache/xerces/internal/xni/parser/XMLParseException done

Classes unloaded (7 events):
Event: 21.454 Thread 0x000001c5fd46faa0 Unloading class 0x000001c58119cc00 'java/lang/invoke/LambdaForm$MH+0x000001c58119cc00'
Event: 21.454 Thread 0x000001c5fd46faa0 Unloading class 0x000001c58119c800 'java/lang/invoke/LambdaForm$MH+0x000001c58119c800'
Event: 21.454 Thread 0x000001c5fd46faa0 Unloading class 0x000001c58119c400 'java/lang/invoke/LambdaForm$MH+0x000001c58119c400'
Event: 21.454 Thread 0x000001c5fd46faa0 Unloading class 0x000001c58119c000 'java/lang/invoke/LambdaForm$MH+0x000001c58119c000'
Event: 21.455 Thread 0x000001c5fd46faa0 Unloading class 0x000001c58119bc00 'java/lang/invoke/LambdaForm$BMH+0x000001c58119bc00'
Event: 21.455 Thread 0x000001c5fd46faa0 Unloading class 0x000001c58119b800 'java/lang/invoke/LambdaForm$DMH+0x000001c58119b800'
Event: 21.455 Thread 0x000001c5fd46faa0 Unloading class 0x000001c58119a400 'java/lang/invoke/LambdaForm$DMH+0x000001c58119a400'

Classes redefined (0 events):
No events

Internal exceptions (20 events):
Event: 43.522 Thread 0x000001c5ff096f50 Exception <a 'sun/nio/fs/WindowsException'{0x00000000eb04ae10}> (0x00000000eb04ae10) 
thrown [s\src\hotspot\share\prims\jni.cpp, line 520]
Event: 43.522 Thread 0x000001c5ff096f50 Exception <a 'sun/nio/fs/WindowsException'{0x00000000eb04b508}> (0x00000000eb04b508) 
thrown [s\src\hotspot\share\prims\jni.cpp, line 520]
Event: 43.525 Thread 0x000001c5ff096f50 Exception <a 'sun/nio/fs/WindowsException'{0x00000000eb04eaf8}> (0x00000000eb04eaf8) 
thrown [s\src\hotspot\share\prims\jni.cpp, line 520]
Event: 43.525 Thread 0x000001c5ff096f50 Exception <a 'sun/nio/fs/WindowsException'{0x00000000eb04f118}> (0x00000000eb04f118) 
thrown [s\src\hotspot\share\prims\jni.cpp, line 520]
Event: 43.526 Thread 0x000001c5ff096f50 Exception <a 'sun/nio/fs/WindowsException'{0x00000000eb04f738}> (0x00000000eb04f738) 
thrown [s\src\hotspot\share\prims\jni.cpp, line 520]
Event: 43.526 Thread 0x000001c5ff096f50 Exception <a 'sun/nio/fs/WindowsException'{0x00000000eb04fd70}> (0x00000000eb04fd70) 
thrown [s\src\hotspot\share\prims\jni.cpp, line 520]
Event: 43.527 Thread 0x000001c5ff096f50 Exception <a 'sun/nio/fs/WindowsException'{0x00000000eb053210}> (0x00000000eb053210) 
thrown [s\src\hotspot\share\prims\jni.cpp, line 520]
Event: 43.528 Thread 0x000001c5ff096f50 Exception <a 'sun/nio/fs/WindowsException'{0x00000000eb053840}> (0x00000000eb053840) 
thrown [s\src\hotspot\share\prims\jni.cpp, line 520]
Event: 43.529 Thread 0x000001c5ff096f50 Exception <a 'sun/nio/fs/WindowsException'{0x00000000eb053e70}> (0x00000000eb053e70) 
thrown [s\src\hotspot\share\prims\jni.cpp, line 520]
Event: 43.529 Thread 0x000001c5ff096f50 Exception <a 'sun/nio/fs/WindowsException'{0x00000000eb0544c0}> (0x00000000eb0544c0) 
thrown [s\src\hotspot\share\prims\jni.cpp, line 520]
Event: 43.533 Thread 0x000001c5ff096f50 Exception <a 'sun/nio/fs/WindowsException'{0x00000000eb057bb0}> (0x00000000eb057bb0) 
thrown [s\src\hotspot\share\prims\jni.cpp, line 520]
Event: 43.533 Thread 0x000001c5ff096f50 Exception <a 'sun/nio/fs/WindowsException'{0x00000000eb058210}> (0x00000000eb058210) 
thrown [s\src\hotspot\share\prims\jni.cpp, line 520]
Event: 43.533 Thread 0x000001c5ff096f50 Exception <a 'sun/nio/fs/WindowsException'{0x00000000eb058870}> (0x00000000eb058870) 
thrown [s\src\hotspot\share\prims\jni.cpp, line 520]
Event: 43.536 Thread 0x000001c5ff096f50 Exception <a 'sun/nio/fs/WindowsException'{0x00000000eb058ef0}> (0x00000000eb058ef0) 
thrown [s\src\hotspot\share\prims\jni.cpp, line 520]
Event: 43.619 Thread 0x000001c5ffd05200 Exception <a 'java/lang/IncompatibleClassChangeError'{0x00000000eb356370}: Found class java.lang.Object, but interface was expected> (0x00000000eb356370) 
thrown [s\src\hotspot\share\interpreter\linkResolver.cpp, line 840]
Event: 43.966 Thread 0x000001c5ff096230 Implicit null exception at 0x000001c5f449599b to 0x000001c5f449bc08
Event: 44.043 Thread 0x000001c5ff097c70 Implicit null exception at 0x000001c5f4237efe to 0x000001c5f423820c
Event: 45.046 Thread 0x000001c5ff097c70 Exception <a 'java/lang/NoSuchMethodError'{0x00000000eb5e6668}: 'java.lang.Object java.lang.invoke.DirectMethodHandle$Holder.invokeStatic(java.lang.Object, java.lang.Object, int, java.lang.Object)'> (0x00000000eb5e6668) 
thrown [s\src\hotspot\share\interpreter\linkResolver.cpp, line 773]
Event: 45.282 Thread 0x000001c5ff097c70 Exception <a 'java/io/FileNotFoundException'{0x00000000eac1a9d0}> (0x00000000eac1a9d0) 
thrown [s\src\hotspot\share\prims\jni.cpp, line 520]
Event: 45.282 Thread 0x000001c5ff097c70 Exception <a 'java/io/FileNotFoundException'{0x00000000eac1b9e8}> (0x00000000eac1b9e8) 
thrown [s\src\hotspot\share\prims\jni.cpp, line 520]

ZGC Phase Switch (0 events):
No events

VM Operations (20 events):
Event: 62.925 Executing VM operation: ParallelGCFailedAllocation (Allocation Failure)
Event: 62.932 Executing VM operation: ParallelGCFailedAllocation (Allocation Failure) done
Event: 62.940 Executing VM operation: ParallelGCFailedAllocation (Allocation Failure)
Event: 62.945 Executing VM operation: ParallelGCFailedAllocation (Allocation Failure) done
Event: 63.068 Executing VM operation: ParallelGCFailedAllocation (Allocation Failure)
Event: 63.076 Executing VM operation: ParallelGCFailedAllocation (Allocation Failure) done
Event: 63.114 Executing VM operation: ParallelGCFailedAllocation (Allocation Failure)
Event: 63.122 Executing VM operation: ParallelGCFailedAllocation (Allocation Failure) done
Event: 63.178 Executing VM operation: ParallelGCFailedAllocation (Allocation Failure)
Event: 63.186 Executing VM operation: ParallelGCFailedAllocation (Allocation Failure) done
Event: 63.368 Executing VM operation: ParallelGCFailedAllocation (Allocation Failure)
Event: 63.390 Executing VM operation: ParallelGCFailedAllocation (Allocation Failure) done
Event: 63.680 Executing VM operation: ParallelGCFailedAllocation (Allocation Failure)
Event: 63.687 Executing VM operation: ParallelGCFailedAllocation (Allocation Failure) done
Event: 63.693 Executing VM operation: ParallelGCFailedAllocation (Allocation Failure)
Event: 63.697 Executing VM operation: ParallelGCFailedAllocation (Allocation Failure) done
Event: 63.766 Executing VM operation: ParallelGCFailedAllocation (Allocation Failure)
Event: 64.166 Executing VM operation: ParallelGCFailedAllocation (Allocation Failure) done
Event: 64.215 Executing VM operation: ParallelGCFailedAllocation (Allocation Failure)
Event: 64.220 Executing VM operation: ParallelGCFailedAllocation (Allocation Failure) done

Memory protections (0 events):
No events

Nmethod flushes (20 events):
Event: 63.973 Thread 0x000001c5fd46faa0 flushing  nmethod 0x000001c5ed91c010
Event: 63.973 Thread 0x000001c5fd46faa0 flushing  nmethod 0x000001c5ed951310
Event: 63.973 Thread 0x000001c5fd46faa0 flushing  nmethod 0x000001c5ed95dc90
Event: 63.973 Thread 0x000001c5fd46faa0 flushing  nmethod 0x000001c5ed96ed10
Event: 63.973 Thread 0x000001c5fd46faa0 flushing  nmethod 0x000001c5ed972310
Event: 63.973 Thread 0x000001c5fd46faa0 flushing  nmethod 0x000001c5ed97bc90
Event: 63.973 Thread 0x000001c5fd46faa0 flushing  nmethod 0x000001c5ed984e10
Event: 63.973 Thread 0x000001c5fd46faa0 flushing  nmethod 0x000001c5ed985490
Event: 63.973 Thread 0x000001c5fd46faa0 flushing  nmethod 0x000001c5ed986f10
Event: 63.973 Thread 0x000001c5fd46faa0 flushing  nmethod 0x000001c5ed997210
Event: 63.973 Thread 0x000001c5fd46faa0 flushing  nmethod 0x000001c5eda48910
Event: 63.973 Thread 0x000001c5fd46faa0 flushing  nmethod 0x000001c5eda6da90
Event: 63.973 Thread 0x000001c5fd46faa0 flushing  nmethod 0x000001c5eda6eb90
Event: 63.973 Thread 0x000001c5fd46faa0 flushing  nmethod 0x000001c5eda75310
Event: 63.973 Thread 0x000001c5fd46faa0 flushing  nmethod 0x000001c5eda7f910
Event: 63.973 Thread 0x000001c5fd46faa0 flushing  nmethod 0x000001c5eda82e90
Event: 63.973 Thread 0x000001c5fd46faa0 flushing  nmethod 0x000001c5eda84810
Event: 63.973 Thread 0x000001c5fd46faa0 flushing  nmethod 0x000001c5eda86e90
Event: 63.973 Thread 0x000001c5fd46faa0 flushing  nmethod 0x000001c5eda88010
Event: 63.973 Thread 0x000001c5fd46faa0 flushing  nmethod 0x000001c5eda8fd90

Events (20 events):
Event: 41.391 Thread 0x000001c5c7d67de0 Thread exited: 0x000001c5c7d67de0
Event: 41.391 Thread 0x000001c5c7d63c40 Thread exited: 0x000001c5c7d63c40
Event: 41.391 Thread 0x000001c5c7d68470 Thread exited: 0x000001c5c7d68470
Event: 41.391 Thread 0x000001c5c7d67750 Thread exited: 0x000001c5c7d67750
Event: 41.393 Thread 0x000001c5c7d670c0 Thread exited: 0x000001c5c7d670c0
Event: 42.178 Thread 0x000001c5ff096f50 Thread added: 0x000001c5c7d663a0
Event: 42.180 Thread 0x000001c5ff096f50 Thread added: 0x000001c5c7d670c0
Event: 42.180 Thread 0x000001c5ff096f50 Thread added: 0x000001c5c7d63c40
Event: 42.183 Thread 0x000001c5ff096f50 Thread added: 0x000001c5c7d69820
Event: 42.191 Thread 0x000001c5ff096f50 Thread added: 0x000001c5c7d67de0
Event: 42.300 Thread 0x000001c5c7d663a0 Thread exited: 0x000001c5c7d663a0
Event: 42.300 Thread 0x000001c5c7d69820 Thread exited: 0x000001c5c7d69820
Event: 42.302 Thread 0x000001c5c7d670c0 Thread exited: 0x000001c5c7d670c0
Event: 42.302 Thread 0x000001c5c7d67de0 Thread exited: 0x000001c5c7d67de0
Event: 42.302 Thread 0x000001c5c7d63c40 Thread exited: 0x000001c5c7d63c40
Event: 45.540 Thread 0x000001c5c60626e0 Thread exited: 0x000001c5c60626e0
Event: 46.432 Thread 0x000001c5fd485be0 Thread added: 0x000001c5c8715670
Event: 49.567 Thread 0x000001c5c8715670 Thread exited: 0x000001c5c8715670
Event: 56.260 Thread 0x000001c5fd485be0 Thread added: 0x000001c5c7d53420
Event: 57.158 Thread 0x000001c5c7d53420 Thread exited: 0x000001c5c7d53420


Dynamic libraries:
0x00007ff69e000000 - 0x00007ff69e00e000 	c:\Users\palak\.vscode\extensions\redhat.java-1.40.0-win32-x64\jre\21.0.6-win32-x86_64\bin\java.exe
0x00007ffc51e00000 - 0x00007ffc52063000 	C:\WINDOWS\SYSTEM32\ntdll.dll
0x00007ffc50cb0000 - 0x00007ffc50d77000 	C:\WINDOWS\System32\KERNEL32.DLL
0x00007ffc4f200000 - 0x00007ffc4f5c9000 	C:\WINDOWS\System32\KERNELBASE.dll
0x00007ffc4fad0000 - 0x00007ffc4fc1c000 	C:\WINDOWS\System32\ucrtbase.dll
0x00007ffc46840000 - 0x00007ffc46858000 	c:\Users\palak\.vscode\extensions\redhat.java-1.40.0-win32-x64\jre\21.0.6-win32-x86_64\bin\jli.dll
0x00007ffc51630000 - 0x00007ffc517fa000 	C:\WINDOWS\System32\USER32.dll
0x00007ffc4f000000 - 0x00007ffc4f027000 	C:\WINDOWS\System32\win32u.dll
0x00007ffc512f0000 - 0x00007ffc5131a000 	C:\WINDOWS\System32\GDI32.dll
0x00007ffc4f030000 - 0x00007ffc4f161000 	C:\WINDOWS\System32\gdi32full.dll
0x00007ffc4f690000 - 0x00007ffc4f733000 	C:\WINDOWS\System32\msvcp_win.dll
0x00007ffc446c0000 - 0x00007ffc446de000 	c:\Users\palak\.vscode\extensions\redhat.java-1.40.0-win32-x64\jre\21.0.6-win32-x86_64\bin\VCRUNTIME140.dll
0x00007ffc2f9a0000 - 0x00007ffc2fc30000 	C:\WINDOWS\WinSxS\amd64_microsoft.windows.common-controls_6595b64144ccf1df_6.0.26100.3323_none_3e088096e3344490\COMCTL32.dll
0x00007ffc51c40000 - 0x00007ffc51ce9000 	C:\WINDOWS\System32\msvcrt.dll
0x00007ffc51d80000 - 0x00007ffc51daf000 	C:\WINDOWS\System32\IMM32.DLL
0x00007ffc446b0000 - 0x00007ffc446bc000 	c:\Users\palak\.vscode\extensions\redhat.java-1.40.0-win32-x64\jre\21.0.6-win32-x86_64\bin\vcruntime140_1.dll
0x00007ffc14050000 - 0x00007ffc140dd000 	c:\Users\palak\.vscode\extensions\redhat.java-1.40.0-win32-x64\jre\21.0.6-win32-x86_64\bin\msvcp140.dll
0x00007ffbc0e00000 - 0x00007ffbc1b90000 	c:\Users\palak\.vscode\extensions\redhat.java-1.40.0-win32-x64\jre\21.0.6-win32-x86_64\bin\server\jvm.dll
0x00007ffc51a20000 - 0x00007ffc51ad2000 	C:\WINDOWS\System32\ADVAPI32.dll
0x00007ffc513a0000 - 0x00007ffc51446000 	C:\WINDOWS\System32\sechost.dll
0x00007ffc4fc30000 - 0x00007ffc4fd46000 	C:\WINDOWS\System32\RPCRT4.dll
0x00007ffc50d80000 - 0x00007ffc50df4000 	C:\WINDOWS\System32\WS2_32.dll
0x00007ffc488d0000 - 0x00007ffc48906000 	C:\WINDOWS\SYSTEM32\WINMM.dll
0x00007ffc4ee90000 - 0x00007ffc4eede000 	C:\WINDOWS\SYSTEM32\POWRPROF.dll
0x00007ffc48910000 - 0x00007ffc4891b000 	C:\WINDOWS\SYSTEM32\VERSION.dll
0x00007ffc4ee70000 - 0x00007ffc4ee84000 	C:\WINDOWS\SYSTEM32\UMPDC.dll
0x00007ffc4de20000 - 0x00007ffc4de3a000 	C:\WINDOWS\SYSTEM32\kernel.appcore.dll
0x00007ffc377e0000 - 0x00007ffc377ea000 	c:\Users\palak\.vscode\extensions\redhat.java-1.40.0-win32-x64\jre\21.0.6-win32-x86_64\bin\jimage.dll
0x00007ffc3fc90000 - 0x00007ffc3fed1000 	C:\WINDOWS\SYSTEM32\DBGHELP.DLL
0x00007ffc50f60000 - 0x00007ffc512e2000 	C:\WINDOWS\System32\combase.dll
0x00007ffc4ffb0000 - 0x00007ffc50086000 	C:\WINDOWS\System32\OLEAUT32.dll
0x00007ffc32990000 - 0x00007ffc329c9000 	C:\WINDOWS\SYSTEM32\dbgcore.DLL
0x00007ffc4f8c0000 - 0x00007ffc4f959000 	C:\WINDOWS\System32\bcryptPrimitives.dll
0x00007ffc37790000 - 0x00007ffc3779f000 	c:\Users\palak\.vscode\extensions\redhat.java-1.40.0-win32-x64\jre\21.0.6-win32-x86_64\bin\instrument.dll
0x00007ffc30aa0000 - 0x00007ffc30abf000 	c:\Users\palak\.vscode\extensions\redhat.java-1.40.0-win32-x64\jre\21.0.6-win32-x86_64\bin\java.dll
0x00007ffc500e0000 - 0x00007ffc507f5000 	C:\WINDOWS\System32\SHELL32.dll
0x00007ffc4f960000 - 0x00007ffc4fac8000 	C:\WINDOWS\System32\wintypes.dll
0x00007ffc4cce0000 - 0x00007ffc4d525000 	C:\WINDOWS\SYSTEM32\windows.storage.dll
0x00007ffc51800000 - 0x00007ffc518eb000 	C:\WINDOWS\System32\SHCORE.dll
0x00007ffc51be0000 - 0x00007ffc51c3d000 	C:\WINDOWS\System32\shlwapi.dll
0x00007ffc4ef10000 - 0x00007ffc4ef3f000 	C:\WINDOWS\SYSTEM32\profapi.dll
0x00007ffc30a80000 - 0x00007ffc30a98000 	c:\Users\palak\.vscode\extensions\redhat.java-1.40.0-win32-x64\jre\21.0.6-win32-x86_64\bin\zip.dll
0x00007ffc354a0000 - 0x00007ffc354b0000 	C:\Users\palak\.vscode\extensions\redhat.java-1.40.0-win32-x64\jre\21.0.6-win32-x86_64\bin\net.dll
0x00007ffc43890000 - 0x00007ffc439ae000 	C:\WINDOWS\SYSTEM32\WINHTTP.dll
0x00007ffc4e340000 - 0x00007ffc4e3aa000 	C:\WINDOWS\system32\mswsock.dll
0x00007ffc27fd0000 - 0x00007ffc27fe6000 	C:\Users\palak\.vscode\extensions\redhat.java-1.40.0-win32-x64\jre\21.0.6-win32-x86_64\bin\nio.dll
0x00007ffc32970000 - 0x00007ffc32980000 	c:\Users\palak\.vscode\extensions\redhat.java-1.40.0-win32-x64\jre\21.0.6-win32-x86_64\bin\verify.dll
0x00007ffbec5b0000 - 0x00007ffbec5f5000 	C:\Users\palak\AppData\Roaming\Code\User\globalStorage\redhat.java\1.40.0\config_win\org.eclipse.equinox.launcher\org.eclipse.equinox.launcher.win32.win32.x86_64_1.2.1200.v20250212-0927\eclipse_11909.dll
0x00007ffc51490000 - 0x00007ffc51625000 	C:\WINDOWS\System32\ole32.dll
0x00007ffc4e5e0000 - 0x00007ffc4e5fc000 	C:\WINDOWS\SYSTEM32\CRYPTSP.dll
0x00007ffc4dd80000 - 0x00007ffc4ddba000 	C:\WINDOWS\system32\rsaenh.dll
0x00007ffc4e3e0000 - 0x00007ffc4e40b000 	C:\WINDOWS\SYSTEM32\USERENV.dll
0x00007ffc4e820000 - 0x00007ffc4e846000 	C:\WINDOWS\SYSTEM32\bcrypt.dll
0x00007ffc4e600000 - 0x00007ffc4e60c000 	C:\WINDOWS\SYSTEM32\CRYPTBASE.dll
0x00007ffc4d820000 - 0x00007ffc4d853000 	C:\WINDOWS\SYSTEM32\IPHLPAPI.DLL
0x00007ffc50800000 - 0x00007ffc5080a000 	C:\WINDOWS\System32\NSI.dll
0x00007ffbe98f0000 - 0x00007ffbe9939000 	C:\Users\palak\AppData\Local\Temp\jna-106430981\jna10287143580867682113.dll
0x00007ffc4fc20000 - 0x00007ffc4fc28000 	C:\WINDOWS\System32\PSAPI.DLL
0x00007ffc30a70000 - 0x00007ffc30a7a000 	C:\Users\palak\.vscode\extensions\redhat.java-1.40.0-win32-x64\jre\21.0.6-win32-x86_64\bin\management.dll
0x00007ffc2bf50000 - 0x00007ffc2bf5b000 	C:\Users\palak\.vscode\extensions\redhat.java-1.40.0-win32-x64\jre\21.0.6-win32-x86_64\bin\management_ext.dll
0x00007ffc43860000 - 0x00007ffc4387f000 	C:\WINDOWS\SYSTEM32\dhcpcsvc6.DLL
0x00007ffc43830000 - 0x00007ffc43855000 	C:\WINDOWS\SYSTEM32\dhcpcsvc.DLL

dbghelp: loaded successfully - version: 4.0.5 - missing functions: none
symbol engine: initialized successfully - sym options: 0x614 - pdb path: .;c:\Users\palak\.vscode\extensions\redhat.java-1.40.0-win32-x64\jre\21.0.6-win32-x86_64\bin;C:\WINDOWS\SYSTEM32;C:\WINDOWS\WinSxS\amd64_microsoft.windows.common-controls_6595b64144ccf1df_6.0.26100.3323_none_3e088096e3344490;c:\Users\palak\.vscode\extensions\redhat.java-1.40.0-win32-x64\jre\21.0.6-win32-x86_64\bin\server;C:\Users\palak\AppData\Roaming\Code\User\globalStorage\redhat.java\1.40.0\config_win\org.eclipse.equinox.launcher\org.eclipse.equinox.launcher.win32.win32.x86_64_1.2.1200.v20250212-0927;C:\Users\palak\AppData\Local\Temp\jna-106430981

VM Arguments:
jvm_args: --add-modules=ALL-SYSTEM --add-opens=java.base/java.util=ALL-UNNAMED --add-opens=java.base/java.lang=ALL-UNNAMED --add-opens=java.base/sun.nio.fs=ALL-UNNAMED -Declipse.application=org.eclipse.jdt.ls.core.id1 -Dosgi.bundles.defaultStartLevel=4 -Declipse.product=org.eclipse.jdt.ls.core.product -Djava.import.generatesMetadataFilesAtProjectRoot=false -DDetectVMInstallationsJob.disabled=true -Dfile.encoding=utf8 -XX:+UseParallelGC -XX:GCTimeRatio=4 -XX:AdaptiveSizePolicyWeight=90 -Dsun.zip.disableMemoryMapping=true -Xmx1G -Xms100m -Xlog:disable -javaagent:c:\Users\palak\.vscode\extensions\redhat.java-1.40.0-win32-x64\lombok\lombok-1.18.36.jar -XX:+HeapDumpOnOutOfMemoryError -XX:HeapDumpPath=c:\Users\palak\AppData\Roaming\Code\User\workspaceStorage\632f04cdbe9e26a6a5769c745b0508de\redhat.java -Daether.dependencyCollector.impl=bf 
java_command: c:\Users\palak\.vscode\extensions\redhat.java-1.40.0-win32-x64\server\plugins\org.eclipse.equinox.launcher_1.6.1000.v20250131-0606.jar -configuration c:\Users\palak\AppData\Roaming\Code\User\globalStorage\redhat.java\1.40.0\config_win -data c:\Users\palak\AppData\Roaming\Code\User\workspaceStorage\632f04cdbe9e26a6a5769c745b0508de\redhat.java\jdt_ws --pipe=\\.\pipe\lsp-9506ad09333f3e829e6ad5215d40d740-sock
java_class_path (initial): c:\Users\palak\.vscode\extensions\redhat.java-1.40.0-win32-x64\server\plugins\org.eclipse.equinox.launcher_1.6.1000.v20250131-0606.jar
Launcher Type: SUN_STANDARD

[Global flags]
    uintx AdaptiveSizePolicyWeight                 = 90                                        {product} {command line}
     intx CICompilerCount                          = 3                                         {product} {ergonomic}
    uintx GCTimeRatio                              = 4                                         {product} {command line}
     bool HeapDumpOnOutOfMemoryError               = true                                   {manageable} {command line}
    ccstr HeapDumpPath                             = c:\Users\palak\AppData\Roaming\Code\User\workspaceStorage\632f04cdbe9e26a6a5769c745b0508de\redhat.java         {manageable} {command line}
   size_t InitialHeapSize                          = 104857600                                 {product} {command line}
   size_t MaxHeapSize                              = 1073741824                                {product} {command line}
   size_t MaxNewSize                               = 357564416                                 {product} {ergonomic}
   size_t MinHeapDeltaBytes                        = 524288                                    {product} {ergonomic}
   size_t MinHeapSize                              = 104857600                                 {product} {command line}
   size_t NewSize                                  = 34603008                                  {product} {ergonomic}
    uintx NonNMethodCodeHeapSize                   = 5832780                                {pd product} {ergonomic}
    uintx NonProfiledCodeHeapSize                  = 122912730                              {pd product} {ergonomic}
   size_t OldSize                                  = 70254592                                  {product} {ergonomic}
    uintx ProfiledCodeHeapSize                     = 122912730                              {pd product} {ergonomic}
    uintx ReservedCodeCacheSize                    = 251658240                              {pd product} {ergonomic}
     bool SegmentedCodeCache                       = true                                      {product} {ergonomic}
   size_t SoftMaxHeapSize                          = 1073741824                             {manageable} {ergonomic}
     bool UseCompressedOops                        = true                           {product lp64_product} {ergonomic}
     bool UseLargePagesIndividualAllocation        = false                                  {pd product} {ergonomic}
     bool UseParallelGC                            = true                                      {product} {command line}

Logging:
Log output configuration:
 #0: stdout all=off uptime,level,tags foldmultilines=false
 #1: stderr all=off uptime,level,tags foldmultilines=false

Environment Variables:
JAVA_HOME=C:\Users\palak\Downloads\java-21-openjdk-21.0.1.0.12-3.win.jdk.x86_64\java-21-openjdk-21.0.1.0.12-3.win.jdk.x86_64
PATH=C:\Program Files (x86)\Common Files\Oracle\Java\java8path;C:\Program Files (x86)\Common Files\Oracle\Java\javapath;C:\WINDOWS\system32;C:\WINDOWS;C:\WINDOWS\System32\Wbem;C:\WINDOWS\System32\WindowsPowerShell\v1.0\;C:\WINDOWS\System32\OpenSSH\;C:\Users\palak\Downloads\java-21-openjdk-21.0.1.0.12-3.win.jdk.x86_64\java-21-openjdk-21.0.1.0.12-3.win.jdk.x86_64\bin;C:\Users\palak\Downloads\apache-maven-3.9.8-bin\bin;c:\users\palak\appdata\local\packages\pythonsoftwarefoundation.python.3.11_qbz5n2kfra8p0\localcache\local-packages\python311\site-packages;C:\ProgramData\chocolatey\bin;C:\Program Files\nodejs\;C:\Users\palak\AppData\Local\Programs\Python\Python312\Scripts;C:\Program Files\Git\cmd;C:\Users\palak\Downloads\flutter_windows_3.27.3-stable\flutter\bin;C:\Users\palak\AppData\Local\Android\Sdk\cmdline-tools\latest\bin;C:\Users\palak\AppData\Local\Android\Sdk\platform-tools;C:\ffmpeg;C:\Program Files\MongoDB\Server\8.0\bin;C:\Users\palak\AppData\Local\Programs\Python\Python313\Scripts\;C:\Users\palak\AppData\Local\Programs\Python\Python313\;C:\Users\palak\AppData\Local\Programs\Python\Python312\Scripts\;C:\Users\palak\AppData\Local\Programs\Python\Python312\;C:\Users\palak\AppData\Local\Programs\Python\Launcher\;C:\Program Files\MySQL\MySQL Shell 8.0\bin\;C:\Users\palak\AppData\Local\Microsoft\WindowsApps;C:\Users\palak\AppData\Local\Programs\Microsoft VS Code\bin;C:\Program Files\JetBrains\IntelliJ IDEA Community Edition 2023.3.3\bin;C:\Users\palak\AppData\Local\JetBrains\CLion 2023.3.4\bin;C:\Program Files\JetBrains\PyCharm 2024.1.2\bin;C:\Program Files\JetBrains\PyCharm Community Edition 2024.1.4\bin;C:\Users\palak\AppData\Local\JetBrains\Toolbox\scripts;C:\Users\palak\AppData\Roaming\npm;C:\Users\palak\AppData\Local\GitHubDesktop\bin;C:\Users\palak\AppData\Local\Microsoft\WindowsApps;
USERNAME=palak
OS=Windows_NT
PROCESSOR_IDENTIFIER=AMD64 Family 23 Model 24 Stepping 1, AuthenticAMD
TMP=C:\Users\palak\AppData\Local\Temp
TEMP=C:\Users\palak\AppData\Local\Temp




Periodic native trim disabled

---------------  S Y S T E M  ---------------

OS:
 Windows 11 , 64 bit Build 26100 (10.0.26100.3323)
OS uptime: 0 days 1:44 hours

CPU: total 4 (initial active 4) (4 cores per cpu, 2 threads per core) family 23 model 24 stepping 1 microcode 0x8108109, cx8, cmov, fxsr, ht, mmx, 3dnowpref, sse, sse2, sse3, ssse3, sse4a, sse4.1, sse4.2, popcnt, lzcnt, tsc, tscinvbit, avx, avx2, aes, clmul, bmi1, bmi2, adx, sha, fma, vzeroupper, clflush, clflushopt, rdtscp, f16c
Processor Information for the first 4 processors :
  Max Mhz: 2600, Current Mhz: 2600, Mhz Limit: 2600

Memory: 4k page, system-wide physical 6086M (591M free)
TotalPageFile size 14278M (AvailPageFile size 263M)
current process WorkingSet (physical memory assigned to process): 630M, peak: 630M
current process commit charge ("private bytes"): 571M, peak: 925M

vm_info: OpenJDK 64-Bit Server VM (21.0.6+7-LTS) for windows-amd64 JRE (21.0.6+7-LTS), built on 2025-01-21T00:00:00Z by "admin" with MS VC++ 17.7 (VS2022)

END.
