#
# There is insufficient memory for the Java Runtime Environment to continue.
# Native memory allocation (malloc) failed to allocate 198576 bytes for Chunk::new
# Possible reasons:
#   The system is out of physical RAM or swap space
#   The process is running with CompressedOops enabled, and the Java Heap may be blocking the growth of the native heap
# Possible solutions:
#   Reduce memory load on the system
#   Increase physical memory or swap space
#   Check if swap backing store is full
#   Decrease Java heap size (-Xmx/-Xms)
#   Decrease number of Java threads
#   Decrease Java thread stack sizes (-Xss)
#   Set larger code cache with -XX:ReservedCodeCacheSize=
#   JVM is running with Unscaled Compressed Oops mode in which the Java heap is
#     placed in the first 4GB address space. The Java Heap base address is the
#     maximum limit for the native heap growth. Please use -XX:HeapBaseMinAddress
#     to set the Java Heap base and to place the Java Heap above 4GB virtual address.
# This output file may be truncated or incomplete.
#
#  Out of Memory Error (arena.cpp:168), pid=1800, tid=16684
#
# JRE version: OpenJDK Runtime Environment (Red_Hat-21.0.1.0+12-3) (21.0.1+12) (build 21.0.1+12-LTS)
# Java VM: OpenJDK 64-Bit Server VM (Red_Hat-21.0.1.0+12-3) (21.0.1+12-LTS, mixed mode, sharing, tiered, compressed oops, compressed class ptrs, g1 gc, windows-amd64)
# No core dump will be written. Minidumps are not enabled by default on client versions of Windows
#

---------------  S U M M A R Y ------------

Command Line: -Dclassworlds.conf=C:\Users\palak\Downloads\apache-maven-3.9.8-bin\bin\m2.conf -Dmaven.home=C:\Users\palak\Downloads\apache-maven-3.9.8-bin -Dlibrary.jansi.path=C:\Users\palak\Downloads\apache-maven-3.9.8-bin\lib\jansi-native -Dmaven.multiModuleProjectDirectory=C:\Users\palak\Downloads\demo org.codehaus.plexus.classworlds.launcher.Launcher spring-boot:run

Host: AMD Ryzen 3 3250U with Radeon Graphics         , 4 cores, 5G,  Windows 11 , 64 bit Build 26100 (10.0.26100.3037)
Time: Wed Feb 19 18:41:22 2025 India Standard Time elapsed time: 4.211491 seconds (0d 0h 0m 4s)

---------------  T H R E A D  ---------------

Current thread (0x000001f7b95015c0):  JavaThread "C2 CompilerThread0" daemon [_thread_in_native, id=16684, stack(0x00000036d3c00000,0x00000036d3d00000) (1024K)]


Current CompileTask:
C2:   4211 1150   !   4       sun.nio.cs.StreamDecoder::read (78 bytes)

Stack: [0x00000036d3c00000,0x00000036d3d00000]
Native frames: (J=compiled Java code, j=interpreted, Vv=VM code, C=native code)
V  [jvm.dll+0x6c7789]
V  [jvm.dll+0x8a2011]
V  [jvm.dll+0x8a44ae]
V  [jvm.dll+0x8a4b83]
V  [jvm.dll+0x27f936]
V  [jvm.dll+0xc498d]
V  [jvm.dll+0xc4ea3]
V  [jvm.dll+0x2f23df]
V  [jvm.dll+0x5f1daa]
V  [jvm.dll+0x250fef]
V  [jvm.dll+0x249461]
V  [jvm.dll+0x2473cb]
V  [jvm.dll+0x1c8ae1]
V  [jvm.dll+0x256c69]
V  [jvm.dll+0x25523a]
V  [jvm.dll+0x3ecc86]
V  [jvm.dll+0x84af3b]
V  [jvm.dll+0x6c5ebd]
C  [ucrtbase.dll+0x37b0]
C  [KERNEL32.DLL+0x2e8d7]
C  [ntdll.dll+0xbbf2c]


---------------  P R O C E S S  ---------------

Threads class SMR info:
_java_thread_list=0x000001f780065ab0, length=12, elements={
0x000001f79ba62740, 0x000001f7b94e9e00, 0x000001f7b94ef6a0, 0x000001f7b94f1e30,
0x000001f7b94f4c00, 0x000001f7b94f6380, 0x000001f7b94f6de0, 0x000001f7b95015c0,
0x000001f7b952f780, 0x000001f7b97786e0, 0x000001f7b9781f30, 0x000001f7ff72d570
}

Java Threads: ( => current thread )
  0x000001f79ba62740 JavaThread "main"                              [_thread_in_Java, id=18616, stack(0x00000036d2e00000,0x00000036d2f00000) (1024K)]
  0x000001f7b94e9e00 JavaThread "Reference Handler"          daemon [_thread_blocked, id=16916, stack(0x00000036d3600000,0x00000036d3700000) (1024K)]
  0x000001f7b94ef6a0 JavaThread "Finalizer"                  daemon [_thread_blocked, id=15512, stack(0x00000036d3700000,0x00000036d3800000) (1024K)]
  0x000001f7b94f1e30 JavaThread "Signal Dispatcher"          daemon [_thread_blocked, id=9580, stack(0x00000036d3800000,0x00000036d3900000) (1024K)]
  0x000001f7b94f4c00 JavaThread "Attach Listener"            daemon [_thread_blocked, id=17492, stack(0x00000036d3900000,0x00000036d3a00000) (1024K)]
  0x000001f7b94f6380 JavaThread "Service Thread"             daemon [_thread_blocked, id=15928, stack(0x00000036d3a00000,0x00000036d3b00000) (1024K)]
  0x000001f7b94f6de0 JavaThread "Monitor Deflation Thread"   daemon [_thread_blocked, id=17692, stack(0x00000036d3b00000,0x00000036d3c00000) (1024K)]
=>0x000001f7b95015c0 JavaThread "C2 CompilerThread0"         daemon [_thread_in_native, id=16684, stack(0x00000036d3c00000,0x00000036d3d00000) (1024K)]
  0x000001f7b952f780 JavaThread "C1 CompilerThread0"         daemon [_thread_blocked, id=4784, stack(0x00000036d3d00000,0x00000036d3e00000) (1024K)]
  0x000001f7b97786e0 JavaThread "Notification Thread"        daemon [_thread_blocked, id=6512, stack(0x00000036d3e00000,0x00000036d3f00000) (1024K)]
  0x000001f7b9781f30 JavaThread "Common-Cleaner"             daemon [_thread_blocked, id=13336, stack(0x00000036d3f00000,0x00000036d4000000) (1024K)]
  0x000001f7ff72d570 JavaThread "C2 CompilerThread1"         daemon [_thread_in_native, id=6108, stack(0x00000036d4000000,0x00000036d4100000) (1024K)]
Total: 12

Other Threads:
  0x000001f7b94c8c80 VMThread "VM Thread"                           [id=12564, stack(0x00000036d3500000,0x00000036d3600000) (1024K)]
  0x000001f79bc8e520 WatcherThread "VM Periodic Task Thread"        [id=14104, stack(0x00000036d3400000,0x00000036d3500000) (1024K)]
  0x000001f79bc10df0 WorkerThread "GC Thread#0"                     [id=6928, stack(0x00000036d2f00000,0x00000036d3000000) (1024K)]
  0x000001f7ff5f6220 WorkerThread "GC Thread#1"                     [id=12328, stack(0x00000036d4100000,0x00000036d4200000) (1024K)]
  0x000001f7ff6594d0 WorkerThread "GC Thread#2"                     [id=8872, stack(0x00000036d4200000,0x00000036d4300000) (1024K)]
  0x000001f7ff659a80 WorkerThread "GC Thread#3"                     [id=15436, stack(0x00000036d4300000,0x00000036d4400000) (1024K)]
  0x000001f79bc1dc10 ConcurrentGCThread "G1 Main Marker"            [id=1932, stack(0x00000036d3000000,0x00000036d3100000) (1024K)]
  0x000001f79bc1f590 WorkerThread "G1 Conc#0"                       [id=15592, stack(0x00000036d3100000,0x00000036d3200000) (1024K)]
  0x000001f79bc813c0 ConcurrentGCThread "G1 Refine#0"               [id=18084, stack(0x00000036d3200000,0x00000036d3300000) (1024K)]
  0x000001f7b93910a0 ConcurrentGCThread "G1 Service"                [id=18888, stack(0x00000036d3300000,0x00000036d3400000) (1024K)]
Total: 10

Threads with active compile tasks:
C2 CompilerThread0     4278 1150   !   4       sun.nio.cs.StreamDecoder::read (78 bytes)
C2 CompilerThread1     4278 1151       4       sun.nio.cs.StreamDecoder::lockedRead (189 bytes)
Total: 2

VM state: not at safepoint (normal execution)

VM Mutex/Monitor currently owned by a thread: None

Heap address: 0x00000000a0e00000, size: 1522 MB, Compressed Oops mode: 32-bit

CDS archive(s) mapped at: [0x000001f7ba000000-0x000001f7bac90000-0x000001f7bac90000), size 13172736, SharedBaseAddress: 0x000001f7ba000000, ArchiveRelocationMode: 1.
Compressed class space mapped at: 0x000001f7bb000000-0x000001f7fb000000, reserved size: 1073741824
Narrow klass base: 0x000001f7ba000000, Narrow klass shift: 0, Narrow klass range: 0x100000000

GC Precious Log:
 CardTable entry size: 512
 Card Set container configuration: InlinePtr #cards 5 size 8 Array Of Cards #cards 12 size 40 Howl #buckets 4 coarsen threshold 1843 Howl Bitmap #cards 512 size 80 coarsen threshold 460 Card regions per heap region 1 cards per card region 2048
 CPUs: 4 total, 4 available
 Memory: 6086M
 Large Page Support: Disabled
 NUMA Support: Disabled
 Compressed Oops: Enabled (32-bit)
 Heap Region Size: 1M
 Heap Min Capacity: 8M
 Heap Initial Capacity: 96M
 Heap Max Capacity: 1522M
 Pre-touch: Disabled
 Parallel Workers: 4
 Concurrent Workers: 1
 Concurrent Refinement Workers: 4
 Periodic GC: Disabled

Heap:
 garbage-first heap   total 98304K, used 11456K [0x00000000a0e00000, 0x0000000100000000)
  region size 1024K, 11 young (11264K), 2 survivors (2048K)
 Metaspace       used 5671K, committed 5888K, reserved 1114112K
  class space    used 661K, committed 768K, reserved 1048576K

Heap Regions: E=young(eden), S=young(survivor), O=old, HS=humongous(starts), HC=humongous(continues), CS=collection set, F=free, TAMS=top-at-mark-start, PB=parsable bottom
|   0|0x00000000a0e00000, 0x00000000a0f00000, 0x00000000a0f00000|100%| O|  |TAMS 0x00000000a0e00000| PB 0x00000000a0e00000| Untracked 
|   1|0x00000000a0f00000, 0x00000000a0f30000, 0x00000000a1000000| 18%| O|  |TAMS 0x00000000a0f00000| PB 0x00000000a0f00000| Untracked 
|   2|0x00000000a1000000, 0x00000000a1000000, 0x00000000a1100000|  0%| F|  |TAMS 0x00000000a1000000| PB 0x00000000a1000000| Untracked 
|   3|0x00000000a1100000, 0x00000000a1100000, 0x00000000a1200000|  0%| F|  |TAMS 0x00000000a1100000| PB 0x00000000a1100000| Untracked 
|   4|0x00000000a1200000, 0x00000000a1200000, 0x00000000a1300000|  0%| F|  |TAMS 0x00000000a1200000| PB 0x00000000a1200000| Untracked 
|   5|0x00000000a1300000, 0x00000000a1300000, 0x00000000a1400000|  0%| F|  |TAMS 0x00000000a1300000| PB 0x00000000a1300000| Untracked 
|   6|0x00000000a1400000, 0x00000000a1400000, 0x00000000a1500000|  0%| F|  |TAMS 0x00000000a1400000| PB 0x00000000a1400000| Untracked 
|   7|0x00000000a1500000, 0x00000000a1500000, 0x00000000a1600000|  0%| F|  |TAMS 0x00000000a1500000| PB 0x00000000a1500000| Untracked 
|   8|0x00000000a1600000, 0x00000000a1600000, 0x00000000a1700000|  0%| F|  |TAMS 0x00000000a1600000| PB 0x00000000a1600000| Untracked 
|   9|0x00000000a1700000, 0x00000000a1700000, 0x00000000a1800000|  0%| F|  |TAMS 0x00000000a1700000| PB 0x00000000a1700000| Untracked 
|  10|0x00000000a1800000, 0x00000000a1800000, 0x00000000a1900000|  0%| F|  |TAMS 0x00000000a1800000| PB 0x00000000a1800000| Untracked 
|  11|0x00000000a1900000, 0x00000000a1900000, 0x00000000a1a00000|  0%| F|  |TAMS 0x00000000a1900000| PB 0x00000000a1900000| Untracked 
|  12|0x00000000a1a00000, 0x00000000a1a00000, 0x00000000a1b00000|  0%| F|  |TAMS 0x00000000a1a00000| PB 0x00000000a1a00000| Untracked 
|  13|0x00000000a1b00000, 0x00000000a1b00000, 0x00000000a1c00000|  0%| F|  |TAMS 0x00000000a1b00000| PB 0x00000000a1b00000| Untracked 
|  14|0x00000000a1c00000, 0x00000000a1c00000, 0x00000000a1d00000|  0%| F|  |TAMS 0x00000000a1c00000| PB 0x00000000a1c00000| Untracked 
|  15|0x00000000a1d00000, 0x00000000a1d00000, 0x00000000a1e00000|  0%| F|  |TAMS 0x00000000a1d00000| PB 0x00000000a1d00000| Untracked 
|  16|0x00000000a1e00000, 0x00000000a1e00000, 0x00000000a1f00000|  0%| F|  |TAMS 0x00000000a1e00000| PB 0x00000000a1e00000| Untracked 
|  17|0x00000000a1f00000, 0x00000000a1f00000, 0x00000000a2000000|  0%| F|  |TAMS 0x00000000a1f00000| PB 0x00000000a1f00000| Untracked 
|  18|0x00000000a2000000, 0x00000000a2000000, 0x00000000a2100000|  0%| F|  |TAMS 0x00000000a2000000| PB 0x00000000a2000000| Untracked 
|  19|0x00000000a2100000, 0x00000000a2100000, 0x00000000a2200000|  0%| F|  |TAMS 0x00000000a2100000| PB 0x00000000a2100000| Untracked 
|  20|0x00000000a2200000, 0x00000000a2200000, 0x00000000a2300000|  0%| F|  |TAMS 0x00000000a2200000| PB 0x00000000a2200000| Untracked 
|  21|0x00000000a2300000, 0x00000000a2300000, 0x00000000a2400000|  0%| F|  |TAMS 0x00000000a2300000| PB 0x00000000a2300000| Untracked 
|  22|0x00000000a2400000, 0x00000000a2400000, 0x00000000a2500000|  0%| F|  |TAMS 0x00000000a2400000| PB 0x00000000a2400000| Untracked 
|  23|0x00000000a2500000, 0x00000000a2500000, 0x00000000a2600000|  0%| F|  |TAMS 0x00000000a2500000| PB 0x00000000a2500000| Untracked 
|  24|0x00000000a2600000, 0x00000000a2600000, 0x00000000a2700000|  0%| F|  |TAMS 0x00000000a2600000| PB 0x00000000a2600000| Untracked 
|  25|0x00000000a2700000, 0x00000000a2700000, 0x00000000a2800000|  0%| F|  |TAMS 0x00000000a2700000| PB 0x00000000a2700000| Untracked 
|  26|0x00000000a2800000, 0x00000000a2800000, 0x00000000a2900000|  0%| F|  |TAMS 0x00000000a2800000| PB 0x00000000a2800000| Untracked 
|  27|0x00000000a2900000, 0x00000000a2900000, 0x00000000a2a00000|  0%| F|  |TAMS 0x00000000a2900000| PB 0x00000000a2900000| Untracked 
|  28|0x00000000a2a00000, 0x00000000a2a00000, 0x00000000a2b00000|  0%| F|  |TAMS 0x00000000a2a00000| PB 0x00000000a2a00000| Untracked 
|  29|0x00000000a2b00000, 0x00000000a2b00000, 0x00000000a2c00000|  0%| F|  |TAMS 0x00000000a2b00000| PB 0x00000000a2b00000| Untracked 
|  30|0x00000000a2c00000, 0x00000000a2c00000, 0x00000000a2d00000|  0%| F|  |TAMS 0x00000000a2c00000| PB 0x00000000a2c00000| Untracked 
|  31|0x00000000a2d00000, 0x00000000a2d00000, 0x00000000a2e00000|  0%| F|  |TAMS 0x00000000a2d00000| PB 0x00000000a2d00000| Untracked 
|  32|0x00000000a2e00000, 0x00000000a2e00000, 0x00000000a2f00000|  0%| F|  |TAMS 0x00000000a2e00000| PB 0x00000000a2e00000| Untracked 
|  33|0x00000000a2f00000, 0x00000000a2f00000, 0x00000000a3000000|  0%| F|  |TAMS 0x00000000a2f00000| PB 0x00000000a2f00000| Untracked 
|  34|0x00000000a3000000, 0x00000000a3000000, 0x00000000a3100000|  0%| F|  |TAMS 0x00000000a3000000| PB 0x00000000a3000000| Untracked 
|  35|0x00000000a3100000, 0x00000000a3100000, 0x00000000a3200000|  0%| F|  |TAMS 0x00000000a3100000| PB 0x00000000a3100000| Untracked 
|  36|0x00000000a3200000, 0x00000000a3200000, 0x00000000a3300000|  0%| F|  |TAMS 0x00000000a3200000| PB 0x00000000a3200000| Untracked 
|  37|0x00000000a3300000, 0x00000000a3300000, 0x00000000a3400000|  0%| F|  |TAMS 0x00000000a3300000| PB 0x00000000a3300000| Untracked 
|  38|0x00000000a3400000, 0x00000000a3400000, 0x00000000a3500000|  0%| F|  |TAMS 0x00000000a3400000| PB 0x00000000a3400000| Untracked 
|  39|0x00000000a3500000, 0x00000000a3500000, 0x00000000a3600000|  0%| F|  |TAMS 0x00000000a3500000| PB 0x00000000a3500000| Untracked 
|  40|0x00000000a3600000, 0x00000000a3600000, 0x00000000a3700000|  0%| F|  |TAMS 0x00000000a3600000| PB 0x00000000a3600000| Untracked 
|  41|0x00000000a3700000, 0x00000000a3700000, 0x00000000a3800000|  0%| F|  |TAMS 0x00000000a3700000| PB 0x00000000a3700000| Untracked 
|  42|0x00000000a3800000, 0x00000000a3800000, 0x00000000a3900000|  0%| F|  |TAMS 0x00000000a3800000| PB 0x00000000a3800000| Untracked 
|  43|0x00000000a3900000, 0x00000000a3900000, 0x00000000a3a00000|  0%| F|  |TAMS 0x00000000a3900000| PB 0x00000000a3900000| Untracked 
|  44|0x00000000a3a00000, 0x00000000a3a00000, 0x00000000a3b00000|  0%| F|  |TAMS 0x00000000a3a00000| PB 0x00000000a3a00000| Untracked 
|  45|0x00000000a3b00000, 0x00000000a3b00000, 0x00000000a3c00000|  0%| F|  |TAMS 0x00000000a3b00000| PB 0x00000000a3b00000| Untracked 
|  46|0x00000000a3c00000, 0x00000000a3c00000, 0x00000000a3d00000|  0%| F|  |TAMS 0x00000000a3c00000| PB 0x00000000a3c00000| Untracked 
|  47|0x00000000a3d00000, 0x00000000a3d00000, 0x00000000a3e00000|  0%| F|  |TAMS 0x00000000a3d00000| PB 0x00000000a3d00000| Untracked 
|  48|0x00000000a3e00000, 0x00000000a3e00000, 0x00000000a3f00000|  0%| F|  |TAMS 0x00000000a3e00000| PB 0x00000000a3e00000| Untracked 
|  49|0x00000000a3f00000, 0x00000000a3f00000, 0x00000000a4000000|  0%| F|  |TAMS 0x00000000a3f00000| PB 0x00000000a3f00000| Untracked 
|  50|0x00000000a4000000, 0x00000000a4000000, 0x00000000a4100000|  0%| F|  |TAMS 0x00000000a4000000| PB 0x00000000a4000000| Untracked 
|  51|0x00000000a4100000, 0x00000000a4100000, 0x00000000a4200000|  0%| F|  |TAMS 0x00000000a4100000| PB 0x00000000a4100000| Untracked 
|  52|0x00000000a4200000, 0x00000000a4200000, 0x00000000a4300000|  0%| F|  |TAMS 0x00000000a4200000| PB 0x00000000a4200000| Untracked 
|  53|0x00000000a4300000, 0x00000000a4300000, 0x00000000a4400000|  0%| F|  |TAMS 0x00000000a4300000| PB 0x00000000a4300000| Untracked 
|  54|0x00000000a4400000, 0x00000000a4400000, 0x00000000a4500000|  0%| F|  |TAMS 0x00000000a4400000| PB 0x00000000a4400000| Untracked 
|  55|0x00000000a4500000, 0x00000000a4500000, 0x00000000a4600000|  0%| F|  |TAMS 0x00000000a4500000| PB 0x00000000a4500000| Untracked 
|  56|0x00000000a4600000, 0x00000000a4600000, 0x00000000a4700000|  0%| F|  |TAMS 0x00000000a4600000| PB 0x00000000a4600000| Untracked 
|  57|0x00000000a4700000, 0x00000000a4700000, 0x00000000a4800000|  0%| F|  |TAMS 0x00000000a4700000| PB 0x00000000a4700000| Untracked 
|  58|0x00000000a4800000, 0x00000000a4800000, 0x00000000a4900000|  0%| F|  |TAMS 0x00000000a4800000| PB 0x00000000a4800000| Untracked 
|  59|0x00000000a4900000, 0x00000000a4900000, 0x00000000a4a00000|  0%| F|  |TAMS 0x00000000a4900000| PB 0x00000000a4900000| Untracked 
|  60|0x00000000a4a00000, 0x00000000a4a00000, 0x00000000a4b00000|  0%| F|  |TAMS 0x00000000a4a00000| PB 0x00000000a4a00000| Untracked 
|  61|0x00000000a4b00000, 0x00000000a4b00000, 0x00000000a4c00000|  0%| F|  |TAMS 0x00000000a4b00000| PB 0x00000000a4b00000| Untracked 
|  62|0x00000000a4c00000, 0x00000000a4c00000, 0x00000000a4d00000|  0%| F|  |TAMS 0x00000000a4c00000| PB 0x00000000a4c00000| Untracked 
|  63|0x00000000a4d00000, 0x00000000a4d00000, 0x00000000a4e00000|  0%| F|  |TAMS 0x00000000a4d00000| PB 0x00000000a4d00000| Untracked 
|  64|0x00000000a4e00000, 0x00000000a4e00000, 0x00000000a4f00000|  0%| F|  |TAMS 0x00000000a4e00000| PB 0x00000000a4e00000| Untracked 
|  65|0x00000000a4f00000, 0x00000000a4f00000, 0x00000000a5000000|  0%| F|  |TAMS 0x00000000a4f00000| PB 0x00000000a4f00000| Untracked 
|  66|0x00000000a5000000, 0x00000000a5000000, 0x00000000a5100000|  0%| F|  |TAMS 0x00000000a5000000| PB 0x00000000a5000000| Untracked 
|  67|0x00000000a5100000, 0x00000000a5100000, 0x00000000a5200000|  0%| F|  |TAMS 0x00000000a5100000| PB 0x00000000a5100000| Untracked 
|  68|0x00000000a5200000, 0x00000000a5200000, 0x00000000a5300000|  0%| F|  |TAMS 0x00000000a5200000| PB 0x00000000a5200000| Untracked 
|  69|0x00000000a5300000, 0x00000000a5300000, 0x00000000a5400000|  0%| F|  |TAMS 0x00000000a5300000| PB 0x00000000a5300000| Untracked 
|  70|0x00000000a5400000, 0x00000000a5400000, 0x00000000a5500000|  0%| F|  |TAMS 0x00000000a5400000| PB 0x00000000a5400000| Untracked 
|  71|0x00000000a5500000, 0x00000000a5500000, 0x00000000a5600000|  0%| F|  |TAMS 0x00000000a5500000| PB 0x00000000a5500000| Untracked 
|  72|0x00000000a5600000, 0x00000000a5600000, 0x00000000a5700000|  0%| F|  |TAMS 0x00000000a5600000| PB 0x00000000a5600000| Untracked 
|  73|0x00000000a5700000, 0x00000000a5700000, 0x00000000a5800000|  0%| F|  |TAMS 0x00000000a5700000| PB 0x00000000a5700000| Untracked 
|  74|0x00000000a5800000, 0x00000000a5800000, 0x00000000a5900000|  0%| F|  |TAMS 0x00000000a5800000| PB 0x00000000a5800000| Untracked 
|  75|0x00000000a5900000, 0x00000000a5900000, 0x00000000a5a00000|  0%| F|  |TAMS 0x00000000a5900000| PB 0x00000000a5900000| Untracked 
|  76|0x00000000a5a00000, 0x00000000a5a00000, 0x00000000a5b00000|  0%| F|  |TAMS 0x00000000a5a00000| PB 0x00000000a5a00000| Untracked 
|  77|0x00000000a5b00000, 0x00000000a5b00000, 0x00000000a5c00000|  0%| F|  |TAMS 0x00000000a5b00000| PB 0x00000000a5b00000| Untracked 
|  78|0x00000000a5c00000, 0x00000000a5c00000, 0x00000000a5d00000|  0%| F|  |TAMS 0x00000000a5c00000| PB 0x00000000a5c00000| Untracked 
|  79|0x00000000a5d00000, 0x00000000a5d00000, 0x00000000a5e00000|  0%| F|  |TAMS 0x00000000a5d00000| PB 0x00000000a5d00000| Untracked 
|  80|0x00000000a5e00000, 0x00000000a5e00000, 0x00000000a5f00000|  0%| F|  |TAMS 0x00000000a5e00000| PB 0x00000000a5e00000| Untracked 
|  81|0x00000000a5f00000, 0x00000000a6000000, 0x00000000a6000000|100%| S|CS|TAMS 0x00000000a5f00000| PB 0x00000000a5f00000| Complete 
|  82|0x00000000a6000000, 0x00000000a6100000, 0x00000000a6100000|100%| S|CS|TAMS 0x00000000a6000000| PB 0x00000000a6000000| Complete 
|  83|0x00000000a6100000, 0x00000000a6100000, 0x00000000a6200000|  0%| F|  |TAMS 0x00000000a6100000| PB 0x00000000a6100000| Untracked 
|  84|0x00000000a6200000, 0x00000000a6200000, 0x00000000a6300000|  0%| F|  |TAMS 0x00000000a6200000| PB 0x00000000a6200000| Untracked 
|  85|0x00000000a6300000, 0x00000000a6300000, 0x00000000a6400000|  0%| F|  |TAMS 0x00000000a6300000| PB 0x00000000a6300000| Untracked 
|  86|0x00000000a6400000, 0x00000000a6400000, 0x00000000a6500000|  0%| F|  |TAMS 0x00000000a6400000| PB 0x00000000a6400000| Untracked 
|  87|0x00000000a6500000, 0x00000000a6600000, 0x00000000a6600000|100%| E|  |TAMS 0x00000000a6500000| PB 0x00000000a6500000| Complete 
|  88|0x00000000a6600000, 0x00000000a6700000, 0x00000000a6700000|100%| E|CS|TAMS 0x00000000a6600000| PB 0x00000000a6600000| Complete 
|  89|0x00000000a6700000, 0x00000000a6800000, 0x00000000a6800000|100%| E|CS|TAMS 0x00000000a6700000| PB 0x00000000a6700000| Complete 
|  90|0x00000000a6800000, 0x00000000a6900000, 0x00000000a6900000|100%| E|CS|TAMS 0x00000000a6800000| PB 0x00000000a6800000| Complete 
|  91|0x00000000a6900000, 0x00000000a6a00000, 0x00000000a6a00000|100%| E|CS|TAMS 0x00000000a6900000| PB 0x00000000a6900000| Complete 
|  92|0x00000000a6a00000, 0x00000000a6b00000, 0x00000000a6b00000|100%| E|CS|TAMS 0x00000000a6a00000| PB 0x00000000a6a00000| Complete 
|  93|0x00000000a6b00000, 0x00000000a6c00000, 0x00000000a6c00000|100%| E|CS|TAMS 0x00000000a6b00000| PB 0x00000000a6b00000| Complete 
|  94|0x00000000a6c00000, 0x00000000a6d00000, 0x00000000a6d00000|100%| E|CS|TAMS 0x00000000a6c00000| PB 0x00000000a6c00000| Complete 
|  95|0x00000000a6d00000, 0x00000000a6e00000, 0x00000000a6e00000|100%| E|CS|TAMS 0x00000000a6d00000| PB 0x00000000a6d00000| Complete 

Card table byte_map: [0x000001f7b5470000,0x000001f7b5770000] _byte_map_base: 0x000001f7b4f69000

Marking Bits: (CMBitMap*) 0x000001f79bc114f0
 Bits: [0x000001f7b5770000, 0x000001f7b6f38000)

Polling page: 0x000001f79bc90000

Metaspace:

Usage:
  Non-class:      4.90 MB used.
      Class:    663.93 KB used.
       Both:      5.55 MB used.

Virtual space:
  Non-class space:       64.00 MB reserved,       5.00 MB (  8%) committed,  1 nodes.
      Class space:        1.00 GB reserved,     768.00 KB ( <1%) committed,  1 nodes.
             Both:        1.06 GB reserved,       5.75 MB ( <1%) committed. 

Chunk freelists:
   Non-Class:  9.19 MB
       Class:  15.28 MB
        Both:  24.47 MB

MaxMetaspaceSize: unlimited
CompressedClassSpaceSize: 1.00 GB
Initial GC threshold: 21.00 MB
Current GC threshold: 21.00 MB
CDS: on
 - commit_granule_bytes: 65536.
 - commit_granule_words: 8192.
 - virtual_space_node_default_size: 8388608.
 - enlarge_chunks_in_place: 1.
 - use_allocation_guard: 0.


Internal statistics:

num_allocs_failed_limit: 0.
num_arena_births: 66.
num_arena_deaths: 0.
num_vsnodes_births: 2.
num_vsnodes_deaths: 0.
num_space_committed: 92.
num_space_uncommitted: 0.
num_chunks_returned_to_freelist: 0.
num_chunks_taken_from_freelist: 230.
num_chunk_merges: 0.
num_chunk_splits: 143.
num_chunks_enlarged: 116.
num_inconsistent_stats: 0.

CodeHeap 'non-profiled nmethods': size=120000Kb used=337Kb max_used=337Kb free=119662Kb
 bounds [0x000001f7ad700000, 0x000001f7ad970000, 0x000001f7b4c30000]
CodeHeap 'profiled nmethods': size=120000Kb used=2309Kb max_used=2309Kb free=117690Kb
 bounds [0x000001f7a5c30000, 0x000001f7a5ea0000, 0x000001f7ad160000]
CodeHeap 'non-nmethods': size=5760Kb used=1357Kb max_used=1375Kb free=4402Kb
 bounds [0x000001f7ad160000, 0x000001f7ad3d0000, 0x000001f7ad700000]
 total_blobs=1629 nmethods=1166 adapters=368
 compilation: enabled
              stopped_count=0, restarted_count=0
 full_count=0

Compilation events (20 events):
Event: 3.978 Thread 0x000001f7b952f780 1121       3       java.io.Reader::read (21 bytes)
Event: 3.979 Thread 0x000001f7b952f780 nmethod 1121 0x000001f7a5e59190 code [0x000001f7a5e59340, 0x000001f7a5e59630]
Event: 3.979 Thread 0x000001f7b952f780 1138       3       java.nio.CharBuffer::array (35 bytes)
Event: 3.979 Thread 0x000001f7b952f780 nmethod 1138 0x000001f7a5e59710 code [0x000001f7a5e598e0, 0x000001f7a5e59bc0]
Event: 3.979 Thread 0x000001f7b952f780 1139       3       java.lang.System$2::decodeASCII (11 bytes)
Event: 3.979 Thread 0x000001f7b952f780 nmethod 1139 0x000001f7a5e59d10 code [0x000001f7a5e59ec0, 0x000001f7a5e5a008]
Event: 3.979 Thread 0x000001f7b952f780 1140       3       java.lang.String::decodeASCII (46 bytes)
Event: 3.979 Thread 0x000001f7b952f780 nmethod 1140 0x000001f7a5e5a110 code [0x000001f7a5e5a2e0, 0x000001f7a5e5a5a0]
Event: 3.979 Thread 0x000001f7b952f780 1144       3       java.nio.CharBuffer::limit (6 bytes)
Event: 3.980 Thread 0x000001f7b952f780 nmethod 1144 0x000001f7a5e5a710 code [0x000001f7a5e5a8c0, 0x000001f7a5e5aa78]
Event: 3.980 Thread 0x000001f7b952f780 1145       3       java.nio.CharBuffer::limit (8 bytes)
Event: 3.980 Thread 0x000001f7b952f780 nmethod 1145 0x000001f7a5e5ab90 code [0x000001f7a5e5ad40, 0x000001f7a5e5ae90]
Event: 3.980 Thread 0x000001f7b952f780 1147   !   3       java.nio.CharBuffer::wrap (21 bytes)
Event: 3.980 Thread 0x000001f7b952f780 nmethod 1147 0x000001f7a5e5af10 code [0x000001f7a5e5b0e0, 0x000001f7a5e5b390]
Event: 3.980 Thread 0x000001f7b952f780 1148       3       java.nio.HeapCharBuffer::<init> (23 bytes)
Event: 3.980 Thread 0x000001f7b952f780 nmethod 1148 0x000001f7a5e5b510 code [0x000001f7a5e5b6c0, 0x000001f7a5e5b840]
Event: 3.980 Thread 0x000001f7b952f780 1127   !   3       sun.nio.cs.StreamDecoder::read0 (59 bytes)
Event: 3.982 Thread 0x000001f7b952f780 nmethod 1127 0x000001f7a5e5b910 code [0x000001f7a5e5bba0, 0x000001f7a5e5c9c8]
Event: 3.982 Thread 0x000001f7b952f780 1146       3       sun.nio.cs.StreamDecoder::lockedRead0 (95 bytes)
Event: 3.982 Thread 0x000001f7b952f780 nmethod 1146 0x000001f7a5e5ce90 code [0x000001f7a5e5d060, 0x000001f7a5e5d3f8]

GC Heap History (2 events):
Event: 2.080 GC heap before
{Heap before GC invocations=0 (full 0):
 garbage-first heap   total 98304K, used 12288K [0x00000000a0e00000, 0x0000000100000000)
  region size 1024K, 13 young (13312K), 0 survivors (0K)
 Metaspace       used 3844K, committed 4096K, reserved 1114112K
  class space    used 398K, committed 512K, reserved 1048576K
}
Event: 2.109 GC heap after
{Heap after GC invocations=1 (full 0):
 garbage-first heap   total 98304K, used 3264K [0x00000000a0e00000, 0x0000000100000000)
  region size 1024K, 2 young (2048K), 2 survivors (2048K)
 Metaspace       used 3844K, committed 4096K, reserved 1114112K
  class space    used 398K, committed 512K, reserved 1048576K
}

Dll operation events (8 events):
Event: 0.028 Loaded shared library C:\Users\palak\Downloads\java-21-openjdk-21.0.1.0.12-3.win.jdk.x86_64\java-21-openjdk-21.0.1.0.12-3.win.jdk.x86_64\bin\java.dll
Event: 0.149 Loaded shared library C:\Users\palak\Downloads\java-21-openjdk-21.0.1.0.12-3.win.jdk.x86_64\java-21-openjdk-21.0.1.0.12-3.win.jdk.x86_64\bin\jsvml.dll
Event: 0.224 Loaded shared library C:\Users\palak\Downloads\java-21-openjdk-21.0.1.0.12-3.win.jdk.x86_64\java-21-openjdk-21.0.1.0.12-3.win.jdk.x86_64\bin\net.dll
Event: 0.231 Loaded shared library C:\Users\palak\Downloads\java-21-openjdk-21.0.1.0.12-3.win.jdk.x86_64\java-21-openjdk-21.0.1.0.12-3.win.jdk.x86_64\bin\nio.dll
Event: 0.243 Loaded shared library C:\Users\palak\Downloads\java-21-openjdk-21.0.1.0.12-3.win.jdk.x86_64\java-21-openjdk-21.0.1.0.12-3.win.jdk.x86_64\bin\zip.dll
Event: 0.663 Loaded shared library C:\Users\palak\Downloads\apache-maven-3.9.8-bin\lib\jansi-native\Windows\x86_64\jansi.dll
Event: 0.715 Loaded shared library C:\Users\palak\Downloads\java-21-openjdk-21.0.1.0.12-3.win.jdk.x86_64\java-21-openjdk-21.0.1.0.12-3.win.jdk.x86_64\bin\verify.dll
Event: 0.786 Loaded shared library C:\Users\palak\Downloads\java-21-openjdk-21.0.1.0.12-3.win.jdk.x86_64\java-21-openjdk-21.0.1.0.12-3.win.jdk.x86_64\bin\jimage.dll

Deoptimization events (20 events):
Event: 3.226 Thread 0x000001f79ba62740 Uncommon trap: trap_request=0xffffffde fr.pc=0x000001f7ad74c4c4 relative=0x0000000000000124
Event: 3.226 Thread 0x000001f79ba62740 Uncommon trap: reason=class_check action=maybe_recompile pc=0x000001f7ad74c4c4 method=jdk.internal.misc.Unsafe.allocateUninitializedArray(Ljava/lang/Class;I)Ljava/lang/Object; @ 51 c2
Event: 3.226 Thread 0x000001f79ba62740 DEOPT PACKING pc=0x000001f7ad74c4c4 sp=0x00000036d2efd370
Event: 3.226 Thread 0x000001f79ba62740 DEOPT UNPACKING pc=0x000001f7ad1b46a2 sp=0x00000036d2efd2e8 mode 2
Event: 3.226 Thread 0x000001f79ba62740 Uncommon trap: trap_request=0xffffffde fr.pc=0x000001f7ad74c4c4 relative=0x0000000000000124
Event: 3.226 Thread 0x000001f79ba62740 Uncommon trap: reason=class_check action=maybe_recompile pc=0x000001f7ad74c4c4 method=jdk.internal.misc.Unsafe.allocateUninitializedArray(Ljava/lang/Class;I)Ljava/lang/Object; @ 51 c2
Event: 3.226 Thread 0x000001f79ba62740 DEOPT PACKING pc=0x000001f7ad74c4c4 sp=0x00000036d2efd4a0
Event: 3.226 Thread 0x000001f79ba62740 DEOPT UNPACKING pc=0x000001f7ad1b46a2 sp=0x00000036d2efd418 mode 2
Event: 3.226 Thread 0x000001f79ba62740 Uncommon trap: trap_request=0xffffffde fr.pc=0x000001f7ad74c4c4 relative=0x0000000000000124
Event: 3.226 Thread 0x000001f79ba62740 Uncommon trap: reason=class_check action=maybe_recompile pc=0x000001f7ad74c4c4 method=jdk.internal.misc.Unsafe.allocateUninitializedArray(Ljava/lang/Class;I)Ljava/lang/Object; @ 51 c2
Event: 3.226 Thread 0x000001f79ba62740 DEOPT PACKING pc=0x000001f7ad74c4c4 sp=0x00000036d2efd170
Event: 3.226 Thread 0x000001f79ba62740 DEOPT UNPACKING pc=0x000001f7ad1b46a2 sp=0x00000036d2efd0e8 mode 2
Event: 3.946 Thread 0x000001f79ba62740 Uncommon trap: trap_request=0xffffffde fr.pc=0x000001f7ad734f54 relative=0x0000000000000694
Event: 3.946 Thread 0x000001f79ba62740 Uncommon trap: reason=class_check action=maybe_recompile pc=0x000001f7ad734f54 method=java.util.regex.Matcher.search(I)Z @ 121 c2
Event: 3.946 Thread 0x000001f79ba62740 DEOPT PACKING pc=0x000001f7ad734f54 sp=0x00000036d2efe2d0
Event: 3.946 Thread 0x000001f79ba62740 DEOPT UNPACKING pc=0x000001f7ad1b46a2 sp=0x00000036d2efe2a0 mode 2
Event: 3.946 Thread 0x000001f79ba62740 Uncommon trap: trap_request=0xffffff76 fr.pc=0x000001f7ad72fa0c relative=0x000000000000032c
Event: 3.946 Thread 0x000001f79ba62740 Uncommon trap: reason=predicate action=maybe_recompile pc=0x000001f7ad72fa0c method=java.util.regex.Pattern$BmpCharPropertyGreedy.match(Ljava/util/regex/Matcher;ILjava/lang/CharSequence;)Z @ 12 c2
Event: 3.946 Thread 0x000001f79ba62740 DEOPT PACKING pc=0x000001f7ad72fa0c sp=0x00000036d2efe0a0
Event: 3.946 Thread 0x000001f79ba62740 DEOPT UNPACKING pc=0x000001f7ad1b46a2 sp=0x00000036d2efe058 mode 2

Classes loaded (20 events):
Event: 3.209 Loading class java/lang/annotation/Documented
Event: 3.210 Loading class java/lang/annotation/Documented done
Event: 3.473 Loading class java/util/concurrent/TimeoutException
Event: 3.473 Loading class java/util/concurrent/TimeoutException done
Event: 3.473 Loading class java/util/concurrent/CancellationException
Event: 3.473 Loading class java/util/concurrent/CancellationException done
Event: 3.475 Loading class java/security/PrivilegedActionException
Event: 3.475 Loading class java/security/PrivilegedActionException done
Event: 3.475 Loading class sun/misc/Unsafe
Event: 3.476 Loading class sun/misc/Unsafe done
Event: 3.478 Loading class java/lang/invoke/DirectMethodHandle$StaticAccessor
Event: 3.478 Loading class java/lang/invoke/DirectMethodHandle$StaticAccessor done
Event: 3.506 Loading class java/lang/reflect/ParameterizedType
Event: 3.507 Loading class java/lang/reflect/ParameterizedType done
Event: 3.649 Loading class java/lang/reflect/WildcardType
Event: 3.649 Loading class java/lang/reflect/WildcardType done
Event: 3.669 Loading class sun/reflect/generics/tree/TypeVariableSignature
Event: 3.669 Loading class sun/reflect/generics/tree/TypeVariableSignature done
Event: 3.892 Loading class java/lang/annotation/IncompleteAnnotationException
Event: 3.892 Loading class java/lang/annotation/IncompleteAnnotationException done

Classes unloaded (0 events):
No events

Classes redefined (0 events):
No events

Internal exceptions (20 events):
Event: 0.682 Thread 0x000001f79ba62740 Exception <a 'java/lang/NullPointerException'{0x00000000a6807aa0}> (0x00000000a6807aa0) 
thrown [s\src\hotspot\share\interpreter\linkResolver.cpp, line 1372]
Event: 0.682 Thread 0x000001f79ba62740 Exception <a 'java/lang/NullPointerException'{0x00000000a6807d80}> (0x00000000a6807d80) 
thrown [s\src\hotspot\share\interpreter\linkResolver.cpp, line 1372]
Event: 0.682 Thread 0x000001f79ba62740 Exception <a 'java/lang/NullPointerException'{0x00000000a6808060}> (0x00000000a6808060) 
thrown [s\src\hotspot\share\interpreter\linkResolver.cpp, line 1372]
Event: 0.686 Thread 0x000001f79ba62740 Exception <a 'java/lang/NullPointerException'{0x00000000a680d520}> (0x00000000a680d520) 
thrown [s\src\hotspot\share\interpreter\linkResolver.cpp, line 1372]
Event: 0.693 Thread 0x000001f79ba62740 Exception <a 'java/lang/NullPointerException'{0x00000000a6820df0}> (0x00000000a6820df0) 
thrown [s\src\hotspot\share\interpreter\linkResolver.cpp, line 1372]
Event: 0.693 Thread 0x000001f79ba62740 Exception <a 'java/lang/NullPointerException'{0x00000000a68210d0}> (0x00000000a68210d0) 
thrown [s\src\hotspot\share\interpreter\linkResolver.cpp, line 1372]
Event: 0.693 Thread 0x000001f79ba62740 Exception <a 'java/lang/NullPointerException'{0x00000000a68213b0}> (0x00000000a68213b0) 
thrown [s\src\hotspot\share\interpreter\linkResolver.cpp, line 1372]
Event: 0.693 Thread 0x000001f79ba62740 Exception <a 'java/lang/NullPointerException'{0x00000000a6821690}> (0x00000000a6821690) 
thrown [s\src\hotspot\share\interpreter\linkResolver.cpp, line 1372]
Event: 0.750 Thread 0x000001f79ba62740 Exception <a 'java/lang/NoSuchMethodError'{0x00000000a6897bd0}: 'void java.lang.invoke.DirectMethodHandle$Holder.invokeStatic(java.lang.Object, java.lang.Object)'> (0x00000000a6897bd0) 
thrown [s\src\hotspot\share\interpreter\linkResolver.cpp, line 773]
Event: 0.752 Thread 0x000001f79ba62740 Exception <a 'java/lang/NoSuchMethodError'{0x00000000a689afa0}: 'void java.lang.invoke.DirectMethodHandle$Holder.invokeStaticInit(java.lang.Object, java.lang.Object)'> (0x00000000a689afa0) 
thrown [s\src\hotspot\share\interpreter\linkResolver.cpp, line 773]
Event: 0.778 Thread 0x000001f79ba62740 Exception <a 'java/lang/NoSuchMethodError'{0x00000000a68d0c78}: 'void java.lang.invoke.DirectMethodHandle$Holder.invokeStatic(java.lang.Object, java.lang.Object, java.lang.Object)'> (0x00000000a68d0c78) 
thrown [s\src\hotspot\share\interpreter\linkResolver.cpp, line 773]
Event: 0.976 Thread 0x000001f79ba62740 Exception <a 'java/lang/NoSuchMethodError'{0x00000000a6641f38}: 'java.lang.Object java.lang.invoke.DirectMethodHandle$Holder.invokeSpecialIFC(java.lang.Object, java.lang.Object, java.lang.Object, java.lang.Object)'> (0x00000000a6641f38) 
thrown [s\src\hotspot\share\interpreter\linkResolver.cpp, line 773]
Event: 2.063 Thread 0x000001f79ba62740 Exception <a 'java/lang/NoSuchMethodError'{0x00000000a61d2e70}: 'void java.lang.invoke.DirectMethodHandle$Holder.invokeSpecial(java.lang.Object, java.lang.Object, java.lang.Object)'> (0x00000000a61d2e70) 
thrown [s\src\hotspot\share\interpreter\linkResolver.cpp, line 773]
Event: 2.922 Thread 0x000001f79ba62740 Exception <a 'java/lang/NoSuchMethodError'{0x00000000a6c73790}: 'java.lang.Object java.lang.invoke.DirectMethodHandle$Holder.invokeInterface(java.lang.Object, java.lang.Object)'> (0x00000000a6c73790) 
thrown [s\src\hotspot\share\interpreter\linkResolver.cpp, line 773]
Event: 2.988 Thread 0x000001f79ba62740 Exception <a 'java/lang/NoSuchMethodError'{0x00000000a6b0c7b8}: 'int java.lang.invoke.DirectMethodHandle$Holder.invokeStatic(java.lang.Object, java.lang.Object, java.lang.Object, java.lang.Object)'> (0x00000000a6b0c7b8) 
thrown [s\src\hotspot\share\interpreter\linkResolver.cpp, line 773]
Event: 2.990 Thread 0x000001f79ba62740 Exception <a 'java/lang/NoSuchMethodError'{0x00000000a6b0fe38}: 'java.lang.Object java.lang.invoke.Invokers$Holder.invokeExact_MT(java.lang.Object, java.lang.Object, java.lang.Object, java.lang.Object, java.lang.Object, java.lang.Object)'> (0x00000000a6b0fe38) 
thrown [s\src\hotspot\share\interpreter\linkResolver.cpp, line 773]
Event: 3.001 Thread 0x000001f79ba62740 Exception <a 'java/lang/NoSuchMethodError'{0x00000000a6b1e588}: 'int java.lang.invoke.DirectMethodHandle$Holder.invokeSpecialIFC(java.lang.Object, java.lang.Object, java.lang.Object, java.lang.Object, java.lang.Object)'> (0x00000000a6b1e588) 
thrown [s\src\hotspot\share\interpreter\linkResolver.cpp, line 773]
Event: 3.212 Thread 0x000001f79ba62740 Exception <a 'java/lang/NoSuchMethodError'{0x00000000a6aa4348}: 'java.lang.Object java.lang.invoke.DirectMethodHandle$Holder.newInvokeSpecial(java.lang.Object, java.lang.Object, java.lang.Object, java.lang.Object, java.lang.Object)'> (0x00000000a6aa4348) 
thrown [s\src\hotspot\share\interpreter\linkResolver.cpp, line 773]
Event: 3.839 Thread 0x000001f79ba62740 Exception <a 'java/lang/NoSuchMethodError'{0x00000000a69a24c8}: 'int java.lang.invoke.DirectMethodHandle$Holder.invokeStaticInit(java.lang.Object, java.lang.Object)'> (0x00000000a69a24c8) 
thrown [s\src\hotspot\share\interpreter\linkResolver.cpp, line 773]
Event: 3.892 Thread 0x000001f79ba62740 Exception <a 'java/lang/NoClassDefFoundError'{0x00000000a69d7bc0}: javax/enterprise/inject/Typed> (0x00000000a69d7bc0) 
thrown [s\src\hotspot\share\classfile\systemDictionary.cpp, line 301]

ZGC Phase Switch (0 events):
No events

VM Operations (12 events):
Event: 0.246 Executing VM operation: HandshakeAllThreads (Deoptimize)
Event: 0.246 Executing VM operation: HandshakeAllThreads (Deoptimize) done
Event: 0.641 Executing VM operation: HandshakeAllThreads (Deoptimize)
Event: 0.641 Executing VM operation: HandshakeAllThreads (Deoptimize) done
Event: 0.794 Executing VM operation: HandshakeAllThreads (Deoptimize)
Event: 0.805 Executing VM operation: HandshakeAllThreads (Deoptimize) done
Event: 1.809 Executing VM operation: Cleanup
Event: 1.832 Executing VM operation: Cleanup done
Event: 2.073 Executing VM operation: G1CollectForAllocation (G1 Evacuation Pause)
Event: 2.601 Executing VM operation: G1CollectForAllocation (G1 Evacuation Pause) done
Event: 3.609 Executing VM operation: Cleanup
Event: 3.646 Executing VM operation: Cleanup done

Events (13 events):
Event: 0.094 Thread 0x000001f79ba62740 Thread added: 0x000001f79ba62740
Event: 0.141 Thread 0x000001f7b94e9e00 Thread added: 0x000001f7b94e9e00
Event: 0.143 Thread 0x000001f7b94ef6a0 Thread added: 0x000001f7b94ef6a0
Event: 0.144 Thread 0x000001f7b94f1e30 Thread added: 0x000001f7b94f1e30
Event: 0.144 Thread 0x000001f7b94f4c00 Thread added: 0x000001f7b94f4c00
Event: 0.145 Thread 0x000001f7b94f6380 Thread added: 0x000001f7b94f6380
Event: 0.145 Thread 0x000001f7b94f6de0 Thread added: 0x000001f7b94f6de0
Event: 0.146 Thread 0x000001f7b95015c0 Thread added: 0x000001f7b95015c0
Event: 0.147 Thread 0x000001f7b952f780 Thread added: 0x000001f7b952f780
Event: 0.208 Thread 0x000001f7b97786e0 Thread added: 0x000001f7b97786e0
Event: 0.214 Thread 0x000001f7b9781f30 Thread added: 0x000001f7b9781f30
Event: 0.654 Thread 0x000001f7b9a39070 Thread added: 0x000001f7b9a39070
Event: 2.974 Thread 0x000001f7b9a39070 Thread exited: 0x000001f7b9a39070


Dynamic libraries:
0x00007ff7f4510000 - 0x00007ff7f451e000 	C:\Users\palak\Downloads\java-21-openjdk-21.0.1.0.12-3.win.jdk.x86_64\java-21-openjdk-21.0.1.0.12-3.win.jdk.x86_64\bin\java.exe
0x00007ffbfa4e0000 - 0x00007ffbfa743000 	C:\WINDOWS\SYSTEM32\ntdll.dll
0x00007ffbf91e0000 - 0x00007ffbf92a7000 	C:\WINDOWS\System32\KERNEL32.DLL
0x00007ffbf7f50000 - 0x00007ffbf8317000 	C:\WINDOWS\System32\KERNELBASE.dll
0x00007ffbf7ca0000 - 0x00007ffbf7dec000 	C:\WINDOWS\System32\ucrtbase.dll
0x00007ffbb9d80000 - 0x00007ffbb9d98000 	C:\Users\palak\Downloads\java-21-openjdk-21.0.1.0.12-3.win.jdk.x86_64\java-21-openjdk-21.0.1.0.12-3.win.jdk.x86_64\bin\jli.dll
0x00007ffbf92b0000 - 0x00007ffbf9479000 	C:\WINDOWS\System32\USER32.dll
0x00007ffbb92f0000 - 0x00007ffbb930b000 	C:\Users\palak\Downloads\java-21-openjdk-21.0.1.0.12-3.win.jdk.x86_64\java-21-openjdk-21.0.1.0.12-3.win.jdk.x86_64\bin\VCRUNTIME140.dll
0x00007ffbf7f20000 - 0x00007ffbf7f47000 	C:\WINDOWS\System32\win32u.dll
0x00007ffbf84b0000 - 0x00007ffbf84da000 	C:\WINDOWS\System32\GDI32.dll
0x00007ffbf7ac0000 - 0x00007ffbf7beb000 	C:\WINDOWS\System32\gdi32full.dll
0x00007ffbf7bf0000 - 0x00007ffbf7c93000 	C:\WINDOWS\System32\msvcp_win.dll
0x00007ffbf6960000 - 0x00007ffbf6bf0000 	C:\WINDOWS\WinSxS\amd64_microsoft.windows.common-controls_6595b64144ccf1df_6.0.26100.3037_none_3e09262ce333c378\COMCTL32.dll
0x00007ffbf88c0000 - 0x00007ffbf8969000 	C:\WINDOWS\System32\msvcrt.dll
0x00007ffbf9ac0000 - 0x00007ffbf9aef000 	C:\WINDOWS\System32\IMM32.DLL
0x00007ffbdc570000 - 0x00007ffbdc57c000 	C:\Users\palak\Downloads\java-21-openjdk-21.0.1.0.12-3.win.jdk.x86_64\java-21-openjdk-21.0.1.0.12-3.win.jdk.x86_64\bin\vcruntime140_1.dll
0x00007ffbb6870000 - 0x00007ffbb68fe000 	C:\Users\palak\Downloads\java-21-openjdk-21.0.1.0.12-3.win.jdk.x86_64\java-21-openjdk-21.0.1.0.12-3.win.jdk.x86_64\bin\msvcp140.dll
0x00007ffb47cd0000 - 0x00007ffb48a51000 	C:\Users\palak\Downloads\java-21-openjdk-21.0.1.0.12-3.win.jdk.x86_64\java-21-openjdk-21.0.1.0.12-3.win.jdk.x86_64\bin\server\jvm.dll
0x00007ffbf8340000 - 0x00007ffbf83f4000 	C:\WINDOWS\System32\ADVAPI32.dll
0x00007ffbf8d20000 - 0x00007ffbf8dc6000 	C:\WINDOWS\System32\sechost.dll
0x00007ffbf9500000 - 0x00007ffbf9616000 	C:\WINDOWS\System32\RPCRT4.dll
0x00007ffbf89d0000 - 0x00007ffbf8a44000 	C:\WINDOWS\System32\WS2_32.dll
0x00007ffbf7710000 - 0x00007ffbf775e000 	C:\WINDOWS\SYSTEM32\POWRPROF.dll
0x00007ffbee750000 - 0x00007ffbee786000 	C:\WINDOWS\SYSTEM32\WINMM.dll
0x00007ffbefdc0000 - 0x00007ffbefdcb000 	C:\WINDOWS\SYSTEM32\VERSION.dll
0x00007ffbf76f0000 - 0x00007ffbf7704000 	C:\WINDOWS\SYSTEM32\UMPDC.dll
0x00007ffbf5d80000 - 0x00007ffbf5d9a000 	C:\WINDOWS\SYSTEM32\kernel.appcore.dll
0x00007ffbd9aa0000 - 0x00007ffbd9aaa000 	C:\Users\palak\Downloads\java-21-openjdk-21.0.1.0.12-3.win.jdk.x86_64\java-21-openjdk-21.0.1.0.12-3.win.jdk.x86_64\bin\jimage.dll
0x00007ffbf7040000 - 0x00007ffbf7281000 	C:\WINDOWS\SYSTEM32\DBGHELP.DLL
0x00007ffbf8dd0000 - 0x00007ffbf914e000 	C:\WINDOWS\System32\combase.dll
0x00007ffbfa240000 - 0x00007ffbfa316000 	C:\WINDOWS\System32\OLEAUT32.dll
0x00007ffbf6f00000 - 0x00007ffbf6f39000 	C:\WINDOWS\SYSTEM32\dbgcore.DLL
0x00007ffbf7df0000 - 0x00007ffbf7e89000 	C:\WINDOWS\System32\bcryptPrimitives.dll
0x00007ffbb92d0000 - 0x00007ffbb92ef000 	C:\Users\palak\Downloads\java-21-openjdk-21.0.1.0.12-3.win.jdk.x86_64\java-21-openjdk-21.0.1.0.12-3.win.jdk.x86_64\bin\java.dll
0x00007ffbf9b00000 - 0x00007ffbfa204000 	C:\WINDOWS\System32\SHELL32.dll
0x00007ffbf4b30000 - 0x00007ffbf5367000 	C:\WINDOWS\SYSTEM32\windows.storage.dll
0x00007ffbfa320000 - 0x00007ffbfa409000 	C:\WINDOWS\System32\SHCORE.dll
0x00007ffbf8860000 - 0x00007ffbf88bd000 	C:\WINDOWS\System32\shlwapi.dll
0x00007ffbf7790000 - 0x00007ffbf77be000 	C:\WINDOWS\SYSTEM32\profapi.dll
0x00007ffbb5860000 - 0x00007ffbb5937000 	C:\Users\palak\Downloads\java-21-openjdk-21.0.1.0.12-3.win.jdk.x86_64\java-21-openjdk-21.0.1.0.12-3.win.jdk.x86_64\bin\jsvml.dll
0x00007ffbd9a10000 - 0x00007ffbd9a20000 	C:\Users\palak\Downloads\java-21-openjdk-21.0.1.0.12-3.win.jdk.x86_64\java-21-openjdk-21.0.1.0.12-3.win.jdk.x86_64\bin\net.dll
0x00007ffbf2070000 - 0x00007ffbf218e000 	C:\WINDOWS\SYSTEM32\WINHTTP.dll
0x00007ffbf6280000 - 0x00007ffbf62ea000 	C:\WINDOWS\system32\mswsock.dll
0x00007ffbb92b0000 - 0x00007ffbb92c6000 	C:\Users\palak\Downloads\java-21-openjdk-21.0.1.0.12-3.win.jdk.x86_64\java-21-openjdk-21.0.1.0.12-3.win.jdk.x86_64\bin\nio.dll
0x00007ffbb5840000 - 0x00007ffbb5858000 	C:\Users\palak\Downloads\java-21-openjdk-21.0.1.0.12-3.win.jdk.x86_64\java-21-openjdk-21.0.1.0.12-3.win.jdk.x86_64\bin\zip.dll
0x00007ffbb5810000 - 0x00007ffbb5834000 	C:\Users\palak\Downloads\apache-maven-3.9.8-bin\lib\jansi-native\Windows\x86_64\jansi.dll
0x00007ffbd0ca0000 - 0x00007ffbd0cb0000 	C:\Users\palak\Downloads\java-21-openjdk-21.0.1.0.12-3.win.jdk.x86_64\java-21-openjdk-21.0.1.0.12-3.win.jdk.x86_64\bin\verify.dll

dbghelp: loaded successfully - version: 4.0.5 - missing functions: none
symbol engine: initialized successfully - sym options: 0x614 - pdb path: .;C:\Users\palak\Downloads\java-21-openjdk-21.0.1.0.12-3.win.jdk.x86_64\java-21-openjdk-21.0.1.0.12-3.win.jdk.x86_64\bin;C:\WINDOWS\SYSTEM32;C:\WINDOWS\WinSxS\amd64_microsoft.windows.common-controls_6595b64144ccf1df_6.0.26100.3037_none_3e09262ce333c378;C:\Users\palak\Downloads\java-21-openjdk-21.0.1.0.12-3.win.jdk.x86_64\java-21-openjdk-21.0.1.0.12-3.win.jdk.x86_64\bin\server;C:\Users\palak\Downloads\apache-maven-3.9.8-bin\lib\jansi-native\Windows\x86_64

VM Arguments:
jvm_args: -Dclassworlds.conf=C:\Users\palak\Downloads\apache-maven-3.9.8-bin\bin\m2.conf -Dmaven.home=C:\Users\palak\Downloads\apache-maven-3.9.8-bin -Dlibrary.jansi.path=C:\Users\palak\Downloads\apache-maven-3.9.8-bin\lib\jansi-native -Dmaven.multiModuleProjectDirectory=C:\Users\palak\Downloads\demo 
java_command: org.codehaus.plexus.classworlds.launcher.Launcher spring-boot:run
java_class_path (initial): C:\Users\palak\Downloads\apache-maven-3.9.8-bin\boot\plexus-classworlds-2.8.0.jar
Launcher Type: SUN_STANDARD

[Global flags]
     intx CICompilerCount                          = 3                                         {product} {ergonomic}
     uint ConcGCThreads                            = 1                                         {product} {ergonomic}
     uint G1ConcRefinementThreads                  = 4                                         {product} {ergonomic}
   size_t G1HeapRegionSize                         = 1048576                                   {product} {ergonomic}
    uintx GCDrainStackTargetSize                   = 64                                        {product} {ergonomic}
   size_t InitialHeapSize                          = 100663296                                 {product} {ergonomic}
   size_t MarkStackSize                            = 4194304                                   {product} {ergonomic}
   size_t MaxHeapSize                              = 1595932672                                {product} {ergonomic}
   size_t MaxNewSize                               = 957349888                                 {product} {ergonomic}
   size_t MinHeapDeltaBytes                        = 1048576                                   {product} {ergonomic}
   size_t MinHeapSize                              = 8388608                                   {product} {ergonomic}
    uintx NonNMethodCodeHeapSize                   = 5832780                                {pd product} {ergonomic}
    uintx NonProfiledCodeHeapSize                  = 122912730                              {pd product} {ergonomic}
    uintx ProfiledCodeHeapSize                     = 122912730                              {pd product} {ergonomic}
    uintx ReservedCodeCacheSize                    = 251658240                              {pd product} {ergonomic}
     bool SegmentedCodeCache                       = true                                      {product} {ergonomic}
   size_t SoftMaxHeapSize                          = 1595932672                             {manageable} {ergonomic}
     bool UseCompressedOops                        = true                           {product lp64_product} {ergonomic}
     bool UseG1GC                                  = true                                      {product} {ergonomic}
     bool UseLargePagesIndividualAllocation        = false                                  {pd product} {ergonomic}

Logging:
Log output configuration:
 #0: stdout all=warning uptime,level,tags foldmultilines=false
 #1: stderr all=off uptime,level,tags foldmultilines=false

Environment Variables:
JAVA_HOME=C:\Users\palak\Downloads\java-21-openjdk-21.0.1.0.12-3.win.jdk.x86_64\java-21-openjdk-21.0.1.0.12-3.win.jdk.x86_64
PATH=C:\Program Files (x86)\Common Files\Oracle\Java\java8path;C:\Program Files (x86)\Common Files\Oracle\Java\javapath;C:\WINDOWS\system32;C:\WINDOWS;C:\WINDOWS\System32\Wbem;C:\WINDOWS\System32\WindowsPowerShell\v1.0\;C:\WINDOWS\System32\OpenSSH\;C:\Users\palak\Downloads\java-21-openjdk-21.0.1.0.12-3.win.jdk.x86_64\java-21-openjdk-21.0.1.0.12-3.win.jdk.x86_64\bin;C:\Users\palak\Downloads\apache-maven-3.9.8-bin\bin;c:\users\palak\appdata\local\packages\pythonsoftwarefoundation.python.3.11_qbz5n2kfra8p0\localcache\local-packages\python311\site-packages;C:\ProgramData\chocolatey\bin;C:\Program Files\nodejs\;C:\Users\palak\AppData\Local\Programs\Python\Python312\Scripts;C:\Program Files\Git\cmd;C:\Users\palak\Downloads\flutter_windows_3.27.3-stable\flutter\bin;C:\Users\palak\AppData\Local\Android\Sdk\cmdline-tools\latest\bin;C:\Users\palak\AppData\Local\Android\Sdk\platform-tools;C:\ffmpeg;C:\Program Files\MongoDB\Server\8.0\bin;C:\Users\palak\AppData\Local\Programs\Python\Python312\Scripts\;C:\Users\palak\AppData\Local\Programs\Python\Python312\;C:\Users\palak\AppData\Local\Programs\Python\Launcher\;C:\Program Files\MySQL\MySQL Shell 8.0\bin\;C:\Users\palak\AppData\Local\Microsoft\WindowsApps;C:\Users\palak\AppData\Local\Programs\Microsoft VS Code\bin;C:\Program Files\JetBrains\IntelliJ IDEA Community Edition 2023.3.3\bin;C:\Users\palak\AppData\Local\JetBrains\CLion 2023.3.4\bin;C:\Program Files\JetBrains\PyCharm 2024.1.2\bin;C:\Program Files\JetBrains\PyCharm Community Edition 2024.1.4\bin;C:\Users\palak\AppData\Local\JetBrains\Toolbox\scripts;C:\Users\palak\AppData\Roaming\npm;C:\Users\palak\AppData\Local\GitHubDesktop\bin;C:\Users\palak\AppData\Local\Microsoft\WindowsApps;
USERNAME=palak
LANG=en_US.UTF-8
OS=Windows_NT
PROCESSOR_IDENTIFIER=AMD64 Family 23 Model 24 Stepping 1, AuthenticAMD
TMP=C:\Users\palak\AppData\Local\Temp
TEMP=C:\Users\palak\AppData\Local\Temp




Periodic native trim disabled

---------------  S Y S T E M  ---------------

OS:
 Windows 11 , 64 bit Build 26100 (10.0.26100.3037)
OS uptime: 0 days 4:30 hours

CPU: total 4 (initial active 4) (4 cores per cpu, 2 threads per core) family 23 model 24 stepping 1 microcode 0x8108109, cx8, cmov, fxsr, ht, mmx, 3dnowpref, sse, sse2, sse3, ssse3, sse4a, sse4.1, sse4.2, popcnt, lzcnt, tsc, tscinvbit, avx, avx2, aes, clmul, bmi1, bmi2, adx, sha, fma, vzeroupper, clflush, clflushopt, rdtscp, f16c
Processor Information for all 4 processors :
  Max Mhz: 2600, Current Mhz: 2600, Mhz Limit: 2600

Memory: 4k page, system-wide physical 6086M (469M free)
TotalPageFile size 14278M (AvailPageFile size 4M)
current process WorkingSet (physical memory assigned to process): 74M, peak: 74M
current process commit charge ("private bytes"): 185M, peak: 185M

vm_info: OpenJDK 64-Bit Server VM (21.0.1+12-LTS) for windows-amd64 JRE (21.0.1+12-LTS), built on 2023-10-17T00:00:00Z by "admin" with unknown MS VC++:1937

END.
