#
# There is insufficient memory for the Java Runtime Environment to continue.
# Native memory allocation (malloc) failed to allocate 392144 bytes. Error detail: Chunk::new
# Possible reasons:
#   The system is out of physical RAM or swap space
#   This process is running with CompressedOops enabled, and the Java Heap may be blocking the growth of the native heap
# Possible solutions:
#   Reduce memory load on the system
#   Increase physical memory or swap space
#   Check if swap backing store is full
#   Decrease Java heap size (-Xmx/-Xms)
#   Decrease number of Java threads
#   Decrease Java thread stack sizes (-Xss)
#   Set larger code cache with -XX:ReservedCodeCacheSize=
#   JVM is running with Unscaled Compressed Oops mode in which the Java heap is
#     placed in the first 4GB address space. The Java Heap base address is the
#     maximum limit for the native heap growth. Please use -XX:HeapBaseMinAddress
#     to set the Java Heap base and to place the Java Heap above 4GB virtual address.
# This output file may be truncated or incomplete.
#
#  Out of Memory Error (arena.cpp:168), pid=4612, tid=14840
#
# JRE version: OpenJDK Runtime Environment Temurin-21.0.6+7 (21.0.6+7) (build 21.0.6+7-LTS)
# Java VM: OpenJDK 64-Bit Server VM Temurin-21.0.6+7 (21.0.6+7-LTS, mixed mode, sharing, tiered, compressed oops, compressed class ptrs, parallel gc, windows-amd64)
# No core dump will be written. Minidumps are not enabled by default on client versions of Windows
#

---------------  S U M M A R Y ------------

Command Line: --add-modules=ALL-SYSTEM --add-opens=java.base/java.util=ALL-UNNAMED --add-opens=java.base/java.lang=ALL-UNNAMED --add-opens=java.base/sun.nio.fs=ALL-UNNAMED -Declipse.application=org.eclipse.jdt.ls.core.id1 -Dosgi.bundles.defaultStartLevel=4 -Declipse.product=org.eclipse.jdt.ls.core.product -Djava.import.generatesMetadataFilesAtProjectRoot=false -DDetectVMInstallationsJob.disabled=true -Dfile.encoding=utf8 -XX:+UseParallelGC -XX:GCTimeRatio=4 -XX:AdaptiveSizePolicyWeight=90 -Dsun.zip.disableMemoryMapping=true -Xmx1G -Xms100m -Xlog:disable -javaagent:c:\Users\palak\.vscode\extensions\redhat.java-1.40.0-win32-x64\lombok\lombok-1.18.36.jar -XX:+HeapDumpOnOutOfMemoryError -XX:HeapDumpPath=c:\Users\palak\AppData\Roaming\Code\User\workspaceStorage\632f04cdbe9e26a6a5769c745b0508de\redhat.java -Daether.dependencyCollector.impl=bf c:\Users\palak\.vscode\extensions\redhat.java-1.40.0-win32-x64\server\plugins\org.eclipse.equinox.launcher_1.6.1000.v20250131-0606.jar -configuration c:\Users\palak\AppData\Roaming\Code\User\globalStorage\redhat.java\1.40.0\config_win -data c:\Users\palak\AppData\Roaming\Code\User\workspaceStorage\632f04cdbe9e26a6a5769c745b0508de\redhat.java\jdt_ws --pipe=\\.\pipe\lsp-537a02709c65e58a0b797b978afd6de5-sock

Host: AMD Ryzen 3 3250U with Radeon Graphics         , 4 cores, 5G,  Windows 11 , 64 bit Build 26100 (10.0.26100.3323)
Time: Fri Mar 21 17:35:43 2025 India Standard Time elapsed time: 109.430849 seconds (0d 0h 1m 49s)

---------------  T H R E A D  ---------------

Current thread (0x0000022f425667f0):  JavaThread "C2 CompilerThread0" daemon [_thread_in_native, id=14840, stack(0x000000984c300000,0x000000984c400000) (1024K)]


Current CompileTask:
C2:109431 8340       4       org.eclipse.jdt.internal.compiler.lookup.LookupEnvironment::getCachedType0 (112 bytes)

Stack: [0x000000984c300000,0x000000984c400000]
Native frames: (J=compiled Java code, j=interpreted, Vv=VM code, C=native code)
V  [jvm.dll+0x6cdee9]
V  [jvm.dll+0x8a83d1]
V  [jvm.dll+0x8aa8fe]
V  [jvm.dll+0x8aafe3]
V  [jvm.dll+0x27f706]
V  [jvm.dll+0xc500d]
V  [jvm.dll+0xc5543]
V  [jvm.dll+0x3b678c]
V  [jvm.dll+0x382935]
V  [jvm.dll+0x381d9a]
V  [jvm.dll+0x2479f0]
V  [jvm.dll+0x246fcf]
V  [jvm.dll+0x1c75ee]
V  [jvm.dll+0x25685a]
V  [jvm.dll+0x254dfa]
V  [jvm.dll+0x3f0256]
V  [jvm.dll+0x851f8b]
V  [jvm.dll+0x6cc5ed]
C  [ucrtbase.dll+0x37b0]
C  [KERNEL32.DLL+0x2e8d7]
C  [ntdll.dll+0xbbf6c]


---------------  P R O C E S S  ---------------

Threads class SMR info:
_java_thread_list=0x0000022f89b9d4a0, length=40, elements={
0x0000022f2beeccb0, 0x0000022f2e2dc940, 0x0000022f4254ff80, 0x0000022f425539e0,
0x0000022f42554630, 0x0000022f42556910, 0x0000022f4255df00, 0x0000022f425667f0,
0x0000022f425d0f40, 0x0000022f2e291140, 0x0000022f845d42f0, 0x0000022f84628380,
0x0000022f84b45300, 0x0000022f84b45990, 0x0000022f84b42510, 0x0000022f84b445e0,
0x0000022f84b44c70, 0x0000022f84b438c0, 0x0000022f848b0790, 0x0000022f848b14b0,
0x0000022f848b1b40, 0x0000022f848b2860, 0x0000022f848b0100, 0x0000022f848b21d0,
0x0000022f848b2ef0, 0x0000022f848af3e0, 0x0000022f848afa70, 0x0000022f848b6370,
0x0000022f848b42a0, 0x0000022f848b6a00, 0x0000022f848b4930, 0x0000022f848b4fc0,
0x0000022f848b5650, 0x0000022f848b3c10, 0x0000022f848b5ce0, 0x0000022f84b42ba0,
0x0000022f8af66a80, 0x0000022f8af64320, 0x0000022f8af649b0, 0x0000022f8af63c90
}

Java Threads: ( => current thread )
  0x0000022f2beeccb0 JavaThread "main"                              [_thread_blocked, id=12632, stack(0x000000984b900000,0x000000984ba00000) (1024K)]
  0x0000022f2e2dc940 JavaThread "Reference Handler"          daemon [_thread_blocked, id=7304, stack(0x000000984bd00000,0x000000984be00000) (1024K)]
  0x0000022f4254ff80 JavaThread "Finalizer"                  daemon [_thread_blocked, id=7732, stack(0x000000984be00000,0x000000984bf00000) (1024K)]
  0x0000022f425539e0 JavaThread "Signal Dispatcher"          daemon [_thread_blocked, id=2476, stack(0x000000984bf00000,0x000000984c000000) (1024K)]
  0x0000022f42554630 JavaThread "Attach Listener"            daemon [_thread_blocked, id=14260, stack(0x000000984c000000,0x000000984c100000) (1024K)]
  0x0000022f42556910 JavaThread "Service Thread"             daemon [_thread_blocked, id=13788, stack(0x000000984c100000,0x000000984c200000) (1024K)]
  0x0000022f4255df00 JavaThread "Monitor Deflation Thread"   daemon [_thread_blocked, id=4540, stack(0x000000984c200000,0x000000984c300000) (1024K)]
=>0x0000022f425667f0 JavaThread "C2 CompilerThread0"         daemon [_thread_in_native, id=14840, stack(0x000000984c300000,0x000000984c400000) (1024K)]
  0x0000022f425d0f40 JavaThread "C1 CompilerThread0"         daemon [_thread_in_vm, id=16132, stack(0x000000984c400000,0x000000984c500000) (1024K)]
  0x0000022f2e291140 JavaThread "Common-Cleaner"             daemon [_thread_blocked, id=7356, stack(0x000000984c500000,0x000000984c600000) (1024K)]
  0x0000022f845d42f0 JavaThread "Notification Thread"        daemon [_thread_blocked, id=14800, stack(0x000000984c600000,0x000000984c700000) (1024K)]
  0x0000022f84628380 JavaThread "Active Thread: Equinox Container: 74053de6-077f-4dfd-aa3d-c26843d00740"        [_thread_blocked, id=7072, stack(0x000000984ca00000,0x000000984cb00000) (1024K)]
  0x0000022f84b45300 JavaThread "Refresh Thread: Equinox Container: 74053de6-077f-4dfd-aa3d-c26843d00740" daemon [_thread_blocked, id=3984, stack(0x000000984cb00000,0x000000984cc00000) (1024K)]
  0x0000022f84b45990 JavaThread "Framework Event Dispatcher: Equinox Container: 74053de6-077f-4dfd-aa3d-c26843d00740" daemon [_thread_blocked, id=9268, stack(0x000000984cc00000,0x000000984cd00000) (1024K)]
  0x0000022f84b42510 JavaThread "Start Level: Equinox Container: 74053de6-077f-4dfd-aa3d-c26843d00740" daemon [_thread_blocked, id=17388, stack(0x000000984cd00000,0x000000984ce00000) (1024K)]
  0x0000022f84b445e0 JavaThread "Bundle File Closer"         daemon [_thread_blocked, id=2524, stack(0x000000984cf00000,0x000000984d000000) (1024K)]
  0x0000022f84b44c70 JavaThread "SCR Component Actor"        daemon [_thread_blocked, id=12608, stack(0x000000984ce00000,0x000000984cf00000) (1024K)]
  0x0000022f84b438c0 JavaThread "Worker-JM"                         [_thread_blocked, id=14040, stack(0x000000984d100000,0x000000984d200000) (1024K)]
  0x0000022f848b0790 JavaThread "JNA Cleaner"                daemon [_thread_blocked, id=17816, stack(0x000000984d200000,0x000000984d300000) (1024K)]
  0x0000022f848b14b0 JavaThread "Worker-0"                          [_thread_blocked, id=14964, stack(0x000000984d300000,0x000000984d400000) (1024K)]
  0x0000022f848b1b40 JavaThread "Worker-1"                          [_thread_blocked, id=14972, stack(0x000000984d400000,0x000000984d500000) (1024K)]
  0x0000022f848b2860 JavaThread "Worker-2: Building"                [_thread_in_vm, id=5824, stack(0x000000984d500000,0x000000984d600000) (1024K)]
  0x0000022f848b0100 JavaThread "Java indexing"              daemon [_thread_in_vm, id=12596, stack(0x000000984d000000,0x000000984d100000) (1024K)]
  0x0000022f848b21d0 JavaThread "Worker-3"                          [_thread_blocked, id=3684, stack(0x000000984d700000,0x000000984d800000) (1024K)]
  0x0000022f848b2ef0 JavaThread "Worker-4: Java indexing... "        [_thread_blocked, id=13408, stack(0x000000984da00000,0x000000984db00000) (1024K)]
  0x0000022f848af3e0 JavaThread "Thread-3"                   daemon [_thread_in_native, id=2360, stack(0x000000984db00000,0x000000984dc00000) (1024K)]
  0x0000022f848afa70 JavaThread "Thread-4"                   daemon [_thread_in_native, id=18252, stack(0x000000984dc00000,0x000000984dd00000) (1024K)]
  0x0000022f848b6370 JavaThread "Thread-5"                   daemon [_thread_in_native, id=4952, stack(0x000000984dd00000,0x000000984de00000) (1024K)]
  0x0000022f848b42a0 JavaThread "Thread-6"                   daemon [_thread_in_native, id=9228, stack(0x000000984d600000,0x000000984d700000) (1024K)]
  0x0000022f848b6a00 JavaThread "Thread-7"                   daemon [_thread_in_native, id=9372, stack(0x000000984de00000,0x000000984df00000) (1024K)]
  0x0000022f848b4930 JavaThread "pool-2-thread-1"                   [_thread_blocked, id=2600, stack(0x000000984df00000,0x000000984e000000) (1024K)]
  0x0000022f848b4fc0 JavaThread "WorkspaceEventsHandler"            [_thread_blocked, id=13680, stack(0x000000984e000000,0x000000984e100000) (1024K)]
  0x0000022f848b5650 JavaThread "pool-1-thread-1"                   [_thread_blocked, id=15980, stack(0x000000984e200000,0x000000984e300000) (1024K)]
  0x0000022f848b3c10 JavaThread "Worker-5"                          [_thread_blocked, id=15280, stack(0x000000984e100000,0x000000984e200000) (1024K)]
  0x0000022f848b5ce0 JavaThread "LocalFile Deleter"          daemon [_thread_blocked, id=4608, stack(0x000000984b700000,0x000000984b800000) (1024K)]
  0x0000022f84b42ba0 JavaThread "LocalFile Deleter"          daemon [_thread_blocked, id=1244, stack(0x000000984b800000,0x000000984b900000) (1024K)]
  0x0000022f8af66a80 JavaThread "LocalFile Deleter"          daemon [_thread_blocked, id=14092, stack(0x000000984e300000,0x000000984e400000) (1024K)]
  0x0000022f8af64320 JavaThread "LocalFile Deleter"          daemon [_thread_blocked, id=15236, stack(0x000000984e400000,0x000000984e500000) (1024K)]
  0x0000022f8af649b0 JavaThread "Compiler Source File Reader" daemon [_thread_blocked, id=9904, stack(0x000000984e500000,0x000000984e600000) (1024K)]
  0x0000022f8af63c90 JavaThread "Compiler Source File Reader" daemon [_thread_blocked, id=4188, stack(0x000000984e600000,0x000000984e700000) (1024K)]
Total: 40

Other Threads:
  0x0000022f4254f9e0 VMThread "VM Thread"                           [id=3796, stack(0x000000984bc00000,0x000000984bd00000) (1024K)]
  0x0000022f424eca10 WatcherThread "VM Periodic Task Thread"        [id=4112, stack(0x000000984bb00000,0x000000984bc00000) (1024K)]
  0x0000022f2e2400e0 WorkerThread "GC Thread#0"                     [id=18236, stack(0x000000984ba00000,0x000000984bb00000) (1024K)]
  0x0000022f84a67150 WorkerThread "GC Thread#1"                     [id=4720, stack(0x000000984c700000,0x000000984c800000) (1024K)]
  0x0000022f84b11580 WorkerThread "GC Thread#2"                     [id=2920, stack(0x000000984c800000,0x000000984c900000) (1024K)]
  0x0000022f84b11920 WorkerThread "GC Thread#3"                     [id=7080, stack(0x000000984c900000,0x000000984ca00000) (1024K)]
Total: 6

Threads with active compile tasks:
C2 CompilerThread0  109530 8340       4       org.eclipse.jdt.internal.compiler.lookup.LookupEnvironment::getCachedType0 (112 bytes)
C1 CompilerThread0  109530 8361       3       org.eclipse.jdt.internal.compiler.lookup.BinaryTypeBinding::createMethod (1724 bytes)
Total: 2

VM state: not at safepoint (normal execution)

VM Mutex/Monitor currently owned by a thread: None

Heap address: 0x00000000c0000000, size: 1024 MB, Compressed Oops mode: 32-bit

CDS archive(s) mapped at: [0x0000022f43000000-0x0000022f43ba0000-0x0000022f43ba0000), size 12189696, SharedBaseAddress: 0x0000022f43000000, ArchiveRelocationMode: 1.
Compressed class space mapped at: 0x0000022f44000000-0x0000022f84000000, reserved size: 1073741824
Narrow klass base: 0x0000022f43000000, Narrow klass shift: 0, Narrow klass range: 0x100000000

GC Precious Log:
 CardTable entry size: 512
 CPUs: 4 total, 4 available
 Memory: 6086M
 Large Page Support: Disabled
 NUMA Support: Disabled
 Compressed Oops: Enabled (32-bit)
 Alignments: Space 512K, Generation 512K, Heap 2M
 Heap Min Capacity: 100M
 Heap Initial Capacity: 100M
 Heap Max Capacity: 1G
 Pre-touch: Disabled
 Parallel Workers: 4

Heap:
 PSYoungGen      total 23552K, used 20912K [0x00000000eab00000, 0x00000000ec900000, 0x0000000100000000)
  eden space 22016K, 90% used [0x00000000eab00000,0x00000000ebe59fe8,0x00000000ec080000)
  from space 1536K, 71% used [0x00000000ec080000,0x00000000ec1921c8,0x00000000ec200000)
  to   space 3584K, 0% used [0x00000000ec580000,0x00000000ec580000,0x00000000ec900000)
 ParOldGen       total 81408K, used 80900K [0x00000000c0000000, 0x00000000c4f80000, 0x00000000eab00000)
  object space 81408K, 99% used [0x00000000c0000000,0x00000000c4f01090,0x00000000c4f80000)
 Metaspace       used 55721K, committed 56960K, reserved 1114112K
  class space    used 5824K, committed 6336K, reserved 1048576K

Card table byte_map: [0x0000022f2dbc0000,0x0000022f2ddd0000] _byte_map_base: 0x0000022f2d5c0000

Marking Bits: (ParMarkBitMap*) 0x00007ff8c4a93260
 Begin Bits: [0x0000022f40410000, 0x0000022f41410000)
 End Bits:   [0x0000022f41410000, 0x0000022f42410000)

Polling page: 0x0000022f2c010000

Metaspace:

Usage:
  Non-class:     48.73 MB used.
      Class:      5.69 MB used.
       Both:     54.42 MB used.

Virtual space:
  Non-class space:       64.00 MB reserved,      49.44 MB ( 77%) committed,  1 nodes.
      Class space:        1.00 GB reserved,       6.19 MB ( <1%) committed,  1 nodes.
             Both:        1.06 GB reserved,      55.62 MB (  5%) committed. 

Chunk freelists:
   Non-Class:  13.77 MB
       Class:  9.63 MB
        Both:  23.40 MB

MaxMetaspaceSize: unlimited
CompressedClassSpaceSize: 1.00 GB
Initial GC threshold: 21.00 MB
Current GC threshold: 58.38 MB
CDS: on
 - commit_granule_bytes: 65536.
 - commit_granule_words: 8192.
 - virtual_space_node_default_size: 8388608.
 - enlarge_chunks_in_place: 1.
 - use_allocation_guard: 0.


Internal statistics:

num_allocs_failed_limit: 6.
num_arena_births: 1038.
num_arena_deaths: 14.
num_vsnodes_births: 2.
num_vsnodes_deaths: 0.
num_space_committed: 890.
num_space_uncommitted: 0.
num_chunks_returned_to_freelist: 20.
num_chunks_taken_from_freelist: 3612.
num_chunk_merges: 8.
num_chunk_splits: 2201.
num_chunks_enlarged: 1247.
num_inconsistent_stats: 0.

CodeHeap 'non-profiled nmethods': size=120000Kb used=5016Kb max_used=5016Kb free=114983Kb
 bounds [0x0000022f38ee0000, 0x0000022f393d0000, 0x0000022f40410000]
CodeHeap 'profiled nmethods': size=120000Kb used=16890Kb max_used=16890Kb free=103109Kb
 bounds [0x0000022f31410000, 0x0000022f32490000, 0x0000022f38940000]
CodeHeap 'non-nmethods': size=5760Kb used=1400Kb max_used=1478Kb free=4359Kb
 bounds [0x0000022f38940000, 0x0000022f38bb0000, 0x0000022f38ee0000]
 total_blobs=8423 nmethods=7710 adapters=619
 compilation: enabled
              stopped_count=0, restarted_count=0
 full_count=0

Compilation events (20 events):
Event: 109.315 Thread 0x0000022f425d0f40 nmethod 8349 0x0000022f3248b610 code [0x0000022f3248b7c0, 0x0000022f3248b9c8]
Event: 109.315 Thread 0x0000022f425d0f40 8347       1       org.eclipse.jdt.internal.compiler.lookup.ReferenceBinding::getPackage (5 bytes)
Event: 109.315 Thread 0x0000022f425d0f40 nmethod 8347 0x0000022f393c5990 code [0x0000022f393c5b20, 0x0000022f393c5be8]
Event: 109.336 Thread 0x0000022f425d0f40 8353       1       org.eclipse.jdt.internal.compiler.lookup.ImportBinding::getResolvedImport (5 bytes)
Event: 109.336 Thread 0x0000022f425d0f40 nmethod 8353 0x0000022f393c5c90 code [0x0000022f393c5e20, 0x0000022f393c5ee8]
Event: 109.336 Thread 0x0000022f425d0f40 8354       1       org.eclipse.jdt.internal.compiler.lookup.TypeBinding::isWildcard (2 bytes)
Event: 109.336 Thread 0x0000022f425d0f40 nmethod 8354 0x0000022f393c5f90 code [0x0000022f393c6120, 0x0000022f393c61e8]
Event: 109.338 Thread 0x0000022f425d0f40 8355       3       org.eclipse.jdt.internal.compiler.lookup.ReferenceBinding::<init> (5 bytes)
Event: 109.339 Thread 0x0000022f425d0f40 nmethod 8355 0x0000022f3248ba90 code [0x0000022f3248bc40, 0x0000022f3248bea0]
Event: 109.342 Thread 0x0000022f425d0f40 8356       3       org.eclipse.jdt.internal.compiler.lookup.ImportBinding::getSimpleName (28 bytes)
Event: 109.342 Thread 0x0000022f425d0f40 nmethod 8356 0x0000022f3248bf90 code [0x0000022f3248c140, 0x0000022f3248c378]
Event: 109.342 Thread 0x0000022f425d0f40 8357       3       org.eclipse.jdt.internal.compiler.ast.ImportReference::getSimpleName (13 bytes)
Event: 109.342 Thread 0x0000022f425d0f40 nmethod 8357 0x0000022f3248c510 code [0x0000022f3248c6a0, 0x0000022f3248c7d8]
Event: 109.345 Thread 0x0000022f425d0f40 8358       3       org.eclipse.jdt.internal.compiler.lookup.PackageBinding::subsumes (9 bytes)
Event: 109.345 Thread 0x0000022f425d0f40 nmethod 8358 0x0000022f3248c890 code [0x0000022f3248ca40, 0x0000022f3248cbb0]
Event: 109.353 Thread 0x0000022f425d0f40 8359       3       org.eclipse.jdt.internal.compiler.lookup.BinaryTypeBinding::resolveType (207 bytes)
Event: 109.355 Thread 0x0000022f425d0f40 nmethod 8359 0x0000022f3248cc90 code [0x0000022f3248cf60, 0x0000022f3248dfb0]
Event: 109.357 Thread 0x0000022f425d0f40 8360       3       sun.nio.ch.FileChannelImpl::ensureOpen (16 bytes)
Event: 109.357 Thread 0x0000022f425d0f40 nmethod 8360 0x0000022f3248e410 code [0x0000022f3248e5e0, 0x0000022f3248e8a8]
Event: 109.357 Thread 0x0000022f425d0f40 8361       3       org.eclipse.jdt.internal.compiler.lookup.BinaryTypeBinding::createMethod (1724 bytes)

GC Heap History (20 events):
Event: 76.835 GC heap before
{Heap before GC invocations=22 (full 2):
 PSYoungGen      total 24576K, used 24064K [0x00000000eab00000, 0x00000000ec580000, 0x0000000100000000)
  eden space 22016K, 100% used [0x00000000eab00000,0x00000000ec080000,0x00000000ec080000)
  from space 2560K, 80% used [0x00000000ec080000,0x00000000ec280020,0x00000000ec300000)
  to   space 2560K, 0% used [0x00000000ec300000,0x00000000ec300000,0x00000000ec580000)
 ParOldGen       total 68608K, used 55333K [0x00000000c0000000, 0x00000000c4300000, 0x00000000eab00000)
  object space 68608K, 80% used [0x00000000c0000000,0x00000000c3609718,0x00000000c4300000)
 Metaspace       used 46664K, committed 48000K, reserved 1114112K
  class space    used 4939K, committed 5504K, reserved 1048576K
}
Event: 76.847 GC heap after
{Heap after GC invocations=22 (full 2):
 PSYoungGen      total 24576K, used 2135K [0x00000000eab00000, 0x00000000ec580000, 0x0000000100000000)
  eden space 22016K, 0% used [0x00000000eab00000,0x00000000eab00000,0x00000000ec080000)
  from space 2560K, 83% used [0x00000000ec300000,0x00000000ec515e80,0x00000000ec580000)
  to   space 2560K, 0% used [0x00000000ec080000,0x00000000ec080000,0x00000000ec300000)
 ParOldGen       total 68608K, used 57253K [0x00000000c0000000, 0x00000000c4300000, 0x00000000eab00000)
  object space 68608K, 83% used [0x00000000c0000000,0x00000000c37e9728,0x00000000c4300000)
 Metaspace       used 46664K, committed 48000K, reserved 1114112K
  class space    used 4939K, committed 5504K, reserved 1048576K
}
Event: 77.010 GC heap before
{Heap before GC invocations=23 (full 2):
 PSYoungGen      total 24576K, used 24151K [0x00000000eab00000, 0x00000000ec580000, 0x0000000100000000)
  eden space 22016K, 100% used [0x00000000eab00000,0x00000000ec080000,0x00000000ec080000)
  from space 2560K, 83% used [0x00000000ec300000,0x00000000ec515e80,0x00000000ec580000)
  to   space 2560K, 0% used [0x00000000ec080000,0x00000000ec080000,0x00000000ec300000)
 ParOldGen       total 68608K, used 57256K [0x00000000c0000000, 0x00000000c4300000, 0x00000000eab00000)
  object space 68608K, 83% used [0x00000000c0000000,0x00000000c37ea108,0x00000000c4300000)
 Metaspace       used 46670K, committed 48000K, reserved 1114112K
  class space    used 4939K, committed 5504K, reserved 1048576K
}
Event: 77.017 GC heap after
{Heap after GC invocations=23 (full 2):
 PSYoungGen      total 24064K, used 1824K [0x00000000eab00000, 0x00000000ec480000, 0x0000000100000000)
  eden space 22016K, 0% used [0x00000000eab00000,0x00000000eab00000,0x00000000ec080000)
  from space 2048K, 89% used [0x00000000ec080000,0x00000000ec248000,0x00000000ec280000)
  to   space 2048K, 0% used [0x00000000ec280000,0x00000000ec280000,0x00000000ec480000)
 ParOldGen       total 68608K, used 59356K [0x00000000c0000000, 0x00000000c4300000, 0x00000000eab00000)
  object space 68608K, 86% used [0x00000000c0000000,0x00000000c39f7048,0x00000000c4300000)
 Metaspace       used 46670K, committed 48000K, reserved 1114112K
  class space    used 4939K, committed 5504K, reserved 1048576K
}
Event: 77.981 GC heap before
{Heap before GC invocations=24 (full 2):
 PSYoungGen      total 24064K, used 23840K [0x00000000eab00000, 0x00000000ec480000, 0x0000000100000000)
  eden space 22016K, 100% used [0x00000000eab00000,0x00000000ec080000,0x00000000ec080000)
  from space 2048K, 89% used [0x00000000ec080000,0x00000000ec248000,0x00000000ec280000)
  to   space 2048K, 0% used [0x00000000ec280000,0x00000000ec280000,0x00000000ec480000)
 ParOldGen       total 68608K, used 59356K [0x00000000c0000000, 0x00000000c4300000, 0x00000000eab00000)
  object space 68608K, 86% used [0x00000000c0000000,0x00000000c39f7048,0x00000000c4300000)
 Metaspace       used 46995K, committed 48256K, reserved 1114112K
  class space    used 4972K, committed 5504K, reserved 1048576K
}
Event: 77.987 GC heap after
{Heap after GC invocations=24 (full 2):
 PSYoungGen      total 24064K, used 1952K [0x00000000eab00000, 0x00000000ec480000, 0x0000000100000000)
  eden space 22016K, 0% used [0x00000000eab00000,0x00000000eab00000,0x00000000ec080000)
  from space 2048K, 95% used [0x00000000ec280000,0x00000000ec468010,0x00000000ec480000)
  to   space 2048K, 0% used [0x00000000ec080000,0x00000000ec080000,0x00000000ec280000)
 ParOldGen       total 68608K, used 61172K [0x00000000c0000000, 0x00000000c4300000, 0x00000000eab00000)
  object space 68608K, 89% used [0x00000000c0000000,0x00000000c3bbd048,0x00000000c4300000)
 Metaspace       used 46995K, committed 48256K, reserved 1114112K
  class space    used 4972K, committed 5504K, reserved 1048576K
}
Event: 78.321 GC heap before
{Heap before GC invocations=25 (full 2):
 PSYoungGen      total 24064K, used 23968K [0x00000000eab00000, 0x00000000ec480000, 0x0000000100000000)
  eden space 22016K, 100% used [0x00000000eab00000,0x00000000ec080000,0x00000000ec080000)
  from space 2048K, 95% used [0x00000000ec280000,0x00000000ec468010,0x00000000ec480000)
  to   space 2048K, 0% used [0x00000000ec080000,0x00000000ec080000,0x00000000ec280000)
 ParOldGen       total 68608K, used 61172K [0x00000000c0000000, 0x00000000c4300000, 0x00000000eab00000)
  object space 68608K, 89% used [0x00000000c0000000,0x00000000c3bbd048,0x00000000c4300000)
 Metaspace       used 47195K, committed 48448K, reserved 1114112K
  class space    used 4989K, committed 5504K, reserved 1048576K
}
Event: 78.327 GC heap after
{Heap after GC invocations=25 (full 2):
 PSYoungGen      total 24064K, used 1958K [0x00000000eab00000, 0x00000000ec480000, 0x0000000100000000)
  eden space 22016K, 0% used [0x00000000eab00000,0x00000000eab00000,0x00000000ec080000)
  from space 2048K, 95% used [0x00000000ec080000,0x00000000ec269aa8,0x00000000ec280000)
  to   space 2048K, 0% used [0x00000000ec280000,0x00000000ec280000,0x00000000ec480000)
 ParOldGen       total 68608K, used 63060K [0x00000000c0000000, 0x00000000c4300000, 0x00000000eab00000)
  object space 68608K, 91% used [0x00000000c0000000,0x00000000c3d95058,0x00000000c4300000)
 Metaspace       used 47195K, committed 48448K, reserved 1114112K
  class space    used 4989K, committed 5504K, reserved 1048576K
}
Event: 91.653 GC heap before
{Heap before GC invocations=26 (full 2):
 PSYoungGen      total 24064K, used 23061K [0x00000000eab00000, 0x00000000ec480000, 0x0000000100000000)
  eden space 22016K, 95% used [0x00000000eab00000,0x00000000ebf9b988,0x00000000ec080000)
  from space 2048K, 95% used [0x00000000ec080000,0x00000000ec269aa8,0x00000000ec280000)
  to   space 2048K, 0% used [0x00000000ec280000,0x00000000ec280000,0x00000000ec480000)
 ParOldGen       total 68608K, used 63060K [0x00000000c0000000, 0x00000000c4300000, 0x00000000eab00000)
  object space 68608K, 91% used [0x00000000c0000000,0x00000000c3d95058,0x00000000c4300000)
 Metaspace       used 48690K, committed 49984K, reserved 1114112K
  class space    used 5133K, committed 5696K, reserved 1048576K
}
Event: 91.660 GC heap after
{Heap after GC invocations=26 (full 2):
 PSYoungGen      total 24064K, used 1727K [0x00000000eab00000, 0x00000000ec480000, 0x0000000100000000)
  eden space 22016K, 0% used [0x00000000eab00000,0x00000000eab00000,0x00000000ec080000)
  from space 2048K, 84% used [0x00000000ec280000,0x00000000ec42fc60,0x00000000ec480000)
  to   space 2048K, 0% used [0x00000000ec080000,0x00000000ec080000,0x00000000ec280000)
 ParOldGen       total 68608K, used 64893K [0x00000000c0000000, 0x00000000c4300000, 0x00000000eab00000)
  object space 68608K, 94% used [0x00000000c0000000,0x00000000c3f5f610,0x00000000c4300000)
 Metaspace       used 48690K, committed 49984K, reserved 1114112K
  class space    used 5133K, committed 5696K, reserved 1048576K
}
Event: 96.083 GC heap before
{Heap before GC invocations=27 (full 2):
 PSYoungGen      total 24064K, used 23743K [0x00000000eab00000, 0x00000000ec480000, 0x0000000100000000)
  eden space 22016K, 100% used [0x00000000eab00000,0x00000000ec080000,0x00000000ec080000)
  from space 2048K, 84% used [0x00000000ec280000,0x00000000ec42fc60,0x00000000ec480000)
  to   space 2048K, 0% used [0x00000000ec080000,0x00000000ec080000,0x00000000ec280000)
 ParOldGen       total 68608K, used 64893K [0x00000000c0000000, 0x00000000c4300000, 0x00000000eab00000)
  object space 68608K, 94% used [0x00000000c0000000,0x00000000c3f5f610,0x00000000c4300000)
 Metaspace       used 50574K, committed 51840K, reserved 1114112K
  class space    used 5335K, committed 5888K, reserved 1048576K
}
Event: 96.093 GC heap after
{Heap after GC invocations=27 (full 2):
 PSYoungGen      total 24064K, used 2016K [0x00000000eab00000, 0x00000000ed380000, 0x0000000100000000)
  eden space 22016K, 0% used [0x00000000eab00000,0x00000000eab00000,0x00000000ec080000)
  from space 2048K, 98% used [0x00000000ec080000,0x00000000ec278020,0x00000000ec280000)
  to   space 9728K, 0% used [0x00000000eca00000,0x00000000eca00000,0x00000000ed380000)
 ParOldGen       total 71168K, used 71041K [0x00000000c0000000, 0x00000000c4580000, 0x00000000eab00000)
  object space 71168K, 99% used [0x00000000c0000000,0x00000000c4560550,0x00000000c4580000)
 Metaspace       used 50574K, committed 51840K, reserved 1114112K
  class space    used 5335K, committed 5888K, reserved 1048576K
}
Event: 99.111 GC heap before
{Heap before GC invocations=28 (full 2):
 PSYoungGen      total 24064K, used 24023K [0x00000000eab00000, 0x00000000ed380000, 0x0000000100000000)
  eden space 22016K, 99% used [0x00000000eab00000,0x00000000ec07dfd8,0x00000000ec080000)
  from space 2048K, 98% used [0x00000000ec080000,0x00000000ec278020,0x00000000ec280000)
  to   space 9728K, 0% used [0x00000000eca00000,0x00000000eca00000,0x00000000ed380000)
 ParOldGen       total 71168K, used 71041K [0x00000000c0000000, 0x00000000c4580000, 0x00000000eab00000)
  object space 71168K, 99% used [0x00000000c0000000,0x00000000c4560550,0x00000000c4580000)
 Metaspace       used 51827K, committed 53056K, reserved 1114112K
  class space    used 5506K, committed 6016K, reserved 1048576K
}
Event: 99.117 GC heap after
{Heap after GC invocations=28 (full 2):
 PSYoungGen      total 23552K, used 1056K [0x00000000eab00000, 0x00000000ecb80000, 0x0000000100000000)
  eden space 22016K, 0% used [0x00000000eab00000,0x00000000eab00000,0x00000000ec080000)
  from space 1536K, 68% used [0x00000000eca00000,0x00000000ecb08020,0x00000000ecb80000)
  to   space 4096K, 0% used [0x00000000ec380000,0x00000000ec380000,0x00000000ec780000)
 ParOldGen       total 73216K, used 72997K [0x00000000c0000000, 0x00000000c4780000, 0x00000000eab00000)
  object space 73216K, 99% used [0x00000000c0000000,0x00000000c4749468,0x00000000c4780000)
 Metaspace       used 51827K, committed 53056K, reserved 1114112K
  class space    used 5506K, committed 6016K, reserved 1048576K
}
Event: 100.850 GC heap before
{Heap before GC invocations=29 (full 2):
 PSYoungGen      total 23552K, used 23072K [0x00000000eab00000, 0x00000000ecb80000, 0x0000000100000000)
  eden space 22016K, 100% used [0x00000000eab00000,0x00000000ec080000,0x00000000ec080000)
  from space 1536K, 68% used [0x00000000eca00000,0x00000000ecb08020,0x00000000ecb80000)
  to   space 4096K, 0% used [0x00000000ec380000,0x00000000ec380000,0x00000000ec780000)
 ParOldGen       total 73216K, used 72997K [0x00000000c0000000, 0x00000000c4780000, 0x00000000eab00000)
  object space 73216K, 99% used [0x00000000c0000000,0x00000000c4749468,0x00000000c4780000)
 Metaspace       used 53123K, committed 54400K, reserved 1114112K
  class space    used 5613K, committed 6144K, reserved 1048576K
}
Event: 100.854 GC heap after
{Heap after GC invocations=29 (full 2):
 PSYoungGen      total 26112K, used 1443K [0x00000000eab00000, 0x00000000eca80000, 0x0000000100000000)
  eden space 22016K, 0% used [0x00000000eab00000,0x00000000eab00000,0x00000000ec080000)
  from space 4096K, 35% used [0x00000000ec380000,0x00000000ec4e8c70,0x00000000ec780000)
  to   space 2048K, 0% used [0x00000000ec880000,0x00000000ec880000,0x00000000eca80000)
 ParOldGen       total 74240K, used 74012K [0x00000000c0000000, 0x00000000c4880000, 0x00000000eab00000)
  object space 74240K, 99% used [0x00000000c0000000,0x00000000c4847148,0x00000000c4880000)
 Metaspace       used 53123K, committed 54400K, reserved 1114112K
  class space    used 5613K, committed 6144K, reserved 1048576K
}
Event: 103.109 GC heap before
{Heap before GC invocations=30 (full 2):
 PSYoungGen      total 26112K, used 23459K [0x00000000eab00000, 0x00000000eca80000, 0x0000000100000000)
  eden space 22016K, 100% used [0x00000000eab00000,0x00000000ec080000,0x00000000ec080000)
  from space 4096K, 35% used [0x00000000ec380000,0x00000000ec4e8c70,0x00000000ec780000)
  to   space 2048K, 0% used [0x00000000ec880000,0x00000000ec880000,0x00000000eca80000)
 ParOldGen       total 74240K, used 74012K [0x00000000c0000000, 0x00000000c4880000, 0x00000000eab00000)
  object space 74240K, 99% used [0x00000000c0000000,0x00000000c4847148,0x00000000c4880000)
 Metaspace       used 54084K, committed 55360K, reserved 1114112K
  class space    used 5668K, committed 6208K, reserved 1048576K
}
Event: 103.117 GC heap after
{Heap after GC invocations=30 (full 2):
 PSYoungGen      total 24064K, used 2037K [0x00000000eab00000, 0x00000000ed080000, 0x0000000100000000)
  eden space 22016K, 0% used [0x00000000eab00000,0x00000000eab00000,0x00000000ec080000)
  from space 2048K, 99% used [0x00000000ec880000,0x00000000eca7d5f0,0x00000000eca80000)
  to   space 8192K, 0% used [0x00000000ec080000,0x00000000ec080000,0x00000000ec880000)
 ParOldGen       total 79360K, used 78884K [0x00000000c0000000, 0x00000000c4d80000, 0x00000000eab00000)
  object space 79360K, 99% used [0x00000000c0000000,0x00000000c4d09000,0x00000000c4d80000)
 Metaspace       used 54084K, committed 55360K, reserved 1114112K
  class space    used 5668K, committed 6208K, reserved 1048576K
}
Event: 103.838 GC heap before
{Heap before GC invocations=31 (full 2):
 PSYoungGen      total 24064K, used 24053K [0x00000000eab00000, 0x00000000ed080000, 0x0000000100000000)
  eden space 22016K, 100% used [0x00000000eab00000,0x00000000ec080000,0x00000000ec080000)
  from space 2048K, 99% used [0x00000000ec880000,0x00000000eca7d5f0,0x00000000eca80000)
  to   space 8192K, 0% used [0x00000000ec080000,0x00000000ec080000,0x00000000ec880000)
 ParOldGen       total 79360K, used 78884K [0x00000000c0000000, 0x00000000c4d80000, 0x00000000eab00000)
  object space 79360K, 99% used [0x00000000c0000000,0x00000000c4d09000,0x00000000c4d80000)
 Metaspace       used 54115K, committed 55424K, reserved 1114112K
  class space    used 5668K, committed 6208K, reserved 1048576K
}
Event: 103.841 GC heap after
{Heap after GC invocations=31 (full 2):
 PSYoungGen      total 23552K, used 1096K [0x00000000eab00000, 0x00000000ec900000, 0x0000000100000000)
  eden space 22016K, 0% used [0x00000000eab00000,0x00000000eab00000,0x00000000ec080000)
  from space 1536K, 71% used [0x00000000ec080000,0x00000000ec1921c8,0x00000000ec200000)
  to   space 3584K, 0% used [0x00000000ec580000,0x00000000ec580000,0x00000000ec900000)
 ParOldGen       total 81408K, used 80900K [0x00000000c0000000, 0x00000000c4f80000, 0x00000000eab00000)
  object space 81408K, 99% used [0x00000000c0000000,0x00000000c4f01090,0x00000000c4f80000)
 Metaspace       used 54115K, committed 55424K, reserved 1114112K
  class space    used 5668K, committed 6208K, reserved 1048576K
}

Dll operation events (12 events):
Event: 0.046 Loaded shared library c:\Users\palak\.vscode\extensions\redhat.java-1.40.0-win32-x64\jre\21.0.6-win32-x86_64\bin\java.dll
Event: 0.497 Loaded shared library c:\Users\palak\.vscode\extensions\redhat.java-1.40.0-win32-x64\jre\21.0.6-win32-x86_64\bin\zip.dll
Event: 0.559 Loaded shared library C:\Users\palak\.vscode\extensions\redhat.java-1.40.0-win32-x64\jre\21.0.6-win32-x86_64\bin\instrument.dll
Event: 0.580 Loaded shared library C:\Users\palak\.vscode\extensions\redhat.java-1.40.0-win32-x64\jre\21.0.6-win32-x86_64\bin\net.dll
Event: 0.589 Loaded shared library C:\Users\palak\.vscode\extensions\redhat.java-1.40.0-win32-x64\jre\21.0.6-win32-x86_64\bin\nio.dll
Event: 0.595 Loaded shared library C:\Users\palak\.vscode\extensions\redhat.java-1.40.0-win32-x64\jre\21.0.6-win32-x86_64\bin\zip.dll
Event: 0.642 Loaded shared library C:\Users\palak\.vscode\extensions\redhat.java-1.40.0-win32-x64\jre\21.0.6-win32-x86_64\bin\jimage.dll
Event: 0.851 Loaded shared library c:\Users\palak\.vscode\extensions\redhat.java-1.40.0-win32-x64\jre\21.0.6-win32-x86_64\bin\verify.dll
Event: 18.652 Loaded shared library C:\Users\palak\AppData\Roaming\Code\User\globalStorage\redhat.java\1.40.0\config_win\org.eclipse.equinox.launcher\org.eclipse.equinox.launcher.win32.win32.x86_64_1.2.1200.v20250212-0927\eclipse_11909.dll
Event: 33.396 Loaded shared library C:\Users\palak\AppData\Local\Temp\jna-106430981\jna16565315808102083557.dll
Event: 43.118 Loaded shared library C:\Users\palak\.vscode\extensions\redhat.java-1.40.0-win32-x64\jre\21.0.6-win32-x86_64\bin\management.dll
Event: 43.137 Loaded shared library C:\Users\palak\.vscode\extensions\redhat.java-1.40.0-win32-x64\jre\21.0.6-win32-x86_64\bin\management_ext.dll

Deoptimization events (20 events):
Event: 108.635 Thread 0x0000022f848b2860 DEOPT PACKING pc=0x0000022f39006810 sp=0x000000984d5fdba0
Event: 108.636 Thread 0x0000022f848b2860 DEOPT UNPACKING pc=0x0000022f38993aa2 sp=0x000000984d5fdb40 mode 2
Event: 108.698 Thread 0x0000022f848b2860 Uncommon trap: trap_request=0xffffffde fr.pc=0x0000022f38fe3e54 relative=0x0000000000000634
Event: 108.850 Thread 0x0000022f848b2860 Uncommon trap: reason=class_check action=maybe_recompile pc=0x0000022f38fe3e54 method=java.util.HashMap.putVal(ILjava/lang/Object;Ljava/lang/Object;ZZ)Ljava/lang/Object; @ 203 c2
Event: 108.850 Thread 0x0000022f848b2860 DEOPT PACKING pc=0x0000022f38fe3e54 sp=0x000000984d5fd030
Event: 108.850 Thread 0x0000022f848b2860 DEOPT UNPACKING pc=0x0000022f38993aa2 sp=0x000000984d5fcfa0 mode 2
Event: 109.166 Thread 0x0000022f848b2860 Uncommon trap: trap_request=0xffffff45 fr.pc=0x0000022f392af2bc relative=0x000000000000027c
Event: 109.166 Thread 0x0000022f848b2860 Uncommon trap: reason=unstable_if action=reinterpret pc=0x0000022f392af2bc method=org.eclipse.jdt.internal.compiler.classfmt.ClassFileStruct.utf8At(II)[C @ 46 c2
Event: 109.166 Thread 0x0000022f848b2860 DEOPT PACKING pc=0x0000022f392af2bc sp=0x000000984d5fca70
Event: 109.166 Thread 0x0000022f848b2860 DEOPT UNPACKING pc=0x0000022f38993aa2 sp=0x000000984d5fca08 mode 2
Event: 109.228 Thread 0x0000022f848b2860 Uncommon trap: trap_request=0xffffffde fr.pc=0x0000022f38fe3e54 relative=0x0000000000000634
Event: 109.228 Thread 0x0000022f848b2860 Uncommon trap: reason=class_check action=maybe_recompile pc=0x0000022f38fe3e54 method=java.util.HashMap.putVal(ILjava/lang/Object;Ljava/lang/Object;ZZ)Ljava/lang/Object; @ 203 c2
Event: 109.228 Thread 0x0000022f848b2860 DEOPT PACKING pc=0x0000022f38fe3e54 sp=0x000000984d5fcb20
Event: 109.228 Thread 0x0000022f848b2860 DEOPT UNPACKING pc=0x0000022f38993aa2 sp=0x000000984d5fca90 mode 2
Event: 109.229 Thread 0x0000022f848b2860 DEOPT PACKING pc=0x0000022f324819c2 sp=0x000000984d5fd040
Event: 109.229 Thread 0x0000022f848b2860 DEOPT UNPACKING pc=0x0000022f38994242 sp=0x000000984d5fc4b0 mode 0
Event: 109.290 Thread 0x0000022f848b2860 DEOPT PACKING pc=0x0000022f324819c2 sp=0x000000984d5fd1c0
Event: 109.290 Thread 0x0000022f848b2860 DEOPT UNPACKING pc=0x0000022f38994242 sp=0x000000984d5fc630 mode 0
Event: 109.338 Thread 0x0000022f848b2860 DEOPT PACKING pc=0x0000022f324819c2 sp=0x000000984d5fcc90
Event: 109.338 Thread 0x0000022f848b2860 DEOPT UNPACKING pc=0x0000022f38994242 sp=0x000000984d5fc118 mode 0

Classes loaded (20 events):
Event: 95.719 Loading class jdk/internal/math/FormattedFPDecimal
Event: 95.719 Loading class jdk/internal/math/FormattedFPDecimal done
Event: 97.557 Loading class java/util/ArrayDeque$DeqSpliterator
Event: 97.558 Loading class java/util/ArrayDeque$DeqSpliterator done
Event: 97.603 Loading class java/util/concurrent/ForkJoinTask$AdaptedCallable
Event: 97.604 Loading class java/util/concurrent/ForkJoinTask$AdaptedCallable done
Event: 98.916 Loading class java/util/Vector$1
Event: 98.917 Loading class java/util/Vector$1 done
Event: 100.333 Loading class java/util/regex/Pattern$Caret
Event: 100.334 Loading class java/util/regex/Pattern$Caret done
Event: 100.537 Loading class java/util/regex/Pattern$LazyLoop
Event: 100.538 Loading class java/util/regex/Pattern$LazyLoop done
Event: 101.159 Loading class java/nio/file/FileTreeIterator
Event: 101.159 Loading class java/nio/file/FileTreeIterator done
Event: 105.214 Loading class java/util/stream/ReduceOps$4
Event: 105.215 Loading class java/util/stream/ReduceOps$4 done
Event: 105.215 Loading class java/util/stream/ReduceOps$4ReducingSink
Event: 105.216 Loading class java/util/stream/ReduceOps$4ReducingSink done
Event: 105.250 Loading class java/nio/file/Files$2
Event: 105.259 Loading class java/nio/file/Files$2 done

Classes unloaded (7 events):
Event: 35.525 Thread 0x0000022f4254f9e0 Unloading class 0x0000022f44195c00 'java/lang/invoke/LambdaForm$MH+0x0000022f44195c00'
Event: 35.525 Thread 0x0000022f4254f9e0 Unloading class 0x0000022f44195800 'java/lang/invoke/LambdaForm$MH+0x0000022f44195800'
Event: 35.525 Thread 0x0000022f4254f9e0 Unloading class 0x0000022f44195400 'java/lang/invoke/LambdaForm$MH+0x0000022f44195400'
Event: 35.525 Thread 0x0000022f4254f9e0 Unloading class 0x0000022f44195000 'java/lang/invoke/LambdaForm$MH+0x0000022f44195000'
Event: 35.525 Thread 0x0000022f4254f9e0 Unloading class 0x0000022f44194c00 'java/lang/invoke/LambdaForm$BMH+0x0000022f44194c00'
Event: 35.525 Thread 0x0000022f4254f9e0 Unloading class 0x0000022f44194800 'java/lang/invoke/LambdaForm$DMH+0x0000022f44194800'
Event: 35.525 Thread 0x0000022f4254f9e0 Unloading class 0x0000022f44193400 'java/lang/invoke/LambdaForm$DMH+0x0000022f44193400'

Classes redefined (0 events):
No events

Internal exceptions (20 events):
Event: 78.499 Thread 0x0000022f848b2860 Exception <a 'java/io/FileNotFoundException'{0x00000000eacfbee8}> (0x00000000eacfbee8) 
thrown [s\src\hotspot\share\prims\jni.cpp, line 520]
Event: 78.500 Thread 0x0000022f848b2860 Exception <a 'java/io/FileNotFoundException'{0x00000000eacfcc40}> (0x00000000eacfcc40) 
thrown [s\src\hotspot\share\prims\jni.cpp, line 520]
Event: 79.357 Thread 0x0000022f848b2860 Exception <a 'sun/nio/fs/WindowsException'{0x00000000eafea238}> (0x00000000eafea238) 
thrown [s\src\hotspot\share\prims\jni.cpp, line 520]
Event: 79.357 Thread 0x0000022f848b2860 Exception <a 'sun/nio/fs/WindowsException'{0x00000000eafeaba8}> (0x00000000eafeaba8) 
thrown [s\src\hotspot\share\prims\jni.cpp, line 520]
Event: 79.955 Thread 0x0000022f848b2860 Exception <a 'sun/nio/fs/WindowsException'{0x00000000eb4bb6b8}> (0x00000000eb4bb6b8) 
thrown [s\src\hotspot\share\prims\jni.cpp, line 520]
Event: 79.956 Thread 0x0000022f848b2860 Exception <a 'sun/nio/fs/WindowsException'{0x00000000eb4bc2d8}> (0x00000000eb4bc2d8) 
thrown [s\src\hotspot\share\prims\jni.cpp, line 520]
Event: 91.143 Thread 0x0000022f848b5650 Exception <a 'java/io/FileNotFoundException'{0x00000000eb803610}> (0x00000000eb803610) 
thrown [s\src\hotspot\share\prims\jni.cpp, line 520]
Event: 91.353 Thread 0x0000022f848b2860 Exception <a 'java/io/FileNotFoundException'{0x00000000eb97fb00}> (0x00000000eb97fb00) 
thrown [s\src\hotspot\share\prims\jni.cpp, line 520]
Event: 91.355 Thread 0x0000022f848b2860 Exception <a 'java/io/FileNotFoundException'{0x00000000eb980af8}> (0x00000000eb980af8) 
thrown [s\src\hotspot\share\prims\jni.cpp, line 520]
Event: 91.386 Thread 0x0000022f848b2860 Exception <a 'java/io/FileNotFoundException'{0x00000000eba067a0}> (0x00000000eba067a0) 
thrown [s\src\hotspot\share\prims\jni.cpp, line 520]
Event: 91.386 Thread 0x0000022f848b2860 Exception <a 'java/io/FileNotFoundException'{0x00000000eba07b38}> (0x00000000eba07b38) 
thrown [s\src\hotspot\share\prims\jni.cpp, line 520]
Event: 91.386 Thread 0x0000022f848b2860 Exception <a 'java/io/FileNotFoundException'{0x00000000eba08b50}> (0x00000000eba08b50) 
thrown [s\src\hotspot\share\prims\jni.cpp, line 520]
Event: 95.145 Thread 0x0000022f848b5650 Exception <a 'java/lang/IncompatibleClassChangeError'{0x00000000eb4adeb8}: Found class java.lang.Object, but interface was expected> (0x00000000eb4adeb8) 
thrown [s\src\hotspot\share\interpreter\linkResolver.cpp, line 840]
Event: 95.692 Thread 0x0000022f848b2860 Exception <a 'java/lang/NoSuchMethodError'{0x00000000eb733190}: 'int java.lang.invoke.DirectMethodHandle$Holder.invokeSpecialIFC(java.lang.Object, java.lang.Object, java.lang.Object, java.lang.Object)'> (0x00000000eb733190) 
thrown [s\src\hotspot\share\interpreter\linkResolver.cpp, line 773]
Event: 97.602 Thread 0x0000022f848b2860 Exception <a 'sun/nio/fs/WindowsException'{0x00000000eb132998}> (0x00000000eb132998) 
thrown [s\src\hotspot\share\prims\jni.cpp, line 520]
Event: 97.610 Thread 0x0000022f848b5ce0 Exception <a 'sun/nio/fs/WindowsException'{0x00000000eb1882b0}> (0x00000000eb1882b0) 
thrown [s\src\hotspot\share\prims\jni.cpp, line 520]
Event: 97.650 Thread 0x0000022f84b42ba0 Exception <a 'sun/nio/fs/WindowsException'{0x00000000eb1eb1a8}> (0x00000000eb1eb1a8) 
thrown [s\src\hotspot\share\prims\jni.cpp, line 520]
Event: 97.809 Thread 0x0000022f8af66a80 Exception <a 'sun/nio/fs/WindowsException'{0x00000000eb216990}> (0x00000000eb216990) 
thrown [s\src\hotspot\share\prims\jni.cpp, line 520]
Event: 97.833 Thread 0x0000022f84b42ba0 Exception <a 'sun/nio/fs/WindowsException'{0x00000000eb1ecb58}> (0x00000000eb1ecb58) 
thrown [s\src\hotspot\share\prims\jni.cpp, line 520]
Event: 105.283 Thread 0x0000022f848b2860 Exception <a 'java/lang/NoSuchMethodError'{0x00000000eb7d4490}: 'int java.lang.invoke.DirectMethodHandle$Holder.invokeSpecialIFC(java.lang.Object, java.lang.Object, java.lang.Object)'> (0x00000000eb7d4490) 
thrown [s\src\hotspot\share\interpreter\linkResolver.cpp, line 773]

ZGC Phase Switch (0 events):
No events

VM Operations (20 events):
Event: 100.672 Executing VM operation: ParallelGCFailedAllocation (Allocation Failure)
Event: 100.854 Executing VM operation: ParallelGCFailedAllocation (Allocation Failure) done
Event: 101.861 Executing VM operation: Cleanup
Event: 101.877 Executing VM operation: Cleanup done
Event: 102.888 Executing VM operation: Cleanup
Event: 102.983 Executing VM operation: Cleanup done
Event: 103.034 Executing VM operation: ParallelGCFailedAllocation (Allocation Failure)
Event: 103.118 Executing VM operation: ParallelGCFailedAllocation (Allocation Failure) done
Event: 103.707 Executing VM operation: ParallelGCFailedAllocation (Allocation Failure)
Event: 103.841 Executing VM operation: ParallelGCFailedAllocation (Allocation Failure) done
Event: 104.844 Executing VM operation: Cleanup
Event: 105.128 Executing VM operation: Cleanup done
Event: 106.129 Executing VM operation: Cleanup
Event: 107.925 Executing VM operation: Cleanup done
Event: 108.116 Executing VM operation: HandshakeAllThreads (Deoptimize)
Event: 108.605 Executing VM operation: HandshakeAllThreads (Deoptimize) done
Event: 109.179 Executing VM operation: HandshakeAllThreads (Deoptimize)
Event: 109.206 Executing VM operation: HandshakeAllThreads (Deoptimize) done
Event: 109.206 Executing VM operation: Cleanup
Event: 109.223 Executing VM operation: Cleanup done

Memory protections (0 events):
No events

Nmethod flushes (20 events):
Event: 43.441 Thread 0x0000022f4254f9e0 flushing  nmethod 0x0000022f31aeb610
Event: 43.441 Thread 0x0000022f4254f9e0 flushing  nmethod 0x0000022f31aeba90
Event: 43.441 Thread 0x0000022f4254f9e0 flushing  nmethod 0x0000022f31aed890
Event: 43.441 Thread 0x0000022f4254f9e0 flushing  nmethod 0x0000022f31af7b10
Event: 43.441 Thread 0x0000022f4254f9e0 flushing  nmethod 0x0000022f31afa290
Event: 43.441 Thread 0x0000022f4254f9e0 flushing  nmethod 0x0000022f31b28d90
Event: 43.441 Thread 0x0000022f4254f9e0 flushing  nmethod 0x0000022f31b2cb90
Event: 43.441 Thread 0x0000022f4254f9e0 flushing  nmethod 0x0000022f31b37d10
Event: 43.441 Thread 0x0000022f4254f9e0 flushing  nmethod 0x0000022f31b7f710
Event: 43.441 Thread 0x0000022f4254f9e0 flushing  nmethod 0x0000022f31b82210
Event: 43.441 Thread 0x0000022f4254f9e0 flushing  nmethod 0x0000022f31ba2f90
Event: 43.441 Thread 0x0000022f4254f9e0 flushing  nmethod 0x0000022f31ba6210
Event: 43.441 Thread 0x0000022f4254f9e0 flushing  nmethod 0x0000022f31bc2690
Event: 43.441 Thread 0x0000022f4254f9e0 flushing  nmethod 0x0000022f31bc3010
Event: 43.441 Thread 0x0000022f4254f9e0 flushing  nmethod 0x0000022f31bdfb90
Event: 43.441 Thread 0x0000022f4254f9e0 flushing  nmethod 0x0000022f31bfc610
Event: 43.441 Thread 0x0000022f4254f9e0 flushing  nmethod 0x0000022f31bfca90
Event: 43.441 Thread 0x0000022f4254f9e0 flushing  nmethod 0x0000022f31bfed90
Event: 43.441 Thread 0x0000022f4254f9e0 flushing  nmethod 0x0000022f31c02090
Event: 43.441 Thread 0x0000022f4254f9e0 flushing  nmethod 0x0000022f31c5d810

Events (20 events):
Event: 74.686 Thread 0x0000022f425d0f40 Thread added: 0x0000022f8b0ada00
Event: 75.512 Thread 0x0000022f8b0ada00 Thread exited: 0x0000022f8b0ada00
Event: 77.125 Thread 0x0000022f425d0f40 Thread added: 0x0000022f8b0b02e0
Event: 77.559 Thread 0x0000022f8b0b02e0 Thread exited: 0x0000022f8b0b02e0
Event: 78.054 Thread 0x0000022f425d0f40 Thread added: 0x0000022f8b0ae0d0
Event: 78.599 Thread 0x0000022f8b0ae0d0 Thread exited: 0x0000022f8b0ae0d0
Event: 91.751 Thread 0x0000022f425667f0 Thread added: 0x0000022f8b0b02e0
Event: 91.883 Thread 0x0000022f8b0b02e0 Thread exited: 0x0000022f8b0b02e0
Event: 95.599 Thread 0x0000022f425d0f40 Thread added: 0x0000022f8b0acc60
Event: 96.239 Thread 0x0000022f8b0acc60 Thread exited: 0x0000022f8b0acc60
Event: 97.608 Thread 0x0000022f848b2860 Thread added: 0x0000022f848b5ce0
Event: 97.616 Thread 0x0000022f848b5ce0 Thread added: 0x0000022f84b42ba0
Event: 97.650 Thread 0x0000022f84b42ba0 Thread added: 0x0000022f8af66a80
Event: 97.654 Thread 0x0000022f848b5ce0 Thread added: 0x0000022f8af64320
Event: 97.900 Thread 0x0000022f848b2860 Thread added: 0x0000022f8af649b0
Event: 97.904 Thread 0x0000022f848b2860 Thread added: 0x0000022f8af63c90
Event: 101.706 Thread 0x0000022f425d0f40 Thread added: 0x0000022f8b25ef80
Event: 102.994 Thread 0x0000022f8b25ef80 Thread exited: 0x0000022f8b25ef80
Event: 103.198 Thread 0x0000022f425d0f40 Thread added: 0x0000022f8b25fd20
Event: 105.310 Thread 0x0000022f8b25fd20 Thread exited: 0x0000022f8b25fd20


Dynamic libraries:
0x00007ff7f0520000 - 0x00007ff7f052e000 	c:\Users\palak\.vscode\extensions\redhat.java-1.40.0-win32-x64\jre\21.0.6-win32-x86_64\bin\java.exe
0x00007ff913fc0000 - 0x00007ff914223000 	C:\WINDOWS\SYSTEM32\ntdll.dll
0x00007ff913410000 - 0x00007ff9134d7000 	C:\WINDOWS\System32\KERNEL32.DLL
0x00007ff911630000 - 0x00007ff9119f9000 	C:\WINDOWS\System32\KERNELBASE.dll
0x00007ff9111f0000 - 0x00007ff91133c000 	C:\WINDOWS\System32\ucrtbase.dll
0x00007ff90c0f0000 - 0x00007ff90c108000 	c:\Users\palak\.vscode\extensions\redhat.java-1.40.0-win32-x64\jre\21.0.6-win32-x86_64\bin\jli.dll
0x00007ff913240000 - 0x00007ff91340a000 	C:\WINDOWS\System32\USER32.dll
0x00007ff9111c0000 - 0x00007ff9111e7000 	C:\WINDOWS\System32\win32u.dll
0x00007ff913870000 - 0x00007ff91389a000 	C:\WINDOWS\System32\GDI32.dll
0x00007ff911a00000 - 0x00007ff911b31000 	C:\WINDOWS\System32\gdi32full.dll
0x00007ff9114c0000 - 0x00007ff911563000 	C:\WINDOWS\System32\msvcp_win.dll
0x00007ff9083d0000 - 0x00007ff9083ee000 	c:\Users\palak\.vscode\extensions\redhat.java-1.40.0-win32-x64\jre\21.0.6-win32-x86_64\bin\VCRUNTIME140.dll
0x00007ff8f1be0000 - 0x00007ff8f1e70000 	C:\WINDOWS\WinSxS\amd64_microsoft.windows.common-controls_6595b64144ccf1df_6.0.26100.3323_none_3e088096e3344490\COMCTL32.dll
0x00007ff911de0000 - 0x00007ff911e89000 	C:\WINDOWS\System32\msvcrt.dll
0x00007ff912870000 - 0x00007ff91289f000 	C:\WINDOWS\System32\IMM32.DLL
0x00007ff90c220000 - 0x00007ff90c22c000 	c:\Users\palak\.vscode\extensions\redhat.java-1.40.0-win32-x64\jre\21.0.6-win32-x86_64\bin\vcruntime140_1.dll
0x00007ff8cb8d0000 - 0x00007ff8cb95d000 	c:\Users\palak\.vscode\extensions\redhat.java-1.40.0-win32-x64\jre\21.0.6-win32-x86_64\bin\msvcp140.dll
0x00007ff8c3de0000 - 0x00007ff8c4b70000 	c:\Users\palak\.vscode\extensions\redhat.java-1.40.0-win32-x64\jre\21.0.6-win32-x86_64\bin\server\jvm.dll
0x00007ff9127b0000 - 0x00007ff912862000 	C:\WINDOWS\System32\ADVAPI32.dll
0x00007ff9128b0000 - 0x00007ff912956000 	C:\WINDOWS\System32\sechost.dll
0x00007ff913e60000 - 0x00007ff913f76000 	C:\WINDOWS\System32\RPCRT4.dll
0x00007ff913ab0000 - 0x00007ff913b24000 	C:\WINDOWS\System32\WS2_32.dll
0x00007ff911050000 - 0x00007ff91109e000 	C:\WINDOWS\SYSTEM32\POWRPROF.dll
0x00007ff90b4a0000 - 0x00007ff90b4d6000 	C:\WINDOWS\SYSTEM32\WINMM.dll
0x00007ff90b4e0000 - 0x00007ff90b4eb000 	C:\WINDOWS\SYSTEM32\VERSION.dll
0x00007ff911030000 - 0x00007ff911044000 	C:\WINDOWS\SYSTEM32\UMPDC.dll
0x00007ff90ffe0000 - 0x00007ff90fffa000 	C:\WINDOWS\SYSTEM32\kernel.appcore.dll
0x00007ff9066d0000 - 0x00007ff9066da000 	c:\Users\palak\.vscode\extensions\redhat.java-1.40.0-win32-x64\jre\21.0.6-win32-x86_64\bin\jimage.dll
0x00007ff903c50000 - 0x00007ff903e91000 	C:\WINDOWS\SYSTEM32\DBGHELP.DLL
0x00007ff912420000 - 0x00007ff9127a2000 	C:\WINDOWS\System32\combase.dll
0x00007ff912960000 - 0x00007ff912a36000 	C:\WINDOWS\System32\OLEAUT32.dll
0x00007ff8f2020000 - 0x00007ff8f2059000 	C:\WINDOWS\SYSTEM32\dbgcore.DLL
0x00007ff911d40000 - 0x00007ff911dd9000 	C:\WINDOWS\System32\bcryptPrimitives.dll
0x00007ff9066c0000 - 0x00007ff9066cf000 	c:\Users\palak\.vscode\extensions\redhat.java-1.40.0-win32-x64\jre\21.0.6-win32-x86_64\bin\instrument.dll
0x00007ff8f9c00000 - 0x00007ff8f9c1f000 	c:\Users\palak\.vscode\extensions\redhat.java-1.40.0-win32-x64\jre\21.0.6-win32-x86_64\bin\java.dll
0x00007ff912ac0000 - 0x00007ff9131d5000 	C:\WINDOWS\System32\SHELL32.dll
0x00007ff911b40000 - 0x00007ff911ca8000 	C:\WINDOWS\System32\wintypes.dll
0x00007ff90eea0000 - 0x00007ff90f6e5000 	C:\WINDOWS\SYSTEM32\windows.storage.dll
0x00007ff913b30000 - 0x00007ff913c1b000 	C:\WINDOWS\System32\SHCORE.dll
0x00007ff913ca0000 - 0x00007ff913cfd000 	C:\WINDOWS\System32\shlwapi.dll
0x00007ff9110d0000 - 0x00007ff9110ff000 	C:\WINDOWS\SYSTEM32\profapi.dll
0x00007ff8f9be0000 - 0x00007ff8f9bf8000 	c:\Users\palak\.vscode\extensions\redhat.java-1.40.0-win32-x64\jre\21.0.6-win32-x86_64\bin\zip.dll
0x00007ff8f9bd0000 - 0x00007ff8f9be0000 	C:\Users\palak\.vscode\extensions\redhat.java-1.40.0-win32-x64\jre\21.0.6-win32-x86_64\bin\net.dll
0x00007ff907790000 - 0x00007ff9078ae000 	C:\WINDOWS\SYSTEM32\WINHTTP.dll
0x00007ff910500000 - 0x00007ff91056a000 	C:\WINDOWS\system32\mswsock.dll
0x00007ff8f9bb0000 - 0x00007ff8f9bc6000 	C:\Users\palak\.vscode\extensions\redhat.java-1.40.0-win32-x64\jre\21.0.6-win32-x86_64\bin\nio.dll
0x00007ff8f0900000 - 0x00007ff8f0910000 	c:\Users\palak\.vscode\extensions\redhat.java-1.40.0-win32-x64\jre\21.0.6-win32-x86_64\bin\verify.dll
0x00007ff8e9760000 - 0x00007ff8e97a5000 	C:\Users\palak\AppData\Roaming\Code\User\globalStorage\redhat.java\1.40.0\config_win\org.eclipse.equinox.launcher\org.eclipse.equinox.launcher.win32.win32.x86_64_1.2.1200.v20250212-0927\eclipse_11909.dll
0x00007ff9136d0000 - 0x00007ff913865000 	C:\WINDOWS\System32\ole32.dll
0x00007ff9107a0000 - 0x00007ff9107bc000 	C:\WINDOWS\SYSTEM32\CRYPTSP.dll
0x00007ff90ff40000 - 0x00007ff90ff7a000 	C:\WINDOWS\system32\rsaenh.dll
0x00007ff9105a0000 - 0x00007ff9105cb000 	C:\WINDOWS\SYSTEM32\USERENV.dll
0x00007ff9109e0000 - 0x00007ff910a06000 	C:\WINDOWS\SYSTEM32\bcrypt.dll
0x00007ff9107c0000 - 0x00007ff9107cc000 	C:\WINDOWS\SYSTEM32\CRYPTBASE.dll
0x00007ff90f9e0000 - 0x00007ff90fa13000 	C:\WINDOWS\SYSTEM32\IPHLPAPI.DLL
0x00007ff9138a0000 - 0x00007ff9138aa000 	C:\WINDOWS\System32\NSI.dll
0x00007ff8ce450000 - 0x00007ff8ce499000 	C:\Users\palak\AppData\Local\Temp\jna-106430981\jna16565315808102083557.dll
0x00007ff913230000 - 0x00007ff913238000 	C:\WINDOWS\System32\PSAPI.DLL
0x00007ff90c1b0000 - 0x00007ff90c1ba000 	C:\Users\palak\.vscode\extensions\redhat.java-1.40.0-win32-x64\jre\21.0.6-win32-x86_64\bin\management.dll
0x00007ff8f9ba0000 - 0x00007ff8f9bab000 	C:\Users\palak\.vscode\extensions\redhat.java-1.40.0-win32-x64\jre\21.0.6-win32-x86_64\bin\management_ext.dll
0x00007ff907990000 - 0x00007ff9079af000 	C:\WINDOWS\SYSTEM32\dhcpcsvc6.DLL
0x00007ff907620000 - 0x00007ff907645000 	C:\WINDOWS\SYSTEM32\dhcpcsvc.DLL

dbghelp: loaded successfully - version: 4.0.5 - missing functions: none
symbol engine: initialized successfully - sym options: 0x614 - pdb path: .;c:\Users\palak\.vscode\extensions\redhat.java-1.40.0-win32-x64\jre\21.0.6-win32-x86_64\bin;C:\WINDOWS\SYSTEM32;C:\WINDOWS\WinSxS\amd64_microsoft.windows.common-controls_6595b64144ccf1df_6.0.26100.3323_none_3e088096e3344490;c:\Users\palak\.vscode\extensions\redhat.java-1.40.0-win32-x64\jre\21.0.6-win32-x86_64\bin\server;C:\Users\palak\AppData\Roaming\Code\User\globalStorage\redhat.java\1.40.0\config_win\org.eclipse.equinox.launcher\org.eclipse.equinox.launcher.win32.win32.x86_64_1.2.1200.v20250212-0927;C:\Users\palak\AppData\Local\Temp\jna-106430981

VM Arguments:
jvm_args: --add-modules=ALL-SYSTEM --add-opens=java.base/java.util=ALL-UNNAMED --add-opens=java.base/java.lang=ALL-UNNAMED --add-opens=java.base/sun.nio.fs=ALL-UNNAMED -Declipse.application=org.eclipse.jdt.ls.core.id1 -Dosgi.bundles.defaultStartLevel=4 -Declipse.product=org.eclipse.jdt.ls.core.product -Djava.import.generatesMetadataFilesAtProjectRoot=false -DDetectVMInstallationsJob.disabled=true -Dfile.encoding=utf8 -XX:+UseParallelGC -XX:GCTimeRatio=4 -XX:AdaptiveSizePolicyWeight=90 -Dsun.zip.disableMemoryMapping=true -Xmx1G -Xms100m -Xlog:disable -javaagent:c:\Users\palak\.vscode\extensions\redhat.java-1.40.0-win32-x64\lombok\lombok-1.18.36.jar -XX:+HeapDumpOnOutOfMemoryError -XX:HeapDumpPath=c:\Users\palak\AppData\Roaming\Code\User\workspaceStorage\632f04cdbe9e26a6a5769c745b0508de\redhat.java -Daether.dependencyCollector.impl=bf 
java_command: c:\Users\palak\.vscode\extensions\redhat.java-1.40.0-win32-x64\server\plugins\org.eclipse.equinox.launcher_1.6.1000.v20250131-0606.jar -configuration c:\Users\palak\AppData\Roaming\Code\User\globalStorage\redhat.java\1.40.0\config_win -data c:\Users\palak\AppData\Roaming\Code\User\workspaceStorage\632f04cdbe9e26a6a5769c745b0508de\redhat.java\jdt_ws --pipe=\\.\pipe\lsp-537a02709c65e58a0b797b978afd6de5-sock
java_class_path (initial): c:\Users\palak\.vscode\extensions\redhat.java-1.40.0-win32-x64\server\plugins\org.eclipse.equinox.launcher_1.6.1000.v20250131-0606.jar
Launcher Type: SUN_STANDARD

[Global flags]
    uintx AdaptiveSizePolicyWeight                 = 90                                        {product} {command line}
     intx CICompilerCount                          = 3                                         {product} {ergonomic}
    uintx GCTimeRatio                              = 4                                         {product} {command line}
     bool HeapDumpOnOutOfMemoryError               = true                                   {manageable} {command line}
    ccstr HeapDumpPath                             = c:\Users\palak\AppData\Roaming\Code\User\workspaceStorage\632f04cdbe9e26a6a5769c745b0508de\redhat.java         {manageable} {command line}
   size_t InitialHeapSize                          = 104857600                                 {product} {command line}
   size_t MaxHeapSize                              = 1073741824                                {product} {command line}
   size_t MaxNewSize                               = 357564416                                 {product} {ergonomic}
   size_t MinHeapDeltaBytes                        = 524288                                    {product} {ergonomic}
   size_t MinHeapSize                              = 104857600                                 {product} {command line}
   size_t NewSize                                  = 34603008                                  {product} {ergonomic}
    uintx NonNMethodCodeHeapSize                   = 5832780                                {pd product} {ergonomic}
    uintx NonProfiledCodeHeapSize                  = 122912730                              {pd product} {ergonomic}
   size_t OldSize                                  = 70254592                                  {product} {ergonomic}
    uintx ProfiledCodeHeapSize                     = 122912730                              {pd product} {ergonomic}
    uintx ReservedCodeCacheSize                    = 251658240                              {pd product} {ergonomic}
     bool SegmentedCodeCache                       = true                                      {product} {ergonomic}
   size_t SoftMaxHeapSize                          = 1073741824                             {manageable} {ergonomic}
     bool UseCompressedOops                        = true                           {product lp64_product} {ergonomic}
     bool UseLargePagesIndividualAllocation        = false                                  {pd product} {ergonomic}
     bool UseParallelGC                            = true                                      {product} {command line}

Logging:
Log output configuration:
 #0: stdout all=off uptime,level,tags foldmultilines=false
 #1: stderr all=off uptime,level,tags foldmultilines=false

Environment Variables:
JAVA_HOME=C:\Users\palak\Downloads\java-21-openjdk-21.0.1.0.12-3.win.jdk.x86_64\java-21-openjdk-21.0.1.0.12-3.win.jdk.x86_64
PATH=C:\Program Files (x86)\Common Files\Oracle\Java\java8path;C:\Program Files (x86)\Common Files\Oracle\Java\javapath;C:\WINDOWS\system32;C:\WINDOWS;C:\WINDOWS\System32\Wbem;C:\WINDOWS\System32\WindowsPowerShell\v1.0\;C:\WINDOWS\System32\OpenSSH\;C:\Users\palak\Downloads\java-21-openjdk-21.0.1.0.12-3.win.jdk.x86_64\java-21-openjdk-21.0.1.0.12-3.win.jdk.x86_64\bin;C:\Users\palak\Downloads\apache-maven-3.9.8-bin\bin;c:\users\palak\appdata\local\packages\pythonsoftwarefoundation.python.3.11_qbz5n2kfra8p0\localcache\local-packages\python311\site-packages;C:\ProgramData\chocolatey\bin;C:\Program Files\nodejs\;C:\Users\palak\AppData\Local\Programs\Python\Python312\Scripts;C:\Program Files\Git\cmd;C:\Users\palak\Downloads\flutter_windows_3.27.3-stable\flutter\bin;C:\Users\palak\AppData\Local\Android\Sdk\cmdline-tools\latest\bin;C:\Users\palak\AppData\Local\Android\Sdk\platform-tools;C:\ffmpeg;C:\Program Files\MongoDB\Server\8.0\bin;C:\Users\palak\AppData\Local\Programs\Python\Python313\Scripts\;C:\Users\palak\AppData\Local\Programs\Python\Python313\;C:\Users\palak\AppData\Local\Programs\Python\Python312\Scripts\;C:\Users\palak\AppData\Local\Programs\Python\Python312\;C:\Users\palak\AppData\Local\Programs\Python\Launcher\;C:\Program Files\MySQL\MySQL Shell 8.0\bin\;C:\Users\palak\AppData\Local\Microsoft\WindowsApps;C:\Users\palak\AppData\Local\Programs\Microsoft VS Code\bin;C:\Program Files\JetBrains\IntelliJ IDEA Community Edition 2023.3.3\bin;C:\Users\palak\AppData\Local\JetBrains\CLion 2023.3.4\bin;C:\Program Files\JetBrains\PyCharm 2024.1.2\bin;C:\Program Files\JetBrains\PyCharm Community Edition 2024.1.4\bin;C:\Users\palak\AppData\Local\JetBrains\Toolbox\scripts;C:\Users\palak\AppData\Roaming\npm;C:\Users\palak\AppData\Local\GitHubDesktop\bin;C:\Users\palak\AppData\Local\Microsoft\WindowsApps;
USERNAME=palak
OS=Windows_NT
PROCESSOR_IDENTIFIER=AMD64 Family 23 Model 24 Stepping 1, AuthenticAMD
TMP=C:\Users\palak\AppData\Local\Temp
TEMP=C:\Users\palak\AppData\Local\Temp




Periodic native trim disabled

---------------  S Y S T E M  ---------------

OS:
 Windows 11 , 64 bit Build 26100 (10.0.26100.3323)
OS uptime: 0 days 6:08 hours

CPU: total 4 (initial active 4) (4 cores per cpu, 2 threads per core) family 23 model 24 stepping 1 microcode 0x8108109, cx8, cmov, fxsr, ht, mmx, 3dnowpref, sse, sse2, sse3, ssse3, sse4a, sse4.1, sse4.2, popcnt, lzcnt, tsc, tscinvbit, avx, avx2, aes, clmul, bmi1, bmi2, adx, sha, fma, vzeroupper, clflush, clflushopt, rdtscp, f16c
Processor Information for the first 4 processors :
  Max Mhz: 2600, Current Mhz: 2600, Mhz Limit: 2600

Memory: 4k page, system-wide physical 6086M (548M free)
TotalPageFile size 14278M (AvailPageFile size 0M)
current process WorkingSet (physical memory assigned to process): 263M, peak: 314M
current process commit charge ("private bytes"): 297M, peak: 349M

vm_info: OpenJDK 64-Bit Server VM (21.0.6+7-LTS) for windows-amd64 JRE (21.0.6+7-LTS), built on 2025-01-21T00:00:00Z by "admin" with MS VC++ 17.7 (VS2022)

END.
