#
# There is insufficient memory for the Java Runtime Environment to continue.
# Native memory allocation (malloc) failed to allocate 92816 bytes for Chunk::new
# Possible reasons:
#   The system is out of physical RAM or swap space
#   The process is running with CompressedOops enabled, and the Java Heap may be blocking the growth of the native heap
# Possible solutions:
#   Reduce memory load on the system
#   Increase physical memory or swap space
#   Check if swap backing store is full
#   Decrease Java heap size (-Xmx/-Xms)
#   Decrease number of Java threads
#   Decrease Java thread stack sizes (-Xss)
#   Set larger code cache with -XX:ReservedCodeCacheSize=
#   JVM is running with Unscaled Compressed Oops mode in which the Java heap is
#     placed in the first 4GB address space. The Java Heap base address is the
#     maximum limit for the native heap growth. Please use -XX:HeapBaseMinAddress
#     to set the Java Heap base and to place the Java Heap above 4GB virtual address.
# This output file may be truncated or incomplete.
#
#  Out of Memory Error (arena.cpp:168), pid=6468, tid=8868
#
# JRE version: OpenJDK Runtime Environment (Red_Hat-21.0.1.0+12-3) (21.0.1+12) (build 21.0.1+12-LTS)
# Java VM: OpenJDK 64-Bit Server VM (Red_Hat-21.0.1.0+12-3) (21.0.1+12-LTS, mixed mode, sharing, tiered, compressed oops, compressed class ptrs, g1 gc, windows-amd64)
# No core dump will be written. Minidumps are not enabled by default on client versions of Windows
#

---------------  S U M M A R Y ------------

Command Line: -Dclassworlds.conf=C:\Users\palak\Downloads\apache-maven-3.9.8-bin\bin\m2.conf -Dmaven.home=C:\Users\palak\Downloads\apache-maven-3.9.8-bin -Dlibrary.jansi.path=C:\Users\palak\Downloads\apache-maven-3.9.8-bin\lib\jansi-native -Dmaven.multiModuleProjectDirectory=C:\Users\palak\Downloads\demo org.codehaus.plexus.classworlds.launcher.Launcher clean install

Host: AMD Ryzen 3 3250U with Radeon Graphics         , 4 cores, 5G,  Windows 11 , 64 bit Build 26100 (10.0.26100.3323)
Time: Tue Apr  1 19:29:53 2025 India Standard Time elapsed time: 29.553667 seconds (0d 0h 0m 29s)

---------------  T H R E A D  ---------------

Current thread (0x000001f3b6980180):  JavaThread "C2 CompilerThread0" daemon [_thread_in_native, id=8868, stack(0x0000002e12f00000,0x0000002e13000000) (1024K)]


Current CompileTask:
C2:  29553 4172       4       org.apache.maven.model.interpolation.StringVisitorModelInterpolator$ModelVisitor::visit (117 bytes)

Stack: [0x0000002e12f00000,0x0000002e13000000]
Native frames: (J=compiled Java code, j=interpreted, Vv=VM code, C=native code)
V  [jvm.dll+0x6c7789]
V  [jvm.dll+0x8a2011]
V  [jvm.dll+0x8a44ae]
V  [jvm.dll+0x8a4b83]
V  [jvm.dll+0x27f936]
V  [jvm.dll+0xc498d]
V  [jvm.dll+0xc4ea3]
V  [jvm.dll+0x5d2a29]
V  [jvm.dll+0x380254]
V  [jvm.dll+0x37f68a]
V  [jvm.dll+0x247ef0]
V  [jvm.dll+0x2474cf]
V  [jvm.dll+0x1c8ae1]
V  [jvm.dll+0x256c69]
V  [jvm.dll+0x25523a]
V  [jvm.dll+0x3ecc86]
V  [jvm.dll+0x84af3b]
V  [jvm.dll+0x6c5ebd]
C  [ucrtbase.dll+0x37b0]
C  [KERNEL32.DLL+0x2e8d7]
C  [ntdll.dll+0xbbf6c]


---------------  P R O C E S S  ---------------

Threads class SMR info:
_java_thread_list=0x000001f3fc3fb840, length=12, elements={
0x000001f398db47d0, 0x000001f3b696ca50, 0x000001f3b696e630, 0x000001f3b6977180,
0x000001f3b6978070, 0x000001f3b69797f0, 0x000001f3b697b0a0, 0x000001f3b6980180,
0x000001f3b69d8940, 0x000001f3b6bd87c0, 0x000001f3b6bdc430, 0x000001f3fd41e3f0
}

Java Threads: ( => current thread )
  0x000001f398db47d0 JavaThread "main"                              [_thread_in_Java, id=1964, stack(0x0000002e12100000,0x0000002e12200000) (1024K)]
  0x000001f3b696ca50 JavaThread "Reference Handler"          daemon [_thread_blocked, id=11280, stack(0x0000002e12900000,0x0000002e12a00000) (1024K)]
  0x000001f3b696e630 JavaThread "Finalizer"                  daemon [_thread_blocked, id=15240, stack(0x0000002e12a00000,0x0000002e12b00000) (1024K)]
  0x000001f3b6977180 JavaThread "Signal Dispatcher"          daemon [_thread_blocked, id=14164, stack(0x0000002e12b00000,0x0000002e12c00000) (1024K)]
  0x000001f3b6978070 JavaThread "Attach Listener"            daemon [_thread_blocked, id=13044, stack(0x0000002e12c00000,0x0000002e12d00000) (1024K)]
  0x000001f3b69797f0 JavaThread "Service Thread"             daemon [_thread_blocked, id=18828, stack(0x0000002e12d00000,0x0000002e12e00000) (1024K)]
  0x000001f3b697b0a0 JavaThread "Monitor Deflation Thread"   daemon [_thread_blocked, id=18848, stack(0x0000002e12e00000,0x0000002e12f00000) (1024K)]
=>0x000001f3b6980180 JavaThread "C2 CompilerThread0"         daemon [_thread_in_native, id=8868, stack(0x0000002e12f00000,0x0000002e13000000) (1024K)]
  0x000001f3b69d8940 JavaThread "C1 CompilerThread0"         daemon [_thread_blocked, id=13440, stack(0x0000002e13000000,0x0000002e13100000) (1024K)]
  0x000001f3b6bd87c0 JavaThread "Notification Thread"        daemon [_thread_blocked, id=12248, stack(0x0000002e13100000,0x0000002e13200000) (1024K)]
  0x000001f3b6bdc430 JavaThread "Common-Cleaner"             daemon [_thread_blocked, id=13460, stack(0x0000002e13200000,0x0000002e13300000) (1024K)]
  0x000001f3fd41e3f0 JavaThread "Thread-1"                   daemon [_thread_blocked, id=15396, stack(0x0000002e13600000,0x0000002e13700000) (1024K)]
Total: 12

Other Threads:
  0x000001f3b6944540 VMThread "VM Thread"                           [id=9124, stack(0x0000002e12800000,0x0000002e12900000) (1024K)]
  0x000001f3b692c450 WatcherThread "VM Periodic Task Thread"        [id=12700, stack(0x0000002e12700000,0x0000002e12800000) (1024K)]
  0x000001f39a8a0610 WorkerThread "GC Thread#0"                     [id=11012, stack(0x0000002e12200000,0x0000002e12300000) (1024K)]
  0x000001f3fc65a8f0 WorkerThread "GC Thread#1"                     [id=4556, stack(0x0000002e13300000,0x0000002e13400000) (1024K)]
  0x000001f3fc67bf90 WorkerThread "GC Thread#2"                     [id=15808, stack(0x0000002e13400000,0x0000002e13500000) (1024K)]
  0x000001f3fc67c330 WorkerThread "GC Thread#3"                     [id=8464, stack(0x0000002e13500000,0x0000002e13600000) (1024K)]
  0x000001f39a8ad240 ConcurrentGCThread "G1 Main Marker"            [id=11608, stack(0x0000002e12300000,0x0000002e12400000) (1024K)]
  0x000001f39a8aebc0 WorkerThread "G1 Conc#0"                       [id=10724, stack(0x0000002e12400000,0x0000002e12500000) (1024K)]
  0x000001f39a91bcd0 ConcurrentGCThread "G1 Refine#0"               [id=10528, stack(0x0000002e12500000,0x0000002e12600000) (1024K)]
  0x000001f39a91d6c0 ConcurrentGCThread "G1 Service"                [id=16944, stack(0x0000002e12600000,0x0000002e12700000) (1024K)]
Total: 10

Threads with active compile tasks:
C2 CompilerThread0    29607 4172       4       org.apache.maven.model.interpolation.StringVisitorModelInterpolator$ModelVisitor::visit (117 bytes)
Total: 1

VM state: not at safepoint (normal execution)

VM Mutex/Monitor currently owned by a thread: None

Heap address: 0x00000000a0e00000, size: 1522 MB, Compressed Oops mode: 32-bit

CDS archive(s) mapped at: [0x000001f3b7000000-0x000001f3b7c90000-0x000001f3b7c90000), size 13172736, SharedBaseAddress: 0x000001f3b7000000, ArchiveRelocationMode: 1.
Compressed class space mapped at: 0x000001f3b8000000-0x000001f3f8000000, reserved size: 1073741824
Narrow klass base: 0x000001f3b7000000, Narrow klass shift: 0, Narrow klass range: 0x100000000

GC Precious Log:
 CardTable entry size: 512
 Card Set container configuration: InlinePtr #cards 5 size 8 Array Of Cards #cards 12 size 40 Howl #buckets 4 coarsen threshold 1843 Howl Bitmap #cards 512 size 80 coarsen threshold 460 Card regions per heap region 1 cards per card region 2048
 CPUs: 4 total, 4 available
 Memory: 6086M
 Large Page Support: Disabled
 NUMA Support: Disabled
 Compressed Oops: Enabled (32-bit)
 Heap Region Size: 1M
 Heap Min Capacity: 8M
 Heap Initial Capacity: 96M
 Heap Max Capacity: 1522M
 Pre-touch: Disabled
 Parallel Workers: 4
 Concurrent Workers: 1
 Concurrent Refinement Workers: 4
 Periodic GC: Disabled

Heap:
 garbage-first heap   total 98304K, used 16809K [0x00000000a0e00000, 0x0000000100000000)
  region size 1024K, 9 young (9216K), 6 survivors (6144K)
 Metaspace       used 16299K, committed 16576K, reserved 1114112K
  class space    used 1877K, committed 1984K, reserved 1048576K

Heap Regions: E=young(eden), S=young(survivor), O=old, HS=humongous(starts), HC=humongous(continues), CS=collection set, F=free, TAMS=top-at-mark-start, PB=parsable bottom
|   0|0x00000000a0e00000, 0x00000000a0f00000, 0x00000000a0f00000|100%| O|  |TAMS 0x00000000a0e00000| PB 0x00000000a0e00000| Untracked 
|   1|0x00000000a0f00000, 0x00000000a1000000, 0x00000000a1000000|100%| O|  |TAMS 0x00000000a0f00000| PB 0x00000000a0f00000| Untracked 
|   2|0x00000000a1000000, 0x00000000a1100000, 0x00000000a1100000|100%| O|  |TAMS 0x00000000a1000000| PB 0x00000000a1000000| Untracked 
|   3|0x00000000a1100000, 0x00000000a1200000, 0x00000000a1200000|100%| O|  |TAMS 0x00000000a1100000| PB 0x00000000a1100000| Untracked 
|   4|0x00000000a1200000, 0x00000000a1300000, 0x00000000a1300000|100%| O|  |TAMS 0x00000000a1200000| PB 0x00000000a1200000| Untracked 
|   5|0x00000000a1300000, 0x00000000a1400000, 0x00000000a1400000|100%| O|  |TAMS 0x00000000a1300000| PB 0x00000000a1300000| Untracked 
|   6|0x00000000a1400000, 0x00000000a1500000, 0x00000000a1500000|100%| O|  |TAMS 0x00000000a1400000| PB 0x00000000a1400000| Untracked 
|   7|0x00000000a1500000, 0x00000000a1600000, 0x00000000a1600000|100%| O|  |TAMS 0x00000000a1500000| PB 0x00000000a1500000| Untracked 
|   8|0x00000000a1600000, 0x00000000a16ea6c0, 0x00000000a1700000| 91%| O|  |TAMS 0x00000000a1600000| PB 0x00000000a1600000| Untracked 
|   9|0x00000000a1700000, 0x00000000a1700000, 0x00000000a1800000|  0%| F|  |TAMS 0x00000000a1700000| PB 0x00000000a1700000| Untracked 
|  10|0x00000000a1800000, 0x00000000a1800000, 0x00000000a1900000|  0%| F|  |TAMS 0x00000000a1800000| PB 0x00000000a1800000| Untracked 
|  11|0x00000000a1900000, 0x00000000a1900000, 0x00000000a1a00000|  0%| F|  |TAMS 0x00000000a1900000| PB 0x00000000a1900000| Untracked 
|  12|0x00000000a1a00000, 0x00000000a1a00000, 0x00000000a1b00000|  0%| F|  |TAMS 0x00000000a1a00000| PB 0x00000000a1a00000| Untracked 
|  13|0x00000000a1b00000, 0x00000000a1b00000, 0x00000000a1c00000|  0%| F|  |TAMS 0x00000000a1b00000| PB 0x00000000a1b00000| Untracked 
|  14|0x00000000a1c00000, 0x00000000a1c00000, 0x00000000a1d00000|  0%| F|  |TAMS 0x00000000a1c00000| PB 0x00000000a1c00000| Untracked 
|  15|0x00000000a1d00000, 0x00000000a1d00000, 0x00000000a1e00000|  0%| F|  |TAMS 0x00000000a1d00000| PB 0x00000000a1d00000| Untracked 
|  16|0x00000000a1e00000, 0x00000000a1e00000, 0x00000000a1f00000|  0%| F|  |TAMS 0x00000000a1e00000| PB 0x00000000a1e00000| Untracked 
|  17|0x00000000a1f00000, 0x00000000a1f00000, 0x00000000a2000000|  0%| F|  |TAMS 0x00000000a1f00000| PB 0x00000000a1f00000| Untracked 
|  18|0x00000000a2000000, 0x00000000a2000000, 0x00000000a2100000|  0%| F|  |TAMS 0x00000000a2000000| PB 0x00000000a2000000| Untracked 
|  19|0x00000000a2100000, 0x00000000a2100000, 0x00000000a2200000|  0%| F|  |TAMS 0x00000000a2100000| PB 0x00000000a2100000| Untracked 
|  20|0x00000000a2200000, 0x00000000a2200000, 0x00000000a2300000|  0%| F|  |TAMS 0x00000000a2200000| PB 0x00000000a2200000| Untracked 
|  21|0x00000000a2300000, 0x00000000a2300000, 0x00000000a2400000|  0%| F|  |TAMS 0x00000000a2300000| PB 0x00000000a2300000| Untracked 
|  22|0x00000000a2400000, 0x00000000a2400000, 0x00000000a2500000|  0%| F|  |TAMS 0x00000000a2400000| PB 0x00000000a2400000| Untracked 
|  23|0x00000000a2500000, 0x00000000a2500000, 0x00000000a2600000|  0%| F|  |TAMS 0x00000000a2500000| PB 0x00000000a2500000| Untracked 
|  24|0x00000000a2600000, 0x00000000a2600000, 0x00000000a2700000|  0%| F|  |TAMS 0x00000000a2600000| PB 0x00000000a2600000| Untracked 
|  25|0x00000000a2700000, 0x00000000a2700000, 0x00000000a2800000|  0%| F|  |TAMS 0x00000000a2700000| PB 0x00000000a2700000| Untracked 
|  26|0x00000000a2800000, 0x00000000a2800000, 0x00000000a2900000|  0%| F|  |TAMS 0x00000000a2800000| PB 0x00000000a2800000| Untracked 
|  27|0x00000000a2900000, 0x00000000a2900000, 0x00000000a2a00000|  0%| F|  |TAMS 0x00000000a2900000| PB 0x00000000a2900000| Untracked 
|  28|0x00000000a2a00000, 0x00000000a2a00000, 0x00000000a2b00000|  0%| F|  |TAMS 0x00000000a2a00000| PB 0x00000000a2a00000| Untracked 
|  29|0x00000000a2b00000, 0x00000000a2b00000, 0x00000000a2c00000|  0%| F|  |TAMS 0x00000000a2b00000| PB 0x00000000a2b00000| Untracked 
|  30|0x00000000a2c00000, 0x00000000a2c00000, 0x00000000a2d00000|  0%| F|  |TAMS 0x00000000a2c00000| PB 0x00000000a2c00000| Untracked 
|  31|0x00000000a2d00000, 0x00000000a2d00000, 0x00000000a2e00000|  0%| F|  |TAMS 0x00000000a2d00000| PB 0x00000000a2d00000| Untracked 
|  32|0x00000000a2e00000, 0x00000000a2e00000, 0x00000000a2f00000|  0%| F|  |TAMS 0x00000000a2e00000| PB 0x00000000a2e00000| Untracked 
|  33|0x00000000a2f00000, 0x00000000a2f00000, 0x00000000a3000000|  0%| F|  |TAMS 0x00000000a2f00000| PB 0x00000000a2f00000| Untracked 
|  34|0x00000000a3000000, 0x00000000a3000000, 0x00000000a3100000|  0%| F|  |TAMS 0x00000000a3000000| PB 0x00000000a3000000| Untracked 
|  35|0x00000000a3100000, 0x00000000a3100000, 0x00000000a3200000|  0%| F|  |TAMS 0x00000000a3100000| PB 0x00000000a3100000| Untracked 
|  36|0x00000000a3200000, 0x00000000a3200000, 0x00000000a3300000|  0%| F|  |TAMS 0x00000000a3200000| PB 0x00000000a3200000| Untracked 
|  37|0x00000000a3300000, 0x00000000a3300000, 0x00000000a3400000|  0%| F|  |TAMS 0x00000000a3300000| PB 0x00000000a3300000| Untracked 
|  38|0x00000000a3400000, 0x00000000a3400000, 0x00000000a3500000|  0%| F|  |TAMS 0x00000000a3400000| PB 0x00000000a3400000| Untracked 
|  39|0x00000000a3500000, 0x00000000a3580000, 0x00000000a3600000| 50%| S|CS|TAMS 0x00000000a3500000| PB 0x00000000a3500000| Complete 
|  40|0x00000000a3600000, 0x00000000a3700000, 0x00000000a3700000|100%| S|CS|TAMS 0x00000000a3600000| PB 0x00000000a3600000| Complete 
|  41|0x00000000a3700000, 0x00000000a3800000, 0x00000000a3800000|100%| S|CS|TAMS 0x00000000a3700000| PB 0x00000000a3700000| Complete 
|  42|0x00000000a3800000, 0x00000000a3900000, 0x00000000a3900000|100%| S|CS|TAMS 0x00000000a3800000| PB 0x00000000a3800000| Complete 
|  43|0x00000000a3900000, 0x00000000a3a00000, 0x00000000a3a00000|100%| S|CS|TAMS 0x00000000a3900000| PB 0x00000000a3900000| Complete 
|  44|0x00000000a3a00000, 0x00000000a3b00000, 0x00000000a3b00000|100%| S|CS|TAMS 0x00000000a3a00000| PB 0x00000000a3a00000| Complete 
|  45|0x00000000a3b00000, 0x00000000a3b00000, 0x00000000a3c00000|  0%| F|  |TAMS 0x00000000a3b00000| PB 0x00000000a3b00000| Untracked 
|  46|0x00000000a3c00000, 0x00000000a3c00000, 0x00000000a3d00000|  0%| F|  |TAMS 0x00000000a3c00000| PB 0x00000000a3c00000| Untracked 
|  47|0x00000000a3d00000, 0x00000000a3d00000, 0x00000000a3e00000|  0%| F|  |TAMS 0x00000000a3d00000| PB 0x00000000a3d00000| Untracked 
|  48|0x00000000a3e00000, 0x00000000a3e00000, 0x00000000a3f00000|  0%| F|  |TAMS 0x00000000a3e00000| PB 0x00000000a3e00000| Untracked 
|  49|0x00000000a3f00000, 0x00000000a3f00000, 0x00000000a4000000|  0%| F|  |TAMS 0x00000000a3f00000| PB 0x00000000a3f00000| Untracked 
|  50|0x00000000a4000000, 0x00000000a4000000, 0x00000000a4100000|  0%| F|  |TAMS 0x00000000a4000000| PB 0x00000000a4000000| Untracked 
|  51|0x00000000a4100000, 0x00000000a4100000, 0x00000000a4200000|  0%| F|  |TAMS 0x00000000a4100000| PB 0x00000000a4100000| Untracked 
|  52|0x00000000a4200000, 0x00000000a4200000, 0x00000000a4300000|  0%| F|  |TAMS 0x00000000a4200000| PB 0x00000000a4200000| Untracked 
|  53|0x00000000a4300000, 0x00000000a4300000, 0x00000000a4400000|  0%| F|  |TAMS 0x00000000a4300000| PB 0x00000000a4300000| Untracked 
|  54|0x00000000a4400000, 0x00000000a4400000, 0x00000000a4500000|  0%| F|  |TAMS 0x00000000a4400000| PB 0x00000000a4400000| Untracked 
|  55|0x00000000a4500000, 0x00000000a4500000, 0x00000000a4600000|  0%| F|  |TAMS 0x00000000a4500000| PB 0x00000000a4500000| Untracked 
|  56|0x00000000a4600000, 0x00000000a4600000, 0x00000000a4700000|  0%| F|  |TAMS 0x00000000a4600000| PB 0x00000000a4600000| Untracked 
|  57|0x00000000a4700000, 0x00000000a4700000, 0x00000000a4800000|  0%| F|  |TAMS 0x00000000a4700000| PB 0x00000000a4700000| Untracked 
|  58|0x00000000a4800000, 0x00000000a4800000, 0x00000000a4900000|  0%| F|  |TAMS 0x00000000a4800000| PB 0x00000000a4800000| Untracked 
|  59|0x00000000a4900000, 0x00000000a4900000, 0x00000000a4a00000|  0%| F|  |TAMS 0x00000000a4900000| PB 0x00000000a4900000| Untracked 
|  60|0x00000000a4a00000, 0x00000000a4a00000, 0x00000000a4b00000|  0%| F|  |TAMS 0x00000000a4a00000| PB 0x00000000a4a00000| Untracked 
|  61|0x00000000a4b00000, 0x00000000a4b00000, 0x00000000a4c00000|  0%| F|  |TAMS 0x00000000a4b00000| PB 0x00000000a4b00000| Untracked 
|  62|0x00000000a4c00000, 0x00000000a4c00000, 0x00000000a4d00000|  0%| F|  |TAMS 0x00000000a4c00000| PB 0x00000000a4c00000| Untracked 
|  63|0x00000000a4d00000, 0x00000000a4d00000, 0x00000000a4e00000|  0%| F|  |TAMS 0x00000000a4d00000| PB 0x00000000a4d00000| Untracked 
|  64|0x00000000a4e00000, 0x00000000a4e00000, 0x00000000a4f00000|  0%| F|  |TAMS 0x00000000a4e00000| PB 0x00000000a4e00000| Untracked 
|  65|0x00000000a4f00000, 0x00000000a4f00000, 0x00000000a5000000|  0%| F|  |TAMS 0x00000000a4f00000| PB 0x00000000a4f00000| Untracked 
|  66|0x00000000a5000000, 0x00000000a5000000, 0x00000000a5100000|  0%| F|  |TAMS 0x00000000a5000000| PB 0x00000000a5000000| Untracked 
|  67|0x00000000a5100000, 0x00000000a5100000, 0x00000000a5200000|  0%| F|  |TAMS 0x00000000a5100000| PB 0x00000000a5100000| Untracked 
|  68|0x00000000a5200000, 0x00000000a5200000, 0x00000000a5300000|  0%| F|  |TAMS 0x00000000a5200000| PB 0x00000000a5200000| Untracked 
|  69|0x00000000a5300000, 0x00000000a5300000, 0x00000000a5400000|  0%| F|  |TAMS 0x00000000a5300000| PB 0x00000000a5300000| Untracked 
|  70|0x00000000a5400000, 0x00000000a5400000, 0x00000000a5500000|  0%| F|  |TAMS 0x00000000a5400000| PB 0x00000000a5400000| Untracked 
|  71|0x00000000a5500000, 0x00000000a5500000, 0x00000000a5600000|  0%| F|  |TAMS 0x00000000a5500000| PB 0x00000000a5500000| Untracked 
|  72|0x00000000a5600000, 0x00000000a5600000, 0x00000000a5700000|  0%| F|  |TAMS 0x00000000a5600000| PB 0x00000000a5600000| Untracked 
|  73|0x00000000a5700000, 0x00000000a5700000, 0x00000000a5800000|  0%| F|  |TAMS 0x00000000a5700000| PB 0x00000000a5700000| Untracked 
|  74|0x00000000a5800000, 0x00000000a5800000, 0x00000000a5900000|  0%| F|  |TAMS 0x00000000a5800000| PB 0x00000000a5800000| Untracked 
|  75|0x00000000a5900000, 0x00000000a5900000, 0x00000000a5a00000|  0%| F|  |TAMS 0x00000000a5900000| PB 0x00000000a5900000| Untracked 
|  76|0x00000000a5a00000, 0x00000000a5a00000, 0x00000000a5b00000|  0%| F|  |TAMS 0x00000000a5a00000| PB 0x00000000a5a00000| Untracked 
|  77|0x00000000a5b00000, 0x00000000a5b00000, 0x00000000a5c00000|  0%| F|  |TAMS 0x00000000a5b00000| PB 0x00000000a5b00000| Untracked 
|  78|0x00000000a5c00000, 0x00000000a5c00000, 0x00000000a5d00000|  0%| F|  |TAMS 0x00000000a5c00000| PB 0x00000000a5c00000| Untracked 
|  79|0x00000000a5d00000, 0x00000000a5d00000, 0x00000000a5e00000|  0%| F|  |TAMS 0x00000000a5d00000| PB 0x00000000a5d00000| Untracked 
|  80|0x00000000a5e00000, 0x00000000a5e00000, 0x00000000a5f00000|  0%| F|  |TAMS 0x00000000a5e00000| PB 0x00000000a5e00000| Untracked 
|  81|0x00000000a5f00000, 0x00000000a5f00000, 0x00000000a6000000|  0%| F|  |TAMS 0x00000000a5f00000| PB 0x00000000a5f00000| Untracked 
|  82|0x00000000a6000000, 0x00000000a6000000, 0x00000000a6100000|  0%| F|  |TAMS 0x00000000a6000000| PB 0x00000000a6000000| Untracked 
|  83|0x00000000a6100000, 0x00000000a6100000, 0x00000000a6200000|  0%| F|  |TAMS 0x00000000a6100000| PB 0x00000000a6100000| Untracked 
|  84|0x00000000a6200000, 0x00000000a6200000, 0x00000000a6300000|  0%| F|  |TAMS 0x00000000a6200000| PB 0x00000000a6200000| Untracked 
|  85|0x00000000a6300000, 0x00000000a6300000, 0x00000000a6400000|  0%| F|  |TAMS 0x00000000a6300000| PB 0x00000000a6300000| Untracked 
|  86|0x00000000a6400000, 0x00000000a6400000, 0x00000000a6500000|  0%| F|  |TAMS 0x00000000a6400000| PB 0x00000000a6400000| Untracked 
|  87|0x00000000a6500000, 0x00000000a6500000, 0x00000000a6600000|  0%| F|  |TAMS 0x00000000a6500000| PB 0x00000000a6500000| Untracked 
|  88|0x00000000a6600000, 0x00000000a6600000, 0x00000000a6700000|  0%| F|  |TAMS 0x00000000a6600000| PB 0x00000000a6600000| Untracked 
|  89|0x00000000a6700000, 0x00000000a6700000, 0x00000000a6800000|  0%| F|  |TAMS 0x00000000a6700000| PB 0x00000000a6700000| Untracked 
|  90|0x00000000a6800000, 0x00000000a6800000, 0x00000000a6900000|  0%| F|  |TAMS 0x00000000a6800000| PB 0x00000000a6800000| Untracked 
|  91|0x00000000a6900000, 0x00000000a6900000, 0x00000000a6a00000|  0%| F|  |TAMS 0x00000000a6900000| PB 0x00000000a6900000| Untracked 
|  92|0x00000000a6a00000, 0x00000000a6a00000, 0x00000000a6b00000|  0%| F|  |TAMS 0x00000000a6a00000| PB 0x00000000a6a00000| Untracked 
|  93|0x00000000a6b00000, 0x00000000a6b84010, 0x00000000a6c00000| 51%| E|  |TAMS 0x00000000a6b00000| PB 0x00000000a6b00000| Complete 
|  94|0x00000000a6c00000, 0x00000000a6d00000, 0x00000000a6d00000|100%| E|CS|TAMS 0x00000000a6c00000| PB 0x00000000a6c00000| Complete 
|  95|0x00000000a6d00000, 0x00000000a6e00000, 0x00000000a6e00000|100%| E|CS|TAMS 0x00000000a6d00000| PB 0x00000000a6d00000| Complete 

Card table byte_map: [0x000001f3b28f0000,0x000001f3b2bf0000] _byte_map_base: 0x000001f3b23e9000

Marking Bits: (CMBitMap*) 0x000001f39a8a0b20
 Bits: [0x000001f3b2bf0000, 0x000001f3b43b8000)

Polling page: 0x000001f398fa0000

Metaspace:

Usage:
  Non-class:     14.08 MB used.
      Class:      1.83 MB used.
       Both:     15.92 MB used.

Virtual space:
  Non-class space:       64.00 MB reserved,      14.25 MB ( 22%) committed,  1 nodes.
      Class space:        1.00 GB reserved,       1.94 MB ( <1%) committed,  1 nodes.
             Both:        1.06 GB reserved,      16.19 MB (  1%) committed. 

Chunk freelists:
   Non-Class:  1.53 MB
       Class:  13.90 MB
        Both:  15.44 MB

MaxMetaspaceSize: unlimited
CompressedClassSpaceSize: 1.00 GB
Initial GC threshold: 21.00 MB
Current GC threshold: 21.00 MB
CDS: on
 - commit_granule_bytes: 65536.
 - commit_granule_words: 8192.
 - virtual_space_node_default_size: 8388608.
 - enlarge_chunks_in_place: 1.
 - use_allocation_guard: 0.


Internal statistics:

num_allocs_failed_limit: 0.
num_arena_births: 176.
num_arena_deaths: 0.
num_vsnodes_births: 2.
num_vsnodes_deaths: 0.
num_space_committed: 259.
num_space_uncommitted: 0.
num_chunks_returned_to_freelist: 0.
num_chunks_taken_from_freelist: 714.
num_chunk_merges: 0.
num_chunk_splits: 499.
num_chunks_enlarged: 412.
num_inconsistent_stats: 0.

CodeHeap 'non-profiled nmethods': size=120000Kb used=2094Kb max_used=2094Kb free=117905Kb
 bounds [0x000001f3aaaa0000, 0x000001f3aad10000, 0x000001f3b1fd0000]
CodeHeap 'profiled nmethods': size=120000Kb used=8660Kb max_used=8660Kb free=111340Kb
 bounds [0x000001f3a2fd0000, 0x000001f3a3850000, 0x000001f3aa500000]
CodeHeap 'non-nmethods': size=5760Kb used=1399Kb max_used=1450Kb free=4360Kb
 bounds [0x000001f3aa500000, 0x000001f3aa770000, 0x000001f3aaaa0000]
 total_blobs=4681 nmethods=4187 adapters=398
 compilation: enabled
              stopped_count=0, restarted_count=0
 full_count=0

Compilation events (20 events):
Event: 29.493 Thread 0x000001f3b69d8940 4173       1       org.apache.maven.model.building.DefaultModelBuildingRequest::getWorkspaceModelResolver (5 bytes)
Event: 29.493 Thread 0x000001f3b69d8940 nmethod 4173 0x000001f3aacaa590 code [0x000001f3aacaa720, 0x000001f3aacaa7e8]
Event: 29.498 Thread 0x000001f3b69d8940 4174       3       sun.nio.fs.WindowsNativeDispatcher::asNativeBuffer (103 bytes)
Event: 29.499 Thread 0x000001f3b69d8940 nmethod 4174 0x000001f3a3841010 code [0x000001f3a38412a0, 0x000001f3a3841cd0]
Event: 29.499 Thread 0x000001f3b69d8940 4175       3       jdk.internal.misc.Unsafe::putChar (8 bytes)
Event: 29.499 Thread 0x000001f3b69d8940 nmethod 4175 0x000001f3a3842090 code [0x000001f3a3842220, 0x000001f3a3842338]
Event: 29.517 Thread 0x000001f3b69d8940 4178       3       org.eclipse.aether.graph.Dependency::setArtifact (36 bytes)
Event: 29.517 Thread 0x000001f3b69d8940 nmethod 4178 0x000001f3a3842410 code [0x000001f3a38425e0, 0x000001f3a3842928]
Event: 29.518 Thread 0x000001f3b69d8940 4179       3       org.eclipse.aether.util.version.GenericVersion$Item::hashCode (16 bytes)
Event: 29.518 Thread 0x000001f3b69d8940 nmethod 4179 0x000001f3a3842a90 code [0x000001f3a3842c40, 0x000001f3a3842e30]
Event: 29.534 Thread 0x000001f3b69d8940 4180       1       org.apache.maven.model.Organization::setName (6 bytes)
Event: 29.534 Thread 0x000001f3b69d8940 nmethod 4180 0x000001f3aacaac90 code [0x000001f3aacaae20, 0x000001f3aacaaf38]
Event: 29.534 Thread 0x000001f3b69d8940 4181       1       org.apache.maven.model.Organization::setUrl (6 bytes)
Event: 29.534 Thread 0x000001f3b69d8940 nmethod 4181 0x000001f3aacaaf90 code [0x000001f3aacab120, 0x000001f3aacab238]
Event: 29.534 Thread 0x000001f3b69d8940 4182       1       org.apache.maven.model.Model::setOrganization (6 bytes)
Event: 29.535 Thread 0x000001f3b69d8940 nmethod 4182 0x000001f3aacab290 code [0x000001f3aacab420, 0x000001f3aacab538]
Event: 29.537 Thread 0x000001f3b69d8940 4183       3       org.apache.maven.repository.internal.ArtifactDescriptorUtils::toRemoteRepository (49 bytes)
Event: 29.537 Thread 0x000001f3b69d8940 nmethod 4183 0x000001f3a3842f10 code [0x000001f3a3843120, 0x000001f3a3843850]
Event: 29.537 Thread 0x000001f3b69d8940 4184       3       org.eclipse.aether.util.version.GenericVersion$Item::isNumber (15 bytes)
Event: 29.538 Thread 0x000001f3b69d8940 nmethod 4184 0x000001f3a3843a90 code [0x000001f3a3843c20, 0x000001f3a3843d90]

GC Heap History (8 events):
Event: 9.517 GC heap before
{Heap before GC invocations=0 (full 0):
 garbage-first heap   total 98304K, used 12288K [0x00000000a0e00000, 0x0000000100000000)
  region size 1024K, 13 young (13312K), 0 survivors (0K)
 Metaspace       used 3879K, committed 4096K, reserved 1114112K
  class space    used 401K, committed 512K, reserved 1048576K
}
Event: 9.585 GC heap after
{Heap after GC invocations=1 (full 0):
 garbage-first heap   total 98304K, used 3200K [0x00000000a0e00000, 0x0000000100000000)
  region size 1024K, 2 young (2048K), 2 survivors (2048K)
 Metaspace       used 3879K, committed 4096K, reserved 1114112K
  class space    used 401K, committed 512K, reserved 1048576K
}
Event: 11.352 GC heap before
{Heap before GC invocations=1 (full 0):
 garbage-first heap   total 98304K, used 18560K [0x00000000a0e00000, 0x0000000100000000)
  region size 1024K, 17 young (17408K), 2 survivors (2048K)
 Metaspace       used 6307K, committed 6464K, reserved 1114112K
  class space    used 730K, committed 832K, reserved 1048576K
}
Event: 11.362 GC heap after
{Heap after GC invocations=2 (full 0):
 garbage-first heap   total 98304K, used 4140K [0x00000000a0e00000, 0x0000000100000000)
  region size 1024K, 1 young (1024K), 1 survivors (1024K)
 Metaspace       used 6307K, committed 6464K, reserved 1114112K
  class space    used 730K, committed 832K, reserved 1048576K
}
Event: 23.482 GC heap before
{Heap before GC invocations=2 (full 0):
 garbage-first heap   total 98304K, used 60460K [0x00000000a0e00000, 0x0000000100000000)
  region size 1024K, 57 young (58368K), 1 survivors (1024K)
 Metaspace       used 15352K, committed 15616K, reserved 1114112K
  class space    used 1813K, committed 1920K, reserved 1048576K
}
Event: 23.502 GC heap after
{Heap after GC invocations=3 (full 0):
 garbage-first heap   total 98304K, used 9437K [0x00000000a0e00000, 0x0000000100000000)
  region size 1024K, 6 young (6144K), 6 survivors (6144K)
 Metaspace       used 15352K, committed 15616K, reserved 1114112K
  class space    used 1813K, committed 1920K, reserved 1048576K
}
Event: 29.437 GC heap before
{Heap before GC invocations=3 (full 0):
 garbage-first heap   total 98304K, used 61661K [0x00000000a0e00000, 0x0000000100000000)
  region size 1024K, 57 young (58368K), 6 survivors (6144K)
 Metaspace       used 16285K, committed 16576K, reserved 1114112K
  class space    used 1877K, committed 1984K, reserved 1048576K
}
Event: 29.469 GC heap after
{Heap after GC invocations=4 (full 0):
 garbage-first heap   total 98304K, used 14761K [0x00000000a0e00000, 0x0000000100000000)
  region size 1024K, 6 young (6144K), 6 survivors (6144K)
 Metaspace       used 16285K, committed 16576K, reserved 1114112K
  class space    used 1877K, committed 1984K, reserved 1048576K
}

Dll operation events (8 events):
Event: 0.049 Loaded shared library C:\Users\palak\Downloads\java-21-openjdk-21.0.1.0.12-3.win.jdk.x86_64\java-21-openjdk-21.0.1.0.12-3.win.jdk.x86_64\bin\java.dll
Event: 0.247 Loaded shared library C:\Users\palak\Downloads\java-21-openjdk-21.0.1.0.12-3.win.jdk.x86_64\java-21-openjdk-21.0.1.0.12-3.win.jdk.x86_64\bin\jsvml.dll
Event: 0.475 Loaded shared library C:\Users\palak\Downloads\java-21-openjdk-21.0.1.0.12-3.win.jdk.x86_64\java-21-openjdk-21.0.1.0.12-3.win.jdk.x86_64\bin\net.dll
Event: 0.479 Loaded shared library C:\Users\palak\Downloads\java-21-openjdk-21.0.1.0.12-3.win.jdk.x86_64\java-21-openjdk-21.0.1.0.12-3.win.jdk.x86_64\bin\nio.dll
Event: 0.486 Loaded shared library C:\Users\palak\Downloads\java-21-openjdk-21.0.1.0.12-3.win.jdk.x86_64\java-21-openjdk-21.0.1.0.12-3.win.jdk.x86_64\bin\zip.dll
Event: 1.319 Loaded shared library C:\Users\palak\Downloads\apache-maven-3.9.8-bin\lib\jansi-native\Windows\x86_64\jansi.dll
Event: 1.472 Loaded shared library C:\Users\palak\Downloads\java-21-openjdk-21.0.1.0.12-3.win.jdk.x86_64\java-21-openjdk-21.0.1.0.12-3.win.jdk.x86_64\bin\verify.dll
Event: 1.649 Loaded shared library C:\Users\palak\Downloads\java-21-openjdk-21.0.1.0.12-3.win.jdk.x86_64\java-21-openjdk-21.0.1.0.12-3.win.jdk.x86_64\bin\jimage.dll

Deoptimization events (20 events):
Event: 29.374 Thread 0x000001f398db47d0 Uncommon trap: trap_request=0xffffffd6 fr.pc=0x000001f3aaca4f98 relative=0x0000000000000458
Event: 29.374 Thread 0x000001f398db47d0 Uncommon trap: reason=array_check action=maybe_recompile pc=0x000001f3aaca4f98 method=java.util.HashMap.keysToArray([Ljava/lang/Object;)[Ljava/lang/Object; @ 62 c2
Event: 29.374 Thread 0x000001f398db47d0 DEOPT PACKING pc=0x000001f3aaca4f98 sp=0x0000002e121fd080
Event: 29.374 Thread 0x000001f398db47d0 DEOPT UNPACKING pc=0x000001f3aa5546a2 sp=0x0000002e121fd008 mode 2
Event: 29.374 Thread 0x000001f398db47d0 Uncommon trap: trap_request=0xffffffd6 fr.pc=0x000001f3aaca4f98 relative=0x0000000000000458
Event: 29.374 Thread 0x000001f398db47d0 Uncommon trap: reason=array_check action=maybe_recompile pc=0x000001f3aaca4f98 method=java.util.HashMap.keysToArray([Ljava/lang/Object;)[Ljava/lang/Object; @ 62 c2
Event: 29.374 Thread 0x000001f398db47d0 DEOPT PACKING pc=0x000001f3aaca4f98 sp=0x0000002e121fcfc0
Event: 29.374 Thread 0x000001f398db47d0 DEOPT UNPACKING pc=0x000001f3aa5546a2 sp=0x0000002e121fcf48 mode 2
Event: 29.374 Thread 0x000001f398db47d0 Uncommon trap: trap_request=0xffffffd6 fr.pc=0x000001f3aaca4f98 relative=0x0000000000000458
Event: 29.374 Thread 0x000001f398db47d0 Uncommon trap: reason=array_check action=maybe_recompile pc=0x000001f3aaca4f98 method=java.util.HashMap.keysToArray([Ljava/lang/Object;)[Ljava/lang/Object; @ 62 c2
Event: 29.374 Thread 0x000001f398db47d0 DEOPT PACKING pc=0x000001f3aaca4f98 sp=0x0000002e121fcfc0
Event: 29.374 Thread 0x000001f398db47d0 DEOPT UNPACKING pc=0x000001f3aa5546a2 sp=0x0000002e121fcf48 mode 2
Event: 29.374 Thread 0x000001f398db47d0 Uncommon trap: trap_request=0xffffffd6 fr.pc=0x000001f3aaca4f98 relative=0x0000000000000458
Event: 29.374 Thread 0x000001f398db47d0 Uncommon trap: reason=array_check action=maybe_recompile pc=0x000001f3aaca4f98 method=java.util.HashMap.keysToArray([Ljava/lang/Object;)[Ljava/lang/Object; @ 62 c2
Event: 29.374 Thread 0x000001f398db47d0 DEOPT PACKING pc=0x000001f3aaca4f98 sp=0x0000002e121fcfc0
Event: 29.374 Thread 0x000001f398db47d0 DEOPT UNPACKING pc=0x000001f3aa5546a2 sp=0x0000002e121fcf48 mode 2
Event: 29.381 Thread 0x000001f398db47d0 Uncommon trap: trap_request=0xffffff76 fr.pc=0x000001f3aab12bcc relative=0x00000000000002ec
Event: 29.381 Thread 0x000001f398db47d0 Uncommon trap: reason=predicate action=maybe_recompile pc=0x000001f3aab12bcc method=java.nio.charset.CharsetDecoder.decode(Ljava/nio/ByteBuffer;Ljava/nio/CharBuffer;Z)Ljava/nio/charset/CoderResult; @ 54 c2
Event: 29.381 Thread 0x000001f398db47d0 DEOPT PACKING pc=0x000001f3aab12bcc sp=0x0000002e121fccb0
Event: 29.381 Thread 0x000001f398db47d0 DEOPT UNPACKING pc=0x000001f3aa5546a2 sp=0x0000002e121fcc40 mode 2

Classes loaded (20 events):
Event: 20.111 Loading class java/util/spi/ResourceBundleProvider
Event: 20.111 Loading class java/util/spi/ResourceBundleProvider done
Event: 20.111 Loading class sun/util/resources/LocaleData$LocaleDataResourceBundleProvider done
Event: 20.111 Loading class sun/util/resources/LocaleData$CommonResourceBundleProvider done
Event: 20.111 Loading class sun/util/resources/Bundles$2
Event: 20.111 Loading class sun/util/resources/Bundles$2 done
Event: 20.277 Loading class java/util/StringTokenizer
Event: 20.277 Loading class java/util/StringTokenizer done
Event: 25.402 Loading class java/util/stream/MatchOps$MatchKind
Event: 25.403 Loading class java/util/stream/MatchOps$MatchKind done
Event: 25.403 Loading class java/util/stream/MatchOps
Event: 25.404 Loading class java/util/stream/MatchOps done
Event: 25.404 Loading class java/util/stream/MatchOps$MatchOp
Event: 25.404 Loading class java/util/stream/MatchOps$MatchOp done
Event: 25.404 Loading class java/util/stream/MatchOps$BooleanTerminalSink
Event: 25.404 Loading class java/util/stream/MatchOps$BooleanTerminalSink done
Event: 25.405 Loading class java/util/stream/MatchOps$1MatchSink
Event: 25.407 Loading class java/util/stream/MatchOps$1MatchSink done
Event: 29.380 Loading class sun/nio/cs/ISO_8859_1$Decoder
Event: 29.380 Loading class sun/nio/cs/ISO_8859_1$Decoder done

Classes unloaded (0 events):
No events

Classes redefined (0 events):
No events

Internal exceptions (20 events):
Event: 15.714 Thread 0x000001f398db47d0 Exception <a 'java/lang/NoSuchMethodError'{0x00000000a52811a0}: 'void java.lang.invoke.DirectMethodHandle$Holder.invokeStaticInit(java.lang.Object, java.lang.Object, java.lang.Object)'> (0x00000000a52811a0) 
thrown [s\src\hotspot\share\interpreter\linkResolver.cpp, line 773]
Event: 15.731 Thread 0x000001f398db47d0 Exception <a 'java/lang/ExceptionInInitializerError'{0x00000000a52a9e40}> (0x00000000a52a9e40) 
thrown [s\src\hotspot\share\oops\instanceKlass.cpp, line 1180]
Event: 15.895 Thread 0x000001f398db47d0 Exception <a 'java/lang/NoSuchMethodError'{0x00000000a51b75d0}: 'long java.lang.invoke.DirectMethodHandle$Holder.invokeStatic(java.lang.Object, java.lang.Object, int)'> (0x00000000a51b75d0) 
thrown [s\src\hotspot\share\interpreter\linkResolver.cpp, line 773]
Event: 15.903 Thread 0x000001f398db47d0 Exception <a 'java/lang/NoSuchMethodError'{0x00000000a51ca668}: 'java.lang.Object java.lang.invoke.DirectMethodHandle$Holder.invokeStatic(java.lang.Object, java.lang.Object, java.lang.Object, java.lang.Object, int)'> (0x00000000a51ca668) 
thrown [s\src\hotspot\share\interpreter\linkResolver.cpp, line 773]
Event: 15.914 Thread 0x000001f398db47d0 Exception <a 'java/lang/NoSuchMethodError'{0x00000000a51d2580}: 'java.lang.Object java.lang.invoke.DirectMethodHandle$Holder.invokeSpecial(java.lang.Object, java.lang.Object, java.lang.Object, java.lang.Object, long)'> (0x00000000a51d2580) 
thrown [s\src\hotspot\share\interpreter\linkResolver.cpp, line 773]
Event: 15.930 Thread 0x000001f398db47d0 Exception <a 'java/lang/NoSuchMethodError'{0x00000000a51de070}: 'java.lang.Object java.lang.invoke.DirectMethodHandle$Holder.invokeSpecial(java.lang.Object, java.lang.Object, java.lang.Object, int, java.lang.Object)'> (0x00000000a51de070) 
thrown [s\src\hotspot\share\interpreter\linkResolver.cpp, line 773]
Event: 15.933 Thread 0x000001f398db47d0 Exception <a 'java/lang/NoSuchMethodError'{0x00000000a51e6190}: 'int java.lang.invoke.DirectMethodHandle$Holder.invokeSpecial(java.lang.Object, java.lang.Object, java.lang.Object, int)'> (0x00000000a51e6190) 
thrown [s\src\hotspot\share\interpreter\linkResolver.cpp, line 773]
Event: 15.949 Thread 0x000001f398db47d0 Implicit null exception at 0x000001f3aab482da to 0x000001f3aab484b4
Event: 15.958 Thread 0x000001f398db47d0 Exception <a 'java/lang/NoSuchMethodError'{0x00000000a500b230}: 'java.lang.Object java.lang.invoke.Invokers$Holder.invokeExact_MT(java.lang.Object, int, java.lang.Object)'> (0x00000000a500b230) 
thrown [s\src\hotspot\share\interpreter\linkResolver.cpp, line 773]
Event: 17.025 Thread 0x000001f398db47d0 Exception <a 'java/lang/NoSuchMethodError'{0x00000000a49ed600}: 'void java.lang.invoke.Invokers$Holder.invokeExact_MT(java.lang.Object, java.lang.Object, java.lang.Object, java.lang.Object)'> (0x00000000a49ed600) 
thrown [s\src\hotspot\share\interpreter\linkResolver.cpp, line 773]
Event: 17.097 Thread 0x000001f398db47d0 Exception <a 'java/lang/NoClassDefFoundError'{0x00000000a4878500}: com/google/inject/servlet/ServletModuleTargetVisitor> (0x00000000a4878500) 
thrown [s\src\hotspot\share\classfile\systemDictionary.cpp, line 301]
Event: 18.111 Thread 0x000001f398db47d0 Exception <a 'java/lang/NoSuchMethodError'{0x00000000a4638df8}: 'void java.lang.invoke.DirectMethodHandle$Holder.invokeVirtual(java.lang.Object, java.lang.Object)'> (0x00000000a4638df8) 
thrown [s\src\hotspot\share\interpreter\linkResolver.cpp, line 773]
Event: 18.563 Thread 0x000001f398db47d0 Exception <a 'java/lang/NoSuchMethodError'{0x00000000a46b81f8}: 'java.lang.Object java.lang.invoke.DirectMethodHandle$Holder.invokeStaticInit(java.lang.Object, int, int, int, int)'> (0x00000000a46b81f8) 
thrown [s\src\hotspot\share\interpreter\linkResolver.cpp, line 773]
Event: 19.565 Thread 0x000001f398db47d0 Implicit null exception at 0x000001f3aaaddc24 to 0x000001f3aaade27c
Event: 19.566 Thread 0x000001f398db47d0 Implicit null exception at 0x000001f3aaacc720 to 0x000001f3aaaccd6c
Event: 19.770 Thread 0x000001f398db47d0 Exception <a 'java/lang/NoSuchMethodError'{0x00000000a41c91e0}: 'void java.lang.invoke.DirectMethodHandle$Holder.invokeSpecial(java.lang.Object, java.lang.Object, java.lang.Object, java.lang.Object, java.lang.Object)'> (0x00000000a41c91e0) 
thrown [s\src\hotspot\share\interpreter\linkResolver.cpp, line 773]
Event: 19.876 Thread 0x000001f398db47d0 Exception <a 'java/lang/NoSuchMethodError'{0x00000000a41df0c0}: 'void java.lang.invoke.DirectMethodHandle$Holder.invokeSpecial(java.lang.Object, java.lang.Object, java.lang.Object, java.lang.Object, java.lang.Object, java.lang.Object)'> (0x00000000a41df0c0) 
thrown [s\src\hotspot\share\interpreter\linkResolver.cpp, line 773]
Event: 20.018 Thread 0x000001f398db47d0 Exception <a 'java/lang/NoSuchMethodError'{0x00000000a40d5668}: 'java.lang.Object java.lang.invoke.DirectMethodHandle$Holder.invokeVirtual(java.lang.Object, java.lang.Object, java.lang.Object)'> (0x00000000a40d5668) 
thrown [s\src\hotspot\share\interpreter\linkResolver.cpp, line 773]
Event: 20.443 Thread 0x000001f398db47d0 Exception <a 'java/lang/NoSuchMethodError'{0x00000000a3ea1208}: 'void java.lang.invoke.DirectMethodHandle$Holder.invokeVirtual(java.lang.Object, java.lang.Object, int)'> (0x00000000a3ea1208) 
thrown [s\src\hotspot\share\interpreter\linkResolver.cpp, line 773]
Event: 20.469 Thread 0x000001f398db47d0 Exception <a 'java/lang/NoSuchMethodError'{0x00000000a3ea81d8}: 'void java.lang.invoke.DelegatingMethodHandle$Holder.reinvoke_L(java.lang.Object, java.lang.Object, int)'> (0x00000000a3ea81d8) 
thrown [s\src\hotspot\share\interpreter\linkResolver.cpp, line 773]

ZGC Phase Switch (0 events):
No events

VM Operations (20 events):
Event: 21.405 Executing VM operation: Cleanup
Event: 21.436 Executing VM operation: Cleanup done
Event: 22.440 Executing VM operation: Cleanup
Event: 22.440 Executing VM operation: Cleanup done
Event: 23.445 Executing VM operation: Cleanup
Event: 23.460 Executing VM operation: Cleanup done
Event: 23.482 Executing VM operation: G1CollectForAllocation (G1 Evacuation Pause)
Event: 23.502 Executing VM operation: G1CollectForAllocation (G1 Evacuation Pause) done
Event: 24.512 Executing VM operation: Cleanup
Event: 24.512 Executing VM operation: Cleanup done
Event: 25.517 Executing VM operation: Cleanup
Event: 25.518 Executing VM operation: Cleanup done
Event: 26.521 Executing VM operation: Cleanup
Event: 26.521 Executing VM operation: Cleanup done
Event: 27.525 Executing VM operation: Cleanup
Event: 27.540 Executing VM operation: Cleanup done
Event: 28.551 Executing VM operation: Cleanup
Event: 28.551 Executing VM operation: Cleanup done
Event: 29.437 Executing VM operation: G1CollectForAllocation (G1 Evacuation Pause)
Event: 29.469 Executing VM operation: G1CollectForAllocation (G1 Evacuation Pause) done

Events (18 events):
Event: 0.156 Thread 0x000001f398db47d0 Thread added: 0x000001f398db47d0
Event: 0.217 Thread 0x000001f3b696ca50 Thread added: 0x000001f3b696ca50
Event: 0.219 Thread 0x000001f3b696e630 Thread added: 0x000001f3b696e630
Event: 0.222 Thread 0x000001f3b6977180 Thread added: 0x000001f3b6977180
Event: 0.228 Thread 0x000001f3b6978070 Thread added: 0x000001f3b6978070
Event: 0.232 Thread 0x000001f3b69797f0 Thread added: 0x000001f3b69797f0
Event: 0.237 Thread 0x000001f3b697b0a0 Thread added: 0x000001f3b697b0a0
Event: 0.243 Thread 0x000001f3b6980180 Thread added: 0x000001f3b6980180
Event: 0.256 Thread 0x000001f3b69d8940 Thread added: 0x000001f3b69d8940
Event: 0.438 Thread 0x000001f3b6bd87c0 Thread added: 0x000001f3b6bd87c0
Event: 0.467 Thread 0x000001f3b6bdc430 Thread added: 0x000001f3b6bdc430
Event: 1.314 Thread 0x000001f3fc021e60 Thread added: 0x000001f3fc021e60
Event: 6.082 Thread 0x000001f3fc021e60 Thread exited: 0x000001f3fc021e60
Event: 10.510 Thread 0x000001f3fc6f4010 Thread added: 0x000001f3fc6f4010
Event: 11.046 Thread 0x000001f3fc6f4010 Thread exited: 0x000001f3fc6f4010
Event: 19.203 Thread 0x000001f3fd41e3f0 Thread added: 0x000001f3fd41e3f0
Event: 26.141 Thread 0x000001f3b6c65510 Thread added: 0x000001f3b6c65510
Event: 26.842 Thread 0x000001f3b6c65510 Thread exited: 0x000001f3b6c65510


Dynamic libraries:
0x00007ff719cf0000 - 0x00007ff719cfe000 	C:\Users\palak\Downloads\java-21-openjdk-21.0.1.0.12-3.win.jdk.x86_64\java-21-openjdk-21.0.1.0.12-3.win.jdk.x86_64\bin\java.exe
0x00007ff99cf00000 - 0x00007ff99d163000 	C:\WINDOWS\SYSTEM32\ntdll.dll
0x00007ff99b730000 - 0x00007ff99b7f7000 	C:\WINDOWS\System32\KERNEL32.DLL
0x00007ff99a5a0000 - 0x00007ff99a969000 	C:\WINDOWS\System32\KERNELBASE.dll
0x00007ff99a240000 - 0x00007ff99a38c000 	C:\WINDOWS\System32\ucrtbase.dll
0x00007ff968190000 - 0x00007ff9681a8000 	C:\Users\palak\Downloads\java-21-openjdk-21.0.1.0.12-3.win.jdk.x86_64\java-21-openjdk-21.0.1.0.12-3.win.jdk.x86_64\bin\jli.dll
0x00007ff99c180000 - 0x00007ff99c34a000 	C:\WINDOWS\System32\USER32.dll
0x00007ff99aa00000 - 0x00007ff99aa27000 	C:\WINDOWS\System32\win32u.dll
0x00007ff99b700000 - 0x00007ff99b72a000 	C:\WINDOWS\System32\GDI32.dll
0x00007ff99a100000 - 0x00007ff99a231000 	C:\WINDOWS\System32\gdi32full.dll
0x00007ff99a4f0000 - 0x00007ff99a593000 	C:\WINDOWS\System32\msvcp_win.dll
0x00007ff966e20000 - 0x00007ff966e3b000 	C:\Users\palak\Downloads\java-21-openjdk-21.0.1.0.12-3.win.jdk.x86_64\java-21-openjdk-21.0.1.0.12-3.win.jdk.x86_64\bin\VCRUNTIME140.dll
0x00007ff97bba0000 - 0x00007ff97be30000 	C:\WINDOWS\WinSxS\amd64_microsoft.windows.common-controls_6595b64144ccf1df_6.0.26100.3323_none_3e088096e3344490\COMCTL32.dll
0x00007ff99cb40000 - 0x00007ff99cbe9000 	C:\WINDOWS\System32\msvcrt.dll
0x00007ff99c670000 - 0x00007ff99c69f000 	C:\WINDOWS\System32\IMM32.DLL
0x00007ff980350000 - 0x00007ff98035c000 	C:\Users\palak\Downloads\java-21-openjdk-21.0.1.0.12-3.win.jdk.x86_64\java-21-openjdk-21.0.1.0.12-3.win.jdk.x86_64\bin\vcruntime140_1.dll
0x00007ff95c410000 - 0x00007ff95c49e000 	C:\Users\palak\Downloads\java-21-openjdk-21.0.1.0.12-3.win.jdk.x86_64\java-21-openjdk-21.0.1.0.12-3.win.jdk.x86_64\bin\msvcp140.dll
0x00007ff8fb920000 - 0x00007ff8fc6a1000 	C:\Users\palak\Downloads\java-21-openjdk-21.0.1.0.12-3.win.jdk.x86_64\java-21-openjdk-21.0.1.0.12-3.win.jdk.x86_64\bin\server\jvm.dll
0x00007ff99ce00000 - 0x00007ff99ceb2000 	C:\WINDOWS\System32\ADVAPI32.dll
0x00007ff99c080000 - 0x00007ff99c126000 	C:\WINDOWS\System32\sechost.dll
0x00007ff99cce0000 - 0x00007ff99cdf6000 	C:\WINDOWS\System32\RPCRT4.dll
0x00007ff99ae90000 - 0x00007ff99af04000 	C:\WINDOWS\System32\WS2_32.dll
0x00007ff999f90000 - 0x00007ff999fde000 	C:\WINDOWS\SYSTEM32\POWRPROF.dll
0x00007ff993630000 - 0x00007ff993666000 	C:\WINDOWS\SYSTEM32\WINMM.dll
0x00007ff993ad0000 - 0x00007ff993adb000 	C:\WINDOWS\SYSTEM32\VERSION.dll
0x00007ff999f70000 - 0x00007ff999f84000 	C:\WINDOWS\SYSTEM32\UMPDC.dll
0x00007ff998f20000 - 0x00007ff998f3a000 	C:\WINDOWS\SYSTEM32\kernel.appcore.dll
0x00007ff97b9c0000 - 0x00007ff97b9ca000 	C:\Users\palak\Downloads\java-21-openjdk-21.0.1.0.12-3.win.jdk.x86_64\java-21-openjdk-21.0.1.0.12-3.win.jdk.x86_64\bin\jimage.dll
0x00007ff98b0a0000 - 0x00007ff98b2e1000 	C:\WINDOWS\SYSTEM32\DBGHELP.DLL
0x00007ff99b0b0000 - 0x00007ff99b432000 	C:\WINDOWS\System32\combase.dll
0x00007ff99c350000 - 0x00007ff99c426000 	C:\WINDOWS\System32\OLEAUT32.dll
0x00007ff97afb0000 - 0x00007ff97afe9000 	C:\WINDOWS\SYSTEM32\dbgcore.DLL
0x00007ff99a390000 - 0x00007ff99a429000 	C:\WINDOWS\System32\bcryptPrimitives.dll
0x00007ff966300000 - 0x00007ff96631f000 	C:\Users\palak\Downloads\java-21-openjdk-21.0.1.0.12-3.win.jdk.x86_64\java-21-openjdk-21.0.1.0.12-3.win.jdk.x86_64\bin\java.dll
0x00007ff99b800000 - 0x00007ff99bf15000 	C:\WINDOWS\System32\SHELL32.dll
0x00007ff99abb0000 - 0x00007ff99ad18000 	C:\WINDOWS\System32\wintypes.dll
0x00007ff997de0000 - 0x00007ff998625000 	C:\WINDOWS\SYSTEM32\windows.storage.dll
0x00007ff99cbf0000 - 0x00007ff99ccdb000 	C:\WINDOWS\System32\SHCORE.dll
0x00007ff99c590000 - 0x00007ff99c5ed000 	C:\WINDOWS\System32\shlwapi.dll
0x00007ff99a010000 - 0x00007ff99a03f000 	C:\WINDOWS\SYSTEM32\profapi.dll
0x00007ff9496a0000 - 0x00007ff949777000 	C:\Users\palak\Downloads\java-21-openjdk-21.0.1.0.12-3.win.jdk.x86_64\java-21-openjdk-21.0.1.0.12-3.win.jdk.x86_64\bin\jsvml.dll
0x00007ff9773d0000 - 0x00007ff9773e0000 	C:\Users\palak\Downloads\java-21-openjdk-21.0.1.0.12-3.win.jdk.x86_64\java-21-openjdk-21.0.1.0.12-3.win.jdk.x86_64\bin\net.dll
0x00007ff98fb60000 - 0x00007ff98fc7e000 	C:\WINDOWS\SYSTEM32\WINHTTP.dll
0x00007ff999440000 - 0x00007ff9994aa000 	C:\WINDOWS\system32\mswsock.dll
0x00007ff964d50000 - 0x00007ff964d66000 	C:\Users\palak\Downloads\java-21-openjdk-21.0.1.0.12-3.win.jdk.x86_64\java-21-openjdk-21.0.1.0.12-3.win.jdk.x86_64\bin\nio.dll
0x00007ff964500000 - 0x00007ff964518000 	C:\Users\palak\Downloads\java-21-openjdk-21.0.1.0.12-3.win.jdk.x86_64\java-21-openjdk-21.0.1.0.12-3.win.jdk.x86_64\bin\zip.dll
0x00007ff9632d0000 - 0x00007ff9632f4000 	C:\Users\palak\Downloads\apache-maven-3.9.8-bin\lib\jansi-native\Windows\x86_64\jansi.dll
0x00007ff972a20000 - 0x00007ff972a30000 	C:\Users\palak\Downloads\java-21-openjdk-21.0.1.0.12-3.win.jdk.x86_64\java-21-openjdk-21.0.1.0.12-3.win.jdk.x86_64\bin\verify.dll

dbghelp: loaded successfully - version: 4.0.5 - missing functions: none
symbol engine: initialized successfully - sym options: 0x614 - pdb path: .;C:\Users\palak\Downloads\java-21-openjdk-21.0.1.0.12-3.win.jdk.x86_64\java-21-openjdk-21.0.1.0.12-3.win.jdk.x86_64\bin;C:\WINDOWS\SYSTEM32;C:\WINDOWS\WinSxS\amd64_microsoft.windows.common-controls_6595b64144ccf1df_6.0.26100.3323_none_3e088096e3344490;C:\Users\palak\Downloads\java-21-openjdk-21.0.1.0.12-3.win.jdk.x86_64\java-21-openjdk-21.0.1.0.12-3.win.jdk.x86_64\bin\server;C:\Users\palak\Downloads\apache-maven-3.9.8-bin\lib\jansi-native\Windows\x86_64

VM Arguments:
jvm_args: -Dclassworlds.conf=C:\Users\palak\Downloads\apache-maven-3.9.8-bin\bin\m2.conf -Dmaven.home=C:\Users\palak\Downloads\apache-maven-3.9.8-bin -Dlibrary.jansi.path=C:\Users\palak\Downloads\apache-maven-3.9.8-bin\lib\jansi-native -Dmaven.multiModuleProjectDirectory=C:\Users\palak\Downloads\demo 
java_command: org.codehaus.plexus.classworlds.launcher.Launcher clean install
java_class_path (initial): C:\Users\palak\Downloads\apache-maven-3.9.8-bin\boot\plexus-classworlds-2.8.0.jar
Launcher Type: SUN_STANDARD

[Global flags]
     intx CICompilerCount                          = 3                                         {product} {ergonomic}
     uint ConcGCThreads                            = 1                                         {product} {ergonomic}
     uint G1ConcRefinementThreads                  = 4                                         {product} {ergonomic}
   size_t G1HeapRegionSize                         = 1048576                                   {product} {ergonomic}
    uintx GCDrainStackTargetSize                   = 64                                        {product} {ergonomic}
   size_t InitialHeapSize                          = 100663296                                 {product} {ergonomic}
   size_t MarkStackSize                            = 4194304                                   {product} {ergonomic}
   size_t MaxHeapSize                              = 1595932672                                {product} {ergonomic}
   size_t MaxNewSize                               = 957349888                                 {product} {ergonomic}
   size_t MinHeapDeltaBytes                        = 1048576                                   {product} {ergonomic}
   size_t MinHeapSize                              = 8388608                                   {product} {ergonomic}
    uintx NonNMethodCodeHeapSize                   = 5832780                                {pd product} {ergonomic}
    uintx NonProfiledCodeHeapSize                  = 122912730                              {pd product} {ergonomic}
    uintx ProfiledCodeHeapSize                     = 122912730                              {pd product} {ergonomic}
    uintx ReservedCodeCacheSize                    = 251658240                              {pd product} {ergonomic}
     bool SegmentedCodeCache                       = true                                      {product} {ergonomic}
   size_t SoftMaxHeapSize                          = 1595932672                             {manageable} {ergonomic}
     bool UseCompressedOops                        = true                           {product lp64_product} {ergonomic}
     bool UseG1GC                                  = true                                      {product} {ergonomic}
     bool UseLargePagesIndividualAllocation        = false                                  {pd product} {ergonomic}

Logging:
Log output configuration:
 #0: stdout all=warning uptime,level,tags foldmultilines=false
 #1: stderr all=off uptime,level,tags foldmultilines=false

Environment Variables:
JAVA_HOME=C:\Users\palak\Downloads\java-21-openjdk-21.0.1.0.12-3.win.jdk.x86_64\java-21-openjdk-21.0.1.0.12-3.win.jdk.x86_64
PATH=C:\Program Files (x86)\Common Files\Oracle\Java\java8path;C:\Program Files (x86)\Common Files\Oracle\Java\javapath;C:\WINDOWS\system32;C:\WINDOWS;C:\WINDOWS\System32\Wbem;C:\WINDOWS\System32\WindowsPowerShell\v1.0\;C:\WINDOWS\System32\OpenSSH\;C:\Users\palak\Downloads\java-21-openjdk-21.0.1.0.12-3.win.jdk.x86_64\java-21-openjdk-21.0.1.0.12-3.win.jdk.x86_64\bin;C:\Users\palak\Downloads\apache-maven-3.9.8-bin\bin;c:\users\palak\appdata\local\packages\pythonsoftwarefoundation.python.3.11_qbz5n2kfra8p0\localcache\local-packages\python311\site-packages;C:\ProgramData\chocolatey\bin;C:\Program Files\nodejs\;C:\Users\palak\AppData\Local\Programs\Python\Python312\Scripts;C:\Program Files\Git\cmd;C:\Users\palak\Downloads\flutter_windows_3.27.3-stable\flutter\bin;C:\Users\palak\AppData\Local\Android\Sdk\cmdline-tools\latest\bin;C:\Users\palak\AppData\Local\Android\Sdk\platform-tools;C:\ffmpeg;C:\Program Files\MongoDB\Server\8.0\bin;C:\Users\palak\AppData\Local\Programs\Python\Python313\Scripts\;C:\Users\palak\AppData\Local\Programs\Python\Python313\;C:\Users\palak\AppData\Local\Programs\Python\Python312\Scripts\;C:\Users\palak\AppData\Local\Programs\Python\Python312\;C:\Users\palak\AppData\Local\Programs\Python\Launcher\;C:\Program Files\MySQL\MySQL Shell 8.0\bin\;C:\Users\palak\AppData\Local\Microsoft\WindowsApps;C:\Users\palak\AppData\Local\Programs\Microsoft VS Code\bin;C:\Program Files\JetBrains\IntelliJ IDEA Community Edition 2023.3.3\bin;C:\Users\palak\AppData\Local\JetBrains\CLion 2023.3.4\bin;C:\Program Files\JetBrains\PyCharm 2024.1.2\bin;C:\Program Files\JetBrains\PyCharm Community Edition 2024.1.4\bin;C:\Users\palak\AppData\Local\JetBrains\Toolbox\scripts;C:\Users\palak\AppData\Roaming\npm;C:\Users\palak\AppData\Local\GitHubDesktop\bin;C:\Users\palak\AppData\Local\Microsoft\WindowsApps;
USERNAME=palak
LANG=en_US.UTF-8
OS=Windows_NT
PROCESSOR_IDENTIFIER=AMD64 Family 23 Model 24 Stepping 1, AuthenticAMD
TMP=C:\Users\palak\AppData\Local\Temp
TEMP=C:\Users\palak\AppData\Local\Temp




Periodic native trim disabled

---------------  S Y S T E M  ---------------

OS:
 Windows 11 , 64 bit Build 26100 (10.0.26100.3323)
OS uptime: 0 days 1:49 hours

CPU: total 4 (initial active 4) (4 cores per cpu, 2 threads per core) family 23 model 24 stepping 1 microcode 0x8108109, cx8, cmov, fxsr, ht, mmx, 3dnowpref, sse, sse2, sse3, ssse3, sse4a, sse4.1, sse4.2, popcnt, lzcnt, tsc, tscinvbit, avx, avx2, aes, clmul, bmi1, bmi2, adx, sha, fma, vzeroupper, clflush, clflushopt, rdtscp, f16c
Processor Information for all 4 processors :
  Max Mhz: 2600, Current Mhz: 2600, Mhz Limit: 2600

Memory: 4k page, system-wide physical 6086M (504M free)
TotalPageFile size 14278M (AvailPageFile size 42M)
current process WorkingSet (physical memory assigned to process): 164M, peak: 164M
current process commit charge ("private bytes"): 218M, peak: 221M

vm_info: OpenJDK 64-Bit Server VM (21.0.1+12-LTS) for windows-amd64 JRE (21.0.1+12-LTS), built on 2023-10-17T00:00:00Z by "admin" with unknown MS VC++:1937

END.
