#
# There is insufficient memory for the Java Runtime Environment to continue.
# Native memory allocation (malloc) failed to allocate 81296 bytes. Error detail: Chunk::new
# Possible reasons:
#   The system is out of physical RAM or swap space
#   This process is running with CompressedOops enabled, and the Java Heap may be blocking the growth of the native heap
# Possible solutions:
#   Reduce memory load on the system
#   Increase physical memory or swap space
#   Check if swap backing store is full
#   Decrease Java heap size (-Xmx/-Xms)
#   Decrease number of Java threads
#   Decrease Java thread stack sizes (-Xss)
#   Set larger code cache with -XX:ReservedCodeCacheSize=
#   JVM is running with Unscaled Compressed Oops mode in which the Java heap is
#     placed in the first 4GB address space. The Java Heap base address is the
#     maximum limit for the native heap growth. Please use -XX:HeapBaseMinAddress
#     to set the Java Heap base and to place the Java Heap above 4GB virtual address.
# This output file may be truncated or incomplete.
#
#  Out of Memory Error (arena.cpp:168), pid=20168, tid=10184
#
# JRE version: OpenJDK Runtime Environment Temurin-21.0.6+7 (21.0.6+7) (build 21.0.6+7-LTS)
# Java VM: OpenJDK 64-Bit Server VM Temurin-21.0.6+7 (21.0.6+7-LTS, mixed mode, sharing, tiered, compressed oops, compressed class ptrs, parallel gc, windows-amd64)
# No core dump will be written. Minidumps are not enabled by default on client versions of Windows
#

---------------  S U M M A R Y ------------

Command Line: --add-modules=ALL-SYSTEM --add-opens=java.base/java.util=ALL-UNNAMED --add-opens=java.base/java.lang=ALL-UNNAMED --add-opens=java.base/sun.nio.fs=ALL-UNNAMED -Declipse.application=org.eclipse.jdt.ls.core.id1 -Dosgi.bundles.defaultStartLevel=4 -Declipse.product=org.eclipse.jdt.ls.core.product -Djava.import.generatesMetadataFilesAtProjectRoot=false -DDetectVMInstallationsJob.disabled=true -Dfile.encoding=utf8 -XX:+UseParallelGC -XX:GCTimeRatio=4 -XX:AdaptiveSizePolicyWeight=90 -Dsun.zip.disableMemoryMapping=true -Xmx1G -Xms100m -Xlog:disable -javaagent:c:\Users\palak\.vscode\extensions\redhat.java-1.40.0-win32-x64\lombok\lombok-1.18.36.jar -XX:+HeapDumpOnOutOfMemoryError -XX:HeapDumpPath=c:\Users\palak\AppData\Roaming\Code\User\workspaceStorage\632f04cdbe9e26a6a5769c745b0508de\redhat.java -Daether.dependencyCollector.impl=bf c:\Users\palak\.vscode\extensions\redhat.java-1.40.0-win32-x64\server\plugins\org.eclipse.equinox.launcher_1.6.1000.v20250131-0606.jar -configuration c:\Users\palak\AppData\Roaming\Code\User\globalStorage\redhat.java\1.40.0\config_win -data c:\Users\palak\AppData\Roaming\Code\User\workspaceStorage\632f04cdbe9e26a6a5769c745b0508de\redhat.java\jdt_ws --pipe=\\.\pipe\lsp-bbac9ae843f5a8d9e14a00d9d8ce3565-sock

Host: AMD Ryzen 3 3250U with Radeon Graphics         , 4 cores, 5G,  Windows 11 , 64 bit Build 26100 (10.0.26100.3323)
Time: Mon Mar 17 19:14:35 2025 India Standard Time elapsed time: 126.722566 seconds (0d 0h 2m 6s)

---------------  T H R E A D  ---------------

Current thread (0x00000233c96050a0):  JavaThread "C2 CompilerThread0" daemon [_thread_in_native, id=10184, stack(0x0000007d2d200000,0x0000007d2d300000) (1024K)]


Current CompileTask:
C2:126723 7509   !   4       org.eclipse.core.internal.preferences.EclipsePreferences::internalGet (62 bytes)

Stack: [0x0000007d2d200000,0x0000007d2d300000]
Native frames: (J=compiled Java code, j=interpreted, Vv=VM code, C=native code)
V  [jvm.dll+0x6cdee9]
V  [jvm.dll+0x8a83d1]
V  [jvm.dll+0x8aa8fe]
V  [jvm.dll+0x8aafe3]
V  [jvm.dll+0x27f706]
V  [jvm.dll+0xc500d]
V  [jvm.dll+0xc5543]
V  [jvm.dll+0x2f2acd]
V  [jvm.dll+0x5f6a2a]
V  [jvm.dll+0x250bb2]
V  [jvm.dll+0x24965f]
V  [jvm.dll+0x246ec4]
V  [jvm.dll+0x1c75ee]
V  [jvm.dll+0x25685a]
V  [jvm.dll+0x254dfa]
V  [jvm.dll+0x3f0256]
V  [jvm.dll+0x851f8b]
V  [jvm.dll+0x6cc5ed]
C  [ucrtbase.dll+0x37b0]
C  [KERNEL32.DLL+0x2e8d7]
C  [ntdll.dll+0xbbf6c]


---------------  P R O C E S S  ---------------

Threads class SMR info:
_java_thread_list=0x000002341234ab70, length=34, elements={
0x00000233b4b30600, 0x00000233b4bed200, 0x00000233c95f0ad0, 0x00000233c95f42a0,
0x00000233c95f4ef0, 0x00000233c95f71d0, 0x00000233c95fe7c0, 0x00000233c96050a0,
0x00000233c966f7f0, 0x00000233b4b9eb40, 0x000002340b6cbef0, 0x00000233c9649bd0,
0x0000023410840380, 0x0000023410421f80, 0x000002340b728110, 0x00000234102f6260,
0x00000234106bd290, 0x000002340b7584f0, 0x000002340b758b80, 0x000002340b756ab0,
0x000002340b756420, 0x000002340b7577d0, 0x000002340b757e60, 0x000002340b759210,
0x000002340b7598a0, 0x0000023412e4f510, 0x0000023412e4ee80, 0x0000023412e4fba0,
0x0000023412e50230, 0x0000023412e4dad0, 0x0000023412e508c0, 0x0000023412e4d440,
0x0000023412e50f50, 0x0000023412e515e0
}

Java Threads: ( => current thread )
  0x00000233b4b30600 JavaThread "main"                              [_thread_blocked, id=9036, stack(0x0000007d2c800000,0x0000007d2c900000) (1024K)]
  0x00000233b4bed200 JavaThread "Reference Handler"          daemon [_thread_blocked, id=17852, stack(0x0000007d2cc00000,0x0000007d2cd00000) (1024K)]
  0x00000233c95f0ad0 JavaThread "Finalizer"                  daemon [_thread_blocked, id=6064, stack(0x0000007d2cd00000,0x0000007d2ce00000) (1024K)]
  0x00000233c95f42a0 JavaThread "Signal Dispatcher"          daemon [_thread_blocked, id=20404, stack(0x0000007d2ce00000,0x0000007d2cf00000) (1024K)]
  0x00000233c95f4ef0 JavaThread "Attach Listener"            daemon [_thread_blocked, id=17544, stack(0x0000007d2cf00000,0x0000007d2d000000) (1024K)]
  0x00000233c95f71d0 JavaThread "Service Thread"             daemon [_thread_blocked, id=19140, stack(0x0000007d2d000000,0x0000007d2d100000) (1024K)]
  0x00000233c95fe7c0 JavaThread "Monitor Deflation Thread"   daemon [_thread_blocked, id=19376, stack(0x0000007d2d100000,0x0000007d2d200000) (1024K)]
=>0x00000233c96050a0 JavaThread "C2 CompilerThread0"         daemon [_thread_in_native, id=10184, stack(0x0000007d2d200000,0x0000007d2d300000) (1024K)]
  0x00000233c966f7f0 JavaThread "C1 CompilerThread0"         daemon [_thread_blocked, id=11380, stack(0x0000007d2d300000,0x0000007d2d400000) (1024K)]
  0x00000233b4b9eb40 JavaThread "Common-Cleaner"             daemon [_thread_blocked, id=20432, stack(0x0000007d2d400000,0x0000007d2d500000) (1024K)]
  0x000002340b6cbef0 JavaThread "Notification Thread"        daemon [_thread_blocked, id=12920, stack(0x0000007d2d500000,0x0000007d2d600000) (1024K)]
  0x00000233c9649bd0 JavaThread "Active Thread: Equinox Container: f855b06f-0c94-4497-8481-727335cad170"        [_thread_blocked, id=7884, stack(0x0000007d2d900000,0x0000007d2da00000) (1024K)]
  0x0000023410840380 JavaThread "Refresh Thread: Equinox Container: f855b06f-0c94-4497-8481-727335cad170" daemon [_thread_blocked, id=6752, stack(0x0000007d2da00000,0x0000007d2db00000) (1024K)]
  0x0000023410421f80 JavaThread "Framework Event Dispatcher: Equinox Container: f855b06f-0c94-4497-8481-727335cad170" daemon [_thread_blocked, id=5288, stack(0x0000007d2db00000,0x0000007d2dc00000) (1024K)]
  0x000002340b728110 JavaThread "Start Level: Equinox Container: f855b06f-0c94-4497-8481-727335cad170" daemon [_thread_blocked, id=1296, stack(0x0000007d2dc00000,0x0000007d2dd00000) (1024K)]
  0x00000234102f6260 JavaThread "Bundle File Closer"         daemon [_thread_blocked, id=17648, stack(0x0000007d2dd00000,0x0000007d2de00000) (1024K)]
  0x00000234106bd290 JavaThread "SCR Component Actor"        daemon [_thread_blocked, id=18648, stack(0x0000007d2de00000,0x0000007d2df00000) (1024K)]
  0x000002340b7584f0 JavaThread "Worker-JM"                         [_thread_blocked, id=20616, stack(0x0000007d2e000000,0x0000007d2e100000) (1024K)]
  0x000002340b758b80 JavaThread "Worker-0"                          [_thread_blocked, id=14284, stack(0x0000007d2df00000,0x0000007d2e000000) (1024K)]
  0x000002340b756ab0 JavaThread "Worker-1"                          [_thread_blocked, id=16684, stack(0x0000007d2e100000,0x0000007d2e200000) (1024K)]
  0x000002340b756420 JavaThread "Worker-2"                          [_thread_blocked, id=19460, stack(0x0000007d2c700000,0x0000007d2c800000) (1024K)]
  0x000002340b7577d0 JavaThread "Worker-3"                          [_thread_blocked, id=18372, stack(0x0000007d2e300000,0x0000007d2e400000) (1024K)]
  0x000002340b757e60 JavaThread "Java indexing"              daemon [_thread_blocked, id=4708, stack(0x0000007d2e200000,0x0000007d2e300000) (1024K)]
  0x000002340b759210 JavaThread "JNA Cleaner"                daemon [_thread_blocked, id=14160, stack(0x0000007d2e500000,0x0000007d2e600000) (1024K)]
  0x000002340b7598a0 JavaThread "Worker-4: Initialize Workspace"        [_thread_in_Java, id=16808, stack(0x0000007d2e800000,0x0000007d2e900000) (1024K)]
  0x0000023412e4f510 JavaThread "Worker-5"                          [_thread_blocked, id=13584, stack(0x0000007d2e900000,0x0000007d2ea00000) (1024K)]
  0x0000023412e4ee80 JavaThread "Thread-5"                   daemon [_thread_in_native, id=20080, stack(0x0000007d2eb00000,0x0000007d2ec00000) (1024K)]
  0x0000023412e4fba0 JavaThread "Thread-6"                   daemon [_thread_in_native, id=19284, stack(0x0000007d2ec00000,0x0000007d2ed00000) (1024K)]
  0x0000023412e50230 JavaThread "Thread-7"                   daemon [_thread_in_native, id=17480, stack(0x0000007d2ed00000,0x0000007d2ee00000) (1024K)]
  0x0000023412e4dad0 JavaThread "Thread-8"                   daemon [_thread_in_native, id=3944, stack(0x0000007d2ee00000,0x0000007d2ef00000) (1024K)]
  0x0000023412e508c0 JavaThread "Thread-9"                   daemon [_thread_in_native, id=1232, stack(0x0000007d2ef00000,0x0000007d2f000000) (1024K)]
  0x0000023412e4d440 JavaThread "pool-2-thread-1"                   [_thread_blocked, id=3232, stack(0x0000007d2f100000,0x0000007d2f200000) (1024K)]
  0x0000023412e50f50 JavaThread "WorkspaceEventsHandler"            [_thread_blocked, id=9752, stack(0x0000007d2f200000,0x0000007d2f300000) (1024K)]
  0x0000023412e515e0 JavaThread "pool-1-thread-1"                   [_thread_blocked, id=8484, stack(0x0000007d2f300000,0x0000007d2f400000) (1024K)]
Total: 34

Other Threads:
  0x00000233c95efaa0 VMThread "VM Thread"                           [id=7088, stack(0x0000007d2cb00000,0x0000007d2cc00000) (1024K)]
  0x00000233c958c6e0 WatcherThread "VM Periodic Task Thread"        [id=6928, stack(0x0000007d2ca00000,0x0000007d2cb00000) (1024K)]
  0x00000233b4b4e9a0 WorkerThread "GC Thread#0"                     [id=16740, stack(0x0000007d2c900000,0x0000007d2ca00000) (1024K)]
  0x00000234102b3b30 WorkerThread "GC Thread#1"                     [id=8536, stack(0x0000007d2d600000,0x0000007d2d700000) (1024K)]
  0x00000234101ccea0 WorkerThread "GC Thread#2"                     [id=20412, stack(0x0000007d2d700000,0x0000007d2d800000) (1024K)]
  0x00000234101cd240 WorkerThread "GC Thread#3"                     [id=10204, stack(0x0000007d2d800000,0x0000007d2d900000) (1024K)]
Total: 6

Threads with active compile tasks:
C2 CompilerThread0  126812 7509   !   4       org.eclipse.core.internal.preferences.EclipsePreferences::internalGet (62 bytes)
Total: 1

VM state: not at safepoint (normal execution)

VM Mutex/Monitor currently owned by a thread: None

Heap address: 0x00000000c0000000, size: 1024 MB, Compressed Oops mode: 32-bit

CDS archive(s) mapped at: [0x00000233ca000000-0x00000233caba0000-0x00000233caba0000), size 12189696, SharedBaseAddress: 0x00000233ca000000, ArchiveRelocationMode: 1.
Compressed class space mapped at: 0x00000233cb000000-0x000002340b000000, reserved size: 1073741824
Narrow klass base: 0x00000233ca000000, Narrow klass shift: 0, Narrow klass range: 0x100000000

GC Precious Log:
 CardTable entry size: 512
 CPUs: 4 total, 4 available
 Memory: 6086M
 Large Page Support: Disabled
 NUMA Support: Disabled
 Compressed Oops: Enabled (32-bit)
 Alignments: Space 512K, Generation 512K, Heap 2M
 Heap Min Capacity: 100M
 Heap Initial Capacity: 100M
 Heap Max Capacity: 1G
 Pre-touch: Disabled
 Parallel Workers: 4

Heap:
 PSYoungGen      total 23040K, used 14151K [0x00000000eab00000, 0x00000000ec580000, 0x0000000100000000)
  eden space 22016K, 61% used [0x00000000eab00000,0x00000000eb821e48,0x00000000ec080000)
  from space 1024K, 68% used [0x00000000ec300000,0x00000000ec3b0000,0x00000000ec400000)
  to   space 1536K, 0% used [0x00000000ec400000,0x00000000ec400000,0x00000000ec580000)
 ParOldGen       total 68608K, used 26853K [0x00000000c0000000, 0x00000000c4300000, 0x00000000eab00000)
  object space 68608K, 39% used [0x00000000c0000000,0x00000000c1a39768,0x00000000c4300000)
 Metaspace       used 51434K, committed 52544K, reserved 1114112K
  class space    used 5506K, committed 5952K, reserved 1048576K

Card table byte_map: [0x00000233c6f40000,0x00000233c7150000] _byte_map_base: 0x00000233c6940000

Marking Bits: (ParMarkBitMap*) 0x00007ffe5aff3260
 Begin Bits: [0x00000233c72b0000, 0x00000233c82b0000)
 End Bits:   [0x00000233c82b0000, 0x00000233c92b0000)

Polling page: 0x00000233b3020000

Metaspace:

Usage:
  Non-class:     44.85 MB used.
      Class:      5.38 MB used.
       Both:     50.23 MB used.

Virtual space:
  Non-class space:       64.00 MB reserved,      45.50 MB ( 71%) committed,  1 nodes.
      Class space:        1.00 GB reserved,       5.81 MB ( <1%) committed,  1 nodes.
             Both:        1.06 GB reserved,      51.31 MB (  5%) committed. 

Chunk freelists:
   Non-Class:  1.55 MB
       Class:  10.14 MB
        Both:  11.69 MB

MaxMetaspaceSize: unlimited
CompressedClassSpaceSize: 1.00 GB
Initial GC threshold: 21.00 MB
Current GC threshold: 58.38 MB
CDS: on
 - commit_granule_bytes: 65536.
 - commit_granule_words: 8192.
 - virtual_space_node_default_size: 8388608.
 - enlarge_chunks_in_place: 1.
 - use_allocation_guard: 0.


Internal statistics:

num_allocs_failed_limit: 6.
num_arena_births: 784.
num_arena_deaths: 18.
num_vsnodes_births: 2.
num_vsnodes_deaths: 0.
num_space_committed: 821.
num_space_uncommitted: 0.
num_chunks_returned_to_freelist: 24.
num_chunks_taken_from_freelist: 2883.
num_chunk_merges: 12.
num_chunk_splits: 1794.
num_chunks_enlarged: 1063.
num_inconsistent_stats: 0.

CodeHeap 'non-profiled nmethods': size=120000Kb used=4021Kb max_used=4021Kb free=115978Kb
 bounds [0x00000233bf830000, 0x00000233bfc20000, 0x00000233c6d60000]
CodeHeap 'profiled nmethods': size=120000Kb used=14480Kb max_used=14480Kb free=105519Kb
 bounds [0x00000233b7d60000, 0x00000233b8b90000, 0x00000233bf290000]
CodeHeap 'non-nmethods': size=5760Kb used=1402Kb max_used=1451Kb free=4357Kb
 bounds [0x00000233bf290000, 0x00000233bf500000, 0x00000233bf830000]
 total_blobs=7566 nmethods=6862 adapters=610
 compilation: enabled
              stopped_count=0, restarted_count=0
 full_count=0

Compilation events (20 events):
Event: 126.608 Thread 0x00000233c966f7f0 nmethod 7502 0x00000233b8b7f010 code [0x00000233b8b7f200, 0x00000233b8b7f6a0]
Event: 126.608 Thread 0x00000233c966f7f0 7503       3       java.util.concurrent.atomic.AtomicReferenceFieldUpdater$AtomicReferenceFieldUpdaterImpl::accessCheck (17 bytes)
Event: 126.608 Thread 0x00000233c966f7f0 nmethod 7503 0x00000233b8b7f890 code [0x00000233b8b7fa40, 0x00000233b8b7fbf8]
Event: 126.633 Thread 0x00000233c966f7f0 7504       3       org.eclipse.sisu.inject.Implementations$ClassFinder::visit (6 bytes)
Event: 126.633 Thread 0x00000233c96050a0 7505       4       java.util.concurrent.atomic.AtomicReferenceArray::length (6 bytes)
Event: 126.634 Thread 0x00000233c966f7f0 nmethod 7504 0x00000233b8b7fd10 code [0x00000233b8b7fec0, 0x00000233b8b80148]
Event: 126.634 Thread 0x00000233c96050a0 nmethod 7505 0x00000233bfc1c210 code [0x00000233bfc1c3a0, 0x00000233bfc1c440]
Event: 126.634 Thread 0x00000233c96050a0 7506       4       java.lang.Class::getAnnotation (22 bytes)
Event: 126.647 Thread 0x00000233c96050a0 nmethod 7506 0x00000233bfc1c510 code [0x00000233bfc1c700, 0x00000233bfc1cb70]
Event: 126.654 Thread 0x00000233c966f7f0 7507   !   3       com.google.inject.internal.InjectorImpl::getBinding (54 bytes)
Event: 126.655 Thread 0x00000233c966f7f0 nmethod 7507 0x00000233b8b80290 code [0x00000233b8b80540, 0x00000233b8b810b8]
Event: 126.680 Thread 0x00000233c966f7f0 7508       3       org.codehaus.plexus.classworlds.realm.Entry::compareTo (9 bytes)
Event: 126.681 Thread 0x00000233c966f7f0 nmethod 7508 0x00000233b8b81710 code [0x00000233b8b818e0, 0x00000233b8b81be0]
Event: 126.688 Thread 0x00000233c96050a0 7509   !   4       org.eclipse.core.internal.preferences.EclipsePreferences::internalGet (62 bytes)
Event: 126.697 Thread 0x00000233c966f7f0 7510       1       java.util.TreeMap$Entry::getValue (5 bytes)
Event: 126.697 Thread 0x00000233c966f7f0 nmethod 7510 0x00000233bfc1cf90 code [0x00000233bfc1d120, 0x00000233bfc1d1e8]
Event: 126.697 Thread 0x00000233c966f7f0 7511       1       java.util.TreeMap$Entry::getKey (5 bytes)
Event: 126.697 Thread 0x00000233c966f7f0 nmethod 7511 0x00000233bfc1d290 code [0x00000233bfc1d420, 0x00000233bfc1d4e8]
Event: 126.703 Thread 0x00000233c966f7f0 7512       3       com.google.inject.spi.Dependency::get (15 bytes)
Event: 126.705 Thread 0x00000233c966f7f0 nmethod 7512 0x00000233b8b81d10 code [0x00000233b8b81f60, 0x00000233b8b82968]

GC Heap History (20 events):
Event: 82.973 GC heap before
{Heap before GC invocations=12 (full 1):
 PSYoungGen      total 24576K, used 24430K [0x00000000eab00000, 0x00000000ec880000, 0x0000000100000000)
  eden space 23552K, 100% used [0x00000000eab00000,0x00000000ec200000,0x00000000ec200000)
  from space 1024K, 85% used [0x00000000ec780000,0x00000000ec85b890,0x00000000ec880000)
  to   space 1024K, 0% used [0x00000000ec680000,0x00000000ec680000,0x00000000ec780000)
 ParOldGen       total 68608K, used 15106K [0x00000000c0000000, 0x00000000c4300000, 0x00000000eab00000)
  object space 68608K, 22% used [0x00000000c0000000,0x00000000c0ec0948,0x00000000c4300000)
 Metaspace       used 29547K, committed 30464K, reserved 1114112K
  class space    used 2914K, committed 3328K, reserved 1048576K
}
Event: 82.975 GC heap after
{Heap after GC invocations=12 (full 1):
 PSYoungGen      total 24064K, used 878K [0x00000000eab00000, 0x00000000ec800000, 0x0000000100000000)
  eden space 23040K, 0% used [0x00000000eab00000,0x00000000eab00000,0x00000000ec180000)
  from space 1024K, 85% used [0x00000000ec680000,0x00000000ec75b830,0x00000000ec780000)
  to   space 512K, 0% used [0x00000000ec780000,0x00000000ec780000,0x00000000ec800000)
 ParOldGen       total 68608K, used 15842K [0x00000000c0000000, 0x00000000c4300000, 0x00000000eab00000)
  object space 68608K, 23% used [0x00000000c0000000,0x00000000c0f78a98,0x00000000c4300000)
 Metaspace       used 29547K, committed 30464K, reserved 1114112K
  class space    used 2914K, committed 3328K, reserved 1048576K
}
Event: 85.017 GC heap before
{Heap before GC invocations=13 (full 1):
 PSYoungGen      total 24064K, used 23918K [0x00000000eab00000, 0x00000000ec800000, 0x0000000100000000)
  eden space 23040K, 100% used [0x00000000eab00000,0x00000000ec180000,0x00000000ec180000)
  from space 1024K, 85% used [0x00000000ec680000,0x00000000ec75b830,0x00000000ec780000)
  to   space 512K, 0% used [0x00000000ec780000,0x00000000ec780000,0x00000000ec800000)
 ParOldGen       total 68608K, used 15842K [0x00000000c0000000, 0x00000000c4300000, 0x00000000eab00000)
  object space 68608K, 23% used [0x00000000c0000000,0x00000000c0f78a98,0x00000000c4300000)
 Metaspace       used 31882K, committed 32832K, reserved 1114112K
  class space    used 3196K, committed 3584K, reserved 1048576K
}
Event: 85.021 GC heap after
{Heap after GC invocations=13 (full 1):
 PSYoungGen      total 23040K, used 512K [0x00000000eab00000, 0x00000000ec800000, 0x0000000100000000)
  eden space 22528K, 0% used [0x00000000eab00000,0x00000000eab00000,0x00000000ec100000)
  from space 512K, 100% used [0x00000000ec780000,0x00000000ec800000,0x00000000ec800000)
  to   space 1536K, 0% used [0x00000000ec500000,0x00000000ec500000,0x00000000ec680000)
 ParOldGen       total 68608K, used 16769K [0x00000000c0000000, 0x00000000c4300000, 0x00000000eab00000)
  object space 68608K, 24% used [0x00000000c0000000,0x00000000c10604a0,0x00000000c4300000)
 Metaspace       used 31882K, committed 32832K, reserved 1114112K
  class space    used 3196K, committed 3584K, reserved 1048576K
}
Event: 89.242 GC heap before
{Heap before GC invocations=14 (full 1):
 PSYoungGen      total 23040K, used 21022K [0x00000000eab00000, 0x00000000ec800000, 0x0000000100000000)
  eden space 22528K, 91% used [0x00000000eab00000,0x00000000ebf07938,0x00000000ec100000)
  from space 512K, 100% used [0x00000000ec780000,0x00000000ec800000,0x00000000ec800000)
  to   space 1536K, 0% used [0x00000000ec500000,0x00000000ec500000,0x00000000ec680000)
 ParOldGen       total 68608K, used 16769K [0x00000000c0000000, 0x00000000c4300000, 0x00000000eab00000)
  object space 68608K, 24% used [0x00000000c0000000,0x00000000c10604a0,0x00000000c4300000)
 Metaspace       used 34982K, committed 35840K, reserved 1114112K
  class space    used 3541K, committed 3904K, reserved 1048576K
}
Event: 89.245 GC heap after
{Heap after GC invocations=14 (full 1):
 PSYoungGen      total 24064K, used 1162K [0x00000000eab00000, 0x00000000ec800000, 0x0000000100000000)
  eden space 22528K, 0% used [0x00000000eab00000,0x00000000eab00000,0x00000000ec100000)
  from space 1536K, 75% used [0x00000000ec500000,0x00000000ec6228e0,0x00000000ec680000)
  to   space 1536K, 0% used [0x00000000ec680000,0x00000000ec680000,0x00000000ec800000)
 ParOldGen       total 68608K, used 17213K [0x00000000c0000000, 0x00000000c4300000, 0x00000000eab00000)
  object space 68608K, 25% used [0x00000000c0000000,0x00000000c10cf4b0,0x00000000c4300000)
 Metaspace       used 34982K, committed 35840K, reserved 1114112K
  class space    used 3541K, committed 3904K, reserved 1048576K
}
Event: 89.245 GC heap before
{Heap before GC invocations=15 (full 2):
 PSYoungGen      total 24064K, used 1162K [0x00000000eab00000, 0x00000000ec800000, 0x0000000100000000)
  eden space 22528K, 0% used [0x00000000eab00000,0x00000000eab00000,0x00000000ec100000)
  from space 1536K, 75% used [0x00000000ec500000,0x00000000ec6228e0,0x00000000ec680000)
  to   space 1536K, 0% used [0x00000000ec680000,0x00000000ec680000,0x00000000ec800000)
 ParOldGen       total 68608K, used 17213K [0x00000000c0000000, 0x00000000c4300000, 0x00000000eab00000)
  object space 68608K, 25% used [0x00000000c0000000,0x00000000c10cf4b0,0x00000000c4300000)
 Metaspace       used 34982K, committed 35840K, reserved 1114112K
  class space    used 3541K, committed 3904K, reserved 1048576K
}
Event: 89.309 GC heap after
{Heap after GC invocations=15 (full 2):
 PSYoungGen      total 24064K, used 0K [0x00000000eab00000, 0x00000000ec800000, 0x0000000100000000)
  eden space 22528K, 0% used [0x00000000eab00000,0x00000000eab00000,0x00000000ec100000)
  from space 1536K, 0% used [0x00000000ec500000,0x00000000ec500000,0x00000000ec680000)
  to   space 1536K, 0% used [0x00000000ec680000,0x00000000ec680000,0x00000000ec800000)
 ParOldGen       total 68608K, used 17711K [0x00000000c0000000, 0x00000000c4300000, 0x00000000eab00000)
  object space 68608K, 25% used [0x00000000c0000000,0x00000000c114bef0,0x00000000c4300000)
 Metaspace       used 34979K, committed 35840K, reserved 1114112K
  class space    used 3540K, committed 3904K, reserved 1048576K
}
Event: 92.063 GC heap before
{Heap before GC invocations=16 (full 2):
 PSYoungGen      total 24064K, used 22528K [0x00000000eab00000, 0x00000000ec800000, 0x0000000100000000)
  eden space 22528K, 100% used [0x00000000eab00000,0x00000000ec100000,0x00000000ec100000)
  from space 1536K, 0% used [0x00000000ec500000,0x00000000ec500000,0x00000000ec680000)
  to   space 1536K, 0% used [0x00000000ec680000,0x00000000ec680000,0x00000000ec800000)
 ParOldGen       total 68608K, used 17711K [0x00000000c0000000, 0x00000000c4300000, 0x00000000eab00000)
  object space 68608K, 25% used [0x00000000c0000000,0x00000000c114bef0,0x00000000c4300000)
 Metaspace       used 38038K, committed 38912K, reserved 1114112K
  class space    used 3949K, committed 4288K, reserved 1048576K
}
Event: 92.066 GC heap after
{Heap after GC invocations=16 (full 2):
 PSYoungGen      total 23552K, used 1523K [0x00000000eab00000, 0x00000000ec800000, 0x0000000100000000)
  eden space 22016K, 0% used [0x00000000eab00000,0x00000000eab00000,0x00000000ec080000)
  from space 1536K, 99% used [0x00000000ec680000,0x00000000ec7fced8,0x00000000ec800000)
  to   space 2048K, 0% used [0x00000000ec400000,0x00000000ec400000,0x00000000ec600000)
 ParOldGen       total 68608K, used 17735K [0x00000000c0000000, 0x00000000c4300000, 0x00000000eab00000)
  object space 68608K, 25% used [0x00000000c0000000,0x00000000c1151ef0,0x00000000c4300000)
 Metaspace       used 38038K, committed 38912K, reserved 1114112K
  class space    used 3949K, committed 4288K, reserved 1048576K
}
Event: 93.569 GC heap before
{Heap before GC invocations=17 (full 2):
 PSYoungGen      total 23552K, used 23539K [0x00000000eab00000, 0x00000000ec800000, 0x0000000100000000)
  eden space 22016K, 100% used [0x00000000eab00000,0x00000000ec080000,0x00000000ec080000)
  from space 1536K, 99% used [0x00000000ec680000,0x00000000ec7fced8,0x00000000ec800000)
  to   space 2048K, 0% used [0x00000000ec400000,0x00000000ec400000,0x00000000ec600000)
 ParOldGen       total 68608K, used 17735K [0x00000000c0000000, 0x00000000c4300000, 0x00000000eab00000)
  object space 68608K, 25% used [0x00000000c0000000,0x00000000c1151ef0,0x00000000c4300000)
 Metaspace       used 40781K, committed 41792K, reserved 1114112K
  class space    used 4251K, committed 4672K, reserved 1048576K
}
Event: 93.575 GC heap after
{Heap after GC invocations=17 (full 2):
 PSYoungGen      total 24064K, used 2046K [0x00000000eab00000, 0x00000000ecc80000, 0x0000000100000000)
  eden space 22016K, 0% used [0x00000000eab00000,0x00000000eab00000,0x00000000ec080000)
  from space 2048K, 99% used [0x00000000ec400000,0x00000000ec5ff8b0,0x00000000ec600000)
  to   space 6144K, 0% used [0x00000000ec680000,0x00000000ec680000,0x00000000ecc80000)
 ParOldGen       total 68608K, used 20970K [0x00000000c0000000, 0x00000000c4300000, 0x00000000eab00000)
  object space 68608K, 30% used [0x00000000c0000000,0x00000000c147a950,0x00000000c4300000)
 Metaspace       used 40781K, committed 41792K, reserved 1114112K
  class space    used 4251K, committed 4672K, reserved 1048576K
}
Event: 95.107 GC heap before
{Heap before GC invocations=18 (full 2):
 PSYoungGen      total 24064K, used 24062K [0x00000000eab00000, 0x00000000ecc80000, 0x0000000100000000)
  eden space 22016K, 100% used [0x00000000eab00000,0x00000000ec080000,0x00000000ec080000)
  from space 2048K, 99% used [0x00000000ec400000,0x00000000ec5ff8b0,0x00000000ec600000)
  to   space 6144K, 0% used [0x00000000ec680000,0x00000000ec680000,0x00000000ecc80000)
 ParOldGen       total 68608K, used 20970K [0x00000000c0000000, 0x00000000c4300000, 0x00000000eab00000)
  object space 68608K, 30% used [0x00000000c0000000,0x00000000c147a950,0x00000000c4300000)
 Metaspace       used 43973K, committed 44992K, reserved 1114112K
  class space    used 4630K, committed 5056K, reserved 1048576K
}
Event: 95.116 GC heap after
{Heap after GC invocations=18 (full 2):
 PSYoungGen      total 24064K, used 1646K [0x00000000eab00000, 0x00000000ec880000, 0x0000000100000000)
  eden space 22016K, 0% used [0x00000000eab00000,0x00000000eab00000,0x00000000ec080000)
  from space 2048K, 80% used [0x00000000ec680000,0x00000000ec81ba40,0x00000000ec880000)
  to   space 3072K, 0% used [0x00000000ec280000,0x00000000ec280000,0x00000000ec580000)
 ParOldGen       total 68608K, used 22770K [0x00000000c0000000, 0x00000000c4300000, 0x00000000eab00000)
  object space 68608K, 33% used [0x00000000c0000000,0x00000000c163ca10,0x00000000c4300000)
 Metaspace       used 43973K, committed 44992K, reserved 1114112K
  class space    used 4630K, committed 5056K, reserved 1048576K
}
Event: 99.062 GC heap before
{Heap before GC invocations=19 (full 2):
 PSYoungGen      total 24064K, used 23521K [0x00000000eab00000, 0x00000000ec880000, 0x0000000100000000)
  eden space 22016K, 99% used [0x00000000eab00000,0x00000000ec05cd38,0x00000000ec080000)
  from space 2048K, 80% used [0x00000000ec680000,0x00000000ec81ba40,0x00000000ec880000)
  to   space 3072K, 0% used [0x00000000ec280000,0x00000000ec280000,0x00000000ec580000)
 ParOldGen       total 68608K, used 22770K [0x00000000c0000000, 0x00000000c4300000, 0x00000000eab00000)
  object space 68608K, 33% used [0x00000000c0000000,0x00000000c163ca10,0x00000000c4300000)
 Metaspace       used 46803K, committed 47872K, reserved 1114112K
  class space    used 4989K, committed 5440K, reserved 1048576K
}
Event: 99.073 GC heap after
{Heap after GC invocations=19 (full 2):
 PSYoungGen      total 24576K, used 2118K [0x00000000eab00000, 0x00000000ec700000, 0x0000000100000000)
  eden space 22016K, 0% used [0x00000000eab00000,0x00000000eab00000,0x00000000ec080000)
  from space 2560K, 82% used [0x00000000ec280000,0x00000000ec491a58,0x00000000ec500000)
  to   space 2048K, 0% used [0x00000000ec500000,0x00000000ec500000,0x00000000ec700000)
 ParOldGen       total 68608K, used 24369K [0x00000000c0000000, 0x00000000c4300000, 0x00000000eab00000)
  object space 68608K, 35% used [0x00000000c0000000,0x00000000c17cc480,0x00000000c4300000)
 Metaspace       used 46803K, committed 47872K, reserved 1114112K
  class space    used 4989K, committed 5440K, reserved 1048576K
}
Event: 106.137 GC heap before
{Heap before GC invocations=20 (full 2):
 PSYoungGen      total 24576K, used 24134K [0x00000000eab00000, 0x00000000ec700000, 0x0000000100000000)
  eden space 22016K, 100% used [0x00000000eab00000,0x00000000ec080000,0x00000000ec080000)
  from space 2560K, 82% used [0x00000000ec280000,0x00000000ec491a58,0x00000000ec500000)
  to   space 2048K, 0% used [0x00000000ec500000,0x00000000ec500000,0x00000000ec700000)
 ParOldGen       total 68608K, used 24369K [0x00000000c0000000, 0x00000000c4300000, 0x00000000eab00000)
  object space 68608K, 35% used [0x00000000c0000000,0x00000000c17cc480,0x00000000c4300000)
 Metaspace       used 48957K, committed 49984K, reserved 1114112K
  class space    used 5251K, committed 5696K, reserved 1048576K
}
Event: 106.144 GC heap after
{Heap after GC invocations=20 (full 2):
 PSYoungGen      total 24064K, used 1872K [0x00000000eab00000, 0x00000000ec700000, 0x0000000100000000)
  eden space 22016K, 0% used [0x00000000eab00000,0x00000000eab00000,0x00000000ec080000)
  from space 2048K, 91% used [0x00000000ec500000,0x00000000ec6d4010,0x00000000ec700000)
  to   space 2048K, 0% used [0x00000000ec300000,0x00000000ec300000,0x00000000ec500000)
 ParOldGen       total 68608K, used 25145K [0x00000000c0000000, 0x00000000c4300000, 0x00000000eab00000)
  object space 68608K, 36% used [0x00000000c0000000,0x00000000c188e490,0x00000000c4300000)
 Metaspace       used 48957K, committed 49984K, reserved 1114112K
  class space    used 5251K, committed 5696K, reserved 1048576K
}
Event: 117.097 GC heap before
{Heap before GC invocations=21 (full 2):
 PSYoungGen      total 24064K, used 23888K [0x00000000eab00000, 0x00000000ec700000, 0x0000000100000000)
  eden space 22016K, 100% used [0x00000000eab00000,0x00000000ec080000,0x00000000ec080000)
  from space 2048K, 91% used [0x00000000ec500000,0x00000000ec6d4010,0x00000000ec700000)
  to   space 2048K, 0% used [0x00000000ec300000,0x00000000ec300000,0x00000000ec500000)
 ParOldGen       total 68608K, used 25145K [0x00000000c0000000, 0x00000000c4300000, 0x00000000eab00000)
  object space 68608K, 36% used [0x00000000c0000000,0x00000000c188e490,0x00000000c4300000)
 Metaspace       used 50005K, committed 51136K, reserved 1114112K
  class space    used 5351K, committed 5760K, reserved 1048576K
}
Event: 117.101 GC heap after
{Heap after GC invocations=21 (full 2):
 PSYoungGen      total 23040K, used 704K [0x00000000eab00000, 0x00000000ec580000, 0x0000000100000000)
  eden space 22016K, 0% used [0x00000000eab00000,0x00000000eab00000,0x00000000ec080000)
  from space 1024K, 68% used [0x00000000ec300000,0x00000000ec3b0000,0x00000000ec400000)
  to   space 1536K, 0% used [0x00000000ec400000,0x00000000ec400000,0x00000000ec580000)
 ParOldGen       total 68608K, used 26853K [0x00000000c0000000, 0x00000000c4300000, 0x00000000eab00000)
  object space 68608K, 39% used [0x00000000c0000000,0x00000000c1a39768,0x00000000c4300000)
 Metaspace       used 50005K, committed 51136K, reserved 1114112K
  class space    used 5351K, committed 5760K, reserved 1048576K
}

Dll operation events (14 events):
Event: 0.196 Loaded shared library c:\Users\palak\.vscode\extensions\redhat.java-1.40.0-win32-x64\jre\21.0.6-win32-x86_64\bin\java.dll
Event: 1.016 Loaded shared library c:\Users\palak\.vscode\extensions\redhat.java-1.40.0-win32-x64\jre\21.0.6-win32-x86_64\bin\zip.dll
Event: 1.620 Loaded shared library C:\Users\palak\.vscode\extensions\redhat.java-1.40.0-win32-x64\jre\21.0.6-win32-x86_64\bin\instrument.dll
Event: 1.806 Loaded shared library C:\Users\palak\.vscode\extensions\redhat.java-1.40.0-win32-x64\jre\21.0.6-win32-x86_64\bin\net.dll
Event: 1.813 Loaded shared library C:\Users\palak\.vscode\extensions\redhat.java-1.40.0-win32-x64\jre\21.0.6-win32-x86_64\bin\nio.dll
Event: 1.821 Loaded shared library C:\Users\palak\.vscode\extensions\redhat.java-1.40.0-win32-x64\jre\21.0.6-win32-x86_64\bin\zip.dll
Event: 2.022 Loaded shared library C:\Users\palak\.vscode\extensions\redhat.java-1.40.0-win32-x64\jre\21.0.6-win32-x86_64\bin\jimage.dll
Event: 2.947 Loaded shared library c:\Users\palak\.vscode\extensions\redhat.java-1.40.0-win32-x64\jre\21.0.6-win32-x86_64\bin\verify.dll
Event: 17.791 Loaded shared library C:\Users\palak\AppData\Roaming\Code\User\globalStorage\redhat.java\1.40.0\config_win\org.eclipse.equinox.launcher\org.eclipse.equinox.launcher.win32.win32.x86_64_1.2.1200.v20250212-0927\eclipse_11909.dll
Event: 48.719 Loaded shared library C:\Users\palak\.vscode\extensions\redhat.java-1.40.0-win32-x64\jre\21.0.6-win32-x86_64\bin\management.dll
Event: 48.731 Loaded shared library C:\Users\palak\.vscode\extensions\redhat.java-1.40.0-win32-x64\jre\21.0.6-win32-x86_64\bin\management_ext.dll
Event: 91.685 Loaded shared library C:\Users\palak\AppData\Local\Temp\jna-106430981\jna15031809303854973496.dll
Event: 92.298 Loaded shared library C:\Users\palak\.vscode\extensions\redhat.java-1.40.0-win32-x64\jre\21.0.6-win32-x86_64\bin\sunmscapi.dll
Event: 94.710 Loaded shared library C:\Users\palak\.vscode\extensions\redhat.java-1.40.0-win32-x64\jre\21.0.6-win32-x86_64\bin\extnet.dll

Deoptimization events (20 events):
Event: 122.399 Thread 0x000002340b7598a0 DEOPT PACKING pc=0x00000233bf9ab674 sp=0x0000007d2e8fe360
Event: 122.399 Thread 0x000002340b7598a0 DEOPT UNPACKING pc=0x00000233bf2e3aa2 sp=0x0000007d2e8fe308 mode 2
Event: 125.288 Thread 0x0000023412e515e0 Uncommon trap: trap_request=0xffffff3d fr.pc=0x00000233bfc07c50 relative=0x00000000000000b0
Event: 125.288 Thread 0x0000023412e515e0 Uncommon trap: reason=unstable_fused_if action=reinterpret pc=0x00000233bfc07c50 method=org.eclipse.core.internal.jobs.InternalJob.getState()I @ 10 c2
Event: 125.288 Thread 0x0000023412e515e0 DEOPT PACKING pc=0x00000233bfc07c50 sp=0x0000007d2f3fe960
Event: 125.288 Thread 0x0000023412e515e0 DEOPT UNPACKING pc=0x00000233bf2e3aa2 sp=0x0000007d2f3fe8f0 mode 2
Event: 125.699 Thread 0x000002340b7598a0 DEOPT PACKING pc=0x00000233b89990c6 sp=0x0000007d2e8fd510
Event: 125.699 Thread 0x000002340b7598a0 DEOPT UNPACKING pc=0x00000233bf2e4242 sp=0x0000007d2e8fca90 mode 0
Event: 126.292 Thread 0x000002340b7598a0 Uncommon trap: trap_request=0xffffffde fr.pc=0x00000233bfb3c6a4 relative=0x0000000000000724
Event: 126.294 Thread 0x000002340b7598a0 Uncommon trap: reason=class_check action=maybe_recompile pc=0x00000233bfb3c6a4 method=java.util.concurrent.ConcurrentHashMap.replaceNode(Ljava/lang/Object;Ljava/lang/Object;Ljava/lang/Object;)Ljava/lang/Object; @ 147 c2
Event: 126.294 Thread 0x000002340b7598a0 DEOPT PACKING pc=0x00000233bfb3c6a4 sp=0x0000007d2e8fdb80
Event: 126.294 Thread 0x000002340b7598a0 DEOPT UNPACKING pc=0x00000233bf2e3aa2 sp=0x0000007d2e8fdaf8 mode 2
Event: 126.314 Thread 0x000002340b7598a0 Uncommon trap: trap_request=0xffffffde fr.pc=0x00000233bf9b0a34 relative=0x00000000000004d4
Event: 126.314 Thread 0x000002340b7598a0 Uncommon trap: reason=class_check action=maybe_recompile pc=0x00000233bf9b0a34 method=java.util.Collections$UnmodifiableMap.hashCode()I @ 4 c2
Event: 126.314 Thread 0x000002340b7598a0 DEOPT PACKING pc=0x00000233bf9b0a34 sp=0x0000007d2e8fde30
Event: 126.314 Thread 0x000002340b7598a0 DEOPT UNPACKING pc=0x00000233bf2e3aa2 sp=0x0000007d2e8fdde8 mode 2
Event: 126.314 Thread 0x000002340b7598a0 Uncommon trap: trap_request=0xffffffde fr.pc=0x00000233bf9adb34 relative=0x00000000000004d4
Event: 126.314 Thread 0x000002340b7598a0 Uncommon trap: reason=class_check action=maybe_recompile pc=0x00000233bf9adb34 method=java.util.AbstractMap.hashCode()I @ 3 c2
Event: 126.314 Thread 0x000002340b7598a0 DEOPT PACKING pc=0x00000233bf9adb34 sp=0x0000007d2e8fddc0
Event: 126.314 Thread 0x000002340b7598a0 DEOPT UNPACKING pc=0x00000233bf2e3aa2 sp=0x0000007d2e8fdd68 mode 2

Classes loaded (20 events):
Event: 123.316 Loading class java/util/AbstractList$SubList done
Event: 123.316 Loading class java/util/AbstractList$RandomAccessSubList done
Event: 123.316 Loading class java/util/AbstractList$SubList$1
Event: 123.317 Loading class java/util/AbstractList$SubList$1 done
Event: 123.317 Loading class java/util/AbstractList$ListItr
Event: 123.317 Loading class java/util/AbstractList$ListItr done
Event: 123.723 Loading class java/util/ImmutableCollections$SubList
Event: 123.723 Loading class java/util/ImmutableCollections$SubList done
Event: 124.284 Loading class java/util/ArrayDeque$DeqSpliterator
Event: 124.285 Loading class java/util/ArrayDeque$DeqSpliterator done
Event: 124.836 Loading class java/util/WeakHashMap$KeyIterator
Event: 124.846 Loading class java/util/WeakHashMap$KeyIterator done
Event: 125.239 Loading class java/util/Hashtable$KeySet
Event: 125.239 Loading class java/util/Hashtable$KeySet done
Event: 126.300 Loading class java/util/stream/DistinctOps
Event: 126.301 Loading class java/util/stream/DistinctOps done
Event: 126.301 Loading class java/util/stream/DistinctOps$1
Event: 126.301 Loading class java/util/stream/DistinctOps$1 done
Event: 126.314 Loading class java/util/stream/DistinctOps$1$2
Event: 126.314 Loading class java/util/stream/DistinctOps$1$2 done

Classes unloaded (9 events):
Event: 60.545 Thread 0x00000233c95efaa0 Unloading class 0x00000233cb19fc00 'java/lang/invoke/LambdaForm$MH+0x00000233cb19fc00'
Event: 60.545 Thread 0x00000233c95efaa0 Unloading class 0x00000233cb19f800 'java/lang/invoke/LambdaForm$MH+0x00000233cb19f800'
Event: 60.545 Thread 0x00000233c95efaa0 Unloading class 0x00000233cb19f400 'java/lang/invoke/LambdaForm$MH+0x00000233cb19f400'
Event: 60.545 Thread 0x00000233c95efaa0 Unloading class 0x00000233cb19f000 'java/lang/invoke/LambdaForm$MH+0x00000233cb19f000'
Event: 60.545 Thread 0x00000233c95efaa0 Unloading class 0x00000233cb19ec00 'java/lang/invoke/LambdaForm$BMH+0x00000233cb19ec00'
Event: 60.545 Thread 0x00000233c95efaa0 Unloading class 0x00000233cb19e800 'java/lang/invoke/LambdaForm$DMH+0x00000233cb19e800'
Event: 60.545 Thread 0x00000233c95efaa0 Unloading class 0x00000233cb19d400 'java/lang/invoke/LambdaForm$DMH+0x00000233cb19d400'
Event: 89.257 Thread 0x00000233c95efaa0 Unloading class 0x00000233cb281800 'java/lang/invoke/LambdaForm$MH+0x00000233cb281800'
Event: 89.257 Thread 0x00000233c95efaa0 Unloading class 0x00000233cb19e800 'java/lang/invoke/LambdaForm$DMH+0x00000233cb19e800'

Classes redefined (0 events):
No events

Internal exceptions (20 events):
Event: 114.490 Thread 0x000002340b7598a0 Exception <a 'sun/nio/fs/WindowsException'{0x00000000eb3ba9d0}> (0x00000000eb3ba9d0) 
thrown [s\src\hotspot\share\prims\jni.cpp, line 520]
Event: 114.490 Thread 0x000002340b7598a0 Exception <a 'sun/nio/fs/WindowsException'{0x00000000eb3bb000}> (0x00000000eb3bb000) 
thrown [s\src\hotspot\share\prims\jni.cpp, line 520]
Event: 114.490 Thread 0x000002340b7598a0 Exception <a 'sun/nio/fs/WindowsException'{0x00000000eb3bb8d8}> (0x00000000eb3bb8d8) 
thrown [s\src\hotspot\share\prims\jni.cpp, line 520]
Event: 114.516 Thread 0x000002340b7598a0 Exception <a 'sun/nio/fs/WindowsException'{0x00000000eb3bf4b0}> (0x00000000eb3bf4b0) 
thrown [s\src\hotspot\share\prims\jni.cpp, line 520]
Event: 114.516 Thread 0x000002340b7598a0 Exception <a 'sun/nio/fs/WindowsException'{0x00000000eb3bfb10}> (0x00000000eb3bfb10) 
thrown [s\src\hotspot\share\prims\jni.cpp, line 520]
Event: 114.516 Thread 0x000002340b7598a0 Exception <a 'sun/nio/fs/WindowsException'{0x00000000eb3c0170}> (0x00000000eb3c0170) 
thrown [s\src\hotspot\share\prims\jni.cpp, line 520]
Event: 114.516 Thread 0x000002340b7598a0 Exception <a 'sun/nio/fs/WindowsException'{0x00000000eb3c07f0}> (0x00000000eb3c07f0) 
thrown [s\src\hotspot\share\prims\jni.cpp, line 520]
Event: 114.837 Thread 0x000002340b7598a0 Exception <a 'sun/nio/fs/WindowsException'{0x00000000eb418df0}> (0x00000000eb418df0) 
thrown [s\src\hotspot\share\prims\jni.cpp, line 520]
Event: 114.839 Thread 0x000002340b7598a0 Exception <a 'sun/nio/fs/WindowsException'{0x00000000eb41ee38}> (0x00000000eb41ee38) 
thrown [s\src\hotspot\share\prims\jni.cpp, line 520]
Event: 118.204 Thread 0x000002340b7598a0 Exception <a 'java/lang/NoSuchMethodError'{0x00000000eaff90f0}: 'long java.lang.invoke.DirectMethodHandle$Holder.invokeSpecial(java.lang.Object, java.lang.Object)'> (0x00000000eaff90f0) 
thrown [s\src\hotspot\share\interpreter\linkResolver.cpp, line 773]
Event: 118.204 Thread 0x000002340b7598a0 Exception <a 'java/lang/NoSuchMethodError'{0x00000000eaffc518}: 'long java.lang.invoke.Invokers$Holder.invokeExact_MT(java.lang.Object, java.lang.Object)'> (0x00000000eaffc518) 
thrown [s\src\hotspot\share\interpreter\linkResolver.cpp, line 773]
Event: 118.742 Thread 0x000002340b7598a0 Exception <a 'java/lang/NoSuchMethodError'{0x00000000eb1c1088}: 'java.lang.Object java.lang.invoke.DirectMethodHandle$Holder.invokeStaticInit(java.lang.Object, int)'> (0x00000000eb1c1088) 
thrown [s\src\hotspot\share\interpreter\linkResolver.cpp, line 773]
Event: 118.984 Thread 0x000002340b7598a0 Exception <a 'sun/nio/fs/WindowsException'{0x00000000eb1f51c8}> (0x00000000eb1f51c8) 
thrown [s\src\hotspot\share\prims\jni.cpp, line 520]
Event: 120.046 Thread 0x000002340b7598a0 Exception <a 'sun/nio/fs/WindowsException'{0x00000000eb2d2558}> (0x00000000eb2d2558) 
thrown [s\src\hotspot\share\prims\jni.cpp, line 520]
Event: 122.471 Thread 0x000002340b7598a0 Exception <a 'sun/nio/fs/WindowsException'{0x00000000eb31b420}> (0x00000000eb31b420) 
thrown [s\src\hotspot\share\prims\jni.cpp, line 520]
Event: 122.586 Thread 0x000002340b7598a0 Exception <a 'sun/nio/fs/WindowsException'{0x00000000eb321560}> (0x00000000eb321560) 
thrown [s\src\hotspot\share\prims\jni.cpp, line 520]
Event: 124.905 Thread 0x000002340b7598a0 Exception <a 'java/io/FileNotFoundException'{0x00000000eb4f78a0}> (0x00000000eb4f78a0) 
thrown [s\src\hotspot\share\prims\jni.cpp, line 520]
Event: 124.922 Thread 0x000002340b7598a0 Exception <a 'java/io/FileNotFoundException'{0x00000000eb4f8b50}> (0x00000000eb4f8b50) 
thrown [s\src\hotspot\share\prims\jni.cpp, line 520]
Event: 124.923 Thread 0x000002340b7598a0 Exception <a 'java/io/FileNotFoundException'{0x00000000eb4f9b58}> (0x00000000eb4f9b58) 
thrown [s\src\hotspot\share\prims\jni.cpp, line 520]
Event: 125.835 Thread 0x000002340b7598a0 Exception <a 'sun/nio/fs/WindowsException'{0x00000000eb719028}> (0x00000000eb719028) 
thrown [s\src\hotspot\share\prims\jni.cpp, line 520]

ZGC Phase Switch (0 events):
No events

VM Operations (20 events):
Event: 120.424 Executing VM operation: HandshakeAllThreads (HandshakeForDeflation)
Event: 120.424 Executing VM operation: HandshakeAllThreads (HandshakeForDeflation) done
Event: 120.425 Executing VM operation: RendezvousGCThreads
Event: 120.425 Executing VM operation: RendezvousGCThreads done
Event: 121.434 Executing VM operation: Cleanup
Event: 121.434 Executing VM operation: Cleanup done
Event: 122.445 Executing VM operation: Cleanup
Event: 122.445 Executing VM operation: Cleanup done
Event: 123.341 Executing VM operation: HandshakeAllThreads (Deoptimize)
Event: 123.342 Executing VM operation: HandshakeAllThreads (Deoptimize) done
Event: 124.350 Executing VM operation: Cleanup
Event: 124.350 Executing VM operation: Cleanup done
Event: 124.691 Executing VM operation: HandshakeAllThreads (Deoptimize)
Event: 124.692 Executing VM operation: HandshakeAllThreads (Deoptimize) done
Event: 125.701 Executing VM operation: Cleanup
Event: 125.717 Executing VM operation: Cleanup done
Event: 126.305 Executing VM operation: HandshakeAllThreads (Deoptimize)
Event: 126.305 Executing VM operation: HandshakeAllThreads (Deoptimize) done
Event: 126.314 Executing VM operation: HandshakeAllThreads (Deoptimize)
Event: 126.314 Executing VM operation: HandshakeAllThreads (Deoptimize) done

Memory protections (0 events):
No events

Nmethod flushes (20 events):
Event: 89.274 Thread 0x00000233c95efaa0 flushing  nmethod 0x00000233b8456110
Event: 89.274 Thread 0x00000233c95efaa0 flushing  nmethod 0x00000233b8456a10
Event: 89.274 Thread 0x00000233c95efaa0 flushing  nmethod 0x00000233b8457310
Event: 89.274 Thread 0x00000233c95efaa0 flushing  nmethod 0x00000233b8458510
Event: 89.274 Thread 0x00000233c95efaa0 flushing  nmethod 0x00000233b8459c10
Event: 89.274 Thread 0x00000233c95efaa0 flushing  nmethod 0x00000233b845b910
Event: 89.274 Thread 0x00000233c95efaa0 flushing  nmethod 0x00000233b845be10
Event: 89.274 Thread 0x00000233c95efaa0 flushing  nmethod 0x00000233b845c710
Event: 89.274 Thread 0x00000233c95efaa0 flushing  nmethod 0x00000233b845cb90
Event: 89.274 Thread 0x00000233c95efaa0 flushing  nmethod 0x00000233b845db10
Event: 89.274 Thread 0x00000233c95efaa0 flushing  nmethod 0x00000233b8460210
Event: 89.274 Thread 0x00000233c95efaa0 flushing  nmethod 0x00000233b8460f90
Event: 89.274 Thread 0x00000233c95efaa0 flushing  nmethod 0x00000233b8498590
Event: 89.274 Thread 0x00000233c95efaa0 flushing  nmethod 0x00000233b849c410
Event: 89.274 Thread 0x00000233c95efaa0 flushing  nmethod 0x00000233b84a4c90
Event: 89.274 Thread 0x00000233c95efaa0 flushing  nmethod 0x00000233b8505990
Event: 89.274 Thread 0x00000233c95efaa0 flushing  nmethod 0x00000233b8521f10
Event: 89.274 Thread 0x00000233c95efaa0 flushing  nmethod 0x00000233b8531290
Event: 89.274 Thread 0x00000233c95efaa0 flushing  nmethod 0x00000233b8549b10
Event: 89.274 Thread 0x00000233c95efaa0 flushing  nmethod 0x00000233b8567a10

Events (20 events):
Event: 98.483 Thread 0x00000233b4b30600 Thread added: 0x0000023412e515e0
Event: 98.484 Thread 0x0000023410e42090 Thread exited: 0x0000023410e42090
Event: 98.791 Thread 0x00000233c966f7f0 Thread added: 0x0000023412dfb720
Event: 100.157 Thread 0x0000023412dfb720 Thread exited: 0x0000023412dfb720
Event: 100.207 Thread 0x000002340b7577d0 Thread added: 0x0000023412e4e7f0
Event: 100.309 Thread 0x0000023412e4e7f0 Thread exited: 0x0000023412e4e7f0
Event: 100.566 Thread 0x00000233c966f7f0 Thread added: 0x0000023412dfb050
Event: 100.809 Thread 0x000002340b7577d0 Thread added: 0x0000023412e4e160
Event: 100.867 Thread 0x0000023412dfb050 Thread exited: 0x0000023412dfb050
Event: 101.089 Thread 0x00000233c966f7f0 Thread added: 0x0000023412df9be0
Event: 101.298 Thread 0x0000023412df9be0 Thread exited: 0x0000023412df9be0
Event: 102.090 Thread 0x00000233c966f7f0 Thread added: 0x0000023412dfb720
Event: 102.311 Thread 0x0000023412dfb720 Thread exited: 0x0000023412dfb720
Event: 115.448 Thread 0x00000233c966f7f0 Thread added: 0x0000023412dfc4c0
Event: 115.672 Thread 0x0000023412dfc4c0 Thread exited: 0x0000023412dfc4c0
Event: 115.832 Thread 0x0000023412e4e160 Thread exited: 0x0000023412e4e160
Event: 117.623 Thread 0x00000233c966f7f0 Thread added: 0x0000023412df9be0
Event: 117.753 Thread 0x0000023412df9be0 Thread exited: 0x0000023412df9be0
Event: 117.942 Thread 0x00000233c966f7f0 Thread added: 0x0000023412dfa2b0
Event: 118.268 Thread 0x0000023412dfa2b0 Thread exited: 0x0000023412dfa2b0


Dynamic libraries:
0x00007ff6a96a0000 - 0x00007ff6a96ae000 	c:\Users\palak\.vscode\extensions\redhat.java-1.40.0-win32-x64\jre\21.0.6-win32-x86_64\bin\java.exe
0x00007ffeb2640000 - 0x00007ffeb28a3000 	C:\WINDOWS\SYSTEM32\ntdll.dll
0x00007ffeb0ae0000 - 0x00007ffeb0ba7000 	C:\WINDOWS\System32\KERNEL32.DLL
0x00007ffeaffb0000 - 0x00007ffeb0379000 	C:\WINDOWS\System32\KERNELBASE.dll
0x00007ffeafda0000 - 0x00007ffeafeec000 	C:\WINDOWS\System32\ucrtbase.dll
0x00007ffe9f380000 - 0x00007ffe9f398000 	c:\Users\palak\.vscode\extensions\redhat.java-1.40.0-win32-x64\jre\21.0.6-win32-x86_64\bin\jli.dll
0x00007ffeb2110000 - 0x00007ffeb22da000 	C:\WINDOWS\System32\USER32.dll
0x00007ffeb0380000 - 0x00007ffeb03a7000 	C:\WINDOWS\System32\win32u.dll
0x00007ffeb09a0000 - 0x00007ffeb09ca000 	C:\WINDOWS\System32\GDI32.dll
0x00007ffeafc60000 - 0x00007ffeafd91000 	C:\WINDOWS\System32\gdi32full.dll
0x00007ffeb03b0000 - 0x00007ffeb0453000 	C:\WINDOWS\System32\msvcp_win.dll
0x00007ffe9c3a0000 - 0x00007ffe9c3be000 	c:\Users\palak\.vscode\extensions\redhat.java-1.40.0-win32-x64\jre\21.0.6-win32-x86_64\bin\VCRUNTIME140.dll
0x00007ffe8f2b0000 - 0x00007ffe8f540000 	C:\WINDOWS\WinSxS\amd64_microsoft.windows.common-controls_6595b64144ccf1df_6.0.26100.3323_none_3e088096e3344490\COMCTL32.dll
0x00007ffeb1880000 - 0x00007ffeb1929000 	C:\WINDOWS\System32\msvcrt.dll
0x00007ffeb2480000 - 0x00007ffeb24af000 	C:\WINDOWS\System32\IMM32.DLL
0x00007ffea87a0000 - 0x00007ffea87ac000 	c:\Users\palak\.vscode\extensions\redhat.java-1.40.0-win32-x64\jre\21.0.6-win32-x86_64\bin\vcruntime140_1.dll
0x00007ffe7c5f0000 - 0x00007ffe7c67d000 	c:\Users\palak\.vscode\extensions\redhat.java-1.40.0-win32-x64\jre\21.0.6-win32-x86_64\bin\msvcp140.dll
0x00007ffe5a340000 - 0x00007ffe5b0d0000 	c:\Users\palak\.vscode\extensions\redhat.java-1.40.0-win32-x64\jre\21.0.6-win32-x86_64\bin\server\jvm.dll
0x00007ffeb12d0000 - 0x00007ffeb1382000 	C:\WINDOWS\System32\ADVAPI32.dll
0x00007ffeb2550000 - 0x00007ffeb25f6000 	C:\WINDOWS\System32\sechost.dll
0x00007ffeb10d0000 - 0x00007ffeb11e6000 	C:\WINDOWS\System32\RPCRT4.dll
0x00007ffeb23c0000 - 0x00007ffeb2434000 	C:\WINDOWS\System32\WS2_32.dll
0x00007ffeaf6d0000 - 0x00007ffeaf71e000 	C:\WINDOWS\SYSTEM32\POWRPROF.dll
0x00007ffea6950000 - 0x00007ffea6986000 	C:\WINDOWS\SYSTEM32\WINMM.dll
0x00007ffea79d0000 - 0x00007ffea79db000 	C:\WINDOWS\SYSTEM32\VERSION.dll
0x00007ffeaf6b0000 - 0x00007ffeaf6c4000 	C:\WINDOWS\SYSTEM32\UMPDC.dll
0x00007ffeae660000 - 0x00007ffeae67a000 	C:\WINDOWS\SYSTEM32\kernel.appcore.dll
0x00007ffea5190000 - 0x00007ffea519a000 	c:\Users\palak\.vscode\extensions\redhat.java-1.40.0-win32-x64\jre\21.0.6-win32-x86_64\bin\jimage.dll
0x00007ffea44b0000 - 0x00007ffea46f1000 	C:\WINDOWS\SYSTEM32\DBGHELP.DLL
0x00007ffeb0610000 - 0x00007ffeb0992000 	C:\WINDOWS\System32\combase.dll
0x00007ffeb11f0000 - 0x00007ffeb12c6000 	C:\WINDOWS\System32\OLEAUT32.dll
0x00007ffe91d40000 - 0x00007ffe91d79000 	C:\WINDOWS\SYSTEM32\dbgcore.DLL
0x00007ffeaf840000 - 0x00007ffeaf8d9000 	C:\WINDOWS\System32\bcryptPrimitives.dll
0x00007ffea1ed0000 - 0x00007ffea1edf000 	c:\Users\palak\.vscode\extensions\redhat.java-1.40.0-win32-x64\jre\21.0.6-win32-x86_64\bin\instrument.dll
0x00007ffe9c330000 - 0x00007ffe9c34f000 	c:\Users\palak\.vscode\extensions\redhat.java-1.40.0-win32-x64\jre\21.0.6-win32-x86_64\bin\java.dll
0x00007ffeb1930000 - 0x00007ffeb2045000 	C:\WINDOWS\System32\SHELL32.dll
0x00007ffeaf8e0000 - 0x00007ffeafa48000 	C:\WINDOWS\System32\wintypes.dll
0x00007ffead520000 - 0x00007ffeadd65000 	C:\WINDOWS\SYSTEM32\windows.storage.dll
0x00007ffeb09d0000 - 0x00007ffeb0abb000 	C:\WINDOWS\System32\SHCORE.dll
0x00007ffeb04b0000 - 0x00007ffeb050d000 	C:\WINDOWS\System32\shlwapi.dll
0x00007ffeaf750000 - 0x00007ffeaf77f000 	C:\WINDOWS\SYSTEM32\profapi.dll
0x00007ffe9ad10000 - 0x00007ffe9ad28000 	c:\Users\palak\.vscode\extensions\redhat.java-1.40.0-win32-x64\jre\21.0.6-win32-x86_64\bin\zip.dll
0x00007ffe9c320000 - 0x00007ffe9c330000 	C:\Users\palak\.vscode\extensions\redhat.java-1.40.0-win32-x64\jre\21.0.6-win32-x86_64\bin\net.dll
0x00007ffea8350000 - 0x00007ffea846e000 	C:\WINDOWS\SYSTEM32\WINHTTP.dll
0x00007ffeaeb80000 - 0x00007ffeaebea000 	C:\WINDOWS\system32\mswsock.dll
0x00007ffe990a0000 - 0x00007ffe990b6000 	C:\Users\palak\.vscode\extensions\redhat.java-1.40.0-win32-x64\jre\21.0.6-win32-x86_64\bin\nio.dll
0x00007ffe9ad00000 - 0x00007ffe9ad10000 	c:\Users\palak\.vscode\extensions\redhat.java-1.40.0-win32-x64\jre\21.0.6-win32-x86_64\bin\verify.dll
0x00007ffe83290000 - 0x00007ffe832d5000 	C:\Users\palak\AppData\Roaming\Code\User\globalStorage\redhat.java\1.40.0\config_win\org.eclipse.equinox.launcher\org.eclipse.equinox.launcher.win32.win32.x86_64_1.2.1200.v20250212-0927\eclipse_11909.dll
0x00007ffeb1570000 - 0x00007ffeb1705000 	C:\WINDOWS\System32\ole32.dll
0x00007ffea1f10000 - 0x00007ffea1f1a000 	C:\Users\palak\.vscode\extensions\redhat.java-1.40.0-win32-x64\jre\21.0.6-win32-x86_64\bin\management.dll
0x00007ffe99050000 - 0x00007ffe9905b000 	C:\Users\palak\.vscode\extensions\redhat.java-1.40.0-win32-x64\jre\21.0.6-win32-x86_64\bin\management_ext.dll
0x00007ffeb2100000 - 0x00007ffeb2108000 	C:\WINDOWS\System32\PSAPI.DLL
0x00007ffeaee20000 - 0x00007ffeaee3c000 	C:\WINDOWS\SYSTEM32\CRYPTSP.dll
0x00007ffeae5c0000 - 0x00007ffeae5fa000 	C:\WINDOWS\system32\rsaenh.dll
0x00007ffeaec20000 - 0x00007ffeaec4b000 	C:\WINDOWS\SYSTEM32\USERENV.dll
0x00007ffeaf060000 - 0x00007ffeaf086000 	C:\WINDOWS\SYSTEM32\bcrypt.dll
0x00007ffeaee40000 - 0x00007ffeaee4c000 	C:\WINDOWS\SYSTEM32\CRYPTBASE.dll
0x00007ffeae060000 - 0x00007ffeae093000 	C:\WINDOWS\SYSTEM32\IPHLPAPI.DLL
0x00007ffeb10c0000 - 0x00007ffeb10ca000 	C:\WINDOWS\System32\NSI.dll
0x00007ffe82da0000 - 0x00007ffe82de9000 	C:\Users\palak\AppData\Local\Temp\jna-106430981\jna15031809303854973496.dll
0x00007ffea8320000 - 0x00007ffea833f000 	C:\WINDOWS\SYSTEM32\dhcpcsvc6.DLL
0x00007ffea82a0000 - 0x00007ffea82c5000 	C:\WINDOWS\SYSTEM32\dhcpcsvc.DLL
0x00007ffe99040000 - 0x00007ffe9904e000 	C:\Users\palak\.vscode\extensions\redhat.java-1.40.0-win32-x64\jre\21.0.6-win32-x86_64\bin\sunmscapi.dll
0x00007ffeafa50000 - 0x00007ffeafbc7000 	C:\WINDOWS\System32\CRYPT32.dll
0x00007ffeaf020000 - 0x00007ffeaf050000 	C:\WINDOWS\SYSTEM32\ncrypt.dll
0x00007ffeaefd0000 - 0x00007ffeaf00f000 	C:\WINDOWS\SYSTEM32\NTASN1.dll
0x00007ffeae0a0000 - 0x00007ffeae1c5000 	C:\WINDOWS\SYSTEM32\DNSAPI.dll
0x00007ffea7200000 - 0x00007ffea720b000 	C:\Windows\System32\rasadhlp.dll
0x00007ffea7b00000 - 0x00007ffea7b85000 	C:\WINDOWS\System32\fwpuclnt.dll
0x00007ffe99030000 - 0x00007ffe99039000 	C:\Users\palak\.vscode\extensions\redhat.java-1.40.0-win32-x64\jre\21.0.6-win32-x86_64\bin\extnet.dll

dbghelp: loaded successfully - version: 4.0.5 - missing functions: none
symbol engine: initialized successfully - sym options: 0x614 - pdb path: .;c:\Users\palak\.vscode\extensions\redhat.java-1.40.0-win32-x64\jre\21.0.6-win32-x86_64\bin;C:\WINDOWS\SYSTEM32;C:\WINDOWS\WinSxS\amd64_microsoft.windows.common-controls_6595b64144ccf1df_6.0.26100.3323_none_3e088096e3344490;c:\Users\palak\.vscode\extensions\redhat.java-1.40.0-win32-x64\jre\21.0.6-win32-x86_64\bin\server;C:\Users\palak\AppData\Roaming\Code\User\globalStorage\redhat.java\1.40.0\config_win\org.eclipse.equinox.launcher\org.eclipse.equinox.launcher.win32.win32.x86_64_1.2.1200.v20250212-0927;C:\Users\palak\AppData\Local\Temp\jna-106430981

VM Arguments:
jvm_args: --add-modules=ALL-SYSTEM --add-opens=java.base/java.util=ALL-UNNAMED --add-opens=java.base/java.lang=ALL-UNNAMED --add-opens=java.base/sun.nio.fs=ALL-UNNAMED -Declipse.application=org.eclipse.jdt.ls.core.id1 -Dosgi.bundles.defaultStartLevel=4 -Declipse.product=org.eclipse.jdt.ls.core.product -Djava.import.generatesMetadataFilesAtProjectRoot=false -DDetectVMInstallationsJob.disabled=true -Dfile.encoding=utf8 -XX:+UseParallelGC -XX:GCTimeRatio=4 -XX:AdaptiveSizePolicyWeight=90 -Dsun.zip.disableMemoryMapping=true -Xmx1G -Xms100m -Xlog:disable -javaagent:c:\Users\palak\.vscode\extensions\redhat.java-1.40.0-win32-x64\lombok\lombok-1.18.36.jar -XX:+HeapDumpOnOutOfMemoryError -XX:HeapDumpPath=c:\Users\palak\AppData\Roaming\Code\User\workspaceStorage\632f04cdbe9e26a6a5769c745b0508de\redhat.java -Daether.dependencyCollector.impl=bf 
java_command: c:\Users\palak\.vscode\extensions\redhat.java-1.40.0-win32-x64\server\plugins\org.eclipse.equinox.launcher_1.6.1000.v20250131-0606.jar -configuration c:\Users\palak\AppData\Roaming\Code\User\globalStorage\redhat.java\1.40.0\config_win -data c:\Users\palak\AppData\Roaming\Code\User\workspaceStorage\632f04cdbe9e26a6a5769c745b0508de\redhat.java\jdt_ws --pipe=\\.\pipe\lsp-bbac9ae843f5a8d9e14a00d9d8ce3565-sock
java_class_path (initial): c:\Users\palak\.vscode\extensions\redhat.java-1.40.0-win32-x64\server\plugins\org.eclipse.equinox.launcher_1.6.1000.v20250131-0606.jar
Launcher Type: SUN_STANDARD

[Global flags]
    uintx AdaptiveSizePolicyWeight                 = 90                                        {product} {command line}
     intx CICompilerCount                          = 3                                         {product} {ergonomic}
    uintx GCTimeRatio                              = 4                                         {product} {command line}
     bool HeapDumpOnOutOfMemoryError               = true                                   {manageable} {command line}
    ccstr HeapDumpPath                             = c:\Users\palak\AppData\Roaming\Code\User\workspaceStorage\632f04cdbe9e26a6a5769c745b0508de\redhat.java         {manageable} {command line}
   size_t InitialHeapSize                          = 104857600                                 {product} {command line}
   size_t MaxHeapSize                              = 1073741824                                {product} {command line}
   size_t MaxNewSize                               = 357564416                                 {product} {ergonomic}
   size_t MinHeapDeltaBytes                        = 524288                                    {product} {ergonomic}
   size_t MinHeapSize                              = 104857600                                 {product} {command line}
   size_t NewSize                                  = 34603008                                  {product} {ergonomic}
    uintx NonNMethodCodeHeapSize                   = 5832780                                {pd product} {ergonomic}
    uintx NonProfiledCodeHeapSize                  = 122912730                              {pd product} {ergonomic}
   size_t OldSize                                  = 70254592                                  {product} {ergonomic}
    uintx ProfiledCodeHeapSize                     = 122912730                              {pd product} {ergonomic}
    uintx ReservedCodeCacheSize                    = 251658240                              {pd product} {ergonomic}
     bool SegmentedCodeCache                       = true                                      {product} {ergonomic}
   size_t SoftMaxHeapSize                          = 1073741824                             {manageable} {ergonomic}
     bool UseCompressedOops                        = true                           {product lp64_product} {ergonomic}
     bool UseLargePagesIndividualAllocation        = false                                  {pd product} {ergonomic}
     bool UseParallelGC                            = true                                      {product} {command line}

Logging:
Log output configuration:
 #0: stdout all=off uptime,level,tags foldmultilines=false
 #1: stderr all=off uptime,level,tags foldmultilines=false

Environment Variables:
JAVA_HOME=C:\Users\palak\Downloads\java-21-openjdk-21.0.1.0.12-3.win.jdk.x86_64\java-21-openjdk-21.0.1.0.12-3.win.jdk.x86_64
PATH=C:\Program Files (x86)\Common Files\Oracle\Java\java8path;C:\Program Files (x86)\Common Files\Oracle\Java\javapath;C:\WINDOWS\system32;C:\WINDOWS;C:\WINDOWS\System32\Wbem;C:\WINDOWS\System32\WindowsPowerShell\v1.0\;C:\WINDOWS\System32\OpenSSH\;C:\Users\palak\Downloads\java-21-openjdk-21.0.1.0.12-3.win.jdk.x86_64\java-21-openjdk-21.0.1.0.12-3.win.jdk.x86_64\bin;C:\Users\palak\Downloads\apache-maven-3.9.8-bin\bin;c:\users\palak\appdata\local\packages\pythonsoftwarefoundation.python.3.11_qbz5n2kfra8p0\localcache\local-packages\python311\site-packages;C:\ProgramData\chocolatey\bin;C:\Program Files\nodejs\;C:\Users\palak\AppData\Local\Programs\Python\Python312\Scripts;C:\Program Files\Git\cmd;C:\Users\palak\Downloads\flutter_windows_3.27.3-stable\flutter\bin;C:\Users\palak\AppData\Local\Android\Sdk\cmdline-tools\latest\bin;C:\Users\palak\AppData\Local\Android\Sdk\platform-tools;C:\ffmpeg;C:\Program Files\MongoDB\Server\8.0\bin;C:\Users\palak\AppData\Local\Programs\Python\Python313\Scripts\;C:\Users\palak\AppData\Local\Programs\Python\Python313\;C:\Users\palak\AppData\Local\Programs\Python\Python312\Scripts\;C:\Users\palak\AppData\Local\Programs\Python\Python312\;C:\Users\palak\AppData\Local\Programs\Python\Launcher\;C:\Program Files\MySQL\MySQL Shell 8.0\bin\;C:\Users\palak\AppData\Local\Microsoft\WindowsApps;C:\Users\palak\AppData\Local\Programs\Microsoft VS Code\bin;C:\Program Files\JetBrains\IntelliJ IDEA Community Edition 2023.3.3\bin;C:\Users\palak\AppData\Local\JetBrains\CLion 2023.3.4\bin;C:\Program Files\JetBrains\PyCharm 2024.1.2\bin;C:\Program Files\JetBrains\PyCharm Community Edition 2024.1.4\bin;C:\Users\palak\AppData\Local\JetBrains\Toolbox\scripts;C:\Users\palak\AppData\Roaming\npm;C:\Users\palak\AppData\Local\GitHubDesktop\bin;C:\Users\palak\AppData\Local\Microsoft\WindowsApps;
USERNAME=palak
OS=Windows_NT
PROCESSOR_IDENTIFIER=AMD64 Family 23 Model 24 Stepping 1, AuthenticAMD
TMP=C:\Users\palak\AppData\Local\Temp
TEMP=C:\Users\palak\AppData\Local\Temp




Periodic native trim disabled

---------------  S Y S T E M  ---------------

OS:
 Windows 11 , 64 bit Build 26100 (10.0.26100.3323)
OS uptime: 2 days 5:19 hours

CPU: total 4 (initial active 4) (4 cores per cpu, 2 threads per core) family 23 model 24 stepping 1 microcode 0x8108109, cx8, cmov, fxsr, ht, mmx, 3dnowpref, sse, sse2, sse3, ssse3, sse4a, sse4.1, sse4.2, popcnt, lzcnt, tsc, tscinvbit, avx, avx2, aes, clmul, bmi1, bmi2, adx, sha, fma, vzeroupper, clflush, clflushopt, rdtscp, f16c
Processor Information for the first 4 processors :
  Max Mhz: 2600, Current Mhz: 2600, Mhz Limit: 2600

Memory: 4k page, system-wide physical 6086M (621M free)
TotalPageFile size 14278M (AvailPageFile size 0M)
current process WorkingSet (physical memory assigned to process): 191M, peak: 214M
current process commit charge ("private bytes"): 267M, peak: 291M

vm_info: OpenJDK 64-Bit Server VM (21.0.6+7-LTS) for windows-amd64 JRE (21.0.6+7-LTS), built on 2025-01-21T00:00:00Z by "admin" with MS VC++ 17.7 (VS2022)

END.
