#
# There is insufficient memory for the Java Runtime Environment to continue.
# Native memory allocation (mmap) failed to map 65536 bytes for Failed to commit metaspace.
# Possible reasons:
#   The system is out of physical RAM or swap space
#   The process is running with CompressedOops enabled, and the Java Heap may be blocking the growth of the native heap
# Possible solutions:
#   Reduce memory load on the system
#   Increase physical memory or swap space
#   Check if swap backing store is full
#   Decrease Java heap size (-Xmx/-Xms)
#   Decrease number of Java threads
#   Decrease Java thread stack sizes (-Xss)
#   Set larger code cache with -XX:ReservedCodeCacheSize=
#   JVM is running with Unscaled Compressed Oops mode in which the Java heap is
#     placed in the first 4GB address space. The Java Heap base address is the
#     maximum limit for the native heap growth. Please use -XX:HeapBaseMinAddress
#     to set the Java Heap base and to place the Java Heap above 4GB virtual address.
# This output file may be truncated or incomplete.
#
#  Out of Memory Error (virtualSpaceNode.cpp:112), pid=18832, tid=16672
#
# JRE version: OpenJDK Runtime Environment (Red_Hat-21.0.1.0+12-3) (21.0.1+12) (build 21.0.1+12-LTS)
# Java VM: OpenJDK 64-Bit Server VM (Red_Hat-21.0.1.0+12-3) (21.0.1+12-LTS, mixed mode, sharing, tiered, compressed oops, compressed class ptrs, g1 gc, windows-amd64)
# No core dump will be written. Minidumps are not enabled by default on client versions of Windows
#

---------------  S U M M A R Y ------------

Command Line: -Dclassworlds.conf=C:\Users\palak\Downloads\apache-maven-3.9.8-bin\bin\m2.conf -Dmaven.home=C:\Users\palak\Downloads\apache-maven-3.9.8-bin -Dlibrary.jansi.path=C:\Users\palak\Downloads\apache-maven-3.9.8-bin\lib\jansi-native -Dmaven.multiModuleProjectDirectory=C:\Users\palak\Downloads\demo org.codehaus.plexus.classworlds.launcher.Launcher spring-boot:run

Host: AMD Ryzen 3 3250U with Radeon Graphics         , 4 cores, 5G,  Windows 11 , 64 bit Build 26100 (10.0.26100.3037)
Time: Tue Feb 18 21:48:17 2025 India Standard Time elapsed time: 1.803799 seconds (0d 0h 0m 1s)

---------------  T H R E A D  ---------------

Current thread (0x00000231ffeee870):  JavaThread "C1 CompilerThread0" daemon [_thread_in_vm, id=16672, stack(0x000000c46ec00000,0x000000c46ed00000) (1024K)]


Current CompileTask:
C1:   1803  401       3       sun.net.www.ParseUtil::firstEncodeIndex (86 bytes)

Stack: [0x000000c46ec00000,0x000000c46ed00000]
Native frames: (J=compiled Java code, j=interpreted, Vv=VM code, C=native code)
V  [jvm.dll+0x6c7789]
V  [jvm.dll+0x8a2011]
V  [jvm.dll+0x8a44ae]
V  [jvm.dll+0x8a4b83]
V  [jvm.dll+0x27f936]
V  [jvm.dll+0x89dd8e]
V  [jvm.dll+0x66a6f5]
V  [jvm.dll+0x66a75a]
V  [jvm.dll+0x66cf12]
V  [jvm.dll+0x66cde2]
V  [jvm.dll+0x66b0ce]
V  [jvm.dll+0x67c4fa]
V  [jvm.dll+0x675622]
V  [jvm.dll+0x1f32c0]
V  [jvm.dll+0x1f34a8]
V  [jvm.dll+0x153d9e]
V  [jvm.dll+0x1540e4]
V  [jvm.dll+0x153516]
V  [jvm.dll+0x1552ed]
V  [jvm.dll+0x256c69]
V  [jvm.dll+0x25523a]
V  [jvm.dll+0x3ecc86]
V  [jvm.dll+0x84af3b]
V  [jvm.dll+0x6c5ebd]
C  [ucrtbase.dll+0x37b0]
C  [KERNEL32.DLL+0x2e8d7]
C  [ntdll.dll+0xbbf2c]


---------------  P R O C E S S  ---------------

Threads class SMR info:
_java_thread_list=0x00000231c734cd30, length=12, elements={
0x00000231e4472440, 0x00000231ffecae50, 0x00000231ffecd530, 0x00000231ffed35a0,
0x00000231ffed4000, 0x00000231ffed6270, 0x00000231ffee2710, 0x00000231ffed8790,
0x00000231ffeee870, 0x00000231c7210180, 0x00000231c721a9d0, 0x00000231c759d0c0
}

Java Threads: ( => current thread )
  0x00000231e4472440 JavaThread "main"                              [_thread_in_vm, id=17148, stack(0x000000c46dd00000,0x000000c46de00000) (1024K)]
  0x00000231ffecae50 JavaThread "Reference Handler"          daemon [_thread_blocked, id=14196, stack(0x000000c46e500000,0x000000c46e600000) (1024K)]
  0x00000231ffecd530 JavaThread "Finalizer"                  daemon [_thread_blocked, id=10876, stack(0x000000c46e600000,0x000000c46e700000) (1024K)]
  0x00000231ffed35a0 JavaThread "Signal Dispatcher"          daemon [_thread_blocked, id=5512, stack(0x000000c46e700000,0x000000c46e800000) (1024K)]
  0x00000231ffed4000 JavaThread "Attach Listener"            daemon [_thread_blocked, id=9628, stack(0x000000c46e800000,0x000000c46e900000) (1024K)]
  0x00000231ffed6270 JavaThread "Service Thread"             daemon [_thread_blocked, id=14660, stack(0x000000c46e900000,0x000000c46ea00000) (1024K)]
  0x00000231ffee2710 JavaThread "Monitor Deflation Thread"   daemon [_thread_blocked, id=17036, stack(0x000000c46ea00000,0x000000c46eb00000) (1024K)]
  0x00000231ffed8790 JavaThread "C2 CompilerThread0"         daemon [_thread_blocked, id=3588, stack(0x000000c46eb00000,0x000000c46ec00000) (1024K)]
=>0x00000231ffeee870 JavaThread "C1 CompilerThread0"         daemon [_thread_in_vm, id=16672, stack(0x000000c46ec00000,0x000000c46ed00000) (1024K)]
  0x00000231c7210180 JavaThread "Notification Thread"        daemon [_thread_blocked, id=16216, stack(0x000000c46ed00000,0x000000c46ee00000) (1024K)]
  0x00000231c721a9d0 JavaThread "Common-Cleaner"             daemon [_thread_blocked, id=11464, stack(0x000000c46ee00000,0x000000c46ef00000) (1024K)]
  0x00000231c759d0c0 JavaThread "cleanup"                    daemon [_thread_in_vm, id=3944, stack(0x000000c46ef00000,0x000000c46f000000) (1024K)]
Total: 12

Other Threads:
  0x00000231ffeaab10 VMThread "VM Thread"                           [id=19316, stack(0x000000c46e400000,0x000000c46e500000) (1024K)]
  0x00000231ffe93940 WatcherThread "VM Periodic Task Thread"        [id=2804, stack(0x000000c46e300000,0x000000c46e400000) (1024K)]
  0x00000231e65f19d0 WorkerThread "GC Thread#0"                     [id=16092, stack(0x000000c46de00000,0x000000c46df00000) (1024K)]
  0x00000231e65ff670 ConcurrentGCThread "G1 Main Marker"            [id=6004, stack(0x000000c46df00000,0x000000c46e000000) (1024K)]
  0x00000231e6600910 WorkerThread "G1 Conc#0"                       [id=16840, stack(0x000000c46e000000,0x000000c46e100000) (1024K)]
  0x00000231ffd62090 ConcurrentGCThread "G1 Refine#0"               [id=9736, stack(0x000000c46e100000,0x000000c46e200000) (1024K)]
  0x00000231ffd638c0 ConcurrentGCThread "G1 Service"                [id=15312, stack(0x000000c46e200000,0x000000c46e300000) (1024K)]
Total: 7

Threads with active compile tasks:
C1 CompilerThread0     1877  401       3       sun.net.www.ParseUtil::firstEncodeIndex (86 bytes)
Total: 1

VM state: not at safepoint (normal execution)

VM Mutex/Monitor currently owned by a thread:  ([mutex/lock_event])
[0x00007ffe9553f9a8] Metaspace_lock - owner thread: 0x00000231ffeee870

Heap address: 0x00000000a0e00000, size: 1522 MB, Compressed Oops mode: 32-bit

CDS archive(s) mapped at: [0x0000023182000000-0x0000023182c90000-0x0000023182c90000), size 13172736, SharedBaseAddress: 0x0000023182000000, ArchiveRelocationMode: 1.
Compressed class space mapped at: 0x0000023183000000-0x00000231c3000000, reserved size: 1073741824
Narrow klass base: 0x0000023182000000, Narrow klass shift: 0, Narrow klass range: 0x100000000

GC Precious Log:
 CardTable entry size: 512
 Card Set container configuration: InlinePtr #cards 5 size 8 Array Of Cards #cards 12 size 40 Howl #buckets 4 coarsen threshold 1843 Howl Bitmap #cards 512 size 80 coarsen threshold 460 Card regions per heap region 1 cards per card region 2048
 CPUs: 4 total, 4 available
 Memory: 6086M
 Large Page Support: Disabled
 NUMA Support: Disabled
 Compressed Oops: Enabled (32-bit)
 Heap Region Size: 1M
 Heap Min Capacity: 8M
 Heap Initial Capacity: 96M
 Heap Max Capacity: 1522M
 Pre-touch: Disabled
 Parallel Workers: 4
 Concurrent Workers: 1
 Concurrent Refinement Workers: 4
 Periodic GC: Disabled

Heap:
 garbage-first heap   total 98304K, used 4096K [0x00000000a0e00000, 0x0000000100000000)
  region size 1024K, 6 young (6144K), 0 survivors (0K)
 Metaspace       used 1370K, committed 1536K, reserved 1114112K
  class space    used 119K, committed 256K, reserved 1048576K

Heap Regions: E=young(eden), S=young(survivor), O=old, HS=humongous(starts), HC=humongous(continues), CS=collection set, F=free, TAMS=top-at-mark-start, PB=parsable bottom
|   0|0x00000000a0e00000, 0x00000000a0e00000, 0x00000000a0f00000|  0%| F|  |TAMS 0x00000000a0e00000| PB 0x00000000a0e00000| Untracked 
|   1|0x00000000a0f00000, 0x00000000a0f00000, 0x00000000a1000000|  0%| F|  |TAMS 0x00000000a0f00000| PB 0x00000000a0f00000| Untracked 
|   2|0x00000000a1000000, 0x00000000a1000000, 0x00000000a1100000|  0%| F|  |TAMS 0x00000000a1000000| PB 0x00000000a1000000| Untracked 
|   3|0x00000000a1100000, 0x00000000a1100000, 0x00000000a1200000|  0%| F|  |TAMS 0x00000000a1100000| PB 0x00000000a1100000| Untracked 
|   4|0x00000000a1200000, 0x00000000a1200000, 0x00000000a1300000|  0%| F|  |TAMS 0x00000000a1200000| PB 0x00000000a1200000| Untracked 
|   5|0x00000000a1300000, 0x00000000a1300000, 0x00000000a1400000|  0%| F|  |TAMS 0x00000000a1300000| PB 0x00000000a1300000| Untracked 
|   6|0x00000000a1400000, 0x00000000a1400000, 0x00000000a1500000|  0%| F|  |TAMS 0x00000000a1400000| PB 0x00000000a1400000| Untracked 
|   7|0x00000000a1500000, 0x00000000a1500000, 0x00000000a1600000|  0%| F|  |TAMS 0x00000000a1500000| PB 0x00000000a1500000| Untracked 
|   8|0x00000000a1600000, 0x00000000a1600000, 0x00000000a1700000|  0%| F|  |TAMS 0x00000000a1600000| PB 0x00000000a1600000| Untracked 
|   9|0x00000000a1700000, 0x00000000a1700000, 0x00000000a1800000|  0%| F|  |TAMS 0x00000000a1700000| PB 0x00000000a1700000| Untracked 
|  10|0x00000000a1800000, 0x00000000a1800000, 0x00000000a1900000|  0%| F|  |TAMS 0x00000000a1800000| PB 0x00000000a1800000| Untracked 
|  11|0x00000000a1900000, 0x00000000a1900000, 0x00000000a1a00000|  0%| F|  |TAMS 0x00000000a1900000| PB 0x00000000a1900000| Untracked 
|  12|0x00000000a1a00000, 0x00000000a1a00000, 0x00000000a1b00000|  0%| F|  |TAMS 0x00000000a1a00000| PB 0x00000000a1a00000| Untracked 
|  13|0x00000000a1b00000, 0x00000000a1b00000, 0x00000000a1c00000|  0%| F|  |TAMS 0x00000000a1b00000| PB 0x00000000a1b00000| Untracked 
|  14|0x00000000a1c00000, 0x00000000a1c00000, 0x00000000a1d00000|  0%| F|  |TAMS 0x00000000a1c00000| PB 0x00000000a1c00000| Untracked 
|  15|0x00000000a1d00000, 0x00000000a1d00000, 0x00000000a1e00000|  0%| F|  |TAMS 0x00000000a1d00000| PB 0x00000000a1d00000| Untracked 
|  16|0x00000000a1e00000, 0x00000000a1e00000, 0x00000000a1f00000|  0%| F|  |TAMS 0x00000000a1e00000| PB 0x00000000a1e00000| Untracked 
|  17|0x00000000a1f00000, 0x00000000a1f00000, 0x00000000a2000000|  0%| F|  |TAMS 0x00000000a1f00000| PB 0x00000000a1f00000| Untracked 
|  18|0x00000000a2000000, 0x00000000a2000000, 0x00000000a2100000|  0%| F|  |TAMS 0x00000000a2000000| PB 0x00000000a2000000| Untracked 
|  19|0x00000000a2100000, 0x00000000a2100000, 0x00000000a2200000|  0%| F|  |TAMS 0x00000000a2100000| PB 0x00000000a2100000| Untracked 
|  20|0x00000000a2200000, 0x00000000a2200000, 0x00000000a2300000|  0%| F|  |TAMS 0x00000000a2200000| PB 0x00000000a2200000| Untracked 
|  21|0x00000000a2300000, 0x00000000a2300000, 0x00000000a2400000|  0%| F|  |TAMS 0x00000000a2300000| PB 0x00000000a2300000| Untracked 
|  22|0x00000000a2400000, 0x00000000a2400000, 0x00000000a2500000|  0%| F|  |TAMS 0x00000000a2400000| PB 0x00000000a2400000| Untracked 
|  23|0x00000000a2500000, 0x00000000a2500000, 0x00000000a2600000|  0%| F|  |TAMS 0x00000000a2500000| PB 0x00000000a2500000| Untracked 
|  24|0x00000000a2600000, 0x00000000a2600000, 0x00000000a2700000|  0%| F|  |TAMS 0x00000000a2600000| PB 0x00000000a2600000| Untracked 
|  25|0x00000000a2700000, 0x00000000a2700000, 0x00000000a2800000|  0%| F|  |TAMS 0x00000000a2700000| PB 0x00000000a2700000| Untracked 
|  26|0x00000000a2800000, 0x00000000a2800000, 0x00000000a2900000|  0%| F|  |TAMS 0x00000000a2800000| PB 0x00000000a2800000| Untracked 
|  27|0x00000000a2900000, 0x00000000a2900000, 0x00000000a2a00000|  0%| F|  |TAMS 0x00000000a2900000| PB 0x00000000a2900000| Untracked 
|  28|0x00000000a2a00000, 0x00000000a2a00000, 0x00000000a2b00000|  0%| F|  |TAMS 0x00000000a2a00000| PB 0x00000000a2a00000| Untracked 
|  29|0x00000000a2b00000, 0x00000000a2b00000, 0x00000000a2c00000|  0%| F|  |TAMS 0x00000000a2b00000| PB 0x00000000a2b00000| Untracked 
|  30|0x00000000a2c00000, 0x00000000a2c00000, 0x00000000a2d00000|  0%| F|  |TAMS 0x00000000a2c00000| PB 0x00000000a2c00000| Untracked 
|  31|0x00000000a2d00000, 0x00000000a2d00000, 0x00000000a2e00000|  0%| F|  |TAMS 0x00000000a2d00000| PB 0x00000000a2d00000| Untracked 
|  32|0x00000000a2e00000, 0x00000000a2e00000, 0x00000000a2f00000|  0%| F|  |TAMS 0x00000000a2e00000| PB 0x00000000a2e00000| Untracked 
|  33|0x00000000a2f00000, 0x00000000a2f00000, 0x00000000a3000000|  0%| F|  |TAMS 0x00000000a2f00000| PB 0x00000000a2f00000| Untracked 
|  34|0x00000000a3000000, 0x00000000a3000000, 0x00000000a3100000|  0%| F|  |TAMS 0x00000000a3000000| PB 0x00000000a3000000| Untracked 
|  35|0x00000000a3100000, 0x00000000a3100000, 0x00000000a3200000|  0%| F|  |TAMS 0x00000000a3100000| PB 0x00000000a3100000| Untracked 
|  36|0x00000000a3200000, 0x00000000a3200000, 0x00000000a3300000|  0%| F|  |TAMS 0x00000000a3200000| PB 0x00000000a3200000| Untracked 
|  37|0x00000000a3300000, 0x00000000a3300000, 0x00000000a3400000|  0%| F|  |TAMS 0x00000000a3300000| PB 0x00000000a3300000| Untracked 
|  38|0x00000000a3400000, 0x00000000a3400000, 0x00000000a3500000|  0%| F|  |TAMS 0x00000000a3400000| PB 0x00000000a3400000| Untracked 
|  39|0x00000000a3500000, 0x00000000a3500000, 0x00000000a3600000|  0%| F|  |TAMS 0x00000000a3500000| PB 0x00000000a3500000| Untracked 
|  40|0x00000000a3600000, 0x00000000a3600000, 0x00000000a3700000|  0%| F|  |TAMS 0x00000000a3600000| PB 0x00000000a3600000| Untracked 
|  41|0x00000000a3700000, 0x00000000a3700000, 0x00000000a3800000|  0%| F|  |TAMS 0x00000000a3700000| PB 0x00000000a3700000| Untracked 
|  42|0x00000000a3800000, 0x00000000a3800000, 0x00000000a3900000|  0%| F|  |TAMS 0x00000000a3800000| PB 0x00000000a3800000| Untracked 
|  43|0x00000000a3900000, 0x00000000a3900000, 0x00000000a3a00000|  0%| F|  |TAMS 0x00000000a3900000| PB 0x00000000a3900000| Untracked 
|  44|0x00000000a3a00000, 0x00000000a3a00000, 0x00000000a3b00000|  0%| F|  |TAMS 0x00000000a3a00000| PB 0x00000000a3a00000| Untracked 
|  45|0x00000000a3b00000, 0x00000000a3b00000, 0x00000000a3c00000|  0%| F|  |TAMS 0x00000000a3b00000| PB 0x00000000a3b00000| Untracked 
|  46|0x00000000a3c00000, 0x00000000a3c00000, 0x00000000a3d00000|  0%| F|  |TAMS 0x00000000a3c00000| PB 0x00000000a3c00000| Untracked 
|  47|0x00000000a3d00000, 0x00000000a3d00000, 0x00000000a3e00000|  0%| F|  |TAMS 0x00000000a3d00000| PB 0x00000000a3d00000| Untracked 
|  48|0x00000000a3e00000, 0x00000000a3e00000, 0x00000000a3f00000|  0%| F|  |TAMS 0x00000000a3e00000| PB 0x00000000a3e00000| Untracked 
|  49|0x00000000a3f00000, 0x00000000a3f00000, 0x00000000a4000000|  0%| F|  |TAMS 0x00000000a3f00000| PB 0x00000000a3f00000| Untracked 
|  50|0x00000000a4000000, 0x00000000a4000000, 0x00000000a4100000|  0%| F|  |TAMS 0x00000000a4000000| PB 0x00000000a4000000| Untracked 
|  51|0x00000000a4100000, 0x00000000a4100000, 0x00000000a4200000|  0%| F|  |TAMS 0x00000000a4100000| PB 0x00000000a4100000| Untracked 
|  52|0x00000000a4200000, 0x00000000a4200000, 0x00000000a4300000|  0%| F|  |TAMS 0x00000000a4200000| PB 0x00000000a4200000| Untracked 
|  53|0x00000000a4300000, 0x00000000a4300000, 0x00000000a4400000|  0%| F|  |TAMS 0x00000000a4300000| PB 0x00000000a4300000| Untracked 
|  54|0x00000000a4400000, 0x00000000a4400000, 0x00000000a4500000|  0%| F|  |TAMS 0x00000000a4400000| PB 0x00000000a4400000| Untracked 
|  55|0x00000000a4500000, 0x00000000a4500000, 0x00000000a4600000|  0%| F|  |TAMS 0x00000000a4500000| PB 0x00000000a4500000| Untracked 
|  56|0x00000000a4600000, 0x00000000a4600000, 0x00000000a4700000|  0%| F|  |TAMS 0x00000000a4600000| PB 0x00000000a4600000| Untracked 
|  57|0x00000000a4700000, 0x00000000a4700000, 0x00000000a4800000|  0%| F|  |TAMS 0x00000000a4700000| PB 0x00000000a4700000| Untracked 
|  58|0x00000000a4800000, 0x00000000a4800000, 0x00000000a4900000|  0%| F|  |TAMS 0x00000000a4800000| PB 0x00000000a4800000| Untracked 
|  59|0x00000000a4900000, 0x00000000a4900000, 0x00000000a4a00000|  0%| F|  |TAMS 0x00000000a4900000| PB 0x00000000a4900000| Untracked 
|  60|0x00000000a4a00000, 0x00000000a4a00000, 0x00000000a4b00000|  0%| F|  |TAMS 0x00000000a4a00000| PB 0x00000000a4a00000| Untracked 
|  61|0x00000000a4b00000, 0x00000000a4b00000, 0x00000000a4c00000|  0%| F|  |TAMS 0x00000000a4b00000| PB 0x00000000a4b00000| Untracked 
|  62|0x00000000a4c00000, 0x00000000a4c00000, 0x00000000a4d00000|  0%| F|  |TAMS 0x00000000a4c00000| PB 0x00000000a4c00000| Untracked 
|  63|0x00000000a4d00000, 0x00000000a4d00000, 0x00000000a4e00000|  0%| F|  |TAMS 0x00000000a4d00000| PB 0x00000000a4d00000| Untracked 
|  64|0x00000000a4e00000, 0x00000000a4e00000, 0x00000000a4f00000|  0%| F|  |TAMS 0x00000000a4e00000| PB 0x00000000a4e00000| Untracked 
|  65|0x00000000a4f00000, 0x00000000a4f00000, 0x00000000a5000000|  0%| F|  |TAMS 0x00000000a4f00000| PB 0x00000000a4f00000| Untracked 
|  66|0x00000000a5000000, 0x00000000a5000000, 0x00000000a5100000|  0%| F|  |TAMS 0x00000000a5000000| PB 0x00000000a5000000| Untracked 
|  67|0x00000000a5100000, 0x00000000a5100000, 0x00000000a5200000|  0%| F|  |TAMS 0x00000000a5100000| PB 0x00000000a5100000| Untracked 
|  68|0x00000000a5200000, 0x00000000a5200000, 0x00000000a5300000|  0%| F|  |TAMS 0x00000000a5200000| PB 0x00000000a5200000| Untracked 
|  69|0x00000000a5300000, 0x00000000a5300000, 0x00000000a5400000|  0%| F|  |TAMS 0x00000000a5300000| PB 0x00000000a5300000| Untracked 
|  70|0x00000000a5400000, 0x00000000a5400000, 0x00000000a5500000|  0%| F|  |TAMS 0x00000000a5400000| PB 0x00000000a5400000| Untracked 
|  71|0x00000000a5500000, 0x00000000a5500000, 0x00000000a5600000|  0%| F|  |TAMS 0x00000000a5500000| PB 0x00000000a5500000| Untracked 
|  72|0x00000000a5600000, 0x00000000a5600000, 0x00000000a5700000|  0%| F|  |TAMS 0x00000000a5600000| PB 0x00000000a5600000| Untracked 
|  73|0x00000000a5700000, 0x00000000a5700000, 0x00000000a5800000|  0%| F|  |TAMS 0x00000000a5700000| PB 0x00000000a5700000| Untracked 
|  74|0x00000000a5800000, 0x00000000a5800000, 0x00000000a5900000|  0%| F|  |TAMS 0x00000000a5800000| PB 0x00000000a5800000| Untracked 
|  75|0x00000000a5900000, 0x00000000a5900000, 0x00000000a5a00000|  0%| F|  |TAMS 0x00000000a5900000| PB 0x00000000a5900000| Untracked 
|  76|0x00000000a5a00000, 0x00000000a5a00000, 0x00000000a5b00000|  0%| F|  |TAMS 0x00000000a5a00000| PB 0x00000000a5a00000| Untracked 
|  77|0x00000000a5b00000, 0x00000000a5b00000, 0x00000000a5c00000|  0%| F|  |TAMS 0x00000000a5b00000| PB 0x00000000a5b00000| Untracked 
|  78|0x00000000a5c00000, 0x00000000a5c00000, 0x00000000a5d00000|  0%| F|  |TAMS 0x00000000a5c00000| PB 0x00000000a5c00000| Untracked 
|  79|0x00000000a5d00000, 0x00000000a5d00000, 0x00000000a5e00000|  0%| F|  |TAMS 0x00000000a5d00000| PB 0x00000000a5d00000| Untracked 
|  80|0x00000000a5e00000, 0x00000000a5e00000, 0x00000000a5f00000|  0%| F|  |TAMS 0x00000000a5e00000| PB 0x00000000a5e00000| Untracked 
|  81|0x00000000a5f00000, 0x00000000a5f00000, 0x00000000a6000000|  0%| F|  |TAMS 0x00000000a5f00000| PB 0x00000000a5f00000| Untracked 
|  82|0x00000000a6000000, 0x00000000a6000000, 0x00000000a6100000|  0%| F|  |TAMS 0x00000000a6000000| PB 0x00000000a6000000| Untracked 
|  83|0x00000000a6100000, 0x00000000a6100000, 0x00000000a6200000|  0%| F|  |TAMS 0x00000000a6100000| PB 0x00000000a6100000| Untracked 
|  84|0x00000000a6200000, 0x00000000a6200000, 0x00000000a6300000|  0%| F|  |TAMS 0x00000000a6200000| PB 0x00000000a6200000| Untracked 
|  85|0x00000000a6300000, 0x00000000a6300000, 0x00000000a6400000|  0%| F|  |TAMS 0x00000000a6300000| PB 0x00000000a6300000| Untracked 
|  86|0x00000000a6400000, 0x00000000a6400000, 0x00000000a6500000|  0%| F|  |TAMS 0x00000000a6400000| PB 0x00000000a6400000| Untracked 
|  87|0x00000000a6500000, 0x00000000a6500000, 0x00000000a6600000|  0%| F|  |TAMS 0x00000000a6500000| PB 0x00000000a6500000| Untracked 
|  88|0x00000000a6600000, 0x00000000a6600000, 0x00000000a6700000|  0%| F|  |TAMS 0x00000000a6600000| PB 0x00000000a6600000| Untracked 
|  89|0x00000000a6700000, 0x00000000a6700000, 0x00000000a6800000|  0%| F|  |TAMS 0x00000000a6700000| PB 0x00000000a6700000| Untracked 
|  90|0x00000000a6800000, 0x00000000a6843128, 0x00000000a6900000| 26%| E|  |TAMS 0x00000000a6800000| PB 0x00000000a6800000| Complete 
|  91|0x00000000a6900000, 0x00000000a6a00000, 0x00000000a6a00000|100%| E|CS|TAMS 0x00000000a6900000| PB 0x00000000a6900000| Complete 
|  92|0x00000000a6a00000, 0x00000000a6b00000, 0x00000000a6b00000|100%| E|CS|TAMS 0x00000000a6a00000| PB 0x00000000a6a00000| Complete 
|  93|0x00000000a6b00000, 0x00000000a6c00000, 0x00000000a6c00000|100%| E|  |TAMS 0x00000000a6b00000| PB 0x00000000a6b00000| Complete 
|  94|0x00000000a6c00000, 0x00000000a6d00000, 0x00000000a6d00000|100%| E|CS|TAMS 0x00000000a6c00000| PB 0x00000000a6c00000| Complete 
|  95|0x00000000a6d00000, 0x00000000a6e00000, 0x00000000a6e00000|100%| E|CS|TAMS 0x00000000a6d00000| PB 0x00000000a6d00000| Complete 

Card table byte_map: [0x00000231fdf60000,0x00000231fe260000] _byte_map_base: 0x00000231fda59000

Marking Bits: (CMBitMap*) 0x00000231e65f20d0
 Bits: [0x00000231fe260000, 0x00000231ffa28000)

Polling page: 0x00000231e5d70000

Metaspace:

Usage:
  Non-class:      1.22 MB used.
      Class:    119.20 KB used.
       Both:      1.34 MB used.

Virtual space:
  Non-class space:       64.00 MB reserved,       1.25 MB (  2%) committed,  1 nodes.
      Class space:        1.00 GB reserved,     256.00 KB ( <1%) committed,  1 nodes.
             Both:        1.06 GB reserved,       1.50 MB ( <1%) committed. 

Chunk freelists:
   Non-Class:  11.62 MB
       Class:  15.68 MB
        Both:  27.31 MB

MaxMetaspaceSize: unlimited
CompressedClassSpaceSize: 1.00 GB
Initial GC threshold: 21.00 MB
Current GC threshold: 21.00 MB
CDS: on
 - commit_granule_bytes: 65536.
 - commit_granule_words: 8192.
 - virtual_space_node_default_size: 8388608.
 - enlarge_chunks_in_place: 1.
 - use_allocation_guard: 0.


Internal statistics:

num_allocs_failed_limit: 0.
num_arena_births: 34.
num_arena_deaths: 0.
num_vsnodes_births: 2.
num_vsnodes_deaths: 0.
num_space_committed: 24.
num_space_uncommitted: 0.
num_chunks_returned_to_freelist: 0.
num_chunks_taken_from_freelist: 59.
num_chunk_merges: 0.
num_chunk_splits: 39.
num_chunks_enlarged: 28.
num_inconsistent_stats: 0.

CodeHeap 'non-profiled nmethods': size=120000Kb used=129Kb max_used=129Kb free=119870Kb
 bounds [0x00000231f6730000, 0x00000231f69a0000, 0x00000231fdc60000]
CodeHeap 'profiled nmethods': size=120000Kb used=599Kb max_used=599Kb free=119400Kb
 bounds [0x00000231eec60000, 0x00000231eeed0000, 0x00000231f6190000]
CodeHeap 'non-nmethods': size=5760Kb used=1301Kb max_used=1315Kb free=4458Kb
 bounds [0x00000231f6190000, 0x00000231f6400000, 0x00000231f6730000]
 total_blobs=817 nmethods=400 adapters=322
 compilation: enabled
              stopped_count=0, restarted_count=0
 full_count=0

Compilation events (20 events):
Event: 1.785 Thread 0x00000231ffeee870  391       3       jdk.internal.module.ModuleReferenceImpl::hashCode (56 bytes)
Event: 1.786 Thread 0x00000231ffeee870 nmethod 391 0x00000231eecf2210 code [0x00000231eecf2400, 0x00000231eecf2898]
Event: 1.786 Thread 0x00000231ffeee870  392   !   3       java.nio.DirectByteBuffer::get (34 bytes)
Event: 1.787 Thread 0x00000231ffeee870 nmethod 392 0x00000231eecf2a10 code [0x00000231eecf2c60, 0x00000231eecf35c0]
Event: 1.787 Thread 0x00000231ffeee870  393       3       java.nio.DirectByteBuffer::ix (10 bytes)
Event: 1.787 Thread 0x00000231ffeee870 nmethod 393 0x00000231eecf3a90 code [0x00000231eecf3c20, 0x00000231eecf3d38]
Event: 1.787 Thread 0x00000231ffeee870  394   !   3       jdk.internal.misc.ScopedMemoryAccess::getByte (16 bytes)
Event: 1.788 Thread 0x00000231ffeee870 nmethod 394 0x00000231eecf3e10 code [0x00000231eecf4000, 0x00000231eecf43f0]
Event: 1.788 Thread 0x00000231ffeee870  396       3       jdk.internal.jimage.ImageStringsReader::unmaskedHashCode (166 bytes)
Event: 1.788 Thread 0x00000231ffed8790  398       4       jdk.internal.misc.Unsafe::putReferenceRelease (9 bytes)
Event: 1.789 Thread 0x00000231ffeee870 nmethod 396 0x00000231eecf4610 code [0x00000231eecf4860, 0x00000231eecf53c8]
Event: 1.789 Thread 0x00000231ffeee870  395   !   3       jdk.internal.misc.ScopedMemoryAccess::getByteInternal (34 bytes)
Event: 1.790 Thread 0x00000231ffeee870 nmethod 395 0x00000231eecf5890 code [0x00000231eecf5a40, 0x00000231eecf5cb0]
Event: 1.790 Thread 0x00000231ffeee870  397       1       java.nio.Buffer::limit (5 bytes)
Event: 1.790 Thread 0x00000231ffeee870 nmethod 397 0x00000231f674f910 code [0x00000231f674faa0, 0x00000231f674fb68]
Event: 1.790 Thread 0x00000231ffeee870  400       1       java.security.CodeSource::getLocation (5 bytes)
Event: 1.790 Thread 0x00000231ffeee870 nmethod 400 0x00000231f674fc10 code [0x00000231f674fda0, 0x00000231f674fe68]
Event: 1.790 Thread 0x00000231ffed8790 nmethod 398 0x00000231f674ff10 code [0x00000231f67500a0, 0x00000231f67501f8]
Event: 1.790 Thread 0x00000231ffed8790  399       4       java.lang.StringLatin1::equals (36 bytes)
Event: 1.791 Thread 0x00000231ffeee870  401       3       sun.net.www.ParseUtil::firstEncodeIndex (86 bytes)

GC Heap History (0 events):
No events

Dll operation events (7 events):
Event: 0.029 Loaded shared library C:\Users\palak\Downloads\java-21-openjdk-21.0.1.0.12-3.win.jdk.x86_64\java-21-openjdk-21.0.1.0.12-3.win.jdk.x86_64\bin\java.dll
Event: 0.106 Loaded shared library C:\Users\palak\Downloads\java-21-openjdk-21.0.1.0.12-3.win.jdk.x86_64\java-21-openjdk-21.0.1.0.12-3.win.jdk.x86_64\bin\jsvml.dll
Event: 0.145 Loaded shared library C:\Users\palak\Downloads\java-21-openjdk-21.0.1.0.12-3.win.jdk.x86_64\java-21-openjdk-21.0.1.0.12-3.win.jdk.x86_64\bin\net.dll
Event: 0.153 Loaded shared library C:\Users\palak\Downloads\java-21-openjdk-21.0.1.0.12-3.win.jdk.x86_64\java-21-openjdk-21.0.1.0.12-3.win.jdk.x86_64\bin\nio.dll
Event: 0.188 Loaded shared library C:\Users\palak\Downloads\java-21-openjdk-21.0.1.0.12-3.win.jdk.x86_64\java-21-openjdk-21.0.1.0.12-3.win.jdk.x86_64\bin\zip.dll
Event: 1.755 Loaded shared library C:\Users\palak\Downloads\apache-maven-3.9.8-bin\lib\jansi-native\Windows\x86_64\jansi.dll
Event: 1.773 Loaded shared library C:\Users\palak\Downloads\java-21-openjdk-21.0.1.0.12-3.win.jdk.x86_64\java-21-openjdk-21.0.1.0.12-3.win.jdk.x86_64\bin\jimage.dll

Deoptimization events (20 events):
Event: 0.278 Thread 0x00000231e4472440 Uncommon trap: trap_request=0xffffff45 fr.pc=0x00000231f67394f4 relative=0x00000000000002b4
Event: 0.278 Thread 0x00000231e4472440 Uncommon trap: reason=unstable_if action=reinterpret pc=0x00000231f67394f4 method=java.lang.StringLatin1.hashCode([B)I @ 2 c2
Event: 0.279 Thread 0x00000231e4472440 DEOPT PACKING pc=0x00000231f67394f4 sp=0x000000c46ddfdb90
Event: 0.279 Thread 0x00000231e4472440 DEOPT UNPACKING pc=0x00000231f61e46a2 sp=0x000000c46ddfdac8 mode 2
Event: 0.442 Thread 0x00000231e4472440 DEOPT PACKING pc=0x00000231eec8eae7 sp=0x000000c46ddfdde0
Event: 0.442 Thread 0x00000231e4472440 DEOPT UNPACKING pc=0x00000231f61e4e42 sp=0x000000c46ddfd250 mode 0
Event: 0.442 Thread 0x00000231e4472440 DEOPT PACKING pc=0x00000231eec8eae7 sp=0x000000c46ddfdde0
Event: 0.442 Thread 0x00000231e4472440 DEOPT UNPACKING pc=0x00000231f61e4e42 sp=0x000000c46ddfd250 mode 0
Event: 0.442 Thread 0x00000231e4472440 DEOPT PACKING pc=0x00000231eec8eae7 sp=0x000000c46ddfdde0
Event: 0.442 Thread 0x00000231e4472440 DEOPT UNPACKING pc=0x00000231f61e4e42 sp=0x000000c46ddfd250 mode 0
Event: 1.539 Thread 0x00000231e4472440 Uncommon trap: trap_request=0xffffff45 fr.pc=0x00000231f673b6cc relative=0x000000000000012c
Event: 1.539 Thread 0x00000231e4472440 Uncommon trap: reason=unstable_if action=reinterpret pc=0x00000231f673b6cc method=java.lang.StringCoding.countPositives([BII)I @ 17 c2
Event: 1.539 Thread 0x00000231e4472440 DEOPT PACKING pc=0x00000231f673b6cc sp=0x000000c46ddfa270
Event: 1.539 Thread 0x00000231e4472440 DEOPT UNPACKING pc=0x00000231f61e46a2 sp=0x000000c46ddfa210 mode 2
Event: 1.655 Thread 0x00000231e4472440 DEOPT PACKING pc=0x00000231eecb5fe7 sp=0x000000c46ddfa1e0
Event: 1.655 Thread 0x00000231e4472440 DEOPT UNPACKING pc=0x00000231f61e4e42 sp=0x000000c46ddf9650 mode 0
Event: 1.670 Thread 0x00000231e4472440 Uncommon trap: trap_request=0xffffff45 fr.pc=0x00000231f6741790 relative=0x0000000000000070
Event: 1.670 Thread 0x00000231e4472440 Uncommon trap: reason=unstable_if action=reinterpret pc=0x00000231f6741790 method=java.io.WinNTFileSystem.isSlash(C)Z @ 9 c2
Event: 1.670 Thread 0x00000231e4472440 DEOPT PACKING pc=0x00000231f6741790 sp=0x000000c46ddfe370
Event: 1.670 Thread 0x00000231e4472440 DEOPT UNPACKING pc=0x00000231f61e46a2 sp=0x000000c46ddfe2f8 mode 2

Classes loaded (20 events):
Event: 1.737 Loading class java/lang/AssertionError
Event: 1.738 Loading class java/lang/AssertionError done
Event: 1.738 Loading class java/lang/UnsatisfiedLinkError
Event: 1.738 Loading class java/lang/UnsatisfiedLinkError done
Event: 1.741 Loading class java/util/LinkedList
Event: 1.741 Loading class java/util/AbstractSequentialList
Event: 1.741 Loading class java/util/AbstractSequentialList done
Event: 1.742 Loading class java/util/LinkedList done
Event: 1.755 Loading class jdk/internal/loader/NativeLibraries$Unloader
Event: 1.756 Loading class jdk/internal/loader/NativeLibraries$Unloader done
Event: 1.777 Loading class jdk/internal/jimage/ImageLocation
Event: 1.778 Loading class jdk/internal/jimage/ImageLocation done
Event: 1.788 Loading class java/lang/Thread$ThreadNumbering
Event: 1.788 Loading class java/lang/Thread$ThreadNumbering done
Event: 1.789 Loading class java/net/URLClassLoader$2
Event: 1.790 Loading class java/net/URLClassLoader$2 done
Event: 1.791 Loading class sun/net/www/protocol/jar/JarURLConnection
Event: 1.791 Loading class java/net/JarURLConnection
Event: 1.791 Loading class java/net/JarURLConnection done
Event: 1.792 Loading class sun/net/www/protocol/jar/JarURLConnection done

Classes unloaded (0 events):
No events

Classes redefined (0 events):
No events

Internal exceptions (13 events):
Event: 0.273 Thread 0x00000231e4472440 Exception <a 'java/lang/NoSuchMethodError'{0x00000000a6b12b98}: 'int java.lang.invoke.DirectMethodHandle$Holder.invokeSpecial(java.lang.Object, java.lang.Object, java.lang.Object)'> (0x00000000a6b12b98) 
thrown [s\src\hotspot\share\interpreter\linkResolver.cpp, line 773]
Event: 1.692 Thread 0x00000231e4472440 Exception <a 'java/lang/NoSuchMethodError'{0x00000000a693f2e0}: 'java.lang.Object java.lang.invoke.Invokers$Holder.invokeExact_MT(java.lang.Object, java.lang.Object, java.lang.Object, java.lang.Object, java.lang.Object)'> (0x00000000a693f2e0) 
thrown [s\src\hotspot\share\interpreter\linkResolver.cpp, line 773]
Event: 1.732 Thread 0x00000231e4472440 Exception <a 'java/lang/NullPointerException'{0x00000000a6999c08}> (0x00000000a6999c08) 
thrown [s\src\hotspot\share\interpreter\linkResolver.cpp, line 1372]
Event: 1.768 Thread 0x00000231e4472440 Exception <a 'java/lang/NoSuchMethodError'{0x00000000a69bf100}: 'void java.lang.invoke.DirectMethodHandle$Holder.invokeStatic(java.lang.Object, long, java.lang.Object)'> (0x00000000a69bf100) 
thrown [s\src\hotspot\share\interpreter\linkResolver.cpp, line 773]
Event: 1.770 Thread 0x00000231e4472440 Exception <a 'java/lang/NoSuchMethodError'{0x00000000a69c48a8}: 'java.lang.Object java.lang.invoke.DirectMethodHandle$Holder.newInvokeSpecial(java.lang.Object, long, java.lang.Object)'> (0x00000000a69c48a8) 
thrown [s\src\hotspot\share\interpreter\linkResolver.cpp, line 773]
Event: 1.775 Thread 0x00000231e4472440 Exception <a 'java/lang/NullPointerException'{0x00000000a6805be8}> (0x00000000a6805be8) 
thrown [s\src\hotspot\share\interpreter\linkResolver.cpp, line 1372]
Event: 1.776 Thread 0x00000231e4472440 Exception <a 'java/lang/NullPointerException'{0x00000000a6805ec8}> (0x00000000a6805ec8) 
thrown [s\src\hotspot\share\interpreter\linkResolver.cpp, line 1372]
Event: 1.776 Thread 0x00000231e4472440 Exception <a 'java/lang/NullPointerException'{0x00000000a68061a8}> (0x00000000a68061a8) 
thrown [s\src\hotspot\share\interpreter\linkResolver.cpp, line 1372]
Event: 1.780 Thread 0x00000231e4472440 Exception <a 'java/lang/NullPointerException'{0x00000000a680b668}> (0x00000000a680b668) 
thrown [s\src\hotspot\share\interpreter\linkResolver.cpp, line 1372]
Event: 1.787 Thread 0x00000231e4472440 Exception <a 'java/lang/NullPointerException'{0x00000000a681ef38}> (0x00000000a681ef38) 
thrown [s\src\hotspot\share\interpreter\linkResolver.cpp, line 1372]
Event: 1.787 Thread 0x00000231e4472440 Exception <a 'java/lang/NullPointerException'{0x00000000a681f218}> (0x00000000a681f218) 
thrown [s\src\hotspot\share\interpreter\linkResolver.cpp, line 1372]
Event: 1.787 Thread 0x00000231e4472440 Exception <a 'java/lang/NullPointerException'{0x00000000a681f4f8}> (0x00000000a681f4f8) 
thrown [s\src\hotspot\share\interpreter\linkResolver.cpp, line 1372]
Event: 1.787 Thread 0x00000231e4472440 Exception <a 'java/lang/NullPointerException'{0x00000000a681f7d8}> (0x00000000a681f7d8) 
thrown [s\src\hotspot\share\interpreter\linkResolver.cpp, line 1372]

ZGC Phase Switch (0 events):
No events

VM Operations (6 events):
Event: 0.190 Executing VM operation: HandshakeAllThreads (Deoptimize)
Event: 0.190 Executing VM operation: HandshakeAllThreads (Deoptimize) done
Event: 1.190 Executing VM operation: Cleanup
Event: 1.190 Executing VM operation: Cleanup done
Event: 1.729 Executing VM operation: HandshakeAllThreads (Deoptimize)
Event: 1.729 Executing VM operation: HandshakeAllThreads (Deoptimize) done

Events (12 events):
Event: 0.058 Thread 0x00000231e4472440 Thread added: 0x00000231e4472440
Event: 0.090 Thread 0x00000231ffecae50 Thread added: 0x00000231ffecae50
Event: 0.090 Thread 0x00000231ffecd530 Thread added: 0x00000231ffecd530
Event: 0.091 Thread 0x00000231ffed35a0 Thread added: 0x00000231ffed35a0
Event: 0.091 Thread 0x00000231ffed4000 Thread added: 0x00000231ffed4000
Event: 0.092 Thread 0x00000231ffed6270 Thread added: 0x00000231ffed6270
Event: 0.092 Thread 0x00000231ffee2710 Thread added: 0x00000231ffee2710
Event: 0.093 Thread 0x00000231ffed8790 Thread added: 0x00000231ffed8790
Event: 0.093 Thread 0x00000231ffeee870 Thread added: 0x00000231ffeee870
Event: 0.129 Thread 0x00000231c7210180 Thread added: 0x00000231c7210180
Event: 0.133 Thread 0x00000231c721a9d0 Thread added: 0x00000231c721a9d0
Event: 1.741 Thread 0x00000231c759d0c0 Thread added: 0x00000231c759d0c0


Dynamic libraries:
0x00007ff7d93c0000 - 0x00007ff7d93ce000 	C:\Users\palak\Downloads\java-21-openjdk-21.0.1.0.12-3.win.jdk.x86_64\java-21-openjdk-21.0.1.0.12-3.win.jdk.x86_64\bin\java.exe
0x00007fff17920000 - 0x00007fff17b83000 	C:\WINDOWS\SYSTEM32\ntdll.dll
0x00007fff158d0000 - 0x00007fff15997000 	C:\WINDOWS\System32\KERNEL32.DLL
0x00007fff14da0000 - 0x00007fff15167000 	C:\WINDOWS\System32\KERNELBASE.dll
0x00007fff15550000 - 0x00007fff1569c000 	C:\WINDOWS\System32\ucrtbase.dll
0x00007ffedd4b0000 - 0x00007ffedd4c8000 	C:\Users\palak\Downloads\java-21-openjdk-21.0.1.0.12-3.win.jdk.x86_64\java-21-openjdk-21.0.1.0.12-3.win.jdk.x86_64\bin\jli.dll
0x00007ffedd4d0000 - 0x00007ffedd4eb000 	C:\Users\palak\Downloads\java-21-openjdk-21.0.1.0.12-3.win.jdk.x86_64\java-21-openjdk-21.0.1.0.12-3.win.jdk.x86_64\bin\VCRUNTIME140.dll
0x00007fff167a0000 - 0x00007fff16969000 	C:\WINDOWS\System32\USER32.dll
0x00007fff14d70000 - 0x00007fff14d97000 	C:\WINDOWS\System32\win32u.dll
0x00007ffef3580000 - 0x00007ffef3810000 	C:\WINDOWS\WinSxS\amd64_microsoft.windows.common-controls_6595b64144ccf1df_6.0.26100.3037_none_3e09262ce333c378\COMCTL32.dll
0x00007fff16ab0000 - 0x00007fff16ada000 	C:\WINDOWS\System32\GDI32.dll
0x00007fff16b30000 - 0x00007fff16bd9000 	C:\WINDOWS\System32\msvcrt.dll
0x00007fff15210000 - 0x00007fff1533b000 	C:\WINDOWS\System32\gdi32full.dll
0x00007fff14cc0000 - 0x00007fff14d63000 	C:\WINDOWS\System32\msvcp_win.dll
0x00007fff175a0000 - 0x00007fff175cf000 	C:\WINDOWS\System32\IMM32.DLL
0x00007ffefb690000 - 0x00007ffefb69c000 	C:\Users\palak\Downloads\java-21-openjdk-21.0.1.0.12-3.win.jdk.x86_64\java-21-openjdk-21.0.1.0.12-3.win.jdk.x86_64\bin\vcruntime140_1.dll
0x00007ffec5300000 - 0x00007ffec538e000 	C:\Users\palak\Downloads\java-21-openjdk-21.0.1.0.12-3.win.jdk.x86_64\java-21-openjdk-21.0.1.0.12-3.win.jdk.x86_64\bin\msvcp140.dll
0x00007ffe948a0000 - 0x00007ffe95621000 	C:\Users\palak\Downloads\java-21-openjdk-21.0.1.0.12-3.win.jdk.x86_64\java-21-openjdk-21.0.1.0.12-3.win.jdk.x86_64\bin\server\jvm.dll
0x00007fff159a0000 - 0x00007fff15a54000 	C:\WINDOWS\System32\ADVAPI32.dll
0x00007fff174f0000 - 0x00007fff17596000 	C:\WINDOWS\System32\sechost.dll
0x00007fff175e0000 - 0x00007fff176f6000 	C:\WINDOWS\System32\RPCRT4.dll
0x00007fff173e0000 - 0x00007fff17454000 	C:\WINDOWS\System32\WS2_32.dll
0x00007fff14b50000 - 0x00007fff14b9e000 	C:\WINDOWS\SYSTEM32\POWRPROF.dll
0x00007fff0be70000 - 0x00007fff0bea6000 	C:\WINDOWS\SYSTEM32\WINMM.dll
0x00007fff0beb0000 - 0x00007fff0bebb000 	C:\WINDOWS\SYSTEM32\VERSION.dll
0x00007fff14b30000 - 0x00007fff14b44000 	C:\WINDOWS\SYSTEM32\UMPDC.dll
0x00007fff13af0000 - 0x00007fff13b0a000 	C:\WINDOWS\SYSTEM32\kernel.appcore.dll
0x00007ffef0f10000 - 0x00007ffef0f1a000 	C:\Users\palak\Downloads\java-21-openjdk-21.0.1.0.12-3.win.jdk.x86_64\java-21-openjdk-21.0.1.0.12-3.win.jdk.x86_64\bin\jimage.dll
0x00007fff05a90000 - 0x00007fff05cd1000 	C:\WINDOWS\SYSTEM32\DBGHELP.DLL
0x00007fff16410000 - 0x00007fff1678e000 	C:\WINDOWS\System32\combase.dll
0x00007fff16970000 - 0x00007fff16a46000 	C:\WINDOWS\System32\OLEAUT32.dll
0x00007ffefb5c0000 - 0x00007ffefb5f9000 	C:\WINDOWS\SYSTEM32\dbgcore.DLL
0x00007fff15170000 - 0x00007fff15209000 	C:\WINDOWS\System32\bcryptPrimitives.dll
0x00007ffeda0b0000 - 0x00007ffeda0cf000 	C:\Users\palak\Downloads\java-21-openjdk-21.0.1.0.12-3.win.jdk.x86_64\java-21-openjdk-21.0.1.0.12-3.win.jdk.x86_64\bin\java.dll
0x00007fff16be0000 - 0x00007fff172e4000 	C:\WINDOWS\System32\SHELL32.dll
0x00007fff129c0000 - 0x00007fff131f7000 	C:\WINDOWS\SYSTEM32\windows.storage.dll
0x00007fff172f0000 - 0x00007fff173d9000 	C:\WINDOWS\System32\SHCORE.dll
0x00007fff157e0000 - 0x00007fff1583d000 	C:\WINDOWS\System32\shlwapi.dll
0x00007fff14bd0000 - 0x00007fff14bfe000 	C:\WINDOWS\SYSTEM32\profapi.dll
0x00007ffec5220000 - 0x00007ffec52f7000 	C:\Users\palak\Downloads\java-21-openjdk-21.0.1.0.12-3.win.jdk.x86_64\java-21-openjdk-21.0.1.0.12-3.win.jdk.x86_64\bin\jsvml.dll
0x00007ffeeb210000 - 0x00007ffeeb220000 	C:\Users\palak\Downloads\java-21-openjdk-21.0.1.0.12-3.win.jdk.x86_64\java-21-openjdk-21.0.1.0.12-3.win.jdk.x86_64\bin\net.dll
0x00007fff0e4f0000 - 0x00007fff0e60e000 	C:\WINDOWS\SYSTEM32\WINHTTP.dll
0x00007fff14000000 - 0x00007fff1406a000 	C:\WINDOWS\system32\mswsock.dll
0x00007ffeda090000 - 0x00007ffeda0a6000 	C:\Users\palak\Downloads\java-21-openjdk-21.0.1.0.12-3.win.jdk.x86_64\java-21-openjdk-21.0.1.0.12-3.win.jdk.x86_64\bin\nio.dll
0x00007ffed55e0000 - 0x00007ffed55f8000 	C:\Users\palak\Downloads\java-21-openjdk-21.0.1.0.12-3.win.jdk.x86_64\java-21-openjdk-21.0.1.0.12-3.win.jdk.x86_64\bin\zip.dll
0x00007ffed1eb0000 - 0x00007ffed1ed4000 	C:\Users\palak\Downloads\apache-maven-3.9.8-bin\lib\jansi-native\Windows\x86_64\jansi.dll

dbghelp: loaded successfully - version: 4.0.5 - missing functions: none
symbol engine: initialized successfully - sym options: 0x614 - pdb path: .;C:\Users\palak\Downloads\java-21-openjdk-21.0.1.0.12-3.win.jdk.x86_64\java-21-openjdk-21.0.1.0.12-3.win.jdk.x86_64\bin;C:\WINDOWS\SYSTEM32;C:\WINDOWS\WinSxS\amd64_microsoft.windows.common-controls_6595b64144ccf1df_6.0.26100.3037_none_3e09262ce333c378;C:\Users\palak\Downloads\java-21-openjdk-21.0.1.0.12-3.win.jdk.x86_64\java-21-openjdk-21.0.1.0.12-3.win.jdk.x86_64\bin\server;C:\Users\palak\Downloads\apache-maven-3.9.8-bin\lib\jansi-native\Windows\x86_64

VM Arguments:
jvm_args: -Dclassworlds.conf=C:\Users\palak\Downloads\apache-maven-3.9.8-bin\bin\m2.conf -Dmaven.home=C:\Users\palak\Downloads\apache-maven-3.9.8-bin -Dlibrary.jansi.path=C:\Users\palak\Downloads\apache-maven-3.9.8-bin\lib\jansi-native -Dmaven.multiModuleProjectDirectory=C:\Users\palak\Downloads\demo 
java_command: org.codehaus.plexus.classworlds.launcher.Launcher spring-boot:run
java_class_path (initial): C:\Users\palak\Downloads\apache-maven-3.9.8-bin\boot\plexus-classworlds-2.8.0.jar
Launcher Type: SUN_STANDARD

[Global flags]
     intx CICompilerCount                          = 3                                         {product} {ergonomic}
     uint ConcGCThreads                            = 1                                         {product} {ergonomic}
     uint G1ConcRefinementThreads                  = 4                                         {product} {ergonomic}
   size_t G1HeapRegionSize                         = 1048576                                   {product} {ergonomic}
    uintx GCDrainStackTargetSize                   = 64                                        {product} {ergonomic}
   size_t InitialHeapSize                          = 100663296                                 {product} {ergonomic}
   size_t MarkStackSize                            = 4194304                                   {product} {ergonomic}
   size_t MaxHeapSize                              = 1595932672                                {product} {ergonomic}
   size_t MaxNewSize                               = 957349888                                 {product} {ergonomic}
   size_t MinHeapDeltaBytes                        = 1048576                                   {product} {ergonomic}
   size_t MinHeapSize                              = 8388608                                   {product} {ergonomic}
    uintx NonNMethodCodeHeapSize                   = 5832780                                {pd product} {ergonomic}
    uintx NonProfiledCodeHeapSize                  = 122912730                              {pd product} {ergonomic}
    uintx ProfiledCodeHeapSize                     = 122912730                              {pd product} {ergonomic}
    uintx ReservedCodeCacheSize                    = 251658240                              {pd product} {ergonomic}
     bool SegmentedCodeCache                       = true                                      {product} {ergonomic}
   size_t SoftMaxHeapSize                          = 1595932672                             {manageable} {ergonomic}
     bool UseCompressedOops                        = true                           {product lp64_product} {ergonomic}
     bool UseG1GC                                  = true                                      {product} {ergonomic}
     bool UseLargePagesIndividualAllocation        = false                                  {pd product} {ergonomic}

Logging:
Log output configuration:
 #0: stdout all=warning uptime,level,tags foldmultilines=false
 #1: stderr all=off uptime,level,tags foldmultilines=false

Environment Variables:
JAVA_HOME=C:\Users\palak\Downloads\java-21-openjdk-21.0.1.0.12-3.win.jdk.x86_64\java-21-openjdk-21.0.1.0.12-3.win.jdk.x86_64
PATH=C:\Program Files (x86)\Common Files\Oracle\Java\java8path;C:\Program Files (x86)\Common Files\Oracle\Java\javapath;C:\WINDOWS\system32;C:\WINDOWS;C:\WINDOWS\System32\Wbem;C:\WINDOWS\System32\WindowsPowerShell\v1.0\;C:\WINDOWS\System32\OpenSSH\;C:\Users\palak\Downloads\java-21-openjdk-21.0.1.0.12-3.win.jdk.x86_64\java-21-openjdk-21.0.1.0.12-3.win.jdk.x86_64\bin;C:\Users\palak\Downloads\apache-maven-3.9.8-bin\bin;c:\users\palak\appdata\local\packages\pythonsoftwarefoundation.python.3.11_qbz5n2kfra8p0\localcache\local-packages\python311\site-packages;C:\ProgramData\chocolatey\bin;C:\Program Files\nodejs\;C:\Users\palak\AppData\Local\Programs\Python\Python312\Scripts;C:\Program Files\Git\cmd;C:\Users\palak\Downloads\flutter_windows_3.27.3-stable\flutter\bin;C:\Users\palak\AppData\Local\Android\Sdk\cmdline-tools\latest\bin;C:\Users\palak\AppData\Local\Android\Sdk\platform-tools;C:\ffmpeg;C:\Users\palak\AppData\Local\Programs\Python\Python312\Scripts\;C:\Users\palak\AppData\Local\Programs\Python\Python312\;C:\Users\palak\AppData\Local\Programs\Python\Launcher\;C:\Program Files\MySQL\MySQL Shell 8.0\bin\;C:\Users\palak\AppData\Local\Microsoft\WindowsApps;C:\Users\palak\AppData\Local\Programs\Microsoft VS Code\bin;C:\Program Files\JetBrains\IntelliJ IDEA Community Edition 2023.3.3\bin;C:\Users\palak\AppData\Local\JetBrains\CLion 2023.3.4\bin;C:\Program Files\JetBrains\PyCharm 2024.1.2\bin;C:\Program Files\JetBrains\PyCharm Community Edition 2024.1.4\bin;C:\Users\palak\AppData\Local\JetBrains\Toolbox\scripts;C:\Users\palak\AppData\Roaming\npm;C:\Users\palak\AppData\Local\GitHubDesktop\bin;C:\Users\palak\AppData\Local\Microsoft\WindowsApps;
USERNAME=palak
LANG=en_US.UTF-8
OS=Windows_NT
PROCESSOR_IDENTIFIER=AMD64 Family 23 Model 24 Stepping 1, AuthenticAMD
TMP=C:\Users\palak\AppData\Local\Temp
TEMP=C:\Users\palak\AppData\Local\Temp




Periodic native trim disabled

---------------  S Y S T E M  ---------------

OS:
 Windows 11 , 64 bit Build 26100 (10.0.26100.3037)
OS uptime: 0 days 7:14 hours

CPU: total 4 (initial active 4) (4 cores per cpu, 2 threads per core) family 23 model 24 stepping 1 microcode 0x8108109, cx8, cmov, fxsr, ht, mmx, 3dnowpref, sse, sse2, sse3, ssse3, sse4a, sse4.1, sse4.2, popcnt, lzcnt, tsc, tscinvbit, avx, avx2, aes, clmul, bmi1, bmi2, adx, sha, fma, vzeroupper, clflush, clflushopt, rdtscp, f16c
Processor Information for all 4 processors :
  Max Mhz: 2600, Current Mhz: 2600, Mhz Limit: 2600

Memory: 4k page, system-wide physical 6086M (685M free)
TotalPageFile size 14278M (AvailPageFile size 6M)
current process WorkingSet (physical memory assigned to process): 46M, peak: 46M
current process commit charge ("private bytes"): 172M, peak: 172M

vm_info: OpenJDK 64-Bit Server VM (21.0.1+12-LTS) for windows-amd64 JRE (21.0.1+12-LTS), built on 2023-10-17T00:00:00Z by "admin" with unknown MS VC++:1937

END.
