#
# There is insufficient memory for the Java Runtime Environment to continue.
# Native memory allocation (mmap) failed to map 65536 bytes. Error detail: Failed to commit metaspace.
# Possible reasons:
#   The system is out of physical RAM or swap space
#   This process is running with CompressedOops enabled, and the Java Heap may be blocking the growth of the native heap
# Possible solutions:
#   Reduce memory load on the system
#   Increase physical memory or swap space
#   Check if swap backing store is full
#   Decrease Java heap size (-Xmx/-Xms)
#   Decrease number of Java threads
#   Decrease Java thread stack sizes (-Xss)
#   Set larger code cache with -XX:ReservedCodeCacheSize=
#   JVM is running with Unscaled Compressed Oops mode in which the Java heap is
#     placed in the first 4GB address space. The Java Heap base address is the
#     maximum limit for the native heap growth. Please use -XX:HeapBaseMinAddress
#     to set the Java Heap base and to place the Java Heap above 4GB virtual address.
# This output file may be truncated or incomplete.
#
#  Out of Memory Error (virtualSpaceNode.cpp:113), pid=15100, tid=14192
#
# JRE version: OpenJDK Runtime Environment Temurin-21.0.6+7 (21.0.6+7) (build 21.0.6+7-LTS)
# Java VM: OpenJDK 64-Bit Server VM Temurin-21.0.6+7 (21.0.6+7-LTS, mixed mode, sharing, tiered, compressed oops, compressed class ptrs, parallel gc, windows-amd64)
# No core dump will be written. Minidumps are not enabled by default on client versions of Windows
#

---------------  S U M M A R Y ------------

Command Line: --add-modules=ALL-SYSTEM --add-opens=java.base/java.util=ALL-UNNAMED --add-opens=java.base/java.lang=ALL-UNNAMED --add-opens=java.base/sun.nio.fs=ALL-UNNAMED -Declipse.application=org.eclipse.jdt.ls.core.id1 -Dosgi.bundles.defaultStartLevel=4 -Declipse.product=org.eclipse.jdt.ls.core.product -Djava.import.generatesMetadataFilesAtProjectRoot=false -DDetectVMInstallationsJob.disabled=true -Dfile.encoding=utf8 -XX:+UseParallelGC -XX:GCTimeRatio=4 -XX:AdaptiveSizePolicyWeight=90 -Dsun.zip.disableMemoryMapping=true -Xmx1G -Xms100m -Xlog:disable -javaagent:c:\Users\palak\.vscode\extensions\redhat.java-1.40.0-win32-x64\lombok\lombok-1.18.36.jar -XX:+HeapDumpOnOutOfMemoryError -XX:HeapDumpPath=c:\Users\palak\AppData\Roaming\Code\User\workspaceStorage\632f04cdbe9e26a6a5769c745b0508de\redhat.java -Daether.dependencyCollector.impl=bf c:\Users\palak\.vscode\extensions\redhat.java-1.40.0-win32-x64\server\plugins\org.eclipse.equinox.launcher_1.6.1000.v20250131-0606.jar -configuration c:\Users\palak\AppData\Roaming\Code\User\globalStorage\redhat.java\1.40.0\config_win -data c:\Users\palak\AppData\Roaming\Code\User\workspaceStorage\632f04cdbe9e26a6a5769c745b0508de\redhat.java\jdt_ws --pipe=\\.\pipe\lsp-137a0c343b8a1d07afb1177a73dd00c0-sock

Host: AMD Ryzen 3 3250U with Radeon Graphics         , 4 cores, 5G,  Windows 11 , 64 bit Build 26100 (10.0.26100.3323)
Time: Tue Mar 18 19:01:00 2025 India Standard Time elapsed time: 2.151052 seconds (0d 0h 0m 2s)

---------------  T H R E A D  ---------------

Current thread (0x00000262cd2847e0):  JavaThread "main"             [_thread_in_vm, id=14192, stack(0x0000009f49300000,0x0000009f49400000) (1024K)]

Stack: [0x0000009f49300000,0x0000009f49400000]
Native frames: (J=compiled Java code, j=interpreted, Vv=VM code, C=native code)
V  [jvm.dll+0x6cdee9]
V  [jvm.dll+0x8a83d1]
V  [jvm.dll+0x8aa8fe]
V  [jvm.dll+0x8aafe3]
V  [jvm.dll+0x27f706]
V  [jvm.dll+0x8a411e]
V  [jvm.dll+0x670385]
V  [jvm.dll+0x6703ea]
V  [jvm.dll+0x672bd2]
V  [jvm.dll+0x672aa2]
V  [jvm.dll+0x670d5e]
V  [jvm.dll+0x26a730]
V  [jvm.dll+0x216107]
V  [jvm.dll+0x20bb8e]
V  [jvm.dll+0x5ae3ec]
V  [jvm.dll+0x21d24a]
V  [jvm.dll+0x820d9c]
V  [jvm.dll+0x821dc4]
V  [jvm.dll+0x822392]
V  [jvm.dll+0x822018]
V  [jvm.dll+0x26cd7b]
V  [jvm.dll+0x26cfaa]
V  [jvm.dll+0x5d17f7]
V  [jvm.dll+0x5d47df]
V  [jvm.dll+0x3d8465]
V  [jvm.dll+0x3d7add]
C  0x00000262d9d78095

The last pc belongs to invokestatic (printed below).
Java frames: (J=compiled Java code, j=interpreted, Vv=VM code)
j  sun.nio.fs.WindowsFileSystemProvider.hasDesiredAccess(Lsun/nio/fs/WindowsPath;I)Z+34 java.base@21.0.6
j  sun.nio.fs.WindowsFileSystemProvider.checkAccess(Ljava/nio/file/Path;[Ljava/nio/file/AccessMode;)V+228 java.base@21.0.6
j  sun.nio.fs.AbstractFileSystemProvider.isWritable(Ljava/nio/file/Path;)Z+12 java.base@21.0.6
j  java.nio.file.Files.isWritable(Ljava/nio/file/Path;)Z+19 java.base@21.0.6
j  org.eclipse.equinox.launcher.Main.canWrite(Ljava/io/File;Ljava/lang/String;)Z+13
j  org.eclipse.equinox.launcher.Main.checkConfigurationLocation(Ljava/net/URL;)Z+112
j  org.eclipse.equinox.launcher.Main.basicRun([Ljava/lang/String;)V+135
j  org.eclipse.equinox.launcher.Main.run([Ljava/lang/String;)I+4
j  org.eclipse.equinox.launcher.Main.main([Ljava/lang/String;)V+10
v  ~StubRoutines::call_stub 0x00000262d9d6100d
invokestatic  184 invokestatic  [0x00000262d9d77fe0, 0x00000262d9d782a8]  712 bytes
[MachCode]
  0x00000262d9d77fe0: 4883 ec08 | c5fa 1104 | 24eb 1f48 | 83ec 10c5 | fb11 0424 | eb14 4883 | ec10 4889 | 0424 48c7 
  0x00000262d9d78000: 4424 0800 | 0000 00eb | 0150 4c89 | 6dc0 410f | b755 0148 | 8b4d d0c1 | e202 8b5c | d138 c1eb 
  0x00000262d9d78020: 1081 e3ff | 0000 0081 | fbb8 0000 | 000f 84b4 | 0000 00bb | b800 0000 | e805 0000 | 00e9 9900 
  0x00000262d9d78040: 0000 488b | d348 8d44 | 2408 4c89 | 6dc0 498b | cfc5 f877 | 4989 afa8 | 0300 0049 | 8987 9803 
  0x00000262d9d78060: 0000 4883 | ec20 40f6 | c40f 0f84 | 1900 0000 | 4883 ec08 | 48b8 707a | 88b4 fb7f | 0000 ffd0 
  0x00000262d9d78080: 4883 c408 | e90c 0000 | 0048 b870 | 7a88 b4fb | 7f00 00ff | d048 83c4 | 2049 c787 | 9803 0000 
  0x00000262d9d780a0: 0000 0000 | 49c7 87a8 | 0300 0000 | 0000 0049 | c787 a003 | 0000 0000 | 0000 c5f8 | 7749 837f 
  0x00000262d9d780c0: 0800 0f84 | 0500 0000 | e933 8efe | ff4c 8b6d | c04c 8b75 | c84e 8d74 | f500 c341 | 0fb7 5501 
  0x00000262d9d780e0: 488b 4dd0 | c1e2 0248 | 8b5c d140 | 488b 5b08 | 488b 5b08 | 488b 5b18 | 80bb 2101 | 0000 040f 
  0x00000262d9d78100: 840d 0000 | 004c 3bbb | 2801 0000 | 0f85 21ff | ffff 488b | 5cd1 408b | 54d1 50c1 | ea1c 49ba 
  0x00000262d9d78120: 40e0 16b5 | fb7f 0000 | 498b 14d2 | 5248 8b45 | d848 85c0 | 0f84 1200 | 0000 4883 | 4008 0148 
  0x00000262d9d78140: 8358 0800 | 4883 c010 | 4889 45d8 | 488b 45d8 | 4885 c00f | 843d 0100 | 0080 78f0 | 0a0f 8533 
  0x00000262d9d78160: 0100 0048 | 83c0 084c | 8b68 f841 | 83ed 0041 | 83fd 020f | 8c12 0100 | 004c 8b6b | 0845 0fb7 
  0x00000262d9d78180: 6d2e 4c2b | 2841 83ed | 014e 8b6c | ec08 4d85 | ed75 0ef6 | 4008 0175 | 58f0 4883 | 4808 01eb 
  0x00000262d9d781a0: 5045 8b6d | 0849 ba00 | 0000 8062 | 0200 004d | 03ea 4d8b | d54c 3368 | 0849 f7c5 | fcff ffff 
  0x00000262d9d781c0: 742f 41f6 | c502 7529 | 4883 7808 | 0074 1e48 | 8378 0801 | 7417 4d8b | ea4c 3368 | 0849 f7c5 
  0x00000262d9d781e0: fcff ffff | 740b 4883 | 4808 02eb | 044c 8968 | 0848 83c0 | 104c 8b68 | e841 83ed | 0241 83fd 
  0x00000262d9d78200: 020f 8c84 | 0000 004c | 8b6b 0845 | 0fb7 6d2e | 4c2b 2841 | 83ed 014e | 8b6c ec08 | 4d85 ed75 
  0x00000262d9d78220: 0ef6 4008 | 0175 58f0 | 4883 4808 | 01eb 5045 | 8b6d 0849 | ba00 0000 | 8062 0200 | 004d 03ea 
  0x00000262d9d78240: 4d8b d54c | 3368 0849 | f7c5 fcff | ffff 742f | 41f6 c502 | 7529 4883 | 7808 0074 | 1e48 8378 
  0x00000262d9d78260: 0801 7417 | 4d8b ea4c | 3368 0849 | f7c5 fcff | ffff 740b | 4883 4808 | 02eb 044c | 8968 0848 
  0x00000262d9d78280: 83c0 104c | 8b68 d841 | 83ed 0441 | c1e5 0349 | 03c5 4889 | 45d8 4c8d | 6c24 084c | 896d f0ff 
  0x00000262d9d782a0: 6350 660f | 1f44 0000 
[/MachCode]

---------------  P R O C E S S  ---------------

Threads class SMR info:
_java_thread_list=0x00000262e498a6a0, length=12, elements={
0x00000262cd2847e0, 0x00000262cf6fd880, 0x00000262e39712a0, 0x00000262e3974620,
0x00000262e3975270, 0x00000262e3977300, 0x00000262e397eb40, 0x00000262e3986e80,
0x00000262e39f1270, 0x00000262cf6afdc0, 0x00000262e4992600, 0x00000262e4a15260
}

Java Threads: ( => current thread )
=>0x00000262cd2847e0 JavaThread "main"                              [_thread_in_vm, id=14192, stack(0x0000009f49300000,0x0000009f49400000) (1024K)]
  0x00000262cf6fd880 JavaThread "Reference Handler"          daemon [_thread_blocked, id=2188, stack(0x0000009f49700000,0x0000009f49800000) (1024K)]
  0x00000262e39712a0 JavaThread "Finalizer"                  daemon [_thread_blocked, id=21020, stack(0x0000009f49800000,0x0000009f49900000) (1024K)]
  0x00000262e3974620 JavaThread "Signal Dispatcher"          daemon [_thread_blocked, id=19476, stack(0x0000009f49900000,0x0000009f49a00000) (1024K)]
  0x00000262e3975270 JavaThread "Attach Listener"            daemon [_thread_blocked, id=21128, stack(0x0000009f49a00000,0x0000009f49b00000) (1024K)]
  0x00000262e3977300 JavaThread "Service Thread"             daemon [_thread_blocked, id=13084, stack(0x0000009f49b00000,0x0000009f49c00000) (1024K)]
  0x00000262e397eb40 JavaThread "Monitor Deflation Thread"   daemon [_thread_blocked, id=11996, stack(0x0000009f49c00000,0x0000009f49d00000) (1024K)]
  0x00000262e3986e80 JavaThread "C2 CompilerThread0"         daemon [_thread_blocked, id=5168, stack(0x0000009f49d00000,0x0000009f49e00000) (1024K)]
  0x00000262e39f1270 JavaThread "C1 CompilerThread0"         daemon [_thread_blocked, id=10344, stack(0x0000009f49e00000,0x0000009f49f00000) (1024K)]
  0x00000262cf6afdc0 JavaThread "Common-Cleaner"             daemon [_thread_blocked, id=4972, stack(0x0000009f49f00000,0x0000009f4a000000) (1024K)]
  0x00000262e4992600 JavaThread "Notification Thread"        daemon [_thread_blocked, id=6108, stack(0x0000009f4a000000,0x0000009f4a100000) (1024K)]
  0x00000262e4a15260 JavaThread "C2 CompilerThread1"         daemon [_thread_blocked, id=16580, stack(0x0000009f4a100000,0x0000009f4a200000) (1024K)]
Total: 12

Other Threads:
  0x00000262cf6e1a80 VMThread "VM Thread"                           [id=14432, stack(0x0000009f49600000,0x0000009f49700000) (1024K)]
  0x00000262e390ca10 WatcherThread "VM Periodic Task Thread"        [id=20340, stack(0x0000009f49500000,0x0000009f49600000) (1024K)]
  0x00000262cf660380 WorkerThread "GC Thread#0"                     [id=21108, stack(0x0000009f49400000,0x0000009f49500000) (1024K)]
Total: 3

Threads with active compile tasks:
Total: 0

VM state: not at safepoint (normal execution)

VM Mutex/Monitor currently owned by a thread:  ([mutex/lock_event])
[0x00007ffbb515c300] Metaspace_lock - owner thread: 0x00000262cd2847e0

Heap address: 0x00000000c0000000, size: 1024 MB, Compressed Oops mode: 32-bit

CDS archive(s) mapped at: [0x0000026280000000-0x0000026280ba0000-0x0000026280ba0000), size 12189696, SharedBaseAddress: 0x0000026280000000, ArchiveRelocationMode: 1.
Compressed class space mapped at: 0x0000026281000000-0x00000262c1000000, reserved size: 1073741824
Narrow klass base: 0x0000026280000000, Narrow klass shift: 0, Narrow klass range: 0x100000000

GC Precious Log:
 CardTable entry size: 512
 CPUs: 4 total, 4 available
 Memory: 6086M
 Large Page Support: Disabled
 NUMA Support: Disabled
 Compressed Oops: Enabled (32-bit)
 Alignments: Space 512K, Generation 512K, Heap 2M
 Heap Min Capacity: 100M
 Heap Initial Capacity: 100M
 Heap Max Capacity: 1G
 Pre-touch: Disabled
 Parallel Workers: 4

Heap:
 PSYoungGen      total 29696K, used 15981K [0x00000000eab00000, 0x00000000ecc00000, 0x0000000100000000)
  eden space 25600K, 62% used [0x00000000eab00000,0x00000000eba9b440,0x00000000ec400000)
  from space 4096K, 0% used [0x00000000ec800000,0x00000000ec800000,0x00000000ecc00000)
  to   space 4096K, 0% used [0x00000000ec400000,0x00000000ec400000,0x00000000ec800000)
 ParOldGen       total 68608K, used 0K [0x00000000c0000000, 0x00000000c4300000, 0x00000000eab00000)
  object space 68608K, 0% used [0x00000000c0000000,0x00000000c0000000,0x00000000c4300000)
 Metaspace       used 3068K, committed 3200K, reserved 1114112K
  class space    used 308K, committed 384K, reserved 1048576K

Card table byte_map: [0x00000262cefe0000,0x00000262cf1f0000] _byte_map_base: 0x00000262ce9e0000

Marking Bits: (ParMarkBitMap*) 0x00007ffbb5163260
 Begin Bits: [0x00000262e1830000, 0x00000262e2830000)
 End Bits:   [0x00000262e2830000, 0x00000262e3830000)

Polling page: 0x00000262cebf0000

Metaspace:

Usage:
  Non-class:      2.70 MB used.
      Class:    308.24 KB used.
       Both:      3.00 MB used.

Virtual space:
  Non-class space:       64.00 MB reserved,       2.75 MB (  4%) committed,  1 nodes.
      Class space:        1.00 GB reserved,     384.00 KB ( <1%) committed,  1 nodes.
             Both:        1.06 GB reserved,       3.12 MB ( <1%) committed. 

Chunk freelists:
   Non-Class:  11.58 MB
       Class:  15.66 MB
        Both:  27.24 MB

MaxMetaspaceSize: unlimited
CompressedClassSpaceSize: 1.00 GB
Initial GC threshold: 21.00 MB
Current GC threshold: 21.00 MB
CDS: on
 - commit_granule_bytes: 65536.
 - commit_granule_words: 8192.
 - virtual_space_node_default_size: 8388608.
 - enlarge_chunks_in_place: 1.
 - use_allocation_guard: 0.


Internal statistics:

num_allocs_failed_limit: 0.
num_arena_births: 82.
num_arena_deaths: 0.
num_vsnodes_births: 2.
num_vsnodes_deaths: 0.
num_space_committed: 50.
num_space_uncommitted: 0.
num_chunks_returned_to_freelist: 0.
num_chunks_taken_from_freelist: 109.
num_chunk_merges: 0.
num_chunk_splits: 74.
num_chunks_enlarged: 48.
num_inconsistent_stats: 0.

CodeHeap 'non-profiled nmethods': size=120000Kb used=321Kb max_used=321Kb free=119678Kb
 bounds [0x00000262da300000, 0x00000262da570000, 0x00000262e1830000]
CodeHeap 'profiled nmethods': size=120000Kb used=1194Kb max_used=1194Kb free=118806Kb
 bounds [0x00000262d2830000, 0x00000262d2aa0000, 0x00000262d9d60000]
CodeHeap 'non-nmethods': size=5760Kb used=1184Kb max_used=1204Kb free=4575Kb
 bounds [0x00000262d9d60000, 0x00000262d9fd0000, 0x00000262da300000]
 total_blobs=1210 nmethods=767 adapters=350
 compilation: enabled
              stopped_count=0, restarted_count=0
 full_count=0

Compilation events (20 events):
Event: 2.114 Thread 0x00000262e39f1270 nmethod 763 0x00000262d2959510 code [0x00000262d29596c0, 0x00000262d2959930]
Event: 2.121 Thread 0x00000262e4a15260 nmethod 714 0x00000262da34a890 code [0x00000262da34ab20, 0x00000262da34bde8]
Event: 2.122 Thread 0x00000262e4a15260  731 %     4       sun.security.provider.SHA2::implCompress0 @ 204 (448 bytes)
Event: 2.123 Thread 0x00000262e39f1270  764       3       java.lang.AbstractStringBuilder::<init> (63 bytes)
Event: 2.124 Thread 0x00000262e39f1270 nmethod 764 0x00000262d2959a10 code [0x00000262d2959c20, 0x00000262d295a188]
Event: 2.125 Thread 0x00000262e39f1270  765       3       java.lang.Class::getComponentType (14 bytes)
Event: 2.125 Thread 0x00000262e39f1270 nmethod 765 0x00000262d295a410 code [0x00000262d295a5c0, 0x00000262d295a770]
Event: 2.127 Thread 0x00000262e3986e80 nmethod 715 0x00000262da34cd90 code [0x00000262da34cfa0, 0x00000262da34d6b8]
Event: 2.128 Thread 0x00000262e3986e80  729       4       jdk.internal.misc.Unsafe::getIntUnaligned (12 bytes)
Event: 2.129 Thread 0x00000262e3986e80 nmethod 729 0x00000262da34db90 code [0x00000262da34dd20, 0x00000262da34ddd8]
Event: 2.129 Thread 0x00000262e3986e80  730       4       java.lang.invoke.VarHandleGuards::guard_LI_I (78 bytes)
Event: 2.133 Thread 0x00000262e3986e80 nmethod 730 0x00000262da34de90 code [0x00000262da34e060, 0x00000262da34e380]
Event: 2.133 Thread 0x00000262e3986e80  717       4       java.util.HashMap::hash (20 bytes)
Event: 2.134 Thread 0x00000262e39f1270  767       1       jdk.internal.loader.BuiltinClassLoader$LoadedModule::loader (5 bytes)
Event: 2.134 Thread 0x00000262e39f1270 nmethod 767 0x00000262da34e710 code [0x00000262da34e8a0, 0x00000262da34e968]
Event: 2.135 Thread 0x00000262e3986e80 nmethod 717 0x00000262da34ea10 code [0x00000262da34eba0, 0x00000262da34eca0]
Event: 2.135 Thread 0x00000262e3986e80  735       4       lombok.patcher.MethodTarget::typeMatches (14 bytes)
Event: 2.139 Thread 0x00000262e4a15260 nmethod 731% 0x00000262da34ed90 code [0x00000262da34ef40, 0x00000262da34f6d0]
Event: 2.139 Thread 0x00000262e4a15260  766       4       java.lang.CharacterDataLatin1::toLowerCase (44 bytes)
Event: 2.139 Thread 0x00000262e4a15260 nmethod 766 0x00000262da34f910 code [0x00000262da34faa0, 0x00000262da34fb60]

GC Heap History (0 events):
No events

Dll operation events (8 events):
Event: 0.070 Loaded shared library c:\Users\palak\.vscode\extensions\redhat.java-1.40.0-win32-x64\jre\21.0.6-win32-x86_64\bin\java.dll
Event: 0.376 Loaded shared library c:\Users\palak\.vscode\extensions\redhat.java-1.40.0-win32-x64\jre\21.0.6-win32-x86_64\bin\zip.dll
Event: 0.484 Loaded shared library C:\Users\palak\.vscode\extensions\redhat.java-1.40.0-win32-x64\jre\21.0.6-win32-x86_64\bin\instrument.dll
Event: 0.494 Loaded shared library C:\Users\palak\.vscode\extensions\redhat.java-1.40.0-win32-x64\jre\21.0.6-win32-x86_64\bin\net.dll
Event: 0.498 Loaded shared library C:\Users\palak\.vscode\extensions\redhat.java-1.40.0-win32-x64\jre\21.0.6-win32-x86_64\bin\nio.dll
Event: 0.505 Loaded shared library C:\Users\palak\.vscode\extensions\redhat.java-1.40.0-win32-x64\jre\21.0.6-win32-x86_64\bin\zip.dll
Event: 0.545 Loaded shared library C:\Users\palak\.vscode\extensions\redhat.java-1.40.0-win32-x64\jre\21.0.6-win32-x86_64\bin\jimage.dll
Event: 1.015 Loaded shared library c:\Users\palak\.vscode\extensions\redhat.java-1.40.0-win32-x64\jre\21.0.6-win32-x86_64\bin\verify.dll

Deoptimization events (20 events):
Event: 1.909 Thread 0x00000262cd2847e0 Uncommon trap: trap_request=0xffffffde fr.pc=0x00000262da30fa54 relative=0x00000000000008f4
Event: 1.917 Thread 0x00000262cd2847e0 Uncommon trap: reason=class_check action=maybe_recompile pc=0x00000262da30fa54 method=java.util.HashMap.putVal(ILjava/lang/Object;Ljava/lang/Object;ZZ)Ljava/lang/Object; @ 91 c2
Event: 1.917 Thread 0x00000262cd2847e0 DEOPT PACKING pc=0x00000262da30fa54 sp=0x0000009f493fdc40
Event: 1.917 Thread 0x00000262cd2847e0 DEOPT UNPACKING pc=0x00000262d9db3aa2 sp=0x0000009f493fdc00 mode 2
Event: 1.918 Thread 0x00000262cd2847e0 Uncommon trap: trap_request=0xffffffde fr.pc=0x00000262da30fa54 relative=0x00000000000008f4
Event: 1.918 Thread 0x00000262cd2847e0 Uncommon trap: reason=class_check action=maybe_recompile pc=0x00000262da30fa54 method=java.util.HashMap.putVal(ILjava/lang/Object;Ljava/lang/Object;ZZ)Ljava/lang/Object; @ 91 c2
Event: 1.918 Thread 0x00000262cd2847e0 DEOPT PACKING pc=0x00000262da30fa54 sp=0x0000009f493fdd60
Event: 1.918 Thread 0x00000262cd2847e0 DEOPT UNPACKING pc=0x00000262d9db3aa2 sp=0x0000009f493fdcf0 mode 2
Event: 1.918 Thread 0x00000262cd2847e0 Uncommon trap: trap_request=0xffffffde fr.pc=0x00000262da30fa54 relative=0x00000000000008f4
Event: 1.918 Thread 0x00000262cd2847e0 Uncommon trap: reason=class_check action=maybe_recompile pc=0x00000262da30fa54 method=java.util.HashMap.putVal(ILjava/lang/Object;Ljava/lang/Object;ZZ)Ljava/lang/Object; @ 91 c2
Event: 1.918 Thread 0x00000262cd2847e0 DEOPT PACKING pc=0x00000262da30fa54 sp=0x0000009f493fdd60
Event: 1.918 Thread 0x00000262cd2847e0 DEOPT UNPACKING pc=0x00000262d9db3aa2 sp=0x0000009f493fdcf0 mode 2
Event: 1.932 Thread 0x00000262cd2847e0 Uncommon trap: trap_request=0xffffff6e fr.pc=0x00000262da34391c relative=0x00000000000001fc
Event: 1.932 Thread 0x00000262cd2847e0 Uncommon trap: reason=loop_limit_check action=maybe_recompile pc=0x00000262da34391c method=java.math.BigInteger.implMulAdd([I[IIII)I @ 26 c2
Event: 1.932 Thread 0x00000262cd2847e0 DEOPT PACKING pc=0x00000262da34391c sp=0x0000009f493fd710
Event: 1.932 Thread 0x00000262cd2847e0 DEOPT UNPACKING pc=0x00000262d9db3aa2 sp=0x0000009f493fd660 mode 2
Event: 2.048 Thread 0x00000262cd2847e0 Uncommon trap: trap_request=0xffffff45 fr.pc=0x00000262da32da50 relative=0x00000000000005f0
Event: 2.048 Thread 0x00000262cd2847e0 Uncommon trap: reason=unstable_if action=reinterpret pc=0x00000262da32da50 method=java.lang.AbstractStringBuilder.append(Ljava/lang/String;)Ljava/lang/AbstractStringBuilder; @ 1 c2
Event: 2.048 Thread 0x00000262cd2847e0 DEOPT PACKING pc=0x00000262da32da50 sp=0x0000009f493fdd10
Event: 2.048 Thread 0x00000262cd2847e0 DEOPT UNPACKING pc=0x00000262d9db3aa2 sp=0x0000009f493fdca0 mode 2

Classes loaded (20 events):
Event: 2.043 Loading class sun/net/www/MimeTable$DefaultInstanceHolder$1 done
Event: 2.046 Loading class sun/net/www/MimeEntry
Event: 2.047 Loading class sun/net/www/MimeEntry done
Event: 2.135 Loading class java/lang/UnsatisfiedLinkError
Event: 2.135 Loading class java/lang/UnsatisfiedLinkError done
Event: 2.136 Loading class java/nio/file/AccessMode
Event: 2.136 Loading class java/nio/file/AccessMode done
Event: 2.136 Loading class sun/nio/fs/WindowsFileSystemProvider$1
Event: 2.136 Loading class sun/nio/fs/WindowsFileSystemProvider$1 done
Event: 2.136 Loading class sun/nio/fs/WindowsLinkSupport
Event: 2.137 Loading class sun/nio/fs/WindowsLinkSupport done
Event: 2.138 Loading class sun/nio/fs/WindowsAclFileAttributeView
Event: 2.138 Loading class sun/nio/fs/AbstractAclFileAttributeView
Event: 2.138 Loading class java/nio/file/attribute/AclFileAttributeView
Event: 2.138 Loading class java/nio/file/attribute/FileOwnerAttributeView
Event: 2.138 Loading class java/nio/file/attribute/FileOwnerAttributeView done
Event: 2.138 Loading class java/nio/file/attribute/AclFileAttributeView done
Event: 2.138 Loading class sun/nio/fs/AbstractAclFileAttributeView done
Event: 2.138 Loading class sun/nio/fs/WindowsAclFileAttributeView done
Event: 2.139 Loading class sun/nio/fs/WindowsSecurity

Classes unloaded (0 events):
No events

Classes redefined (0 events):
No events

Internal exceptions (19 events):
Event: 0.356 Thread 0x00000262cd2847e0 Exception <a 'java/lang/NoSuchMethodError'{0x00000000ead2a470}: 'void java.lang.invoke.DirectMethodHandle$Holder.invokeStatic(java.lang.Object, java.lang.Object, java.lang.Object)'> (0x00000000ead2a470) 
thrown [s\src\hotspot\share\interpreter\linkResolver.cpp, line 773]
Event: 0.532 Thread 0x00000262cd2847e0 Exception <a 'java/lang/NoSuchMethodError'{0x00000000eae937d8}: 'java.lang.Object java.lang.invoke.Invokers$Holder.invokeExact_MT(java.lang.Object, java.lang.Object, java.lang.Object, java.lang.Object, java.lang.Object)'> (0x00000000eae937d8) 
thrown [s\src\hotspot\share\interpreter\linkResolver.cpp, line 773]
Event: 0.704 Thread 0x00000262cd2847e0 Exception <a 'java/lang/NoSuchMethodError'{0x00000000eaf4c008}: 'int java.lang.invoke.DirectMethodHandle$Holder.invokeSpecial(java.lang.Object, java.lang.Object, java.lang.Object, int)'> (0x00000000eaf4c008) 
thrown [s\src\hotspot\share\interpreter\linkResolver.cpp, line 773]
Event: 0.708 Thread 0x00000262cd2847e0 Exception <a 'java/lang/NoSuchMethodError'{0x00000000eaf5e9f0}: 'java.lang.Object java.lang.invoke.DirectMethodHandle$Holder.invokeStatic(java.lang.Object, java.lang.Object, java.lang.Object, java.lang.Object, int)'> (0x00000000eaf5e9f0) 
thrown [s\src\hotspot\share\interpreter\linkResolver.cpp, line 773]
Event: 0.712 Thread 0x00000262cd2847e0 Exception <a 'java/lang/NoSuchMethodError'{0x00000000eaf69e98}: 'void java.lang.invoke.DelegatingMethodHandle$Holder.reinvoke_L(java.lang.Object, java.lang.Object, java.lang.Object, int, java.lang.Object)'> (0x00000000eaf69e98) 
thrown [s\src\hotspot\share\interpreter\linkResolver.cpp, line 773]
Event: 0.718 Thread 0x00000262cd2847e0 Exception <a 'java/lang/NoSuchMethodError'{0x00000000eaf7a7e8}: 'int java.lang.invoke.DirectMethodHandle$Holder.invokeSpecial(java.lang.Object, java.lang.Object, java.lang.Object)'> (0x00000000eaf7a7e8) 
thrown [s\src\hotspot\share\interpreter\linkResolver.cpp, line 773]
Event: 0.721 Thread 0x00000262cd2847e0 Exception <a 'java/lang/NoSuchMethodError'{0x00000000eaf864a8}: 'java.lang.Object java.lang.invoke.DirectMethodHandle$Holder.invokeStatic(java.lang.Object, java.lang.Object, int)'> (0x00000000eaf864a8) 
thrown [s\src\hotspot\share\interpreter\linkResolver.cpp, line 773]
Event: 0.722 Thread 0x00000262cd2847e0 Exception <a 'java/lang/NoSuchMethodError'{0x00000000eaf8adf8}: 'void java.lang.invoke.DirectMethodHandle$Holder.invokeStatic(java.lang.Object, java.lang.Object, int, java.lang.Object)'> (0x00000000eaf8adf8) 
thrown [s\src\hotspot\share\interpreter\linkResolver.cpp, line 773]
Event: 0.723 Thread 0x00000262cd2847e0 Exception <a 'java/lang/NoSuchMethodError'{0x00000000eaf8e988}: 'void java.lang.invoke.DirectMethodHandle$Holder.invokeSpecial(java.lang.Object, java.lang.Object, java.lang.Object, int, java.lang.Object)'> (0x00000000eaf8e988) 
thrown [s\src\hotspot\share\interpreter\linkResolver.cpp, line 773]
Event: 0.724 Thread 0x00000262cd2847e0 Exception <a 'java/lang/NoSuchMethodError'{0x00000000eaf91df8}: 'void java.lang.invoke.DelegatingMethodHandle$Holder.delegate(java.lang.Object, java.lang.Object, int, java.lang.Object)'> (0x00000000eaf91df8) 
thrown [s\src\hotspot\share\interpreter\linkResolver.cpp, line 773]
Event: 1.140 Thread 0x00000262cd2847e0 Exception <a 'java/lang/NoSuchMethodError'{0x00000000eb14e890}: 'void java.lang.invoke.DelegatingMethodHandle$Holder.reinvoke_L(java.lang.Object, java.lang.Object, java.lang.Object, int)'> (0x00000000eb14e890) 
thrown [s\src\hotspot\share\interpreter\linkResolver.cpp, line 773]
Event: 1.529 Thread 0x00000262cd2847e0 Exception <a 'java/lang/NoSuchMethodError'{0x00000000eb5d6698}: 'void java.lang.invoke.DirectMethodHandle$Holder.invokeVirtual(java.lang.Object, java.lang.Object)'> (0x00000000eb5d6698) 
thrown [s\src\hotspot\share\interpreter\linkResolver.cpp, line 773]
Event: 2.026 Thread 0x00000262cd2847e0 Exception <a 'java/lang/ClassNotFoundException'{0x00000000eb9cb020}: sun/net/www/protocol/c/Handler> (0x00000000eb9cb020) 
thrown [s\src\hotspot\share\classfile\systemDictionary.cpp, line 312]
Event: 2.040 Thread 0x00000262cd2847e0 Exception <a 'java/io/FileNotFoundException'{0x00000000eb9e3f38}> (0x00000000eb9e3f38) 
thrown [s\src\hotspot\share\prims\jni.cpp, line 520]
Event: 2.040 Thread 0x00000262cd2847e0 Exception <a 'java/io/FileNotFoundException'{0x00000000eb9e4c68}> (0x00000000eb9e4c68) 
thrown [s\src\hotspot\share\prims\jni.cpp, line 520]
Event: 2.040 Thread 0x00000262cd2847e0 Exception <a 'java/io/FileNotFoundException'{0x00000000eb9e5978}> (0x00000000eb9e5978) 
thrown [s\src\hotspot\share\prims\jni.cpp, line 520]
Event: 2.041 Thread 0x00000262cd2847e0 Exception <a 'java/io/FileNotFoundException'{0x00000000eb9e64b8}> (0x00000000eb9e64b8) 
thrown [s\src\hotspot\share\prims\jni.cpp, line 520]
Event: 2.048 Thread 0x00000262cd2847e0 Implicit null exception at 0x00000262da32d4a4 to 0x00000262da32da38
Event: 2.062 Thread 0x00000262cd2847e0 Exception <a 'java/io/FileNotFoundException'{0x00000000eba20a00}> (0x00000000eba20a00) 
thrown [s\src\hotspot\share\prims\jni.cpp, line 520]

ZGC Phase Switch (0 events):
No events

VM Operations (10 events):
Event: 0.363 Executing VM operation: HandshakeAllThreads (Deoptimize)
Event: 0.363 Executing VM operation: HandshakeAllThreads (Deoptimize) done
Event: 0.606 Executing VM operation: HandshakeAllThreads (Deoptimize)
Event: 0.606 Executing VM operation: HandshakeAllThreads (Deoptimize) done
Event: 1.614 Executing VM operation: Cleanup
Event: 1.630 Executing VM operation: Cleanup done
Event: 1.964 Executing VM operation: HandshakeAllThreads (Deoptimize)
Event: 1.964 Executing VM operation: HandshakeAllThreads (Deoptimize) done
Event: 2.013 Executing VM operation: HandshakeAllThreads (Deoptimize)
Event: 2.014 Executing VM operation: HandshakeAllThreads (Deoptimize) done

Memory protections (0 events):
No events

Nmethod flushes (0 events):
No events

Events (12 events):
Event: 0.103 Thread 0x00000262cd2847e0 Thread added: 0x00000262cd2847e0
Event: 0.156 Thread 0x00000262cd2847e0 Thread added: 0x00000262cf6fd880
Event: 0.164 Thread 0x00000262cd2847e0 Thread added: 0x00000262e39712a0
Event: 0.171 Thread 0x00000262cd2847e0 Thread added: 0x00000262e3974620
Event: 0.175 Thread 0x00000262cd2847e0 Thread added: 0x00000262e3975270
Event: 0.179 Thread 0x00000262cd2847e0 Thread added: 0x00000262e3977300
Event: 0.187 Thread 0x00000262cd2847e0 Thread added: 0x00000262e397eb40
Event: 0.203 Thread 0x00000262cd2847e0 Thread added: 0x00000262e3986e80
Event: 0.232 Thread 0x00000262cd2847e0 Thread added: 0x00000262e39f1270
Event: 0.332 Thread 0x00000262cd2847e0 Thread added: 0x00000262cf6afdc0
Event: 1.356 Thread 0x00000262cd2847e0 Thread added: 0x00000262e4992600
Event: 1.630 Thread 0x00000262e39f1270 Thread added: 0x00000262e4a15260


Dynamic libraries:
0x00007ff7d55b0000 - 0x00007ff7d55be000 	c:\Users\palak\.vscode\extensions\redhat.java-1.40.0-win32-x64\jre\21.0.6-win32-x86_64\bin\java.exe
0x00007ffc51e00000 - 0x00007ffc52063000 	C:\WINDOWS\SYSTEM32\ntdll.dll
0x00007ffc50cb0000 - 0x00007ffc50d77000 	C:\WINDOWS\System32\KERNEL32.DLL
0x00007ffc4f200000 - 0x00007ffc4f5c9000 	C:\WINDOWS\System32\KERNELBASE.dll
0x00007ffc4fad0000 - 0x00007ffc4fc1c000 	C:\WINDOWS\System32\ucrtbase.dll
0x00007ffc378b0000 - 0x00007ffc378c8000 	c:\Users\palak\.vscode\extensions\redhat.java-1.40.0-win32-x64\jre\21.0.6-win32-x86_64\bin\jli.dll
0x00007ffc51630000 - 0x00007ffc517fa000 	C:\WINDOWS\System32\USER32.dll
0x00007ffc4f000000 - 0x00007ffc4f027000 	C:\WINDOWS\System32\win32u.dll
0x00007ffc512f0000 - 0x00007ffc5131a000 	C:\WINDOWS\System32\GDI32.dll
0x00007ffc4f030000 - 0x00007ffc4f161000 	C:\WINDOWS\System32\gdi32full.dll
0x00007ffc4f690000 - 0x00007ffc4f733000 	C:\WINDOWS\System32\msvcp_win.dll
0x00007ffc22720000 - 0x00007ffc2273e000 	c:\Users\palak\.vscode\extensions\redhat.java-1.40.0-win32-x64\jre\21.0.6-win32-x86_64\bin\VCRUNTIME140.dll
0x00007ffc2f9a0000 - 0x00007ffc2fc30000 	C:\WINDOWS\WinSxS\amd64_microsoft.windows.common-controls_6595b64144ccf1df_6.0.26100.3323_none_3e088096e3344490\COMCTL32.dll
0x00007ffc51c40000 - 0x00007ffc51ce9000 	C:\WINDOWS\System32\msvcrt.dll
0x00007ffc51d80000 - 0x00007ffc51daf000 	C:\WINDOWS\System32\IMM32.DLL
0x00007ffc24f00000 - 0x00007ffc24f0c000 	c:\Users\palak\.vscode\extensions\redhat.java-1.40.0-win32-x64\jre\21.0.6-win32-x86_64\bin\vcruntime140_1.dll
0x00007ffbf2550000 - 0x00007ffbf25dd000 	c:\Users\palak\.vscode\extensions\redhat.java-1.40.0-win32-x64\jre\21.0.6-win32-x86_64\bin\msvcp140.dll
0x00007ffbb44b0000 - 0x00007ffbb5240000 	c:\Users\palak\.vscode\extensions\redhat.java-1.40.0-win32-x64\jre\21.0.6-win32-x86_64\bin\server\jvm.dll
0x00007ffc51a20000 - 0x00007ffc51ad2000 	C:\WINDOWS\System32\ADVAPI32.dll
0x00007ffc513a0000 - 0x00007ffc51446000 	C:\WINDOWS\System32\sechost.dll
0x00007ffc4fc30000 - 0x00007ffc4fd46000 	C:\WINDOWS\System32\RPCRT4.dll
0x00007ffc50d80000 - 0x00007ffc50df4000 	C:\WINDOWS\System32\WS2_32.dll
0x00007ffc4ee90000 - 0x00007ffc4eede000 	C:\WINDOWS\SYSTEM32\POWRPROF.dll
0x00007ffc488d0000 - 0x00007ffc48906000 	C:\WINDOWS\SYSTEM32\WINMM.dll
0x00007ffc48910000 - 0x00007ffc4891b000 	C:\WINDOWS\SYSTEM32\VERSION.dll
0x00007ffc4ee70000 - 0x00007ffc4ee84000 	C:\WINDOWS\SYSTEM32\UMPDC.dll
0x00007ffc4de20000 - 0x00007ffc4de3a000 	C:\WINDOWS\SYSTEM32\kernel.appcore.dll
0x00007ffc249b0000 - 0x00007ffc249ba000 	c:\Users\palak\.vscode\extensions\redhat.java-1.40.0-win32-x64\jre\21.0.6-win32-x86_64\bin\jimage.dll
0x00007ffc3fc90000 - 0x00007ffc3fed1000 	C:\WINDOWS\SYSTEM32\DBGHELP.DLL
0x00007ffc50f60000 - 0x00007ffc512e2000 	C:\WINDOWS\System32\combase.dll
0x00007ffc4ffb0000 - 0x00007ffc50086000 	C:\WINDOWS\System32\OLEAUT32.dll
0x00007ffc32990000 - 0x00007ffc329c9000 	C:\WINDOWS\SYSTEM32\dbgcore.DLL
0x00007ffc4f8c0000 - 0x00007ffc4f959000 	C:\WINDOWS\System32\bcryptPrimitives.dll
0x00007ffc22710000 - 0x00007ffc2271f000 	c:\Users\palak\.vscode\extensions\redhat.java-1.40.0-win32-x64\jre\21.0.6-win32-x86_64\bin\instrument.dll
0x00007ffc1e990000 - 0x00007ffc1e9af000 	c:\Users\palak\.vscode\extensions\redhat.java-1.40.0-win32-x64\jre\21.0.6-win32-x86_64\bin\java.dll
0x00007ffc500e0000 - 0x00007ffc507f5000 	C:\WINDOWS\System32\SHELL32.dll
0x00007ffc4f960000 - 0x00007ffc4fac8000 	C:\WINDOWS\System32\wintypes.dll
0x00007ffc4cce0000 - 0x00007ffc4d525000 	C:\WINDOWS\SYSTEM32\windows.storage.dll
0x00007ffc51800000 - 0x00007ffc518eb000 	C:\WINDOWS\System32\SHCORE.dll
0x00007ffc51be0000 - 0x00007ffc51c3d000 	C:\WINDOWS\System32\shlwapi.dll
0x00007ffc4ef10000 - 0x00007ffc4ef3f000 	C:\WINDOWS\SYSTEM32\profapi.dll
0x00007ffc1e780000 - 0x00007ffc1e798000 	c:\Users\palak\.vscode\extensions\redhat.java-1.40.0-win32-x64\jre\21.0.6-win32-x86_64\bin\zip.dll
0x00007ffc21250000 - 0x00007ffc21260000 	C:\Users\palak\.vscode\extensions\redhat.java-1.40.0-win32-x64\jre\21.0.6-win32-x86_64\bin\net.dll
0x00007ffc43890000 - 0x00007ffc439ae000 	C:\WINDOWS\SYSTEM32\WINHTTP.dll
0x00007ffc4e340000 - 0x00007ffc4e3aa000 	C:\WINDOWS\system32\mswsock.dll
0x00007ffc1e760000 - 0x00007ffc1e776000 	C:\Users\palak\.vscode\extensions\redhat.java-1.40.0-win32-x64\jre\21.0.6-win32-x86_64\bin\nio.dll
0x00007ffc1fbd0000 - 0x00007ffc1fbe0000 	c:\Users\palak\.vscode\extensions\redhat.java-1.40.0-win32-x64\jre\21.0.6-win32-x86_64\bin\verify.dll

dbghelp: loaded successfully - version: 4.0.5 - missing functions: none
symbol engine: initialized successfully - sym options: 0x614 - pdb path: .;c:\Users\palak\.vscode\extensions\redhat.java-1.40.0-win32-x64\jre\21.0.6-win32-x86_64\bin;C:\WINDOWS\SYSTEM32;C:\WINDOWS\WinSxS\amd64_microsoft.windows.common-controls_6595b64144ccf1df_6.0.26100.3323_none_3e088096e3344490;c:\Users\palak\.vscode\extensions\redhat.java-1.40.0-win32-x64\jre\21.0.6-win32-x86_64\bin\server

VM Arguments:
jvm_args: --add-modules=ALL-SYSTEM --add-opens=java.base/java.util=ALL-UNNAMED --add-opens=java.base/java.lang=ALL-UNNAMED --add-opens=java.base/sun.nio.fs=ALL-UNNAMED -Declipse.application=org.eclipse.jdt.ls.core.id1 -Dosgi.bundles.defaultStartLevel=4 -Declipse.product=org.eclipse.jdt.ls.core.product -Djava.import.generatesMetadataFilesAtProjectRoot=false -DDetectVMInstallationsJob.disabled=true -Dfile.encoding=utf8 -XX:+UseParallelGC -XX:GCTimeRatio=4 -XX:AdaptiveSizePolicyWeight=90 -Dsun.zip.disableMemoryMapping=true -Xmx1G -Xms100m -Xlog:disable -javaagent:c:\Users\palak\.vscode\extensions\redhat.java-1.40.0-win32-x64\lombok\lombok-1.18.36.jar -XX:+HeapDumpOnOutOfMemoryError -XX:HeapDumpPath=c:\Users\palak\AppData\Roaming\Code\User\workspaceStorage\632f04cdbe9e26a6a5769c745b0508de\redhat.java -Daether.dependencyCollector.impl=bf 
java_command: c:\Users\palak\.vscode\extensions\redhat.java-1.40.0-win32-x64\server\plugins\org.eclipse.equinox.launcher_1.6.1000.v20250131-0606.jar -configuration c:\Users\palak\AppData\Roaming\Code\User\globalStorage\redhat.java\1.40.0\config_win -data c:\Users\palak\AppData\Roaming\Code\User\workspaceStorage\632f04cdbe9e26a6a5769c745b0508de\redhat.java\jdt_ws --pipe=\\.\pipe\lsp-137a0c343b8a1d07afb1177a73dd00c0-sock
java_class_path (initial): c:\Users\palak\.vscode\extensions\redhat.java-1.40.0-win32-x64\server\plugins\org.eclipse.equinox.launcher_1.6.1000.v20250131-0606.jar
Launcher Type: SUN_STANDARD

[Global flags]
    uintx AdaptiveSizePolicyWeight                 = 90                                        {product} {command line}
     intx CICompilerCount                          = 3                                         {product} {ergonomic}
    uintx GCTimeRatio                              = 4                                         {product} {command line}
     bool HeapDumpOnOutOfMemoryError               = true                                   {manageable} {command line}
    ccstr HeapDumpPath                             = c:\Users\palak\AppData\Roaming\Code\User\workspaceStorage\632f04cdbe9e26a6a5769c745b0508de\redhat.java         {manageable} {command line}
   size_t InitialHeapSize                          = 104857600                                 {product} {command line}
   size_t MaxHeapSize                              = 1073741824                                {product} {command line}
   size_t MaxNewSize                               = 357564416                                 {product} {ergonomic}
   size_t MinHeapDeltaBytes                        = 524288                                    {product} {ergonomic}
   size_t MinHeapSize                              = 104857600                                 {product} {command line}
   size_t NewSize                                  = 34603008                                  {product} {ergonomic}
    uintx NonNMethodCodeHeapSize                   = 5832780                                {pd product} {ergonomic}
    uintx NonProfiledCodeHeapSize                  = 122912730                              {pd product} {ergonomic}
   size_t OldSize                                  = 70254592                                  {product} {ergonomic}
    uintx ProfiledCodeHeapSize                     = 122912730                              {pd product} {ergonomic}
    uintx ReservedCodeCacheSize                    = 251658240                              {pd product} {ergonomic}
     bool SegmentedCodeCache                       = true                                      {product} {ergonomic}
   size_t SoftMaxHeapSize                          = 1073741824                             {manageable} {ergonomic}
     bool UseCompressedOops                        = true                           {product lp64_product} {ergonomic}
     bool UseLargePagesIndividualAllocation        = false                                  {pd product} {ergonomic}
     bool UseParallelGC                            = true                                      {product} {command line}

Logging:
Log output configuration:
 #0: stdout all=off uptime,level,tags foldmultilines=false
 #1: stderr all=off uptime,level,tags foldmultilines=false

Environment Variables:
JAVA_HOME=C:\Users\palak\Downloads\java-21-openjdk-21.0.1.0.12-3.win.jdk.x86_64\java-21-openjdk-21.0.1.0.12-3.win.jdk.x86_64
PATH=C:\Program Files (x86)\Common Files\Oracle\Java\java8path;C:\Program Files (x86)\Common Files\Oracle\Java\javapath;C:\WINDOWS\system32;C:\WINDOWS;C:\WINDOWS\System32\Wbem;C:\WINDOWS\System32\WindowsPowerShell\v1.0\;C:\WINDOWS\System32\OpenSSH\;C:\Users\palak\Downloads\java-21-openjdk-21.0.1.0.12-3.win.jdk.x86_64\java-21-openjdk-21.0.1.0.12-3.win.jdk.x86_64\bin;C:\Users\palak\Downloads\apache-maven-3.9.8-bin\bin;c:\users\palak\appdata\local\packages\pythonsoftwarefoundation.python.3.11_qbz5n2kfra8p0\localcache\local-packages\python311\site-packages;C:\ProgramData\chocolatey\bin;C:\Program Files\nodejs\;C:\Users\palak\AppData\Local\Programs\Python\Python312\Scripts;C:\Program Files\Git\cmd;C:\Users\palak\Downloads\flutter_windows_3.27.3-stable\flutter\bin;C:\Users\palak\AppData\Local\Android\Sdk\cmdline-tools\latest\bin;C:\Users\palak\AppData\Local\Android\Sdk\platform-tools;C:\ffmpeg;C:\Program Files\MongoDB\Server\8.0\bin;C:\Users\palak\AppData\Local\Programs\Python\Python313\Scripts\;C:\Users\palak\AppData\Local\Programs\Python\Python313\;C:\Users\palak\AppData\Local\Programs\Python\Python312\Scripts\;C:\Users\palak\AppData\Local\Programs\Python\Python312\;C:\Users\palak\AppData\Local\Programs\Python\Launcher\;C:\Program Files\MySQL\MySQL Shell 8.0\bin\;C:\Users\palak\AppData\Local\Microsoft\WindowsApps;C:\Users\palak\AppData\Local\Programs\Microsoft VS Code\bin;C:\Program Files\JetBrains\IntelliJ IDEA Community Edition 2023.3.3\bin;C:\Users\palak\AppData\Local\JetBrains\CLion 2023.3.4\bin;C:\Program Files\JetBrains\PyCharm 2024.1.2\bin;C:\Program Files\JetBrains\PyCharm Community Edition 2024.1.4\bin;C:\Users\palak\AppData\Local\JetBrains\Toolbox\scripts;C:\Users\palak\AppData\Roaming\npm;C:\Users\palak\AppData\Local\GitHubDesktop\bin;C:\Users\palak\AppData\Local\Microsoft\WindowsApps;
USERNAME=palak
OS=Windows_NT
PROCESSOR_IDENTIFIER=AMD64 Family 23 Model 24 Stepping 1, AuthenticAMD
TMP=C:\Users\palak\AppData\Local\Temp
TEMP=C:\Users\palak\AppData\Local\Temp




Periodic native trim disabled

---------------  S Y S T E M  ---------------

OS:
 Windows 11 , 64 bit Build 26100 (10.0.26100.3323)
OS uptime: 0 days 23:32 hours

CPU: total 4 (initial active 4) (4 cores per cpu, 2 threads per core) family 23 model 24 stepping 1 microcode 0x8108109, cx8, cmov, fxsr, ht, mmx, 3dnowpref, sse, sse2, sse3, ssse3, sse4a, sse4.1, sse4.2, popcnt, lzcnt, tsc, tscinvbit, avx, avx2, aes, clmul, bmi1, bmi2, adx, sha, fma, vzeroupper, clflush, clflushopt, rdtscp, f16c
Processor Information for the first 4 processors :
  Max Mhz: 2600, Current Mhz: 2600, Mhz Limit: 2600

Memory: 4k page, system-wide physical 6086M (617M free)
TotalPageFile size 14278M (AvailPageFile size 9M)
current process WorkingSet (physical memory assigned to process): 63M, peak: 64M
current process commit charge ("private bytes"): 185M, peak: 187M

vm_info: OpenJDK 64-Bit Server VM (21.0.6+7-LTS) for windows-amd64 JRE (21.0.6+7-LTS), built on 2025-01-21T00:00:00Z by "admin" with MS VC++ 17.7 (VS2022)

END.
