#
# There is insufficient memory for the Java Runtime Environment to continue.
# Native memory allocation (malloc) failed to allocate 1223376 bytes. Error detail: Chunk::new
# Possible reasons:
#   The system is out of physical RAM or swap space
#   This process is running with CompressedOops enabled, and the Java Heap may be blocking the growth of the native heap
# Possible solutions:
#   Reduce memory load on the system
#   Increase physical memory or swap space
#   Check if swap backing store is full
#   Decrease Java heap size (-Xmx/-Xms)
#   Decrease number of Java threads
#   Decrease Java thread stack sizes (-Xss)
#   Set larger code cache with -XX:ReservedCodeCacheSize=
#   JVM is running with Unscaled Compressed Oops mode in which the Java heap is
#     placed in the first 4GB address space. The Java Heap base address is the
#     maximum limit for the native heap growth. Please use -XX:HeapBaseMinAddress
#     to set the Java Heap base and to place the Java Heap above 4GB virtual address.
# This output file may be truncated or incomplete.
#
#  Out of Memory Error (arena.cpp:168), pid=11640, tid=10848
#
# JRE version: OpenJDK Runtime Environment Temurin-21.0.6+7 (21.0.6+7) (build 21.0.6+7-LTS)
# Java VM: OpenJDK 64-Bit Server VM Temurin-21.0.6+7 (21.0.6+7-LTS, mixed mode, sharing, tiered, compressed oops, compressed class ptrs, parallel gc, windows-amd64)
# No core dump will be written. Minidumps are not enabled by default on client versions of Windows
#

---------------  S U M M A R Y ------------

Command Line: --add-modules=ALL-SYSTEM --add-opens=java.base/java.util=ALL-UNNAMED --add-opens=java.base/java.lang=ALL-UNNAMED --add-opens=java.base/sun.nio.fs=ALL-UNNAMED -Declipse.application=org.eclipse.jdt.ls.core.id1 -Dosgi.bundles.defaultStartLevel=4 -Declipse.product=org.eclipse.jdt.ls.core.product -Djava.import.generatesMetadataFilesAtProjectRoot=false -DDetectVMInstallationsJob.disabled=true -Dfile.encoding=utf8 -XX:+UseParallelGC -XX:GCTimeRatio=4 -XX:AdaptiveSizePolicyWeight=90 -Dsun.zip.disableMemoryMapping=true -Xmx1G -Xms100m -Xlog:disable -javaagent:c:\Users\palak\.vscode\extensions\redhat.java-1.40.0-win32-x64\lombok\lombok-1.18.36.jar -XX:+HeapDumpOnOutOfMemoryError -XX:HeapDumpPath=c:\Users\palak\AppData\Roaming\Code\User\workspaceStorage\ee148990e97456275c543846b0f27411\redhat.java -Daether.dependencyCollector.impl=bf c:\Users\palak\.vscode\extensions\redhat.java-1.40.0-win32-x64\server\plugins\org.eclipse.equinox.launcher_1.6.1000.v20250131-0606.jar -configuration c:\Users\palak\AppData\Roaming\Code\User\globalStorage\redhat.java\1.40.0\config_win -data c:\Users\palak\AppData\Roaming\Code\User\workspaceStorage\ee148990e97456275c543846b0f27411\redhat.java\jdt_ws --pipe=\\.\pipe\lsp-25382ffcd11d30c65970aa73ab4d3a57-sock

Host: AMD Ryzen 3 3250U with Radeon Graphics         , 4 cores, 5G,  Windows 11 , 64 bit Build 26100 (10.0.26100.3037)
Time: Sun Mar  9 18:50:30 2025 India Standard Time elapsed time: 139.919234 seconds (0d 0h 2m 19s)

---------------  T H R E A D  ---------------

Current thread (0x000001edac8c49d0):  JavaThread "C2 CompilerThread0" daemon [_thread_in_native, id=10848, stack(0x000000c872500000,0x000000c872600000) (1024K)]


Current CompileTask:
C2:139920 5219       4       java.lang.invoke.MemberName::getMethodOrFieldType (72 bytes)

Stack: [0x000000c872500000,0x000000c872600000]
Native frames: (J=compiled Java code, j=interpreted, Vv=VM code, C=native code)
V  [jvm.dll+0x6cdee9]
V  [jvm.dll+0x8a83d1]
V  [jvm.dll+0x8aa8fe]
V  [jvm.dll+0x8aafe3]
V  [jvm.dll+0x27f706]
V  [jvm.dll+0xc500d]
V  [jvm.dll+0xc5543]
V  [jvm.dll+0x3b6752]
V  [jvm.dll+0x382935]
V  [jvm.dll+0x381d9a]
V  [jvm.dll+0x2479f0]
V  [jvm.dll+0x246fcf]
V  [jvm.dll+0x1c75ee]
V  [jvm.dll+0x25685a]
V  [jvm.dll+0x254dfa]
V  [jvm.dll+0x3f0256]
V  [jvm.dll+0x851f8b]
V  [jvm.dll+0x6cc5ed]
C  [ucrtbase.dll+0x37b0]
C  [KERNEL32.DLL+0x2e8d7]
C  [ntdll.dll+0xbbf2c]


---------------  P R O C E S S  ---------------

Threads class SMR info:
_java_thread_list=0x000001edf44bcbe0, length=23, elements={
0x000001ed9628dbf0, 0x000001ed97dfe860, 0x000001edac8b55d0, 0x000001edac8b8230,
0x000001edac8b8e80, 0x000001edac8ba5f0, 0x000001edac8c1070, 0x000001edac8c49d0,
0x000001edac931e60, 0x000001ed97dadaa0, 0x000001edee847180, 0x000001edf30d4c30,
0x000001edee678640, 0x000001edee7b0830, 0x000001edf331e900, 0x000001edf30cd380,
0x000001edf39b3c30, 0x000001edee716a40, 0x000001edee7170d0, 0x000001edee717760,
0x000001edee717df0, 0x000001edee718480, 0x000001edee7191a0
}

Java Threads: ( => current thread )
  0x000001ed9628dbf0 JavaThread "main"                              [_thread_blocked, id=18324, stack(0x000000c871b00000,0x000000c871c00000) (1024K)]
  0x000001ed97dfe860 JavaThread "Reference Handler"          daemon [_thread_blocked, id=18288, stack(0x000000c871f00000,0x000000c872000000) (1024K)]
  0x000001edac8b55d0 JavaThread "Finalizer"                  daemon [_thread_blocked, id=17424, stack(0x000000c872000000,0x000000c872100000) (1024K)]
  0x000001edac8b8230 JavaThread "Signal Dispatcher"          daemon [_thread_blocked, id=7596, stack(0x000000c872100000,0x000000c872200000) (1024K)]
  0x000001edac8b8e80 JavaThread "Attach Listener"            daemon [_thread_blocked, id=8184, stack(0x000000c872200000,0x000000c872300000) (1024K)]
  0x000001edac8ba5f0 JavaThread "Service Thread"             daemon [_thread_blocked, id=5852, stack(0x000000c872300000,0x000000c872400000) (1024K)]
  0x000001edac8c1070 JavaThread "Monitor Deflation Thread"   daemon [_thread_blocked, id=6460, stack(0x000000c872400000,0x000000c872500000) (1024K)]
=>0x000001edac8c49d0 JavaThread "C2 CompilerThread0"         daemon [_thread_in_native, id=10848, stack(0x000000c872500000,0x000000c872600000) (1024K)]
  0x000001edac931e60 JavaThread "C1 CompilerThread0"         daemon [_thread_blocked, id=13412, stack(0x000000c872600000,0x000000c872700000) (1024K)]
  0x000001ed97dadaa0 JavaThread "Common-Cleaner"             daemon [_thread_blocked, id=7660, stack(0x000000c872700000,0x000000c872800000) (1024K)]
  0x000001edee847180 JavaThread "Notification Thread"        daemon [_thread_blocked, id=14532, stack(0x000000c872800000,0x000000c872900000) (1024K)]
  0x000001edf30d4c30 JavaThread "Active Thread: Equinox Container: e564b28f-06ee-4b51-88ef-4351d2338487"        [_thread_blocked, id=7116, stack(0x000000c872c00000,0x000000c872d00000) (1024K)]
  0x000001edee678640 JavaThread "Refresh Thread: Equinox Container: e564b28f-06ee-4b51-88ef-4351d2338487" daemon [_thread_blocked, id=16624, stack(0x000000c872d00000,0x000000c872e00000) (1024K)]
  0x000001edee7b0830 JavaThread "Framework Event Dispatcher: Equinox Container: e564b28f-06ee-4b51-88ef-4351d2338487" daemon [_thread_blocked, id=8924, stack(0x000000c872e00000,0x000000c872f00000) (1024K)]
  0x000001edf331e900 JavaThread "Start Level: Equinox Container: e564b28f-06ee-4b51-88ef-4351d2338487" daemon [_thread_in_vm, id=12024, stack(0x000000c872f00000,0x000000c873000000) (1024K)]
  0x000001edf30cd380 JavaThread "Bundle File Closer"         daemon [_thread_blocked, id=13884, stack(0x000000c873000000,0x000000c873100000) (1024K)]
  0x000001edf39b3c30 JavaThread "SCR Component Actor"        daemon [_thread_blocked, id=9576, stack(0x000000c871900000,0x000000c871a00000) (1024K)]
  0x000001edee716a40 JavaThread "Worker-JM"                         [_thread_blocked, id=6492, stack(0x000000c873100000,0x000000c873200000) (1024K)]
  0x000001edee7170d0 JavaThread "JNA Cleaner"                daemon [_thread_blocked, id=19220, stack(0x000000c873200000,0x000000c873300000) (1024K)]
  0x000001edee717760 JavaThread "Worker-0: Repository registry initialization"        [_thread_in_Java, id=15892, stack(0x000000c873300000,0x000000c873400000) (1024K)]
  0x000001edee717df0 JavaThread "Worker-1"                          [_thread_blocked, id=4180, stack(0x000000c873400000,0x000000c873500000) (1024K)]
  0x000001edee718480 JavaThread "Worker-2"                          [_thread_blocked, id=19296, stack(0x000000c873600000,0x000000c873700000) (1024K)]
  0x000001edee7191a0 JavaThread "Java indexing"              daemon [_thread_blocked, id=18672, stack(0x000000c873500000,0x000000c873600000) (1024K)]
Total: 23

Other Threads:
  0x000001edac8af4f0 VMThread "VM Thread"                           [id=12352, stack(0x000000c871e00000,0x000000c871f00000) (1024K)]
  0x000001ed97dab8e0 WatcherThread "VM Periodic Task Thread"        [id=2344, stack(0x000000c871d00000,0x000000c871e00000) (1024K)]
  0x000001ed97d5d570 WorkerThread "GC Thread#0"                     [id=5480, stack(0x000000c871c00000,0x000000c871d00000) (1024K)]
  0x000001edf349b040 WorkerThread "GC Thread#1"                     [id=9196, stack(0x000000c872900000,0x000000c872a00000) (1024K)]
  0x000001edf305e080 WorkerThread "GC Thread#2"                     [id=2848, stack(0x000000c872a00000,0x000000c872b00000) (1024K)]
  0x000001edf305e420 WorkerThread "GC Thread#3"                     [id=13788, stack(0x000000c872b00000,0x000000c872c00000) (1024K)]
Total: 6

Threads with active compile tasks:
C2 CompilerThread0  140021 5219       4       java.lang.invoke.MemberName::getMethodOrFieldType (72 bytes)
Total: 1

VM state: not at safepoint (normal execution)

VM Mutex/Monitor currently owned by a thread: None

Heap address: 0x00000000c0000000, size: 1024 MB, Compressed Oops mode: 32-bit

CDS archive(s) mapped at: [0x000001edad000000-0x000001edadba0000-0x000001edadba0000), size 12189696, SharedBaseAddress: 0x000001edad000000, ArchiveRelocationMode: 1.
Compressed class space mapped at: 0x000001edae000000-0x000001edee000000, reserved size: 1073741824
Narrow klass base: 0x000001edad000000, Narrow klass shift: 0, Narrow klass range: 0x100000000

GC Precious Log:
 CardTable entry size: 512
 CPUs: 4 total, 4 available
 Memory: 6086M
 Large Page Support: Disabled
 NUMA Support: Disabled
 Compressed Oops: Enabled (32-bit)
 Alignments: Space 512K, Generation 512K, Heap 2M
 Heap Min Capacity: 100M
 Heap Initial Capacity: 100M
 Heap Max Capacity: 1G
 Pre-touch: Disabled
 Parallel Workers: 4

Heap:
 PSYoungGen      total 23552K, used 12693K [0x00000000eab00000, 0x00000000ec700000, 0x0000000100000000)
  eden space 22528K, 52% used [0x00000000eab00000,0x00000000eb68ace0,0x00000000ec100000)
  from space 1024K, 85% used [0x00000000ec600000,0x00000000ec6daa40,0x00000000ec700000)
  to   space 1536K, 0% used [0x00000000ec400000,0x00000000ec400000,0x00000000ec580000)
 ParOldGen       total 68608K, used 16694K [0x00000000c0000000, 0x00000000c4300000, 0x00000000eab00000)
  object space 68608K, 24% used [0x00000000c0000000,0x00000000c104dac0,0x00000000c4300000)
 Metaspace       used 34027K, committed 35072K, reserved 1114112K
  class space    used 3417K, committed 3840K, reserved 1048576K

Card table byte_map: [0x000001edaa200000,0x000001edaa410000] _byte_map_base: 0x000001eda9c00000

Marking Bits: (ParMarkBitMap*) 0x00007ffd5add3260
 Begin Bits: [0x000001edaa570000, 0x000001edab570000)
 End Bits:   [0x000001edab570000, 0x000001edac570000)

Polling page: 0x000001ed96230000

Metaspace:

Usage:
  Non-class:     29.89 MB used.
      Class:      3.34 MB used.
       Both:     33.23 MB used.

Virtual space:
  Non-class space:       64.00 MB reserved,      30.50 MB ( 48%) committed,  1 nodes.
      Class space:        1.00 GB reserved,       3.75 MB ( <1%) committed,  1 nodes.
             Both:        1.06 GB reserved,      34.25 MB (  3%) committed. 

Chunk freelists:
   Non-Class:  1.27 MB
       Class:  12.08 MB
        Both:  13.34 MB

MaxMetaspaceSize: unlimited
CompressedClassSpaceSize: 1.00 GB
Initial GC threshold: 21.00 MB
Current GC threshold: 35.00 MB
CDS: on
 - commit_granule_bytes: 65536.
 - commit_granule_words: 8192.
 - virtual_space_node_default_size: 8388608.
 - enlarge_chunks_in_place: 1.
 - use_allocation_guard: 0.


Internal statistics:

num_allocs_failed_limit: 3.
num_arena_births: 824.
num_arena_deaths: 14.
num_vsnodes_births: 2.
num_vsnodes_deaths: 0.
num_space_committed: 548.
num_space_uncommitted: 0.
num_chunks_returned_to_freelist: 17.
num_chunks_taken_from_freelist: 2340.
num_chunk_merges: 6.
num_chunk_splits: 1431.
num_chunks_enlarged: 760.
num_inconsistent_stats: 0.

CodeHeap 'non-profiled nmethods': size=120000Kb used=2872Kb max_used=2872Kb free=117127Kb
 bounds [0x000001eda2af0000, 0x000001eda2dc0000, 0x000001edaa020000]
CodeHeap 'profiled nmethods': size=120000Kb used=11415Kb max_used=11415Kb free=108584Kb
 bounds [0x000001ed9b020000, 0x000001ed9bb50000, 0x000001eda2550000]
CodeHeap 'non-nmethods': size=5760Kb used=1339Kb max_used=1368Kb free=4420Kb
 bounds [0x000001eda2550000, 0x000001eda27c0000, 0x000001eda2af0000]
 total_blobs=5859 nmethods=5227 adapters=538
 compilation: enabled
              stopped_count=0, restarted_count=0
 full_count=0

Compilation events (20 events):
Event: 139.660 Thread 0x000001edac931e60 5224       1       com.sun.org.apache.xerces.internal.dom.DocumentImpl::getMutationEvents (5 bytes)
Event: 139.661 Thread 0x000001edac931e60 nmethod 5224 0x000001eda2dbda10 code [0x000001eda2dbdba0, 0x000001eda2dbdc70]
Event: 139.661 Thread 0x000001edac931e60 5225       1       com.sun.org.apache.xerces.internal.dom.ElementImpl::getNodeType (2 bytes)
Event: 139.661 Thread 0x000001edac931e60 nmethod 5225 0x000001eda2dbdd10 code [0x000001eda2dbdea0, 0x000001eda2dbdf68]
Event: 139.661 Thread 0x000001edac931e60 5226       3       com.sun.org.apache.xerces.internal.util.XMLChar::isName (23 bytes)
Event: 139.661 Thread 0x000001edac931e60 nmethod 5226 0x000001ed9bb3f710 code [0x000001ed9bb3f8c0, 0x000001ed9bb3fa68]
Event: 139.661 Thread 0x000001edac931e60 5227       3       com.sun.org.apache.xerces.internal.dom.NodeImpl::isSpecified (27 bytes)
Event: 139.661 Thread 0x000001edac931e60 nmethod 5227 0x000001ed9bb3fb10 code [0x000001ed9bb3fca0, 0x000001ed9bb3fe08]
Event: 139.661 Thread 0x000001edac931e60 5228       3       com.sun.org.apache.xerces.internal.dom.NodeImpl::isNormalized (17 bytes)
Event: 139.661 Thread 0x000001edac931e60 nmethod 5228 0x000001ed9bb3fe90 code [0x000001ed9bb40020, 0x000001ed9bb40188]
Event: 139.662 Thread 0x000001edac931e60 5229       3       com.sun.org.apache.xerces.internal.dom.NodeImpl::hasStringValue (29 bytes)
Event: 139.662 Thread 0x000001edac931e60 nmethod 5229 0x000001ed9bb40210 code [0x000001ed9bb403a0, 0x000001ed9bb40508]
Event: 139.662 Thread 0x000001edac931e60 5230       3       com.sun.org.apache.xerces.internal.dom.NodeImpl::ownerDocument (23 bytes)
Event: 139.662 Thread 0x000001edac931e60 nmethod 5230 0x000001ed9bb40590 code [0x000001ed9bb40760, 0x000001ed9bb40b30]
Event: 139.662 Thread 0x000001edac931e60 5232       3       com.sun.org.apache.xerces.internal.dom.NamedNodeMapImpl::findNamePoint (105 bytes)
Event: 139.663 Thread 0x000001edac931e60 nmethod 5232 0x000001ed9bb40c10 code [0x000001ed9bb40e20, 0x000001ed9bb41510]
Event: 139.663 Thread 0x000001edac931e60 5231       1       com.sun.org.apache.xerces.internal.dom.AttrImpl::getNodeType (2 bytes)
Event: 139.663 Thread 0x000001edac931e60 nmethod 5231 0x000001eda2dbe010 code [0x000001eda2dbe1a0, 0x000001eda2dbe268]
Event: 139.852 Thread 0x000001edac931e60 5234   !   3       jdk.xml.internal.SecuritySupport::readConfig (150 bytes)
Event: 139.861 Thread 0x000001edac931e60 nmethod 5234 0x000001ed9bb41710 code [0x000001ed9bb41c60, 0x000001ed9bb44aa8]

GC Heap History (20 events):
Event: 89.320 GC heap before
{Heap before GC invocations=4 (full 0):
 PSYoungGen      total 29696K, used 29693K [0x00000000eab00000, 0x00000000ecc00000, 0x0000000100000000)
  eden space 25600K, 100% used [0x00000000eab00000,0x00000000ec400000,0x00000000ec400000)
  from space 4096K, 99% used [0x00000000ec400000,0x00000000ec7ff630,0x00000000ec800000)
  to   space 4096K, 0% used [0x00000000ec800000,0x00000000ec800000,0x00000000ecc00000)
 ParOldGen       total 68608K, used 5880K [0x00000000c0000000, 0x00000000c4300000, 0x00000000eab00000)
  object space 68608K, 8% used [0x00000000c0000000,0x00000000c05be180,0x00000000c4300000)
 Metaspace       used 12465K, committed 12864K, reserved 1114112K
  class space    used 1215K, committed 1408K, reserved 1048576K
}
Event: 89.338 GC heap after
{Heap after GC invocations=4 (full 0):
 PSYoungGen      total 29696K, used 4080K [0x00000000eab00000, 0x00000000ecc00000, 0x0000000100000000)
  eden space 25600K, 0% used [0x00000000eab00000,0x00000000eab00000,0x00000000ec400000)
  from space 4096K, 99% used [0x00000000ec800000,0x00000000ecbfc040,0x00000000ecc00000)
  to   space 4096K, 0% used [0x00000000ec400000,0x00000000ec400000,0x00000000ec800000)
 ParOldGen       total 68608K, used 8316K [0x00000000c0000000, 0x00000000c4300000, 0x00000000eab00000)
  object space 68608K, 12% used [0x00000000c0000000,0x00000000c081f078,0x00000000c4300000)
 Metaspace       used 12465K, committed 12864K, reserved 1114112K
  class space    used 1215K, committed 1408K, reserved 1048576K
}
Event: 101.667 GC heap before
{Heap before GC invocations=5 (full 0):
 PSYoungGen      total 29696K, used 29680K [0x00000000eab00000, 0x00000000ecc00000, 0x0000000100000000)
  eden space 25600K, 100% used [0x00000000eab00000,0x00000000ec400000,0x00000000ec400000)
  from space 4096K, 99% used [0x00000000ec800000,0x00000000ecbfc040,0x00000000ecc00000)
  to   space 4096K, 0% used [0x00000000ec400000,0x00000000ec400000,0x00000000ec800000)
 ParOldGen       total 68608K, used 8316K [0x00000000c0000000, 0x00000000c4300000, 0x00000000eab00000)
  object space 68608K, 12% used [0x00000000c0000000,0x00000000c081f078,0x00000000c4300000)
 Metaspace       used 15842K, committed 16448K, reserved 1114112K
  class space    used 1535K, committed 1792K, reserved 1048576K
}
Event: 101.681 GC heap after
{Heap after GC invocations=5 (full 0):
 PSYoungGen      total 29184K, used 4068K [0x00000000eab00000, 0x00000000ecf80000, 0x0000000100000000)
  eden space 25088K, 0% used [0x00000000eab00000,0x00000000eab00000,0x00000000ec380000)
  from space 4096K, 99% used [0x00000000ec400000,0x00000000ec7f91b8,0x00000000ec800000)
  to   space 6144K, 0% used [0x00000000ec980000,0x00000000ec980000,0x00000000ecf80000)
 ParOldGen       total 68608K, used 9648K [0x00000000c0000000, 0x00000000c4300000, 0x00000000eab00000)
  object space 68608K, 14% used [0x00000000c0000000,0x00000000c096c268,0x00000000c4300000)
 Metaspace       used 15842K, committed 16448K, reserved 1114112K
  class space    used 1535K, committed 1792K, reserved 1048576K
}
Event: 106.571 GC heap before
{Heap before GC invocations=6 (full 0):
 PSYoungGen      total 29184K, used 29156K [0x00000000eab00000, 0x00000000ecf80000, 0x0000000100000000)
  eden space 25088K, 100% used [0x00000000eab00000,0x00000000ec380000,0x00000000ec380000)
  from space 4096K, 99% used [0x00000000ec400000,0x00000000ec7f91b8,0x00000000ec800000)
  to   space 6144K, 0% used [0x00000000ec980000,0x00000000ec980000,0x00000000ecf80000)
 ParOldGen       total 68608K, used 9648K [0x00000000c0000000, 0x00000000c4300000, 0x00000000eab00000)
  object space 68608K, 14% used [0x00000000c0000000,0x00000000c096c268,0x00000000c4300000)
 Metaspace       used 18933K, committed 19776K, reserved 1114112K
  class space    used 1872K, committed 2240K, reserved 1048576K
}
Event: 106.595 GC heap after
{Heap after GC invocations=6 (full 0):
 PSYoungGen      total 29184K, used 4326K [0x00000000eab00000, 0x00000000ece00000, 0x0000000100000000)
  eden space 24576K, 0% used [0x00000000eab00000,0x00000000eab00000,0x00000000ec300000)
  from space 4608K, 93% used [0x00000000ec980000,0x00000000ecdb9b30,0x00000000ece00000)
  to   space 5120K, 0% used [0x00000000ec400000,0x00000000ec400000,0x00000000ec900000)
 ParOldGen       total 68608K, used 9656K [0x00000000c0000000, 0x00000000c4300000, 0x00000000eab00000)
  object space 68608K, 14% used [0x00000000c0000000,0x00000000c096e268,0x00000000c4300000)
 Metaspace       used 18933K, committed 19776K, reserved 1114112K
  class space    used 1872K, committed 2240K, reserved 1048576K
}
Event: 109.301 GC heap before
{Heap before GC invocations=7 (full 0):
 PSYoungGen      total 29184K, used 22865K [0x00000000eab00000, 0x00000000ece00000, 0x0000000100000000)
  eden space 24576K, 75% used [0x00000000eab00000,0x00000000ebd1ab38,0x00000000ec300000)
  from space 4608K, 93% used [0x00000000ec980000,0x00000000ecdb9b30,0x00000000ece00000)
  to   space 5120K, 0% used [0x00000000ec400000,0x00000000ec400000,0x00000000ec900000)
 ParOldGen       total 68608K, used 9656K [0x00000000c0000000, 0x00000000c4300000, 0x00000000eab00000)
  object space 68608K, 14% used [0x00000000c0000000,0x00000000c096e268,0x00000000c4300000)
 Metaspace       used 20637K, committed 21504K, reserved 1114112K
  class space    used 2079K, committed 2432K, reserved 1048576K
}
Event: 109.317 GC heap after
{Heap after GC invocations=7 (full 0):
 PSYoungGen      total 28672K, used 3990K [0x00000000eab00000, 0x00000000ecc00000, 0x0000000100000000)
  eden space 24576K, 0% used [0x00000000eab00000,0x00000000eab00000,0x00000000ec300000)
  from space 4096K, 97% used [0x00000000ec400000,0x00000000ec7e5988,0x00000000ec800000)
  to   space 4096K, 0% used [0x00000000ec800000,0x00000000ec800000,0x00000000ecc00000)
 ParOldGen       total 68608K, used 11082K [0x00000000c0000000, 0x00000000c4300000, 0x00000000eab00000)
  object space 68608K, 16% used [0x00000000c0000000,0x00000000c0ad29d8,0x00000000c4300000)
 Metaspace       used 20637K, committed 21504K, reserved 1114112K
  class space    used 2079K, committed 2432K, reserved 1048576K
}
Event: 109.317 GC heap before
{Heap before GC invocations=8 (full 1):
 PSYoungGen      total 28672K, used 3990K [0x00000000eab00000, 0x00000000ecc00000, 0x0000000100000000)
  eden space 24576K, 0% used [0x00000000eab00000,0x00000000eab00000,0x00000000ec300000)
  from space 4096K, 97% used [0x00000000ec400000,0x00000000ec7e5988,0x00000000ec800000)
  to   space 4096K, 0% used [0x00000000ec800000,0x00000000ec800000,0x00000000ecc00000)
 ParOldGen       total 68608K, used 11082K [0x00000000c0000000, 0x00000000c4300000, 0x00000000eab00000)
  object space 68608K, 16% used [0x00000000c0000000,0x00000000c0ad29d8,0x00000000c4300000)
 Metaspace       used 20637K, committed 21504K, reserved 1114112K
  class space    used 2079K, committed 2432K, reserved 1048576K
}
Event: 109.432 GC heap after
{Heap after GC invocations=8 (full 1):
 PSYoungGen      total 28672K, used 0K [0x00000000eab00000, 0x00000000ecc00000, 0x0000000100000000)
  eden space 24576K, 0% used [0x00000000eab00000,0x00000000eab00000,0x00000000ec300000)
  from space 4096K, 0% used [0x00000000ec400000,0x00000000ec400000,0x00000000ec800000)
  to   space 4096K, 0% used [0x00000000ec800000,0x00000000ec800000,0x00000000ecc00000)
 ParOldGen       total 68608K, used 13106K [0x00000000c0000000, 0x00000000c4300000, 0x00000000eab00000)
  object space 68608K, 19% used [0x00000000c0000000,0x00000000c0cccb10,0x00000000c4300000)
 Metaspace       used 20625K, committed 21504K, reserved 1114112K
  class space    used 2076K, committed 2432K, reserved 1048576K
}
Event: 114.747 GC heap before
{Heap before GC invocations=9 (full 1):
 PSYoungGen      total 28672K, used 24576K [0x00000000eab00000, 0x00000000ecc00000, 0x0000000100000000)
  eden space 24576K, 100% used [0x00000000eab00000,0x00000000ec300000,0x00000000ec300000)
  from space 4096K, 0% used [0x00000000ec400000,0x00000000ec400000,0x00000000ec800000)
  to   space 4096K, 0% used [0x00000000ec800000,0x00000000ec800000,0x00000000ecc00000)
 ParOldGen       total 68608K, used 13106K [0x00000000c0000000, 0x00000000c4300000, 0x00000000eab00000)
  object space 68608K, 19% used [0x00000000c0000000,0x00000000c0cccb10,0x00000000c4300000)
 Metaspace       used 23275K, committed 24256K, reserved 1114112K
  class space    used 2357K, committed 2752K, reserved 1048576K
}
Event: 114.752 GC heap after
{Heap after GC invocations=9 (full 1):
 PSYoungGen      total 26624K, used 2463K [0x00000000eab00000, 0x00000000eca80000, 0x0000000100000000)
  eden space 24064K, 0% used [0x00000000eab00000,0x00000000eab00000,0x00000000ec280000)
  from space 2560K, 96% used [0x00000000ec800000,0x00000000eca67ec8,0x00000000eca80000)
  to   space 3072K, 0% used [0x00000000ec480000,0x00000000ec480000,0x00000000ec780000)
 ParOldGen       total 68608K, used 13114K [0x00000000c0000000, 0x00000000c4300000, 0x00000000eab00000)
  object space 68608K, 19% used [0x00000000c0000000,0x00000000c0cceb10,0x00000000c4300000)
 Metaspace       used 23275K, committed 24256K, reserved 1114112K
  class space    used 2357K, committed 2752K, reserved 1048576K
}
Event: 117.040 GC heap before
{Heap before GC invocations=10 (full 1):
 PSYoungGen      total 26624K, used 26527K [0x00000000eab00000, 0x00000000eca80000, 0x0000000100000000)
  eden space 24064K, 100% used [0x00000000eab00000,0x00000000ec280000,0x00000000ec280000)
  from space 2560K, 96% used [0x00000000ec800000,0x00000000eca67ec8,0x00000000eca80000)
  to   space 3072K, 0% used [0x00000000ec480000,0x00000000ec480000,0x00000000ec780000)
 ParOldGen       total 68608K, used 13114K [0x00000000c0000000, 0x00000000c4300000, 0x00000000eab00000)
  object space 68608K, 19% used [0x00000000c0000000,0x00000000c0cceb10,0x00000000c4300000)
 Metaspace       used 26232K, committed 27200K, reserved 1114112K
  class space    used 2632K, committed 3008K, reserved 1048576K
}
Event: 117.043 GC heap after
{Heap after GC invocations=10 (full 1):
 PSYoungGen      total 25600K, used 1560K [0x00000000eab00000, 0x00000000ec880000, 0x0000000100000000)
  eden space 23552K, 0% used [0x00000000eab00000,0x00000000eab00000,0x00000000ec200000)
  from space 2048K, 76% used [0x00000000ec480000,0x00000000ec606080,0x00000000ec680000)
  to   space 2048K, 0% used [0x00000000ec680000,0x00000000ec680000,0x00000000ec880000)
 ParOldGen       total 68608K, used 13122K [0x00000000c0000000, 0x00000000c4300000, 0x00000000eab00000)
  object space 68608K, 19% used [0x00000000c0000000,0x00000000c0cd0b10,0x00000000c4300000)
 Metaspace       used 26232K, committed 27200K, reserved 1114112K
  class space    used 2632K, committed 3008K, reserved 1048576K
}
Event: 120.003 GC heap before
{Heap before GC invocations=11 (full 1):
 PSYoungGen      total 25600K, used 25112K [0x00000000eab00000, 0x00000000ec880000, 0x0000000100000000)
  eden space 23552K, 100% used [0x00000000eab00000,0x00000000ec200000,0x00000000ec200000)
  from space 2048K, 76% used [0x00000000ec480000,0x00000000ec606080,0x00000000ec680000)
  to   space 2048K, 0% used [0x00000000ec680000,0x00000000ec680000,0x00000000ec880000)
 ParOldGen       total 68608K, used 13129K [0x00000000c0000000, 0x00000000c4300000, 0x00000000eab00000)
  object space 68608K, 19% used [0x00000000c0000000,0x00000000c0cd2440,0x00000000c4300000)
 Metaspace       used 28829K, committed 29760K, reserved 1114112K
  class space    used 2891K, committed 3264K, reserved 1048576K
}
Event: 120.010 GC heap after
{Heap after GC invocations=11 (full 1):
 PSYoungGen      total 24576K, used 772K [0x00000000eab00000, 0x00000000ec780000, 0x0000000100000000)
  eden space 23552K, 0% used [0x00000000eab00000,0x00000000eab00000,0x00000000ec200000)
  from space 1024K, 75% used [0x00000000ec680000,0x00000000ec741378,0x00000000ec780000)
  to   space 1536K, 0% used [0x00000000ec480000,0x00000000ec480000,0x00000000ec600000)
 ParOldGen       total 68608K, used 14159K [0x00000000c0000000, 0x00000000c4300000, 0x00000000eab00000)
  object space 68608K, 20% used [0x00000000c0000000,0x00000000c0dd3c70,0x00000000c4300000)
 Metaspace       used 28829K, committed 29760K, reserved 1114112K
  class space    used 2891K, committed 3264K, reserved 1048576K
}
Event: 121.620 GC heap before
{Heap before GC invocations=12 (full 1):
 PSYoungGen      total 24576K, used 24324K [0x00000000eab00000, 0x00000000ec780000, 0x0000000100000000)
  eden space 23552K, 100% used [0x00000000eab00000,0x00000000ec200000,0x00000000ec200000)
  from space 1024K, 75% used [0x00000000ec680000,0x00000000ec741378,0x00000000ec780000)
  to   space 1536K, 0% used [0x00000000ec480000,0x00000000ec480000,0x00000000ec600000)
 ParOldGen       total 68608K, used 14165K [0x00000000c0000000, 0x00000000c4300000, 0x00000000eab00000)
  object space 68608K, 20% used [0x00000000c0000000,0x00000000c0dd57b8,0x00000000c4300000)
 Metaspace       used 30219K, committed 31232K, reserved 1114112K
  class space    used 3009K, committed 3392K, reserved 1048576K
}
Event: 121.630 GC heap after
{Heap after GC invocations=12 (full 1):
 PSYoungGen      total 24576K, used 1371K [0x00000000eab00000, 0x00000000ec700000, 0x0000000100000000)
  eden space 23040K, 0% used [0x00000000eab00000,0x00000000eab00000,0x00000000ec180000)
  from space 1536K, 89% used [0x00000000ec480000,0x00000000ec5d6da0,0x00000000ec600000)
  to   space 1024K, 0% used [0x00000000ec600000,0x00000000ec600000,0x00000000ec700000)
 ParOldGen       total 68608K, used 15415K [0x00000000c0000000, 0x00000000c4300000, 0x00000000eab00000)
  object space 68608K, 22% used [0x00000000c0000000,0x00000000c0f0dd80,0x00000000c4300000)
 Metaspace       used 30219K, committed 31232K, reserved 1114112K
  class space    used 3009K, committed 3392K, reserved 1048576K
}
Event: 137.549 GC heap before
{Heap before GC invocations=13 (full 1):
 PSYoungGen      total 24576K, used 24411K [0x00000000eab00000, 0x00000000ec700000, 0x0000000100000000)
  eden space 23040K, 100% used [0x00000000eab00000,0x00000000ec180000,0x00000000ec180000)
  from space 1536K, 89% used [0x00000000ec480000,0x00000000ec5d6da0,0x00000000ec600000)
  to   space 1024K, 0% used [0x00000000ec600000,0x00000000ec600000,0x00000000ec700000)
 ParOldGen       total 68608K, used 15415K [0x00000000c0000000, 0x00000000c4300000, 0x00000000eab00000)
  object space 68608K, 22% used [0x00000000c0000000,0x00000000c0f0dd80,0x00000000c4300000)
 Metaspace       used 32371K, committed 33408K, reserved 1114112K
  class space    used 3233K, committed 3648K, reserved 1048576K
}
Event: 137.556 GC heap after
{Heap after GC invocations=13 (full 1):
 PSYoungGen      total 23552K, used 874K [0x00000000eab00000, 0x00000000ec700000, 0x0000000100000000)
  eden space 22528K, 0% used [0x00000000eab00000,0x00000000eab00000,0x00000000ec100000)
  from space 1024K, 85% used [0x00000000ec600000,0x00000000ec6daa40,0x00000000ec700000)
  to   space 1536K, 0% used [0x00000000ec400000,0x00000000ec400000,0x00000000ec580000)
 ParOldGen       total 68608K, used 16694K [0x00000000c0000000, 0x00000000c4300000, 0x00000000eab00000)
  object space 68608K, 24% used [0x00000000c0000000,0x00000000c104dac0,0x00000000c4300000)
 Metaspace       used 32371K, committed 33408K, reserved 1114112K
  class space    used 3233K, committed 3648K, reserved 1048576K
}

Dll operation events (10 events):
Event: 0.214 Loaded shared library c:\Users\palak\.vscode\extensions\redhat.java-1.40.0-win32-x64\jre\21.0.6-win32-x86_64\bin\java.dll
Event: 2.416 Loaded shared library c:\Users\palak\.vscode\extensions\redhat.java-1.40.0-win32-x64\jre\21.0.6-win32-x86_64\bin\zip.dll
Event: 2.588 Loaded shared library C:\Users\palak\.vscode\extensions\redhat.java-1.40.0-win32-x64\jre\21.0.6-win32-x86_64\bin\instrument.dll
Event: 2.691 Loaded shared library C:\Users\palak\.vscode\extensions\redhat.java-1.40.0-win32-x64\jre\21.0.6-win32-x86_64\bin\net.dll
Event: 2.708 Loaded shared library C:\Users\palak\.vscode\extensions\redhat.java-1.40.0-win32-x64\jre\21.0.6-win32-x86_64\bin\nio.dll
Event: 2.721 Loaded shared library C:\Users\palak\.vscode\extensions\redhat.java-1.40.0-win32-x64\jre\21.0.6-win32-x86_64\bin\zip.dll
Event: 3.291 Loaded shared library C:\Users\palak\.vscode\extensions\redhat.java-1.40.0-win32-x64\jre\21.0.6-win32-x86_64\bin\jimage.dll
Event: 4.418 Loaded shared library c:\Users\palak\.vscode\extensions\redhat.java-1.40.0-win32-x64\jre\21.0.6-win32-x86_64\bin\verify.dll
Event: 20.909 Loaded shared library C:\Users\palak\AppData\Roaming\Code\User\globalStorage\redhat.java\1.40.0\config_win\org.eclipse.equinox.launcher\org.eclipse.equinox.launcher.win32.win32.x86_64_1.2.1200.v20250212-0927\eclipse_11909.dll
Event: 102.743 Loaded shared library C:\Users\palak\AppData\Local\Temp\jna-106430981\jna8178002535607759412.dll

Deoptimization events (20 events):
Event: 137.966 Thread 0x000001edf331e900 DEOPT PACKING pc=0x000001eda2b81c94 sp=0x000000c872ffe580
Event: 137.966 Thread 0x000001edf331e900 DEOPT UNPACKING pc=0x000001eda25a3aa2 sp=0x000000c872ffe488 mode 2
Event: 137.966 Thread 0x000001edf331e900 Uncommon trap: trap_request=0xffffff45 fr.pc=0x000001eda2c54af4 relative=0x00000000000004f4
Event: 137.966 Thread 0x000001edf331e900 Uncommon trap: reason=unstable_if action=reinterpret pc=0x000001eda2c54af4 method=java.lang.AbstractStringBuilder.isLatin1()Z @ 10 c2
Event: 137.966 Thread 0x000001edf331e900 DEOPT PACKING pc=0x000001eda2c54af4 sp=0x000000c872ffe550
Event: 137.966 Thread 0x000001edf331e900 DEOPT UNPACKING pc=0x000001eda25a3aa2 sp=0x000000c872ffe450 mode 2
Event: 137.966 Thread 0x000001edf331e900 Uncommon trap: trap_request=0xffffff45 fr.pc=0x000001eda2bd0168 relative=0x0000000000000428
Event: 137.966 Thread 0x000001edf331e900 Uncommon trap: reason=unstable_if action=reinterpret pc=0x000001eda2bd0168 method=java.lang.AbstractStringBuilder.isLatin1()Z @ 10 c2
Event: 137.966 Thread 0x000001edf331e900 DEOPT PACKING pc=0x000001eda2bd0168 sp=0x000000c872ffe6b0
Event: 137.966 Thread 0x000001edf331e900 DEOPT UNPACKING pc=0x000001eda25a3aa2 sp=0x000000c872ffe618 mode 2
Event: 138.113 Thread 0x000001edf331e900 Uncommon trap: trap_request=0xffffffc6 fr.pc=0x000001eda2c25e68 relative=0x0000000000000a28
Event: 138.113 Thread 0x000001edf331e900 Uncommon trap: reason=bimorphic_or_optimized_type_check action=maybe_recompile pc=0x000001eda2c25e68 method=java.util.HashMap.putVal(ILjava/lang/Object;Ljava/lang/Object;ZZ)Ljava/lang/Object; @ 56 c2
Event: 138.113 Thread 0x000001edf331e900 DEOPT PACKING pc=0x000001eda2c25e68 sp=0x000000c872ffde00
Event: 138.113 Thread 0x000001edf331e900 DEOPT UNPACKING pc=0x000001eda25a3aa2 sp=0x000000c872ffdd00 mode 2
Event: 138.115 Thread 0x000001edf331e900 Uncommon trap: trap_request=0xffffffc6 fr.pc=0x000001eda2c6a69c relative=0x00000000000009dc
Event: 138.115 Thread 0x000001edf331e900 Uncommon trap: reason=bimorphic_or_optimized_type_check action=maybe_recompile pc=0x000001eda2c6a69c method=java.util.HashMap.putVal(ILjava/lang/Object;Ljava/lang/Object;ZZ)Ljava/lang/Object; @ 56 c2
Event: 138.115 Thread 0x000001edf331e900 DEOPT PACKING pc=0x000001eda2c6a69c sp=0x000000c872ffdd70
Event: 138.116 Thread 0x000001edf331e900 DEOPT UNPACKING pc=0x000001eda25a3aa2 sp=0x000000c872ffdd08 mode 2
Event: 139.523 Thread 0x000001edf331e900 DEOPT PACKING pc=0x000001ed9ba29fb4 sp=0x000000c872ffce00
Event: 139.523 Thread 0x000001edf331e900 DEOPT UNPACKING pc=0x000001eda25a4242 sp=0x000000c872ffc2f0 mode 0

Classes loaded (20 events):
Event: 139.776 Loading class jdk/xml/internal/TransformErrorListener done
Event: 139.800 Loading class javax/xml/catalog/CatalogFeatures
Event: 139.801 Loading class javax/xml/catalog/CatalogFeatures done
Event: 139.801 Loading class javax/xml/catalog/CatalogFeatures$Builder
Event: 139.801 Loading class javax/xml/catalog/CatalogFeatures$Builder done
Event: 139.801 Loading class jdk/xml/internal/JdkXmlFeatures
Event: 139.802 Loading class jdk/xml/internal/JdkXmlFeatures done
Event: 139.802 Loading class jdk/xml/internal/JdkXmlFeatures$XmlFeature
Event: 139.816 Loading class jdk/xml/internal/JdkXmlFeatures$XmlFeature done
Event: 139.816 Loading class jdk/xml/internal/JdkProperty$ImplPropMap
Event: 139.816 Loading class jdk/xml/internal/JdkProperty$ImplPropMap done
Event: 139.817 Loading class com/sun/org/apache/xalan/internal/utils/XMLSecurityPropertyManager
Event: 139.818 Loading class com/sun/org/apache/xalan/internal/utils/FeaturePropertyBase
Event: 139.849 Loading class com/sun/org/apache/xalan/internal/utils/FeaturePropertyBase done
Event: 139.849 Loading class com/sun/org/apache/xalan/internal/utils/XMLSecurityPropertyManager done
Event: 139.849 Loading class com/sun/org/apache/xalan/internal/utils/FeaturePropertyBase$State
Event: 139.850 Loading class com/sun/org/apache/xalan/internal/utils/FeaturePropertyBase$State done
Event: 139.850 Loading class com/sun/org/apache/xalan/internal/utils/XMLSecurityPropertyManager$Property
Event: 139.851 Loading class com/sun/org/apache/xalan/internal/utils/XMLSecurityPropertyManager$Property done
Event: 139.892 Loading class jdk/xml/internal/XMLSecurityManager

Classes unloaded (7 events):
Event: 109.336 Thread 0x000001edac8af4f0 Unloading class 0x000001edae194c00 'java/lang/invoke/LambdaForm$MH+0x000001edae194c00'
Event: 109.336 Thread 0x000001edac8af4f0 Unloading class 0x000001edae194800 'java/lang/invoke/LambdaForm$MH+0x000001edae194800'
Event: 109.336 Thread 0x000001edac8af4f0 Unloading class 0x000001edae194400 'java/lang/invoke/LambdaForm$MH+0x000001edae194400'
Event: 109.336 Thread 0x000001edac8af4f0 Unloading class 0x000001edae194000 'java/lang/invoke/LambdaForm$MH+0x000001edae194000'
Event: 109.336 Thread 0x000001edac8af4f0 Unloading class 0x000001edae193c00 'java/lang/invoke/LambdaForm$BMH+0x000001edae193c00'
Event: 109.336 Thread 0x000001edac8af4f0 Unloading class 0x000001edae193800 'java/lang/invoke/LambdaForm$DMH+0x000001edae193800'
Event: 109.336 Thread 0x000001edac8af4f0 Unloading class 0x000001edae192400 'java/lang/invoke/LambdaForm$DMH+0x000001edae192400'

Classes redefined (0 events):
No events

Internal exceptions (20 events):
Event: 110.102 Thread 0x000001edf331e900 Exception <a 'java/lang/NoSuchMethodError'{0x00000000eac7d6b0}: 'java.lang.Object java.lang.invoke.DirectMethodHandle$Holder.newInvokeSpecial(java.lang.Object, java.lang.Object, java.lang.Object, java.lang.Object, java.lang.Object, java.lang.Object, java.lang.Object)'> (0x00000000eac7d6b0) 
thrown [s\src\hotspot\share\interpreter\linkResolver.cpp, line 773]
Event: 110.282 Thread 0x000001edf331e900 Exception <a 'java/lang/NoSuchMethodError'{0x00000000eacf52b0}: 'java.lang.Object java.lang.invoke.Invokers$Holder.invoker(java.lang.Object, java.lang.Object, java.lang.Object, java.lang.Object, java.lang.Object, java.lang.Object, java.lang.Object, java.lang.Object, java.lang.Object, java.lang.Object, java.lang.Object, java.lang.Object, java.lang.Object)'> (0x00000000eacf52b0) 
thrown [s\src\hotspot\share\interpreter\linkResolver.cpp, line 773]
Event: 110.296 Thread 0x000001edf331e900 Exception <a 'java/lang/NoSuchMethodError'{0x00000000eacff748}: 'java.lang.Object java.lang.invoke.DelegatingMethodHandle$Holder.delegate(java.lang.Object, java.lang.Object, java.lang.Object, java.lang.Object, java.lang.Object, java.lang.Object, java.lang.Object, java.lang.Object, java.lang.Object, java.lang.Object, java.lang.Object, java.lang.Object, java.lang.Object)'> (0x00000000eacff748) 
thrown [s\src\hotspot\share\interpreter\linkResolver.cpp, line 773]
Event: 110.381 Thread 0x000001edf331e900 Exception <a 'java/lang/NoSuchMethodError'{0x00000000ead66b98}: static Lorg/eclipse/m2e/core/internal/lifecyclemapping/model/PluginExecutionMetadata;.<clinit>()V> (0x00000000ead66b98) 
thrown [s\src\hotspot\share\prims\jni.cpp, line 1111]
Event: 110.392 Thread 0x000001edf331e900 Implicit null exception at 0x000001eda2c91ca4 to 0x000001eda2c926d4
Event: 110.500 Thread 0x000001edf331e900 Exception <a 'java/lang/NoSuchMethodError'{0x00000000eadc2510}: static Lorg/eclipse/m2e/core/internal/lifecyclemapping/model/PluginExecutionFilter;.<clinit>()V> (0x00000000eadc2510) 
thrown [s\src\hotspot\share\prims\jni.cpp, line 1111]
Event: 110.534 Thread 0x000001edf331e900 Exception <a 'java/lang/NoSuchMethodError'{0x00000000eadf1c28}: static Lorg/eclipse/m2e/core/internal/project/registry/MavenProjectFacade$MavenProjectConfiguration;.<clinit>()V> (0x00000000eadf1c28) 
thrown [s\src\hotspot\share\prims\jni.cpp, line 1111]
Event: 113.030 Thread 0x000001edf331e900 Exception <a 'java/lang/NoSuchMethodError'{0x00000000eb3a2ed8}: 'double java.lang.invoke.DirectMethodHandle$Holder.invokeStatic(java.lang.Object, java.lang.Object)'> (0x00000000eb3a2ed8) 
thrown [s\src\hotspot\share\interpreter\linkResolver.cpp, line 773]
Event: 113.031 Thread 0x000001edf331e900 Exception <a 'java/lang/NoSuchMethodError'{0x00000000eb3a6598}: 'double java.lang.invoke.DirectMethodHandle$Holder.invokeStaticInit(java.lang.Object, java.lang.Object)'> (0x00000000eb3a6598) 
thrown [s\src\hotspot\share\interpreter\linkResolver.cpp, line 773]
Event: 113.193 Thread 0x000001edee717760 Exception <a 'java/lang/NoSuchMethodError'{0x00000000eb59bd08}: 'java.lang.Object java.lang.invoke.DirectMethodHandle$Holder.invokeSpecialIFC(java.lang.Object, java.lang.Object, java.lang.Object, java.lang.Object)'> (0x00000000eb59bd08) 
thrown [s\src\hotspot\share\interpreter\linkResolver.cpp, line 773]
Event: 115.320 Thread 0x000001edf331e900 Exception <a 'java/io/FileNotFoundException'{0x00000000eb368668}> (0x00000000eb368668) 
thrown [s\src\hotspot\share\prims\jni.cpp, line 520]
Event: 115.347 Thread 0x000001edf331e900 Exception <a 'java/io/FileNotFoundException'{0x00000000eb369498}> (0x00000000eb369498) 
thrown [s\src\hotspot\share\prims\jni.cpp, line 520]
Event: 115.349 Thread 0x000001edf331e900 Exception <a 'java/io/FileNotFoundException'{0x00000000eb36a3d0}> (0x00000000eb36a3d0) 
thrown [s\src\hotspot\share\prims\jni.cpp, line 520]
Event: 116.314 Thread 0x000001edee717760 Exception <a 'java/lang/NoSuchMethodError'{0x00000000eba17bc8}: 'int java.lang.invoke.DirectMethodHandle$Holder.invokeStatic(java.lang.Object, java.lang.Object, java.lang.Object, java.lang.Object, java.lang.Object)'> (0x00000000eba17bc8) 
thrown [s\src\hotspot\share\interpreter\linkResolver.cpp, line 773]
Event: 118.244 Thread 0x000001edee717760 Exception <a 'java/lang/NoClassDefFoundError'{0x00000000eb375238}: javax/enterprise/inject/Typed> (0x00000000eb375238) 
thrown [s\src\hotspot\share\classfile\systemDictionary.cpp, line 301]
Event: 118.692 Thread 0x000001edf331e900 Implicit null exception at 0x000001eda2d43275 to 0x000001eda2d43350
Event: 120.900 Thread 0x000001edf331e900 Exception <a 'java/lang/NoSuchMethodError'{0x00000000ebd50fe0}: 'java.lang.Object java.lang.invoke.DirectMethodHandle$Holder.newInvokeSpecial(java.lang.Object, int, java.lang.Object, java.lang.Object)'> (0x00000000ebd50fe0) 
thrown [s\src\hotspot\share\interpreter\linkResolver.cpp, line 773]
Event: 124.993 Thread 0x000001edf331e900 Exception <a 'java/lang/ClassNotFoundException'{0x00000000ebb83f08}: com/sun/org/apache/xerces/internal/impl/msg/spi/DOMMessagesProvider> (0x00000000ebb83f08) 
thrown [s\src\hotspot\share\classfile\systemDictionary.cpp, line 312]
Event: 125.009 Thread 0x000001edf331e900 Exception <a 'java/lang/ClassNotFoundException'{0x00000000ebb956c0}: com/sun/org/apache/xerces/internal/impl/msg/spi/XMLSerializerMessagesProvider> (0x00000000ebb956c0) 
thrown [s\src\hotspot\share\classfile\systemDictionary.cpp, line 312]
Event: 125.025 Thread 0x000001edf331e900 Exception <a 'java/lang/ClassNotFoundException'{0x00000000ebba29e0}: com/sun/org/apache/xerces/internal/impl/msg/spi/XMLMessagesProvider> (0x00000000ebba29e0) 
thrown [s\src\hotspot\share\classfile\systemDictionary.cpp, line 312]

ZGC Phase Switch (0 events):
No events

VM Operations (20 events):
Event: 123.658 Executing VM operation: Cleanup
Event: 123.673 Executing VM operation: Cleanup done
Event: 124.368 Executing VM operation: HandshakeAllThreads (Deoptimize)
Event: 124.369 Executing VM operation: HandshakeAllThreads (Deoptimize) done
Event: 125.376 Executing VM operation: Cleanup
Event: 125.377 Executing VM operation: Cleanup done
Event: 126.383 Executing VM operation: Cleanup
Event: 137.292 Executing VM operation: Cleanup done
Event: 137.549 Executing VM operation: ParallelGCFailedAllocation (Allocation Failure)
Event: 137.556 Executing VM operation: ParallelGCFailedAllocation (Allocation Failure) done
Event: 138.092 Executing VM operation: HandshakeAllThreads (Deoptimize)
Event: 138.093 Executing VM operation: HandshakeAllThreads (Deoptimize) done
Event: 138.334 Executing VM operation: HandshakeAllThreads (Deoptimize)
Event: 138.348 Executing VM operation: HandshakeAllThreads (Deoptimize) done
Event: 139.356 Executing VM operation: Cleanup
Event: 139.357 Executing VM operation: Cleanup done
Event: 139.411 Executing VM operation: HandshakeAllThreads (Deoptimize)
Event: 139.412 Executing VM operation: HandshakeAllThreads (Deoptimize) done
Event: 139.511 Executing VM operation: HandshakeAllThreads (Deoptimize)
Event: 139.511 Executing VM operation: HandshakeAllThreads (Deoptimize) done

Memory protections (0 events):
No events

Nmethod flushes (0 events):
No events

Events (20 events):
Event: 45.820 Thread 0x000001edf3a37940 Thread exited: 0x000001edf3a37940
Event: 79.155 Thread 0x000001edf331e900 Thread added: 0x000001edf39b3c30
Event: 81.444 Thread 0x000001edf331e900 Thread added: 0x000001edee718480
Event: 87.534 Thread 0x000001edee718480 Thread exited: 0x000001edee718480
Event: 94.136 Thread 0x000001edf331e900 Thread added: 0x000001edee719830
Event: 98.515 Thread 0x000001edf331e900 Thread added: 0x000001edee716a40
Event: 101.301 Thread 0x000001edee719830 Thread exited: 0x000001edee719830
Event: 101.394 Thread 0x000001edac931e60 Thread added: 0x000001edf3057850
Event: 101.745 Thread 0x000001edf3057850 Thread exited: 0x000001edf3057850
Event: 103.037 Thread 0x000001edf331e900 Thread added: 0x000001edee7170d0
Event: 103.152 Thread 0x000001edf331e900 Thread added: 0x000001edee717760
Event: 103.366 Thread 0x000001edf331e900 Thread added: 0x000001edee717df0
Event: 103.379 Thread 0x000001edf331e900 Thread added: 0x000001edee7163b0
Event: 112.759 Thread 0x000001edee717df0 Thread added: 0x000001edee718480
Event: 116.786 Thread 0x000001edee7163b0 Thread exited: 0x000001edee7163b0
Event: 118.401 Thread 0x000001edac931e60 Thread added: 0x000001edf4072810
Event: 119.267 Thread 0x000001edf4072810 Thread exited: 0x000001edf4072810
Event: 119.565 Thread 0x000001edac931e60 Thread added: 0x000001edf4072810
Event: 119.765 Thread 0x000001edf4072810 Thread exited: 0x000001edf4072810
Event: 126.384 Thread 0x000001edf331e900 Thread added: 0x000001edee7191a0


Dynamic libraries:
0x00007ff694f60000 - 0x00007ff694f6e000 	c:\Users\palak\.vscode\extensions\redhat.java-1.40.0-win32-x64\jre\21.0.6-win32-x86_64\bin\java.exe
0x00007ffdc3160000 - 0x00007ffdc33c3000 	C:\WINDOWS\SYSTEM32\ntdll.dll
0x00007ffdc2430000 - 0x00007ffdc24f7000 	C:\WINDOWS\System32\KERNEL32.DLL
0x00007ffdc0640000 - 0x00007ffdc0a07000 	C:\WINDOWS\System32\KERNELBASE.dll
0x00007ffdc0db0000 - 0x00007ffdc0efc000 	C:\WINDOWS\System32\ucrtbase.dll
0x00007ffd90010000 - 0x00007ffd90028000 	c:\Users\palak\.vscode\extensions\redhat.java-1.40.0-win32-x64\jre\21.0.6-win32-x86_64\bin\jli.dll
0x00007ffdc15b0000 - 0x00007ffdc1779000 	C:\WINDOWS\System32\USER32.dll
0x00007ffdc0a10000 - 0x00007ffdc0a37000 	C:\WINDOWS\System32\win32u.dll
0x00007ffdc2f50000 - 0x00007ffdc2f7a000 	C:\WINDOWS\System32\GDI32.dll
0x00007ffdc0b00000 - 0x00007ffdc0c2b000 	C:\WINDOWS\System32\gdi32full.dll
0x00007ffdc0500000 - 0x00007ffdc05a3000 	C:\WINDOWS\System32\msvcp_win.dll
0x00007ffd8ef40000 - 0x00007ffd8ef5e000 	c:\Users\palak\.vscode\extensions\redhat.java-1.40.0-win32-x64\jre\21.0.6-win32-x86_64\bin\VCRUNTIME140.dll
0x00007ffdb0c70000 - 0x00007ffdb0f00000 	C:\WINDOWS\WinSxS\amd64_microsoft.windows.common-controls_6595b64144ccf1df_6.0.26100.3037_none_3e09262ce333c378\COMCTL32.dll
0x00007ffdc0fa0000 - 0x00007ffdc1049000 	C:\WINDOWS\System32\msvcrt.dll
0x00007ffdc2f10000 - 0x00007ffdc2f3f000 	C:\WINDOWS\System32\IMM32.DLL
0x00007ffdb4430000 - 0x00007ffdb443c000 	c:\Users\palak\.vscode\extensions\redhat.java-1.40.0-win32-x64\jre\21.0.6-win32-x86_64\bin\vcruntime140_1.dll
0x00007ffd66120000 - 0x00007ffd661ad000 	c:\Users\palak\.vscode\extensions\redhat.java-1.40.0-win32-x64\jre\21.0.6-win32-x86_64\bin\msvcp140.dll
0x00007ffd5a120000 - 0x00007ffd5aeb0000 	c:\Users\palak\.vscode\extensions\redhat.java-1.40.0-win32-x64\jre\21.0.6-win32-x86_64\bin\server\jvm.dll
0x00007ffdc2500000 - 0x00007ffdc25b4000 	C:\WINDOWS\System32\ADVAPI32.dll
0x00007ffdc1a40000 - 0x00007ffdc1ae6000 	C:\WINDOWS\System32\sechost.dll
0x00007ffdc3000000 - 0x00007ffdc3116000 	C:\WINDOWS\System32\RPCRT4.dll
0x00007ffdc2750000 - 0x00007ffdc27c4000 	C:\WINDOWS\System32\WS2_32.dll
0x00007ffdc0390000 - 0x00007ffdc03de000 	C:\WINDOWS\SYSTEM32\POWRPROF.dll
0x00007ffdba690000 - 0x00007ffdba6c6000 	C:\WINDOWS\SYSTEM32\WINMM.dll
0x00007ffdba6d0000 - 0x00007ffdba6db000 	C:\WINDOWS\SYSTEM32\VERSION.dll
0x00007ffdc0370000 - 0x00007ffdc0384000 	C:\WINDOWS\SYSTEM32\UMPDC.dll
0x00007ffdbf330000 - 0x00007ffdbf34a000 	C:\WINDOWS\SYSTEM32\kernel.appcore.dll
0x00007ffdb1ec0000 - 0x00007ffdb1eca000 	c:\Users\palak\.vscode\extensions\redhat.java-1.40.0-win32-x64\jre\21.0.6-win32-x86_64\bin\jimage.dll
0x00007ffdaeb10000 - 0x00007ffdaed51000 	C:\WINDOWS\SYSTEM32\DBGHELP.DLL
0x00007ffdc1220000 - 0x00007ffdc159e000 	C:\WINDOWS\System32\combase.dll
0x00007ffdc18d0000 - 0x00007ffdc19a6000 	C:\WINDOWS\System32\OLEAUT32.dll
0x00007ffd9d600000 - 0x00007ffd9d639000 	C:\WINDOWS\SYSTEM32\dbgcore.DLL
0x00007ffdc0f00000 - 0x00007ffdc0f99000 	C:\WINDOWS\System32\bcryptPrimitives.dll
0x00007ffdae780000 - 0x00007ffdae78f000 	c:\Users\palak\.vscode\extensions\redhat.java-1.40.0-win32-x64\jre\21.0.6-win32-x86_64\bin\instrument.dll
0x00007ffd7e480000 - 0x00007ffd7e49f000 	c:\Users\palak\.vscode\extensions\redhat.java-1.40.0-win32-x64\jre\21.0.6-win32-x86_64\bin\java.dll
0x00007ffdc1c40000 - 0x00007ffdc2344000 	C:\WINDOWS\System32\SHELL32.dll
0x00007ffdbe200000 - 0x00007ffdbea37000 	C:\WINDOWS\SYSTEM32\windows.storage.dll
0x00007ffdc1b00000 - 0x00007ffdc1be9000 	C:\WINDOWS\System32\SHCORE.dll
0x00007ffdc1780000 - 0x00007ffdc17dd000 	C:\WINDOWS\System32\shlwapi.dll
0x00007ffdc0410000 - 0x00007ffdc043e000 	C:\WINDOWS\SYSTEM32\profapi.dll
0x00007ffd7e3f0000 - 0x00007ffd7e408000 	c:\Users\palak\.vscode\extensions\redhat.java-1.40.0-win32-x64\jre\21.0.6-win32-x86_64\bin\zip.dll
0x00007ffdada00000 - 0x00007ffdada10000 	C:\Users\palak\.vscode\extensions\redhat.java-1.40.0-win32-x64\jre\21.0.6-win32-x86_64\bin\net.dll
0x00007ffdb6460000 - 0x00007ffdb657e000 	C:\WINDOWS\SYSTEM32\WINHTTP.dll
0x00007ffdbf840000 - 0x00007ffdbf8aa000 	C:\WINDOWS\system32\mswsock.dll
0x00007ffd7c960000 - 0x00007ffd7c976000 	C:\Users\palak\.vscode\extensions\redhat.java-1.40.0-win32-x64\jre\21.0.6-win32-x86_64\bin\nio.dll
0x00007ffd99e90000 - 0x00007ffd99ea0000 	c:\Users\palak\.vscode\extensions\redhat.java-1.40.0-win32-x64\jre\21.0.6-win32-x86_64\bin\verify.dll
0x00007ffd75b10000 - 0x00007ffd75b55000 	C:\Users\palak\AppData\Roaming\Code\User\globalStorage\redhat.java\1.40.0\config_win\org.eclipse.equinox.launcher\org.eclipse.equinox.launcher.win32.win32.x86_64_1.2.1200.v20250212-0927\eclipse_11909.dll
0x00007ffdc27d0000 - 0x00007ffdc2965000 	C:\WINDOWS\System32\ole32.dll
0x00007ffdbfae0000 - 0x00007ffdbfafc000 	C:\WINDOWS\SYSTEM32\CRYPTSP.dll
0x00007ffdbf290000 - 0x00007ffdbf2c8000 	C:\WINDOWS\system32\rsaenh.dll
0x00007ffdbf8e0000 - 0x00007ffdbf90b000 	C:\WINDOWS\SYSTEM32\USERENV.dll
0x00007ffdbfd20000 - 0x00007ffdbfd46000 	C:\WINDOWS\SYSTEM32\bcrypt.dll
0x00007ffdbfb00000 - 0x00007ffdbfb0c000 	C:\WINDOWS\SYSTEM32\CRYPTBASE.dll
0x00007ffdbed30000 - 0x00007ffdbed62000 	C:\WINDOWS\SYSTEM32\IPHLPAPI.DLL
0x00007ffdc18c0000 - 0x00007ffdc18ca000 	C:\WINDOWS\System32\NSI.dll
0x00007ffd75580000 - 0x00007ffd755c9000 	C:\Users\palak\AppData\Local\Temp\jna-106430981\jna8178002535607759412.dll
0x00007ffdc2f00000 - 0x00007ffdc2f08000 	C:\WINDOWS\System32\PSAPI.DLL

dbghelp: loaded successfully - version: 4.0.5 - missing functions: none
symbol engine: initialized successfully - sym options: 0x614 - pdb path: .;c:\Users\palak\.vscode\extensions\redhat.java-1.40.0-win32-x64\jre\21.0.6-win32-x86_64\bin;C:\WINDOWS\SYSTEM32;C:\WINDOWS\WinSxS\amd64_microsoft.windows.common-controls_6595b64144ccf1df_6.0.26100.3037_none_3e09262ce333c378;c:\Users\palak\.vscode\extensions\redhat.java-1.40.0-win32-x64\jre\21.0.6-win32-x86_64\bin\server;C:\Users\palak\AppData\Roaming\Code\User\globalStorage\redhat.java\1.40.0\config_win\org.eclipse.equinox.launcher\org.eclipse.equinox.launcher.win32.win32.x86_64_1.2.1200.v20250212-0927;C:\Users\palak\AppData\Local\Temp\jna-106430981

VM Arguments:
jvm_args: --add-modules=ALL-SYSTEM --add-opens=java.base/java.util=ALL-UNNAMED --add-opens=java.base/java.lang=ALL-UNNAMED --add-opens=java.base/sun.nio.fs=ALL-UNNAMED -Declipse.application=org.eclipse.jdt.ls.core.id1 -Dosgi.bundles.defaultStartLevel=4 -Declipse.product=org.eclipse.jdt.ls.core.product -Djava.import.generatesMetadataFilesAtProjectRoot=false -DDetectVMInstallationsJob.disabled=true -Dfile.encoding=utf8 -XX:+UseParallelGC -XX:GCTimeRatio=4 -XX:AdaptiveSizePolicyWeight=90 -Dsun.zip.disableMemoryMapping=true -Xmx1G -Xms100m -Xlog:disable -javaagent:c:\Users\palak\.vscode\extensions\redhat.java-1.40.0-win32-x64\lombok\lombok-1.18.36.jar -XX:+HeapDumpOnOutOfMemoryError -XX:HeapDumpPath=c:\Users\palak\AppData\Roaming\Code\User\workspaceStorage\ee148990e97456275c543846b0f27411\redhat.java -Daether.dependencyCollector.impl=bf 
java_command: c:\Users\palak\.vscode\extensions\redhat.java-1.40.0-win32-x64\server\plugins\org.eclipse.equinox.launcher_1.6.1000.v20250131-0606.jar -configuration c:\Users\palak\AppData\Roaming\Code\User\globalStorage\redhat.java\1.40.0\config_win -data c:\Users\palak\AppData\Roaming\Code\User\workspaceStorage\ee148990e97456275c543846b0f27411\redhat.java\jdt_ws --pipe=\\.\pipe\lsp-25382ffcd11d30c65970aa73ab4d3a57-sock
java_class_path (initial): c:\Users\palak\.vscode\extensions\redhat.java-1.40.0-win32-x64\server\plugins\org.eclipse.equinox.launcher_1.6.1000.v20250131-0606.jar
Launcher Type: SUN_STANDARD

[Global flags]
    uintx AdaptiveSizePolicyWeight                 = 90                                        {product} {command line}
     intx CICompilerCount                          = 3                                         {product} {ergonomic}
    uintx GCTimeRatio                              = 4                                         {product} {command line}
     bool HeapDumpOnOutOfMemoryError               = true                                   {manageable} {command line}
    ccstr HeapDumpPath                             = c:\Users\palak\AppData\Roaming\Code\User\workspaceStorage\ee148990e97456275c543846b0f27411\redhat.java         {manageable} {command line}
   size_t InitialHeapSize                          = 104857600                                 {product} {command line}
   size_t MaxHeapSize                              = 1073741824                                {product} {command line}
   size_t MaxNewSize                               = 357564416                                 {product} {ergonomic}
   size_t MinHeapDeltaBytes                        = 524288                                    {product} {ergonomic}
   size_t MinHeapSize                              = 104857600                                 {product} {command line}
   size_t NewSize                                  = 34603008                                  {product} {ergonomic}
    uintx NonNMethodCodeHeapSize                   = 5832780                                {pd product} {ergonomic}
    uintx NonProfiledCodeHeapSize                  = 122912730                              {pd product} {ergonomic}
   size_t OldSize                                  = 70254592                                  {product} {ergonomic}
    uintx ProfiledCodeHeapSize                     = 122912730                              {pd product} {ergonomic}
    uintx ReservedCodeCacheSize                    = 251658240                              {pd product} {ergonomic}
     bool SegmentedCodeCache                       = true                                      {product} {ergonomic}
   size_t SoftMaxHeapSize                          = 1073741824                             {manageable} {ergonomic}
     bool UseCompressedOops                        = true                           {product lp64_product} {ergonomic}
     bool UseLargePagesIndividualAllocation        = false                                  {pd product} {ergonomic}
     bool UseParallelGC                            = true                                      {product} {command line}

Logging:
Log output configuration:
 #0: stdout all=off uptime,level,tags foldmultilines=false
 #1: stderr all=off uptime,level,tags foldmultilines=false

Environment Variables:
JAVA_HOME=C:\Users\palak\Downloads\java-21-openjdk-21.0.1.0.12-3.win.jdk.x86_64\java-21-openjdk-21.0.1.0.12-3.win.jdk.x86_64
PATH=C:\Program Files (x86)\Common Files\Oracle\Java\java8path;C:\Program Files (x86)\Common Files\Oracle\Java\javapath;C:\WINDOWS\system32;C:\WINDOWS;C:\WINDOWS\System32\Wbem;C:\WINDOWS\System32\WindowsPowerShell\v1.0\;C:\WINDOWS\System32\OpenSSH\;C:\Users\palak\Downloads\java-21-openjdk-21.0.1.0.12-3.win.jdk.x86_64\java-21-openjdk-21.0.1.0.12-3.win.jdk.x86_64\bin;C:\Users\palak\Downloads\apache-maven-3.9.8-bin\bin;c:\users\palak\appdata\local\packages\pythonsoftwarefoundation.python.3.11_qbz5n2kfra8p0\localcache\local-packages\python311\site-packages;C:\ProgramData\chocolatey\bin;C:\Program Files\nodejs\;C:\Users\palak\AppData\Local\Programs\Python\Python312\Scripts;C:\Program Files\Git\cmd;C:\Users\palak\Downloads\flutter_windows_3.27.3-stable\flutter\bin;C:\Users\palak\AppData\Local\Android\Sdk\cmdline-tools\latest\bin;C:\Users\palak\AppData\Local\Android\Sdk\platform-tools;C:\ffmpeg;C:\Program Files\MongoDB\Server\8.0\bin;C:\Users\palak\AppData\Local\Programs\Python\Python313\Scripts\;C:\Users\palak\AppData\Local\Programs\Python\Python313\;C:\Users\palak\AppData\Local\Programs\Python\Python312\Scripts\;C:\Users\palak\AppData\Local\Programs\Python\Python312\;C:\Users\palak\AppData\Local\Programs\Python\Launcher\;C:\Program Files\MySQL\MySQL Shell 8.0\bin\;C:\Users\palak\AppData\Local\Microsoft\WindowsApps;C:\Users\palak\AppData\Local\Programs\Microsoft VS Code\bin;C:\Program Files\JetBrains\IntelliJ IDEA Community Edition 2023.3.3\bin;C:\Users\palak\AppData\Local\JetBrains\CLion 2023.3.4\bin;C:\Program Files\JetBrains\PyCharm 2024.1.2\bin;C:\Program Files\JetBrains\PyCharm Community Edition 2024.1.4\bin;C:\Users\palak\AppData\Local\JetBrains\Toolbox\scripts;C:\Users\palak\AppData\Roaming\npm;C:\Users\palak\AppData\Local\GitHubDesktop\bin;C:\Users\palak\AppData\Local\Microsoft\WindowsApps;
USERNAME=palak
OS=Windows_NT
PROCESSOR_IDENTIFIER=AMD64 Family 23 Model 24 Stepping 1, AuthenticAMD
TMP=C:\Users\palak\AppData\Local\Temp
TEMP=C:\Users\palak\AppData\Local\Temp




Periodic native trim disabled

---------------  S Y S T E M  ---------------

OS:
 Windows 11 , 64 bit Build 26100 (10.0.26100.3037)
OS uptime: 0 days 19:27 hours

CPU: total 4 (initial active 4) (4 cores per cpu, 2 threads per core) family 23 model 24 stepping 1 microcode 0x8108109, cx8, cmov, fxsr, ht, mmx, 3dnowpref, sse, sse2, sse3, ssse3, sse4a, sse4.1, sse4.2, popcnt, lzcnt, tsc, tscinvbit, avx, avx2, aes, clmul, bmi1, bmi2, adx, sha, fma, vzeroupper, clflush, clflushopt, rdtscp, f16c
Processor Information for the first 4 processors :
  Max Mhz: 2600, Current Mhz: 2600, Mhz Limit: 2600

Memory: 4k page, system-wide physical 6086M (531M free)
TotalPageFile size 14278M (AvailPageFile size 0M)
current process WorkingSet (physical memory assigned to process): 157M, peak: 161M
current process commit charge ("private bytes"): 248M, peak: 258M

vm_info: OpenJDK 64-Bit Server VM (21.0.6+7-LTS) for windows-amd64 JRE (21.0.6+7-LTS), built on 2025-01-21T00:00:00Z by "admin" with MS VC++ 17.7 (VS2022)

END.
