#
# There is insufficient memory for the Java Runtime Environment to continue.
# Native memory allocation (malloc) failed to allocate 1735552 bytes. Error detail: Chunk::new
# Possible reasons:
#   The system is out of physical RAM or swap space
#   This process is running with CompressedOops enabled, and the Java Heap may be blocking the growth of the native heap
# Possible solutions:
#   Reduce memory load on the system
#   Increase physical memory or swap space
#   Check if swap backing store is full
#   Decrease Java heap size (-Xmx/-Xms)
#   Decrease number of Java threads
#   Decrease Java thread stack sizes (-Xss)
#   Set larger code cache with -XX:ReservedCodeCacheSize=
#   JVM is running with Unscaled Compressed Oops mode in which the Java heap is
#     placed in the first 4GB address space. The Java Heap base address is the
#     maximum limit for the native heap growth. Please use -XX:HeapBaseMinAddress
#     to set the Java Heap base and to place the Java Heap above 4GB virtual address.
# This output file may be truncated or incomplete.
#
#  Out of Memory Error (arena.cpp:168), pid=19888, tid=3488
#
# JRE version: OpenJDK Runtime Environment Temurin-21.0.6+7 (21.0.6+7) (build 21.0.6+7-LTS)
# Java VM: OpenJDK 64-Bit Server VM Temurin-21.0.6+7 (21.0.6+7-LTS, mixed mode, sharing, tiered, compressed oops, compressed class ptrs, parallel gc, windows-amd64)
# No core dump will be written. Minidumps are not enabled by default on client versions of Windows
#

---------------  S U M M A R Y ------------

Command Line: --add-modules=ALL-SYSTEM --add-opens=java.base/java.util=ALL-UNNAMED --add-opens=java.base/java.lang=ALL-UNNAMED --add-opens=java.base/sun.nio.fs=ALL-UNNAMED -Declipse.application=org.eclipse.jdt.ls.core.id1 -Dosgi.bundles.defaultStartLevel=4 -Declipse.product=org.eclipse.jdt.ls.core.product -Djava.import.generatesMetadataFilesAtProjectRoot=false -DDetectVMInstallationsJob.disabled=true -Dfile.encoding=utf8 -XX:+UseParallelGC -XX:GCTimeRatio=4 -XX:AdaptiveSizePolicyWeight=90 -Dsun.zip.disableMemoryMapping=true -Xmx1G -Xms100m -Xlog:disable -javaagent:c:\Users\palak\.vscode\extensions\redhat.java-1.40.0-win32-x64\lombok\lombok-1.18.36.jar -XX:+HeapDumpOnOutOfMemoryError -XX:HeapDumpPath=c:\Users\palak\AppData\Roaming\Code\User\workspaceStorage\632f04cdbe9e26a6a5769c745b0508de\redhat.java -Daether.dependencyCollector.impl=bf c:\Users\palak\.vscode\extensions\redhat.java-1.40.0-win32-x64\server\plugins\org.eclipse.equinox.launcher_1.6.1000.v20250131-0606.jar -configuration c:\Users\palak\AppData\Roaming\Code\User\globalStorage\redhat.java\1.40.0\config_win -data c:\Users\palak\AppData\Roaming\Code\User\workspaceStorage\632f04cdbe9e26a6a5769c745b0508de\redhat.java\jdt_ws --pipe=\\.\pipe\lsp-9e8f1df41559fe8901b4387c79ec6e4e-sock

Host: AMD Ryzen 3 3250U with Radeon Graphics         , 4 cores, 5G,  Windows 11 , 64 bit Build 26100 (10.0.26100.3323)
Time: Wed Mar 19 12:17:36 2025 India Standard Time elapsed time: 97.641657 seconds (0d 0h 1m 37s)

---------------  T H R E A D  ---------------

Current thread (0x0000013bf3f7c330):  JavaThread "C2 CompilerThread1" daemon [_thread_in_native, id=3488, stack(0x0000000ecb300000,0x0000000ecb400000) (1024K)]


Current CompileTask:
C2:97641 13561       4       org.eclipse.jdt.internal.compiler.parser.Parser::consumeRule (7755 bytes)

Stack: [0x0000000ecb300000,0x0000000ecb400000]
Native frames: (J=compiled Java code, j=interpreted, Vv=VM code, C=native code)
V  [jvm.dll+0x6cdee9]
V  [jvm.dll+0x8a83d1]
V  [jvm.dll+0x8aa8fe]
V  [jvm.dll+0x8aafe3]
V  [jvm.dll+0x27f706]
V  [jvm.dll+0xc500d]
V  [jvm.dll+0xc5543]
V  [jvm.dll+0x3b678c]
V  [jvm.dll+0x382935]
V  [jvm.dll+0x381d9a]
V  [jvm.dll+0x2479f0]
V  [jvm.dll+0x246fcf]
V  [jvm.dll+0x1c75ee]
V  [jvm.dll+0x25685a]
V  [jvm.dll+0x254dfa]
V  [jvm.dll+0x3f0256]
V  [jvm.dll+0x851f8b]
V  [jvm.dll+0x6cc5ed]
C  [ucrtbase.dll+0x37b0]
C  [KERNEL32.DLL+0x2e8d7]
C  [ntdll.dll+0xbbf6c]


---------------  P R O C E S S  ---------------

Threads class SMR info:
_java_thread_list=0x0000013bf6132990, length=47, elements={
0x0000013bd54fd3d0, 0x0000013bd79be010, 0x0000013bebc312b0, 0x0000013bebc336a0,
0x0000013bebc34570, 0x0000013bebc3b0d0, 0x0000013bebc40500, 0x0000013bebc44820,
0x0000013bebcaec10, 0x0000013bec9fd240, 0x0000013becc1b800, 0x0000013bf13ada20,
0x0000013bf14fdf80, 0x0000013bf113bca0, 0x0000013bf113c300, 0x0000013bf1b0a7c0,
0x0000013bf1b08060, 0x0000013bf1b086f0, 0x0000013bf1b08d80, 0x0000013bf1b09410,
0x0000013bf1b09aa0, 0x0000013bf1b0a130, 0x0000013bf1fd2e20, 0x0000013bf1fd13e0,
0x0000013bf1fd1a70, 0x0000013bf1fd34b0, 0x0000013bf1fd2100, 0x0000013bf1fd0030,
0x0000013bf1fd0d50, 0x0000013bf1fd3b40, 0x0000013bf1fd2790, 0x0000013bf1fd06c0,
0x0000013bf1fd4860, 0x0000013bf1fd5580, 0x0000013bf1fd5c10, 0x0000013bf1fd6930,
0x0000013bf1fd6fc0, 0x0000013bf10ed220, 0x0000013bf10ed8b0, 0x0000013bf10eec60,
0x0000013bf10ef2f0, 0x0000013bf10ef980, 0x0000013bf10ecb90, 0x0000013becad09a0,
0x0000013becace8d0, 0x0000013becacd520, 0x0000013bf3f7c330
}

Java Threads: ( => current thread )
  0x0000013bd54fd3d0 JavaThread "main"                              [_thread_blocked, id=10932, stack(0x0000000ecb400000,0x0000000ecb500000) (1024K)]
  0x0000013bd79be010 JavaThread "Reference Handler"          daemon [_thread_blocked, id=9140, stack(0x0000000ecb900000,0x0000000ecba00000) (1024K)]
  0x0000013bebc312b0 JavaThread "Finalizer"                  daemon [_thread_blocked, id=14620, stack(0x0000000ecba00000,0x0000000ecbb00000) (1024K)]
  0x0000013bebc336a0 JavaThread "Signal Dispatcher"          daemon [_thread_blocked, id=148, stack(0x0000000ecbb00000,0x0000000ecbc00000) (1024K)]
  0x0000013bebc34570 JavaThread "Attach Listener"            daemon [_thread_blocked, id=18152, stack(0x0000000ecbc00000,0x0000000ecbd00000) (1024K)]
  0x0000013bebc3b0d0 JavaThread "Service Thread"             daemon [_thread_blocked, id=6108, stack(0x0000000ecbd00000,0x0000000ecbe00000) (1024K)]
  0x0000013bebc40500 JavaThread "Monitor Deflation Thread"   daemon [_thread_blocked, id=13540, stack(0x0000000ecbe00000,0x0000000ecbf00000) (1024K)]
  0x0000013bebc44820 JavaThread "C2 CompilerThread0"         daemon [_thread_blocked, id=8508, stack(0x0000000ecbf00000,0x0000000ecc000000) (1024K)]
  0x0000013bebcaec10 JavaThread "C1 CompilerThread0"         daemon [_thread_blocked, id=10796, stack(0x0000000ecc000000,0x0000000ecc100000) (1024K)]
  0x0000013bec9fd240 JavaThread "Common-Cleaner"             daemon [_thread_blocked, id=3496, stack(0x0000000ecc100000,0x0000000ecc200000) (1024K)]
  0x0000013becc1b800 JavaThread "Notification Thread"        daemon [_thread_blocked, id=11120, stack(0x0000000ecc200000,0x0000000ecc300000) (1024K)]
  0x0000013bf13ada20 JavaThread "Active Thread: Equinox Container: 5d912de7-c9a2-4d2d-a347-986c44d193f0"        [_thread_blocked, id=14408, stack(0x0000000ecc600000,0x0000000ecc700000) (1024K)]
  0x0000013bf14fdf80 JavaThread "Refresh Thread: Equinox Container: 5d912de7-c9a2-4d2d-a347-986c44d193f0" daemon [_thread_blocked, id=2288, stack(0x0000000ecc700000,0x0000000ecc800000) (1024K)]
  0x0000013bf113bca0 JavaThread "Framework Event Dispatcher: Equinox Container: 5d912de7-c9a2-4d2d-a347-986c44d193f0" daemon [_thread_blocked, id=8724, stack(0x0000000ecc800000,0x0000000ecc900000) (1024K)]
  0x0000013bf113c300 JavaThread "Start Level: Equinox Container: 5d912de7-c9a2-4d2d-a347-986c44d193f0" daemon [_thread_blocked, id=18856, stack(0x0000000ecc900000,0x0000000ecca00000) (1024K)]
  0x0000013bf1b0a7c0 JavaThread "Bundle File Closer"         daemon [_thread_blocked, id=15528, stack(0x0000000ecca00000,0x0000000eccb00000) (1024K)]
  0x0000013bf1b08060 JavaThread "SCR Component Actor"        daemon [_thread_blocked, id=12980, stack(0x0000000eccb00000,0x0000000eccc00000) (1024K)]
  0x0000013bf1b086f0 JavaThread "Worker-JM"                         [_thread_blocked, id=13012, stack(0x0000000eccd00000,0x0000000ecce00000) (1024K)]
  0x0000013bf1b08d80 JavaThread "JNA Cleaner"                daemon [_thread_blocked, id=4108, stack(0x0000000ecce00000,0x0000000eccf00000) (1024K)]
  0x0000013bf1b09410 JavaThread "Worker-0"                          [_thread_blocked, id=4284, stack(0x0000000eccf00000,0x0000000ecd000000) (1024K)]
  0x0000013bf1b09aa0 JavaThread "Worker-1: Initialize workspace"        [_thread_blocked, id=20252, stack(0x0000000ecd000000,0x0000000ecd100000) (1024K)]
  0x0000013bf1b0a130 JavaThread "Worker-2"                          [_thread_blocked, id=18600, stack(0x0000000ecd100000,0x0000000ecd200000) (1024K)]
  0x0000013bf1fd2e20 JavaThread "Java indexing"              daemon [_thread_blocked, id=16740, stack(0x0000000ecd300000,0x0000000ecd400000) (1024K)]
  0x0000013bf1fd13e0 JavaThread "Worker-3"                          [_thread_blocked, id=12956, stack(0x0000000ecd400000,0x0000000ecd500000) (1024K)]
  0x0000013bf1fd1a70 JavaThread "Worker-4: Java indexing... "        [_thread_blocked, id=19596, stack(0x0000000ecd500000,0x0000000ecd600000) (1024K)]
  0x0000013bf1fd34b0 JavaThread "Worker-5: Initialize Workspace"        [_thread_blocked, id=2260, stack(0x0000000ecd700000,0x0000000ecd800000) (1024K)]
  0x0000013bf1fd2100 JavaThread "Worker-6"                          [_thread_blocked, id=15664, stack(0x0000000ecd800000,0x0000000ecd900000) (1024K)]
  0x0000013bf1fd0030 JavaThread "Thread-2"                   daemon [_thread_in_native, id=20432, stack(0x0000000ecd900000,0x0000000ecda00000) (1024K)]
  0x0000013bf1fd0d50 JavaThread "Thread-3"                   daemon [_thread_in_native, id=4496, stack(0x0000000ecda00000,0x0000000ecdb00000) (1024K)]
  0x0000013bf1fd3b40 JavaThread "Thread-4"                   daemon [_thread_in_native, id=4216, stack(0x0000000ecdb00000,0x0000000ecdc00000) (1024K)]
  0x0000013bf1fd2790 JavaThread "Thread-5"                   daemon [_thread_in_native, id=7300, stack(0x0000000ecdc00000,0x0000000ecdd00000) (1024K)]
  0x0000013bf1fd06c0 JavaThread "Thread-6"                   daemon [_thread_in_native, id=17716, stack(0x0000000ecdd00000,0x0000000ecde00000) (1024K)]
  0x0000013bf1fd4860 JavaThread "pool-2-thread-1"                   [_thread_blocked, id=16412, stack(0x0000000ecde00000,0x0000000ecdf00000) (1024K)]
  0x0000013bf1fd5580 JavaThread "Worker-7: Building"                [_thread_blocked, id=13824, stack(0x0000000ecdf00000,0x0000000ece000000) (1024K)]
  0x0000013bf1fd5c10 JavaThread "Worker-8"                          [_thread_blocked, id=12424, stack(0x0000000ece000000,0x0000000ece100000) (1024K)]
  0x0000013bf1fd6930 JavaThread "WorkspaceEventsHandler"            [_thread_blocked, id=15896, stack(0x0000000ece100000,0x0000000ece200000) (1024K)]
  0x0000013bf1fd6fc0 JavaThread "pool-1-thread-1"                   [_thread_blocked, id=9980, stack(0x0000000ece200000,0x0000000ece300000) (1024K)]
  0x0000013bf10ed220 JavaThread "LocalFile Deleter"          daemon [_thread_blocked, id=18968, stack(0x0000000ece600000,0x0000000ece700000) (1024K)]
  0x0000013bf10ed8b0 JavaThread "LocalFile Deleter"          daemon [_thread_blocked, id=15376, stack(0x0000000ece700000,0x0000000ece800000) (1024K)]
  0x0000013bf10eec60 JavaThread "LocalFile Deleter"          daemon [_thread_blocked, id=14852, stack(0x0000000ece800000,0x0000000ece900000) (1024K)]
  0x0000013bf10ef2f0 JavaThread "LocalFile Deleter"          daemon [_thread_blocked, id=6852, stack(0x0000000ece900000,0x0000000ecea00000) (1024K)]
  0x0000013bf10ef980 JavaThread "Compiler Source File Reader" daemon [_thread_blocked, id=1676, stack(0x0000000eceb00000,0x0000000ecec00000) (1024K)]
  0x0000013bf10ecb90 JavaThread "Compiler Source File Reader" daemon [_thread_blocked, id=10008, stack(0x0000000ecec00000,0x0000000eced00000) (1024K)]
  0x0000013becad09a0 JavaThread "Compiler Processing Task"   daemon [_thread_blocked, id=17728, stack(0x0000000ecea00000,0x0000000eceb00000) (1024K)]
  0x0000013becace8d0 JavaThread "Compiler Class File Writer" daemon [_thread_in_native, id=9528, stack(0x0000000ecee00000,0x0000000ecef00000) (1024K)]
  0x0000013becacd520 JavaThread "Compiler Class File Writer" daemon [_thread_blocked, id=4548, stack(0x0000000ecef00000,0x0000000ecf000000) (1024K)]
=>0x0000013bf3f7c330 JavaThread "C2 CompilerThread1"         daemon [_thread_in_native, id=3488, stack(0x0000000ecb300000,0x0000000ecb400000) (1024K)]
Total: 47

Other Threads:
  0x0000013bebc2f4f0 VMThread "VM Thread"                           [id=9680, stack(0x0000000ecb800000,0x0000000ecb900000) (1024K)]
  0x0000013bebbcca10 WatcherThread "VM Periodic Task Thread"        [id=11680, stack(0x0000000ecb700000,0x0000000ecb800000) (1024K)]
  0x0000013bd791d570 WorkerThread "GC Thread#0"                     [id=19908, stack(0x0000000ecb600000,0x0000000ecb700000) (1024K)]
  0x0000013bf13114b0 WorkerThread "GC Thread#1"                     [id=10752, stack(0x0000000ecc300000,0x0000000ecc400000) (1024K)]
  0x0000013bf1311850 WorkerThread "GC Thread#2"                     [id=10784, stack(0x0000000ecc400000,0x0000000ecc500000) (1024K)]
  0x0000013bf11c35e0 WorkerThread "GC Thread#3"                     [id=2852, stack(0x0000000ecc500000,0x0000000ecc600000) (1024K)]
Total: 6

Threads with active compile tasks:
C2 CompilerThread1  97711 13561       4       org.eclipse.jdt.internal.compiler.parser.Parser::consumeRule (7755 bytes)
Total: 1

VM state: not at safepoint (normal execution)

VM Mutex/Monitor currently owned by a thread: None

Heap address: 0x00000000c0000000, size: 1024 MB, Compressed Oops mode: 32-bit

CDS archive(s) mapped at: [0x0000013b80000000-0x0000013b80ba0000-0x0000013b80ba0000), size 12189696, SharedBaseAddress: 0x0000013b80000000, ArchiveRelocationMode: 1.
Compressed class space mapped at: 0x0000013b81000000-0x0000013bc1000000, reserved size: 1073741824
Narrow klass base: 0x0000013b80000000, Narrow klass shift: 0, Narrow klass range: 0x100000000

GC Precious Log:
 CardTable entry size: 512
 CPUs: 4 total, 4 available
 Memory: 6086M
 Large Page Support: Disabled
 NUMA Support: Disabled
 Compressed Oops: Enabled (32-bit)
 Alignments: Space 512K, Generation 512K, Heap 2M
 Heap Min Capacity: 100M
 Heap Initial Capacity: 100M
 Heap Max Capacity: 1G
 Pre-touch: Disabled
 Parallel Workers: 4

Heap:
 PSYoungGen      total 3584K, used 1194K [0x00000000eab00000, 0x00000000eaf80000, 0x0000000100000000)
  eden space 2560K, 23% used [0x00000000eab00000,0x00000000eab93e78,0x00000000ead80000)
  from space 1024K, 58% used [0x00000000ead80000,0x00000000eae16ac0,0x00000000eae80000)
  to   space 1024K, 0% used [0x00000000eae80000,0x00000000eae80000,0x00000000eaf80000)
 ParOldGen       total 289280K, used 288919K [0x00000000c0000000, 0x00000000d1a80000, 0x00000000eab00000)
  object space 289280K, 99% used [0x00000000c0000000,0x00000000d1a25ed8,0x00000000d1a80000)
 Metaspace       used 66264K, committed 67776K, reserved 1114112K
  class space    used 6762K, committed 7488K, reserved 1048576K

Card table byte_map: [0x0000013bd72a0000,0x0000013bd74b0000] _byte_map_base: 0x0000013bd6ca0000

Marking Bits: (ParMarkBitMap*) 0x00007ffe55eb3260
 Begin Bits: [0x0000013be9af0000, 0x0000013beaaf0000)
 End Bits:   [0x0000013beaaf0000, 0x0000013bebaf0000)

Polling page: 0x0000013bd58c0000

Metaspace:

Usage:
  Non-class:     58.11 MB used.
      Class:      6.60 MB used.
       Both:     64.71 MB used.

Virtual space:
  Non-class space:       64.00 MB reserved,      58.88 MB ( 92%) committed,  1 nodes.
      Class space:        1.00 GB reserved,       7.31 MB ( <1%) committed,  1 nodes.
             Both:        1.06 GB reserved,      66.19 MB (  6%) committed. 

Chunk freelists:
   Non-Class:  4.88 MB
       Class:  8.66 MB
        Both:  13.54 MB

MaxMetaspaceSize: unlimited
CompressedClassSpaceSize: 1.00 GB
Initial GC threshold: 21.00 MB
Current GC threshold: 97.31 MB
CDS: on
 - commit_granule_bytes: 65536.
 - commit_granule_words: 8192.
 - virtual_space_node_default_size: 8388608.
 - enlarge_chunks_in_place: 1.
 - use_allocation_guard: 0.


Internal statistics:

num_allocs_failed_limit: 9.
num_arena_births: 1238.
num_arena_deaths: 14.
num_vsnodes_births: 2.
num_vsnodes_deaths: 0.
num_space_committed: 1059.
num_space_uncommitted: 0.
num_chunks_returned_to_freelist: 23.
num_chunks_taken_from_freelist: 4467.
num_chunk_merges: 15.
num_chunk_splits: 2674.
num_chunks_enlarged: 1419.
num_inconsistent_stats: 0.

CodeHeap 'non-profiled nmethods': size=120000Kb used=10857Kb max_used=10857Kb free=109142Kb
 bounds [0x0000013be25c0000, 0x0000013be3060000, 0x0000013be9af0000]
CodeHeap 'profiled nmethods': size=120000Kb used=30047Kb max_used=30047Kb free=89952Kb
 bounds [0x0000013bdaaf0000, 0x0000013bdc850000, 0x0000013be2020000]
CodeHeap 'non-nmethods': size=5760Kb used=1431Kb max_used=1486Kb free=4328Kb
 bounds [0x0000013be2020000, 0x0000013be2290000, 0x0000013be25c0000]
 total_blobs=13460 nmethods=12714 adapters=651
 compilation: enabled
              stopped_count=0, restarted_count=0
 full_count=0

Compilation events (20 events):
Event: 97.585 Thread 0x0000013bebc44820 nmethod 13589 0x0000013be3057c10 code [0x0000013be3057e80, 0x0000013be3058d88]
Event: 97.586 Thread 0x0000013bebcaec10 nmethod 13598 0x0000013bdc840810 code [0x0000013bdc8409a0, 0x0000013bdc840ad0]
Event: 97.586 Thread 0x0000013bebc44820 13603       4       java.util.Arrays::fill (21 bytes)
Event: 97.589 Thread 0x0000013bebcaec10 13604       1       org.eclipse.jdt.internal.compiler.ast.ImportReference::getImportName (5 bytes)
Event: 97.590 Thread 0x0000013bebcaec10 nmethod 13604 0x0000013be3059610 code [0x0000013be30597a0, 0x0000013be3059868]
Event: 97.590 Thread 0x0000013bebcaec10 13605       3       org.eclipse.jdt.internal.compiler.lookup.CompilationUnitScope::findImport (467 bytes)
Event: 97.593 Thread 0x0000013bebcaec10 nmethod 13605 0x0000013bdc840b90 code [0x0000013bdc841100, 0x0000013bdc844360]
Event: 97.594 Thread 0x0000013bebcaec10 13606       3       org.eclipse.jdt.internal.compiler.lookup.PackageBinding::hasCompilationUnit (101 bytes)
Event: 97.594 Thread 0x0000013bebcaec10 nmethod 13606 0x0000013bdc845210 code [0x0000013bdc845420, 0x0000013bdc845ad0]
Event: 97.594 Thread 0x0000013bebcaec10 13607       3       org.eclipse.jdt.internal.compiler.lookup.MethodVerifier15::isSkippableOrOverridden (123 bytes)
Event: 97.595 Thread 0x0000013bebcaec10 nmethod 13607 0x0000013bdc845d10 code [0x0000013bdc845f80, 0x0000013bdc846be0]
Event: 97.595 Thread 0x0000013bebc44820 nmethod 13603 0x0000013be3059910 code [0x0000013be3059aa0, 0x0000013be3059d48]
Event: 97.596 Thread 0x0000013bebcaec10 13608       3       org.eclipse.jdt.internal.compiler.lookup.MethodVerifier15::findReplacedMethod (55 bytes)
Event: 97.596 Thread 0x0000013bebc44820 13590       4       org.eclipse.core.runtime.PlatformObject::<init> (5 bytes)
Event: 97.596 Thread 0x0000013bebc44820 nmethod 13590 0x0000013be3059e10 code [0x0000013be3059fa0, 0x0000013be305a028]
Event: 97.596 Thread 0x0000013bebc44820 13581       4       lombok.eclipse.EclipseNode::calculateIsStructurallySignificant (62 bytes)
Event: 97.596 Thread 0x0000013bebcaec10 nmethod 13608 0x0000013bdc847110 code [0x0000013bdc847320, 0x0000013bdc847b80]
Event: 97.596 Thread 0x0000013bebcaec10 13609       1       org.eclipse.jdt.internal.compiler.lookup.MethodBinding::sourceLambda (2 bytes)
Event: 97.596 Thread 0x0000013bebcaec10 nmethod 13609 0x0000013be305a110 code [0x0000013be305a2a0, 0x0000013be305a370]
Event: 97.598 Thread 0x0000013bebc44820 nmethod 13581 0x0000013be305a410 code [0x0000013be305a5a0, 0x0000013be305a6b0]

GC Heap History (20 events):
Event: 97.221 GC heap after
{Heap after GC invocations=446 (full 3):
 PSYoungGen      total 3072K, used 497K [0x00000000eab00000, 0x00000000eaf80000, 0x0000000100000000)
  eden space 2560K, 0% used [0x00000000eab00000,0x00000000eab00000,0x00000000ead80000)
  from space 512K, 97% used [0x00000000ead80000,0x00000000eadfc6a0,0x00000000eae00000)
  to   space 1024K, 0% used [0x00000000eae80000,0x00000000eae80000,0x00000000eaf80000)
 ParOldGen       total 281600K, used 281272K [0x00000000c0000000, 0x00000000d1300000, 0x00000000eab00000)
  object space 281600K, 99% used [0x00000000c0000000,0x00000000d12ae198,0x00000000d1300000)
 Metaspace       used 66001K, committed 67584K, reserved 1114112K
  class space    used 6756K, committed 7488K, reserved 1048576K
}
Event: 97.239 GC heap before
{Heap before GC invocations=447 (full 3):
 PSYoungGen      total 3072K, used 3057K [0x00000000eab00000, 0x00000000eaf80000, 0x0000000100000000)
  eden space 2560K, 100% used [0x00000000eab00000,0x00000000ead80000,0x00000000ead80000)
  from space 512K, 97% used [0x00000000ead80000,0x00000000eadfc6a0,0x00000000eae00000)
  to   space 1024K, 0% used [0x00000000eae80000,0x00000000eae80000,0x00000000eaf80000)
 ParOldGen       total 281600K, used 281272K [0x00000000c0000000, 0x00000000d1300000, 0x00000000eab00000)
  object space 281600K, 99% used [0x00000000c0000000,0x00000000d12ae198,0x00000000d1300000)
 Metaspace       used 66004K, committed 67584K, reserved 1114112K
  class space    used 6756K, committed 7488K, reserved 1048576K
}
Event: 97.243 GC heap after
{Heap after GC invocations=447 (full 3):
 PSYoungGen      total 3584K, used 599K [0x00000000eab00000, 0x00000000eb000000, 0x0000000100000000)
  eden space 2560K, 0% used [0x00000000eab00000,0x00000000eab00000,0x00000000ead80000)
  from space 1024K, 58% used [0x00000000eae80000,0x00000000eaf15f50,0x00000000eaf80000)
  to   space 1024K, 0% used [0x00000000ead80000,0x00000000ead80000,0x00000000eae80000)
 ParOldGen       total 282112K, used 281731K [0x00000000c0000000, 0x00000000d1380000, 0x00000000eab00000)
  object space 282112K, 99% used [0x00000000c0000000,0x00000000d1320c70,0x00000000d1380000)
 Metaspace       used 66004K, committed 67584K, reserved 1114112K
  class space    used 6756K, committed 7488K, reserved 1048576K
}
Event: 97.262 GC heap before
{Heap before GC invocations=448 (full 3):
 PSYoungGen      total 3584K, used 3159K [0x00000000eab00000, 0x00000000eb000000, 0x0000000100000000)
  eden space 2560K, 99% used [0x00000000eab00000,0x00000000ead7fff8,0x00000000ead80000)
  from space 1024K, 58% used [0x00000000eae80000,0x00000000eaf15f50,0x00000000eaf80000)
  to   space 1024K, 0% used [0x00000000ead80000,0x00000000ead80000,0x00000000eae80000)
 ParOldGen       total 282112K, used 281731K [0x00000000c0000000, 0x00000000d1380000, 0x00000000eab00000)
  object space 282112K, 99% used [0x00000000c0000000,0x00000000d1320c70,0x00000000d1380000)
 Metaspace       used 66008K, committed 67584K, reserved 1114112K
  class space    used 6756K, committed 7488K, reserved 1048576K
}
Event: 97.265 GC heap after
{Heap after GC invocations=448 (full 3):
 PSYoungGen      total 3584K, used 544K [0x00000000eab00000, 0x00000000eaf80000, 0x0000000100000000)
  eden space 2560K, 0% used [0x00000000eab00000,0x00000000eab00000,0x00000000ead80000)
  from space 1024K, 53% used [0x00000000ead80000,0x00000000eae08000,0x00000000eae80000)
  to   space 1024K, 0% used [0x00000000eae80000,0x00000000eae80000,0x00000000eaf80000)
 ParOldGen       total 282624K, used 282272K [0x00000000c0000000, 0x00000000d1400000, 0x00000000eab00000)
  object space 282624K, 99% used [0x00000000c0000000,0x00000000d13a81e8,0x00000000d1400000)
 Metaspace       used 66008K, committed 67584K, reserved 1114112K
  class space    used 6756K, committed 7488K, reserved 1048576K
}
Event: 97.329 GC heap before
{Heap before GC invocations=449 (full 3):
 PSYoungGen      total 3584K, used 3104K [0x00000000eab00000, 0x00000000eaf80000, 0x0000000100000000)
  eden space 2560K, 100% used [0x00000000eab00000,0x00000000ead80000,0x00000000ead80000)
  from space 1024K, 53% used [0x00000000ead80000,0x00000000eae08000,0x00000000eae80000)
  to   space 1024K, 0% used [0x00000000eae80000,0x00000000eae80000,0x00000000eaf80000)
 ParOldGen       total 282624K, used 282272K [0x00000000c0000000, 0x00000000d1400000, 0x00000000eab00000)
  object space 282624K, 99% used [0x00000000c0000000,0x00000000d13a81e8,0x00000000d1400000)
 Metaspace       used 66056K, committed 67584K, reserved 1114112K
  class space    used 6756K, committed 7488K, reserved 1048576K
}
Event: 97.332 GC heap after
{Heap after GC invocations=449 (full 3):
 PSYoungGen      total 3584K, used 576K [0x00000000eab00000, 0x00000000eaf80000, 0x0000000100000000)
  eden space 2560K, 0% used [0x00000000eab00000,0x00000000eab00000,0x00000000ead80000)
  from space 1024K, 56% used [0x00000000eae80000,0x00000000eaf10000,0x00000000eaf80000)
  to   space 1024K, 0% used [0x00000000ead80000,0x00000000ead80000,0x00000000eae80000)
 ParOldGen       total 283136K, used 282784K [0x00000000c0000000, 0x00000000d1480000, 0x00000000eab00000)
  object space 283136K, 99% used [0x00000000c0000000,0x00000000d14282e0,0x00000000d1480000)
 Metaspace       used 66056K, committed 67584K, reserved 1114112K
  class space    used 6756K, committed 7488K, reserved 1048576K
}
Event: 97.352 GC heap before
{Heap before GC invocations=450 (full 3):
 PSYoungGen      total 3584K, used 3136K [0x00000000eab00000, 0x00000000eaf80000, 0x0000000100000000)
  eden space 2560K, 100% used [0x00000000eab00000,0x00000000ead80000,0x00000000ead80000)
  from space 1024K, 56% used [0x00000000eae80000,0x00000000eaf10000,0x00000000eaf80000)
  to   space 1024K, 0% used [0x00000000ead80000,0x00000000ead80000,0x00000000eae80000)
 ParOldGen       total 283136K, used 282784K [0x00000000c0000000, 0x00000000d1480000, 0x00000000eab00000)
  object space 283136K, 99% used [0x00000000c0000000,0x00000000d14282e0,0x00000000d1480000)
 Metaspace       used 66059K, committed 67584K, reserved 1114112K
  class space    used 6756K, committed 7488K, reserved 1048576K
}
Event: 97.356 GC heap after
{Heap after GC invocations=450 (full 3):
 PSYoungGen      total 3584K, used 576K [0x00000000eab00000, 0x00000000eaf80000, 0x0000000100000000)
  eden space 2560K, 0% used [0x00000000eab00000,0x00000000eab00000,0x00000000ead80000)
  from space 1024K, 56% used [0x00000000ead80000,0x00000000eae10000,0x00000000eae80000)
  to   space 1024K, 0% used [0x00000000eae80000,0x00000000eae80000,0x00000000eaf80000)
 ParOldGen       total 283648K, used 283304K [0x00000000c0000000, 0x00000000d1500000, 0x00000000eab00000)
  object space 283648K, 99% used [0x00000000c0000000,0x00000000d14aa2f8,0x00000000d1500000)
 Metaspace       used 66059K, committed 67584K, reserved 1114112K
  class space    used 6756K, committed 7488K, reserved 1048576K
}
Event: 97.381 GC heap before
{Heap before GC invocations=451 (full 3):
 PSYoungGen      total 3584K, used 3136K [0x00000000eab00000, 0x00000000eaf80000, 0x0000000100000000)
  eden space 2560K, 100% used [0x00000000eab00000,0x00000000ead80000,0x00000000ead80000)
  from space 1024K, 56% used [0x00000000ead80000,0x00000000eae10000,0x00000000eae80000)
  to   space 1024K, 0% used [0x00000000eae80000,0x00000000eae80000,0x00000000eaf80000)
 ParOldGen       total 283648K, used 283304K [0x00000000c0000000, 0x00000000d1500000, 0x00000000eab00000)
  object space 283648K, 99% used [0x00000000c0000000,0x00000000d14aa2f8,0x00000000d1500000)
 Metaspace       used 66104K, committed 67648K, reserved 1114112K
  class space    used 6756K, committed 7488K, reserved 1048576K
}
Event: 97.385 GC heap after
{Heap after GC invocations=451 (full 3):
 PSYoungGen      total 3584K, used 624K [0x00000000eab00000, 0x00000000eaf80000, 0x0000000100000000)
  eden space 2560K, 0% used [0x00000000eab00000,0x00000000eab00000,0x00000000ead80000)
  from space 1024K, 61% used [0x00000000eae80000,0x00000000eaf1c3c8,0x00000000eaf80000)
  to   space 1024K, 0% used [0x00000000ead80000,0x00000000ead80000,0x00000000eae80000)
 ParOldGen       total 284160K, used 283833K [0x00000000c0000000, 0x00000000d1580000, 0x00000000eab00000)
  object space 284160K, 99% used [0x00000000c0000000,0x00000000d152e728,0x00000000d1580000)
 Metaspace       used 66104K, committed 67648K, reserved 1114112K
  class space    used 6756K, committed 7488K, reserved 1048576K
}
Event: 97.408 GC heap before
{Heap before GC invocations=452 (full 3):
 PSYoungGen      total 3584K, used 3184K [0x00000000eab00000, 0x00000000eaf80000, 0x0000000100000000)
  eden space 2560K, 100% used [0x00000000eab00000,0x00000000ead80000,0x00000000ead80000)
  from space 1024K, 61% used [0x00000000eae80000,0x00000000eaf1c3c8,0x00000000eaf80000)
  to   space 1024K, 0% used [0x00000000ead80000,0x00000000ead80000,0x00000000eae80000)
 ParOldGen       total 284160K, used 283833K [0x00000000c0000000, 0x00000000d1580000, 0x00000000eab00000)
  object space 284160K, 99% used [0x00000000c0000000,0x00000000d152e728,0x00000000d1580000)
 Metaspace       used 66122K, committed 67712K, reserved 1114112K
  class space    used 6756K, committed 7488K, reserved 1048576K
}
Event: 97.411 GC heap after
{Heap after GC invocations=452 (full 3):
 PSYoungGen      total 3584K, used 638K [0x00000000eab00000, 0x00000000eaf80000, 0x0000000100000000)
  eden space 2560K, 0% used [0x00000000eab00000,0x00000000eab00000,0x00000000ead80000)
  from space 1024K, 62% used [0x00000000ead80000,0x00000000eae1f960,0x00000000eae80000)
  to   space 1024K, 0% used [0x00000000eae80000,0x00000000eae80000,0x00000000eaf80000)
 ParOldGen       total 284672K, used 284397K [0x00000000c0000000, 0x00000000d1600000, 0x00000000eab00000)
  object space 284672K, 99% used [0x00000000c0000000,0x00000000d15bb798,0x00000000d1600000)
 Metaspace       used 66122K, committed 67712K, reserved 1114112K
  class space    used 6756K, committed 7488K, reserved 1048576K
}
Event: 97.453 GC heap before
{Heap before GC invocations=453 (full 3):
 PSYoungGen      total 3584K, used 3198K [0x00000000eab00000, 0x00000000eaf80000, 0x0000000100000000)
  eden space 2560K, 100% used [0x00000000eab00000,0x00000000ead80000,0x00000000ead80000)
  from space 1024K, 62% used [0x00000000ead80000,0x00000000eae1f960,0x00000000eae80000)
  to   space 1024K, 0% used [0x00000000eae80000,0x00000000eae80000,0x00000000eaf80000)
 ParOldGen       total 284672K, used 284397K [0x00000000c0000000, 0x00000000d1600000, 0x00000000eab00000)
  object space 284672K, 99% used [0x00000000c0000000,0x00000000d15bb798,0x00000000d1600000)
 Metaspace       used 66128K, committed 67712K, reserved 1114112K
  class space    used 6756K, committed 7488K, reserved 1048576K
}
Event: 97.457 GC heap after
{Heap after GC invocations=453 (full 3):
 PSYoungGen      total 3584K, used 608K [0x00000000eab00000, 0x00000000eaf80000, 0x0000000100000000)
  eden space 2560K, 0% used [0x00000000eab00000,0x00000000eab00000,0x00000000ead80000)
  from space 1024K, 59% used [0x00000000eae80000,0x00000000eaf18000,0x00000000eaf80000)
  to   space 1024K, 0% used [0x00000000ead80000,0x00000000ead80000,0x00000000eae80000)
 ParOldGen       total 285184K, used 284945K [0x00000000c0000000, 0x00000000d1680000, 0x00000000eab00000)
  object space 285184K, 99% used [0x00000000c0000000,0x00000000d1644460,0x00000000d1680000)
 Metaspace       used 66128K, committed 67712K, reserved 1114112K
  class space    used 6756K, committed 7488K, reserved 1048576K
}
Event: 97.528 GC heap before
{Heap before GC invocations=454 (full 3):
 PSYoungGen      total 3584K, used 3168K [0x00000000eab00000, 0x00000000eaf80000, 0x0000000100000000)
  eden space 2560K, 100% used [0x00000000eab00000,0x00000000ead80000,0x00000000ead80000)
  from space 1024K, 59% used [0x00000000eae80000,0x00000000eaf18000,0x00000000eaf80000)
  to   space 1024K, 0% used [0x00000000ead80000,0x00000000ead80000,0x00000000eae80000)
 ParOldGen       total 285184K, used 284945K [0x00000000c0000000, 0x00000000d1680000, 0x00000000eab00000)
  object space 285184K, 99% used [0x00000000c0000000,0x00000000d1644460,0x00000000d1680000)
 Metaspace       used 66225K, committed 67776K, reserved 1114112K
  class space    used 6758K, committed 7488K, reserved 1048576K
}
Event: 97.531 GC heap after
{Heap after GC invocations=454 (full 3):
 PSYoungGen      total 3584K, used 626K [0x00000000eab00000, 0x00000000eaf80000, 0x0000000100000000)
  eden space 2560K, 0% used [0x00000000eab00000,0x00000000eab00000,0x00000000ead80000)
  from space 1024K, 61% used [0x00000000ead80000,0x00000000eae1cac8,0x00000000eae80000)
  to   space 1024K, 0% used [0x00000000eae80000,0x00000000eae80000,0x00000000eaf80000)
 ParOldGen       total 285696K, used 285494K [0x00000000c0000000, 0x00000000d1700000, 0x00000000eab00000)
  object space 285696K, 99% used [0x00000000c0000000,0x00000000d16cd8b0,0x00000000d1700000)
 Metaspace       used 66225K, committed 67776K, reserved 1114112K
  class space    used 6758K, committed 7488K, reserved 1048576K
}
Event: 97.569 GC heap before
{Heap before GC invocations=455 (full 3):
 PSYoungGen      total 3584K, used 3186K [0x00000000eab00000, 0x00000000eaf80000, 0x0000000100000000)
  eden space 2560K, 100% used [0x00000000eab00000,0x00000000ead80000,0x00000000ead80000)
  from space 1024K, 61% used [0x00000000ead80000,0x00000000eae1cac8,0x00000000eae80000)
  to   space 1024K, 0% used [0x00000000eae80000,0x00000000eae80000,0x00000000eaf80000)
 ParOldGen       total 285696K, used 285494K [0x00000000c0000000, 0x00000000d1700000, 0x00000000eab00000)
  object space 285696K, 99% used [0x00000000c0000000,0x00000000d16cd8b0,0x00000000d1700000)
 Metaspace       used 66232K, committed 67776K, reserved 1114112K
  class space    used 6762K, committed 7488K, reserved 1048576K
}
Event: 97.575 GC heap after
{Heap after GC invocations=455 (full 3):
 PSYoungGen      total 3584K, used 615K [0x00000000eab00000, 0x00000000eaf80000, 0x0000000100000000)
  eden space 2560K, 0% used [0x00000000eab00000,0x00000000eab00000,0x00000000ead80000)
  from space 1024K, 60% used [0x00000000eae80000,0x00000000eaf19e20,0x00000000eaf80000)
  to   space 1024K, 0% used [0x00000000ead80000,0x00000000ead80000,0x00000000eae80000)
 ParOldGen       total 286208K, used 286046K [0x00000000c0000000, 0x00000000d1780000, 0x00000000eab00000)
  object space 286208K, 99% used [0x00000000c0000000,0x00000000d1757890,0x00000000d1780000)
 Metaspace       used 66232K, committed 67776K, reserved 1114112K
  class space    used 6762K, committed 7488K, reserved 1048576K
}
Event: 97.613 GC heap before
{Heap before GC invocations=456 (full 3):
 PSYoungGen      total 3584K, used 3175K [0x00000000eab00000, 0x00000000eaf80000, 0x0000000100000000)
  eden space 2560K, 100% used [0x00000000eab00000,0x00000000ead80000,0x00000000ead80000)
  from space 1024K, 60% used [0x00000000eae80000,0x00000000eaf19e20,0x00000000eaf80000)
  to   space 1024K, 0% used [0x00000000ead80000,0x00000000ead80000,0x00000000eae80000)
 ParOldGen       total 286208K, used 286046K [0x00000000c0000000, 0x00000000d1780000, 0x00000000eab00000)
  object space 286208K, 99% used [0x00000000c0000000,0x00000000d1757890,0x00000000d1780000)
 Metaspace       used 66264K, committed 67776K, reserved 1114112K
  class space    used 6762K, committed 7488K, reserved 1048576K
}

Dll operation events (12 events):
Event: 0.123 Loaded shared library c:\Users\palak\.vscode\extensions\redhat.java-1.40.0-win32-x64\jre\21.0.6-win32-x86_64\bin\java.dll
Event: 1.163 Loaded shared library c:\Users\palak\.vscode\extensions\redhat.java-1.40.0-win32-x64\jre\21.0.6-win32-x86_64\bin\zip.dll
Event: 1.369 Loaded shared library C:\Users\palak\.vscode\extensions\redhat.java-1.40.0-win32-x64\jre\21.0.6-win32-x86_64\bin\instrument.dll
Event: 1.436 Loaded shared library C:\Users\palak\.vscode\extensions\redhat.java-1.40.0-win32-x64\jre\21.0.6-win32-x86_64\bin\net.dll
Event: 1.440 Loaded shared library C:\Users\palak\.vscode\extensions\redhat.java-1.40.0-win32-x64\jre\21.0.6-win32-x86_64\bin\nio.dll
Event: 1.447 Loaded shared library C:\Users\palak\.vscode\extensions\redhat.java-1.40.0-win32-x64\jre\21.0.6-win32-x86_64\bin\zip.dll
Event: 1.528 Loaded shared library C:\Users\palak\.vscode\extensions\redhat.java-1.40.0-win32-x64\jre\21.0.6-win32-x86_64\bin\jimage.dll
Event: 1.759 Loaded shared library c:\Users\palak\.vscode\extensions\redhat.java-1.40.0-win32-x64\jre\21.0.6-win32-x86_64\bin\verify.dll
Event: 10.050 Loaded shared library C:\Users\palak\AppData\Roaming\Code\User\globalStorage\redhat.java\1.40.0\config_win\org.eclipse.equinox.launcher\org.eclipse.equinox.launcher.win32.win32.x86_64_1.2.1200.v20250212-0927\eclipse_11909.dll
Event: 29.716 Loaded shared library C:\Users\palak\AppData\Local\Temp\jna-106430981\jna17139207249223984134.dll
Event: 39.766 Loaded shared library C:\Users\palak\.vscode\extensions\redhat.java-1.40.0-win32-x64\jre\21.0.6-win32-x86_64\bin\management.dll
Event: 39.784 Loaded shared library C:\Users\palak\.vscode\extensions\redhat.java-1.40.0-win32-x64\jre\21.0.6-win32-x86_64\bin\management_ext.dll

Deoptimization events (20 events):
Event: 97.500 Thread 0x0000013becad09a0 Uncommon trap: trap_request=0xffffff76 fr.pc=0x0000013be305053c relative=0x000000000000011c
Event: 97.500 Thread 0x0000013becad09a0 Uncommon trap: reason=predicate action=maybe_recompile pc=0x0000013be305053c method=java.util.Arrays.fill([Ljava/lang/Object;Ljava/lang/Object;)V @ 7 c2
Event: 97.500 Thread 0x0000013becad09a0 DEOPT PACKING pc=0x0000013be305053c sp=0x0000000eceafed60
Event: 97.500 Thread 0x0000013becad09a0 DEOPT UNPACKING pc=0x0000013be2073aa2 sp=0x0000000eceafece8 mode 2
Event: 97.510 Thread 0x0000013becad09a0 Uncommon trap: trap_request=0xffffffd6 fr.pc=0x0000013be30531ec relative=0x000000000000014c
Event: 97.510 Thread 0x0000013becad09a0 Uncommon trap: reason=array_check action=maybe_recompile pc=0x0000013be30531ec method=java.util.Arrays.fill([Ljava/lang/Object;Ljava/lang/Object;)V @ 13 c2
Event: 97.510 Thread 0x0000013becad09a0 DEOPT PACKING pc=0x0000013be30531ec sp=0x0000000eceafed40
Event: 97.510 Thread 0x0000013becad09a0 DEOPT UNPACKING pc=0x0000013be2073aa2 sp=0x0000000eceafece0 mode 2
Event: 97.510 Thread 0x0000013becad09a0 Uncommon trap: trap_request=0xffffffd6 fr.pc=0x0000013be30531ec relative=0x000000000000014c
Event: 97.510 Thread 0x0000013becad09a0 Uncommon trap: reason=array_check action=maybe_recompile pc=0x0000013be30531ec method=java.util.Arrays.fill([Ljava/lang/Object;Ljava/lang/Object;)V @ 13 c2
Event: 97.515 Thread 0x0000013becad09a0 DEOPT PACKING pc=0x0000013be30531ec sp=0x0000000eceafed40
Event: 97.515 Thread 0x0000013becad09a0 DEOPT UNPACKING pc=0x0000013be2073aa2 sp=0x0000000eceafece0 mode 2
Event: 97.585 Thread 0x0000013becad09a0 Uncommon trap: trap_request=0xffffffd6 fr.pc=0x0000013be30531ec relative=0x000000000000014c
Event: 97.585 Thread 0x0000013becad09a0 Uncommon trap: reason=array_check action=maybe_recompile pc=0x0000013be30531ec method=java.util.Arrays.fill([Ljava/lang/Object;Ljava/lang/Object;)V @ 13 c2
Event: 97.585 Thread 0x0000013becad09a0 DEOPT PACKING pc=0x0000013be30531ec sp=0x0000000eceafed40
Event: 97.585 Thread 0x0000013becad09a0 DEOPT UNPACKING pc=0x0000013be2073aa2 sp=0x0000000eceafece0 mode 2
Event: 97.585 Thread 0x0000013becad09a0 Uncommon trap: trap_request=0xffffffd6 fr.pc=0x0000013be30531ec relative=0x000000000000014c
Event: 97.585 Thread 0x0000013becad09a0 Uncommon trap: reason=array_check action=maybe_recompile pc=0x0000013be30531ec method=java.util.Arrays.fill([Ljava/lang/Object;Ljava/lang/Object;)V @ 13 c2
Event: 97.585 Thread 0x0000013becad09a0 DEOPT PACKING pc=0x0000013be30531ec sp=0x0000000eceafed40
Event: 97.585 Thread 0x0000013becad09a0 DEOPT UNPACKING pc=0x0000013be2073aa2 sp=0x0000000eceafece0 mode 2

Classes loaded (20 events):
Event: 85.270 Loading class java/util/concurrent/CompletableFuture$Signaller
Event: 85.275 Loading class java/util/concurrent/CompletableFuture$Signaller done
Event: 94.057 Loading class java/io/SequenceInputStream
Event: 94.058 Loading class java/io/SequenceInputStream done
Event: 94.073 Loading class org/xml/sax/SAXNotRecognizedException
Event: 94.073 Loading class org/xml/sax/SAXNotRecognizedException done
Event: 94.073 Loading class org/xml/sax/SAXNotSupportedException
Event: 94.073 Loading class org/xml/sax/SAXNotSupportedException done
Event: 94.075 Loading class com/sun/org/apache/xerces/internal/util/URI
Event: 94.076 Loading class com/sun/org/apache/xerces/internal/util/URI done
Event: 94.080 Loading class com/sun/org/apache/xerces/internal/xni/XNIException
Event: 94.080 Loading class com/sun/org/apache/xerces/internal/xni/XNIException done
Event: 94.082 Loading class com/sun/org/apache/xerces/internal/xni/parser/XMLParseException
Event: 94.083 Loading class com/sun/org/apache/xerces/internal/xni/parser/XMLParseException done
Event: 94.396 Loading class java/util/Hashtable$KeySet
Event: 94.397 Loading class java/util/Hashtable$KeySet done
Event: 94.445 Loading class java/io/BufferedReader$1
Event: 94.445 Loading class java/io/BufferedReader$1 done
Event: 97.023 Loading class jdk/internal/module/IllegalAccessLogger
Event: 97.023 Loading class jdk/internal/module/IllegalAccessLogger done

Classes unloaded (7 events):
Event: 35.409 Thread 0x0000013bebc2f4f0 Unloading class 0x0000013b8119bc00 'java/lang/invoke/LambdaForm$MH+0x0000013b8119bc00'
Event: 35.409 Thread 0x0000013bebc2f4f0 Unloading class 0x0000013b8119b800 'java/lang/invoke/LambdaForm$MH+0x0000013b8119b800'
Event: 35.409 Thread 0x0000013bebc2f4f0 Unloading class 0x0000013b8119b400 'java/lang/invoke/LambdaForm$MH+0x0000013b8119b400'
Event: 35.409 Thread 0x0000013bebc2f4f0 Unloading class 0x0000013b8119b000 'java/lang/invoke/LambdaForm$MH+0x0000013b8119b000'
Event: 35.409 Thread 0x0000013bebc2f4f0 Unloading class 0x0000013b8119ac00 'java/lang/invoke/LambdaForm$BMH+0x0000013b8119ac00'
Event: 35.409 Thread 0x0000013bebc2f4f0 Unloading class 0x0000013b8119a800 'java/lang/invoke/LambdaForm$DMH+0x0000013b8119a800'
Event: 35.409 Thread 0x0000013bebc2f4f0 Unloading class 0x0000013b81199400 'java/lang/invoke/LambdaForm$DMH+0x0000013b81199400'

Classes redefined (0 events):
No events

Internal exceptions (20 events):
Event: 94.326 Thread 0x0000013bf1b0a130 Exception <a 'sun/nio/fs/WindowsException'{0x00000000ead73d78}> (0x00000000ead73d78) 
thrown [s\src\hotspot\share\prims\jni.cpp, line 520]
Event: 94.351 Thread 0x0000013bf1b0a130 Exception <a 'sun/nio/fs/WindowsException'{0x00000000eac22280}> (0x00000000eac22280) 
thrown [s\src\hotspot\share\prims\jni.cpp, line 520]
Event: 94.352 Thread 0x0000013bf1b0a130 Exception <a 'sun/nio/fs/WindowsException'{0x00000000eac2e3b0}> (0x00000000eac2e3b0) 
thrown [s\src\hotspot\share\prims\jni.cpp, line 520]
Event: 94.366 Thread 0x0000013bf1b0a130 Exception <a 'sun/nio/fs/WindowsException'{0x00000000eab60d70}> (0x00000000eab60d70) 
thrown [s\src\hotspot\share\prims\jni.cpp, line 520]
Event: 94.367 Thread 0x0000013bf1b0a130 Exception <a 'sun/nio/fs/WindowsException'{0x00000000eab61e90}> (0x00000000eab61e90) 
thrown [s\src\hotspot\share\prims\jni.cpp, line 520]
Event: 94.464 Thread 0x0000013bf1b0a130 Exception <a 'sun/nio/fs/WindowsException'{0x00000000eab7c280}> (0x00000000eab7c280) 
thrown [s\src\hotspot\share\prims\jni.cpp, line 520]
Event: 94.727 Thread 0x0000013bf1b0a130 Exception <a 'sun/nio/fs/WindowsException'{0x00000000eabc8fb0}> (0x00000000eabc8fb0) 
thrown [s\src\hotspot\share\prims\jni.cpp, line 520]
Event: 94.727 Thread 0x0000013bf1b0a130 Exception <a 'sun/nio/fs/WindowsException'{0x00000000eabca088}> (0x00000000eabca088) 
thrown [s\src\hotspot\share\prims\jni.cpp, line 520]
Event: 94.775 Thread 0x0000013bf1b0a130 Exception <a 'sun/nio/fs/WindowsException'{0x00000000eabcc628}> (0x00000000eabcc628) 
thrown [s\src\hotspot\share\prims\jni.cpp, line 520]
Event: 94.776 Thread 0x0000013bf1b0a130 Exception <a 'sun/nio/fs/WindowsException'{0x00000000eabcd248}> (0x00000000eabcd248) 
thrown [s\src\hotspot\share\prims\jni.cpp, line 520]
Event: 94.791 Thread 0x0000013bf1b0a130 Exception <a 'sun/nio/fs/WindowsException'{0x00000000eabae3d8}> (0x00000000eabae3d8) 
thrown [s\src\hotspot\share\prims\jni.cpp, line 520]
Event: 94.791 Thread 0x0000013bf1b0a130 Exception <a 'sun/nio/fs/WindowsException'{0x00000000eabaeff8}> (0x00000000eabaeff8) 
thrown [s\src\hotspot\share\prims\jni.cpp, line 520]
Event: 95.017 Thread 0x0000013bf1b0a130 Exception <a 'sun/nio/fs/WindowsException'{0x00000000eacb1350}> (0x00000000eacb1350) 
thrown [s\src\hotspot\share\prims\jni.cpp, line 520]
Event: 95.018 Thread 0x0000013bf10ed8b0 Exception <a 'sun/nio/fs/WindowsException'{0x00000000eace9b28}> (0x00000000eace9b28) 
thrown [s\src\hotspot\share\prims\jni.cpp, line 520]
Event: 95.018 Thread 0x0000013bf10ed220 Exception <a 'sun/nio/fs/WindowsException'{0x00000000ead01798}> (0x00000000ead01798) 
thrown [s\src\hotspot\share\prims\jni.cpp, line 520]
Event: 95.028 Thread 0x0000013bf10ef2f0 Exception <a 'sun/nio/fs/WindowsException'{0x00000000eab5f0a8}> (0x00000000eab5f0a8) 
thrown [s\src\hotspot\share\prims\jni.cpp, line 520]
Event: 95.032 Thread 0x0000013bf10eec60 Exception <a 'sun/nio/fs/WindowsException'{0x00000000eac3ea00}> (0x00000000eac3ea00) 
thrown [s\src\hotspot\share\prims\jni.cpp, line 520]
Event: 95.341 Thread 0x0000013bf1b0a130 Exception <a 'sun/nio/fs/WindowsException'{0x00000000eab34120}> (0x00000000eab34120) 
thrown [s\src\hotspot\share\prims\jni.cpp, line 520]
Event: 95.343 Thread 0x0000013bf10ed8b0 Exception <a 'sun/nio/fs/WindowsException'{0x00000000eab68810}> (0x00000000eab68810) 
thrown [s\src\hotspot\share\prims\jni.cpp, line 520]
Event: 95.344 Thread 0x0000013bf10ed8b0 Exception <a 'sun/nio/fs/WindowsException'{0x00000000eab69b68}> (0x00000000eab69b68) 
thrown [s\src\hotspot\share\prims\jni.cpp, line 520]

ZGC Phase Switch (0 events):
No events

VM Operations (20 events):
Event: 97.222 Executing VM operation: ParallelGCFailedAllocation (Allocation Failure) done
Event: 97.238 Executing VM operation: ParallelGCFailedAllocation (Allocation Failure)
Event: 97.243 Executing VM operation: ParallelGCFailedAllocation (Allocation Failure) done
Event: 97.261 Executing VM operation: ParallelGCFailedAllocation (Allocation Failure)
Event: 97.265 Executing VM operation: ParallelGCFailedAllocation (Allocation Failure) done
Event: 97.307 Executing VM operation: ParallelGCFailedAllocation (Allocation Failure)
Event: 97.333 Executing VM operation: ParallelGCFailedAllocation (Allocation Failure) done
Event: 97.351 Executing VM operation: ParallelGCFailedAllocation (Allocation Failure)
Event: 97.356 Executing VM operation: ParallelGCFailedAllocation (Allocation Failure) done
Event: 97.381 Executing VM operation: ParallelGCFailedAllocation (Allocation Failure)
Event: 97.385 Executing VM operation: ParallelGCFailedAllocation (Allocation Failure) done
Event: 97.408 Executing VM operation: ParallelGCFailedAllocation (Allocation Failure)
Event: 97.411 Executing VM operation: ParallelGCFailedAllocation (Allocation Failure) done
Event: 97.451 Executing VM operation: ParallelGCFailedAllocation (Allocation Failure)
Event: 97.457 Executing VM operation: ParallelGCFailedAllocation (Allocation Failure) done
Event: 97.524 Executing VM operation: ParallelGCFailedAllocation (Allocation Failure)
Event: 97.531 Executing VM operation: ParallelGCFailedAllocation (Allocation Failure) done
Event: 97.569 Executing VM operation: ParallelGCFailedAllocation (Allocation Failure)
Event: 97.575 Executing VM operation: ParallelGCFailedAllocation (Allocation Failure) done
Event: 97.613 Executing VM operation: ParallelGCFailedAllocation (Allocation Failure)

Memory protections (0 events):
No events

Nmethod flushes (20 events):
Event: 62.136 Thread 0x0000013bebc2f4f0 flushing  nmethod 0x0000013bdb518b10
Event: 62.136 Thread 0x0000013bebc2f4f0 flushing  nmethod 0x0000013bdb52e510
Event: 62.136 Thread 0x0000013bebc2f4f0 flushing  nmethod 0x0000013bdb52fb10
Event: 62.136 Thread 0x0000013bebc2f4f0 flushing  nmethod 0x0000013bdb53db90
Event: 62.136 Thread 0x0000013bebc2f4f0 flushing  nmethod 0x0000013bdb53f010
Event: 62.136 Thread 0x0000013bebc2f4f0 flushing osr nmethod 0x0000013bdb546310
Event: 62.136 Thread 0x0000013bebc2f4f0 flushing  nmethod 0x0000013bdb551d90
Event: 62.136 Thread 0x0000013bebc2f4f0 flushing  nmethod 0x0000013bdb567510
Event: 62.136 Thread 0x0000013bebc2f4f0 flushing  nmethod 0x0000013bdb57c310
Event: 62.136 Thread 0x0000013bebc2f4f0 flushing  nmethod 0x0000013bdb591b10
Event: 62.136 Thread 0x0000013bebc2f4f0 flushing  nmethod 0x0000013bdb5aac10
Event: 62.136 Thread 0x0000013bebc2f4f0 flushing  nmethod 0x0000013bdb5ab510
Event: 62.136 Thread 0x0000013bebc2f4f0 flushing  nmethod 0x0000013bdb5abc90
Event: 62.136 Thread 0x0000013bebc2f4f0 flushing  nmethod 0x0000013bdb5bf810
Event: 62.136 Thread 0x0000013bebc2f4f0 flushing  nmethod 0x0000013bdb5cef90
Event: 62.136 Thread 0x0000013bebc2f4f0 flushing  nmethod 0x0000013bdb5d9810
Event: 62.136 Thread 0x0000013bebc2f4f0 flushing  nmethod 0x0000013bdb60ff10
Event: 62.136 Thread 0x0000013bebc2f4f0 flushing  nmethod 0x0000013bdb613710
Event: 62.136 Thread 0x0000013bebc2f4f0 flushing osr nmethod 0x0000013bdb634710
Event: 62.136 Thread 0x0000013bebc2f4f0 flushing  nmethod 0x0000013bdb641490

Events (20 events):
Event: 90.269 Thread 0x0000013becad44b0 Thread exited: 0x0000013becad44b0
Event: 90.272 Thread 0x0000013becad1d50 Thread exited: 0x0000013becad1d50
Event: 92.026 Thread 0x0000013bf2d197a0 Thread exited: 0x0000013bf2d197a0
Event: 92.500 Thread 0x0000013bf1b0a130 Thread added: 0x0000013becace240
Event: 92.501 Thread 0x0000013bf1b0a130 Thread added: 0x0000013becad3790
Event: 92.501 Thread 0x0000013bf1b0a130 Thread added: 0x0000013becad23e0
Event: 92.501 Thread 0x0000013bf1b0a130 Thread added: 0x0000013becad1d50
Event: 92.501 Thread 0x0000013bf1b0a130 Thread added: 0x0000013becad3e20
Event: 92.622 Thread 0x0000013becace240 Thread exited: 0x0000013becace240
Event: 92.622 Thread 0x0000013becad3790 Thread exited: 0x0000013becad3790
Event: 92.622 Thread 0x0000013becad3e20 Thread exited: 0x0000013becad3e20
Event: 92.622 Thread 0x0000013becad23e0 Thread exited: 0x0000013becad23e0
Event: 92.623 Thread 0x0000013becad1d50 Thread exited: 0x0000013becad1d50
Event: 92.899 Thread 0x0000013bf1b0a130 Thread added: 0x0000013becace240
Event: 92.909 Thread 0x0000013becace240 Thread exited: 0x0000013becace240
Event: 93.940 Thread 0x0000013bebc44820 Thread added: 0x0000013bf6e74840
Event: 94.432 Thread 0x0000013bf1b0a130 Thread added: 0x0000013becace240
Event: 94.441 Thread 0x0000013becace240 Thread exited: 0x0000013becace240
Event: 94.502 Thread 0x0000013bf6e74840 Thread exited: 0x0000013bf6e74840
Event: 96.790 Thread 0x0000013bebcaec10 Thread added: 0x0000013bf3f7c330


Dynamic libraries:
0x00007ff68d9d0000 - 0x00007ff68d9de000 	c:\Users\palak\.vscode\extensions\redhat.java-1.40.0-win32-x64\jre\21.0.6-win32-x86_64\bin\java.exe
0x00007ffeab9e0000 - 0x00007ffeabc43000 	C:\WINDOWS\SYSTEM32\ntdll.dll
0x00007ffeaa790000 - 0x00007ffeaa857000 	C:\WINDOWS\System32\KERNEL32.DLL
0x00007ffea9080000 - 0x00007ffea9449000 	C:\WINDOWS\System32\KERNELBASE.dll
0x00007ffea8be0000 - 0x00007ffea8d2c000 	C:\WINDOWS\System32\ucrtbase.dll
0x00007ffe97120000 - 0x00007ffe97138000 	c:\Users\palak\.vscode\extensions\redhat.java-1.40.0-win32-x64\jre\21.0.6-win32-x86_64\bin\jli.dll
0x00007ffeaa410000 - 0x00007ffeaa5da000 	C:\WINDOWS\System32\USER32.dll
0x00007ffea9590000 - 0x00007ffea95b7000 	C:\WINDOWS\System32\win32u.dll
0x00007ffeaa1c0000 - 0x00007ffeaa1ea000 	C:\WINDOWS\System32\GDI32.dll
0x00007ffea9450000 - 0x00007ffea9581000 	C:\WINDOWS\System32\gdi32full.dll
0x00007ffea8dc0000 - 0x00007ffea8e63000 	C:\WINDOWS\System32\msvcp_win.dll
0x00007ffe97100000 - 0x00007ffe9711e000 	c:\Users\palak\.vscode\extensions\redhat.java-1.40.0-win32-x64\jre\21.0.6-win32-x86_64\bin\VCRUNTIME140.dll
0x00007ffe98530000 - 0x00007ffe987c0000 	C:\WINDOWS\WinSxS\amd64_microsoft.windows.common-controls_6595b64144ccf1df_6.0.26100.3323_none_3e088096e3344490\COMCTL32.dll
0x00007ffeab390000 - 0x00007ffeab439000 	C:\WINDOWS\System32\msvcrt.dll
0x00007ffeaabf0000 - 0x00007ffeaac1f000 	C:\WINDOWS\System32\IMM32.DLL
0x00007ffe9f170000 - 0x00007ffe9f17c000 	c:\Users\palak\.vscode\extensions\redhat.java-1.40.0-win32-x64\jre\21.0.6-win32-x86_64\bin\vcruntime140_1.dll
0x00007ffe69990000 - 0x00007ffe69a1d000 	c:\Users\palak\.vscode\extensions\redhat.java-1.40.0-win32-x64\jre\21.0.6-win32-x86_64\bin\msvcp140.dll
0x00007ffe55200000 - 0x00007ffe55f90000 	c:\Users\palak\.vscode\extensions\redhat.java-1.40.0-win32-x64\jre\21.0.6-win32-x86_64\bin\server\jvm.dll
0x00007ffeaa9d0000 - 0x00007ffeaaa82000 	C:\WINDOWS\System32\ADVAPI32.dll
0x00007ffeab530000 - 0x00007ffeab5d6000 	C:\WINDOWS\System32\sechost.dll
0x00007ffeaa2f0000 - 0x00007ffeaa406000 	C:\WINDOWS\System32\RPCRT4.dll
0x00007ffeaaa90000 - 0x00007ffeaab04000 	C:\WINDOWS\System32\WS2_32.dll
0x00007ffea8a70000 - 0x00007ffea8abe000 	C:\WINDOWS\SYSTEM32\POWRPROF.dll
0x00007ffea3070000 - 0x00007ffea30a6000 	C:\WINDOWS\SYSTEM32\WINMM.dll
0x00007ffea30b0000 - 0x00007ffea30bb000 	C:\WINDOWS\SYSTEM32\VERSION.dll
0x00007ffea8a50000 - 0x00007ffea8a64000 	C:\WINDOWS\SYSTEM32\UMPDC.dll
0x00007ffea7a00000 - 0x00007ffea7a1a000 	C:\WINDOWS\SYSTEM32\kernel.appcore.dll
0x00007ffe9f130000 - 0x00007ffe9f13a000 	c:\Users\palak\.vscode\extensions\redhat.java-1.40.0-win32-x64\jre\21.0.6-win32-x86_64\bin\jimage.dll
0x00007ffe998a0000 - 0x00007ffe99ae1000 	C:\WINDOWS\SYSTEM32\DBGHELP.DLL
0x00007ffeab5f0000 - 0x00007ffeab972000 	C:\WINDOWS\System32\combase.dll
0x00007ffeab0d0000 - 0x00007ffeab1a6000 	C:\WINDOWS\System32\OLEAUT32.dll
0x00007ffe86680000 - 0x00007ffe866b9000 	C:\WINDOWS\SYSTEM32\dbgcore.DLL
0x00007ffea8fe0000 - 0x00007ffea9079000 	C:\WINDOWS\System32\bcryptPrimitives.dll
0x00007ffe970f0000 - 0x00007ffe970ff000 	c:\Users\palak\.vscode\extensions\redhat.java-1.40.0-win32-x64\jre\21.0.6-win32-x86_64\bin\instrument.dll
0x00007ffe970d0000 - 0x00007ffe970ef000 	c:\Users\palak\.vscode\extensions\redhat.java-1.40.0-win32-x64\jre\21.0.6-win32-x86_64\bin\java.dll
0x00007ffea9aa0000 - 0x00007ffeaa1b5000 	C:\WINDOWS\System32\SHELL32.dll
0x00007ffea8e70000 - 0x00007ffea8fd8000 	C:\WINDOWS\System32\wintypes.dll
0x00007ffea68c0000 - 0x00007ffea7105000 	C:\WINDOWS\SYSTEM32\windows.storage.dll
0x00007ffeab440000 - 0x00007ffeab52b000 	C:\WINDOWS\System32\SHCORE.dll
0x00007ffeaab10000 - 0x00007ffeaab6d000 	C:\WINDOWS\System32\shlwapi.dll
0x00007ffea8af0000 - 0x00007ffea8b1f000 	C:\WINDOWS\SYSTEM32\profapi.dll
0x00007ffe970b0000 - 0x00007ffe970c8000 	c:\Users\palak\.vscode\extensions\redhat.java-1.40.0-win32-x64\jre\21.0.6-win32-x86_64\bin\zip.dll
0x00007ffe8e290000 - 0x00007ffe8e2a0000 	C:\Users\palak\.vscode\extensions\redhat.java-1.40.0-win32-x64\jre\21.0.6-win32-x86_64\bin\net.dll
0x00007ffe9e5a0000 - 0x00007ffe9e6be000 	C:\WINDOWS\SYSTEM32\WINHTTP.dll
0x00007ffea7f20000 - 0x00007ffea7f8a000 	C:\WINDOWS\system32\mswsock.dll
0x00007ffe8c210000 - 0x00007ffe8c226000 	C:\Users\palak\.vscode\extensions\redhat.java-1.40.0-win32-x64\jre\21.0.6-win32-x86_64\bin\nio.dll
0x00007ffe8b380000 - 0x00007ffe8b390000 	c:\Users\palak\.vscode\extensions\redhat.java-1.40.0-win32-x64\jre\21.0.6-win32-x86_64\bin\verify.dll
0x00007ffe77e90000 - 0x00007ffe77ed5000 	C:\Users\palak\AppData\Roaming\Code\User\globalStorage\redhat.java\1.40.0\config_win\org.eclipse.equinox.launcher\org.eclipse.equinox.launcher.win32.win32.x86_64_1.2.1200.v20250212-0927\eclipse_11909.dll
0x00007ffeaa5e0000 - 0x00007ffeaa775000 	C:\WINDOWS\System32\ole32.dll
0x00007ffea81c0000 - 0x00007ffea81dc000 	C:\WINDOWS\SYSTEM32\CRYPTSP.dll
0x00007ffea7960000 - 0x00007ffea799a000 	C:\WINDOWS\system32\rsaenh.dll
0x00007ffea7fc0000 - 0x00007ffea7feb000 	C:\WINDOWS\SYSTEM32\USERENV.dll
0x00007ffea8400000 - 0x00007ffea8426000 	C:\WINDOWS\SYSTEM32\bcrypt.dll
0x00007ffea81e0000 - 0x00007ffea81ec000 	C:\WINDOWS\SYSTEM32\CRYPTBASE.dll
0x00007ffea7400000 - 0x00007ffea7433000 	C:\WINDOWS\SYSTEM32\IPHLPAPI.DLL
0x00007ffeab5e0000 - 0x00007ffeab5ea000 	C:\WINDOWS\System32\NSI.dll
0x00007ffe646a0000 - 0x00007ffe646e9000 	C:\Users\palak\AppData\Local\Temp\jna-106430981\jna17139207249223984134.dll
0x00007ffea98b0000 - 0x00007ffea98b8000 	C:\WINDOWS\System32\PSAPI.DLL
0x00007ffe8b370000 - 0x00007ffe8b37a000 	C:\Users\palak\.vscode\extensions\redhat.java-1.40.0-win32-x64\jre\21.0.6-win32-x86_64\bin\management.dll
0x00007ffe8b320000 - 0x00007ffe8b32b000 	C:\Users\palak\.vscode\extensions\redhat.java-1.40.0-win32-x64\jre\21.0.6-win32-x86_64\bin\management_ext.dll
0x00007ffe9e570000 - 0x00007ffe9e58f000 	C:\WINDOWS\SYSTEM32\dhcpcsvc6.DLL
0x00007ffe9e540000 - 0x00007ffe9e565000 	C:\WINDOWS\SYSTEM32\dhcpcsvc.DLL

dbghelp: loaded successfully - version: 4.0.5 - missing functions: none
symbol engine: initialized successfully - sym options: 0x614 - pdb path: .;c:\Users\palak\.vscode\extensions\redhat.java-1.40.0-win32-x64\jre\21.0.6-win32-x86_64\bin;C:\WINDOWS\SYSTEM32;C:\WINDOWS\WinSxS\amd64_microsoft.windows.common-controls_6595b64144ccf1df_6.0.26100.3323_none_3e088096e3344490;c:\Users\palak\.vscode\extensions\redhat.java-1.40.0-win32-x64\jre\21.0.6-win32-x86_64\bin\server;C:\Users\palak\AppData\Roaming\Code\User\globalStorage\redhat.java\1.40.0\config_win\org.eclipse.equinox.launcher\org.eclipse.equinox.launcher.win32.win32.x86_64_1.2.1200.v20250212-0927;C:\Users\palak\AppData\Local\Temp\jna-106430981

VM Arguments:
jvm_args: --add-modules=ALL-SYSTEM --add-opens=java.base/java.util=ALL-UNNAMED --add-opens=java.base/java.lang=ALL-UNNAMED --add-opens=java.base/sun.nio.fs=ALL-UNNAMED -Declipse.application=org.eclipse.jdt.ls.core.id1 -Dosgi.bundles.defaultStartLevel=4 -Declipse.product=org.eclipse.jdt.ls.core.product -Djava.import.generatesMetadataFilesAtProjectRoot=false -DDetectVMInstallationsJob.disabled=true -Dfile.encoding=utf8 -XX:+UseParallelGC -XX:GCTimeRatio=4 -XX:AdaptiveSizePolicyWeight=90 -Dsun.zip.disableMemoryMapping=true -Xmx1G -Xms100m -Xlog:disable -javaagent:c:\Users\palak\.vscode\extensions\redhat.java-1.40.0-win32-x64\lombok\lombok-1.18.36.jar -XX:+HeapDumpOnOutOfMemoryError -XX:HeapDumpPath=c:\Users\palak\AppData\Roaming\Code\User\workspaceStorage\632f04cdbe9e26a6a5769c745b0508de\redhat.java -Daether.dependencyCollector.impl=bf 
java_command: c:\Users\palak\.vscode\extensions\redhat.java-1.40.0-win32-x64\server\plugins\org.eclipse.equinox.launcher_1.6.1000.v20250131-0606.jar -configuration c:\Users\palak\AppData\Roaming\Code\User\globalStorage\redhat.java\1.40.0\config_win -data c:\Users\palak\AppData\Roaming\Code\User\workspaceStorage\632f04cdbe9e26a6a5769c745b0508de\redhat.java\jdt_ws --pipe=\\.\pipe\lsp-9e8f1df41559fe8901b4387c79ec6e4e-sock
java_class_path (initial): c:\Users\palak\.vscode\extensions\redhat.java-1.40.0-win32-x64\server\plugins\org.eclipse.equinox.launcher_1.6.1000.v20250131-0606.jar
Launcher Type: SUN_STANDARD

[Global flags]
    uintx AdaptiveSizePolicyWeight                 = 90                                        {product} {command line}
     intx CICompilerCount                          = 3                                         {product} {ergonomic}
    uintx GCTimeRatio                              = 4                                         {product} {command line}
     bool HeapDumpOnOutOfMemoryError               = true                                   {manageable} {command line}
    ccstr HeapDumpPath                             = c:\Users\palak\AppData\Roaming\Code\User\workspaceStorage\632f04cdbe9e26a6a5769c745b0508de\redhat.java         {manageable} {command line}
   size_t InitialHeapSize                          = 104857600                                 {product} {command line}
   size_t MaxHeapSize                              = 1073741824                                {product} {command line}
   size_t MaxNewSize                               = 357564416                                 {product} {ergonomic}
   size_t MinHeapDeltaBytes                        = 524288                                    {product} {ergonomic}
   size_t MinHeapSize                              = 104857600                                 {product} {command line}
   size_t NewSize                                  = 34603008                                  {product} {ergonomic}
    uintx NonNMethodCodeHeapSize                   = 5832780                                {pd product} {ergonomic}
    uintx NonProfiledCodeHeapSize                  = 122912730                              {pd product} {ergonomic}
   size_t OldSize                                  = 70254592                                  {product} {ergonomic}
    uintx ProfiledCodeHeapSize                     = 122912730                              {pd product} {ergonomic}
    uintx ReservedCodeCacheSize                    = 251658240                              {pd product} {ergonomic}
     bool SegmentedCodeCache                       = true                                      {product} {ergonomic}
   size_t SoftMaxHeapSize                          = 1073741824                             {manageable} {ergonomic}
     bool UseCompressedOops                        = true                           {product lp64_product} {ergonomic}
     bool UseLargePagesIndividualAllocation        = false                                  {pd product} {ergonomic}
     bool UseParallelGC                            = true                                      {product} {command line}

Logging:
Log output configuration:
 #0: stdout all=off uptime,level,tags foldmultilines=false
 #1: stderr all=off uptime,level,tags foldmultilines=false

Environment Variables:
JAVA_HOME=C:\Users\palak\Downloads\java-21-openjdk-21.0.1.0.12-3.win.jdk.x86_64\java-21-openjdk-21.0.1.0.12-3.win.jdk.x86_64
PATH=C:\Program Files (x86)\Common Files\Oracle\Java\java8path;C:\Program Files (x86)\Common Files\Oracle\Java\javapath;C:\WINDOWS\system32;C:\WINDOWS;C:\WINDOWS\System32\Wbem;C:\WINDOWS\System32\WindowsPowerShell\v1.0\;C:\WINDOWS\System32\OpenSSH\;C:\Users\palak\Downloads\java-21-openjdk-21.0.1.0.12-3.win.jdk.x86_64\java-21-openjdk-21.0.1.0.12-3.win.jdk.x86_64\bin;C:\Users\palak\Downloads\apache-maven-3.9.8-bin\bin;c:\users\palak\appdata\local\packages\pythonsoftwarefoundation.python.3.11_qbz5n2kfra8p0\localcache\local-packages\python311\site-packages;C:\ProgramData\chocolatey\bin;C:\Program Files\nodejs\;C:\Users\palak\AppData\Local\Programs\Python\Python312\Scripts;C:\Program Files\Git\cmd;C:\Users\palak\Downloads\flutter_windows_3.27.3-stable\flutter\bin;C:\Users\palak\AppData\Local\Android\Sdk\cmdline-tools\latest\bin;C:\Users\palak\AppData\Local\Android\Sdk\platform-tools;C:\ffmpeg;C:\Program Files\MongoDB\Server\8.0\bin;C:\Users\palak\AppData\Local\Programs\Python\Python313\Scripts\;C:\Users\palak\AppData\Local\Programs\Python\Python313\;C:\Users\palak\AppData\Local\Programs\Python\Python312\Scripts\;C:\Users\palak\AppData\Local\Programs\Python\Python312\;C:\Users\palak\AppData\Local\Programs\Python\Launcher\;C:\Program Files\MySQL\MySQL Shell 8.0\bin\;C:\Users\palak\AppData\Local\Microsoft\WindowsApps;C:\Users\palak\AppData\Local\Programs\Microsoft VS Code\bin;C:\Program Files\JetBrains\IntelliJ IDEA Community Edition 2023.3.3\bin;C:\Users\palak\AppData\Local\JetBrains\CLion 2023.3.4\bin;C:\Program Files\JetBrains\PyCharm 2024.1.2\bin;C:\Program Files\JetBrains\PyCharm Community Edition 2024.1.4\bin;C:\Users\palak\AppData\Local\JetBrains\Toolbox\scripts;C:\Users\palak\AppData\Roaming\npm;C:\Users\palak\AppData\Local\GitHubDesktop\bin;C:\Users\palak\AppData\Local\Microsoft\WindowsApps;
USERNAME=palak
OS=Windows_NT
PROCESSOR_IDENTIFIER=AMD64 Family 23 Model 24 Stepping 1, AuthenticAMD
TMP=C:\Users\palak\AppData\Local\Temp
TEMP=C:\Users\palak\AppData\Local\Temp




Periodic native trim disabled

---------------  S Y S T E M  ---------------

OS:
 Windows 11 , 64 bit Build 26100 (10.0.26100.3323)
OS uptime: 0 days 14:10 hours

CPU: total 4 (initial active 4) (4 cores per cpu, 2 threads per core) family 23 model 24 stepping 1 microcode 0x8108109, cx8, cmov, fxsr, ht, mmx, 3dnowpref, sse, sse2, sse3, ssse3, sse4a, sse4.1, sse4.2, popcnt, lzcnt, tsc, tscinvbit, avx, avx2, aes, clmul, bmi1, bmi2, adx, sha, fma, vzeroupper, clflush, clflushopt, rdtscp, f16c
Processor Information for the first 4 processors :
  Max Mhz: 2600, Current Mhz: 2600, Mhz Limit: 2600

Memory: 4k page, system-wide physical 6086M (570M free)
TotalPageFile size 14278M (AvailPageFile size 2M)
current process WorkingSet (physical memory assigned to process): 579M, peak: 579M
current process commit charge ("private bytes"): 547M, peak: 547M

vm_info: OpenJDK 64-Bit Server VM (21.0.6+7-LTS) for windows-amd64 JRE (21.0.6+7-LTS), built on 2025-01-21T00:00:00Z by "admin" with MS VC++ 17.7 (VS2022)

END.
