#
# There is insufficient memory for the Java Runtime Environment to continue.
# Native memory allocation (malloc) failed to allocate 32744 bytes. Error detail: Chunk::new
# Possible reasons:
#   The system is out of physical RAM or swap space
#   This process is running with CompressedOops enabled, and the Java Heap may be blocking the growth of the native heap
# Possible solutions:
#   Reduce memory load on the system
#   Increase physical memory or swap space
#   Check if swap backing store is full
#   Decrease Java heap size (-Xmx/-Xms)
#   Decrease number of Java threads
#   Decrease Java thread stack sizes (-Xss)
#   Set larger code cache with -XX:ReservedCodeCacheSize=
#   JVM is running with Unscaled Compressed Oops mode in which the Java heap is
#     placed in the first 4GB address space. The Java Heap base address is the
#     maximum limit for the native heap growth. Please use -XX:HeapBaseMinAddress
#     to set the Java Heap base and to place the Java Heap above 4GB virtual address.
# This output file may be truncated or incomplete.
#
#  Out of Memory Error (arena.cpp:168), pid=13816, tid=15620
#
# JRE version: OpenJDK Runtime Environment Temurin-21.0.6+7 (21.0.6+7) (build 21.0.6+7-LTS)
# Java VM: OpenJDK 64-Bit Server VM Temurin-21.0.6+7 (21.0.6+7-LTS, mixed mode, sharing, tiered, compressed oops, compressed class ptrs, parallel gc, windows-amd64)
# No core dump will be written. Minidumps are not enabled by default on client versions of Windows
#

---------------  S U M M A R Y ------------

Command Line: --add-modules=ALL-SYSTEM --add-opens=java.base/java.util=ALL-UNNAMED --add-opens=java.base/java.lang=ALL-UNNAMED --add-opens=java.base/sun.nio.fs=ALL-UNNAMED -Declipse.application=org.eclipse.jdt.ls.core.id1 -Dosgi.bundles.defaultStartLevel=4 -Declipse.product=org.eclipse.jdt.ls.core.product -Djava.import.generatesMetadataFilesAtProjectRoot=false -DDetectVMInstallationsJob.disabled=true -Dfile.encoding=utf8 -XX:+UseParallelGC -XX:GCTimeRatio=4 -XX:AdaptiveSizePolicyWeight=90 -Dsun.zip.disableMemoryMapping=true -Xmx1G -Xms100m -Xlog:disable -javaagent:c:\Users\palak\.vscode\extensions\redhat.java-1.41.0-win32-x64\lombok\lombok-1.18.36.jar c:\Users\palak\.vscode\extensions\redhat.java-1.41.0-win32-x64\server\plugins\org.eclipse.equinox.launcher_1.6.1100.v20250306-0509.jar -configuration c:\Users\palak\AppData\Roaming\Code\User\globalStorage\redhat.java\1.41.0\config_ss_win -data c:\Users\palak\AppData\Roaming\Code\User\workspaceStorage\632f04cdbe9e26a6a5769c745b0508de\redhat.java\ss_ws --pipe=\\.\pipe\lsp-76a55c80649d08b53dd8d688e8864e85-sock

Host: AMD Ryzen 3 3250U with Radeon Graphics         , 4 cores, 5G,  Windows 11 , 64 bit Build 26100 (10.0.26100.3323)
Time: Mon Mar 31 20:48:37 2025 India Standard Time elapsed time: 26.247593 seconds (0d 0h 0m 26s)

---------------  T H R E A D  ---------------

Current thread (0x000001b71d8a1410):  JavaThread "C2 CompilerThread0" daemon [_thread_in_native, id=15620, stack(0x0000006975600000,0x0000006975700000) (1024K)]


Current CompileTask:
C2:26247 2960       4       org.lombokweb.asm.ClassReader::readMethod (1070 bytes)

Stack: [0x0000006975600000,0x0000006975700000]
Native frames: (J=compiled Java code, j=interpreted, Vv=VM code, C=native code)
V  [jvm.dll+0x6cdee9]
V  [jvm.dll+0x8a83d1]
V  [jvm.dll+0x8aa8fe]
V  [jvm.dll+0x8aafe3]
V  [jvm.dll+0x27f706]
V  [jvm.dll+0xc500d]
V  [jvm.dll+0xc5543]
V  [jvm.dll+0xc5135]
V  [jvm.dll+0x6a94b7]
V  [jvm.dll+0x6a7e68]
V  [jvm.dll+0x66b60b]
V  [jvm.dll+0x6646ce]
V  [jvm.dll+0x394039]
V  [jvm.dll+0x6de2cb]
V  [jvm.dll+0x6dda9e]
V  [jvm.dll+0x1ca62c]
V  [jvm.dll+0x1cb1ac]
V  [jvm.dll+0x1cb1ac]
V  [jvm.dll+0x2f1cdc]
V  [jvm.dll+0x6e8512]
V  [jvm.dll+0x6e0503]
V  [jvm.dll+0x6dfc1e]
V  [jvm.dll+0x6ddd0c]
V  [jvm.dll+0x1ca62c]
V  [jvm.dll+0x1cb1ac]
V  [jvm.dll+0x1cb1ac]
V  [jvm.dll+0x2f1cdc]
V  [jvm.dll+0x6e8512]
V  [jvm.dll+0x6e0503]
V  [jvm.dll+0x6dfc1e]
V  [jvm.dll+0x6ddd0c]
V  [jvm.dll+0x1ca62c]
V  [jvm.dll+0x246b3e]
V  [jvm.dll+0x1c75ee]
V  [jvm.dll+0x25685a]
V  [jvm.dll+0x254dfa]
V  [jvm.dll+0x3f0256]
V  [jvm.dll+0x851f8b]
V  [jvm.dll+0x6cc5ed]
C  [ucrtbase.dll+0x37b0]
C  [KERNEL32.DLL+0x2e8d7]
C  [ntdll.dll+0xbbf6c]


---------------  P R O C E S S  ---------------

Threads class SMR info:
_java_thread_list=0x000001b75f9d5850, length=20, elements={
0x000001b7072ce980, 0x000001b70961bcf0, 0x000001b71d890700, 0x000001b71d892c20,
0x000001b71d893870, 0x000001b71d897960, 0x000001b71d8a05e0, 0x000001b71d8a1410,
0x000001b71d907f90, 0x000001b7095cca00, 0x000001b75f8763d0, 0x000001b764607390,
0x000001b76433f190, 0x000001b7640e7bd0, 0x000001b764268c40, 0x000001b764ae9940,
0x000001b7641aecd0, 0x000001b7647fdc00, 0x000001b75f94f690, 0x000001b75f949880
}

Java Threads: ( => current thread )
  0x000001b7072ce980 JavaThread "main"                              [_thread_blocked, id=3152, stack(0x0000006974c00000,0x0000006974d00000) (1024K)]
  0x000001b70961bcf0 JavaThread "Reference Handler"          daemon [_thread_blocked, id=11288, stack(0x0000006975000000,0x0000006975100000) (1024K)]
  0x000001b71d890700 JavaThread "Finalizer"                  daemon [_thread_blocked, id=10820, stack(0x0000006975100000,0x0000006975200000) (1024K)]
  0x000001b71d892c20 JavaThread "Signal Dispatcher"          daemon [_thread_blocked, id=15592, stack(0x0000006975200000,0x0000006975300000) (1024K)]
  0x000001b71d893870 JavaThread "Attach Listener"            daemon [_thread_blocked, id=16620, stack(0x0000006975300000,0x0000006975400000) (1024K)]
  0x000001b71d897960 JavaThread "Service Thread"             daemon [_thread_blocked, id=3144, stack(0x0000006975400000,0x0000006975500000) (1024K)]
  0x000001b71d8a05e0 JavaThread "Monitor Deflation Thread"   daemon [_thread_blocked, id=4536, stack(0x0000006975500000,0x0000006975600000) (1024K)]
=>0x000001b71d8a1410 JavaThread "C2 CompilerThread0"         daemon [_thread_in_native, id=15620, stack(0x0000006975600000,0x0000006975700000) (1024K)]
  0x000001b71d907f90 JavaThread "C1 CompilerThread0"         daemon [_thread_in_native, id=9856, stack(0x0000006975700000,0x0000006975800000) (1024K)]
  0x000001b7095cca00 JavaThread "Common-Cleaner"             daemon [_thread_blocked, id=15468, stack(0x0000006975800000,0x0000006975900000) (1024K)]
  0x000001b75f8763d0 JavaThread "Notification Thread"        daemon [_thread_blocked, id=16848, stack(0x0000006975a00000,0x0000006975b00000) (1024K)]
  0x000001b764607390 JavaThread "Active Thread: Equinox Container: 85b98083-5242-446e-88a1-3c6ef04aedb6"        [_thread_blocked, id=10224, stack(0x0000006975e00000,0x0000006975f00000) (1024K)]
  0x000001b76433f190 JavaThread "Framework Event Dispatcher: Equinox Container: 85b98083-5242-446e-88a1-3c6ef04aedb6" daemon [_thread_blocked, id=11284, stack(0x0000006975f00000,0x0000006976000000) (1024K)]
  0x000001b7640e7bd0 JavaThread "Start Level: Equinox Container: 85b98083-5242-446e-88a1-3c6ef04aedb6" daemon [_thread_in_Java, id=14964, stack(0x0000006976000000,0x0000006976100000) (1024K)]
  0x000001b764268c40 JavaThread "SCR Component Actor"        daemon [_thread_blocked, id=17400, stack(0x0000006976100000,0x0000006976200000) (1024K)]
  0x000001b764ae9940 JavaThread "Worker-JM"                         [_thread_blocked, id=14360, stack(0x0000006976400000,0x0000006976500000) (1024K)]
  0x000001b7641aecd0 JavaThread "JNA Cleaner"                daemon [_thread_blocked, id=16432, stack(0x0000006976300000,0x0000006976400000) (1024K)]
  0x000001b7647fdc00 JavaThread "Worker-0"                          [_thread_blocked, id=8064, stack(0x0000006976200000,0x0000006976300000) (1024K)]
  0x000001b75f94f690 JavaThread "Worker-1"                          [_thread_blocked, id=16424, stack(0x0000006976500000,0x0000006976600000) (1024K)]
  0x000001b75f949880 JavaThread "SCR Component Registry"     daemon [_thread_blocked, id=6740, stack(0x0000006976600000,0x0000006976700000) (1024K)]
Total: 20

Other Threads:
  0x000001b71d88f8c0 VMThread "VM Thread"                           [id=5004, stack(0x0000006974f00000,0x0000006975000000) (1024K)]
  0x000001b71d82ca00 WatcherThread "VM Periodic Task Thread"        [id=11820, stack(0x0000006974e00000,0x0000006974f00000) (1024K)]
  0x000001b70957d7f0 WorkerThread "GC Thread#0"                     [id=13128, stack(0x0000006974d00000,0x0000006974e00000) (1024K)]
  0x000001b75f8b8d10 WorkerThread "GC Thread#1"                     [id=16852, stack(0x0000006975b00000,0x0000006975c00000) (1024K)]
  0x000001b75f8b90b0 WorkerThread "GC Thread#2"                     [id=17116, stack(0x0000006975c00000,0x0000006975d00000) (1024K)]
  0x000001b75f8b9450 WorkerThread "GC Thread#3"                     [id=17252, stack(0x0000006975d00000,0x0000006975e00000) (1024K)]
Total: 6

Threads with active compile tasks:
C2 CompilerThread0  26367 2960       4       org.lombokweb.asm.ClassReader::readMethod (1070 bytes)
C1 CompilerThread0  26367 2965   !   3       java.nio.charset.CharsetDecoder::decode (275 bytes)
Total: 2

VM state: not at safepoint (normal execution)

VM Mutex/Monitor currently owned by a thread: None

OutOfMemory and StackOverflow Exception counts:
StackOverflowErrors=1
LinkageErrors=57

Heap address: 0x00000000c0000000, size: 1024 MB, Compressed Oops mode: 32-bit

CDS archive(s) mapped at: [0x000001b71e000000-0x000001b71eba0000-0x000001b71eba0000), size 12189696, SharedBaseAddress: 0x000001b71e000000, ArchiveRelocationMode: 1.
Compressed class space mapped at: 0x000001b71f000000-0x000001b75f000000, reserved size: 1073741824
Narrow klass base: 0x000001b71e000000, Narrow klass shift: 0, Narrow klass range: 0x100000000

GC Precious Log:
 CardTable entry size: 512
 CPUs: 4 total, 4 available
 Memory: 6086M
 Large Page Support: Disabled
 NUMA Support: Disabled
 Compressed Oops: Enabled (32-bit)
 Alignments: Space 512K, Generation 512K, Heap 2M
 Heap Min Capacity: 100M
 Heap Initial Capacity: 100M
 Heap Max Capacity: 1G
 Pre-touch: Disabled
 Parallel Workers: 4

Heap:
 PSYoungGen      total 29184K, used 9617K [0x00000000eab00000, 0x00000000ecd80000, 0x0000000100000000)
  eden space 25088K, 22% used [0x00000000eab00000,0x00000000eb069300,0x00000000ec380000)
  from space 4096K, 99% used [0x00000000ec400000,0x00000000ec7fb428,0x00000000ec800000)
  to   space 5120K, 0% used [0x00000000ec880000,0x00000000ec880000,0x00000000ecd80000)
 ParOldGen       total 68608K, used 5868K [0x00000000c0000000, 0x00000000c4300000, 0x00000000eab00000)
  object space 68608K, 8% used [0x00000000c0000000,0x00000000c05bb320,0x00000000c4300000)
 Metaspace       used 20233K, committed 20864K, reserved 1114112K
  class space    used 1899K, committed 2176K, reserved 1048576K

Card table byte_map: [0x000001b708f00000,0x000001b709110000] _byte_map_base: 0x000001b708900000

Marking Bits: (ParMarkBitMap*) 0x00007fff5d563260
 Begin Bits: [0x000001b71b750000, 0x000001b71c750000)
 End Bits:   [0x000001b71c750000, 0x000001b71d750000)

Polling page: 0x000001b707270000

Metaspace:

Usage:
  Non-class:     17.90 MB used.
      Class:      1.85 MB used.
       Both:     19.76 MB used.

Virtual space:
  Non-class space:       64.00 MB reserved,      18.25 MB ( 29%) committed,  1 nodes.
      Class space:        1.00 GB reserved,       2.12 MB ( <1%) committed,  1 nodes.
             Both:        1.06 GB reserved,      20.38 MB (  2%) committed. 

Chunk freelists:
   Non-Class:  13.41 MB
       Class:  13.91 MB
        Both:  27.32 MB

MaxMetaspaceSize: unlimited
CompressedClassSpaceSize: 1.00 GB
Initial GC threshold: 21.00 MB
Current GC threshold: 21.00 MB
CDS: on
 - commit_granule_bytes: 65536.
 - commit_granule_words: 8192.
 - virtual_space_node_default_size: 8388608.
 - enlarge_chunks_in_place: 1.
 - use_allocation_guard: 0.


Internal statistics:

num_allocs_failed_limit: 0.
num_arena_births: 500.
num_arena_deaths: 0.
num_vsnodes_births: 2.
num_vsnodes_deaths: 0.
num_space_committed: 326.
num_space_uncommitted: 0.
num_chunks_returned_to_freelist: 0.
num_chunks_taken_from_freelist: 1250.
num_chunk_merges: 0.
num_chunk_splits: 821.
num_chunks_enlarged: 516.
num_inconsistent_stats: 0.

CodeHeap 'non-profiled nmethods': size=120000Kb used=1220Kb max_used=1220Kb free=118779Kb
 bounds [0x000001b714220000, 0x000001b714490000, 0x000001b71b750000]
CodeHeap 'profiled nmethods': size=120000Kb used=5962Kb max_used=5962Kb free=114037Kb
 bounds [0x000001b70c750000, 0x000001b70cd30000, 0x000001b713c80000]
CodeHeap 'non-nmethods': size=5760Kb used=1303Kb max_used=1313Kb free=4456Kb
 bounds [0x000001b713c80000, 0x000001b713ef0000, 0x000001b714220000]
 total_blobs=3546 nmethods=2961 adapters=491
 compilation: enabled
              stopped_count=0, restarted_count=0
 full_count=0

Compilation events (20 events):
Event: 25.401 Thread 0x000001b71d907f90 nmethod 2950 0x000001b70cd16b10 code [0x000001b70cd16cc0, 0x000001b70cd16e60]
Event: 25.524 Thread 0x000001b71d907f90 2951 %     3       org.lombokweb.asm.ClassReader::<init> @ 95 (359 bytes)
Event: 25.528 Thread 0x000001b71d907f90 nmethod 2951% 0x000001b70cd16f10 code [0x000001b70cd17220, 0x000001b70cd185e8]
Event: 25.532 Thread 0x000001b71d907f90 2952       3       org.lombokweb.asm.ClassReader::<init> (359 bytes)
Event: 25.534 Thread 0x000001b71d907f90 nmethod 2952 0x000001b70cd18c10 code [0x000001b70cd18f00, 0x000001b70cd1a0f0]
Event: 25.539 Thread 0x000001b71d907f90 2953       3       org.lombokweb.asm.ClassReader::readLong (29 bytes)
Event: 25.540 Thread 0x000001b71d907f90 nmethod 2953 0x000001b70cd1a690 code [0x000001b70cd1a840, 0x000001b70cd1aa08]
Event: 25.857 Thread 0x000001b71d907f90 2954       3       java.lang.invoke.MethodHandles$Lookup::findBoundCallerLookup (30 bytes)
Event: 25.858 Thread 0x000001b71d907f90 nmethod 2954 0x000001b70cd1ab10 code [0x000001b70cd1ad20, 0x000001b70cd1b358]
Event: 25.869 Thread 0x000001b71d907f90 2955       3       java.lang.invoke.MethodHandles$Lookup::getDirectMethodCommon (300 bytes)
Event: 25.871 Thread 0x000001b71d907f90 nmethod 2955 0x000001b70cd1b590 code [0x000001b70cd1b900, 0x000001b70cd1ca10]
Event: 25.919 Thread 0x000001b71d907f90 2956 %     3       org.lombokweb.asm.SymbolTable::<init> @ 98 (536 bytes)
Event: 25.920 Thread 0x000001b71d8a1410 2958       4       org.lombokweb.asm.ByteVector::putByteArray (49 bytes)
Event: 25.922 Thread 0x000001b71d8a1410 nmethod 2958 0x000001b714350390 code [0x000001b714350520, 0x000001b7143506b0]
Event: 25.922 Thread 0x000001b71d8a1410 2959       4       org.lombokweb.asm.MethodWriter::visitLabel (332 bytes)
Event: 25.923 Thread 0x000001b71d907f90 nmethod 2956% 0x000001b70cd1d010 code [0x000001b70cd1d600, 0x000001b70cd20180]
Event: 25.923 Thread 0x000001b71d907f90 2957       3       lombok.patcher.scripts.AddFieldScript$1::visitField (35 bytes)
Event: 25.923 Thread 0x000001b71d907f90 nmethod 2957 0x000001b70cd21310 code [0x000001b70cd214e0, 0x000001b70cd21750]
Event: 25.930 Thread 0x000001b71d8a1410 nmethod 2959 0x000001b714350810 code [0x000001b7143509c0, 0x000001b714350e20]
Event: 25.930 Thread 0x000001b71d8a1410 2960       4       org.lombokweb.asm.ClassReader::readMethod (1070 bytes)

GC Heap History (10 events):
Event: 13.782 GC heap before
{Heap before GC invocations=1 (full 0):
 PSYoungGen      total 29696K, used 25600K [0x00000000eab00000, 0x00000000ecc00000, 0x0000000100000000)
  eden space 25600K, 100% used [0x00000000eab00000,0x00000000ec400000,0x00000000ec400000)
  from space 4096K, 0% used [0x00000000ec800000,0x00000000ec800000,0x00000000ecc00000)
  to   space 4096K, 0% used [0x00000000ec400000,0x00000000ec400000,0x00000000ec800000)
 ParOldGen       total 68608K, used 0K [0x00000000c0000000, 0x00000000c4300000, 0x00000000eab00000)
  object space 68608K, 0% used [0x00000000c0000000,0x00000000c0000000,0x00000000c4300000)
 Metaspace       used 4364K, committed 4544K, reserved 1114112K
  class space    used 439K, committed 512K, reserved 1048576K
}
Event: 13.805 GC heap after
{Heap after GC invocations=1 (full 0):
 PSYoungGen      total 29696K, used 3173K [0x00000000eab00000, 0x00000000ecc00000, 0x0000000100000000)
  eden space 25600K, 0% used [0x00000000eab00000,0x00000000eab00000,0x00000000ec400000)
  from space 4096K, 77% used [0x00000000ec400000,0x00000000ec7197f0,0x00000000ec800000)
  to   space 4096K, 0% used [0x00000000ec800000,0x00000000ec800000,0x00000000ecc00000)
 ParOldGen       total 68608K, used 8K [0x00000000c0000000, 0x00000000c4300000, 0x00000000eab00000)
  object space 68608K, 0% used [0x00000000c0000000,0x00000000c0002000,0x00000000c4300000)
 Metaspace       used 4364K, committed 4544K, reserved 1114112K
  class space    used 439K, committed 512K, reserved 1048576K
}
Event: 15.998 GC heap before
{Heap before GC invocations=2 (full 0):
 PSYoungGen      total 29696K, used 28773K [0x00000000eab00000, 0x00000000ecc00000, 0x0000000100000000)
  eden space 25600K, 100% used [0x00000000eab00000,0x00000000ec400000,0x00000000ec400000)
  from space 4096K, 77% used [0x00000000ec400000,0x00000000ec7197f0,0x00000000ec800000)
  to   space 4096K, 0% used [0x00000000ec800000,0x00000000ec800000,0x00000000ecc00000)
 ParOldGen       total 68608K, used 8K [0x00000000c0000000, 0x00000000c4300000, 0x00000000eab00000)
  object space 68608K, 0% used [0x00000000c0000000,0x00000000c0002000,0x00000000c4300000)
 Metaspace       used 8177K, committed 8512K, reserved 1114112K
  class space    used 806K, committed 960K, reserved 1048576K
}
Event: 16.008 GC heap after
{Heap after GC invocations=2 (full 0):
 PSYoungGen      total 29696K, used 4075K [0x00000000eab00000, 0x00000000ecc00000, 0x0000000100000000)
  eden space 25600K, 0% used [0x00000000eab00000,0x00000000eab00000,0x00000000ec400000)
  from space 4096K, 99% used [0x00000000ec800000,0x00000000ecbfafc0,0x00000000ecc00000)
  to   space 4096K, 0% used [0x00000000ec400000,0x00000000ec400000,0x00000000ec800000)
 ParOldGen       total 68608K, used 840K [0x00000000c0000000, 0x00000000c4300000, 0x00000000eab00000)
  object space 68608K, 1% used [0x00000000c0000000,0x00000000c00d2020,0x00000000c4300000)
 Metaspace       used 8177K, committed 8512K, reserved 1114112K
  class space    used 806K, committed 960K, reserved 1048576K
}
Event: 18.950 GC heap before
{Heap before GC invocations=3 (full 0):
 PSYoungGen      total 29696K, used 29675K [0x00000000eab00000, 0x00000000ecc00000, 0x0000000100000000)
  eden space 25600K, 100% used [0x00000000eab00000,0x00000000ec400000,0x00000000ec400000)
  from space 4096K, 99% used [0x00000000ec800000,0x00000000ecbfafc0,0x00000000ecc00000)
  to   space 4096K, 0% used [0x00000000ec400000,0x00000000ec400000,0x00000000ec800000)
 ParOldGen       total 68608K, used 840K [0x00000000c0000000, 0x00000000c4300000, 0x00000000eab00000)
  object space 68608K, 1% used [0x00000000c0000000,0x00000000c00d2020,0x00000000c4300000)
 Metaspace       used 12088K, committed 12608K, reserved 1114112K
  class space    used 1194K, committed 1408K, reserved 1048576K
}
Event: 18.960 GC heap after
{Heap after GC invocations=3 (full 0):
 PSYoungGen      total 29696K, used 4070K [0x00000000eab00000, 0x00000000ecc00000, 0x0000000100000000)
  eden space 25600K, 0% used [0x00000000eab00000,0x00000000eab00000,0x00000000ec400000)
  from space 4096K, 99% used [0x00000000ec400000,0x00000000ec7f9a20,0x00000000ec800000)
  to   space 4096K, 0% used [0x00000000ec800000,0x00000000ec800000,0x00000000ecc00000)
 ParOldGen       total 68608K, used 4123K [0x00000000c0000000, 0x00000000c4300000, 0x00000000eab00000)
  object space 68608K, 6% used [0x00000000c0000000,0x00000000c0406ff8,0x00000000c4300000)
 Metaspace       used 12088K, committed 12608K, reserved 1114112K
  class space    used 1194K, committed 1408K, reserved 1048576K
}
Event: 23.573 GC heap before
{Heap before GC invocations=4 (full 0):
 PSYoungGen      total 29696K, used 29670K [0x00000000eab00000, 0x00000000ecc00000, 0x0000000100000000)
  eden space 25600K, 100% used [0x00000000eab00000,0x00000000ec400000,0x00000000ec400000)
  from space 4096K, 99% used [0x00000000ec400000,0x00000000ec7f9a20,0x00000000ec800000)
  to   space 4096K, 0% used [0x00000000ec800000,0x00000000ec800000,0x00000000ecc00000)
 ParOldGen       total 68608K, used 4123K [0x00000000c0000000, 0x00000000c4300000, 0x00000000eab00000)
  object space 68608K, 6% used [0x00000000c0000000,0x00000000c0406ff8,0x00000000c4300000)
 Metaspace       used 16235K, committed 16960K, reserved 1114112K
  class space    used 1627K, committed 1920K, reserved 1048576K
}
Event: 23.584 GC heap after
{Heap after GC invocations=4 (full 0):
 PSYoungGen      total 29696K, used 4066K [0x00000000eab00000, 0x00000000ecc00000, 0x0000000100000000)
  eden space 25600K, 0% used [0x00000000eab00000,0x00000000eab00000,0x00000000ec400000)
  from space 4096K, 99% used [0x00000000ec800000,0x00000000ecbf8948,0x00000000ecc00000)
  to   space 4096K, 0% used [0x00000000ec400000,0x00000000ec400000,0x00000000ec800000)
 ParOldGen       total 68608K, used 5719K [0x00000000c0000000, 0x00000000c4300000, 0x00000000eab00000)
  object space 68608K, 8% used [0x00000000c0000000,0x00000000c0595e08,0x00000000c4300000)
 Metaspace       used 16235K, committed 16960K, reserved 1114112K
  class space    used 1627K, committed 1920K, reserved 1048576K
}
Event: 25.483 GC heap before
{Heap before GC invocations=5 (full 0):
 PSYoungGen      total 29696K, used 29666K [0x00000000eab00000, 0x00000000ecc00000, 0x0000000100000000)
  eden space 25600K, 100% used [0x00000000eab00000,0x00000000ec400000,0x00000000ec400000)
  from space 4096K, 99% used [0x00000000ec800000,0x00000000ecbf8948,0x00000000ecc00000)
  to   space 4096K, 0% used [0x00000000ec400000,0x00000000ec400000,0x00000000ec800000)
 ParOldGen       total 68608K, used 5719K [0x00000000c0000000, 0x00000000c4300000, 0x00000000eab00000)
  object space 68608K, 8% used [0x00000000c0000000,0x00000000c0595e08,0x00000000c4300000)
 Metaspace       used 19452K, committed 20160K, reserved 1114112K
  class space    used 1834K, committed 2112K, reserved 1048576K
}
Event: 25.500 GC heap after
{Heap after GC invocations=5 (full 0):
 PSYoungGen      total 29184K, used 4077K [0x00000000eab00000, 0x00000000ecd80000, 0x0000000100000000)
  eden space 25088K, 0% used [0x00000000eab00000,0x00000000eab00000,0x00000000ec380000)
  from space 4096K, 99% used [0x00000000ec400000,0x00000000ec7fb428,0x00000000ec800000)
  to   space 5120K, 0% used [0x00000000ec880000,0x00000000ec880000,0x00000000ecd80000)
 ParOldGen       total 68608K, used 5868K [0x00000000c0000000, 0x00000000c4300000, 0x00000000eab00000)
  object space 68608K, 8% used [0x00000000c0000000,0x00000000c05bb320,0x00000000c4300000)
 Metaspace       used 19452K, committed 20160K, reserved 1114112K
  class space    used 1834K, committed 2112K, reserved 1048576K
}

Dll operation events (10 events):
Event: 0.041 Loaded shared library c:\Users\palak\.vscode\extensions\redhat.java-1.41.0-win32-x64\jre\21.0.6-win32-x86_64\bin\java.dll
Event: 0.549 Loaded shared library c:\Users\palak\.vscode\extensions\redhat.java-1.41.0-win32-x64\jre\21.0.6-win32-x86_64\bin\zip.dll
Event: 0.791 Loaded shared library C:\Users\palak\.vscode\extensions\redhat.java-1.41.0-win32-x64\jre\21.0.6-win32-x86_64\bin\instrument.dll
Event: 0.816 Loaded shared library C:\Users\palak\.vscode\extensions\redhat.java-1.41.0-win32-x64\jre\21.0.6-win32-x86_64\bin\net.dll
Event: 0.822 Loaded shared library C:\Users\palak\.vscode\extensions\redhat.java-1.41.0-win32-x64\jre\21.0.6-win32-x86_64\bin\nio.dll
Event: 0.858 Loaded shared library C:\Users\palak\.vscode\extensions\redhat.java-1.41.0-win32-x64\jre\21.0.6-win32-x86_64\bin\zip.dll
Event: 2.199 Loaded shared library C:\Users\palak\.vscode\extensions\redhat.java-1.41.0-win32-x64\jre\21.0.6-win32-x86_64\bin\jimage.dll
Event: 5.210 Loaded shared library c:\Users\palak\.vscode\extensions\redhat.java-1.41.0-win32-x64\jre\21.0.6-win32-x86_64\bin\verify.dll
Event: 15.783 Loaded shared library C:\Users\palak\AppData\Roaming\Code\User\globalStorage\redhat.java\1.41.0\config_ss_win\org.eclipse.equinox.launcher\org.eclipse.equinox.launcher.win32.win32.x86_64_1.2.1300.v20250325-0811\eclipse_11911.dll
Event: 23.030 Loaded shared library C:\Users\palak\AppData\Local\Temp\jna-106430981\jna2048041576809250219.dll

Deoptimization events (20 events):
Event: 23.657 Thread 0x000001b7640e7bd0 Uncommon trap: trap_request=0xffffff45 fr.pc=0x000001b71432dff0 relative=0x0000000000001010
Event: 23.657 Thread 0x000001b7640e7bd0 Uncommon trap: reason=unstable_if action=reinterpret pc=0x000001b71432dff0 method=jdk.internal.org.objectweb.asm.Frame.execute(IILjdk/internal/org/objectweb/asm/Symbol;Ljdk/internal/org/objectweb/asm/SymbolTable;)V @ 1 c2
Event: 23.657 Thread 0x000001b7640e7bd0 DEOPT PACKING pc=0x000001b71432dff0 sp=0x00000069760f8150
Event: 23.657 Thread 0x000001b7640e7bd0 DEOPT UNPACKING pc=0x000001b713cd3aa2 sp=0x00000069760f80d8 mode 2
Event: 23.699 Thread 0x000001b7640e7bd0 Uncommon trap: trap_request=0xffffffde fr.pc=0x000001b714324314 relative=0x00000000000003b4
Event: 23.699 Thread 0x000001b7640e7bd0 Uncommon trap: reason=class_check action=maybe_recompile pc=0x000001b714324314 method=java.util.regex.Pattern$BmpCharPropertyGreedy.match(Ljava/util/regex/Matcher;ILjava/lang/CharSequence;)Z @ 70 c2
Event: 23.699 Thread 0x000001b7640e7bd0 DEOPT PACKING pc=0x000001b714324314 sp=0x00000069760ef770
Event: 23.699 Thread 0x000001b7640e7bd0 DEOPT UNPACKING pc=0x000001b713cd3aa2 sp=0x00000069760ef718 mode 2
Event: 23.699 Thread 0x000001b7640e7bd0 Uncommon trap: trap_request=0xffffffde fr.pc=0x000001b714324314 relative=0x00000000000003b4
Event: 23.699 Thread 0x000001b7640e7bd0 Uncommon trap: reason=class_check action=maybe_recompile pc=0x000001b714324314 method=java.util.regex.Pattern$BmpCharPropertyGreedy.match(Ljava/util/regex/Matcher;ILjava/lang/CharSequence;)Z @ 70 c2
Event: 23.699 Thread 0x000001b7640e7bd0 DEOPT PACKING pc=0x000001b714324314 sp=0x00000069760ef5f0
Event: 23.699 Thread 0x000001b7640e7bd0 DEOPT UNPACKING pc=0x000001b713cd3aa2 sp=0x00000069760ef598 mode 2
Event: 23.699 Thread 0x000001b7640e7bd0 Uncommon trap: trap_request=0xffffffde fr.pc=0x000001b714324314 relative=0x00000000000003b4
Event: 23.699 Thread 0x000001b7640e7bd0 Uncommon trap: reason=class_check action=maybe_recompile pc=0x000001b714324314 method=java.util.regex.Pattern$BmpCharPropertyGreedy.match(Ljava/util/regex/Matcher;ILjava/lang/CharSequence;)Z @ 70 c2
Event: 23.699 Thread 0x000001b7640e7bd0 DEOPT PACKING pc=0x000001b714324314 sp=0x00000069760ef780
Event: 23.699 Thread 0x000001b7640e7bd0 DEOPT UNPACKING pc=0x000001b713cd3aa2 sp=0x00000069760ef728 mode 2
Event: 23.699 Thread 0x000001b7640e7bd0 Uncommon trap: trap_request=0xffffffde fr.pc=0x000001b714324314 relative=0x00000000000003b4
Event: 23.699 Thread 0x000001b7640e7bd0 Uncommon trap: reason=class_check action=maybe_recompile pc=0x000001b714324314 method=java.util.regex.Pattern$BmpCharPropertyGreedy.match(Ljava/util/regex/Matcher;ILjava/lang/CharSequence;)Z @ 70 c2
Event: 23.699 Thread 0x000001b7640e7bd0 DEOPT PACKING pc=0x000001b714324314 sp=0x00000069760ef600
Event: 23.699 Thread 0x000001b7640e7bd0 DEOPT UNPACKING pc=0x000001b713cd3aa2 sp=0x00000069760ef5a8 mode 2

Classes loaded (20 events):
Event: 23.810 Loading class java/util/zip/GZIPOutputStream
Event: 23.811 Loading class java/util/zip/GZIPOutputStream done
Event: 23.815 Loading class java/util/zip/GZIPInputStream
Event: 23.816 Loading class java/util/zip/GZIPInputStream done
Event: 23.825 Loading class java/net/SocketTimeoutException
Event: 23.825 Loading class java/io/InterruptedIOException
Event: 23.825 Loading class java/io/InterruptedIOException done
Event: 23.825 Loading class java/net/SocketTimeoutException done
Event: 23.825 Loading class java/net/SocketException
Event: 23.826 Loading class java/net/SocketException done
Event: 23.826 Loading class java/net/UnknownHostException
Event: 23.826 Loading class java/net/UnknownHostException done
Event: 23.826 Loading class java/net/ProtocolException
Event: 23.826 Loading class java/net/ProtocolException done
Event: 23.883 Loading class java/lang/ThreadLocal$SuppliedThreadLocal
Event: 23.884 Loading class java/lang/ThreadLocal$SuppliedThreadLocal done
Event: 23.906 Loading class java/io/FileWriter
Event: 23.906 Loading class java/io/FileWriter done
Event: 23.907 Loading class java/lang/NegativeArraySizeException
Event: 23.907 Loading class java/lang/NegativeArraySizeException done

Classes unloaded (0 events):
No events

Classes redefined (0 events):
No events

Internal exceptions (20 events):
Event: 21.696 Thread 0x000001b7640e7bd0 Exception <a 'java/lang/NoSuchMethodError'{0x00000000eb94d140}: 'java.lang.Object java.lang.invoke.DirectMethodHandle$Holder.invokeStaticInit(java.lang.Object, int)'> (0x00000000eb94d140) 
thrown [s\src\hotspot\share\interpreter\linkResolver.cpp, line 773]
Event: 22.485 Thread 0x000001b7640e7bd0 Exception <a 'java/lang/NoSuchMethodError'{0x00000000ebbe8d50}: 'java.lang.Object java.lang.invoke.DirectMethodHandle$Holder.invokeStaticInit(java.lang.Object, int, int, int, int)'> (0x00000000ebbe8d50) 
thrown [s\src\hotspot\share\interpreter\linkResolver.cpp, line 773]
Event: 22.899 Thread 0x000001b7640e7bd0 Exception <a 'java/lang/NoSuchMethodError'{0x00000000ebd19a00}: 'java.lang.Object java.lang.invoke.DirectMethodHandle$Holder.invokeStaticInit(java.lang.Object, java.lang.Object, int, int, int, int)'> (0x00000000ebd19a00) 
thrown [s\src\hotspot\share\interpreter\linkResolver.cpp, line 773]
Event: 23.119 Thread 0x000001b7640e7bd0 Exception <a 'java/lang/NoSuchMethodError'{0x00000000ebe1cf58}: 'void java.lang.invoke.DirectMethodHandle$Holder.invokeSpecial(java.lang.Object, java.lang.Object, java.lang.Object, int)'> (0x00000000ebe1cf58) 
thrown [s\src\hotspot\share\interpreter\linkResolver.cpp, line 773]
Event: 23.120 Thread 0x000001b7640e7bd0 Exception <a 'java/lang/NoSuchMethodError'{0x00000000ebe208e8}: 'void java.lang.invoke.DelegatingMethodHandle$Holder.reinvoke_L(java.lang.Object, java.lang.Object, int)'> (0x00000000ebe208e8) 
thrown [s\src\hotspot\share\interpreter\linkResolver.cpp, line 773]
Event: 23.122 Thread 0x000001b7640e7bd0 Exception <a 'java/lang/NoSuchMethodError'{0x00000000ebe27a30}: 'int java.lang.invoke.Invokers$Holder.invokeExact_MT(java.lang.Object, java.lang.Object, java.lang.Object)'> (0x00000000ebe27a30) 
thrown [s\src\hotspot\share\interpreter\linkResolver.cpp, line 773]
Event: 23.208 Thread 0x000001b7640e7bd0 Exception <a 'java/lang/NoSuchMethodError'{0x00000000ebf2fc98}: 'void java.lang.invoke.Invokers$Holder.invokeExact_MT(java.lang.Object, java.lang.Object, int, java.lang.Object)'> (0x00000000ebf2fc98) 
thrown [s\src\hotspot\share\interpreter\linkResolver.cpp, line 773]
Event: 23.276 Thread 0x000001b7640e7bd0 Exception <a 'java/lang/NoSuchMethodError'{0x00000000ec017398}: 'java.lang.Object java.lang.invoke.DirectMethodHandle$Holder.invokeSpecial(java.lang.Object, java.lang.Object, java.lang.Object, long, java.lang.Object)'> (0x00000000ec017398) 
thrown [s\src\hotspot\share\interpreter\linkResolver.cpp, line 773]
Event: 23.284 Thread 0x000001b7640e7bd0 Exception <a 'java/lang/NoSuchMethodError'{0x00000000ec01eb28}: 'java.lang.Object java.lang.invoke.DirectMethodHandle$Holder.newInvokeSpecial(java.lang.Object, java.lang.Object, java.lang.Object, long)'> (0x00000000ec01eb28) 
thrown [s\src\hotspot\share\interpreter\linkResolver.cpp, line 773]
Event: 23.290 Thread 0x000001b7640e7bd0 Exception <a 'java/lang/NoSuchMethodError'{0x00000000ec022988}: 'java.lang.Object java.lang.invoke.Invokers$Holder.linkToTargetMethod(java.lang.Object, java.lang.Object, long, java.lang.Object)'> (0x00000000ec022988) 
thrown [s\src\hotspot\share\interpreter\linkResolver.cpp, line 773]
Event: 23.328 Thread 0x000001b7640e7bd0 Exception <a 'java/lang/NoSuchMethodError'{0x00000000ec0b4240}: 'int java.lang.invoke.DirectMethodHandle$Holder.invokeStaticInit(java.lang.Object, java.lang.Object, java.lang.Object)'> (0x00000000ec0b4240) 
thrown [s\src\hotspot\share\interpreter\linkResolver.cpp, line 773]
Event: 23.389 Thread 0x000001b7640e7bd0 Exception <a 'java/lang/IncompatibleClassChangeError'{0x00000000ec13dad0}: Found class java.lang.Object, but interface was expected> (0x00000000ec13dad0) 
thrown [s\src\hotspot\share\interpreter\linkResolver.cpp, line 840]
Event: 23.417 Thread 0x000001b7640e7bd0 Exception <a 'java/lang/NoSuchMethodError'{0x00000000ec157820}: 'java.lang.Object java.lang.invoke.DirectMethodHandle$Holder.invokeSpecial(java.lang.Object, java.lang.Object, java.lang.Object, int, java.lang.Object, java.lang.Object)'> (0x00000000ec157820) 
thrown [s\src\hotspot\share\interpreter\linkResolver.cpp, line 773]
Event: 23.419 Thread 0x000001b7640e7bd0 Exception <a 'java/lang/NoSuchMethodError'{0x00000000ec15f318}: 'java.lang.Object java.lang.invoke.DirectMethodHandle$Holder.newInvokeSpecial(java.lang.Object, java.lang.Object, java.lang.Object, int, java.lang.Object)'> (0x00000000ec15f318) 
thrown [s\src\hotspot\share\interpreter\linkResolver.cpp, line 773]
Event: 23.420 Thread 0x000001b7640e7bd0 Exception <a 'java/lang/NoSuchMethodError'{0x00000000ec162e08}: 'java.lang.Object java.lang.invoke.Invokers$Holder.linkToTargetMethod(java.lang.Object, java.lang.Object, int, java.lang.Object, java.lang.Object)'> (0x00000000ec162e08) 
thrown [s\src\hotspot\share\interpreter\linkResolver.cpp, line 773]
Event: 23.422 Thread 0x000001b7647fdc00 Exception <a 'java/lang/NoSuchMethodError'{0x00000000ec08c228}: 'java.lang.Object java.lang.invoke.DirectMethodHandle$Holder.invokeSpecial(java.lang.Object, java.lang.Object, int, java.lang.Object, java.lang.Object)'> (0x00000000ec08c228) 
thrown [s\src\hotspot\share\interpreter\linkResolver.cpp, line 773]
Event: 23.423 Thread 0x000001b7647fdc00 Exception <a 'java/lang/NoSuchMethodError'{0x00000000ec092f60}: 'java.lang.Object java.lang.invoke.DirectMethodHandle$Holder.newInvokeSpecial(java.lang.Object, java.lang.Object, int, java.lang.Object)'> (0x00000000ec092f60) 
thrown [s\src\hotspot\share\interpreter\linkResolver.cpp, line 773]
Event: 23.523 Thread 0x000001b7640e7bd0 Exception <a 'java/lang/NoSuchMethodError'{0x00000000ec267f88}: 'void java.lang.invoke.DirectMethodHandle$Holder.invokeSpecial(java.lang.Object, java.lang.Object, java.lang.Object, java.lang.Object, java.lang.Object)'> (0x00000000ec267f88) 
thrown [s\src\hotspot\share\interpreter\linkResolver.cpp, line 773]
Event: 23.657 Thread 0x000001b7640e7bd0 Exception <a 'java/lang/NoSuchMethodError'{0x00000000eac52f20}: 'double java.lang.invoke.DirectMethodHandle$Holder.invokeStatic(java.lang.Object, java.lang.Object)'> (0x00000000eac52f20) 
thrown [s\src\hotspot\share\interpreter\linkResolver.cpp, line 773]
Event: 23.657 Thread 0x000001b7640e7bd0 Exception <a 'java/lang/NoSuchMethodError'{0x00000000eac565e0}: 'double java.lang.invoke.DirectMethodHandle$Holder.invokeStaticInit(java.lang.Object, java.lang.Object)'> (0x00000000eac565e0) 
thrown [s\src\hotspot\share\interpreter\linkResolver.cpp, line 773]

ZGC Phase Switch (0 events):
No events

VM Operations (20 events):
Event: 20.581 Executing VM operation: HandshakeAllThreads (Deoptimize)
Event: 20.582 Executing VM operation: HandshakeAllThreads (Deoptimize) done
Event: 20.616 Executing VM operation: HandshakeAllThreads (Deoptimize)
Event: 20.616 Executing VM operation: HandshakeAllThreads (Deoptimize) done
Event: 20.839 Executing VM operation: HandshakeAllThreads (Deoptimize)
Event: 20.839 Executing VM operation: HandshakeAllThreads (Deoptimize) done
Event: 21.736 Executing VM operation: HandshakeAllThreads (Deoptimize)
Event: 21.736 Executing VM operation: HandshakeAllThreads (Deoptimize) done
Event: 21.736 Executing VM operation: Cleanup
Event: 21.736 Executing VM operation: Cleanup done
Event: 22.736 Executing VM operation: Cleanup
Event: 22.736 Executing VM operation: Cleanup done
Event: 22.807 Executing VM operation: HandshakeAllThreads (Deoptimize)
Event: 22.808 Executing VM operation: HandshakeAllThreads (Deoptimize) done
Event: 23.081 Executing VM operation: HandshakeAllThreads (Deoptimize)
Event: 23.082 Executing VM operation: HandshakeAllThreads (Deoptimize) done
Event: 23.573 Executing VM operation: ParallelGCFailedAllocation (Allocation Failure)
Event: 23.584 Executing VM operation: ParallelGCFailedAllocation (Allocation Failure) done
Event: 25.483 Executing VM operation: ParallelGCFailedAllocation (Allocation Failure)
Event: 25.500 Executing VM operation: ParallelGCFailedAllocation (Allocation Failure) done

Memory protections (0 events):
No events

Nmethod flushes (0 events):
No events

Events (20 events):
Event: 7.561 Thread 0x000001b7072ce980 Thread added: 0x000001b75f8763d0
Event: 10.789 Thread 0x000001b71d907f90 Thread added: 0x000001b7641264b0
Event: 10.985 Thread 0x000001b7641264b0 Thread exited: 0x000001b7641264b0
Event: 14.376 Thread 0x000001b71d907f90 Thread added: 0x000001b75f72d440
Event: 14.772 Thread 0x000001b75f72d440 Thread exited: 0x000001b75f72d440
Event: 15.061 Thread 0x000001b7072ce980 Thread added: 0x000001b764607390
Event: 15.737 Thread 0x000001b7072ce980 Thread added: 0x000001b76433f190
Event: 15.761 Thread 0x000001b7072ce980 Thread added: 0x000001b7640e7bd0
Event: 15.899 Thread 0x000001b7640e7bd0 Thread added: 0x000001b764268c40
Event: 16.543 Thread 0x000001b7640e7bd0 Thread added: 0x000001b7640a59b0
Event: 17.859 Thread 0x000001b71d907f90 Thread added: 0x000001b7647e2fc0
Event: 18.276 Thread 0x000001b7647e2fc0 Thread exited: 0x000001b7647e2fc0
Event: 18.865 Thread 0x000001b71d907f90 Thread added: 0x000001b764a35410
Event: 19.092 Thread 0x000001b7640e7bd0 Thread added: 0x000001b764ae9940
Event: 19.092 Thread 0x000001b764a35410 Thread exited: 0x000001b764a35410
Event: 23.159 Thread 0x000001b7640e7bd0 Thread added: 0x000001b7641aecd0
Event: 23.278 Thread 0x000001b7640a59b0 Thread exited: 0x000001b7640a59b0
Event: 23.305 Thread 0x000001b7640e7bd0 Thread added: 0x000001b7647fdc00
Event: 23.433 Thread 0x000001b7640e7bd0 Thread added: 0x000001b75f94f690
Event: 23.439 Thread 0x000001b7640e7bd0 Thread added: 0x000001b75f949880


Dynamic libraries:
0x00007ff760b60000 - 0x00007ff760b6e000 	c:\Users\palak\.vscode\extensions\redhat.java-1.41.0-win32-x64\jre\21.0.6-win32-x86_64\bin\java.exe
0x00007fffffd80000 - 0x00007ffffffe3000 	C:\WINDOWS\SYSTEM32\ntdll.dll
0x00007ffffe650000 - 0x00007ffffe717000 	C:\WINDOWS\System32\KERNEL32.DLL
0x00007ffffd7f0000 - 0x00007ffffdbb9000 	C:\WINDOWS\System32\KERNELBASE.dll
0x00007ffffd400000 - 0x00007ffffd54c000 	C:\WINDOWS\System32\ucrtbase.dll
0x00007fffecfd0000 - 0x00007fffecfe8000 	c:\Users\palak\.vscode\extensions\redhat.java-1.41.0-win32-x64\jre\21.0.6-win32-x86_64\bin\jli.dll
0x00007ffffed20000 - 0x00007ffffeeea000 	C:\WINDOWS\System32\USER32.dll
0x00007ffffd250000 - 0x00007ffffd277000 	C:\WINDOWS\System32\win32u.dll
0x00007ffffe570000 - 0x00007ffffe59a000 	C:\WINDOWS\System32\GDI32.dll
0x00007ffffd110000 - 0x00007ffffd241000 	C:\WINDOWS\System32\gdi32full.dll
0x00007ffffdbc0000 - 0x00007ffffdc63000 	C:\WINDOWS\System32\msvcp_win.dll
0x00007fffe2800000 - 0x00007fffe281e000 	c:\Users\palak\.vscode\extensions\redhat.java-1.41.0-win32-x64\jre\21.0.6-win32-x86_64\bin\VCRUNTIME140.dll
0x00007fffebac0000 - 0x00007fffebd50000 	C:\WINDOWS\WinSxS\amd64_microsoft.windows.common-controls_6595b64144ccf1df_6.0.26100.3323_none_3e088096e3344490\COMCTL32.dll
0x00007fffffbf0000 - 0x00007fffffc99000 	C:\WINDOWS\System32\msvcrt.dll
0x00007fffff060000 - 0x00007fffff08f000 	C:\WINDOWS\System32\IMM32.DLL
0x00007ffff8040000 - 0x00007ffff804c000 	c:\Users\palak\.vscode\extensions\redhat.java-1.41.0-win32-x64\jre\21.0.6-win32-x86_64\bin\vcruntime140_1.dll
0x00007fffd5800000 - 0x00007fffd588d000 	c:\Users\palak\.vscode\extensions\redhat.java-1.41.0-win32-x64\jre\21.0.6-win32-x86_64\bin\msvcp140.dll
0x00007fff5c8b0000 - 0x00007fff5d640000 	c:\Users\palak\.vscode\extensions\redhat.java-1.41.0-win32-x64\jre\21.0.6-win32-x86_64\bin\server\jvm.dll
0x00007ff800090000 - 0x00007ff800142000 	C:\WINDOWS\System32\ADVAPI32.dll
0x00007ffffe2f0000 - 0x00007ffffe396000 	C:\WINDOWS\System32\sechost.dll
0x00007ffffe450000 - 0x00007ffffe566000 	C:\WINDOWS\System32\RPCRT4.dll
0x00007ffffe220000 - 0x00007ffffe294000 	C:\WINDOWS\System32\WS2_32.dll
0x00007ffffcfa0000 - 0x00007ffffcfee000 	C:\WINDOWS\SYSTEM32\POWRPROF.dll
0x00007ffff68a0000 - 0x00007ffff68d6000 	C:\WINDOWS\SYSTEM32\WINMM.dll
0x00007ffff68e0000 - 0x00007ffff68eb000 	C:\WINDOWS\SYSTEM32\VERSION.dll
0x00007ffffcf80000 - 0x00007ffffcf94000 	C:\WINDOWS\SYSTEM32\UMPDC.dll
0x00007ffffbf30000 - 0x00007ffffbf4a000 	C:\WINDOWS\SYSTEM32\kernel.appcore.dll
0x00007ffff6c70000 - 0x00007ffff6c7a000 	c:\Users\palak\.vscode\extensions\redhat.java-1.41.0-win32-x64\jre\21.0.6-win32-x86_64\bin\jimage.dll
0x00007fffebf70000 - 0x00007fffec1b1000 	C:\WINDOWS\SYSTEM32\DBGHELP.DLL
0x00007fffff820000 - 0x00007fffffba2000 	C:\WINDOWS\System32\combase.dll
0x00007fffffca0000 - 0x00007fffffd76000 	C:\WINDOWS\System32\OLEAUT32.dll
0x00007fffdc9b0000 - 0x00007fffdc9e9000 	C:\WINDOWS\SYSTEM32\dbgcore.DLL
0x00007ffffd5e0000 - 0x00007ffffd679000 	C:\WINDOWS\System32\bcryptPrimitives.dll
0x00007fffeaf90000 - 0x00007fffeaf9f000 	c:\Users\palak\.vscode\extensions\redhat.java-1.41.0-win32-x64\jre\21.0.6-win32-x86_64\bin\instrument.dll
0x00007fffc82b0000 - 0x00007fffc82cf000 	c:\Users\palak\.vscode\extensions\redhat.java-1.41.0-win32-x64\jre\21.0.6-win32-x86_64\bin\java.dll
0x00007fffff0a0000 - 0x00007fffff7b5000 	C:\WINDOWS\System32\SHELL32.dll
0x00007ffffd680000 - 0x00007ffffd7e8000 	C:\WINDOWS\System32\wintypes.dll
0x00007ffffadf0000 - 0x00007ffffb635000 	C:\WINDOWS\SYSTEM32\windows.storage.dll
0x00007ffffeef0000 - 0x00007ffffefdb000 	C:\WINDOWS\System32\SHCORE.dll
0x00007ffffe1c0000 - 0x00007ffffe21d000 	C:\WINDOWS\System32\shlwapi.dll
0x00007ffffd020000 - 0x00007ffffd04f000 	C:\WINDOWS\SYSTEM32\profapi.dll
0x00007fffc8290000 - 0x00007fffc82a8000 	c:\Users\palak\.vscode\extensions\redhat.java-1.41.0-win32-x64\jre\21.0.6-win32-x86_64\bin\zip.dll
0x00007fffc9c20000 - 0x00007fffc9c30000 	C:\Users\palak\.vscode\extensions\redhat.java-1.41.0-win32-x64\jre\21.0.6-win32-x86_64\bin\net.dll
0x00007ffff2da0000 - 0x00007ffff2ebe000 	C:\WINDOWS\SYSTEM32\WINHTTP.dll
0x00007ffffc450000 - 0x00007ffffc4ba000 	C:\WINDOWS\system32\mswsock.dll
0x00007fffc64c0000 - 0x00007fffc64d6000 	C:\Users\palak\.vscode\extensions\redhat.java-1.41.0-win32-x64\jre\21.0.6-win32-x86_64\bin\nio.dll
0x00007fffc8280000 - 0x00007fffc8290000 	c:\Users\palak\.vscode\extensions\redhat.java-1.41.0-win32-x64\jre\21.0.6-win32-x86_64\bin\verify.dll
0x00007fffbd370000 - 0x00007fffbd3b5000 	C:\Users\palak\AppData\Roaming\Code\User\globalStorage\redhat.java\1.41.0\config_ss_win\org.eclipse.equinox.launcher\org.eclipse.equinox.launcher.win32.win32.x86_64_1.2.1300.v20250325-0811\eclipse_11911.dll
0x00007ffffe900000 - 0x00007ffffea95000 	C:\WINDOWS\System32\ole32.dll
0x00007ffffc6f0000 - 0x00007ffffc70c000 	C:\WINDOWS\SYSTEM32\CRYPTSP.dll
0x00007ffffbe90000 - 0x00007ffffbeca000 	C:\WINDOWS\system32\rsaenh.dll
0x00007ffffc4f0000 - 0x00007ffffc51b000 	C:\WINDOWS\SYSTEM32\USERENV.dll
0x00007ffffc930000 - 0x00007ffffc956000 	C:\WINDOWS\SYSTEM32\bcrypt.dll
0x00007ffffc710000 - 0x00007ffffc71c000 	C:\WINDOWS\SYSTEM32\CRYPTBASE.dll
0x00007ffffb930000 - 0x00007ffffb963000 	C:\WINDOWS\SYSTEM32\IPHLPAPI.DLL
0x00007ffffe3b0000 - 0x00007ffffe3ba000 	C:\WINDOWS\System32\NSI.dll
0x00007fffb1060000 - 0x00007fffb10a9000 	C:\Users\palak\AppData\Local\Temp\jna-106430981\jna2048041576809250219.dll
0x00007ffffe3a0000 - 0x00007ffffe3a8000 	C:\WINDOWS\System32\PSAPI.DLL

dbghelp: loaded successfully - version: 4.0.5 - missing functions: none
symbol engine: initialized successfully - sym options: 0x614 - pdb path: .;c:\Users\palak\.vscode\extensions\redhat.java-1.41.0-win32-x64\jre\21.0.6-win32-x86_64\bin;C:\WINDOWS\SYSTEM32;C:\WINDOWS\WinSxS\amd64_microsoft.windows.common-controls_6595b64144ccf1df_6.0.26100.3323_none_3e088096e3344490;c:\Users\palak\.vscode\extensions\redhat.java-1.41.0-win32-x64\jre\21.0.6-win32-x86_64\bin\server;C:\Users\palak\AppData\Roaming\Code\User\globalStorage\redhat.java\1.41.0\config_ss_win\org.eclipse.equinox.launcher\org.eclipse.equinox.launcher.win32.win32.x86_64_1.2.1300.v20250325-0811;C:\Users\palak\AppData\Local\Temp\jna-106430981

VM Arguments:
jvm_args: --add-modules=ALL-SYSTEM --add-opens=java.base/java.util=ALL-UNNAMED --add-opens=java.base/java.lang=ALL-UNNAMED --add-opens=java.base/sun.nio.fs=ALL-UNNAMED -Declipse.application=org.eclipse.jdt.ls.core.id1 -Dosgi.bundles.defaultStartLevel=4 -Declipse.product=org.eclipse.jdt.ls.core.product -Djava.import.generatesMetadataFilesAtProjectRoot=false -DDetectVMInstallationsJob.disabled=true -Dfile.encoding=utf8 -XX:+UseParallelGC -XX:GCTimeRatio=4 -XX:AdaptiveSizePolicyWeight=90 -Dsun.zip.disableMemoryMapping=true -Xmx1G -Xms100m -Xlog:disable -javaagent:c:\Users\palak\.vscode\extensions\redhat.java-1.41.0-win32-x64\lombok\lombok-1.18.36.jar 
java_command: c:\Users\palak\.vscode\extensions\redhat.java-1.41.0-win32-x64\server\plugins\org.eclipse.equinox.launcher_1.6.1100.v20250306-0509.jar -configuration c:\Users\palak\AppData\Roaming\Code\User\globalStorage\redhat.java\1.41.0\config_ss_win -data c:\Users\palak\AppData\Roaming\Code\User\workspaceStorage\632f04cdbe9e26a6a5769c745b0508de\redhat.java\ss_ws --pipe=\\.\pipe\lsp-76a55c80649d08b53dd8d688e8864e85-sock
java_class_path (initial): c:\Users\palak\.vscode\extensions\redhat.java-1.41.0-win32-x64\server\plugins\org.eclipse.equinox.launcher_1.6.1100.v20250306-0509.jar
Launcher Type: SUN_STANDARD

[Global flags]
    uintx AdaptiveSizePolicyWeight                 = 90                                        {product} {command line}
     intx CICompilerCount                          = 3                                         {product} {ergonomic}
    uintx GCTimeRatio                              = 4                                         {product} {command line}
   size_t InitialHeapSize                          = 104857600                                 {product} {command line}
   size_t MaxHeapSize                              = 1073741824                                {product} {command line}
   size_t MaxNewSize                               = 357564416                                 {product} {ergonomic}
   size_t MinHeapDeltaBytes                        = 524288                                    {product} {ergonomic}
   size_t MinHeapSize                              = 104857600                                 {product} {command line}
   size_t NewSize                                  = 34603008                                  {product} {ergonomic}
    uintx NonNMethodCodeHeapSize                   = 5832780                                {pd product} {ergonomic}
    uintx NonProfiledCodeHeapSize                  = 122912730                              {pd product} {ergonomic}
   size_t OldSize                                  = 70254592                                  {product} {ergonomic}
    uintx ProfiledCodeHeapSize                     = 122912730                              {pd product} {ergonomic}
    uintx ReservedCodeCacheSize                    = 251658240                              {pd product} {ergonomic}
     bool SegmentedCodeCache                       = true                                      {product} {ergonomic}
   size_t SoftMaxHeapSize                          = 1073741824                             {manageable} {ergonomic}
     bool UseCompressedOops                        = true                           {product lp64_product} {ergonomic}
     bool UseLargePagesIndividualAllocation        = false                                  {pd product} {ergonomic}
     bool UseParallelGC                            = true                                      {product} {command line}

Logging:
Log output configuration:
 #0: stdout all=off uptime,level,tags foldmultilines=false
 #1: stderr all=off uptime,level,tags foldmultilines=false

Environment Variables:
JAVA_HOME=C:\Users\palak\Downloads\java-21-openjdk-21.0.1.0.12-3.win.jdk.x86_64\java-21-openjdk-21.0.1.0.12-3.win.jdk.x86_64
PATH=C:\Program Files (x86)\Common Files\Oracle\Java\java8path;C:\Program Files (x86)\Common Files\Oracle\Java\javapath;C:\WINDOWS\system32;C:\WINDOWS;C:\WINDOWS\System32\Wbem;C:\WINDOWS\System32\WindowsPowerShell\v1.0\;C:\WINDOWS\System32\OpenSSH\;C:\Users\palak\Downloads\java-21-openjdk-21.0.1.0.12-3.win.jdk.x86_64\java-21-openjdk-21.0.1.0.12-3.win.jdk.x86_64\bin;C:\Users\palak\Downloads\apache-maven-3.9.8-bin\bin;c:\users\palak\appdata\local\packages\pythonsoftwarefoundation.python.3.11_qbz5n2kfra8p0\localcache\local-packages\python311\site-packages;C:\ProgramData\chocolatey\bin;C:\Program Files\nodejs\;C:\Users\palak\AppData\Local\Programs\Python\Python312\Scripts;C:\Program Files\Git\cmd;C:\Users\palak\Downloads\flutter_windows_3.27.3-stable\flutter\bin;C:\Users\palak\AppData\Local\Android\Sdk\cmdline-tools\latest\bin;C:\Users\palak\AppData\Local\Android\Sdk\platform-tools;C:\ffmpeg;C:\Program Files\MongoDB\Server\8.0\bin;C:\Users\palak\AppData\Local\Programs\Python\Python313\Scripts\;C:\Users\palak\AppData\Local\Programs\Python\Python313\;C:\Users\palak\AppData\Local\Programs\Python\Python312\Scripts\;C:\Users\palak\AppData\Local\Programs\Python\Python312\;C:\Users\palak\AppData\Local\Programs\Python\Launcher\;C:\Program Files\MySQL\MySQL Shell 8.0\bin\;C:\Users\palak\AppData\Local\Microsoft\WindowsApps;C:\Users\palak\AppData\Local\Programs\Microsoft VS Code\bin;C:\Program Files\JetBrains\IntelliJ IDEA Community Edition 2023.3.3\bin;C:\Users\palak\AppData\Local\JetBrains\CLion 2023.3.4\bin;C:\Program Files\JetBrains\PyCharm 2024.1.2\bin;C:\Program Files\JetBrains\PyCharm Community Edition 2024.1.4\bin;C:\Users\palak\AppData\Local\JetBrains\Toolbox\scripts;C:\Users\palak\AppData\Roaming\npm;C:\Users\palak\AppData\Local\GitHubDesktop\bin;C:\Users\palak\AppData\Local\Microsoft\WindowsApps;
USERNAME=palak
OS=Windows_NT
PROCESSOR_IDENTIFIER=AMD64 Family 23 Model 24 Stepping 1, AuthenticAMD
TMP=C:\Users\palak\AppData\Local\Temp
TEMP=C:\Users\palak\AppData\Local\Temp




Periodic native trim disabled

---------------  S Y S T E M  ---------------

OS:
 Windows 11 , 64 bit Build 26100 (10.0.26100.3323)
OS uptime: 0 days 0:37 hours

CPU: total 4 (initial active 4) (4 cores per cpu, 2 threads per core) family 23 model 24 stepping 1 microcode 0x8108109, cx8, cmov, fxsr, ht, mmx, 3dnowpref, sse, sse2, sse3, ssse3, sse4a, sse4.1, sse4.2, popcnt, lzcnt, tsc, tscinvbit, avx, avx2, aes, clmul, bmi1, bmi2, adx, sha, fma, vzeroupper, clflush, clflushopt, rdtscp, f16c
Processor Information for the first 4 processors :
  Max Mhz: 2600, Current Mhz: 2600, Mhz Limit: 2600

Memory: 4k page, system-wide physical 6086M (492M free)
TotalPageFile size 14278M (AvailPageFile size 7M)
current process WorkingSet (physical memory assigned to process): 125M, peak: 125M
current process commit charge ("private bytes"): 217M, peak: 217M

vm_info: OpenJDK 64-Bit Server VM (21.0.6+7-LTS) for windows-amd64 JRE (21.0.6+7-LTS), built on 2025-01-21T00:00:00Z by "admin" with MS VC++ 17.7 (VS2022)

END.
