#
# There is insufficient memory for the Java Runtime Environment to continue.
# Native memory allocation (malloc) failed to allocate 32744 bytes for Chunk::new
# Possible reasons:
#   The system is out of physical RAM or swap space
#   The process is running with CompressedOops enabled, and the Java Heap may be blocking the growth of the native heap
# Possible solutions:
#   Reduce memory load on the system
#   Increase physical memory or swap space
#   Check if swap backing store is full
#   Decrease Java heap size (-Xmx/-Xms)
#   Decrease number of Java threads
#   Decrease Java thread stack sizes (-Xss)
#   Set larger code cache with -XX:ReservedCodeCacheSize=
#   JVM is running with Unscaled Compressed Oops mode in which the Java heap is
#     placed in the first 4GB address space. The Java Heap base address is the
#     maximum limit for the native heap growth. Please use -XX:HeapBaseMinAddress
#     to set the Java Heap base and to place the Java Heap above 4GB virtual address.
# This output file may be truncated or incomplete.
#
#  Out of Memory Error (arena.cpp:168), pid=16760, tid=16916
#
# JRE version: OpenJDK Runtime Environment (Red_Hat-21.0.1.0+12-3) (21.0.1+12) (build 21.0.1+12-LTS)
# Java VM: OpenJDK 64-Bit Server VM (Red_Hat-21.0.1.0+12-3) (21.0.1+12-LTS, mixed mode, emulated-client, sharing, tiered, compressed oops, compressed class ptrs, g1 gc, windows-amd64)
# No core dump will be written. Minidumps are not enabled by default on client versions of Windows
#

---------------  S U M M A R Y ------------

Command Line: -XX:TieredStopAtLevel=1 com.example.demo.DemoApplication

Host: AMD Ryzen 3 3250U with Radeon Graphics         , 4 cores, 5G,  Windows 11 , 64 bit Build 26100 (10.0.26100.3037)
Time: Wed Feb 19 18:32:10 2025 India Standard Time elapsed time: 29.639135 seconds (0d 0h 0m 29s)

---------------  T H R E A D  ---------------

Current thread (0x0000023e73522610):  JavaThread "C1 CompilerThread1" daemon [_thread_in_native, id=16916, stack(0x0000004448900000,0x0000004448a00000) (1024K)]


Current CompileTask:
C1:  29639 3910       1       sun.security.provider.ByteArrayAccess::b2iBig64 (231 bytes)

Stack: [0x0000004448900000,0x0000004448a00000]
Native frames: (J=compiled Java code, j=interpreted, Vv=VM code, C=native code)
V  [jvm.dll+0x6c7789]
V  [jvm.dll+0x8a2011]
V  [jvm.dll+0x8a44ae]
V  [jvm.dll+0x8a4b83]
V  [jvm.dll+0x27f936]
V  [jvm.dll+0xc498d]
V  [jvm.dll+0xc4ea3]
V  [jvm.dll+0x1639d7]
V  [jvm.dll+0x166927]
V  [jvm.dll+0x166346]
V  [jvm.dll+0x15df48]
V  [jvm.dll+0x1601c9]
V  [jvm.dll+0x15e6ec]
V  [jvm.dll+0x166e23]
V  [jvm.dll+0x166346]
V  [jvm.dll+0x15df48]
V  [jvm.dll+0x1601c9]
V  [jvm.dll+0x15e6ec]
V  [jvm.dll+0x166e23]
V  [jvm.dll+0x166346]
V  [jvm.dll+0x16758e]
V  [jvm.dll+0x16627d]
V  [jvm.dll+0x15df48]
V  [jvm.dll+0x1601c9]
V  [jvm.dll+0x15e7e5]
V  [jvm.dll+0x166e23]
V  [jvm.dll+0x166346]
V  [jvm.dll+0x15df48]
V  [jvm.dll+0x1601c9]
V  [jvm.dll+0x15e7e5]
V  [jvm.dll+0x1586d7]
V  [jvm.dll+0x167f46]
V  [jvm.dll+0x153a90]
V  [jvm.dll+0x153e13]
V  [jvm.dll+0x1540e4]
V  [jvm.dll+0x153516]
V  [jvm.dll+0x1552ed]
V  [jvm.dll+0x256c69]
V  [jvm.dll+0x25523a]
V  [jvm.dll+0x3ecc86]
V  [jvm.dll+0x84af3b]
V  [jvm.dll+0x6c5ebd]
C  [ucrtbase.dll+0x37b0]
C  [KERNEL32.DLL+0x2e8d7]
C  [ntdll.dll+0xbbf2c]


---------------  P R O C E S S  ---------------

Threads class SMR info:
_java_thread_list=0x0000023e737f8bb0, length=28, elements={
0x0000023e5c6867e0, 0x0000023e6e0242c0, 0x0000023e6e025b40, 0x0000023e6e028e80,
0x0000023e6e02d900, 0x0000023e6e02f080, 0x0000023e6e0330e0, 0x0000023e6e038630,
0x0000023e6e2705a0, 0x0000023e6e270c10, 0x0000023e73127f40, 0x0000023e731285b0,
0x0000023e6e76cf50, 0x0000023e73091800, 0x0000023e6e874b30, 0x0000023e73522610,
0x0000023e7389f1b0, 0x0000023e73053a40, 0x0000023e7399a080, 0x0000023e7399bac0,
0x0000023e7399ce70, 0x0000023e7399b430, 0x0000023e7399d500, 0x0000023e7399a710,
0x0000023e7399ada0, 0x0000023e7399c150, 0x0000023e7399c7e0, 0x0000023e73a7caa0
}

Java Threads: ( => current thread )
  0x0000023e5c6867e0 JavaThread "main"                              [_thread_in_vm, id=12480, stack(0x0000004446f00000,0x0000004447000000) (1024K)]
  0x0000023e6e0242c0 JavaThread "Reference Handler"          daemon [_thread_blocked, id=18912, stack(0x0000004447700000,0x0000004447800000) (1024K)]
  0x0000023e6e025b40 JavaThread "Finalizer"                  daemon [_thread_blocked, id=6356, stack(0x0000004447800000,0x0000004447900000) (1024K)]
  0x0000023e6e028e80 JavaThread "Signal Dispatcher"          daemon [_thread_blocked, id=10408, stack(0x0000004447900000,0x0000004447a00000) (1024K)]
  0x0000023e6e02d900 JavaThread "Attach Listener"            daemon [_thread_blocked, id=1464, stack(0x0000004447a00000,0x0000004447b00000) (1024K)]
  0x0000023e6e02f080 JavaThread "Service Thread"             daemon [_thread_blocked, id=18956, stack(0x0000004447b00000,0x0000004447c00000) (1024K)]
  0x0000023e6e0330e0 JavaThread "Monitor Deflation Thread"   daemon [_thread_blocked, id=2408, stack(0x0000004447c00000,0x0000004447d00000) (1024K)]
  0x0000023e6e038630 JavaThread "C1 CompilerThread0"         daemon [_thread_blocked, id=9344, stack(0x0000004447d00000,0x0000004447e00000) (1024K)]
  0x0000023e6e2705a0 JavaThread "Notification Thread"        daemon [_thread_blocked, id=9320, stack(0x0000004447e00000,0x0000004447f00000) (1024K)]
  0x0000023e6e270c10 JavaThread "Common-Cleaner"             daemon [_thread_blocked, id=18424, stack(0x0000004447f00000,0x0000004448000000) (1024K)]
  0x0000023e73127f40 JavaThread "Catalina-utility-1"                [_thread_blocked, id=12192, stack(0x0000004448100000,0x0000004448200000) (1024K)]
  0x0000023e731285b0 JavaThread "Catalina-utility-2"                [_thread_blocked, id=9716, stack(0x0000004448500000,0x0000004448600000) (1024K)]
  0x0000023e6e76cf50 JavaThread "container-0"                       [_thread_blocked, id=19232, stack(0x0000004448600000,0x0000004448700000) (1024K)]
  0x0000023e73091800 JavaThread "BufferPoolPruner-1-thread-1" daemon [_thread_blocked, id=7684, stack(0x0000004448000000,0x0000004448100000) (1024K)]
  0x0000023e6e874b30 JavaThread "cluster-ClusterId{value='67b5d64f7075314fd1570df3', description='null'}-localhost:27017" daemon [_thread_in_native, id=6604, stack(0x0000004448700000,0x0000004448800000) (1024K)]
=>0x0000023e73522610 JavaThread "C1 CompilerThread1"         daemon [_thread_in_native, id=16916, stack(0x0000004448900000,0x0000004448a00000) (1024K)]
  0x0000023e7389f1b0 JavaThread "cluster-rtt-ClusterId{value='67b5d64f7075314fd1570df3', description='null'}-localhost:27017" daemon [_thread_blocked, id=1848, stack(0x0000004448a00000,0x0000004448b00000) (1024K)]
  0x0000023e73053a40 JavaThread "MaintenanceTimer-2-thread-1" daemon [_thread_blocked, id=1532, stack(0x0000004448b00000,0x0000004448c00000) (1024K)]
  0x0000023e7399a080 JavaThread "http-nio-8080-exec-1"       daemon [_thread_blocked, id=19116, stack(0x0000004448c00000,0x0000004448d00000) (1024K)]
  0x0000023e7399bac0 JavaThread "http-nio-8080-exec-2"       daemon [_thread_blocked, id=4248, stack(0x0000004448d00000,0x0000004448e00000) (1024K)]
  0x0000023e7399ce70 JavaThread "http-nio-8080-exec-3"       daemon [_thread_blocked, id=15388, stack(0x0000004448e00000,0x0000004448f00000) (1024K)]
  0x0000023e7399b430 JavaThread "http-nio-8080-exec-4"       daemon [_thread_blocked, id=14432, stack(0x0000004448f00000,0x0000004449000000) (1024K)]
  0x0000023e7399d500 JavaThread "http-nio-8080-exec-5"       daemon [_thread_blocked, id=16000, stack(0x0000004449000000,0x0000004449100000) (1024K)]
  0x0000023e7399a710 JavaThread "http-nio-8080-exec-6"       daemon [_thread_blocked, id=11108, stack(0x0000004449100000,0x0000004449200000) (1024K)]
  0x0000023e7399ada0 JavaThread "http-nio-8080-exec-7"       daemon [_thread_blocked, id=18540, stack(0x0000004449200000,0x0000004449300000) (1024K)]
  0x0000023e7399c150 JavaThread "http-nio-8080-exec-8"       daemon [_thread_blocked, id=13524, stack(0x0000004449300000,0x0000004449400000) (1024K)]
  0x0000023e7399c7e0 JavaThread "http-nio-8080-exec-9"       daemon [_thread_blocked, id=17028, stack(0x0000004449400000,0x0000004449500000) (1024K)]
  0x0000023e73a7caa0 JavaThread "http-nio-8080-exec-10"      daemon [_thread_blocked, id=15972, stack(0x0000004449500000,0x0000004449600000) (1024K)]
Total: 28

Other Threads:
  0x0000023e6e003eb0 VMThread "VM Thread"                           [id=13260, stack(0x0000004447600000,0x0000004447700000) (1024K)]
  0x0000023e6dfe9d90 WatcherThread "VM Periodic Task Thread"        [id=3392, stack(0x0000004447500000,0x0000004447600000) (1024K)]
  0x0000023e5e93ba70 WorkerThread "GC Thread#0"                     [id=2456, stack(0x0000004447000000,0x0000004447100000) (1024K)]
  0x0000023e6e6c4970 WorkerThread "GC Thread#1"                     [id=17364, stack(0x0000004448200000,0x0000004448300000) (1024K)]
  0x0000023e6e8b0410 WorkerThread "GC Thread#2"                     [id=13160, stack(0x0000004448300000,0x0000004448400000) (1024K)]
  0x0000023e6e8b07b0 WorkerThread "GC Thread#3"                     [id=2628, stack(0x0000004448400000,0x0000004448500000) (1024K)]
  0x0000023e5e948890 ConcurrentGCThread "G1 Main Marker"            [id=9420, stack(0x0000004447100000,0x0000004447200000) (1024K)]
  0x0000023e5e94a210 WorkerThread "G1 Conc#0"                       [id=6492, stack(0x0000004447200000,0x0000004447300000) (1024K)]
  0x0000023e5e9a5fc0 ConcurrentGCThread "G1 Refine#0"               [id=2652, stack(0x0000004447300000,0x0000004447400000) (1024K)]
  0x0000023e5e9a6ff0 ConcurrentGCThread "G1 Service"                [id=14200, stack(0x0000004447400000,0x0000004447500000) (1024K)]
Total: 10

Threads with active compile tasks:
C1 CompilerThread1    29723 3910       1       sun.security.provider.ByteArrayAccess::b2iBig64 (231 bytes)
Total: 1

VM state: not at safepoint (normal execution)

VM Mutex/Monitor currently owned by a thread: None

Heap address: 0x00000000a0e00000, size: 1522 MB, Compressed Oops mode: 32-bit

CDS archive(s) mapped at: [0x0000023e00000000-0x0000023e00c90000-0x0000023e00c90000), size 13172736, SharedBaseAddress: 0x0000023e00000000, ArchiveRelocationMode: 1.
Compressed class space mapped at: 0x0000023e01000000-0x0000023e41000000, reserved size: 1073741824
Narrow klass base: 0x0000023e00000000, Narrow klass shift: 0, Narrow klass range: 0x100000000

GC Precious Log:
 CardTable entry size: 512
 Card Set container configuration: InlinePtr #cards 5 size 8 Array Of Cards #cards 12 size 40 Howl #buckets 4 coarsen threshold 1843 Howl Bitmap #cards 512 size 80 coarsen threshold 460 Card regions per heap region 1 cards per card region 2048
 CPUs: 4 total, 4 available
 Memory: 6086M
 Large Page Support: Disabled
 NUMA Support: Disabled
 Compressed Oops: Enabled (32-bit)
 Heap Region Size: 1M
 Heap Min Capacity: 8M
 Heap Initial Capacity: 96M
 Heap Max Capacity: 1522M
 Pre-touch: Disabled
 Parallel Workers: 4
 Concurrent Workers: 1
 Concurrent Refinement Workers: 4
 Periodic GC: Disabled

Heap:
 garbage-first heap   total 45056K, used 26779K [0x00000000a0e00000, 0x0000000100000000)
  region size 1024K, 14 young (14336K), 3 survivors (3072K)
 Metaspace       used 32606K, committed 33152K, reserved 1114112K
  class space    used 4545K, committed 4800K, reserved 1048576K

Heap Regions: E=young(eden), S=young(survivor), O=old, HS=humongous(starts), HC=humongous(continues), CS=collection set, F=free, TAMS=top-at-mark-start, PB=parsable bottom
|   0|0x00000000a0e00000, 0x00000000a0f00000, 0x00000000a0f00000|100%| O|  |TAMS 0x00000000a0e00000| PB 0x00000000a0e00000| Untracked 
|   1|0x00000000a0f00000, 0x00000000a1000000, 0x00000000a1000000|100%| O|  |TAMS 0x00000000a0f00000| PB 0x00000000a0f00000| Untracked 
|   2|0x00000000a1000000, 0x00000000a1100000, 0x00000000a1100000|100%| O|  |TAMS 0x00000000a1000000| PB 0x00000000a1000000| Untracked 
|   3|0x00000000a1100000, 0x00000000a1200000, 0x00000000a1200000|100%| O|  |TAMS 0x00000000a1100000| PB 0x00000000a1100000| Untracked 
|   4|0x00000000a1200000, 0x00000000a1300000, 0x00000000a1300000|100%| O|  |TAMS 0x00000000a1200000| PB 0x00000000a1200000| Untracked 
|   5|0x00000000a1300000, 0x00000000a1400000, 0x00000000a1400000|100%| O|  |TAMS 0x00000000a1300000| PB 0x00000000a1300000| Untracked 
|   6|0x00000000a1400000, 0x00000000a1500000, 0x00000000a1500000|100%| O|  |TAMS 0x00000000a1400000| PB 0x00000000a1400000| Untracked 
|   7|0x00000000a1500000, 0x00000000a1600000, 0x00000000a1600000|100%| O|  |TAMS 0x00000000a1500000| PB 0x00000000a1500000| Untracked 
|   8|0x00000000a1600000, 0x00000000a1700000, 0x00000000a1700000|100%| O|  |TAMS 0x00000000a1600000| PB 0x00000000a1600000| Untracked 
|   9|0x00000000a1700000, 0x00000000a1800000, 0x00000000a1800000|100%| O|  |TAMS 0x00000000a1700000| PB 0x00000000a1700000| Untracked 
|  10|0x00000000a1800000, 0x00000000a1900000, 0x00000000a1900000|100%| O|  |TAMS 0x00000000a1800000| PB 0x00000000a1800000| Untracked 
|  11|0x00000000a1900000, 0x00000000a1a00000, 0x00000000a1a00000|100%| O|  |TAMS 0x00000000a1900000| PB 0x00000000a1900000| Untracked 
|  12|0x00000000a1a00000, 0x00000000a1b00000, 0x00000000a1b00000|100%| O|  |TAMS 0x00000000a1a00000| PB 0x00000000a1a00000| Untracked 
|  13|0x00000000a1b00000, 0x00000000a1bfb280, 0x00000000a1c00000| 98%| O|  |TAMS 0x00000000a1b00000| PB 0x00000000a1b00000| Untracked 
|  14|0x00000000a1c00000, 0x00000000a1c00000, 0x00000000a1d00000|  0%| F|  |TAMS 0x00000000a1c00000| PB 0x00000000a1c00000| Untracked 
|  15|0x00000000a1d00000, 0x00000000a1d00000, 0x00000000a1e00000|  0%| F|  |TAMS 0x00000000a1d00000| PB 0x00000000a1d00000| Untracked 
|  16|0x00000000a1e00000, 0x00000000a1e00000, 0x00000000a1f00000|  0%| F|  |TAMS 0x00000000a1e00000| PB 0x00000000a1e00000| Untracked 
|  17|0x00000000a1f00000, 0x00000000a1f00000, 0x00000000a2000000|  0%| F|  |TAMS 0x00000000a1f00000| PB 0x00000000a1f00000| Untracked 
|  18|0x00000000a2000000, 0x00000000a2000000, 0x00000000a2100000|  0%| F|  |TAMS 0x00000000a2000000| PB 0x00000000a2000000| Untracked 
|  19|0x00000000a2100000, 0x00000000a2100000, 0x00000000a2200000|  0%| F|  |TAMS 0x00000000a2100000| PB 0x00000000a2100000| Untracked 
|  20|0x00000000a2200000, 0x00000000a222bd18, 0x00000000a2300000| 17%| S|CS|TAMS 0x00000000a2200000| PB 0x00000000a2200000| Complete 
|  21|0x00000000a2300000, 0x00000000a2400000, 0x00000000a2400000|100%| S|CS|TAMS 0x00000000a2300000| PB 0x00000000a2300000| Complete 
|  22|0x00000000a2400000, 0x00000000a2500000, 0x00000000a2500000|100%| S|CS|TAMS 0x00000000a2400000| PB 0x00000000a2400000| Complete 
|  23|0x00000000a2500000, 0x00000000a2500000, 0x00000000a2600000|  0%| F|  |TAMS 0x00000000a2500000| PB 0x00000000a2500000| Untracked 
|  24|0x00000000a2600000, 0x00000000a2600000, 0x00000000a2700000|  0%| F|  |TAMS 0x00000000a2600000| PB 0x00000000a2600000| Untracked 
|  25|0x00000000a2700000, 0x00000000a2700000, 0x00000000a2800000|  0%| F|  |TAMS 0x00000000a2700000| PB 0x00000000a2700000| Untracked 
|  26|0x00000000a2800000, 0x00000000a2800000, 0x00000000a2900000|  0%| F|  |TAMS 0x00000000a2800000| PB 0x00000000a2800000| Untracked 
|  27|0x00000000a2900000, 0x00000000a2900000, 0x00000000a2a00000|  0%| F|  |TAMS 0x00000000a2900000| PB 0x00000000a2900000| Untracked 
|  28|0x00000000a2a00000, 0x00000000a2a00000, 0x00000000a2b00000|  0%| F|  |TAMS 0x00000000a2a00000| PB 0x00000000a2a00000| Untracked 
|  29|0x00000000a2b00000, 0x00000000a2b00000, 0x00000000a2c00000|  0%| F|  |TAMS 0x00000000a2b00000| PB 0x00000000a2b00000| Untracked 
|  30|0x00000000a2c00000, 0x00000000a2c00000, 0x00000000a2d00000|  0%| F|  |TAMS 0x00000000a2c00000| PB 0x00000000a2c00000| Untracked 
|  31|0x00000000a2d00000, 0x00000000a2d00000, 0x00000000a2e00000|  0%| F|  |TAMS 0x00000000a2d00000| PB 0x00000000a2d00000| Untracked 
|  32|0x00000000a2e00000, 0x00000000a2e00000, 0x00000000a2f00000|  0%| F|  |TAMS 0x00000000a2e00000| PB 0x00000000a2e00000| Untracked 
|  33|0x00000000a2f00000, 0x00000000a2f00800, 0x00000000a3000000|  0%| E|  |TAMS 0x00000000a2f00000| PB 0x00000000a2f00000| Complete 
|  34|0x00000000a3000000, 0x00000000a3100000, 0x00000000a3100000|100%| E|CS|TAMS 0x00000000a3000000| PB 0x00000000a3000000| Complete 
|  35|0x00000000a3100000, 0x00000000a3200000, 0x00000000a3200000|100%| E|CS|TAMS 0x00000000a3100000| PB 0x00000000a3100000| Complete 
|  36|0x00000000a3200000, 0x00000000a3300000, 0x00000000a3300000|100%| E|CS|TAMS 0x00000000a3200000| PB 0x00000000a3200000| Complete 
|  37|0x00000000a3300000, 0x00000000a3400000, 0x00000000a3400000|100%| E|CS|TAMS 0x00000000a3300000| PB 0x00000000a3300000| Complete 
|  38|0x00000000a3400000, 0x00000000a3500000, 0x00000000a3500000|100%| E|CS|TAMS 0x00000000a3400000| PB 0x00000000a3400000| Complete 
|  39|0x00000000a3500000, 0x00000000a3600000, 0x00000000a3600000|100%| E|CS|TAMS 0x00000000a3500000| PB 0x00000000a3500000| Complete 
|  40|0x00000000a3600000, 0x00000000a3700000, 0x00000000a3700000|100%| E|CS|TAMS 0x00000000a3600000| PB 0x00000000a3600000| Complete 
|  77|0x00000000a5b00000, 0x00000000a5c00000, 0x00000000a5c00000|100%| E|CS|TAMS 0x00000000a5b00000| PB 0x00000000a5b00000| Complete 
|  78|0x00000000a5c00000, 0x00000000a5d00000, 0x00000000a5d00000|100%| E|CS|TAMS 0x00000000a5c00000| PB 0x00000000a5c00000| Complete 
|  95|0x00000000a6d00000, 0x00000000a6e00000, 0x00000000a6e00000|100%| E|CS|TAMS 0x00000000a6d00000| PB 0x00000000a6d00000| Complete 

Card table byte_map: [0x0000023e69fa0000,0x0000023e6a2a0000] _byte_map_base: 0x0000023e69a99000

Marking Bits: (CMBitMap*) 0x0000023e5e93c170
 Bits: [0x0000023e6a2a0000, 0x0000023e6ba68000)

Polling page: 0x0000023e5c630000

Metaspace:

Usage:
  Non-class:     27.40 MB used.
      Class:      4.44 MB used.
       Both:     31.84 MB used.

Virtual space:
  Non-class space:       64.00 MB reserved,      27.69 MB ( 43%) committed,  1 nodes.
      Class space:        1.00 GB reserved,       4.69 MB ( <1%) committed,  1 nodes.
             Both:        1.06 GB reserved,      32.38 MB (  3%) committed. 

Chunk freelists:
   Non-Class:  4.25 MB
       Class:  11.29 MB
        Both:  15.54 MB

MaxMetaspaceSize: unlimited
CompressedClassSpaceSize: 1.00 GB
Initial GC threshold: 21.00 MB
Current GC threshold: 35.12 MB
CDS: on
 - commit_granule_bytes: 65536.
 - commit_granule_words: 8192.
 - virtual_space_node_default_size: 8388608.
 - enlarge_chunks_in_place: 1.
 - use_allocation_guard: 0.


Internal statistics:

num_allocs_failed_limit: 3.
num_arena_births: 756.
num_arena_deaths: 0.
num_vsnodes_births: 2.
num_vsnodes_deaths: 0.
num_space_committed: 518.
num_space_uncommitted: 0.
num_chunks_returned_to_freelist: 3.
num_chunks_taken_from_freelist: 2061.
num_chunk_merges: 3.
num_chunk_splits: 1356.
num_chunks_enlarged: 942.
num_inconsistent_stats: 0.

CodeCache: size=49152Kb used=7876Kb max_used=7876Kb free=41275Kb
 bounds [0x0000023e66fa0000, 0x0000023e67790000, 0x0000023e69fa0000]
 total_blobs=4458 nmethods=3909 adapters=472
 compilation: enabled
              stopped_count=0, restarted_count=0
 full_count=0

Compilation events (20 events):
Event: 29.326 Thread 0x0000023e6e038630 nmethod 3895 0x0000023e67114690 code [0x0000023e67114840, 0x0000023e67114938]
Event: 29.326 Thread 0x0000023e73522610 3896       1       org.springframework.core.MethodIntrospector::lambda$selectMethods$0 (84 bytes)
Event: 29.326 Thread 0x0000023e6e038630 3897       1       org.springframework.context.event.EventListenerMethodProcessor$$Lambda/0x0000023e014aade8::inspect (5 bytes)
Event: 29.326 Thread 0x0000023e6e038630 nmethod 3897 0x0000023e67114290 code [0x0000023e67114440, 0x0000023e67114588]
Event: 29.326 Thread 0x0000023e6e038630 3898       1       org.springframework.context.event.EventListenerMethodProcessor::lambda$processBean$0 (10 bytes)
Event: 29.326 Thread 0x0000023e6e038630 nmethod 3898 0x0000023e67113f10 code [0x0000023e671140c0, 0x0000023e671141e0]
Event: 29.326 Thread 0x0000023e73522610 nmethod 3896 0x0000023e67113890 code [0x0000023e67113a80, 0x0000023e67113d18]
Event: 29.330 Thread 0x0000023e73522610 3899       1       org.springframework.core.annotation.AnnotatedElementUtils::getAnnotations (11 bytes)
Event: 29.331 Thread 0x0000023e73522610 nmethod 3899 0x0000023e67113510 code [0x0000023e671136c0, 0x0000023e671137b0]
Event: 29.331 Thread 0x0000023e73522610 3900       1       org.springframework.util.ClassUtils::isOverridable (50 bytes)
Event: 29.332 Thread 0x0000023e73522610 nmethod 3900 0x0000023e67112d10 code [0x0000023e67112f20, 0x0000023e671132a0]
Event: 29.340 Thread 0x0000023e73522610 3904       1       java.lang.invoke.MethodType::appendParameterTypes (10 bytes)
Event: 29.340 Thread 0x0000023e6e038630 3906       1       java.lang.invoke.MethodType::invokerType (9 bytes)
Event: 29.340 Thread 0x0000023e6e038630 nmethod 3906 0x0000023e67111910 code [0x0000023e67111ac0, 0x0000023e67111bb0]
Event: 29.340 Thread 0x0000023e73522610 nmethod 3904 0x0000023e67111590 code [0x0000023e67111740, 0x0000023e67111830]
Event: 29.343 Thread 0x0000023e73522610 3907       1       org.apache.catalina.LifecycleState::getLifecycleEvent (5 bytes)
Event: 29.343 Thread 0x0000023e73522610 nmethod 3907 0x0000023e67110e10 code [0x0000023e67110fa0, 0x0000023e67111068]
Event: 29.609 Thread 0x0000023e6e038630 3908       1       jdk.internal.loader.NativeLibraries$NativeLibraryImpl::find (9 bytes)
Event: 29.609 Thread 0x0000023e6e038630 nmethod 3908 0x0000023e67110210 code [0x0000023e671103c0, 0x0000023e671104a8]
Event: 29.610 Thread 0x0000023e73522610 3910       1       sun.security.provider.ByteArrayAccess::b2iBig64 (231 bytes)

GC Heap History (12 events):
Event: 3.310 GC heap before
{Heap before GC invocations=0 (full 0):
 garbage-first heap   total 98304K, used 13312K [0x00000000a0e00000, 0x0000000100000000)
  region size 1024K, 13 young (13312K), 0 survivors (0K)
 Metaspace       used 3436K, committed 3584K, reserved 1114112K
  class space    used 439K, committed 512K, reserved 1048576K
}
Event: 3.381 GC heap after
{Heap after GC invocations=1 (full 0):
 garbage-first heap   total 98304K, used 4096K [0x00000000a0e00000, 0x0000000100000000)
  region size 1024K, 2 young (2048K), 2 survivors (2048K)
 Metaspace       used 3436K, committed 3584K, reserved 1114112K
  class space    used 439K, committed 512K, reserved 1048576K
}
Event: 5.902 GC heap before
{Heap before GC invocations=1 (full 0):
 garbage-first heap   total 98304K, used 18432K [0x00000000a0e00000, 0x0000000100000000)
  region size 1024K, 16 young (16384K), 2 survivors (2048K)
 Metaspace       used 6804K, committed 7104K, reserved 1114112K
  class space    used 954K, committed 1088K, reserved 1048576K
}
Event: 5.910 GC heap after
{Heap after GC invocations=2 (full 0):
 garbage-first heap   total 98304K, used 5664K [0x00000000a0e00000, 0x0000000100000000)
  region size 1024K, 2 young (2048K), 2 survivors (2048K)
 Metaspace       used 6804K, committed 7104K, reserved 1114112K
  class space    used 954K, committed 1088K, reserved 1048576K
}
Event: 13.944 GC heap before
{Heap before GC invocations=2 (full 0):
 garbage-first heap   total 98304K, used 60960K [0x00000000a0e00000, 0x0000000100000000)
  region size 1024K, 57 young (58368K), 2 survivors (2048K)
 Metaspace       used 17776K, committed 18112K, reserved 1114112K
  class space    used 2421K, committed 2560K, reserved 1048576K
}
Event: 13.974 GC heap after
{Heap after GC invocations=3 (full 0):
 garbage-first heap   total 98304K, used 10500K [0x00000000a0e00000, 0x0000000100000000)
  region size 1024K, 7 young (7168K), 7 survivors (7168K)
 Metaspace       used 17776K, committed 18112K, reserved 1114112K
  class space    used 2421K, committed 2560K, reserved 1048576K
}
Event: 17.283 GC heap before
{Heap before GC invocations=3 (full 0):
 garbage-first heap   total 98304K, used 25860K [0x00000000a0e00000, 0x0000000100000000)
  region size 1024K, 24 young (24576K), 7 survivors (7168K)
 Metaspace       used 20986K, committed 21504K, reserved 1114112K
  class space    used 2875K, committed 3136K, reserved 1048576K
}
Event: 17.310 GC heap after
{Heap after GC invocations=4 (full 0):
 garbage-first heap   total 98304K, used 12230K [0x00000000a0e00000, 0x0000000100000000)
  region size 1024K, 2 young (2048K), 2 survivors (2048K)
 Metaspace       used 20986K, committed 21504K, reserved 1114112K
  class space    used 2875K, committed 3136K, reserved 1048576K
}
Event: 25.484 GC heap before
{Heap before GC invocations=5 (full 0):
 garbage-first heap   total 45056K, used 36806K [0x00000000a0e00000, 0x0000000100000000)
  region size 1024K, 26 young (26624K), 2 survivors (2048K)
 Metaspace       used 25594K, committed 26112K, reserved 1114112K
  class space    used 3532K, committed 3776K, reserved 1048576K
}
Event: 25.493 GC heap after
{Heap after GC invocations=6 (full 0):
 garbage-first heap   total 45056K, used 14336K [0x00000000a0e00000, 0x0000000100000000)
  region size 1024K, 4 young (4096K), 4 survivors (4096K)
 Metaspace       used 25594K, committed 26112K, reserved 1114112K
  class space    used 3532K, committed 3776K, reserved 1048576K
}
Event: 28.454 GC heap before
{Heap before GC invocations=6 (full 0):
 garbage-first heap   total 45056K, used 35840K [0x00000000a0e00000, 0x0000000100000000)
  region size 1024K, 25 young (25600K), 4 survivors (4096K)
 Metaspace       used 30793K, committed 31360K, reserved 1114112K
  class space    used 4294K, committed 4544K, reserved 1048576K
}
Event: 28.463 GC heap after
{Heap after GC invocations=7 (full 0):
 garbage-first heap   total 45056K, used 16539K [0x00000000a0e00000, 0x0000000100000000)
  region size 1024K, 3 young (3072K), 3 survivors (3072K)
 Metaspace       used 30793K, committed 31360K, reserved 1114112K
  class space    used 4294K, committed 4544K, reserved 1048576K
}

Dll operation events (9 events):
Event: 0.177 Loaded shared library C:\Users\palak\Downloads\java-21-openjdk-21.0.1.0.12-3.win.jdk.x86_64\java-21-openjdk-21.0.1.0.12-3.win.jdk.x86_64\bin\java.dll
Event: 1.463 Loaded shared library C:\Users\palak\Downloads\java-21-openjdk-21.0.1.0.12-3.win.jdk.x86_64\java-21-openjdk-21.0.1.0.12-3.win.jdk.x86_64\bin\net.dll
Event: 1.468 Loaded shared library C:\Users\palak\Downloads\java-21-openjdk-21.0.1.0.12-3.win.jdk.x86_64\java-21-openjdk-21.0.1.0.12-3.win.jdk.x86_64\bin\nio.dll
Event: 1.480 Loaded shared library C:\Users\palak\Downloads\java-21-openjdk-21.0.1.0.12-3.win.jdk.x86_64\java-21-openjdk-21.0.1.0.12-3.win.jdk.x86_64\bin\zip.dll
Event: 2.032 Loaded shared library C:\Users\palak\Downloads\java-21-openjdk-21.0.1.0.12-3.win.jdk.x86_64\java-21-openjdk-21.0.1.0.12-3.win.jdk.x86_64\bin\jimage.dll
Event: 7.953 Loaded shared library C:\Users\palak\Downloads\java-21-openjdk-21.0.1.0.12-3.win.jdk.x86_64\java-21-openjdk-21.0.1.0.12-3.win.jdk.x86_64\bin\sunmscapi.dll
Event: 19.892 Loaded shared library C:\Users\palak\Downloads\java-21-openjdk-21.0.1.0.12-3.win.jdk.x86_64\java-21-openjdk-21.0.1.0.12-3.win.jdk.x86_64\bin\management.dll
Event: 20.167 Loaded shared library C:\Users\palak\Downloads\java-21-openjdk-21.0.1.0.12-3.win.jdk.x86_64\java-21-openjdk-21.0.1.0.12-3.win.jdk.x86_64\bin\management_ext.dll
Event: 27.657 Loaded shared library C:\Users\palak\Downloads\java-21-openjdk-21.0.1.0.12-3.win.jdk.x86_64\java-21-openjdk-21.0.1.0.12-3.win.jdk.x86_64\bin\extnet.dll

Deoptimization events (8 events):
Event: 7.075 Thread 0x0000023e5c6867e0 DEOPT PACKING pc=0x0000023e674b7979 sp=0x0000004446ffd3b0
Event: 7.075 Thread 0x0000023e5c6867e0 DEOPT UNPACKING pc=0x0000023e66ff4e42 sp=0x0000004446ffc890 mode 3
Event: 9.181 Thread 0x0000023e5c6867e0 DEOPT PACKING pc=0x0000023e675323dd sp=0x0000004446ffd7e0
Event: 9.181 Thread 0x0000023e5c6867e0 DEOPT UNPACKING pc=0x0000023e66ff4e42 sp=0x0000004446ffcc88 mode 3
Event: 21.019 Thread 0x0000023e5c6867e0 DEOPT PACKING pc=0x0000023e676f4d9d sp=0x0000004446ffc750
Event: 21.019 Thread 0x0000023e5c6867e0 DEOPT UNPACKING pc=0x0000023e66ff4e42 sp=0x0000004446ffbcb8 mode 3
Event: 28.463 Thread 0x0000023e6e270c10 DEOPT PACKING pc=0x0000023e6764cd1c sp=0x0000004447fff200
Event: 28.463 Thread 0x0000023e6e270c10 DEOPT UNPACKING pc=0x0000023e66ff4e42 sp=0x0000004447ffe748 mode 0

Classes loaded (20 events):
Event: 29.529 Loading class sun/nio/ch/Util$2 done
Event: 29.530 Loading class sun/nio/ch/WEPoll
Event: 29.530 Loading class sun/nio/ch/WEPoll done
Event: 29.530 Loading class sun/nio/ch/PipeImpl
Event: 29.533 Loading class java/nio/channels/Pipe
Event: 29.533 Loading class java/nio/channels/Pipe done
Event: 29.533 Loading class sun/nio/ch/PipeImpl done
Event: 29.533 Loading class sun/nio/ch/PipeImpl$Initializer
Event: 29.534 Loading class sun/nio/ch/PipeImpl$Initializer done
Event: 29.534 Loading class sun/nio/ch/PipeImpl$Initializer$LoopbackConnector
Event: 29.534 Loading class sun/nio/ch/PipeImpl$Initializer$LoopbackConnector done
Event: 29.534 Loading class sun/nio/ch/UnixDomainSockets
Event: 29.535 Loading class sun/nio/ch/UnixDomainSockets done
Event: 29.535 Loading class sun/nio/ch/UnixDomainSocketsUtil
Event: 29.535 Loading class sun/nio/ch/UnixDomainSocketsUtil done
Event: 29.609 Loading class java/nio/channels/spi/AbstractInterruptibleChannel$1
Event: 29.609 Loading class sun/nio/ch/Interruptible
Event: 29.609 Loading class sun/nio/ch/Interruptible done
Event: 29.609 Loading class java/nio/channels/spi/AbstractInterruptibleChannel$1 done
Event: 29.616 Loading class java/nio/BufferMismatch

Classes unloaded (0 events):
No events

Classes redefined (0 events):
No events

Internal exceptions (20 events):
Event: 21.055 Thread 0x0000023e5c6867e0 Exception <a 'java/lang/NoSuchMethodError'{0x00000000a29dcbd0}: 'long java.lang.invoke.DirectMethodHandle$Holder.invokeVirtual(java.lang.Object, java.lang.Object)'> (0x00000000a29dcbd0) 
thrown [s\src\hotspot\share\interpreter\linkResolver.cpp, line 773]
Event: 21.243 Thread 0x0000023e5c6867e0 Exception <a 'java/lang/NoSuchMethodError'{0x00000000a28a92d0}: 'void java.lang.invoke.Invokers$Holder.invokeExact_MT(java.lang.Object, java.lang.Object, java.lang.Object, java.lang.Object)'> (0x00000000a28a92d0) 
thrown [s\src\hotspot\share\interpreter\linkResolver.cpp, line 773]
Event: 21.498 Thread 0x0000023e5c6867e0 Exception <a 'java/lang/NoSuchMethodError'{0x00000000a26b2fb8}: 'java.lang.Object java.lang.invoke.DirectMethodHandle$Holder.newInvokeSpecial(java.lang.Object, java.lang.Object, java.lang.Object, java.lang.Object, java.lang.Object, java.lang.Object, java.lang.Object, java.lang.Object)'> (0x00000000a26b2fb8) 
thrown [s\src\hotspot\share\interpreter\linkResolver.cpp, line 773]
Event: 25.613 Thread 0x0000023e5c6867e0 Exception <a 'java/lang/IncompatibleClassChangeError'{0x00000000a5b6ad10}: Found class java.lang.Object, but interface was expected> (0x00000000a5b6ad10) 
thrown [s\src\hotspot\share\interpreter\linkResolver.cpp, line 840]
Event: 25.732 Thread 0x0000023e5c6867e0 Exception <a 'java/lang/NoSuchMethodError'{0x00000000a350e868}: 'void java.lang.invoke.DirectMethodHandle$Holder.invokeVirtual(java.lang.Object, java.lang.Object, long)'> (0x00000000a350e868) 
thrown [s\src\hotspot\share\interpreter\linkResolver.cpp, line 773]
Event: 25.849 Thread 0x0000023e5c6867e0 Exception <a 'java/lang/NoSuchMethodError'{0x00000000a3355d10}: 'int java.lang.invoke.DirectMethodHandle$Holder.invokeStaticInit(java.lang.Object, java.lang.Object, java.lang.Object, java.lang.Object)'> (0x00000000a3355d10) 
thrown [s\src\hotspot\share\interpreter\linkResolver.cpp, line 773]
Event: 27.064 Thread 0x0000023e5c6867e0 Exception <a 'sun/nio/fs/WindowsException'{0x00000000a2c21a20}> (0x00000000a2c21a20) 
thrown [s\src\hotspot\share\prims\jni.cpp, line 520]
Event: 27.134 Thread 0x0000023e5c6867e0 Exception <a 'sun/nio/fs/WindowsException'{0x00000000a2c8edf8}> (0x00000000a2c8edf8) 
thrown [s\src\hotspot\share\prims\jni.cpp, line 520]
Event: 27.439 Thread 0x0000023e5c6867e0 Exception <a 'java/lang/NoSuchMethodError'{0x00000000a2b90340}: 'long java.lang.invoke.DirectMethodHandle$Holder.invokeStatic(java.lang.Object)'> (0x00000000a2b90340) 
thrown [s\src\hotspot\share\interpreter\linkResolver.cpp, line 773]
Event: 27.590 Thread 0x0000023e5c6867e0 Exception <a 'sun/nio/fs/WindowsException'{0x00000000a2ba9e98}> (0x00000000a2ba9e98) 
thrown [s\src\hotspot\share\prims\jni.cpp, line 520]
Event: 27.730 Thread 0x0000023e6e874b30 Exception <a 'java/lang/NoSuchMethodError'{0x00000000a291c6d8}: 'java.lang.Object java.lang.invoke.DirectMethodHandle$Holder.invokeStatic(java.lang.Object, long, long)'> (0x00000000a291c6d8) 
thrown [s\src\hotspot\share\interpreter\linkResolver.cpp, line 773]
Event: 27.731 Thread 0x0000023e6e874b30 Exception <a 'java/lang/NoSuchMethodError'{0x00000000a2927108}: 'java.lang.Object java.lang.invoke.DirectMethodHandle$Holder.invokeInterface(java.lang.Object, java.lang.Object, long)'> (0x00000000a2927108) 
thrown [s\src\hotspot\share\interpreter\linkResolver.cpp, line 773]
Event: 27.738 Thread 0x0000023e5c6867e0 Exception <a 'java/lang/IncompatibleClassChangeError'{0x00000000a2940b30}: Found class java.lang.Object, but interface was expected> (0x00000000a2940b30) 
thrown [s\src\hotspot\share\interpreter\linkResolver.cpp, line 840]
Event: 27.825 Thread 0x0000023e6e874b30 Exception <a 'java/lang/NoSuchMethodError'{0x00000000a29ddf28}: 'void java.lang.invoke.DirectMethodHandle$Holder.invokeStatic(java.lang.Object, long)'> (0x00000000a29ddf28) 
thrown [s\src\hotspot\share\interpreter\linkResolver.cpp, line 773]
Event: 28.317 Thread 0x0000023e6e874b30 Exception <a 'java/lang/NoSuchMethodError'{0x00000000a2692458}: 'void java.lang.invoke.DirectMethodHandle$Holder.invokeStatic(java.lang.Object, java.lang.Object, long)'> (0x00000000a2692458) 
thrown [s\src\hotspot\share\interpreter\linkResolver.cpp, line 773]
Event: 28.330 Thread 0x0000023e5c6867e0 Exception <a 'java/lang/IncompatibleClassChangeError'{0x00000000a26d0330}: Found class java.lang.Object, but interface was expected> (0x00000000a26d0330) 
thrown [s\src\hotspot\share\interpreter\linkResolver.cpp, line 840]
Event: 28.372 Thread 0x0000023e5c6867e0 Exception <a 'java/lang/NoSuchMethodError'{0x00000000a2520a78}: 'java.lang.Object java.lang.invoke.DirectMethodHandle$Holder.newInvokeSpecial(java.lang.Object, java.lang.Object, java.lang.Object, int, int)'> (0x00000000a2520a78) 
thrown [s\src\hotspot\share\interpreter\linkResolver.cpp, line 773]
Event: 28.811 Thread 0x0000023e5c6867e0 Exception <a 'java/lang/IncompatibleClassChangeError'{0x00000000a36d20c0}: Found class java.lang.Object, but interface was expected> (0x00000000a36d20c0) 
thrown [s\src\hotspot\share\interpreter\linkResolver.cpp, line 840]
Event: 28.895 Thread 0x0000023e5c6867e0 Exception <a 'java/lang/NoSuchMethodError'{0x00000000a356aa70}: 'long java.lang.invoke.DirectMethodHandle$Holder.invokeVirtual(java.lang.Object, java.lang.Object, java.lang.Object, java.lang.Object, java.lang.Object, java.lang.Object)'> (0x00000000a356aa70) 
thrown [s\src\hotspot\share\interpreter\linkResolver.cpp, line 773]
Event: 29.340 Thread 0x0000023e5c6867e0 Exception <a 'java/lang/NoSuchMethodError'{0x00000000a31d2ca8}: 'java.lang.Object java.lang.invoke.DirectMethodHandle$Holder.newInvokeSpecial(java.lang.Object, java.lang.Object, int, java.lang.Object, java.lang.Object)'> (0x00000000a31d2ca8) 
thrown [s\src\hotspot\share\interpreter\linkResolver.cpp, line 773]

ZGC Phase Switch (0 events):
No events

VM Operations (20 events):
Event: 25.766 Executing VM operation: HandshakeAllThreads (Deoptimize)
Event: 25.766 Executing VM operation: HandshakeAllThreads (Deoptimize) done
Event: 26.769 Executing VM operation: Cleanup
Event: 26.810 Executing VM operation: Cleanup done
Event: 27.213 Executing VM operation: HandshakeAllThreads (Deoptimize)
Event: 27.213 Executing VM operation: HandshakeAllThreads (Deoptimize) done
Event: 27.629 Executing VM operation: HandshakeAllThreads (Deoptimize)
Event: 27.629 Executing VM operation: HandshakeAllThreads (Deoptimize) done
Event: 27.815 Executing VM operation: HandshakeAllThreads (Deoptimize)
Event: 27.815 Executing VM operation: HandshakeAllThreads (Deoptimize) done
Event: 27.815 Executing VM operation: Cleanup
Event: 27.815 Executing VM operation: Cleanup done
Event: 27.896 Executing VM operation: HandshakeAllThreads (Deoptimize)
Event: 27.896 Executing VM operation: HandshakeAllThreads (Deoptimize) done
Event: 28.172 Executing VM operation: HandshakeAllThreads (Deoptimize)
Event: 28.188 Executing VM operation: HandshakeAllThreads (Deoptimize) done
Event: 28.454 Executing VM operation: G1CollectForAllocation (G1 Evacuation Pause)
Event: 28.463 Executing VM operation: G1CollectForAllocation (G1 Evacuation Pause) done
Event: 29.465 Executing VM operation: Cleanup
Event: 29.512 Executing VM operation: Cleanup done

Events (20 events):
Event: 20.177 Thread 0x0000023e6e630d00 Thread exited: 0x0000023e6e630d00
Event: 21.166 Thread 0x0000023e73127f40 Thread added: 0x0000023e73127f40
Event: 21.179 Thread 0x0000023e731285b0 Thread added: 0x0000023e731285b0
Event: 21.214 Thread 0x0000023e6e76cf50 Thread added: 0x0000023e6e76cf50
Event: 25.346 Thread 0x0000023e6e28e160 Thread exited: 0x0000023e6e28e160
Event: 26.637 Thread 0x0000023e73091800 Thread added: 0x0000023e73091800
Event: 27.325 Thread 0x0000023e6e874b30 Thread added: 0x0000023e6e874b30
Event: 27.926 Thread 0x0000023e73522610 Thread added: 0x0000023e73522610
Event: 28.280 Thread 0x0000023e7389f1b0 Thread added: 0x0000023e7389f1b0
Event: 28.314 Thread 0x0000023e73053a40 Thread added: 0x0000023e73053a40
Event: 29.358 Thread 0x0000023e7399a080 Thread added: 0x0000023e7399a080
Event: 29.359 Thread 0x0000023e7399bac0 Thread added: 0x0000023e7399bac0
Event: 29.359 Thread 0x0000023e7399ce70 Thread added: 0x0000023e7399ce70
Event: 29.359 Thread 0x0000023e7399b430 Thread added: 0x0000023e7399b430
Event: 29.360 Thread 0x0000023e7399d500 Thread added: 0x0000023e7399d500
Event: 29.465 Thread 0x0000023e7399a710 Thread added: 0x0000023e7399a710
Event: 29.517 Thread 0x0000023e7399ada0 Thread added: 0x0000023e7399ada0
Event: 29.518 Thread 0x0000023e7399c150 Thread added: 0x0000023e7399c150
Event: 29.521 Thread 0x0000023e7399c7e0 Thread added: 0x0000023e7399c7e0
Event: 29.522 Thread 0x0000023e73a7caa0 Thread added: 0x0000023e73a7caa0


Dynamic libraries:
0x00007ff7bcac0000 - 0x00007ff7bcace000 	C:\Users\palak\Downloads\java-21-openjdk-21.0.1.0.12-3.win.jdk.x86_64\java-21-openjdk-21.0.1.0.12-3.win.jdk.x86_64\bin\java.exe
0x00007ffbfa4e0000 - 0x00007ffbfa743000 	C:\WINDOWS\SYSTEM32\ntdll.dll
0x00007ffbf91e0000 - 0x00007ffbf92a7000 	C:\WINDOWS\System32\KERNEL32.DLL
0x00007ffbf7f50000 - 0x00007ffbf8317000 	C:\WINDOWS\System32\KERNELBASE.dll
0x00007ffbf7ca0000 - 0x00007ffbf7dec000 	C:\WINDOWS\System32\ucrtbase.dll
0x00007ffbe18b0000 - 0x00007ffbe18c8000 	C:\Users\palak\Downloads\java-21-openjdk-21.0.1.0.12-3.win.jdk.x86_64\java-21-openjdk-21.0.1.0.12-3.win.jdk.x86_64\bin\jli.dll
0x00007ffbf92b0000 - 0x00007ffbf9479000 	C:\WINDOWS\System32\USER32.dll
0x00007ffbf7f20000 - 0x00007ffbf7f47000 	C:\WINDOWS\System32\win32u.dll
0x00007ffbf84b0000 - 0x00007ffbf84da000 	C:\WINDOWS\System32\GDI32.dll
0x00007ffbf7ac0000 - 0x00007ffbf7beb000 	C:\WINDOWS\System32\gdi32full.dll
0x00007ffbf7bf0000 - 0x00007ffbf7c93000 	C:\WINDOWS\System32\msvcp_win.dll
0x00007ffbe1430000 - 0x00007ffbe144b000 	C:\Users\palak\Downloads\java-21-openjdk-21.0.1.0.12-3.win.jdk.x86_64\java-21-openjdk-21.0.1.0.12-3.win.jdk.x86_64\bin\VCRUNTIME140.dll
0x00007ffbf6960000 - 0x00007ffbf6bf0000 	C:\WINDOWS\WinSxS\amd64_microsoft.windows.common-controls_6595b64144ccf1df_6.0.26100.3037_none_3e09262ce333c378\COMCTL32.dll
0x00007ffbf88c0000 - 0x00007ffbf8969000 	C:\WINDOWS\System32\msvcrt.dll
0x00007ffbf9ac0000 - 0x00007ffbf9aef000 	C:\WINDOWS\System32\IMM32.DLL
0x00007ffbe94e0000 - 0x00007ffbe94ec000 	C:\Users\palak\Downloads\java-21-openjdk-21.0.1.0.12-3.win.jdk.x86_64\java-21-openjdk-21.0.1.0.12-3.win.jdk.x86_64\bin\vcruntime140_1.dll
0x00007ffbb7400000 - 0x00007ffbb748e000 	C:\Users\palak\Downloads\java-21-openjdk-21.0.1.0.12-3.win.jdk.x86_64\java-21-openjdk-21.0.1.0.12-3.win.jdk.x86_64\bin\msvcp140.dll
0x00007ffbb41f0000 - 0x00007ffbb4f71000 	C:\Users\palak\Downloads\java-21-openjdk-21.0.1.0.12-3.win.jdk.x86_64\java-21-openjdk-21.0.1.0.12-3.win.jdk.x86_64\bin\server\jvm.dll
0x00007ffbf8340000 - 0x00007ffbf83f4000 	C:\WINDOWS\System32\ADVAPI32.dll
0x00007ffbf8d20000 - 0x00007ffbf8dc6000 	C:\WINDOWS\System32\sechost.dll
0x00007ffbf9500000 - 0x00007ffbf9616000 	C:\WINDOWS\System32\RPCRT4.dll
0x00007ffbf89d0000 - 0x00007ffbf8a44000 	C:\WINDOWS\System32\WS2_32.dll
0x00007ffbf7710000 - 0x00007ffbf775e000 	C:\WINDOWS\SYSTEM32\POWRPROF.dll
0x00007ffbee750000 - 0x00007ffbee786000 	C:\WINDOWS\SYSTEM32\WINMM.dll
0x00007ffbefdc0000 - 0x00007ffbefdcb000 	C:\WINDOWS\SYSTEM32\VERSION.dll
0x00007ffbf76f0000 - 0x00007ffbf7704000 	C:\WINDOWS\SYSTEM32\UMPDC.dll
0x00007ffbf5d80000 - 0x00007ffbf5d9a000 	C:\WINDOWS\SYSTEM32\kernel.appcore.dll
0x00007ffbe93a0000 - 0x00007ffbe93aa000 	C:\Users\palak\Downloads\java-21-openjdk-21.0.1.0.12-3.win.jdk.x86_64\java-21-openjdk-21.0.1.0.12-3.win.jdk.x86_64\bin\jimage.dll
0x00007ffbf7040000 - 0x00007ffbf7281000 	C:\WINDOWS\SYSTEM32\DBGHELP.DLL
0x00007ffbf8dd0000 - 0x00007ffbf914e000 	C:\WINDOWS\System32\combase.dll
0x00007ffbfa240000 - 0x00007ffbfa316000 	C:\WINDOWS\System32\OLEAUT32.dll
0x00007ffbf6f00000 - 0x00007ffbf6f39000 	C:\WINDOWS\SYSTEM32\dbgcore.DLL
0x00007ffbf7df0000 - 0x00007ffbf7e89000 	C:\WINDOWS\System32\bcryptPrimitives.dll
0x00007ffbd99a0000 - 0x00007ffbd99bf000 	C:\Users\palak\Downloads\java-21-openjdk-21.0.1.0.12-3.win.jdk.x86_64\java-21-openjdk-21.0.1.0.12-3.win.jdk.x86_64\bin\java.dll
0x00007ffbf9b00000 - 0x00007ffbfa204000 	C:\WINDOWS\System32\SHELL32.dll
0x00007ffbf4b30000 - 0x00007ffbf5367000 	C:\WINDOWS\SYSTEM32\windows.storage.dll
0x00007ffbfa320000 - 0x00007ffbfa409000 	C:\WINDOWS\System32\SHCORE.dll
0x00007ffbf8860000 - 0x00007ffbf88bd000 	C:\WINDOWS\System32\shlwapi.dll
0x00007ffbf7790000 - 0x00007ffbf77be000 	C:\WINDOWS\SYSTEM32\profapi.dll
0x00007ffbe1e60000 - 0x00007ffbe1e70000 	C:\Users\palak\Downloads\java-21-openjdk-21.0.1.0.12-3.win.jdk.x86_64\java-21-openjdk-21.0.1.0.12-3.win.jdk.x86_64\bin\net.dll
0x00007ffbf2070000 - 0x00007ffbf218e000 	C:\WINDOWS\SYSTEM32\WINHTTP.dll
0x00007ffbf6280000 - 0x00007ffbf62ea000 	C:\WINDOWS\system32\mswsock.dll
0x00007ffbcc150000 - 0x00007ffbcc166000 	C:\Users\palak\Downloads\java-21-openjdk-21.0.1.0.12-3.win.jdk.x86_64\java-21-openjdk-21.0.1.0.12-3.win.jdk.x86_64\bin\nio.dll
0x00007ffbcc130000 - 0x00007ffbcc148000 	C:\Users\palak\Downloads\java-21-openjdk-21.0.1.0.12-3.win.jdk.x86_64\java-21-openjdk-21.0.1.0.12-3.win.jdk.x86_64\bin\zip.dll
0x00007ffbf6fc0000 - 0x00007ffbf6fce000 	C:\Users\palak\Downloads\java-21-openjdk-21.0.1.0.12-3.win.jdk.x86_64\java-21-openjdk-21.0.1.0.12-3.win.jdk.x86_64\bin\sunmscapi.dll
0x00007ffbf7880000 - 0x00007ffbf79f6000 	C:\WINDOWS\System32\CRYPT32.dll
0x00007ffbf6920000 - 0x00007ffbf6950000 	C:\WINDOWS\SYSTEM32\ncrypt.dll
0x00007ffbf68d0000 - 0x00007ffbf690f000 	C:\WINDOWS\SYSTEM32\NTASN1.dll
0x00007ffbf73b0000 - 0x00007ffbf73cc000 	C:\WINDOWS\SYSTEM32\CRYPTSP.dll
0x00007ffbf61b0000 - 0x00007ffbf61e8000 	C:\WINDOWS\system32\rsaenh.dll
0x00007ffbf6320000 - 0x00007ffbf634b000 	C:\WINDOWS\SYSTEM32\USERENV.dll
0x00007ffbf6fd0000 - 0x00007ffbf6ff6000 	C:\WINDOWS\SYSTEM32\bcrypt.dll
0x00007ffbf6730000 - 0x00007ffbf673c000 	C:\WINDOWS\SYSTEM32\CRYPTBASE.dll
0x00007ffbf57c0000 - 0x00007ffbf57f2000 	C:\WINDOWS\SYSTEM32\IPHLPAPI.DLL
0x00007ffbf9620000 - 0x00007ffbf962a000 	C:\WINDOWS\System32\NSI.dll
0x00007ffbf3c80000 - 0x00007ffbf3c8a000 	C:\Users\palak\Downloads\java-21-openjdk-21.0.1.0.12-3.win.jdk.x86_64\java-21-openjdk-21.0.1.0.12-3.win.jdk.x86_64\bin\management.dll
0x00007ffbf0610000 - 0x00007ffbf061b000 	C:\Users\palak\Downloads\java-21-openjdk-21.0.1.0.12-3.win.jdk.x86_64\java-21-openjdk-21.0.1.0.12-3.win.jdk.x86_64\bin\management_ext.dll
0x00007ffbf8c00000 - 0x00007ffbf8c08000 	C:\WINDOWS\System32\PSAPI.DLL
0x00007ffbf5800000 - 0x00007ffbf5925000 	C:\WINDOWS\SYSTEM32\DNSAPI.dll
0x00007ffbdb290000 - 0x00007ffbdb29b000 	C:\Windows\System32\rasadhlp.dll
0x00007ffbf0160000 - 0x00007ffbf01e5000 	C:\WINDOWS\System32\fwpuclnt.dll
0x00007ffbdc5d0000 - 0x00007ffbdc5d7000 	C:\Users\palak\Downloads\java-21-openjdk-21.0.1.0.12-3.win.jdk.x86_64\java-21-openjdk-21.0.1.0.12-3.win.jdk.x86_64\bin\extnet.dll
0x00007ffbe0df0000 - 0x00007ffbe0df8000 	C:\WINDOWS\system32\wshunix.dll

dbghelp: loaded successfully - version: 4.0.5 - missing functions: none
symbol engine: initialized successfully - sym options: 0x614 - pdb path: .;C:\Users\palak\Downloads\java-21-openjdk-21.0.1.0.12-3.win.jdk.x86_64\java-21-openjdk-21.0.1.0.12-3.win.jdk.x86_64\bin;C:\WINDOWS\SYSTEM32;C:\WINDOWS\WinSxS\amd64_microsoft.windows.common-controls_6595b64144ccf1df_6.0.26100.3037_none_3e09262ce333c378;C:\Users\palak\Downloads\java-21-openjdk-21.0.1.0.12-3.win.jdk.x86_64\java-21-openjdk-21.0.1.0.12-3.win.jdk.x86_64\bin\server

VM Arguments:
jvm_args: -XX:TieredStopAtLevel=1 
java_command: com.example.demo.DemoApplication
java_class_path (initial): C:\Users\palak\Downloads\demo\target\classes;C:\Users\palak\.m2\repository\org\springframework\boot\spring-boot\3.4.2\spring-boot-3.4.2.jar;C:\Users\palak\.m2\repository\org\springframework\boot\spring-boot-autoconfigure\3.4.2\spring-boot-autoconfigure-3.4.2.jar;C:\Users\palak\.m2\repository\ch\qos\logback\logback-classic\1.5.16\logback-classic-1.5.16.jar;C:\Users\palak\.m2\repository\ch\qos\logback\logback-core\1.5.16\logback-core-1.5.16.jar;C:\Users\palak\.m2\repository\org\apache\logging\log4j\log4j-to-slf4j\2.24.3\log4j-to-slf4j-2.24.3.jar;C:\Users\palak\.m2\repository\org\apache\logging\log4j\log4j-api\2.24.3\log4j-api-2.24.3.jar;C:\Users\palak\.m2\repository\org\slf4j\jul-to-slf4j\2.0.16\jul-to-slf4j-2.0.16.jar;C:\Users\palak\.m2\repository\jakarta\annotation\jakarta.annotation-api\2.1.1\jakarta.annotation-api-2.1.1.jar;C:\Users\palak\.m2\repository\org\yaml\snakeyaml\2.3\snakeyaml-2.3.jar;C:\Users\palak\.m2\repository\org\mongodb\mongodb-driver-sync\5.2.1\mongodb-driver-sync-5.2.1.jar;C:\Users\palak\.m2\repository\org\mongodb\bson\5.2.1\bson-5.2.1.jar;C:\Users\palak\.m2\repository\org\mongodb\mongodb-driver-core\5.2.1\mongodb-driver-core-5.2.1.jar;C:\Users\palak\.m2\repository\org\mongodb\bson-record-codec\5.2.1\bson-record-codec-5.2.1.jar;C:\Users\palak\.m2\repository\org\springframework\data\spring-data-mongodb\4.4.2\spring-data-mongodb-4.4.2.jar;C:\Users\palak\.m2\repository\org\springframework\spring-tx\6.2.2\spring-tx-6.2.2.jar;C:\Users\palak\.m2\repository\org\springframework\spring-context\6.2.2\spring-context-6.2.2.jar;C:\Users\palak\.m2\repository\org\springframework\spring-beans\6.2.2\spring-beans-6.2.2.jar;C:\Users\palak\.m2\repository\org\springframework\spring-expression\6.2.2\spring-expression-6.2.2.jar;C:\Users\palak\.m2\repository\org\springframework\data\spring-data-commons\3.4.2\spring-data-commons-3.4.2.jar;C:\Users\palak\.m2\repository\org\slf4j\slf4j-api\2.0.16\slf4j-api-2.0.16.jar;C:\Users\palak\.m2\repository\com\fasterxml\jackson\core\jackson-databind\2.18.2\jackson-databind-2.18.2.jar;C:\Users\palak\.m2\repository\com\fasterxml\jackson\core\jackson-annotations\2.18.2\jackson-annotations-2.18.2.jar;C:\Users\palak\.m2\repository\com\fasterxml\jackson\core\jackson-core\2.18.2\jackson-core-2.18.2.jar;C:\Users\palak\.m2\repository\com\fasterxml\jackson\datatype\jackson-datatype-jdk8\2.18.2\jackson-datatype-jdk8-2.18.2.jar;C:\Users\palak\.m2\repository\com\fasterxml\jackson\datatype\jackson-datatype-jsr310\2.18.2\jackson-datatype-jsr310-2.18.2.jar;C:\Users\palak\.m2\repository\com\fasterxml\jackson\module\jackson-module-parameter-names\2.18.2\jackson-module-parameter-names-2.18.2.jar;C:\Users\palak\.m2\repository\org\apache\tomcat\embed\tomcat-embed-core\10.1.34\tomcat-embed-core-10.1.34.jar;C:\Users\palak\.m2\repository\org\apache\tomcat\embed\tomcat-embed-el\10.1.34\tomcat-embed-el-10.1.34.jar;C:\Users\palak\.m2\repository\org\apache\tomcat\embed\tomcat-embed-websocket\10.1.34\tomcat-embed-websocket-10.1.34.jar;C:\Users\palak\.m2\repository\org\springframework\spring-web\6.2.2\spring-web-6.2.2.jar;C:\Users\palak\.m2\repository\io\micrometer\micrometer-observation\1.14.3\micrometer-observation-1.14.3.jar;C:\Users\palak\.m2\repository\io\micrometer\micrometer-commons\1.14.3\micrometer-commons-1.14.3.jar;C:\Users\palak\.m2\repository\org\springframework\spring-webmvc\6.2.2\spring-webmvc-6.2.2.jar;C:\Users\palak\.m2\repository\org\springframework\spring-aop\6.2.2\spring-aop-6.2.2.jar;C:\Users\palak\.m2\repository\org\springframework\spring-core\6.2.2\spring-core-6.2.2.jar;C:\Users\palak\.m2\repository\org\springframework\spring-jcl\6.2.2\spring-jcl-6.2.2.jar
Launcher Type: SUN_STANDARD

[Global flags]
     intx CICompilerCount                          = 3                                         {product} {ergonomic}
     uint ConcGCThreads                            = 1                                         {product} {ergonomic}
     uint G1ConcRefinementThreads                  = 4                                         {product} {ergonomic}
   size_t G1HeapRegionSize                         = 1048576                                   {product} {ergonomic}
    uintx GCDrainStackTargetSize                   = 64                                        {product} {ergonomic}
   size_t InitialHeapSize                          = 100663296                                 {product} {ergonomic}
   size_t MarkStackSize                            = 4194304                                   {product} {ergonomic}
   size_t MaxHeapSize                              = 1595932672                                {product} {ergonomic}
   size_t MaxNewSize                               = 957349888                                 {product} {ergonomic}
   size_t MinHeapDeltaBytes                        = 1048576                                   {product} {ergonomic}
   size_t MinHeapSize                              = 8388608                                   {product} {ergonomic}
    uintx NonNMethodCodeHeapSize                   = 4096                                   {pd product} {ergonomic}
    uintx NonProfiledCodeHeapSize                  = 0                                      {pd product} {ergonomic}
     bool ProfileInterpreter                       = false                                  {pd product} {command line}
    uintx ProfiledCodeHeapSize                     = 0                                      {pd product} {ergonomic}
   size_t SoftMaxHeapSize                          = 1595932672                             {manageable} {ergonomic}
     intx TieredStopAtLevel                        = 1                                         {product} {command line}
     bool UseCompressedOops                        = true                           {product lp64_product} {ergonomic}
     bool UseG1GC                                  = true                                      {product} {ergonomic}
     bool UseLargePagesIndividualAllocation        = false                                  {pd product} {ergonomic}

Logging:
Log output configuration:
 #0: stdout all=warning uptime,level,tags foldmultilines=false
 #1: stderr all=off uptime,level,tags foldmultilines=false

Environment Variables:
JAVA_HOME=C:\Users\palak\Downloads\java-21-openjdk-21.0.1.0.12-3.win.jdk.x86_64\java-21-openjdk-21.0.1.0.12-3.win.jdk.x86_64
PATH=C:\Program Files (x86)\Common Files\Oracle\Java\java8path;C:\Program Files (x86)\Common Files\Oracle\Java\javapath;C:\WINDOWS\system32;C:\WINDOWS;C:\WINDOWS\System32\Wbem;C:\WINDOWS\System32\WindowsPowerShell\v1.0\;C:\WINDOWS\System32\OpenSSH\;C:\Users\palak\Downloads\java-21-openjdk-21.0.1.0.12-3.win.jdk.x86_64\java-21-openjdk-21.0.1.0.12-3.win.jdk.x86_64\bin;C:\Users\palak\Downloads\apache-maven-3.9.8-bin\bin;c:\users\palak\appdata\local\packages\pythonsoftwarefoundation.python.3.11_qbz5n2kfra8p0\localcache\local-packages\python311\site-packages;C:\ProgramData\chocolatey\bin;C:\Program Files\nodejs\;C:\Users\palak\AppData\Local\Programs\Python\Python312\Scripts;C:\Program Files\Git\cmd;C:\Users\palak\Downloads\flutter_windows_3.27.3-stable\flutter\bin;C:\Users\palak\AppData\Local\Android\Sdk\cmdline-tools\latest\bin;C:\Users\palak\AppData\Local\Android\Sdk\platform-tools;C:\ffmpeg;C:\Program Files\MongoDB\Server\8.0\bin;C:\Users\palak\AppData\Local\Programs\Python\Python312\Scripts\;C:\Users\palak\AppData\Local\Programs\Python\Python312\;C:\Users\palak\AppData\Local\Programs\Python\Launcher\;C:\Program Files\MySQL\MySQL Shell 8.0\bin\;C:\Users\palak\AppData\Local\Microsoft\WindowsApps;C:\Users\palak\AppData\Local\Programs\Microsoft VS Code\bin;C:\Program Files\JetBrains\IntelliJ IDEA Community Edition 2023.3.3\bin;C:\Users\palak\AppData\Local\JetBrains\CLion 2023.3.4\bin;C:\Program Files\JetBrains\PyCharm 2024.1.2\bin;C:\Program Files\JetBrains\PyCharm Community Edition 2024.1.4\bin;C:\Users\palak\AppData\Local\JetBrains\Toolbox\scripts;C:\Users\palak\AppData\Roaming\npm;C:\Users\palak\AppData\Local\GitHubDesktop\bin;C:\Users\palak\AppData\Local\Microsoft\WindowsApps;
USERNAME=palak
LANG=en_US.UTF-8
OS=Windows_NT
PROCESSOR_IDENTIFIER=AMD64 Family 23 Model 24 Stepping 1, AuthenticAMD
TMP=C:\Users\palak\AppData\Local\Temp
TEMP=C:\Users\palak\AppData\Local\Temp




Periodic native trim disabled

---------------  S Y S T E M  ---------------

OS:
 Windows 11 , 64 bit Build 26100 (10.0.26100.3037)
OS uptime: 0 days 4:21 hours

CPU: total 4 (initial active 4) (4 cores per cpu, 2 threads per core) family 23 model 24 stepping 1 microcode 0x8108109, cx8, cmov, fxsr, ht, mmx, 3dnowpref, sse, sse2, sse3, ssse3, sse4a, sse4.1, sse4.2, popcnt, lzcnt, tsc, tscinvbit, avx, avx2, aes, clmul, bmi1, bmi2, adx, sha, fma, vzeroupper, clflush, clflushopt, rdtscp, f16c
Processor Information for all 4 processors :
  Max Mhz: 2600, Current Mhz: 2600, Mhz Limit: 2600

Memory: 4k page, system-wide physical 6086M (722M free)
TotalPageFile size 14278M (AvailPageFile size 172M)
current process WorkingSet (physical memory assigned to process): 142M, peak: 148M
current process commit charge ("private bytes"): 170M, peak: 203M

vm_info: OpenJDK 64-Bit Server VM (21.0.1+12-LTS) for windows-amd64 JRE (21.0.1+12-LTS), built on 2023-10-17T00:00:00Z by "admin" with unknown MS VC++:1937

END.
