#
# There is insufficient memory for the Java Runtime Environment to continue.
# Native memory allocation (malloc) failed to allocate 723376 bytes. Error detail: Chunk::new
# Possible reasons:
#   The system is out of physical RAM or swap space
#   This process is running with CompressedOops enabled, and the Java Heap may be blocking the growth of the native heap
# Possible solutions:
#   Reduce memory load on the system
#   Increase physical memory or swap space
#   Check if swap backing store is full
#   Decrease Java heap size (-Xmx/-Xms)
#   Decrease number of Java threads
#   Decrease Java thread stack sizes (-Xss)
#   Set larger code cache with -XX:ReservedCodeCacheSize=
#   JVM is running with Unscaled Compressed Oops mode in which the Java heap is
#     placed in the first 4GB address space. The Java Heap base address is the
#     maximum limit for the native heap growth. Please use -XX:HeapBaseMinAddress
#     to set the Java Heap base and to place the Java Heap above 4GB virtual address.
# This output file may be truncated or incomplete.
#
#  Out of Memory Error (arena.cpp:168), pid=18560, tid=17512
#
# JRE version: OpenJDK Runtime Environment Temurin-21.0.6+7 (21.0.6+7) (build 21.0.6+7-LTS)
# Java VM: OpenJDK 64-Bit Server VM Temurin-21.0.6+7 (21.0.6+7-LTS, mixed mode, sharing, tiered, compressed oops, compressed class ptrs, parallel gc, windows-amd64)
# No core dump will be written. Minidumps are not enabled by default on client versions of Windows
#

---------------  S U M M A R Y ------------

Command Line: --add-modules=ALL-SYSTEM --add-opens=java.base/java.util=ALL-UNNAMED --add-opens=java.base/java.lang=ALL-UNNAMED --add-opens=java.base/sun.nio.fs=ALL-UNNAMED -Declipse.application=org.eclipse.jdt.ls.core.id1 -Dosgi.bundles.defaultStartLevel=4 -Declipse.product=org.eclipse.jdt.ls.core.product -Djava.import.generatesMetadataFilesAtProjectRoot=false -DDetectVMInstallationsJob.disabled=true -Dfile.encoding=utf8 -XX:+UseParallelGC -XX:GCTimeRatio=4 -XX:AdaptiveSizePolicyWeight=90 -Dsun.zip.disableMemoryMapping=true -Xmx1G -Xms100m -Xlog:disable -javaagent:c:\Users\palak\.vscode\extensions\redhat.java-1.40.0-win32-x64\lombok\lombok-1.18.36.jar -XX:+HeapDumpOnOutOfMemoryError -XX:HeapDumpPath=c:\Users\palak\AppData\Roaming\Code\User\workspaceStorage\632f04cdbe9e26a6a5769c745b0508de\redhat.java -Daether.dependencyCollector.impl=bf c:\Users\palak\.vscode\extensions\redhat.java-1.40.0-win32-x64\server\plugins\org.eclipse.equinox.launcher_1.6.1000.v20250131-0606.jar -configuration c:\Users\palak\AppData\Roaming\Code\User\globalStorage\redhat.java\1.40.0\config_win -data c:\Users\palak\AppData\Roaming\Code\User\workspaceStorage\632f04cdbe9e26a6a5769c745b0508de\redhat.java\jdt_ws --pipe=\\.\pipe\lsp-2107df7b55d3472eb59cac12d921a4a3-sock

Host: AMD Ryzen 3 3250U with Radeon Graphics         , 4 cores, 5G,  Windows 11 , 64 bit Build 26100 (10.0.26100.3323)
Time: Mon Mar 24 00:54:36 2025 India Standard Time elapsed time: 147.120031 seconds (0d 0h 2m 27s)

---------------  T H R E A D  ---------------

Current thread (0x000002a8d7e54160):  JavaThread "C2 CompilerThread0" daemon [_thread_in_native, id=17512, stack(0x000000dde5100000,0x000000dde5200000) (1024K)]


Current CompileTask:
C2:147120 12353   !   4       java.util.jar.Attributes::read (494 bytes)

Stack: [0x000000dde5100000,0x000000dde5200000]
Native frames: (J=compiled Java code, j=interpreted, Vv=VM code, C=native code)
V  [jvm.dll+0x6cdee9]
V  [jvm.dll+0x8a83d1]
V  [jvm.dll+0x8aa8fe]
V  [jvm.dll+0x8aafe3]
V  [jvm.dll+0x27f706]
V  [jvm.dll+0xc500d]
V  [jvm.dll+0xc5543]
V  [jvm.dll+0x3b678c]
V  [jvm.dll+0x382935]
V  [jvm.dll+0x381d9a]
V  [jvm.dll+0x2479f0]
V  [jvm.dll+0x246fcf]
V  [jvm.dll+0x1c75ee]
V  [jvm.dll+0x25685a]
V  [jvm.dll+0x254dfa]
V  [jvm.dll+0x3f0256]
V  [jvm.dll+0x851f8b]
V  [jvm.dll+0x6cc5ed]
C  [ucrtbase.dll+0x37b0]
C  [KERNEL32.DLL+0x2e8d7]
C  [ntdll.dll+0xbbf6c]


---------------  P R O C E S S  ---------------

Threads class SMR info:
_java_thread_list=0x000002a8df85ce80, length=43, elements={
0x000002a8c183d840, 0x000002a8c3bcc410, 0x000002a8d7e40b40, 0x000002a8d7e43360,
0x000002a8d7e43fb0, 0x000002a8d7e46290, 0x000002a8d7e4f890, 0x000002a8d7e54160,
0x000002a8d7ebe8b0, 0x000002a8c3b7ea30, 0x000002a8d8e6fbf0, 0x000002a8dd21e140,
0x000002a8dd5ec590, 0x000002a8dd9a6670, 0x000002a8dd4cf960, 0x000002a8dd7bd670,
0x000002a8ddaefe80, 0x000002a8dd5e2500, 0x000002a8dd5e3f40, 0x000002a8dd5e52f0,
0x000002a8dd5e4c60, 0x000002a8dd5e1e70, 0x000002a8dd5e2b90, 0x000002a8dd5e45d0,
0x000002a8df4900a0, 0x000002a8df48ecf0, 0x000002a8df492170, 0x000002a8df490dc0,
0x000002a8df492800, 0x000002a8df48f380, 0x000002a8df492e90, 0x000002a8df491ae0,
0x000002a8df490730, 0x000002a8df48fa10, 0x000002a8df4955f0, 0x000002a8df495c80,
0x000002a8df496310, 0x000002a8df493520, 0x000002a8df493bb0, 0x000002a8df494f60,
0x000002a8de0f79d0, 0x000002a8de0f8060, 0x000002a8de0f5900
}

Java Threads: ( => current thread )
  0x000002a8c183d840 JavaThread "main"                              [_thread_blocked, id=7084, stack(0x000000dde4700000,0x000000dde4800000) (1024K)]
  0x000002a8c3bcc410 JavaThread "Reference Handler"          daemon [_thread_blocked, id=11632, stack(0x000000dde4b00000,0x000000dde4c00000) (1024K)]
  0x000002a8d7e40b40 JavaThread "Finalizer"                  daemon [_thread_blocked, id=15660, stack(0x000000dde4c00000,0x000000dde4d00000) (1024K)]
  0x000002a8d7e43360 JavaThread "Signal Dispatcher"          daemon [_thread_blocked, id=11980, stack(0x000000dde4d00000,0x000000dde4e00000) (1024K)]
  0x000002a8d7e43fb0 JavaThread "Attach Listener"            daemon [_thread_blocked, id=4800, stack(0x000000dde4e00000,0x000000dde4f00000) (1024K)]
  0x000002a8d7e46290 JavaThread "Service Thread"             daemon [_thread_blocked, id=18252, stack(0x000000dde4f00000,0x000000dde5000000) (1024K)]
  0x000002a8d7e4f890 JavaThread "Monitor Deflation Thread"   daemon [_thread_blocked, id=10992, stack(0x000000dde5000000,0x000000dde5100000) (1024K)]
=>0x000002a8d7e54160 JavaThread "C2 CompilerThread0"         daemon [_thread_in_native, id=17512, stack(0x000000dde5100000,0x000000dde5200000) (1024K)]
  0x000002a8d7ebe8b0 JavaThread "C1 CompilerThread0"         daemon [_thread_blocked, id=8968, stack(0x000000dde5200000,0x000000dde5300000) (1024K)]
  0x000002a8c3b7ea30 JavaThread "Common-Cleaner"             daemon [_thread_blocked, id=9640, stack(0x000000dde5300000,0x000000dde5400000) (1024K)]
  0x000002a8d8e6fbf0 JavaThread "Notification Thread"        daemon [_thread_blocked, id=11644, stack(0x000000dde5400000,0x000000dde5500000) (1024K)]
  0x000002a8dd21e140 JavaThread "Active Thread: Equinox Container: b54d0e53-cb66-491c-9074-d53c7261767d"        [_thread_blocked, id=10672, stack(0x000000dde5800000,0x000000dde5900000) (1024K)]
  0x000002a8dd5ec590 JavaThread "Refresh Thread: Equinox Container: b54d0e53-cb66-491c-9074-d53c7261767d" daemon [_thread_blocked, id=13680, stack(0x000000dde5900000,0x000000dde5a00000) (1024K)]
  0x000002a8dd9a6670 JavaThread "Framework Event Dispatcher: Equinox Container: b54d0e53-cb66-491c-9074-d53c7261767d" daemon [_thread_blocked, id=8104, stack(0x000000dde5a00000,0x000000dde5b00000) (1024K)]
  0x000002a8dd4cf960 JavaThread "Start Level: Equinox Container: b54d0e53-cb66-491c-9074-d53c7261767d" daemon [_thread_blocked, id=12844, stack(0x000000dde5b00000,0x000000dde5c00000) (1024K)]
  0x000002a8dd7bd670 JavaThread "Bundle File Closer"         daemon [_thread_blocked, id=16700, stack(0x000000dde5c00000,0x000000dde5d00000) (1024K)]
  0x000002a8ddaefe80 JavaThread "SCR Component Actor"        daemon [_thread_blocked, id=1656, stack(0x000000dde5d00000,0x000000dde5e00000) (1024K)]
  0x000002a8dd5e2500 JavaThread "Worker-JM"                         [_thread_blocked, id=18076, stack(0x000000dde5f00000,0x000000dde6000000) (1024K)]
  0x000002a8dd5e3f40 JavaThread "JNA Cleaner"                daemon [_thread_blocked, id=2168, stack(0x000000dde6100000,0x000000dde6200000) (1024K)]
  0x000002a8dd5e52f0 JavaThread "Worker-0: Initialize Workspace"        [_thread_blocked, id=8728, stack(0x000000dde6000000,0x000000dde6100000) (1024K)]
  0x000002a8dd5e4c60 JavaThread "Worker-1: Initialize workspace"        [_thread_blocked, id=2508, stack(0x000000dde6200000,0x000000dde6300000) (1024K)]
  0x000002a8dd5e1e70 JavaThread "Worker-2: Java indexing... "        [_thread_blocked, id=18624, stack(0x000000dde6300000,0x000000dde6400000) (1024K)]
  0x000002a8dd5e2b90 JavaThread "Java indexing"              daemon [_thread_in_Java, id=16840, stack(0x000000dde6500000,0x000000dde6600000) (1024K)]
  0x000002a8dd5e45d0 JavaThread "Worker-3"                          [_thread_blocked, id=17700, stack(0x000000dde6600000,0x000000dde6700000) (1024K)]
  0x000002a8df4900a0 JavaThread "Worker-4"                          [_thread_blocked, id=16872, stack(0x000000dde6800000,0x000000dde6900000) (1024K)]
  0x000002a8df48ecf0 JavaThread "Thread-2"                   daemon [_thread_in_native, id=5108, stack(0x000000dde6900000,0x000000dde6a00000) (1024K)]
  0x000002a8df492170 JavaThread "Thread-3"                   daemon [_thread_in_native, id=4508, stack(0x000000dde6a00000,0x000000dde6b00000) (1024K)]
  0x000002a8df490dc0 JavaThread "Thread-4"                   daemon [_thread_in_native, id=12120, stack(0x000000dde6b00000,0x000000dde6c00000) (1024K)]
  0x000002a8df492800 JavaThread "Thread-5"                   daemon [_thread_in_native, id=11112, stack(0x000000dde6c00000,0x000000dde6d00000) (1024K)]
  0x000002a8df48f380 JavaThread "Thread-6"                   daemon [_thread_in_native, id=15008, stack(0x000000dde6d00000,0x000000dde6e00000) (1024K)]
  0x000002a8df492e90 JavaThread "pool-2-thread-1"                   [_thread_blocked, id=14568, stack(0x000000dde6700000,0x000000dde6800000) (1024K)]
  0x000002a8df491ae0 JavaThread "WorkspaceEventsHandler"            [_thread_blocked, id=16964, stack(0x000000dde6e00000,0x000000dde6f00000) (1024K)]
  0x000002a8df490730 JavaThread "pool-1-thread-1"                   [_thread_blocked, id=16668, stack(0x000000dde6f00000,0x000000dde7000000) (1024K)]
  0x000002a8df48fa10 JavaThread "LocalFile Deleter"          daemon [_thread_blocked, id=1596, stack(0x000000dde7000000,0x000000dde7100000) (1024K)]
  0x000002a8df4955f0 JavaThread "LocalFile Deleter"          daemon [_thread_blocked, id=18844, stack(0x000000dde7100000,0x000000dde7200000) (1024K)]
  0x000002a8df495c80 JavaThread "LocalFile Deleter"          daemon [_thread_blocked, id=8604, stack(0x000000dde7200000,0x000000dde7300000) (1024K)]
  0x000002a8df496310 JavaThread "LocalFile Deleter"          daemon [_thread_blocked, id=4000, stack(0x000000dde7300000,0x000000dde7400000) (1024K)]
  0x000002a8df493520 JavaThread "Compiler Source File Reader" daemon [_thread_blocked, id=18908, stack(0x000000dde7400000,0x000000dde7500000) (1024K)]
  0x000002a8df493bb0 JavaThread "Compiler Source File Reader" daemon [_thread_blocked, id=11220, stack(0x000000dde7500000,0x000000dde7600000) (1024K)]
  0x000002a8df494f60 JavaThread "Compiler Processing Task"   daemon [_thread_blocked, id=14684, stack(0x000000dde7600000,0x000000dde7700000) (1024K)]
  0x000002a8de0f79d0 JavaThread "Compiler Class File Writer" daemon [_thread_blocked, id=14260, stack(0x000000dde7700000,0x000000dde7800000) (1024K)]
  0x000002a8de0f8060 JavaThread "Compiler Class File Writer" daemon [_thread_blocked, id=7052, stack(0x000000dde4500000,0x000000dde4600000) (1024K)]
  0x000002a8de0f5900 JavaThread "Worker-5"                          [_thread_blocked, id=17688, stack(0x000000dde7800000,0x000000dde7900000) (1024K)]
Total: 43

Other Threads:
  0x000002a8d7e3f4f0 VMThread "VM Thread"                           [id=13348, stack(0x000000dde4a00000,0x000000dde4b00000) (1024K)]
  0x000002a8d7ddca10 WatcherThread "VM Periodic Task Thread"        [id=14924, stack(0x000000dde4900000,0x000000dde4a00000) (1024K)]
  0x000002a8c3b2d570 WorkerThread "GC Thread#0"                     [id=15536, stack(0x000000dde4800000,0x000000dde4900000) (1024K)]
  0x000002a8d8f46c30 WorkerThread "GC Thread#1"                     [id=13868, stack(0x000000dde5500000,0x000000dde5600000) (1024K)]
  0x000002a8d8f46fd0 WorkerThread "GC Thread#2"                     [id=14212, stack(0x000000dde5600000,0x000000dde5700000) (1024K)]
  0x000002a8d8ed08a0 WorkerThread "GC Thread#3"                     [id=9320, stack(0x000000dde5700000,0x000000dde5800000) (1024K)]
Total: 6

Threads with active compile tasks:
C2 CompilerThread0  147171 12353   !   4       java.util.jar.Attributes::read (494 bytes)
Total: 1

VM state: not at safepoint (normal execution)

VM Mutex/Monitor currently owned by a thread: None

Heap address: 0x00000000c0000000, size: 1024 MB, Compressed Oops mode: 32-bit

CDS archive(s) mapped at: [0x000002a880000000-0x000002a880ba0000-0x000002a880ba0000), size 12189696, SharedBaseAddress: 0x000002a880000000, ArchiveRelocationMode: 1.
Compressed class space mapped at: 0x000002a881000000-0x000002a8c1000000, reserved size: 1073741824
Narrow klass base: 0x000002a880000000, Narrow klass shift: 0, Narrow klass range: 0x100000000

GC Precious Log:
 CardTable entry size: 512
 CPUs: 4 total, 4 available
 Memory: 6086M
 Large Page Support: Disabled
 NUMA Support: Disabled
 Compressed Oops: Enabled (32-bit)
 Alignments: Space 512K, Generation 512K, Heap 2M
 Heap Min Capacity: 100M
 Heap Initial Capacity: 100M
 Heap Max Capacity: 1G
 Pre-touch: Disabled
 Parallel Workers: 4

Heap:
 PSYoungGen      total 2048K, used 564K [0x00000000eab00000, 0x00000000eae00000, 0x0000000100000000)
  eden space 1024K, 8% used [0x00000000eab00000,0x00000000eab15208,0x00000000eac00000)
  from space 1024K, 46% used [0x00000000eac00000,0x00000000eac78000,0x00000000ead00000)
  to   space 1024K, 0% used [0x00000000ead00000,0x00000000ead00000,0x00000000eae00000)
 ParOldGen       total 420352K, used 420194K [0x00000000c0000000, 0x00000000d9a80000, 0x00000000eab00000)
  object space 420352K, 99% used [0x00000000c0000000,0x00000000d9a58b50,0x00000000d9a80000)
 Metaspace       used 64661K, committed 66240K, reserved 1114112K
  class space    used 6627K, committed 7296K, reserved 1048576K

Card table byte_map: [0x000002a8c34b0000,0x000002a8c36c0000] _byte_map_base: 0x000002a8c2eb0000

Marking Bits: (ParMarkBitMap*) 0x00007ffd8d293260
 Begin Bits: [0x000002a8d5d00000, 0x000002a8d6d00000)
 End Bits:   [0x000002a8d6d00000, 0x000002a8d7d00000)

Polling page: 0x000002a8c1960000

Metaspace:

Usage:
  Non-class:     56.67 MB used.
      Class:      6.47 MB used.
       Both:     63.15 MB used.

Virtual space:
  Non-class space:       64.00 MB reserved,      57.56 MB ( 90%) committed,  1 nodes.
      Class space:        1.00 GB reserved,       7.12 MB ( <1%) committed,  1 nodes.
             Both:        1.06 GB reserved,      64.69 MB (  6%) committed. 

Chunk freelists:
   Non-Class:  5.67 MB
       Class:  8.86 MB
        Both:  14.53 MB

MaxMetaspaceSize: unlimited
CompressedClassSpaceSize: 1.00 GB
Initial GC threshold: 21.00 MB
Current GC threshold: 97.31 MB
CDS: on
 - commit_granule_bytes: 65536.
 - commit_granule_words: 8192.
 - virtual_space_node_default_size: 8388608.
 - enlarge_chunks_in_place: 1.
 - use_allocation_guard: 0.


Internal statistics:

num_allocs_failed_limit: 9.
num_arena_births: 1224.
num_arena_deaths: 14.
num_vsnodes_births: 2.
num_vsnodes_deaths: 0.
num_space_committed: 1035.
num_space_uncommitted: 0.
num_chunks_returned_to_freelist: 23.
num_chunks_taken_from_freelist: 4344.
num_chunk_merges: 15.
num_chunk_splits: 2639.
num_chunks_enlarged: 1441.
num_inconsistent_stats: 0.

CodeHeap 'non-profiled nmethods': size=120000Kb used=9392Kb max_used=9392Kb free=110608Kb
 bounds [0x000002a8ce7d0000, 0x000002a8cf100000, 0x000002a8d5d00000]
CodeHeap 'profiled nmethods': size=120000Kb used=26918Kb max_used=26918Kb free=93081Kb
 bounds [0x000002a8c6d00000, 0x000002a8c8750000, 0x000002a8ce230000]
CodeHeap 'non-nmethods': size=5760Kb used=1433Kb max_used=1499Kb free=4326Kb
 bounds [0x000002a8ce230000, 0x000002a8ce4a0000, 0x000002a8ce7d0000]
 total_blobs=12249 nmethods=11503 adapters=651
 compilation: enabled
              stopped_count=0, restarted_count=0
 full_count=0

Compilation events (20 events):
Event: 145.726 Thread 0x000002a8d7e54160 nmethod 12345 0x000002a8cf0f2f10 code [0x000002a8cf0f3120, 0x000002a8cf0f3a70]
Event: 145.726 Thread 0x000002a8d7e54160 12346       4       org.eclipse.jdt.internal.core.index.DiskIndex::writeCategoryTable (252 bytes)
Event: 145.825 Thread 0x000002a8d7e54160 nmethod 12346 0x000002a8cf0f3f90 code [0x000002a8cf0f4380, 0x000002a8cf0f6b98]
Event: 145.843 Thread 0x000002a8d7e54160 12347 %     4       org.eclipse.jdt.internal.core.index.DiskIndex::writeCategoryTable @ 154 (252 bytes)
Event: 145.892 Thread 0x000002a8d7e54160 nmethod 12347% 0x000002a8cf0f8290 code [0x000002a8cf0f8560, 0x000002a8cf0f9bf8]
Event: 146.242 Thread 0x000002a8d7e54160 12348   !   4       java.io.FileOutputStream::write (47 bytes)
Event: 146.244 Thread 0x000002a8d7e54160 nmethod 12348 0x000002a8cf0fa910 code [0x000002a8cf0faac0, 0x000002a8cf0fac50]
Event: 146.289 Thread 0x000002a8d7e54160 12349       4       java.io.BufferedOutputStream::flushBuffer (29 bytes)
Event: 146.292 Thread 0x000002a8d7e54160 nmethod 12349 0x000002a8cf0fae90 code [0x000002a8cf0fb060, 0x000002a8cf0fb288]
Event: 146.586 Thread 0x000002a8d7ebe8b0 12350       3       org.eclipse.jdt.internal.core.index.DiskIndex::writeStreamInt (122 bytes)
Event: 146.587 Thread 0x000002a8d7ebe8b0 nmethod 12350 0x000002a8c8744c90 code [0x000002a8c8744e40, 0x000002a8c8745140]
Event: 146.779 Thread 0x000002a8d7e54160 12351       4       org.eclipse.jdt.internal.core.search.processing.JobManager$$Lambda/0x000002a8814bfc18::test (12 bytes)
Event: 146.780 Thread 0x000002a8d7ebe8b0 12352  s    3       org.eclipse.jdt.internal.core.search.indexing.IndexManager::computeIndexLocation (116 bytes)
Event: 146.783 Thread 0x000002a8d7ebe8b0 nmethod 12352 0x000002a8c8745290 code [0x000002a8c87457a0, 0x000002a8c8747af8]
Event: 146.787 Thread 0x000002a8d7e54160 nmethod 12351 0x000002a8cf0fb590 code [0x000002a8cf0fb780, 0x000002a8cf0fbcb0]
Event: 146.815 Thread 0x000002a8d7e54160 12353   !   4       java.util.jar.Attributes::read (494 bytes)
Event: 146.816 Thread 0x000002a8d7ebe8b0 12355       3       java.lang.invoke.LambdaFormEditor$TransformKey::packedBytes (83 bytes)
Event: 146.816 Thread 0x000002a8d7ebe8b0 nmethod 12355 0x000002a8c8748890 code [0x000002a8c8748a60, 0x000002a8c8748e28]
Event: 146.816 Thread 0x000002a8d7ebe8b0 12354       3       java.lang.invoke.LambdaFormEditor$TransformKey::of (83 bytes)
Event: 146.817 Thread 0x000002a8d7ebe8b0 nmethod 12354 0x000002a8c8749010 code [0x000002a8c8749220, 0x000002a8c8749820]

GC Heap History (20 events):
Event: 144.716 GC heap before
{Heap before GC invocations=311 (full 3):
 PSYoungGen      total 1536K, used 1056K [0x00000000eab00000, 0x00000000ead80000, 0x0000000100000000)
  eden space 512K, 100% used [0x00000000eab00000,0x00000000eab80000,0x00000000eab80000)
  from space 1024K, 53% used [0x00000000eab80000,0x00000000eac08000,0x00000000eac80000)
  to   space 1024K, 0% used [0x00000000eac80000,0x00000000eac80000,0x00000000ead80000)
 ParOldGen       total 413696K, used 413430K [0x00000000c0000000, 0x00000000d9400000, 0x00000000eab00000)
  object space 413696K, 99% used [0x00000000c0000000,0x00000000d93bdb90,0x00000000d9400000)
 Metaspace       used 64633K, committed 66112K, reserved 1114112K
  class space    used 6625K, committed 7296K, reserved 1048576K
}
Event: 144.723 GC heap after
{Heap after GC invocations=311 (full 3):
 PSYoungGen      total 1536K, used 480K [0x00000000eab00000, 0x00000000ead00000, 0x0000000100000000)
  eden space 1024K, 0% used [0x00000000eab00000,0x00000000eab00000,0x00000000eac00000)
  from space 512K, 93% used [0x00000000eac80000,0x00000000eacf8000,0x00000000ead00000)
  to   space 512K, 0% used [0x00000000eac00000,0x00000000eac00000,0x00000000eac80000)
 ParOldGen       total 414208K, used 413922K [0x00000000c0000000, 0x00000000d9480000, 0x00000000eab00000)
  object space 414208K, 99% used [0x00000000c0000000,0x00000000d9438b50,0x00000000d9480000)
 Metaspace       used 64633K, committed 66112K, reserved 1114112K
  class space    used 6625K, committed 7296K, reserved 1048576K
}
Event: 144.882 GC heap before
{Heap before GC invocations=312 (full 3):
 PSYoungGen      total 1536K, used 1504K [0x00000000eab00000, 0x00000000ead00000, 0x0000000100000000)
  eden space 1024K, 100% used [0x00000000eab00000,0x00000000eac00000,0x00000000eac00000)
  from space 512K, 93% used [0x00000000eac80000,0x00000000eacf8000,0x00000000ead00000)
  to   space 512K, 0% used [0x00000000eac00000,0x00000000eac00000,0x00000000eac80000)
 ParOldGen       total 414208K, used 413922K [0x00000000c0000000, 0x00000000d9480000, 0x00000000eab00000)
  object space 414208K, 99% used [0x00000000c0000000,0x00000000d9438b50,0x00000000d9480000)
 Metaspace       used 64633K, committed 66112K, reserved 1114112K
  class space    used 6625K, committed 7296K, reserved 1048576K
}
Event: 144.886 GC heap after
{Heap after GC invocations=312 (full 3):
 PSYoungGen      total 1536K, used 512K [0x00000000eab00000, 0x00000000eaf00000, 0x0000000100000000)
  eden space 1024K, 0% used [0x00000000eab00000,0x00000000eab00000,0x00000000eac00000)
  from space 512K, 100% used [0x00000000eac00000,0x00000000eac80000,0x00000000eac80000)
  to   space 1536K, 0% used [0x00000000ead80000,0x00000000ead80000,0x00000000eaf00000)
 ParOldGen       total 414720K, used 414482K [0x00000000c0000000, 0x00000000d9500000, 0x00000000eab00000)
  object space 414720K, 99% used [0x00000000c0000000,0x00000000d94c4b50,0x00000000d9500000)
 Metaspace       used 64633K, committed 66112K, reserved 1114112K
  class space    used 6625K, committed 7296K, reserved 1048576K
}
Event: 144.972 GC heap before
{Heap before GC invocations=313 (full 3):
 PSYoungGen      total 1536K, used 1536K [0x00000000eab00000, 0x00000000eaf00000, 0x0000000100000000)
  eden space 1024K, 100% used [0x00000000eab00000,0x00000000eac00000,0x00000000eac00000)
  from space 512K, 100% used [0x00000000eac00000,0x00000000eac80000,0x00000000eac80000)
  to   space 1536K, 0% used [0x00000000ead80000,0x00000000ead80000,0x00000000eaf00000)
 ParOldGen       total 414720K, used 414482K [0x00000000c0000000, 0x00000000d9500000, 0x00000000eab00000)
  object space 414720K, 99% used [0x00000000c0000000,0x00000000d94c4b50,0x00000000d9500000)
 Metaspace       used 64633K, committed 66112K, reserved 1114112K
  class space    used 6625K, committed 7296K, reserved 1048576K
}
Event: 144.975 GC heap after
{Heap after GC invocations=313 (full 3):
 PSYoungGen      total 2048K, used 672K [0x00000000eab00000, 0x00000000eae80000, 0x0000000100000000)
  eden space 1024K, 0% used [0x00000000eab00000,0x00000000eab00000,0x00000000eac00000)
  from space 1024K, 65% used [0x00000000ead80000,0x00000000eae28000,0x00000000eae80000)
  to   space 1024K, 0% used [0x00000000eac80000,0x00000000eac80000,0x00000000ead80000)
 ParOldGen       total 415232K, used 415002K [0x00000000c0000000, 0x00000000d9580000, 0x00000000eab00000)
  object space 415232K, 99% used [0x00000000c0000000,0x00000000d9546b50,0x00000000d9580000)
 Metaspace       used 64633K, committed 66112K, reserved 1114112K
  class space    used 6625K, committed 7296K, reserved 1048576K
}
Event: 145.116 GC heap before
{Heap before GC invocations=314 (full 3):
 PSYoungGen      total 2048K, used 1696K [0x00000000eab00000, 0x00000000eae80000, 0x0000000100000000)
  eden space 1024K, 100% used [0x00000000eab00000,0x00000000eac00000,0x00000000eac00000)
  from space 1024K, 65% used [0x00000000ead80000,0x00000000eae28000,0x00000000eae80000)
  to   space 1024K, 0% used [0x00000000eac80000,0x00000000eac80000,0x00000000ead80000)
 ParOldGen       total 415232K, used 415002K [0x00000000c0000000, 0x00000000d9580000, 0x00000000eab00000)
  object space 415232K, 99% used [0x00000000c0000000,0x00000000d9546b50,0x00000000d9580000)
 Metaspace       used 64633K, committed 66112K, reserved 1114112K
  class space    used 6625K, committed 7296K, reserved 1048576K
}
Event: 145.119 GC heap after
{Heap after GC invocations=314 (full 3):
 PSYoungGen      total 2048K, used 672K [0x00000000eab00000, 0x00000000eae00000, 0x0000000100000000)
  eden space 1024K, 0% used [0x00000000eab00000,0x00000000eab00000,0x00000000eac00000)
  from space 1024K, 65% used [0x00000000eac80000,0x00000000ead28000,0x00000000ead80000)
  to   space 512K, 0% used [0x00000000ead80000,0x00000000ead80000,0x00000000eae00000)
 ParOldGen       total 415744K, used 415650K [0x00000000c0000000, 0x00000000d9600000, 0x00000000eab00000)
  object space 415744K, 99% used [0x00000000c0000000,0x00000000d95e8b50,0x00000000d9600000)
 Metaspace       used 64633K, committed 66112K, reserved 1114112K
  class space    used 6625K, committed 7296K, reserved 1048576K
}
Event: 145.270 GC heap before
{Heap before GC invocations=315 (full 3):
 PSYoungGen      total 2048K, used 1696K [0x00000000eab00000, 0x00000000eae00000, 0x0000000100000000)
  eden space 1024K, 100% used [0x00000000eab00000,0x00000000eac00000,0x00000000eac00000)
  from space 1024K, 65% used [0x00000000eac80000,0x00000000ead28000,0x00000000ead80000)
  to   space 512K, 0% used [0x00000000ead80000,0x00000000ead80000,0x00000000eae00000)
 ParOldGen       total 415744K, used 415650K [0x00000000c0000000, 0x00000000d9600000, 0x00000000eab00000)
  object space 415744K, 99% used [0x00000000c0000000,0x00000000d95e8b50,0x00000000d9600000)
 Metaspace       used 64633K, committed 66112K, reserved 1114112K
  class space    used 6625K, committed 7296K, reserved 1048576K
}
Event: 145.273 GC heap after
{Heap after GC invocations=315 (full 3):
 PSYoungGen      total 1536K, used 512K [0x00000000eab00000, 0x00000000eaf00000, 0x0000000100000000)
  eden space 1024K, 0% used [0x00000000eab00000,0x00000000eab00000,0x00000000eac00000)
  from space 512K, 100% used [0x00000000ead80000,0x00000000eae00000,0x00000000eae00000)
  to   space 1536K, 0% used [0x00000000eac00000,0x00000000eac00000,0x00000000ead80000)
 ParOldGen       total 416768K, used 416354K [0x00000000c0000000, 0x00000000d9700000, 0x00000000eab00000)
  object space 416768K, 99% used [0x00000000c0000000,0x00000000d9698b50,0x00000000d9700000)
 Metaspace       used 64633K, committed 66112K, reserved 1114112K
  class space    used 6625K, committed 7296K, reserved 1048576K
}
Event: 145.540 GC heap before
{Heap before GC invocations=316 (full 3):
 PSYoungGen      total 1536K, used 1536K [0x00000000eab00000, 0x00000000eaf00000, 0x0000000100000000)
  eden space 1024K, 100% used [0x00000000eab00000,0x00000000eac00000,0x00000000eac00000)
  from space 512K, 100% used [0x00000000ead80000,0x00000000eae00000,0x00000000eae00000)
  to   space 1536K, 0% used [0x00000000eac00000,0x00000000eac00000,0x00000000ead80000)
 ParOldGen       total 416768K, used 416354K [0x00000000c0000000, 0x00000000d9700000, 0x00000000eab00000)
  object space 416768K, 99% used [0x00000000c0000000,0x00000000d9698b50,0x00000000d9700000)
 Metaspace       used 64633K, committed 66112K, reserved 1114112K
  class space    used 6625K, committed 7296K, reserved 1048576K
}
Event: 145.545 GC heap after
{Heap after GC invocations=316 (full 3):
 PSYoungGen      total 2048K, used 896K [0x00000000eab00000, 0x00000000eae00000, 0x0000000100000000)
  eden space 1024K, 0% used [0x00000000eab00000,0x00000000eab00000,0x00000000eac00000)
  from space 1024K, 87% used [0x00000000eac00000,0x00000000eace0000,0x00000000ead00000)
  to   space 1024K, 0% used [0x00000000ead00000,0x00000000ead00000,0x00000000eae00000)
 ParOldGen       total 417280K, used 416882K [0x00000000c0000000, 0x00000000d9780000, 0x00000000eab00000)
  object space 417280K, 99% used [0x00000000c0000000,0x00000000d971cb50,0x00000000d9780000)
 Metaspace       used 64633K, committed 66112K, reserved 1114112K
  class space    used 6625K, committed 7296K, reserved 1048576K
}
Event: 146.251 GC heap before
{Heap before GC invocations=317 (full 3):
 PSYoungGen      total 2048K, used 1920K [0x00000000eab00000, 0x00000000eae00000, 0x0000000100000000)
  eden space 1024K, 100% used [0x00000000eab00000,0x00000000eac00000,0x00000000eac00000)
  from space 1024K, 87% used [0x00000000eac00000,0x00000000eace0000,0x00000000ead00000)
  to   space 1024K, 0% used [0x00000000ead00000,0x00000000ead00000,0x00000000eae00000)
 ParOldGen       total 417280K, used 416882K [0x00000000c0000000, 0x00000000d9780000, 0x00000000eab00000)
  object space 417280K, 99% used [0x00000000c0000000,0x00000000d971cb50,0x00000000d9780000)
 Metaspace       used 64633K, committed 66112K, reserved 1114112K
  class space    used 6625K, committed 7296K, reserved 1048576K
}
Event: 146.254 GC heap after
{Heap after GC invocations=317 (full 3):
 PSYoungGen      total 2048K, used 800K [0x00000000eab00000, 0x00000000eae00000, 0x0000000100000000)
  eden space 1024K, 0% used [0x00000000eab00000,0x00000000eab00000,0x00000000eac00000)
  from space 1024K, 78% used [0x00000000ead00000,0x00000000eadc8000,0x00000000eae00000)
  to   space 1024K, 0% used [0x00000000eac00000,0x00000000eac00000,0x00000000ead00000)
 ParOldGen       total 417792K, used 417714K [0x00000000c0000000, 0x00000000d9800000, 0x00000000eab00000)
  object space 417792K, 99% used [0x00000000c0000000,0x00000000d97ecb50,0x00000000d9800000)
 Metaspace       used 64633K, committed 66112K, reserved 1114112K
  class space    used 6625K, committed 7296K, reserved 1048576K
}
Event: 146.351 GC heap before
{Heap before GC invocations=318 (full 3):
 PSYoungGen      total 2048K, used 1824K [0x00000000eab00000, 0x00000000eae00000, 0x0000000100000000)
  eden space 1024K, 100% used [0x00000000eab00000,0x00000000eac00000,0x00000000eac00000)
  from space 1024K, 78% used [0x00000000ead00000,0x00000000eadc8000,0x00000000eae00000)
  to   space 1024K, 0% used [0x00000000eac00000,0x00000000eac00000,0x00000000ead00000)
 ParOldGen       total 417792K, used 417714K [0x00000000c0000000, 0x00000000d9800000, 0x00000000eab00000)
  object space 417792K, 99% used [0x00000000c0000000,0x00000000d97ecb50,0x00000000d9800000)
 Metaspace       used 64633K, committed 66112K, reserved 1114112K
  class space    used 6625K, committed 7296K, reserved 1048576K
}
Event: 146.354 GC heap after
{Heap after GC invocations=318 (full 3):
 PSYoungGen      total 2048K, used 960K [0x00000000eab00000, 0x00000000eae00000, 0x0000000100000000)
  eden space 1024K, 0% used [0x00000000eab00000,0x00000000eab00000,0x00000000eac00000)
  from space 1024K, 93% used [0x00000000eac00000,0x00000000eacf0000,0x00000000ead00000)
  to   space 1024K, 0% used [0x00000000ead00000,0x00000000ead00000,0x00000000eae00000)
 ParOldGen       total 418816K, used 418490K [0x00000000c0000000, 0x00000000d9900000, 0x00000000eab00000)
  object space 418816K, 99% used [0x00000000c0000000,0x00000000d98aeb50,0x00000000d9900000)
 Metaspace       used 64633K, committed 66112K, reserved 1114112K
  class space    used 6625K, committed 7296K, reserved 1048576K
}
Event: 146.364 GC heap before
{Heap before GC invocations=319 (full 3):
 PSYoungGen      total 2048K, used 1984K [0x00000000eab00000, 0x00000000eae00000, 0x0000000100000000)
  eden space 1024K, 100% used [0x00000000eab00000,0x00000000eac00000,0x00000000eac00000)
  from space 1024K, 93% used [0x00000000eac00000,0x00000000eacf0000,0x00000000ead00000)
  to   space 1024K, 0% used [0x00000000ead00000,0x00000000ead00000,0x00000000eae00000)
 ParOldGen       total 418816K, used 418490K [0x00000000c0000000, 0x00000000d9900000, 0x00000000eab00000)
  object space 418816K, 99% used [0x00000000c0000000,0x00000000d98aeb50,0x00000000d9900000)
 Metaspace       used 64633K, committed 66112K, reserved 1114112K
  class space    used 6625K, committed 7296K, reserved 1048576K
}
Event: 146.367 GC heap after
{Heap after GC invocations=319 (full 3):
 PSYoungGen      total 2048K, used 800K [0x00000000eab00000, 0x00000000eae00000, 0x0000000100000000)
  eden space 1024K, 0% used [0x00000000eab00000,0x00000000eab00000,0x00000000eac00000)
  from space 1024K, 78% used [0x00000000ead00000,0x00000000eadc8000,0x00000000eae00000)
  to   space 1024K, 0% used [0x00000000eac00000,0x00000000eac00000,0x00000000ead00000)
 ParOldGen       total 419840K, used 419402K [0x00000000c0000000, 0x00000000d9a00000, 0x00000000eab00000)
  object space 419840K, 99% used [0x00000000c0000000,0x00000000d9992b50,0x00000000d9a00000)
 Metaspace       used 64633K, committed 66112K, reserved 1114112K
  class space    used 6625K, committed 7296K, reserved 1048576K
}
Event: 146.920 GC heap before
{Heap before GC invocations=320 (full 3):
 PSYoungGen      total 2048K, used 1821K [0x00000000eab00000, 0x00000000eae00000, 0x0000000100000000)
  eden space 1024K, 99% used [0x00000000eab00000,0x00000000eabff690,0x00000000eac00000)
  from space 1024K, 78% used [0x00000000ead00000,0x00000000eadc8000,0x00000000eae00000)
  to   space 1024K, 0% used [0x00000000eac00000,0x00000000eac00000,0x00000000ead00000)
 ParOldGen       total 419840K, used 419402K [0x00000000c0000000, 0x00000000d9a00000, 0x00000000eab00000)
  object space 419840K, 99% used [0x00000000c0000000,0x00000000d9992b50,0x00000000d9a00000)
 Metaspace       used 64661K, committed 66240K, reserved 1114112K
  class space    used 6627K, committed 7296K, reserved 1048576K
}
Event: 146.922 GC heap after
{Heap after GC invocations=320 (full 3):
 PSYoungGen      total 2048K, used 480K [0x00000000eab00000, 0x00000000eae00000, 0x0000000100000000)
  eden space 1024K, 0% used [0x00000000eab00000,0x00000000eab00000,0x00000000eac00000)
  from space 1024K, 46% used [0x00000000eac00000,0x00000000eac78000,0x00000000ead00000)
  to   space 1024K, 0% used [0x00000000ead00000,0x00000000ead00000,0x00000000eae00000)
 ParOldGen       total 420352K, used 420194K [0x00000000c0000000, 0x00000000d9a80000, 0x00000000eab00000)
  object space 420352K, 99% used [0x00000000c0000000,0x00000000d9a58b50,0x00000000d9a80000)
 Metaspace       used 64661K, committed 66240K, reserved 1114112K
  class space    used 6627K, committed 7296K, reserved 1048576K
}

Dll operation events (12 events):
Event: 0.039 Loaded shared library c:\Users\palak\.vscode\extensions\redhat.java-1.40.0-win32-x64\jre\21.0.6-win32-x86_64\bin\java.dll
Event: 1.386 Loaded shared library c:\Users\palak\.vscode\extensions\redhat.java-1.40.0-win32-x64\jre\21.0.6-win32-x86_64\bin\zip.dll
Event: 1.464 Loaded shared library C:\Users\palak\.vscode\extensions\redhat.java-1.40.0-win32-x64\jre\21.0.6-win32-x86_64\bin\instrument.dll
Event: 1.476 Loaded shared library C:\Users\palak\.vscode\extensions\redhat.java-1.40.0-win32-x64\jre\21.0.6-win32-x86_64\bin\net.dll
Event: 1.480 Loaded shared library C:\Users\palak\.vscode\extensions\redhat.java-1.40.0-win32-x64\jre\21.0.6-win32-x86_64\bin\nio.dll
Event: 1.486 Loaded shared library C:\Users\palak\.vscode\extensions\redhat.java-1.40.0-win32-x64\jre\21.0.6-win32-x86_64\bin\zip.dll
Event: 1.770 Loaded shared library C:\Users\palak\.vscode\extensions\redhat.java-1.40.0-win32-x64\jre\21.0.6-win32-x86_64\bin\jimage.dll
Event: 2.208 Loaded shared library c:\Users\palak\.vscode\extensions\redhat.java-1.40.0-win32-x64\jre\21.0.6-win32-x86_64\bin\verify.dll
Event: 16.624 Loaded shared library C:\Users\palak\AppData\Roaming\Code\User\globalStorage\redhat.java\1.40.0\config_win\org.eclipse.equinox.launcher\org.eclipse.equinox.launcher.win32.win32.x86_64_1.2.1200.v20250212-0927\eclipse_11909.dll
Event: 25.794 Loaded shared library C:\Users\palak\AppData\Local\Temp\jna-106430981\jna10981727663597662942.dll
Event: 39.412 Loaded shared library C:\Users\palak\.vscode\extensions\redhat.java-1.40.0-win32-x64\jre\21.0.6-win32-x86_64\bin\management.dll
Event: 39.432 Loaded shared library C:\Users\palak\.vscode\extensions\redhat.java-1.40.0-win32-x64\jre\21.0.6-win32-x86_64\bin\management_ext.dll

Deoptimization events (20 events):
Event: 146.779 Thread 0x000002a8dd5e2b90 Uncommon trap: trap_request=0xffffffc6 fr.pc=0x000002a8cebc938c relative=0x000000000000044c
Event: 146.779 Thread 0x000002a8dd5e2b90 Uncommon trap: reason=bimorphic_or_optimized_type_check action=maybe_recompile pc=0x000002a8cebc938c method=org.eclipse.jdt.internal.core.search.processing.JobManager$$Lambda/0x000002a8814bfc18.test(Ljava/lang/Object;)Z @ 8 c2
Event: 146.779 Thread 0x000002a8dd5e2b90 DEOPT PACKING pc=0x000002a8cebc938c sp=0x000000dde65fef90
Event: 146.779 Thread 0x000002a8dd5e2b90 DEOPT UNPACKING pc=0x000002a8ce283aa2 sp=0x000000dde65fef28 mode 2
Event: 146.779 Thread 0x000002a8dd5e2b90 Uncommon trap: trap_request=0xffffffc6 fr.pc=0x000002a8cebc938c relative=0x000000000000044c
Event: 146.779 Thread 0x000002a8dd5e2b90 Uncommon trap: reason=bimorphic_or_optimized_type_check action=maybe_recompile pc=0x000002a8cebc938c method=org.eclipse.jdt.internal.core.search.processing.JobManager$$Lambda/0x000002a8814bfc18.test(Ljava/lang/Object;)Z @ 8 c2
Event: 146.779 Thread 0x000002a8dd5e2b90 DEOPT PACKING pc=0x000002a8cebc938c sp=0x000000dde65fef90
Event: 146.779 Thread 0x000002a8dd5e2b90 DEOPT UNPACKING pc=0x000002a8ce283aa2 sp=0x000000dde65fef28 mode 2
Event: 146.816 Thread 0x000002a8dd5e2b90 Uncommon trap: trap_request=0xffffff45 fr.pc=0x000002a8cf0b3ba8 relative=0x00000000000006e8
Event: 146.816 Thread 0x000002a8dd5e2b90 Uncommon trap: reason=unstable_if action=reinterpret pc=0x000002a8cf0b3ba8 method=org.eclipse.jdt.internal.core.search.JavaSearchParticipant.indexDocument(Lorg/eclipse/jdt/core/search/SearchDocument;Lorg/eclipse/core/runtime/IPath;)V @ 51 c2
Event: 146.816 Thread 0x000002a8dd5e2b90 DEOPT PACKING pc=0x000002a8cf0b3ba8 sp=0x000000dde65ff1a0
Event: 146.816 Thread 0x000002a8dd5e2b90 DEOPT UNPACKING pc=0x000002a8ce283aa2 sp=0x000000dde65ff178 mode 2
Event: 146.822 Thread 0x000002a8dd5e2b90 Uncommon trap: trap_request=0xffffff45 fr.pc=0x000002a8cf0c0d04 relative=0x0000000000001364
Event: 146.822 Thread 0x000002a8dd5e2b90 Uncommon trap: reason=unstable_if action=reinterpret pc=0x000002a8cf0c0d04 method=org.eclipse.jdt.internal.core.index.DiskIndex.computeDocumentNames([Ljava/lang/String;[ILorg/eclipse/jdt/internal/compiler/util/SimpleLookupTable;Lorg/eclipse/jdt/internal/c
Event: 146.822 Thread 0x000002a8dd5e2b90 DEOPT PACKING pc=0x000002a8cf0c0d04 sp=0x000000dde65ff020
Event: 146.822 Thread 0x000002a8dd5e2b90 DEOPT UNPACKING pc=0x000002a8ce283aa2 sp=0x000000dde65fefb0 mode 2
Event: 146.857 Thread 0x000002a8dd5e2b90 Uncommon trap: trap_request=0xffffff45 fr.pc=0x000002a8cf0ca1fc relative=0x000000000000233c
Event: 146.857 Thread 0x000002a8dd5e2b90 Uncommon trap: reason=unstable_if action=reinterpret pc=0x000002a8cf0ca1fc method=org.eclipse.jdt.internal.core.index.DiskIndex.writeAllDocumentNames([Ljava/lang/String;Ljava/io/OutputStream;)V @ 163 c2
Event: 146.857 Thread 0x000002a8dd5e2b90 DEOPT PACKING pc=0x000002a8cf0ca1fc sp=0x000000dde65feff0
Event: 146.857 Thread 0x000002a8dd5e2b90 DEOPT UNPACKING pc=0x000002a8ce283aa2 sp=0x000000dde65fefa8 mode 2

Classes loaded (20 events):
Event: 122.521 Loading class java/util/regex/Pattern$SliceU
Event: 122.525 Loading class java/util/regex/Pattern$SliceU done
Event: 122.525 Loading class sun/nio/fs/WindowsFileSystem$2
Event: 122.525 Loading class java/nio/file/PathMatcher
Event: 122.525 Loading class java/nio/file/PathMatcher done
Event: 122.525 Loading class sun/nio/fs/WindowsFileSystem$2 done
Event: 123.093 Loading class java/util/Collections$SynchronizedRandomAccessList
Event: 123.094 Loading class java/util/Collections$SynchronizedList
Event: 123.094 Loading class java/util/Collections$SynchronizedList done
Event: 123.094 Loading class java/util/Collections$SynchronizedRandomAccessList done
Event: 123.113 Loading class java/util/concurrent/CompletableFuture$Signaller
Event: 123.113 Loading class java/util/concurrent/CompletableFuture$Signaller done
Event: 124.289 Loading class jdk/internal/module/IllegalAccessLogger
Event: 124.289 Loading class jdk/internal/module/IllegalAccessLogger done
Event: 125.409 Loading class java/nio/charset/CharacterCodingException
Event: 125.411 Loading class java/nio/charset/CharacterCodingException done
Event: 125.411 Loading class java/io/SequenceInputStream
Event: 125.412 Loading class java/io/SequenceInputStream done
Event: 146.768 Loading class sun/nio/fs/WindowsFileCopy
Event: 146.768 Loading class sun/nio/fs/WindowsFileCopy done

Classes unloaded (7 events):
Event: 30.034 Thread 0x000002a8d7e3f4f0 Unloading class 0x000002a881195400 'java/lang/invoke/LambdaForm$MH+0x000002a881195400'
Event: 30.034 Thread 0x000002a8d7e3f4f0 Unloading class 0x000002a881195000 'java/lang/invoke/LambdaForm$MH+0x000002a881195000'
Event: 30.034 Thread 0x000002a8d7e3f4f0 Unloading class 0x000002a881194c00 'java/lang/invoke/LambdaForm$MH+0x000002a881194c00'
Event: 30.034 Thread 0x000002a8d7e3f4f0 Unloading class 0x000002a881194800 'java/lang/invoke/LambdaForm$MH+0x000002a881194800'
Event: 30.034 Thread 0x000002a8d7e3f4f0 Unloading class 0x000002a881194400 'java/lang/invoke/LambdaForm$BMH+0x000002a881194400'
Event: 30.034 Thread 0x000002a8d7e3f4f0 Unloading class 0x000002a881194000 'java/lang/invoke/LambdaForm$DMH+0x000002a881194000'
Event: 30.034 Thread 0x000002a8d7e3f4f0 Unloading class 0x000002a881192c00 'java/lang/invoke/LambdaForm$DMH+0x000002a881192c00'

Classes redefined (0 events):
No events

Internal exceptions (20 events):
Event: 122.771 Thread 0x000002a8dd5e52f0 Exception <a 'sun/nio/fs/WindowsException'{0x00000000eb0131f8}> (0x00000000eb0131f8) 
thrown [s\src\hotspot\share\prims\jni.cpp, line 520]
Event: 122.777 Thread 0x000002a8dd5e52f0 Exception <a 'sun/nio/fs/WindowsException'{0x00000000eb016a38}> (0x00000000eb016a38) 
thrown [s\src\hotspot\share\prims\jni.cpp, line 520]
Event: 122.777 Thread 0x000002a8dd5e52f0 Exception <a 'sun/nio/fs/WindowsException'{0x00000000eb017058}> (0x00000000eb017058) 
thrown [s\src\hotspot\share\prims\jni.cpp, line 520]
Event: 122.777 Thread 0x000002a8dd5e52f0 Exception <a 'sun/nio/fs/WindowsException'{0x00000000eb018320}> (0x00000000eb018320) 
thrown [s\src\hotspot\share\prims\jni.cpp, line 520]
Event: 122.777 Thread 0x000002a8dd5e52f0 Exception <a 'sun/nio/fs/WindowsException'{0x00000000eb018958}> (0x00000000eb018958) 
thrown [s\src\hotspot\share\prims\jni.cpp, line 520]
Event: 122.779 Thread 0x000002a8dd5e52f0 Exception <a 'sun/nio/fs/WindowsException'{0x00000000eb01bdf8}> (0x00000000eb01bdf8) 
thrown [s\src\hotspot\share\prims\jni.cpp, line 520]
Event: 122.780 Thread 0x000002a8dd5e52f0 Exception <a 'sun/nio/fs/WindowsException'{0x00000000eb01c428}> (0x00000000eb01c428) 
thrown [s\src\hotspot\share\prims\jni.cpp, line 520]
Event: 122.781 Thread 0x000002a8dd5e52f0 Exception <a 'sun/nio/fs/WindowsException'{0x00000000eb01ca58}> (0x00000000eb01ca58) 
thrown [s\src\hotspot\share\prims\jni.cpp, line 520]
Event: 122.781 Thread 0x000002a8dd5e52f0 Exception <a 'sun/nio/fs/WindowsException'{0x00000000eb01d0a8}> (0x00000000eb01d0a8) 
thrown [s\src\hotspot\share\prims\jni.cpp, line 520]
Event: 122.789 Thread 0x000002a8dd5e52f0 Exception <a 'sun/nio/fs/WindowsException'{0x00000000eb020798}> (0x00000000eb020798) 
thrown [s\src\hotspot\share\prims\jni.cpp, line 520]
Event: 122.789 Thread 0x000002a8dd5e52f0 Exception <a 'sun/nio/fs/WindowsException'{0x00000000eb020df8}> (0x00000000eb020df8) 
thrown [s\src\hotspot\share\prims\jni.cpp, line 520]
Event: 122.789 Thread 0x000002a8dd5e52f0 Exception <a 'sun/nio/fs/WindowsException'{0x00000000eb021458}> (0x00000000eb021458) 
thrown [s\src\hotspot\share\prims\jni.cpp, line 520]
Event: 122.789 Thread 0x000002a8dd5e52f0 Exception <a 'sun/nio/fs/WindowsException'{0x00000000eb021ad8}> (0x00000000eb021ad8) 
thrown [s\src\hotspot\share\prims\jni.cpp, line 520]
Event: 123.176 Thread 0x000002a8df490730 Exception <a 'java/lang/IncompatibleClassChangeError'{0x00000000eb24f778}: Found class java.lang.Object, but interface was expected> (0x00000000eb24f778) 
thrown [s\src\hotspot\share\interpreter\linkResolver.cpp, line 840]
Event: 123.428 Thread 0x000002a8dd5e45d0 Implicit null exception at 0x000002a8cec7e17e to 0x000002a8cec7e48c
Event: 125.063 Thread 0x000002a8dd5e45d0 Exception <a 'java/lang/NoSuchMethodError'{0x00000000eac544d0}: 'java.lang.Object java.lang.invoke.DirectMethodHandle$Holder.invokeStatic(java.lang.Object, java.lang.Object, int, java.lang.Object)'> (0x00000000eac544d0) 
thrown [s\src\hotspot\share\interpreter\linkResolver.cpp, line 773]
Event: 125.554 Thread 0x000002a8dd5e45d0 Exception <a 'java/io/FileNotFoundException'{0x00000000ead89a58}> (0x00000000ead89a58) 
thrown [s\src\hotspot\share\prims\jni.cpp, line 520]
Event: 125.554 Thread 0x000002a8dd5e45d0 Exception <a 'java/io/FileNotFoundException'{0x00000000ead8aa70}> (0x00000000ead8aa70) 
thrown [s\src\hotspot\share\prims\jni.cpp, line 520]
Event: 146.769 Thread 0x000002a8dd5e2b90 Exception <a 'sun/nio/fs/WindowsException'{0x00000000eabca770}> (0x00000000eabca770) 
thrown [s\src\hotspot\share\prims\jni.cpp, line 520]
Event: 146.902 Thread 0x000002a8dd5e2b90 Exception <a 'sun/nio/fs/WindowsException'{0x00000000eabf9438}> (0x00000000eabf9438) 
thrown [s\src\hotspot\share\prims\jni.cpp, line 520]

ZGC Phase Switch (0 events):
No events

VM Operations (20 events):
Event: 144.972 Executing VM operation: ParallelGCFailedAllocation (Allocation Failure)
Event: 144.975 Executing VM operation: ParallelGCFailedAllocation (Allocation Failure) done
Event: 145.116 Executing VM operation: ParallelGCFailedAllocation (Allocation Failure)
Event: 145.119 Executing VM operation: ParallelGCFailedAllocation (Allocation Failure) done
Event: 145.270 Executing VM operation: ParallelGCFailedAllocation (Allocation Failure)
Event: 145.273 Executing VM operation: ParallelGCFailedAllocation (Allocation Failure) done
Event: 145.540 Executing VM operation: ParallelGCFailedAllocation (Allocation Failure)
Event: 145.545 Executing VM operation: ParallelGCFailedAllocation (Allocation Failure) done
Event: 146.251 Executing VM operation: ParallelGCFailedAllocation (Allocation Failure)
Event: 146.254 Executing VM operation: ParallelGCFailedAllocation (Allocation Failure) done
Event: 146.351 Executing VM operation: ParallelGCFailedAllocation (Allocation Failure)
Event: 146.354 Executing VM operation: ParallelGCFailedAllocation (Allocation Failure) done
Event: 146.364 Executing VM operation: ParallelGCFailedAllocation (Allocation Failure)
Event: 146.367 Executing VM operation: ParallelGCFailedAllocation (Allocation Failure) done
Event: 146.820 Executing VM operation: HandshakeAllThreads (Deoptimize)
Event: 146.820 Executing VM operation: HandshakeAllThreads (Deoptimize) done
Event: 146.822 Executing VM operation: HandshakeAllThreads (Deoptimize)
Event: 146.822 Executing VM operation: HandshakeAllThreads (Deoptimize) done
Event: 146.920 Executing VM operation: ParallelGCFailedAllocation (Allocation Failure)
Event: 146.922 Executing VM operation: ParallelGCFailedAllocation (Allocation Failure) done

Memory protections (0 events):
No events

Nmethod flushes (20 events):
Event: 110.137 Thread 0x000002a8d7e3f4f0 flushing  nmethod 0x000002a8c76c2d90
Event: 110.137 Thread 0x000002a8d7e3f4f0 flushing  nmethod 0x000002a8c76d2590
Event: 110.137 Thread 0x000002a8d7e3f4f0 flushing  nmethod 0x000002a8c76d2a10
Event: 110.137 Thread 0x000002a8d7e3f4f0 flushing  nmethod 0x000002a8c76fd390
Event: 110.137 Thread 0x000002a8d7e3f4f0 flushing  nmethod 0x000002a8c7701610
Event: 110.137 Thread 0x000002a8d7e3f4f0 flushing  nmethod 0x000002a8c7703990
Event: 110.137 Thread 0x000002a8d7e3f4f0 flushing  nmethod 0x000002a8c770dc90
Event: 110.137 Thread 0x000002a8d7e3f4f0 flushing  nmethod 0x000002a8c770e190
Event: 110.137 Thread 0x000002a8d7e3f4f0 flushing  nmethod 0x000002a8c7717690
Event: 110.137 Thread 0x000002a8d7e3f4f0 flushing  nmethod 0x000002a8c771d990
Event: 110.137 Thread 0x000002a8d7e3f4f0 flushing  nmethod 0x000002a8c7727090
Event: 110.137 Thread 0x000002a8d7e3f4f0 flushing  nmethod 0x000002a8c7747990
Event: 110.137 Thread 0x000002a8d7e3f4f0 flushing  nmethod 0x000002a8c776c690
Event: 110.137 Thread 0x000002a8d7e3f4f0 flushing  nmethod 0x000002a8c7786290
Event: 110.137 Thread 0x000002a8d7e3f4f0 flushing  nmethod 0x000002a8c778ca90
Event: 110.137 Thread 0x000002a8d7e3f4f0 flushing  nmethod 0x000002a8c778e310
Event: 110.137 Thread 0x000002a8d7e3f4f0 flushing  nmethod 0x000002a8c778e910
Event: 110.137 Thread 0x000002a8d7e3f4f0 flushing  nmethod 0x000002a8c7794110
Event: 110.137 Thread 0x000002a8d7e3f4f0 flushing  nmethod 0x000002a8c7794490
Event: 110.137 Thread 0x000002a8d7e3f4f0 flushing  nmethod 0x000002a8c779de10

Events (20 events):
Event: 119.289 Thread 0x000002a8dfb465e0 Thread exited: 0x000002a8dfb465e0
Event: 120.542 Thread 0x000002a8d7ebe8b0 Thread added: 0x000002a8dfb465e0
Event: 121.100 Thread 0x000002a8dd5e52f0 Thread added: 0x000002a8de0f5270
Event: 121.229 Thread 0x000002a8dd5e52f0 Thread added: 0x000002a8de0f8d80
Event: 121.296 Thread 0x000002a8dd5e52f0 Thread added: 0x000002a8de0f5f90
Event: 121.339 Thread 0x000002a8dd5e52f0 Thread added: 0x000002a8de0f6cb0
Event: 121.386 Thread 0x000002a8dd5e52f0 Thread added: 0x000002a8de0f5900
Event: 121.479 Thread 0x000002a8de0f6cb0 Thread exited: 0x000002a8de0f6cb0
Event: 121.479 Thread 0x000002a8de0f5270 Thread exited: 0x000002a8de0f5270
Event: 121.480 Thread 0x000002a8de0f8d80 Thread exited: 0x000002a8de0f8d80
Event: 121.480 Thread 0x000002a8de0f5900 Thread exited: 0x000002a8de0f5900
Event: 121.480 Thread 0x000002a8de0f5f90 Thread exited: 0x000002a8de0f5f90
Event: 121.958 Thread 0x000002a8dfb465e0 Thread exited: 0x000002a8dfb465e0
Event: 124.006 Thread 0x000002a8d7ebe8b0 Thread added: 0x000002a8dfb465e0
Event: 125.343 Thread 0x000002a8df4900a0 Thread added: 0x000002a8de0f5900
Event: 126.569 Thread 0x000002a8dfb465e0 Thread exited: 0x000002a8dfb465e0
Event: 136.247 Thread 0x000002a8d7ebe8b0 Thread added: 0x000002a8dfb48120
Event: 136.391 Thread 0x000002a8dfb48120 Thread exited: 0x000002a8dfb48120
Event: 138.843 Thread 0x000002a8d7e54160 Thread added: 0x000002a8dfb47a50
Event: 141.019 Thread 0x000002a8dfb47a50 Thread exited: 0x000002a8dfb47a50


Dynamic libraries:
0x00007ff7c5250000 - 0x00007ff7c525e000 	c:\Users\palak\.vscode\extensions\redhat.java-1.40.0-win32-x64\jre\21.0.6-win32-x86_64\bin\java.exe
0x00007ffdf8a20000 - 0x00007ffdf8c83000 	C:\WINDOWS\SYSTEM32\ntdll.dll
0x00007ffdf8130000 - 0x00007ffdf81f7000 	C:\WINDOWS\System32\KERNEL32.DLL
0x00007ffdf5c20000 - 0x00007ffdf5fe9000 	C:\WINDOWS\System32\KERNELBASE.dll
0x00007ffdf6120000 - 0x00007ffdf626c000 	C:\WINDOWS\System32\ucrtbase.dll
0x00007ffdf0c80000 - 0x00007ffdf0c98000 	c:\Users\palak\.vscode\extensions\redhat.java-1.40.0-win32-x64\jre\21.0.6-win32-x86_64\bin\jli.dll
0x00007ffdf8370000 - 0x00007ffdf853a000 	C:\WINDOWS\System32\USER32.dll
0x00007ffdf63f0000 - 0x00007ffdf6417000 	C:\WINDOWS\System32\win32u.dll
0x00007ffdf6f10000 - 0x00007ffdf6f3a000 	C:\WINDOWS\System32\GDI32.dll
0x00007ffdf6420000 - 0x00007ffdf6551000 	C:\WINDOWS\System32\gdi32full.dll
0x00007ffdf6560000 - 0x00007ffdf6603000 	C:\WINDOWS\System32\msvcp_win.dll
0x00007ffdf0c60000 - 0x00007ffdf0c7e000 	c:\Users\palak\.vscode\extensions\redhat.java-1.40.0-win32-x64\jre\21.0.6-win32-x86_64\bin\VCRUNTIME140.dll
0x00007ffde38b0000 - 0x00007ffde3b40000 	C:\WINDOWS\WinSxS\amd64_microsoft.windows.common-controls_6595b64144ccf1df_6.0.26100.3323_none_3e088096e3344490\COMCTL32.dll
0x00007ffdf7340000 - 0x00007ffdf73e9000 	C:\WINDOWS\System32\msvcrt.dll
0x00007ffdf8210000 - 0x00007ffdf823f000 	C:\WINDOWS\System32\IMM32.DLL
0x00007ffdf2c20000 - 0x00007ffdf2c2c000 	c:\Users\palak\.vscode\extensions\redhat.java-1.40.0-win32-x64\jre\21.0.6-win32-x86_64\bin\vcruntime140_1.dll
0x00007ffdf0bd0000 - 0x00007ffdf0c5d000 	c:\Users\palak\.vscode\extensions\redhat.java-1.40.0-win32-x64\jre\21.0.6-win32-x86_64\bin\msvcp140.dll
0x00007ffd8c5e0000 - 0x00007ffd8d370000 	c:\Users\palak\.vscode\extensions\redhat.java-1.40.0-win32-x64\jre\21.0.6-win32-x86_64\bin\server\jvm.dll
0x00007ffdf8260000 - 0x00007ffdf8312000 	C:\WINDOWS\System32\ADVAPI32.dll
0x00007ffdf6f70000 - 0x00007ffdf7016000 	C:\WINDOWS\System32\sechost.dll
0x00007ffdf7190000 - 0x00007ffdf72a6000 	C:\WINDOWS\System32\RPCRT4.dll
0x00007ffdf8540000 - 0x00007ffdf85b4000 	C:\WINDOWS\System32\WS2_32.dll
0x00007ffdf5ab0000 - 0x00007ffdf5afe000 	C:\WINDOWS\SYSTEM32\POWRPROF.dll
0x00007ffdef160000 - 0x00007ffdef196000 	C:\WINDOWS\SYSTEM32\WINMM.dll
0x00007ffdef1a0000 - 0x00007ffdef1ab000 	C:\WINDOWS\SYSTEM32\VERSION.dll
0x00007ffdf5a90000 - 0x00007ffdf5aa4000 	C:\WINDOWS\SYSTEM32\UMPDC.dll
0x00007ffdf4a40000 - 0x00007ffdf4a5a000 	C:\WINDOWS\SYSTEM32\kernel.appcore.dll
0x00007ffdf0bc0000 - 0x00007ffdf0bca000 	c:\Users\palak\.vscode\extensions\redhat.java-1.40.0-win32-x64\jre\21.0.6-win32-x86_64\bin\jimage.dll
0x00007ffde8420000 - 0x00007ffde8661000 	C:\WINDOWS\SYSTEM32\DBGHELP.DLL
0x00007ffdf7da0000 - 0x00007ffdf8122000 	C:\WINDOWS\System32\combase.dll
0x00007ffdf8900000 - 0x00007ffdf89d6000 	C:\WINDOWS\System32\OLEAUT32.dll
0x00007ffdd38b0000 - 0x00007ffdd38e9000 	C:\WINDOWS\SYSTEM32\dbgcore.DLL
0x00007ffdf6080000 - 0x00007ffdf6119000 	C:\WINDOWS\System32\bcryptPrimitives.dll
0x00007ffdf0bb0000 - 0x00007ffdf0bbf000 	c:\Users\palak\.vscode\extensions\redhat.java-1.40.0-win32-x64\jre\21.0.6-win32-x86_64\bin\instrument.dll
0x00007ffde76a0000 - 0x00007ffde76bf000 	c:\Users\palak\.vscode\extensions\redhat.java-1.40.0-win32-x64\jre\21.0.6-win32-x86_64\bin\java.dll
0x00007ffdf7680000 - 0x00007ffdf7d95000 	C:\WINDOWS\System32\SHELL32.dll
0x00007ffdf6610000 - 0x00007ffdf6778000 	C:\WINDOWS\System32\wintypes.dll
0x00007ffdf3900000 - 0x00007ffdf4145000 	C:\WINDOWS\SYSTEM32\windows.storage.dll
0x00007ffdf87b0000 - 0x00007ffdf889b000 	C:\WINDOWS\System32\SHCORE.dll
0x00007ffdf7130000 - 0x00007ffdf718d000 	C:\WINDOWS\System32\shlwapi.dll
0x00007ffdf5b30000 - 0x00007ffdf5b5f000 	C:\WINDOWS\SYSTEM32\profapi.dll
0x00007ffde7450000 - 0x00007ffde7468000 	c:\Users\palak\.vscode\extensions\redhat.java-1.40.0-win32-x64\jre\21.0.6-win32-x86_64\bin\zip.dll
0x00007ffdf0ba0000 - 0x00007ffdf0bb0000 	C:\Users\palak\.vscode\extensions\redhat.java-1.40.0-win32-x64\jre\21.0.6-win32-x86_64\bin\net.dll
0x00007ffdeae90000 - 0x00007ffdeafae000 	C:\WINDOWS\SYSTEM32\WINHTTP.dll
0x00007ffdf4f60000 - 0x00007ffdf4fca000 	C:\WINDOWS\system32\mswsock.dll
0x00007ffdd7c30000 - 0x00007ffdd7c46000 	C:\Users\palak\.vscode\extensions\redhat.java-1.40.0-win32-x64\jre\21.0.6-win32-x86_64\bin\nio.dll
0x00007ffdd7c20000 - 0x00007ffdd7c30000 	c:\Users\palak\.vscode\extensions\redhat.java-1.40.0-win32-x64\jre\21.0.6-win32-x86_64\bin\verify.dll
0x00007ffdb1470000 - 0x00007ffdb14b5000 	C:\Users\palak\AppData\Roaming\Code\User\globalStorage\redhat.java\1.40.0\config_win\org.eclipse.equinox.launcher\org.eclipse.equinox.launcher.win32.win32.x86_64_1.2.1200.v20250212-0927\eclipse_11909.dll
0x00007ffdf6d70000 - 0x00007ffdf6f05000 	C:\WINDOWS\System32\ole32.dll
0x00007ffdf5200000 - 0x00007ffdf521c000 	C:\WINDOWS\SYSTEM32\CRYPTSP.dll
0x00007ffdf49a0000 - 0x00007ffdf49da000 	C:\WINDOWS\system32\rsaenh.dll
0x00007ffdf5000000 - 0x00007ffdf502b000 	C:\WINDOWS\SYSTEM32\USERENV.dll
0x00007ffdf5440000 - 0x00007ffdf5466000 	C:\WINDOWS\SYSTEM32\bcrypt.dll
0x00007ffdf5220000 - 0x00007ffdf522c000 	C:\WINDOWS\SYSTEM32\CRYPTBASE.dll
0x00007ffdf4440000 - 0x00007ffdf4473000 	C:\WINDOWS\SYSTEM32\IPHLPAPI.DLL
0x00007ffdf8200000 - 0x00007ffdf820a000 	C:\WINDOWS\System32\NSI.dll
0x00007ffd8fce0000 - 0x00007ffd8fd29000 	C:\Users\palak\AppData\Local\Temp\jna-106430981\jna10981727663597662942.dll
0x00007ffdf7020000 - 0x00007ffdf7028000 	C:\WINDOWS\System32\PSAPI.DLL
0x00007ffdea110000 - 0x00007ffdea11a000 	C:\Users\palak\.vscode\extensions\redhat.java-1.40.0-win32-x64\jre\21.0.6-win32-x86_64\bin\management.dll
0x00007ffdc5670000 - 0x00007ffdc567b000 	C:\Users\palak\.vscode\extensions\redhat.java-1.40.0-win32-x64\jre\21.0.6-win32-x86_64\bin\management_ext.dll
0x00007ffdeb040000 - 0x00007ffdeb05f000 	C:\WINDOWS\SYSTEM32\dhcpcsvc6.DLL
0x00007ffdead80000 - 0x00007ffdeada5000 	C:\WINDOWS\SYSTEM32\dhcpcsvc.DLL

dbghelp: loaded successfully - version: 4.0.5 - missing functions: none
symbol engine: initialized successfully - sym options: 0x614 - pdb path: .;c:\Users\palak\.vscode\extensions\redhat.java-1.40.0-win32-x64\jre\21.0.6-win32-x86_64\bin;C:\WINDOWS\SYSTEM32;C:\WINDOWS\WinSxS\amd64_microsoft.windows.common-controls_6595b64144ccf1df_6.0.26100.3323_none_3e088096e3344490;c:\Users\palak\.vscode\extensions\redhat.java-1.40.0-win32-x64\jre\21.0.6-win32-x86_64\bin\server;C:\Users\palak\AppData\Roaming\Code\User\globalStorage\redhat.java\1.40.0\config_win\org.eclipse.equinox.launcher\org.eclipse.equinox.launcher.win32.win32.x86_64_1.2.1200.v20250212-0927;C:\Users\palak\AppData\Local\Temp\jna-106430981

VM Arguments:
jvm_args: --add-modules=ALL-SYSTEM --add-opens=java.base/java.util=ALL-UNNAMED --add-opens=java.base/java.lang=ALL-UNNAMED --add-opens=java.base/sun.nio.fs=ALL-UNNAMED -Declipse.application=org.eclipse.jdt.ls.core.id1 -Dosgi.bundles.defaultStartLevel=4 -Declipse.product=org.eclipse.jdt.ls.core.product -Djava.import.generatesMetadataFilesAtProjectRoot=false -DDetectVMInstallationsJob.disabled=true -Dfile.encoding=utf8 -XX:+UseParallelGC -XX:GCTimeRatio=4 -XX:AdaptiveSizePolicyWeight=90 -Dsun.zip.disableMemoryMapping=true -Xmx1G -Xms100m -Xlog:disable -javaagent:c:\Users\palak\.vscode\extensions\redhat.java-1.40.0-win32-x64\lombok\lombok-1.18.36.jar -XX:+HeapDumpOnOutOfMemoryError -XX:HeapDumpPath=c:\Users\palak\AppData\Roaming\Code\User\workspaceStorage\632f04cdbe9e26a6a5769c745b0508de\redhat.java -Daether.dependencyCollector.impl=bf 
java_command: c:\Users\palak\.vscode\extensions\redhat.java-1.40.0-win32-x64\server\plugins\org.eclipse.equinox.launcher_1.6.1000.v20250131-0606.jar -configuration c:\Users\palak\AppData\Roaming\Code\User\globalStorage\redhat.java\1.40.0\config_win -data c:\Users\palak\AppData\Roaming\Code\User\workspaceStorage\632f04cdbe9e26a6a5769c745b0508de\redhat.java\jdt_ws --pipe=\\.\pipe\lsp-2107df7b55d3472eb59cac12d921a4a3-sock
java_class_path (initial): c:\Users\palak\.vscode\extensions\redhat.java-1.40.0-win32-x64\server\plugins\org.eclipse.equinox.launcher_1.6.1000.v20250131-0606.jar
Launcher Type: SUN_STANDARD

[Global flags]
    uintx AdaptiveSizePolicyWeight                 = 90                                        {product} {command line}
     intx CICompilerCount                          = 3                                         {product} {ergonomic}
    uintx GCTimeRatio                              = 4                                         {product} {command line}
     bool HeapDumpOnOutOfMemoryError               = true                                   {manageable} {command line}
    ccstr HeapDumpPath                             = c:\Users\palak\AppData\Roaming\Code\User\workspaceStorage\632f04cdbe9e26a6a5769c745b0508de\redhat.java         {manageable} {command line}
   size_t InitialHeapSize                          = 104857600                                 {product} {command line}
   size_t MaxHeapSize                              = 1073741824                                {product} {command line}
   size_t MaxNewSize                               = 357564416                                 {product} {ergonomic}
   size_t MinHeapDeltaBytes                        = 524288                                    {product} {ergonomic}
   size_t MinHeapSize                              = 104857600                                 {product} {command line}
   size_t NewSize                                  = 34603008                                  {product} {ergonomic}
    uintx NonNMethodCodeHeapSize                   = 5832780                                {pd product} {ergonomic}
    uintx NonProfiledCodeHeapSize                  = 122912730                              {pd product} {ergonomic}
   size_t OldSize                                  = 70254592                                  {product} {ergonomic}
    uintx ProfiledCodeHeapSize                     = 122912730                              {pd product} {ergonomic}
    uintx ReservedCodeCacheSize                    = 251658240                              {pd product} {ergonomic}
     bool SegmentedCodeCache                       = true                                      {product} {ergonomic}
   size_t SoftMaxHeapSize                          = 1073741824                             {manageable} {ergonomic}
     bool UseCompressedOops                        = true                           {product lp64_product} {ergonomic}
     bool UseLargePagesIndividualAllocation        = false                                  {pd product} {ergonomic}
     bool UseParallelGC                            = true                                      {product} {command line}

Logging:
Log output configuration:
 #0: stdout all=off uptime,level,tags foldmultilines=false
 #1: stderr all=off uptime,level,tags foldmultilines=false

Environment Variables:
JAVA_HOME=C:\Users\palak\Downloads\java-21-openjdk-21.0.1.0.12-3.win.jdk.x86_64\java-21-openjdk-21.0.1.0.12-3.win.jdk.x86_64
PATH=C:\Program Files (x86)\Common Files\Oracle\Java\java8path;C:\Program Files (x86)\Common Files\Oracle\Java\javapath;C:\WINDOWS\system32;C:\WINDOWS;C:\WINDOWS\System32\Wbem;C:\WINDOWS\System32\WindowsPowerShell\v1.0\;C:\WINDOWS\System32\OpenSSH\;C:\Users\palak\Downloads\java-21-openjdk-21.0.1.0.12-3.win.jdk.x86_64\java-21-openjdk-21.0.1.0.12-3.win.jdk.x86_64\bin;C:\Users\palak\Downloads\apache-maven-3.9.8-bin\bin;c:\users\palak\appdata\local\packages\pythonsoftwarefoundation.python.3.11_qbz5n2kfra8p0\localcache\local-packages\python311\site-packages;C:\ProgramData\chocolatey\bin;C:\Program Files\nodejs\;C:\Users\palak\AppData\Local\Programs\Python\Python312\Scripts;C:\Program Files\Git\cmd;C:\Users\palak\Downloads\flutter_windows_3.27.3-stable\flutter\bin;C:\Users\palak\AppData\Local\Android\Sdk\cmdline-tools\latest\bin;C:\Users\palak\AppData\Local\Android\Sdk\platform-tools;C:\ffmpeg;C:\Program Files\MongoDB\Server\8.0\bin;C:\Users\palak\AppData\Local\Programs\Python\Python313\Scripts\;C:\Users\palak\AppData\Local\Programs\Python\Python313\;C:\Users\palak\AppData\Local\Programs\Python\Python312\Scripts\;C:\Users\palak\AppData\Local\Programs\Python\Python312\;C:\Users\palak\AppData\Local\Programs\Python\Launcher\;C:\Program Files\MySQL\MySQL Shell 8.0\bin\;C:\Users\palak\AppData\Local\Microsoft\WindowsApps;C:\Users\palak\AppData\Local\Programs\Microsoft VS Code\bin;C:\Program Files\JetBrains\IntelliJ IDEA Community Edition 2023.3.3\bin;C:\Users\palak\AppData\Local\JetBrains\CLion 2023.3.4\bin;C:\Program Files\JetBrains\PyCharm 2024.1.2\bin;C:\Program Files\JetBrains\PyCharm Community Edition 2024.1.4\bin;C:\Users\palak\AppData\Local\JetBrains\Toolbox\scripts;C:\Users\palak\AppData\Roaming\npm;C:\Users\palak\AppData\Local\GitHubDesktop\bin;C:\Users\palak\AppData\Local\Microsoft\WindowsApps;
USERNAME=palak
OS=Windows_NT
PROCESSOR_IDENTIFIER=AMD64 Family 23 Model 24 Stepping 1, AuthenticAMD
TMP=C:\Users\palak\AppData\Local\Temp
TEMP=C:\Users\palak\AppData\Local\Temp




Periodic native trim disabled

---------------  S Y S T E M  ---------------

OS:
 Windows 11 , 64 bit Build 26100 (10.0.26100.3323)
OS uptime: 0 days 0:38 hours

CPU: total 4 (initial active 4) (4 cores per cpu, 2 threads per core) family 23 model 24 stepping 1 microcode 0x8108109, cx8, cmov, fxsr, ht, mmx, 3dnowpref, sse, sse2, sse3, ssse3, sse4a, sse4.1, sse4.2, popcnt, lzcnt, tsc, tscinvbit, avx, avx2, aes, clmul, bmi1, bmi2, adx, sha, fma, vzeroupper, clflush, clflushopt, rdtscp, f16c
Processor Information for the first 4 processors :
  Max Mhz: 2600, Current Mhz: 2600, Mhz Limit: 2600

Memory: 4k page, system-wide physical 6086M (557M free)
TotalPageFile size 14278M (AvailPageFile size 5M)
current process WorkingSet (physical memory assigned to process): 642M, peak: 642M
current process commit charge ("private bytes"): 661M, peak: 662M

vm_info: OpenJDK 64-Bit Server VM (21.0.6+7-LTS) for windows-amd64 JRE (21.0.6+7-LTS), built on 2025-01-21T00:00:00Z by "admin" with MS VC++ 17.7 (VS2022)

END.
