#
# There is insufficient memory for the Java Runtime Environment to continue.
# Native memory allocation (mmap) failed to map 65536 bytes. Error detail: Failed to commit metaspace.
# Possible reasons:
#   The system is out of physical RAM or swap space
#   This process is running with CompressedOops enabled, and the Java Heap may be blocking the growth of the native heap
# Possible solutions:
#   Reduce memory load on the system
#   Increase physical memory or swap space
#   Check if swap backing store is full
#   Decrease Java heap size (-Xmx/-Xms)
#   Decrease number of Java threads
#   Decrease Java thread stack sizes (-Xss)
#   Set larger code cache with -XX:ReservedCodeCacheSize=
#   JVM is running with Unscaled Compressed Oops mode in which the Java heap is
#     placed in the first 4GB address space. The Java Heap base address is the
#     maximum limit for the native heap growth. Please use -XX:HeapBaseMinAddress
#     to set the Java Heap base and to place the Java Heap above 4GB virtual address.
# This output file may be truncated or incomplete.
#
#  Out of Memory Error (virtualSpaceNode.cpp:113), pid=2472, tid=3176
#
# JRE version: OpenJDK Runtime Environment Temurin-21.0.6+7 (21.0.6+7) (build 21.0.6+7-LTS)
# Java VM: OpenJDK 64-Bit Server VM Temurin-21.0.6+7 (21.0.6+7-LTS, mixed mode, sharing, tiered, compressed oops, compressed class ptrs, parallel gc, windows-amd64)
# No core dump will be written. Minidumps are not enabled by default on client versions of Windows
#

---------------  S U M M A R Y ------------

Command Line: --add-modules=ALL-SYSTEM --add-opens=java.base/java.util=ALL-UNNAMED --add-opens=java.base/java.lang=ALL-UNNAMED --add-opens=java.base/sun.nio.fs=ALL-UNNAMED -Declipse.application=org.eclipse.jdt.ls.core.id1 -Dosgi.bundles.defaultStartLevel=4 -Declipse.product=org.eclipse.jdt.ls.core.product -Djava.import.generatesMetadataFilesAtProjectRoot=false -DDetectVMInstallationsJob.disabled=true -Dfile.encoding=utf8 -XX:+UseParallelGC -XX:GCTimeRatio=4 -XX:AdaptiveSizePolicyWeight=90 -Dsun.zip.disableMemoryMapping=true -Xmx1G -Xms100m -Xlog:disable -javaagent:c:\Users\palak\.vscode\extensions\redhat.java-1.40.0-win32-x64\lombok\lombok-1.18.36.jar -XX:+HeapDumpOnOutOfMemoryError -XX:HeapDumpPath=c:\Users\palak\AppData\Roaming\Code\User\workspaceStorage\632f04cdbe9e26a6a5769c745b0508de\redhat.java -Daether.dependencyCollector.impl=bf c:\Users\palak\.vscode\extensions\redhat.java-1.40.0-win32-x64\server\plugins\org.eclipse.equinox.launcher_1.6.1000.v20250131-0606.jar -configuration c:\Users\palak\AppData\Roaming\Code\User\globalStorage\redhat.java\1.40.0\config_win -data c:\Users\palak\AppData\Roaming\Code\User\workspaceStorage\632f04cdbe9e26a6a5769c745b0508de\redhat.java\jdt_ws --pipe=\\.\pipe\lsp-06d137088f7fb02e275a815af80b5cd8-sock

Host: AMD Ryzen 3 3250U with Radeon Graphics         , 4 cores, 5G,  Windows 11 , 64 bit Build 26100 (10.0.26100.3323)
Time: Mon Mar 24 00:39:42 2025 India Standard Time elapsed time: 3.883070 seconds (0d 0h 0m 3s)

---------------  T H R E A D  ---------------

Current thread (0x000001fed56614e0):  JavaThread "C1 CompilerThread0" daemon [_thread_in_vm, id=3176, stack(0x0000006531800000,0x0000006531900000) (1024K)]


Current CompileTask:
C1:3883 1537       3       java.util.concurrent.locks.ReentrantReadWriteLock$ReadLock::lock (9 bytes)

Stack: [0x0000006531800000,0x0000006531900000]
Native frames: (J=compiled Java code, j=interpreted, Vv=VM code, C=native code)
V  [jvm.dll+0x6cdee9]
V  [jvm.dll+0x8a83d1]
V  [jvm.dll+0x8aa8fe]
V  [jvm.dll+0x8aafe3]
V  [jvm.dll+0x27f706]
V  [jvm.dll+0x8a411e]
V  [jvm.dll+0x670385]
V  [jvm.dll+0x6703ea]
V  [jvm.dll+0x672bd2]
V  [jvm.dll+0x672aa2]
V  [jvm.dll+0x670d5e]
V  [jvm.dll+0x68220a]
V  [jvm.dll+0x67b2e2]
V  [jvm.dll+0x1f2570]
V  [jvm.dll+0x1f2758]
V  [jvm.dll+0x1655d1]
V  [jvm.dll+0x165416]
V  [jvm.dll+0x15cff8]
V  [jvm.dll+0x15f279]
V  [jvm.dll+0x15d895]
V  [jvm.dll+0x1577c7]
V  [jvm.dll+0x167016]
V  [jvm.dll+0x152c20]
V  [jvm.dll+0x152fa3]
V  [jvm.dll+0x153274]
V  [jvm.dll+0x1526a6]
V  [jvm.dll+0x15447d]
V  [jvm.dll+0x25685a]
V  [jvm.dll+0x254dfa]
V  [jvm.dll+0x3f0256]
V  [jvm.dll+0x851f8b]
V  [jvm.dll+0x6cc5ed]
C  [ucrtbase.dll+0x37b0]
C  [KERNEL32.DLL+0x2e8d7]
C  [ntdll.dll+0xbbf6c]


---------------  P R O C E S S  ---------------

Threads class SMR info:
_java_thread_list=0x000001ff1c4ea4e0, length=11, elements={
0x000001febf13e030, 0x000001fec0b2b630, 0x000001fec0b2db60, 0x000001fed5630fe0,
0x000001fed5633310, 0x000001fed56355f0, 0x000001fed563cbe0, 0x000001fed56434c0,
0x000001fed56614e0, 0x000001ff1746c260, 0x000001ff176debc0
}

Java Threads: ( => current thread )
  0x000001febf13e030 JavaThread "main"                              [_thread_in_vm, id=3780, stack(0x0000006530d00000,0x0000006530e00000) (1024K)]
  0x000001fec0b2b630 JavaThread "Reference Handler"          daemon [_thread_blocked, id=16848, stack(0x0000006531100000,0x0000006531200000) (1024K)]
  0x000001fec0b2db60 JavaThread "Finalizer"                  daemon [_thread_blocked, id=8136, stack(0x0000006531200000,0x0000006531300000) (1024K)]
  0x000001fed5630fe0 JavaThread "Signal Dispatcher"          daemon [_thread_blocked, id=15476, stack(0x0000006531300000,0x0000006531400000) (1024K)]
  0x000001fed5633310 JavaThread "Attach Listener"            daemon [_thread_blocked, id=11228, stack(0x0000006531400000,0x0000006531500000) (1024K)]
  0x000001fed56355f0 JavaThread "Service Thread"             daemon [_thread_blocked, id=18624, stack(0x0000006531500000,0x0000006531600000) (1024K)]
  0x000001fed563cbe0 JavaThread "Monitor Deflation Thread"   daemon [_thread_blocked, id=14988, stack(0x0000006531600000,0x0000006531700000) (1024K)]
  0x000001fed56434c0 JavaThread "C2 CompilerThread0"         daemon [_thread_blocked, id=3260, stack(0x0000006531700000,0x0000006531800000) (1024K)]
=>0x000001fed56614e0 JavaThread "C1 CompilerThread0"         daemon [_thread_in_vm, id=3176, stack(0x0000006531800000,0x0000006531900000) (1024K)]
  0x000001ff1746c260 JavaThread "Common-Cleaner"             daemon [_thread_blocked, id=18072, stack(0x0000006531900000,0x0000006531a00000) (1024K)]
  0x000001ff176debc0 JavaThread "Notification Thread"        daemon [_thread_blocked, id=13996, stack(0x0000006531b00000,0x0000006531c00000) (1024K)]
Total: 11

Other Threads:
  0x000001fed562f4f0 VMThread "VM Thread"                           [id=15884, stack(0x0000006531000000,0x0000006531100000) (1024K)]
  0x000001fed55cca10 WatcherThread "VM Periodic Task Thread"        [id=12500, stack(0x0000006530f00000,0x0000006531000000) (1024K)]
  0x000001fec0a8d7d0 WorkerThread "GC Thread#0"                     [id=15896, stack(0x0000006530e00000,0x0000006530f00000) (1024K)]
  0x000001ff175fc840 WorkerThread "GC Thread#1"                     [id=15872, stack(0x0000006531a00000,0x0000006531b00000) (1024K)]
  0x000001ff175fcbe0 WorkerThread "GC Thread#2"                     [id=3308, stack(0x0000006531c00000,0x0000006531d00000) (1024K)]
  0x000001ff176c00c0 WorkerThread "GC Thread#3"                     [id=19260, stack(0x0000006531d00000,0x0000006531e00000) (1024K)]
Total: 6

Threads with active compile tasks:
C1 CompilerThread0  3936 1537       3       java.util.concurrent.locks.ReentrantReadWriteLock$ReadLock::lock (9 bytes)
Total: 1

VM state: not at safepoint (normal execution)

VM Mutex/Monitor currently owned by a thread:  ([mutex/lock_event])
[0x00007ffd7317c300] Metaspace_lock - owner thread: 0x000001fed56614e0

Heap address: 0x00000000c0000000, size: 1024 MB, Compressed Oops mode: 32-bit

CDS archive(s) mapped at: [0x000001fed6000000-0x000001fed6ba0000-0x000001fed6ba0000), size 12189696, SharedBaseAddress: 0x000001fed6000000, ArchiveRelocationMode: 1.
Compressed class space mapped at: 0x000001fed7000000-0x000001ff17000000, reserved size: 1073741824
Narrow klass base: 0x000001fed6000000, Narrow klass shift: 0, Narrow klass range: 0x100000000

GC Precious Log:
 CardTable entry size: 512
 CPUs: 4 total, 4 available
 Memory: 6086M
 Large Page Support: Disabled
 NUMA Support: Disabled
 Compressed Oops: Enabled (32-bit)
 Alignments: Space 512K, Generation 512K, Heap 2M
 Heap Min Capacity: 100M
 Heap Initial Capacity: 100M
 Heap Max Capacity: 1G
 Pre-touch: Disabled
 Parallel Workers: 4

Heap:
 PSYoungGen      total 29696K, used 18214K [0x00000000eab00000, 0x00000000ecc00000, 0x0000000100000000)
  eden space 25600K, 58% used [0x00000000eab00000,0x00000000eb9a8138,0x00000000ec400000)
  from space 4096K, 78% used [0x00000000ec400000,0x00000000ec7217f0,0x00000000ec800000)
  to   space 4096K, 0% used [0x00000000ec800000,0x00000000ec800000,0x00000000ecc00000)
 ParOldGen       total 68608K, used 8K [0x00000000c0000000, 0x00000000c4300000, 0x00000000eab00000)
  object space 68608K, 0% used [0x00000000c0000000,0x00000000c0002000,0x00000000c4300000)
 Metaspace       used 6478K, committed 6656K, reserved 1114112K
  class space    used 611K, committed 704K, reserved 1048576K

Card table byte_map: [0x000001fed2f60000,0x000001fed3170000] _byte_map_base: 0x000001fed2960000

Marking Bits: (ParMarkBitMap*) 0x00007ffd73183260
 Begin Bits: [0x000001fed32d0000, 0x000001fed42d0000)
 End Bits:   [0x000001fed42d0000, 0x000001fed52d0000)

Polling page: 0x000001febf250000

Metaspace:

Usage:
  Non-class:      5.73 MB used.
      Class:    611.15 KB used.
       Both:      6.33 MB used.

Virtual space:
  Non-class space:       64.00 MB reserved,       5.81 MB (  9%) committed,  1 nodes.
      Class space:        1.00 GB reserved,     704.00 KB ( <1%) committed,  1 nodes.
             Both:        1.06 GB reserved,       6.50 MB ( <1%) committed. 

Chunk freelists:
   Non-Class:  9.69 MB
       Class:  15.34 MB
        Both:  25.02 MB

MaxMetaspaceSize: unlimited
CompressedClassSpaceSize: 1.00 GB
Initial GC threshold: 21.00 MB
Current GC threshold: 21.00 MB
CDS: on
 - commit_granule_bytes: 65536.
 - commit_granule_words: 8192.
 - virtual_space_node_default_size: 8388608.
 - enlarge_chunks_in_place: 1.
 - use_allocation_guard: 0.


Internal statistics:

num_allocs_failed_limit: 0.
num_arena_births: 164.
num_arena_deaths: 0.
num_vsnodes_births: 2.
num_vsnodes_deaths: 0.
num_space_committed: 104.
num_space_uncommitted: 0.
num_chunks_returned_to_freelist: 0.
num_chunks_taken_from_freelist: 283.
num_chunk_merges: 0.
num_chunk_splits: 197.
num_chunks_enlarged: 142.
num_inconsistent_stats: 0.

CodeHeap 'non-profiled nmethods': size=120000Kb used=693Kb max_used=693Kb free=119306Kb
 bounds [0x000001fecb850000, 0x000001fecbac0000, 0x000001fed2d80000]
CodeHeap 'profiled nmethods': size=120000Kb used=2736Kb max_used=2736Kb free=117263Kb
 bounds [0x000001fec3d80000, 0x000001fec4030000, 0x000001fecb2b0000]
CodeHeap 'non-nmethods': size=5760Kb used=1203Kb max_used=1248Kb free=4556Kb
 bounds [0x000001fecb2b0000, 0x000001fecb520000, 0x000001fecb850000]
 total_blobs=2003 nmethods=1536 adapters=374
 compilation: enabled
              stopped_count=0, restarted_count=0
 full_count=0

Compilation events (20 events):
Event: 3.871 Thread 0x000001fed56614e0 nmethod 1530 0x000001fecb8fc610 code [0x000001fecb8fc7a0, 0x000001fecb8fc868]
Event: 3.871 Thread 0x000001fed56614e0 1531       1       org.eclipse.osgi.container.Module::getState (5 bytes)
Event: 3.871 Thread 0x000001fed56614e0 nmethod 1531 0x000001fecb8fc910 code [0x000001fecb8fcaa0, 0x000001fecb8fcb68]
Event: 3.871 Thread 0x000001fed56614e0 1528       3       java.util.RegularEnumSet::add (40 bytes)
Event: 3.871 Thread 0x000001fed56614e0 nmethod 1528 0x000001fec402ab10 code [0x000001fec402acc0, 0x000001fec402aea0]
Event: 3.871 Thread 0x000001fed56614e0 1529       1       org.eclipse.osgi.container.ModuleContainer::getModuleLockTimeout (5 bytes)
Event: 3.871 Thread 0x000001fed56614e0 nmethod 1529 0x000001fecb8fcc10 code [0x000001fecb8fcda0, 0x000001fecb8fce68]
Event: 3.871 Thread 0x000001fed56614e0 1532       3       java.util.concurrent.locks.ReentrantReadWriteLock$Sync::sharedCount (5 bytes)
Event: 3.872 Thread 0x000001fed56614e0 nmethod 1532 0x000001fec402af90 code [0x000001fec402b120, 0x000001fec402b210]
Event: 3.872 Thread 0x000001fed56614e0 1533       1       java.util.concurrent.atomic.AtomicLong::get (5 bytes)
Event: 3.872 Thread 0x000001fed56614e0 nmethod 1533 0x000001fecb8fcf10 code [0x000001fecb8fd0a0, 0x000001fecb8fd170]
Event: 3.872 Thread 0x000001fed56614e0 1534       1       org.eclipse.osgi.storage.Storage::getModuleDatabase (5 bytes)
Event: 3.872 Thread 0x000001fed56614e0 nmethod 1534 0x000001fecb8fd210 code [0x000001fecb8fd3a0, 0x000001fecb8fd468]
Event: 3.875 Thread 0x000001fed56614e0 1535       3       java.util.Collections::emptySet (4 bytes)
Event: 3.875 Thread 0x000001fed56614e0 nmethod 1535 0x000001fec402b290 code [0x000001fec402b420, 0x000001fec402b518]
Event: 3.875 Thread 0x000001fed56614e0 1536       3       java.util.concurrent.locks.ReentrantLock$NonfairSync::initialTryLock (58 bytes)
Event: 3.875 Thread 0x000001fed56614e0 nmethod 1536 0x000001fec402b590 code [0x000001fec402b780, 0x000001fec402bb20]
Event: 3.875 Thread 0x000001fed56614e0 1541       3       java.util.concurrent.locks.ReentrantLock$Sync::tryRelease (51 bytes)
Event: 3.876 Thread 0x000001fed56614e0 nmethod 1541 0x000001fec402bc10 code [0x000001fec402bde0, 0x000001fec402c0e0]
Event: 3.876 Thread 0x000001fed56614e0 1537       3       java.util.concurrent.locks.ReentrantReadWriteLock$ReadLock::lock (9 bytes)

GC Heap History (2 events):
Event: 2.016 GC heap before
{Heap before GC invocations=1 (full 0):
 PSYoungGen      total 29696K, used 25600K [0x00000000eab00000, 0x00000000ecc00000, 0x0000000100000000)
  eden space 25600K, 100% used [0x00000000eab00000,0x00000000ec400000,0x00000000ec400000)
  from space 4096K, 0% used [0x00000000ec800000,0x00000000ec800000,0x00000000ecc00000)
  to   space 4096K, 0% used [0x00000000ec400000,0x00000000ec400000,0x00000000ec800000)
 ParOldGen       total 68608K, used 0K [0x00000000c0000000, 0x00000000c4300000, 0x00000000eab00000)
  object space 68608K, 0% used [0x00000000c0000000,0x00000000c0000000,0x00000000c4300000)
 Metaspace       used 4352K, committed 4544K, reserved 1114112K
  class space    used 437K, committed 512K, reserved 1048576K
}
Event: 2.035 GC heap after
{Heap after GC invocations=1 (full 0):
 PSYoungGen      total 29696K, used 3205K [0x00000000eab00000, 0x00000000ecc00000, 0x0000000100000000)
  eden space 25600K, 0% used [0x00000000eab00000,0x00000000eab00000,0x00000000ec400000)
  from space 4096K, 78% used [0x00000000ec400000,0x00000000ec7217f0,0x00000000ec800000)
  to   space 4096K, 0% used [0x00000000ec800000,0x00000000ec800000,0x00000000ecc00000)
 ParOldGen       total 68608K, used 8K [0x00000000c0000000, 0x00000000c4300000, 0x00000000eab00000)
  object space 68608K, 0% used [0x00000000c0000000,0x00000000c0002000,0x00000000c4300000)
 Metaspace       used 4352K, committed 4544K, reserved 1114112K
  class space    used 437K, committed 512K, reserved 1048576K
}

Dll operation events (8 events):
Event: 0.022 Loaded shared library c:\Users\palak\.vscode\extensions\redhat.java-1.40.0-win32-x64\jre\21.0.6-win32-x86_64\bin\java.dll
Event: 0.238 Loaded shared library c:\Users\palak\.vscode\extensions\redhat.java-1.40.0-win32-x64\jre\21.0.6-win32-x86_64\bin\zip.dll
Event: 0.305 Loaded shared library C:\Users\palak\.vscode\extensions\redhat.java-1.40.0-win32-x64\jre\21.0.6-win32-x86_64\bin\instrument.dll
Event: 0.317 Loaded shared library C:\Users\palak\.vscode\extensions\redhat.java-1.40.0-win32-x64\jre\21.0.6-win32-x86_64\bin\net.dll
Event: 0.328 Loaded shared library C:\Users\palak\.vscode\extensions\redhat.java-1.40.0-win32-x64\jre\21.0.6-win32-x86_64\bin\nio.dll
Event: 0.340 Loaded shared library C:\Users\palak\.vscode\extensions\redhat.java-1.40.0-win32-x64\jre\21.0.6-win32-x86_64\bin\zip.dll
Event: 0.461 Loaded shared library C:\Users\palak\.vscode\extensions\redhat.java-1.40.0-win32-x64\jre\21.0.6-win32-x86_64\bin\jimage.dll
Event: 0.613 Loaded shared library c:\Users\palak\.vscode\extensions\redhat.java-1.40.0-win32-x64\jre\21.0.6-win32-x86_64\bin\verify.dll

Deoptimization events (20 events):
Event: 2.802 Thread 0x000001febf13e030 DEOPT PACKING pc=0x000001fec3e211be sp=0x0000006530df7e10
Event: 2.802 Thread 0x000001febf13e030 DEOPT UNPACKING pc=0x000001fecb304242 sp=0x0000006530df72c0 mode 0
Event: 2.833 Thread 0x000001febf13e030 DEOPT PACKING pc=0x000001fec3e211be sp=0x0000006530df4380
Event: 2.833 Thread 0x000001febf13e030 DEOPT UNPACKING pc=0x000001fecb304242 sp=0x0000006530df3830 mode 0
Event: 2.964 Thread 0x000001febf13e030 Uncommon trap: trap_request=0xffffffc6 fr.pc=0x000001fecb88b1d0 relative=0x0000000000000290
Event: 2.964 Thread 0x000001febf13e030 Uncommon trap: reason=bimorphic_or_optimized_type_check action=maybe_recompile pc=0x000001fecb88b1d0 method=java.util.Collections$UnmodifiableCollection$1.next()Ljava/lang/Object; @ 4 c2
Event: 2.964 Thread 0x000001febf13e030 DEOPT PACKING pc=0x000001fecb88b1d0 sp=0x0000006530df8590
Event: 2.964 Thread 0x000001febf13e030 DEOPT UNPACKING pc=0x000001fecb303aa2 sp=0x0000006530df8540 mode 2
Event: 2.964 Thread 0x000001febf13e030 Uncommon trap: trap_request=0xffffffc6 fr.pc=0x000001fecb88b1d0 relative=0x0000000000000290
Event: 2.964 Thread 0x000001febf13e030 Uncommon trap: reason=bimorphic_or_optimized_type_check action=maybe_recompile pc=0x000001fecb88b1d0 method=java.util.Collections$UnmodifiableCollection$1.next()Ljava/lang/Object; @ 4 c2
Event: 2.964 Thread 0x000001febf13e030 DEOPT PACKING pc=0x000001fecb88b1d0 sp=0x0000006530df8590
Event: 2.964 Thread 0x000001febf13e030 DEOPT UNPACKING pc=0x000001fecb303aa2 sp=0x0000006530df8540 mode 2
Event: 3.874 Thread 0x000001febf13e030 Uncommon trap: trap_request=0xffffff45 fr.pc=0x000001fecb8ce14c relative=0x00000000000000ac
Event: 3.874 Thread 0x000001febf13e030 Uncommon trap: reason=unstable_if action=reinterpret pc=0x000001fecb8ce14c method=java.util.concurrent.locks.ReentrantLock$NonfairSync.initialTryLock()Z @ 10 c2
Event: 3.874 Thread 0x000001febf13e030 DEOPT PACKING pc=0x000001fecb8ce14c sp=0x0000006530dfea10
Event: 3.874 Thread 0x000001febf13e030 DEOPT UNPACKING pc=0x000001fecb303aa2 sp=0x0000006530dfe9a0 mode 2
Event: 3.875 Thread 0x000001febf13e030 Uncommon trap: trap_request=0xffffff45 fr.pc=0x000001fecb8c9eb4 relative=0x0000000000000094
Event: 3.875 Thread 0x000001febf13e030 Uncommon trap: reason=unstable_if action=reinterpret pc=0x000001fecb8c9eb4 method=java.util.concurrent.locks.ReentrantLock$Sync.tryRelease(I)Z @ 26 c2
Event: 3.875 Thread 0x000001febf13e030 DEOPT PACKING pc=0x000001fecb8c9eb4 sp=0x0000006530dfeae0
Event: 3.875 Thread 0x000001febf13e030 DEOPT UNPACKING pc=0x000001fecb303aa2 sp=0x0000006530dfea60 mode 2

Classes loaded (20 events):
Event: 3.262 Loading class java/security/SignatureException
Event: 3.262 Loading class java/security/SignatureException done
Event: 3.262 Loading class java/security/cert/CertificateException
Event: 3.263 Loading class java/security/cert/CertificateException done
Event: 3.263 Loading class java/security/NoSuchAlgorithmException
Event: 3.263 Loading class java/security/NoSuchAlgorithmException done
Event: 3.263 Loading class java/security/NoSuchProviderException
Event: 3.263 Loading class java/security/NoSuchProviderException done
Event: 3.495 Loading class java/util/Collections$UnmodifiableMap$UnmodifiableEntrySet
Event: 3.496 Loading class java/util/Collections$UnmodifiableMap$UnmodifiableEntrySet done
Event: 3.496 Loading class java/util/Collections$UnmodifiableMap$UnmodifiableEntrySet$1
Event: 3.496 Loading class java/util/Collections$UnmodifiableMap$UnmodifiableEntrySet$1 done
Event: 3.496 Loading class java/util/Collections$UnmodifiableMap$UnmodifiableEntrySet$UnmodifiableEntry
Event: 3.496 Loading class java/util/Collections$UnmodifiableMap$UnmodifiableEntrySet$UnmodifiableEntry done
Event: 3.711 Loading class java/lang/reflect/TypeVariable
Event: 3.711 Loading class java/lang/reflect/TypeVariable done
Event: 3.712 Loading class java/lang/reflect/AnnotatedType
Event: 3.712 Loading class java/lang/reflect/AnnotatedType done
Event: 3.797 Loading class java/util/ArrayList$SubList$1
Event: 3.798 Loading class java/util/ArrayList$SubList$1 done

Classes unloaded (0 events):
No events

Classes redefined (0 events):
No events

Internal exceptions (20 events):
Event: 1.890 Thread 0x000001febf13e030 Exception <a 'java/lang/ClassNotFoundException'{0x00000000ec24e9a0}: sun/net/www/protocol/c/Handler> (0x00000000ec24e9a0) 
thrown [s\src\hotspot\share\classfile\systemDictionary.cpp, line 312]
Event: 1.890 Thread 0x000001febf13e030 Exception <a 'java/lang/ClassNotFoundException'{0x00000000ec24fb40}: sun/net/www/protocol/c/Handler> (0x00000000ec24fb40) 
thrown [s\src\hotspot\share\classfile\systemDictionary.cpp, line 312]
Event: 1.907 Thread 0x000001febf13e030 Exception <a 'java/io/FileNotFoundException'{0x00000000ec276da0}> (0x00000000ec276da0) 
thrown [s\src\hotspot\share\prims\jni.cpp, line 520]
Event: 1.971 Thread 0x000001febf13e030 Implicit null exception at 0x000001fecb8a37a9 to 0x000001fecb8a401c
Event: 1.972 Thread 0x000001febf13e030 Implicit null exception at 0x000001fecb8b3a1a to 0x000001fecb8b3c28
Event: 1.972 Thread 0x000001febf13e030 Exception <a 'java/lang/NoSuchMethodError'{0x00000000ec3a20e8}: 'void java.lang.invoke.DirectMethodHandle$Holder.invokeStatic(java.lang.Object, java.lang.Object, java.lang.Object, java.lang.Object)'> (0x00000000ec3a20e8) 
thrown [s\src\hotspot\share\interpreter\linkResolver.cpp, line 773]
Event: 1.975 Thread 0x000001febf13e030 Implicit null exception at 0x000001fecb8b849a to 0x000001fecb8b8698
Event: 1.975 Thread 0x000001febf13e030 Implicit null exception at 0x000001fecb8b4bbd to 0x000001fecb8b4c41
Event: 2.228 Thread 0x000001febf13e030 Exception <a 'java/lang/NoSuchMethodError'{0x00000000ead250c0}: 'long java.lang.invoke.DirectMethodHandle$Holder.invokeStatic(java.lang.Object, java.lang.Object, int)'> (0x00000000ead250c0) 
thrown [s\src\hotspot\share\interpreter\linkResolver.cpp, line 773]
Event: 2.235 Thread 0x000001febf13e030 Exception <a 'java/lang/NoSuchMethodError'{0x00000000ead2cc28}: 'java.lang.Object java.lang.invoke.DirectMethodHandle$Holder.invokeSpecial(java.lang.Object, java.lang.Object, java.lang.Object, java.lang.Object, long)'> (0x00000000ead2cc28) 
thrown [s\src\hotspot\share\interpreter\linkResolver.cpp, line 773]
Event: 2.240 Thread 0x000001febf13e030 Exception <a 'java/lang/NoSuchMethodError'{0x00000000ead3a8a8}: 'java.lang.Object java.lang.invoke.DirectMethodHandle$Holder.invokeSpecial(java.lang.Object, java.lang.Object, java.lang.Object, int, java.lang.Object)'> (0x00000000ead3a8a8) 
thrown [s\src\hotspot\share\interpreter\linkResolver.cpp, line 773]
Event: 2.247 Thread 0x000001febf13e030 Exception <a 'java/lang/NoSuchMethodError'{0x00000000ead54538}: 'java.lang.Object java.lang.invoke.Invokers$Holder.invokeExact_MT(java.lang.Object, java.lang.Object, java.lang.Object, java.lang.Object, java.lang.Object, java.lang.Object)'> (0x00000000ead54538) 
thrown [s\src\hotspot\share\interpreter\linkResolver.cpp, line 773]
Event: 2.252 Thread 0x000001febf13e030 Exception <a 'java/lang/NoSuchMethodError'{0x00000000ead6ddf0}: 'int java.lang.invoke.DirectMethodHandle$Holder.invokeStaticInit(java.lang.Object, java.lang.Object, java.lang.Object, java.lang.Object)'> (0x00000000ead6ddf0) 
thrown [s\src\hotspot\share\interpreter\linkResolver.cpp, line 773]
Event: 2.254 Thread 0x000001febf13e030 Exception <a 'java/lang/NoSuchMethodError'{0x00000000ead76840}: 'java.lang.Object java.lang.invoke.DirectMethodHandle$Holder.invokeInterface(java.lang.Object, java.lang.Object)'> (0x00000000ead76840) 
thrown [s\src\hotspot\share\interpreter\linkResolver.cpp, line 773]
Event: 2.254 Thread 0x000001febf13e030 Exception <a 'java/lang/IncompatibleClassChangeError'{0x00000000ead79d78}: Found class java.lang.Object, but interface was expected> (0x00000000ead79d78) 
thrown [s\src\hotspot\share\interpreter\linkResolver.cpp, line 840]
Event: 2.255 Thread 0x000001febf13e030 Exception <a 'java/lang/NoSuchMethodError'{0x00000000ead7df30}: 'void java.lang.invoke.DirectMethodHandle$Holder.invokeStatic(java.lang.Object, java.lang.Object)'> (0x00000000ead7df30) 
thrown [s\src\hotspot\share\interpreter\linkResolver.cpp, line 773]
Event: 2.256 Thread 0x000001febf13e030 Exception <a 'java/lang/NoSuchMethodError'{0x00000000ead812d8}: 'void java.lang.invoke.DirectMethodHandle$Holder.invokeStaticInit(java.lang.Object, java.lang.Object)'> (0x00000000ead812d8) 
thrown [s\src\hotspot\share\interpreter\linkResolver.cpp, line 773]
Event: 2.257 Thread 0x000001febf13e030 Exception <a 'java/lang/NoSuchMethodError'{0x00000000ead882d8}: 'int java.lang.invoke.DirectMethodHandle$Holder.invokeStaticInit(java.lang.Object, java.lang.Object)'> (0x00000000ead882d8) 
thrown [s\src\hotspot\share\interpreter\linkResolver.cpp, line 773]
Event: 2.472 Thread 0x000001febf13e030 Exception <a 'java/lang/NoSuchMethodError'{0x00000000eaeee4d8}: 'void java.lang.invoke.DirectMethodHandle$Holder.invokeSpecial(java.lang.Object, java.lang.Object, java.lang.Object)'> (0x00000000eaeee4d8) 
thrown [s\src\hotspot\share\interpreter\linkResolver.cpp, line 773]
Event: 3.745 Thread 0x000001febf13e030 Exception <a 'java/lang/NoSuchMethodError'{0x00000000eb8f8238}: 'int java.lang.invoke.DirectMethodHandle$Holder.invokeVirtual(java.lang.Object, java.lang.Object)'> (0x00000000eb8f8238) 
thrown [s\src\hotspot\share\interpreter\linkResolver.cpp, line 773]

ZGC Phase Switch (0 events):
No events

VM Operations (16 events):
Event: 0.236 Executing VM operation: HandshakeAllThreads (Deoptimize)
Event: 0.236 Executing VM operation: HandshakeAllThreads (Deoptimize) done
Event: 0.484 Executing VM operation: HandshakeAllThreads (Deoptimize)
Event: 0.484 Executing VM operation: HandshakeAllThreads (Deoptimize) done
Event: 1.283 Executing VM operation: HandshakeAllThreads (Deoptimize)
Event: 1.283 Executing VM operation: HandshakeAllThreads (Deoptimize) done
Event: 1.283 Executing VM operation: Cleanup
Event: 1.283 Executing VM operation: Cleanup done
Event: 1.395 Executing VM operation: HandshakeAllThreads (Deoptimize)
Event: 1.395 Executing VM operation: HandshakeAllThreads (Deoptimize) done
Event: 1.854 Executing VM operation: HandshakeAllThreads (Deoptimize)
Event: 1.855 Executing VM operation: HandshakeAllThreads (Deoptimize) done
Event: 2.016 Executing VM operation: ParallelGCFailedAllocation (Allocation Failure)
Event: 2.035 Executing VM operation: ParallelGCFailedAllocation (Allocation Failure) done
Event: 3.047 Executing VM operation: Cleanup
Event: 3.047 Executing VM operation: Cleanup done

Memory protections (0 events):
No events

Nmethod flushes (0 events):
No events

Events (15 events):
Event: 0.087 Thread 0x000001febf13e030 Thread added: 0x000001febf13e030
Event: 0.128 Thread 0x000001febf13e030 Thread added: 0x000001fec0b2b630
Event: 0.129 Thread 0x000001febf13e030 Thread added: 0x000001fec0b2db60
Event: 0.132 Thread 0x000001febf13e030 Thread added: 0x000001fed5630fe0
Event: 0.134 Thread 0x000001febf13e030 Thread added: 0x000001fed5633310
Event: 0.136 Thread 0x000001febf13e030 Thread added: 0x000001fed56355f0
Event: 0.137 Thread 0x000001febf13e030 Thread added: 0x000001fed563cbe0
Event: 0.139 Thread 0x000001febf13e030 Thread added: 0x000001fed56434c0
Event: 0.145 Thread 0x000001febf13e030 Thread added: 0x000001fed56614e0
Event: 0.203 Thread 0x000001febf13e030 Thread added: 0x000001ff1746c260
Event: 0.602 Thread 0x000001fed56434c0 Thread added: 0x000001ff176b7fa0
Event: 0.819 Thread 0x000001febf13e030 Thread added: 0x000001ff176debc0
Event: 1.969 Thread 0x000001ff176b7fa0 Thread exited: 0x000001ff176b7fa0
Event: 2.601 Thread 0x000001fed56614e0 Thread added: 0x000001ff1c48a0e0
Event: 3.219 Thread 0x000001ff1c48a0e0 Thread exited: 0x000001ff1c48a0e0


Dynamic libraries:
0x00007ff70f800000 - 0x00007ff70f80e000 	c:\Users\palak\.vscode\extensions\redhat.java-1.40.0-win32-x64\jre\21.0.6-win32-x86_64\bin\java.exe
0x00007ffdf8a20000 - 0x00007ffdf8c83000 	C:\WINDOWS\SYSTEM32\ntdll.dll
0x00007ffdf8130000 - 0x00007ffdf81f7000 	C:\WINDOWS\System32\KERNEL32.DLL
0x00007ffdf5c20000 - 0x00007ffdf5fe9000 	C:\WINDOWS\System32\KERNELBASE.dll
0x00007ffdf6120000 - 0x00007ffdf626c000 	C:\WINDOWS\System32\ucrtbase.dll
0x00007ffdbf180000 - 0x00007ffdbf198000 	c:\Users\palak\.vscode\extensions\redhat.java-1.40.0-win32-x64\jre\21.0.6-win32-x86_64\bin\jli.dll
0x00007ffdf8370000 - 0x00007ffdf853a000 	C:\WINDOWS\System32\USER32.dll
0x00007ffdf63f0000 - 0x00007ffdf6417000 	C:\WINDOWS\System32\win32u.dll
0x00007ffdf6f10000 - 0x00007ffdf6f3a000 	C:\WINDOWS\System32\GDI32.dll
0x00007ffdf6420000 - 0x00007ffdf6551000 	C:\WINDOWS\System32\gdi32full.dll
0x00007ffdf6560000 - 0x00007ffdf6603000 	C:\WINDOWS\System32\msvcp_win.dll
0x00007ffde38b0000 - 0x00007ffde3b40000 	C:\WINDOWS\WinSxS\amd64_microsoft.windows.common-controls_6595b64144ccf1df_6.0.26100.3323_none_3e088096e3344490\COMCTL32.dll
0x00007ffdf7340000 - 0x00007ffdf73e9000 	C:\WINDOWS\System32\msvcrt.dll
0x00007ffdbea20000 - 0x00007ffdbea3e000 	c:\Users\palak\.vscode\extensions\redhat.java-1.40.0-win32-x64\jre\21.0.6-win32-x86_64\bin\VCRUNTIME140.dll
0x00007ffdf8210000 - 0x00007ffdf823f000 	C:\WINDOWS\System32\IMM32.DLL
0x00007ffdf0da0000 - 0x00007ffdf0dac000 	c:\Users\palak\.vscode\extensions\redhat.java-1.40.0-win32-x64\jre\21.0.6-win32-x86_64\bin\vcruntime140_1.dll
0x00007ffdba4d0000 - 0x00007ffdba55d000 	c:\Users\palak\.vscode\extensions\redhat.java-1.40.0-win32-x64\jre\21.0.6-win32-x86_64\bin\msvcp140.dll
0x00007ffd724d0000 - 0x00007ffd73260000 	c:\Users\palak\.vscode\extensions\redhat.java-1.40.0-win32-x64\jre\21.0.6-win32-x86_64\bin\server\jvm.dll
0x00007ffdf8260000 - 0x00007ffdf8312000 	C:\WINDOWS\System32\ADVAPI32.dll
0x00007ffdf6f70000 - 0x00007ffdf7016000 	C:\WINDOWS\System32\sechost.dll
0x00007ffdf7190000 - 0x00007ffdf72a6000 	C:\WINDOWS\System32\RPCRT4.dll
0x00007ffdf8540000 - 0x00007ffdf85b4000 	C:\WINDOWS\System32\WS2_32.dll
0x00007ffdf5ab0000 - 0x00007ffdf5afe000 	C:\WINDOWS\SYSTEM32\POWRPROF.dll
0x00007ffdef160000 - 0x00007ffdef196000 	C:\WINDOWS\SYSTEM32\WINMM.dll
0x00007ffdef1a0000 - 0x00007ffdef1ab000 	C:\WINDOWS\SYSTEM32\VERSION.dll
0x00007ffdf5a90000 - 0x00007ffdf5aa4000 	C:\WINDOWS\SYSTEM32\UMPDC.dll
0x00007ffdf4a40000 - 0x00007ffdf4a5a000 	C:\WINDOWS\SYSTEM32\kernel.appcore.dll
0x00007ffde73a0000 - 0x00007ffde73aa000 	c:\Users\palak\.vscode\extensions\redhat.java-1.40.0-win32-x64\jre\21.0.6-win32-x86_64\bin\jimage.dll
0x00007ffde8420000 - 0x00007ffde8661000 	C:\WINDOWS\SYSTEM32\DBGHELP.DLL
0x00007ffdf7da0000 - 0x00007ffdf8122000 	C:\WINDOWS\System32\combase.dll
0x00007ffdf8900000 - 0x00007ffdf89d6000 	C:\WINDOWS\System32\OLEAUT32.dll
0x00007ffdd38b0000 - 0x00007ffdd38e9000 	C:\WINDOWS\SYSTEM32\dbgcore.DLL
0x00007ffdf6080000 - 0x00007ffdf6119000 	C:\WINDOWS\System32\bcryptPrimitives.dll
0x00007ffde0710000 - 0x00007ffde071f000 	c:\Users\palak\.vscode\extensions\redhat.java-1.40.0-win32-x64\jre\21.0.6-win32-x86_64\bin\instrument.dll
0x00007ffdba4b0000 - 0x00007ffdba4cf000 	c:\Users\palak\.vscode\extensions\redhat.java-1.40.0-win32-x64\jre\21.0.6-win32-x86_64\bin\java.dll
0x00007ffdf7680000 - 0x00007ffdf7d95000 	C:\WINDOWS\System32\SHELL32.dll
0x00007ffdf6610000 - 0x00007ffdf6778000 	C:\WINDOWS\System32\wintypes.dll
0x00007ffdf3900000 - 0x00007ffdf4145000 	C:\WINDOWS\SYSTEM32\windows.storage.dll
0x00007ffdf87b0000 - 0x00007ffdf889b000 	C:\WINDOWS\System32\SHCORE.dll
0x00007ffdf7130000 - 0x00007ffdf718d000 	C:\WINDOWS\System32\shlwapi.dll
0x00007ffdf5b30000 - 0x00007ffdf5b5f000 	C:\WINDOWS\SYSTEM32\profapi.dll
0x00007ffdbea00000 - 0x00007ffdbea18000 	c:\Users\palak\.vscode\extensions\redhat.java-1.40.0-win32-x64\jre\21.0.6-win32-x86_64\bin\zip.dll
0x00007ffddd380000 - 0x00007ffddd390000 	C:\Users\palak\.vscode\extensions\redhat.java-1.40.0-win32-x64\jre\21.0.6-win32-x86_64\bin\net.dll
0x00007ffdeae90000 - 0x00007ffdeafae000 	C:\WINDOWS\SYSTEM32\WINHTTP.dll
0x00007ffdf4f60000 - 0x00007ffdf4fca000 	C:\WINDOWS\system32\mswsock.dll
0x00007ffdb4240000 - 0x00007ffdb4256000 	C:\Users\palak\.vscode\extensions\redhat.java-1.40.0-win32-x64\jre\21.0.6-win32-x86_64\bin\nio.dll
0x00007ffddadc0000 - 0x00007ffddadd0000 	c:\Users\palak\.vscode\extensions\redhat.java-1.40.0-win32-x64\jre\21.0.6-win32-x86_64\bin\verify.dll

dbghelp: loaded successfully - version: 4.0.5 - missing functions: none
symbol engine: initialized successfully - sym options: 0x614 - pdb path: .;c:\Users\palak\.vscode\extensions\redhat.java-1.40.0-win32-x64\jre\21.0.6-win32-x86_64\bin;C:\WINDOWS\SYSTEM32;C:\WINDOWS\WinSxS\amd64_microsoft.windows.common-controls_6595b64144ccf1df_6.0.26100.3323_none_3e088096e3344490;c:\Users\palak\.vscode\extensions\redhat.java-1.40.0-win32-x64\jre\21.0.6-win32-x86_64\bin\server

VM Arguments:
jvm_args: --add-modules=ALL-SYSTEM --add-opens=java.base/java.util=ALL-UNNAMED --add-opens=java.base/java.lang=ALL-UNNAMED --add-opens=java.base/sun.nio.fs=ALL-UNNAMED -Declipse.application=org.eclipse.jdt.ls.core.id1 -Dosgi.bundles.defaultStartLevel=4 -Declipse.product=org.eclipse.jdt.ls.core.product -Djava.import.generatesMetadataFilesAtProjectRoot=false -DDetectVMInstallationsJob.disabled=true -Dfile.encoding=utf8 -XX:+UseParallelGC -XX:GCTimeRatio=4 -XX:AdaptiveSizePolicyWeight=90 -Dsun.zip.disableMemoryMapping=true -Xmx1G -Xms100m -Xlog:disable -javaagent:c:\Users\palak\.vscode\extensions\redhat.java-1.40.0-win32-x64\lombok\lombok-1.18.36.jar -XX:+HeapDumpOnOutOfMemoryError -XX:HeapDumpPath=c:\Users\palak\AppData\Roaming\Code\User\workspaceStorage\632f04cdbe9e26a6a5769c745b0508de\redhat.java -Daether.dependencyCollector.impl=bf 
java_command: c:\Users\palak\.vscode\extensions\redhat.java-1.40.0-win32-x64\server\plugins\org.eclipse.equinox.launcher_1.6.1000.v20250131-0606.jar -configuration c:\Users\palak\AppData\Roaming\Code\User\globalStorage\redhat.java\1.40.0\config_win -data c:\Users\palak\AppData\Roaming\Code\User\workspaceStorage\632f04cdbe9e26a6a5769c745b0508de\redhat.java\jdt_ws --pipe=\\.\pipe\lsp-06d137088f7fb02e275a815af80b5cd8-sock
java_class_path (initial): c:\Users\palak\.vscode\extensions\redhat.java-1.40.0-win32-x64\server\plugins\org.eclipse.equinox.launcher_1.6.1000.v20250131-0606.jar
Launcher Type: SUN_STANDARD

[Global flags]
    uintx AdaptiveSizePolicyWeight                 = 90                                        {product} {command line}
     intx CICompilerCount                          = 3                                         {product} {ergonomic}
    uintx GCTimeRatio                              = 4                                         {product} {command line}
     bool HeapDumpOnOutOfMemoryError               = true                                   {manageable} {command line}
    ccstr HeapDumpPath                             = c:\Users\palak\AppData\Roaming\Code\User\workspaceStorage\632f04cdbe9e26a6a5769c745b0508de\redhat.java         {manageable} {command line}
   size_t InitialHeapSize                          = 104857600                                 {product} {command line}
   size_t MaxHeapSize                              = 1073741824                                {product} {command line}
   size_t MaxNewSize                               = 357564416                                 {product} {ergonomic}
   size_t MinHeapDeltaBytes                        = 524288                                    {product} {ergonomic}
   size_t MinHeapSize                              = 104857600                                 {product} {command line}
   size_t NewSize                                  = 34603008                                  {product} {ergonomic}
    uintx NonNMethodCodeHeapSize                   = 5832780                                {pd product} {ergonomic}
    uintx NonProfiledCodeHeapSize                  = 122912730                              {pd product} {ergonomic}
   size_t OldSize                                  = 70254592                                  {product} {ergonomic}
    uintx ProfiledCodeHeapSize                     = 122912730                              {pd product} {ergonomic}
    uintx ReservedCodeCacheSize                    = 251658240                              {pd product} {ergonomic}
     bool SegmentedCodeCache                       = true                                      {product} {ergonomic}
   size_t SoftMaxHeapSize                          = 1073741824                             {manageable} {ergonomic}
     bool UseCompressedOops                        = true                           {product lp64_product} {ergonomic}
     bool UseLargePagesIndividualAllocation        = false                                  {pd product} {ergonomic}
     bool UseParallelGC                            = true                                      {product} {command line}

Logging:
Log output configuration:
 #0: stdout all=off uptime,level,tags foldmultilines=false
 #1: stderr all=off uptime,level,tags foldmultilines=false

Environment Variables:
JAVA_HOME=C:\Users\palak\Downloads\java-21-openjdk-21.0.1.0.12-3.win.jdk.x86_64\java-21-openjdk-21.0.1.0.12-3.win.jdk.x86_64
PATH=C:\Program Files (x86)\Common Files\Oracle\Java\java8path;C:\Program Files (x86)\Common Files\Oracle\Java\javapath;C:\WINDOWS\system32;C:\WINDOWS;C:\WINDOWS\System32\Wbem;C:\WINDOWS\System32\WindowsPowerShell\v1.0\;C:\WINDOWS\System32\OpenSSH\;C:\Users\palak\Downloads\java-21-openjdk-21.0.1.0.12-3.win.jdk.x86_64\java-21-openjdk-21.0.1.0.12-3.win.jdk.x86_64\bin;C:\Users\palak\Downloads\apache-maven-3.9.8-bin\bin;c:\users\palak\appdata\local\packages\pythonsoftwarefoundation.python.3.11_qbz5n2kfra8p0\localcache\local-packages\python311\site-packages;C:\ProgramData\chocolatey\bin;C:\Program Files\nodejs\;C:\Users\palak\AppData\Local\Programs\Python\Python312\Scripts;C:\Program Files\Git\cmd;C:\Users\palak\Downloads\flutter_windows_3.27.3-stable\flutter\bin;C:\Users\palak\AppData\Local\Android\Sdk\cmdline-tools\latest\bin;C:\Users\palak\AppData\Local\Android\Sdk\platform-tools;C:\ffmpeg;C:\Program Files\MongoDB\Server\8.0\bin;C:\Users\palak\AppData\Local\Programs\Python\Python313\Scripts\;C:\Users\palak\AppData\Local\Programs\Python\Python313\;C:\Users\palak\AppData\Local\Programs\Python\Python312\Scripts\;C:\Users\palak\AppData\Local\Programs\Python\Python312\;C:\Users\palak\AppData\Local\Programs\Python\Launcher\;C:\Program Files\MySQL\MySQL Shell 8.0\bin\;C:\Users\palak\AppData\Local\Microsoft\WindowsApps;C:\Users\palak\AppData\Local\Programs\Microsoft VS Code\bin;C:\Program Files\JetBrains\IntelliJ IDEA Community Edition 2023.3.3\bin;C:\Users\palak\AppData\Local\JetBrains\CLion 2023.3.4\bin;C:\Program Files\JetBrains\PyCharm 2024.1.2\bin;C:\Program Files\JetBrains\PyCharm Community Edition 2024.1.4\bin;C:\Users\palak\AppData\Local\JetBrains\Toolbox\scripts;C:\Users\palak\AppData\Roaming\npm;C:\Users\palak\AppData\Local\GitHubDesktop\bin;C:\Users\palak\AppData\Local\Microsoft\WindowsApps;
USERNAME=palak
OS=Windows_NT
PROCESSOR_IDENTIFIER=AMD64 Family 23 Model 24 Stepping 1, AuthenticAMD
TMP=C:\Users\palak\AppData\Local\Temp
TEMP=C:\Users\palak\AppData\Local\Temp




Periodic native trim disabled

---------------  S Y S T E M  ---------------

OS:
 Windows 11 , 64 bit Build 26100 (10.0.26100.3323)
OS uptime: 0 days 0:24 hours

CPU: total 4 (initial active 4) (4 cores per cpu, 2 threads per core) family 23 model 24 stepping 1 microcode 0x8108109, cx8, cmov, fxsr, ht, mmx, 3dnowpref, sse, sse2, sse3, ssse3, sse4a, sse4.1, sse4.2, popcnt, lzcnt, tsc, tscinvbit, avx, avx2, aes, clmul, bmi1, bmi2, adx, sha, fma, vzeroupper, clflush, clflushopt, rdtscp, f16c
Processor Information for the first 4 processors :
  Max Mhz: 2600, Current Mhz: 2600, Mhz Limit: 2600

Memory: 4k page, system-wide physical 6086M (556M free)
TotalPageFile size 14278M (AvailPageFile size 1M)
current process WorkingSet (physical memory assigned to process): 85M, peak: 86M
current process commit charge ("private bytes"): 190M, peak: 192M

vm_info: OpenJDK 64-Bit Server VM (21.0.6+7-LTS) for windows-amd64 JRE (21.0.6+7-LTS), built on 2025-01-21T00:00:00Z by "admin" with MS VC++ 17.7 (VS2022)

END.
