#
# There is insufficient memory for the Java Runtime Environment to continue.
# Native memory allocation (malloc) failed to allocate 952736 bytes. Error detail: Chunk::new
# Possible reasons:
#   The system is out of physical RAM or swap space
#   This process is running with CompressedOops enabled, and the Java Heap may be blocking the growth of the native heap
# Possible solutions:
#   Reduce memory load on the system
#   Increase physical memory or swap space
#   Check if swap backing store is full
#   Decrease Java heap size (-Xmx/-Xms)
#   Decrease number of Java threads
#   Decrease Java thread stack sizes (-Xss)
#   Set larger code cache with -XX:ReservedCodeCacheSize=
#   JVM is running with Unscaled Compressed Oops mode in which the Java heap is
#     placed in the first 4GB address space. The Java Heap base address is the
#     maximum limit for the native heap growth. Please use -XX:HeapBaseMinAddress
#     to set the Java Heap base and to place the Java Heap above 4GB virtual address.
# This output file may be truncated or incomplete.
#
#  Out of Memory Error (arena.cpp:168), pid=4424, tid=828
#
# JRE version: OpenJDK Runtime Environment Temurin-21.0.6+7 (21.0.6+7) (build 21.0.6+7-LTS)
# Java VM: OpenJDK 64-Bit Server VM Temurin-21.0.6+7 (21.0.6+7-LTS, mixed mode, sharing, tiered, compressed oops, compressed class ptrs, parallel gc, windows-amd64)
# No core dump will be written. Minidumps are not enabled by default on client versions of Windows
#

---------------  S U M M A R Y ------------

Command Line: --add-modules=ALL-SYSTEM --add-opens=java.base/java.util=ALL-UNNAMED --add-opens=java.base/java.lang=ALL-UNNAMED --add-opens=java.base/sun.nio.fs=ALL-UNNAMED -Declipse.application=org.eclipse.jdt.ls.core.id1 -Dosgi.bundles.defaultStartLevel=4 -Declipse.product=org.eclipse.jdt.ls.core.product -Djava.import.generatesMetadataFilesAtProjectRoot=false -DDetectVMInstallationsJob.disabled=true -Dfile.encoding=utf8 -XX:+UseParallelGC -XX:GCTimeRatio=4 -XX:AdaptiveSizePolicyWeight=90 -Dsun.zip.disableMemoryMapping=true -Xmx1G -Xms100m -Xlog:disable -javaagent:c:\Users\palak\.vscode\extensions\redhat.java-1.40.0-win32-x64\lombok\lombok-1.18.36.jar -XX:+HeapDumpOnOutOfMemoryError -XX:HeapDumpPath=c:\Users\palak\AppData\Roaming\Code\User\workspaceStorage\632f04cdbe9e26a6a5769c745b0508de\redhat.java -Daether.dependencyCollector.impl=bf c:\Users\palak\.vscode\extensions\redhat.java-1.40.0-win32-x64\server\plugins\org.eclipse.equinox.launcher_1.6.1000.v20250131-0606.jar -configuration c:\Users\palak\AppData\Roaming\Code\User\globalStorage\redhat.java\1.40.0\config_win -data c:\Users\palak\AppData\Roaming\Code\User\workspaceStorage\632f04cdbe9e26a6a5769c745b0508de\redhat.java\jdt_ws --pipe=\\.\pipe\lsp-45b00b510df2cc006091ffb465f0423f-sock

Host: AMD Ryzen 3 3250U with Radeon Graphics         , 4 cores, 5G,  Windows 11 , 64 bit Build 26100 (10.0.26100.3323)
Time: Mon Mar 17 21:34:51 2025 India Standard Time elapsed time: 63.873810 seconds (0d 0h 1m 3s)

---------------  T H R E A D  ---------------

Current thread (0x00000192f61a6700):  JavaThread "C2 CompilerThread0" daemon [_thread_in_native, id=828, stack(0x0000002e53000000,0x0000002e53100000) (1024K)]


Current CompileTask:
C2:63873 11226       4       org.eclipse.jdt.internal.core.search.indexing.BinaryIndexer::extractReferenceFromConstantPool (358 bytes)

Stack: [0x0000002e53000000,0x0000002e53100000]
Native frames: (J=compiled Java code, j=interpreted, Vv=VM code, C=native code)
V  [jvm.dll+0x6cdee9]
V  [jvm.dll+0x8a83d1]
V  [jvm.dll+0x8aa8fe]
V  [jvm.dll+0x8aafe3]
V  [jvm.dll+0x27f706]
V  [jvm.dll+0xc500d]
V  [jvm.dll+0xc5543]
V  [jvm.dll+0x2f2acd]
V  [jvm.dll+0x5f6a2a]
V  [jvm.dll+0x250bb2]
V  [jvm.dll+0x250f6f]
V  [jvm.dll+0x249834]
V  [jvm.dll+0x246ec4]
V  [jvm.dll+0x1c75ee]
V  [jvm.dll+0x25685a]
V  [jvm.dll+0x254dfa]
V  [jvm.dll+0x3f0256]
V  [jvm.dll+0x851f8b]
V  [jvm.dll+0x6cc5ed]
C  [ucrtbase.dll+0x37b0]
C  [KERNEL32.DLL+0x2e8d7]
C  [ntdll.dll+0xbbf6c]


---------------  P R O C E S S  ---------------

Threads class SMR info:
_java_thread_list=0x00000192febc7440, length=44, elements={
0x00000192eeb9ce00, 0x00000192f0f1c8b0, 0x00000192f618ff60, 0x00000192f61938f0,
0x00000192f6194540, 0x00000192f6196820, 0x00000192f619de10, 0x00000192f61a6700,
0x00000192f6210e50, 0x00000192f0ed5060, 0x00000192fb282c20, 0x00000192fba9bfa0,
0x00000192fbd82450, 0x00000192fbd7f5a0, 0x00000192fbd74c10, 0x00000192fbb1e280,
0x00000192fb53bec0, 0x00000192fb4ca850, 0x00000192fb4caee0, 0x00000192fb4c8780,
0x00000192fb4cb570, 0x00000192fb4c9b30, 0x00000192fb4ca1c0, 0x00000192fc08dd80,
0x00000192fc08eaa0, 0x00000192fc08d060, 0x00000192fc08d6f0, 0x00000192fc08e410,
0x00000192fc08f130, 0x00000192fc08f7c0, 0x00000192fc08fe50, 0x00000192fdfd2760,
0x00000192fdfd4ec0, 0x00000192fdfd41a0, 0x00000192fdfd20d0, 0x00000192fdfd2df0,
0x00000192fdfd3b10, 0x00000192fdedc3e0, 0x00000192fdedca70, 0x00000192fdedb6c0,
0x00000192fded9c80, 0x00000192fdedd790, 0x00000192fdedde20, 0x00000192fc285f80
}

Java Threads: ( => current thread )
  0x00000192eeb9ce00 JavaThread "main"                              [_thread_blocked, id=16616, stack(0x0000002e52600000,0x0000002e52700000) (1024K)]
  0x00000192f0f1c8b0 JavaThread "Reference Handler"          daemon [_thread_blocked, id=20364, stack(0x0000002e52a00000,0x0000002e52b00000) (1024K)]
  0x00000192f618ff60 JavaThread "Finalizer"                  daemon [_thread_blocked, id=17352, stack(0x0000002e52b00000,0x0000002e52c00000) (1024K)]
  0x00000192f61938f0 JavaThread "Signal Dispatcher"          daemon [_thread_blocked, id=9708, stack(0x0000002e52c00000,0x0000002e52d00000) (1024K)]
  0x00000192f6194540 JavaThread "Attach Listener"            daemon [_thread_blocked, id=17680, stack(0x0000002e52d00000,0x0000002e52e00000) (1024K)]
  0x00000192f6196820 JavaThread "Service Thread"             daemon [_thread_blocked, id=3272, stack(0x0000002e52e00000,0x0000002e52f00000) (1024K)]
  0x00000192f619de10 JavaThread "Monitor Deflation Thread"   daemon [_thread_blocked, id=13368, stack(0x0000002e52f00000,0x0000002e53000000) (1024K)]
=>0x00000192f61a6700 JavaThread "C2 CompilerThread0"         daemon [_thread_in_native, id=828, stack(0x0000002e53000000,0x0000002e53100000) (1024K)]
  0x00000192f6210e50 JavaThread "C1 CompilerThread0"         daemon [_thread_blocked, id=9876, stack(0x0000002e53100000,0x0000002e53200000) (1024K)]
  0x00000192f0ed5060 JavaThread "Common-Cleaner"             daemon [_thread_blocked, id=5808, stack(0x0000002e53200000,0x0000002e53300000) (1024K)]
  0x00000192fb282c20 JavaThread "Notification Thread"        daemon [_thread_blocked, id=6196, stack(0x0000002e53300000,0x0000002e53400000) (1024K)]
  0x00000192fba9bfa0 JavaThread "Active Thread: Equinox Container: 9d5677e9-6e08-475f-ba65-cac3f597da2e"        [_thread_blocked, id=12684, stack(0x0000002e53700000,0x0000002e53800000) (1024K)]
  0x00000192fbd82450 JavaThread "Refresh Thread: Equinox Container: 9d5677e9-6e08-475f-ba65-cac3f597da2e" daemon [_thread_blocked, id=16092, stack(0x0000002e53800000,0x0000002e53900000) (1024K)]
  0x00000192fbd7f5a0 JavaThread "Framework Event Dispatcher: Equinox Container: 9d5677e9-6e08-475f-ba65-cac3f597da2e" daemon [_thread_blocked, id=2764, stack(0x0000002e53900000,0x0000002e53a00000) (1024K)]
  0x00000192fbd74c10 JavaThread "Start Level: Equinox Container: 9d5677e9-6e08-475f-ba65-cac3f597da2e" daemon [_thread_blocked, id=14212, stack(0x0000002e53a00000,0x0000002e53b00000) (1024K)]
  0x00000192fbb1e280 JavaThread "Bundle File Closer"         daemon [_thread_blocked, id=7476, stack(0x0000002e53c00000,0x0000002e53d00000) (1024K)]
  0x00000192fb53bec0 JavaThread "SCR Component Actor"        daemon [_thread_blocked, id=16044, stack(0x0000002e53b00000,0x0000002e53c00000) (1024K)]
  0x00000192fb4ca850 JavaThread "Worker-JM"                         [_thread_blocked, id=13276, stack(0x0000002e53e00000,0x0000002e53f00000) (1024K)]
  0x00000192fb4caee0 JavaThread "JNA Cleaner"                daemon [_thread_blocked, id=7572, stack(0x0000002e53f00000,0x0000002e54000000) (1024K)]
  0x00000192fb4c8780 JavaThread "Worker-0"                          [_thread_blocked, id=5456, stack(0x0000002e54000000,0x0000002e54100000) (1024K)]
  0x00000192fb4cb570 JavaThread "Worker-1"                          [_thread_blocked, id=18272, stack(0x0000002e54100000,0x0000002e54200000) (1024K)]
  0x00000192fb4c9b30 JavaThread "Worker-2: Java indexing... "        [_thread_blocked, id=1624, stack(0x0000002e54200000,0x0000002e54300000) (1024K)]
  0x00000192fb4ca1c0 JavaThread "Java indexing"              daemon [_thread_in_Java, id=740, stack(0x0000002e54400000,0x0000002e54500000) (1024K)]
  0x00000192fc08dd80 JavaThread "Worker-3: Initialize Workspace"        [_thread_blocked, id=13740, stack(0x0000002e54300000,0x0000002e54400000) (1024K)]
  0x00000192fc08eaa0 JavaThread "Worker-4"                          [_thread_blocked, id=13248, stack(0x0000002e54600000,0x0000002e54700000) (1024K)]
  0x00000192fc08d060 JavaThread "Thread-2"                   daemon [_thread_in_native, id=20236, stack(0x0000002e54700000,0x0000002e54800000) (1024K)]
  0x00000192fc08d6f0 JavaThread "Thread-3"                   daemon [_thread_in_native, id=10960, stack(0x0000002e54800000,0x0000002e54900000) (1024K)]
  0x00000192fc08e410 JavaThread "Thread-4"                   daemon [_thread_in_native, id=12272, stack(0x0000002e54900000,0x0000002e54a00000) (1024K)]
  0x00000192fc08f130 JavaThread "Thread-5"                   daemon [_thread_in_native, id=12612, stack(0x0000002e54a00000,0x0000002e54b00000) (1024K)]
  0x00000192fc08f7c0 JavaThread "Thread-6"                   daemon [_thread_in_native, id=12420, stack(0x0000002e54b00000,0x0000002e54c00000) (1024K)]
  0x00000192fc08fe50 JavaThread "pool-2-thread-1"                   [_thread_blocked, id=13032, stack(0x0000002e54c00000,0x0000002e54d00000) (1024K)]
  0x00000192fdfd2760 JavaThread "WorkspaceEventsHandler"            [_thread_blocked, id=17936, stack(0x0000002e54d00000,0x0000002e54e00000) (1024K)]
  0x00000192fdfd4ec0 JavaThread "pool-1-thread-1"                   [_thread_blocked, id=8644, stack(0x0000002e54e00000,0x0000002e54f00000) (1024K)]
  0x00000192fdfd41a0 JavaThread "Worker-5: Initialize workspace"        [_thread_blocked, id=8364, stack(0x0000002e55000000,0x0000002e55100000) (1024K)]
  0x00000192fdfd20d0 JavaThread "LocalFile Deleter"          daemon [_thread_blocked, id=16800, stack(0x0000002e54f00000,0x0000002e55000000) (1024K)]
  0x00000192fdfd2df0 JavaThread "LocalFile Deleter"          daemon [_thread_blocked, id=18628, stack(0x0000002e55100000,0x0000002e55200000) (1024K)]
  0x00000192fdfd3b10 JavaThread "LocalFile Deleter"          daemon [_thread_blocked, id=19288, stack(0x0000002e55200000,0x0000002e55300000) (1024K)]
  0x00000192fdedc3e0 JavaThread "LocalFile Deleter"          daemon [_thread_blocked, id=18836, stack(0x0000002e55300000,0x0000002e55400000) (1024K)]
  0x00000192fdedca70 JavaThread "Compiler Source File Reader" daemon [_thread_blocked, id=8540, stack(0x0000002e55400000,0x0000002e55500000) (1024K)]
  0x00000192fdedb6c0 JavaThread "Compiler Source File Reader" daemon [_thread_blocked, id=10852, stack(0x0000002e55500000,0x0000002e55600000) (1024K)]
  0x00000192fded9c80 JavaThread "Compiler Processing Task"   daemon [_thread_blocked, id=9872, stack(0x0000002e55700000,0x0000002e55800000) (1024K)]
  0x00000192fdedd790 JavaThread "Compiler Class File Writer" daemon [_thread_blocked, id=15404, stack(0x0000002e55800000,0x0000002e55900000) (1024K)]
  0x00000192fdedde20 JavaThread "Compiler Class File Writer" daemon [_thread_blocked, id=2616, stack(0x0000002e55900000,0x0000002e55a00000) (1024K)]
  0x00000192fc285f80 JavaThread "C2 CompilerThread1"         daemon [_thread_in_native, id=11252, stack(0x0000002e52400000,0x0000002e52500000) (1024K)]
Total: 44

Other Threads:
  0x00000192f618f4f0 VMThread "VM Thread"                           [id=6324, stack(0x0000002e52900000,0x0000002e52a00000) (1024K)]
  0x00000192f612ca10 WatcherThread "VM Periodic Task Thread"        [id=440, stack(0x0000002e52800000,0x0000002e52900000) (1024K)]
  0x00000192f0e83bc0 WorkerThread "GC Thread#0"                     [id=4076, stack(0x0000002e52700000,0x0000002e52800000) (1024K)]
  0x00000192fb68b0e0 WorkerThread "GC Thread#1"                     [id=8052, stack(0x0000002e53400000,0x0000002e53500000) (1024K)]
  0x00000192fb68bd50 WorkerThread "GC Thread#2"                     [id=16860, stack(0x0000002e53500000,0x0000002e53600000) (1024K)]
  0x00000192fb68c0f0 WorkerThread "GC Thread#3"                     [id=17220, stack(0x0000002e53600000,0x0000002e53700000) (1024K)]
Total: 6

Threads with active compile tasks:
C2 CompilerThread0  63941 11226       4       org.eclipse.jdt.internal.core.search.indexing.BinaryIndexer::extractReferenceFromConstantPool (358 bytes)
C2 CompilerThread1  63941 11253       4       org.eclipse.jdt.internal.compiler.classfmt.MethodInfo::createMethod (710 bytes)
Total: 2

VM state: not at safepoint (normal execution)

VM Mutex/Monitor currently owned by a thread: None

Heap address: 0x00000000c0000000, size: 1024 MB, Compressed Oops mode: 32-bit

CDS archive(s) mapped at: [0x000001928f000000-0x000001928fba0000-0x000001928fba0000), size 12189696, SharedBaseAddress: 0x000001928f000000, ArchiveRelocationMode: 1.
Compressed class space mapped at: 0x0000019290000000-0x00000192d0000000, reserved size: 1073741824
Narrow klass base: 0x000001928f000000, Narrow klass shift: 0, Narrow klass range: 0x100000000

GC Precious Log:
 CardTable entry size: 512
 CPUs: 4 total, 4 available
 Memory: 6086M
 Large Page Support: Disabled
 NUMA Support: Disabled
 Compressed Oops: Enabled (32-bit)
 Alignments: Space 512K, Generation 512K, Heap 2M
 Heap Min Capacity: 100M
 Heap Initial Capacity: 100M
 Heap Max Capacity: 1G
 Pre-touch: Disabled
 Parallel Workers: 4

Heap:
 PSYoungGen      total 20480K, used 2974K [0x00000000eab00000, 0x00000000ec200000, 0x0000000100000000)
  eden space 17920K, 2% used [0x00000000eab00000,0x00000000eab69ba8,0x00000000ebc80000)
  from space 2560K, 99% used [0x00000000ebc80000,0x00000000ebefde60,0x00000000ebf00000)
  to   space 2048K, 0% used [0x00000000ebf00000,0x00000000ebf00000,0x00000000ec100000)
 ParOldGen       total 68608K, used 63717K [0x00000000c0000000, 0x00000000c4300000, 0x00000000eab00000)
  object space 68608K, 92% used [0x00000000c0000000,0x00000000c3e39498,0x00000000c4300000)
 Metaspace       used 62398K, committed 63936K, reserved 1114112K
  class space    used 6420K, committed 7104K, reserved 1048576K

Card table byte_map: [0x00000192f0800000,0x00000192f0a10000] _byte_map_base: 0x00000192f0200000

Marking Bits: (ParMarkBitMap*) 0x00007ffbc1ab3260
 Begin Bits: [0x00000192f4050000, 0x00000192f5050000)
 End Bits:   [0x00000192f5050000, 0x00000192f6050000)

Polling page: 0x00000192eec60000

Metaspace:

Usage:
  Non-class:     54.67 MB used.
      Class:      6.27 MB used.
       Both:     60.94 MB used.

Virtual space:
  Non-class space:       64.00 MB reserved,      55.50 MB ( 87%) committed,  1 nodes.
      Class space:        1.00 GB reserved,       6.94 MB ( <1%) committed,  1 nodes.
             Both:        1.06 GB reserved,      62.44 MB (  6%) committed. 

Chunk freelists:
   Non-Class:  7.77 MB
       Class:  9.05 MB
        Both:  16.82 MB

MaxMetaspaceSize: unlimited
CompressedClassSpaceSize: 1.00 GB
Initial GC threshold: 21.00 MB
Current GC threshold: 97.31 MB
CDS: on
 - commit_granule_bytes: 65536.
 - commit_granule_words: 8192.
 - virtual_space_node_default_size: 8388608.
 - enlarge_chunks_in_place: 1.
 - use_allocation_guard: 0.


Internal statistics:

num_allocs_failed_limit: 9.
num_arena_births: 1188.
num_arena_deaths: 14.
num_vsnodes_births: 2.
num_vsnodes_deaths: 0.
num_space_committed: 999.
num_space_uncommitted: 0.
num_chunks_returned_to_freelist: 23.
num_chunks_taken_from_freelist: 4167.
num_chunk_merges: 15.
num_chunk_splits: 2526.
num_chunks_enlarged: 1402.
num_inconsistent_stats: 0.

CodeHeap 'non-profiled nmethods': size=120000Kb used=7145Kb max_used=7145Kb free=112854Kb
 bounds [0x0000019287ad0000, 0x00000192881d0000, 0x000001928f000000]
CodeHeap 'profiled nmethods': size=120000Kb used=23260Kb max_used=23260Kb free=96739Kb
 bounds [0x0000019280000000, 0x00000192816c0000, 0x0000019287530000]
CodeHeap 'non-nmethods': size=5760Kb used=1422Kb max_used=1497Kb free=4337Kb
 bounds [0x0000019287530000, 0x00000192877a0000, 0x0000019287ad0000]
 total_blobs=11139 nmethods=10404 adapters=641
 compilation: enabled
              stopped_count=0, restarted_count=0
 full_count=0

Compilation events (20 events):
Event: 63.850 Thread 0x00000192fc285f80 nmethod 11220 0x00000192881c6f10 code [0x00000192881c7120, 0x00000192881c78e0]
Event: 63.850 Thread 0x00000192fc285f80 11237       4       org.eclipse.jdt.internal.compiler.impl.IrritantSet::clear (22 bytes)
Event: 63.851 Thread 0x00000192f6210e50 11244       1       sun.nio.ch.Iocp$CompletionStatus::overlapped (5 bytes)
Event: 63.851 Thread 0x00000192fc285f80 nmethod 11237 0x00000192881c7e10 code [0x00000192881c7fa0, 0x00000192881c8088]
Event: 63.851 Thread 0x00000192f6210e50 nmethod 11244 0x00000192881c8190 code [0x00000192881c8320, 0x00000192881c83e8]
Event: 63.851 Thread 0x00000192f6210e50 11249       3       sun.nio.ch.Util::offerFirstTemporaryDirectBuffer (53 bytes)
Event: 63.852 Thread 0x00000192f6210e50 nmethod 11249 0x00000192816b4090 code [0x00000192816b4300, 0x00000192816b4de0]
Event: 63.852 Thread 0x00000192f6210e50 11250       3       sun.nio.ch.Util$BufferCache::get (164 bytes)
Event: 63.853 Thread 0x00000192f6210e50 nmethod 11250 0x00000192816b5110 code [0x00000192816b5340, 0x00000192816b5c98]
Event: 63.853 Thread 0x00000192f6210e50 11245       1       sun.nio.ch.PendingFuture::isDone (5 bytes)
Event: 63.853 Thread 0x00000192fc285f80 11252       4       org.eclipse.jdt.internal.compiler.util.HashtableOfObject::rehash (84 bytes)
Event: 63.853 Thread 0x00000192f6210e50 nmethod 11245 0x00000192881c8490 code [0x00000192881c8620, 0x00000192881c86f0]
Event: 63.853 Thread 0x00000192f6210e50 11246       1       sun.nio.ch.Iocp$CompletionStatus::error (5 bytes)
Event: 63.853 Thread 0x00000192f6210e50 nmethod 11246 0x00000192881c8790 code [0x00000192881c8920, 0x00000192881c89e8]
Event: 63.853 Thread 0x00000192f6210e50 11247       1       sun.nio.ch.PendingFuture::getContext (5 bytes)
Event: 63.853 Thread 0x00000192f6210e50 nmethod 11247 0x00000192881c8a90 code [0x00000192881c8c20, 0x00000192881c8ce8]
Event: 63.853 Thread 0x00000192f6210e50 11248       1       sun.nio.ch.Iocp$CompletionStatus::bytesTransferred (5 bytes)
Event: 63.853 Thread 0x00000192f6210e50 nmethod 11248 0x00000192881c8d90 code [0x00000192881c8f20, 0x00000192881c8fe8]
Event: 63.853 Thread 0x00000192f6210e50 11251       1       sun.nio.ch.PendingFuture::handler (5 bytes)
Event: 63.853 Thread 0x00000192f6210e50 nmethod 11251 0x00000192881c9090 code [0x00000192881c9220, 0x00000192881c92e8]

GC Heap History (20 events):
Event: 48.938 GC heap before
{Heap before GC invocations=38 (full 2):
 PSYoungGen      total 20992K, used 19289K [0x00000000eab00000, 0x00000000ec400000, 0x0000000100000000)
  eden space 18432K, 98% used [0x00000000eab00000,0x00000000ebcb1c60,0x00000000ebd00000)
  from space 2560K, 45% used [0x00000000ebf80000,0x00000000ec0a4a18,0x00000000ec200000)
  to   space 1536K, 0% used [0x00000000ec280000,0x00000000ec280000,0x00000000ec400000)
 ParOldGen       total 68608K, used 57128K [0x00000000c0000000, 0x00000000c4300000, 0x00000000eab00000)
  object space 68608K, 83% used [0x00000000c0000000,0x00000000c37ca2b0,0x00000000c4300000)
 Metaspace       used 58330K, committed 59776K, reserved 1114112K
  class space    used 6060K, committed 6720K, reserved 1048576K
}
Event: 48.944 GC heap after
{Heap after GC invocations=38 (full 2):
 PSYoungGen      total 19968K, used 1312K [0x00000000eab00000, 0x00000000ec400000, 0x0000000100000000)
  eden space 18432K, 0% used [0x00000000eab00000,0x00000000eab00000,0x00000000ebd00000)
  from space 1536K, 85% used [0x00000000ec280000,0x00000000ec3c8000,0x00000000ec400000)
  to   space 1536K, 0% used [0x00000000ec100000,0x00000000ec100000,0x00000000ec280000)
 ParOldGen       total 68608K, used 58084K [0x00000000c0000000, 0x00000000c4300000, 0x00000000eab00000)
  object space 68608K, 84% used [0x00000000c0000000,0x00000000c38b9358,0x00000000c4300000)
 Metaspace       used 58330K, committed 59776K, reserved 1114112K
  class space    used 6060K, committed 6720K, reserved 1048576K
}
Event: 48.944 GC heap before
{Heap before GC invocations=39 (full 3):
 PSYoungGen      total 19968K, used 1312K [0x00000000eab00000, 0x00000000ec400000, 0x0000000100000000)
  eden space 18432K, 0% used [0x00000000eab00000,0x00000000eab00000,0x00000000ebd00000)
  from space 1536K, 85% used [0x00000000ec280000,0x00000000ec3c8000,0x00000000ec400000)
  to   space 1536K, 0% used [0x00000000ec100000,0x00000000ec100000,0x00000000ec280000)
 ParOldGen       total 68608K, used 58084K [0x00000000c0000000, 0x00000000c4300000, 0x00000000eab00000)
  object space 68608K, 84% used [0x00000000c0000000,0x00000000c38b9358,0x00000000c4300000)
 Metaspace       used 58330K, committed 59776K, reserved 1114112K
  class space    used 6060K, committed 6720K, reserved 1048576K
}
Event: 49.162 GC heap after
{Heap after GC invocations=39 (full 3):
 PSYoungGen      total 19968K, used 0K [0x00000000eab00000, 0x00000000ec400000, 0x0000000100000000)
  eden space 18432K, 0% used [0x00000000eab00000,0x00000000eab00000,0x00000000ebd00000)
  from space 1536K, 0% used [0x00000000ec280000,0x00000000ec280000,0x00000000ec400000)
  to   space 1536K, 0% used [0x00000000ec100000,0x00000000ec100000,0x00000000ec280000)
 ParOldGen       total 68608K, used 50062K [0x00000000c0000000, 0x00000000c4300000, 0x00000000eab00000)
  object space 68608K, 72% used [0x00000000c0000000,0x00000000c30e3a98,0x00000000c4300000)
 Metaspace       used 58330K, committed 59776K, reserved 1114112K
  class space    used 6060K, committed 6720K, reserved 1048576K
}
Event: 50.624 GC heap before
{Heap before GC invocations=40 (full 3):
 PSYoungGen      total 19968K, used 18432K [0x00000000eab00000, 0x00000000ec400000, 0x0000000100000000)
  eden space 18432K, 100% used [0x00000000eab00000,0x00000000ebd00000,0x00000000ebd00000)
  from space 1536K, 0% used [0x00000000ec280000,0x00000000ec280000,0x00000000ec400000)
  to   space 1536K, 0% used [0x00000000ec100000,0x00000000ec100000,0x00000000ec280000)
 ParOldGen       total 68608K, used 50062K [0x00000000c0000000, 0x00000000c4300000, 0x00000000eab00000)
  object space 68608K, 72% used [0x00000000c0000000,0x00000000c30e3a98,0x00000000c4300000)
 Metaspace       used 58928K, committed 60352K, reserved 1114112K
  class space    used 6103K, committed 6720K, reserved 1048576K
}
Event: 50.629 GC heap after
{Heap after GC invocations=40 (full 3):
 PSYoungGen      total 19968K, used 1530K [0x00000000eab00000, 0x00000000ec400000, 0x0000000100000000)
  eden space 18432K, 0% used [0x00000000eab00000,0x00000000eab00000,0x00000000ebd00000)
  from space 1536K, 99% used [0x00000000ec100000,0x00000000ec27eab0,0x00000000ec280000)
  to   space 1536K, 0% used [0x00000000ec280000,0x00000000ec280000,0x00000000ec400000)
 ParOldGen       total 68608K, used 51355K [0x00000000c0000000, 0x00000000c4300000, 0x00000000eab00000)
  object space 68608K, 74% used [0x00000000c0000000,0x00000000c3226e98,0x00000000c4300000)
 Metaspace       used 58928K, committed 60352K, reserved 1114112K
  class space    used 6103K, committed 6720K, reserved 1048576K
}
Event: 51.556 GC heap before
{Heap before GC invocations=41 (full 3):
 PSYoungGen      total 19968K, used 19962K [0x00000000eab00000, 0x00000000ec400000, 0x0000000100000000)
  eden space 18432K, 100% used [0x00000000eab00000,0x00000000ebd00000,0x00000000ebd00000)
  from space 1536K, 99% used [0x00000000ec100000,0x00000000ec27eab0,0x00000000ec280000)
  to   space 1536K, 0% used [0x00000000ec280000,0x00000000ec280000,0x00000000ec400000)
 ParOldGen       total 68608K, used 51355K [0x00000000c0000000, 0x00000000c4300000, 0x00000000eab00000)
  object space 68608K, 74% used [0x00000000c0000000,0x00000000c3226e98,0x00000000c4300000)
 Metaspace       used 59060K, committed 60544K, reserved 1114112K
  class space    used 6104K, committed 6720K, reserved 1048576K
}
Event: 51.561 GC heap after
{Heap after GC invocations=41 (full 3):
 PSYoungGen      total 19968K, used 1526K [0x00000000eab00000, 0x00000000ec500000, 0x0000000100000000)
  eden space 18432K, 0% used [0x00000000eab00000,0x00000000eab00000,0x00000000ebd00000)
  from space 1536K, 99% used [0x00000000ec280000,0x00000000ec3fda78,0x00000000ec400000)
  to   space 4096K, 0% used [0x00000000ebd00000,0x00000000ebd00000,0x00000000ec100000)
 ParOldGen       total 68608K, used 53287K [0x00000000c0000000, 0x00000000c4300000, 0x00000000eab00000)
  object space 68608K, 77% used [0x00000000c0000000,0x00000000c3409cc8,0x00000000c4300000)
 Metaspace       used 59060K, committed 60544K, reserved 1114112K
  class space    used 6104K, committed 6720K, reserved 1048576K
}
Event: 53.952 GC heap before
{Heap before GC invocations=42 (full 3):
 PSYoungGen      total 19968K, used 19958K [0x00000000eab00000, 0x00000000ec500000, 0x0000000100000000)
  eden space 18432K, 100% used [0x00000000eab00000,0x00000000ebd00000,0x00000000ebd00000)
  from space 1536K, 99% used [0x00000000ec280000,0x00000000ec3fda78,0x00000000ec400000)
  to   space 4096K, 0% used [0x00000000ebd00000,0x00000000ebd00000,0x00000000ec100000)
 ParOldGen       total 68608K, used 53287K [0x00000000c0000000, 0x00000000c4300000, 0x00000000eab00000)
  object space 68608K, 77% used [0x00000000c0000000,0x00000000c3409cc8,0x00000000c4300000)
 Metaspace       used 59253K, committed 60672K, reserved 1114112K
  class space    used 6105K, committed 6720K, reserved 1048576K
}
Event: 53.955 GC heap after
{Heap after GC invocations=42 (full 3):
 PSYoungGen      total 20480K, used 1632K [0x00000000eab00000, 0x00000000ec300000, 0x0000000100000000)
  eden space 18432K, 0% used [0x00000000eab00000,0x00000000eab00000,0x00000000ebd00000)
  from space 2048K, 79% used [0x00000000ebd00000,0x00000000ebe98020,0x00000000ebf00000)
  to   space 2560K, 0% used [0x00000000ec080000,0x00000000ec080000,0x00000000ec300000)
 ParOldGen       total 68608K, used 54746K [0x00000000c0000000, 0x00000000c4300000, 0x00000000eab00000)
  object space 68608K, 79% used [0x00000000c0000000,0x00000000c35768f8,0x00000000c4300000)
 Metaspace       used 59253K, committed 60672K, reserved 1114112K
  class space    used 6105K, committed 6720K, reserved 1048576K
}
Event: 56.033 GC heap before
{Heap before GC invocations=43 (full 3):
 PSYoungGen      total 20480K, used 20057K [0x00000000eab00000, 0x00000000ec300000, 0x0000000100000000)
  eden space 18432K, 99% used [0x00000000eab00000,0x00000000ebcfe770,0x00000000ebd00000)
  from space 2048K, 79% used [0x00000000ebd00000,0x00000000ebe98020,0x00000000ebf00000)
  to   space 2560K, 0% used [0x00000000ec080000,0x00000000ec080000,0x00000000ec300000)
 ParOldGen       total 68608K, used 54746K [0x00000000c0000000, 0x00000000c4300000, 0x00000000eab00000)
  object space 68608K, 79% used [0x00000000c0000000,0x00000000c35768f8,0x00000000c4300000)
 Metaspace       used 59613K, committed 61056K, reserved 1114112K
  class space    used 6144K, committed 6784K, reserved 1048576K
}
Event: 56.039 GC heap after
{Heap after GC invocations=43 (full 3):
 PSYoungGen      total 20480K, used 1888K [0x00000000eab00000, 0x00000000ec280000, 0x0000000100000000)
  eden space 18432K, 0% used [0x00000000eab00000,0x00000000eab00000,0x00000000ebd00000)
  from space 2048K, 92% used [0x00000000ec080000,0x00000000ec258020,0x00000000ec280000)
  to   space 2048K, 0% used [0x00000000ebd00000,0x00000000ebd00000,0x00000000ebf00000)
 ParOldGen       total 68608K, used 56179K [0x00000000c0000000, 0x00000000c4300000, 0x00000000eab00000)
  object space 68608K, 81% used [0x00000000c0000000,0x00000000c36dccd8,0x00000000c4300000)
 Metaspace       used 59613K, committed 61056K, reserved 1114112K
  class space    used 6144K, committed 6784K, reserved 1048576K
}
Event: 57.735 GC heap before
{Heap before GC invocations=44 (full 3):
 PSYoungGen      total 20480K, used 20320K [0x00000000eab00000, 0x00000000ec280000, 0x0000000100000000)
  eden space 18432K, 100% used [0x00000000eab00000,0x00000000ebd00000,0x00000000ebd00000)
  from space 2048K, 92% used [0x00000000ec080000,0x00000000ec258020,0x00000000ec280000)
  to   space 2048K, 0% used [0x00000000ebd00000,0x00000000ebd00000,0x00000000ebf00000)
 ParOldGen       total 68608K, used 56179K [0x00000000c0000000, 0x00000000c4300000, 0x00000000eab00000)
  object space 68608K, 81% used [0x00000000c0000000,0x00000000c36dccd8,0x00000000c4300000)
 Metaspace       used 59919K, committed 61376K, reserved 1114112K
  class space    used 6146K, committed 6784K, reserved 1048576K
}
Event: 57.738 GC heap after
{Heap after GC invocations=44 (full 3):
 PSYoungGen      total 20480K, used 1152K [0x00000000eab00000, 0x00000000ec100000, 0x0000000100000000)
  eden space 18432K, 0% used [0x00000000eab00000,0x00000000eab00000,0x00000000ebd00000)
  from space 2048K, 56% used [0x00000000ebd00000,0x00000000ebe20020,0x00000000ebf00000)
  to   space 1536K, 0% used [0x00000000ebf80000,0x00000000ebf80000,0x00000000ec100000)
 ParOldGen       total 68608K, used 57603K [0x00000000c0000000, 0x00000000c4300000, 0x00000000eab00000)
  object space 68608K, 83% used [0x00000000c0000000,0x00000000c3840fd8,0x00000000c4300000)
 Metaspace       used 59919K, committed 61376K, reserved 1114112K
  class space    used 6146K, committed 6784K, reserved 1048576K
}
Event: 59.720 GC heap before
{Heap before GC invocations=45 (full 3):
 PSYoungGen      total 20480K, used 19584K [0x00000000eab00000, 0x00000000ec100000, 0x0000000100000000)
  eden space 18432K, 100% used [0x00000000eab00000,0x00000000ebd00000,0x00000000ebd00000)
  from space 2048K, 56% used [0x00000000ebd00000,0x00000000ebe20020,0x00000000ebf00000)
  to   space 1536K, 0% used [0x00000000ebf80000,0x00000000ebf80000,0x00000000ec100000)
 ParOldGen       total 68608K, used 57603K [0x00000000c0000000, 0x00000000c4300000, 0x00000000eab00000)
  object space 68608K, 83% used [0x00000000c0000000,0x00000000c3840fd8,0x00000000c4300000)
 Metaspace       used 60406K, committed 61824K, reserved 1114112K
  class space    used 6199K, committed 6848K, reserved 1048576K
}
Event: 59.724 GC heap after
{Heap after GC invocations=45 (full 3):
 PSYoungGen      total 19968K, used 1519K [0x00000000eab00000, 0x00000000ec200000, 0x0000000100000000)
  eden space 18432K, 0% used [0x00000000eab00000,0x00000000eab00000,0x00000000ebd00000)
  from space 1536K, 98% used [0x00000000ebf80000,0x00000000ec0fbe78,0x00000000ec100000)
  to   space 2560K, 0% used [0x00000000ebd00000,0x00000000ebd00000,0x00000000ebf80000)
 ParOldGen       total 68608K, used 58358K [0x00000000c0000000, 0x00000000c4300000, 0x00000000eab00000)
  object space 68608K, 85% used [0x00000000c0000000,0x00000000c38fd990,0x00000000c4300000)
 Metaspace       used 60406K, committed 61824K, reserved 1114112K
  class space    used 6199K, committed 6848K, reserved 1048576K
}
Event: 61.457 GC heap before
{Heap before GC invocations=46 (full 3):
 PSYoungGen      total 19968K, used 19951K [0x00000000eab00000, 0x00000000ec200000, 0x0000000100000000)
  eden space 18432K, 100% used [0x00000000eab00000,0x00000000ebd00000,0x00000000ebd00000)
  from space 1536K, 98% used [0x00000000ebf80000,0x00000000ec0fbe78,0x00000000ec100000)
  to   space 2560K, 0% used [0x00000000ebd00000,0x00000000ebd00000,0x00000000ebf80000)
 ParOldGen       total 68608K, used 58358K [0x00000000c0000000, 0x00000000c4300000, 0x00000000eab00000)
  object space 68608K, 85% used [0x00000000c0000000,0x00000000c38fd9a8,0x00000000c4300000)
 Metaspace       used 60841K, committed 62336K, reserved 1114112K
  class space    used 6256K, committed 6912K, reserved 1048576K
}
Event: 61.462 GC heap after
{Heap after GC invocations=46 (full 3):
 PSYoungGen      total 19968K, used 1440K [0x00000000eab00000, 0x00000000ec100000, 0x0000000100000000)
  eden space 18432K, 0% used [0x00000000eab00000,0x00000000eab00000,0x00000000ebd00000)
  from space 1536K, 93% used [0x00000000ebd00000,0x00000000ebe68000,0x00000000ebe80000)
  to   space 2048K, 0% used [0x00000000ebf00000,0x00000000ebf00000,0x00000000ec100000)
 ParOldGen       total 68608K, used 59751K [0x00000000c0000000, 0x00000000c4300000, 0x00000000eab00000)
  object space 68608K, 87% used [0x00000000c0000000,0x00000000c3a59fd8,0x00000000c4300000)
 Metaspace       used 60841K, committed 62336K, reserved 1114112K
  class space    used 6256K, committed 6912K, reserved 1048576K
}
Event: 63.514 GC heap before
{Heap before GC invocations=47 (full 3):
 PSYoungGen      total 19968K, used 19872K [0x00000000eab00000, 0x00000000ec100000, 0x0000000100000000)
  eden space 18432K, 100% used [0x00000000eab00000,0x00000000ebd00000,0x00000000ebd00000)
  from space 1536K, 93% used [0x00000000ebd00000,0x00000000ebe68000,0x00000000ebe80000)
  to   space 2048K, 0% used [0x00000000ebf00000,0x00000000ebf00000,0x00000000ec100000)
 ParOldGen       total 68608K, used 59755K [0x00000000c0000000, 0x00000000c4300000, 0x00000000eab00000)
  object space 68608K, 87% used [0x00000000c0000000,0x00000000c3a5afe8,0x00000000c4300000)
 Metaspace       used 62213K, committed 63744K, reserved 1114112K
  class space    used 6399K, committed 7040K, reserved 1048576K
}
Event: 63.520 GC heap after
{Heap after GC invocations=47 (full 3):
 PSYoungGen      total 19968K, used 1978K [0x00000000eab00000, 0x00000000ec200000, 0x0000000100000000)
  eden space 17920K, 0% used [0x00000000eab00000,0x00000000eab00000,0x00000000ebc80000)
  from space 2048K, 96% used [0x00000000ebf00000,0x00000000ec0eeb68,0x00000000ec100000)
  to   space 2560K, 0% used [0x00000000ebc80000,0x00000000ebc80000,0x00000000ebf00000)
 ParOldGen       total 68608K, used 61057K [0x00000000c0000000, 0x00000000c4300000, 0x00000000eab00000)
  object space 68608K, 88% used [0x00000000c0000000,0x00000000c3ba0680,0x00000000c4300000)
 Metaspace       used 62213K, committed 63744K, reserved 1114112K
  class space    used 6399K, committed 7040K, reserved 1048576K
}

Dll operation events (12 events):
Event: 0.037 Loaded shared library c:\Users\palak\.vscode\extensions\redhat.java-1.40.0-win32-x64\jre\21.0.6-win32-x86_64\bin\java.dll
Event: 0.324 Loaded shared library c:\Users\palak\.vscode\extensions\redhat.java-1.40.0-win32-x64\jre\21.0.6-win32-x86_64\bin\zip.dll
Event: 0.370 Loaded shared library C:\Users\palak\.vscode\extensions\redhat.java-1.40.0-win32-x64\jre\21.0.6-win32-x86_64\bin\instrument.dll
Event: 0.381 Loaded shared library C:\Users\palak\.vscode\extensions\redhat.java-1.40.0-win32-x64\jre\21.0.6-win32-x86_64\bin\net.dll
Event: 0.387 Loaded shared library C:\Users\palak\.vscode\extensions\redhat.java-1.40.0-win32-x64\jre\21.0.6-win32-x86_64\bin\nio.dll
Event: 0.393 Loaded shared library C:\Users\palak\.vscode\extensions\redhat.java-1.40.0-win32-x64\jre\21.0.6-win32-x86_64\bin\zip.dll
Event: 0.431 Loaded shared library C:\Users\palak\.vscode\extensions\redhat.java-1.40.0-win32-x64\jre\21.0.6-win32-x86_64\bin\jimage.dll
Event: 0.654 Loaded shared library c:\Users\palak\.vscode\extensions\redhat.java-1.40.0-win32-x64\jre\21.0.6-win32-x86_64\bin\verify.dll
Event: 5.194 Loaded shared library C:\Users\palak\AppData\Roaming\Code\User\globalStorage\redhat.java\1.40.0\config_win\org.eclipse.equinox.launcher\org.eclipse.equinox.launcher.win32.win32.x86_64_1.2.1200.v20250212-0927\eclipse_11909.dll
Event: 11.575 Loaded shared library C:\Users\palak\AppData\Local\Temp\jna-106430981\jna1245048272698188068.dll
Event: 19.676 Loaded shared library C:\Users\palak\.vscode\extensions\redhat.java-1.40.0-win32-x64\jre\21.0.6-win32-x86_64\bin\management.dll
Event: 19.690 Loaded shared library C:\Users\palak\.vscode\extensions\redhat.java-1.40.0-win32-x64\jre\21.0.6-win32-x86_64\bin\management_ext.dll

Deoptimization events (20 events):
Event: 63.654 Thread 0x00000192fb4ca1c0 DEOPT PACKING pc=0x000001928164bf0b sp=0x0000002e544fe550
Event: 63.654 Thread 0x00000192fb4ca1c0 DEOPT UNPACKING pc=0x0000019287584242 sp=0x0000002e544fda38 mode 0
Event: 63.659 Thread 0x00000192fc08eaa0 Uncommon trap: trap_request=0xfffffff4 fr.pc=0x0000019287f2c3a0 relative=0x00000000000003a0
Event: 63.659 Thread 0x00000192fc08eaa0 Uncommon trap: reason=null_check action=make_not_entrant pc=0x0000019287f2c3a0 method=jdk.nio.zipfs.ZipFileSystem$IndexNode.keyOf([B)Ljdk/nio/zipfs/ZipFileSystem$IndexNode; @ 6 c2
Event: 63.659 Thread 0x00000192fc08eaa0 DEOPT PACKING pc=0x0000019287f2c3a0 sp=0x0000002e546fe840
Event: 63.659 Thread 0x00000192fc08eaa0 DEOPT UNPACKING pc=0x0000019287583aa2 sp=0x0000002e546fe7e8 mode 2
Event: 63.672 Thread 0x00000192fb4ca1c0 DEOPT PACKING pc=0x0000019281651cd3 sp=0x0000002e544fe370
Event: 63.672 Thread 0x00000192fb4ca1c0 DEOPT UNPACKING pc=0x0000019287584242 sp=0x0000002e544fd8d8 mode 0
Event: 63.701 Thread 0x00000192fdfd41a0 DEOPT PACKING pc=0x0000019281641bd5 sp=0x0000002e550f7f10
Event: 63.701 Thread 0x00000192fdfd41a0 DEOPT UNPACKING pc=0x0000019287584242 sp=0x0000002e550f7418 mode 0
Event: 63.701 Thread 0x00000192fb4ca1c0 DEOPT PACKING pc=0x0000019281651d53 sp=0x0000002e544fe370
Event: 63.701 Thread 0x00000192fb4ca1c0 DEOPT UNPACKING pc=0x0000019287584242 sp=0x0000002e544fd8d8 mode 0
Event: 63.726 Thread 0x00000192fb4ca1c0 DEOPT PACKING pc=0x0000019281651cd3 sp=0x0000002e544fe370
Event: 63.726 Thread 0x00000192fb4ca1c0 DEOPT UNPACKING pc=0x0000019287584242 sp=0x0000002e544fd8d8 mode 0
Event: 63.772 Thread 0x00000192fb4ca1c0 DEOPT PACKING pc=0x000001928164bf0b sp=0x0000002e544fe550
Event: 63.772 Thread 0x00000192fb4ca1c0 DEOPT UNPACKING pc=0x0000019287584242 sp=0x0000002e544fda38 mode 0
Event: 63.808 Thread 0x00000192fb4ca1c0 DEOPT PACKING pc=0x0000019281651d53 sp=0x0000002e544fe370
Event: 63.808 Thread 0x00000192fb4ca1c0 DEOPT UNPACKING pc=0x0000019287584242 sp=0x0000002e544fd8d8 mode 0
Event: 63.858 Thread 0x00000192fb4ca1c0 DEOPT PACKING pc=0x0000019281651d53 sp=0x0000002e544fe370
Event: 63.858 Thread 0x00000192fb4ca1c0 DEOPT UNPACKING pc=0x0000019287584242 sp=0x0000002e544fd8d8 mode 0

Classes loaded (20 events):
Event: 62.681 Loading class java/util/TreeMap$TreeMapSpliterator done
Event: 62.681 Loading class java/util/TreeMap$ValueSpliterator done
Event: 62.719 Loading class java/util/concurrent/CompletionException
Event: 62.720 Loading class java/util/concurrent/CompletionException done
Event: 62.783 Loading class java/nio/file/FileTreeWalker$1
Event: 62.783 Loading class java/nio/file/FileTreeWalker$1 done
Event: 62.786 Loading class sun/nio/fs/Globs
Event: 62.788 Loading class sun/nio/fs/Globs done
Event: 62.788 Loading class java/util/regex/Pattern$SliceU
Event: 62.788 Loading class java/util/regex/Pattern$SliceU done
Event: 62.788 Loading class sun/nio/fs/WindowsFileSystem$2
Event: 62.788 Loading class java/nio/file/PathMatcher
Event: 62.788 Loading class java/nio/file/PathMatcher done
Event: 62.788 Loading class sun/nio/fs/WindowsFileSystem$2 done
Event: 63.279 Loading class java/util/Collections$SynchronizedRandomAccessList
Event: 63.279 Loading class java/util/Collections$SynchronizedList
Event: 63.280 Loading class java/util/Collections$SynchronizedList done
Event: 63.280 Loading class java/util/Collections$SynchronizedRandomAccessList done
Event: 63.335 Loading class java/util/concurrent/CompletableFuture$Signaller
Event: 63.336 Loading class java/util/concurrent/CompletableFuture$Signaller done

Classes unloaded (7 events):
Event: 14.813 Thread 0x00000192f618f4f0 Unloading class 0x00000192901a1400 'java/lang/invoke/LambdaForm$MH+0x00000192901a1400'
Event: 14.813 Thread 0x00000192f618f4f0 Unloading class 0x00000192901a1000 'java/lang/invoke/LambdaForm$MH+0x00000192901a1000'
Event: 14.813 Thread 0x00000192f618f4f0 Unloading class 0x00000192901a0c00 'java/lang/invoke/LambdaForm$MH+0x00000192901a0c00'
Event: 14.813 Thread 0x00000192f618f4f0 Unloading class 0x00000192901a0800 'java/lang/invoke/LambdaForm$MH+0x00000192901a0800'
Event: 14.813 Thread 0x00000192f618f4f0 Unloading class 0x00000192901a0400 'java/lang/invoke/LambdaForm$BMH+0x00000192901a0400'
Event: 14.813 Thread 0x00000192f618f4f0 Unloading class 0x00000192901a0000 'java/lang/invoke/LambdaForm$DMH+0x00000192901a0000'
Event: 14.813 Thread 0x00000192f618f4f0 Unloading class 0x000001929019ec00 'java/lang/invoke/LambdaForm$DMH+0x000001929019ec00'

Classes redefined (0 events):
No events

Internal exceptions (20 events):
Event: 63.057 Thread 0x00000192fc08dd80 Exception <a 'sun/nio/fs/WindowsException'{0x00000000eb6eaf80}> (0x00000000eb6eaf80) 
thrown [s\src\hotspot\share\prims\jni.cpp, line 520]
Event: 63.058 Thread 0x00000192fc08dd80 Exception <a 'sun/nio/fs/WindowsException'{0x00000000eb6eb660}> (0x00000000eb6eb660) 
thrown [s\src\hotspot\share\prims\jni.cpp, line 520]
Event: 63.067 Thread 0x00000192fc08dd80 Exception <a 'sun/nio/fs/WindowsException'{0x00000000eb6ef288}> (0x00000000eb6ef288) 
thrown [s\src\hotspot\share\prims\jni.cpp, line 520]
Event: 63.067 Thread 0x00000192fc08dd80 Exception <a 'sun/nio/fs/WindowsException'{0x00000000eb6ef968}> (0x00000000eb6ef968) 
thrown [s\src\hotspot\share\prims\jni.cpp, line 520]
Event: 63.067 Thread 0x00000192fc08dd80 Exception <a 'sun/nio/fs/WindowsException'{0x00000000eb6f0048}> (0x00000000eb6f0048) 
thrown [s\src\hotspot\share\prims\jni.cpp, line 520]
Event: 63.070 Thread 0x00000192fc08dd80 Exception <a 'sun/nio/fs/WindowsException'{0x00000000eb6f0740}> (0x00000000eb6f0740) 
thrown [s\src\hotspot\share\prims\jni.cpp, line 520]
Event: 63.082 Thread 0x00000192fc08dd80 Exception <a 'sun/nio/fs/WindowsException'{0x00000000eb6f3d30}> (0x00000000eb6f3d30) 
thrown [s\src\hotspot\share\prims\jni.cpp, line 520]
Event: 63.087 Thread 0x00000192fc08dd80 Exception <a 'sun/nio/fs/WindowsException'{0x00000000eb6f4350}> (0x00000000eb6f4350) 
thrown [s\src\hotspot\share\prims\jni.cpp, line 520]
Event: 63.087 Thread 0x00000192fc08dd80 Exception <a 'sun/nio/fs/WindowsException'{0x00000000eb6f4970}> (0x00000000eb6f4970) 
thrown [s\src\hotspot\share\prims\jni.cpp, line 520]
Event: 63.088 Thread 0x00000192fc08dd80 Exception <a 'sun/nio/fs/WindowsException'{0x00000000eb6f4fa8}> (0x00000000eb6f4fa8) 
thrown [s\src\hotspot\share\prims\jni.cpp, line 520]
Event: 63.091 Thread 0x00000192fc08dd80 Exception <a 'sun/nio/fs/WindowsException'{0x00000000eb6f8448}> (0x00000000eb6f8448) 
thrown [s\src\hotspot\share\prims\jni.cpp, line 520]
Event: 63.091 Thread 0x00000192fc08dd80 Exception <a 'sun/nio/fs/WindowsException'{0x00000000eb6f8a78}> (0x00000000eb6f8a78) 
thrown [s\src\hotspot\share\prims\jni.cpp, line 520]
Event: 63.091 Thread 0x00000192fc08dd80 Exception <a 'sun/nio/fs/WindowsException'{0x00000000eb6f90a8}> (0x00000000eb6f90a8) 
thrown [s\src\hotspot\share\prims\jni.cpp, line 520]
Event: 63.091 Thread 0x00000192fc08dd80 Exception <a 'sun/nio/fs/WindowsException'{0x00000000eb6f96f8}> (0x00000000eb6f96f8) 
thrown [s\src\hotspot\share\prims\jni.cpp, line 520]
Event: 63.113 Thread 0x00000192fc08dd80 Exception <a 'sun/nio/fs/WindowsException'{0x00000000eb6fcde8}> (0x00000000eb6fcde8) 
thrown [s\src\hotspot\share\prims\jni.cpp, line 520]
Event: 63.115 Thread 0x00000192fc08dd80 Exception <a 'sun/nio/fs/WindowsException'{0x00000000eb6fd448}> (0x00000000eb6fd448) 
thrown [s\src\hotspot\share\prims\jni.cpp, line 520]
Event: 63.116 Thread 0x00000192fc08dd80 Exception <a 'sun/nio/fs/WindowsException'{0x00000000eb6fdaa8}> (0x00000000eb6fdaa8) 
thrown [s\src\hotspot\share\prims\jni.cpp, line 520]
Event: 63.116 Thread 0x00000192fc08dd80 Exception <a 'sun/nio/fs/WindowsException'{0x00000000eb6fe128}> (0x00000000eb6fe128) 
thrown [s\src\hotspot\share\prims\jni.cpp, line 520]
Event: 63.306 Thread 0x00000192fdfd4ec0 Exception <a 'java/lang/IncompatibleClassChangeError'{0x00000000eb8e0240}: Found class java.lang.Object, but interface was expected> (0x00000000eb8e0240) 
thrown [s\src\hotspot\share\interpreter\linkResolver.cpp, line 840]
Event: 63.659 Thread 0x00000192fc08eaa0 Implicit null exception at 0x0000019287f2c07e to 0x0000019287f2c38c

ZGC Phase Switch (0 events):
No events

VM Operations (20 events):
Event: 60.823 Executing VM operation: Cleanup
Event: 60.824 Executing VM operation: Cleanup done
Event: 60.824 Executing VM operation: RendezvousGCThreads
Event: 60.824 Executing VM operation: RendezvousGCThreads done
Event: 61.457 Executing VM operation: ParallelGCFailedAllocation (Allocation Failure)
Event: 61.457 Executing VM operation: ParallelGCFailedAllocation (Allocation Failure) done
Event: 61.457 Executing VM operation: ParallelGCSystemGC (GCLocker Initiated GC)
Event: 61.462 Executing VM operation: ParallelGCSystemGC (GCLocker Initiated GC) done
Event: 62.472 Executing VM operation: Cleanup
Event: 62.581 Executing VM operation: Cleanup done
Event: 62.586 Executing VM operation: HandshakeAllThreads (Deoptimize)
Event: 62.586 Executing VM operation: HandshakeAllThreads (Deoptimize) done
Event: 63.219 Executing VM operation: HandshakeAllThreads (Deoptimize)
Event: 63.227 Executing VM operation: HandshakeAllThreads (Deoptimize) done
Event: 63.514 Executing VM operation: ParallelGCFailedAllocation (Allocation Failure)
Event: 63.520 Executing VM operation: ParallelGCFailedAllocation (Allocation Failure) done
Event: 63.662 Executing VM operation: HandshakeAllThreads (Deoptimize)
Event: 63.671 Executing VM operation: HandshakeAllThreads (Deoptimize) done
Event: 63.687 Executing VM operation: HandshakeAllThreads (Deoptimize)
Event: 63.687 Executing VM operation: HandshakeAllThreads (Deoptimize) done

Memory protections (0 events):
No events

Nmethod flushes (20 events):
Event: 49.038 Thread 0x00000192f618f4f0 flushing  nmethod 0x0000019280999d10
Event: 49.038 Thread 0x00000192f618f4f0 flushing  nmethod 0x00000192809a0210
Event: 49.038 Thread 0x00000192f618f4f0 flushing  nmethod 0x00000192809a1690
Event: 49.038 Thread 0x00000192f618f4f0 flushing  nmethod 0x00000192809a8b90
Event: 49.038 Thread 0x00000192f618f4f0 flushing  nmethod 0x00000192809b3a90
Event: 49.038 Thread 0x00000192f618f4f0 flushing  nmethod 0x00000192809e4890
Event: 49.038 Thread 0x00000192f618f4f0 flushing  nmethod 0x00000192809e6210
Event: 49.038 Thread 0x00000192f618f4f0 flushing  nmethod 0x00000192809f6b10
Event: 49.038 Thread 0x00000192f618f4f0 flushing  nmethod 0x00000192809f8190
Event: 49.038 Thread 0x00000192f618f4f0 flushing  nmethod 0x00000192809f9790
Event: 49.038 Thread 0x00000192f618f4f0 flushing  nmethod 0x00000192809fb610
Event: 49.038 Thread 0x00000192f618f4f0 flushing  nmethod 0x0000019280a0e290
Event: 49.038 Thread 0x00000192f618f4f0 flushing  nmethod 0x0000019280a14c90
Event: 49.038 Thread 0x00000192f618f4f0 flushing  nmethod 0x0000019280a16510
Event: 49.038 Thread 0x00000192f618f4f0 flushing  nmethod 0x0000019280a17390
Event: 49.038 Thread 0x00000192f618f4f0 flushing  nmethod 0x0000019280a1d490
Event: 49.038 Thread 0x00000192f618f4f0 flushing  nmethod 0x0000019280a24f90
Event: 49.038 Thread 0x00000192f618f4f0 flushing  nmethod 0x0000019280a51810
Event: 49.038 Thread 0x00000192f618f4f0 flushing  nmethod 0x0000019280a7f890
Event: 49.038 Thread 0x00000192f618f4f0 flushing  nmethod 0x0000019280aa1e90

Events (20 events):
Event: 56.234 Thread 0x00000192f6210e50 Thread added: 0x00000192fc287ac0
Event: 58.207 Thread 0x00000192fdedf1d0 Thread exited: 0x00000192fdedf1d0
Event: 58.207 Thread 0x00000192fdedb030 Thread exited: 0x00000192fdedb030
Event: 58.207 Thread 0x00000192fdedeb40 Thread exited: 0x00000192fdedeb40
Event: 58.207 Thread 0x00000192fdedfef0 Thread exited: 0x00000192fdedfef0
Event: 58.208 Thread 0x00000192fdedf860 Thread exited: 0x00000192fdedf860
Event: 59.875 Thread 0x00000192fc287ac0 Thread exited: 0x00000192fc287ac0
Event: 60.853 Thread 0x00000192fc08dd80 Thread added: 0x00000192fdedb030
Event: 60.856 Thread 0x00000192fc08dd80 Thread added: 0x00000192fdee0c10
Event: 60.866 Thread 0x00000192fc08dd80 Thread added: 0x00000192fdee12a0
Event: 60.873 Thread 0x00000192fc08dd80 Thread added: 0x00000192fdedeb40
Event: 60.889 Thread 0x00000192fc08dd80 Thread added: 0x00000192fdedf1d0
Event: 60.972 Thread 0x00000192f6210e50 Thread added: 0x00000192fc287ac0
Event: 61.055 Thread 0x00000192fdedeb40 Thread exited: 0x00000192fdedeb40
Event: 61.055 Thread 0x00000192fdedf1d0 Thread exited: 0x00000192fdedf1d0
Event: 61.055 Thread 0x00000192fdedb030 Thread exited: 0x00000192fdedb030
Event: 61.055 Thread 0x00000192fdee0c10 Thread exited: 0x00000192fdee0c10
Event: 61.056 Thread 0x00000192fdee12a0 Thread exited: 0x00000192fdee12a0
Event: 61.236 Thread 0x00000192fc287ac0 Thread exited: 0x00000192fc287ac0
Event: 63.801 Thread 0x00000192f6210e50 Thread added: 0x00000192fc285f80


Dynamic libraries:
0x00007ff69e000000 - 0x00007ff69e00e000 	c:\Users\palak\.vscode\extensions\redhat.java-1.40.0-win32-x64\jre\21.0.6-win32-x86_64\bin\java.exe
0x00007ffc51e00000 - 0x00007ffc52063000 	C:\WINDOWS\SYSTEM32\ntdll.dll
0x00007ffc50cb0000 - 0x00007ffc50d77000 	C:\WINDOWS\System32\KERNEL32.DLL
0x00007ffc4f200000 - 0x00007ffc4f5c9000 	C:\WINDOWS\System32\KERNELBASE.dll
0x00007ffc4fad0000 - 0x00007ffc4fc1c000 	C:\WINDOWS\System32\ucrtbase.dll
0x00007ffc46840000 - 0x00007ffc46858000 	c:\Users\palak\.vscode\extensions\redhat.java-1.40.0-win32-x64\jre\21.0.6-win32-x86_64\bin\jli.dll
0x00007ffc51630000 - 0x00007ffc517fa000 	C:\WINDOWS\System32\USER32.dll
0x00007ffc4f000000 - 0x00007ffc4f027000 	C:\WINDOWS\System32\win32u.dll
0x00007ffc512f0000 - 0x00007ffc5131a000 	C:\WINDOWS\System32\GDI32.dll
0x00007ffc4f030000 - 0x00007ffc4f161000 	C:\WINDOWS\System32\gdi32full.dll
0x00007ffc4f690000 - 0x00007ffc4f733000 	C:\WINDOWS\System32\msvcp_win.dll
0x00007ffc446d0000 - 0x00007ffc446ee000 	c:\Users\palak\.vscode\extensions\redhat.java-1.40.0-win32-x64\jre\21.0.6-win32-x86_64\bin\VCRUNTIME140.dll
0x00007ffc2f9a0000 - 0x00007ffc2fc30000 	C:\WINDOWS\WinSxS\amd64_microsoft.windows.common-controls_6595b64144ccf1df_6.0.26100.3323_none_3e088096e3344490\COMCTL32.dll
0x00007ffc51c40000 - 0x00007ffc51ce9000 	C:\WINDOWS\System32\msvcrt.dll
0x00007ffc51d80000 - 0x00007ffc51daf000 	C:\WINDOWS\System32\IMM32.DLL
0x00007ffc49f40000 - 0x00007ffc49f4c000 	c:\Users\palak\.vscode\extensions\redhat.java-1.40.0-win32-x64\jre\21.0.6-win32-x86_64\bin\vcruntime140_1.dll
0x00007ffc14050000 - 0x00007ffc140dd000 	c:\Users\palak\.vscode\extensions\redhat.java-1.40.0-win32-x64\jre\21.0.6-win32-x86_64\bin\msvcp140.dll
0x00007ffbc0e00000 - 0x00007ffbc1b90000 	c:\Users\palak\.vscode\extensions\redhat.java-1.40.0-win32-x64\jre\21.0.6-win32-x86_64\bin\server\jvm.dll
0x00007ffc51a20000 - 0x00007ffc51ad2000 	C:\WINDOWS\System32\ADVAPI32.dll
0x00007ffc513a0000 - 0x00007ffc51446000 	C:\WINDOWS\System32\sechost.dll
0x00007ffc4fc30000 - 0x00007ffc4fd46000 	C:\WINDOWS\System32\RPCRT4.dll
0x00007ffc50d80000 - 0x00007ffc50df4000 	C:\WINDOWS\System32\WS2_32.dll
0x00007ffc4ee90000 - 0x00007ffc4eede000 	C:\WINDOWS\SYSTEM32\POWRPROF.dll
0x00007ffc488d0000 - 0x00007ffc48906000 	C:\WINDOWS\SYSTEM32\WINMM.dll
0x00007ffc48910000 - 0x00007ffc4891b000 	C:\WINDOWS\SYSTEM32\VERSION.dll
0x00007ffc4ee70000 - 0x00007ffc4ee84000 	C:\WINDOWS\SYSTEM32\UMPDC.dll
0x00007ffc4de20000 - 0x00007ffc4de3a000 	C:\WINDOWS\SYSTEM32\kernel.appcore.dll
0x00007ffc446c0000 - 0x00007ffc446ca000 	c:\Users\palak\.vscode\extensions\redhat.java-1.40.0-win32-x64\jre\21.0.6-win32-x86_64\bin\jimage.dll
0x00007ffc3fc90000 - 0x00007ffc3fed1000 	C:\WINDOWS\SYSTEM32\DBGHELP.DLL
0x00007ffc50f60000 - 0x00007ffc512e2000 	C:\WINDOWS\System32\combase.dll
0x00007ffc4ffb0000 - 0x00007ffc50086000 	C:\WINDOWS\System32\OLEAUT32.dll
0x00007ffc32990000 - 0x00007ffc329c9000 	C:\WINDOWS\SYSTEM32\dbgcore.DLL
0x00007ffc4f8c0000 - 0x00007ffc4f959000 	C:\WINDOWS\System32\bcryptPrimitives.dll
0x00007ffc446b0000 - 0x00007ffc446bf000 	c:\Users\palak\.vscode\extensions\redhat.java-1.40.0-win32-x64\jre\21.0.6-win32-x86_64\bin\instrument.dll
0x00007ffc30aa0000 - 0x00007ffc30abf000 	c:\Users\palak\.vscode\extensions\redhat.java-1.40.0-win32-x64\jre\21.0.6-win32-x86_64\bin\java.dll
0x00007ffc500e0000 - 0x00007ffc507f5000 	C:\WINDOWS\System32\SHELL32.dll
0x00007ffc4f960000 - 0x00007ffc4fac8000 	C:\WINDOWS\System32\wintypes.dll
0x00007ffc4cce0000 - 0x00007ffc4d525000 	C:\WINDOWS\SYSTEM32\windows.storage.dll
0x00007ffc51800000 - 0x00007ffc518eb000 	C:\WINDOWS\System32\SHCORE.dll
0x00007ffc51be0000 - 0x00007ffc51c3d000 	C:\WINDOWS\System32\shlwapi.dll
0x00007ffc4ef10000 - 0x00007ffc4ef3f000 	C:\WINDOWS\SYSTEM32\profapi.dll
0x00007ffc30a80000 - 0x00007ffc30a98000 	c:\Users\palak\.vscode\extensions\redhat.java-1.40.0-win32-x64\jre\21.0.6-win32-x86_64\bin\zip.dll
0x00007ffc377e0000 - 0x00007ffc377f0000 	C:\Users\palak\.vscode\extensions\redhat.java-1.40.0-win32-x64\jre\21.0.6-win32-x86_64\bin\net.dll
0x00007ffc43890000 - 0x00007ffc439ae000 	C:\WINDOWS\SYSTEM32\WINHTTP.dll
0x00007ffc4e340000 - 0x00007ffc4e3aa000 	C:\WINDOWS\system32\mswsock.dll
0x00007ffc2bee0000 - 0x00007ffc2bef6000 	C:\Users\palak\.vscode\extensions\redhat.java-1.40.0-win32-x64\jre\21.0.6-win32-x86_64\bin\nio.dll
0x00007ffc37790000 - 0x00007ffc377a0000 	c:\Users\palak\.vscode\extensions\redhat.java-1.40.0-win32-x64\jre\21.0.6-win32-x86_64\bin\verify.dll
0x00007ffc091d0000 - 0x00007ffc09215000 	C:\Users\palak\AppData\Roaming\Code\User\globalStorage\redhat.java\1.40.0\config_win\org.eclipse.equinox.launcher\org.eclipse.equinox.launcher.win32.win32.x86_64_1.2.1200.v20250212-0927\eclipse_11909.dll
0x00007ffc51490000 - 0x00007ffc51625000 	C:\WINDOWS\System32\ole32.dll
0x00007ffc4e5e0000 - 0x00007ffc4e5fc000 	C:\WINDOWS\SYSTEM32\CRYPTSP.dll
0x00007ffc4dd80000 - 0x00007ffc4ddba000 	C:\WINDOWS\system32\rsaenh.dll
0x00007ffc4e3e0000 - 0x00007ffc4e40b000 	C:\WINDOWS\SYSTEM32\USERENV.dll
0x00007ffc4e820000 - 0x00007ffc4e846000 	C:\WINDOWS\SYSTEM32\bcrypt.dll
0x00007ffc4e600000 - 0x00007ffc4e60c000 	C:\WINDOWS\SYSTEM32\CRYPTBASE.dll
0x00007ffc4d820000 - 0x00007ffc4d853000 	C:\WINDOWS\SYSTEM32\IPHLPAPI.DLL
0x00007ffc50800000 - 0x00007ffc5080a000 	C:\WINDOWS\System32\NSI.dll
0x00007ffbed400000 - 0x00007ffbed449000 	C:\Users\palak\AppData\Local\Temp\jna-106430981\jna1245048272698188068.dll
0x00007ffc4fc20000 - 0x00007ffc4fc28000 	C:\WINDOWS\System32\PSAPI.DLL
0x00007ffc354a0000 - 0x00007ffc354aa000 	C:\Users\palak\.vscode\extensions\redhat.java-1.40.0-win32-x64\jre\21.0.6-win32-x86_64\bin\management.dll
0x00007ffc35410000 - 0x00007ffc3541b000 	C:\Users\palak\.vscode\extensions\redhat.java-1.40.0-win32-x64\jre\21.0.6-win32-x86_64\bin\management_ext.dll
0x00007ffc43860000 - 0x00007ffc4387f000 	C:\WINDOWS\SYSTEM32\dhcpcsvc6.DLL
0x00007ffc43830000 - 0x00007ffc43855000 	C:\WINDOWS\SYSTEM32\dhcpcsvc.DLL

dbghelp: loaded successfully - version: 4.0.5 - missing functions: none
symbol engine: initialized successfully - sym options: 0x614 - pdb path: .;c:\Users\palak\.vscode\extensions\redhat.java-1.40.0-win32-x64\jre\21.0.6-win32-x86_64\bin;C:\WINDOWS\SYSTEM32;C:\WINDOWS\WinSxS\amd64_microsoft.windows.common-controls_6595b64144ccf1df_6.0.26100.3323_none_3e088096e3344490;c:\Users\palak\.vscode\extensions\redhat.java-1.40.0-win32-x64\jre\21.0.6-win32-x86_64\bin\server;C:\Users\palak\AppData\Roaming\Code\User\globalStorage\redhat.java\1.40.0\config_win\org.eclipse.equinox.launcher\org.eclipse.equinox.launcher.win32.win32.x86_64_1.2.1200.v20250212-0927;C:\Users\palak\AppData\Local\Temp\jna-106430981

VM Arguments:
jvm_args: --add-modules=ALL-SYSTEM --add-opens=java.base/java.util=ALL-UNNAMED --add-opens=java.base/java.lang=ALL-UNNAMED --add-opens=java.base/sun.nio.fs=ALL-UNNAMED -Declipse.application=org.eclipse.jdt.ls.core.id1 -Dosgi.bundles.defaultStartLevel=4 -Declipse.product=org.eclipse.jdt.ls.core.product -Djava.import.generatesMetadataFilesAtProjectRoot=false -DDetectVMInstallationsJob.disabled=true -Dfile.encoding=utf8 -XX:+UseParallelGC -XX:GCTimeRatio=4 -XX:AdaptiveSizePolicyWeight=90 -Dsun.zip.disableMemoryMapping=true -Xmx1G -Xms100m -Xlog:disable -javaagent:c:\Users\palak\.vscode\extensions\redhat.java-1.40.0-win32-x64\lombok\lombok-1.18.36.jar -XX:+HeapDumpOnOutOfMemoryError -XX:HeapDumpPath=c:\Users\palak\AppData\Roaming\Code\User\workspaceStorage\632f04cdbe9e26a6a5769c745b0508de\redhat.java -Daether.dependencyCollector.impl=bf 
java_command: c:\Users\palak\.vscode\extensions\redhat.java-1.40.0-win32-x64\server\plugins\org.eclipse.equinox.launcher_1.6.1000.v20250131-0606.jar -configuration c:\Users\palak\AppData\Roaming\Code\User\globalStorage\redhat.java\1.40.0\config_win -data c:\Users\palak\AppData\Roaming\Code\User\workspaceStorage\632f04cdbe9e26a6a5769c745b0508de\redhat.java\jdt_ws --pipe=\\.\pipe\lsp-45b00b510df2cc006091ffb465f0423f-sock
java_class_path (initial): c:\Users\palak\.vscode\extensions\redhat.java-1.40.0-win32-x64\server\plugins\org.eclipse.equinox.launcher_1.6.1000.v20250131-0606.jar
Launcher Type: SUN_STANDARD

[Global flags]
    uintx AdaptiveSizePolicyWeight                 = 90                                        {product} {command line}
     intx CICompilerCount                          = 3                                         {product} {ergonomic}
    uintx GCTimeRatio                              = 4                                         {product} {command line}
     bool HeapDumpOnOutOfMemoryError               = true                                   {manageable} {command line}
    ccstr HeapDumpPath                             = c:\Users\palak\AppData\Roaming\Code\User\workspaceStorage\632f04cdbe9e26a6a5769c745b0508de\redhat.java         {manageable} {command line}
   size_t InitialHeapSize                          = 104857600                                 {product} {command line}
   size_t MaxHeapSize                              = 1073741824                                {product} {command line}
   size_t MaxNewSize                               = 357564416                                 {product} {ergonomic}
   size_t MinHeapDeltaBytes                        = 524288                                    {product} {ergonomic}
   size_t MinHeapSize                              = 104857600                                 {product} {command line}
   size_t NewSize                                  = 34603008                                  {product} {ergonomic}
    uintx NonNMethodCodeHeapSize                   = 5832780                                {pd product} {ergonomic}
    uintx NonProfiledCodeHeapSize                  = 122912730                              {pd product} {ergonomic}
   size_t OldSize                                  = 70254592                                  {product} {ergonomic}
    uintx ProfiledCodeHeapSize                     = 122912730                              {pd product} {ergonomic}
    uintx ReservedCodeCacheSize                    = 251658240                              {pd product} {ergonomic}
     bool SegmentedCodeCache                       = true                                      {product} {ergonomic}
   size_t SoftMaxHeapSize                          = 1073741824                             {manageable} {ergonomic}
     bool UseCompressedOops                        = true                           {product lp64_product} {ergonomic}
     bool UseLargePagesIndividualAllocation        = false                                  {pd product} {ergonomic}
     bool UseParallelGC                            = true                                      {product} {command line}

Logging:
Log output configuration:
 #0: stdout all=off uptime,level,tags foldmultilines=false
 #1: stderr all=off uptime,level,tags foldmultilines=false

Environment Variables:
JAVA_HOME=C:\Users\palak\Downloads\java-21-openjdk-21.0.1.0.12-3.win.jdk.x86_64\java-21-openjdk-21.0.1.0.12-3.win.jdk.x86_64
PATH=C:\Program Files (x86)\Common Files\Oracle\Java\java8path;C:\Program Files (x86)\Common Files\Oracle\Java\javapath;C:\WINDOWS\system32;C:\WINDOWS;C:\WINDOWS\System32\Wbem;C:\WINDOWS\System32\WindowsPowerShell\v1.0\;C:\WINDOWS\System32\OpenSSH\;C:\Users\palak\Downloads\java-21-openjdk-21.0.1.0.12-3.win.jdk.x86_64\java-21-openjdk-21.0.1.0.12-3.win.jdk.x86_64\bin;C:\Users\palak\Downloads\apache-maven-3.9.8-bin\bin;c:\users\palak\appdata\local\packages\pythonsoftwarefoundation.python.3.11_qbz5n2kfra8p0\localcache\local-packages\python311\site-packages;C:\ProgramData\chocolatey\bin;C:\Program Files\nodejs\;C:\Users\palak\AppData\Local\Programs\Python\Python312\Scripts;C:\Program Files\Git\cmd;C:\Users\palak\Downloads\flutter_windows_3.27.3-stable\flutter\bin;C:\Users\palak\AppData\Local\Android\Sdk\cmdline-tools\latest\bin;C:\Users\palak\AppData\Local\Android\Sdk\platform-tools;C:\ffmpeg;C:\Program Files\MongoDB\Server\8.0\bin;C:\Users\palak\AppData\Local\Programs\Python\Python313\Scripts\;C:\Users\palak\AppData\Local\Programs\Python\Python313\;C:\Users\palak\AppData\Local\Programs\Python\Python312\Scripts\;C:\Users\palak\AppData\Local\Programs\Python\Python312\;C:\Users\palak\AppData\Local\Programs\Python\Launcher\;C:\Program Files\MySQL\MySQL Shell 8.0\bin\;C:\Users\palak\AppData\Local\Microsoft\WindowsApps;C:\Users\palak\AppData\Local\Programs\Microsoft VS Code\bin;C:\Program Files\JetBrains\IntelliJ IDEA Community Edition 2023.3.3\bin;C:\Users\palak\AppData\Local\JetBrains\CLion 2023.3.4\bin;C:\Program Files\JetBrains\PyCharm 2024.1.2\bin;C:\Program Files\JetBrains\PyCharm Community Edition 2024.1.4\bin;C:\Users\palak\AppData\Local\JetBrains\Toolbox\scripts;C:\Users\palak\AppData\Roaming\npm;C:\Users\palak\AppData\Local\GitHubDesktop\bin;C:\Users\palak\AppData\Local\Microsoft\WindowsApps;
USERNAME=palak
OS=Windows_NT
PROCESSOR_IDENTIFIER=AMD64 Family 23 Model 24 Stepping 1, AuthenticAMD
TMP=C:\Users\palak\AppData\Local\Temp
TEMP=C:\Users\palak\AppData\Local\Temp




Periodic native trim disabled

---------------  S Y S T E M  ---------------

OS:
 Windows 11 , 64 bit Build 26100 (10.0.26100.3323)
OS uptime: 0 days 2:06 hours

CPU: total 4 (initial active 4) (4 cores per cpu, 2 threads per core) family 23 model 24 stepping 1 microcode 0x8108109, cx8, cmov, fxsr, ht, mmx, 3dnowpref, sse, sse2, sse3, ssse3, sse4a, sse4.1, sse4.2, popcnt, lzcnt, tsc, tscinvbit, avx, avx2, aes, clmul, bmi1, bmi2, adx, sha, fma, vzeroupper, clflush, clflushopt, rdtscp, f16c
Processor Information for the first 4 processors :
  Max Mhz: 2600, Current Mhz: 2600, Mhz Limit: 2600

Memory: 4k page, system-wide physical 6086M (636M free)
TotalPageFile size 14278M (AvailPageFile size 6M)
current process WorkingSet (physical memory assigned to process): 288M, peak: 309M
current process commit charge ("private bytes"): 322M, peak: 347M

vm_info: OpenJDK 64-Bit Server VM (21.0.6+7-LTS) for windows-amd64 JRE (21.0.6+7-LTS), built on 2025-01-21T00:00:00Z by "admin" with MS VC++ 17.7 (VS2022)

END.
