#
# There is insufficient memory for the Java Runtime Environment to continue.
# Native memory allocation (malloc) failed to allocate 803696 bytes. Error detail: Chunk::new
# Possible reasons:
#   The system is out of physical RAM or swap space
#   This process is running with CompressedOops enabled, and the Java Heap may be blocking the growth of the native heap
# Possible solutions:
#   Reduce memory load on the system
#   Increase physical memory or swap space
#   Check if swap backing store is full
#   Decrease Java heap size (-Xmx/-Xms)
#   Decrease number of Java threads
#   Decrease Java thread stack sizes (-Xss)
#   Set larger code cache with -XX:ReservedCodeCacheSize=
#   JVM is running with Unscaled Compressed Oops mode in which the Java heap is
#     placed in the first 4GB address space. The Java Heap base address is the
#     maximum limit for the native heap growth. Please use -XX:HeapBaseMinAddress
#     to set the Java Heap base and to place the Java Heap above 4GB virtual address.
# This output file may be truncated or incomplete.
#
#  Out of Memory Error (arena.cpp:168), pid=18980, tid=10112
#
# JRE version: OpenJDK Runtime Environment Temurin-21.0.6+7 (21.0.6+7) (build 21.0.6+7-LTS)
# Java VM: OpenJDK 64-Bit Server VM Temurin-21.0.6+7 (21.0.6+7-LTS, mixed mode, sharing, tiered, compressed oops, compressed class ptrs, parallel gc, windows-amd64)
# No core dump will be written. Minidumps are not enabled by default on client versions of Windows
#

---------------  S U M M A R Y ------------

Command Line: --add-modules=ALL-SYSTEM --add-opens=java.base/java.util=ALL-UNNAMED --add-opens=java.base/java.lang=ALL-UNNAMED --add-opens=java.base/sun.nio.fs=ALL-UNNAMED -Declipse.application=org.eclipse.jdt.ls.core.id1 -Dosgi.bundles.defaultStartLevel=4 -Declipse.product=org.eclipse.jdt.ls.core.product -Djava.import.generatesMetadataFilesAtProjectRoot=false -DDetectVMInstallationsJob.disabled=true -Dfile.encoding=utf8 -XX:+UseParallelGC -XX:GCTimeRatio=4 -XX:AdaptiveSizePolicyWeight=90 -Dsun.zip.disableMemoryMapping=true -Xmx1G -Xms100m -Xlog:disable -javaagent:c:\Users\palak\.vscode\extensions\redhat.java-1.40.0-win32-x64\lombok\lombok-1.18.36.jar c:\Users\palak\.vscode\extensions\redhat.java-1.40.0-win32-x64\server\plugins\org.eclipse.equinox.launcher_1.6.1000.v20250131-0606.jar -configuration c:\Users\palak\AppData\Roaming\Code\User\globalStorage\redhat.java\1.40.0\config_ss_win -data c:\Users\palak\AppData\Roaming\Code\User\workspaceStorage\632f04cdbe9e26a6a5769c745b0508de\redhat.java\ss_ws --pipe=\\.\pipe\lsp-7727c8ebdaee556e463060da2ea8253a-sock

Host: AMD Ryzen 3 3250U with Radeon Graphics         , 4 cores, 5G,  Windows 11 , 64 bit Build 26100 (10.0.26100.3323)
Time: Tue Mar 18 19:28:31 2025 India Standard Time elapsed time: 13.531568 seconds (0d 0h 0m 13s)

---------------  T H R E A D  ---------------

Current thread (0x0000028da44650d0):  JavaThread "C2 CompilerThread0" daemon [_thread_in_native, id=10112, stack(0x000000afd1b00000,0x000000afd1c00000) (1024K)]


Current CompileTask:
C2:13531 2707       4       org.lombokweb.asm.ClassReader::readMethod (1070 bytes)

Stack: [0x000000afd1b00000,0x000000afd1c00000]
Native frames: (J=compiled Java code, j=interpreted, Vv=VM code, C=native code)
V  [jvm.dll+0x6cdee9]
V  [jvm.dll+0x8a83d1]
V  [jvm.dll+0x8aa8fe]
V  [jvm.dll+0x8aafe3]
V  [jvm.dll+0x27f706]
V  [jvm.dll+0xc500d]
V  [jvm.dll+0xc5543]
V  [jvm.dll+0x2f2acd]
V  [jvm.dll+0x5f6a2a]
V  [jvm.dll+0x250bb2]
V  [jvm.dll+0x250f6f]
V  [jvm.dll+0x249834]
V  [jvm.dll+0x246ec4]
V  [jvm.dll+0x1c75ee]
V  [jvm.dll+0x25685a]
V  [jvm.dll+0x254dfa]
V  [jvm.dll+0x3f0256]
V  [jvm.dll+0x851f8b]
V  [jvm.dll+0x6cc5ed]
C  [ucrtbase.dll+0x37b0]
C  [KERNEL32.DLL+0x2e8d7]
C  [ntdll.dll+0xbbf6c]


---------------  P R O C E S S  ---------------

Threads class SMR info:
_java_thread_list=0x0000028de6686ca0, length=20, elements={
0x0000028d9011deb0, 0x0000028da444b420, 0x0000028da444ecf0, 0x0000028da44524c0,
0x0000028da4453110, 0x0000028da4457200, 0x0000028da445c7e0, 0x0000028da44650d0,
0x0000028da44cf820, 0x0000028de626a340, 0x0000028de649c970, 0x0000028de6c24af0,
0x0000028de65d85d0, 0x0000028de659b900, 0x0000028de65c7dd0, 0x0000028de685ccc0,
0x0000028de6d4f3c0, 0x0000028de6dae9f0, 0x0000028deb1ccd20, 0x0000028deb258bd0
}

Java Threads: ( => current thread )
  0x0000028d9011deb0 JavaThread "main"                              [_thread_blocked, id=5972, stack(0x000000afd1100000,0x000000afd1200000) (1024K)]
  0x0000028da444b420 JavaThread "Reference Handler"          daemon [_thread_blocked, id=19516, stack(0x000000afd1500000,0x000000afd1600000) (1024K)]
  0x0000028da444ecf0 JavaThread "Finalizer"                  daemon [_thread_blocked, id=14848, stack(0x000000afd1600000,0x000000afd1700000) (1024K)]
  0x0000028da44524c0 JavaThread "Signal Dispatcher"          daemon [_thread_blocked, id=11852, stack(0x000000afd1700000,0x000000afd1800000) (1024K)]
  0x0000028da4453110 JavaThread "Attach Listener"            daemon [_thread_blocked, id=16776, stack(0x000000afd1800000,0x000000afd1900000) (1024K)]
  0x0000028da4457200 JavaThread "Service Thread"             daemon [_thread_blocked, id=12160, stack(0x000000afd1900000,0x000000afd1a00000) (1024K)]
  0x0000028da445c7e0 JavaThread "Monitor Deflation Thread"   daemon [_thread_blocked, id=12368, stack(0x000000afd1a00000,0x000000afd1b00000) (1024K)]
=>0x0000028da44650d0 JavaThread "C2 CompilerThread0"         daemon [_thread_in_native, id=10112, stack(0x000000afd1b00000,0x000000afd1c00000) (1024K)]
  0x0000028da44cf820 JavaThread "C1 CompilerThread0"         daemon [_thread_blocked, id=11956, stack(0x000000afd1c00000,0x000000afd1d00000) (1024K)]
  0x0000028de626a340 JavaThread "Common-Cleaner"             daemon [_thread_blocked, id=4152, stack(0x000000afd1d00000,0x000000afd1e00000) (1024K)]
  0x0000028de649c970 JavaThread "Notification Thread"        daemon [_thread_blocked, id=16112, stack(0x000000afd1f00000,0x000000afd2000000) (1024K)]
  0x0000028de6c24af0 JavaThread "Active Thread: Equinox Container: ac81100d-fb85-4fa0-aea9-1f39a247e857"        [_thread_blocked, id=4896, stack(0x000000afd2400000,0x000000afd2500000) (1024K)]
  0x0000028de65d85d0 JavaThread "Framework Event Dispatcher: Equinox Container: ac81100d-fb85-4fa0-aea9-1f39a247e857" daemon [_thread_blocked, id=15100, stack(0x000000afd2300000,0x000000afd2400000) (1024K)]
  0x0000028de659b900 JavaThread "Start Level: Equinox Container: ac81100d-fb85-4fa0-aea9-1f39a247e857" daemon [_thread_in_Java, id=4980, stack(0x000000afd2500000,0x000000afd2600000) (1024K)]
  0x0000028de65c7dd0 JavaThread "SCR Component Actor"        daemon [_thread_blocked, id=20972, stack(0x000000afd2600000,0x000000afd2700000) (1024K)]
  0x0000028de685ccc0 JavaThread "SCR Component Registry"     daemon [_thread_blocked, id=6292, stack(0x000000afd2700000,0x000000afd2800000) (1024K)]
  0x0000028de6d4f3c0 JavaThread "Worker-JM"                         [_thread_blocked, id=13996, stack(0x000000afd2800000,0x000000afd2900000) (1024K)]
  0x0000028de6dae9f0 JavaThread "JNA Cleaner"                daemon [_thread_blocked, id=12168, stack(0x000000afd2900000,0x000000afd2a00000) (1024K)]
  0x0000028deb1ccd20 JavaThread "Worker-0"                          [_thread_blocked, id=15144, stack(0x000000afd2a00000,0x000000afd2b00000) (1024K)]
  0x0000028deb258bd0 JavaThread "Worker-1"                          [_thread_blocked, id=16100, stack(0x000000afd2b00000,0x000000afd2c00000) (1024K)]
Total: 20

Other Threads:
  0x0000028d901ddba0 VMThread "VM Thread"                           [id=11740, stack(0x000000afd1400000,0x000000afd1500000) (1024K)]
  0x0000028da43eca00 WatcherThread "VM Periodic Task Thread"        [id=16032, stack(0x000000afd1300000,0x000000afd1400000) (1024K)]
  0x0000028d9013c7c0 WorkerThread "GC Thread#0"                     [id=8072, stack(0x000000afd1200000,0x000000afd1300000) (1024K)]
  0x0000028de68a54e0 WorkerThread "GC Thread#1"                     [id=9944, stack(0x000000afd2000000,0x000000afd2100000) (1024K)]
  0x0000028de68bd800 WorkerThread "GC Thread#2"                     [id=16656, stack(0x000000afd2100000,0x000000afd2200000) (1024K)]
  0x0000028de69c6a00 WorkerThread "GC Thread#3"                     [id=6708, stack(0x000000afd2200000,0x000000afd2300000) (1024K)]
Total: 6

Threads with active compile tasks:
C2 CompilerThread0  13570 2707       4       org.lombokweb.asm.ClassReader::readMethod (1070 bytes)
Total: 1

VM state: not at safepoint (normal execution)

VM Mutex/Monitor currently owned by a thread: None

Heap address: 0x00000000c0000000, size: 1024 MB, Compressed Oops mode: 32-bit

CDS archive(s) mapped at: [0x0000028da5000000-0x0000028da5ba0000-0x0000028da5ba0000), size 12189696, SharedBaseAddress: 0x0000028da5000000, ArchiveRelocationMode: 1.
Compressed class space mapped at: 0x0000028da6000000-0x0000028de6000000, reserved size: 1073741824
Narrow klass base: 0x0000028da5000000, Narrow klass shift: 0, Narrow klass range: 0x100000000

GC Precious Log:
 CardTable entry size: 512
 CPUs: 4 total, 4 available
 Memory: 6086M
 Large Page Support: Disabled
 NUMA Support: Disabled
 Compressed Oops: Enabled (32-bit)
 Alignments: Space 512K, Generation 512K, Heap 2M
 Heap Min Capacity: 100M
 Heap Initial Capacity: 100M
 Heap Max Capacity: 1G
 Pre-touch: Disabled
 Parallel Workers: 4

Heap:
 PSYoungGen      total 29696K, used 29672K [0x00000000eab00000, 0x00000000ecc00000, 0x0000000100000000)
  eden space 25600K, 100% used [0x00000000eab00000,0x00000000ec400000,0x00000000ec400000)
  from space 4096K, 99% used [0x00000000ec800000,0x00000000ecbfa3d0,0x00000000ecc00000)
  to   space 4096K, 0% used [0x00000000ec400000,0x00000000ec400000,0x00000000ec800000)
 ParOldGen       total 68608K, used 5683K [0x00000000c0000000, 0x00000000c4300000, 0x00000000eab00000)
  object space 68608K, 8% used [0x00000000c0000000,0x00000000c058cd30,0x00000000c4300000)
 Metaspace       used 20234K, committed 20864K, reserved 1114112K
  class space    used 1934K, committed 2176K, reserved 1048576K

Card table byte_map: [0x0000028d8fac0000,0x0000028d8fcd0000] _byte_map_base: 0x0000028d8f4c0000

Marking Bits: (ParMarkBitMap*) 0x00007ffbb5163260
 Begin Bits: [0x0000028da2310000, 0x0000028da3310000)
 End Bits:   [0x0000028da3310000, 0x0000028da4310000)

Polling page: 0x0000028d8f840000

Metaspace:

Usage:
  Non-class:     17.87 MB used.
      Class:      1.89 MB used.
       Both:     19.76 MB used.

Virtual space:
  Non-class space:       64.00 MB reserved,      18.25 MB ( 29%) committed,  1 nodes.
      Class space:        1.00 GB reserved,       2.12 MB ( <1%) committed,  1 nodes.
             Both:        1.06 GB reserved,      20.38 MB (  2%) committed. 

Chunk freelists:
   Non-Class:  13.66 MB
       Class:  13.88 MB
        Both:  27.53 MB

MaxMetaspaceSize: unlimited
CompressedClassSpaceSize: 1.00 GB
Initial GC threshold: 21.00 MB
Current GC threshold: 21.00 MB
CDS: on
 - commit_granule_bytes: 65536.
 - commit_granule_words: 8192.
 - virtual_space_node_default_size: 8388608.
 - enlarge_chunks_in_place: 1.
 - use_allocation_guard: 0.


Internal statistics:

num_allocs_failed_limit: 0.
num_arena_births: 496.
num_arena_deaths: 0.
num_vsnodes_births: 2.
num_vsnodes_deaths: 0.
num_space_committed: 326.
num_space_uncommitted: 0.
num_chunks_returned_to_freelist: 0.
num_chunks_taken_from_freelist: 1262.
num_chunk_merges: 0.
num_chunk_splits: 826.
num_chunks_enlarged: 520.
num_inconsistent_stats: 0.

CodeHeap 'non-profiled nmethods': size=120000Kb used=1125Kb max_used=1125Kb free=118874Kb
 bounds [0x0000028d9ade0000, 0x0000028d9b050000, 0x0000028da2310000]
CodeHeap 'profiled nmethods': size=120000Kb used=5295Kb max_used=5295Kb free=114704Kb
 bounds [0x0000028d93310000, 0x0000028d93840000, 0x0000028d9a840000]
CodeHeap 'non-nmethods': size=5760Kb used=1304Kb max_used=1307Kb free=4456Kb
 bounds [0x0000028d9a840000, 0x0000028d9aab0000, 0x0000028d9ade0000]
 total_blobs=3300 nmethods=2713 adapters=493
 compilation: enabled
              stopped_count=0, restarted_count=0
 full_count=0

Compilation events (20 events):
Event: 13.347 Thread 0x0000028da44650d0 nmethod 2704 0x0000028d9aef8190 code [0x0000028d9aef8320, 0x0000028d9aef84b0]
Event: 13.347 Thread 0x0000028da44650d0 2705       4       org.lombokweb.asm.MethodWriter::visitLabel (332 bytes)
Event: 13.347 Thread 0x0000028da44cf820 2706 %     3       org.lombokweb.asm.ClassReader::<init> @ 95 (359 bytes)
Event: 13.348 Thread 0x0000028da44cf820 nmethod 2706% 0x0000028d93832910 code [0x0000028d93832c20, 0x0000028d93833fe8]
Event: 13.353 Thread 0x0000028da44650d0 nmethod 2705 0x0000028d9aef8610 code [0x0000028d9aef87c0, 0x0000028d9aef8c20]
Event: 13.353 Thread 0x0000028da44650d0 2707       4       org.lombokweb.asm.ClassReader::readMethod (1070 bytes)
Event: 13.425 Thread 0x0000028da44cf820 2709       3       org.lombokweb.asm.ClassReader::<init> (359 bytes)
Event: 13.427 Thread 0x0000028da44cf820 nmethod 2709 0x0000028d93834610 code [0x0000028d93834900, 0x0000028d93835ac0]
Event: 13.427 Thread 0x0000028da44cf820 2710 %     3       org.lombokweb.asm.SymbolTable::<init> @ 98 (536 bytes)
Event: 13.431 Thread 0x0000028da44cf820 nmethod 2710% 0x0000028d93836090 code [0x0000028d93836680, 0x0000028d93839200]
Event: 13.431 Thread 0x0000028da44cf820 2714       3       org.lombokweb.asm.MethodWriter::visitLabel (332 bytes)
Event: 13.432 Thread 0x0000028da44cf820 nmethod 2714 0x0000028d9383a390 code [0x0000028d9383a5e0, 0x0000028d9383aed8]
Event: 13.432 Thread 0x0000028da44cf820 2712       3       org.lombokweb.asm.ByteVector::put11 (52 bytes)
Event: 13.432 Thread 0x0000028da44cf820 nmethod 2712 0x0000028d9383b110 code [0x0000028d9383b2c0, 0x0000028d9383b4c8]
Event: 13.432 Thread 0x0000028da44cf820 2711       3       java.util.regex.Pattern$BranchConn::match (11 bytes)
Event: 13.432 Thread 0x0000028da44cf820 nmethod 2711 0x0000028d9383b610 code [0x0000028d9383b7c0, 0x0000028d9383b998]
Event: 13.432 Thread 0x0000028da44cf820 2715       3       org.lombokweb.asm.MethodVisitor::visitInsn (16 bytes)
Event: 13.432 Thread 0x0000028da44cf820 nmethod 2715 0x0000028d9383ba90 code [0x0000028d9383bc40, 0x0000028d9383be48]
Event: 13.432 Thread 0x0000028da44cf820 2713       1       lombok.patcher.MethodLogistics::getReturnOpcode (5 bytes)
Event: 13.432 Thread 0x0000028da44cf820 nmethod 2713 0x0000028d9aef8f10 code [0x0000028d9aef90a0, 0x0000028d9aef9168]

GC Heap History (8 events):
Event: 4.915 GC heap before
{Heap before GC invocations=1 (full 0):
 PSYoungGen      total 29696K, used 25600K [0x00000000eab00000, 0x00000000ecc00000, 0x0000000100000000)
  eden space 25600K, 100% used [0x00000000eab00000,0x00000000ec400000,0x00000000ec400000)
  from space 4096K, 0% used [0x00000000ec800000,0x00000000ec800000,0x00000000ecc00000)
  to   space 4096K, 0% used [0x00000000ec400000,0x00000000ec400000,0x00000000ec800000)
 ParOldGen       total 68608K, used 0K [0x00000000c0000000, 0x00000000c4300000, 0x00000000eab00000)
  object space 68608K, 0% used [0x00000000c0000000,0x00000000c0000000,0x00000000c4300000)
 Metaspace       used 4354K, committed 4544K, reserved 1114112K
  class space    used 437K, committed 512K, reserved 1048576K
}
Event: 5.011 GC heap after
{Heap after GC invocations=1 (full 0):
 PSYoungGen      total 29696K, used 3205K [0x00000000eab00000, 0x00000000ecc00000, 0x0000000100000000)
  eden space 25600K, 0% used [0x00000000eab00000,0x00000000eab00000,0x00000000ec400000)
  from space 4096K, 78% used [0x00000000ec400000,0x00000000ec7217f0,0x00000000ec800000)
  to   space 4096K, 0% used [0x00000000ec800000,0x00000000ec800000,0x00000000ecc00000)
 ParOldGen       total 68608K, used 0K [0x00000000c0000000, 0x00000000c4300000, 0x00000000eab00000)
  object space 68608K, 0% used [0x00000000c0000000,0x00000000c0000000,0x00000000c4300000)
 Metaspace       used 4354K, committed 4544K, reserved 1114112K
  class space    used 437K, committed 512K, reserved 1048576K
}
Event: 7.636 GC heap before
{Heap before GC invocations=2 (full 0):
 PSYoungGen      total 29696K, used 28805K [0x00000000eab00000, 0x00000000ecc00000, 0x0000000100000000)
  eden space 25600K, 100% used [0x00000000eab00000,0x00000000ec400000,0x00000000ec400000)
  from space 4096K, 78% used [0x00000000ec400000,0x00000000ec7217f0,0x00000000ec800000)
  to   space 4096K, 0% used [0x00000000ec800000,0x00000000ec800000,0x00000000ecc00000)
 ParOldGen       total 68608K, used 0K [0x00000000c0000000, 0x00000000c4300000, 0x00000000eab00000)
  object space 68608K, 0% used [0x00000000c0000000,0x00000000c0000000,0x00000000c4300000)
 Metaspace       used 8102K, committed 8448K, reserved 1114112K
  class space    used 800K, committed 960K, reserved 1048576K
}
Event: 7.646 GC heap after
{Heap after GC invocations=2 (full 0):
 PSYoungGen      total 29696K, used 4074K [0x00000000eab00000, 0x00000000ecc00000, 0x0000000100000000)
  eden space 25600K, 0% used [0x00000000eab00000,0x00000000eab00000,0x00000000ec400000)
  from space 4096K, 99% used [0x00000000ec800000,0x00000000ecbfa948,0x00000000ecc00000)
  to   space 4096K, 0% used [0x00000000ec400000,0x00000000ec400000,0x00000000ec800000)
 ParOldGen       total 68608K, used 833K [0x00000000c0000000, 0x00000000c4300000, 0x00000000eab00000)
  object space 68608K, 1% used [0x00000000c0000000,0x00000000c00d06a8,0x00000000c4300000)
 Metaspace       used 8102K, committed 8448K, reserved 1114112K
  class space    used 800K, committed 960K, reserved 1048576K
}
Event: 10.030 GC heap before
{Heap before GC invocations=3 (full 0):
 PSYoungGen      total 29696K, used 29674K [0x00000000eab00000, 0x00000000ecc00000, 0x0000000100000000)
  eden space 25600K, 100% used [0x00000000eab00000,0x00000000ec400000,0x00000000ec400000)
  from space 4096K, 99% used [0x00000000ec800000,0x00000000ecbfa948,0x00000000ecc00000)
  to   space 4096K, 0% used [0x00000000ec400000,0x00000000ec400000,0x00000000ec800000)
 ParOldGen       total 68608K, used 833K [0x00000000c0000000, 0x00000000c4300000, 0x00000000eab00000)
  object space 68608K, 1% used [0x00000000c0000000,0x00000000c00d06a8,0x00000000c4300000)
 Metaspace       used 12863K, committed 13440K, reserved 1114112K
  class space    used 1292K, committed 1536K, reserved 1048576K
}
Event: 10.046 GC heap after
{Heap after GC invocations=3 (full 0):
 PSYoungGen      total 29696K, used 4093K [0x00000000eab00000, 0x00000000ecc00000, 0x0000000100000000)
  eden space 25600K, 0% used [0x00000000eab00000,0x00000000eab00000,0x00000000ec400000)
  from space 4096K, 99% used [0x00000000ec400000,0x00000000ec7ff628,0x00000000ec800000)
  to   space 4096K, 0% used [0x00000000ec800000,0x00000000ec800000,0x00000000ecc00000)
 ParOldGen       total 68608K, used 2676K [0x00000000c0000000, 0x00000000c4300000, 0x00000000eab00000)
  object space 68608K, 3% used [0x00000000c0000000,0x00000000c029d250,0x00000000c4300000)
 Metaspace       used 12863K, committed 13440K, reserved 1114112K
  class space    used 1292K, committed 1536K, reserved 1048576K
}
Event: 11.717 GC heap before
{Heap before GC invocations=4 (full 0):
 PSYoungGen      total 29696K, used 29601K [0x00000000eab00000, 0x00000000ecc00000, 0x0000000100000000)
  eden space 25600K, 99% used [0x00000000eab00000,0x00000000ec3e8e18,0x00000000ec400000)
  from space 4096K, 99% used [0x00000000ec400000,0x00000000ec7ff628,0x00000000ec800000)
  to   space 4096K, 0% used [0x00000000ec800000,0x00000000ec800000,0x00000000ecc00000)
 ParOldGen       total 68608K, used 2676K [0x00000000c0000000, 0x00000000c4300000, 0x00000000eab00000)
  object space 68608K, 3% used [0x00000000c0000000,0x00000000c029d250,0x00000000c4300000)
 Metaspace       used 16915K, committed 17536K, reserved 1114112K
  class space    used 1695K, committed 1984K, reserved 1048576K
}
Event: 11.730 GC heap after
{Heap after GC invocations=4 (full 0):
 PSYoungGen      total 29696K, used 4072K [0x00000000eab00000, 0x00000000ecc00000, 0x0000000100000000)
  eden space 25600K, 0% used [0x00000000eab00000,0x00000000eab00000,0x00000000ec400000)
  from space 4096K, 99% used [0x00000000ec800000,0x00000000ecbfa3d0,0x00000000ecc00000)
  to   space 4096K, 0% used [0x00000000ec400000,0x00000000ec400000,0x00000000ec800000)
 ParOldGen       total 68608K, used 5683K [0x00000000c0000000, 0x00000000c4300000, 0x00000000eab00000)
  object space 68608K, 8% used [0x00000000c0000000,0x00000000c058cd30,0x00000000c4300000)
 Metaspace       used 16915K, committed 17536K, reserved 1114112K
  class space    used 1695K, committed 1984K, reserved 1048576K
}

Dll operation events (10 events):
Event: 0.051 Loaded shared library c:\Users\palak\.vscode\extensions\redhat.java-1.40.0-win32-x64\jre\21.0.6-win32-x86_64\bin\java.dll
Event: 0.602 Loaded shared library c:\Users\palak\.vscode\extensions\redhat.java-1.40.0-win32-x64\jre\21.0.6-win32-x86_64\bin\zip.dll
Event: 0.968 Loaded shared library C:\Users\palak\.vscode\extensions\redhat.java-1.40.0-win32-x64\jre\21.0.6-win32-x86_64\bin\instrument.dll
Event: 0.985 Loaded shared library C:\Users\palak\.vscode\extensions\redhat.java-1.40.0-win32-x64\jre\21.0.6-win32-x86_64\bin\net.dll
Event: 0.996 Loaded shared library C:\Users\palak\.vscode\extensions\redhat.java-1.40.0-win32-x64\jre\21.0.6-win32-x86_64\bin\nio.dll
Event: 1.010 Loaded shared library C:\Users\palak\.vscode\extensions\redhat.java-1.40.0-win32-x64\jre\21.0.6-win32-x86_64\bin\zip.dll
Event: 1.068 Loaded shared library C:\Users\palak\.vscode\extensions\redhat.java-1.40.0-win32-x64\jre\21.0.6-win32-x86_64\bin\jimage.dll
Event: 1.463 Loaded shared library c:\Users\palak\.vscode\extensions\redhat.java-1.40.0-win32-x64\jre\21.0.6-win32-x86_64\bin\verify.dll
Event: 7.457 Loaded shared library C:\Users\palak\AppData\Roaming\Code\User\globalStorage\redhat.java\1.40.0\config_ss_win\org.eclipse.equinox.launcher\org.eclipse.equinox.launcher.win32.win32.x86_64_1.2.1200.v20250212-0927\eclipse_11909.dll
Event: 10.896 Loaded shared library C:\Users\palak\AppData\Local\Temp\jna-106430981\jna812747905428857623.dll

Deoptimization events (20 events):
Event: 11.560 Thread 0x0000028de659b900 Uncommon trap: trap_request=0xffffffde fr.pc=0x0000028d9aedfe94 relative=0x00000000000003b4
Event: 11.560 Thread 0x0000028de659b900 Uncommon trap: reason=class_check action=maybe_recompile pc=0x0000028d9aedfe94 method=java.util.regex.Pattern$BmpCharPropertyGreedy.match(Ljava/util/regex/Matcher;ILjava/lang/CharSequence;)Z @ 70 c2
Event: 11.560 Thread 0x0000028de659b900 DEOPT PACKING pc=0x0000028d9aedfe94 sp=0x000000afd25f2ec0
Event: 11.560 Thread 0x0000028de659b900 DEOPT UNPACKING pc=0x0000028d9a893aa2 sp=0x000000afd25f2e68 mode 2
Event: 11.560 Thread 0x0000028de659b900 Uncommon trap: trap_request=0xffffffde fr.pc=0x0000028d9aedfe94 relative=0x00000000000003b4
Event: 11.560 Thread 0x0000028de659b900 Uncommon trap: reason=class_check action=maybe_recompile pc=0x0000028d9aedfe94 method=java.util.regex.Pattern$BmpCharPropertyGreedy.match(Ljava/util/regex/Matcher;ILjava/lang/CharSequence;)Z @ 70 c2
Event: 11.560 Thread 0x0000028de659b900 DEOPT PACKING pc=0x0000028d9aedfe94 sp=0x000000afd25f2d40
Event: 11.560 Thread 0x0000028de659b900 DEOPT UNPACKING pc=0x0000028d9a893aa2 sp=0x000000afd25f2ce8 mode 2
Event: 11.695 Thread 0x0000028de659b900 Uncommon trap: trap_request=0xffffff45 fr.pc=0x0000028d9aeebf1c relative=0x000000000000079c
Event: 11.695 Thread 0x0000028de659b900 Uncommon trap: reason=unstable_if action=reinterpret pc=0x0000028d9aeebf1c method=org.lombokweb.asm.ClassReader.readUTF8(I[C)Ljava/lang/String; @ 11 c2
Event: 11.695 Thread 0x0000028de659b900 DEOPT PACKING pc=0x0000028d9aeebf1c sp=0x000000afd25ef1d0
Event: 11.695 Thread 0x0000028de659b900 DEOPT UNPACKING pc=0x0000028d9a893aa2 sp=0x000000afd25ef1b8 mode 2
Event: 13.427 Thread 0x0000028de659b900 Uncommon trap: trap_request=0xffffff45 fr.pc=0x0000028d9aef846c relative=0x000000000000014c
Event: 13.427 Thread 0x0000028de659b900 Uncommon trap: reason=unstable_if action=reinterpret pc=0x0000028d9aef846c method=org.lombokweb.asm.ByteVector.putByteArray([BII)Lorg/lombokweb/asm/ByteVector; @ 20 c2
Event: 13.427 Thread 0x0000028de659b900 DEOPT PACKING pc=0x0000028d9aef846c sp=0x000000afd25f23e0
Event: 13.427 Thread 0x0000028de659b900 DEOPT UNPACKING pc=0x0000028d9a893aa2 sp=0x000000afd25f23b0 mode 2
Event: 13.427 Thread 0x0000028de659b900 Uncommon trap: trap_request=0xffffff45 fr.pc=0x0000028d9aef8b24 relative=0x0000000000000364
Event: 13.427 Thread 0x0000028de659b900 Uncommon trap: reason=unstable_if action=reinterpret pc=0x0000028d9aef8b24 method=org.lombokweb.asm.Label.resolve([BLorg/lombokweb/asm/ByteVector;I)Z @ 81 c2
Event: 13.427 Thread 0x0000028de659b900 DEOPT PACKING pc=0x0000028d9aef8b24 sp=0x000000afd25f2470
Event: 13.427 Thread 0x0000028de659b900 DEOPT UNPACKING pc=0x0000028d9a893aa2 sp=0x000000afd25f2378 mode 2

Classes loaded (20 events):
Event: 11.548 Loading class java/util/zip/GZIPInputStream
Event: 11.548 Loading class java/util/zip/GZIPInputStream done
Event: 11.606 Loading class java/io/StringReader
Event: 11.606 Loading class java/io/StringReader done
Event: 11.612 Loading class java/net/SocketTimeoutException
Event: 11.612 Loading class java/io/InterruptedIOException
Event: 11.612 Loading class java/io/InterruptedIOException done
Event: 11.612 Loading class java/net/SocketTimeoutException done
Event: 11.612 Loading class java/net/SocketException
Event: 11.612 Loading class java/net/SocketException done
Event: 11.612 Loading class java/net/UnknownHostException
Event: 11.612 Loading class java/net/UnknownHostException done
Event: 11.612 Loading class java/net/ProtocolException
Event: 11.612 Loading class java/net/ProtocolException done
Event: 11.645 Loading class java/lang/ThreadLocal$SuppliedThreadLocal
Event: 11.645 Loading class java/lang/ThreadLocal$SuppliedThreadLocal done
Event: 11.662 Loading class java/io/FileWriter
Event: 11.663 Loading class java/io/FileWriter done
Event: 11.663 Loading class java/lang/NegativeArraySizeException
Event: 11.663 Loading class java/lang/NegativeArraySizeException done

Classes unloaded (0 events):
No events

Classes redefined (0 events):
No events

Internal exceptions (20 events):
Event: 10.578 Thread 0x0000028de659b900 Exception <a 'java/lang/NoSuchMethodError'{0x00000000eb4247f0}: 'java.lang.Object java.lang.invoke.DirectMethodHandle$Holder.invokeStaticInit(java.lang.Object, int, int, int, int)'> (0x00000000eb4247f0) 
thrown [s\src\hotspot\share\interpreter\linkResolver.cpp, line 773]
Event: 10.829 Thread 0x0000028de659b900 Exception <a 'java/lang/NoSuchMethodError'{0x00000000eb5465a0}: 'java.lang.Object java.lang.invoke.DirectMethodHandle$Holder.invokeStaticInit(java.lang.Object, java.lang.Object, int, int, int, int)'> (0x00000000eb5465a0) 
thrown [s\src\hotspot\share\interpreter\linkResolver.cpp, line 773]
Event: 10.989 Thread 0x0000028de659b900 Exception <a 'java/lang/NoSuchMethodError'{0x00000000eb645ef0}: 'void java.lang.invoke.DirectMethodHandle$Holder.invokeSpecial(java.lang.Object, java.lang.Object, java.lang.Object, int)'> (0x00000000eb645ef0) 
thrown [s\src\hotspot\share\interpreter\linkResolver.cpp, line 773]
Event: 10.991 Thread 0x0000028de659b900 Exception <a 'java/lang/NoSuchMethodError'{0x00000000eb649880}: 'void java.lang.invoke.DelegatingMethodHandle$Holder.reinvoke_L(java.lang.Object, java.lang.Object, int)'> (0x00000000eb649880) 
thrown [s\src\hotspot\share\interpreter\linkResolver.cpp, line 773]
Event: 10.992 Thread 0x0000028de659b900 Exception <a 'java/lang/NoSuchMethodError'{0x00000000eb6505b8}: 'int java.lang.invoke.Invokers$Holder.invokeExact_MT(java.lang.Object, java.lang.Object, java.lang.Object)'> (0x00000000eb6505b8) 
thrown [s\src\hotspot\share\interpreter\linkResolver.cpp, line 773]
Event: 11.085 Thread 0x0000028de659b900 Exception <a 'java/lang/NoSuchMethodError'{0x00000000eb754e18}: 'void java.lang.invoke.Invokers$Holder.invokeExact_MT(java.lang.Object, java.lang.Object, int, java.lang.Object)'> (0x00000000eb754e18) 
thrown [s\src\hotspot\share\interpreter\linkResolver.cpp, line 773]
Event: 11.174 Thread 0x0000028de659b900 Exception <a 'java/lang/NoSuchMethodError'{0x00000000eb83c510}: 'java.lang.Object java.lang.invoke.DirectMethodHandle$Holder.invokeSpecial(java.lang.Object, java.lang.Object, java.lang.Object, long, java.lang.Object)'> (0x00000000eb83c510) 
thrown [s\src\hotspot\share\interpreter\linkResolver.cpp, line 773]
Event: 11.177 Thread 0x0000028de659b900 Exception <a 'java/lang/NoSuchMethodError'{0x00000000eb843ca0}: 'java.lang.Object java.lang.invoke.DirectMethodHandle$Holder.newInvokeSpecial(java.lang.Object, java.lang.Object, java.lang.Object, long)'> (0x00000000eb843ca0) 
thrown [s\src\hotspot\share\interpreter\linkResolver.cpp, line 773]
Event: 11.178 Thread 0x0000028de659b900 Exception <a 'java/lang/NoSuchMethodError'{0x00000000eb847920}: 'java.lang.Object java.lang.invoke.Invokers$Holder.linkToTargetMethod(java.lang.Object, java.lang.Object, long, java.lang.Object)'> (0x00000000eb847920) 
thrown [s\src\hotspot\share\interpreter\linkResolver.cpp, line 773]
Event: 11.201 Thread 0x0000028de659b900 Exception <a 'java/lang/NoSuchMethodError'{0x00000000eb89f7b0}: 'int java.lang.invoke.DirectMethodHandle$Holder.invokeStaticInit(java.lang.Object, java.lang.Object, java.lang.Object)'> (0x00000000eb89f7b0) 
thrown [s\src\hotspot\share\interpreter\linkResolver.cpp, line 773]
Event: 11.351 Thread 0x0000028de659b900 Exception <a 'java/lang/IncompatibleClassChangeError'{0x00000000ebab4128}: Found class java.lang.Object, but interface was expected> (0x00000000ebab4128) 
thrown [s\src\hotspot\share\interpreter\linkResolver.cpp, line 840]
Event: 11.366 Thread 0x0000028de659b900 Exception <a 'java/lang/NoSuchMethodError'{0x00000000ebaca120}: 'java.lang.Object java.lang.invoke.DirectMethodHandle$Holder.invokeSpecial(java.lang.Object, java.lang.Object, java.lang.Object, int, java.lang.Object, java.lang.Object)'> (0x00000000ebaca120) 
thrown [s\src\hotspot\share\interpreter\linkResolver.cpp, line 773]
Event: 11.368 Thread 0x0000028de659b900 Exception <a 'java/lang/NoSuchMethodError'{0x00000000ebad5e60}: 'java.lang.Object java.lang.invoke.DirectMethodHandle$Holder.newInvokeSpecial(java.lang.Object, java.lang.Object, java.lang.Object, int, java.lang.Object)'> (0x00000000ebad5e60) 
thrown [s\src\hotspot\share\interpreter\linkResolver.cpp, line 773]
Event: 11.368 Thread 0x0000028de659b900 Exception <a 'java/lang/NoSuchMethodError'{0x00000000ebad9950}: 'java.lang.Object java.lang.invoke.Invokers$Holder.linkToTargetMethod(java.lang.Object, java.lang.Object, int, java.lang.Object, java.lang.Object)'> (0x00000000ebad9950) 
thrown [s\src\hotspot\share\interpreter\linkResolver.cpp, line 773]
Event: 11.373 Thread 0x0000028deb1ccd20 Exception <a 'java/lang/NoSuchMethodError'{0x00000000eb8a1178}: 'java.lang.Object java.lang.invoke.DirectMethodHandle$Holder.invokeSpecial(java.lang.Object, java.lang.Object, int, java.lang.Object, java.lang.Object)'> (0x00000000eb8a1178) 
thrown [s\src\hotspot\share\interpreter\linkResolver.cpp, line 773]
Event: 11.374 Thread 0x0000028deb1ccd20 Exception <a 'java/lang/NoSuchMethodError'{0x00000000eb8a7eb0}: 'java.lang.Object java.lang.invoke.DirectMethodHandle$Holder.newInvokeSpecial(java.lang.Object, java.lang.Object, int, java.lang.Object)'> (0x00000000eb8a7eb0) 
thrown [s\src\hotspot\share\interpreter\linkResolver.cpp, line 773]
Event: 11.413 Thread 0x0000028de659b900 Exception <a 'java/lang/NoSuchMethodError'{0x00000000ebbebc10}: 'void java.lang.invoke.DirectMethodHandle$Holder.invokeSpecial(java.lang.Object, java.lang.Object, java.lang.Object, java.lang.Object, java.lang.Object)'> (0x00000000ebbebc10) 
thrown [s\src\hotspot\share\interpreter\linkResolver.cpp, line 773]
Event: 11.524 Thread 0x0000028de659b900 Exception <a 'java/lang/NoSuchMethodError'{0x00000000ebde99a8}: 'double java.lang.invoke.DirectMethodHandle$Holder.invokeStatic(java.lang.Object, java.lang.Object)'> (0x00000000ebde99a8) 
thrown [s\src\hotspot\share\interpreter\linkResolver.cpp, line 773]
Event: 11.525 Thread 0x0000028de659b900 Exception <a 'java/lang/NoSuchMethodError'{0x00000000ebded068}: 'double java.lang.invoke.DirectMethodHandle$Holder.invokeStaticInit(java.lang.Object, java.lang.Object)'> (0x00000000ebded068) 
thrown [s\src\hotspot\share\interpreter\linkResolver.cpp, line 773]
Event: 13.427 Thread 0x0000028de659b900 Implicit null exception at 0x0000028d9aef8375 to 0x0000028d9aef8450

ZGC Phase Switch (0 events):
No events

VM Operations (20 events):
Event: 7.859 Executing VM operation: HandshakeAllThreads (Deoptimize)
Event: 7.859 Executing VM operation: HandshakeAllThreads (Deoptimize) done
Event: 8.377 Executing VM operation: HandshakeAllThreads (Deoptimize)
Event: 8.377 Executing VM operation: HandshakeAllThreads (Deoptimize) done
Event: 9.376 Executing VM operation: Cleanup
Event: 9.376 Executing VM operation: Cleanup done
Event: 9.399 Executing VM operation: HandshakeAllThreads (Deoptimize)
Event: 9.399 Executing VM operation: HandshakeAllThreads (Deoptimize) done
Event: 10.030 Executing VM operation: ParallelGCFailedAllocation (Allocation Failure)
Event: 10.046 Executing VM operation: ParallelGCFailedAllocation (Allocation Failure) done
Event: 10.940 Executing VM operation: HandshakeAllThreads (Deoptimize)
Event: 10.940 Executing VM operation: HandshakeAllThreads (Deoptimize) done
Event: 11.225 Executing VM operation: HandshakeAllThreads (Deoptimize)
Event: 11.225 Executing VM operation: HandshakeAllThreads (Deoptimize) done
Event: 11.225 Executing VM operation: Cleanup
Event: 11.225 Executing VM operation: Cleanup done
Event: 11.327 Executing VM operation: HandshakeAllThreads (Deoptimize)
Event: 11.327 Executing VM operation: HandshakeAllThreads (Deoptimize) done
Event: 11.716 Executing VM operation: ParallelGCFailedAllocation (Allocation Failure)
Event: 11.730 Executing VM operation: ParallelGCFailedAllocation (Allocation Failure) done

Memory protections (0 events):
No events

Nmethod flushes (0 events):
No events

Events (20 events):
Event: 2.158 Thread 0x0000028d9011deb0 Thread added: 0x0000028de649c970
Event: 2.483 Thread 0x0000028da44cf820 Thread added: 0x0000028de63fc780
Event: 2.994 Thread 0x0000028de63fc780 Thread exited: 0x0000028de63fc780
Event: 3.249 Thread 0x0000028da44650d0 Thread added: 0x0000028de66365b0
Event: 4.441 Thread 0x0000028de66365b0 Thread exited: 0x0000028de66365b0
Event: 6.117 Thread 0x0000028da44cf820 Thread added: 0x0000028de6864cd0
Event: 6.257 Thread 0x0000028de6864cd0 Thread exited: 0x0000028de6864cd0
Event: 6.429 Thread 0x0000028da44cf820 Thread added: 0x0000028de6a77bd0
Event: 6.713 Thread 0x0000028d9011deb0 Thread added: 0x0000028de6c24af0
Event: 7.036 Thread 0x0000028de6a77bd0 Thread exited: 0x0000028de6a77bd0
Event: 7.425 Thread 0x0000028d9011deb0 Thread added: 0x0000028de65d85d0
Event: 7.441 Thread 0x0000028d9011deb0 Thread added: 0x0000028de659b900
Event: 7.580 Thread 0x0000028de659b900 Thread added: 0x0000028de65c7dd0
Event: 8.252 Thread 0x0000028de659b900 Thread added: 0x0000028de685ccc0
Event: 8.797 Thread 0x0000028da44650d0 Thread added: 0x0000028de67d2f70
Event: 9.030 Thread 0x0000028de67d2f70 Thread exited: 0x0000028de67d2f70
Event: 9.480 Thread 0x0000028de659b900 Thread added: 0x0000028de6d4f3c0
Event: 11.019 Thread 0x0000028de659b900 Thread added: 0x0000028de6dae9f0
Event: 11.190 Thread 0x0000028de659b900 Thread added: 0x0000028deb1ccd20
Event: 11.376 Thread 0x0000028de659b900 Thread added: 0x0000028deb258bd0


Dynamic libraries:
0x00007ff7d55b0000 - 0x00007ff7d55be000 	c:\Users\palak\.vscode\extensions\redhat.java-1.40.0-win32-x64\jre\21.0.6-win32-x86_64\bin\java.exe
0x00007ffc51e00000 - 0x00007ffc52063000 	C:\WINDOWS\SYSTEM32\ntdll.dll
0x00007ffc50cb0000 - 0x00007ffc50d77000 	C:\WINDOWS\System32\KERNEL32.DLL
0x00007ffc4f200000 - 0x00007ffc4f5c9000 	C:\WINDOWS\System32\KERNELBASE.dll
0x00007ffc4fad0000 - 0x00007ffc4fc1c000 	C:\WINDOWS\System32\ucrtbase.dll
0x00007ffc378b0000 - 0x00007ffc378c8000 	c:\Users\palak\.vscode\extensions\redhat.java-1.40.0-win32-x64\jre\21.0.6-win32-x86_64\bin\jli.dll
0x00007ffc51630000 - 0x00007ffc517fa000 	C:\WINDOWS\System32\USER32.dll
0x00007ffc4f000000 - 0x00007ffc4f027000 	C:\WINDOWS\System32\win32u.dll
0x00007ffc512f0000 - 0x00007ffc5131a000 	C:\WINDOWS\System32\GDI32.dll
0x00007ffc4f030000 - 0x00007ffc4f161000 	C:\WINDOWS\System32\gdi32full.dll
0x00007ffc4f690000 - 0x00007ffc4f733000 	C:\WINDOWS\System32\msvcp_win.dll
0x00007ffc22720000 - 0x00007ffc2273e000 	c:\Users\palak\.vscode\extensions\redhat.java-1.40.0-win32-x64\jre\21.0.6-win32-x86_64\bin\VCRUNTIME140.dll
0x00007ffc2f9a0000 - 0x00007ffc2fc30000 	C:\WINDOWS\WinSxS\amd64_microsoft.windows.common-controls_6595b64144ccf1df_6.0.26100.3323_none_3e088096e3344490\COMCTL32.dll
0x00007ffc51c40000 - 0x00007ffc51ce9000 	C:\WINDOWS\System32\msvcrt.dll
0x00007ffc51d80000 - 0x00007ffc51daf000 	C:\WINDOWS\System32\IMM32.DLL
0x00007ffc24f00000 - 0x00007ffc24f0c000 	c:\Users\palak\.vscode\extensions\redhat.java-1.40.0-win32-x64\jre\21.0.6-win32-x86_64\bin\vcruntime140_1.dll
0x00007ffbf2550000 - 0x00007ffbf25dd000 	c:\Users\palak\.vscode\extensions\redhat.java-1.40.0-win32-x64\jre\21.0.6-win32-x86_64\bin\msvcp140.dll
0x00007ffbb44b0000 - 0x00007ffbb5240000 	c:\Users\palak\.vscode\extensions\redhat.java-1.40.0-win32-x64\jre\21.0.6-win32-x86_64\bin\server\jvm.dll
0x00007ffc51a20000 - 0x00007ffc51ad2000 	C:\WINDOWS\System32\ADVAPI32.dll
0x00007ffc513a0000 - 0x00007ffc51446000 	C:\WINDOWS\System32\sechost.dll
0x00007ffc4fc30000 - 0x00007ffc4fd46000 	C:\WINDOWS\System32\RPCRT4.dll
0x00007ffc50d80000 - 0x00007ffc50df4000 	C:\WINDOWS\System32\WS2_32.dll
0x00007ffc4ee90000 - 0x00007ffc4eede000 	C:\WINDOWS\SYSTEM32\POWRPROF.dll
0x00007ffc488d0000 - 0x00007ffc48906000 	C:\WINDOWS\SYSTEM32\WINMM.dll
0x00007ffc48910000 - 0x00007ffc4891b000 	C:\WINDOWS\SYSTEM32\VERSION.dll
0x00007ffc4ee70000 - 0x00007ffc4ee84000 	C:\WINDOWS\SYSTEM32\UMPDC.dll
0x00007ffc4de20000 - 0x00007ffc4de3a000 	C:\WINDOWS\SYSTEM32\kernel.appcore.dll
0x00007ffc249b0000 - 0x00007ffc249ba000 	c:\Users\palak\.vscode\extensions\redhat.java-1.40.0-win32-x64\jre\21.0.6-win32-x86_64\bin\jimage.dll
0x00007ffc3fc90000 - 0x00007ffc3fed1000 	C:\WINDOWS\SYSTEM32\DBGHELP.DLL
0x00007ffc50f60000 - 0x00007ffc512e2000 	C:\WINDOWS\System32\combase.dll
0x00007ffc4ffb0000 - 0x00007ffc50086000 	C:\WINDOWS\System32\OLEAUT32.dll
0x00007ffc32990000 - 0x00007ffc329c9000 	C:\WINDOWS\SYSTEM32\dbgcore.DLL
0x00007ffc4f8c0000 - 0x00007ffc4f959000 	C:\WINDOWS\System32\bcryptPrimitives.dll
0x00007ffc22710000 - 0x00007ffc2271f000 	c:\Users\palak\.vscode\extensions\redhat.java-1.40.0-win32-x64\jre\21.0.6-win32-x86_64\bin\instrument.dll
0x00007ffc1e990000 - 0x00007ffc1e9af000 	c:\Users\palak\.vscode\extensions\redhat.java-1.40.0-win32-x64\jre\21.0.6-win32-x86_64\bin\java.dll
0x00007ffc500e0000 - 0x00007ffc507f5000 	C:\WINDOWS\System32\SHELL32.dll
0x00007ffc4f960000 - 0x00007ffc4fac8000 	C:\WINDOWS\System32\wintypes.dll
0x00007ffc4cce0000 - 0x00007ffc4d525000 	C:\WINDOWS\SYSTEM32\windows.storage.dll
0x00007ffc51800000 - 0x00007ffc518eb000 	C:\WINDOWS\System32\SHCORE.dll
0x00007ffc51be0000 - 0x00007ffc51c3d000 	C:\WINDOWS\System32\shlwapi.dll
0x00007ffc4ef10000 - 0x00007ffc4ef3f000 	C:\WINDOWS\SYSTEM32\profapi.dll
0x00007ffc1e780000 - 0x00007ffc1e798000 	c:\Users\palak\.vscode\extensions\redhat.java-1.40.0-win32-x64\jre\21.0.6-win32-x86_64\bin\zip.dll
0x00007ffc21250000 - 0x00007ffc21260000 	C:\Users\palak\.vscode\extensions\redhat.java-1.40.0-win32-x64\jre\21.0.6-win32-x86_64\bin\net.dll
0x00007ffc43890000 - 0x00007ffc439ae000 	C:\WINDOWS\SYSTEM32\WINHTTP.dll
0x00007ffc4e340000 - 0x00007ffc4e3aa000 	C:\WINDOWS\system32\mswsock.dll
0x00007ffc1e760000 - 0x00007ffc1e776000 	C:\Users\palak\.vscode\extensions\redhat.java-1.40.0-win32-x64\jre\21.0.6-win32-x86_64\bin\nio.dll
0x00007ffc1fbd0000 - 0x00007ffc1fbe0000 	c:\Users\palak\.vscode\extensions\redhat.java-1.40.0-win32-x64\jre\21.0.6-win32-x86_64\bin\verify.dll
0x00007ffc0bd40000 - 0x00007ffc0bd85000 	C:\Users\palak\AppData\Roaming\Code\User\globalStorage\redhat.java\1.40.0\config_ss_win\org.eclipse.equinox.launcher\org.eclipse.equinox.launcher.win32.win32.x86_64_1.2.1200.v20250212-0927\eclipse_11909.dll
0x00007ffc51490000 - 0x00007ffc51625000 	C:\WINDOWS\System32\ole32.dll
0x00007ffc4e5e0000 - 0x00007ffc4e5fc000 	C:\WINDOWS\SYSTEM32\CRYPTSP.dll
0x00007ffc4dd80000 - 0x00007ffc4ddba000 	C:\WINDOWS\system32\rsaenh.dll
0x00007ffc4e3e0000 - 0x00007ffc4e40b000 	C:\WINDOWS\SYSTEM32\USERENV.dll
0x00007ffc4e820000 - 0x00007ffc4e846000 	C:\WINDOWS\SYSTEM32\bcrypt.dll
0x00007ffc4e600000 - 0x00007ffc4e60c000 	C:\WINDOWS\SYSTEM32\CRYPTBASE.dll
0x00007ffc4d820000 - 0x00007ffc4d853000 	C:\WINDOWS\SYSTEM32\IPHLPAPI.DLL
0x00007ffc50800000 - 0x00007ffc5080a000 	C:\WINDOWS\System32\NSI.dll
0x00007ffbf2500000 - 0x00007ffbf2549000 	C:\Users\palak\AppData\Local\Temp\jna-106430981\jna812747905428857623.dll
0x00007ffc4fc20000 - 0x00007ffc4fc28000 	C:\WINDOWS\System32\PSAPI.DLL

dbghelp: loaded successfully - version: 4.0.5 - missing functions: none
symbol engine: initialized successfully - sym options: 0x614 - pdb path: .;c:\Users\palak\.vscode\extensions\redhat.java-1.40.0-win32-x64\jre\21.0.6-win32-x86_64\bin;C:\WINDOWS\SYSTEM32;C:\WINDOWS\WinSxS\amd64_microsoft.windows.common-controls_6595b64144ccf1df_6.0.26100.3323_none_3e088096e3344490;c:\Users\palak\.vscode\extensions\redhat.java-1.40.0-win32-x64\jre\21.0.6-win32-x86_64\bin\server;C:\Users\palak\AppData\Roaming\Code\User\globalStorage\redhat.java\1.40.0\config_ss_win\org.eclipse.equinox.launcher\org.eclipse.equinox.launcher.win32.win32.x86_64_1.2.1200.v20250212-0927;C:\Users\palak\AppData\Local\Temp\jna-106430981

VM Arguments:
jvm_args: --add-modules=ALL-SYSTEM --add-opens=java.base/java.util=ALL-UNNAMED --add-opens=java.base/java.lang=ALL-UNNAMED --add-opens=java.base/sun.nio.fs=ALL-UNNAMED -Declipse.application=org.eclipse.jdt.ls.core.id1 -Dosgi.bundles.defaultStartLevel=4 -Declipse.product=org.eclipse.jdt.ls.core.product -Djava.import.generatesMetadataFilesAtProjectRoot=false -DDetectVMInstallationsJob.disabled=true -Dfile.encoding=utf8 -XX:+UseParallelGC -XX:GCTimeRatio=4 -XX:AdaptiveSizePolicyWeight=90 -Dsun.zip.disableMemoryMapping=true -Xmx1G -Xms100m -Xlog:disable -javaagent:c:\Users\palak\.vscode\extensions\redhat.java-1.40.0-win32-x64\lombok\lombok-1.18.36.jar 
java_command: c:\Users\palak\.vscode\extensions\redhat.java-1.40.0-win32-x64\server\plugins\org.eclipse.equinox.launcher_1.6.1000.v20250131-0606.jar -configuration c:\Users\palak\AppData\Roaming\Code\User\globalStorage\redhat.java\1.40.0\config_ss_win -data c:\Users\palak\AppData\Roaming\Code\User\workspaceStorage\632f04cdbe9e26a6a5769c745b0508de\redhat.java\ss_ws --pipe=\\.\pipe\lsp-7727c8ebdaee556e463060da2ea8253a-sock
java_class_path (initial): c:\Users\palak\.vscode\extensions\redhat.java-1.40.0-win32-x64\server\plugins\org.eclipse.equinox.launcher_1.6.1000.v20250131-0606.jar
Launcher Type: SUN_STANDARD

[Global flags]
    uintx AdaptiveSizePolicyWeight                 = 90                                        {product} {command line}
     intx CICompilerCount                          = 3                                         {product} {ergonomic}
    uintx GCTimeRatio                              = 4                                         {product} {command line}
   size_t InitialHeapSize                          = 104857600                                 {product} {command line}
   size_t MaxHeapSize                              = 1073741824                                {product} {command line}
   size_t MaxNewSize                               = 357564416                                 {product} {ergonomic}
   size_t MinHeapDeltaBytes                        = 524288                                    {product} {ergonomic}
   size_t MinHeapSize                              = 104857600                                 {product} {command line}
   size_t NewSize                                  = 34603008                                  {product} {ergonomic}
    uintx NonNMethodCodeHeapSize                   = 5832780                                {pd product} {ergonomic}
    uintx NonProfiledCodeHeapSize                  = 122912730                              {pd product} {ergonomic}
   size_t OldSize                                  = 70254592                                  {product} {ergonomic}
    uintx ProfiledCodeHeapSize                     = 122912730                              {pd product} {ergonomic}
    uintx ReservedCodeCacheSize                    = 251658240                              {pd product} {ergonomic}
     bool SegmentedCodeCache                       = true                                      {product} {ergonomic}
   size_t SoftMaxHeapSize                          = 1073741824                             {manageable} {ergonomic}
     bool UseCompressedOops                        = true                           {product lp64_product} {ergonomic}
     bool UseLargePagesIndividualAllocation        = false                                  {pd product} {ergonomic}
     bool UseParallelGC                            = true                                      {product} {command line}

Logging:
Log output configuration:
 #0: stdout all=off uptime,level,tags foldmultilines=false
 #1: stderr all=off uptime,level,tags foldmultilines=false

Environment Variables:
JAVA_HOME=C:\Users\palak\Downloads\java-21-openjdk-21.0.1.0.12-3.win.jdk.x86_64\java-21-openjdk-21.0.1.0.12-3.win.jdk.x86_64
PATH=C:\Program Files (x86)\Common Files\Oracle\Java\java8path;C:\Program Files (x86)\Common Files\Oracle\Java\javapath;C:\WINDOWS\system32;C:\WINDOWS;C:\WINDOWS\System32\Wbem;C:\WINDOWS\System32\WindowsPowerShell\v1.0\;C:\WINDOWS\System32\OpenSSH\;C:\Users\palak\Downloads\java-21-openjdk-21.0.1.0.12-3.win.jdk.x86_64\java-21-openjdk-21.0.1.0.12-3.win.jdk.x86_64\bin;C:\Users\palak\Downloads\apache-maven-3.9.8-bin\bin;c:\users\palak\appdata\local\packages\pythonsoftwarefoundation.python.3.11_qbz5n2kfra8p0\localcache\local-packages\python311\site-packages;C:\ProgramData\chocolatey\bin;C:\Program Files\nodejs\;C:\Users\palak\AppData\Local\Programs\Python\Python312\Scripts;C:\Program Files\Git\cmd;C:\Users\palak\Downloads\flutter_windows_3.27.3-stable\flutter\bin;C:\Users\palak\AppData\Local\Android\Sdk\cmdline-tools\latest\bin;C:\Users\palak\AppData\Local\Android\Sdk\platform-tools;C:\ffmpeg;C:\Program Files\MongoDB\Server\8.0\bin;C:\Users\palak\AppData\Local\Programs\Python\Python313\Scripts\;C:\Users\palak\AppData\Local\Programs\Python\Python313\;C:\Users\palak\AppData\Local\Programs\Python\Python312\Scripts\;C:\Users\palak\AppData\Local\Programs\Python\Python312\;C:\Users\palak\AppData\Local\Programs\Python\Launcher\;C:\Program Files\MySQL\MySQL Shell 8.0\bin\;C:\Users\palak\AppData\Local\Microsoft\WindowsApps;C:\Users\palak\AppData\Local\Programs\Microsoft VS Code\bin;C:\Program Files\JetBrains\IntelliJ IDEA Community Edition 2023.3.3\bin;C:\Users\palak\AppData\Local\JetBrains\CLion 2023.3.4\bin;C:\Program Files\JetBrains\PyCharm 2024.1.2\bin;C:\Program Files\JetBrains\PyCharm Community Edition 2024.1.4\bin;C:\Users\palak\AppData\Local\JetBrains\Toolbox\scripts;C:\Users\palak\AppData\Roaming\npm;C:\Users\palak\AppData\Local\GitHubDesktop\bin;C:\Users\palak\AppData\Local\Microsoft\WindowsApps;
USERNAME=palak
OS=Windows_NT
PROCESSOR_IDENTIFIER=AMD64 Family 23 Model 24 Stepping 1, AuthenticAMD
TMP=C:\Users\palak\AppData\Local\Temp
TEMP=C:\Users\palak\AppData\Local\Temp




Periodic native trim disabled

---------------  S Y S T E M  ---------------

OS:
 Windows 11 , 64 bit Build 26100 (10.0.26100.3323)
OS uptime: 0 days 23:59 hours

CPU: total 4 (initial active 4) (4 cores per cpu, 2 threads per core) family 23 model 24 stepping 1 microcode 0x8108109, cx8, cmov, fxsr, ht, mmx, 3dnowpref, sse, sse2, sse3, ssse3, sse4a, sse4.1, sse4.2, popcnt, lzcnt, tsc, tscinvbit, avx, avx2, aes, clmul, bmi1, bmi2, adx, sha, fma, vzeroupper, clflush, clflushopt, rdtscp, f16c
Processor Information for the first 4 processors :
  Max Mhz: 2600, Current Mhz: 2600, Mhz Limit: 2600

Memory: 4k page, system-wide physical 6086M (476M free)
TotalPageFile size 14278M (AvailPageFile size 0M)
current process WorkingSet (physical memory assigned to process): 132M, peak: 132M
current process commit charge ("private bytes"): 225M, peak: 225M

vm_info: OpenJDK 64-Bit Server VM (21.0.6+7-LTS) for windows-amd64 JRE (21.0.6+7-LTS), built on 2025-01-21T00:00:00Z by "admin" with MS VC++ 17.7 (VS2022)

END.
