#
# There is insufficient memory for the Java Runtime Environment to continue.
# Native memory allocation (malloc) failed to allocate 1715840 bytes. Error detail: Chunk::new
# Possible reasons:
#   The system is out of physical RAM or swap space
#   This process is running with CompressedOops enabled, and the Java Heap may be blocking the growth of the native heap
# Possible solutions:
#   Reduce memory load on the system
#   Increase physical memory or swap space
#   Check if swap backing store is full
#   Decrease Java heap size (-Xmx/-Xms)
#   Decrease number of Java threads
#   Decrease Java thread stack sizes (-Xss)
#   Set larger code cache with -XX:ReservedCodeCacheSize=
#   JVM is running with Unscaled Compressed Oops mode in which the Java heap is
#     placed in the first 4GB address space. The Java Heap base address is the
#     maximum limit for the native heap growth. Please use -XX:HeapBaseMinAddress
#     to set the Java Heap base and to place the Java Heap above 4GB virtual address.
# This output file may be truncated or incomplete.
#
#  Out of Memory Error (arena.cpp:168), pid=19920, tid=8144
#
# JRE version: OpenJDK Runtime Environment Temurin-21.0.6+7 (21.0.6+7) (build 21.0.6+7-LTS)
# Java VM: OpenJDK 64-Bit Server VM Temurin-21.0.6+7 (21.0.6+7-LTS, mixed mode, sharing, tiered, compressed oops, compressed class ptrs, parallel gc, windows-amd64)
# No core dump will be written. Minidumps are not enabled by default on client versions of Windows
#

---------------  S U M M A R Y ------------

Command Line: --add-modules=ALL-SYSTEM --add-opens=java.base/java.util=ALL-UNNAMED --add-opens=java.base/java.lang=ALL-UNNAMED --add-opens=java.base/sun.nio.fs=ALL-UNNAMED -Declipse.application=org.eclipse.jdt.ls.core.id1 -Dosgi.bundles.defaultStartLevel=4 -Declipse.product=org.eclipse.jdt.ls.core.product -Djava.import.generatesMetadataFilesAtProjectRoot=false -DDetectVMInstallationsJob.disabled=true -Dfile.encoding=utf8 -XX:+UseParallelGC -XX:GCTimeRatio=4 -XX:AdaptiveSizePolicyWeight=90 -Dsun.zip.disableMemoryMapping=true -Xmx1G -Xms100m -Xlog:disable -javaagent:c:\Users\palak\.vscode\extensions\redhat.java-1.40.0-win32-x64\lombok\lombok-1.18.36.jar -XX:+HeapDumpOnOutOfMemoryError -XX:HeapDumpPath=c:\Users\palak\AppData\Roaming\Code\User\workspaceStorage\632f04cdbe9e26a6a5769c745b0508de\redhat.java -Daether.dependencyCollector.impl=bf c:\Users\palak\.vscode\extensions\redhat.java-1.40.0-win32-x64\server\plugins\org.eclipse.equinox.launcher_1.6.1000.v20250131-0606.jar -configuration c:\Users\palak\AppData\Roaming\Code\User\globalStorage\redhat.java\1.40.0\config_win -data c:\Users\palak\AppData\Roaming\Code\User\workspaceStorage\632f04cdbe9e26a6a5769c745b0508de\redhat.java\jdt_ws --pipe=\\.\pipe\lsp-edd4676a00426dea279edf91315794d9-sock

Host: AMD Ryzen 3 3250U with Radeon Graphics         , 4 cores, 5G,  Windows 11 , 64 bit Build 26100 (10.0.26100.3323)
Time: Tue Mar 18 19:30:57 2025 India Standard Time elapsed time: 71.397205 seconds (0d 0h 1m 11s)

---------------  T H R E A D  ---------------

Current thread (0x000001a6b24d68e0):  JavaThread "C2 CompilerThread0" daemon [_thread_in_native, id=8144, stack(0x0000001857f00000,0x0000001858000000) (1024K)]


Current CompileTask:
C2:71397 12535   !   4       org.eclipse.jdt.internal.core.search.indexing.BinaryIndexer::indexDocument (1204 bytes)

Stack: [0x0000001857f00000,0x0000001858000000]
Native frames: (J=compiled Java code, j=interpreted, Vv=VM code, C=native code)
V  [jvm.dll+0x6cdee9]
V  [jvm.dll+0x8a83d1]
V  [jvm.dll+0x8aa8fe]
V  [jvm.dll+0x8aafe3]
V  [jvm.dll+0x27f706]
V  [jvm.dll+0xc500d]
V  [jvm.dll+0xc5543]
V  [jvm.dll+0x3b678c]
V  [jvm.dll+0x1dfe13]
V  [jvm.dll+0x247b42]
V  [jvm.dll+0x246fcf]
V  [jvm.dll+0x1c75ee]
V  [jvm.dll+0x25685a]
V  [jvm.dll+0x254dfa]
V  [jvm.dll+0x3f0256]
V  [jvm.dll+0x851f8b]
V  [jvm.dll+0x6cc5ed]
C  [ucrtbase.dll+0x37b0]
C  [KERNEL32.DLL+0x2e8d7]
C  [ntdll.dll+0xbbf6c]


---------------  P R O C E S S  ---------------

Threads class SMR info:
_java_thread_list=0x000001a6fba25cc0, length=48, elements={
0x000001a69c0047e0, 0x000001a69c1dca40, 0x000001a6b24bff70, 0x000001a6b24c3ad0,
0x000001a6b24c4720, 0x000001a6b24c6a00, 0x000001a6b24cdff0, 0x000001a6b24d68e0,
0x000001a6b2539040, 0x000001a69c191230, 0x000001a6f45b2a30, 0x000001a6f49f4540,
0x000001a6f4ccb0b0, 0x000001a6f4ce4960, 0x000001a6f4ce4fc0, 0x000001a6f48d92a0,
0x000001a6f4d49fb0, 0x000001a6f47541d0, 0x000001a6f47534b0, 0x000001a6f4754ef0,
0x000001a6f4755580, 0x000001a6f4752100, 0x000001a6f4752790, 0x000001a6f4752e20,
0x000001a6fcd929d0, 0x000001a6fcd957c0, 0x000001a6fcd93060, 0x000001a6fcd94410,
0x000001a6fcd936f0, 0x000001a6fcd95e50, 0x000001a6fcd94aa0, 0x000001a6fcd93d80,
0x000001a6fcd95130, 0x000001a6f4753b40, 0x000001a6fc3433c0, 0x000001a6fc341980,
0x000001a6fc3405d0, 0x000001a6fc342d30, 0x000001a6fc3426a0, 0x000001a6fc33ff40,
0x000001a6fc340c60, 0x000001a6fc343a50, 0x000001a6fc3440e0, 0x000001a6fc344770,
0x000001a6fc3412f0, 0x000001a6fc344e00, 0x000001a6fc345490, 0x000001a6fd12f760
}

Java Threads: ( => current thread )
  0x000001a69c0047e0 JavaThread "main"                              [_thread_blocked, id=8748, stack(0x0000001857500000,0x0000001857600000) (1024K)]
  0x000001a69c1dca40 JavaThread "Reference Handler"          daemon [_thread_blocked, id=20296, stack(0x0000001857900000,0x0000001857a00000) (1024K)]
  0x000001a6b24bff70 JavaThread "Finalizer"                  daemon [_thread_blocked, id=15008, stack(0x0000001857a00000,0x0000001857b00000) (1024K)]
  0x000001a6b24c3ad0 JavaThread "Signal Dispatcher"          daemon [_thread_blocked, id=20192, stack(0x0000001857b00000,0x0000001857c00000) (1024K)]
  0x000001a6b24c4720 JavaThread "Attach Listener"            daemon [_thread_blocked, id=13028, stack(0x0000001857c00000,0x0000001857d00000) (1024K)]
  0x000001a6b24c6a00 JavaThread "Service Thread"             daemon [_thread_blocked, id=18244, stack(0x0000001857d00000,0x0000001857e00000) (1024K)]
  0x000001a6b24cdff0 JavaThread "Monitor Deflation Thread"   daemon [_thread_blocked, id=13292, stack(0x0000001857e00000,0x0000001857f00000) (1024K)]
=>0x000001a6b24d68e0 JavaThread "C2 CompilerThread0"         daemon [_thread_in_native, id=8144, stack(0x0000001857f00000,0x0000001858000000) (1024K)]
  0x000001a6b2539040 JavaThread "C1 CompilerThread0"         daemon [_thread_blocked, id=8288, stack(0x0000001858000000,0x0000001858100000) (1024K)]
  0x000001a69c191230 JavaThread "Common-Cleaner"             daemon [_thread_blocked, id=15704, stack(0x0000001858100000,0x0000001858200000) (1024K)]
  0x000001a6f45b2a30 JavaThread "Notification Thread"        daemon [_thread_blocked, id=8660, stack(0x0000001858200000,0x0000001858300000) (1024K)]
  0x000001a6f49f4540 JavaThread "Active Thread: Equinox Container: b2a583d8-926c-4b94-b78a-51ed9c42a18c"        [_thread_blocked, id=7248, stack(0x0000001858300000,0x0000001858400000) (1024K)]
  0x000001a6f4ccb0b0 JavaThread "Refresh Thread: Equinox Container: b2a583d8-926c-4b94-b78a-51ed9c42a18c" daemon [_thread_blocked, id=11800, stack(0x0000001858700000,0x0000001858800000) (1024K)]
  0x000001a6f4ce4960 JavaThread "Framework Event Dispatcher: Equinox Container: b2a583d8-926c-4b94-b78a-51ed9c42a18c" daemon [_thread_blocked, id=20332, stack(0x0000001858800000,0x0000001858900000) (1024K)]
  0x000001a6f4ce4fc0 JavaThread "Start Level: Equinox Container: b2a583d8-926c-4b94-b78a-51ed9c42a18c" daemon [_thread_blocked, id=5660, stack(0x0000001858900000,0x0000001858a00000) (1024K)]
  0x000001a6f48d92a0 JavaThread "Bundle File Closer"         daemon [_thread_blocked, id=9256, stack(0x0000001858a00000,0x0000001858b00000) (1024K)]
  0x000001a6f4d49fb0 JavaThread "SCR Component Actor"        daemon [_thread_blocked, id=3824, stack(0x0000001858b00000,0x0000001858c00000) (1024K)]
  0x000001a6f47541d0 JavaThread "Worker-JM"                         [_thread_blocked, id=2892, stack(0x0000001858d00000,0x0000001858e00000) (1024K)]
  0x000001a6f47534b0 JavaThread "JNA Cleaner"                daemon [_thread_blocked, id=6740, stack(0x0000001858e00000,0x0000001858f00000) (1024K)]
  0x000001a6f4754ef0 JavaThread "Worker-0"                          [_thread_blocked, id=3600, stack(0x0000001858f00000,0x0000001859000000) (1024K)]
  0x000001a6f4755580 JavaThread "Worker-1"                          [_thread_blocked, id=15860, stack(0x0000001859000000,0x0000001859100000) (1024K)]
  0x000001a6f4752100 JavaThread "Worker-2"                          [_thread_blocked, id=19148, stack(0x0000001859100000,0x0000001859200000) (1024K)]
  0x000001a6f4752790 JavaThread "Java indexing"              daemon [_thread_in_Java, id=6276, stack(0x0000001859300000,0x0000001859400000) (1024K)]
  0x000001a6f4752e20 JavaThread "Worker-3"                          [_thread_blocked, id=13880, stack(0x0000001859600000,0x0000001859700000) (1024K)]
  0x000001a6fcd929d0 JavaThread "Worker-4: Java indexing... "        [_thread_blocked, id=13796, stack(0x0000001859700000,0x0000001859800000) (1024K)]
  0x000001a6fcd957c0 JavaThread "Thread-2"                   daemon [_thread_in_native, id=3880, stack(0x0000001859800000,0x0000001859900000) (1024K)]
  0x000001a6fcd93060 JavaThread "Thread-3"                   daemon [_thread_in_native, id=6412, stack(0x0000001859900000,0x0000001859a00000) (1024K)]
  0x000001a6fcd94410 JavaThread "Thread-4"                   daemon [_thread_in_native, id=7104, stack(0x0000001859a00000,0x0000001859b00000) (1024K)]
  0x000001a6fcd936f0 JavaThread "Thread-5"                   daemon [_thread_in_native, id=11616, stack(0x0000001858c00000,0x0000001858d00000) (1024K)]
  0x000001a6fcd95e50 JavaThread "Thread-6"                   daemon [_thread_in_native, id=15328, stack(0x0000001859b00000,0x0000001859c00000) (1024K)]
  0x000001a6fcd94aa0 JavaThread "pool-2-thread-1"                   [_thread_blocked, id=19028, stack(0x0000001859c00000,0x0000001859d00000) (1024K)]
  0x000001a6fcd93d80 JavaThread "Worker-5: Initialize workspace"        [_thread_in_Java, id=21236, stack(0x0000001859d00000,0x0000001859e00000) (1024K)]
  0x000001a6fcd95130 JavaThread "WorkspaceEventsHandler"            [_thread_blocked, id=15340, stack(0x0000001859f00000,0x000000185a000000) (1024K)]
  0x000001a6f4753b40 JavaThread "pool-1-thread-1"                   [_thread_blocked, id=9804, stack(0x000000185a000000,0x000000185a100000) (1024K)]
  0x000001a6fc3433c0 JavaThread "LocalFile Deleter"          daemon [_thread_blocked, id=20732, stack(0x0000001859200000,0x0000001859300000) (1024K)]
  0x000001a6fc341980 JavaThread "LocalFile Deleter"          daemon [_thread_blocked, id=12004, stack(0x000000185a200000,0x000000185a300000) (1024K)]
  0x000001a6fc3405d0 JavaThread "LocalFile Deleter"          daemon [_thread_blocked, id=9604, stack(0x000000185a300000,0x000000185a400000) (1024K)]
  0x000001a6fc342d30 JavaThread "LocalFile Deleter"          daemon [_thread_blocked, id=7896, stack(0x000000185a400000,0x000000185a500000) (1024K)]
  0x000001a6fc3426a0 JavaThread "Compiler Source File Reader" daemon [_thread_blocked, id=17052, stack(0x000000185a500000,0x000000185a600000) (1024K)]
  0x000001a6fc33ff40 JavaThread "Compiler Source File Reader" daemon [_thread_blocked, id=18260, stack(0x000000185a600000,0x000000185a700000) (1024K)]
  0x000001a6fc340c60 JavaThread "Compiler Processing Task"   daemon [_thread_blocked, id=17528, stack(0x000000185a700000,0x000000185a800000) (1024K)]
  0x000001a6fc343a50 JavaThread "Compiler Class File Writer" daemon [_thread_blocked, id=10636, stack(0x000000185a800000,0x000000185a900000) (1024K)]
  0x000001a6fc3440e0 JavaThread "Compiler Class File Writer" daemon [_thread_blocked, id=11580, stack(0x000000185a900000,0x000000185aa00000) (1024K)]
  0x000001a6fc344770 JavaThread "ForkJoinPool.commonPool-worker-1" daemon [_thread_blocked, id=6560, stack(0x0000001857300000,0x0000001857400000) (1024K)]
  0x000001a6fc3412f0 JavaThread "ForkJoinPool.commonPool-worker-2" daemon [_thread_blocked, id=10204, stack(0x000000185a100000,0x000000185a200000) (1024K)]
  0x000001a6fc344e00 JavaThread "ForkJoinPool.commonPool-worker-3" daemon [_thread_blocked, id=6756, stack(0x000000185aa00000,0x000000185ab00000) (1024K)]
  0x000001a6fc345490 JavaThread "SCR Component Registry"     daemon [_thread_blocked, id=8076, stack(0x0000001857400000,0x0000001857500000) (1024K)]
  0x000001a6fd12f760 JavaThread "C2 CompilerThread1"         daemon [_thread_in_native, id=8404, stack(0x000000185ab00000,0x000000185ac00000) (1024K)]
Total: 48

Other Threads:
  0x000001a69c1c1a80 VMThread "VM Thread"                           [id=19524, stack(0x0000001857800000,0x0000001857900000) (1024K)]
  0x000001a6b245ca10 WatcherThread "VM Periodic Task Thread"        [id=20348, stack(0x0000001857700000,0x0000001857800000) (1024K)]
  0x000001a69c140380 WorkerThread "GC Thread#0"                     [id=19224, stack(0x0000001857600000,0x0000001857700000) (1024K)]
  0x000001a6f4c30860 WorkerThread "GC Thread#1"                     [id=13700, stack(0x0000001858400000,0x0000001858500000) (1024K)]
  0x000001a6f4c38c70 WorkerThread "GC Thread#2"                     [id=11300, stack(0x0000001858500000,0x0000001858600000) (1024K)]
  0x000001a6f4c39010 WorkerThread "GC Thread#3"                     [id=8432, stack(0x0000001858600000,0x0000001858700000) (1024K)]
Total: 6

Threads with active compile tasks:
C2 CompilerThread0  71454 12535   !   4       org.eclipse.jdt.internal.core.search.indexing.BinaryIndexer::indexDocument (1204 bytes)
C2 CompilerThread1  71454 12558   !   4       org.eclipse.jdt.internal.compiler.classfmt.ClassFileReader::<init> (2135 bytes)
Total: 2

VM state: not at safepoint (normal execution)

VM Mutex/Monitor currently owned by a thread: None

Heap address: 0x00000000c0000000, size: 1024 MB, Compressed Oops mode: 32-bit

CDS archive(s) mapped at: [0x000001a6b3000000-0x000001a6b3ba0000-0x000001a6b3ba0000), size 12189696, SharedBaseAddress: 0x000001a6b3000000, ArchiveRelocationMode: 1.
Compressed class space mapped at: 0x000001a6b4000000-0x000001a6f4000000, reserved size: 1073741824
Narrow klass base: 0x000001a6b3000000, Narrow klass shift: 0, Narrow klass range: 0x100000000

GC Precious Log:
 CardTable entry size: 512
 CPUs: 4 total, 4 available
 Memory: 6086M
 Large Page Support: Disabled
 NUMA Support: Disabled
 Compressed Oops: Enabled (32-bit)
 Alignments: Space 512K, Generation 512K, Heap 2M
 Heap Min Capacity: 100M
 Heap Initial Capacity: 100M
 Heap Max Capacity: 1G
 Pre-touch: Disabled
 Parallel Workers: 4

Heap:
 PSYoungGen      total 11776K, used 8487K [0x00000000eab00000, 0x00000000eb880000, 0x0000000100000000)
  eden space 9728K, 68% used [0x00000000eab00000,0x00000000eb18a2b8,0x00000000eb480000)
  from space 2048K, 87% used [0x00000000eb680000,0x00000000eb83fbf8,0x00000000eb880000)
  to   space 2048K, 0% used [0x00000000eb480000,0x00000000eb480000,0x00000000eb680000)
 ParOldGen       total 92160K, used 91669K [0x00000000c0000000, 0x00000000c5a00000, 0x00000000eab00000)
  object space 92160K, 99% used [0x00000000c0000000,0x00000000c5985658,0x00000000c5a00000)
 Metaspace       used 71096K, committed 72640K, reserved 1179648K
  class space    used 7370K, committed 8000K, reserved 1048576K

Card table byte_map: [0x000001a6afdf0000,0x000001a6b0000000] _byte_map_base: 0x000001a6af7f0000

Marking Bits: (ParMarkBitMap*) 0x00007ffbb5163260
 Begin Bits: [0x000001a6b0160000, 0x000001a6b1160000)
 End Bits:   [0x000001a6b1160000, 0x000001a6b2160000)

Polling page: 0x000001a69c1f0000

Metaspace:

Usage:
  Non-class:     62.23 MB used.
      Class:      7.20 MB used.
       Both:     69.43 MB used.

Virtual space:
  Non-class space:      128.00 MB reserved,      63.12 MB ( 49%) committed,  2 nodes.
      Class space:        1.00 GB reserved,       7.81 MB ( <1%) committed,  1 nodes.
             Both:        1.12 GB reserved,      70.94 MB (  6%) committed. 

Chunk freelists:
   Non-Class:  15.97 MB
       Class:  8.20 MB
        Both:  24.17 MB

MaxMetaspaceSize: unlimited
CompressedClassSpaceSize: 1.00 GB
Initial GC threshold: 21.00 MB
Current GC threshold: 97.31 MB
CDS: on
 - commit_granule_bytes: 65536.
 - commit_granule_words: 8192.
 - virtual_space_node_default_size: 8388608.
 - enlarge_chunks_in_place: 1.
 - use_allocation_guard: 0.


Internal statistics:

num_allocs_failed_limit: 11.
num_arena_births: 1260.
num_arena_deaths: 14.
num_vsnodes_births: 3.
num_vsnodes_deaths: 0.
num_space_committed: 1135.
num_space_uncommitted: 0.
num_chunks_returned_to_freelist: 25.
num_chunks_taken_from_freelist: 4519.
num_chunk_merges: 17.
num_chunk_splits: 2726.
num_chunks_enlarged: 1471.
num_inconsistent_stats: 0.

CodeHeap 'non-profiled nmethods': size=120000Kb used=9001Kb max_used=9001Kb free=110999Kb
 bounds [0x000001a6a86e0000, 0x000001a6a8fb0000, 0x000001a6afc10000]
CodeHeap 'profiled nmethods': size=120000Kb used=26417Kb max_used=26417Kb free=93582Kb
 bounds [0x000001a6a0c10000, 0x000001a6a25e0000, 0x000001a6a8140000]
CodeHeap 'non-nmethods': size=5760Kb used=1484Kb max_used=1590Kb free=4275Kb
 bounds [0x000001a6a8140000, 0x000001a6a83b0000, 0x000001a6a86e0000]
 total_blobs=12509 nmethods=11705 adapters=709
 compilation: enabled
              stopped_count=0, restarted_count=0
 full_count=0

Compilation events (20 events):
Event: 71.110 Thread 0x000001a6fd12f760 12550       4       jdk.internal.jrtfs.JrtFileSystemProvider::readAttributes (25 bytes)
Event: 71.162 Thread 0x000001a6fd12f760 nmethod 12550 0x000001a6a8fa6290 code [0x000001a6a8fa6560, 0x000001a6a8fa7610]
Event: 71.162 Thread 0x000001a6fd12f760 12551       4       jdk.internal.jrtfs.JrtFileSystem::getFileAttributes (42 bytes)
Event: 71.182 Thread 0x000001a6b2539040 12553       3       java.lang.invoke.DelegatingMethodHandle$Holder::delegate (25 bytes)
Event: 71.182 Thread 0x000001a6b2539040 nmethod 12553 0x000001a6a25d0d10 code [0x000001a6a25d0ee0, 0x000001a6a25d1470]
Event: 71.197 Thread 0x000001a6b2539040 12554   !   3       java.lang.invoke.StringConcatFactory::makeConcatWithConstants (258 bytes)
Event: 71.200 Thread 0x000001a6b2539040 nmethod 12554 0x000001a6a25d1590 code [0x000001a6a25d1b00, 0x000001a6a25d3f40]
Event: 71.209 Thread 0x000001a6fd12f760 nmethod 12551 0x000001a6a8fa8390 code [0x000001a6a8fa8640, 0x000001a6a8fa95a8]
Event: 71.209 Thread 0x000001a6fd12f760 12552       4       jdk.internal.jrtfs.JrtFileAttributes::isDirectory (8 bytes)
Event: 71.211 Thread 0x000001a6fd12f760 nmethod 12552 0x000001a6a8faa110 code [0x000001a6a8faa2a0, 0x000001a6a8faa350]
Event: 71.218 Thread 0x000001a6b2539040 12556       3       org.eclipse.sisu.plexus.RealmManager::contextRealm (33 bytes)
Event: 71.219 Thread 0x000001a6b2539040 nmethod 12556 0x000001a6a25d5010 code [0x000001a6a25d5200, 0x000001a6a25d5830]
Event: 71.219 Thread 0x000001a6b2539040 12555       3       org.eclipse.sisu.plexus.RealmFilteredBeans::iterator (45 bytes)
Event: 71.221 Thread 0x000001a6b2539040 nmethod 12555 0x000001a6a25d5a10 code [0x000001a6a25d5c60, 0x000001a6a25d6670]
Event: 71.221 Thread 0x000001a6b2539040 12557       3       org.eclipse.sisu.plexus.RealmManager::visibleRealmNames (51 bytes)
Event: 71.222 Thread 0x000001a6b2539040 nmethod 12557 0x000001a6a25d6990 code [0x000001a6a25d6b80, 0x000001a6a25d7040]
Event: 71.232 Thread 0x000001a6fd12f760 12558   !   4       org.eclipse.jdt.internal.compiler.classfmt.ClassFileReader::<init> (2135 bytes)
Event: 71.311 Thread 0x000001a6b2539040 12561  s    3       org.eclipse.jdt.internal.core.search.processing.JobManager::awaitingJobsCount (21 bytes)
Event: 71.312 Thread 0x000001a6b2539040 nmethod 12561 0x000001a6a25d7190 code [0x000001a6a25d7340, 0x000001a6a25d7628]
Event: 71.376 Thread 0x000001a6b2539040 12563       3       java.util.zip.ZipFile$Source::initCEN (612 bytes)

GC Heap History (20 events):
Event: 67.291 GC heap before
{Heap before GC invocations=100 (full 3):
 PSYoungGen      total 12288K, used 11680K [0x00000000eab00000, 0x00000000eb800000, 0x0000000100000000)
  eden space 11264K, 100% used [0x00000000eab00000,0x00000000eb600000,0x00000000eb600000)
  from space 1024K, 40% used [0x00000000eb700000,0x00000000eb768000,0x00000000eb800000)
  to   space 1024K, 0% used [0x00000000eb600000,0x00000000eb600000,0x00000000eb700000)
 ParOldGen       total 86528K, used 86129K [0x00000000c0000000, 0x00000000c5480000, 0x00000000eab00000)
  object space 86528K, 99% used [0x00000000c0000000,0x00000000c541c788,0x00000000c5480000)
 Metaspace       used 68809K, committed 70272K, reserved 1114112K
  class space    used 7152K, committed 7808K, reserved 1048576K
}
Event: 67.292 GC heap after
{Heap after GC invocations=100 (full 3):
 PSYoungGen      total 12288K, used 352K [0x00000000eab00000, 0x00000000eb780000, 0x0000000100000000)
  eden space 11264K, 0% used [0x00000000eab00000,0x00000000eab00000,0x00000000eb600000)
  from space 1024K, 34% used [0x00000000eb600000,0x00000000eb658000,0x00000000eb700000)
  to   space 512K, 0% used [0x00000000eb700000,0x00000000eb700000,0x00000000eb780000)
 ParOldGen       total 86528K, used 86477K [0x00000000c0000000, 0x00000000c5480000, 0x00000000eab00000)
  object space 86528K, 99% used [0x00000000c0000000,0x00000000c54734c0,0x00000000c5480000)
 Metaspace       used 68809K, committed 70272K, reserved 1114112K
  class space    used 7152K, committed 7808K, reserved 1048576K
}
Event: 67.335 GC heap before
{Heap before GC invocations=101 (full 3):
 PSYoungGen      total 12288K, used 11616K [0x00000000eab00000, 0x00000000eb780000, 0x0000000100000000)
  eden space 11264K, 100% used [0x00000000eab00000,0x00000000eb600000,0x00000000eb600000)
  from space 1024K, 34% used [0x00000000eb600000,0x00000000eb658000,0x00000000eb700000)
  to   space 512K, 0% used [0x00000000eb700000,0x00000000eb700000,0x00000000eb780000)
 ParOldGen       total 86528K, used 86477K [0x00000000c0000000, 0x00000000c5480000, 0x00000000eab00000)
  object space 86528K, 99% used [0x00000000c0000000,0x00000000c54734c0,0x00000000c5480000)
 Metaspace       used 68809K, committed 70272K, reserved 1114112K
  class space    used 7152K, committed 7808K, reserved 1048576K
}
Event: 67.337 GC heap after
{Heap after GC invocations=101 (full 3):
 PSYoungGen      total 11776K, used 352K [0x00000000eab00000, 0x00000000eb780000, 0x0000000100000000)
  eden space 11264K, 0% used [0x00000000eab00000,0x00000000eab00000,0x00000000eb600000)
  from space 512K, 68% used [0x00000000eb700000,0x00000000eb758000,0x00000000eb780000)
  to   space 512K, 0% used [0x00000000eb680000,0x00000000eb680000,0x00000000eb700000)
 ParOldGen       total 87040K, used 86781K [0x00000000c0000000, 0x00000000c5500000, 0x00000000eab00000)
  object space 87040K, 99% used [0x00000000c0000000,0x00000000c54bf6d8,0x00000000c5500000)
 Metaspace       used 68809K, committed 70272K, reserved 1114112K
  class space    used 7152K, committed 7808K, reserved 1048576K
}
Event: 67.400 GC heap before
{Heap before GC invocations=102 (full 3):
 PSYoungGen      total 11776K, used 11616K [0x00000000eab00000, 0x00000000eb780000, 0x0000000100000000)
  eden space 11264K, 100% used [0x00000000eab00000,0x00000000eb600000,0x00000000eb600000)
  from space 512K, 68% used [0x00000000eb700000,0x00000000eb758000,0x00000000eb780000)
  to   space 512K, 0% used [0x00000000eb680000,0x00000000eb680000,0x00000000eb700000)
 ParOldGen       total 87040K, used 86781K [0x00000000c0000000, 0x00000000c5500000, 0x00000000eab00000)
  object space 87040K, 99% used [0x00000000c0000000,0x00000000c54bf6d8,0x00000000c5500000)
 Metaspace       used 68814K, committed 70272K, reserved 1114112K
  class space    used 7152K, committed 7808K, reserved 1048576K
}
Event: 67.401 GC heap after
{Heap after GC invocations=102 (full 3):
 PSYoungGen      total 11776K, used 224K [0x00000000eab00000, 0x00000000eb780000, 0x0000000100000000)
  eden space 11264K, 0% used [0x00000000eab00000,0x00000000eab00000,0x00000000eb600000)
  from space 512K, 43% used [0x00000000eb680000,0x00000000eb6b8000,0x00000000eb700000)
  to   space 512K, 0% used [0x00000000eb700000,0x00000000eb700000,0x00000000eb780000)
 ParOldGen       total 87552K, used 87107K [0x00000000c0000000, 0x00000000c5580000, 0x00000000eab00000)
  object space 87552K, 99% used [0x00000000c0000000,0x00000000c5510e48,0x00000000c5580000)
 Metaspace       used 68814K, committed 70272K, reserved 1114112K
  class space    used 7152K, committed 7808K, reserved 1048576K
}
Event: 67.460 GC heap before
{Heap before GC invocations=103 (full 3):
 PSYoungGen      total 11776K, used 11488K [0x00000000eab00000, 0x00000000eb780000, 0x0000000100000000)
  eden space 11264K, 100% used [0x00000000eab00000,0x00000000eb600000,0x00000000eb600000)
  from space 512K, 43% used [0x00000000eb680000,0x00000000eb6b8000,0x00000000eb700000)
  to   space 512K, 0% used [0x00000000eb700000,0x00000000eb700000,0x00000000eb780000)
 ParOldGen       total 87552K, used 87107K [0x00000000c0000000, 0x00000000c5580000, 0x00000000eab00000)
  object space 87552K, 99% used [0x00000000c0000000,0x00000000c5510e48,0x00000000c5580000)
 Metaspace       used 68814K, committed 70272K, reserved 1114112K
  class space    used 7152K, committed 7808K, reserved 1048576K
}
Event: 67.462 GC heap after
{Heap after GC invocations=103 (full 3):
 PSYoungGen      total 11776K, used 256K [0x00000000eab00000, 0x00000000eb780000, 0x0000000100000000)
  eden space 11264K, 0% used [0x00000000eab00000,0x00000000eab00000,0x00000000eb600000)
  from space 512K, 50% used [0x00000000eb700000,0x00000000eb740000,0x00000000eb780000)
  to   space 512K, 0% used [0x00000000eb680000,0x00000000eb680000,0x00000000eb700000)
 ParOldGen       total 87552K, used 87282K [0x00000000c0000000, 0x00000000c5580000, 0x00000000eab00000)
  object space 87552K, 99% used [0x00000000c0000000,0x00000000c553c898,0x00000000c5580000)
 Metaspace       used 68814K, committed 70272K, reserved 1114112K
  class space    used 7152K, committed 7808K, reserved 1048576K
}
Event: 67.522 GC heap before
{Heap before GC invocations=104 (full 3):
 PSYoungGen      total 11776K, used 11520K [0x00000000eab00000, 0x00000000eb780000, 0x0000000100000000)
  eden space 11264K, 100% used [0x00000000eab00000,0x00000000eb600000,0x00000000eb600000)
  from space 512K, 50% used [0x00000000eb700000,0x00000000eb740000,0x00000000eb780000)
  to   space 512K, 0% used [0x00000000eb680000,0x00000000eb680000,0x00000000eb700000)
 ParOldGen       total 87552K, used 87282K [0x00000000c0000000, 0x00000000c5580000, 0x00000000eab00000)
  object space 87552K, 99% used [0x00000000c0000000,0x00000000c553c898,0x00000000c5580000)
 Metaspace       used 68814K, committed 70272K, reserved 1114112K
  class space    used 7152K, committed 7808K, reserved 1048576K
}
Event: 67.523 GC heap after
{Heap after GC invocations=104 (full 3):
 PSYoungGen      total 11776K, used 160K [0x00000000eab00000, 0x00000000eb780000, 0x0000000100000000)
  eden space 11264K, 0% used [0x00000000eab00000,0x00000000eab00000,0x00000000eb600000)
  from space 512K, 31% used [0x00000000eb680000,0x00000000eb6a8000,0x00000000eb700000)
  to   space 512K, 0% used [0x00000000eb700000,0x00000000eb700000,0x00000000eb780000)
 ParOldGen       total 87552K, used 87430K [0x00000000c0000000, 0x00000000c5580000, 0x00000000eab00000)
  object space 87552K, 99% used [0x00000000c0000000,0x00000000c5561930,0x00000000c5580000)
 Metaspace       used 68814K, committed 70272K, reserved 1114112K
  class space    used 7152K, committed 7808K, reserved 1048576K
}
Event: 68.148 GC heap before
{Heap before GC invocations=105 (full 3):
 PSYoungGen      total 11776K, used 11424K [0x00000000eab00000, 0x00000000eb780000, 0x0000000100000000)
  eden space 11264K, 100% used [0x00000000eab00000,0x00000000eb600000,0x00000000eb600000)
  from space 512K, 31% used [0x00000000eb680000,0x00000000eb6a8000,0x00000000eb700000)
  to   space 512K, 0% used [0x00000000eb700000,0x00000000eb700000,0x00000000eb780000)
 ParOldGen       total 87552K, used 87430K [0x00000000c0000000, 0x00000000c5580000, 0x00000000eab00000)
  object space 87552K, 99% used [0x00000000c0000000,0x00000000c5561930,0x00000000c5580000)
 Metaspace       used 68986K, committed 70400K, reserved 1114112K
  class space    used 7178K, committed 7808K, reserved 1048576K
}
Event: 68.151 GC heap after
{Heap after GC invocations=105 (full 3):
 PSYoungGen      total 11264K, used 500K [0x00000000eab00000, 0x00000000eb900000, 0x0000000100000000)
  eden space 10752K, 0% used [0x00000000eab00000,0x00000000eab00000,0x00000000eb580000)
  from space 512K, 97% used [0x00000000eb700000,0x00000000eb77d118,0x00000000eb780000)
  to   space 1536K, 0% used [0x00000000eb580000,0x00000000eb580000,0x00000000eb700000)
 ParOldGen       total 88064K, used 87912K [0x00000000c0000000, 0x00000000c5600000, 0x00000000eab00000)
  object space 88064K, 99% used [0x00000000c0000000,0x00000000c55da3d0,0x00000000c5600000)
 Metaspace       used 68986K, committed 70400K, reserved 1114112K
  class space    used 7178K, committed 7808K, reserved 1048576K
}
Event: 70.041 GC heap before
{Heap before GC invocations=106 (full 3):
 PSYoungGen      total 11264K, used 11252K [0x00000000eab00000, 0x00000000eb900000, 0x0000000100000000)
  eden space 10752K, 100% used [0x00000000eab00000,0x00000000eb580000,0x00000000eb580000)
  from space 512K, 97% used [0x00000000eb700000,0x00000000eb77d118,0x00000000eb780000)
  to   space 1536K, 0% used [0x00000000eb580000,0x00000000eb580000,0x00000000eb700000)
 ParOldGen       total 88064K, used 87912K [0x00000000c0000000, 0x00000000c5600000, 0x00000000eab00000)
  object space 88064K, 99% used [0x00000000c0000000,0x00000000c55da3d0,0x00000000c5600000)
 Metaspace       used 70109K, committed 71488K, reserved 1114112K
  class space    used 7276K, committed 7872K, reserved 1048576K
}
Event: 70.045 GC heap after
{Heap after GC invocations=106 (full 3):
 PSYoungGen      total 11776K, used 832K [0x00000000eab00000, 0x00000000eb780000, 0x0000000100000000)
  eden space 10752K, 0% used [0x00000000eab00000,0x00000000eab00000,0x00000000eb580000)
  from space 1024K, 81% used [0x00000000eb580000,0x00000000eb650000,0x00000000eb680000)
  to   space 1024K, 0% used [0x00000000eb680000,0x00000000eb680000,0x00000000eb780000)
 ParOldGen       total 88576K, used 88351K [0x00000000c0000000, 0x00000000c5680000, 0x00000000eab00000)
  object space 88576K, 99% used [0x00000000c0000000,0x00000000c5647f78,0x00000000c5680000)
 Metaspace       used 70109K, committed 71488K, reserved 1114112K
  class space    used 7276K, committed 7872K, reserved 1048576K
}
Event: 70.452 GC heap before
{Heap before GC invocations=107 (full 3):
 PSYoungGen      total 11776K, used 11583K [0x00000000eab00000, 0x00000000eb780000, 0x0000000100000000)
  eden space 10752K, 99% used [0x00000000eab00000,0x00000000eb57fff0,0x00000000eb580000)
  from space 1024K, 81% used [0x00000000eb580000,0x00000000eb650000,0x00000000eb680000)
  to   space 1024K, 0% used [0x00000000eb680000,0x00000000eb680000,0x00000000eb780000)
 ParOldGen       total 88576K, used 88351K [0x00000000c0000000, 0x00000000c5680000, 0x00000000eab00000)
  object space 88576K, 99% used [0x00000000c0000000,0x00000000c5647f78,0x00000000c5680000)
 Metaspace       used 71042K, committed 72576K, reserved 1114112K
  class space    used 7364K, committed 8000K, reserved 1048576K
}
Event: 70.456 GC heap after
{Heap after GC invocations=107 (full 3):
 PSYoungGen      total 10752K, used 1002K [0x00000000eab00000, 0x00000000eb980000, 0x0000000100000000)
  eden space 9728K, 0% used [0x00000000eab00000,0x00000000eab00000,0x00000000eb480000)
  from space 1024K, 97% used [0x00000000eb680000,0x00000000eb77ab58,0x00000000eb780000)
  to   space 2048K, 0% used [0x00000000eb480000,0x00000000eb480000,0x00000000eb680000)
 ParOldGen       total 89600K, used 89176K [0x00000000c0000000, 0x00000000c5780000, 0x00000000eab00000)
  object space 89600K, 99% used [0x00000000c0000000,0x00000000c5716050,0x00000000c5780000)
 Metaspace       used 71042K, committed 72576K, reserved 1114112K
  class space    used 7364K, committed 8000K, reserved 1048576K
}
Event: 70.626 GC heap before
{Heap before GC invocations=108 (full 3):
 PSYoungGen      total 10752K, used 10730K [0x00000000eab00000, 0x00000000eb980000, 0x0000000100000000)
  eden space 9728K, 100% used [0x00000000eab00000,0x00000000eb480000,0x00000000eb480000)
  from space 1024K, 97% used [0x00000000eb680000,0x00000000eb77ab58,0x00000000eb780000)
  to   space 2048K, 0% used [0x00000000eb480000,0x00000000eb480000,0x00000000eb680000)
 ParOldGen       total 89600K, used 89176K [0x00000000c0000000, 0x00000000c5780000, 0x00000000eab00000)
  object space 89600K, 99% used [0x00000000c0000000,0x00000000c5716050,0x00000000c5780000)
 Metaspace       used 71074K, committed 72576K, reserved 1114112K
  class space    used 7367K, committed 8000K, reserved 1048576K
}
Event: 70.629 GC heap after
{Heap after GC invocations=108 (full 3):
 PSYoungGen      total 11776K, used 1689K [0x00000000eab00000, 0x00000000eb880000, 0x0000000100000000)
  eden space 9728K, 0% used [0x00000000eab00000,0x00000000eab00000,0x00000000eb480000)
  from space 2048K, 82% used [0x00000000eb480000,0x00000000eb6267f8,0x00000000eb680000)
  to   space 2048K, 0% used [0x00000000eb680000,0x00000000eb680000,0x00000000eb880000)
 ParOldGen       total 90112K, used 90051K [0x00000000c0000000, 0x00000000c5800000, 0x00000000eab00000)
  object space 90112K, 99% used [0x00000000c0000000,0x00000000c57f0ca8,0x00000000c5800000)
 Metaspace       used 71074K, committed 72576K, reserved 1114112K
  class space    used 7367K, committed 8000K, reserved 1048576K
}
Event: 71.251 GC heap before
{Heap before GC invocations=109 (full 3):
 PSYoungGen      total 11776K, used 11417K [0x00000000eab00000, 0x00000000eb880000, 0x0000000100000000)
  eden space 9728K, 100% used [0x00000000eab00000,0x00000000eb480000,0x00000000eb480000)
  from space 2048K, 82% used [0x00000000eb480000,0x00000000eb6267f8,0x00000000eb680000)
  to   space 2048K, 0% used [0x00000000eb680000,0x00000000eb680000,0x00000000eb880000)
 ParOldGen       total 90112K, used 90051K [0x00000000c0000000, 0x00000000c5800000, 0x00000000eab00000)
  object space 90112K, 99% used [0x00000000c0000000,0x00000000c57f0ca8,0x00000000c5800000)
 Metaspace       used 71093K, committed 72640K, reserved 1179648K
  class space    used 7370K, committed 8000K, reserved 1048576K
}
Event: 71.256 GC heap after
{Heap after GC invocations=109 (full 3):
 PSYoungGen      total 11776K, used 1790K [0x00000000eab00000, 0x00000000eb880000, 0x0000000100000000)
  eden space 9728K, 0% used [0x00000000eab00000,0x00000000eab00000,0x00000000eb480000)
  from space 2048K, 87% used [0x00000000eb680000,0x00000000eb83fbf8,0x00000000eb880000)
  to   space 2048K, 0% used [0x00000000eb480000,0x00000000eb480000,0x00000000eb680000)
 ParOldGen       total 92160K, used 91669K [0x00000000c0000000, 0x00000000c5a00000, 0x00000000eab00000)
  object space 92160K, 99% used [0x00000000c0000000,0x00000000c5985658,0x00000000c5a00000)
 Metaspace       used 71093K, committed 72640K, reserved 1179648K
  class space    used 7370K, committed 8000K, reserved 1048576K
}

Dll operation events (14 events):
Event: 0.135 Loaded shared library c:\Users\palak\.vscode\extensions\redhat.java-1.40.0-win32-x64\jre\21.0.6-win32-x86_64\bin\java.dll
Event: 0.448 Loaded shared library c:\Users\palak\.vscode\extensions\redhat.java-1.40.0-win32-x64\jre\21.0.6-win32-x86_64\bin\zip.dll
Event: 0.505 Loaded shared library C:\Users\palak\.vscode\extensions\redhat.java-1.40.0-win32-x64\jre\21.0.6-win32-x86_64\bin\instrument.dll
Event: 0.532 Loaded shared library C:\Users\palak\.vscode\extensions\redhat.java-1.40.0-win32-x64\jre\21.0.6-win32-x86_64\bin\net.dll
Event: 0.541 Loaded shared library C:\Users\palak\.vscode\extensions\redhat.java-1.40.0-win32-x64\jre\21.0.6-win32-x86_64\bin\nio.dll
Event: 0.549 Loaded shared library C:\Users\palak\.vscode\extensions\redhat.java-1.40.0-win32-x64\jre\21.0.6-win32-x86_64\bin\zip.dll
Event: 0.619 Loaded shared library C:\Users\palak\.vscode\extensions\redhat.java-1.40.0-win32-x64\jre\21.0.6-win32-x86_64\bin\jimage.dll
Event: 0.906 Loaded shared library c:\Users\palak\.vscode\extensions\redhat.java-1.40.0-win32-x64\jre\21.0.6-win32-x86_64\bin\verify.dll
Event: 6.022 Loaded shared library C:\Users\palak\AppData\Roaming\Code\User\globalStorage\redhat.java\1.40.0\config_win\org.eclipse.equinox.launcher\org.eclipse.equinox.launcher.win32.win32.x86_64_1.2.1200.v20250212-0927\eclipse_11909.dll
Event: 15.785 Loaded shared library C:\Users\palak\AppData\Local\Temp\jna-106430981\jna17700690878614329358.dll
Event: 21.270 Loaded shared library C:\Users\palak\.vscode\extensions\redhat.java-1.40.0-win32-x64\jre\21.0.6-win32-x86_64\bin\management.dll
Event: 21.294 Loaded shared library C:\Users\palak\.vscode\extensions\redhat.java-1.40.0-win32-x64\jre\21.0.6-win32-x86_64\bin\management_ext.dll
Event: 23.037 Loaded shared library C:\Users\palak\.vscode\extensions\redhat.java-1.40.0-win32-x64\jre\21.0.6-win32-x86_64\bin\sunmscapi.dll
Event: 25.100 Loaded shared library C:\Users\palak\.vscode\extensions\redhat.java-1.40.0-win32-x64\jre\21.0.6-win32-x86_64\bin\extnet.dll

Deoptimization events (20 events):
Event: 70.638 Thread 0x000001a6f4752790 DEOPT PACKING pc=0x000001a6a2521d9a sp=0x00000018593fe690
Event: 70.638 Thread 0x000001a6f4752790 DEOPT UNPACKING pc=0x000001a6a8194242 sp=0x00000018593fdc18 mode 0
Event: 70.656 Thread 0x000001a6fcd93d80 DEOPT PACKING pc=0x000001a6a150107b sp=0x0000001859dfdd10
Event: 70.656 Thread 0x000001a6fcd93d80 DEOPT UNPACKING pc=0x000001a6a8194242 sp=0x0000001859dfd180 mode 0
Event: 70.701 Thread 0x000001a6fcd93d80 DEOPT PACKING pc=0x000001a6a2521d9a sp=0x0000001859dfdd00
Event: 70.701 Thread 0x000001a6fcd93d80 DEOPT UNPACKING pc=0x000001a6a8194242 sp=0x0000001859dfd288 mode 0
Event: 70.929 Thread 0x000001a6f4752790 DEOPT PACKING pc=0x000001a6a2521d9a sp=0x00000018593fe690
Event: 70.929 Thread 0x000001a6f4752790 DEOPT UNPACKING pc=0x000001a6a8194242 sp=0x00000018593fdc18 mode 0
Event: 71.239 Thread 0x000001a6f4752790 DEOPT PACKING pc=0x000001a6a2521d9a sp=0x00000018593fe690
Event: 71.239 Thread 0x000001a6f4752790 DEOPT UNPACKING pc=0x000001a6a8194242 sp=0x00000018593fdc18 mode 0
Event: 71.312 Thread 0x000001a6f4752790 DEOPT PACKING pc=0x000001a6a2521d9a sp=0x00000018593fe690
Event: 71.312 Thread 0x000001a6f4752790 DEOPT UNPACKING pc=0x000001a6a8194242 sp=0x00000018593fdc18 mode 0
Event: 71.312 Thread 0x000001a6fcd93d80 Uncommon trap: trap_request=0xffffff45 fr.pc=0x000001a6a8c2c1ac relative=0x000000000000284c
Event: 71.312 Thread 0x000001a6fcd93d80 Uncommon trap: reason=unstable_if action=reinterpret pc=0x000001a6a8c2c1ac method=java.util.zip.ZipFile$Source.isMetaName([BII)Z @ 57 c2
Event: 71.312 Thread 0x000001a6fcd93d80 DEOPT PACKING pc=0x000001a6a8c2c1ac sp=0x0000001859dfdc30
Event: 71.312 Thread 0x000001a6fcd93d80 DEOPT UNPACKING pc=0x000001a6a8193aa2 sp=0x0000001859dfdb90 mode 2
Event: 71.376 Thread 0x000001a6fcd93d80 Uncommon trap: trap_request=0xffffff45 fr.pc=0x000001a6a8b9a64c relative=0x0000000000001eac
Event: 71.376 Thread 0x000001a6fcd93d80 Uncommon trap: reason=unstable_if action=reinterpret pc=0x000001a6a8b9a64c method=java.util.zip.ZipFile$Source.isMetaName([BII)Z @ 57 c2
Event: 71.376 Thread 0x000001a6fcd93d80 DEOPT PACKING pc=0x000001a6a8b9a64c sp=0x0000001859dfdc30
Event: 71.376 Thread 0x000001a6fcd93d80 DEOPT UNPACKING pc=0x000001a6a8193aa2 sp=0x0000001859dfdb90 mode 2

Classes loaded (20 events):
Event: 58.296 Loading class java/util/Collections$SynchronizedList done
Event: 58.296 Loading class java/util/Collections$SynchronizedRandomAccessList done
Event: 58.314 Loading class java/util/concurrent/CompletableFuture$Signaller
Event: 58.314 Loading class java/util/concurrent/CompletableFuture$Signaller done
Event: 59.680 Loading class java/nio/charset/CharacterCodingException
Event: 59.680 Loading class java/nio/charset/CharacterCodingException done
Event: 59.686 Loading class java/io/SequenceInputStream
Event: 59.686 Loading class java/io/SequenceInputStream done
Event: 60.517 Loading class java/util/concurrent/CompletableFuture$UniApply
Event: 60.517 Loading class java/util/concurrent/CompletableFuture$UniApply done
Event: 60.524 Loading class java/util/concurrent/CompletableFuture$UniExceptionally
Event: 60.525 Loading class java/util/concurrent/CompletableFuture$UniExceptionally done
Event: 61.080 Loading class java/lang/UnsupportedClassVersionError
Event: 61.080 Loading class java/lang/UnsupportedClassVersionError done
Event: 70.168 Loading class java/lang/Throwable$WrappedPrintWriter
Event: 70.168 Loading class java/lang/Throwable$PrintStreamOrWriter
Event: 70.175 Loading class java/lang/Throwable$PrintStreamOrWriter done
Event: 70.175 Loading class java/lang/Throwable$WrappedPrintWriter done
Event: 70.223 Loading class java/util/Hashtable$KeySet
Event: 70.223 Loading class java/util/Hashtable$KeySet done

Classes unloaded (7 events):
Event: 18.371 Thread 0x000001a69c1c1a80 Unloading class 0x000001a6b419cc00 'java/lang/invoke/LambdaForm$MH+0x000001a6b419cc00'
Event: 18.371 Thread 0x000001a69c1c1a80 Unloading class 0x000001a6b419c800 'java/lang/invoke/LambdaForm$MH+0x000001a6b419c800'
Event: 18.371 Thread 0x000001a69c1c1a80 Unloading class 0x000001a6b419c400 'java/lang/invoke/LambdaForm$MH+0x000001a6b419c400'
Event: 18.371 Thread 0x000001a69c1c1a80 Unloading class 0x000001a6b419c000 'java/lang/invoke/LambdaForm$MH+0x000001a6b419c000'
Event: 18.371 Thread 0x000001a69c1c1a80 Unloading class 0x000001a6b419bc00 'java/lang/invoke/LambdaForm$BMH+0x000001a6b419bc00'
Event: 18.371 Thread 0x000001a69c1c1a80 Unloading class 0x000001a6b419b800 'java/lang/invoke/LambdaForm$DMH+0x000001a6b419b800'
Event: 18.371 Thread 0x000001a69c1c1a80 Unloading class 0x000001a6b419a400 'java/lang/invoke/LambdaForm$DMH+0x000001a6b419a400'

Classes redefined (0 events):
No events

Internal exceptions (20 events):
Event: 60.498 Thread 0x000001a6f4753b40 Exception <a 'sun/nio/fs/WindowsException'{0x00000000eb525458}> (0x00000000eb525458) 
thrown [s\src\hotspot\share\prims\jni.cpp, line 520]
Event: 60.515 Thread 0x000001a6f4753b40 Exception <a 'java/lang/IncompatibleClassChangeError'{0x00000000eb546df0}: Found class java.lang.Object, but interface was expected> (0x00000000eb546df0) 
thrown [s\src\hotspot\share\interpreter\linkResolver.cpp, line 840]
Event: 60.867 Thread 0x000001a6f4752100 Exception <a 'java/lang/NoSuchMethodError'{0x00000000eb5d2008}: 'java.lang.Object java.lang.invoke.DirectMethodHandle$Holder.invokeSpecial(java.lang.Object, java.lang.Object, int, long)'> (0x00000000eb5d2008) 
thrown [s\src\hotspot\share\interpreter\linkResolver.cpp, line 773]
Event: 61.190 Thread 0x000001a6fc344770 Exception <a 'java/lang/NoSuchMethodError'{0x00000000ead1b6c8}: 'int java.lang.invoke.Invokers$Holder.invokeExact_MT(java.lang.Object, java.lang.Object)'> (0x00000000ead1b6c8) 
thrown [s\src\hotspot\share\interpreter\linkResolver.cpp, line 773]
Event: 61.943 Thread 0x000001a6f4752e20 Implicit null exception at 0x000001a6a8ea0428 to 0x000001a6a8ea0ce0
Event: 66.293 Thread 0x000001a6fc344770 Exception <a 'java/lang/IncompatibleClassChangeError'{0x00000000eb5f82a8}: Found class java.lang.Object, but interface was expected> (0x00000000eb5f82a8) 
thrown [s\src\hotspot\share\interpreter\linkResolver.cpp, line 840]
Event: 69.843 Thread 0x000001a6f4753b40 Exception <a 'java/lang/IncompatibleClassChangeError'{0x00000000eb4be7d0}: Found class java.lang.Object, but interface was expected> (0x00000000eb4be7d0) 
thrown [s\src\hotspot\share\interpreter\linkResolver.cpp, line 840]
Event: 69.983 Thread 0x000001a6f4753b40 Exception <a 'java/lang/IncompatibleClassChangeError'{0x00000000eb532d50}: Found class java.lang.Object, but interface was expected> (0x00000000eb532d50) 
thrown [s\src\hotspot\share\interpreter\linkResolver.cpp, line 840]
Event: 70.161 Thread 0x000001a6f4753b40 Exception <a 'java/lang/IncompatibleClassChangeError'{0x00000000eb090aa0}: Found class java.lang.Object, but interface was expected> (0x00000000eb090aa0) 
thrown [s\src\hotspot\share\interpreter\linkResolver.cpp, line 840]
Event: 70.300 Thread 0x000001a6fcd93d80 Exception <a 'sun/nio/fs/WindowsException'{0x00000000eb2da3e8}> (0x00000000eb2da3e8) 
thrown [s\src\hotspot\share\prims\jni.cpp, line 520]
Event: 70.300 Thread 0x000001a6fcd93d80 Exception <a 'sun/nio/fs/WindowsException'{0x00000000eb2dad58}> (0x00000000eb2dad58) 
thrown [s\src\hotspot\share\prims\jni.cpp, line 520]
Event: 70.302 Thread 0x000001a6fcd93d80 Exception <a 'sun/nio/fs/WindowsException'{0x00000000eb2dc5c0}> (0x00000000eb2dc5c0) 
thrown [s\src\hotspot\share\prims\jni.cpp, line 520]
Event: 70.302 Thread 0x000001a6fcd93d80 Exception <a 'sun/nio/fs/WindowsException'{0x00000000eb2dcf30}> (0x00000000eb2dcf30) 
thrown [s\src\hotspot\share\prims\jni.cpp, line 520]
Event: 70.308 Thread 0x000001a6fcd93d80 Exception <a 'java/io/FileNotFoundException'{0x00000000eb2fb858}> (0x00000000eb2fb858) 
thrown [s\src\hotspot\share\prims\jni.cpp, line 520]
Event: 70.309 Thread 0x000001a6fcd93d80 Exception <a 'java/io/FileNotFoundException'{0x00000000eb2fc5d8}> (0x00000000eb2fc5d8) 
thrown [s\src\hotspot\share\prims\jni.cpp, line 520]
Event: 70.328 Thread 0x000001a6fcd93d80 Exception <a 'sun/nio/fs/WindowsException'{0x00000000eb35fe28}> (0x00000000eb35fe28) 
thrown [s\src\hotspot\share\prims\jni.cpp, line 520]
Event: 70.328 Thread 0x000001a6fcd93d80 Exception <a 'sun/nio/fs/WindowsException'{0x00000000eb360798}> (0x00000000eb360798) 
thrown [s\src\hotspot\share\prims\jni.cpp, line 520]
Event: 70.386 Thread 0x000001a6f4753b40 Exception <a 'java/lang/IncompatibleClassChangeError'{0x00000000eb3ba908}: Found class java.lang.Object, but interface was expected> (0x00000000eb3ba908) 
thrown [s\src\hotspot\share\interpreter\linkResolver.cpp, line 840]
Event: 70.396 Thread 0x000001a6fcd93d80 Exception <a 'sun/nio/fs/WindowsException'{0x00000000eb42c590}> (0x00000000eb42c590) 
thrown [s\src\hotspot\share\prims\jni.cpp, line 520]
Event: 70.396 Thread 0x000001a6fcd93d80 Exception <a 'sun/nio/fs/WindowsException'{0x00000000eb42d1b0}> (0x00000000eb42d1b0) 
thrown [s\src\hotspot\share\prims\jni.cpp, line 520]

ZGC Phase Switch (0 events):
No events

VM Operations (20 events):
Event: 67.400 Executing VM operation: ParallelGCFailedAllocation (Allocation Failure)
Event: 67.402 Executing VM operation: ParallelGCFailedAllocation (Allocation Failure) done
Event: 67.441 Executing VM operation: ParallelGCFailedAllocation (Allocation Failure)
Event: 67.462 Executing VM operation: ParallelGCFailedAllocation (Allocation Failure) done
Event: 67.501 Executing VM operation: ParallelGCFailedAllocation (Allocation Failure)
Event: 67.523 Executing VM operation: ParallelGCFailedAllocation (Allocation Failure) done
Event: 68.014 Executing VM operation: HandshakeAllThreads (Deoptimize)
Event: 68.083 Executing VM operation: HandshakeAllThreads (Deoptimize) done
Event: 68.148 Executing VM operation: ParallelGCFailedAllocation (Allocation Failure)
Event: 68.151 Executing VM operation: ParallelGCFailedAllocation (Allocation Failure) done
Event: 69.162 Executing VM operation: Cleanup
Event: 69.194 Executing VM operation: Cleanup done
Event: 70.010 Executing VM operation: ParallelGCFailedAllocation (Allocation Failure)
Event: 70.045 Executing VM operation: ParallelGCFailedAllocation (Allocation Failure) done
Event: 70.451 Executing VM operation: ParallelGCFailedAllocation (Allocation Failure)
Event: 70.456 Executing VM operation: ParallelGCFailedAllocation (Allocation Failure) done
Event: 70.626 Executing VM operation: ParallelGCFailedAllocation (Allocation Failure)
Event: 70.629 Executing VM operation: ParallelGCFailedAllocation (Allocation Failure) done
Event: 71.251 Executing VM operation: ParallelGCFailedAllocation (Allocation Failure)
Event: 71.256 Executing VM operation: ParallelGCFailedAllocation (Allocation Failure) done

Memory protections (0 events):
No events

Nmethod flushes (20 events):
Event: 38.716 Thread 0x000001a69c1c1a80 flushing  nmethod 0x000001a6a15c1e90
Event: 38.716 Thread 0x000001a69c1c1a80 flushing  nmethod 0x000001a6a15c2310
Event: 38.716 Thread 0x000001a69c1c1a80 flushing  nmethod 0x000001a6a15c2910
Event: 38.716 Thread 0x000001a69c1c1a80 flushing  nmethod 0x000001a6a15c2d10
Event: 38.716 Thread 0x000001a69c1c1a80 flushing  nmethod 0x000001a6a15c3310
Event: 38.716 Thread 0x000001a69c1c1a80 flushing  nmethod 0x000001a6a15c4c90
Event: 38.716 Thread 0x000001a69c1c1a80 flushing  nmethod 0x000001a6a15c9810
Event: 38.716 Thread 0x000001a69c1c1a80 flushing  nmethod 0x000001a6a15e2d90
Event: 38.716 Thread 0x000001a69c1c1a80 flushing  nmethod 0x000001a6a15e4b90
Event: 38.716 Thread 0x000001a69c1c1a80 flushing  nmethod 0x000001a6a15e6190
Event: 38.716 Thread 0x000001a69c1c1a80 flushing  nmethod 0x000001a6a15ead90
Event: 38.716 Thread 0x000001a69c1c1a80 flushing  nmethod 0x000001a6a15fe010
Event: 38.716 Thread 0x000001a69c1c1a80 flushing  nmethod 0x000001a6a1607590
Event: 38.716 Thread 0x000001a69c1c1a80 flushing  nmethod 0x000001a6a1607b90
Event: 38.716 Thread 0x000001a69c1c1a80 flushing  nmethod 0x000001a6a1608a10
Event: 38.716 Thread 0x000001a69c1c1a80 flushing  nmethod 0x000001a6a160d290
Event: 38.716 Thread 0x000001a69c1c1a80 flushing  nmethod 0x000001a6a1634210
Event: 38.716 Thread 0x000001a69c1c1a80 flushing  nmethod 0x000001a6a1650290
Event: 38.716 Thread 0x000001a69c1c1a80 flushing  nmethod 0x000001a6a165e510
Event: 38.716 Thread 0x000001a69c1c1a80 flushing  nmethod 0x000001a6a1660590

Events (20 events):
Event: 56.916 Thread 0x000001a6fcd93d80 Thread added: 0x000001a6fc3412f0
Event: 56.925 Thread 0x000001a6fcd93d80 Thread added: 0x000001a6fc346840
Event: 56.931 Thread 0x000001a6fcd93d80 Thread added: 0x000001a6fc3461b0
Event: 57.167 Thread 0x000001a6fc342010 Thread exited: 0x000001a6fc342010
Event: 57.168 Thread 0x000001a6fc346840 Thread exited: 0x000001a6fc346840
Event: 57.169 Thread 0x000001a6fc3412f0 Thread exited: 0x000001a6fc3412f0
Event: 57.173 Thread 0x000001a6fc344770 Thread exited: 0x000001a6fc344770
Event: 57.174 Thread 0x000001a6fc3461b0 Thread exited: 0x000001a6fc3461b0
Event: 60.523 Thread 0x000001a6f4753b40 Thread added: 0x000001a6fc344770
Event: 61.192 Thread 0x000001a6fd12f760 Thread exited: 0x000001a6fd12f760
Event: 61.465 Thread 0x000001a6b2539040 Thread added: 0x000001a6fd12f760
Event: 64.881 Thread 0x000001a6fd12f760 Thread exited: 0x000001a6fd12f760
Event: 65.759 Thread 0x000001a6b2539040 Thread added: 0x000001a6fd12f760
Event: 65.964 Thread 0x000001a6fd12f760 Thread exited: 0x000001a6fd12f760
Event: 66.245 Thread 0x000001a6b2539040 Thread added: 0x000001a6fd12f760
Event: 68.172 Thread 0x000001a6fc344770 Thread added: 0x000001a6fc3412f0
Event: 68.174 Thread 0x000001a6f4752e20 Thread added: 0x000001a6fc344e00
Event: 68.790 Thread 0x000001a6fd12f760 Thread exited: 0x000001a6fd12f760
Event: 70.376 Thread 0x000001a6fcd93d80 Thread added: 0x000001a6fc345490
Event: 70.749 Thread 0x000001a6b2539040 Thread added: 0x000001a6fd12f760


Dynamic libraries:
0x00007ff7d55b0000 - 0x00007ff7d55be000 	c:\Users\palak\.vscode\extensions\redhat.java-1.40.0-win32-x64\jre\21.0.6-win32-x86_64\bin\java.exe
0x00007ffc51e00000 - 0x00007ffc52063000 	C:\WINDOWS\SYSTEM32\ntdll.dll
0x00007ffc50cb0000 - 0x00007ffc50d77000 	C:\WINDOWS\System32\KERNEL32.DLL
0x00007ffc4f200000 - 0x00007ffc4f5c9000 	C:\WINDOWS\System32\KERNELBASE.dll
0x00007ffc4fad0000 - 0x00007ffc4fc1c000 	C:\WINDOWS\System32\ucrtbase.dll
0x00007ffc378b0000 - 0x00007ffc378c8000 	c:\Users\palak\.vscode\extensions\redhat.java-1.40.0-win32-x64\jre\21.0.6-win32-x86_64\bin\jli.dll
0x00007ffc51630000 - 0x00007ffc517fa000 	C:\WINDOWS\System32\USER32.dll
0x00007ffc4f000000 - 0x00007ffc4f027000 	C:\WINDOWS\System32\win32u.dll
0x00007ffc512f0000 - 0x00007ffc5131a000 	C:\WINDOWS\System32\GDI32.dll
0x00007ffc4f030000 - 0x00007ffc4f161000 	C:\WINDOWS\System32\gdi32full.dll
0x00007ffc4f690000 - 0x00007ffc4f733000 	C:\WINDOWS\System32\msvcp_win.dll
0x00007ffc22720000 - 0x00007ffc2273e000 	c:\Users\palak\.vscode\extensions\redhat.java-1.40.0-win32-x64\jre\21.0.6-win32-x86_64\bin\VCRUNTIME140.dll
0x00007ffc2f9a0000 - 0x00007ffc2fc30000 	C:\WINDOWS\WinSxS\amd64_microsoft.windows.common-controls_6595b64144ccf1df_6.0.26100.3323_none_3e088096e3344490\COMCTL32.dll
0x00007ffc51c40000 - 0x00007ffc51ce9000 	C:\WINDOWS\System32\msvcrt.dll
0x00007ffc51d80000 - 0x00007ffc51daf000 	C:\WINDOWS\System32\IMM32.DLL
0x00007ffc24f00000 - 0x00007ffc24f0c000 	c:\Users\palak\.vscode\extensions\redhat.java-1.40.0-win32-x64\jre\21.0.6-win32-x86_64\bin\vcruntime140_1.dll
0x00007ffbf2550000 - 0x00007ffbf25dd000 	c:\Users\palak\.vscode\extensions\redhat.java-1.40.0-win32-x64\jre\21.0.6-win32-x86_64\bin\msvcp140.dll
0x00007ffbb44b0000 - 0x00007ffbb5240000 	c:\Users\palak\.vscode\extensions\redhat.java-1.40.0-win32-x64\jre\21.0.6-win32-x86_64\bin\server\jvm.dll
0x00007ffc51a20000 - 0x00007ffc51ad2000 	C:\WINDOWS\System32\ADVAPI32.dll
0x00007ffc513a0000 - 0x00007ffc51446000 	C:\WINDOWS\System32\sechost.dll
0x00007ffc4fc30000 - 0x00007ffc4fd46000 	C:\WINDOWS\System32\RPCRT4.dll
0x00007ffc50d80000 - 0x00007ffc50df4000 	C:\WINDOWS\System32\WS2_32.dll
0x00007ffc4ee90000 - 0x00007ffc4eede000 	C:\WINDOWS\SYSTEM32\POWRPROF.dll
0x00007ffc488d0000 - 0x00007ffc48906000 	C:\WINDOWS\SYSTEM32\WINMM.dll
0x00007ffc48910000 - 0x00007ffc4891b000 	C:\WINDOWS\SYSTEM32\VERSION.dll
0x00007ffc4ee70000 - 0x00007ffc4ee84000 	C:\WINDOWS\SYSTEM32\UMPDC.dll
0x00007ffc4de20000 - 0x00007ffc4de3a000 	C:\WINDOWS\SYSTEM32\kernel.appcore.dll
0x00007ffc249b0000 - 0x00007ffc249ba000 	c:\Users\palak\.vscode\extensions\redhat.java-1.40.0-win32-x64\jre\21.0.6-win32-x86_64\bin\jimage.dll
0x00007ffc3fc90000 - 0x00007ffc3fed1000 	C:\WINDOWS\SYSTEM32\DBGHELP.DLL
0x00007ffc50f60000 - 0x00007ffc512e2000 	C:\WINDOWS\System32\combase.dll
0x00007ffc4ffb0000 - 0x00007ffc50086000 	C:\WINDOWS\System32\OLEAUT32.dll
0x00007ffc32990000 - 0x00007ffc329c9000 	C:\WINDOWS\SYSTEM32\dbgcore.DLL
0x00007ffc4f8c0000 - 0x00007ffc4f959000 	C:\WINDOWS\System32\bcryptPrimitives.dll
0x00007ffc22710000 - 0x00007ffc2271f000 	c:\Users\palak\.vscode\extensions\redhat.java-1.40.0-win32-x64\jre\21.0.6-win32-x86_64\bin\instrument.dll
0x00007ffc1e990000 - 0x00007ffc1e9af000 	c:\Users\palak\.vscode\extensions\redhat.java-1.40.0-win32-x64\jre\21.0.6-win32-x86_64\bin\java.dll
0x00007ffc500e0000 - 0x00007ffc507f5000 	C:\WINDOWS\System32\SHELL32.dll
0x00007ffc4f960000 - 0x00007ffc4fac8000 	C:\WINDOWS\System32\wintypes.dll
0x00007ffc4cce0000 - 0x00007ffc4d525000 	C:\WINDOWS\SYSTEM32\windows.storage.dll
0x00007ffc51800000 - 0x00007ffc518eb000 	C:\WINDOWS\System32\SHCORE.dll
0x00007ffc51be0000 - 0x00007ffc51c3d000 	C:\WINDOWS\System32\shlwapi.dll
0x00007ffc4ef10000 - 0x00007ffc4ef3f000 	C:\WINDOWS\SYSTEM32\profapi.dll
0x00007ffc1e780000 - 0x00007ffc1e798000 	c:\Users\palak\.vscode\extensions\redhat.java-1.40.0-win32-x64\jre\21.0.6-win32-x86_64\bin\zip.dll
0x00007ffc21250000 - 0x00007ffc21260000 	C:\Users\palak\.vscode\extensions\redhat.java-1.40.0-win32-x64\jre\21.0.6-win32-x86_64\bin\net.dll
0x00007ffc43890000 - 0x00007ffc439ae000 	C:\WINDOWS\SYSTEM32\WINHTTP.dll
0x00007ffc4e340000 - 0x00007ffc4e3aa000 	C:\WINDOWS\system32\mswsock.dll
0x00007ffc1e760000 - 0x00007ffc1e776000 	C:\Users\palak\.vscode\extensions\redhat.java-1.40.0-win32-x64\jre\21.0.6-win32-x86_64\bin\nio.dll
0x00007ffc1fbd0000 - 0x00007ffc1fbe0000 	c:\Users\palak\.vscode\extensions\redhat.java-1.40.0-win32-x64\jre\21.0.6-win32-x86_64\bin\verify.dll
0x00007ffc097d0000 - 0x00007ffc09815000 	C:\Users\palak\AppData\Roaming\Code\User\globalStorage\redhat.java\1.40.0\config_win\org.eclipse.equinox.launcher\org.eclipse.equinox.launcher.win32.win32.x86_64_1.2.1200.v20250212-0927\eclipse_11909.dll
0x00007ffc51490000 - 0x00007ffc51625000 	C:\WINDOWS\System32\ole32.dll
0x00007ffc4e5e0000 - 0x00007ffc4e5fc000 	C:\WINDOWS\SYSTEM32\CRYPTSP.dll
0x00007ffc4dd80000 - 0x00007ffc4ddba000 	C:\WINDOWS\system32\rsaenh.dll
0x00007ffc4e3e0000 - 0x00007ffc4e40b000 	C:\WINDOWS\SYSTEM32\USERENV.dll
0x00007ffc4e820000 - 0x00007ffc4e846000 	C:\WINDOWS\SYSTEM32\bcrypt.dll
0x00007ffc4e600000 - 0x00007ffc4e60c000 	C:\WINDOWS\SYSTEM32\CRYPTBASE.dll
0x00007ffc4d820000 - 0x00007ffc4d853000 	C:\WINDOWS\SYSTEM32\IPHLPAPI.DLL
0x00007ffc50800000 - 0x00007ffc5080a000 	C:\WINDOWS\System32\NSI.dll
0x00007ffbf4f40000 - 0x00007ffbf4f89000 	C:\Users\palak\AppData\Local\Temp\jna-106430981\jna17700690878614329358.dll
0x00007ffc4fc20000 - 0x00007ffc4fc28000 	C:\WINDOWS\System32\PSAPI.DLL
0x00007ffc37910000 - 0x00007ffc3791a000 	C:\Users\palak\.vscode\extensions\redhat.java-1.40.0-win32-x64\jre\21.0.6-win32-x86_64\bin\management.dll
0x00007ffc378d0000 - 0x00007ffc378db000 	C:\Users\palak\.vscode\extensions\redhat.java-1.40.0-win32-x64\jre\21.0.6-win32-x86_64\bin\management_ext.dll
0x00007ffc43860000 - 0x00007ffc4387f000 	C:\WINDOWS\SYSTEM32\dhcpcsvc6.DLL
0x00007ffc43830000 - 0x00007ffc43855000 	C:\WINDOWS\SYSTEM32\dhcpcsvc.DLL
0x00007ffc35410000 - 0x00007ffc3541e000 	C:\Users\palak\.vscode\extensions\redhat.java-1.40.0-win32-x64\jre\21.0.6-win32-x86_64\bin\sunmscapi.dll
0x00007ffc4f740000 - 0x00007ffc4f8b7000 	C:\WINDOWS\System32\CRYPT32.dll
0x00007ffc4e7e0000 - 0x00007ffc4e810000 	C:\WINDOWS\SYSTEM32\ncrypt.dll
0x00007ffc4e790000 - 0x00007ffc4e7cf000 	C:\WINDOWS\SYSTEM32\NTASN1.dll
0x00007ffc4d860000 - 0x00007ffc4d985000 	C:\WINDOWS\SYSTEM32\DNSAPI.dll
0x00007ffc43740000 - 0x00007ffc4374b000 	C:\Windows\System32\rasadhlp.dll
0x00007ffc41240000 - 0x00007ffc412c5000 	C:\WINDOWS\System32\fwpuclnt.dll
0x00007ffc2c050000 - 0x00007ffc2c059000 	C:\Users\palak\.vscode\extensions\redhat.java-1.40.0-win32-x64\jre\21.0.6-win32-x86_64\bin\extnet.dll

dbghelp: loaded successfully - version: 4.0.5 - missing functions: none
symbol engine: initialized successfully - sym options: 0x614 - pdb path: .;c:\Users\palak\.vscode\extensions\redhat.java-1.40.0-win32-x64\jre\21.0.6-win32-x86_64\bin;C:\WINDOWS\SYSTEM32;C:\WINDOWS\WinSxS\amd64_microsoft.windows.common-controls_6595b64144ccf1df_6.0.26100.3323_none_3e088096e3344490;c:\Users\palak\.vscode\extensions\redhat.java-1.40.0-win32-x64\jre\21.0.6-win32-x86_64\bin\server;C:\Users\palak\AppData\Roaming\Code\User\globalStorage\redhat.java\1.40.0\config_win\org.eclipse.equinox.launcher\org.eclipse.equinox.launcher.win32.win32.x86_64_1.2.1200.v20250212-0927;C:\Users\palak\AppData\Local\Temp\jna-106430981

VM Arguments:
jvm_args: --add-modules=ALL-SYSTEM --add-opens=java.base/java.util=ALL-UNNAMED --add-opens=java.base/java.lang=ALL-UNNAMED --add-opens=java.base/sun.nio.fs=ALL-UNNAMED -Declipse.application=org.eclipse.jdt.ls.core.id1 -Dosgi.bundles.defaultStartLevel=4 -Declipse.product=org.eclipse.jdt.ls.core.product -Djava.import.generatesMetadataFilesAtProjectRoot=false -DDetectVMInstallationsJob.disabled=true -Dfile.encoding=utf8 -XX:+UseParallelGC -XX:GCTimeRatio=4 -XX:AdaptiveSizePolicyWeight=90 -Dsun.zip.disableMemoryMapping=true -Xmx1G -Xms100m -Xlog:disable -javaagent:c:\Users\palak\.vscode\extensions\redhat.java-1.40.0-win32-x64\lombok\lombok-1.18.36.jar -XX:+HeapDumpOnOutOfMemoryError -XX:HeapDumpPath=c:\Users\palak\AppData\Roaming\Code\User\workspaceStorage\632f04cdbe9e26a6a5769c745b0508de\redhat.java -Daether.dependencyCollector.impl=bf 
java_command: c:\Users\palak\.vscode\extensions\redhat.java-1.40.0-win32-x64\server\plugins\org.eclipse.equinox.launcher_1.6.1000.v20250131-0606.jar -configuration c:\Users\palak\AppData\Roaming\Code\User\globalStorage\redhat.java\1.40.0\config_win -data c:\Users\palak\AppData\Roaming\Code\User\workspaceStorage\632f04cdbe9e26a6a5769c745b0508de\redhat.java\jdt_ws --pipe=\\.\pipe\lsp-edd4676a00426dea279edf91315794d9-sock
java_class_path (initial): c:\Users\palak\.vscode\extensions\redhat.java-1.40.0-win32-x64\server\plugins\org.eclipse.equinox.launcher_1.6.1000.v20250131-0606.jar
Launcher Type: SUN_STANDARD

[Global flags]
    uintx AdaptiveSizePolicyWeight                 = 90                                        {product} {command line}
     intx CICompilerCount                          = 3                                         {product} {ergonomic}
    uintx GCTimeRatio                              = 4                                         {product} {command line}
     bool HeapDumpOnOutOfMemoryError               = true                                   {manageable} {command line}
    ccstr HeapDumpPath                             = c:\Users\palak\AppData\Roaming\Code\User\workspaceStorage\632f04cdbe9e26a6a5769c745b0508de\redhat.java         {manageable} {command line}
   size_t InitialHeapSize                          = 104857600                                 {product} {command line}
   size_t MaxHeapSize                              = 1073741824                                {product} {command line}
   size_t MaxNewSize                               = 357564416                                 {product} {ergonomic}
   size_t MinHeapDeltaBytes                        = 524288                                    {product} {ergonomic}
   size_t MinHeapSize                              = 104857600                                 {product} {command line}
   size_t NewSize                                  = 34603008                                  {product} {ergonomic}
    uintx NonNMethodCodeHeapSize                   = 5832780                                {pd product} {ergonomic}
    uintx NonProfiledCodeHeapSize                  = 122912730                              {pd product} {ergonomic}
   size_t OldSize                                  = 70254592                                  {product} {ergonomic}
    uintx ProfiledCodeHeapSize                     = 122912730                              {pd product} {ergonomic}
    uintx ReservedCodeCacheSize                    = 251658240                              {pd product} {ergonomic}
     bool SegmentedCodeCache                       = true                                      {product} {ergonomic}
   size_t SoftMaxHeapSize                          = 1073741824                             {manageable} {ergonomic}
     bool UseCompressedOops                        = true                           {product lp64_product} {ergonomic}
     bool UseLargePagesIndividualAllocation        = false                                  {pd product} {ergonomic}
     bool UseParallelGC                            = true                                      {product} {command line}

Logging:
Log output configuration:
 #0: stdout all=off uptime,level,tags foldmultilines=false
 #1: stderr all=off uptime,level,tags foldmultilines=false

Environment Variables:
JAVA_HOME=C:\Users\palak\Downloads\java-21-openjdk-21.0.1.0.12-3.win.jdk.x86_64\java-21-openjdk-21.0.1.0.12-3.win.jdk.x86_64
PATH=C:\Program Files (x86)\Common Files\Oracle\Java\java8path;C:\Program Files (x86)\Common Files\Oracle\Java\javapath;C:\WINDOWS\system32;C:\WINDOWS;C:\WINDOWS\System32\Wbem;C:\WINDOWS\System32\WindowsPowerShell\v1.0\;C:\WINDOWS\System32\OpenSSH\;C:\Users\palak\Downloads\java-21-openjdk-21.0.1.0.12-3.win.jdk.x86_64\java-21-openjdk-21.0.1.0.12-3.win.jdk.x86_64\bin;C:\Users\palak\Downloads\apache-maven-3.9.8-bin\bin;c:\users\palak\appdata\local\packages\pythonsoftwarefoundation.python.3.11_qbz5n2kfra8p0\localcache\local-packages\python311\site-packages;C:\ProgramData\chocolatey\bin;C:\Program Files\nodejs\;C:\Users\palak\AppData\Local\Programs\Python\Python312\Scripts;C:\Program Files\Git\cmd;C:\Users\palak\Downloads\flutter_windows_3.27.3-stable\flutter\bin;C:\Users\palak\AppData\Local\Android\Sdk\cmdline-tools\latest\bin;C:\Users\palak\AppData\Local\Android\Sdk\platform-tools;C:\ffmpeg;C:\Program Files\MongoDB\Server\8.0\bin;C:\Users\palak\AppData\Local\Programs\Python\Python313\Scripts\;C:\Users\palak\AppData\Local\Programs\Python\Python313\;C:\Users\palak\AppData\Local\Programs\Python\Python312\Scripts\;C:\Users\palak\AppData\Local\Programs\Python\Python312\;C:\Users\palak\AppData\Local\Programs\Python\Launcher\;C:\Program Files\MySQL\MySQL Shell 8.0\bin\;C:\Users\palak\AppData\Local\Microsoft\WindowsApps;C:\Users\palak\AppData\Local\Programs\Microsoft VS Code\bin;C:\Program Files\JetBrains\IntelliJ IDEA Community Edition 2023.3.3\bin;C:\Users\palak\AppData\Local\JetBrains\CLion 2023.3.4\bin;C:\Program Files\JetBrains\PyCharm 2024.1.2\bin;C:\Program Files\JetBrains\PyCharm Community Edition 2024.1.4\bin;C:\Users\palak\AppData\Local\JetBrains\Toolbox\scripts;C:\Users\palak\AppData\Roaming\npm;C:\Users\palak\AppData\Local\GitHubDesktop\bin;C:\Users\palak\AppData\Local\Microsoft\WindowsApps;
USERNAME=palak
OS=Windows_NT
PROCESSOR_IDENTIFIER=AMD64 Family 23 Model 24 Stepping 1, AuthenticAMD
TMP=C:\Users\palak\AppData\Local\Temp
TEMP=C:\Users\palak\AppData\Local\Temp




Periodic native trim disabled

---------------  S Y S T E M  ---------------

OS:
 Windows 11 , 64 bit Build 26100 (10.0.26100.3323)
OS uptime: 1 days 0:02 hours

CPU: total 4 (initial active 4) (4 cores per cpu, 2 threads per core) family 23 model 24 stepping 1 microcode 0x8108109, cx8, cmov, fxsr, ht, mmx, 3dnowpref, sse, sse2, sse3, ssse3, sse4a, sse4.1, sse4.2, popcnt, lzcnt, tsc, tscinvbit, avx, avx2, aes, clmul, bmi1, bmi2, adx, sha, fma, vzeroupper, clflush, clflushopt, rdtscp, f16c
Processor Information for the first 4 processors :
  Max Mhz: 2600, Current Mhz: 2600, Mhz Limit: 2600

Memory: 4k page, system-wide physical 6086M (686M free)
TotalPageFile size 14278M (AvailPageFile size 5M)
current process WorkingSet (physical memory assigned to process): 365M, peak: 365M
current process commit charge ("private bytes"): 383M, peak: 384M

vm_info: OpenJDK 64-Bit Server VM (21.0.6+7-LTS) for windows-amd64 JRE (21.0.6+7-LTS), built on 2025-01-21T00:00:00Z by "admin" with MS VC++ 17.7 (VS2022)

END.
