#
# There is insufficient memory for the Java Runtime Environment to continue.
# Native memory allocation (malloc) failed to allocate 1088176 bytes. Error detail: Chunk::new
# Possible reasons:
#   The system is out of physical RAM or swap space
#   This process is running with CompressedOops enabled, and the Java Heap may be blocking the growth of the native heap
# Possible solutions:
#   Reduce memory load on the system
#   Increase physical memory or swap space
#   Check if swap backing store is full
#   Decrease Java heap size (-Xmx/-Xms)
#   Decrease number of Java threads
#   Decrease Java thread stack sizes (-Xss)
#   Set larger code cache with -XX:ReservedCodeCacheSize=
#   JVM is running with Unscaled Compressed Oops mode in which the Java heap is
#     placed in the first 4GB address space. The Java Heap base address is the
#     maximum limit for the native heap growth. Please use -XX:HeapBaseMinAddress
#     to set the Java Heap base and to place the Java Heap above 4GB virtual address.
# This output file may be truncated or incomplete.
#
#  Out of Memory Error (arena.cpp:168), pid=3460, tid=852
#
# JRE version: OpenJDK Runtime Environment Temurin-21.0.6+7 (21.0.6+7) (build 21.0.6+7-LTS)
# Java VM: OpenJDK 64-Bit Server VM Temurin-21.0.6+7 (21.0.6+7-LTS, mixed mode, sharing, tiered, compressed oops, compressed class ptrs, parallel gc, windows-amd64)
# No core dump will be written. Minidumps are not enabled by default on client versions of Windows
#

---------------  S U M M A R Y ------------

Command Line: --add-modules=ALL-SYSTEM --add-opens=java.base/java.util=ALL-UNNAMED --add-opens=java.base/java.lang=ALL-UNNAMED --add-opens=java.base/sun.nio.fs=ALL-UNNAMED -Declipse.application=org.eclipse.jdt.ls.core.id1 -Dosgi.bundles.defaultStartLevel=4 -Declipse.product=org.eclipse.jdt.ls.core.product -Djava.import.generatesMetadataFilesAtProjectRoot=false -DDetectVMInstallationsJob.disabled=true -Dfile.encoding=utf8 -XX:+UseParallelGC -XX:GCTimeRatio=4 -XX:AdaptiveSizePolicyWeight=90 -Dsun.zip.disableMemoryMapping=true -Xmx1G -Xms100m -Xlog:disable -javaagent:c:\Users\palak\.vscode\extensions\redhat.java-1.40.0-win32-x64\lombok\lombok-1.18.36.jar -XX:+HeapDumpOnOutOfMemoryError -XX:HeapDumpPath=c:\Users\palak\AppData\Roaming\Code\User\workspaceStorage\632f04cdbe9e26a6a5769c745b0508de\redhat.java -Daether.dependencyCollector.impl=bf c:\Users\palak\.vscode\extensions\redhat.java-1.40.0-win32-x64\server\plugins\org.eclipse.equinox.launcher_1.6.1000.v20250131-0606.jar -configuration c:\Users\palak\AppData\Roaming\Code\User\globalStorage\redhat.java\1.40.0\config_win -data c:\Users\palak\AppData\Roaming\Code\User\workspaceStorage\632f04cdbe9e26a6a5769c745b0508de\redhat.java\jdt_ws --pipe=\\.\pipe\lsp-15e683cc869cba86c46c1dfaf27c3a0c-sock

Host: AMD Ryzen 3 3250U with Radeon Graphics         , 4 cores, 5G,  Windows 11 , 64 bit Build 26100 (10.0.26100.3323)
Time: Mon Mar 24 00:38:10 2025 India Standard Time elapsed time: 95.601137 seconds (0d 0h 1m 35s)

---------------  T H R E A D  ---------------

Current thread (0x000002577419e260):  JavaThread "C2 CompilerThread1" daemon [_thread_in_native, id=852, stack(0x000000578d400000,0x000000578d500000) (1024K)]


Current CompileTask:
C2:95601 12581       4       java.lang.reflect.Field::get (39 bytes)

Stack: [0x000000578d400000,0x000000578d500000]
Native frames: (J=compiled Java code, j=interpreted, Vv=VM code, C=native code)
V  [jvm.dll+0x6cdee9]
V  [jvm.dll+0x8a83d1]
V  [jvm.dll+0x8aa8fe]
V  [jvm.dll+0x8aafe3]
V  [jvm.dll+0x27f706]
V  [jvm.dll+0xc500d]
V  [jvm.dll+0xc5543]
V  [jvm.dll+0x3b6752]
V  [jvm.dll+0x1dfe13]
V  [jvm.dll+0x247b42]
V  [jvm.dll+0x246fcf]
V  [jvm.dll+0x1c75ee]
V  [jvm.dll+0x25685a]
V  [jvm.dll+0x254dfa]
V  [jvm.dll+0x3f0256]
V  [jvm.dll+0x851f8b]
V  [jvm.dll+0x6cc5ed]
C  [ucrtbase.dll+0x37b0]
C  [KERNEL32.DLL+0x2e8d7]
C  [ntdll.dll+0xbbf6c]


---------------  P R O C E S S  ---------------

Threads class SMR info:
_java_thread_list=0x0000025773f45b80, length=45, elements={
0x00000257569d2910, 0x0000025756a8a620, 0x000002576acfff70, 0x000002576ad02530,
0x000002576ad03180, 0x000002576ad05460, 0x000002576ad10e70, 0x000002576ad13330,
0x000002576ad7da80, 0x000002576babf2b0, 0x000002576bd46ec0, 0x00000257706f5a50,
0x00000257704a52e0, 0x000002577082ac40, 0x0000025770839220, 0x0000025770b45450,
0x00000257710155e0, 0x0000025770103120, 0x00000257700ffca0, 0x0000025770102400,
0x0000025770102a90, 0x00000257701009c0, 0x0000025770100330, 0x0000025771c82130,
0x0000025771c80d80, 0x0000025771c80060, 0x0000025771c82e50, 0x0000025771c834e0,
0x0000025771c83b70, 0x0000025771c827c0, 0x0000025771c806f0, 0x0000025771c84200,
0x0000025771c84890, 0x0000025771c81410, 0x0000025771c87680, 0x0000025771c862d0,
0x0000025771c85c40, 0x0000025771c86960, 0x0000025773b37e20, 0x0000025773b363e0,
0x00000257714c23c0, 0x00000257714c30e0, 0x00000257714c4490, 0x000002577419e260,
0x00000257714c5840
}

Java Threads: ( => current thread )
  0x00000257569d2910 JavaThread "main"                              [_thread_blocked, id=13332, stack(0x000000578d600000,0x000000578d700000) (1024K)]
  0x0000025756a8a620 JavaThread "Reference Handler"          daemon [_thread_blocked, id=2228, stack(0x000000578da00000,0x000000578db00000) (1024K)]
  0x000002576acfff70 JavaThread "Finalizer"                  daemon [_thread_blocked, id=4780, stack(0x000000578db00000,0x000000578dc00000) (1024K)]
  0x000002576ad02530 JavaThread "Signal Dispatcher"          daemon [_thread_blocked, id=16408, stack(0x000000578dc00000,0x000000578dd00000) (1024K)]
  0x000002576ad03180 JavaThread "Attach Listener"            daemon [_thread_blocked, id=4076, stack(0x000000578dd00000,0x000000578de00000) (1024K)]
  0x000002576ad05460 JavaThread "Service Thread"             daemon [_thread_blocked, id=16204, stack(0x000000578de00000,0x000000578df00000) (1024K)]
  0x000002576ad10e70 JavaThread "Monitor Deflation Thread"   daemon [_thread_blocked, id=13740, stack(0x000000578df00000,0x000000578e000000) (1024K)]
  0x000002576ad13330 JavaThread "C2 CompilerThread0"         daemon [_thread_in_native, id=13804, stack(0x000000578e000000,0x000000578e100000) (1024K)]
  0x000002576ad7da80 JavaThread "C1 CompilerThread0"         daemon [_thread_blocked, id=11804, stack(0x000000578e100000,0x000000578e200000) (1024K)]
  0x000002576babf2b0 JavaThread "Common-Cleaner"             daemon [_thread_blocked, id=3508, stack(0x000000578e200000,0x000000578e300000) (1024K)]
  0x000002576bd46ec0 JavaThread "Notification Thread"        daemon [_thread_blocked, id=19304, stack(0x000000578e300000,0x000000578e400000) (1024K)]
  0x00000257706f5a50 JavaThread "Active Thread: Equinox Container: 56e27210-b3b7-41ca-8e94-e6689e62f80c"        [_thread_blocked, id=10072, stack(0x000000578e800000,0x000000578e900000) (1024K)]
  0x00000257704a52e0 JavaThread "Refresh Thread: Equinox Container: 56e27210-b3b7-41ca-8e94-e6689e62f80c" daemon [_thread_blocked, id=11540, stack(0x000000578e900000,0x000000578ea00000) (1024K)]
  0x000002577082ac40 JavaThread "Framework Event Dispatcher: Equinox Container: 56e27210-b3b7-41ca-8e94-e6689e62f80c" daemon [_thread_blocked, id=11352, stack(0x000000578ea00000,0x000000578eb00000) (1024K)]
  0x0000025770839220 JavaThread "Start Level: Equinox Container: 56e27210-b3b7-41ca-8e94-e6689e62f80c" daemon [_thread_blocked, id=17936, stack(0x000000578eb00000,0x000000578ec00000) (1024K)]
  0x0000025770b45450 JavaThread "Bundle File Closer"         daemon [_thread_blocked, id=19144, stack(0x000000578ec00000,0x000000578ed00000) (1024K)]
  0x00000257710155e0 JavaThread "SCR Component Actor"        daemon [_thread_blocked, id=18956, stack(0x000000578e400000,0x000000578e500000) (1024K)]
  0x0000025770103120 JavaThread "Worker-JM"                         [_thread_blocked, id=19160, stack(0x000000578ee00000,0x000000578ef00000) (1024K)]
  0x00000257700ffca0 JavaThread "JNA Cleaner"                daemon [_thread_blocked, id=4660, stack(0x000000578ef00000,0x000000578f000000) (1024K)]
  0x0000025770102400 JavaThread "Worker-0: Publish Diagnostics"        [_thread_in_Java, id=15548, stack(0x000000578f000000,0x000000578f100000) (1024K)]
  0x0000025770102a90 JavaThread "Worker-1"                          [_thread_blocked, id=13120, stack(0x000000578f100000,0x000000578f200000) (1024K)]
  0x00000257701009c0 JavaThread "Worker-2: Initialize workspace"        [_thread_in_native, id=7816, stack(0x000000578f300000,0x000000578f400000) (1024K)]
  0x0000025770100330 JavaThread "Java indexing"              daemon [_thread_blocked, id=13432, stack(0x000000578f400000,0x000000578f500000) (1024K)]
  0x0000025771c82130 JavaThread "Worker-3"                          [_thread_blocked, id=17016, stack(0x000000578f700000,0x000000578f800000) (1024K)]
  0x0000025771c80d80 JavaThread "Worker-4"                          [_thread_blocked, id=16948, stack(0x000000578f800000,0x000000578f900000) (1024K)]
  0x0000025771c80060 JavaThread "Thread-2"                   daemon [_thread_in_native, id=6496, stack(0x000000578f900000,0x000000578fa00000) (1024K)]
  0x0000025771c82e50 JavaThread "Thread-3"                   daemon [_thread_in_native, id=13860, stack(0x000000578fa00000,0x000000578fb00000) (1024K)]
  0x0000025771c834e0 JavaThread "Thread-4"                   daemon [_thread_in_native, id=11876, stack(0x000000578fb00000,0x000000578fc00000) (1024K)]
  0x0000025771c83b70 JavaThread "Thread-5"                   daemon [_thread_in_native, id=10092, stack(0x000000578fc00000,0x000000578fd00000) (1024K)]
  0x0000025771c827c0 JavaThread "Thread-6"                   daemon [_thread_in_native, id=18852, stack(0x000000578fd00000,0x000000578fe00000) (1024K)]
  0x0000025771c806f0 JavaThread "pool-2-thread-1"                   [_thread_blocked, id=7900, stack(0x000000578fe00000,0x000000578ff00000) (1024K)]
  0x0000025771c84200 JavaThread "WorkspaceEventsHandler"            [_thread_blocked, id=2168, stack(0x000000578ff00000,0x0000005790000000) (1024K)]
  0x0000025771c84890 JavaThread "pool-1-thread-1"                   [_thread_blocked, id=16856, stack(0x0000005790000000,0x0000005790100000) (1024K)]
  0x0000025771c81410 JavaThread "Worker-5: Initialize Workspace"        [_thread_blocked, id=1424, stack(0x000000578ed00000,0x000000578ee00000) (1024K)]
  0x0000025771c87680 JavaThread "LocalFile Deleter"          daemon [_thread_blocked, id=1400, stack(0x0000005790100000,0x0000005790200000) (1024K)]
  0x0000025771c862d0 JavaThread "LocalFile Deleter"          daemon [_thread_blocked, id=19032, stack(0x0000005790200000,0x0000005790300000) (1024K)]
  0x0000025771c85c40 JavaThread "Compiler Source File Reader" daemon [_thread_blocked, id=13404, stack(0x0000005790400000,0x0000005790500000) (1024K)]
  0x0000025771c86960 JavaThread "Compiler Source File Reader" daemon [_thread_blocked, id=18848, stack(0x0000005790500000,0x0000005790600000) (1024K)]
  0x0000025773b37e20 JavaThread "Compiler Class File Writer" daemon [_thread_blocked, id=6236, stack(0x0000005790800000,0x0000005790900000) (1024K)]
  0x0000025773b363e0 JavaThread "Compiler Class File Writer" daemon [_thread_blocked, id=4104, stack(0x0000005790900000,0x0000005790a00000) (1024K)]
  0x00000257714c23c0 JavaThread "ForkJoinPool.commonPool-worker-1" daemon [_thread_blocked, id=18176, stack(0x000000578d300000,0x000000578d400000) (1024K)]
  0x00000257714c30e0 JavaThread "SCR Component Registry"     daemon [_thread_blocked, id=7960, stack(0x000000578d500000,0x000000578d600000) (1024K)]
  0x00000257714c4490 JavaThread "ForkJoinPool.commonPool-worker-2" daemon [_thread_in_vm, id=9816, stack(0x000000578f200000,0x000000578f300000) (1024K)]
=>0x000002577419e260 JavaThread "C2 CompilerThread1"         daemon [_thread_in_native, id=852, stack(0x000000578d400000,0x000000578d500000) (1024K)]
  0x00000257714c5840 JavaThread "ForkJoinPool.commonPool-worker-3" daemon [_thread_blocked, id=16640, stack(0x0000005790300000,0x0000005790400000) (1024K)]
Total: 45

Other Threads:
  0x0000025756a6e460 VMThread "VM Thread"                           [id=18208, stack(0x000000578d900000,0x000000578da00000) (1024K)]
  0x000002576ac9ca00 WatcherThread "VM Periodic Task Thread"        [id=17560, stack(0x000000578d800000,0x000000578d900000) (1024K)]
  0x00000257569f1b90 WorkerThread "GC Thread#0"                     [id=14748, stack(0x000000578d700000,0x000000578d800000) (1024K)]
  0x00000257702e8dd0 WorkerThread "GC Thread#1"                     [id=16124, stack(0x000000578e500000,0x000000578e600000) (1024K)]
  0x0000025770294260 WorkerThread "GC Thread#2"                     [id=15908, stack(0x000000578e600000,0x000000578e700000) (1024K)]
  0x0000025770294a10 WorkerThread "GC Thread#3"                     [id=4592, stack(0x000000578e700000,0x000000578e800000) (1024K)]
Total: 6

Threads with active compile tasks:
C2 CompilerThread0  95663 12592       4       java.util.Properties::load0 (249 bytes)
C2 CompilerThread1  95663 12581       4       java.lang.reflect.Field::get (39 bytes)
Total: 2

VM state: not at safepoint (normal execution)

VM Mutex/Monitor currently owned by a thread: None

Heap address: 0x00000000c0000000, size: 1024 MB, Compressed Oops mode: 32-bit

CDS archive(s) mapped at: [0x0000025700000000-0x0000025700ba0000-0x0000025700ba0000), size 12189696, SharedBaseAddress: 0x0000025700000000, ArchiveRelocationMode: 1.
Compressed class space mapped at: 0x0000025701000000-0x0000025741000000, reserved size: 1073741824
Narrow klass base: 0x0000025700000000, Narrow klass shift: 0, Narrow klass range: 0x100000000

GC Precious Log:
 CardTable entry size: 512
 CPUs: 4 total, 4 available
 Memory: 6086M
 Large Page Support: Disabled
 NUMA Support: Disabled
 Compressed Oops: Enabled (32-bit)
 Alignments: Space 512K, Generation 512K, Heap 2M
 Heap Min Capacity: 100M
 Heap Initial Capacity: 100M
 Heap Max Capacity: 1G
 Pre-touch: Disabled
 Parallel Workers: 4

Heap:
 PSYoungGen      total 4608K, used 3466K [0x00000000eab00000, 0x00000000eb180000, 0x0000000100000000)
  eden space 4096K, 76% used [0x00000000eab00000,0x00000000eae129b8,0x00000000eaf00000)
  from space 512K, 62% used [0x00000000eb080000,0x00000000eb0d0000,0x00000000eb100000)
  to   space 512K, 0% used [0x00000000eb100000,0x00000000eb100000,0x00000000eb180000)
 ParOldGen       total 399872K, used 399430K [0x00000000c0000000, 0x00000000d8680000, 0x00000000eab00000)
  object space 399872K, 99% used [0x00000000c0000000,0x00000000d86119c0,0x00000000d8680000)
 Metaspace       used 66030K, committed 67584K, reserved 1114112K
  class space    used 6706K, committed 7360K, reserved 1048576K

Card table byte_map: [0x0000025756370000,0x0000025756580000] _byte_map_base: 0x0000025755d70000

Marking Bits: (ParMarkBitMap*) 0x00007ffd73153260
 Begin Bits: [0x0000025768bc0000, 0x0000025769bc0000)
 End Bits:   [0x0000025769bc0000, 0x000002576abc0000)

Polling page: 0x00000257546d0000

Metaspace:

Usage:
  Non-class:     57.93 MB used.
      Class:      6.55 MB used.
       Both:     64.48 MB used.

Virtual space:
  Non-class space:       64.00 MB reserved,      58.81 MB ( 92%) committed,  1 nodes.
      Class space:        1.00 GB reserved,       7.19 MB ( <1%) committed,  1 nodes.
             Both:        1.06 GB reserved,      66.00 MB (  6%) committed. 

Chunk freelists:
   Non-Class:  4.48 MB
       Class:  8.78 MB
        Both:  13.26 MB

MaxMetaspaceSize: unlimited
CompressedClassSpaceSize: 1.00 GB
Initial GC threshold: 21.00 MB
Current GC threshold: 105.25 MB
CDS: on
 - commit_granule_bytes: 65536.
 - commit_granule_words: 8192.
 - virtual_space_node_default_size: 8388608.
 - enlarge_chunks_in_place: 1.
 - use_allocation_guard: 0.


Internal statistics:

num_allocs_failed_limit: 9.
num_arena_births: 1220.
num_arena_deaths: 16.
num_vsnodes_births: 2.
num_vsnodes_deaths: 0.
num_space_committed: 1056.
num_space_uncommitted: 0.
num_chunks_returned_to_freelist: 25.
num_chunks_taken_from_freelist: 4382.
num_chunk_merges: 15.
num_chunk_splits: 2663.
num_chunks_enlarged: 1467.
num_inconsistent_stats: 0.

CodeHeap 'non-profiled nmethods': size=120000Kb used=9682Kb max_used=9682Kb free=110317Kb
 bounds [0x0000025761690000, 0x0000025762020000, 0x0000025768bc0000]
CodeHeap 'profiled nmethods': size=120000Kb used=25230Kb max_used=26594Kb free=94769Kb
 bounds [0x0000025759bc0000, 0x000002575b5d0000, 0x00000257610f0000]
CodeHeap 'non-nmethods': size=5760Kb used=1442Kb max_used=1506Kb free=4317Kb
 bounds [0x00000257610f0000, 0x0000025761360000, 0x0000025761690000]
 total_blobs=11696 nmethods=10934 adapters=667
 compilation: enabled
              stopped_count=0, restarted_count=0
 full_count=0

Compilation events (20 events):
Event: 95.281 Thread 0x000002576ad7da80 12583       3       java.lang.invoke.VarHandleGuards::guard_LL_V (123 bytes)
Event: 95.282 Thread 0x000002576ad13330 nmethod 12582 0x0000025761bb1610 code [0x0000025761bb18a0, 0x0000025761bb2228]
Event: 95.284 Thread 0x000002576ad7da80 nmethod 12583 0x000002575aa5a110 code [0x000002575aa5a520, 0x000002575aa5c7a8]
Event: 95.285 Thread 0x000002576ad13330 12584       4       java.lang.invoke.DirectMethodHandle::make (21 bytes)
Event: 95.287 Thread 0x000002576ad13330 nmethod 12584 0x0000025761bb1310 code [0x0000025761bb14a0, 0x0000025761bb1568]
Event: 95.287 Thread 0x000002576ad13330 12585       4       java.lang.invoke.MethodHandles$Lookup::checkField (58 bytes)
Event: 95.292 Thread 0x000002576ad7da80 12586       1       com.google.gson.stream.JsonReader::getStrictness (5 bytes)
Event: 95.293 Thread 0x000002576ad7da80 nmethod 12586 0x0000025761bb1010 code [0x0000025761bb11a0, 0x0000025761bb1268]
Event: 95.293 Thread 0x000002576ad13330 nmethod 12585 0x0000025761bb0790 code [0x0000025761bb0960, 0x0000025761bb0c90]
Event: 95.301 Thread 0x000002576ad13330 12587       4       java.lang.invoke.MethodHandles$Lookup::getDirectFieldCommon (67 bytes)
Event: 95.309 Thread 0x000002576ad13330 nmethod 12587 0x0000025761bafb10 code [0x0000025761bafd20, 0x0000025761bb0238]
Event: 95.310 Thread 0x000002576ad13330 12588   !   4       java.io.WinNTFileSystem::resolve (362 bytes)
Event: 95.333 Thread 0x000002576ad13330 nmethod 12588 0x0000025761906190 code [0x0000025761906420, 0x00000257619073c0]
Event: 95.344 Thread 0x000002576ad13330 12589       4       org.eclipse.jdt.internal.compiler.util.HashtableOfInt::put (95 bytes)
Event: 95.367 Thread 0x000002576ad13330 nmethod 12589 0x0000025761baf310 code [0x0000025761baf4e0, 0x0000025761baf830]
Event: 95.367 Thread 0x000002576ad13330 12590       4       java.lang.invoke.MethodHandles$Lookup::unreflectField (126 bytes)
Event: 95.381 Thread 0x000002576ad13330 nmethod 12590 0x0000025761905090 code [0x00000257619052e0, 0x00000257619059c8]
Event: 95.427 Thread 0x000002576ad13330 12591       4       org.eclipse.jdt.internal.core.util.HashSetOfArray::hashCode (35 bytes)
Event: 95.431 Thread 0x000002576ad13330 nmethod 12591 0x0000025761baed10 code [0x0000025761baeec0, 0x0000025761baf100]
Event: 95.492 Thread 0x000002576ad13330 12592       4       java.util.Properties::load0 (249 bytes)

GC Heap History (20 events):
Event: 94.947 GC heap before
{Heap before GC invocations=1311 (full 4):
 PSYoungGen      total 4608K, used 4224K [0x00000000eab00000, 0x00000000eb180000, 0x0000000100000000)
  eden space 4096K, 100% used [0x00000000eab00000,0x00000000eaf00000,0x00000000eaf00000)
  from space 512K, 25% used [0x00000000eb100000,0x00000000eb120000,0x00000000eb180000)
  to   space 512K, 0% used [0x00000000eb080000,0x00000000eb080000,0x00000000eb100000)
 ParOldGen       total 397824K, used 397497K [0x00000000c0000000, 0x00000000d8480000, 0x00000000eab00000)
  object space 397824K, 99% used [0x00000000c0000000,0x00000000d842e560,0x00000000d8480000)
 Metaspace       used 65850K, committed 67392K, reserved 1114112K
  class space    used 6698K, committed 7360K, reserved 1048576K
}
Event: 94.950 GC heap after
{Heap after GC invocations=1311 (full 4):
 PSYoungGen      total 4608K, used 192K [0x00000000eab00000, 0x00000000eb180000, 0x0000000100000000)
  eden space 4096K, 0% used [0x00000000eab00000,0x00000000eab00000,0x00000000eaf00000)
  from space 512K, 37% used [0x00000000eb080000,0x00000000eb0b0000,0x00000000eb100000)
  to   space 512K, 0% used [0x00000000eb100000,0x00000000eb100000,0x00000000eb180000)
 ParOldGen       total 397824K, used 397585K [0x00000000c0000000, 0x00000000d8480000, 0x00000000eab00000)
  object space 397824K, 99% used [0x00000000c0000000,0x00000000d8444560,0x00000000d8480000)
 Metaspace       used 65850K, committed 67392K, reserved 1114112K
  class space    used 6698K, committed 7360K, reserved 1048576K
}
Event: 94.982 GC heap before
{Heap before GC invocations=1312 (full 4):
 PSYoungGen      total 4608K, used 4288K [0x00000000eab00000, 0x00000000eb180000, 0x0000000100000000)
  eden space 4096K, 100% used [0x00000000eab00000,0x00000000eaf00000,0x00000000eaf00000)
  from space 512K, 37% used [0x00000000eb080000,0x00000000eb0b0000,0x00000000eb100000)
  to   space 512K, 0% used [0x00000000eb100000,0x00000000eb100000,0x00000000eb180000)
 ParOldGen       total 397824K, used 397585K [0x00000000c0000000, 0x00000000d8480000, 0x00000000eab00000)
  object space 397824K, 99% used [0x00000000c0000000,0x00000000d8444560,0x00000000d8480000)
 Metaspace       used 65941K, committed 67456K, reserved 1114112K
  class space    used 6700K, committed 7360K, reserved 1048576K
}
Event: 94.984 GC heap after
{Heap after GC invocations=1312 (full 4):
 PSYoungGen      total 4608K, used 343K [0x00000000eab00000, 0x00000000eb180000, 0x0000000100000000)
  eden space 4096K, 0% used [0x00000000eab00000,0x00000000eab00000,0x00000000eaf00000)
  from space 512K, 67% used [0x00000000eb100000,0x00000000eb155d50,0x00000000eb180000)
  to   space 512K, 0% used [0x00000000eb080000,0x00000000eb080000,0x00000000eb100000)
 ParOldGen       total 397824K, used 397705K [0x00000000c0000000, 0x00000000d8480000, 0x00000000eab00000)
  object space 397824K, 99% used [0x00000000c0000000,0x00000000d8462560,0x00000000d8480000)
 Metaspace       used 65941K, committed 67456K, reserved 1114112K
  class space    used 6700K, committed 7360K, reserved 1048576K
}
Event: 95.022 GC heap before
{Heap before GC invocations=1313 (full 4):
 PSYoungGen      total 4608K, used 4439K [0x00000000eab00000, 0x00000000eb180000, 0x0000000100000000)
  eden space 4096K, 100% used [0x00000000eab00000,0x00000000eaf00000,0x00000000eaf00000)
  from space 512K, 67% used [0x00000000eb100000,0x00000000eb155d50,0x00000000eb180000)
  to   space 512K, 0% used [0x00000000eb080000,0x00000000eb080000,0x00000000eb100000)
 ParOldGen       total 397824K, used 397705K [0x00000000c0000000, 0x00000000d8480000, 0x00000000eab00000)
  object space 397824K, 99% used [0x00000000c0000000,0x00000000d8462560,0x00000000d8480000)
 Metaspace       used 65998K, committed 67520K, reserved 1114112K
  class space    used 6703K, committed 7360K, reserved 1048576K
}
Event: 95.024 GC heap after
{Heap after GC invocations=1313 (full 4):
 PSYoungGen      total 4608K, used 256K [0x00000000eab00000, 0x00000000eb180000, 0x0000000100000000)
  eden space 4096K, 0% used [0x00000000eab00000,0x00000000eab00000,0x00000000eaf00000)
  from space 512K, 50% used [0x00000000eb080000,0x00000000eb0c0020,0x00000000eb100000)
  to   space 512K, 0% used [0x00000000eb100000,0x00000000eb100000,0x00000000eb180000)
 ParOldGen       total 397824K, used 397793K [0x00000000c0000000, 0x00000000d8480000, 0x00000000eab00000)
  object space 397824K, 99% used [0x00000000c0000000,0x00000000d8478560,0x00000000d8480000)
 Metaspace       used 65998K, committed 67520K, reserved 1114112K
  class space    used 6703K, committed 7360K, reserved 1048576K
}
Event: 95.087 GC heap before
{Heap before GC invocations=1314 (full 4):
 PSYoungGen      total 4608K, used 4352K [0x00000000eab00000, 0x00000000eb180000, 0x0000000100000000)
  eden space 4096K, 100% used [0x00000000eab00000,0x00000000eaf00000,0x00000000eaf00000)
  from space 512K, 50% used [0x00000000eb080000,0x00000000eb0c0020,0x00000000eb100000)
  to   space 512K, 0% used [0x00000000eb100000,0x00000000eb100000,0x00000000eb180000)
 ParOldGen       total 397824K, used 397793K [0x00000000c0000000, 0x00000000d8480000, 0x00000000eab00000)
  object space 397824K, 99% used [0x00000000c0000000,0x00000000d8478560,0x00000000d8480000)
 Metaspace       used 66004K, committed 67520K, reserved 1114112K
  class space    used 6703K, committed 7360K, reserved 1048576K
}
Event: 95.089 GC heap after
{Heap after GC invocations=1314 (full 4):
 PSYoungGen      total 4608K, used 355K [0x00000000eab00000, 0x00000000eb180000, 0x0000000100000000)
  eden space 4096K, 0% used [0x00000000eab00000,0x00000000eab00000,0x00000000eaf00000)
  from space 512K, 69% used [0x00000000eb100000,0x00000000eb158e50,0x00000000eb180000)
  to   space 512K, 0% used [0x00000000eb080000,0x00000000eb080000,0x00000000eb100000)
 ParOldGen       total 398336K, used 397993K [0x00000000c0000000, 0x00000000d8500000, 0x00000000eab00000)
  object space 398336K, 99% used [0x00000000c0000000,0x00000000d84aa580,0x00000000d8500000)
 Metaspace       used 66004K, committed 67520K, reserved 1114112K
  class space    used 6703K, committed 7360K, reserved 1048576K
}
Event: 95.124 GC heap before
{Heap before GC invocations=1315 (full 4):
 PSYoungGen      total 4608K, used 4451K [0x00000000eab00000, 0x00000000eb180000, 0x0000000100000000)
  eden space 4096K, 100% used [0x00000000eab00000,0x00000000eaf00000,0x00000000eaf00000)
  from space 512K, 69% used [0x00000000eb100000,0x00000000eb158e50,0x00000000eb180000)
  to   space 512K, 0% used [0x00000000eb080000,0x00000000eb080000,0x00000000eb100000)
 ParOldGen       total 398336K, used 397993K [0x00000000c0000000, 0x00000000d8500000, 0x00000000eab00000)
  object space 398336K, 99% used [0x00000000c0000000,0x00000000d84aa580,0x00000000d8500000)
 Metaspace       used 66004K, committed 67520K, reserved 1114112K
  class space    used 6703K, committed 7360K, reserved 1048576K
}
Event: 95.127 GC heap after
{Heap after GC invocations=1315 (full 4):
 PSYoungGen      total 4608K, used 328K [0x00000000eab00000, 0x00000000eb180000, 0x0000000100000000)
  eden space 4096K, 0% used [0x00000000eab00000,0x00000000eab00000,0x00000000eaf00000)
  from space 512K, 64% used [0x00000000eb080000,0x00000000eb0d2300,0x00000000eb100000)
  to   space 512K, 0% used [0x00000000eb100000,0x00000000eb100000,0x00000000eb180000)
 ParOldGen       total 398336K, used 398212K [0x00000000c0000000, 0x00000000d8500000, 0x00000000eab00000)
  object space 398336K, 99% used [0x00000000c0000000,0x00000000d84e1208,0x00000000d8500000)
 Metaspace       used 66004K, committed 67520K, reserved 1114112K
  class space    used 6703K, committed 7360K, reserved 1048576K
}
Event: 95.158 GC heap before
{Heap before GC invocations=1316 (full 4):
 PSYoungGen      total 4608K, used 4424K [0x00000000eab00000, 0x00000000eb180000, 0x0000000100000000)
  eden space 4096K, 100% used [0x00000000eab00000,0x00000000eaf00000,0x00000000eaf00000)
  from space 512K, 64% used [0x00000000eb080000,0x00000000eb0d2300,0x00000000eb100000)
  to   space 512K, 0% used [0x00000000eb100000,0x00000000eb100000,0x00000000eb180000)
 ParOldGen       total 398336K, used 398212K [0x00000000c0000000, 0x00000000d8500000, 0x00000000eab00000)
  object space 398336K, 99% used [0x00000000c0000000,0x00000000d84e1208,0x00000000d8500000)
 Metaspace       used 66004K, committed 67520K, reserved 1114112K
  class space    used 6703K, committed 7360K, reserved 1048576K
}
Event: 95.160 GC heap after
{Heap after GC invocations=1316 (full 4):
 PSYoungGen      total 4608K, used 160K [0x00000000eab00000, 0x00000000eb180000, 0x0000000100000000)
  eden space 4096K, 0% used [0x00000000eab00000,0x00000000eab00000,0x00000000eaf00000)
  from space 512K, 31% used [0x00000000eb100000,0x00000000eb128000,0x00000000eb180000)
  to   space 512K, 0% used [0x00000000eb080000,0x00000000eb080000,0x00000000eb100000)
 ParOldGen       total 398848K, used 398356K [0x00000000c0000000, 0x00000000d8580000, 0x00000000eab00000)
  object space 398848K, 99% used [0x00000000c0000000,0x00000000d85051f8,0x00000000d8580000)
 Metaspace       used 66004K, committed 67520K, reserved 1114112K
  class space    used 6703K, committed 7360K, reserved 1048576K
}
Event: 95.187 GC heap before
{Heap before GC invocations=1317 (full 4):
 PSYoungGen      total 4608K, used 4256K [0x00000000eab00000, 0x00000000eb180000, 0x0000000100000000)
  eden space 4096K, 100% used [0x00000000eab00000,0x00000000eaf00000,0x00000000eaf00000)
  from space 512K, 31% used [0x00000000eb100000,0x00000000eb128000,0x00000000eb180000)
  to   space 512K, 0% used [0x00000000eb080000,0x00000000eb080000,0x00000000eb100000)
 ParOldGen       total 398848K, used 398356K [0x00000000c0000000, 0x00000000d8580000, 0x00000000eab00000)
  object space 398848K, 99% used [0x00000000c0000000,0x00000000d85051f8,0x00000000d8580000)
 Metaspace       used 66007K, committed 67584K, reserved 1114112K
  class space    used 6703K, committed 7360K, reserved 1048576K
}
Event: 95.190 GC heap after
{Heap after GC invocations=1317 (full 4):
 PSYoungGen      total 4608K, used 401K [0x00000000eab00000, 0x00000000eb180000, 0x0000000100000000)
  eden space 4096K, 0% used [0x00000000eab00000,0x00000000eab00000,0x00000000eaf00000)
  from space 512K, 78% used [0x00000000eb080000,0x00000000eb0e4480,0x00000000eb100000)
  to   space 512K, 0% used [0x00000000eb100000,0x00000000eb100000,0x00000000eb180000)
 ParOldGen       total 398848K, used 398452K [0x00000000c0000000, 0x00000000d8580000, 0x00000000eab00000)
  object space 398848K, 99% used [0x00000000c0000000,0x00000000d851d1f8,0x00000000d8580000)
 Metaspace       used 66007K, committed 67584K, reserved 1114112K
  class space    used 6703K, committed 7360K, reserved 1048576K
}
Event: 95.267 GC heap before
{Heap before GC invocations=1318 (full 4):
 PSYoungGen      total 4608K, used 4422K [0x00000000eab00000, 0x00000000eb180000, 0x0000000100000000)
  eden space 4096K, 98% used [0x00000000eab00000,0x00000000eaeed3d8,0x00000000eaf00000)
  from space 512K, 78% used [0x00000000eb080000,0x00000000eb0e4480,0x00000000eb100000)
  to   space 512K, 0% used [0x00000000eb100000,0x00000000eb100000,0x00000000eb180000)
 ParOldGen       total 398848K, used 398452K [0x00000000c0000000, 0x00000000d8580000, 0x00000000eab00000)
  object space 398848K, 99% used [0x00000000c0000000,0x00000000d851d1f8,0x00000000d8580000)
 Metaspace       used 66009K, committed 67584K, reserved 1114112K
  class space    used 6703K, committed 7360K, reserved 1048576K
}
Event: 95.269 GC heap after
{Heap after GC invocations=1318 (full 4):
 PSYoungGen      total 4608K, used 257K [0x00000000eab00000, 0x00000000eb180000, 0x0000000100000000)
  eden space 4096K, 0% used [0x00000000eab00000,0x00000000eab00000,0x00000000eaf00000)
  from space 512K, 50% used [0x00000000eb100000,0x00000000eb140488,0x00000000eb180000)
  to   space 512K, 0% used [0x00000000eb080000,0x00000000eb080000,0x00000000eb100000)
 ParOldGen       total 398848K, used 398747K [0x00000000c0000000, 0x00000000d8580000, 0x00000000eab00000)
  object space 398848K, 99% used [0x00000000c0000000,0x00000000d8566dd0,0x00000000d8580000)
 Metaspace       used 66009K, committed 67584K, reserved 1114112K
  class space    used 6703K, committed 7360K, reserved 1048576K
}
Event: 95.297 GC heap before
{Heap before GC invocations=1319 (full 4):
 PSYoungGen      total 4608K, used 4353K [0x00000000eab00000, 0x00000000eb180000, 0x0000000100000000)
  eden space 4096K, 100% used [0x00000000eab00000,0x00000000eaf00000,0x00000000eaf00000)
  from space 512K, 50% used [0x00000000eb100000,0x00000000eb140488,0x00000000eb180000)
  to   space 512K, 0% used [0x00000000eb080000,0x00000000eb080000,0x00000000eb100000)
 ParOldGen       total 398848K, used 398747K [0x00000000c0000000, 0x00000000d8580000, 0x00000000eab00000)
  object space 398848K, 99% used [0x00000000c0000000,0x00000000d8566dd0,0x00000000d8580000)
 Metaspace       used 66009K, committed 67584K, reserved 1114112K
  class space    used 6703K, committed 7360K, reserved 1048576K
}
Event: 95.300 GC heap after
{Heap after GC invocations=1319 (full 4):
 PSYoungGen      total 4608K, used 461K [0x00000000eab00000, 0x00000000eb180000, 0x0000000100000000)
  eden space 4096K, 0% used [0x00000000eab00000,0x00000000eab00000,0x00000000eaf00000)
  from space 512K, 90% used [0x00000000eb080000,0x00000000eb0f3630,0x00000000eb100000)
  to   space 512K, 0% used [0x00000000eb100000,0x00000000eb100000,0x00000000eb180000)
 ParOldGen       total 399360K, used 398934K [0x00000000c0000000, 0x00000000d8600000, 0x00000000eab00000)
  object space 399360K, 99% used [0x00000000c0000000,0x00000000d85959b8,0x00000000d8600000)
 Metaspace       used 66009K, committed 67584K, reserved 1114112K
  class space    used 6703K, committed 7360K, reserved 1048576K
}
Event: 95.361 GC heap before
{Heap before GC invocations=1320 (full 4):
 PSYoungGen      total 4608K, used 4557K [0x00000000eab00000, 0x00000000eb180000, 0x0000000100000000)
  eden space 4096K, 100% used [0x00000000eab00000,0x00000000eaf00000,0x00000000eaf00000)
  from space 512K, 90% used [0x00000000eb080000,0x00000000eb0f3630,0x00000000eb100000)
  to   space 512K, 0% used [0x00000000eb100000,0x00000000eb100000,0x00000000eb180000)
 ParOldGen       total 399360K, used 398934K [0x00000000c0000000, 0x00000000d8600000, 0x00000000eab00000)
  object space 399360K, 99% used [0x00000000c0000000,0x00000000d85959b8,0x00000000d8600000)
 Metaspace       used 66009K, committed 67584K, reserved 1114112K
  class space    used 6703K, committed 7360K, reserved 1048576K
}
Event: 95.363 GC heap after
{Heap after GC invocations=1320 (full 4):
 PSYoungGen      total 4608K, used 160K [0x00000000eab00000, 0x00000000eb180000, 0x0000000100000000)
  eden space 4096K, 0% used [0x00000000eab00000,0x00000000eab00000,0x00000000eaf00000)
  from space 512K, 31% used [0x00000000eb100000,0x00000000eb128000,0x00000000eb180000)
  to   space 512K, 0% used [0x00000000eb080000,0x00000000eb080000,0x00000000eb100000)
 ParOldGen       total 399360K, used 399334K [0x00000000c0000000, 0x00000000d8600000, 0x00000000eab00000)
  object space 399360K, 99% used [0x00000000c0000000,0x00000000d85f99c0,0x00000000d8600000)
 Metaspace       used 66009K, committed 67584K, reserved 1114112K
  class space    used 6703K, committed 7360K, reserved 1048576K
}

Dll operation events (12 events):
Event: 0.026 Loaded shared library c:\Users\palak\.vscode\extensions\redhat.java-1.40.0-win32-x64\jre\21.0.6-win32-x86_64\bin\java.dll
Event: 0.347 Loaded shared library c:\Users\palak\.vscode\extensions\redhat.java-1.40.0-win32-x64\jre\21.0.6-win32-x86_64\bin\zip.dll
Event: 0.482 Loaded shared library C:\Users\palak\.vscode\extensions\redhat.java-1.40.0-win32-x64\jre\21.0.6-win32-x86_64\bin\instrument.dll
Event: 0.518 Loaded shared library C:\Users\palak\.vscode\extensions\redhat.java-1.40.0-win32-x64\jre\21.0.6-win32-x86_64\bin\net.dll
Event: 0.534 Loaded shared library C:\Users\palak\.vscode\extensions\redhat.java-1.40.0-win32-x64\jre\21.0.6-win32-x86_64\bin\nio.dll
Event: 0.562 Loaded shared library C:\Users\palak\.vscode\extensions\redhat.java-1.40.0-win32-x64\jre\21.0.6-win32-x86_64\bin\zip.dll
Event: 0.600 Loaded shared library C:\Users\palak\.vscode\extensions\redhat.java-1.40.0-win32-x64\jre\21.0.6-win32-x86_64\bin\jimage.dll
Event: 1.032 Loaded shared library c:\Users\palak\.vscode\extensions\redhat.java-1.40.0-win32-x64\jre\21.0.6-win32-x86_64\bin\verify.dll
Event: 5.176 Loaded shared library C:\Users\palak\AppData\Roaming\Code\User\globalStorage\redhat.java\1.40.0\config_win\org.eclipse.equinox.launcher\org.eclipse.equinox.launcher.win32.win32.x86_64_1.2.1200.v20250212-0927\eclipse_11909.dll
Event: 10.145 Loaded shared library C:\Users\palak\AppData\Local\Temp\jna-106430981\jna5748768474741706902.dll
Event: 14.999 Loaded shared library C:\Users\palak\.vscode\extensions\redhat.java-1.40.0-win32-x64\jre\21.0.6-win32-x86_64\bin\management.dll
Event: 15.017 Loaded shared library C:\Users\palak\.vscode\extensions\redhat.java-1.40.0-win32-x64\jre\21.0.6-win32-x86_64\bin\management_ext.dll

Deoptimization events (20 events):
Event: 94.796 Thread 0x00000257714c4490 DEOPT PACKING pc=0x0000025761933004 sp=0x000000578f2fdcd0
Event: 94.796 Thread 0x00000257714c4490 DEOPT UNPACKING pc=0x0000025761143aa2 sp=0x000000578f2fdc70 mode 2
Event: 94.808 Thread 0x00000257714c4490 Uncommon trap: trap_request=0xffffff45 fr.pc=0x0000025761d1f758 relative=0x0000000000000738
Event: 94.808 Thread 0x00000257714c4490 Uncommon trap: reason=unstable_if action=reinterpret pc=0x0000025761d1f758 method=java.util.concurrent.ConcurrentHashMap.replaceNode(Ljava/lang/Object;Ljava/lang/Object;Ljava/lang/Object;)Ljava/lang/Object; @ 167 c2
Event: 94.808 Thread 0x00000257714c4490 DEOPT PACKING pc=0x0000025761d1f758 sp=0x000000578f2fa520
Event: 94.808 Thread 0x00000257714c4490 DEOPT UNPACKING pc=0x0000025761143aa2 sp=0x000000578f2fa488 mode 2
Event: 95.150 Thread 0x0000025770102400 Uncommon trap: trap_request=0xffffff45 fr.pc=0x0000025761bb8334 relative=0x0000000000000694
Event: 95.150 Thread 0x0000025770102400 Uncommon trap: reason=unstable_if action=reinterpret pc=0x0000025761bb8334 method=org.eclipse.jdt.internal.core.util.WeakHashSet.cleanupGarbageCollectedValues()V @ 128 c2
Event: 95.150 Thread 0x0000025770102400 DEOPT PACKING pc=0x0000025761bb8334 sp=0x000000578f0fe1e0
Event: 95.150 Thread 0x0000025770102400 DEOPT UNPACKING pc=0x0000025761143aa2 sp=0x000000578f0fe160 mode 2
Event: 95.150 Thread 0x0000025770102400 Uncommon trap: trap_request=0xffffff45 fr.pc=0x0000025761bb6678 relative=0x0000000000000f38
Event: 95.150 Thread 0x0000025770102400 Uncommon trap: reason=unstable_if action=reinterpret pc=0x0000025761bb6678 method=org.eclipse.jdt.internal.core.util.WeakHashSet.cleanupGarbageCollectedValues()V @ 128 c2
Event: 95.150 Thread 0x0000025770102400 DEOPT PACKING pc=0x0000025761bb6678 sp=0x000000578f0fe230
Event: 95.150 Thread 0x0000025770102400 DEOPT UNPACKING pc=0x0000025761143aa2 sp=0x000000578f0fe138 mode 2
Event: 95.209 Thread 0x0000025770102400 Uncommon trap: trap_request=0xffffff6e fr.pc=0x0000025761bb3a68 relative=0x00000000000001a8
Event: 95.209 Thread 0x0000025770102400 Uncommon trap: reason=loop_limit_check action=maybe_recompile pc=0x0000025761bb3a68 method=org.eclipse.jdt.internal.core.util.HashSetOfArray.hashCode([Ljava/lang/Object;I)I @ 27 c2
Event: 95.209 Thread 0x0000025770102400 DEOPT PACKING pc=0x0000025761bb3a68 sp=0x000000578f0fe480
Event: 95.209 Thread 0x0000025770102400 DEOPT UNPACKING pc=0x0000025761143aa2 sp=0x000000578f0fe408 mode 2
Event: 95.492 Thread 0x00000257714c4490 DEOPT PACKING pc=0x0000025759da5b48 sp=0x000000578f2fe0e0
Event: 95.492 Thread 0x00000257714c4490 DEOPT UNPACKING pc=0x0000025761144242 sp=0x000000578f2fd598 mode 0

Classes loaded (20 events):
Event: 45.824 Loading class java/util/Collections$SynchronizedList done
Event: 45.824 Loading class java/util/Collections$SynchronizedRandomAccessList done
Event: 45.927 Loading class java/util/concurrent/CompletableFuture$Signaller
Event: 45.928 Loading class java/util/concurrent/CompletableFuture$Signaller done
Event: 67.776 Loading class sun/nio/fs/WindowsFileCopy
Event: 67.777 Loading class sun/nio/fs/WindowsFileCopy done
Event: 92.516 Loading class java/util/concurrent/CompletableFuture$UniApply
Event: 92.523 Loading class java/util/concurrent/CompletableFuture$UniApply done
Event: 92.550 Loading class java/util/concurrent/CompletableFuture$UniExceptionally
Event: 92.552 Loading class java/util/concurrent/CompletableFuture$UniExceptionally done
Event: 93.115 Loading class java/nio/charset/CharacterCodingException
Event: 93.116 Loading class java/nio/charset/CharacterCodingException done
Event: 93.116 Loading class java/io/SequenceInputStream
Event: 93.117 Loading class java/io/SequenceInputStream done
Event: 93.327 Loading class java/util/Hashtable$KeySet
Event: 93.328 Loading class java/util/Hashtable$KeySet done
Event: 93.800 Loading class java/lang/invoke/MethodHandleImpl$CountingWrapper$1
Event: 93.800 Loading class java/lang/invoke/MethodHandleImpl$CountingWrapper$1 done
Event: 94.993 Loading class java/lang/UnsupportedClassVersionError
Event: 94.994 Loading class java/lang/UnsupportedClassVersionError done

Classes unloaded (8 events):
Event: 12.416 Thread 0x0000025756a6e460 Unloading class 0x000002570119c400 'java/lang/invoke/LambdaForm$MH+0x000002570119c400'
Event: 12.416 Thread 0x0000025756a6e460 Unloading class 0x000002570119c000 'java/lang/invoke/LambdaForm$MH+0x000002570119c000'
Event: 12.416 Thread 0x0000025756a6e460 Unloading class 0x000002570119bc00 'java/lang/invoke/LambdaForm$MH+0x000002570119bc00'
Event: 12.416 Thread 0x0000025756a6e460 Unloading class 0x000002570119b800 'java/lang/invoke/LambdaForm$MH+0x000002570119b800'
Event: 12.416 Thread 0x0000025756a6e460 Unloading class 0x000002570119b400 'java/lang/invoke/LambdaForm$BMH+0x000002570119b400'
Event: 12.416 Thread 0x0000025756a6e460 Unloading class 0x000002570119b000 'java/lang/invoke/LambdaForm$DMH+0x000002570119b000'
Event: 12.416 Thread 0x0000025756a6e460 Unloading class 0x0000025701199c00 'java/lang/invoke/LambdaForm$DMH+0x0000025701199c00'
Event: 75.740 Thread 0x0000025756a6e460 Unloading class 0x00000257016a0400 'java/lang/invoke/LambdaForm$DMH+0x00000257016a0400'

Classes redefined (0 events):
No events

Internal exceptions (20 events):
Event: 93.172 Thread 0x0000025771c84890 Exception <a 'java/io/FileNotFoundException'{0x00000000ead496d0}> (0x00000000ead496d0) 
thrown [s\src\hotspot\share\prims\jni.cpp, line 520]
Event: 93.172 Thread 0x0000025771c84890 Exception <a 'java/io/FileNotFoundException'{0x00000000ead4a9c0}> (0x00000000ead4a9c0) 
thrown [s\src\hotspot\share\prims\jni.cpp, line 520]
Event: 93.260 Thread 0x0000025771c84890 Exception <a 'sun/nio/fs/WindowsException'{0x00000000eaddfa98}> (0x00000000eaddfa98) 
thrown [s\src\hotspot\share\prims\jni.cpp, line 520]
Event: 93.261 Thread 0x0000025771c84890 Exception <a 'sun/nio/fs/WindowsException'{0x00000000eade0408}> (0x00000000eade0408) 
thrown [s\src\hotspot\share\prims\jni.cpp, line 520]
Event: 93.263 Thread 0x0000025771c84890 Exception <a 'sun/nio/fs/WindowsException'{0x00000000eade3cb8}> (0x00000000eade3cb8) 
thrown [s\src\hotspot\share\prims\jni.cpp, line 520]
Event: 93.263 Thread 0x0000025771c84890 Exception <a 'sun/nio/fs/WindowsException'{0x00000000eade4628}> (0x00000000eade4628) 
thrown [s\src\hotspot\share\prims\jni.cpp, line 520]
Event: 93.292 Thread 0x0000025771c84890 Exception <a 'java/lang/IncompatibleClassChangeError'{0x00000000eaeea8f0}: Found class java.lang.Object, but interface was expected> (0x00000000eaeea8f0) 
thrown [s\src\hotspot\share\interpreter\linkResolver.cpp, line 840]
Event: 93.362 Thread 0x00000257701009c0 Exception <a 'sun/nio/fs/WindowsException'{0x00000000eae28558}> (0x00000000eae28558) 
thrown [s\src\hotspot\share\prims\jni.cpp, line 520]
Event: 93.362 Thread 0x00000257701009c0 Exception <a 'sun/nio/fs/WindowsException'{0x00000000eae28ec8}> (0x00000000eae28ec8) 
thrown [s\src\hotspot\share\prims\jni.cpp, line 520]
Event: 93.363 Thread 0x00000257701009c0 Exception <a 'sun/nio/fs/WindowsException'{0x00000000eae50290}> (0x00000000eae50290) 
thrown [s\src\hotspot\share\prims\jni.cpp, line 520]
Event: 93.364 Thread 0x00000257701009c0 Exception <a 'sun/nio/fs/WindowsException'{0x00000000eae50c00}> (0x00000000eae50c00) 
thrown [s\src\hotspot\share\prims\jni.cpp, line 520]
Event: 93.371 Thread 0x00000257701009c0 Exception <a 'java/io/FileNotFoundException'{0x00000000eae67f30}> (0x00000000eae67f30) 
thrown [s\src\hotspot\share\prims\jni.cpp, line 520]
Event: 93.373 Thread 0x00000257701009c0 Exception <a 'java/io/FileNotFoundException'{0x00000000eae9e470}> (0x00000000eae9e470) 
thrown [s\src\hotspot\share\prims\jni.cpp, line 520]
Event: 93.403 Thread 0x00000257701009c0 Exception <a 'sun/nio/fs/WindowsException'{0x00000000eabc6528}> (0x00000000eabc6528) 
thrown [s\src\hotspot\share\prims\jni.cpp, line 520]
Event: 93.403 Thread 0x00000257701009c0 Exception <a 'sun/nio/fs/WindowsException'{0x00000000eabc6e98}> (0x00000000eabc6e98) 
thrown [s\src\hotspot\share\prims\jni.cpp, line 520]
Event: 93.480 Thread 0x00000257701009c0 Exception <a 'sun/nio/fs/WindowsException'{0x00000000eac55618}> (0x00000000eac55618) 
thrown [s\src\hotspot\share\prims\jni.cpp, line 520]
Event: 93.480 Thread 0x00000257701009c0 Exception <a 'sun/nio/fs/WindowsException'{0x00000000eac56238}> (0x00000000eac56238) 
thrown [s\src\hotspot\share\prims\jni.cpp, line 520]
Event: 93.684 Thread 0x0000025771c82130 Exception <a 'java/lang/NoSuchMethodError'{0x00000000eac39478}: 'java.lang.Object java.lang.invoke.DirectMethodHandle$Holder.invokeSpecial(java.lang.Object, java.lang.Object, int, long)'> (0x00000000eac39478) 
thrown [s\src\hotspot\share\interpreter\linkResolver.cpp, line 773]
Event: 94.649 Thread 0x0000025771c84890 Exception <a 'java/lang/IncompatibleClassChangeError'{0x00000000eacc5b78}: Found class java.lang.Object, but interface was expected> (0x00000000eacc5b78) 
thrown [s\src\hotspot\share\interpreter\linkResolver.cpp, line 840]
Event: 95.172 Thread 0x00000257714c4490 Exception <a 'java/lang/NoSuchMethodError'{0x00000000eac037c0}: 'int java.lang.invoke.Invokers$Holder.invokeExact_MT(java.lang.Object, java.lang.Object)'> (0x00000000eac037c0) 
thrown [s\src\hotspot\share\interpreter\linkResolver.cpp, line 773]

ZGC Phase Switch (0 events):
No events

VM Operations (20 events):
Event: 94.984 Executing VM operation: ParallelGCFailedAllocation (Allocation Failure) done
Event: 95.021 Executing VM operation: ParallelGCFailedAllocation (Allocation Failure)
Event: 95.024 Executing VM operation: ParallelGCFailedAllocation (Allocation Failure) done
Event: 95.024 Executing VM operation: HandshakeAllThreads (Deoptimize)
Event: 95.024 Executing VM operation: HandshakeAllThreads (Deoptimize) done
Event: 95.086 Executing VM operation: ParallelGCFailedAllocation (Allocation Failure)
Event: 95.089 Executing VM operation: ParallelGCFailedAllocation (Allocation Failure) done
Event: 95.115 Executing VM operation: ParallelGCFailedAllocation (Allocation Failure)
Event: 95.127 Executing VM operation: ParallelGCFailedAllocation (Allocation Failure) done
Event: 95.158 Executing VM operation: ParallelGCFailedAllocation (Allocation Failure)
Event: 95.160 Executing VM operation: ParallelGCFailedAllocation (Allocation Failure) done
Event: 95.183 Executing VM operation: ParallelGCFailedAllocation (Allocation Failure)
Event: 95.190 Executing VM operation: ParallelGCFailedAllocation (Allocation Failure) done
Event: 95.249 Executing VM operation: ParallelGCFailedAllocation (Allocation Failure)
Event: 95.269 Executing VM operation: ParallelGCFailedAllocation (Allocation Failure) done
Event: 95.297 Executing VM operation: ParallelGCFailedAllocation (Allocation Failure)
Event: 95.300 Executing VM operation: ParallelGCFailedAllocation (Allocation Failure) done
Event: 95.346 Executing VM operation: ParallelGCFailedAllocation (Allocation Failure)
Event: 95.363 Executing VM operation: ParallelGCFailedAllocation (Allocation Failure) done
Event: 95.586 Executing VM operation: ParallelGCFailedAllocation (Allocation Failure)

Memory protections (0 events):
No events

Nmethod flushes (20 events):
Event: 75.790 Thread 0x0000025756a6e460 flushing  nmethod 0x000002575ad66290
Event: 75.790 Thread 0x0000025756a6e460 flushing  nmethod 0x000002575ad68c90
Event: 75.790 Thread 0x0000025756a6e460 flushing  nmethod 0x000002575ad70810
Event: 75.790 Thread 0x0000025756a6e460 flushing  nmethod 0x000002575ad73790
Event: 75.790 Thread 0x0000025756a6e460 flushing  nmethod 0x000002575ad76490
Event: 75.790 Thread 0x0000025756a6e460 flushing  nmethod 0x000002575ad79b10
Event: 75.790 Thread 0x0000025756a6e460 flushing  nmethod 0x000002575ad7b390
Event: 75.790 Thread 0x0000025756a6e460 flushing  nmethod 0x000002575ad7e510
Event: 75.790 Thread 0x0000025756a6e460 flushing  nmethod 0x000002575ad86a10
Event: 75.790 Thread 0x0000025756a6e460 flushing  nmethod 0x000002575ad92090
Event: 75.790 Thread 0x0000025756a6e460 flushing  nmethod 0x000002575ad97710
Event: 75.790 Thread 0x0000025756a6e460 flushing  nmethod 0x000002575ada2110
Event: 75.790 Thread 0x0000025756a6e460 flushing  nmethod 0x000002575ada5610
Event: 75.790 Thread 0x0000025756a6e460 flushing osr nmethod 0x000002575adb4c90
Event: 75.790 Thread 0x0000025756a6e460 flushing  nmethod 0x000002575adc6210
Event: 75.790 Thread 0x0000025756a6e460 flushing  nmethod 0x000002575ae18f10
Event: 75.790 Thread 0x0000025756a6e460 flushing  nmethod 0x000002575ae68c90
Event: 75.790 Thread 0x0000025756a6e460 flushing  nmethod 0x000002575aee4110
Event: 75.790 Thread 0x0000025756a6e460 flushing  nmethod 0x000002575af15910
Event: 75.790 Thread 0x0000025756a6e460 flushing  nmethod 0x000002575afe2190

Events (20 events):
Event: 48.415 Thread 0x000002576ad7da80 Thread added: 0x000002577419d4c0
Event: 51.822 Thread 0x000002577419d4c0 Thread exited: 0x000002577419d4c0
Event: 53.207 Thread 0x000002576ad13330 Thread added: 0x000002577419db90
Event: 53.988 Thread 0x000002577419db90 Thread exited: 0x000002577419db90
Event: 66.947 Thread 0x000002576ad13330 Thread added: 0x000002577419db90
Event: 67.756 Thread 0x000002577419db90 Thread exited: 0x000002577419db90
Event: 68.234 Thread 0x000002576ad7da80 Thread added: 0x000002577419db90
Event: 69.643 Thread 0x000002577419db90 Thread exited: 0x000002577419db90
Event: 87.993 Thread 0x0000025771c81aa0 Thread exited: 0x0000025771c81aa0
Event: 87.993 Thread 0x0000025771c855b0 Thread exited: 0x0000025771c855b0
Event: 88.733 Thread 0x0000025773b35030 Thread exited: 0x0000025773b35030
Event: 92.550 Thread 0x0000025771c84890 Thread added: 0x00000257714c23c0
Event: 92.629 Thread 0x000002576ad7da80 Thread added: 0x000002577419db90
Event: 93.448 Thread 0x00000257701009c0 Thread added: 0x00000257714c30e0
Event: 93.745 Thread 0x00000257714c23c0 Thread added: 0x00000257714c4490
Event: 93.785 Thread 0x000002577419db90 Thread exited: 0x000002577419db90
Event: 94.097 Thread 0x000002576ad7da80 Thread added: 0x000002577419db90
Event: 95.014 Thread 0x000002577419db90 Thread exited: 0x000002577419db90
Event: 95.190 Thread 0x000002576ad7da80 Thread added: 0x000002577419e260
Event: 95.281 Thread 0x0000025771c84890 Thread added: 0x00000257714c5840


Dynamic libraries:
0x00007ff7072b0000 - 0x00007ff7072be000 	c:\Users\palak\.vscode\extensions\redhat.java-1.40.0-win32-x64\jre\21.0.6-win32-x86_64\bin\java.exe
0x00007ffdf8a20000 - 0x00007ffdf8c83000 	C:\WINDOWS\SYSTEM32\ntdll.dll
0x00007ffdf8130000 - 0x00007ffdf81f7000 	C:\WINDOWS\System32\KERNEL32.DLL
0x00007ffdf5c20000 - 0x00007ffdf5fe9000 	C:\WINDOWS\System32\KERNELBASE.dll
0x00007ffdf6120000 - 0x00007ffdf626c000 	C:\WINDOWS\System32\ucrtbase.dll
0x00007ffdbf180000 - 0x00007ffdbf198000 	c:\Users\palak\.vscode\extensions\redhat.java-1.40.0-win32-x64\jre\21.0.6-win32-x86_64\bin\jli.dll
0x00007ffdbea20000 - 0x00007ffdbea3e000 	c:\Users\palak\.vscode\extensions\redhat.java-1.40.0-win32-x64\jre\21.0.6-win32-x86_64\bin\VCRUNTIME140.dll
0x00007ffdf8370000 - 0x00007ffdf853a000 	C:\WINDOWS\System32\USER32.dll
0x00007ffdf63f0000 - 0x00007ffdf6417000 	C:\WINDOWS\System32\win32u.dll
0x00007ffde38b0000 - 0x00007ffde3b40000 	C:\WINDOWS\WinSxS\amd64_microsoft.windows.common-controls_6595b64144ccf1df_6.0.26100.3323_none_3e088096e3344490\COMCTL32.dll
0x00007ffdf6f10000 - 0x00007ffdf6f3a000 	C:\WINDOWS\System32\GDI32.dll
0x00007ffdf7340000 - 0x00007ffdf73e9000 	C:\WINDOWS\System32\msvcrt.dll
0x00007ffdf6420000 - 0x00007ffdf6551000 	C:\WINDOWS\System32\gdi32full.dll
0x00007ffdf6560000 - 0x00007ffdf6603000 	C:\WINDOWS\System32\msvcp_win.dll
0x00007ffdf8210000 - 0x00007ffdf823f000 	C:\WINDOWS\System32\IMM32.DLL
0x00007ffdf0da0000 - 0x00007ffdf0dac000 	c:\Users\palak\.vscode\extensions\redhat.java-1.40.0-win32-x64\jre\21.0.6-win32-x86_64\bin\vcruntime140_1.dll
0x00007ffdba4d0000 - 0x00007ffdba55d000 	c:\Users\palak\.vscode\extensions\redhat.java-1.40.0-win32-x64\jre\21.0.6-win32-x86_64\bin\msvcp140.dll
0x00007ffd724a0000 - 0x00007ffd73230000 	c:\Users\palak\.vscode\extensions\redhat.java-1.40.0-win32-x64\jre\21.0.6-win32-x86_64\bin\server\jvm.dll
0x00007ffdf8260000 - 0x00007ffdf8312000 	C:\WINDOWS\System32\ADVAPI32.dll
0x00007ffdf6f70000 - 0x00007ffdf7016000 	C:\WINDOWS\System32\sechost.dll
0x00007ffdf7190000 - 0x00007ffdf72a6000 	C:\WINDOWS\System32\RPCRT4.dll
0x00007ffdf8540000 - 0x00007ffdf85b4000 	C:\WINDOWS\System32\WS2_32.dll
0x00007ffdef160000 - 0x00007ffdef196000 	C:\WINDOWS\SYSTEM32\WINMM.dll
0x00007ffdef1a0000 - 0x00007ffdef1ab000 	C:\WINDOWS\SYSTEM32\VERSION.dll
0x00007ffdf5ab0000 - 0x00007ffdf5afe000 	C:\WINDOWS\SYSTEM32\POWRPROF.dll
0x00007ffdf5a90000 - 0x00007ffdf5aa4000 	C:\WINDOWS\SYSTEM32\UMPDC.dll
0x00007ffdf4a40000 - 0x00007ffdf4a5a000 	C:\WINDOWS\SYSTEM32\kernel.appcore.dll
0x00007ffde73a0000 - 0x00007ffde73aa000 	c:\Users\palak\.vscode\extensions\redhat.java-1.40.0-win32-x64\jre\21.0.6-win32-x86_64\bin\jimage.dll
0x00007ffde8420000 - 0x00007ffde8661000 	C:\WINDOWS\SYSTEM32\DBGHELP.DLL
0x00007ffdf7da0000 - 0x00007ffdf8122000 	C:\WINDOWS\System32\combase.dll
0x00007ffdf8900000 - 0x00007ffdf89d6000 	C:\WINDOWS\System32\OLEAUT32.dll
0x00007ffdd38b0000 - 0x00007ffdd38e9000 	C:\WINDOWS\SYSTEM32\dbgcore.DLL
0x00007ffdf6080000 - 0x00007ffdf6119000 	C:\WINDOWS\System32\bcryptPrimitives.dll
0x00007ffde0710000 - 0x00007ffde071f000 	c:\Users\palak\.vscode\extensions\redhat.java-1.40.0-win32-x64\jre\21.0.6-win32-x86_64\bin\instrument.dll
0x00007ffdbea00000 - 0x00007ffdbea1f000 	c:\Users\palak\.vscode\extensions\redhat.java-1.40.0-win32-x64\jre\21.0.6-win32-x86_64\bin\java.dll
0x00007ffdf7680000 - 0x00007ffdf7d95000 	C:\WINDOWS\System32\SHELL32.dll
0x00007ffdf6610000 - 0x00007ffdf6778000 	C:\WINDOWS\System32\wintypes.dll
0x00007ffdf3900000 - 0x00007ffdf4145000 	C:\WINDOWS\SYSTEM32\windows.storage.dll
0x00007ffdf87b0000 - 0x00007ffdf889b000 	C:\WINDOWS\System32\SHCORE.dll
0x00007ffdf7130000 - 0x00007ffdf718d000 	C:\WINDOWS\System32\shlwapi.dll
0x00007ffdf5b30000 - 0x00007ffdf5b5f000 	C:\WINDOWS\SYSTEM32\profapi.dll
0x00007ffd8fce0000 - 0x00007ffd8fcf8000 	c:\Users\palak\.vscode\extensions\redhat.java-1.40.0-win32-x64\jre\21.0.6-win32-x86_64\bin\zip.dll
0x00007ffddd380000 - 0x00007ffddd390000 	C:\Users\palak\.vscode\extensions\redhat.java-1.40.0-win32-x64\jre\21.0.6-win32-x86_64\bin\net.dll
0x00007ffdeae90000 - 0x00007ffdeafae000 	C:\WINDOWS\SYSTEM32\WINHTTP.dll
0x00007ffdf4f60000 - 0x00007ffdf4fca000 	C:\WINDOWS\system32\mswsock.dll
0x00007ffdba4b0000 - 0x00007ffdba4c6000 	C:\Users\palak\.vscode\extensions\redhat.java-1.40.0-win32-x64\jre\21.0.6-win32-x86_64\bin\nio.dll
0x00007ffddadc0000 - 0x00007ffddadd0000 	c:\Users\palak\.vscode\extensions\redhat.java-1.40.0-win32-x64\jre\21.0.6-win32-x86_64\bin\verify.dll
0x00007ffd8eae0000 - 0x00007ffd8eb25000 	C:\Users\palak\AppData\Roaming\Code\User\globalStorage\redhat.java\1.40.0\config_win\org.eclipse.equinox.launcher\org.eclipse.equinox.launcher.win32.win32.x86_64_1.2.1200.v20250212-0927\eclipse_11909.dll
0x00007ffdf6d70000 - 0x00007ffdf6f05000 	C:\WINDOWS\System32\ole32.dll
0x00007ffdf5200000 - 0x00007ffdf521c000 	C:\WINDOWS\SYSTEM32\CRYPTSP.dll
0x00007ffdf49a0000 - 0x00007ffdf49da000 	C:\WINDOWS\system32\rsaenh.dll
0x00007ffdf5000000 - 0x00007ffdf502b000 	C:\WINDOWS\SYSTEM32\USERENV.dll
0x00007ffdf5440000 - 0x00007ffdf5466000 	C:\WINDOWS\SYSTEM32\bcrypt.dll
0x00007ffdf5220000 - 0x00007ffdf522c000 	C:\WINDOWS\SYSTEM32\CRYPTBASE.dll
0x00007ffdf4440000 - 0x00007ffdf4473000 	C:\WINDOWS\SYSTEM32\IPHLPAPI.DLL
0x00007ffdf8200000 - 0x00007ffdf820a000 	C:\WINDOWS\System32\NSI.dll
0x00007ffd8e6f0000 - 0x00007ffd8e739000 	C:\Users\palak\AppData\Local\Temp\jna-106430981\jna5748768474741706902.dll
0x00007ffdf7020000 - 0x00007ffdf7028000 	C:\WINDOWS\System32\PSAPI.DLL
0x00007ffdbf170000 - 0x00007ffdbf17a000 	C:\Users\palak\.vscode\extensions\redhat.java-1.40.0-win32-x64\jre\21.0.6-win32-x86_64\bin\management.dll
0x00007ffdbe9f0000 - 0x00007ffdbe9fb000 	C:\Users\palak\.vscode\extensions\redhat.java-1.40.0-win32-x64\jre\21.0.6-win32-x86_64\bin\management_ext.dll
0x00007ffdeb040000 - 0x00007ffdeb05f000 	C:\WINDOWS\SYSTEM32\dhcpcsvc6.DLL
0x00007ffdead80000 - 0x00007ffdeada5000 	C:\WINDOWS\SYSTEM32\dhcpcsvc.DLL

dbghelp: loaded successfully - version: 4.0.5 - missing functions: none
symbol engine: initialized successfully - sym options: 0x614 - pdb path: .;c:\Users\palak\.vscode\extensions\redhat.java-1.40.0-win32-x64\jre\21.0.6-win32-x86_64\bin;C:\WINDOWS\SYSTEM32;C:\WINDOWS\WinSxS\amd64_microsoft.windows.common-controls_6595b64144ccf1df_6.0.26100.3323_none_3e088096e3344490;c:\Users\palak\.vscode\extensions\redhat.java-1.40.0-win32-x64\jre\21.0.6-win32-x86_64\bin\server;C:\Users\palak\AppData\Roaming\Code\User\globalStorage\redhat.java\1.40.0\config_win\org.eclipse.equinox.launcher\org.eclipse.equinox.launcher.win32.win32.x86_64_1.2.1200.v20250212-0927;C:\Users\palak\AppData\Local\Temp\jna-106430981

VM Arguments:
jvm_args: --add-modules=ALL-SYSTEM --add-opens=java.base/java.util=ALL-UNNAMED --add-opens=java.base/java.lang=ALL-UNNAMED --add-opens=java.base/sun.nio.fs=ALL-UNNAMED -Declipse.application=org.eclipse.jdt.ls.core.id1 -Dosgi.bundles.defaultStartLevel=4 -Declipse.product=org.eclipse.jdt.ls.core.product -Djava.import.generatesMetadataFilesAtProjectRoot=false -DDetectVMInstallationsJob.disabled=true -Dfile.encoding=utf8 -XX:+UseParallelGC -XX:GCTimeRatio=4 -XX:AdaptiveSizePolicyWeight=90 -Dsun.zip.disableMemoryMapping=true -Xmx1G -Xms100m -Xlog:disable -javaagent:c:\Users\palak\.vscode\extensions\redhat.java-1.40.0-win32-x64\lombok\lombok-1.18.36.jar -XX:+HeapDumpOnOutOfMemoryError -XX:HeapDumpPath=c:\Users\palak\AppData\Roaming\Code\User\workspaceStorage\632f04cdbe9e26a6a5769c745b0508de\redhat.java -Daether.dependencyCollector.impl=bf 
java_command: c:\Users\palak\.vscode\extensions\redhat.java-1.40.0-win32-x64\server\plugins\org.eclipse.equinox.launcher_1.6.1000.v20250131-0606.jar -configuration c:\Users\palak\AppData\Roaming\Code\User\globalStorage\redhat.java\1.40.0\config_win -data c:\Users\palak\AppData\Roaming\Code\User\workspaceStorage\632f04cdbe9e26a6a5769c745b0508de\redhat.java\jdt_ws --pipe=\\.\pipe\lsp-15e683cc869cba86c46c1dfaf27c3a0c-sock
java_class_path (initial): c:\Users\palak\.vscode\extensions\redhat.java-1.40.0-win32-x64\server\plugins\org.eclipse.equinox.launcher_1.6.1000.v20250131-0606.jar
Launcher Type: SUN_STANDARD

[Global flags]
    uintx AdaptiveSizePolicyWeight                 = 90                                        {product} {command line}
     intx CICompilerCount                          = 3                                         {product} {ergonomic}
    uintx GCTimeRatio                              = 4                                         {product} {command line}
     bool HeapDumpOnOutOfMemoryError               = true                                   {manageable} {command line}
    ccstr HeapDumpPath                             = c:\Users\palak\AppData\Roaming\Code\User\workspaceStorage\632f04cdbe9e26a6a5769c745b0508de\redhat.java         {manageable} {command line}
   size_t InitialHeapSize                          = 104857600                                 {product} {command line}
   size_t MaxHeapSize                              = 1073741824                                {product} {command line}
   size_t MaxNewSize                               = 357564416                                 {product} {ergonomic}
   size_t MinHeapDeltaBytes                        = 524288                                    {product} {ergonomic}
   size_t MinHeapSize                              = 104857600                                 {product} {command line}
   size_t NewSize                                  = 34603008                                  {product} {ergonomic}
    uintx NonNMethodCodeHeapSize                   = 5832780                                {pd product} {ergonomic}
    uintx NonProfiledCodeHeapSize                  = 122912730                              {pd product} {ergonomic}
   size_t OldSize                                  = 70254592                                  {product} {ergonomic}
    uintx ProfiledCodeHeapSize                     = 122912730                              {pd product} {ergonomic}
    uintx ReservedCodeCacheSize                    = 251658240                              {pd product} {ergonomic}
     bool SegmentedCodeCache                       = true                                      {product} {ergonomic}
   size_t SoftMaxHeapSize                          = 1073741824                             {manageable} {ergonomic}
     bool UseCompressedOops                        = true                           {product lp64_product} {ergonomic}
     bool UseLargePagesIndividualAllocation        = false                                  {pd product} {ergonomic}
     bool UseParallelGC                            = true                                      {product} {command line}

Logging:
Log output configuration:
 #0: stdout all=off uptime,level,tags foldmultilines=false
 #1: stderr all=off uptime,level,tags foldmultilines=false

Environment Variables:
JAVA_HOME=C:\Users\palak\Downloads\java-21-openjdk-21.0.1.0.12-3.win.jdk.x86_64\java-21-openjdk-21.0.1.0.12-3.win.jdk.x86_64
PATH=C:\Program Files (x86)\Common Files\Oracle\Java\java8path;C:\Program Files (x86)\Common Files\Oracle\Java\javapath;C:\WINDOWS\system32;C:\WINDOWS;C:\WINDOWS\System32\Wbem;C:\WINDOWS\System32\WindowsPowerShell\v1.0\;C:\WINDOWS\System32\OpenSSH\;C:\Users\palak\Downloads\java-21-openjdk-21.0.1.0.12-3.win.jdk.x86_64\java-21-openjdk-21.0.1.0.12-3.win.jdk.x86_64\bin;C:\Users\palak\Downloads\apache-maven-3.9.8-bin\bin;c:\users\palak\appdata\local\packages\pythonsoftwarefoundation.python.3.11_qbz5n2kfra8p0\localcache\local-packages\python311\site-packages;C:\ProgramData\chocolatey\bin;C:\Program Files\nodejs\;C:\Users\palak\AppData\Local\Programs\Python\Python312\Scripts;C:\Program Files\Git\cmd;C:\Users\palak\Downloads\flutter_windows_3.27.3-stable\flutter\bin;C:\Users\palak\AppData\Local\Android\Sdk\cmdline-tools\latest\bin;C:\Users\palak\AppData\Local\Android\Sdk\platform-tools;C:\ffmpeg;C:\Program Files\MongoDB\Server\8.0\bin;C:\Users\palak\AppData\Local\Programs\Python\Python313\Scripts\;C:\Users\palak\AppData\Local\Programs\Python\Python313\;C:\Users\palak\AppData\Local\Programs\Python\Python312\Scripts\;C:\Users\palak\AppData\Local\Programs\Python\Python312\;C:\Users\palak\AppData\Local\Programs\Python\Launcher\;C:\Program Files\MySQL\MySQL Shell 8.0\bin\;C:\Users\palak\AppData\Local\Microsoft\WindowsApps;C:\Users\palak\AppData\Local\Programs\Microsoft VS Code\bin;C:\Program Files\JetBrains\IntelliJ IDEA Community Edition 2023.3.3\bin;C:\Users\palak\AppData\Local\JetBrains\CLion 2023.3.4\bin;C:\Program Files\JetBrains\PyCharm 2024.1.2\bin;C:\Program Files\JetBrains\PyCharm Community Edition 2024.1.4\bin;C:\Users\palak\AppData\Local\JetBrains\Toolbox\scripts;C:\Users\palak\AppData\Roaming\npm;C:\Users\palak\AppData\Local\GitHubDesktop\bin;C:\Users\palak\AppData\Local\Microsoft\WindowsApps;
USERNAME=palak
OS=Windows_NT
PROCESSOR_IDENTIFIER=AMD64 Family 23 Model 24 Stepping 1, AuthenticAMD
TMP=C:\Users\palak\AppData\Local\Temp
TEMP=C:\Users\palak\AppData\Local\Temp




Periodic native trim disabled

---------------  S Y S T E M  ---------------

OS:
 Windows 11 , 64 bit Build 26100 (10.0.26100.3323)
OS uptime: 0 days 0:22 hours

CPU: total 4 (initial active 4) (4 cores per cpu, 2 threads per core) family 23 model 24 stepping 1 microcode 0x8108109, cx8, cmov, fxsr, ht, mmx, 3dnowpref, sse, sse2, sse3, ssse3, sse4a, sse4.1, sse4.2, popcnt, lzcnt, tsc, tscinvbit, avx, avx2, aes, clmul, bmi1, bmi2, adx, sha, fma, vzeroupper, clflush, clflushopt, rdtscp, f16c
Processor Information for the first 4 processors :
  Max Mhz: 2600, Current Mhz: 2600, Mhz Limit: 2600

Memory: 4k page, system-wide physical 6086M (394M free)
TotalPageFile size 14278M (AvailPageFile size 4M)
current process WorkingSet (physical memory assigned to process): 726M, peak: 795M
current process commit charge ("private bytes"): 659M, peak: 961M

vm_info: OpenJDK 64-Bit Server VM (21.0.6+7-LTS) for windows-amd64 JRE (21.0.6+7-LTS), built on 2025-01-21T00:00:00Z by "admin" with MS VC++ 17.7 (VS2022)

END.
