#
# There is insufficient memory for the Java Runtime Environment to continue.
# Native memory allocation (malloc) failed to allocate 2124816 bytes. Error detail: Chunk::new
# Possible reasons:
#   The system is out of physical RAM or swap space
#   This process is running with CompressedOops enabled, and the Java Heap may be blocking the growth of the native heap
# Possible solutions:
#   Reduce memory load on the system
#   Increase physical memory or swap space
#   Check if swap backing store is full
#   Decrease Java heap size (-Xmx/-Xms)
#   Decrease number of Java threads
#   Decrease Java thread stack sizes (-Xss)
#   Set larger code cache with -XX:ReservedCodeCacheSize=
#   JVM is running with Unscaled Compressed Oops mode in which the Java heap is
#     placed in the first 4GB address space. The Java Heap base address is the
#     maximum limit for the native heap growth. Please use -XX:HeapBaseMinAddress
#     to set the Java Heap base and to place the Java Heap above 4GB virtual address.
# This output file may be truncated or incomplete.
#
#  Out of Memory Error (arena.cpp:168), pid=16692, tid=16756
#
# JRE version: OpenJDK Runtime Environment Temurin-21.0.6+7 (21.0.6+7) (build 21.0.6+7-LTS)
# Java VM: OpenJDK 64-Bit Server VM Temurin-21.0.6+7 (21.0.6+7-LTS, mixed mode, sharing, tiered, compressed oops, compressed class ptrs, parallel gc, windows-amd64)
# No core dump will be written. Minidumps are not enabled by default on client versions of Windows
#

---------------  S U M M A R Y ------------

Command Line: --add-modules=ALL-SYSTEM --add-opens=java.base/java.util=ALL-UNNAMED --add-opens=java.base/java.lang=ALL-UNNAMED --add-opens=java.base/sun.nio.fs=ALL-UNNAMED -Declipse.application=org.eclipse.jdt.ls.core.id1 -Dosgi.bundles.defaultStartLevel=4 -Declipse.product=org.eclipse.jdt.ls.core.product -Djava.import.generatesMetadataFilesAtProjectRoot=false -DDetectVMInstallationsJob.disabled=true -Dfile.encoding=utf8 -XX:+UseParallelGC -XX:GCTimeRatio=4 -XX:AdaptiveSizePolicyWeight=90 -Dsun.zip.disableMemoryMapping=true -Xmx1G -Xms100m -Xlog:disable -javaagent:c:\Users\palak\.vscode\extensions\redhat.java-1.41.0-win32-x64\lombok\lombok-1.18.36.jar c:\Users\palak\.vscode\extensions\redhat.java-1.41.0-win32-x64\server\plugins\org.eclipse.equinox.launcher_1.6.1100.v20250306-0509.jar -configuration c:\Users\palak\AppData\Roaming\Code\User\globalStorage\redhat.java\1.41.0\config_ss_win -data c:\Users\palak\AppData\Roaming\Code\User\workspaceStorage\632f04cdbe9e26a6a5769c745b0508de\redhat.java\ss_ws --pipe=\\.\pipe\lsp-f1e44c33d653eef75b1d8238913e8808-sock

Host: AMD Ryzen 3 3250U with Radeon Graphics         , 4 cores, 5G,  Windows 11 , 64 bit Build 26100 (10.0.26100.3323)
Time: Mon Mar 31 20:48:09 2025 India Standard Time elapsed time: 66.998993 seconds (0d 0h 1m 6s)

---------------  T H R E A D  ---------------

Current thread (0x0000021278151350):  JavaThread "C2 CompilerThread0" daemon [_thread_in_native, id=16756, stack(0x00000069fd300000,0x00000069fd400000) (1024K)]


Current CompileTask:
C2:66999 7466       4       org.eclipse.jdt.internal.compiler.lookup.LookupEnvironment::getTypeFromTypeSignature (770 bytes)

Stack: [0x00000069fd300000,0x00000069fd400000]
Native frames: (J=compiled Java code, j=interpreted, Vv=VM code, C=native code)
V  [jvm.dll+0x6cdee9]
V  [jvm.dll+0x8a83d1]
V  [jvm.dll+0x8aa8fe]
V  [jvm.dll+0x8aafe3]
V  [jvm.dll+0x27f706]
V  [jvm.dll+0xc500d]
V  [jvm.dll+0xc5543]
V  [jvm.dll+0x3b6752]
V  [jvm.dll+0x382935]
V  [jvm.dll+0x381d9a]
V  [jvm.dll+0x2479f0]
V  [jvm.dll+0x246fcf]
V  [jvm.dll+0x1c75ee]
V  [jvm.dll+0x25685a]
V  [jvm.dll+0x254dfa]
V  [jvm.dll+0x3f0256]
V  [jvm.dll+0x851f8b]
V  [jvm.dll+0x6cc5ed]
C  [ucrtbase.dll+0x37b0]
C  [KERNEL32.DLL+0x2e8d7]
C  [ntdll.dll+0xbbf6c]


---------------  P R O C E S S  ---------------

Threads class SMR info:
_java_thread_list=0x000002127e100a80, length=41, elements={
0x0000021261aee110, 0x0000021263ecbc20, 0x0000021263ece860, 0x0000021278142b60,
0x00000212781437b0, 0x00000212781478a0, 0x000002127814ee90, 0x0000021278151350,
0x00000212781afee0, 0x0000021263e7f590, 0x000002127d3777e0, 0x000002127d9a1fb0,
0x000002127d94ab90, 0x000002127d648070, 0x000002127d027470, 0x000002127e078320,
0x000002127df01a50, 0x000002127dd93230, 0x000002127ddb2640, 0x000002127ddb1920,
0x000002127ddb0c00, 0x000002127ddb2cd0, 0x000002127ddb3360, 0x000002127ddafee0,
0x000002127ddb0570, 0x000002127ddb1fb0, 0x000002127ddb1290, 0x000002127eae8950,
0x000002127eae6880, 0x000002127eae82c0, 0x000002127eae6f10, 0x000002127eae8fe0,
0x000002127eae5b60, 0x000002127eae9670, 0x000002127eae61f0, 0x000002127eaeaa20,
0x000002127eae9d00, 0x000002127eae75a0, 0x000002127eaea390, 0x000002127eaeb0b0,
0x000002127eae7c30
}

Java Threads: ( => current thread )
  0x0000021261aee110 JavaThread "main"                              [_thread_blocked, id=16708, stack(0x00000069fc900000,0x00000069fca00000) (1024K)]
  0x0000021263ecbc20 JavaThread "Reference Handler"          daemon [_thread_blocked, id=16732, stack(0x00000069fcd00000,0x00000069fce00000) (1024K)]
  0x0000021263ece860 JavaThread "Finalizer"                  daemon [_thread_blocked, id=16736, stack(0x00000069fce00000,0x00000069fcf00000) (1024K)]
  0x0000021278142b60 JavaThread "Signal Dispatcher"          daemon [_thread_blocked, id=16740, stack(0x00000069fcf00000,0x00000069fd000000) (1024K)]
  0x00000212781437b0 JavaThread "Attach Listener"            daemon [_thread_blocked, id=16744, stack(0x00000069fd000000,0x00000069fd100000) (1024K)]
  0x00000212781478a0 JavaThread "Service Thread"             daemon [_thread_blocked, id=16748, stack(0x00000069fd100000,0x00000069fd200000) (1024K)]
  0x000002127814ee90 JavaThread "Monitor Deflation Thread"   daemon [_thread_blocked, id=16752, stack(0x00000069fd200000,0x00000069fd300000) (1024K)]
=>0x0000021278151350 JavaThread "C2 CompilerThread0"         daemon [_thread_in_native, id=16756, stack(0x00000069fd300000,0x00000069fd400000) (1024K)]
  0x00000212781afee0 JavaThread "C1 CompilerThread0"         daemon [_thread_blocked, id=16760, stack(0x00000069fd400000,0x00000069fd500000) (1024K)]
  0x0000021263e7f590 JavaThread "Common-Cleaner"             daemon [_thread_blocked, id=16768, stack(0x00000069fd500000,0x00000069fd600000) (1024K)]
  0x000002127d3777e0 JavaThread "Notification Thread"        daemon [_thread_blocked, id=16800, stack(0x00000069fd600000,0x00000069fd700000) (1024K)]
  0x000002127d9a1fb0 JavaThread "Active Thread: Equinox Container: 8fbd3eef-7da3-4e7d-82b6-428453a74aa2"        [_thread_blocked, id=17268, stack(0x00000069fdb00000,0x00000069fdc00000) (1024K)]
  0x000002127d94ab90 JavaThread "Framework Event Dispatcher: Equinox Container: 8fbd3eef-7da3-4e7d-82b6-428453a74aa2" daemon [_thread_blocked, id=17272, stack(0x00000069fda00000,0x00000069fdb00000) (1024K)]
  0x000002127d648070 JavaThread "Start Level: Equinox Container: 8fbd3eef-7da3-4e7d-82b6-428453a74aa2" daemon [_thread_blocked, id=17276, stack(0x00000069fdc00000,0x00000069fdd00000) (1024K)]
  0x000002127d027470 JavaThread "SCR Component Actor"        daemon [_thread_blocked, id=17280, stack(0x00000069fdd00000,0x00000069fde00000) (1024K)]
  0x000002127e078320 JavaThread "Worker-JM"                         [_thread_blocked, id=17352, stack(0x00000069fe000000,0x00000069fe100000) (1024K)]
  0x000002127df01a50 JavaThread "JNA Cleaner"                daemon [_thread_blocked, id=16516, stack(0x00000069fdf00000,0x00000069fe000000) (1024K)]
  0x000002127dd93230 JavaThread "Worker-0"                          [_thread_blocked, id=16608, stack(0x00000069fe100000,0x00000069fe200000) (1024K)]
  0x000002127ddb2640 JavaThread "Worker-1"                          [_thread_blocked, id=16416, stack(0x00000069fe200000,0x00000069fe300000) (1024K)]
  0x000002127ddb1920 JavaThread "Worker-2"                          [_thread_blocked, id=17032, stack(0x00000069fe400000,0x00000069fe500000) (1024K)]
  0x000002127ddb0c00 JavaThread "Thread-2"                   daemon [_thread_in_native, id=17184, stack(0x00000069fe500000,0x00000069fe600000) (1024K)]
  0x000002127ddb2cd0 JavaThread "Thread-3"                   daemon [_thread_in_native, id=17060, stack(0x00000069fe600000,0x00000069fe700000) (1024K)]
  0x000002127ddb3360 JavaThread "Thread-4"                   daemon [_thread_in_native, id=2420, stack(0x00000069fe700000,0x00000069fe800000) (1024K)]
  0x000002127ddafee0 JavaThread "Thread-5"                   daemon [_thread_in_native, id=4540, stack(0x00000069fe800000,0x00000069fe900000) (1024K)]
  0x000002127ddb0570 JavaThread "Thread-6"                   daemon [_thread_in_native, id=15556, stack(0x00000069fe900000,0x00000069fea00000) (1024K)]
  0x000002127ddb1fb0 JavaThread "pool-2-thread-1"                   [_thread_blocked, id=3284, stack(0x00000069fea00000,0x00000069feb00000) (1024K)]
  0x000002127ddb1290 JavaThread "WorkspaceEventsHandler"            [_thread_blocked, id=8908, stack(0x00000069feb00000,0x00000069fec00000) (1024K)]
  0x000002127eae8950 JavaThread "pool-1-thread-1"                   [_thread_blocked, id=9372, stack(0x00000069fec00000,0x00000069fed00000) (1024K)]
  0x000002127eae6880 JavaThread "ForkJoinPool.commonPool-worker-1" daemon [_thread_blocked, id=17256, stack(0x00000069fed00000,0x00000069fee00000) (1024K)]
  0x000002127eae82c0 JavaThread "ForkJoinPool.commonPool-worker-2" daemon [_thread_blocked, id=5476, stack(0x00000069fee00000,0x00000069fef00000) (1024K)]
  0x000002127eae6f10 JavaThread "ForkJoinPool.commonPool-worker-3" daemon [_thread_blocked, id=17296, stack(0x00000069fef00000,0x00000069ff000000) (1024K)]
  0x000002127eae8fe0 JavaThread "LocalFile Deleter"          daemon [_thread_blocked, id=16404, stack(0x00000069ff000000,0x00000069ff100000) (1024K)]
  0x000002127eae5b60 JavaThread "LocalFile Deleter"          daemon [_thread_blocked, id=1240, stack(0x00000069ff100000,0x00000069ff200000) (1024K)]
  0x000002127eae9670 JavaThread "LocalFile Deleter"          daemon [_thread_blocked, id=8176, stack(0x00000069ff200000,0x00000069ff300000) (1024K)]
  0x000002127eae61f0 JavaThread "LocalFile Deleter"          daemon [_thread_blocked, id=15596, stack(0x00000069ff300000,0x00000069ff400000) (1024K)]
  0x000002127eaeaa20 JavaThread "Compiler Source File Reader" daemon [_thread_blocked, id=12324, stack(0x00000069ff400000,0x00000069ff500000) (1024K)]
  0x000002127eae9d00 JavaThread "Compiler Source File Reader" daemon [_thread_blocked, id=2440, stack(0x00000069ff500000,0x00000069ff600000) (1024K)]
  0x000002127eae75a0 JavaThread "Compiler Processing Task"   daemon [_thread_blocked, id=10500, stack(0x00000069ff600000,0x00000069ff700000) (1024K)]
  0x000002127eaea390 JavaThread "Compiler Class File Writer" daemon [_thread_blocked, id=16568, stack(0x00000069ff700000,0x00000069ff800000) (1024K)]
  0x000002127eaeb0b0 JavaThread "Compiler Class File Writer" daemon [_thread_blocked, id=12480, stack(0x00000069ff800000,0x00000069ff900000) (1024K)]
  0x000002127eae7c30 JavaThread "Worker-3"                          [_thread_blocked, id=7396, stack(0x00000069ffa00000,0x00000069ffb00000) (1024K)]
Total: 41

Other Threads:
  0x000002127813f690 VMThread "VM Thread"                           [id=16728, stack(0x00000069fcc00000,0x00000069fcd00000) (1024K)]
  0x00000212780dca00 WatcherThread "VM Periodic Task Thread"        [id=16724, stack(0x00000069fcb00000,0x00000069fcc00000) (1024K)]
  0x0000021263e2d7a0 WorkerThread "GC Thread#0"                     [id=16720, stack(0x00000069fca00000,0x00000069fcb00000) (1024K)]
  0x000002127d7cbb20 WorkerThread "GC Thread#1"                     [id=17192, stack(0x00000069fd700000,0x00000069fd800000) (1024K)]
  0x000002127d879390 WorkerThread "GC Thread#2"                     [id=17196, stack(0x00000069fd800000,0x00000069fd900000) (1024K)]
  0x000002127d879730 WorkerThread "GC Thread#3"                     [id=17200, stack(0x00000069fd900000,0x00000069fda00000) (1024K)]
Total: 6

Threads with active compile tasks:
C2 CompilerThread0  67057 7466       4       org.eclipse.jdt.internal.compiler.lookup.LookupEnvironment::getTypeFromTypeSignature (770 bytes)
Total: 1

VM state: not at safepoint (normal execution)

VM Mutex/Monitor currently owned by a thread: None

Heap address: 0x00000000c0000000, size: 1024 MB, Compressed Oops mode: 32-bit

CDS archive(s) mapped at: [0x0000021200000000-0x0000021200ba0000-0x0000021200ba0000), size 12189696, SharedBaseAddress: 0x0000021200000000, ArchiveRelocationMode: 1.
Compressed class space mapped at: 0x0000021201000000-0x0000021241000000, reserved size: 1073741824
Narrow klass base: 0x0000021200000000, Narrow klass shift: 0, Narrow klass range: 0x100000000

GC Precious Log:
 CardTable entry size: 512
 CPUs: 4 total, 4 available
 Memory: 6086M
 Large Page Support: Disabled
 NUMA Support: Disabled
 Compressed Oops: Enabled (32-bit)
 Alignments: Space 512K, Generation 512K, Heap 2M
 Heap Min Capacity: 100M
 Heap Initial Capacity: 100M
 Heap Max Capacity: 1G
 Pre-touch: Disabled
 Parallel Workers: 4

Heap:
 PSYoungGen      total 23040K, used 16221K [0x00000000eab00000, 0x00000000ecd00000, 0x0000000100000000)
  eden space 18944K, 64% used [0x00000000eab00000,0x00000000eb6d9f18,0x00000000ebd80000)
  from space 4096K, 99% used [0x00000000ec400000,0x00000000ec7fd830,0x00000000ec800000)
  to   space 6656K, 0% used [0x00000000ebd80000,0x00000000ebd80000,0x00000000ec400000)
 ParOldGen       total 68608K, used 35820K [0x00000000c0000000, 0x00000000c4300000, 0x00000000eab00000)
  object space 68608K, 52% used [0x00000000c0000000,0x00000000c22fb298,0x00000000c4300000)
 Metaspace       used 45030K, committed 46144K, reserved 1114112K
  class space    used 4262K, committed 4800K, reserved 1048576K

Card table byte_map: [0x00000212637b0000,0x00000212639c0000] _byte_map_base: 0x00000212631b0000

Marking Bits: (ParMarkBitMap*) 0x00007fff5d563260
 Begin Bits: [0x0000021276000000, 0x0000021277000000)
 End Bits:   [0x0000021277000000, 0x0000021278000000)

Polling page: 0x0000021261c00000

Metaspace:

Usage:
  Non-class:     39.81 MB used.
      Class:      4.16 MB used.
       Both:     43.97 MB used.

Virtual space:
  Non-class space:       64.00 MB reserved,      40.38 MB ( 63%) committed,  1 nodes.
      Class space:        1.00 GB reserved,       4.69 MB ( <1%) committed,  1 nodes.
             Both:        1.06 GB reserved,      45.06 MB (  4%) committed. 

Chunk freelists:
   Non-Class:  7.22 MB
       Class:  11.33 MB
        Both:  18.54 MB

MaxMetaspaceSize: unlimited
CompressedClassSpaceSize: 1.00 GB
Initial GC threshold: 21.00 MB
Current GC threshold: 58.38 MB
CDS: on
 - commit_granule_bytes: 65536.
 - commit_granule_words: 8192.
 - virtual_space_node_default_size: 8388608.
 - enlarge_chunks_in_place: 1.
 - use_allocation_guard: 0.


Internal statistics:

num_allocs_failed_limit: 6.
num_arena_births: 946.
num_arena_deaths: 62.
num_vsnodes_births: 2.
num_vsnodes_deaths: 0.
num_space_committed: 721.
num_space_uncommitted: 0.
num_chunks_returned_to_freelist: 89.
num_chunks_taken_from_freelist: 2886.
num_chunk_merges: 35.
num_chunk_splits: 1814.
num_chunks_enlarged: 1110.
num_inconsistent_stats: 0.

CodeHeap 'non-profiled nmethods': size=120000Kb used=5221Kb max_used=5221Kb free=114778Kb
 bounds [0x000002126ead0000, 0x000002126eff0000, 0x0000021276000000]
CodeHeap 'profiled nmethods': size=120000Kb used=16761Kb max_used=16761Kb free=103238Kb
 bounds [0x0000021267000000, 0x0000021268060000, 0x000002126e530000]
CodeHeap 'non-nmethods': size=5760Kb used=1407Kb max_used=1484Kb free=4352Kb
 bounds [0x000002126e530000, 0x000002126e7a0000, 0x000002126ead0000]
 total_blobs=7789 nmethods=7072 adapters=622
 compilation: enabled
              stopped_count=0, restarted_count=0
 full_count=0

Compilation events (20 events):
Event: 65.388 Thread 0x00000212781afee0 nmethod 7463 0x0000021268059710 code [0x00000212680599c0, 0x000002126805a868]
Event: 65.390 Thread 0x0000021278151350 7464       4       org.eclipse.jdt.internal.compiler.lookup.ModuleBinding::completeIfNeeded (53 bytes)
Event: 65.394 Thread 0x0000021278151350 nmethod 7464 0x000002126efe8590 code [0x000002126efe8760, 0x000002126efe89a0]
Event: 65.397 Thread 0x00000212781afee0 7465       3       org.eclipse.jdt.internal.compiler.lookup.TypeVariableBinding::setSuperClass (65 bytes)
Event: 65.397 Thread 0x00000212781afee0 nmethod 7465 0x000002126805ad10 code [0x000002126805aee0, 0x000002126805b358]
Event: 65.397 Thread 0x0000021278151350 7466       4       org.eclipse.jdt.internal.compiler.lookup.LookupEnvironment::getTypeFromTypeSignature (770 bytes)
Event: 65.421 Thread 0x00000212781afee0 7467       3       org.eclipse.jdt.internal.compiler.lookup.TypeVariableBinding::setFirstBound (86 bytes)
Event: 65.422 Thread 0x00000212781afee0 nmethod 7467 0x000002126805b510 code [0x000002126805b6e0, 0x000002126805bbc0]
Event: 65.446 Thread 0x00000212781afee0 7468       3       org.eclipse.jdt.internal.core.NameLookup::findPackageFragementRoots (50 bytes)
Event: 65.447 Thread 0x00000212781afee0 nmethod 7468 0x000002126805bd90 code [0x000002126805bf80, 0x000002126805c690]
Event: 65.451 Thread 0x00000212781afee0 7470   !   3       org.eclipse.jdt.internal.compiler.lookup.FieldBinding::constant (59 bytes)
Event: 65.452 Thread 0x00000212781afee0 nmethod 7470 0x000002126805c890 code [0x000002126805ca80, 0x000002126805d270]
Event: 65.453 Thread 0x00000212781afee0 7472       3       org.eclipse.jdt.internal.compiler.ast.AbstractMethodDeclaration::isStatic (29 bytes)
Event: 65.454 Thread 0x00000212781afee0 nmethod 7472 0x000002126805d510 code [0x000002126805d6c0, 0x000002126805d940]
Event: 65.516 Thread 0x00000212781afee0 7474   !   3       org.eclipse.osgi.internal.log.ExtendedLogReaderServiceFactory::safeIsLoggable (30 bytes)
Event: 65.517 Thread 0x00000212781afee0 nmethod 7474 0x000002126805da10 code [0x000002126805dc20, 0x000002126805e250]
Event: 65.579 Thread 0x00000212781afee0 7475       1       org.eclipse.core.runtime.Status::getMessage (5 bytes)
Event: 65.579 Thread 0x00000212781afee0 nmethod 7475 0x000002126efe8b90 code [0x000002126efe8d20, 0x000002126efe8de8]
Event: 65.683 Thread 0x00000212781afee0 7477       1       org.eclipse.osgi.internal.log.ExtendedLogEntryImpl::getContext (5 bytes)
Event: 65.683 Thread 0x00000212781afee0 nmethod 7477 0x000002126efe9290 code [0x000002126efe9420, 0x000002126efe94e8]

GC Heap History (20 events):
Event: 39.666 GC heap before
{Heap before GC invocations=17 (full 1):
 PSYoungGen      total 24064K, used 23712K [0x00000000eab00000, 0x00000000ec500000, 0x0000000100000000)
  eden space 21504K, 100% used [0x00000000eab00000,0x00000000ec000000,0x00000000ec000000)
  from space 2560K, 86% used [0x00000000ec080000,0x00000000ec2a8010,0x00000000ec300000)
  to   space 2048K, 0% used [0x00000000ec300000,0x00000000ec300000,0x00000000ec500000)
 ParOldGen       total 68608K, used 25289K [0x00000000c0000000, 0x00000000c4300000, 0x00000000eab00000)
  object space 68608K, 36% used [0x00000000c0000000,0x00000000c18b25e8,0x00000000c4300000)
 Metaspace       used 34207K, committed 35200K, reserved 1114112K
  class space    used 3333K, committed 3776K, reserved 1048576K
}
Event: 39.679 GC heap after
{Heap after GC invocations=17 (full 1):
 PSYoungGen      total 23552K, used 1888K [0x00000000eab00000, 0x00000000ec500000, 0x0000000100000000)
  eden space 21504K, 0% used [0x00000000eab00000,0x00000000eab00000,0x00000000ec000000)
  from space 2048K, 92% used [0x00000000ec300000,0x00000000ec4d8000,0x00000000ec500000)
  to   space 2048K, 0% used [0x00000000ec100000,0x00000000ec100000,0x00000000ec300000)
 ParOldGen       total 68608K, used 27409K [0x00000000c0000000, 0x00000000c4300000, 0x00000000eab00000)
  object space 68608K, 39% used [0x00000000c0000000,0x00000000c1ac45f8,0x00000000c4300000)
 Metaspace       used 34207K, committed 35200K, reserved 1114112K
  class space    used 3333K, committed 3776K, reserved 1048576K
}
Event: 40.023 GC heap before
{Heap before GC invocations=18 (full 1):
 PSYoungGen      total 23552K, used 23365K [0x00000000eab00000, 0x00000000ec500000, 0x0000000100000000)
  eden space 21504K, 99% used [0x00000000eab00000,0x00000000ebff94f8,0x00000000ec000000)
  from space 2048K, 92% used [0x00000000ec300000,0x00000000ec4d8000,0x00000000ec500000)
  to   space 2048K, 0% used [0x00000000ec100000,0x00000000ec100000,0x00000000ec300000)
 ParOldGen       total 68608K, used 27409K [0x00000000c0000000, 0x00000000c4300000, 0x00000000eab00000)
  object space 68608K, 39% used [0x00000000c0000000,0x00000000c1ac45f8,0x00000000c4300000)
 Metaspace       used 34382K, committed 35328K, reserved 1114112K
  class space    used 3344K, committed 3776K, reserved 1048576K
}
Event: 40.032 GC heap after
{Heap after GC invocations=18 (full 1):
 PSYoungGen      total 23552K, used 2016K [0x00000000eab00000, 0x00000000ec900000, 0x0000000100000000)
  eden space 21504K, 0% used [0x00000000eab00000,0x00000000eab00000,0x00000000ec000000)
  from space 2048K, 98% used [0x00000000ec100000,0x00000000ec2f8138,0x00000000ec300000)
  to   space 4608K, 0% used [0x00000000ec480000,0x00000000ec480000,0x00000000ec900000)
 ParOldGen       total 68608K, used 29209K [0x00000000c0000000, 0x00000000c4300000, 0x00000000eab00000)
  object space 68608K, 42% used [0x00000000c0000000,0x00000000c1c865f8,0x00000000c4300000)
 Metaspace       used 34382K, committed 35328K, reserved 1114112K
  class space    used 3344K, committed 3776K, reserved 1048576K
}
Event: 40.245 GC heap before
{Heap before GC invocations=19 (full 1):
 PSYoungGen      total 23552K, used 6218K [0x00000000eab00000, 0x00000000ec900000, 0x0000000100000000)
  eden space 21504K, 19% used [0x00000000eab00000,0x00000000eaf1a768,0x00000000ec000000)
  from space 2048K, 98% used [0x00000000ec100000,0x00000000ec2f8138,0x00000000ec300000)
  to   space 4608K, 0% used [0x00000000ec480000,0x00000000ec480000,0x00000000ec900000)
 ParOldGen       total 68608K, used 29209K [0x00000000c0000000, 0x00000000c4300000, 0x00000000eab00000)
  object space 68608K, 42% used [0x00000000c0000000,0x00000000c1c865f8,0x00000000c4300000)
 Metaspace       used 34958K, committed 35840K, reserved 1114112K
  class space    used 3389K, committed 3776K, reserved 1048576K
}
Event: 40.252 GC heap after
{Heap after GC invocations=19 (full 1):
 PSYoungGen      total 22016K, used 460K [0x00000000eab00000, 0x00000000ec500000, 0x0000000100000000)
  eden space 21504K, 0% used [0x00000000eab00000,0x00000000eab00000,0x00000000ec000000)
  from space 512K, 89% used [0x00000000ec480000,0x00000000ec4f3100,0x00000000ec500000)
  to   space 2048K, 0% used [0x00000000ec100000,0x00000000ec100000,0x00000000ec300000)
 ParOldGen       total 68608K, used 31030K [0x00000000c0000000, 0x00000000c4300000, 0x00000000eab00000)
  object space 68608K, 45% used [0x00000000c0000000,0x00000000c1e4db50,0x00000000c4300000)
 Metaspace       used 34958K, committed 35840K, reserved 1114112K
  class space    used 3389K, committed 3776K, reserved 1048576K
}
Event: 40.252 GC heap before
{Heap before GC invocations=20 (full 2):
 PSYoungGen      total 22016K, used 460K [0x00000000eab00000, 0x00000000ec500000, 0x0000000100000000)
  eden space 21504K, 0% used [0x00000000eab00000,0x00000000eab00000,0x00000000ec000000)
  from space 512K, 89% used [0x00000000ec480000,0x00000000ec4f3100,0x00000000ec500000)
  to   space 2048K, 0% used [0x00000000ec100000,0x00000000ec100000,0x00000000ec300000)
 ParOldGen       total 68608K, used 31030K [0x00000000c0000000, 0x00000000c4300000, 0x00000000eab00000)
  object space 68608K, 45% used [0x00000000c0000000,0x00000000c1e4db50,0x00000000c4300000)
 Metaspace       used 34958K, committed 35840K, reserved 1114112K
  class space    used 3389K, committed 3776K, reserved 1048576K
}
Event: 40.402 GC heap after
{Heap after GC invocations=20 (full 2):
 PSYoungGen      total 22016K, used 0K [0x00000000eab00000, 0x00000000ec500000, 0x0000000100000000)
  eden space 21504K, 0% used [0x00000000eab00000,0x00000000eab00000,0x00000000ec000000)
  from space 512K, 0% used [0x00000000ec480000,0x00000000ec480000,0x00000000ec500000)
  to   space 2048K, 0% used [0x00000000ec100000,0x00000000ec100000,0x00000000ec300000)
 ParOldGen       total 68608K, used 29189K [0x00000000c0000000, 0x00000000c4300000, 0x00000000eab00000)
  object space 68608K, 42% used [0x00000000c0000000,0x00000000c1c81610,0x00000000c4300000)
 Metaspace       used 34918K, committed 35840K, reserved 1114112K
  class space    used 3378K, committed 3776K, reserved 1048576K
}
Event: 43.697 GC heap before
{Heap before GC invocations=21 (full 2):
 PSYoungGen      total 22016K, used 21504K [0x00000000eab00000, 0x00000000ec500000, 0x0000000100000000)
  eden space 21504K, 100% used [0x00000000eab00000,0x00000000ec000000,0x00000000ec000000)
  from space 512K, 0% used [0x00000000ec480000,0x00000000ec480000,0x00000000ec500000)
  to   space 2048K, 0% used [0x00000000ec100000,0x00000000ec100000,0x00000000ec300000)
 ParOldGen       total 68608K, used 29189K [0x00000000c0000000, 0x00000000c4300000, 0x00000000eab00000)
  object space 68608K, 42% used [0x00000000c0000000,0x00000000c1c81610,0x00000000c4300000)
 Metaspace       used 36658K, committed 37632K, reserved 1114112K
  class space    used 3561K, committed 3968K, reserved 1048576K
}
Event: 43.700 GC heap after
{Heap after GC invocations=21 (full 2):
 PSYoungGen      total 23552K, used 792K [0x00000000eab00000, 0x00000000ec500000, 0x0000000100000000)
  eden space 21504K, 0% used [0x00000000eab00000,0x00000000eab00000,0x00000000ec000000)
  from space 2048K, 38% used [0x00000000ec100000,0x00000000ec1c6040,0x00000000ec300000)
  to   space 1024K, 0% used [0x00000000ec400000,0x00000000ec400000,0x00000000ec500000)
 ParOldGen       total 68608K, used 29197K [0x00000000c0000000, 0x00000000c4300000, 0x00000000eab00000)
  object space 68608K, 42% used [0x00000000c0000000,0x00000000c1c83610,0x00000000c4300000)
 Metaspace       used 36658K, committed 37632K, reserved 1114112K
  class space    used 3561K, committed 3968K, reserved 1048576K
}
Event: 46.899 GC heap before
{Heap before GC invocations=22 (full 2):
 PSYoungGen      total 23552K, used 22168K [0x00000000eab00000, 0x00000000ec500000, 0x0000000100000000)
  eden space 21504K, 99% used [0x00000000eab00000,0x00000000ebfe0200,0x00000000ec000000)
  from space 2048K, 38% used [0x00000000ec100000,0x00000000ec1c6040,0x00000000ec300000)
  to   space 1024K, 0% used [0x00000000ec400000,0x00000000ec400000,0x00000000ec500000)
 ParOldGen       total 68608K, used 29197K [0x00000000c0000000, 0x00000000c4300000, 0x00000000eab00000)
  object space 68608K, 42% used [0x00000000c0000000,0x00000000c1c83610,0x00000000c4300000)
 Metaspace       used 38361K, committed 39296K, reserved 1114112K
  class space    used 3724K, committed 4160K, reserved 1048576K
}
Event: 46.903 GC heap after
{Heap after GC invocations=22 (full 2):
 PSYoungGen      total 22528K, used 1007K [0x00000000eab00000, 0x00000000ec600000, 0x0000000100000000)
  eden space 21504K, 0% used [0x00000000eab00000,0x00000000eab00000,0x00000000ec000000)
  from space 1024K, 98% used [0x00000000ec400000,0x00000000ec4fbe68,0x00000000ec500000)
  to   space 3072K, 0% used [0x00000000ec000000,0x00000000ec000000,0x00000000ec300000)
 ParOldGen       total 68608K, used 30570K [0x00000000c0000000, 0x00000000c4300000, 0x00000000eab00000)
  object space 68608K, 44% used [0x00000000c0000000,0x00000000c1dda9b0,0x00000000c4300000)
 Metaspace       used 38361K, committed 39296K, reserved 1114112K
  class space    used 3724K, committed 4160K, reserved 1048576K
}
Event: 49.041 GC heap before
{Heap before GC invocations=23 (full 2):
 PSYoungGen      total 22528K, used 22511K [0x00000000eab00000, 0x00000000ec600000, 0x0000000100000000)
  eden space 21504K, 100% used [0x00000000eab00000,0x00000000ec000000,0x00000000ec000000)
  from space 1024K, 98% used [0x00000000ec400000,0x00000000ec4fbe68,0x00000000ec500000)
  to   space 3072K, 0% used [0x00000000ec000000,0x00000000ec000000,0x00000000ec300000)
 ParOldGen       total 68608K, used 30570K [0x00000000c0000000, 0x00000000c4300000, 0x00000000eab00000)
  object space 68608K, 44% used [0x00000000c0000000,0x00000000c1dda9b0,0x00000000c4300000)
 Metaspace       used 38408K, committed 39360K, reserved 1114112K
  class space    used 3724K, committed 4160K, reserved 1048576K
}
Event: 49.046 GC heap after
{Heap after GC invocations=23 (full 2):
 PSYoungGen      total 23040K, used 1222K [0x00000000eab00000, 0x00000000ec480000, 0x0000000100000000)
  eden space 21504K, 0% used [0x00000000eab00000,0x00000000eab00000,0x00000000ec000000)
  from space 1536K, 79% used [0x00000000ec000000,0x00000000ec131970,0x00000000ec180000)
  to   space 2048K, 0% used [0x00000000ec280000,0x00000000ec280000,0x00000000ec480000)
 ParOldGen       total 68608K, used 31486K [0x00000000c0000000, 0x00000000c4300000, 0x00000000eab00000)
  object space 68608K, 45% used [0x00000000c0000000,0x00000000c1ebfb18,0x00000000c4300000)
 Metaspace       used 38408K, committed 39360K, reserved 1114112K
  class space    used 3724K, committed 4160K, reserved 1048576K
}
Event: 53.572 GC heap before
{Heap before GC invocations=24 (full 2):
 PSYoungGen      total 23040K, used 22726K [0x00000000eab00000, 0x00000000ec480000, 0x0000000100000000)
  eden space 21504K, 100% used [0x00000000eab00000,0x00000000ec000000,0x00000000ec000000)
  from space 1536K, 79% used [0x00000000ec000000,0x00000000ec131970,0x00000000ec180000)
  to   space 2048K, 0% used [0x00000000ec280000,0x00000000ec280000,0x00000000ec480000)
 ParOldGen       total 68608K, used 31486K [0x00000000c0000000, 0x00000000c4300000, 0x00000000eab00000)
  object space 68608K, 45% used [0x00000000c0000000,0x00000000c1ebfb18,0x00000000c4300000)
 Metaspace       used 40278K, committed 41280K, reserved 1114112K
  class space    used 3908K, committed 4352K, reserved 1048576K
}
Event: 53.580 GC heap after
{Heap after GC invocations=24 (full 2):
 PSYoungGen      total 22528K, used 655K [0x00000000eab00000, 0x00000000ec380000, 0x0000000100000000)
  eden space 21504K, 0% used [0x00000000eab00000,0x00000000eab00000,0x00000000ec000000)
  from space 1024K, 64% used [0x00000000ec280000,0x00000000ec323ff8,0x00000000ec380000)
  to   space 1024K, 0% used [0x00000000ec180000,0x00000000ec180000,0x00000000ec280000)
 ParOldGen       total 68608K, used 31768K [0x00000000c0000000, 0x00000000c4300000, 0x00000000eab00000)
  object space 68608K, 46% used [0x00000000c0000000,0x00000000c1f06108,0x00000000c4300000)
 Metaspace       used 40278K, committed 41280K, reserved 1114112K
  class space    used 3908K, committed 4352K, reserved 1048576K
}
Event: 57.191 GC heap before
{Heap before GC invocations=25 (full 2):
 PSYoungGen      total 22528K, used 22159K [0x00000000eab00000, 0x00000000ec380000, 0x0000000100000000)
  eden space 21504K, 99% used [0x00000000eab00000,0x00000000ebfffd68,0x00000000ec000000)
  from space 1024K, 64% used [0x00000000ec280000,0x00000000ec323ff8,0x00000000ec380000)
  to   space 1024K, 0% used [0x00000000ec180000,0x00000000ec180000,0x00000000ec280000)
 ParOldGen       total 68608K, used 31768K [0x00000000c0000000, 0x00000000c4300000, 0x00000000eab00000)
  object space 68608K, 46% used [0x00000000c0000000,0x00000000c1f06108,0x00000000c4300000)
 Metaspace       used 42727K, committed 43776K, reserved 1114112K
  class space    used 4129K, committed 4608K, reserved 1048576K
}
Event: 57.202 GC heap after
{Heap after GC invocations=25 (full 2):
 PSYoungGen      total 22528K, used 1015K [0x00000000eab00000, 0x00000000ec800000, 0x0000000100000000)
  eden space 21504K, 0% used [0x00000000eab00000,0x00000000eab00000,0x00000000ec000000)
  from space 1024K, 99% used [0x00000000ec180000,0x00000000ec27dea8,0x00000000ec280000)
  to   space 4096K, 0% used [0x00000000ec400000,0x00000000ec400000,0x00000000ec800000)
 ParOldGen       total 68608K, used 33904K [0x00000000c0000000, 0x00000000c4300000, 0x00000000eab00000)
  object space 68608K, 49% used [0x00000000c0000000,0x00000000c211c018,0x00000000c4300000)
 Metaspace       used 42727K, committed 43776K, reserved 1114112K
  class space    used 4129K, committed 4608K, reserved 1048576K
}
Event: 61.988 GC heap before
{Heap before GC invocations=26 (full 2):
 PSYoungGen      total 22528K, used 22519K [0x00000000eab00000, 0x00000000ec800000, 0x0000000100000000)
  eden space 21504K, 100% used [0x00000000eab00000,0x00000000ec000000,0x00000000ec000000)
  from space 1024K, 99% used [0x00000000ec180000,0x00000000ec27dea8,0x00000000ec280000)
  to   space 4096K, 0% used [0x00000000ec400000,0x00000000ec400000,0x00000000ec800000)
 ParOldGen       total 68608K, used 33904K [0x00000000c0000000, 0x00000000c4300000, 0x00000000eab00000)
  object space 68608K, 49% used [0x00000000c0000000,0x00000000c211c018,0x00000000c4300000)
 Metaspace       used 43969K, committed 45056K, reserved 1114112K
  class space    used 4186K, committed 4672K, reserved 1048576K
}
Event: 62.012 GC heap after
{Heap after GC invocations=26 (full 2):
 PSYoungGen      total 23040K, used 4086K [0x00000000eab00000, 0x00000000ecd00000, 0x0000000100000000)
  eden space 18944K, 0% used [0x00000000eab00000,0x00000000eab00000,0x00000000ebd80000)
  from space 4096K, 99% used [0x00000000ec400000,0x00000000ec7fd830,0x00000000ec800000)
  to   space 6656K, 0% used [0x00000000ebd80000,0x00000000ebd80000,0x00000000ec400000)
 ParOldGen       total 68608K, used 35820K [0x00000000c0000000, 0x00000000c4300000, 0x00000000eab00000)
  object space 68608K, 52% used [0x00000000c0000000,0x00000000c22fb298,0x00000000c4300000)
 Metaspace       used 43969K, committed 45056K, reserved 1114112K
  class space    used 4186K, committed 4672K, reserved 1048576K
}

Dll operation events (10 events):
Event: 0.098 Loaded shared library c:\Users\palak\.vscode\extensions\redhat.java-1.41.0-win32-x64\jre\21.0.6-win32-x86_64\bin\java.dll
Event: 0.510 Loaded shared library c:\Users\palak\.vscode\extensions\redhat.java-1.41.0-win32-x64\jre\21.0.6-win32-x86_64\bin\zip.dll
Event: 0.661 Loaded shared library C:\Users\palak\.vscode\extensions\redhat.java-1.41.0-win32-x64\jre\21.0.6-win32-x86_64\bin\instrument.dll
Event: 0.677 Loaded shared library C:\Users\palak\.vscode\extensions\redhat.java-1.41.0-win32-x64\jre\21.0.6-win32-x86_64\bin\net.dll
Event: 0.688 Loaded shared library C:\Users\palak\.vscode\extensions\redhat.java-1.41.0-win32-x64\jre\21.0.6-win32-x86_64\bin\nio.dll
Event: 0.704 Loaded shared library C:\Users\palak\.vscode\extensions\redhat.java-1.41.0-win32-x64\jre\21.0.6-win32-x86_64\bin\zip.dll
Event: 0.770 Loaded shared library C:\Users\palak\.vscode\extensions\redhat.java-1.41.0-win32-x64\jre\21.0.6-win32-x86_64\bin\jimage.dll
Event: 1.075 Loaded shared library c:\Users\palak\.vscode\extensions\redhat.java-1.41.0-win32-x64\jre\21.0.6-win32-x86_64\bin\verify.dll
Event: 8.327 Loaded shared library C:\Users\palak\AppData\Roaming\Code\User\globalStorage\redhat.java\1.41.0\config_ss_win\org.eclipse.equinox.launcher\org.eclipse.equinox.launcher.win32.win32.x86_64_1.2.1300.v20250325-0811\eclipse_11911.dll
Event: 13.997 Loaded shared library C:\Users\palak\AppData\Local\Temp\jna-106430981\jna293425019008582896.dll

Deoptimization events (20 events):
Event: 64.448 Thread 0x000002127eae6880 Uncommon trap: trap_request=0xffffff45 fr.pc=0x000002126ebd9318 relative=0x0000000000000998
Event: 64.448 Thread 0x000002127eae6880 Uncommon trap: reason=unstable_if action=reinterpret pc=0x000002126ebd9318 method=java.util.concurrent.ConcurrentHashMap.transfer([Ljava/util/concurrent/ConcurrentHashMap$Node;[Ljava/util/concurrent/ConcurrentHashMap$Node;)V @ 352 c2
Event: 64.462 Thread 0x000002127eae6880 DEOPT PACKING pc=0x000002126ebd9318 sp=0x00000069fedfda90
Event: 64.462 Thread 0x000002127eae6880 DEOPT UNPACKING pc=0x000002126e583aa2 sp=0x00000069fedfd9e8 mode 2
Event: 65.379 Thread 0x000002127ddb1920 Uncommon trap: trap_request=0xffffffd6 fr.pc=0x000002126efd94f4 relative=0x0000000000008d34
Event: 65.379 Thread 0x000002127ddb1920 Uncommon trap: reason=array_check action=maybe_recompile pc=0x000002126efd94f4 method=org.eclipse.jdt.internal.compiler.lookup.UnresolvedReferenceBinding.addWrapper(Lorg/eclipse/jdt/internal/compiler/lookup/HotSwappable;Lorg/eclipse/jdt/internal/compiler/
Event: 65.379 Thread 0x000002127ddb1920 DEOPT PACKING pc=0x000002126efd94f4 sp=0x00000069fe4fd660
Event: 65.379 Thread 0x000002127ddb1920 DEOPT UNPACKING pc=0x000002126e583aa2 sp=0x00000069fe4fd450 mode 2
Event: 65.380 Thread 0x000002127ddb1920 Uncommon trap: trap_request=0xffffffd6 fr.pc=0x000002126efd94f4 relative=0x0000000000008d34
Event: 65.380 Thread 0x000002127ddb1920 Uncommon trap: reason=array_check action=maybe_recompile pc=0x000002126efd94f4 method=org.eclipse.jdt.internal.compiler.lookup.UnresolvedReferenceBinding.addWrapper(Lorg/eclipse/jdt/internal/compiler/lookup/HotSwappable;Lorg/eclipse/jdt/internal/compiler/
Event: 65.380 Thread 0x000002127ddb1920 DEOPT PACKING pc=0x000002126efd94f4 sp=0x00000069fe4fd660
Event: 65.380 Thread 0x000002127ddb1920 DEOPT UNPACKING pc=0x000002126e583aa2 sp=0x00000069fe4fd450 mode 2
Event: 65.396 Thread 0x000002127ddb1920 Uncommon trap: trap_request=0xffffffd6 fr.pc=0x000002126efd94f4 relative=0x0000000000008d34
Event: 65.396 Thread 0x000002127ddb1920 Uncommon trap: reason=array_check action=maybe_recompile pc=0x000002126efd94f4 method=org.eclipse.jdt.internal.compiler.lookup.UnresolvedReferenceBinding.addWrapper(Lorg/eclipse/jdt/internal/compiler/lookup/HotSwappable;Lorg/eclipse/jdt/internal/compiler/
Event: 65.396 Thread 0x000002127ddb1920 DEOPT PACKING pc=0x000002126efd94f4 sp=0x00000069fe4fd9f0
Event: 65.396 Thread 0x000002127ddb1920 DEOPT UNPACKING pc=0x000002126e583aa2 sp=0x00000069fe4fd7e0 mode 2
Event: 65.396 Thread 0x000002127ddb1920 Uncommon trap: trap_request=0xffffffd6 fr.pc=0x000002126efd94f4 relative=0x0000000000008d34
Event: 65.396 Thread 0x000002127ddb1920 Uncommon trap: reason=array_check action=maybe_recompile pc=0x000002126efd94f4 method=org.eclipse.jdt.internal.compiler.lookup.UnresolvedReferenceBinding.addWrapper(Lorg/eclipse/jdt/internal/compiler/lookup/HotSwappable;Lorg/eclipse/jdt/internal/compiler/
Event: 65.396 Thread 0x000002127ddb1920 DEOPT PACKING pc=0x000002126efd94f4 sp=0x00000069fe4fd9f0
Event: 65.396 Thread 0x000002127ddb1920 DEOPT UNPACKING pc=0x000002126e583aa2 sp=0x00000069fe4fd7e0 mode 2

Classes loaded (20 events):
Event: 55.388 Loading class sun/util/logging/resources/logging_en_IN
Event: 55.388 Loading class sun/util/logging/resources/logging_en_IN done
Event: 55.388 Loading class sun/util/logging/resources/logging_en_IN
Event: 55.388 Loading class sun/util/logging/resources/logging_en_IN done
Event: 55.388 Loading class java/util/Formatter$DateTime
Event: 55.388 Loading class java/util/Formatter$DateTime done
Event: 55.401 Loading class java/time/ZonedDateTime$1
Event: 55.401 Loading class java/time/ZonedDateTime$1 done
Event: 56.686 Loading class java/lang/UnsupportedClassVersionError
Event: 56.686 Loading class java/lang/UnsupportedClassVersionError done
Event: 56.686 Loading class java/io/FileReader
Event: 56.686 Loading class java/io/FileReader done
Event: 56.717 Loading class java/util/regex/PatternSyntaxException
Event: 56.717 Loading class java/util/regex/PatternSyntaxException done
Event: 62.597 Loading class java/util/ArrayDeque$DeqSpliterator
Event: 62.598 Loading class java/util/ArrayDeque$DeqSpliterator done
Event: 63.914 Loading class java/util/concurrent/ConcurrentHashMap$TreeNode
Event: 63.923 Loading class java/util/concurrent/ConcurrentHashMap$TreeNode done
Event: 63.923 Loading class java/util/concurrent/ConcurrentHashMap$TreeBin
Event: 63.924 Loading class java/util/concurrent/ConcurrentHashMap$TreeBin done

Classes unloaded (20 events):
Event: 40.289 Thread 0x000002127813f690 Unloading class 0x0000021201388000 'java/lang/invoke/LambdaForm$DMH+0x0000021201388000'
Event: 40.289 Thread 0x000002127813f690 Unloading class 0x0000021201387800 'java/lang/invoke/LambdaForm$DMH+0x0000021201387800'
Event: 40.289 Thread 0x000002127813f690 Unloading class 0x0000021201387400 'java/lang/invoke/LambdaForm$MH+0x0000021201387400'
Event: 40.289 Thread 0x000002127813f690 Unloading class 0x0000021201386c00 'java/lang/invoke/LambdaForm$MH+0x0000021201386c00'
Event: 40.289 Thread 0x000002127813f690 Unloading class 0x0000021201386800 'java/lang/invoke/LambdaForm$MH+0x0000021201386800'
Event: 40.289 Thread 0x000002127813f690 Unloading class 0x0000021201386000 'java/lang/invoke/LambdaForm$MH+0x0000021201386000'
Event: 40.289 Thread 0x000002127813f690 Unloading class 0x0000021201385c00 'java/lang/invoke/LambdaForm$MH+0x0000021201385c00'
Event: 40.289 Thread 0x000002127813f690 Unloading class 0x0000021201385800 'java/lang/invoke/LambdaForm$MH+0x0000021201385800'
Event: 40.289 Thread 0x000002127813f690 Unloading class 0x0000021201385400 'java/lang/invoke/LambdaForm$MH+0x0000021201385400'
Event: 40.289 Thread 0x000002127813f690 Unloading class 0x0000021201384800 'java/lang/invoke/LambdaForm$MH+0x0000021201384800'
Event: 40.289 Thread 0x000002127813f690 Unloading class 0x0000021201384c00 'java/lang/invoke/LambdaForm$MH+0x0000021201384c00'
Event: 40.289 Thread 0x000002127813f690 Unloading class 0x0000021201384400 'java/lang/invoke/LambdaForm$DMH+0x0000021201384400'
Event: 40.289 Thread 0x000002127813f690 Unloading class 0x0000021201384000 'java/lang/invoke/LambdaForm$DMH+0x0000021201384000'
Event: 40.289 Thread 0x000002127813f690 Unloading class 0x0000021201383800 'java/lang/invoke/LambdaForm$DMH+0x0000021201383800'
Event: 40.289 Thread 0x000002127813f690 Unloading class 0x0000021201383000 'java/lang/invoke/LambdaForm$MH+0x0000021201383000'
Event: 40.289 Thread 0x000002127813f690 Unloading class 0x0000021201382c00 'java/lang/invoke/LambdaForm$MH+0x0000021201382c00'
Event: 40.289 Thread 0x000002127813f690 Unloading class 0x0000021201382800 'java/lang/invoke/LambdaForm$MH+0x0000021201382800'
Event: 40.289 Thread 0x000002127813f690 Unloading class 0x0000021201382400 'java/lang/invoke/LambdaForm$MH+0x0000021201382400'
Event: 40.289 Thread 0x000002127813f690 Unloading class 0x0000021201381c00 'java/lang/invoke/LambdaForm$MH+0x0000021201381c00'
Event: 40.289 Thread 0x000002127813f690 Unloading class 0x0000021201381800 'java/lang/invoke/LambdaForm$MH+0x0000021201381800'

Classes redefined (0 events):
No events

Internal exceptions (20 events):
Event: 41.204 Thread 0x000002127eae8fe0 Exception <a 'sun/nio/fs/WindowsException'{0x00000000eaf6d958}> (0x00000000eaf6d958) 
thrown [s\src\hotspot\share\prims\jni.cpp, line 520]
Event: 41.231 Thread 0x000002127eae5b60 Exception <a 'sun/nio/fs/WindowsException'{0x00000000eafcf7d8}> (0x00000000eafcf7d8) 
thrown [s\src\hotspot\share\prims\jni.cpp, line 520]
Event: 41.258 Thread 0x000002127eae5b60 Exception <a 'sun/nio/fs/WindowsException'{0x00000000eafd1650}> (0x00000000eafd1650) 
thrown [s\src\hotspot\share\prims\jni.cpp, line 520]
Event: 41.297 Thread 0x000002127eae61f0 Exception <a 'sun/nio/fs/WindowsException'{0x00000000eaffdf10}> (0x00000000eaffdf10) 
thrown [s\src\hotspot\share\prims\jni.cpp, line 520]
Event: 44.612 Thread 0x000002127eae8950 Implicit null exception at 0x000002126eb3259d to 0x000002126eb33098
Event: 52.464 Thread 0x000002127dd93230 Exception <a 'java/lang/NoSuchMethodError'{0x00000000ebc5bb18}: 'int java.lang.invoke.DirectMethodHandle$Holder.invokeSpecialIFC(java.lang.Object, java.lang.Object, java.lang.Object)'> (0x00000000ebc5bb18) 
thrown [s\src\hotspot\share\interpreter\linkResolver.cpp, line 773]
Event: 54.072 Thread 0x000002127ddb1920 Exception <a 'java/lang/NoSuchMethodError'{0x00000000eae0b5a8}: 'java.lang.Object java.lang.invoke.DirectMethodHandle$Holder.invokeSpecial(java.lang.Object, java.lang.Object, int, long)'> (0x00000000eae0b5a8) 
thrown [s\src\hotspot\share\interpreter\linkResolver.cpp, line 773]
Event: 54.544 Thread 0x000002127dd93230 Exception <a 'java/lang/NoSuchMethodError'{0x00000000eb174760}: 'java.lang.Object java.lang.invoke.DirectMethodHandle$Holder.newInvokeSpecial(java.lang.Object, java.lang.Object, int, int, java.lang.Object)'> (0x00000000eb174760) 
thrown [s\src\hotspot\share\interpreter\linkResolver.cpp, line 773]
Event: 55.321 Thread 0x000002127eae75a0 Exception <a 'java/lang/NoSuchMethodError'{0x00000000eb5ebe70}: 'void java.lang.invoke.DirectMethodHandle$Holder.invokeVirtual(java.lang.Object, java.lang.Object, java.lang.Object, java.lang.Object, java.lang.Object)'> (0x00000000eb5ebe70) 
thrown [s\src\hotspot\share\interpreter\linkResolver.cpp, line 773]
Event: 55.387 Thread 0x000002127eae8950 Exception <a 'java/lang/ClassNotFoundException'{0x00000000eb6855d0}: sun/util/logging/resources/spi/loggingProvider> (0x00000000eb6855d0) 
thrown [s\src\hotspot\share\classfile\systemDictionary.cpp, line 312]
Event: 55.550 Thread 0x000002127eae8950 Exception <a 'java/lang/IncompatibleClassChangeError'{0x00000000eb747f40}: Found class java.lang.Object, but interface was expected> (0x00000000eb747f40) 
thrown [s\src\hotspot\share\interpreter\linkResolver.cpp, line 840]
Event: 56.276 Thread 0x000002127eae8950 Exception <a 'java/lang/IncompatibleClassChangeError'{0x00000000eb7a0408}: Found class java.lang.Object, but interface was expected> (0x00000000eb7a0408) 
thrown [s\src\hotspot\share\interpreter\linkResolver.cpp, line 840]
Event: 56.381 Thread 0x000002127eae82c0 Exception <a 'java/lang/NoSuchMethodError'{0x00000000eb9fc670}: 'java.lang.Object java.lang.invoke.DirectMethodHandle$Holder.newInvokeSpecial(java.lang.Object, java.lang.Object, java.lang.Object, java.lang.Object, int)'> (0x00000000eb9fc670) 
thrown [s\src\hotspot\share\interpreter\linkResolver.cpp, line 773]
Event: 56.385 Thread 0x000002127eae82c0 Exception <a 'java/lang/NoSuchMethodError'{0x00000000eba00830}: 'java.lang.Object java.lang.invoke.DirectMethodHandle$Holder.invokeSpecial(java.lang.Object, java.lang.Object, java.lang.Object, java.lang.Object, java.lang.Object, int)'> (0x00000000eba00830) 
thrown [s\src\hotspot\share\interpreter\linkResolver.cpp, line 773]
Event: 56.386 Thread 0x000002127eae82c0 Exception <a 'java/lang/NoSuchMethodError'{0x00000000eba04010}: 'java.lang.Object java.lang.invoke.Invokers$Holder.linkToTargetMethod(java.lang.Object, java.lang.Object, java.lang.Object, int, java.lang.Object)'> (0x00000000eba04010) 
thrown [s\src\hotspot\share\interpreter\linkResolver.cpp, line 773]
Event: 57.205 Thread 0x000002127eae6880 Exception <a 'java/lang/NoSuchMethodError'{0x00000000eab425e0}: 'int java.lang.invoke.Invokers$Holder.invokeExact_MT(java.lang.Object, java.lang.Object)'> (0x00000000eab425e0) 
thrown [s\src\hotspot\share\interpreter\linkResolver.cpp, line 773]
Event: 57.699 Thread 0x000002127eae6880 Exception <a 'java/lang/NoSuchMethodError'{0x00000000eaf30158}: 'int java.lang.invoke.DirectMethodHandle$Holder.invokeInterface(java.lang.Object, java.lang.Object)'> (0x00000000eaf30158) 
thrown [s\src\hotspot\share\interpreter\linkResolver.cpp, line 773]
Event: 57.700 Thread 0x000002127eae6880 Exception <a 'java/lang/IncompatibleClassChangeError'{0x00000000eaf33428}: Found class java.lang.Object, but interface was expected> (0x00000000eaf33428) 
thrown [s\src\hotspot\share\interpreter\linkResolver.cpp, line 840]
Event: 63.492 Thread 0x000002127dd93230 Exception <a 'sun/nio/fs/WindowsException'{0x00000000eb27b5d0}> (0x00000000eb27b5d0) 
thrown [s\src\hotspot\share\prims\jni.cpp, line 520]
Event: 63.492 Thread 0x000002127dd93230 Exception <a 'sun/nio/fs/WindowsException'{0x00000000eb27bf40}> (0x00000000eb27bf40) 
thrown [s\src\hotspot\share\prims\jni.cpp, line 520]

ZGC Phase Switch (0 events):
No events

VM Operations (20 events):
Event: 61.556 Executing VM operation: ICBufferFull
Event: 61.556 Executing VM operation: ICBufferFull done
Event: 61.556 Executing VM operation: ICBufferFull
Event: 61.557 Executing VM operation: ICBufferFull done
Event: 61.889 Executing VM operation: HandshakeAllThreads (Deoptimize)
Event: 61.889 Executing VM operation: HandshakeAllThreads (Deoptimize) done
Event: 61.964 Executing VM operation: ParallelGCFailedAllocation (Allocation Failure)
Event: 62.012 Executing VM operation: ParallelGCFailedAllocation (Allocation Failure) done
Event: 62.886 Executing VM operation: HandshakeAllThreads (Deoptimize)
Event: 62.898 Executing VM operation: HandshakeAllThreads (Deoptimize) done
Event: 62.905 Executing VM operation: HandshakeAllThreads (Deoptimize)
Event: 62.950 Executing VM operation: HandshakeAllThreads (Deoptimize) done
Event: 63.845 Executing VM operation: ICBufferFull
Event: 63.869 Executing VM operation: ICBufferFull done
Event: 64.212 Executing VM operation: HandshakeAllThreads (Deoptimize)
Event: 64.355 Executing VM operation: HandshakeAllThreads (Deoptimize) done
Event: 65.355 Executing VM operation: Cleanup
Event: 65.379 Executing VM operation: Cleanup done
Event: 66.382 Executing VM operation: Cleanup
Event: 66.382 Executing VM operation: Cleanup done

Memory protections (0 events):
No events

Nmethod flushes (20 events):
Event: 40.317 Thread 0x000002127813f690 flushing  nmethod 0x0000021267416410
Event: 40.317 Thread 0x000002127813f690 flushing  nmethod 0x0000021267436090
Event: 40.317 Thread 0x000002127813f690 flushing  nmethod 0x0000021267439510
Event: 40.317 Thread 0x000002127813f690 flushing  nmethod 0x000002126744e290
Event: 40.317 Thread 0x000002127813f690 flushing  nmethod 0x0000021267472090
Event: 40.317 Thread 0x000002127813f690 flushing  nmethod 0x000002126747fa90
Event: 40.317 Thread 0x000002127813f690 flushing  nmethod 0x0000021267504790
Event: 40.317 Thread 0x000002127813f690 flushing  nmethod 0x0000021267504c10
Event: 40.317 Thread 0x000002127813f690 flushing  nmethod 0x0000021267505110
Event: 40.317 Thread 0x000002127813f690 flushing  nmethod 0x0000021267521c90
Event: 40.317 Thread 0x000002127813f690 flushing  nmethod 0x0000021267522090
Event: 40.317 Thread 0x000002127813f690 flushing  nmethod 0x0000021267522e10
Event: 40.317 Thread 0x000002127813f690 flushing  nmethod 0x0000021267527c10
Event: 40.317 Thread 0x000002127813f690 flushing  nmethod 0x000002126754ee90
Event: 40.317 Thread 0x000002127813f690 flushing  nmethod 0x0000021267590490
Event: 40.317 Thread 0x000002127813f690 flushing  nmethod 0x0000021267593d90
Event: 40.317 Thread 0x000002127813f690 flushing  nmethod 0x00000212675a5490
Event: 40.317 Thread 0x000002127813f690 flushing  nmethod 0x00000212675a7e90
Event: 40.317 Thread 0x000002127813f690 flushing  nmethod 0x00000212675ab390
Event: 40.317 Thread 0x000002127813f690 flushing  nmethod 0x00000212675ca690

Events (20 events):
Event: 41.222 Thread 0x000002127eae5b60 Thread added: 0x000002127eae9670
Event: 41.252 Thread 0x000002127eae9670 Thread added: 0x000002127eae61f0
Event: 42.141 Thread 0x000002127dd93230 Thread added: 0x000002127eaeaa20
Event: 42.197 Thread 0x000002127dd93230 Thread added: 0x000002127eae9d00
Event: 47.322 Thread 0x00000212781afee0 Thread added: 0x000002127e766210
Event: 51.117 Thread 0x000002127e766210 Thread exited: 0x000002127e766210
Event: 54.166 Thread 0x000002127dd93230 Thread added: 0x000002127eae75a0
Event: 54.636 Thread 0x000002127dd93230 Thread added: 0x000002127eaea390
Event: 54.712 Thread 0x00000212781afee0 Thread added: 0x00000212413aeda0
Event: 55.173 Thread 0x00000212413aeda0 Thread exited: 0x00000212413aeda0
Event: 55.551 Thread 0x000002127dd93230 Thread added: 0x000002127eaeb0b0
Event: 56.705 Thread 0x00000212781afee0 Thread added: 0x000002127ebdb880
Event: 57.057 Thread 0x000002127ddb2640 Thread added: 0x000002127eae7c30
Event: 57.134 Thread 0x000002127ebdb880 Thread exited: 0x000002127ebdb880
Event: 57.691 Thread 0x00000212781afee0 Thread added: 0x000002127d6568d0
Event: 58.920 Thread 0x000002127d6568d0 Thread exited: 0x000002127d6568d0
Event: 59.146 Thread 0x00000212781afee0 Thread added: 0x000002127dd778e0
Event: 61.868 Thread 0x000002127dd778e0 Thread exited: 0x000002127dd778e0
Event: 62.117 Thread 0x00000212781afee0 Thread added: 0x000002127dd778e0
Event: 65.380 Thread 0x000002127dd778e0 Thread exited: 0x000002127dd778e0


Dynamic libraries:
0x00007ff760b60000 - 0x00007ff760b6e000 	c:\Users\palak\.vscode\extensions\redhat.java-1.41.0-win32-x64\jre\21.0.6-win32-x86_64\bin\java.exe
0x00007fffffd80000 - 0x00007ffffffe3000 	C:\WINDOWS\SYSTEM32\ntdll.dll
0x00007ffffe650000 - 0x00007ffffe717000 	C:\WINDOWS\System32\KERNEL32.DLL
0x00007ffffd7f0000 - 0x00007ffffdbb9000 	C:\WINDOWS\System32\KERNELBASE.dll
0x00007ffffd400000 - 0x00007ffffd54c000 	C:\WINDOWS\System32\ucrtbase.dll
0x00007fffecfd0000 - 0x00007fffecfe8000 	c:\Users\palak\.vscode\extensions\redhat.java-1.41.0-win32-x64\jre\21.0.6-win32-x86_64\bin\jli.dll
0x00007ffffed20000 - 0x00007ffffeeea000 	C:\WINDOWS\System32\USER32.dll
0x00007ffffd250000 - 0x00007ffffd277000 	C:\WINDOWS\System32\win32u.dll
0x00007ffffe570000 - 0x00007ffffe59a000 	C:\WINDOWS\System32\GDI32.dll
0x00007ffffd110000 - 0x00007ffffd241000 	C:\WINDOWS\System32\gdi32full.dll
0x00007ffffdbc0000 - 0x00007ffffdc63000 	C:\WINDOWS\System32\msvcp_win.dll
0x00007fffe2800000 - 0x00007fffe281e000 	c:\Users\palak\.vscode\extensions\redhat.java-1.41.0-win32-x64\jre\21.0.6-win32-x86_64\bin\VCRUNTIME140.dll
0x00007fffebac0000 - 0x00007fffebd50000 	C:\WINDOWS\WinSxS\amd64_microsoft.windows.common-controls_6595b64144ccf1df_6.0.26100.3323_none_3e088096e3344490\COMCTL32.dll
0x00007fffffbf0000 - 0x00007fffffc99000 	C:\WINDOWS\System32\msvcrt.dll
0x00007fffff060000 - 0x00007fffff08f000 	C:\WINDOWS\System32\IMM32.DLL
0x00007ffff8040000 - 0x00007ffff804c000 	c:\Users\palak\.vscode\extensions\redhat.java-1.41.0-win32-x64\jre\21.0.6-win32-x86_64\bin\vcruntime140_1.dll
0x00007fffd5800000 - 0x00007fffd588d000 	c:\Users\palak\.vscode\extensions\redhat.java-1.41.0-win32-x64\jre\21.0.6-win32-x86_64\bin\msvcp140.dll
0x00007fff5c8b0000 - 0x00007fff5d640000 	c:\Users\palak\.vscode\extensions\redhat.java-1.41.0-win32-x64\jre\21.0.6-win32-x86_64\bin\server\jvm.dll
0x00007ff800090000 - 0x00007ff800142000 	C:\WINDOWS\System32\ADVAPI32.dll
0x00007ffffe2f0000 - 0x00007ffffe396000 	C:\WINDOWS\System32\sechost.dll
0x00007ffffe450000 - 0x00007ffffe566000 	C:\WINDOWS\System32\RPCRT4.dll
0x00007ffffe220000 - 0x00007ffffe294000 	C:\WINDOWS\System32\WS2_32.dll
0x00007ffffcfa0000 - 0x00007ffffcfee000 	C:\WINDOWS\SYSTEM32\POWRPROF.dll
0x00007ffff68a0000 - 0x00007ffff68d6000 	C:\WINDOWS\SYSTEM32\WINMM.dll
0x00007ffff68e0000 - 0x00007ffff68eb000 	C:\WINDOWS\SYSTEM32\VERSION.dll
0x00007ffffcf80000 - 0x00007ffffcf94000 	C:\WINDOWS\SYSTEM32\UMPDC.dll
0x00007ffffbf30000 - 0x00007ffffbf4a000 	C:\WINDOWS\SYSTEM32\kernel.appcore.dll
0x00007ffff6c70000 - 0x00007ffff6c7a000 	c:\Users\palak\.vscode\extensions\redhat.java-1.41.0-win32-x64\jre\21.0.6-win32-x86_64\bin\jimage.dll
0x00007fffebf70000 - 0x00007fffec1b1000 	C:\WINDOWS\SYSTEM32\DBGHELP.DLL
0x00007fffff820000 - 0x00007fffffba2000 	C:\WINDOWS\System32\combase.dll
0x00007fffffca0000 - 0x00007fffffd76000 	C:\WINDOWS\System32\OLEAUT32.dll
0x00007fffdc9b0000 - 0x00007fffdc9e9000 	C:\WINDOWS\SYSTEM32\dbgcore.DLL
0x00007ffffd5e0000 - 0x00007ffffd679000 	C:\WINDOWS\System32\bcryptPrimitives.dll
0x00007fffeaf90000 - 0x00007fffeaf9f000 	c:\Users\palak\.vscode\extensions\redhat.java-1.41.0-win32-x64\jre\21.0.6-win32-x86_64\bin\instrument.dll
0x00007fffc82b0000 - 0x00007fffc82cf000 	c:\Users\palak\.vscode\extensions\redhat.java-1.41.0-win32-x64\jre\21.0.6-win32-x86_64\bin\java.dll
0x00007fffff0a0000 - 0x00007fffff7b5000 	C:\WINDOWS\System32\SHELL32.dll
0x00007ffffd680000 - 0x00007ffffd7e8000 	C:\WINDOWS\System32\wintypes.dll
0x00007ffffadf0000 - 0x00007ffffb635000 	C:\WINDOWS\SYSTEM32\windows.storage.dll
0x00007ffffeef0000 - 0x00007ffffefdb000 	C:\WINDOWS\System32\SHCORE.dll
0x00007ffffe1c0000 - 0x00007ffffe21d000 	C:\WINDOWS\System32\shlwapi.dll
0x00007ffffd020000 - 0x00007ffffd04f000 	C:\WINDOWS\SYSTEM32\profapi.dll
0x00007fffc8290000 - 0x00007fffc82a8000 	c:\Users\palak\.vscode\extensions\redhat.java-1.41.0-win32-x64\jre\21.0.6-win32-x86_64\bin\zip.dll
0x00007fffc9c20000 - 0x00007fffc9c30000 	C:\Users\palak\.vscode\extensions\redhat.java-1.41.0-win32-x64\jre\21.0.6-win32-x86_64\bin\net.dll
0x00007ffff2da0000 - 0x00007ffff2ebe000 	C:\WINDOWS\SYSTEM32\WINHTTP.dll
0x00007ffffc450000 - 0x00007ffffc4ba000 	C:\WINDOWS\system32\mswsock.dll
0x00007fffc64c0000 - 0x00007fffc64d6000 	C:\Users\palak\.vscode\extensions\redhat.java-1.41.0-win32-x64\jre\21.0.6-win32-x86_64\bin\nio.dll
0x00007fffc8280000 - 0x00007fffc8290000 	c:\Users\palak\.vscode\extensions\redhat.java-1.41.0-win32-x64\jre\21.0.6-win32-x86_64\bin\verify.dll
0x00007ffff80d0000 - 0x00007ffff8115000 	C:\Users\palak\AppData\Roaming\Code\User\globalStorage\redhat.java\1.41.0\config_ss_win\org.eclipse.equinox.launcher\org.eclipse.equinox.launcher.win32.win32.x86_64_1.2.1300.v20250325-0811\eclipse_11911.dll
0x00007ffffe900000 - 0x00007ffffea95000 	C:\WINDOWS\System32\ole32.dll
0x00007ffffc6f0000 - 0x00007ffffc70c000 	C:\WINDOWS\SYSTEM32\CRYPTSP.dll
0x00007ffffbe90000 - 0x00007ffffbeca000 	C:\WINDOWS\system32\rsaenh.dll
0x00007ffffc4f0000 - 0x00007ffffc51b000 	C:\WINDOWS\SYSTEM32\USERENV.dll
0x00007ffffc930000 - 0x00007ffffc956000 	C:\WINDOWS\SYSTEM32\bcrypt.dll
0x00007ffffc710000 - 0x00007ffffc71c000 	C:\WINDOWS\SYSTEM32\CRYPTBASE.dll
0x00007ffffb930000 - 0x00007ffffb963000 	C:\WINDOWS\SYSTEM32\IPHLPAPI.DLL
0x00007ffffe3b0000 - 0x00007ffffe3ba000 	C:\WINDOWS\System32\NSI.dll
0x00007fffd5950000 - 0x00007fffd5999000 	C:\Users\palak\AppData\Local\Temp\jna-106430981\jna293425019008582896.dll
0x00007ffffe3a0000 - 0x00007ffffe3a8000 	C:\WINDOWS\System32\PSAPI.DLL
0x00007ffff2d30000 - 0x00007ffff2d4f000 	C:\WINDOWS\SYSTEM32\dhcpcsvc6.DLL
0x00007ffff2d00000 - 0x00007ffff2d25000 	C:\WINDOWS\SYSTEM32\dhcpcsvc.DLL

dbghelp: loaded successfully - version: 4.0.5 - missing functions: none
symbol engine: initialized successfully - sym options: 0x614 - pdb path: .;c:\Users\palak\.vscode\extensions\redhat.java-1.41.0-win32-x64\jre\21.0.6-win32-x86_64\bin;C:\WINDOWS\SYSTEM32;C:\WINDOWS\WinSxS\amd64_microsoft.windows.common-controls_6595b64144ccf1df_6.0.26100.3323_none_3e088096e3344490;c:\Users\palak\.vscode\extensions\redhat.java-1.41.0-win32-x64\jre\21.0.6-win32-x86_64\bin\server;C:\Users\palak\AppData\Roaming\Code\User\globalStorage\redhat.java\1.41.0\config_ss_win\org.eclipse.equinox.launcher\org.eclipse.equinox.launcher.win32.win32.x86_64_1.2.1300.v20250325-0811;C:\Users\palak\AppData\Local\Temp\jna-106430981

VM Arguments:
jvm_args: --add-modules=ALL-SYSTEM --add-opens=java.base/java.util=ALL-UNNAMED --add-opens=java.base/java.lang=ALL-UNNAMED --add-opens=java.base/sun.nio.fs=ALL-UNNAMED -Declipse.application=org.eclipse.jdt.ls.core.id1 -Dosgi.bundles.defaultStartLevel=4 -Declipse.product=org.eclipse.jdt.ls.core.product -Djava.import.generatesMetadataFilesAtProjectRoot=false -DDetectVMInstallationsJob.disabled=true -Dfile.encoding=utf8 -XX:+UseParallelGC -XX:GCTimeRatio=4 -XX:AdaptiveSizePolicyWeight=90 -Dsun.zip.disableMemoryMapping=true -Xmx1G -Xms100m -Xlog:disable -javaagent:c:\Users\palak\.vscode\extensions\redhat.java-1.41.0-win32-x64\lombok\lombok-1.18.36.jar 
java_command: c:\Users\palak\.vscode\extensions\redhat.java-1.41.0-win32-x64\server\plugins\org.eclipse.equinox.launcher_1.6.1100.v20250306-0509.jar -configuration c:\Users\palak\AppData\Roaming\Code\User\globalStorage\redhat.java\1.41.0\config_ss_win -data c:\Users\palak\AppData\Roaming\Code\User\workspaceStorage\632f04cdbe9e26a6a5769c745b0508de\redhat.java\ss_ws --pipe=\\.\pipe\lsp-f1e44c33d653eef75b1d8238913e8808-sock
java_class_path (initial): c:\Users\palak\.vscode\extensions\redhat.java-1.41.0-win32-x64\server\plugins\org.eclipse.equinox.launcher_1.6.1100.v20250306-0509.jar
Launcher Type: SUN_STANDARD

[Global flags]
    uintx AdaptiveSizePolicyWeight                 = 90                                        {product} {command line}
     intx CICompilerCount                          = 3                                         {product} {ergonomic}
    uintx GCTimeRatio                              = 4                                         {product} {command line}
   size_t InitialHeapSize                          = 104857600                                 {product} {command line}
   size_t MaxHeapSize                              = 1073741824                                {product} {command line}
   size_t MaxNewSize                               = 357564416                                 {product} {ergonomic}
   size_t MinHeapDeltaBytes                        = 524288                                    {product} {ergonomic}
   size_t MinHeapSize                              = 104857600                                 {product} {command line}
   size_t NewSize                                  = 34603008                                  {product} {ergonomic}
    uintx NonNMethodCodeHeapSize                   = 5832780                                {pd product} {ergonomic}
    uintx NonProfiledCodeHeapSize                  = 122912730                              {pd product} {ergonomic}
   size_t OldSize                                  = 70254592                                  {product} {ergonomic}
    uintx ProfiledCodeHeapSize                     = 122912730                              {pd product} {ergonomic}
    uintx ReservedCodeCacheSize                    = 251658240                              {pd product} {ergonomic}
     bool SegmentedCodeCache                       = true                                      {product} {ergonomic}
   size_t SoftMaxHeapSize                          = 1073741824                             {manageable} {ergonomic}
     bool UseCompressedOops                        = true                           {product lp64_product} {ergonomic}
     bool UseLargePagesIndividualAllocation        = false                                  {pd product} {ergonomic}
     bool UseParallelGC                            = true                                      {product} {command line}

Logging:
Log output configuration:
 #0: stdout all=off uptime,level,tags foldmultilines=false
 #1: stderr all=off uptime,level,tags foldmultilines=false

Environment Variables:
JAVA_HOME=C:\Users\palak\Downloads\java-21-openjdk-21.0.1.0.12-3.win.jdk.x86_64\java-21-openjdk-21.0.1.0.12-3.win.jdk.x86_64
PATH=C:\Program Files (x86)\Common Files\Oracle\Java\java8path;C:\Program Files (x86)\Common Files\Oracle\Java\javapath;C:\WINDOWS\system32;C:\WINDOWS;C:\WINDOWS\System32\Wbem;C:\WINDOWS\System32\WindowsPowerShell\v1.0\;C:\WINDOWS\System32\OpenSSH\;C:\Users\palak\Downloads\java-21-openjdk-21.0.1.0.12-3.win.jdk.x86_64\java-21-openjdk-21.0.1.0.12-3.win.jdk.x86_64\bin;C:\Users\palak\Downloads\apache-maven-3.9.8-bin\bin;c:\users\palak\appdata\local\packages\pythonsoftwarefoundation.python.3.11_qbz5n2kfra8p0\localcache\local-packages\python311\site-packages;C:\ProgramData\chocolatey\bin;C:\Program Files\nodejs\;C:\Users\palak\AppData\Local\Programs\Python\Python312\Scripts;C:\Program Files\Git\cmd;C:\Users\palak\Downloads\flutter_windows_3.27.3-stable\flutter\bin;C:\Users\palak\AppData\Local\Android\Sdk\cmdline-tools\latest\bin;C:\Users\palak\AppData\Local\Android\Sdk\platform-tools;C:\ffmpeg;C:\Program Files\MongoDB\Server\8.0\bin;C:\Users\palak\AppData\Local\Programs\Python\Python313\Scripts\;C:\Users\palak\AppData\Local\Programs\Python\Python313\;C:\Users\palak\AppData\Local\Programs\Python\Python312\Scripts\;C:\Users\palak\AppData\Local\Programs\Python\Python312\;C:\Users\palak\AppData\Local\Programs\Python\Launcher\;C:\Program Files\MySQL\MySQL Shell 8.0\bin\;C:\Users\palak\AppData\Local\Microsoft\WindowsApps;C:\Users\palak\AppData\Local\Programs\Microsoft VS Code\bin;C:\Program Files\JetBrains\IntelliJ IDEA Community Edition 2023.3.3\bin;C:\Users\palak\AppData\Local\JetBrains\CLion 2023.3.4\bin;C:\Program Files\JetBrains\PyCharm 2024.1.2\bin;C:\Program Files\JetBrains\PyCharm Community Edition 2024.1.4\bin;C:\Users\palak\AppData\Local\JetBrains\Toolbox\scripts;C:\Users\palak\AppData\Roaming\npm;C:\Users\palak\AppData\Local\GitHubDesktop\bin;C:\Users\palak\AppData\Local\Microsoft\WindowsApps;
USERNAME=palak
OS=Windows_NT
PROCESSOR_IDENTIFIER=AMD64 Family 23 Model 24 Stepping 1, AuthenticAMD
TMP=C:\Users\palak\AppData\Local\Temp
TEMP=C:\Users\palak\AppData\Local\Temp




Periodic native trim disabled

---------------  S Y S T E M  ---------------

OS:
 Windows 11 , 64 bit Build 26100 (10.0.26100.3323)
OS uptime: 0 days 0:37 hours

CPU: total 4 (initial active 4) (4 cores per cpu, 2 threads per core) family 23 model 24 stepping 1 microcode 0x8108109, cx8, cmov, fxsr, ht, mmx, 3dnowpref, sse, sse2, sse3, ssse3, sse4a, sse4.1, sse4.2, popcnt, lzcnt, tsc, tscinvbit, avx, avx2, aes, clmul, bmi1, bmi2, adx, sha, fma, vzeroupper, clflush, clflushopt, rdtscp, f16c
Processor Information for the first 4 processors :
  Max Mhz: 2600, Current Mhz: 2600, Mhz Limit: 2600

Memory: 4k page, system-wide physical 6086M (635M free)
TotalPageFile size 14278M (AvailPageFile size 5M)
current process WorkingSet (physical memory assigned to process): 257M, peak: 276M
current process commit charge ("private bytes"): 325M, peak: 339M

vm_info: OpenJDK 64-Bit Server VM (21.0.6+7-LTS) for windows-amd64 JRE (21.0.6+7-LTS), built on 2025-01-21T00:00:00Z by "admin" with MS VC++ 17.7 (VS2022)

END.
