#
# There is insufficient memory for the Java Runtime Environment to continue.
# Native memory allocation (malloc) failed to allocate 345216 bytes. Error detail: Chunk::new
# Possible reasons:
#   The system is out of physical RAM or swap space
#   This process is running with CompressedOops enabled, and the Java Heap may be blocking the growth of the native heap
# Possible solutions:
#   Reduce memory load on the system
#   Increase physical memory or swap space
#   Check if swap backing store is full
#   Decrease Java heap size (-Xmx/-Xms)
#   Decrease number of Java threads
#   Decrease Java thread stack sizes (-Xss)
#   Set larger code cache with -XX:ReservedCodeCacheSize=
#   JVM is running with Unscaled Compressed Oops mode in which the Java heap is
#     placed in the first 4GB address space. The Java Heap base address is the
#     maximum limit for the native heap growth. Please use -XX:HeapBaseMinAddress
#     to set the Java Heap base and to place the Java Heap above 4GB virtual address.
# This output file may be truncated or incomplete.
#
#  Out of Memory Error (arena.cpp:168), pid=12336, tid=17356
#
# JRE version: OpenJDK Runtime Environment Temurin-21.0.6+7 (21.0.6+7) (build 21.0.6+7-LTS)
# Java VM: OpenJDK 64-Bit Server VM Temurin-21.0.6+7 (21.0.6+7-LTS, mixed mode, sharing, tiered, compressed oops, compressed class ptrs, parallel gc, windows-amd64)
# No core dump will be written. Minidumps are not enabled by default on client versions of Windows
#

---------------  S U M M A R Y ------------

Command Line: --add-modules=ALL-SYSTEM --add-opens=java.base/java.util=ALL-UNNAMED --add-opens=java.base/java.lang=ALL-UNNAMED --add-opens=java.base/sun.nio.fs=ALL-UNNAMED -Declipse.application=org.eclipse.jdt.ls.core.id1 -Dosgi.bundles.defaultStartLevel=4 -Declipse.product=org.eclipse.jdt.ls.core.product -Djava.import.generatesMetadataFilesAtProjectRoot=false -DDetectVMInstallationsJob.disabled=true -Dfile.encoding=utf8 -XX:+UseParallelGC -XX:GCTimeRatio=4 -XX:AdaptiveSizePolicyWeight=90 -Dsun.zip.disableMemoryMapping=true -Xmx1G -Xms100m -Xlog:disable -javaagent:c:\Users\palak\.vscode\extensions\redhat.java-1.41.1-win32-x64\lombok\lombok-1.18.36.jar -XX:+HeapDumpOnOutOfMemoryError -XX:HeapDumpPath=c:\Users\palak\AppData\Roaming\Code\User\workspaceStorage\632f04cdbe9e26a6a5769c745b0508de\redhat.java -Daether.dependencyCollector.impl=bf c:\Users\palak\.vscode\extensions\redhat.java-1.41.1-win32-x64\server\plugins\org.eclipse.equinox.launcher_1.7.0.v20250331-1702.jar -configuration c:\Users\palak\AppData\Roaming\Code\User\globalStorage\redhat.java\1.41.1\config_win -data c:\Users\palak\AppData\Roaming\Code\User\workspaceStorage\632f04cdbe9e26a6a5769c745b0508de\redhat.java\jdt_ws --pipe=\\.\pipe\lsp-186b303477e056b2c56f58b434dbe793-sock

Host: AMD Ryzen 3 3250U with Radeon Graphics         , 4 cores, 5G,  Windows 11 , 64 bit Build 26100 (10.0.26100.3323)
Time: Sat Apr  5 09:52:11 2025 India Standard Time elapsed time: 2.238012 seconds (0d 0h 0m 2s)

---------------  T H R E A D  ---------------

Current thread (0x000002b462ea7b50):  JavaThread "C2 CompilerThread0" daemon [_thread_in_native, id=17356, stack(0x000000fd40900000,0x000000fd40a00000) (1024K)]


Current CompileTask:
C2:2238  970   !   4       java.util.jar.Attributes::read (494 bytes)

Stack: [0x000000fd40900000,0x000000fd40a00000]
Native frames: (J=compiled Java code, j=interpreted, Vv=VM code, C=native code)
V  [jvm.dll+0x6cdee9]
V  [jvm.dll+0x8a83d1]
V  [jvm.dll+0x8aa8fe]
V  [jvm.dll+0x8aafe3]
V  [jvm.dll+0x27f706]
V  [jvm.dll+0xc500d]
V  [jvm.dll+0xc5543]
V  [jvm.dll+0x2f2acd]
V  [jvm.dll+0x5f6a2a]
V  [jvm.dll+0x250bb2]
V  [jvm.dll+0x250f6f]
V  [jvm.dll+0x249834]
V  [jvm.dll+0x246ec4]
V  [jvm.dll+0x1c75ee]
V  [jvm.dll+0x25685a]
V  [jvm.dll+0x254dfa]
V  [jvm.dll+0x3f0256]
V  [jvm.dll+0x851f8b]
V  [jvm.dll+0x6cc5ed]
C  [ucrtbase.dll+0x37b0]
C  [KERNEL32.DLL+0x2e8d7]
C  [ntdll.dll+0xbbf6c]


---------------  P R O C E S S  ---------------

Threads class SMR info:
_java_thread_list=0x000002b468374ad0, length=12, elements={
0x000002b44c78d920, 0x000002b44ec2b9c0, 0x000002b44ec2e280, 0x000002b462ea2a20,
0x000002b462ea3670, 0x000002b462ea42c0, 0x000002b462ea6d20, 0x000002b462ea7b50,
0x000002b462f18e70, 0x000002b462f5e750, 0x000002b4683e1800, 0x000002b46875cbd0
}

Java Threads: ( => current thread )
  0x000002b44c78d920 JavaThread "main"                              [_thread_in_vm, id=15244, stack(0x000000fd3ff00000,0x000000fd40000000) (1024K)]
  0x000002b44ec2b9c0 JavaThread "Reference Handler"          daemon [_thread_blocked, id=14032, stack(0x000000fd40300000,0x000000fd40400000) (1024K)]
  0x000002b44ec2e280 JavaThread "Finalizer"                  daemon [_thread_blocked, id=14712, stack(0x000000fd40400000,0x000000fd40500000) (1024K)]
  0x000002b462ea2a20 JavaThread "Signal Dispatcher"          daemon [_thread_blocked, id=14728, stack(0x000000fd40500000,0x000000fd40600000) (1024K)]
  0x000002b462ea3670 JavaThread "Attach Listener"            daemon [_thread_blocked, id=4452, stack(0x000000fd40600000,0x000000fd40700000) (1024K)]
  0x000002b462ea42c0 JavaThread "Service Thread"             daemon [_thread_blocked, id=15188, stack(0x000000fd40700000,0x000000fd40800000) (1024K)]
  0x000002b462ea6d20 JavaThread "Monitor Deflation Thread"   daemon [_thread_blocked, id=8368, stack(0x000000fd40800000,0x000000fd40900000) (1024K)]
=>0x000002b462ea7b50 JavaThread "C2 CompilerThread0"         daemon [_thread_in_native, id=17356, stack(0x000000fd40900000,0x000000fd40a00000) (1024K)]
  0x000002b462f18e70 JavaThread "C1 CompilerThread0"         daemon [_thread_blocked, id=16916, stack(0x000000fd40a00000,0x000000fd40b00000) (1024K)]
  0x000002b462f5e750 JavaThread "Common-Cleaner"             daemon [_thread_blocked, id=14636, stack(0x000000fd40b00000,0x000000fd40c00000) (1024K)]
  0x000002b4683e1800 JavaThread "Notification Thread"        daemon [_thread_blocked, id=10160, stack(0x000000fd40e00000,0x000000fd40f00000) (1024K)]
  0x000002b46875cbd0 JavaThread "C2 CompilerThread1"         daemon [_thread_in_native, id=3088, stack(0x000000fd40d00000,0x000000fd40e00000) (1024K)]
Total: 12

Other Threads:
  0x000002b462e9faa0 VMThread "VM Thread"                           [id=13200, stack(0x000000fd40200000,0x000000fd40300000) (1024K)]
  0x000002b462e3ca10 WatcherThread "VM Periodic Task Thread"        [id=9036, stack(0x000000fd40100000,0x000000fd40200000) (1024K)]
  0x000002b44eb8df90 WorkerThread "GC Thread#0"                     [id=3044, stack(0x000000fd40000000,0x000000fd40100000) (1024K)]
Total: 3

Threads with active compile tasks:
C2 CompilerThread0  2269  970   !   4       java.util.jar.Attributes::read (494 bytes)
C2 CompilerThread1  2269 1004       4       java.util.HashMap::put (13 bytes)
Total: 2

VM state: not at safepoint (normal execution)

VM Mutex/Monitor currently owned by a thread: None

Heap address: 0x00000000c0000000, size: 1024 MB, Compressed Oops mode: 32-bit

CDS archive(s) mapped at: [0x000002b400000000-0x000002b400ba0000-0x000002b400ba0000), size 12189696, SharedBaseAddress: 0x000002b400000000, ArchiveRelocationMode: 1.
Compressed class space mapped at: 0x000002b401000000-0x000002b441000000, reserved size: 1073741824
Narrow klass base: 0x000002b400000000, Narrow klass shift: 0, Narrow klass range: 0x100000000

GC Precious Log:
 CardTable entry size: 512
 CPUs: 4 total, 4 available
 Memory: 6086M
 Large Page Support: Disabled
 NUMA Support: Disabled
 Compressed Oops: Enabled (32-bit)
 Alignments: Space 512K, Generation 512K, Heap 2M
 Heap Min Capacity: 100M
 Heap Initial Capacity: 100M
 Heap Max Capacity: 1G
 Pre-touch: Disabled
 Parallel Workers: 4

Heap:
 PSYoungGen      total 29696K, used 24372K [0x00000000eab00000, 0x00000000ecc00000, 0x0000000100000000)
  eden space 25600K, 95% used [0x00000000eab00000,0x00000000ec2cd1a8,0x00000000ec400000)
  from space 4096K, 0% used [0x00000000ec800000,0x00000000ec800000,0x00000000ecc00000)
  to   space 4096K, 0% used [0x00000000ec400000,0x00000000ec400000,0x00000000ec800000)
 ParOldGen       total 68608K, used 0K [0x00000000c0000000, 0x00000000c4300000, 0x00000000eab00000)
  object space 68608K, 0% used [0x00000000c0000000,0x00000000c0000000,0x00000000c4300000)
 Metaspace       used 3927K, committed 4160K, reserved 1114112K
  class space    used 398K, committed 512K, reserved 1048576K

Card table byte_map: [0x000002b44e510000,0x000002b44e720000] _byte_map_base: 0x000002b44df10000

Marking Bits: (ParMarkBitMap*) 0x00007ffc4d533260
 Begin Bits: [0x000002b460d60000, 0x000002b461d60000)
 End Bits:   [0x000002b461d60000, 0x000002b462d60000)

Polling page: 0x000002b44c960000

Metaspace:

Usage:
  Non-class:      3.45 MB used.
      Class:    398.97 KB used.
       Both:      3.84 MB used.

Virtual space:
  Non-class space:       64.00 MB reserved,       3.56 MB (  6%) committed,  1 nodes.
      Class space:        1.00 GB reserved,     512.00 KB ( <1%) committed,  1 nodes.
             Both:        1.06 GB reserved,       4.06 MB ( <1%) committed. 

Chunk freelists:
   Non-Class:  11.27 MB
       Class:  15.48 MB
        Both:  26.74 MB

MaxMetaspaceSize: unlimited
CompressedClassSpaceSize: 1.00 GB
Initial GC threshold: 21.00 MB
Current GC threshold: 21.00 MB
CDS: on
 - commit_granule_bytes: 65536.
 - commit_granule_words: 8192.
 - virtual_space_node_default_size: 8388608.
 - enlarge_chunks_in_place: 1.
 - use_allocation_guard: 0.


Internal statistics:

num_allocs_failed_limit: 0.
num_arena_births: 146.
num_arena_deaths: 0.
num_vsnodes_births: 2.
num_vsnodes_deaths: 0.
num_space_committed: 65.
num_space_uncommitted: 0.
num_chunks_returned_to_freelist: 0.
num_chunks_taken_from_freelist: 204.
num_chunk_merges: 0.
num_chunk_splits: 129.
num_chunks_enlarged: 71.
num_inconsistent_stats: 0.

CodeHeap 'non-profiled nmethods': size=120000Kb used=408Kb max_used=408Kb free=119591Kb
 bounds [0x000002b459830000, 0x000002b459aa0000, 0x000002b460d60000]
CodeHeap 'profiled nmethods': size=120000Kb used=1627Kb max_used=1627Kb free=118373Kb
 bounds [0x000002b451d60000, 0x000002b451fd0000, 0x000002b459290000]
CodeHeap 'non-nmethods': size=5760Kb used=1189Kb max_used=1221Kb free=4570Kb
 bounds [0x000002b459290000, 0x000002b459500000, 0x000002b459830000]
 total_blobs=1455 nmethods=1006 adapters=356
 compilation: enabled
              stopped_count=0, restarted_count=0
 full_count=0

Compilation events (20 events):
Event: 2.187 Thread 0x000002b462ea7b50 nmethod 969 0x000002b459890310 code [0x000002b4598905c0, 0x000002b459891650]
Event: 2.188 Thread 0x000002b462ea7b50  970   !   4       java.util.jar.Attributes::read (494 bytes)
Event: 2.188 Thread 0x000002b46875cbd0 nmethod 988 0x000002b459891f10 code [0x000002b4598920c0, 0x000002b4598923d0]
Event: 2.188 Thread 0x000002b46875cbd0  971       4       java.lang.String::<init> (22 bytes)
Event: 2.190 Thread 0x000002b46875cbd0 nmethod 971 0x000002b459892610 code [0x000002b4598927c0, 0x000002b459892948]
Event: 2.190 Thread 0x000002b46875cbd0  972       4       java.util.jar.Manifest$FastInputStream::readLine (9 bytes)
Event: 2.204 Thread 0x000002b462f18e70  992       3       sun.security.util.DerOutputStream::<init> (5 bytes)
Event: 2.205 Thread 0x000002b462f18e70 nmethod 992 0x000002b451ef1910 code [0x000002b451ef1ac0, 0x000002b451ef1c60]
Event: 2.205 Thread 0x000002b462f18e70  993       3       java.util.ArrayList::toArray (57 bytes)
Event: 2.205 Thread 0x000002b462f18e70 nmethod 993 0x000002b451ef1d10 code [0x000002b451ef1f00, 0x000002b451ef2428]
Event: 2.205 Thread 0x000002b462f18e70  994       3       java.util.Arrays::hashCode (60 bytes)
Event: 2.205 Thread 0x000002b462f18e70 nmethod 994 0x000002b451ef2590 code [0x000002b451ef2760, 0x000002b451ef29e8]
Event: 2.208 Thread 0x000002b46875cbd0 nmethod 972 0x000002b459892b10 code [0x000002b459892ce0, 0x000002b4598933e8]
Event: 2.208 Thread 0x000002b46875cbd0  991 %     4       jdk.internal.util.ArraysSupport::hashCode @ 8 (33 bytes)
Event: 2.213 Thread 0x000002b46875cbd0 nmethod 991% 0x000002b459893810 code [0x000002b4598939a0, 0x000002b459893c18]
Event: 2.213 Thread 0x000002b46875cbd0  995 %     4       java.math.BigInteger::implMultiplyToLen @ 135 (216 bytes)
Event: 2.216 Thread 0x000002b462f18e70  996       3       sun.security.provider.DigestBase::implCompressMultiBlock0 (23 bytes)
Event: 2.216 Thread 0x000002b462f18e70 nmethod 996 0x000002b451ef2b10 code [0x000002b451ef2cc0, 0x000002b451ef2f68]
Event: 2.224 Thread 0x000002b46875cbd0 nmethod 995% 0x000002b459893d10 code [0x000002b459893ec0, 0x000002b459894238]
Event: 2.224 Thread 0x000002b46875cbd0  997       4       java.math.BigInteger::implMultiplyToLen (216 bytes)

GC Heap History (0 events):
No events

Dll operation events (8 events):
Event: 0.031 Loaded shared library c:\Users\palak\.vscode\extensions\redhat.java-1.41.1-win32-x64\jre\21.0.6-win32-x86_64\bin\java.dll
Event: 0.203 Loaded shared library c:\Users\palak\.vscode\extensions\redhat.java-1.41.1-win32-x64\jre\21.0.6-win32-x86_64\bin\zip.dll
Event: 0.300 Loaded shared library C:\Users\palak\.vscode\extensions\redhat.java-1.41.1-win32-x64\jre\21.0.6-win32-x86_64\bin\instrument.dll
Event: 0.308 Loaded shared library C:\Users\palak\.vscode\extensions\redhat.java-1.41.1-win32-x64\jre\21.0.6-win32-x86_64\bin\net.dll
Event: 0.312 Loaded shared library C:\Users\palak\.vscode\extensions\redhat.java-1.41.1-win32-x64\jre\21.0.6-win32-x86_64\bin\nio.dll
Event: 0.317 Loaded shared library C:\Users\palak\.vscode\extensions\redhat.java-1.41.1-win32-x64\jre\21.0.6-win32-x86_64\bin\zip.dll
Event: 0.353 Loaded shared library C:\Users\palak\.vscode\extensions\redhat.java-1.41.1-win32-x64\jre\21.0.6-win32-x86_64\bin\jimage.dll
Event: 0.515 Loaded shared library c:\Users\palak\.vscode\extensions\redhat.java-1.41.1-win32-x64\jre\21.0.6-win32-x86_64\bin\verify.dll

Deoptimization events (20 events):
Event: 2.167 Thread 0x000002b44c78d920 DEOPT PACKING pc=0x000002b451ec27b1 sp=0x000000fd3fffe350
Event: 2.167 Thread 0x000002b44c78d920 DEOPT UNPACKING pc=0x000002b4592e4242 sp=0x000000fd3fffd7c8 mode 0
Event: 2.168 Thread 0x000002b44c78d920 DEOPT PACKING pc=0x000002b451ec27b1 sp=0x000000fd3fffe350
Event: 2.168 Thread 0x000002b44c78d920 DEOPT UNPACKING pc=0x000002b4592e4242 sp=0x000000fd3fffd7c8 mode 0
Event: 2.168 Thread 0x000002b44c78d920 DEOPT PACKING pc=0x000002b451ec27b1 sp=0x000000fd3fffe350
Event: 2.168 Thread 0x000002b44c78d920 DEOPT UNPACKING pc=0x000002b4592e4242 sp=0x000000fd3fffd7c8 mode 0
Event: 2.168 Thread 0x000002b44c78d920 DEOPT PACKING pc=0x000002b451ec27b1 sp=0x000000fd3fffe350
Event: 2.168 Thread 0x000002b44c78d920 DEOPT UNPACKING pc=0x000002b4592e4242 sp=0x000000fd3fffd7c8 mode 0
Event: 2.168 Thread 0x000002b44c78d920 DEOPT PACKING pc=0x000002b451ec27b1 sp=0x000000fd3fffe350
Event: 2.168 Thread 0x000002b44c78d920 DEOPT UNPACKING pc=0x000002b4592e4242 sp=0x000000fd3fffd7c8 mode 0
Event: 2.169 Thread 0x000002b44c78d920 DEOPT PACKING pc=0x000002b451ec27b1 sp=0x000000fd3fffe350
Event: 2.169 Thread 0x000002b44c78d920 DEOPT UNPACKING pc=0x000002b4592e4242 sp=0x000000fd3fffd7c8 mode 0
Event: 2.169 Thread 0x000002b44c78d920 DEOPT PACKING pc=0x000002b451ec27b1 sp=0x000000fd3fffe350
Event: 2.169 Thread 0x000002b44c78d920 DEOPT UNPACKING pc=0x000002b4592e4242 sp=0x000000fd3fffd7c8 mode 0
Event: 2.179 Thread 0x000002b44c78d920 Uncommon trap: trap_request=0xffffff45 fr.pc=0x000002b45987c758 relative=0x00000000000000b8
Event: 2.179 Thread 0x000002b44c78d920 Uncommon trap: reason=unstable_if action=reinterpret pc=0x000002b45987c758 method=java.lang.invoke.VarHandle.checkAccessModeThenIsDirect(Ljava/lang/invoke/VarHandle$AccessDescriptor;)Z @ 4 c2
Event: 2.179 Thread 0x000002b44c78d920 DEOPT PACKING pc=0x000002b45987c758 sp=0x000000fd3fffded0
Event: 2.179 Thread 0x000002b44c78d920 DEOPT UNPACKING pc=0x000002b4592e3aa2 sp=0x000000fd3fffde80 mode 2
Event: 2.224 Thread 0x000002b44c78d920 DEOPT PACKING pc=0x000002b451eca688 sp=0x000000fd3fffd7c0
Event: 2.224 Thread 0x000002b44c78d920 DEOPT UNPACKING pc=0x000002b4592e4242 sp=0x000000fd3fffcc40 mode 0

Classes loaded (20 events):
Event: 2.172 Loading class jdk/internal/logger/LazyLoggers$JdkLazyLogger
Event: 2.172 Loading class jdk/internal/logger/LazyLoggers$LazyLoggerWrapper
Event: 2.172 Loading class jdk/internal/logger/AbstractLoggerWrapper
Event: 2.173 Loading class jdk/internal/logger/AbstractLoggerWrapper done
Event: 2.173 Loading class jdk/internal/logger/LazyLoggers$LazyLoggerWrapper done
Event: 2.173 Loading class jdk/internal/logger/LazyLoggers$JdkLazyLogger done
Event: 2.179 Loading class jdk/internal/logger/LazyLoggers$LazyLoggerAccessor
Event: 2.179 Loading class jdk/internal/logger/LazyLoggers$LoggerAccessor
Event: 2.179 Loading class jdk/internal/logger/LazyLoggers$LoggerAccessor done
Event: 2.179 Loading class jdk/internal/logger/LazyLoggers$LazyLoggerAccessor done
Event: 2.180 Loading class jdk/internal/logger/SurrogateLogger
Event: 2.180 Loading class jdk/internal/logger/SimpleConsoleLogger
Event: 2.180 Loading class sun/util/logging/PlatformLogger$ConfigurableBridge$LoggerConfiguration
Event: 2.180 Loading class sun/util/logging/PlatformLogger$ConfigurableBridge$LoggerConfiguration done
Event: 2.180 Loading class jdk/internal/logger/SimpleConsoleLogger done
Event: 2.180 Loading class jdk/internal/logger/SurrogateLogger done
Event: 2.180 Loading class sun/util/logging/PlatformLogger
Event: 2.181 Loading class sun/util/logging/PlatformLogger done
Event: 2.181 Loading class sun/util/logging/PlatformLogger$Level
Event: 2.181 Loading class sun/util/logging/PlatformLogger$Level done

Classes unloaded (0 events):
No events

Classes redefined (0 events):
No events

Internal exceptions (20 events):
Event: 0.196 Thread 0x000002b44c78d920 Exception <a 'java/lang/NoSuchMethodError'{0x00000000ead2a458}: 'void java.lang.invoke.DirectMethodHandle$Holder.invokeStatic(java.lang.Object, java.lang.Object, java.lang.Object)'> (0x00000000ead2a458) 
thrown [s\src\hotspot\share\interpreter\linkResolver.cpp, line 773]
Event: 0.342 Thread 0x000002b44c78d920 Exception <a 'java/lang/NoSuchMethodError'{0x00000000eae937d8}: 'java.lang.Object java.lang.invoke.Invokers$Holder.invokeExact_MT(java.lang.Object, java.lang.Object, java.lang.Object, java.lang.Object, java.lang.Object)'> (0x00000000eae937d8) 
thrown [s\src\hotspot\share\interpreter\linkResolver.cpp, line 773]
Event: 0.412 Thread 0x000002b44c78d920 Exception <a 'java/lang/NoSuchMethodError'{0x00000000eaf4c090}: 'int java.lang.invoke.DirectMethodHandle$Holder.invokeSpecial(java.lang.Object, java.lang.Object, java.lang.Object, int)'> (0x00000000eaf4c090) 
thrown [s\src\hotspot\share\interpreter\linkResolver.cpp, line 773]
Event: 0.428 Thread 0x000002b44c78d920 Exception <a 'java/lang/NoSuchMethodError'{0x00000000eaf5ea78}: 'java.lang.Object java.lang.invoke.DirectMethodHandle$Holder.invokeStatic(java.lang.Object, java.lang.Object, java.lang.Object, java.lang.Object, int)'> (0x00000000eaf5ea78) 
thrown [s\src\hotspot\share\interpreter\linkResolver.cpp, line 773]
Event: 0.433 Thread 0x000002b44c78d920 Exception <a 'java/lang/NoSuchMethodError'{0x00000000eaf69eb8}: 'void java.lang.invoke.DelegatingMethodHandle$Holder.reinvoke_L(java.lang.Object, java.lang.Object, java.lang.Object, int, java.lang.Object)'> (0x00000000eaf69eb8) 
thrown [s\src\hotspot\share\interpreter\linkResolver.cpp, line 773]
Event: 0.441 Thread 0x000002b44c78d920 Exception <a 'java/lang/NoSuchMethodError'{0x00000000eaf7a808}: 'int java.lang.invoke.DirectMethodHandle$Holder.invokeSpecial(java.lang.Object, java.lang.Object, java.lang.Object)'> (0x00000000eaf7a808) 
thrown [s\src\hotspot\share\interpreter\linkResolver.cpp, line 773]
Event: 0.446 Thread 0x000002b44c78d920 Exception <a 'java/lang/NoSuchMethodError'{0x00000000eaf864c8}: 'java.lang.Object java.lang.invoke.DirectMethodHandle$Holder.invokeStatic(java.lang.Object, java.lang.Object, int)'> (0x00000000eaf864c8) 
thrown [s\src\hotspot\share\interpreter\linkResolver.cpp, line 773]
Event: 0.447 Thread 0x000002b44c78d920 Exception <a 'java/lang/NoSuchMethodError'{0x00000000eaf8ae18}: 'void java.lang.invoke.DirectMethodHandle$Holder.invokeStatic(java.lang.Object, java.lang.Object, int, java.lang.Object)'> (0x00000000eaf8ae18) 
thrown [s\src\hotspot\share\interpreter\linkResolver.cpp, line 773]
Event: 0.448 Thread 0x000002b44c78d920 Exception <a 'java/lang/NoSuchMethodError'{0x00000000eaf8e9a8}: 'void java.lang.invoke.DirectMethodHandle$Holder.invokeSpecial(java.lang.Object, java.lang.Object, java.lang.Object, int, java.lang.Object)'> (0x00000000eaf8e9a8) 
thrown [s\src\hotspot\share\interpreter\linkResolver.cpp, line 773]
Event: 0.448 Thread 0x000002b44c78d920 Exception <a 'java/lang/NoSuchMethodError'{0x00000000eaf91e18}: 'void java.lang.invoke.DelegatingMethodHandle$Holder.delegate(java.lang.Object, java.lang.Object, int, java.lang.Object)'> (0x00000000eaf91e18) 
thrown [s\src\hotspot\share\interpreter\linkResolver.cpp, line 773]
Event: 0.567 Thread 0x000002b44c78d920 Exception <a 'java/lang/NoSuchMethodError'{0x00000000eb14e848}: 'void java.lang.invoke.DelegatingMethodHandle$Holder.reinvoke_L(java.lang.Object, java.lang.Object, java.lang.Object, int)'> (0x00000000eb14e848) 
thrown [s\src\hotspot\share\interpreter\linkResolver.cpp, line 773]
Event: 0.882 Thread 0x000002b44c78d920 Exception <a 'java/lang/NoSuchMethodError'{0x00000000eb5d6d60}: 'void java.lang.invoke.DirectMethodHandle$Holder.invokeVirtual(java.lang.Object, java.lang.Object)'> (0x00000000eb5d6d60) 
thrown [s\src\hotspot\share\interpreter\linkResolver.cpp, line 773]
Event: 1.486 Thread 0x000002b44c78d920 Exception <a 'java/lang/ClassNotFoundException'{0x00000000eb9c9328}: sun/net/www/protocol/c/Handler> (0x00000000eb9c9328) 
thrown [s\src\hotspot\share\classfile\systemDictionary.cpp, line 312]
Event: 1.492 Thread 0x000002b44c78d920 Exception <a 'java/io/FileNotFoundException'{0x00000000eb9e1d58}> (0x00000000eb9e1d58) 
thrown [s\src\hotspot\share\prims\jni.cpp, line 520]
Event: 1.494 Thread 0x000002b44c78d920 Exception <a 'java/io/FileNotFoundException'{0x00000000eb9e69d8}> (0x00000000eb9e69d8) 
thrown [s\src\hotspot\share\prims\jni.cpp, line 520]
Event: 1.494 Thread 0x000002b44c78d920 Exception <a 'java/io/FileNotFoundException'{0x00000000eb9e7650}> (0x00000000eb9e7650) 
thrown [s\src\hotspot\share\prims\jni.cpp, line 520]
Event: 1.494 Thread 0x000002b44c78d920 Exception <a 'java/io/FileNotFoundException'{0x00000000eb9e8190}> (0x00000000eb9e8190) 
thrown [s\src\hotspot\share\prims\jni.cpp, line 520]
Event: 1.500 Thread 0x000002b44c78d920 Implicit null exception at 0x000002b45985e324 to 0x000002b45985e8b8
Event: 1.514 Thread 0x000002b44c78d920 Exception <a 'java/io/FileNotFoundException'{0x00000000eba207f8}> (0x00000000eba207f8) 
thrown [s\src\hotspot\share\prims\jni.cpp, line 520]
Event: 2.061 Thread 0x000002b44c78d920 Exception <a 'java/lang/NoSuchMethodError'{0x00000000ebeac960}: 'java.lang.ClassLoader java.lang.ClassLoader.getPlatformClassLoader(java.lang.Class)'> (0x00000000ebeac960) 
thrown [s\src\hotspot\share\interpreter\linkResolver.cpp, line 773]

ZGC Phase Switch (0 events):
No events

VM Operations (10 events):
Event: 0.201 Executing VM operation: HandshakeAllThreads (Deoptimize)
Event: 0.201 Executing VM operation: HandshakeAllThreads (Deoptimize) done
Event: 0.376 Executing VM operation: HandshakeAllThreads (Deoptimize)
Event: 0.376 Executing VM operation: HandshakeAllThreads (Deoptimize) done
Event: 1.161 Executing VM operation: HandshakeAllThreads (Deoptimize)
Event: 1.161 Executing VM operation: HandshakeAllThreads (Deoptimize) done
Event: 1.161 Executing VM operation: Cleanup
Event: 1.161 Executing VM operation: Cleanup done
Event: 1.415 Executing VM operation: HandshakeAllThreads (Deoptimize)
Event: 1.415 Executing VM operation: HandshakeAllThreads (Deoptimize) done

Memory protections (0 events):
No events

Nmethod flushes (0 events):
No events

Events (14 events):
Event: 0.069 Thread 0x000002b44c78d920 Thread added: 0x000002b44c78d920
Event: 0.119 Thread 0x000002b44c78d920 Thread added: 0x000002b44ec2b9c0
Event: 0.120 Thread 0x000002b44c78d920 Thread added: 0x000002b44ec2e280
Event: 0.120 Thread 0x000002b44c78d920 Thread added: 0x000002b462ea2a20
Event: 0.120 Thread 0x000002b44c78d920 Thread added: 0x000002b462ea3670
Event: 0.120 Thread 0x000002b44c78d920 Thread added: 0x000002b462ea42c0
Event: 0.120 Thread 0x000002b44c78d920 Thread added: 0x000002b462ea6d20
Event: 0.121 Thread 0x000002b44c78d920 Thread added: 0x000002b462ea7b50
Event: 0.127 Thread 0x000002b44c78d920 Thread added: 0x000002b462f18e70
Event: 0.182 Thread 0x000002b44c78d920 Thread added: 0x000002b462f5e750
Event: 0.499 Thread 0x000002b462f18e70 Thread added: 0x000002b46825e690
Event: 0.740 Thread 0x000002b44c78d920 Thread added: 0x000002b4683e1800
Event: 1.617 Thread 0x000002b46825e690 Thread exited: 0x000002b46825e690
Event: 2.182 Thread 0x000002b462f18e70 Thread added: 0x000002b46875cbd0


Dynamic libraries:
0x00007ff7f8780000 - 0x00007ff7f878e000 	c:\Users\palak\.vscode\extensions\redhat.java-1.41.1-win32-x64\jre\21.0.6-win32-x86_64\bin\java.exe
0x00007ffcd41c0000 - 0x00007ffcd4423000 	C:\WINDOWS\SYSTEM32\ntdll.dll
0x00007ffcd2ba0000 - 0x00007ffcd2c67000 	C:\WINDOWS\System32\KERNEL32.DLL
0x00007ffcd1860000 - 0x00007ffcd1c29000 	C:\WINDOWS\System32\KERNELBASE.dll
0x00007ffcd13c0000 - 0x00007ffcd150c000 	C:\WINDOWS\System32\ucrtbase.dll
0x00007ffc949c0000 - 0x00007ffc949d8000 	c:\Users\palak\.vscode\extensions\redhat.java-1.41.1-win32-x64\jre\21.0.6-win32-x86_64\bin\jli.dll
0x00007ffcd3750000 - 0x00007ffcd391a000 	C:\WINDOWS\System32\USER32.dll
0x00007ffcd1fb0000 - 0x00007ffcd1fd7000 	C:\WINDOWS\System32\win32u.dll
0x00007ffcd2d50000 - 0x00007ffcd2d7a000 	C:\WINDOWS\System32\GDI32.dll
0x00007ffcd1e70000 - 0x00007ffcd1fa1000 	C:\WINDOWS\System32\gdi32full.dll
0x00007ffcd1720000 - 0x00007ffcd17c3000 	C:\WINDOWS\System32\msvcp_win.dll
0x00007ffc949a0000 - 0x00007ffc949be000 	c:\Users\palak\.vscode\extensions\redhat.java-1.41.1-win32-x64\jre\21.0.6-win32-x86_64\bin\VCRUNTIME140.dll
0x00007ffcbf670000 - 0x00007ffcbf900000 	C:\WINDOWS\WinSxS\amd64_microsoft.windows.common-controls_6595b64144ccf1df_6.0.26100.3323_none_3e088096e3344490\COMCTL32.dll
0x00007ffcd2e40000 - 0x00007ffcd2ee9000 	C:\WINDOWS\System32\msvcrt.dll
0x00007ffcd3710000 - 0x00007ffcd373f000 	C:\WINDOWS\System32\IMM32.DLL
0x00007ffca0c60000 - 0x00007ffca0c6c000 	c:\Users\palak\.vscode\extensions\redhat.java-1.41.1-win32-x64\jre\21.0.6-win32-x86_64\bin\vcruntime140_1.dll
0x00007ffc91e60000 - 0x00007ffc91eed000 	c:\Users\palak\.vscode\extensions\redhat.java-1.41.1-win32-x64\jre\21.0.6-win32-x86_64\bin\msvcp140.dll
0x00007ffc4c880000 - 0x00007ffc4d610000 	c:\Users\palak\.vscode\extensions\redhat.java-1.41.1-win32-x64\jre\21.0.6-win32-x86_64\bin\server\jvm.dll
0x00007ffcd40a0000 - 0x00007ffcd4152000 	C:\WINDOWS\System32\ADVAPI32.dll
0x00007ffcd23d0000 - 0x00007ffcd2476000 	C:\WINDOWS\System32\sechost.dll
0x00007ffcd1fe0000 - 0x00007ffcd20f6000 	C:\WINDOWS\System32\RPCRT4.dll
0x00007ffcd3db0000 - 0x00007ffcd3e24000 	C:\WINDOWS\System32\WS2_32.dll
0x00007ffcd1250000 - 0x00007ffcd129e000 	C:\WINDOWS\SYSTEM32\POWRPROF.dll
0x00007ffcca610000 - 0x00007ffcca646000 	C:\WINDOWS\SYSTEM32\WINMM.dll
0x00007ffcca650000 - 0x00007ffcca65b000 	C:\WINDOWS\SYSTEM32\VERSION.dll
0x00007ffcd1230000 - 0x00007ffcd1244000 	C:\WINDOWS\SYSTEM32\UMPDC.dll
0x00007ffcd01e0000 - 0x00007ffcd01fa000 	C:\WINDOWS\SYSTEM32\kernel.appcore.dll
0x00007ffca07d0000 - 0x00007ffca07da000 	c:\Users\palak\.vscode\extensions\redhat.java-1.41.1-win32-x64\jre\21.0.6-win32-x86_64\bin\jimage.dll
0x00007ffcbfe20000 - 0x00007ffcc0061000 	C:\WINDOWS\SYSTEM32\DBGHELP.DLL
0x00007ffcd3a20000 - 0x00007ffcd3da2000 	C:\WINDOWS\System32\combase.dll
0x00007ffcd3e70000 - 0x00007ffcd3f46000 	C:\WINDOWS\System32\OLEAUT32.dll
0x00007ffcaf5a0000 - 0x00007ffcaf5d9000 	C:\WINDOWS\SYSTEM32\dbgcore.DLL
0x00007ffcd1680000 - 0x00007ffcd1719000 	C:\WINDOWS\System32\bcryptPrimitives.dll
0x00007ffcc79b0000 - 0x00007ffcc79bf000 	c:\Users\palak\.vscode\extensions\redhat.java-1.41.1-win32-x64\jre\21.0.6-win32-x86_64\bin\instrument.dll
0x00007ffc99520000 - 0x00007ffc9953f000 	c:\Users\palak\.vscode\extensions\redhat.java-1.41.1-win32-x64\jre\21.0.6-win32-x86_64\bin\java.dll
0x00007ffcd2480000 - 0x00007ffcd2b95000 	C:\WINDOWS\System32\SHELL32.dll
0x00007ffcd1510000 - 0x00007ffcd1678000 	C:\WINDOWS\System32\wintypes.dll
0x00007ffccf0a0000 - 0x00007ffccf8e5000 	C:\WINDOWS\SYSTEM32\windows.storage.dll
0x00007ffcd3fb0000 - 0x00007ffcd409b000 	C:\WINDOWS\System32\SHCORE.dll
0x00007ffcd2110000 - 0x00007ffcd216d000 	C:\WINDOWS\System32\shlwapi.dll
0x00007ffcd12d0000 - 0x00007ffcd12ff000 	C:\WINDOWS\SYSTEM32\profapi.dll
0x00007ffc94980000 - 0x00007ffc94998000 	c:\Users\palak\.vscode\extensions\redhat.java-1.41.1-win32-x64\jre\21.0.6-win32-x86_64\bin\zip.dll
0x00007ffc9d2d0000 - 0x00007ffc9d2e0000 	C:\Users\palak\.vscode\extensions\redhat.java-1.41.1-win32-x64\jre\21.0.6-win32-x86_64\bin\net.dll
0x00007ffcc5f50000 - 0x00007ffcc606e000 	C:\WINDOWS\SYSTEM32\WINHTTP.dll
0x00007ffcd0700000 - 0x00007ffcd076a000 	C:\WINDOWS\system32\mswsock.dll
0x00007ffc94960000 - 0x00007ffc94976000 	C:\Users\palak\.vscode\extensions\redhat.java-1.41.1-win32-x64\jre\21.0.6-win32-x86_64\bin\nio.dll
0x00007ffcc7900000 - 0x00007ffcc7910000 	c:\Users\palak\.vscode\extensions\redhat.java-1.41.1-win32-x64\jre\21.0.6-win32-x86_64\bin\verify.dll

dbghelp: loaded successfully - version: 4.0.5 - missing functions: none
symbol engine: initialized successfully - sym options: 0x614 - pdb path: .;c:\Users\palak\.vscode\extensions\redhat.java-1.41.1-win32-x64\jre\21.0.6-win32-x86_64\bin;C:\WINDOWS\SYSTEM32;C:\WINDOWS\WinSxS\amd64_microsoft.windows.common-controls_6595b64144ccf1df_6.0.26100.3323_none_3e088096e3344490;c:\Users\palak\.vscode\extensions\redhat.java-1.41.1-win32-x64\jre\21.0.6-win32-x86_64\bin\server

VM Arguments:
jvm_args: --add-modules=ALL-SYSTEM --add-opens=java.base/java.util=ALL-UNNAMED --add-opens=java.base/java.lang=ALL-UNNAMED --add-opens=java.base/sun.nio.fs=ALL-UNNAMED -Declipse.application=org.eclipse.jdt.ls.core.id1 -Dosgi.bundles.defaultStartLevel=4 -Declipse.product=org.eclipse.jdt.ls.core.product -Djava.import.generatesMetadataFilesAtProjectRoot=false -DDetectVMInstallationsJob.disabled=true -Dfile.encoding=utf8 -XX:+UseParallelGC -XX:GCTimeRatio=4 -XX:AdaptiveSizePolicyWeight=90 -Dsun.zip.disableMemoryMapping=true -Xmx1G -Xms100m -Xlog:disable -javaagent:c:\Users\palak\.vscode\extensions\redhat.java-1.41.1-win32-x64\lombok\lombok-1.18.36.jar -XX:+HeapDumpOnOutOfMemoryError -XX:HeapDumpPath=c:\Users\palak\AppData\Roaming\Code\User\workspaceStorage\632f04cdbe9e26a6a5769c745b0508de\redhat.java -Daether.dependencyCollector.impl=bf 
java_command: c:\Users\palak\.vscode\extensions\redhat.java-1.41.1-win32-x64\server\plugins\org.eclipse.equinox.launcher_1.7.0.v20250331-1702.jar -configuration c:\Users\palak\AppData\Roaming\Code\User\globalStorage\redhat.java\1.41.1\config_win -data c:\Users\palak\AppData\Roaming\Code\User\workspaceStorage\632f04cdbe9e26a6a5769c745b0508de\redhat.java\jdt_ws --pipe=\\.\pipe\lsp-186b303477e056b2c56f58b434dbe793-sock
java_class_path (initial): c:\Users\palak\.vscode\extensions\redhat.java-1.41.1-win32-x64\server\plugins\org.eclipse.equinox.launcher_1.7.0.v20250331-1702.jar
Launcher Type: SUN_STANDARD

[Global flags]
    uintx AdaptiveSizePolicyWeight                 = 90                                        {product} {command line}
     intx CICompilerCount                          = 3                                         {product} {ergonomic}
    uintx GCTimeRatio                              = 4                                         {product} {command line}
     bool HeapDumpOnOutOfMemoryError               = true                                   {manageable} {command line}
    ccstr HeapDumpPath                             = c:\Users\palak\AppData\Roaming\Code\User\workspaceStorage\632f04cdbe9e26a6a5769c745b0508de\redhat.java         {manageable} {command line}
   size_t InitialHeapSize                          = 104857600                                 {product} {command line}
   size_t MaxHeapSize                              = 1073741824                                {product} {command line}
   size_t MaxNewSize                               = 357564416                                 {product} {ergonomic}
   size_t MinHeapDeltaBytes                        = 524288                                    {product} {ergonomic}
   size_t MinHeapSize                              = 104857600                                 {product} {command line}
   size_t NewSize                                  = 34603008                                  {product} {ergonomic}
    uintx NonNMethodCodeHeapSize                   = 5832780                                {pd product} {ergonomic}
    uintx NonProfiledCodeHeapSize                  = 122912730                              {pd product} {ergonomic}
   size_t OldSize                                  = 70254592                                  {product} {ergonomic}
    uintx ProfiledCodeHeapSize                     = 122912730                              {pd product} {ergonomic}
    uintx ReservedCodeCacheSize                    = 251658240                              {pd product} {ergonomic}
     bool SegmentedCodeCache                       = true                                      {product} {ergonomic}
   size_t SoftMaxHeapSize                          = 1073741824                             {manageable} {ergonomic}
     bool UseCompressedOops                        = true                           {product lp64_product} {ergonomic}
     bool UseLargePagesIndividualAllocation        = false                                  {pd product} {ergonomic}
     bool UseParallelGC                            = true                                      {product} {command line}

Logging:
Log output configuration:
 #0: stdout all=off uptime,level,tags foldmultilines=false
 #1: stderr all=off uptime,level,tags foldmultilines=false

Environment Variables:
JAVA_HOME=C:\Users\palak\Downloads\java-21-openjdk-21.0.1.0.12-3.win.jdk.x86_64\java-21-openjdk-21.0.1.0.12-3.win.jdk.x86_64
PATH=C:\Program Files (x86)\Common Files\Oracle\Java\java8path;C:\Program Files (x86)\Common Files\Oracle\Java\javapath;C:\WINDOWS\system32;C:\WINDOWS;C:\WINDOWS\System32\Wbem;C:\WINDOWS\System32\WindowsPowerShell\v1.0\;C:\WINDOWS\System32\OpenSSH\;C:\Users\palak\Downloads\java-21-openjdk-21.0.1.0.12-3.win.jdk.x86_64\java-21-openjdk-21.0.1.0.12-3.win.jdk.x86_64\bin;C:\Users\palak\Downloads\apache-maven-3.9.8-bin\bin;c:\users\palak\appdata\local\packages\pythonsoftwarefoundation.python.3.11_qbz5n2kfra8p0\localcache\local-packages\python311\site-packages;C:\ProgramData\chocolatey\bin;C:\Program Files\nodejs\;C:\Users\palak\AppData\Local\Programs\Python\Python312\Scripts;C:\Program Files\Git\cmd;C:\Users\palak\Downloads\flutter_windows_3.27.3-stable\flutter\bin;C:\Users\palak\AppData\Local\Android\Sdk\cmdline-tools\latest\bin;C:\Users\palak\AppData\Local\Android\Sdk\platform-tools;C:\ffmpeg;C:\Program Files\MongoDB\Server\8.0\bin;C:\Users\palak\AppData\Local\Programs\Python\Python313\Scripts\;C:\Users\palak\AppData\Local\Programs\Python\Python313\;C:\Users\palak\AppData\Local\Programs\Python\Python312\Scripts\;C:\Users\palak\AppData\Local\Programs\Python\Python312\;C:\Users\palak\AppData\Local\Programs\Python\Launcher\;C:\Program Files\MySQL\MySQL Shell 8.0\bin\;C:\Users\palak\AppData\Local\Microsoft\WindowsApps;C:\Users\palak\AppData\Local\Programs\Microsoft VS Code\bin;C:\Program Files\JetBrains\IntelliJ IDEA Community Edition 2023.3.3\bin;C:\Users\palak\AppData\Local\JetBrains\CLion 2023.3.4\bin;C:\Program Files\JetBrains\PyCharm 2024.1.2\bin;C:\Program Files\JetBrains\PyCharm Community Edition 2024.1.4\bin;C:\Users\palak\AppData\Local\JetBrains\Toolbox\scripts;C:\Users\palak\AppData\Roaming\npm;C:\Users\palak\AppData\Local\GitHubDesktop\bin;C:\Users\palak\AppData\Local\Microsoft\WindowsApps;
USERNAME=palak
OS=Windows_NT
PROCESSOR_IDENTIFIER=AMD64 Family 23 Model 24 Stepping 1, AuthenticAMD
TMP=C:\Users\palak\AppData\Local\Temp
TEMP=C:\Users\palak\AppData\Local\Temp




Periodic native trim disabled

---------------  S Y S T E M  ---------------

OS:
 Windows 11 , 64 bit Build 26100 (10.0.26100.3323)
OS uptime: 0 days 0:53 hours

CPU: total 4 (initial active 4) (4 cores per cpu, 2 threads per core) family 23 model 24 stepping 1 microcode 0x8108109, cx8, cmov, fxsr, ht, mmx, 3dnowpref, sse, sse2, sse3, ssse3, sse4a, sse4.1, sse4.2, popcnt, lzcnt, tsc, tscinvbit, avx, avx2, aes, clmul, bmi1, bmi2, adx, sha, fma, vzeroupper, clflush, clflushopt, rdtscp, f16c
Processor Information for the first 4 processors :
  Max Mhz: 2600, Current Mhz: 2600, Mhz Limit: 2600

Memory: 4k page, system-wide physical 6086M (979M free)
TotalPageFile size 14278M (AvailPageFile size 3M)
current process WorkingSet (physical memory assigned to process): 75M, peak: 75M
current process commit charge ("private bytes"): 187M, peak: 187M

vm_info: OpenJDK 64-Bit Server VM (21.0.6+7-LTS) for windows-amd64 JRE (21.0.6+7-LTS), built on 2025-01-21T00:00:00Z by "admin" with MS VC++ 17.7 (VS2022)

END.
