#
# There is insufficient memory for the Java Runtime Environment to continue.
# Native memory allocation (malloc) failed to allocate 2845056 bytes. Error detail: Chunk::new
# Possible reasons:
#   The system is out of physical RAM or swap space
#   This process is running with CompressedOops enabled, and the Java Heap may be blocking the growth of the native heap
# Possible solutions:
#   Reduce memory load on the system
#   Increase physical memory or swap space
#   Check if swap backing store is full
#   Decrease Java heap size (-Xmx/-Xms)
#   Decrease number of Java threads
#   Decrease Java thread stack sizes (-Xss)
#   Set larger code cache with -XX:ReservedCodeCacheSize=
#   JVM is running with Unscaled Compressed Oops mode in which the Java heap is
#     placed in the first 4GB address space. The Java Heap base address is the
#     maximum limit for the native heap growth. Please use -XX:HeapBaseMinAddress
#     to set the Java Heap base and to place the Java Heap above 4GB virtual address.
# This output file may be truncated or incomplete.
#
#  Out of Memory Error (arena.cpp:168), pid=16856, tid=16968
#
# JRE version: OpenJDK Runtime Environment Temurin-21.0.6+7 (21.0.6+7) (build 21.0.6+7-LTS)
# Java VM: OpenJDK 64-Bit Server VM Temurin-21.0.6+7 (21.0.6+7-LTS, mixed mode, sharing, tiered, compressed oops, compressed class ptrs, parallel gc, windows-amd64)
# No core dump will be written. Minidumps are not enabled by default on client versions of Windows
#

---------------  S U M M A R Y ------------

Command Line: --add-modules=ALL-SYSTEM --add-opens=java.base/java.util=ALL-UNNAMED --add-opens=java.base/java.lang=ALL-UNNAMED --add-opens=java.base/sun.nio.fs=ALL-UNNAMED -Declipse.application=org.eclipse.jdt.ls.core.id1 -Dosgi.bundles.defaultStartLevel=4 -Declipse.product=org.eclipse.jdt.ls.core.product -Djava.import.generatesMetadataFilesAtProjectRoot=false -DDetectVMInstallationsJob.disabled=true -Dfile.encoding=utf8 -XX:+UseParallelGC -XX:GCTimeRatio=4 -XX:AdaptiveSizePolicyWeight=90 -Dsun.zip.disableMemoryMapping=true -Xmx1G -Xms100m -Xlog:disable -javaagent:c:\Users\palak\.vscode\extensions\redhat.java-1.41.0-win32-x64\lombok\lombok-1.18.36.jar c:\Users\palak\.vscode\extensions\redhat.java-1.41.0-win32-x64\server\plugins\org.eclipse.equinox.launcher_1.6.1100.v20250306-0509.jar -configuration c:\Users\palak\AppData\Roaming\Code\User\globalStorage\redhat.java\1.41.0\config_ss_win -data c:\Users\palak\AppData\Roaming\Code\User\workspaceStorage\632f04cdbe9e26a6a5769c745b0508de\redhat.java\ss_ws --pipe=\\.\pipe\lsp-45227f8b9f663a2e4745ec6c2e3b2b33-sock

Host: AMD Ryzen 3 3250U with Radeon Graphics         , 4 cores, 5G,  Windows 11 , 64 bit Build 26100 (10.0.26100.3323)
Time: Mon Mar 31 21:45:40 2025 India Standard Time elapsed time: 117.852777 seconds (0d 0h 1m 57s)

---------------  T H R E A D  ---------------

Current thread (0x000001c5447d2660):  JavaThread "C2 CompilerThread0" daemon [_thread_in_native, id=16968, stack(0x0000008d36400000,0x0000008d36500000) (1024K)]


Current CompileTask:
C2:117852 7703       4       org.eclipse.jdt.internal.compiler.lookup.LookupEnvironment::getTypeFromTypeSignature (770 bytes)

Stack: [0x0000008d36400000,0x0000008d36500000]
Native frames: (J=compiled Java code, j=interpreted, Vv=VM code, C=native code)
V  [jvm.dll+0x6cdee9]
V  [jvm.dll+0x8a83d1]
V  [jvm.dll+0x8aa8fe]
V  [jvm.dll+0x8aafe3]
V  [jvm.dll+0x27f706]
V  [jvm.dll+0xc500d]
V  [jvm.dll+0xc5543]
V  [jvm.dll+0x3b678c]
V  [jvm.dll+0x1e0009]
V  [jvm.dll+0x247b42]
V  [jvm.dll+0x246fcf]
V  [jvm.dll+0x1c75ee]
V  [jvm.dll+0x25685a]
V  [jvm.dll+0x254dfa]
V  [jvm.dll+0x3f0256]
V  [jvm.dll+0x851f8b]
V  [jvm.dll+0x6cc5ed]
C  [ucrtbase.dll+0x37b0]
C  [KERNEL32.DLL+0x2e8d7]
C  [ntdll.dll+0xbbf6c]


---------------  P R O C E S S  ---------------

Threads class SMR info:
_java_thread_list=0x000001c58bfb86c0, length=39, elements={
0x000001c53048e5d0, 0x000001c53054cb20, 0x000001c5447c1580, 0x000001c5447c3e70,
0x000001c5447c4ac0, 0x000001c5447c8bb0, 0x000001c5447ccb70, 0x000001c5447d2660,
0x000001c54480ba60, 0x000001c5865a3eb0, 0x000001c5867aeb40, 0x000001c58b69aff0,
0x000001c58b7ba710, 0x000001c58b7bad70, 0x000001c58b9a3830, 0x000001c58b66d860,
0x000001c58b632df0, 0x000001c58ba1d500, 0x000001c58ba1ada0, 0x000001c58ba1c7e0,
0x000001c58ba1b430, 0x000001c58ba1a080, 0x000001c58ba1ce70, 0x000001c58ba1bac0,
0x000001c58ba1a710, 0x000001c58dbded00, 0x000001c58dbdf390, 0x000001c58dbe2180,
0x000001c58dbe2ea0, 0x000001c58dbdfa20, 0x000001c58dbe1af0, 0x000001c58dbe3530,
0x000001c58dbe2810, 0x000001c58dbe3bc0, 0x000001c58dbe4250, 0x000001c58dbe6320,
0x000001c58dbe00b0, 0x000001c58dbe0740, 0x000001c58dbe0dd0
}

Java Threads: ( => current thread )
  0x000001c53048e5d0 JavaThread "main"                              [_thread_blocked, id=272, stack(0x0000008d35a00000,0x0000008d35b00000) (1024K)]
  0x000001c53054cb20 JavaThread "Reference Handler"          daemon [_thread_blocked, id=2496, stack(0x0000008d35e00000,0x0000008d35f00000) (1024K)]
  0x000001c5447c1580 JavaThread "Finalizer"                  daemon [_thread_blocked, id=1108, stack(0x0000008d35f00000,0x0000008d36000000) (1024K)]
  0x000001c5447c3e70 JavaThread "Signal Dispatcher"          daemon [_thread_blocked, id=9744, stack(0x0000008d36000000,0x0000008d36100000) (1024K)]
  0x000001c5447c4ac0 JavaThread "Attach Listener"            daemon [_thread_blocked, id=12048, stack(0x0000008d36100000,0x0000008d36200000) (1024K)]
  0x000001c5447c8bb0 JavaThread "Service Thread"             daemon [_thread_blocked, id=8176, stack(0x0000008d36200000,0x0000008d36300000) (1024K)]
  0x000001c5447ccb70 JavaThread "Monitor Deflation Thread"   daemon [_thread_blocked, id=14968, stack(0x0000008d36300000,0x0000008d36400000) (1024K)]
=>0x000001c5447d2660 JavaThread "C2 CompilerThread0"         daemon [_thread_in_native, id=16968, stack(0x0000008d36400000,0x0000008d36500000) (1024K)]
  0x000001c54480ba60 JavaThread "C1 CompilerThread0"         daemon [_thread_blocked, id=9524, stack(0x0000008d36500000,0x0000008d36600000) (1024K)]
  0x000001c5865a3eb0 JavaThread "Common-Cleaner"             daemon [_thread_blocked, id=13704, stack(0x0000008d36600000,0x0000008d36700000) (1024K)]
  0x000001c5867aeb40 JavaThread "Notification Thread"        daemon [_thread_blocked, id=4108, stack(0x0000008d36700000,0x0000008d36800000) (1024K)]
  0x000001c58b69aff0 JavaThread "Active Thread: Equinox Container: 88c2b04d-baba-4b0a-8da0-3c0f27fb4c73"        [_thread_blocked, id=11968, stack(0x0000008d36c00000,0x0000008d36d00000) (1024K)]
  0x000001c58b7ba710 JavaThread "Framework Event Dispatcher: Equinox Container: 88c2b04d-baba-4b0a-8da0-3c0f27fb4c73" daemon [_thread_blocked, id=9960, stack(0x0000008d36d00000,0x0000008d36e00000) (1024K)]
  0x000001c58b7bad70 JavaThread "Start Level: Equinox Container: 88c2b04d-baba-4b0a-8da0-3c0f27fb4c73" daemon [_thread_blocked, id=12296, stack(0x0000008d36e00000,0x0000008d36f00000) (1024K)]
  0x000001c58b9a3830 JavaThread "SCR Component Actor"        daemon [_thread_blocked, id=14364, stack(0x0000008d36f00000,0x0000008d37000000) (1024K)]
  0x000001c58b66d860 JavaThread "Worker-JM"                         [_thread_blocked, id=636, stack(0x0000008d36800000,0x0000008d36900000) (1024K)]
  0x000001c58b632df0 JavaThread "JNA Cleaner"                daemon [_thread_blocked, id=9340, stack(0x0000008d37200000,0x0000008d37300000) (1024K)]
  0x000001c58ba1d500 JavaThread "Thread-2"                   daemon [_thread_in_native, id=9880, stack(0x0000008d37700000,0x0000008d37800000) (1024K)]
  0x000001c58ba1ada0 JavaThread "Thread-3"                   daemon [_thread_in_native, id=12484, stack(0x0000008d37800000,0x0000008d37900000) (1024K)]
  0x000001c58ba1c7e0 JavaThread "Thread-4"                   daemon [_thread_in_native, id=16168, stack(0x0000008d37900000,0x0000008d37a00000) (1024K)]
  0x000001c58ba1b430 JavaThread "Thread-5"                   daemon [_thread_in_native, id=17360, stack(0x0000008d37a00000,0x0000008d37b00000) (1024K)]
  0x000001c58ba1a080 JavaThread "Thread-6"                   daemon [_thread_in_native, id=12832, stack(0x0000008d37b00000,0x0000008d37c00000) (1024K)]
  0x000001c58ba1ce70 JavaThread "pool-2-thread-1"                   [_thread_blocked, id=9540, stack(0x0000008d37c00000,0x0000008d37d00000) (1024K)]
  0x000001c58ba1bac0 JavaThread "Worker-2"                          [_thread_blocked, id=6188, stack(0x0000008d37d00000,0x0000008d37e00000) (1024K)]
  0x000001c58ba1a710 JavaThread "WorkspaceEventsHandler"            [_thread_in_native, id=16036, stack(0x0000008d37e00000,0x0000008d37f00000) (1024K)]
  0x000001c58dbded00 JavaThread "pool-1-thread-1"                   [_thread_blocked, id=8128, stack(0x0000008d37f00000,0x0000008d38000000) (1024K)]
  0x000001c58dbdf390 JavaThread "LocalFile Deleter"          daemon [_thread_blocked, id=4004, stack(0x0000008d38000000,0x0000008d38100000) (1024K)]
  0x000001c58dbe2180 JavaThread "LocalFile Deleter"          daemon [_thread_blocked, id=1004, stack(0x0000008d38100000,0x0000008d38200000) (1024K)]
  0x000001c58dbe2ea0 JavaThread "Worker-4"                          [_thread_blocked, id=3280, stack(0x0000008d38300000,0x0000008d38400000) (1024K)]
  0x000001c58dbdfa20 JavaThread "ForkJoinPool.commonPool-worker-1" daemon [_thread_blocked, id=1668, stack(0x0000008d38400000,0x0000008d38500000) (1024K)]
  0x000001c58dbe1af0 JavaThread "Compiler Source File Reader" daemon [_thread_blocked, id=4480, stack(0x0000008d38500000,0x0000008d38600000) (1024K)]
  0x000001c58dbe3530 JavaThread "Compiler Source File Reader" daemon [_thread_blocked, id=1652, stack(0x0000008d38700000,0x0000008d38800000) (1024K)]
  0x000001c58dbe2810 JavaThread "ForkJoinPool.commonPool-worker-2" daemon [_thread_blocked, id=14768, stack(0x0000008d38800000,0x0000008d38900000) (1024K)]
  0x000001c58dbe3bc0 JavaThread "Compiler Class File Writer" daemon [_thread_blocked, id=7480, stack(0x0000008d38a00000,0x0000008d38b00000) (1024K)]
  0x000001c58dbe4250 JavaThread "Compiler Class File Writer" daemon [_thread_blocked, id=2604, stack(0x0000008d38b00000,0x0000008d38c00000) (1024K)]
  0x000001c58dbe6320 JavaThread "ForkJoinPool.commonPool-worker-3" daemon [_thread_blocked, id=16108, stack(0x0000008d38c00000,0x0000008d38d00000) (1024K)]
  0x000001c58dbe00b0 JavaThread "Compiler Processing Task"   daemon [_thread_blocked, id=15964, stack(0x0000008d35800000,0x0000008d35900000) (1024K)]
  0x000001c58dbe0740 JavaThread "Worker-5: Publish Diagnostics"        [_thread_in_Java, id=732, stack(0x0000008d35900000,0x0000008d35a00000) (1024K)]
  0x000001c58dbe0dd0 JavaThread "Worker-6"                          [_thread_blocked, id=13244, stack(0x0000008d37000000,0x0000008d37100000) (1024K)]
Total: 39

Other Threads:
  0x000001c530531a00 VMThread "VM Thread"                           [id=4616, stack(0x0000008d35d00000,0x0000008d35e00000) (1024K)]
  0x000001c54475ca00 WatcherThread "VM Periodic Task Thread"        [id=17344, stack(0x0000008d35c00000,0x0000008d35d00000) (1024K)]
  0x000001c5304ada50 WorkerThread "GC Thread#0"                     [id=3852, stack(0x0000008d35b00000,0x0000008d35c00000) (1024K)]
  0x000001c58b09bb90 WorkerThread "GC Thread#1"                     [id=10916, stack(0x0000008d36900000,0x0000008d36a00000) (1024K)]
  0x000001c58b09bf30 WorkerThread "GC Thread#2"                     [id=8132, stack(0x0000008d36a00000,0x0000008d36b00000) (1024K)]
  0x000001c58b09c2d0 WorkerThread "GC Thread#3"                     [id=13668, stack(0x0000008d36b00000,0x0000008d36c00000) (1024K)]
Total: 6

Threads with active compile tasks:
C2 CompilerThread0  117944 7703       4       org.eclipse.jdt.internal.compiler.lookup.LookupEnvironment::getTypeFromTypeSignature (770 bytes)
Total: 1

VM state: not at safepoint (normal execution)

VM Mutex/Monitor currently owned by a thread: None

Heap address: 0x00000000c0000000, size: 1024 MB, Compressed Oops mode: 32-bit

CDS archive(s) mapped at: [0x000001c545000000-0x000001c545ba0000-0x000001c545ba0000), size 12189696, SharedBaseAddress: 0x000001c545000000, ArchiveRelocationMode: 1.
Compressed class space mapped at: 0x000001c546000000-0x000001c586000000, reserved size: 1073741824
Narrow klass base: 0x000001c545000000, Narrow klass shift: 0, Narrow klass range: 0x100000000

GC Precious Log:
 CardTable entry size: 512
 CPUs: 4 total, 4 available
 Memory: 6086M
 Large Page Support: Disabled
 NUMA Support: Disabled
 Compressed Oops: Enabled (32-bit)
 Alignments: Space 512K, Generation 512K, Heap 2M
 Heap Min Capacity: 100M
 Heap Initial Capacity: 100M
 Heap Max Capacity: 1G
 Pre-touch: Disabled
 Parallel Workers: 4

Heap:
 PSYoungGen      total 20480K, used 15886K [0x00000000eab00000, 0x00000000ec680000, 0x0000000100000000)
  eden space 18432K, 75% used [0x00000000eab00000,0x00000000eb889a40,0x00000000ebd00000)
  from space 2048K, 98% used [0x00000000ec100000,0x00000000ec2fa020,0x00000000ec300000)
  to   space 4096K, 0% used [0x00000000ebd00000,0x00000000ebd00000,0x00000000ec100000)
 ParOldGen       total 68608K, used 38542K [0x00000000c0000000, 0x00000000c4300000, 0x00000000eab00000)
  object space 68608K, 56% used [0x00000000c0000000,0x00000000c25a3888,0x00000000c4300000)
 Metaspace       used 46465K, committed 47552K, reserved 1114112K
  class space    used 4389K, committed 4864K, reserved 1048576K

Card table byte_map: [0x000001c52fe30000,0x000001c530040000] _byte_map_base: 0x000001c52f830000

Marking Bits: (ParMarkBitMap*) 0x00007fff721c3260
 Begin Bits: [0x000001c542680000, 0x000001c543680000)
 End Bits:   [0x000001c543680000, 0x000001c544680000)

Polling page: 0x000001c52e1d0000

Metaspace:

Usage:
  Non-class:     41.09 MB used.
      Class:      4.29 MB used.
       Both:     45.38 MB used.

Virtual space:
  Non-class space:       64.00 MB reserved,      41.69 MB ( 65%) committed,  1 nodes.
      Class space:        1.00 GB reserved,       4.75 MB ( <1%) committed,  1 nodes.
             Both:        1.06 GB reserved,      46.44 MB (  4%) committed. 

Chunk freelists:
   Non-Class:  5.97 MB
       Class:  11.10 MB
        Both:  17.07 MB

MaxMetaspaceSize: unlimited
CompressedClassSpaceSize: 1.00 GB
Initial GC threshold: 21.00 MB
Current GC threshold: 58.38 MB
CDS: on
 - commit_granule_bytes: 65536.
 - commit_granule_words: 8192.
 - virtual_space_node_default_size: 8388608.
 - enlarge_chunks_in_place: 1.
 - use_allocation_guard: 0.


Internal statistics:

num_allocs_failed_limit: 6.
num_arena_births: 900.
num_arena_deaths: 14.
num_vsnodes_births: 2.
num_vsnodes_deaths: 0.
num_space_committed: 743.
num_space_uncommitted: 0.
num_chunks_returned_to_freelist: 20.
num_chunks_taken_from_freelist: 2921.
num_chunk_merges: 8.
num_chunk_splits: 1844.
num_chunks_enlarged: 1136.
num_inconsistent_stats: 0.

CodeHeap 'non-profiled nmethods': size=120000Kb used=5797Kb max_used=5797Kb free=114202Kb
 bounds [0x000001c53b150000, 0x000001c53b700000, 0x000001c542680000]
CodeHeap 'profiled nmethods': size=120000Kb used=19421Kb max_used=19421Kb free=100579Kb
 bounds [0x000001c533680000, 0x000001c534980000, 0x000001c53abb0000]
CodeHeap 'non-nmethods': size=5760Kb used=1414Kb max_used=1500Kb free=4345Kb
 bounds [0x000001c53abb0000, 0x000001c53ae20000, 0x000001c53b150000]
 total_blobs=8365 nmethods=7638 adapters=628
 compilation: enabled
              stopped_count=0, restarted_count=0
 full_count=0

Compilation events (20 events):
Event: 117.007 Thread 0x000001c54480ba60 nmethod 8033 0x000001c53496d690 code [0x000001c53496d820, 0x000001c53496d930]
Event: 117.007 Thread 0x000001c54480ba60 8031       3       org.eclipse.core.internal.events.ResourceComparator::compareSync (15 bytes)
Event: 117.007 Thread 0x000001c54480ba60 nmethod 8031 0x000001c53496da10 code [0x000001c53496dbc0, 0x000001c53496df08]
Event: 117.015 Thread 0x000001c54480ba60 8034       3       org.eclipse.core.internal.events.ResourceComparator::compare (380 bytes)
Event: 117.019 Thread 0x000001c54480ba60 nmethod 8034 0x000001c53496e090 code [0x000001c53496e4e0, 0x000001c534971960]
Event: 117.019 Thread 0x000001c54480ba60 8035       3       org.eclipse.core.internal.resources.CharsetManager$ResourceChangeListener::moveSettingsIfDerivedChanged (229 bytes)
Event: 117.022 Thread 0x000001c54480ba60 nmethod 8035 0x000001c534972310 code [0x000001c534972640, 0x000001c534973a50]
Event: 117.022 Thread 0x000001c54480ba60 8036       3       org.eclipse.jdt.apt.core.internal.generatedfile.GeneratedResourceChangeListener$PostChangeVisitor::visit (56 bytes)
Event: 117.023 Thread 0x000001c54480ba60 nmethod 8036 0x000001c534974410 code [0x000001c534974640, 0x000001c534974bf0]
Event: 117.044 Thread 0x000001c54480ba60 8037       3       org.eclipse.jdt.internal.core.DeltaProcessor::externalPath (23 bytes)
Event: 117.046 Thread 0x000001c54480ba60 nmethod 8037 0x000001c534974e90 code [0x000001c534975080, 0x000001c534975558]
Event: 117.107 Thread 0x000001c54480ba60 8039       1       org.eclipse.core.internal.resources.ResourceInfo::getModificationStamp (5 bytes)
Event: 117.107 Thread 0x000001c54480ba60 nmethod 8039 0x000001c53b6f4210 code [0x000001c53b6f43a0, 0x000001c53b6f4468]
Event: 117.148 Thread 0x000001c58c0ebe10 nmethod 8001 0x000001c53b6f4510 code [0x000001c53b6f4860, 0x000001c53b6f6f78]
Event: 117.149 Thread 0x000001c58c0ebe10 8029       4       org.eclipse.jdt.core.compiler.CharOperation::equals (55 bytes)
Event: 117.152 Thread 0x000001c58c0ebe10 nmethod 8029 0x000001c53b6f8610 code [0x000001c53b6f87a0, 0x000001c53b6f89b0]
Event: 117.152 Thread 0x000001c58c0ebe10 8019       4       org.eclipse.jdt.internal.compiler.lookup.TypeBinding::isRawType (14 bytes)
Event: 117.153 Thread 0x000001c58c0ebe10 nmethod 8019 0x000001c53b6f8a90 code [0x000001c53b6f8c20, 0x000001c53b6f8ce0]
Event: 117.153 Thread 0x000001c58c0ebe10 8038       4       org.eclipse.core.internal.events.ResourceDelta::getFlags (11 bytes)
Event: 117.154 Thread 0x000001c58c0ebe10 nmethod 8038 0x000001c53b6f8d90 code [0x000001c53b6f8f20, 0x000001c53b6f8fc0]

GC Heap History (20 events):
Event: 19.240 GC heap before
{Heap before GC invocations=19 (full 1):
 PSYoungGen      total 23040K, used 8882K [0x00000000eab00000, 0x00000000ec400000, 0x0000000100000000)
  eden space 22016K, 36% used [0x00000000eab00000,0x00000000eb2e7650,0x00000000ec080000)
  from space 1024K, 77% used [0x00000000ec180000,0x00000000ec2453c8,0x00000000ec280000)
  to   space 1536K, 0% used [0x00000000ec280000,0x00000000ec280000,0x00000000ec400000)
 ParOldGen       total 68608K, used 28255K [0x00000000c0000000, 0x00000000c4300000, 0x00000000eab00000)
  object space 68608K, 41% used [0x00000000c0000000,0x00000000c1b97ed0,0x00000000c4300000)
 Metaspace       used 34980K, committed 35840K, reserved 1114112K
  class space    used 3433K, committed 3840K, reserved 1048576K
}
Event: 19.241 GC heap after
{Heap after GC invocations=19 (full 1):
 PSYoungGen      total 22528K, used 224K [0x00000000eab00000, 0x00000000ec300000, 0x0000000100000000)
  eden space 22016K, 0% used [0x00000000eab00000,0x00000000eab00000,0x00000000ec080000)
  from space 512K, 43% used [0x00000000ec280000,0x00000000ec2b8000,0x00000000ec300000)
  to   space 1024K, 0% used [0x00000000ec100000,0x00000000ec100000,0x00000000ec200000)
 ParOldGen       total 68608K, used 28954K [0x00000000c0000000, 0x00000000c4300000, 0x00000000eab00000)
  object space 68608K, 42% used [0x00000000c0000000,0x00000000c1c46ad8,0x00000000c4300000)
 Metaspace       used 34980K, committed 35840K, reserved 1114112K
  class space    used 3433K, committed 3840K, reserved 1048576K
}
Event: 19.241 GC heap before
{Heap before GC invocations=20 (full 2):
 PSYoungGen      total 22528K, used 224K [0x00000000eab00000, 0x00000000ec300000, 0x0000000100000000)
  eden space 22016K, 0% used [0x00000000eab00000,0x00000000eab00000,0x00000000ec080000)
  from space 512K, 43% used [0x00000000ec280000,0x00000000ec2b8000,0x00000000ec300000)
  to   space 1024K, 0% used [0x00000000ec100000,0x00000000ec100000,0x00000000ec200000)
 ParOldGen       total 68608K, used 28954K [0x00000000c0000000, 0x00000000c4300000, 0x00000000eab00000)
  object space 68608K, 42% used [0x00000000c0000000,0x00000000c1c46ad8,0x00000000c4300000)
 Metaspace       used 34980K, committed 35840K, reserved 1114112K
  class space    used 3433K, committed 3840K, reserved 1048576K
}
Event: 19.325 GC heap after
{Heap after GC invocations=20 (full 2):
 PSYoungGen      total 22528K, used 0K [0x00000000eab00000, 0x00000000ec300000, 0x0000000100000000)
  eden space 22016K, 0% used [0x00000000eab00000,0x00000000eab00000,0x00000000ec080000)
  from space 512K, 0% used [0x00000000ec280000,0x00000000ec280000,0x00000000ec300000)
  to   space 1024K, 0% used [0x00000000ec100000,0x00000000ec100000,0x00000000ec200000)
 ParOldGen       total 68608K, used 27985K [0x00000000c0000000, 0x00000000c4300000, 0x00000000eab00000)
  object space 68608K, 40% used [0x00000000c0000000,0x00000000c1b544d8,0x00000000c4300000)
 Metaspace       used 34980K, committed 35840K, reserved 1114112K
  class space    used 3433K, committed 3840K, reserved 1048576K
}
Event: 21.920 GC heap before
{Heap before GC invocations=21 (full 2):
 PSYoungGen      total 22528K, used 22016K [0x00000000eab00000, 0x00000000ec300000, 0x0000000100000000)
  eden space 22016K, 100% used [0x00000000eab00000,0x00000000ec080000,0x00000000ec080000)
  from space 512K, 0% used [0x00000000ec280000,0x00000000ec280000,0x00000000ec300000)
  to   space 1024K, 0% used [0x00000000ec100000,0x00000000ec100000,0x00000000ec200000)
 ParOldGen       total 68608K, used 27985K [0x00000000c0000000, 0x00000000c4300000, 0x00000000eab00000)
  object space 68608K, 40% used [0x00000000c0000000,0x00000000c1b544d8,0x00000000c4300000)
 Metaspace       used 36106K, committed 36992K, reserved 1114112K
  class space    used 3534K, committed 3904K, reserved 1048576K
}
Event: 21.923 GC heap after
{Heap after GC invocations=21 (full 2):
 PSYoungGen      total 23040K, used 998K [0x00000000eab00000, 0x00000000ec380000, 0x0000000100000000)
  eden space 22016K, 0% used [0x00000000eab00000,0x00000000eab00000,0x00000000ec080000)
  from space 1024K, 97% used [0x00000000ec100000,0x00000000ec1f9b08,0x00000000ec200000)
  to   space 1536K, 0% used [0x00000000ec200000,0x00000000ec200000,0x00000000ec380000)
 ParOldGen       total 68608K, used 28225K [0x00000000c0000000, 0x00000000c4300000, 0x00000000eab00000)
  object space 68608K, 41% used [0x00000000c0000000,0x00000000c1b904d8,0x00000000c4300000)
 Metaspace       used 36106K, committed 36992K, reserved 1114112K
  class space    used 3534K, committed 3904K, reserved 1048576K
}
Event: 23.903 GC heap before
{Heap before GC invocations=22 (full 2):
 PSYoungGen      total 23040K, used 23014K [0x00000000eab00000, 0x00000000ec380000, 0x0000000100000000)
  eden space 22016K, 100% used [0x00000000eab00000,0x00000000ec080000,0x00000000ec080000)
  from space 1024K, 97% used [0x00000000ec100000,0x00000000ec1f9b08,0x00000000ec200000)
  to   space 1536K, 0% used [0x00000000ec200000,0x00000000ec200000,0x00000000ec380000)
 ParOldGen       total 68608K, used 28225K [0x00000000c0000000, 0x00000000c4300000, 0x00000000eab00000)
  object space 68608K, 41% used [0x00000000c0000000,0x00000000c1b904d8,0x00000000c4300000)
 Metaspace       used 36124K, committed 37056K, reserved 1114112K
  class space    used 3534K, committed 3904K, reserved 1048576K
}
Event: 23.908 GC heap after
{Heap after GC invocations=22 (full 2):
 PSYoungGen      total 23040K, used 873K [0x00000000eab00000, 0x00000000ec300000, 0x0000000100000000)
  eden space 22016K, 0% used [0x00000000eab00000,0x00000000eab00000,0x00000000ec080000)
  from space 1024K, 85% used [0x00000000ec200000,0x00000000ec2da698,0x00000000ec300000)
  to   space 1024K, 0% used [0x00000000ec100000,0x00000000ec100000,0x00000000ec200000)
 ParOldGen       total 68608K, used 28854K [0x00000000c0000000, 0x00000000c4300000, 0x00000000eab00000)
  object space 68608K, 42% used [0x00000000c0000000,0x00000000c1c2d998,0x00000000c4300000)
 Metaspace       used 36124K, committed 37056K, reserved 1114112K
  class space    used 3534K, committed 3904K, reserved 1048576K
}
Event: 28.450 GC heap before
{Heap before GC invocations=23 (full 2):
 PSYoungGen      total 23040K, used 22889K [0x00000000eab00000, 0x00000000ec300000, 0x0000000100000000)
  eden space 22016K, 100% used [0x00000000eab00000,0x00000000ec080000,0x00000000ec080000)
  from space 1024K, 85% used [0x00000000ec200000,0x00000000ec2da698,0x00000000ec300000)
  to   space 1024K, 0% used [0x00000000ec100000,0x00000000ec100000,0x00000000ec200000)
 ParOldGen       total 68608K, used 28854K [0x00000000c0000000, 0x00000000c4300000, 0x00000000eab00000)
  object space 68608K, 42% used [0x00000000c0000000,0x00000000c1c2d998,0x00000000c4300000)
 Metaspace       used 39161K, committed 40064K, reserved 1114112K
  class space    used 3791K, committed 4160K, reserved 1048576K
}
Event: 28.454 GC heap after
{Heap after GC invocations=23 (full 2):
 PSYoungGen      total 23040K, used 985K [0x00000000eab00000, 0x00000000ec280000, 0x0000000100000000)
  eden space 22016K, 0% used [0x00000000eab00000,0x00000000eab00000,0x00000000ec080000)
  from space 1024K, 96% used [0x00000000ec100000,0x00000000ec1f6490,0x00000000ec200000)
  to   space 512K, 0% used [0x00000000ec200000,0x00000000ec200000,0x00000000ec280000)
 ParOldGen       total 68608K, used 28870K [0x00000000c0000000, 0x00000000c4300000, 0x00000000eab00000)
  object space 68608K, 42% used [0x00000000c0000000,0x00000000c1c31998,0x00000000c4300000)
 Metaspace       used 39161K, committed 40064K, reserved 1114112K
  class space    used 3791K, committed 4160K, reserved 1048576K
}
Event: 32.338 GC heap before
{Heap before GC invocations=24 (full 2):
 PSYoungGen      total 23040K, used 23001K [0x00000000eab00000, 0x00000000ec280000, 0x0000000100000000)
  eden space 22016K, 100% used [0x00000000eab00000,0x00000000ec080000,0x00000000ec080000)
  from space 1024K, 96% used [0x00000000ec100000,0x00000000ec1f6490,0x00000000ec200000)
  to   space 512K, 0% used [0x00000000ec200000,0x00000000ec200000,0x00000000ec280000)
 ParOldGen       total 68608K, used 28870K [0x00000000c0000000, 0x00000000c4300000, 0x00000000eab00000)
  object space 68608K, 42% used [0x00000000c0000000,0x00000000c1c31998,0x00000000c4300000)
 Metaspace       used 41926K, committed 42944K, reserved 1114112K
  class space    used 4063K, committed 4544K, reserved 1048576K
}
Event: 32.347 GC heap after
{Heap after GC invocations=24 (full 2):
 PSYoungGen      total 20480K, used 481K [0x00000000eab00000, 0x00000000ec780000, 0x0000000100000000)
  eden space 19968K, 0% used [0x00000000eab00000,0x00000000eab00000,0x00000000ebe80000)
  from space 512K, 94% used [0x00000000ec200000,0x00000000ec278790,0x00000000ec280000)
  to   space 3584K, 0% used [0x00000000ebe80000,0x00000000ebe80000,0x00000000ec200000)
 ParOldGen       total 68608K, used 31545K [0x00000000c0000000, 0x00000000c4300000, 0x00000000eab00000)
  object space 68608K, 45% used [0x00000000c0000000,0x00000000c1ece6a0,0x00000000c4300000)
 Metaspace       used 41926K, committed 42944K, reserved 1114112K
  class space    used 4063K, committed 4544K, reserved 1048576K
}
Event: 37.976 GC heap before
{Heap before GC invocations=25 (full 2):
 PSYoungGen      total 20480K, used 20449K [0x00000000eab00000, 0x00000000ec780000, 0x0000000100000000)
  eden space 19968K, 100% used [0x00000000eab00000,0x00000000ebe80000,0x00000000ebe80000)
  from space 512K, 94% used [0x00000000ec200000,0x00000000ec278790,0x00000000ec280000)
  to   space 3584K, 0% used [0x00000000ebe80000,0x00000000ebe80000,0x00000000ec200000)
 ParOldGen       total 68608K, used 31545K [0x00000000c0000000, 0x00000000c4300000, 0x00000000eab00000)
  object space 68608K, 45% used [0x00000000c0000000,0x00000000c1ece6a0,0x00000000c4300000)
 Metaspace       used 43448K, committed 44416K, reserved 1114112K
  class space    used 4182K, committed 4608K, reserved 1048576K
}
Event: 37.986 GC heap after
{Heap after GC invocations=25 (full 2):
 PSYoungGen      total 23552K, used 3473K [0x00000000eab00000, 0x00000000ec680000, 0x0000000100000000)
  eden space 19968K, 0% used [0x00000000eab00000,0x00000000eab00000,0x00000000ebe80000)
  from space 3584K, 96% used [0x00000000ebe80000,0x00000000ec1e4650,0x00000000ec200000)
  to   space 4096K, 0% used [0x00000000ec280000,0x00000000ec280000,0x00000000ec680000)
 ParOldGen       total 68608K, used 31977K [0x00000000c0000000, 0x00000000c4300000, 0x00000000eab00000)
  object space 68608K, 46% used [0x00000000c0000000,0x00000000c1f3a730,0x00000000c4300000)
 Metaspace       used 43448K, committed 44416K, reserved 1114112K
  class space    used 4182K, committed 4608K, reserved 1048576K
}
Event: 41.773 GC heap before
{Heap before GC invocations=26 (full 2):
 PSYoungGen      total 23552K, used 23441K [0x00000000eab00000, 0x00000000ec680000, 0x0000000100000000)
  eden space 19968K, 100% used [0x00000000eab00000,0x00000000ebe80000,0x00000000ebe80000)
  from space 3584K, 96% used [0x00000000ebe80000,0x00000000ec1e4650,0x00000000ec200000)
  to   space 4096K, 0% used [0x00000000ec280000,0x00000000ec280000,0x00000000ec680000)
 ParOldGen       total 68608K, used 31977K [0x00000000c0000000, 0x00000000c4300000, 0x00000000eab00000)
  object space 68608K, 46% used [0x00000000c0000000,0x00000000c1f3a730,0x00000000c4300000)
 Metaspace       used 44314K, committed 45376K, reserved 1114112K
  class space    used 4218K, committed 4672K, reserved 1048576K
}
Event: 41.800 GC heap after
{Heap after GC invocations=26 (full 2):
 PSYoungGen      total 22528K, used 2494K [0x00000000eab00000, 0x00000000ec500000, 0x0000000100000000)
  eden space 19968K, 0% used [0x00000000eab00000,0x00000000eab00000,0x00000000ebe80000)
  from space 2560K, 97% used [0x00000000ec280000,0x00000000ec4ef8e0,0x00000000ec500000)
  to   space 3072K, 0% used [0x00000000ebf00000,0x00000000ebf00000,0x00000000ec200000)
 ParOldGen       total 68608K, used 35263K [0x00000000c0000000, 0x00000000c4300000, 0x00000000eab00000)
  object space 68608K, 51% used [0x00000000c0000000,0x00000000c226fca8,0x00000000c4300000)
 Metaspace       used 44314K, committed 45376K, reserved 1114112K
  class space    used 4218K, committed 4672K, reserved 1048576K
}
Event: 45.996 GC heap before
{Heap before GC invocations=27 (full 2):
 PSYoungGen      total 22528K, used 22462K [0x00000000eab00000, 0x00000000ec500000, 0x0000000100000000)
  eden space 19968K, 100% used [0x00000000eab00000,0x00000000ebe80000,0x00000000ebe80000)
  from space 2560K, 97% used [0x00000000ec280000,0x00000000ec4ef8e0,0x00000000ec500000)
  to   space 3072K, 0% used [0x00000000ebf00000,0x00000000ebf00000,0x00000000ec200000)
 ParOldGen       total 68608K, used 35263K [0x00000000c0000000, 0x00000000c4300000, 0x00000000eab00000)
  object space 68608K, 51% used [0x00000000c0000000,0x00000000c226fca8,0x00000000c4300000)
 Metaspace       used 45449K, committed 46528K, reserved 1114112K
  class space    used 4348K, committed 4864K, reserved 1048576K
}
Event: 46.002 GC heap after
{Heap after GC invocations=27 (full 2):
 PSYoungGen      total 21504K, used 1080K [0x00000000eab00000, 0x00000000ec300000, 0x0000000100000000)
  eden space 19968K, 0% used [0x00000000eab00000,0x00000000eab00000,0x00000000ebe80000)
  from space 1536K, 70% used [0x00000000ebf00000,0x00000000ec00e1e8,0x00000000ec080000)
  to   space 2048K, 0% used [0x00000000ec100000,0x00000000ec100000,0x00000000ec300000)
 ParOldGen       total 68608K, used 36978K [0x00000000c0000000, 0x00000000c4300000, 0x00000000eab00000)
  object space 68608K, 53% used [0x00000000c0000000,0x00000000c241ca70,0x00000000c4300000)
 Metaspace       used 45449K, committed 46528K, reserved 1114112K
  class space    used 4348K, committed 4864K, reserved 1048576K
}
Event: 115.613 GC heap before
{Heap before GC invocations=28 (full 2):
 PSYoungGen      total 21504K, used 21030K [0x00000000eab00000, 0x00000000ec300000, 0x0000000100000000)
  eden space 19968K, 99% used [0x00000000eab00000,0x00000000ebe7b648,0x00000000ebe80000)
  from space 1536K, 70% used [0x00000000ebf00000,0x00000000ec00e1e8,0x00000000ec080000)
  to   space 2048K, 0% used [0x00000000ec100000,0x00000000ec100000,0x00000000ec300000)
 ParOldGen       total 68608K, used 36978K [0x00000000c0000000, 0x00000000c4300000, 0x00000000eab00000)
  object space 68608K, 53% used [0x00000000c0000000,0x00000000c241ca70,0x00000000c4300000)
 Metaspace       used 46024K, committed 47168K, reserved 1114112K
  class space    used 4387K, committed 4864K, reserved 1048576K
}
Event: 115.621 GC heap after
{Heap after GC invocations=28 (full 2):
 PSYoungGen      total 20480K, used 2024K [0x00000000eab00000, 0x00000000ec680000, 0x0000000100000000)
  eden space 18432K, 0% used [0x00000000eab00000,0x00000000eab00000,0x00000000ebd00000)
  from space 2048K, 98% used [0x00000000ec100000,0x00000000ec2fa020,0x00000000ec300000)
  to   space 4096K, 0% used [0x00000000ebd00000,0x00000000ebd00000,0x00000000ec100000)
 ParOldGen       total 68608K, used 38542K [0x00000000c0000000, 0x00000000c4300000, 0x00000000eab00000)
  object space 68608K, 56% used [0x00000000c0000000,0x00000000c25a3888,0x00000000c4300000)
 Metaspace       used 46024K, committed 47168K, reserved 1114112K
  class space    used 4387K, committed 4864K, reserved 1048576K
}

Dll operation events (10 events):
Event: 0.033 Loaded shared library c:\Users\palak\.vscode\extensions\redhat.java-1.41.0-win32-x64\jre\21.0.6-win32-x86_64\bin\java.dll
Event: 0.308 Loaded shared library c:\Users\palak\.vscode\extensions\redhat.java-1.41.0-win32-x64\jre\21.0.6-win32-x86_64\bin\zip.dll
Event: 0.383 Loaded shared library C:\Users\palak\.vscode\extensions\redhat.java-1.41.0-win32-x64\jre\21.0.6-win32-x86_64\bin\instrument.dll
Event: 0.394 Loaded shared library C:\Users\palak\.vscode\extensions\redhat.java-1.41.0-win32-x64\jre\21.0.6-win32-x86_64\bin\net.dll
Event: 0.400 Loaded shared library C:\Users\palak\.vscode\extensions\redhat.java-1.41.0-win32-x64\jre\21.0.6-win32-x86_64\bin\nio.dll
Event: 0.408 Loaded shared library C:\Users\palak\.vscode\extensions\redhat.java-1.41.0-win32-x64\jre\21.0.6-win32-x86_64\bin\zip.dll
Event: 0.469 Loaded shared library C:\Users\palak\.vscode\extensions\redhat.java-1.41.0-win32-x64\jre\21.0.6-win32-x86_64\bin\jimage.dll
Event: 0.694 Loaded shared library c:\Users\palak\.vscode\extensions\redhat.java-1.41.0-win32-x64\jre\21.0.6-win32-x86_64\bin\verify.dll
Event: 3.538 Loaded shared library C:\Users\palak\AppData\Roaming\Code\User\globalStorage\redhat.java\1.41.0\config_ss_win\org.eclipse.equinox.launcher\org.eclipse.equinox.launcher.win32.win32.x86_64_1.2.1300.v20250325-0811\eclipse_11911.dll
Event: 5.402 Loaded shared library C:\Users\palak\AppData\Local\Temp\jna-106430981\jna10885883771777925.dll

Deoptimization events (20 events):
Event: 116.353 Thread 0x000001c58dbe00b0 DEOPT PACKING pc=0x000001c53462e401 sp=0x0000008d358fe920
Event: 116.354 Thread 0x000001c58dbe00b0 DEOPT UNPACKING pc=0x000001c53ac04242 sp=0x0000008d358fde80 mode 0
Event: 116.446 Thread 0x000001c58dbe00b0 Uncommon trap: trap_request=0xffffff45 fr.pc=0x000001c53b545224 relative=0x0000000000000264
Event: 116.446 Thread 0x000001c58dbe00b0 Uncommon trap: reason=unstable_if action=reinterpret pc=0x000001c53b545224 method=java.util.HashMap.getNode(Ljava/lang/Object;)Ljava/util/HashMap$Node; @ 85 c2
Event: 116.446 Thread 0x000001c58dbe00b0 DEOPT PACKING pc=0x000001c53b545224 sp=0x0000008d358fe0f0
Event: 116.446 Thread 0x000001c58dbe00b0 DEOPT UNPACKING pc=0x000001c53ac03aa2 sp=0x0000008d358fdff0 mode 2
Event: 116.451 Thread 0x000001c58dbe00b0 DEOPT PACKING pc=0x000001c5344986d7 sp=0x0000008d358fe6f0
Event: 116.451 Thread 0x000001c58dbe00b0 DEOPT UNPACKING pc=0x000001c53ac04242 sp=0x0000008d358fdbc0 mode 0
Event: 116.660 Thread 0x000001c58dbe00b0 DEOPT PACKING pc=0x000001c5348b0e1b sp=0x0000008d358fe740
Event: 116.660 Thread 0x000001c58dbe00b0 DEOPT UNPACKING pc=0x000001c53ac04242 sp=0x0000008d358fdbd8 mode 0
Event: 116.670 Thread 0x000001c58dbe00b0 DEOPT PACKING pc=0x000001c5344986d7 sp=0x0000008d358fe6f0
Event: 116.670 Thread 0x000001c58dbe00b0 DEOPT UNPACKING pc=0x000001c53ac04242 sp=0x0000008d358fdbc0 mode 0
Event: 116.691 Thread 0x000001c58dbe2810 DEOPT PACKING pc=0x000001c53482cd0a sp=0x0000008d388fdf20
Event: 116.691 Thread 0x000001c58dbe2810 DEOPT UNPACKING pc=0x000001c53ac04242 sp=0x0000008d388fd4a8 mode 0
Event: 116.797 Thread 0x000001c58ba1bac0 DEOPT PACKING pc=0x000001c534839443 sp=0x0000008d37dfdab0
Event: 116.797 Thread 0x000001c58ba1bac0 DEOPT UNPACKING pc=0x000001c53ac04242 sp=0x0000008d37dfcf20 mode 0
Event: 116.849 Thread 0x000001c58dbe00b0 DEOPT PACKING pc=0x000001c5344986d7 sp=0x0000008d358fe640
Event: 116.858 Thread 0x000001c58dbe00b0 DEOPT UNPACKING pc=0x000001c53ac04242 sp=0x0000008d358fdb10 mode 0
Event: 116.936 Thread 0x000001c58dbe00b0 DEOPT PACKING pc=0x000001c5348b0e1b sp=0x0000008d358fe740
Event: 116.936 Thread 0x000001c58dbe00b0 DEOPT UNPACKING pc=0x000001c53ac04242 sp=0x0000008d358fdbd8 mode 0

Classes loaded (20 events):
Event: 43.823 Loading class sun/util/logging/resources/logging_en_IN
Event: 43.823 Loading class sun/util/logging/resources/logging_en_IN done
Event: 43.823 Loading class sun/util/logging/resources/logging_en_IN
Event: 43.823 Loading class sun/util/logging/resources/logging_en_IN done
Event: 43.824 Loading class java/util/Formatter$DateTime
Event: 43.824 Loading class java/util/Formatter$DateTime done
Event: 43.824 Loading class java/time/ZonedDateTime$1
Event: 43.825 Loading class java/time/ZonedDateTime$1 done
Event: 44.955 Loading class java/util/stream/DistinctOps
Event: 44.955 Loading class java/util/stream/DistinctOps done
Event: 44.956 Loading class java/util/stream/DistinctOps$1
Event: 44.956 Loading class java/util/stream/DistinctOps$1 done
Event: 44.964 Loading class java/util/stream/DistinctOps$1$2
Event: 44.964 Loading class java/util/stream/DistinctOps$1$2 done
Event: 114.917 Loading class java/util/AbstractList$RandomAccessSubList
Event: 114.923 Loading class java/util/AbstractList$SubList
Event: 114.924 Loading class java/util/AbstractList$SubList done
Event: 114.924 Loading class java/util/AbstractList$RandomAccessSubList done
Event: 114.924 Loading class java/util/AbstractList$SubList$1
Event: 114.924 Loading class java/util/AbstractList$SubList$1 done

Classes unloaded (7 events):
Event: 6.460 Thread 0x000001c530531a00 Unloading class 0x000001c54617b000 'java/lang/invoke/LambdaForm$MH+0x000001c54617b000'
Event: 6.460 Thread 0x000001c530531a00 Unloading class 0x000001c54617ac00 'java/lang/invoke/LambdaForm$MH+0x000001c54617ac00'
Event: 6.460 Thread 0x000001c530531a00 Unloading class 0x000001c54617a800 'java/lang/invoke/LambdaForm$MH+0x000001c54617a800'
Event: 6.460 Thread 0x000001c530531a00 Unloading class 0x000001c54617a400 'java/lang/invoke/LambdaForm$MH+0x000001c54617a400'
Event: 6.460 Thread 0x000001c530531a00 Unloading class 0x000001c54617a000 'java/lang/invoke/LambdaForm$BMH+0x000001c54617a000'
Event: 6.460 Thread 0x000001c530531a00 Unloading class 0x000001c546179c00 'java/lang/invoke/LambdaForm$DMH+0x000001c546179c00'
Event: 6.460 Thread 0x000001c530531a00 Unloading class 0x000001c546178800 'java/lang/invoke/LambdaForm$DMH+0x000001c546178800'

Classes redefined (0 events):
No events

Internal exceptions (20 events):
Event: 29.507 Thread 0x000001c58dbdfa20 Exception <a 'java/lang/NoSuchMethodError'{0x00000000eb024648}: 'int java.lang.invoke.DirectMethodHandle$Holder.invokeInterface(java.lang.Object, java.lang.Object)'> (0x00000000eb024648) 
thrown [s\src\hotspot\share\interpreter\linkResolver.cpp, line 773]
Event: 29.508 Thread 0x000001c58dbdfa20 Exception <a 'java/lang/IncompatibleClassChangeError'{0x00000000eb027918}: Found class java.lang.Object, but interface was expected> (0x00000000eb027918) 
thrown [s\src\hotspot\share\interpreter\linkResolver.cpp, line 840]
Event: 29.867 Thread 0x000001c58dbdfa20 Exception <a 'java/lang/NoSuchMethodError'{0x00000000eb38ca08}: 'int java.lang.invoke.DirectMethodHandle$Holder.invokeSpecialIFC(java.lang.Object, java.lang.Object, java.lang.Object)'> (0x00000000eb38ca08) 
thrown [s\src\hotspot\share\interpreter\linkResolver.cpp, line 773]
Event: 31.034 Thread 0x000001c58dbded00 Exception <a 'java/lang/IncompatibleClassChangeError'{0x00000000eac3e1e0}: Found class java.lang.Object, but interface was expected> (0x00000000eac3e1e0) 
thrown [s\src\hotspot\share\interpreter\linkResolver.cpp, line 840]
Event: 31.814 Thread 0x000001c58dbe2810 Exception <a 'java/lang/ArrayIndexOutOfBoundsException'{0x00000000ebc74020}> (0x00000000ebc74020) 
thrown [s\src\hotspot\share\runtime\sharedRuntime.cpp, line 625]
Event: 34.717 Thread 0x000001c58b756200 Exception <a 'java/lang/NoSuchMethodError'{0x00000000eb107e80}: 'java.lang.Object java.lang.invoke.DirectMethodHandle$Holder.newInvokeSpecial(java.lang.Object, java.lang.Object, int, int, java.lang.Object)'> (0x00000000eb107e80) 
thrown [s\src\hotspot\share\interpreter\linkResolver.cpp, line 773]
Event: 35.251 Thread 0x000001c58dbe00b0 Exception <a 'java/lang/NoSuchMethodError'{0x00000000eb26faf0}: 'int java.lang.invoke.DirectMethodHandle$Holder.invokeSpecial(java.lang.Object, java.lang.Object, java.lang.Object, java.lang.Object)'> (0x00000000eb26faf0) 
thrown [s\src\hotspot\share\interpreter\linkResolver.cpp, line 773]
Event: 35.559 Thread 0x000001c58dbe00b0 Exception <a 'java/lang/NoSuchMethodError'{0x00000000eb774930}: 'void java.lang.invoke.DirectMethodHandle$Holder.invokeVirtual(java.lang.Object, java.lang.Object, java.lang.Object, java.lang.Object, java.lang.Object)'> (0x00000000eb774930) 
thrown [s\src\hotspot\share\interpreter\linkResolver.cpp, line 773]
Event: 37.137 Thread 0x000001c58dbded00 Exception <a 'java/lang/IncompatibleClassChangeError'{0x00000000ebaad1d0}: Found class java.lang.Object, but interface was expected> (0x00000000ebaad1d0) 
thrown [s\src\hotspot\share\interpreter\linkResolver.cpp, line 840]
Event: 37.772 Thread 0x000001c58dbdfa20 Exception <a 'java/lang/NoSuchMethodError'{0x00000000ebcb2dd8}: 'java.lang.Object java.lang.invoke.DirectMethodHandle$Holder.newInvokeSpecial(java.lang.Object, java.lang.Object, java.lang.Object, java.lang.Object, int)'> (0x00000000ebcb2dd8) 
thrown [s\src\hotspot\share\interpreter\linkResolver.cpp, line 773]
Event: 37.773 Thread 0x000001c58dbdfa20 Exception <a 'java/lang/NoSuchMethodError'{0x00000000ebcb6f98}: 'java.lang.Object java.lang.invoke.DirectMethodHandle$Holder.invokeSpecial(java.lang.Object, java.lang.Object, java.lang.Object, java.lang.Object, java.lang.Object, int)'> (0x00000000ebcb6f98) 
thrown [s\src\hotspot\share\interpreter\linkResolver.cpp, line 773]
Event: 37.773 Thread 0x000001c58dbdfa20 Exception <a 'java/lang/NoSuchMethodError'{0x00000000ebcba778}: 'java.lang.Object java.lang.invoke.Invokers$Holder.linkToTargetMethod(java.lang.Object, java.lang.Object, java.lang.Object, int, java.lang.Object)'> (0x00000000ebcba778) 
thrown [s\src\hotspot\share\interpreter\linkResolver.cpp, line 773]
Event: 41.840 Thread 0x000001c58b756200 Exception <a 'sun/nio/fs/WindowsException'{0x00000000eab95e30}> (0x00000000eab95e30) 
thrown [s\src\hotspot\share\prims\jni.cpp, line 520]
Event: 41.841 Thread 0x000001c58b756200 Exception <a 'sun/nio/fs/WindowsException'{0x00000000eab967a0}> (0x00000000eab967a0) 
thrown [s\src\hotspot\share\prims\jni.cpp, line 520]
Event: 41.856 Thread 0x000001c58dbded00 Exception <a 'java/lang/IncompatibleClassChangeError'{0x00000000eab31888}: Found class java.lang.Object, but interface was expected> (0x00000000eab31888) 
thrown [s\src\hotspot\share\interpreter\linkResolver.cpp, line 840]
Event: 41.904 Thread 0x000001c58dbded00 Exception <a 'java/lang/IncompatibleClassChangeError'{0x00000000eab3ffe8}: Found class java.lang.Object, but interface was expected> (0x00000000eab3ffe8) 
thrown [s\src\hotspot\share\interpreter\linkResolver.cpp, line 840]
Event: 43.822 Thread 0x000001c58dbded00 Exception <a 'java/lang/ClassNotFoundException'{0x00000000eb464860}: sun/util/logging/resources/spi/loggingProvider> (0x00000000eb464860) 
thrown [s\src\hotspot\share\classfile\systemDictionary.cpp, line 312]
Event: 53.997 Thread 0x000001c58dbded00 Exception <a 'java/lang/IncompatibleClassChangeError'{0x00000000eaee0e20}: Found class java.lang.Object, but interface was expected> (0x00000000eaee0e20) 
thrown [s\src\hotspot\share\interpreter\linkResolver.cpp, line 840]
Event: 54.833 Thread 0x000001c58dbe2810 Exception <a 'java/lang/NoSuchMethodError'{0x00000000eb5ac6d0}: 'java.lang.Object java.lang.invoke.DirectMethodHandle$Holder.invokeStatic(java.lang.Object, int, int, java.lang.Object)'> (0x00000000eb5ac6d0) 
thrown [s\src\hotspot\share\interpreter\linkResolver.cpp, line 773]
Event: 54.860 Thread 0x000001c58dbe2810 Exception <a 'java/lang/NoSuchMethodError'{0x00000000eb670cb8}: 'java.lang.Object java.lang.invoke.DirectMethodHandle$Holder.invokeStatic(java.lang.Object, int, java.lang.Object)'> (0x00000000eb670cb8) 
thrown [s\src\hotspot\share\interpreter\linkResolver.cpp, line 773]

ZGC Phase Switch (0 events):
No events

VM Operations (20 events):
Event: 55.112 Executing VM operation: Cleanup
Event: 55.112 Executing VM operation: Cleanup done
Event: 56.121 Executing VM operation: Cleanup
Event: 56.121 Executing VM operation: Cleanup done
Event: 60.111 Executing VM operation: HandshakeAllThreads (HandshakeForDeflation)
Event: 60.111 Executing VM operation: HandshakeAllThreads (HandshakeForDeflation) done
Event: 60.111 Executing VM operation: RendezvousGCThreads
Event: 60.111 Executing VM operation: RendezvousGCThreads done
Event: 115.598 Executing VM operation: Cleanup
Event: 115.599 Executing VM operation: Cleanup done
Event: 115.613 Executing VM operation: ParallelGCFailedAllocation (Allocation Failure)
Event: 115.622 Executing VM operation: ParallelGCFailedAllocation (Allocation Failure) done
Event: 116.178 Executing VM operation: ICBufferFull
Event: 116.185 Executing VM operation: ICBufferFull done
Event: 116.206 Executing VM operation: HandshakeAllThreads (Deoptimize)
Event: 116.216 Executing VM operation: HandshakeAllThreads (Deoptimize) done
Event: 116.692 Executing VM operation: ICBufferFull
Event: 116.705 Executing VM operation: ICBufferFull done
Event: 116.831 Executing VM operation: ICBufferFull
Event: 116.846 Executing VM operation: ICBufferFull done

Memory protections (0 events):
No events

Nmethod flushes (20 events):
Event: 19.269 Thread 0x000001c530531a00 flushing  nmethod 0x000001c5339e2190
Event: 19.269 Thread 0x000001c530531a00 flushing  nmethod 0x000001c533a1ae10
Event: 19.269 Thread 0x000001c530531a00 flushing  nmethod 0x000001c533a3eb10
Event: 19.269 Thread 0x000001c530531a00 flushing  nmethod 0x000001c533aa2890
Event: 19.269 Thread 0x000001c530531a00 flushing  nmethod 0x000001c533aa2d10
Event: 19.269 Thread 0x000001c530531a00 flushing  nmethod 0x000001c533aa3b10
Event: 19.269 Thread 0x000001c530531a00 flushing  nmethod 0x000001c533acf410
Event: 19.269 Thread 0x000001c530531a00 flushing  nmethod 0x000001c533acf810
Event: 19.269 Thread 0x000001c530531a00 flushing  nmethod 0x000001c533ad0210
Event: 19.269 Thread 0x000001c530531a00 flushing  nmethod 0x000001c533ad4e90
Event: 19.269 Thread 0x000001c530531a00 flushing  nmethod 0x000001c533ad9b10
Event: 19.269 Thread 0x000001c530531a00 flushing  nmethod 0x000001c533b08b10
Event: 19.269 Thread 0x000001c530531a00 flushing  nmethod 0x000001c533b16190
Event: 19.269 Thread 0x000001c530531a00 flushing  nmethod 0x000001c533b18a10
Event: 19.269 Thread 0x000001c530531a00 flushing  nmethod 0x000001c533b1af10
Event: 19.269 Thread 0x000001c530531a00 flushing  nmethod 0x000001c533b55b10
Event: 19.269 Thread 0x000001c530531a00 flushing  nmethod 0x000001c533b69610
Event: 19.269 Thread 0x000001c530531a00 flushing  nmethod 0x000001c533b6d610
Event: 19.269 Thread 0x000001c530531a00 flushing  nmethod 0x000001c533b6f890
Event: 19.269 Thread 0x000001c530531a00 flushing  nmethod 0x000001c533b88d90

Events (20 events):
Event: 34.517 Thread 0x000001c54480ba60 Thread added: 0x000001c58c537340
Event: 35.042 Thread 0x000001c58b756200 Thread added: 0x000001c58dbe3bc0
Event: 35.317 Thread 0x000001c58c537340 Thread exited: 0x000001c58c537340
Event: 35.785 Thread 0x000001c54480ba60 Thread added: 0x000001c58e438fa0
Event: 35.934 Thread 0x000001c58e438fa0 Thread exited: 0x000001c58e438fa0
Event: 36.141 Thread 0x000001c58b756200 Thread added: 0x000001c58dbe4250
Event: 41.800 Thread 0x000001c5447d2660 Thread added: 0x000001c58b159130
Event: 41.935 Thread 0x000001c58dbe2810 Thread added: 0x000001c58dbe6320
Event: 44.570 Thread 0x000001c58b159130 Thread exited: 0x000001c58b159130
Event: 46.644 Thread 0x000001c54480ba60 Thread added: 0x000001c5979ed930
Event: 47.884 Thread 0x000001c5979ed930 Thread exited: 0x000001c5979ed930
Event: 90.003 Thread 0x000001c58dbe1460 Thread exited: 0x000001c58dbe1460
Event: 90.003 Thread 0x000001c58dbe0dd0 Thread exited: 0x000001c58dbe0dd0
Event: 105.041 Thread 0x000001c58dbe00b0 Thread exited: 0x000001c58dbe00b0
Event: 105.970 Thread 0x000001c58b756200 Thread exited: 0x000001c58b756200
Event: 105.971 Thread 0x000001c58dbe0740 Thread exited: 0x000001c58dbe0740
Event: 106.094 Thread 0x000001c58ba1c150 Thread exited: 0x000001c58ba1c150
Event: 115.129 Thread 0x000001c54480ba60 Thread added: 0x000001c58c0ebe10
Event: 115.610 Thread 0x000001c58ba1bac0 Thread added: 0x000001c58dbe00b0
Event: 115.667 Thread 0x000001c58dbe2ea0 Thread added: 0x000001c58dbe0740


Dynamic libraries:
0x00007ff760b60000 - 0x00007ff760b6e000 	c:\Users\palak\.vscode\extensions\redhat.java-1.41.0-win32-x64\jre\21.0.6-win32-x86_64\bin\java.exe
0x00007fffffd80000 - 0x00007ffffffe3000 	C:\WINDOWS\SYSTEM32\ntdll.dll
0x00007ffffe650000 - 0x00007ffffe717000 	C:\WINDOWS\System32\KERNEL32.DLL
0x00007ffffd7f0000 - 0x00007ffffdbb9000 	C:\WINDOWS\System32\KERNELBASE.dll
0x00007ffffd400000 - 0x00007ffffd54c000 	C:\WINDOWS\System32\ucrtbase.dll
0x00007ffff6ca0000 - 0x00007ffff6cb8000 	c:\Users\palak\.vscode\extensions\redhat.java-1.41.0-win32-x64\jre\21.0.6-win32-x86_64\bin\jli.dll
0x00007ffffed20000 - 0x00007ffffeeea000 	C:\WINDOWS\System32\USER32.dll
0x00007ffff1940000 - 0x00007ffff195e000 	c:\Users\palak\.vscode\extensions\redhat.java-1.41.0-win32-x64\jre\21.0.6-win32-x86_64\bin\VCRUNTIME140.dll
0x00007ffffd250000 - 0x00007ffffd277000 	C:\WINDOWS\System32\win32u.dll
0x00007ffffe570000 - 0x00007ffffe59a000 	C:\WINDOWS\System32\GDI32.dll
0x00007ffffd110000 - 0x00007ffffd241000 	C:\WINDOWS\System32\gdi32full.dll
0x00007ffffdbc0000 - 0x00007ffffdc63000 	C:\WINDOWS\System32\msvcp_win.dll
0x00007fffebac0000 - 0x00007fffebd50000 	C:\WINDOWS\WinSxS\amd64_microsoft.windows.common-controls_6595b64144ccf1df_6.0.26100.3323_none_3e088096e3344490\COMCTL32.dll
0x00007fffffbf0000 - 0x00007fffffc99000 	C:\WINDOWS\System32\msvcrt.dll
0x00007fffff060000 - 0x00007fffff08f000 	C:\WINDOWS\System32\IMM32.DLL
0x00007ffff8070000 - 0x00007ffff807c000 	c:\Users\palak\.vscode\extensions\redhat.java-1.41.0-win32-x64\jre\21.0.6-win32-x86_64\bin\vcruntime140_1.dll
0x00007fffc0c70000 - 0x00007fffc0cfd000 	c:\Users\palak\.vscode\extensions\redhat.java-1.41.0-win32-x64\jre\21.0.6-win32-x86_64\bin\msvcp140.dll
0x00007fff71510000 - 0x00007fff722a0000 	c:\Users\palak\.vscode\extensions\redhat.java-1.41.0-win32-x64\jre\21.0.6-win32-x86_64\bin\server\jvm.dll
0x00007ff800090000 - 0x00007ff800142000 	C:\WINDOWS\System32\ADVAPI32.dll
0x00007ffffe2f0000 - 0x00007ffffe396000 	C:\WINDOWS\System32\sechost.dll
0x00007ffffe450000 - 0x00007ffffe566000 	C:\WINDOWS\System32\RPCRT4.dll
0x00007ffffe220000 - 0x00007ffffe294000 	C:\WINDOWS\System32\WS2_32.dll
0x00007ffffcfa0000 - 0x00007ffffcfee000 	C:\WINDOWS\SYSTEM32\POWRPROF.dll
0x00007ffff68e0000 - 0x00007ffff68eb000 	C:\WINDOWS\SYSTEM32\VERSION.dll
0x00007ffff68a0000 - 0x00007ffff68d6000 	C:\WINDOWS\SYSTEM32\WINMM.dll
0x00007ffffcf80000 - 0x00007ffffcf94000 	C:\WINDOWS\SYSTEM32\UMPDC.dll
0x00007ffffbf30000 - 0x00007ffffbf4a000 	C:\WINDOWS\SYSTEM32\kernel.appcore.dll
0x00007ffff6c70000 - 0x00007ffff6c7a000 	c:\Users\palak\.vscode\extensions\redhat.java-1.41.0-win32-x64\jre\21.0.6-win32-x86_64\bin\jimage.dll
0x00007fffebf70000 - 0x00007fffec1b1000 	C:\WINDOWS\SYSTEM32\DBGHELP.DLL
0x00007fffff820000 - 0x00007fffffba2000 	C:\WINDOWS\System32\combase.dll
0x00007fffffca0000 - 0x00007fffffd76000 	C:\WINDOWS\System32\OLEAUT32.dll
0x00007fffdc9b0000 - 0x00007fffdc9e9000 	C:\WINDOWS\SYSTEM32\dbgcore.DLL
0x00007ffffd5e0000 - 0x00007ffffd679000 	C:\WINDOWS\System32\bcryptPrimitives.dll
0x00007ffff0e50000 - 0x00007ffff0e5f000 	c:\Users\palak\.vscode\extensions\redhat.java-1.41.0-win32-x64\jre\21.0.6-win32-x86_64\bin\instrument.dll
0x00007fffecfd0000 - 0x00007fffecfef000 	c:\Users\palak\.vscode\extensions\redhat.java-1.41.0-win32-x64\jre\21.0.6-win32-x86_64\bin\java.dll
0x00007fffff0a0000 - 0x00007fffff7b5000 	C:\WINDOWS\System32\SHELL32.dll
0x00007ffffd680000 - 0x00007ffffd7e8000 	C:\WINDOWS\System32\wintypes.dll
0x00007ffffadf0000 - 0x00007ffffb635000 	C:\WINDOWS\SYSTEM32\windows.storage.dll
0x00007ffffeef0000 - 0x00007ffffefdb000 	C:\WINDOWS\System32\SHCORE.dll
0x00007ffffe1c0000 - 0x00007ffffe21d000 	C:\WINDOWS\System32\shlwapi.dll
0x00007ffffd020000 - 0x00007ffffd04f000 	C:\WINDOWS\SYSTEM32\profapi.dll
0x00007fffe2800000 - 0x00007fffe2818000 	c:\Users\palak\.vscode\extensions\redhat.java-1.41.0-win32-x64\jre\21.0.6-win32-x86_64\bin\zip.dll
0x00007fffee910000 - 0x00007fffee920000 	C:\Users\palak\.vscode\extensions\redhat.java-1.41.0-win32-x64\jre\21.0.6-win32-x86_64\bin\net.dll
0x00007ffff2da0000 - 0x00007ffff2ebe000 	C:\WINDOWS\SYSTEM32\WINHTTP.dll
0x00007ffffc450000 - 0x00007ffffc4ba000 	C:\WINDOWS\system32\mswsock.dll
0x00007fffde1f0000 - 0x00007fffde206000 	C:\Users\palak\.vscode\extensions\redhat.java-1.41.0-win32-x64\jre\21.0.6-win32-x86_64\bin\nio.dll
0x00007fffde1e0000 - 0x00007fffde1f0000 	c:\Users\palak\.vscode\extensions\redhat.java-1.41.0-win32-x64\jre\21.0.6-win32-x86_64\bin\verify.dll
0x00007fffc8280000 - 0x00007fffc82c5000 	C:\Users\palak\AppData\Roaming\Code\User\globalStorage\redhat.java\1.41.0\config_ss_win\org.eclipse.equinox.launcher\org.eclipse.equinox.launcher.win32.win32.x86_64_1.2.1300.v20250325-0811\eclipse_11911.dll
0x00007ffffe900000 - 0x00007ffffea95000 	C:\WINDOWS\System32\ole32.dll
0x00007ffffc6f0000 - 0x00007ffffc70c000 	C:\WINDOWS\SYSTEM32\CRYPTSP.dll
0x00007ffffbe90000 - 0x00007ffffbeca000 	C:\WINDOWS\system32\rsaenh.dll
0x00007ffffc4f0000 - 0x00007ffffc51b000 	C:\WINDOWS\SYSTEM32\USERENV.dll
0x00007ffffc930000 - 0x00007ffffc956000 	C:\WINDOWS\SYSTEM32\bcrypt.dll
0x00007ffffc710000 - 0x00007ffffc71c000 	C:\WINDOWS\SYSTEM32\CRYPTBASE.dll
0x00007ffffb930000 - 0x00007ffffb963000 	C:\WINDOWS\SYSTEM32\IPHLPAPI.DLL
0x00007ffffe3b0000 - 0x00007ffffe3ba000 	C:\WINDOWS\System32\NSI.dll
0x00007fffc7b10000 - 0x00007fffc7b59000 	C:\Users\palak\AppData\Local\Temp\jna-106430981\jna10885883771777925.dll
0x00007ffffe3a0000 - 0x00007ffffe3a8000 	C:\WINDOWS\System32\PSAPI.DLL
0x00007ffff2d30000 - 0x00007ffff2d4f000 	C:\WINDOWS\SYSTEM32\dhcpcsvc6.DLL
0x00007ffff2d00000 - 0x00007ffff2d25000 	C:\WINDOWS\SYSTEM32\dhcpcsvc.DLL

dbghelp: loaded successfully - version: 4.0.5 - missing functions: none
symbol engine: initialized successfully - sym options: 0x614 - pdb path: .;c:\Users\palak\.vscode\extensions\redhat.java-1.41.0-win32-x64\jre\21.0.6-win32-x86_64\bin;C:\WINDOWS\SYSTEM32;C:\WINDOWS\WinSxS\amd64_microsoft.windows.common-controls_6595b64144ccf1df_6.0.26100.3323_none_3e088096e3344490;c:\Users\palak\.vscode\extensions\redhat.java-1.41.0-win32-x64\jre\21.0.6-win32-x86_64\bin\server;C:\Users\palak\AppData\Roaming\Code\User\globalStorage\redhat.java\1.41.0\config_ss_win\org.eclipse.equinox.launcher\org.eclipse.equinox.launcher.win32.win32.x86_64_1.2.1300.v20250325-0811;C:\Users\palak\AppData\Local\Temp\jna-106430981

VM Arguments:
jvm_args: --add-modules=ALL-SYSTEM --add-opens=java.base/java.util=ALL-UNNAMED --add-opens=java.base/java.lang=ALL-UNNAMED --add-opens=java.base/sun.nio.fs=ALL-UNNAMED -Declipse.application=org.eclipse.jdt.ls.core.id1 -Dosgi.bundles.defaultStartLevel=4 -Declipse.product=org.eclipse.jdt.ls.core.product -Djava.import.generatesMetadataFilesAtProjectRoot=false -DDetectVMInstallationsJob.disabled=true -Dfile.encoding=utf8 -XX:+UseParallelGC -XX:GCTimeRatio=4 -XX:AdaptiveSizePolicyWeight=90 -Dsun.zip.disableMemoryMapping=true -Xmx1G -Xms100m -Xlog:disable -javaagent:c:\Users\palak\.vscode\extensions\redhat.java-1.41.0-win32-x64\lombok\lombok-1.18.36.jar 
java_command: c:\Users\palak\.vscode\extensions\redhat.java-1.41.0-win32-x64\server\plugins\org.eclipse.equinox.launcher_1.6.1100.v20250306-0509.jar -configuration c:\Users\palak\AppData\Roaming\Code\User\globalStorage\redhat.java\1.41.0\config_ss_win -data c:\Users\palak\AppData\Roaming\Code\User\workspaceStorage\632f04cdbe9e26a6a5769c745b0508de\redhat.java\ss_ws --pipe=\\.\pipe\lsp-45227f8b9f663a2e4745ec6c2e3b2b33-sock
java_class_path (initial): c:\Users\palak\.vscode\extensions\redhat.java-1.41.0-win32-x64\server\plugins\org.eclipse.equinox.launcher_1.6.1100.v20250306-0509.jar
Launcher Type: SUN_STANDARD

[Global flags]
    uintx AdaptiveSizePolicyWeight                 = 90                                        {product} {command line}
     intx CICompilerCount                          = 3                                         {product} {ergonomic}
    uintx GCTimeRatio                              = 4                                         {product} {command line}
   size_t InitialHeapSize                          = 104857600                                 {product} {command line}
   size_t MaxHeapSize                              = 1073741824                                {product} {command line}
   size_t MaxNewSize                               = 357564416                                 {product} {ergonomic}
   size_t MinHeapDeltaBytes                        = 524288                                    {product} {ergonomic}
   size_t MinHeapSize                              = 104857600                                 {product} {command line}
   size_t NewSize                                  = 34603008                                  {product} {ergonomic}
    uintx NonNMethodCodeHeapSize                   = 5832780                                {pd product} {ergonomic}
    uintx NonProfiledCodeHeapSize                  = 122912730                              {pd product} {ergonomic}
   size_t OldSize                                  = 70254592                                  {product} {ergonomic}
    uintx ProfiledCodeHeapSize                     = 122912730                              {pd product} {ergonomic}
    uintx ReservedCodeCacheSize                    = 251658240                              {pd product} {ergonomic}
     bool SegmentedCodeCache                       = true                                      {product} {ergonomic}
   size_t SoftMaxHeapSize                          = 1073741824                             {manageable} {ergonomic}
     bool UseCompressedOops                        = true                           {product lp64_product} {ergonomic}
     bool UseLargePagesIndividualAllocation        = false                                  {pd product} {ergonomic}
     bool UseParallelGC                            = true                                      {product} {command line}

Logging:
Log output configuration:
 #0: stdout all=off uptime,level,tags foldmultilines=false
 #1: stderr all=off uptime,level,tags foldmultilines=false

Environment Variables:
JAVA_HOME=C:\Users\palak\Downloads\java-21-openjdk-21.0.1.0.12-3.win.jdk.x86_64\java-21-openjdk-21.0.1.0.12-3.win.jdk.x86_64
PATH=C:\Program Files (x86)\Common Files\Oracle\Java\java8path;C:\Program Files (x86)\Common Files\Oracle\Java\javapath;C:\WINDOWS\system32;C:\WINDOWS;C:\WINDOWS\System32\Wbem;C:\WINDOWS\System32\WindowsPowerShell\v1.0\;C:\WINDOWS\System32\OpenSSH\;C:\Users\palak\Downloads\java-21-openjdk-21.0.1.0.12-3.win.jdk.x86_64\java-21-openjdk-21.0.1.0.12-3.win.jdk.x86_64\bin;C:\Users\palak\Downloads\apache-maven-3.9.8-bin\bin;c:\users\palak\appdata\local\packages\pythonsoftwarefoundation.python.3.11_qbz5n2kfra8p0\localcache\local-packages\python311\site-packages;C:\ProgramData\chocolatey\bin;C:\Program Files\nodejs\;C:\Users\palak\AppData\Local\Programs\Python\Python312\Scripts;C:\Program Files\Git\cmd;C:\Users\palak\Downloads\flutter_windows_3.27.3-stable\flutter\bin;C:\Users\palak\AppData\Local\Android\Sdk\cmdline-tools\latest\bin;C:\Users\palak\AppData\Local\Android\Sdk\platform-tools;C:\ffmpeg;C:\Program Files\MongoDB\Server\8.0\bin;C:\Users\palak\AppData\Local\Programs\Python\Python313\Scripts\;C:\Users\palak\AppData\Local\Programs\Python\Python313\;C:\Users\palak\AppData\Local\Programs\Python\Python312\Scripts\;C:\Users\palak\AppData\Local\Programs\Python\Python312\;C:\Users\palak\AppData\Local\Programs\Python\Launcher\;C:\Program Files\MySQL\MySQL Shell 8.0\bin\;C:\Users\palak\AppData\Local\Microsoft\WindowsApps;C:\Users\palak\AppData\Local\Programs\Microsoft VS Code\bin;C:\Program Files\JetBrains\IntelliJ IDEA Community Edition 2023.3.3\bin;C:\Users\palak\AppData\Local\JetBrains\CLion 2023.3.4\bin;C:\Program Files\JetBrains\PyCharm 2024.1.2\bin;C:\Program Files\JetBrains\PyCharm Community Edition 2024.1.4\bin;C:\Users\palak\AppData\Local\JetBrains\Toolbox\scripts;C:\Users\palak\AppData\Roaming\npm;C:\Users\palak\AppData\Local\GitHubDesktop\bin;C:\Users\palak\AppData\Local\Microsoft\WindowsApps;
USERNAME=palak
OS=Windows_NT
PROCESSOR_IDENTIFIER=AMD64 Family 23 Model 24 Stepping 1, AuthenticAMD
TMP=C:\Users\palak\AppData\Local\Temp
TEMP=C:\Users\palak\AppData\Local\Temp




Periodic native trim disabled

---------------  S Y S T E M  ---------------

OS:
 Windows 11 , 64 bit Build 26100 (10.0.26100.3323)
OS uptime: 0 days 1:34 hours

CPU: total 4 (initial active 4) (4 cores per cpu, 2 threads per core) family 23 model 24 stepping 1 microcode 0x8108109, cx8, cmov, fxsr, ht, mmx, 3dnowpref, sse, sse2, sse3, ssse3, sse4a, sse4.1, sse4.2, popcnt, lzcnt, tsc, tscinvbit, avx, avx2, aes, clmul, bmi1, bmi2, adx, sha, fma, vzeroupper, clflush, clflushopt, rdtscp, f16c
Processor Information for the first 4 processors :
  Max Mhz: 2600, Current Mhz: 2600, Mhz Limit: 2600

Memory: 4k page, system-wide physical 6086M (497M free)
TotalPageFile size 14278M (AvailPageFile size 22M)
current process WorkingSet (physical memory assigned to process): 186M, peak: 261M
current process commit charge ("private bytes"): 284M, peak: 319M

vm_info: OpenJDK 64-Bit Server VM (21.0.6+7-LTS) for windows-amd64 JRE (21.0.6+7-LTS), built on 2025-01-21T00:00:00Z by "admin" with MS VC++ 17.7 (VS2022)

END.
