#
# There is insufficient memory for the Java Runtime Environment to continue.
# Native memory allocation (malloc) failed to allocate 1553920 bytes for Chunk::new
# Possible reasons:
#   The system is out of physical RAM or swap space
#   The process is running with CompressedOops enabled, and the Java Heap may be blocking the growth of the native heap
# Possible solutions:
#   Reduce memory load on the system
#   Increase physical memory or swap space
#   Check if swap backing store is full
#   Decrease Java heap size (-Xmx/-Xms)
#   Decrease number of Java threads
#   Decrease Java thread stack sizes (-Xss)
#   Set larger code cache with -XX:ReservedCodeCacheSize=
#   JVM is running with Unscaled Compressed Oops mode in which the Java heap is
#     placed in the first 4GB address space. The Java Heap base address is the
#     maximum limit for the native heap growth. Please use -XX:HeapBaseMinAddress
#     to set the Java Heap base and to place the Java Heap above 4GB virtual address.
# This output file may be truncated or incomplete.
#
#  Out of Memory Error (arena.cpp:168), pid=20708, tid=11644
#
# JRE version: OpenJDK Runtime Environment (Red_Hat-21.0.1.0+12-3) (21.0.1+12) (build 21.0.1+12-LTS)
# Java VM: OpenJDK 64-Bit Server VM (Red_Hat-21.0.1.0+12-3) (21.0.1+12-LTS, mixed mode, sharing, tiered, compressed oops, compressed class ptrs, g1 gc, windows-amd64)
# No core dump will be written. Minidumps are not enabled by default on client versions of Windows
#

---------------  S U M M A R Y ------------

Command Line: -Dclassworlds.conf=C:\Users\palak\Downloads\apache-maven-3.9.8-bin\bin\m2.conf -Dmaven.home=C:\Users\palak\Downloads\apache-maven-3.9.8-bin -Dlibrary.jansi.path=C:\Users\palak\Downloads\apache-maven-3.9.8-bin\lib\jansi-native -Dmaven.multiModuleProjectDirectory=C:\Users\palak\Downloads\demo org.codehaus.plexus.classworlds.launcher.Launcher clean install

Host: AMD Ryzen 3 3250U with Radeon Graphics         , 4 cores, 5G,  Windows 11 , 64 bit Build 26100 (10.0.26100.3323)
Time: Wed Apr  2 06:56:25 2025 India Standard Time elapsed time: 9.779999 seconds (0d 0h 0m 9s)

---------------  T H R E A D  ---------------

Current thread (0x0000021d6d182110):  JavaThread "C2 CompilerThread1" daemon [_thread_in_native, id=11644, stack(0x0000005ee7a00000,0x0000005ee7b00000) (1024K)]


Current CompileTask:
C2:   9780 3835   !   4       org.codehaus.plexus.interpolation.StringSearchInterpolator::interpolate (668 bytes)

Stack: [0x0000005ee7a00000,0x0000005ee7b00000]
Native frames: (J=compiled Java code, j=interpreted, Vv=VM code, C=native code)
V  [jvm.dll+0x6c7789]
V  [jvm.dll+0x8a2011]
V  [jvm.dll+0x8a44ae]
V  [jvm.dll+0x8a4b83]
V  [jvm.dll+0x27f936]
V  [jvm.dll+0xc498d]
V  [jvm.dll+0xc4ea3]
V  [jvm.dll+0x3b375c]
V  [jvm.dll+0x1e0e29]
V  [jvm.dll+0x248042]
V  [jvm.dll+0x2474cf]
V  [jvm.dll+0x1c8ae1]
V  [jvm.dll+0x256c69]
V  [jvm.dll+0x25523a]
V  [jvm.dll+0x3ecc86]
V  [jvm.dll+0x84af3b]
V  [jvm.dll+0x6c5ebd]
C  [ucrtbase.dll+0x37b0]
C  [KERNEL32.DLL+0x2e8d7]
C  [ntdll.dll+0xbbf6c]


---------------  P R O C E S S  ---------------

Threads class SMR info:
_java_thread_list=0x0000021d684c8dc0, length=13, elements={
0x0000021d4a7b3b20, 0x0000021d682c7c90, 0x0000021d682c9870, 0x0000021d682cea90,
0x0000021d682d1390, 0x0000021d682d2960, 0x0000021d682d4800, 0x0000021d682dd610,
0x0000021d682e26e0, 0x0000021d68531ee0, 0x0000021d6853c730, 0x0000021d6dbe1020,
0x0000021d6d182110
}

Java Threads: ( => current thread )
  0x0000021d4a7b3b20 JavaThread "main"                              [_thread_in_vm, id=3500, stack(0x0000005ee6400000,0x0000005ee6500000) (1024K)]
  0x0000021d682c7c90 JavaThread "Reference Handler"          daemon [_thread_blocked, id=3668, stack(0x0000005ee6c00000,0x0000005ee6d00000) (1024K)]
  0x0000021d682c9870 JavaThread "Finalizer"                  daemon [_thread_blocked, id=21004, stack(0x0000005ee6d00000,0x0000005ee6e00000) (1024K)]
  0x0000021d682cea90 JavaThread "Signal Dispatcher"          daemon [_thread_blocked, id=9144, stack(0x0000005ee6e00000,0x0000005ee6f00000) (1024K)]
  0x0000021d682d1390 JavaThread "Attach Listener"            daemon [_thread_blocked, id=20732, stack(0x0000005ee6f00000,0x0000005ee7000000) (1024K)]
  0x0000021d682d2960 JavaThread "Service Thread"             daemon [_thread_blocked, id=18096, stack(0x0000005ee7000000,0x0000005ee7100000) (1024K)]
  0x0000021d682d4800 JavaThread "Monitor Deflation Thread"   daemon [_thread_blocked, id=9336, stack(0x0000005ee7100000,0x0000005ee7200000) (1024K)]
  0x0000021d682dd610 JavaThread "C2 CompilerThread0"         daemon [_thread_in_native, id=19628, stack(0x0000005ee7200000,0x0000005ee7300000) (1024K)]
  0x0000021d682e26e0 JavaThread "C1 CompilerThread0"         daemon [_thread_blocked, id=2536, stack(0x0000005ee7300000,0x0000005ee7400000) (1024K)]
  0x0000021d68531ee0 JavaThread "Notification Thread"        daemon [_thread_blocked, id=20984, stack(0x0000005ee7400000,0x0000005ee7500000) (1024K)]
  0x0000021d6853c730 JavaThread "Common-Cleaner"             daemon [_thread_blocked, id=14940, stack(0x0000005ee7500000,0x0000005ee7600000) (1024K)]
  0x0000021d6dbe1020 JavaThread "Thread-1"                   daemon [_thread_blocked, id=20872, stack(0x0000005ee7600000,0x0000005ee7700000) (1024K)]
=>0x0000021d6d182110 JavaThread "C2 CompilerThread1"         daemon [_thread_in_native, id=11644, stack(0x0000005ee7a00000,0x0000005ee7b00000) (1024K)]
Total: 13

Other Threads:
  0x0000021d682a7110 VMThread "VM Thread"                           [id=14464, stack(0x0000005ee6b00000,0x0000005ee6c00000) (1024K)]
  0x0000021d6828f300 WatcherThread "VM Periodic Task Thread"        [id=11324, stack(0x0000005ee6a00000,0x0000005ee6b00000) (1024K)]
  0x0000021d4c9f0cc0 WorkerThread "GC Thread#0"                     [id=21000, stack(0x0000005ee6500000,0x0000005ee6600000) (1024K)]
  0x0000021d6d2e2d10 WorkerThread "GC Thread#1"                     [id=1944, stack(0x0000005ee7700000,0x0000005ee7800000) (1024K)]
  0x0000021d6d3ba690 WorkerThread "GC Thread#2"                     [id=7884, stack(0x0000005ee7800000,0x0000005ee7900000) (1024K)]
  0x0000021d6d6e63d0 WorkerThread "GC Thread#3"                     [id=2200, stack(0x0000005ee7900000,0x0000005ee7a00000) (1024K)]
  0x0000021d4c9ff100 ConcurrentGCThread "G1 Main Marker"            [id=17360, stack(0x0000005ee6600000,0x0000005ee6700000) (1024K)]
  0x0000021d4c9ffc00 WorkerThread "G1 Conc#0"                       [id=21036, stack(0x0000005ee6700000,0x0000005ee6800000) (1024K)]
  0x0000021d4ca6dcd0 ConcurrentGCThread "G1 Refine#0"               [id=21220, stack(0x0000005ee6800000,0x0000005ee6900000) (1024K)]
  0x0000021d4ca6e840 ConcurrentGCThread "G1 Service"                [id=9312, stack(0x0000005ee6900000,0x0000005ee6a00000) (1024K)]
Total: 10

Threads with active compile tasks:
C2 CompilerThread0     9832 4022       4       java.util.concurrent.ConcurrentHashMap::putAll (63 bytes)
C2 CompilerThread1     9832 3835   !   4       org.codehaus.plexus.interpolation.StringSearchInterpolator::interpolate (668 bytes)
Total: 2

VM state: not at safepoint (normal execution)

VM Mutex/Monitor currently owned by a thread: None

Heap address: 0x00000000a0e00000, size: 1522 MB, Compressed Oops mode: 32-bit

CDS archive(s) mapped at: [0x0000021d00000000-0x0000021d00c90000-0x0000021d00c90000), size 13172736, SharedBaseAddress: 0x0000021d00000000, ArchiveRelocationMode: 1.
Compressed class space mapped at: 0x0000021d01000000-0x0000021d41000000, reserved size: 1073741824
Narrow klass base: 0x0000021d00000000, Narrow klass shift: 0, Narrow klass range: 0x100000000

GC Precious Log:
 CardTable entry size: 512
 Card Set container configuration: InlinePtr #cards 5 size 8 Array Of Cards #cards 12 size 40 Howl #buckets 4 coarsen threshold 1843 Howl Bitmap #cards 512 size 80 coarsen threshold 460 Card regions per heap region 1 cards per card region 2048
 CPUs: 4 total, 4 available
 Memory: 6086M
 Large Page Support: Disabled
 NUMA Support: Disabled
 Compressed Oops: Enabled (32-bit)
 Heap Region Size: 1M
 Heap Min Capacity: 8M
 Heap Initial Capacity: 96M
 Heap Max Capacity: 1522M
 Pre-touch: Disabled
 Parallel Workers: 4
 Concurrent Workers: 1
 Concurrent Refinement Workers: 4
 Periodic GC: Disabled

Heap:
 garbage-first heap   total 98304K, used 53584K [0x00000000a0e00000, 0x0000000100000000)
  region size 1024K, 50 young (51200K), 6 survivors (6144K)
 Metaspace       used 16193K, committed 16448K, reserved 1114112K
  class space    used 1875K, committed 1984K, reserved 1048576K

Heap Regions: E=young(eden), S=young(survivor), O=old, HS=humongous(starts), HC=humongous(continues), CS=collection set, F=free, TAMS=top-at-mark-start, PB=parsable bottom
|   0|0x00000000a0e00000, 0x00000000a0f00000, 0x00000000a0f00000|100%| O|  |TAMS 0x00000000a0e00000| PB 0x00000000a0e00000| Untracked 
|   1|0x00000000a0f00000, 0x00000000a1000000, 0x00000000a1000000|100%| O|  |TAMS 0x00000000a0f00000| PB 0x00000000a0f00000| Untracked 
|   2|0x00000000a1000000, 0x00000000a1100000, 0x00000000a1100000|100%| O|  |TAMS 0x00000000a1000000| PB 0x00000000a1000000| Untracked 
|   3|0x00000000a1100000, 0x00000000a1154060, 0x00000000a1200000| 32%| O|  |TAMS 0x00000000a1100000| PB 0x00000000a1100000| Untracked 
|   4|0x00000000a1200000, 0x00000000a1200000, 0x00000000a1300000|  0%| F|  |TAMS 0x00000000a1200000| PB 0x00000000a1200000| Untracked 
|   5|0x00000000a1300000, 0x00000000a1300000, 0x00000000a1400000|  0%| F|  |TAMS 0x00000000a1300000| PB 0x00000000a1300000| Untracked 
|   6|0x00000000a1400000, 0x00000000a1400000, 0x00000000a1500000|  0%| F|  |TAMS 0x00000000a1400000| PB 0x00000000a1400000| Untracked 
|   7|0x00000000a1500000, 0x00000000a1500000, 0x00000000a1600000|  0%| F|  |TAMS 0x00000000a1500000| PB 0x00000000a1500000| Untracked 
|   8|0x00000000a1600000, 0x00000000a1600000, 0x00000000a1700000|  0%| F|  |TAMS 0x00000000a1600000| PB 0x00000000a1600000| Untracked 
|   9|0x00000000a1700000, 0x00000000a1700000, 0x00000000a1800000|  0%| F|  |TAMS 0x00000000a1700000| PB 0x00000000a1700000| Untracked 
|  10|0x00000000a1800000, 0x00000000a1800000, 0x00000000a1900000|  0%| F|  |TAMS 0x00000000a1800000| PB 0x00000000a1800000| Untracked 
|  11|0x00000000a1900000, 0x00000000a1900000, 0x00000000a1a00000|  0%| F|  |TAMS 0x00000000a1900000| PB 0x00000000a1900000| Untracked 
|  12|0x00000000a1a00000, 0x00000000a1a00000, 0x00000000a1b00000|  0%| F|  |TAMS 0x00000000a1a00000| PB 0x00000000a1a00000| Untracked 
|  13|0x00000000a1b00000, 0x00000000a1b00000, 0x00000000a1c00000|  0%| F|  |TAMS 0x00000000a1b00000| PB 0x00000000a1b00000| Untracked 
|  14|0x00000000a1c00000, 0x00000000a1c00000, 0x00000000a1d00000|  0%| F|  |TAMS 0x00000000a1c00000| PB 0x00000000a1c00000| Untracked 
|  15|0x00000000a1d00000, 0x00000000a1d00000, 0x00000000a1e00000|  0%| F|  |TAMS 0x00000000a1d00000| PB 0x00000000a1d00000| Untracked 
|  16|0x00000000a1e00000, 0x00000000a1e00000, 0x00000000a1f00000|  0%| F|  |TAMS 0x00000000a1e00000| PB 0x00000000a1e00000| Untracked 
|  17|0x00000000a1f00000, 0x00000000a1f00000, 0x00000000a2000000|  0%| F|  |TAMS 0x00000000a1f00000| PB 0x00000000a1f00000| Untracked 
|  18|0x00000000a2000000, 0x00000000a2000000, 0x00000000a2100000|  0%| F|  |TAMS 0x00000000a2000000| PB 0x00000000a2000000| Untracked 
|  19|0x00000000a2100000, 0x00000000a2100000, 0x00000000a2200000|  0%| F|  |TAMS 0x00000000a2100000| PB 0x00000000a2100000| Untracked 
|  20|0x00000000a2200000, 0x00000000a2200000, 0x00000000a2300000|  0%| F|  |TAMS 0x00000000a2200000| PB 0x00000000a2200000| Untracked 
|  21|0x00000000a2300000, 0x00000000a2300000, 0x00000000a2400000|  0%| F|  |TAMS 0x00000000a2300000| PB 0x00000000a2300000| Untracked 
|  22|0x00000000a2400000, 0x00000000a2400000, 0x00000000a2500000|  0%| F|  |TAMS 0x00000000a2400000| PB 0x00000000a2400000| Untracked 
|  23|0x00000000a2500000, 0x00000000a2500000, 0x00000000a2600000|  0%| F|  |TAMS 0x00000000a2500000| PB 0x00000000a2500000| Untracked 
|  24|0x00000000a2600000, 0x00000000a2600000, 0x00000000a2700000|  0%| F|  |TAMS 0x00000000a2600000| PB 0x00000000a2600000| Untracked 
|  25|0x00000000a2700000, 0x00000000a2700000, 0x00000000a2800000|  0%| F|  |TAMS 0x00000000a2700000| PB 0x00000000a2700000| Untracked 
|  26|0x00000000a2800000, 0x00000000a2800000, 0x00000000a2900000|  0%| F|  |TAMS 0x00000000a2800000| PB 0x00000000a2800000| Untracked 
|  27|0x00000000a2900000, 0x00000000a2900000, 0x00000000a2a00000|  0%| F|  |TAMS 0x00000000a2900000| PB 0x00000000a2900000| Untracked 
|  28|0x00000000a2a00000, 0x00000000a2a00000, 0x00000000a2b00000|  0%| F|  |TAMS 0x00000000a2a00000| PB 0x00000000a2a00000| Untracked 
|  29|0x00000000a2b00000, 0x00000000a2b00000, 0x00000000a2c00000|  0%| F|  |TAMS 0x00000000a2b00000| PB 0x00000000a2b00000| Untracked 
|  30|0x00000000a2c00000, 0x00000000a2c00000, 0x00000000a2d00000|  0%| F|  |TAMS 0x00000000a2c00000| PB 0x00000000a2c00000| Untracked 
|  31|0x00000000a2d00000, 0x00000000a2d00000, 0x00000000a2e00000|  0%| F|  |TAMS 0x00000000a2d00000| PB 0x00000000a2d00000| Untracked 
|  32|0x00000000a2e00000, 0x00000000a2e00000, 0x00000000a2f00000|  0%| F|  |TAMS 0x00000000a2e00000| PB 0x00000000a2e00000| Untracked 
|  33|0x00000000a2f00000, 0x00000000a3000000, 0x00000000a3000000|100%| S|CS|TAMS 0x00000000a2f00000| PB 0x00000000a2f00000| Complete 
|  34|0x00000000a3000000, 0x00000000a3100000, 0x00000000a3100000|100%| S|CS|TAMS 0x00000000a3000000| PB 0x00000000a3000000| Complete 
|  35|0x00000000a3100000, 0x00000000a3200000, 0x00000000a3200000|100%| S|CS|TAMS 0x00000000a3100000| PB 0x00000000a3100000| Complete 
|  36|0x00000000a3200000, 0x00000000a3300000, 0x00000000a3300000|100%| S|CS|TAMS 0x00000000a3200000| PB 0x00000000a3200000| Complete 
|  37|0x00000000a3300000, 0x00000000a3400000, 0x00000000a3400000|100%| S|CS|TAMS 0x00000000a3300000| PB 0x00000000a3300000| Complete 
|  38|0x00000000a3400000, 0x00000000a3500000, 0x00000000a3500000|100%| S|CS|TAMS 0x00000000a3400000| PB 0x00000000a3400000| Complete 
|  39|0x00000000a3500000, 0x00000000a3500000, 0x00000000a3600000|  0%| F|  |TAMS 0x00000000a3500000| PB 0x00000000a3500000| Untracked 
|  40|0x00000000a3600000, 0x00000000a3600000, 0x00000000a3700000|  0%| F|  |TAMS 0x00000000a3600000| PB 0x00000000a3600000| Untracked 
|  41|0x00000000a3700000, 0x00000000a3700000, 0x00000000a3800000|  0%| F|  |TAMS 0x00000000a3700000| PB 0x00000000a3700000| Untracked 
|  42|0x00000000a3800000, 0x00000000a3800000, 0x00000000a3900000|  0%| F|  |TAMS 0x00000000a3800000| PB 0x00000000a3800000| Untracked 
|  43|0x00000000a3900000, 0x00000000a3900000, 0x00000000a3a00000|  0%| F|  |TAMS 0x00000000a3900000| PB 0x00000000a3900000| Untracked 
|  44|0x00000000a3a00000, 0x00000000a3a00000, 0x00000000a3b00000|  0%| F|  |TAMS 0x00000000a3a00000| PB 0x00000000a3a00000| Untracked 
|  45|0x00000000a3b00000, 0x00000000a3b00000, 0x00000000a3c00000|  0%| F|  |TAMS 0x00000000a3b00000| PB 0x00000000a3b00000| Untracked 
|  46|0x00000000a3c00000, 0x00000000a3c00000, 0x00000000a3d00000|  0%| F|  |TAMS 0x00000000a3c00000| PB 0x00000000a3c00000| Untracked 
|  47|0x00000000a3d00000, 0x00000000a3d00000, 0x00000000a3e00000|  0%| F|  |TAMS 0x00000000a3d00000| PB 0x00000000a3d00000| Untracked 
|  48|0x00000000a3e00000, 0x00000000a3e00000, 0x00000000a3f00000|  0%| F|  |TAMS 0x00000000a3e00000| PB 0x00000000a3e00000| Untracked 
|  49|0x00000000a3f00000, 0x00000000a3f00000, 0x00000000a4000000|  0%| F|  |TAMS 0x00000000a3f00000| PB 0x00000000a3f00000| Untracked 
|  50|0x00000000a4000000, 0x00000000a4000000, 0x00000000a4100000|  0%| F|  |TAMS 0x00000000a4000000| PB 0x00000000a4000000| Untracked 
|  51|0x00000000a4100000, 0x00000000a4100000, 0x00000000a4200000|  0%| F|  |TAMS 0x00000000a4100000| PB 0x00000000a4100000| Untracked 
|  52|0x00000000a4200000, 0x00000000a4300000, 0x00000000a4300000|100%| E|  |TAMS 0x00000000a4200000| PB 0x00000000a4200000| Complete 
|  53|0x00000000a4300000, 0x00000000a4400000, 0x00000000a4400000|100%| E|CS|TAMS 0x00000000a4300000| PB 0x00000000a4300000| Complete 
|  54|0x00000000a4400000, 0x00000000a4500000, 0x00000000a4500000|100%| E|CS|TAMS 0x00000000a4400000| PB 0x00000000a4400000| Complete 
|  55|0x00000000a4500000, 0x00000000a4600000, 0x00000000a4600000|100%| E|CS|TAMS 0x00000000a4500000| PB 0x00000000a4500000| Complete 
|  56|0x00000000a4600000, 0x00000000a4700000, 0x00000000a4700000|100%| E|CS|TAMS 0x00000000a4600000| PB 0x00000000a4600000| Complete 
|  57|0x00000000a4700000, 0x00000000a4800000, 0x00000000a4800000|100%| E|CS|TAMS 0x00000000a4700000| PB 0x00000000a4700000| Complete 
|  58|0x00000000a4800000, 0x00000000a4900000, 0x00000000a4900000|100%| E|CS|TAMS 0x00000000a4800000| PB 0x00000000a4800000| Complete 
|  59|0x00000000a4900000, 0x00000000a4a00000, 0x00000000a4a00000|100%| E|CS|TAMS 0x00000000a4900000| PB 0x00000000a4900000| Complete 
|  60|0x00000000a4a00000, 0x00000000a4b00000, 0x00000000a4b00000|100%| E|CS|TAMS 0x00000000a4a00000| PB 0x00000000a4a00000| Complete 
|  61|0x00000000a4b00000, 0x00000000a4c00000, 0x00000000a4c00000|100%| E|CS|TAMS 0x00000000a4b00000| PB 0x00000000a4b00000| Complete 
|  62|0x00000000a4c00000, 0x00000000a4d00000, 0x00000000a4d00000|100%| E|CS|TAMS 0x00000000a4c00000| PB 0x00000000a4c00000| Complete 
|  63|0x00000000a4d00000, 0x00000000a4e00000, 0x00000000a4e00000|100%| E|CS|TAMS 0x00000000a4d00000| PB 0x00000000a4d00000| Complete 
|  64|0x00000000a4e00000, 0x00000000a4f00000, 0x00000000a4f00000|100%| E|CS|TAMS 0x00000000a4e00000| PB 0x00000000a4e00000| Complete 
|  65|0x00000000a4f00000, 0x00000000a5000000, 0x00000000a5000000|100%| E|CS|TAMS 0x00000000a4f00000| PB 0x00000000a4f00000| Complete 
|  66|0x00000000a5000000, 0x00000000a5100000, 0x00000000a5100000|100%| E|CS|TAMS 0x00000000a5000000| PB 0x00000000a5000000| Complete 
|  67|0x00000000a5100000, 0x00000000a5200000, 0x00000000a5200000|100%| E|CS|TAMS 0x00000000a5100000| PB 0x00000000a5100000| Complete 
|  68|0x00000000a5200000, 0x00000000a5300000, 0x00000000a5300000|100%| E|CS|TAMS 0x00000000a5200000| PB 0x00000000a5200000| Complete 
|  69|0x00000000a5300000, 0x00000000a5400000, 0x00000000a5400000|100%| E|CS|TAMS 0x00000000a5300000| PB 0x00000000a5300000| Complete 
|  70|0x00000000a5400000, 0x00000000a5500000, 0x00000000a5500000|100%| E|CS|TAMS 0x00000000a5400000| PB 0x00000000a5400000| Complete 
|  71|0x00000000a5500000, 0x00000000a5600000, 0x00000000a5600000|100%| E|CS|TAMS 0x00000000a5500000| PB 0x00000000a5500000| Complete 
|  72|0x00000000a5600000, 0x00000000a5700000, 0x00000000a5700000|100%| E|CS|TAMS 0x00000000a5600000| PB 0x00000000a5600000| Complete 
|  73|0x00000000a5700000, 0x00000000a5800000, 0x00000000a5800000|100%| E|CS|TAMS 0x00000000a5700000| PB 0x00000000a5700000| Complete 
|  74|0x00000000a5800000, 0x00000000a5900000, 0x00000000a5900000|100%| E|CS|TAMS 0x00000000a5800000| PB 0x00000000a5800000| Complete 
|  75|0x00000000a5900000, 0x00000000a5a00000, 0x00000000a5a00000|100%| E|CS|TAMS 0x00000000a5900000| PB 0x00000000a5900000| Complete 
|  76|0x00000000a5a00000, 0x00000000a5b00000, 0x00000000a5b00000|100%| E|CS|TAMS 0x00000000a5a00000| PB 0x00000000a5a00000| Complete 
|  77|0x00000000a5b00000, 0x00000000a5c00000, 0x00000000a5c00000|100%| E|CS|TAMS 0x00000000a5b00000| PB 0x00000000a5b00000| Complete 
|  78|0x00000000a5c00000, 0x00000000a5d00000, 0x00000000a5d00000|100%| E|CS|TAMS 0x00000000a5c00000| PB 0x00000000a5c00000| Complete 
|  79|0x00000000a5d00000, 0x00000000a5e00000, 0x00000000a5e00000|100%| E|CS|TAMS 0x00000000a5d00000| PB 0x00000000a5d00000| Complete 
|  80|0x00000000a5e00000, 0x00000000a5f00000, 0x00000000a5f00000|100%| E|CS|TAMS 0x00000000a5e00000| PB 0x00000000a5e00000| Complete 
|  81|0x00000000a5f00000, 0x00000000a6000000, 0x00000000a6000000|100%| E|CS|TAMS 0x00000000a5f00000| PB 0x00000000a5f00000| Complete 
|  82|0x00000000a6000000, 0x00000000a6100000, 0x00000000a6100000|100%| E|CS|TAMS 0x00000000a6000000| PB 0x00000000a6000000| Complete 
|  83|0x00000000a6100000, 0x00000000a6200000, 0x00000000a6200000|100%| E|CS|TAMS 0x00000000a6100000| PB 0x00000000a6100000| Complete 
|  84|0x00000000a6200000, 0x00000000a6300000, 0x00000000a6300000|100%| E|CS|TAMS 0x00000000a6200000| PB 0x00000000a6200000| Complete 
|  85|0x00000000a6300000, 0x00000000a6400000, 0x00000000a6400000|100%| E|CS|TAMS 0x00000000a6300000| PB 0x00000000a6300000| Complete 
|  86|0x00000000a6400000, 0x00000000a6500000, 0x00000000a6500000|100%| E|CS|TAMS 0x00000000a6400000| PB 0x00000000a6400000| Complete 
|  87|0x00000000a6500000, 0x00000000a6600000, 0x00000000a6600000|100%| E|CS|TAMS 0x00000000a6500000| PB 0x00000000a6500000| Complete 
|  88|0x00000000a6600000, 0x00000000a6700000, 0x00000000a6700000|100%| E|CS|TAMS 0x00000000a6600000| PB 0x00000000a6600000| Complete 
|  89|0x00000000a6700000, 0x00000000a6800000, 0x00000000a6800000|100%| E|CS|TAMS 0x00000000a6700000| PB 0x00000000a6700000| Complete 
|  90|0x00000000a6800000, 0x00000000a6900000, 0x00000000a6900000|100%| E|CS|TAMS 0x00000000a6800000| PB 0x00000000a6800000| Complete 
|  91|0x00000000a6900000, 0x00000000a6a00000, 0x00000000a6a00000|100%| E|CS|TAMS 0x00000000a6900000| PB 0x00000000a6900000| Complete 
|  92|0x00000000a6a00000, 0x00000000a6b00000, 0x00000000a6b00000|100%| E|CS|TAMS 0x00000000a6a00000| PB 0x00000000a6a00000| Complete 
|  93|0x00000000a6b00000, 0x00000000a6c00000, 0x00000000a6c00000|100%| E|CS|TAMS 0x00000000a6b00000| PB 0x00000000a6b00000| Complete 
|  94|0x00000000a6c00000, 0x00000000a6d00000, 0x00000000a6d00000|100%| E|CS|TAMS 0x00000000a6c00000| PB 0x00000000a6c00000| Complete 
|  95|0x00000000a6d00000, 0x00000000a6e00000, 0x00000000a6e00000|100%| E|CS|TAMS 0x00000000a6d00000| PB 0x00000000a6d00000| Complete 

Card table byte_map: [0x0000021d64360000,0x0000021d64660000] _byte_map_base: 0x0000021d63e59000

Marking Bits: (CMBitMap*) 0x0000021d4c9f13c0
 Bits: [0x0000021d64660000, 0x0000021d65e28000)

Polling page: 0x0000021d4a750000

Metaspace:

Usage:
  Non-class:     13.98 MB used.
      Class:      1.83 MB used.
       Both:     15.81 MB used.

Virtual space:
  Non-class space:       64.00 MB reserved,      14.12 MB ( 22%) committed,  1 nodes.
      Class space:        1.00 GB reserved,       1.94 MB ( <1%) committed,  1 nodes.
             Both:        1.06 GB reserved,      16.06 MB (  1%) committed. 

Chunk freelists:
   Non-Class:  1.59 MB
       Class:  13.90 MB
        Both:  15.50 MB

MaxMetaspaceSize: unlimited
CompressedClassSpaceSize: 1.00 GB
Initial GC threshold: 21.00 MB
Current GC threshold: 21.00 MB
CDS: on
 - commit_granule_bytes: 65536.
 - commit_granule_words: 8192.
 - virtual_space_node_default_size: 8388608.
 - enlarge_chunks_in_place: 1.
 - use_allocation_guard: 0.


Internal statistics:

num_allocs_failed_limit: 0.
num_arena_births: 176.
num_arena_deaths: 0.
num_vsnodes_births: 2.
num_vsnodes_deaths: 0.
num_space_committed: 257.
num_space_uncommitted: 0.
num_chunks_returned_to_freelist: 0.
num_chunks_taken_from_freelist: 703.
num_chunk_merges: 0.
num_chunk_splits: 497.
num_chunks_enlarged: 413.
num_inconsistent_stats: 0.

CodeHeap 'non-profiled nmethods': size=120000Kb used=1781Kb max_used=1781Kb free=118218Kb
 bounds [0x0000021d5cb30000, 0x0000021d5cda0000, 0x0000021d64060000]
CodeHeap 'profiled nmethods': size=120000Kb used=8266Kb max_used=8266Kb free=111733Kb
 bounds [0x0000021d55060000, 0x0000021d55880000, 0x0000021d5c590000]
CodeHeap 'non-nmethods': size=5760Kb used=1399Kb max_used=1428Kb free=4360Kb
 bounds [0x0000021d5c590000, 0x0000021d5c800000, 0x0000021d5cb30000]
 total_blobs=4530 nmethods=4036 adapters=398
 compilation: enabled
              stopped_count=0, restarted_count=0
 full_count=0

Compilation events (20 events):
Event: 9.570 Thread 0x0000021d682e26e0 nmethod 4013 0x0000021d55856290 code [0x0000021d55856500, 0x0000021d55856f30]
Event: 9.572 Thread 0x0000021d682e26e0 4014       3       org.apache.maven.model.interpolation.StringVisitorModelInterpolator$ModelVisitor::visit (87 bytes)
Event: 9.574 Thread 0x0000021d682e26e0 nmethod 4014 0x0000021d55857210 code [0x0000021d558574a0, 0x0000021d558581c0]
Event: 9.574 Thread 0x0000021d682e26e0 4017   !   3       org.eclipse.aether.internal.impl.collect.df.DfDependencyCollector::processDependency (684 bytes)
Event: 9.583 Thread 0x0000021d682e26e0 nmethod 4017 0x0000021d55858590 code [0x0000021d55858cc0, 0x0000021d5585d008]
Event: 9.583 Thread 0x0000021d682e26e0 4016       3       org.eclipse.aether.internal.impl.collect.df.DfDependencyCollector::processDependency (28 bytes)
Event: 9.584 Thread 0x0000021d682e26e0 nmethod 4016 0x0000021d5585ee90 code [0x0000021d5585f040, 0x0000021d5585f248]
Event: 9.606 Thread 0x0000021d682e26e0 4018       3       java.io.File::getAbsolutePath (8 bytes)
Event: 9.606 Thread 0x0000021d682e26e0 nmethod 4018 0x0000021d5585f390 code [0x0000021d5585f540, 0x0000021d5585f690]
Event: 9.606 Thread 0x0000021d682e26e0 4019       3       java.io.File::<init> (20 bytes)
Event: 9.607 Thread 0x0000021d682e26e0 nmethod 4019 0x0000021d5585f710 code [0x0000021d5585f8c0, 0x0000021d5585fac0]
Event: 9.608 Thread 0x0000021d682e26e0 4020       3       org.apache.maven.model.io.xpp3.MavenXpp3Reader::parsePluginExecution (345 bytes)
Event: 9.610 Thread 0x0000021d682dd610 nmethod 3988 0x0000021d5cce8e10 code [0x0000021d5cce90e0, 0x0000021d5ccea450]
Event: 9.610 Thread 0x0000021d682dd610 4015       4       jdk.internal.org.objectweb.asm.ByteVector::put12 (64 bytes)
Event: 9.614 Thread 0x0000021d682dd610 nmethod 4015 0x0000021d5cceae10 code [0x0000021d5cceafc0, 0x0000021d5cceb1b0]
Event: 9.614 Thread 0x0000021d682e26e0 nmethod 4020 0x0000021d5585fb90 code [0x0000021d558600e0, 0x0000021d558626f8]
Event: 9.621 Thread 0x0000021d682dd610 4021 % !   4       org.codehaus.plexus.util.xml.pull.MXParser::parseComment @ 81 (590 bytes)
Event: 9.623 Thread 0x0000021d682e26e0 4023   !   3       org.apache.maven.model.ReportPlugin::clone (115 bytes)
Event: 9.767 Thread 0x0000021d682e26e0 nmethod 4023 0x0000021d55863510 code [0x0000021d55863840, 0x0000021d55864a98]
Event: 9.767 Thread 0x0000021d682e26e0 4024       1       org.apache.maven.model.ReportPlugin::setVersion (6 bytes)

GC Heap History (6 events):
Event: 2.143 GC heap before
{Heap before GC invocations=0 (full 0):
 garbage-first heap   total 98304K, used 12288K [0x00000000a0e00000, 0x0000000100000000)
  region size 1024K, 13 young (13312K), 0 survivors (0K)
 Metaspace       used 3823K, committed 4032K, reserved 1114112K
  class space    used 398K, committed 512K, reserved 1048576K
}
Event: 2.156 GC heap after
{Heap after GC invocations=1 (full 0):
 garbage-first heap   total 98304K, used 3215K [0x00000000a0e00000, 0x0000000100000000)
  region size 1024K, 2 young (2048K), 2 survivors (2048K)
 Metaspace       used 3823K, committed 4032K, reserved 1114112K
  class space    used 398K, committed 512K, reserved 1048576K
}
Event: 3.578 GC heap before
{Heap before GC invocations=1 (full 0):
 garbage-first heap   total 98304K, used 19599K [0x00000000a0e00000, 0x0000000100000000)
  region size 1024K, 18 young (18432K), 2 survivors (2048K)
 Metaspace       used 6347K, committed 6528K, reserved 1114112K
  class space    used 741K, committed 832K, reserved 1048576K
}
Event: 3.586 GC heap after
{Heap after GC invocations=2 (full 0):
 garbage-first heap   total 98304K, used 4096K [0x00000000a0e00000, 0x0000000100000000)
  region size 1024K, 1 young (1024K), 1 survivors (1024K)
 Metaspace       used 6347K, committed 6528K, reserved 1114112K
  class space    used 741K, committed 832K, reserved 1048576K
}
Event: 7.905 GC heap before
{Heap before GC invocations=2 (full 0):
 garbage-first heap   total 98304K, used 60416K [0x00000000a0e00000, 0x0000000100000000)
  region size 1024K, 57 young (58368K), 1 survivors (1024K)
 Metaspace       used 15309K, committed 15552K, reserved 1114112K
  class space    used 1811K, committed 1920K, reserved 1048576K
}
Event: 7.925 GC heap after
{Heap after GC invocations=3 (full 0):
 garbage-first heap   total 98304K, used 9552K [0x00000000a0e00000, 0x0000000100000000)
  region size 1024K, 6 young (6144K), 6 survivors (6144K)
 Metaspace       used 15309K, committed 15552K, reserved 1114112K
  class space    used 1811K, committed 1920K, reserved 1048576K
}

Dll operation events (8 events):
Event: 0.050 Loaded shared library C:\Users\palak\Downloads\java-21-openjdk-21.0.1.0.12-3.win.jdk.x86_64\java-21-openjdk-21.0.1.0.12-3.win.jdk.x86_64\bin\java.dll
Event: 0.301 Loaded shared library C:\Users\palak\Downloads\java-21-openjdk-21.0.1.0.12-3.win.jdk.x86_64\java-21-openjdk-21.0.1.0.12-3.win.jdk.x86_64\bin\jsvml.dll
Event: 0.439 Loaded shared library C:\Users\palak\Downloads\java-21-openjdk-21.0.1.0.12-3.win.jdk.x86_64\java-21-openjdk-21.0.1.0.12-3.win.jdk.x86_64\bin\net.dll
Event: 0.450 Loaded shared library C:\Users\palak\Downloads\java-21-openjdk-21.0.1.0.12-3.win.jdk.x86_64\java-21-openjdk-21.0.1.0.12-3.win.jdk.x86_64\bin\nio.dll
Event: 0.501 Loaded shared library C:\Users\palak\Downloads\java-21-openjdk-21.0.1.0.12-3.win.jdk.x86_64\java-21-openjdk-21.0.1.0.12-3.win.jdk.x86_64\bin\zip.dll
Event: 0.836 Loaded shared library C:\Users\palak\Downloads\apache-maven-3.9.8-bin\lib\jansi-native\Windows\x86_64\jansi.dll
Event: 0.893 Loaded shared library C:\Users\palak\Downloads\java-21-openjdk-21.0.1.0.12-3.win.jdk.x86_64\java-21-openjdk-21.0.1.0.12-3.win.jdk.x86_64\bin\verify.dll
Event: 0.944 Loaded shared library C:\Users\palak\Downloads\java-21-openjdk-21.0.1.0.12-3.win.jdk.x86_64\java-21-openjdk-21.0.1.0.12-3.win.jdk.x86_64\bin\jimage.dll

Deoptimization events (20 events):
Event: 9.460 Thread 0x0000021d4a7b3b20 Uncommon trap: trap_request=0xffffffbe fr.pc=0x0000021d5cce48fc relative=0x000000000000023c
Event: 9.460 Thread 0x0000021d4a7b3b20 Uncommon trap: reason=profile_predicate action=maybe_recompile pc=0x0000021d5cce48fc method=java.util.HashMap.keysToArray([Ljava/lang/Object;)[Ljava/lang/Object; @ 36 c2
Event: 9.460 Thread 0x0000021d4a7b3b20 DEOPT PACKING pc=0x0000021d5cce48fc sp=0x0000005ee64fcd90
Event: 9.460 Thread 0x0000021d4a7b3b20 DEOPT UNPACKING pc=0x0000021d5c5e46a2 sp=0x0000005ee64fcd30 mode 2
Event: 9.622 Thread 0x0000021d4a7b3b20 Uncommon trap: trap_request=0xffffffbe fr.pc=0x0000021d5ccea1f8 relative=0x0000000000001118
Event: 9.622 Thread 0x0000021d4a7b3b20 Uncommon trap: reason=profile_predicate action=maybe_recompile pc=0x0000021d5ccea1f8 method=java.util.concurrent.ConcurrentHashMap.putAll(Ljava/util/Map;)V @ 28 c2
Event: 9.622 Thread 0x0000021d4a7b3b20 DEOPT PACKING pc=0x0000021d5ccea1f8 sp=0x0000005ee64fcdf0
Event: 9.622 Thread 0x0000021d4a7b3b20 DEOPT UNPACKING pc=0x0000021d5c5e46a2 sp=0x0000005ee64fcdd0 mode 2
Event: 9.622 Thread 0x0000021d4a7b3b20 Uncommon trap: trap_request=0xffffffbe fr.pc=0x0000021d5ccea1f8 relative=0x0000000000001118
Event: 9.622 Thread 0x0000021d4a7b3b20 Uncommon trap: reason=profile_predicate action=maybe_recompile pc=0x0000021d5ccea1f8 method=java.util.concurrent.ConcurrentHashMap.putAll(Ljava/util/Map;)V @ 28 c2
Event: 9.622 Thread 0x0000021d4a7b3b20 DEOPT PACKING pc=0x0000021d5ccea1f8 sp=0x0000005ee64fcd40
Event: 9.622 Thread 0x0000021d4a7b3b20 DEOPT UNPACKING pc=0x0000021d5c5e46a2 sp=0x0000005ee64fcd20 mode 2
Event: 9.622 Thread 0x0000021d4a7b3b20 Uncommon trap: trap_request=0xffffffbe fr.pc=0x0000021d5ccea1f8 relative=0x0000000000001118
Event: 9.622 Thread 0x0000021d4a7b3b20 Uncommon trap: reason=profile_predicate action=maybe_recompile pc=0x0000021d5ccea1f8 method=java.util.concurrent.ConcurrentHashMap.putAll(Ljava/util/Map;)V @ 28 c2
Event: 9.622 Thread 0x0000021d4a7b3b20 DEOPT PACKING pc=0x0000021d5ccea1f8 sp=0x0000005ee64fd080
Event: 9.622 Thread 0x0000021d4a7b3b20 DEOPT UNPACKING pc=0x0000021d5c5e46a2 sp=0x0000005ee64fd060 mode 2
Event: 9.623 Thread 0x0000021d4a7b3b20 Uncommon trap: trap_request=0xffffffbe fr.pc=0x0000021d5ccea1f8 relative=0x0000000000001118
Event: 9.623 Thread 0x0000021d4a7b3b20 Uncommon trap: reason=profile_predicate action=maybe_recompile pc=0x0000021d5ccea1f8 method=java.util.concurrent.ConcurrentHashMap.putAll(Ljava/util/Map;)V @ 28 c2
Event: 9.623 Thread 0x0000021d4a7b3b20 DEOPT PACKING pc=0x0000021d5ccea1f8 sp=0x0000005ee64fcfd0
Event: 9.623 Thread 0x0000021d4a7b3b20 DEOPT UNPACKING pc=0x0000021d5c5e46a2 sp=0x0000005ee64fcfb0 mode 2

Classes loaded (20 events):
Event: 7.002 Loading class sun/util/resources/LocaleData$CommonResourceBundleProvider
Event: 7.003 Loading class sun/util/resources/LocaleData$LocaleDataResourceBundleProvider
Event: 7.003 Loading class java/util/spi/ResourceBundleProvider
Event: 7.003 Loading class java/util/spi/ResourceBundleProvider done
Event: 7.003 Loading class sun/util/resources/LocaleData$LocaleDataResourceBundleProvider done
Event: 7.003 Loading class sun/util/resources/LocaleData$CommonResourceBundleProvider done
Event: 7.003 Loading class sun/util/resources/Bundles$2
Event: 7.003 Loading class sun/util/resources/Bundles$2 done
Event: 7.066 Loading class java/util/StringTokenizer
Event: 7.067 Loading class java/util/StringTokenizer done
Event: 8.324 Loading class java/util/stream/MatchOps$MatchKind
Event: 8.325 Loading class java/util/stream/MatchOps$MatchKind done
Event: 8.325 Loading class java/util/stream/MatchOps
Event: 8.325 Loading class java/util/stream/MatchOps done
Event: 8.325 Loading class java/util/stream/MatchOps$MatchOp
Event: 8.326 Loading class java/util/stream/MatchOps$MatchOp done
Event: 8.326 Loading class java/util/stream/MatchOps$BooleanTerminalSink
Event: 8.326 Loading class java/util/stream/MatchOps$BooleanTerminalSink done
Event: 8.327 Loading class java/util/stream/MatchOps$1MatchSink
Event: 8.327 Loading class java/util/stream/MatchOps$1MatchSink done

Classes unloaded (0 events):
No events

Classes redefined (0 events):
No events

Internal exceptions (20 events):
Event: 5.376 Thread 0x0000021d4a7b3b20 Exception <a 'java/lang/NoSuchMethodError'{0x00000000a538e388}: 'void java.lang.invoke.DirectMethodHandle$Holder.invokeStaticInit(java.lang.Object, java.lang.Object, java.lang.Object)'> (0x00000000a538e388) 
thrown [s\src\hotspot\share\interpreter\linkResolver.cpp, line 773]
Event: 5.401 Thread 0x0000021d4a7b3b20 Exception <a 'java/lang/ExceptionInInitializerError'{0x00000000a53b75d8}> (0x00000000a53b75d8) 
thrown [s\src\hotspot\share\oops\instanceKlass.cpp, line 1180]
Event: 5.509 Thread 0x0000021d4a7b3b20 Exception <a 'java/lang/NoSuchMethodError'{0x00000000a52c4388}: 'long java.lang.invoke.DirectMethodHandle$Holder.invokeStatic(java.lang.Object, java.lang.Object, int)'> (0x00000000a52c4388) 
thrown [s\src\hotspot\share\interpreter\linkResolver.cpp, line 773]
Event: 5.516 Thread 0x0000021d4a7b3b20 Exception <a 'java/lang/NoSuchMethodError'{0x00000000a52d7420}: 'java.lang.Object java.lang.invoke.DirectMethodHandle$Holder.invokeStatic(java.lang.Object, java.lang.Object, java.lang.Object, java.lang.Object, int)'> (0x00000000a52d7420) 
thrown [s\src\hotspot\share\interpreter\linkResolver.cpp, line 773]
Event: 5.517 Thread 0x0000021d4a7b3b20 Exception <a 'java/lang/NoSuchMethodError'{0x00000000a52df338}: 'java.lang.Object java.lang.invoke.DirectMethodHandle$Holder.invokeSpecial(java.lang.Object, java.lang.Object, java.lang.Object, java.lang.Object, long)'> (0x00000000a52df338) 
thrown [s\src\hotspot\share\interpreter\linkResolver.cpp, line 773]
Event: 5.520 Thread 0x0000021d4a7b3b20 Exception <a 'java/lang/NoSuchMethodError'{0x00000000a52eae28}: 'java.lang.Object java.lang.invoke.DirectMethodHandle$Holder.invokeSpecial(java.lang.Object, java.lang.Object, java.lang.Object, int, java.lang.Object)'> (0x00000000a52eae28) 
thrown [s\src\hotspot\share\interpreter\linkResolver.cpp, line 773]
Event: 5.521 Thread 0x0000021d4a7b3b20 Exception <a 'java/lang/NoSuchMethodError'{0x00000000a52f2f48}: 'int java.lang.invoke.DirectMethodHandle$Holder.invokeSpecial(java.lang.Object, java.lang.Object, java.lang.Object, int)'> (0x00000000a52f2f48) 
thrown [s\src\hotspot\share\interpreter\linkResolver.cpp, line 773]
Event: 5.531 Thread 0x0000021d4a7b3b20 Implicit null exception at 0x0000021d5cbcf65a to 0x0000021d5cbcf834
Event: 5.534 Thread 0x0000021d4a7b3b20 Exception <a 'java/lang/NoSuchMethodError'{0x00000000a51179a8}: 'java.lang.Object java.lang.invoke.Invokers$Holder.invokeExact_MT(java.lang.Object, int, java.lang.Object)'> (0x00000000a51179a8) 
thrown [s\src\hotspot\share\interpreter\linkResolver.cpp, line 773]
Event: 6.228 Thread 0x0000021d4a7b3b20 Exception <a 'java/lang/NoSuchMethodError'{0x00000000a4909368}: 'void java.lang.invoke.Invokers$Holder.invokeExact_MT(java.lang.Object, java.lang.Object, java.lang.Object, java.lang.Object)'> (0x00000000a4909368) 
thrown [s\src\hotspot\share\interpreter\linkResolver.cpp, line 773]
Event: 6.286 Thread 0x0000021d4a7b3b20 Exception <a 'java/lang/NoClassDefFoundError'{0x00000000a499a380}: com/google/inject/servlet/ServletModuleTargetVisitor> (0x00000000a499a380) 
thrown [s\src\hotspot\share\classfile\systemDictionary.cpp, line 301]
Event: 6.520 Thread 0x0000021d4a7b3b20 Exception <a 'java/lang/NoSuchMethodError'{0x00000000a4755e28}: 'void java.lang.invoke.DirectMethodHandle$Holder.invokeVirtual(java.lang.Object, java.lang.Object)'> (0x00000000a4755e28) 
thrown [s\src\hotspot\share\interpreter\linkResolver.cpp, line 773]
Event: 6.605 Thread 0x0000021d4a7b3b20 Exception <a 'java/lang/NoSuchMethodError'{0x00000000a47d5548}: 'java.lang.Object java.lang.invoke.DirectMethodHandle$Holder.invokeStaticInit(java.lang.Object, int, int, int, int)'> (0x00000000a47d5548) 
thrown [s\src\hotspot\share\interpreter\linkResolver.cpp, line 773]
Event: 6.867 Thread 0x0000021d4a7b3b20 Implicit null exception at 0x0000021d5cb5b724 to 0x0000021d5cb5bd7c
Event: 6.867 Thread 0x0000021d4a7b3b20 Implicit null exception at 0x0000021d5cb702a0 to 0x0000021d5cb708ec
Event: 6.935 Thread 0x0000021d4a7b3b20 Exception <a 'java/lang/NoSuchMethodError'{0x00000000a412e740}: 'void java.lang.invoke.DirectMethodHandle$Holder.invokeSpecial(java.lang.Object, java.lang.Object, java.lang.Object, java.lang.Object, java.lang.Object)'> (0x00000000a412e740) 
thrown [s\src\hotspot\share\interpreter\linkResolver.cpp, line 773]
Event: 6.938 Thread 0x0000021d4a7b3b20 Exception <a 'java/lang/NoSuchMethodError'{0x00000000a4144620}: 'void java.lang.invoke.DirectMethodHandle$Holder.invokeSpecial(java.lang.Object, java.lang.Object, java.lang.Object, java.lang.Object, java.lang.Object, java.lang.Object)'> (0x00000000a4144620) 
thrown [s\src\hotspot\share\interpreter\linkResolver.cpp, line 773]
Event: 6.971 Thread 0x0000021d4a7b3b20 Exception <a 'java/lang/NoSuchMethodError'{0x00000000a403abf8}: 'java.lang.Object java.lang.invoke.DirectMethodHandle$Holder.invokeVirtual(java.lang.Object, java.lang.Object, java.lang.Object)'> (0x00000000a403abf8) 
thrown [s\src\hotspot\share\interpreter\linkResolver.cpp, line 773]
Event: 7.088 Thread 0x0000021d4a7b3b20 Exception <a 'java/lang/NoSuchMethodError'{0x00000000a3e056f8}: 'void java.lang.invoke.DirectMethodHandle$Holder.invokeVirtual(java.lang.Object, java.lang.Object, int)'> (0x00000000a3e056f8) 
thrown [s\src\hotspot\share\interpreter\linkResolver.cpp, line 773]
Event: 7.092 Thread 0x0000021d4a7b3b20 Exception <a 'java/lang/NoSuchMethodError'{0x00000000a3e0c6c8}: 'void java.lang.invoke.DelegatingMethodHandle$Holder.reinvoke_L(java.lang.Object, java.lang.Object, int)'> (0x00000000a3e0c6c8) 
thrown [s\src\hotspot\share\interpreter\linkResolver.cpp, line 773]

ZGC Phase Switch (0 events):
No events

VM Operations (20 events):
Event: 6.207 Executing VM operation: HandshakeAllThreads (Deoptimize)
Event: 6.207 Executing VM operation: HandshakeAllThreads (Deoptimize) done
Event: 6.553 Executing VM operation: HandshakeAllThreads (Deoptimize)
Event: 6.553 Executing VM operation: HandshakeAllThreads (Deoptimize) done
Event: 6.615 Executing VM operation: ICBufferFull
Event: 6.616 Executing VM operation: ICBufferFull done
Event: 6.628 Executing VM operation: HandshakeAllThreads (Deoptimize)
Event: 6.628 Executing VM operation: HandshakeAllThreads (Deoptimize) done
Event: 6.678 Executing VM operation: HandshakeAllThreads (Deoptimize)
Event: 6.678 Executing VM operation: HandshakeAllThreads (Deoptimize) done
Event: 6.765 Executing VM operation: HandshakeAllThreads (Deoptimize)
Event: 6.765 Executing VM operation: HandshakeAllThreads (Deoptimize) done
Event: 6.767 Executing VM operation: HandshakeAllThreads (Deoptimize)
Event: 6.767 Executing VM operation: HandshakeAllThreads (Deoptimize) done
Event: 7.373 Executing VM operation: ICBufferFull
Event: 7.373 Executing VM operation: ICBufferFull done
Event: 7.905 Executing VM operation: G1CollectForAllocation (G1 Evacuation Pause)
Event: 7.925 Executing VM operation: G1CollectForAllocation (G1 Evacuation Pause) done
Event: 8.783 Executing VM operation: ICBufferFull
Event: 8.783 Executing VM operation: ICBufferFull done

Events (19 events):
Event: 0.169 Thread 0x0000021d4a7b3b20 Thread added: 0x0000021d4a7b3b20
Event: 0.278 Thread 0x0000021d682c7c90 Thread added: 0x0000021d682c7c90
Event: 0.284 Thread 0x0000021d682c9870 Thread added: 0x0000021d682c9870
Event: 0.287 Thread 0x0000021d682cea90 Thread added: 0x0000021d682cea90
Event: 0.289 Thread 0x0000021d682d1390 Thread added: 0x0000021d682d1390
Event: 0.290 Thread 0x0000021d682d2960 Thread added: 0x0000021d682d2960
Event: 0.292 Thread 0x0000021d682d4800 Thread added: 0x0000021d682d4800
Event: 0.293 Thread 0x0000021d682dd610 Thread added: 0x0000021d682dd610
Event: 0.294 Thread 0x0000021d682e26e0 Thread added: 0x0000021d682e26e0
Event: 0.393 Thread 0x0000021d68531ee0 Thread added: 0x0000021d68531ee0
Event: 0.410 Thread 0x0000021d6853c730 Thread added: 0x0000021d6853c730
Event: 0.827 Thread 0x0000021d6d026c40 Thread added: 0x0000021d6d026c40
Event: 2.773 Thread 0x0000021d6d1f0710 Thread added: 0x0000021d6d1f0710
Event: 3.255 Thread 0x0000021d6d1f0710 Thread exited: 0x0000021d6d1f0710
Event: 4.987 Thread 0x0000021d6d026c40 Thread exited: 0x0000021d6d026c40
Event: 6.707 Thread 0x0000021d6dbe1020 Thread added: 0x0000021d6dbe1020
Event: 6.923 Thread 0x0000021d6dffe960 Thread added: 0x0000021d6dffe960
Event: 7.522 Thread 0x0000021d6dffe960 Thread exited: 0x0000021d6dffe960
Event: 8.539 Thread 0x0000021d6d182110 Thread added: 0x0000021d6d182110


Dynamic libraries:
0x00007ff7d2690000 - 0x00007ff7d269e000 	C:\Users\palak\Downloads\java-21-openjdk-21.0.1.0.12-3.win.jdk.x86_64\java-21-openjdk-21.0.1.0.12-3.win.jdk.x86_64\bin\java.exe
0x00007ff99cf00000 - 0x00007ff99d163000 	C:\WINDOWS\SYSTEM32\ntdll.dll
0x00007ff99b730000 - 0x00007ff99b7f7000 	C:\WINDOWS\System32\KERNEL32.DLL
0x00007ff99a5a0000 - 0x00007ff99a969000 	C:\WINDOWS\System32\KERNELBASE.dll
0x00007ff99a240000 - 0x00007ff99a38c000 	C:\WINDOWS\System32\ucrtbase.dll
0x00007ff972120000 - 0x00007ff972138000 	C:\Users\palak\Downloads\java-21-openjdk-21.0.1.0.12-3.win.jdk.x86_64\java-21-openjdk-21.0.1.0.12-3.win.jdk.x86_64\bin\jli.dll
0x00007ff99c180000 - 0x00007ff99c34a000 	C:\WINDOWS\System32\USER32.dll
0x00007ff99aa00000 - 0x00007ff99aa27000 	C:\WINDOWS\System32\win32u.dll
0x00007ff99b700000 - 0x00007ff99b72a000 	C:\WINDOWS\System32\GDI32.dll
0x00007ff99a100000 - 0x00007ff99a231000 	C:\WINDOWS\System32\gdi32full.dll
0x00007ff971c90000 - 0x00007ff971cab000 	C:\Users\palak\Downloads\java-21-openjdk-21.0.1.0.12-3.win.jdk.x86_64\java-21-openjdk-21.0.1.0.12-3.win.jdk.x86_64\bin\VCRUNTIME140.dll
0x00007ff99a4f0000 - 0x00007ff99a593000 	C:\WINDOWS\System32\msvcp_win.dll
0x00007ff97bba0000 - 0x00007ff97be30000 	C:\WINDOWS\WinSxS\amd64_microsoft.windows.common-controls_6595b64144ccf1df_6.0.26100.3323_none_3e088096e3344490\COMCTL32.dll
0x00007ff99cb40000 - 0x00007ff99cbe9000 	C:\WINDOWS\System32\msvcrt.dll
0x00007ff99c670000 - 0x00007ff99c69f000 	C:\WINDOWS\System32\IMM32.DLL
0x00007ff9820c0000 - 0x00007ff9820cc000 	C:\Users\palak\Downloads\java-21-openjdk-21.0.1.0.12-3.win.jdk.x86_64\java-21-openjdk-21.0.1.0.12-3.win.jdk.x86_64\bin\vcruntime140_1.dll
0x00007ff971320000 - 0x00007ff9713ae000 	C:\Users\palak\Downloads\java-21-openjdk-21.0.1.0.12-3.win.jdk.x86_64\java-21-openjdk-21.0.1.0.12-3.win.jdk.x86_64\bin\msvcp140.dll
0x00007ff913130000 - 0x00007ff913eb1000 	C:\Users\palak\Downloads\java-21-openjdk-21.0.1.0.12-3.win.jdk.x86_64\java-21-openjdk-21.0.1.0.12-3.win.jdk.x86_64\bin\server\jvm.dll
0x00007ff99ce00000 - 0x00007ff99ceb2000 	C:\WINDOWS\System32\ADVAPI32.dll
0x00007ff99c080000 - 0x00007ff99c126000 	C:\WINDOWS\System32\sechost.dll
0x00007ff99cce0000 - 0x00007ff99cdf6000 	C:\WINDOWS\System32\RPCRT4.dll
0x00007ff99ae90000 - 0x00007ff99af04000 	C:\WINDOWS\System32\WS2_32.dll
0x00007ff993630000 - 0x00007ff993666000 	C:\WINDOWS\SYSTEM32\WINMM.dll
0x00007ff993ad0000 - 0x00007ff993adb000 	C:\WINDOWS\SYSTEM32\VERSION.dll
0x00007ff999f90000 - 0x00007ff999fde000 	C:\WINDOWS\SYSTEM32\POWRPROF.dll
0x00007ff999f70000 - 0x00007ff999f84000 	C:\WINDOWS\SYSTEM32\UMPDC.dll
0x00007ff998f20000 - 0x00007ff998f3a000 	C:\WINDOWS\SYSTEM32\kernel.appcore.dll
0x00007ff97ee00000 - 0x00007ff97ee0a000 	C:\Users\palak\Downloads\java-21-openjdk-21.0.1.0.12-3.win.jdk.x86_64\java-21-openjdk-21.0.1.0.12-3.win.jdk.x86_64\bin\jimage.dll
0x00007ff98b0a0000 - 0x00007ff98b2e1000 	C:\WINDOWS\SYSTEM32\DBGHELP.DLL
0x00007ff99b0b0000 - 0x00007ff99b432000 	C:\WINDOWS\System32\combase.dll
0x00007ff99c350000 - 0x00007ff99c426000 	C:\WINDOWS\System32\OLEAUT32.dll
0x00007ff97afb0000 - 0x00007ff97afe9000 	C:\WINDOWS\SYSTEM32\dbgcore.DLL
0x00007ff99a390000 - 0x00007ff99a429000 	C:\WINDOWS\System32\bcryptPrimitives.dll
0x00007ff971c50000 - 0x00007ff971c6f000 	C:\Users\palak\Downloads\java-21-openjdk-21.0.1.0.12-3.win.jdk.x86_64\java-21-openjdk-21.0.1.0.12-3.win.jdk.x86_64\bin\java.dll
0x00007ff99b800000 - 0x00007ff99bf15000 	C:\WINDOWS\System32\SHELL32.dll
0x00007ff99abb0000 - 0x00007ff99ad18000 	C:\WINDOWS\System32\wintypes.dll
0x00007ff997de0000 - 0x00007ff998625000 	C:\WINDOWS\SYSTEM32\windows.storage.dll
0x00007ff99cbf0000 - 0x00007ff99ccdb000 	C:\WINDOWS\System32\SHCORE.dll
0x00007ff99c590000 - 0x00007ff99c5ed000 	C:\WINDOWS\System32\shlwapi.dll
0x00007ff99a010000 - 0x00007ff99a03f000 	C:\WINDOWS\SYSTEM32\profapi.dll
0x00007ff9711e0000 - 0x00007ff9712b7000 	C:\Users\palak\Downloads\java-21-openjdk-21.0.1.0.12-3.win.jdk.x86_64\java-21-openjdk-21.0.1.0.12-3.win.jdk.x86_64\bin\jsvml.dll
0x00007ff97e980000 - 0x00007ff97e990000 	C:\Users\palak\Downloads\java-21-openjdk-21.0.1.0.12-3.win.jdk.x86_64\java-21-openjdk-21.0.1.0.12-3.win.jdk.x86_64\bin\net.dll
0x00007ff98fb60000 - 0x00007ff98fc7e000 	C:\WINDOWS\SYSTEM32\WINHTTP.dll
0x00007ff999440000 - 0x00007ff9994aa000 	C:\WINDOWS\system32\mswsock.dll
0x00007ff971c30000 - 0x00007ff971c46000 	C:\Users\palak\Downloads\java-21-openjdk-21.0.1.0.12-3.win.jdk.x86_64\java-21-openjdk-21.0.1.0.12-3.win.jdk.x86_64\bin\nio.dll
0x00007ff971a70000 - 0x00007ff971a88000 	C:\Users\palak\Downloads\java-21-openjdk-21.0.1.0.12-3.win.jdk.x86_64\java-21-openjdk-21.0.1.0.12-3.win.jdk.x86_64\bin\zip.dll
0x00007ff9711b0000 - 0x00007ff9711d4000 	C:\Users\palak\Downloads\apache-maven-3.9.8-bin\lib\jansi-native\Windows\x86_64\jansi.dll
0x00007ff97dba0000 - 0x00007ff97dbb0000 	C:\Users\palak\Downloads\java-21-openjdk-21.0.1.0.12-3.win.jdk.x86_64\java-21-openjdk-21.0.1.0.12-3.win.jdk.x86_64\bin\verify.dll

dbghelp: loaded successfully - version: 4.0.5 - missing functions: none
symbol engine: initialized successfully - sym options: 0x614 - pdb path: .;C:\Users\palak\Downloads\java-21-openjdk-21.0.1.0.12-3.win.jdk.x86_64\java-21-openjdk-21.0.1.0.12-3.win.jdk.x86_64\bin;C:\WINDOWS\SYSTEM32;C:\WINDOWS\WinSxS\amd64_microsoft.windows.common-controls_6595b64144ccf1df_6.0.26100.3323_none_3e088096e3344490;C:\Users\palak\Downloads\java-21-openjdk-21.0.1.0.12-3.win.jdk.x86_64\java-21-openjdk-21.0.1.0.12-3.win.jdk.x86_64\bin\server;C:\Users\palak\Downloads\apache-maven-3.9.8-bin\lib\jansi-native\Windows\x86_64

VM Arguments:
jvm_args: -Dclassworlds.conf=C:\Users\palak\Downloads\apache-maven-3.9.8-bin\bin\m2.conf -Dmaven.home=C:\Users\palak\Downloads\apache-maven-3.9.8-bin -Dlibrary.jansi.path=C:\Users\palak\Downloads\apache-maven-3.9.8-bin\lib\jansi-native -Dmaven.multiModuleProjectDirectory=C:\Users\palak\Downloads\demo 
java_command: org.codehaus.plexus.classworlds.launcher.Launcher clean install
java_class_path (initial): C:\Users\palak\Downloads\apache-maven-3.9.8-bin\boot\plexus-classworlds-2.8.0.jar
Launcher Type: SUN_STANDARD

[Global flags]
     intx CICompilerCount                          = 3                                         {product} {ergonomic}
     uint ConcGCThreads                            = 1                                         {product} {ergonomic}
     uint G1ConcRefinementThreads                  = 4                                         {product} {ergonomic}
   size_t G1HeapRegionSize                         = 1048576                                   {product} {ergonomic}
    uintx GCDrainStackTargetSize                   = 64                                        {product} {ergonomic}
   size_t InitialHeapSize                          = 100663296                                 {product} {ergonomic}
   size_t MarkStackSize                            = 4194304                                   {product} {ergonomic}
   size_t MaxHeapSize                              = 1595932672                                {product} {ergonomic}
   size_t MaxNewSize                               = 957349888                                 {product} {ergonomic}
   size_t MinHeapDeltaBytes                        = 1048576                                   {product} {ergonomic}
   size_t MinHeapSize                              = 8388608                                   {product} {ergonomic}
    uintx NonNMethodCodeHeapSize                   = 5832780                                {pd product} {ergonomic}
    uintx NonProfiledCodeHeapSize                  = 122912730                              {pd product} {ergonomic}
    uintx ProfiledCodeHeapSize                     = 122912730                              {pd product} {ergonomic}
    uintx ReservedCodeCacheSize                    = 251658240                              {pd product} {ergonomic}
     bool SegmentedCodeCache                       = true                                      {product} {ergonomic}
   size_t SoftMaxHeapSize                          = 1595932672                             {manageable} {ergonomic}
     bool UseCompressedOops                        = true                           {product lp64_product} {ergonomic}
     bool UseG1GC                                  = true                                      {product} {ergonomic}
     bool UseLargePagesIndividualAllocation        = false                                  {pd product} {ergonomic}

Logging:
Log output configuration:
 #0: stdout all=warning uptime,level,tags foldmultilines=false
 #1: stderr all=off uptime,level,tags foldmultilines=false

Environment Variables:
JAVA_HOME=C:\Users\palak\Downloads\java-21-openjdk-21.0.1.0.12-3.win.jdk.x86_64\java-21-openjdk-21.0.1.0.12-3.win.jdk.x86_64
PATH=C:\Program Files (x86)\Common Files\Oracle\Java\java8path;C:\Program Files (x86)\Common Files\Oracle\Java\javapath;C:\WINDOWS\system32;C:\WINDOWS;C:\WINDOWS\System32\Wbem;C:\WINDOWS\System32\WindowsPowerShell\v1.0\;C:\WINDOWS\System32\OpenSSH\;C:\Users\palak\Downloads\java-21-openjdk-21.0.1.0.12-3.win.jdk.x86_64\java-21-openjdk-21.0.1.0.12-3.win.jdk.x86_64\bin;C:\Users\palak\Downloads\apache-maven-3.9.8-bin\bin;c:\users\palak\appdata\local\packages\pythonsoftwarefoundation.python.3.11_qbz5n2kfra8p0\localcache\local-packages\python311\site-packages;C:\ProgramData\chocolatey\bin;C:\Program Files\nodejs\;C:\Users\palak\AppData\Local\Programs\Python\Python312\Scripts;C:\Program Files\Git\cmd;C:\Users\palak\Downloads\flutter_windows_3.27.3-stable\flutter\bin;C:\Users\palak\AppData\Local\Android\Sdk\cmdline-tools\latest\bin;C:\Users\palak\AppData\Local\Android\Sdk\platform-tools;C:\ffmpeg;C:\Program Files\MongoDB\Server\8.0\bin;C:\Users\palak\AppData\Local\Programs\Python\Python313\Scripts\;C:\Users\palak\AppData\Local\Programs\Python\Python313\;C:\Users\palak\AppData\Local\Programs\Python\Python312\Scripts\;C:\Users\palak\AppData\Local\Programs\Python\Python312\;C:\Users\palak\AppData\Local\Programs\Python\Launcher\;C:\Program Files\MySQL\MySQL Shell 8.0\bin\;C:\Users\palak\AppData\Local\Microsoft\WindowsApps;C:\Users\palak\AppData\Local\Programs\Microsoft VS Code\bin;C:\Program Files\JetBrains\IntelliJ IDEA Community Edition 2023.3.3\bin;C:\Users\palak\AppData\Local\JetBrains\CLion 2023.3.4\bin;C:\Program Files\JetBrains\PyCharm 2024.1.2\bin;C:\Program Files\JetBrains\PyCharm Community Edition 2024.1.4\bin;C:\Users\palak\AppData\Local\JetBrains\Toolbox\scripts;C:\Users\palak\AppData\Roaming\npm;C:\Users\palak\AppData\Local\GitHubDesktop\bin;C:\Users\palak\AppData\Local\Microsoft\WindowsApps;
USERNAME=palak
LANG=en_US.UTF-8
OS=Windows_NT
PROCESSOR_IDENTIFIER=AMD64 Family 23 Model 24 Stepping 1, AuthenticAMD
TMP=C:\Users\palak\AppData\Local\Temp
TEMP=C:\Users\palak\AppData\Local\Temp




Periodic native trim disabled

---------------  S Y S T E M  ---------------

OS:
 Windows 11 , 64 bit Build 26100 (10.0.26100.3323)
OS uptime: 0 days 13:16 hours

CPU: total 4 (initial active 4) (4 cores per cpu, 2 threads per core) family 23 model 24 stepping 1 microcode 0x8108109, cx8, cmov, fxsr, ht, mmx, 3dnowpref, sse, sse2, sse3, ssse3, sse4a, sse4.1, sse4.2, popcnt, lzcnt, tsc, tscinvbit, avx, avx2, aes, clmul, bmi1, bmi2, adx, sha, fma, vzeroupper, clflush, clflushopt, rdtscp, f16c
Processor Information for all 4 processors :
  Max Mhz: 2600, Current Mhz: 2600, Mhz Limit: 2600

Memory: 4k page, system-wide physical 6086M (448M free)
TotalPageFile size 14278M (AvailPageFile size 6M)
current process WorkingSet (physical memory assigned to process): 160M, peak: 161M
current process commit charge ("private bytes"): 221M, peak: 221M

vm_info: OpenJDK 64-Bit Server VM (21.0.1+12-LTS) for windows-amd64 JRE (21.0.1+12-LTS), built on 2023-10-17T00:00:00Z by "admin" with unknown MS VC++:1937

END.
