#
# There is insufficient memory for the Java Runtime Environment to continue.
# Native memory allocation (malloc) failed to allocate 198736 bytes. Error detail: Chunk::new
# Possible reasons:
#   The system is out of physical RAM or swap space
#   This process is running with CompressedOops enabled, and the Java Heap may be blocking the growth of the native heap
# Possible solutions:
#   Reduce memory load on the system
#   Increase physical memory or swap space
#   Check if swap backing store is full
#   Decrease Java heap size (-Xmx/-Xms)
#   Decrease number of Java threads
#   Decrease Java thread stack sizes (-Xss)
#   Set larger code cache with -XX:ReservedCodeCacheSize=
#   JVM is running with Unscaled Compressed Oops mode in which the Java heap is
#     placed in the first 4GB address space. The Java Heap base address is the
#     maximum limit for the native heap growth. Please use -XX:HeapBaseMinAddress
#     to set the Java Heap base and to place the Java Heap above 4GB virtual address.
# This output file may be truncated or incomplete.
#
#  Out of Memory Error (arena.cpp:168), pid=3988, tid=10764
#
# JRE version: OpenJDK Runtime Environment Temurin-21.0.6+7 (21.0.6+7) (build 21.0.6+7-LTS)
# Java VM: OpenJDK 64-Bit Server VM Temurin-21.0.6+7 (21.0.6+7-LTS, mixed mode, sharing, tiered, compressed oops, compressed class ptrs, parallel gc, windows-amd64)
# No core dump will be written. Minidumps are not enabled by default on client versions of Windows
#

---------------  S U M M A R Y ------------

Command Line: --add-modules=ALL-SYSTEM --add-opens=java.base/java.util=ALL-UNNAMED --add-opens=java.base/java.lang=ALL-UNNAMED --add-opens=java.base/sun.nio.fs=ALL-UNNAMED -Declipse.application=org.eclipse.jdt.ls.core.id1 -Dosgi.bundles.defaultStartLevel=4 -Declipse.product=org.eclipse.jdt.ls.core.product -Djava.import.generatesMetadataFilesAtProjectRoot=false -DDetectVMInstallationsJob.disabled=true -Dfile.encoding=utf8 -XX:+UseParallelGC -XX:GCTimeRatio=4 -XX:AdaptiveSizePolicyWeight=90 -Dsun.zip.disableMemoryMapping=true -Xmx1G -Xms100m -Xlog:disable -javaagent:c:\Users\palak\.vscode\extensions\redhat.java-1.40.0-win32-x64\lombok\lombok-1.18.36.jar -XX:+HeapDumpOnOutOfMemoryError -XX:HeapDumpPath=c:\Users\palak\AppData\Roaming\Code\User\workspaceStorage\632f04cdbe9e26a6a5769c745b0508de\redhat.java -Daether.dependencyCollector.impl=bf c:\Users\palak\.vscode\extensions\redhat.java-1.40.0-win32-x64\server\plugins\org.eclipse.equinox.launcher_1.6.1000.v20250131-0606.jar -configuration c:\Users\palak\AppData\Roaming\Code\User\globalStorage\redhat.java\1.40.0\config_win -data c:\Users\palak\AppData\Roaming\Code\User\workspaceStorage\632f04cdbe9e26a6a5769c745b0508de\redhat.java\jdt_ws --pipe=\\.\pipe\lsp-9a9b68e2a0e27299513ff90bb97109aa-sock

Host: AMD Ryzen 3 3250U with Radeon Graphics         , 4 cores, 5G,  Windows 11 , 64 bit Build 26100 (10.0.26100.3323)
Time: Fri Mar 21 17:05:32 2025 India Standard Time elapsed time: 13.001005 seconds (0d 0h 0m 13s)

---------------  T H R E A D  ---------------

Current thread (0x0000023368224190):  JavaThread "C2 CompilerThread0" daemon [_thread_in_native, id=10764, stack(0x00000074f8b00000,0x00000074f8c00000) (1024K)]


Current CompileTask:
C2:13001 1720   !   4       java.lang.String::<init> (890 bytes)

Stack: [0x00000074f8b00000,0x00000074f8c00000]
Native frames: (J=compiled Java code, j=interpreted, Vv=VM code, C=native code)
V  [jvm.dll+0x6cdee9]
V  [jvm.dll+0x8a83d1]
V  [jvm.dll+0x8aa8fe]
V  [jvm.dll+0x8aafe3]
V  [jvm.dll+0x27f706]
V  [jvm.dll+0xc500d]
V  [jvm.dll+0xc5543]
V  [jvm.dll+0x3b6752]
V  [jvm.dll+0x382935]
V  [jvm.dll+0x381d9a]
V  [jvm.dll+0x2479f0]
V  [jvm.dll+0x246fcf]
V  [jvm.dll+0x1c75ee]
V  [jvm.dll+0x25685a]
V  [jvm.dll+0x254dfa]
V  [jvm.dll+0x3f0256]
V  [jvm.dll+0x851f8b]
V  [jvm.dll+0x6cc5ed]
C  [ucrtbase.dll+0x37b0]
C  [KERNEL32.DLL+0x2e8d7]
C  [ntdll.dll+0xbbf6c]


---------------  P R O C E S S  ---------------

Threads class SMR info:
_java_thread_list=0x000002336d454410, length=12, elements={
0x0000023351c2d840, 0x0000023353f9c410, 0x0000023368210c70, 0x0000023368213390,
0x0000023368213fe0, 0x00000233682162c0, 0x000002336821f8c0, 0x0000023368224190,
0x000002336828e8e0, 0x00000233682ce5e0, 0x000002336d27ce10, 0x000002336d6048e0
}

Java Threads: ( => current thread )
  0x0000023351c2d840 JavaThread "main"                              [_thread_in_vm, id=11736, stack(0x00000074f8100000,0x00000074f8200000) (1024K)]
  0x0000023353f9c410 JavaThread "Reference Handler"          daemon [_thread_blocked, id=14060, stack(0x00000074f8500000,0x00000074f8600000) (1024K)]
  0x0000023368210c70 JavaThread "Finalizer"                  daemon [_thread_blocked, id=18140, stack(0x00000074f8600000,0x00000074f8700000) (1024K)]
  0x0000023368213390 JavaThread "Signal Dispatcher"          daemon [_thread_blocked, id=10212, stack(0x00000074f8700000,0x00000074f8800000) (1024K)]
  0x0000023368213fe0 JavaThread "Attach Listener"            daemon [_thread_blocked, id=11704, stack(0x00000074f8800000,0x00000074f8900000) (1024K)]
  0x00000233682162c0 JavaThread "Service Thread"             daemon [_thread_blocked, id=13908, stack(0x00000074f8900000,0x00000074f8a00000) (1024K)]
  0x000002336821f8c0 JavaThread "Monitor Deflation Thread"   daemon [_thread_blocked, id=13472, stack(0x00000074f8a00000,0x00000074f8b00000) (1024K)]
=>0x0000023368224190 JavaThread "C2 CompilerThread0"         daemon [_thread_in_native, id=10764, stack(0x00000074f8b00000,0x00000074f8c00000) (1024K)]
  0x000002336828e8e0 JavaThread "C1 CompilerThread0"         daemon [_thread_blocked, id=8404, stack(0x00000074f8c00000,0x00000074f8d00000) (1024K)]
  0x00000233682ce5e0 JavaThread "Common-Cleaner"             daemon [_thread_blocked, id=10160, stack(0x00000074f8d00000,0x00000074f8e00000) (1024K)]
  0x000002336d27ce10 JavaThread "Notification Thread"        daemon [_thread_blocked, id=17624, stack(0x00000074f8e00000,0x00000074f8f00000) (1024K)]
  0x000002336d6048e0 JavaThread "Active Thread: Equinox Container: a3ccfc01-393c-4f19-8843-34760d5ddf1a"        [_thread_blocked, id=14856, stack(0x00000074f9200000,0x00000074f9300000) (1024K)]
Total: 12

Other Threads:
  0x000002336820f4f0 VMThread "VM Thread"                           [id=18216, stack(0x00000074f8400000,0x00000074f8500000) (1024K)]
  0x00000233681aca10 WatcherThread "VM Periodic Task Thread"        [id=17452, stack(0x00000074f8300000,0x00000074f8400000) (1024K)]
  0x0000023353efd570 WorkerThread "GC Thread#0"                     [id=13928, stack(0x00000074f8200000,0x00000074f8300000) (1024K)]
  0x000002336d638660 WorkerThread "GC Thread#1"                     [id=17776, stack(0x00000074f8f00000,0x00000074f9000000) (1024K)]
  0x000002336d639080 WorkerThread "GC Thread#2"                     [id=17352, stack(0x00000074f9000000,0x00000074f9100000) (1024K)]
  0x000002336d1efe50 WorkerThread "GC Thread#3"                     [id=13956, stack(0x00000074f9100000,0x00000074f9200000) (1024K)]
Total: 6

Threads with active compile tasks:
C2 CompilerThread0  13047 1720   !   4       java.lang.String::<init> (890 bytes)
Total: 1

VM state: not at safepoint (normal execution)

VM Mutex/Monitor currently owned by a thread: None

Heap address: 0x00000000c0000000, size: 1024 MB, Compressed Oops mode: 32-bit

CDS archive(s) mapped at: [0x0000023300000000-0x0000023300ba0000-0x0000023300ba0000), size 12189696, SharedBaseAddress: 0x0000023300000000, ArchiveRelocationMode: 1.
Compressed class space mapped at: 0x0000023301000000-0x0000023341000000, reserved size: 1073741824
Narrow klass base: 0x0000023300000000, Narrow klass shift: 0, Narrow klass range: 0x100000000

GC Precious Log:
 CardTable entry size: 512
 CPUs: 4 total, 4 available
 Memory: 6086M
 Large Page Support: Disabled
 NUMA Support: Disabled
 Compressed Oops: Enabled (32-bit)
 Alignments: Space 512K, Generation 512K, Heap 2M
 Heap Min Capacity: 100M
 Heap Initial Capacity: 100M
 Heap Max Capacity: 1G
 Pre-touch: Disabled
 Parallel Workers: 4

Heap:
 PSYoungGen      total 29696K, used 27486K [0x00000000eab00000, 0x00000000ecc00000, 0x0000000100000000)
  eden space 25600K, 94% used [0x00000000eab00000,0x00000000ec2be1b0,0x00000000ec400000)
  from space 4096K, 77% used [0x00000000ec400000,0x00000000ec7197f0,0x00000000ec800000)
  to   space 4096K, 0% used [0x00000000ec800000,0x00000000ec800000,0x00000000ecc00000)
 ParOldGen       total 68608K, used 0K [0x00000000c0000000, 0x00000000c4300000, 0x00000000eab00000)
  object space 68608K, 0% used [0x00000000c0000000,0x00000000c0000000,0x00000000c4300000)
 Metaspace       used 7949K, committed 8256K, reserved 1114112K
  class space    used 778K, committed 896K, reserved 1048576K

Card table byte_map: [0x0000023353880000,0x0000023353a90000] _byte_map_base: 0x0000023353280000

Marking Bits: (ParMarkBitMap*) 0x00007ff881d83260
 Begin Bits: [0x00000233660d0000, 0x00000233670d0000)
 End Bits:   [0x00000233670d0000, 0x00000233680d0000)

Polling page: 0x0000023353600000

Metaspace:

Usage:
  Non-class:      7.00 MB used.
      Class:    778.52 KB used.
       Both:      7.76 MB used.

Virtual space:
  Non-class space:       64.00 MB reserved,       7.19 MB ( 11%) committed,  1 nodes.
      Class space:        1.00 GB reserved,     896.00 KB ( <1%) committed,  1 nodes.
             Both:        1.06 GB reserved,       8.06 MB ( <1%) committed. 

Chunk freelists:
   Non-Class:  8.73 MB
       Class:  14.95 MB
        Both:  23.69 MB

MaxMetaspaceSize: unlimited
CompressedClassSpaceSize: 1.00 GB
Initial GC threshold: 21.00 MB
Current GC threshold: 21.00 MB
CDS: on
 - commit_granule_bytes: 65536.
 - commit_granule_words: 8192.
 - virtual_space_node_default_size: 8388608.
 - enlarge_chunks_in_place: 1.
 - use_allocation_guard: 0.


Internal statistics:

num_allocs_failed_limit: 0.
num_arena_births: 176.
num_arena_deaths: 0.
num_vsnodes_births: 2.
num_vsnodes_deaths: 0.
num_space_committed: 129.
num_space_uncommitted: 0.
num_chunks_returned_to_freelist: 0.
num_chunks_taken_from_freelist: 356.
num_chunk_merges: 0.
num_chunk_splits: 239.
num_chunks_enlarged: 171.
num_inconsistent_stats: 0.

CodeHeap 'non-profiled nmethods': size=120000Kb used=736Kb max_used=736Kb free=119263Kb
 bounds [0x000002335eba0000, 0x000002335ee10000, 0x00000233660d0000]
CodeHeap 'profiled nmethods': size=120000Kb used=3108Kb max_used=3108Kb free=116891Kb
 bounds [0x00000233570d0000, 0x00000233573e0000, 0x000002335e600000]
CodeHeap 'non-nmethods': size=5760Kb used=1207Kb max_used=1225Kb free=4552Kb
 bounds [0x000002335e600000, 0x000002335e870000, 0x000002335eba0000]
 total_blobs=2199 nmethods=1725 adapters=381
 compilation: enabled
              stopped_count=0, restarted_count=0
 full_count=0

Compilation events (20 events):
Event: 12.935 Thread 0x000002336828e8e0 nmethod 1715 0x000002335ec57f90 code [0x000002335ec58120, 0x000002335ec581e8]
Event: 12.936 Thread 0x000002336828e8e0 1716   !   3       java.net.URLClassLoader$1::run (81 bytes)
Event: 12.938 Thread 0x000002336828e8e0 nmethod 1716 0x00000233573d0310 code [0x00000233573d06c0, 0x00000233573d1b88]
Event: 12.941 Thread 0x000002336828e8e0 1717       3       java.util.ArrayList::indexOf (11 bytes)
Event: 12.941 Thread 0x000002336828e8e0 nmethod 1717 0x00000233573d2410 code [0x00000233573d25c0, 0x00000233573d2720]
Event: 12.941 Thread 0x000002336828e8e0 1718       3       java.util.ArrayList::indexOfRange (71 bytes)
Event: 12.942 Thread 0x000002336828e8e0 nmethod 1718 0x00000233573d2810 code [0x00000233573d2a00, 0x00000233573d2e90]
Event: 12.942 Thread 0x000002336828e8e0 1719       3       java.net.URLClassLoader::getAndVerifyPackage (109 bytes)
Event: 12.943 Thread 0x000002336828e8e0 nmethod 1719 0x00000233573d3090 code [0x00000233573d33e0, 0x00000233573d4478]
Event: 12.947 Thread 0x0000023368224190 1720   !   4       java.lang.String::<init> (890 bytes)
Event: 12.953 Thread 0x000002336828e8e0 1724       3       java.math.BigInteger::implSquareToLen (154 bytes)
Event: 12.953 Thread 0x000002336828e8e0 nmethod 1724 0x00000233573d4a90 code [0x00000233573d4ca0, 0x00000233573d5148]
Event: 12.953 Thread 0x000002336828e8e0 1725       3       java.math.BigInteger::shiftLeftImplWorker (43 bytes)
Event: 12.953 Thread 0x000002336828e8e0 nmethod 1725 0x00000233573d5490 code [0x00000233573d5640, 0x00000233573d5868]
Event: 12.953 Thread 0x000002336828e8e0 1726       3       java.math.BigInteger::montReduce (99 bytes)
Event: 12.954 Thread 0x000002336828e8e0 nmethod 1726 0x00000233573d5a10 code [0x00000233573d5c20, 0x00000233573d60d0]
Event: 12.955 Thread 0x000002336828e8e0 1727       3       java.math.MutableBigInteger::normalize (91 bytes)
Event: 12.956 Thread 0x000002336828e8e0 nmethod 1727 0x00000233573d6310 code [0x00000233573d64e0, 0x00000233573d6830]
Event: 12.958 Thread 0x000002336828e8e0 1728       3       java.util.regex.Pattern$SliceI::match (96 bytes)
Event: 12.958 Thread 0x000002336828e8e0 nmethod 1728 0x00000233573d6990 code [0x00000233573d6ba0, 0x00000233573d71c8]

GC Heap History (2 events):
Event: 6.227 GC heap before
{Heap before GC invocations=1 (full 0):
 PSYoungGen      total 29696K, used 25600K [0x00000000eab00000, 0x00000000ecc00000, 0x0000000100000000)
  eden space 25600K, 100% used [0x00000000eab00000,0x00000000ec400000,0x00000000ec400000)
  from space 4096K, 0% used [0x00000000ec800000,0x00000000ec800000,0x00000000ecc00000)
  to   space 4096K, 0% used [0x00000000ec400000,0x00000000ec400000,0x00000000ec800000)
 ParOldGen       total 68608K, used 0K [0x00000000c0000000, 0x00000000c4300000, 0x00000000eab00000)
  object space 68608K, 0% used [0x00000000c0000000,0x00000000c0000000,0x00000000c4300000)
 Metaspace       used 4337K, committed 4544K, reserved 1114112K
  class space    used 436K, committed 512K, reserved 1048576K
}
Event: 6.300 GC heap after
{Heap after GC invocations=1 (full 0):
 PSYoungGen      total 29696K, used 3173K [0x00000000eab00000, 0x00000000ecc00000, 0x0000000100000000)
  eden space 25600K, 0% used [0x00000000eab00000,0x00000000eab00000,0x00000000ec400000)
  from space 4096K, 77% used [0x00000000ec400000,0x00000000ec7197f0,0x00000000ec800000)
  to   space 4096K, 0% used [0x00000000ec800000,0x00000000ec800000,0x00000000ecc00000)
 ParOldGen       total 68608K, used 0K [0x00000000c0000000, 0x00000000c4300000, 0x00000000eab00000)
  object space 68608K, 0% used [0x00000000c0000000,0x00000000c0000000,0x00000000c4300000)
 Metaspace       used 4337K, committed 4544K, reserved 1114112K
  class space    used 436K, committed 512K, reserved 1048576K
}

Dll operation events (8 events):
Event: 0.053 Loaded shared library c:\Users\palak\.vscode\extensions\redhat.java-1.40.0-win32-x64\jre\21.0.6-win32-x86_64\bin\java.dll
Event: 0.845 Loaded shared library c:\Users\palak\.vscode\extensions\redhat.java-1.40.0-win32-x64\jre\21.0.6-win32-x86_64\bin\zip.dll
Event: 1.129 Loaded shared library C:\Users\palak\.vscode\extensions\redhat.java-1.40.0-win32-x64\jre\21.0.6-win32-x86_64\bin\instrument.dll
Event: 1.213 Loaded shared library C:\Users\palak\.vscode\extensions\redhat.java-1.40.0-win32-x64\jre\21.0.6-win32-x86_64\bin\net.dll
Event: 1.247 Loaded shared library C:\Users\palak\.vscode\extensions\redhat.java-1.40.0-win32-x64\jre\21.0.6-win32-x86_64\bin\nio.dll
Event: 1.264 Loaded shared library C:\Users\palak\.vscode\extensions\redhat.java-1.40.0-win32-x64\jre\21.0.6-win32-x86_64\bin\zip.dll
Event: 2.723 Loaded shared library C:\Users\palak\.vscode\extensions\redhat.java-1.40.0-win32-x64\jre\21.0.6-win32-x86_64\bin\jimage.dll
Event: 3.086 Loaded shared library c:\Users\palak\.vscode\extensions\redhat.java-1.40.0-win32-x64\jre\21.0.6-win32-x86_64\bin\verify.dll

Deoptimization events (20 events):
Event: 11.142 Thread 0x0000023351c2d840 Uncommon trap: trap_request=0xffffff45 fr.pc=0x000002335ebd5a44 relative=0x00000000000002a4
Event: 11.159 Thread 0x0000023351c2d840 Uncommon trap: reason=unstable_if action=reinterpret pc=0x000002335ebd5a44 method=java.util.HashMap$HashIterator.<init>(Ljava/util/HashMap;)V @ 45 c2
Event: 11.159 Thread 0x0000023351c2d840 DEOPT PACKING pc=0x000002335ebd5a44 sp=0x00000074f81fe620
Event: 11.159 Thread 0x0000023351c2d840 DEOPT UNPACKING pc=0x000002335e653aa2 sp=0x00000074f81fe5b8 mode 2
Event: 12.289 Thread 0x0000023351c2d840 Uncommon trap: trap_request=0xffffff45 fr.pc=0x000002335ec1cf4c relative=0x00000000000000ac
Event: 12.289 Thread 0x0000023351c2d840 Uncommon trap: reason=unstable_if action=reinterpret pc=0x000002335ec1cf4c method=java.util.concurrent.locks.ReentrantLock$NonfairSync.initialTryLock()Z @ 10 c2
Event: 12.289 Thread 0x0000023351c2d840 DEOPT PACKING pc=0x000002335ec1cf4c sp=0x00000074f81fe9b0
Event: 12.289 Thread 0x0000023351c2d840 DEOPT UNPACKING pc=0x000002335e653aa2 sp=0x00000074f81fe940 mode 2
Event: 12.294 Thread 0x0000023351c2d840 Uncommon trap: trap_request=0xffffff45 fr.pc=0x000002335ec1cbb4 relative=0x0000000000000094
Event: 12.294 Thread 0x0000023351c2d840 Uncommon trap: reason=unstable_if action=reinterpret pc=0x000002335ec1cbb4 method=java.util.concurrent.locks.ReentrantLock$Sync.tryRelease(I)Z @ 26 c2
Event: 12.294 Thread 0x0000023351c2d840 DEOPT PACKING pc=0x000002335ec1cbb4 sp=0x00000074f81fea80
Event: 12.294 Thread 0x0000023351c2d840 DEOPT UNPACKING pc=0x000002335e653aa2 sp=0x00000074f81fea00 mode 2
Event: 12.952 Thread 0x0000023351c2d840 DEOPT PACKING pc=0x0000023357218f88 sp=0x00000074f81fc4c0
Event: 12.952 Thread 0x0000023351c2d840 DEOPT UNPACKING pc=0x000002335e654242 sp=0x00000074f81fb940 mode 0
Event: 12.954 Thread 0x0000023351c2d840 DEOPT PACKING pc=0x0000023357218f88 sp=0x00000074f81fc7d0
Event: 12.954 Thread 0x0000023351c2d840 DEOPT UNPACKING pc=0x000002335e654242 sp=0x00000074f81fbc50 mode 0
Event: 12.955 Thread 0x0000023351c2d840 DEOPT PACKING pc=0x0000023357218f88 sp=0x00000074f81fc720
Event: 12.955 Thread 0x0000023351c2d840 DEOPT UNPACKING pc=0x000002335e654242 sp=0x00000074f81fbba0 mode 0
Event: 12.957 Thread 0x0000023351c2d840 DEOPT PACKING pc=0x0000023357218f88 sp=0x00000074f81fca20
Event: 12.957 Thread 0x0000023351c2d840 DEOPT UNPACKING pc=0x000002335e654242 sp=0x00000074f81fbea0 mode 0

Classes loaded (20 events):
Event: 12.362 Loading class java/util/concurrent/ScheduledThreadPoolExecutor$ScheduledFutureTask
Event: 12.363 Loading class java/util/concurrent/FutureTask
Event: 12.363 Loading class java/util/concurrent/FutureTask done
Event: 12.363 Loading class java/util/concurrent/ScheduledThreadPoolExecutor$ScheduledFutureTask done
Event: 12.363 Loading class java/util/concurrent/FutureTask$WaitNode
Event: 12.363 Loading class java/util/concurrent/FutureTask$WaitNode done
Event: 12.363 Loading class java/util/concurrent/Executors$RunnableAdapter
Event: 12.364 Loading class java/util/concurrent/Executors$RunnableAdapter done
Event: 12.364 Loading class java/util/concurrent/ThreadPoolExecutor$Worker
Event: 12.367 Loading class java/util/concurrent/ThreadPoolExecutor$Worker done
Event: 12.824 Loading class java/util/ConcurrentModificationException
Event: 12.824 Loading class java/util/ConcurrentModificationException done
Event: 12.897 Loading class java/net/ContentHandlerFactory
Event: 12.897 Loading class java/net/ContentHandlerFactory done
Event: 12.914 Loading class java/net/ContentHandler
Event: 12.914 Loading class java/net/ContentHandler done
Event: 12.934 Loading class javax/xml/parsers/ParserConfigurationException
Event: 12.934 Loading class javax/xml/parsers/ParserConfigurationException done
Event: 12.939 Loading class java/security/KeyStoreException
Event: 12.940 Loading class java/security/KeyStoreException done

Classes unloaded (0 events):
No events

Classes redefined (0 events):
No events

Internal exceptions (20 events):
Event: 5.713 Thread 0x0000023351c2d840 Exception <a 'java/lang/NoSuchMethodError'{0x00000000ec3aa4a0}: 'void java.lang.invoke.DirectMethodHandle$Holder.invokeStatic(java.lang.Object, java.lang.Object, java.lang.Object, java.lang.Object)'> (0x00000000ec3aa4a0) 
thrown [s\src\hotspot\share\interpreter\linkResolver.cpp, line 773]
Event: 5.776 Thread 0x0000023351c2d840 Implicit null exception at 0x000002335ebfbf9a to 0x000002335ebfc1a4
Event: 5.776 Thread 0x0000023351c2d840 Implicit null exception at 0x000002335ebe88bd to 0x000002335ebe8941
Event: 7.154 Thread 0x0000023351c2d840 Exception <a 'java/lang/NoSuchMethodError'{0x00000000ead2c7e0}: 'long java.lang.invoke.DirectMethodHandle$Holder.invokeStatic(java.lang.Object, java.lang.Object, int)'> (0x00000000ead2c7e0) 
thrown [s\src\hotspot\share\interpreter\linkResolver.cpp, line 773]
Event: 7.155 Thread 0x0000023351c2d840 Exception <a 'java/lang/NoSuchMethodError'{0x00000000ead345b0}: 'java.lang.Object java.lang.invoke.DirectMethodHandle$Holder.invokeSpecial(java.lang.Object, java.lang.Object, java.lang.Object, java.lang.Object, long)'> (0x00000000ead345b0) 
thrown [s\src\hotspot\share\interpreter\linkResolver.cpp, line 773]
Event: 7.157 Thread 0x0000023351c2d840 Exception <a 'java/lang/NoSuchMethodError'{0x00000000ead42230}: 'java.lang.Object java.lang.invoke.DirectMethodHandle$Holder.invokeSpecial(java.lang.Object, java.lang.Object, java.lang.Object, int, java.lang.Object)'> (0x00000000ead42230) 
thrown [s\src\hotspot\share\interpreter\linkResolver.cpp, line 773]
Event: 7.161 Thread 0x0000023351c2d840 Exception <a 'java/lang/NoSuchMethodError'{0x00000000ead5bc30}: 'java.lang.Object java.lang.invoke.Invokers$Holder.invokeExact_MT(java.lang.Object, java.lang.Object, java.lang.Object, java.lang.Object, java.lang.Object, java.lang.Object)'> (0x00000000ead5bc30) 
thrown [s\src\hotspot\share\interpreter\linkResolver.cpp, line 773]
Event: 7.342 Thread 0x0000023351c2d840 Exception <a 'java/lang/NoSuchMethodError'{0x00000000ead754e8}: 'int java.lang.invoke.DirectMethodHandle$Holder.invokeStaticInit(java.lang.Object, java.lang.Object, java.lang.Object, java.lang.Object)'> (0x00000000ead754e8) 
thrown [s\src\hotspot\share\interpreter\linkResolver.cpp, line 773]
Event: 7.345 Thread 0x0000023351c2d840 Exception <a 'java/lang/NoSuchMethodError'{0x00000000ead7df38}: 'java.lang.Object java.lang.invoke.DirectMethodHandle$Holder.invokeInterface(java.lang.Object, java.lang.Object)'> (0x00000000ead7df38) 
thrown [s\src\hotspot\share\interpreter\linkResolver.cpp, line 773]
Event: 7.345 Thread 0x0000023351c2d840 Exception <a 'java/lang/IncompatibleClassChangeError'{0x00000000ead81470}: Found class java.lang.Object, but interface was expected> (0x00000000ead81470) 
thrown [s\src\hotspot\share\interpreter\linkResolver.cpp, line 840]
Event: 7.346 Thread 0x0000023351c2d840 Exception <a 'java/lang/NoSuchMethodError'{0x00000000ead85628}: 'void java.lang.invoke.DirectMethodHandle$Holder.invokeStatic(java.lang.Object, java.lang.Object)'> (0x00000000ead85628) 
thrown [s\src\hotspot\share\interpreter\linkResolver.cpp, line 773]
Event: 7.347 Thread 0x0000023351c2d840 Exception <a 'java/lang/NoSuchMethodError'{0x00000000ead889d0}: 'void java.lang.invoke.DirectMethodHandle$Holder.invokeStaticInit(java.lang.Object, java.lang.Object)'> (0x00000000ead889d0) 
thrown [s\src\hotspot\share\interpreter\linkResolver.cpp, line 773]
Event: 7.349 Thread 0x0000023351c2d840 Exception <a 'java/lang/NoSuchMethodError'{0x00000000ead8f9d0}: 'int java.lang.invoke.DirectMethodHandle$Holder.invokeStaticInit(java.lang.Object, java.lang.Object)'> (0x00000000ead8f9d0) 
thrown [s\src\hotspot\share\interpreter\linkResolver.cpp, line 773]
Event: 7.567 Thread 0x0000023351c2d840 Exception <a 'java/lang/NoSuchMethodError'{0x00000000eaef6ca0}: 'void java.lang.invoke.DirectMethodHandle$Holder.invokeSpecial(java.lang.Object, java.lang.Object, java.lang.Object)'> (0x00000000eaef6ca0) 
thrown [s\src\hotspot\share\interpreter\linkResolver.cpp, line 773]
Event: 9.797 Thread 0x0000023351c2d840 Exception <a 'java/lang/NoSuchMethodError'{0x00000000eb9073e0}: 'int java.lang.invoke.DirectMethodHandle$Holder.invokeVirtual(java.lang.Object, java.lang.Object)'> (0x00000000eb9073e0) 
thrown [s\src\hotspot\share\interpreter\linkResolver.cpp, line 773]
Event: 10.169 Thread 0x0000023351c2d840 Exception <a 'sun/nio/fs/WindowsException'{0x00000000eb983d58}> (0x00000000eb983d58) 
thrown [s\src\hotspot\share\prims\jni.cpp, line 520]
Event: 10.196 Thread 0x0000023351c2d840 Exception <a 'sun/nio/fs/WindowsException'{0x00000000eb98bd98}> (0x00000000eb98bd98) 
thrown [s\src\hotspot\share\prims\jni.cpp, line 520]
Event: 10.212 Thread 0x0000023351c2d840 Exception <a 'sun/nio/fs/WindowsException'{0x00000000eb999378}> (0x00000000eb999378) 
thrown [s\src\hotspot\share\prims\jni.cpp, line 520]
Event: 12.728 Thread 0x0000023351c2d840 Exception <a 'java/lang/NoSuchMethodError'{0x00000000ebf51b08}: 'java.lang.Object java.lang.invoke.DirectMethodHandle$Holder.newInvokeSpecial(java.lang.Object, int, java.lang.Object)'> (0x00000000ebf51b08) 
thrown [s\src\hotspot\share\interpreter\linkResolver.cpp, line 773]
Event: 12.862 Thread 0x0000023351c2d840 Exception <a 'java/lang/NoSuchMethodError'{0x00000000ec068b60}: 'java.lang.Object java.lang.invoke.DirectMethodHandle$Holder.newInvokeSpecial(java.lang.Object, java.lang.Object, java.lang.Object, java.lang.Object, int, java.lang.Object)'> (0x00000000ec068b60) 
thrown [s\src\hotspot\share\interpreter\linkResolver.cpp, line 773]

ZGC Phase Switch (0 events):
No events

VM Operations (20 events):
Event: 5.282 Executing VM operation: Cleanup
Event: 5.298 Executing VM operation: Cleanup done
Event: 5.344 Executing VM operation: HandshakeAllThreads (Deoptimize)
Event: 5.344 Executing VM operation: HandshakeAllThreads (Deoptimize) done
Event: 6.227 Executing VM operation: ParallelGCFailedAllocation (Allocation Failure)
Event: 6.300 Executing VM operation: ParallelGCFailedAllocation (Allocation Failure) done
Event: 7.308 Executing VM operation: Cleanup
Event: 7.335 Executing VM operation: Cleanup done
Event: 8.344 Executing VM operation: Cleanup
Event: 8.360 Executing VM operation: Cleanup done
Event: 9.367 Executing VM operation: Cleanup
Event: 9.367 Executing VM operation: Cleanup done
Event: 10.237 Executing VM operation: HandshakeAllThreads (Deoptimize)
Event: 10.237 Executing VM operation: HandshakeAllThreads (Deoptimize) done
Event: 11.246 Executing VM operation: Cleanup
Event: 11.260 Executing VM operation: Cleanup done
Event: 12.266 Executing VM operation: Cleanup
Event: 12.266 Executing VM operation: Cleanup done
Event: 12.452 Executing VM operation: HandshakeAllThreads (Deoptimize)
Event: 12.452 Executing VM operation: HandshakeAllThreads (Deoptimize) done

Memory protections (0 events):
No events

Nmethod flushes (0 events):
No events

Events (20 events):
Event: 0.101 Thread 0x0000023351c2d840 Thread added: 0x0000023351c2d840
Event: 0.183 Thread 0x0000023351c2d840 Thread added: 0x0000023353f9c410
Event: 0.202 Thread 0x0000023351c2d840 Thread added: 0x0000023368210c70
Event: 0.274 Thread 0x0000023351c2d840 Thread added: 0x0000023368213390
Event: 0.324 Thread 0x0000023351c2d840 Thread added: 0x0000023368213fe0
Event: 0.359 Thread 0x0000023351c2d840 Thread added: 0x00000233682162c0
Event: 0.369 Thread 0x0000023351c2d840 Thread added: 0x000002336821f8c0
Event: 0.381 Thread 0x0000023351c2d840 Thread added: 0x0000023368224190
Event: 0.467 Thread 0x0000023351c2d840 Thread added: 0x000002336828e8e0
Event: 0.777 Thread 0x0000023351c2d840 Thread added: 0x00000233682ce5e0
Event: 3.669 Thread 0x0000023351c2d840 Thread added: 0x000002336d27ce10
Event: 4.050 Thread 0x000002336828e8e0 Thread added: 0x000002336d2a9450
Event: 4.564 Thread 0x000002336d2a9450 Thread exited: 0x000002336d2a9450
Event: 5.342 Thread 0x000002336828e8e0 Thread added: 0x000002336d87f980
Event: 5.692 Thread 0x000002336d87f980 Thread exited: 0x000002336d87f980
Event: 7.576 Thread 0x000002336828e8e0 Thread added: 0x000002336d87fdb0
Event: 7.891 Thread 0x000002336d87fdb0 Thread exited: 0x000002336d87fdb0
Event: 8.034 Thread 0x000002336828e8e0 Thread added: 0x000002336d87fdb0
Event: 8.442 Thread 0x000002336d87fdb0 Thread exited: 0x000002336d87fdb0
Event: 12.372 Thread 0x0000023351c2d840 Thread added: 0x000002336d6048e0


Dynamic libraries:
0x00007ff62aad0000 - 0x00007ff62aade000 	c:\Users\palak\.vscode\extensions\redhat.java-1.40.0-win32-x64\jre\21.0.6-win32-x86_64\bin\java.exe
0x00007ff913fc0000 - 0x00007ff914223000 	C:\WINDOWS\SYSTEM32\ntdll.dll
0x00007ff913410000 - 0x00007ff9134d7000 	C:\WINDOWS\System32\KERNEL32.DLL
0x00007ff911630000 - 0x00007ff9119f9000 	C:\WINDOWS\System32\KERNELBASE.dll
0x00007ff9111f0000 - 0x00007ff91133c000 	C:\WINDOWS\System32\ucrtbase.dll
0x00007ff9083d0000 - 0x00007ff9083e8000 	c:\Users\palak\.vscode\extensions\redhat.java-1.40.0-win32-x64\jre\21.0.6-win32-x86_64\bin\jli.dll
0x00007ff913240000 - 0x00007ff91340a000 	C:\WINDOWS\System32\USER32.dll
0x00007ff9111c0000 - 0x00007ff9111e7000 	C:\WINDOWS\System32\win32u.dll
0x00007ff913870000 - 0x00007ff91389a000 	C:\WINDOWS\System32\GDI32.dll
0x00007ff911a00000 - 0x00007ff911b31000 	C:\WINDOWS\System32\gdi32full.dll
0x00007ff9114c0000 - 0x00007ff911563000 	C:\WINDOWS\System32\msvcp_win.dll
0x00007ff9066c0000 - 0x00007ff9066de000 	c:\Users\palak\.vscode\extensions\redhat.java-1.40.0-win32-x64\jre\21.0.6-win32-x86_64\bin\VCRUNTIME140.dll
0x00007ff8f1be0000 - 0x00007ff8f1e70000 	C:\WINDOWS\WinSxS\amd64_microsoft.windows.common-controls_6595b64144ccf1df_6.0.26100.3323_none_3e088096e3344490\COMCTL32.dll
0x00007ff911de0000 - 0x00007ff911e89000 	C:\WINDOWS\System32\msvcrt.dll
0x00007ff912870000 - 0x00007ff91289f000 	C:\WINDOWS\System32\IMM32.DLL
0x00007ff90c1b0000 - 0x00007ff90c1bc000 	c:\Users\palak\.vscode\extensions\redhat.java-1.40.0-win32-x64\jre\21.0.6-win32-x86_64\bin\vcruntime140_1.dll
0x00007ff8ce410000 - 0x00007ff8ce49d000 	c:\Users\palak\.vscode\extensions\redhat.java-1.40.0-win32-x64\jre\21.0.6-win32-x86_64\bin\msvcp140.dll
0x00007ff8810d0000 - 0x00007ff881e60000 	c:\Users\palak\.vscode\extensions\redhat.java-1.40.0-win32-x64\jre\21.0.6-win32-x86_64\bin\server\jvm.dll
0x00007ff9127b0000 - 0x00007ff912862000 	C:\WINDOWS\System32\ADVAPI32.dll
0x00007ff9128b0000 - 0x00007ff912956000 	C:\WINDOWS\System32\sechost.dll
0x00007ff913e60000 - 0x00007ff913f76000 	C:\WINDOWS\System32\RPCRT4.dll
0x00007ff913ab0000 - 0x00007ff913b24000 	C:\WINDOWS\System32\WS2_32.dll
0x00007ff911050000 - 0x00007ff91109e000 	C:\WINDOWS\SYSTEM32\POWRPROF.dll
0x00007ff90b4a0000 - 0x00007ff90b4d6000 	C:\WINDOWS\SYSTEM32\WINMM.dll
0x00007ff90b4e0000 - 0x00007ff90b4eb000 	C:\WINDOWS\SYSTEM32\VERSION.dll
0x00007ff911030000 - 0x00007ff911044000 	C:\WINDOWS\SYSTEM32\UMPDC.dll
0x00007ff90ffe0000 - 0x00007ff90fffa000 	C:\WINDOWS\SYSTEM32\kernel.appcore.dll
0x00007ff9068d0000 - 0x00007ff9068da000 	c:\Users\palak\.vscode\extensions\redhat.java-1.40.0-win32-x64\jre\21.0.6-win32-x86_64\bin\jimage.dll
0x00007ff903c50000 - 0x00007ff903e91000 	C:\WINDOWS\SYSTEM32\DBGHELP.DLL
0x00007ff912420000 - 0x00007ff9127a2000 	C:\WINDOWS\System32\combase.dll
0x00007ff912960000 - 0x00007ff912a36000 	C:\WINDOWS\System32\OLEAUT32.dll
0x00007ff8f2020000 - 0x00007ff8f2059000 	C:\WINDOWS\SYSTEM32\dbgcore.DLL
0x00007ff911d40000 - 0x00007ff911dd9000 	C:\WINDOWS\System32\bcryptPrimitives.dll
0x00007ff8f7d40000 - 0x00007ff8f7d4f000 	c:\Users\palak\.vscode\extensions\redhat.java-1.40.0-win32-x64\jre\21.0.6-win32-x86_64\bin\instrument.dll
0x00007ff8f7a60000 - 0x00007ff8f7a7f000 	c:\Users\palak\.vscode\extensions\redhat.java-1.40.0-win32-x64\jre\21.0.6-win32-x86_64\bin\java.dll
0x00007ff912ac0000 - 0x00007ff9131d5000 	C:\WINDOWS\System32\SHELL32.dll
0x00007ff911b40000 - 0x00007ff911ca8000 	C:\WINDOWS\System32\wintypes.dll
0x00007ff90eea0000 - 0x00007ff90f6e5000 	C:\WINDOWS\SYSTEM32\windows.storage.dll
0x00007ff913b30000 - 0x00007ff913c1b000 	C:\WINDOWS\System32\SHCORE.dll
0x00007ff913ca0000 - 0x00007ff913cfd000 	C:\WINDOWS\System32\shlwapi.dll
0x00007ff9110d0000 - 0x00007ff9110ff000 	C:\WINDOWS\SYSTEM32\profapi.dll
0x00007ff8e5850000 - 0x00007ff8e5868000 	c:\Users\palak\.vscode\extensions\redhat.java-1.40.0-win32-x64\jre\21.0.6-win32-x86_64\bin\zip.dll
0x00007ff8eddd0000 - 0x00007ff8edde0000 	C:\Users\palak\.vscode\extensions\redhat.java-1.40.0-win32-x64\jre\21.0.6-win32-x86_64\bin\net.dll
0x00007ff907790000 - 0x00007ff9078ae000 	C:\WINDOWS\SYSTEM32\WINHTTP.dll
0x00007ff910500000 - 0x00007ff91056a000 	C:\WINDOWS\system32\mswsock.dll
0x00007ff8e0e10000 - 0x00007ff8e0e26000 	C:\Users\palak\.vscode\extensions\redhat.java-1.40.0-win32-x64\jre\21.0.6-win32-x86_64\bin\nio.dll
0x00007ff8ed740000 - 0x00007ff8ed750000 	c:\Users\palak\.vscode\extensions\redhat.java-1.40.0-win32-x64\jre\21.0.6-win32-x86_64\bin\verify.dll

dbghelp: loaded successfully - version: 4.0.5 - missing functions: none
symbol engine: initialized successfully - sym options: 0x614 - pdb path: .;c:\Users\palak\.vscode\extensions\redhat.java-1.40.0-win32-x64\jre\21.0.6-win32-x86_64\bin;C:\WINDOWS\SYSTEM32;C:\WINDOWS\WinSxS\amd64_microsoft.windows.common-controls_6595b64144ccf1df_6.0.26100.3323_none_3e088096e3344490;c:\Users\palak\.vscode\extensions\redhat.java-1.40.0-win32-x64\jre\21.0.6-win32-x86_64\bin\server

VM Arguments:
jvm_args: --add-modules=ALL-SYSTEM --add-opens=java.base/java.util=ALL-UNNAMED --add-opens=java.base/java.lang=ALL-UNNAMED --add-opens=java.base/sun.nio.fs=ALL-UNNAMED -Declipse.application=org.eclipse.jdt.ls.core.id1 -Dosgi.bundles.defaultStartLevel=4 -Declipse.product=org.eclipse.jdt.ls.core.product -Djava.import.generatesMetadataFilesAtProjectRoot=false -DDetectVMInstallationsJob.disabled=true -Dfile.encoding=utf8 -XX:+UseParallelGC -XX:GCTimeRatio=4 -XX:AdaptiveSizePolicyWeight=90 -Dsun.zip.disableMemoryMapping=true -Xmx1G -Xms100m -Xlog:disable -javaagent:c:\Users\palak\.vscode\extensions\redhat.java-1.40.0-win32-x64\lombok\lombok-1.18.36.jar -XX:+HeapDumpOnOutOfMemoryError -XX:HeapDumpPath=c:\Users\palak\AppData\Roaming\Code\User\workspaceStorage\632f04cdbe9e26a6a5769c745b0508de\redhat.java -Daether.dependencyCollector.impl=bf 
java_command: c:\Users\palak\.vscode\extensions\redhat.java-1.40.0-win32-x64\server\plugins\org.eclipse.equinox.launcher_1.6.1000.v20250131-0606.jar -configuration c:\Users\palak\AppData\Roaming\Code\User\globalStorage\redhat.java\1.40.0\config_win -data c:\Users\palak\AppData\Roaming\Code\User\workspaceStorage\632f04cdbe9e26a6a5769c745b0508de\redhat.java\jdt_ws --pipe=\\.\pipe\lsp-9a9b68e2a0e27299513ff90bb97109aa-sock
java_class_path (initial): c:\Users\palak\.vscode\extensions\redhat.java-1.40.0-win32-x64\server\plugins\org.eclipse.equinox.launcher_1.6.1000.v20250131-0606.jar
Launcher Type: SUN_STANDARD

[Global flags]
    uintx AdaptiveSizePolicyWeight                 = 90                                        {product} {command line}
     intx CICompilerCount                          = 3                                         {product} {ergonomic}
    uintx GCTimeRatio                              = 4                                         {product} {command line}
     bool HeapDumpOnOutOfMemoryError               = true                                   {manageable} {command line}
    ccstr HeapDumpPath                             = c:\Users\palak\AppData\Roaming\Code\User\workspaceStorage\632f04cdbe9e26a6a5769c745b0508de\redhat.java         {manageable} {command line}
   size_t InitialHeapSize                          = 104857600                                 {product} {command line}
   size_t MaxHeapSize                              = 1073741824                                {product} {command line}
   size_t MaxNewSize                               = 357564416                                 {product} {ergonomic}
   size_t MinHeapDeltaBytes                        = 524288                                    {product} {ergonomic}
   size_t MinHeapSize                              = 104857600                                 {product} {command line}
   size_t NewSize                                  = 34603008                                  {product} {ergonomic}
    uintx NonNMethodCodeHeapSize                   = 5832780                                {pd product} {ergonomic}
    uintx NonProfiledCodeHeapSize                  = 122912730                              {pd product} {ergonomic}
   size_t OldSize                                  = 70254592                                  {product} {ergonomic}
    uintx ProfiledCodeHeapSize                     = 122912730                              {pd product} {ergonomic}
    uintx ReservedCodeCacheSize                    = 251658240                              {pd product} {ergonomic}
     bool SegmentedCodeCache                       = true                                      {product} {ergonomic}
   size_t SoftMaxHeapSize                          = 1073741824                             {manageable} {ergonomic}
     bool UseCompressedOops                        = true                           {product lp64_product} {ergonomic}
     bool UseLargePagesIndividualAllocation        = false                                  {pd product} {ergonomic}
     bool UseParallelGC                            = true                                      {product} {command line}

Logging:
Log output configuration:
 #0: stdout all=off uptime,level,tags foldmultilines=false
 #1: stderr all=off uptime,level,tags foldmultilines=false

Environment Variables:
JAVA_HOME=C:\Users\palak\Downloads\java-21-openjdk-21.0.1.0.12-3.win.jdk.x86_64\java-21-openjdk-21.0.1.0.12-3.win.jdk.x86_64
PATH=C:\Program Files (x86)\Common Files\Oracle\Java\java8path;C:\Program Files (x86)\Common Files\Oracle\Java\javapath;C:\WINDOWS\system32;C:\WINDOWS;C:\WINDOWS\System32\Wbem;C:\WINDOWS\System32\WindowsPowerShell\v1.0\;C:\WINDOWS\System32\OpenSSH\;C:\Users\palak\Downloads\java-21-openjdk-21.0.1.0.12-3.win.jdk.x86_64\java-21-openjdk-21.0.1.0.12-3.win.jdk.x86_64\bin;C:\Users\palak\Downloads\apache-maven-3.9.8-bin\bin;c:\users\palak\appdata\local\packages\pythonsoftwarefoundation.python.3.11_qbz5n2kfra8p0\localcache\local-packages\python311\site-packages;C:\ProgramData\chocolatey\bin;C:\Program Files\nodejs\;C:\Users\palak\AppData\Local\Programs\Python\Python312\Scripts;C:\Program Files\Git\cmd;C:\Users\palak\Downloads\flutter_windows_3.27.3-stable\flutter\bin;C:\Users\palak\AppData\Local\Android\Sdk\cmdline-tools\latest\bin;C:\Users\palak\AppData\Local\Android\Sdk\platform-tools;C:\ffmpeg;C:\Program Files\MongoDB\Server\8.0\bin;C:\Users\palak\AppData\Local\Programs\Python\Python313\Scripts\;C:\Users\palak\AppData\Local\Programs\Python\Python313\;C:\Users\palak\AppData\Local\Programs\Python\Python312\Scripts\;C:\Users\palak\AppData\Local\Programs\Python\Python312\;C:\Users\palak\AppData\Local\Programs\Python\Launcher\;C:\Program Files\MySQL\MySQL Shell 8.0\bin\;C:\Users\palak\AppData\Local\Microsoft\WindowsApps;C:\Users\palak\AppData\Local\Programs\Microsoft VS Code\bin;C:\Program Files\JetBrains\IntelliJ IDEA Community Edition 2023.3.3\bin;C:\Users\palak\AppData\Local\JetBrains\CLion 2023.3.4\bin;C:\Program Files\JetBrains\PyCharm 2024.1.2\bin;C:\Program Files\JetBrains\PyCharm Community Edition 2024.1.4\bin;C:\Users\palak\AppData\Local\JetBrains\Toolbox\scripts;C:\Users\palak\AppData\Roaming\npm;C:\Users\palak\AppData\Local\GitHubDesktop\bin;C:\Users\palak\AppData\Local\Microsoft\WindowsApps;
USERNAME=palak
OS=Windows_NT
PROCESSOR_IDENTIFIER=AMD64 Family 23 Model 24 Stepping 1, AuthenticAMD
TMP=C:\Users\palak\AppData\Local\Temp
TEMP=C:\Users\palak\AppData\Local\Temp




Periodic native trim disabled

---------------  S Y S T E M  ---------------

OS:
 Windows 11 , 64 bit Build 26100 (10.0.26100.3323)
OS uptime: 0 days 5:38 hours

CPU: total 4 (initial active 4) (4 cores per cpu, 2 threads per core) family 23 model 24 stepping 1 microcode 0x8108109, cx8, cmov, fxsr, ht, mmx, 3dnowpref, sse, sse2, sse3, ssse3, sse4a, sse4.1, sse4.2, popcnt, lzcnt, tsc, tscinvbit, avx, avx2, aes, clmul, bmi1, bmi2, adx, sha, fma, vzeroupper, clflush, clflushopt, rdtscp, f16c
Processor Information for the first 4 processors :
  Max Mhz: 2600, Current Mhz: 2600, Mhz Limit: 2600

Memory: 4k page, system-wide physical 6086M (582M free)
TotalPageFile size 14278M (AvailPageFile size 0M)
current process WorkingSet (physical memory assigned to process): 86M, peak: 86M
current process commit charge ("private bytes"): 191M, peak: 191M

vm_info: OpenJDK 64-Bit Server VM (21.0.6+7-LTS) for windows-amd64 JRE (21.0.6+7-LTS), built on 2025-01-21T00:00:00Z by "admin" with MS VC++ 17.7 (VS2022)

END.
