#
# There is insufficient memory for the Java Runtime Environment to continue.
# Native memory allocation (malloc) failed to allocate 65552 bytes. Error detail: Chunk::new
# Possible reasons:
#   The system is out of physical RAM or swap space
#   This process is running with CompressedOops enabled, and the Java Heap may be blocking the growth of the native heap
# Possible solutions:
#   Reduce memory load on the system
#   Increase physical memory or swap space
#   Check if swap backing store is full
#   Decrease Java heap size (-Xmx/-Xms)
#   Decrease number of Java threads
#   Decrease Java thread stack sizes (-Xss)
#   Set larger code cache with -XX:ReservedCodeCacheSize=
#   JVM is running with Unscaled Compressed Oops mode in which the Java heap is
#     placed in the first 4GB address space. The Java Heap base address is the
#     maximum limit for the native heap growth. Please use -XX:HeapBaseMinAddress
#     to set the Java Heap base and to place the Java Heap above 4GB virtual address.
# This output file may be truncated or incomplete.
#
#  Out of Memory Error (arena.cpp:168), pid=10484, tid=13124
#
# JRE version: OpenJDK Runtime Environment Temurin-21.0.6+7 (21.0.6+7) (build 21.0.6+7-LTS)
# Java VM: OpenJDK 64-Bit Server VM Temurin-21.0.6+7 (21.0.6+7-LTS, mixed mode, sharing, tiered, compressed oops, compressed class ptrs, parallel gc, windows-amd64)
# No core dump will be written. Minidumps are not enabled by default on client versions of Windows
#

---------------  S U M M A R Y ------------

Command Line: --add-modules=ALL-SYSTEM --add-opens=java.base/java.util=ALL-UNNAMED --add-opens=java.base/java.lang=ALL-UNNAMED --add-opens=java.base/sun.nio.fs=ALL-UNNAMED -Declipse.application=org.eclipse.jdt.ls.core.id1 -Dosgi.bundles.defaultStartLevel=4 -Declipse.product=org.eclipse.jdt.ls.core.product -Djava.import.generatesMetadataFilesAtProjectRoot=false -DDetectVMInstallationsJob.disabled=true -Dfile.encoding=utf8 -XX:+UseParallelGC -XX:GCTimeRatio=4 -XX:AdaptiveSizePolicyWeight=90 -Dsun.zip.disableMemoryMapping=true -Xmx1G -Xms100m -Xlog:disable -javaagent:c:\Users\palak\.vscode\extensions\redhat.java-1.40.0-win32-x64\lombok\lombok-1.18.36.jar c:\Users\palak\.vscode\extensions\redhat.java-1.40.0-win32-x64\server\plugins\org.eclipse.equinox.launcher_1.6.1000.v20250131-0606.jar -configuration c:\Users\palak\AppData\Roaming\Code\User\globalStorage\redhat.java\1.40.0\config_ss_win -data c:\Users\palak\AppData\Roaming\Code\User\workspaceStorage\632f04cdbe9e26a6a5769c745b0508de\redhat.java\ss_ws --pipe=\\.\pipe\lsp-56b46ebd1fc9674bdefd1322272cc2e9-sock

Host: AMD Ryzen 3 3250U with Radeon Graphics         , 4 cores, 5G,  Windows 11 , 64 bit Build 26100 (10.0.26100.3323)
Time: Tue Mar 18 19:29:58 2025 India Standard Time elapsed time: 16.935375 seconds (0d 0h 0m 16s)

---------------  T H R E A D  ---------------

Current thread (0x000001d07e8421e0):  JavaThread "C2 CompilerThread0" daemon [_thread_in_native, id=13124, stack(0x00000030c1d00000,0x00000030c1e00000) (1024K)]


Current CompileTask:
C2:16935 2707       4       org.lombokweb.asm.ClassReader::readMethod (1070 bytes)

Stack: [0x00000030c1d00000,0x00000030c1e00000]
Native frames: (J=compiled Java code, j=interpreted, Vv=VM code, C=native code)
V  [jvm.dll+0x6cdee9]
V  [jvm.dll+0x8a83d1]
V  [jvm.dll+0x8aa8fe]
V  [jvm.dll+0x8aafe3]
V  [jvm.dll+0x27f706]
V  [jvm.dll+0xc500d]
V  [jvm.dll+0xc5543]
V  [jvm.dll+0x6f3592]
V  [jvm.dll+0x2466fe]
V  [jvm.dll+0x1c75ee]
V  [jvm.dll+0x25685a]
V  [jvm.dll+0x254dfa]
V  [jvm.dll+0x3f0256]
V  [jvm.dll+0x851f8b]
V  [jvm.dll+0x6cc5ed]
C  [ucrtbase.dll+0x37b0]
C  [KERNEL32.DLL+0x2e8d7]
C  [ntdll.dll+0xbbf6c]


---------------  P R O C E S S  ---------------

Threads class SMR info:
_java_thread_list=0x000001d05473de40, length=20, elements={
0x000001d079500630, 0x000001d07e82cfa0, 0x000001d07e82f470, 0x000001d07e8335e0,
0x000001d07e834230, 0x000001d07e838730, 0x000001d07e83dd10, 0x000001d07e8421e0,
0x000001d07e8b0020, 0x000001d07956e4a0, 0x000001d07f874570, 0x000001d054652ff0,
0x000001d05469dfc0, 0x000001d0543c6fe0, 0x000001d0543d6b50, 0x000001d07e8e30a0,
0x000001d07f76bd30, 0x000001d054155030, 0x000001d05429bd40, 0x000001d0544f3e60
}

Java Threads: ( => current thread )
  0x000001d079500630 JavaThread "main"                              [_thread_blocked, id=10468, stack(0x00000030c1300000,0x00000030c1400000) (1024K)]
  0x000001d07e82cfa0 JavaThread "Reference Handler"          daemon [_thread_blocked, id=21284, stack(0x00000030c1700000,0x00000030c1800000) (1024K)]
  0x000001d07e82f470 JavaThread "Finalizer"                  daemon [_thread_blocked, id=2564, stack(0x00000030c1800000,0x00000030c1900000) (1024K)]
  0x000001d07e8335e0 JavaThread "Signal Dispatcher"          daemon [_thread_blocked, id=16612, stack(0x00000030c1900000,0x00000030c1a00000) (1024K)]
  0x000001d07e834230 JavaThread "Attach Listener"            daemon [_thread_blocked, id=14148, stack(0x00000030c1a00000,0x00000030c1b00000) (1024K)]
  0x000001d07e838730 JavaThread "Service Thread"             daemon [_thread_blocked, id=18156, stack(0x00000030c1b00000,0x00000030c1c00000) (1024K)]
  0x000001d07e83dd10 JavaThread "Monitor Deflation Thread"   daemon [_thread_blocked, id=12820, stack(0x00000030c1c00000,0x00000030c1d00000) (1024K)]
=>0x000001d07e8421e0 JavaThread "C2 CompilerThread0"         daemon [_thread_in_native, id=13124, stack(0x00000030c1d00000,0x00000030c1e00000) (1024K)]
  0x000001d07e8b0020 JavaThread "C1 CompilerThread0"         daemon [_thread_blocked, id=21388, stack(0x00000030c1e00000,0x00000030c1f00000) (1024K)]
  0x000001d07956e4a0 JavaThread "Common-Cleaner"             daemon [_thread_blocked, id=16328, stack(0x00000030c1f00000,0x00000030c2000000) (1024K)]
  0x000001d07f874570 JavaThread "Notification Thread"        daemon [_thread_blocked, id=15456, stack(0x00000030c2000000,0x00000030c2100000) (1024K)]
  0x000001d054652ff0 JavaThread "Active Thread: Equinox Container: 9624473e-bc49-499f-b33c-92a0339be8ae"        [_thread_blocked, id=9032, stack(0x00000030c2500000,0x00000030c2600000) (1024K)]
  0x000001d05469dfc0 JavaThread "Framework Event Dispatcher: Equinox Container: 9624473e-bc49-499f-b33c-92a0339be8ae" daemon [_thread_blocked, id=20344, stack(0x00000030c2400000,0x00000030c2500000) (1024K)]
  0x000001d0543c6fe0 JavaThread "Start Level: Equinox Container: 9624473e-bc49-499f-b33c-92a0339be8ae" daemon [_thread_in_native, id=14012, stack(0x00000030c2600000,0x00000030c2700000) (1024K)]
  0x000001d0543d6b50 JavaThread "SCR Component Actor"        daemon [_thread_blocked, id=8164, stack(0x00000030c2700000,0x00000030c2800000) (1024K)]
  0x000001d07e8e30a0 JavaThread "Worker-JM"                         [_thread_blocked, id=21208, stack(0x00000030c2900000,0x00000030c2a00000) (1024K)]
  0x000001d07f76bd30 JavaThread "JNA Cleaner"                daemon [_thread_blocked, id=6528, stack(0x00000030c2800000,0x00000030c2900000) (1024K)]
  0x000001d054155030 JavaThread "Worker-0"                          [_thread_blocked, id=8684, stack(0x00000030c2a00000,0x00000030c2b00000) (1024K)]
  0x000001d05429bd40 JavaThread "Worker-1"                          [_thread_blocked, id=13856, stack(0x00000030c2b00000,0x00000030c2c00000) (1024K)]
  0x000001d0544f3e60 JavaThread "SCR Component Registry"     daemon [_thread_blocked, id=9412, stack(0x00000030c2c00000,0x00000030c2d00000) (1024K)]
Total: 20

Other Threads:
  0x000001d0795be420 VMThread "VM Thread"                           [id=12632, stack(0x00000030c1600000,0x00000030c1700000) (1024K)]
  0x000001d07e7cca00 WatcherThread "VM Periodic Task Thread"        [id=15832, stack(0x00000030c1500000,0x00000030c1600000) (1024K)]
  0x000001d07951e9a0 WorkerThread "GC Thread#0"                     [id=9084, stack(0x00000030c1400000,0x00000030c1500000) (1024K)]
  0x000001d07f968380 WorkerThread "GC Thread#1"                     [id=15532, stack(0x00000030c2100000,0x00000030c2200000) (1024K)]
  0x000001d0542cce20 WorkerThread "GC Thread#2"                     [id=16660, stack(0x00000030c2200000,0x00000030c2300000) (1024K)]
  0x000001d0542cd1c0 WorkerThread "GC Thread#3"                     [id=17248, stack(0x00000030c2300000,0x00000030c2400000) (1024K)]
Total: 6

Threads with active compile tasks:
C2 CompilerThread0  17006 2707       4       org.lombokweb.asm.ClassReader::readMethod (1070 bytes)
Total: 1

VM state: not at safepoint (normal execution)

VM Mutex/Monitor currently owned by a thread: None

Heap address: 0x00000000c0000000, size: 1024 MB, Compressed Oops mode: 32-bit

CDS archive(s) mapped at: [0x000001d00f000000-0x000001d00fba0000-0x000001d00fba0000), size 12189696, SharedBaseAddress: 0x000001d00f000000, ArchiveRelocationMode: 1.
Compressed class space mapped at: 0x000001d010000000-0x000001d050000000, reserved size: 1073741824
Narrow klass base: 0x000001d00f000000, Narrow klass shift: 0, Narrow klass range: 0x100000000

GC Precious Log:
 CardTable entry size: 512
 CPUs: 4 total, 4 available
 Memory: 6086M
 Large Page Support: Disabled
 NUMA Support: Disabled
 Compressed Oops: Enabled (32-bit)
 Alignments: Space 512K, Generation 512K, Heap 2M
 Heap Min Capacity: 100M
 Heap Initial Capacity: 100M
 Heap Max Capacity: 1G
 Pre-touch: Disabled
 Parallel Workers: 4

Heap:
 PSYoungGen      total 29696K, used 26158K [0x00000000eab00000, 0x00000000ecc00000, 0x0000000100000000)
  eden space 25600K, 86% used [0x00000000eab00000,0x00000000ec08e228,0x00000000ec400000)
  from space 4096K, 99% used [0x00000000ec800000,0x00000000ecbfd688,0x00000000ecc00000)
  to   space 4096K, 0% used [0x00000000ec400000,0x00000000ec400000,0x00000000ec800000)
 ParOldGen       total 68608K, used 5906K [0x00000000c0000000, 0x00000000c4300000, 0x00000000eab00000)
  object space 68608K, 8% used [0x00000000c0000000,0x00000000c05c4850,0x00000000c4300000)
 Metaspace       used 19700K, committed 20352K, reserved 1114112K
  class space    used 1872K, committed 2112K, reserved 1048576K

Card table byte_map: [0x000001d078ea0000,0x000001d0790b0000] _byte_map_base: 0x000001d0788a0000

Marking Bits: (ParMarkBitMap*) 0x00007ffbb5163260
 Begin Bits: [0x000001d07c6f0000, 0x000001d07d6f0000)
 End Bits:   [0x000001d07d6f0000, 0x000001d07e6f0000)

Polling page: 0x000001d077350000

Metaspace:

Usage:
  Non-class:     17.41 MB used.
      Class:      1.83 MB used.
       Both:     19.24 MB used.

Virtual space:
  Non-class space:       64.00 MB reserved,      17.81 MB ( 28%) committed,  1 nodes.
      Class space:        1.00 GB reserved,       2.06 MB ( <1%) committed,  1 nodes.
             Both:        1.06 GB reserved,      19.88 MB (  2%) committed. 

Chunk freelists:
   Non-Class:  14.07 MB
       Class:  13.95 MB
        Both:  28.02 MB

MaxMetaspaceSize: unlimited
CompressedClassSpaceSize: 1.00 GB
Initial GC threshold: 21.00 MB
Current GC threshold: 21.00 MB
CDS: on
 - commit_granule_bytes: 65536.
 - commit_granule_words: 8192.
 - virtual_space_node_default_size: 8388608.
 - enlarge_chunks_in_place: 1.
 - use_allocation_guard: 0.


Internal statistics:

num_allocs_failed_limit: 0.
num_arena_births: 496.
num_arena_deaths: 0.
num_vsnodes_births: 2.
num_vsnodes_deaths: 0.
num_space_committed: 318.
num_space_uncommitted: 0.
num_chunks_returned_to_freelist: 0.
num_chunks_taken_from_freelist: 1230.
num_chunk_merges: 0.
num_chunk_splits: 800.
num_chunks_enlarged: 510.
num_inconsistent_stats: 0.

CodeHeap 'non-profiled nmethods': size=120000Kb used=1135Kb max_used=1135Kb free=118864Kb
 bounds [0x000001d007ad0000, 0x000001d007d40000, 0x000001d00f000000]
CodeHeap 'profiled nmethods': size=120000Kb used=5265Kb max_used=5265Kb free=114734Kb
 bounds [0x000001d000000000, 0x000001d000530000, 0x000001d007530000]
CodeHeap 'non-nmethods': size=5760Kb used=1294Kb max_used=1308Kb free=4465Kb
 bounds [0x000001d007530000, 0x000001d0077a0000, 0x000001d007ad0000]
 total_blobs=3277 nmethods=2704 adapters=479
 compilation: enabled
              stopped_count=0, restarted_count=0
 full_count=0

Compilation events (20 events):
Event: 16.546 Thread 0x000001d07e8b0020 nmethod 2697 0x000001d00051e990 code [0x000001d00051ebe0, 0x000001d00051f3a0]
Event: 16.546 Thread 0x000001d07e8b0020 2698       3       org.lombokweb.asm.SymbolTable::addConstantMethodref (24 bytes)
Event: 16.546 Thread 0x000001d07e8b0020 nmethod 2698 0x000001d00051f690 code [0x000001d00051f840, 0x000001d00051f9e0]
Event: 16.571 Thread 0x000001d07e8421e0 2699   !   4       org.eclipse.osgi.internal.loader.BundleLoader::getModuleClassLoader (203 bytes)
Event: 16.579 Thread 0x000001d07e8421e0 nmethod 2699 0x000001d007bea490 code [0x000001d007bea6a0, 0x000001d007bead10]
Event: 16.607 Thread 0x000001d07e8b0020 2700       3       org.lombokweb.asm.ClassReader::readLong (29 bytes)
Event: 16.608 Thread 0x000001d07e8b0020 nmethod 2700 0x000001d00051fa90 code [0x000001d00051fc40, 0x000001d00051fe08]
Event: 16.903 Thread 0x000001d07e8b0020 2701       3       org.lombokweb.asm.SymbolTable::addConstantIntegerOrFloat (100 bytes)
Event: 16.904 Thread 0x000001d07e8b0020 nmethod 2701 0x000001d00051ff10 code [0x000001d000520120, 0x000001d000520670]
Event: 16.904 Thread 0x000001d07e8b0020 2702       3       lombok.patcher.scripts.AddFieldScript$1::visitField (35 bytes)
Event: 16.904 Thread 0x000001d07e8421e0 2703       4       org.lombokweb.asm.ByteVector::putByteArray (49 bytes)
Event: 16.905 Thread 0x000001d07e8b0020 nmethod 2702 0x000001d000520910 code [0x000001d000520ae0, 0x000001d000520d50]
Event: 16.906 Thread 0x000001d07e8421e0 nmethod 2703 0x000001d007beb210 code [0x000001d007beb3a0, 0x000001d007beb530]
Event: 16.906 Thread 0x000001d07e8421e0 2704       4       org.lombokweb.asm.MethodWriter::visitLabel (332 bytes)
Event: 16.909 Thread 0x000001d07e8b0020 2705 %     3       org.lombokweb.asm.ClassReader::<init> @ 95 (359 bytes)
Event: 16.911 Thread 0x000001d07e8b0020 nmethod 2705% 0x000001d000520e90 code [0x000001d0005211a0, 0x000001d000522568]
Event: 16.916 Thread 0x000001d07e8b0020 2706       3       org.lombokweb.asm.ClassReader::<init> (359 bytes)
Event: 16.917 Thread 0x000001d07e8421e0 nmethod 2704 0x000001d007beb690 code [0x000001d007beb840, 0x000001d007bebca0]
Event: 16.918 Thread 0x000001d07e8b0020 nmethod 2706 0x000001d000522b90 code [0x000001d000522e80, 0x000001d000524060]
Event: 16.919 Thread 0x000001d07e8421e0 2707       4       org.lombokweb.asm.ClassReader::readMethod (1070 bytes)

GC Heap History (8 events):
Event: 3.403 GC heap before
{Heap before GC invocations=1 (full 0):
 PSYoungGen      total 29696K, used 25600K [0x00000000eab00000, 0x00000000ecc00000, 0x0000000100000000)
  eden space 25600K, 100% used [0x00000000eab00000,0x00000000ec400000,0x00000000ec400000)
  from space 4096K, 0% used [0x00000000ec800000,0x00000000ec800000,0x00000000ecc00000)
  to   space 4096K, 0% used [0x00000000ec400000,0x00000000ec400000,0x00000000ec800000)
 ParOldGen       total 68608K, used 0K [0x00000000c0000000, 0x00000000c4300000, 0x00000000eab00000)
  object space 68608K, 0% used [0x00000000c0000000,0x00000000c0000000,0x00000000c4300000)
 Metaspace       used 4365K, committed 4608K, reserved 1114112K
  class space    used 437K, committed 512K, reserved 1048576K
}
Event: 3.423 GC heap after
{Heap after GC invocations=1 (full 0):
 PSYoungGen      total 29696K, used 3173K [0x00000000eab00000, 0x00000000ecc00000, 0x0000000100000000)
  eden space 25600K, 0% used [0x00000000eab00000,0x00000000eab00000,0x00000000ec400000)
  from space 4096K, 77% used [0x00000000ec400000,0x00000000ec7197f0,0x00000000ec800000)
  to   space 4096K, 0% used [0x00000000ec800000,0x00000000ec800000,0x00000000ecc00000)
 ParOldGen       total 68608K, used 0K [0x00000000c0000000, 0x00000000c4300000, 0x00000000eab00000)
  object space 68608K, 0% used [0x00000000c0000000,0x00000000c0000000,0x00000000c4300000)
 Metaspace       used 4365K, committed 4608K, reserved 1114112K
  class space    used 437K, committed 512K, reserved 1048576K
}
Event: 5.986 GC heap before
{Heap before GC invocations=2 (full 0):
 PSYoungGen      total 29696K, used 28773K [0x00000000eab00000, 0x00000000ecc00000, 0x0000000100000000)
  eden space 25600K, 100% used [0x00000000eab00000,0x00000000ec400000,0x00000000ec400000)
  from space 4096K, 77% used [0x00000000ec400000,0x00000000ec7197f0,0x00000000ec800000)
  to   space 4096K, 0% used [0x00000000ec800000,0x00000000ec800000,0x00000000ecc00000)
 ParOldGen       total 68608K, used 0K [0x00000000c0000000, 0x00000000c4300000, 0x00000000eab00000)
  object space 68608K, 0% used [0x00000000c0000000,0x00000000c0000000,0x00000000c4300000)
 Metaspace       used 8231K, committed 8512K, reserved 1114112K
  class space    used 813K, committed 960K, reserved 1048576K
}
Event: 6.000 GC heap after
{Heap after GC invocations=2 (full 0):
 PSYoungGen      total 29696K, used 4090K [0x00000000eab00000, 0x00000000ecc00000, 0x0000000100000000)
  eden space 25600K, 0% used [0x00000000eab00000,0x00000000eab00000,0x00000000ec400000)
  from space 4096K, 99% used [0x00000000ec800000,0x00000000ecbfe938,0x00000000ecc00000)
  to   space 4096K, 0% used [0x00000000ec400000,0x00000000ec400000,0x00000000ec800000)
 ParOldGen       total 68608K, used 833K [0x00000000c0000000, 0x00000000c4300000, 0x00000000eab00000)
  object space 68608K, 1% used [0x00000000c0000000,0x00000000c00d0688,0x00000000c4300000)
 Metaspace       used 8231K, committed 8512K, reserved 1114112K
  class space    used 813K, committed 960K, reserved 1048576K
}
Event: 9.517 GC heap before
{Heap before GC invocations=3 (full 0):
 PSYoungGen      total 29696K, used 29690K [0x00000000eab00000, 0x00000000ecc00000, 0x0000000100000000)
  eden space 25600K, 100% used [0x00000000eab00000,0x00000000ec400000,0x00000000ec400000)
  from space 4096K, 99% used [0x00000000ec800000,0x00000000ecbfe938,0x00000000ecc00000)
  to   space 4096K, 0% used [0x00000000ec400000,0x00000000ec400000,0x00000000ec800000)
 ParOldGen       total 68608K, used 833K [0x00000000c0000000, 0x00000000c4300000, 0x00000000eab00000)
  object space 68608K, 1% used [0x00000000c0000000,0x00000000c00d0688,0x00000000c4300000)
 Metaspace       used 13028K, committed 13504K, reserved 1114112K
  class space    used 1303K, committed 1472K, reserved 1048576K
}
Event: 9.529 GC heap after
{Heap after GC invocations=3 (full 0):
 PSYoungGen      total 29696K, used 4070K [0x00000000eab00000, 0x00000000ecc00000, 0x0000000100000000)
  eden space 25600K, 0% used [0x00000000eab00000,0x00000000eab00000,0x00000000ec400000)
  from space 4096K, 99% used [0x00000000ec400000,0x00000000ec7f9a60,0x00000000ec800000)
  to   space 4096K, 0% used [0x00000000ec800000,0x00000000ec800000,0x00000000ecc00000)
 ParOldGen       total 68608K, used 2707K [0x00000000c0000000, 0x00000000c4300000, 0x00000000eab00000)
  object space 68608K, 3% used [0x00000000c0000000,0x00000000c02a4f88,0x00000000c4300000)
 Metaspace       used 13028K, committed 13504K, reserved 1114112K
  class space    used 1303K, committed 1472K, reserved 1048576K
}
Event: 16.166 GC heap before
{Heap before GC invocations=4 (full 0):
 PSYoungGen      total 29696K, used 29670K [0x00000000eab00000, 0x00000000ecc00000, 0x0000000100000000)
  eden space 25600K, 100% used [0x00000000eab00000,0x00000000ec400000,0x00000000ec400000)
  from space 4096K, 99% used [0x00000000ec400000,0x00000000ec7f9a60,0x00000000ec800000)
  to   space 4096K, 0% used [0x00000000ec800000,0x00000000ec800000,0x00000000ecc00000)
 ParOldGen       total 68608K, used 2707K [0x00000000c0000000, 0x00000000c4300000, 0x00000000eab00000)
  object space 68608K, 3% used [0x00000000c0000000,0x00000000c02a4f88,0x00000000c4300000)
 Metaspace       used 16931K, committed 17536K, reserved 1114112K
  class space    used 1694K, committed 1920K, reserved 1048576K
}
Event: 16.175 GC heap after
{Heap after GC invocations=4 (full 0):
 PSYoungGen      total 29696K, used 4085K [0x00000000eab00000, 0x00000000ecc00000, 0x0000000100000000)
  eden space 25600K, 0% used [0x00000000eab00000,0x00000000eab00000,0x00000000ec400000)
  from space 4096K, 99% used [0x00000000ec800000,0x00000000ecbfd688,0x00000000ecc00000)
  to   space 4096K, 0% used [0x00000000ec400000,0x00000000ec400000,0x00000000ec800000)
 ParOldGen       total 68608K, used 5906K [0x00000000c0000000, 0x00000000c4300000, 0x00000000eab00000)
  object space 68608K, 8% used [0x00000000c0000000,0x00000000c05c4850,0x00000000c4300000)
 Metaspace       used 16931K, committed 17536K, reserved 1114112K
  class space    used 1694K, committed 1920K, reserved 1048576K
}

Dll operation events (10 events):
Event: 0.080 Loaded shared library c:\Users\palak\.vscode\extensions\redhat.java-1.40.0-win32-x64\jre\21.0.6-win32-x86_64\bin\java.dll
Event: 0.566 Loaded shared library c:\Users\palak\.vscode\extensions\redhat.java-1.40.0-win32-x64\jre\21.0.6-win32-x86_64\bin\zip.dll
Event: 0.617 Loaded shared library C:\Users\palak\.vscode\extensions\redhat.java-1.40.0-win32-x64\jre\21.0.6-win32-x86_64\bin\instrument.dll
Event: 0.625 Loaded shared library C:\Users\palak\.vscode\extensions\redhat.java-1.40.0-win32-x64\jre\21.0.6-win32-x86_64\bin\net.dll
Event: 0.629 Loaded shared library C:\Users\palak\.vscode\extensions\redhat.java-1.40.0-win32-x64\jre\21.0.6-win32-x86_64\bin\nio.dll
Event: 0.636 Loaded shared library C:\Users\palak\.vscode\extensions\redhat.java-1.40.0-win32-x64\jre\21.0.6-win32-x86_64\bin\zip.dll
Event: 0.684 Loaded shared library C:\Users\palak\.vscode\extensions\redhat.java-1.40.0-win32-x64\jre\21.0.6-win32-x86_64\bin\jimage.dll
Event: 1.073 Loaded shared library c:\Users\palak\.vscode\extensions\redhat.java-1.40.0-win32-x64\jre\21.0.6-win32-x86_64\bin\verify.dll
Event: 5.707 Loaded shared library C:\Users\palak\AppData\Roaming\Code\User\globalStorage\redhat.java\1.40.0\config_ss_win\org.eclipse.equinox.launcher\org.eclipse.equinox.launcher.win32.win32.x86_64_1.2.1200.v20250212-0927\eclipse_11909.dll
Event: 15.100 Loaded shared library C:\Users\palak\AppData\Local\Temp\jna-106430981\jna13626363064343516759.dll

Deoptimization events (20 events):
Event: 15.918 Thread 0x000001d0543c6fe0 Uncommon trap: trap_request=0xffffffde fr.pc=0x000001d007bd6694 relative=0x00000000000003b4
Event: 15.918 Thread 0x000001d0543c6fe0 Uncommon trap: reason=class_check action=maybe_recompile pc=0x000001d007bd6694 method=java.util.regex.Pattern$BmpCharPropertyGreedy.match(Ljava/util/regex/Matcher;ILjava/lang/CharSequence;)Z @ 70 c2
Event: 15.918 Thread 0x000001d0543c6fe0 DEOPT PACKING pc=0x000001d007bd6694 sp=0x00000030c26ef320
Event: 15.918 Thread 0x000001d0543c6fe0 DEOPT UNPACKING pc=0x000001d007583aa2 sp=0x00000030c26ef2c8 mode 2
Event: 15.918 Thread 0x000001d0543c6fe0 Uncommon trap: trap_request=0xffffff45 fr.pc=0x000001d007bd7464 relative=0x00000000000006a4
Event: 15.918 Thread 0x000001d0543c6fe0 Uncommon trap: reason=unstable_if action=reinterpret pc=0x000001d007bd7464 method=java.util.regex.Matcher.search(I)Z @ 30 c2
Event: 15.918 Thread 0x000001d0543c6fe0 DEOPT PACKING pc=0x000001d007bd7464 sp=0x00000030c26ef840
Event: 15.918 Thread 0x000001d0543c6fe0 DEOPT UNPACKING pc=0x000001d007583aa2 sp=0x00000030c26ef810 mode 2
Event: 15.918 Thread 0x000001d0543c6fe0 Uncommon trap: trap_request=0xffffffde fr.pc=0x000001d007bd6694 relative=0x00000000000003b4
Event: 15.918 Thread 0x000001d0543c6fe0 Uncommon trap: reason=class_check action=maybe_recompile pc=0x000001d007bd6694 method=java.util.regex.Pattern$BmpCharPropertyGreedy.match(Ljava/util/regex/Matcher;ILjava/lang/CharSequence;)Z @ 70 c2
Event: 15.918 Thread 0x000001d0543c6fe0 DEOPT PACKING pc=0x000001d007bd6694 sp=0x00000030c26ef4b0
Event: 15.918 Thread 0x000001d0543c6fe0 DEOPT UNPACKING pc=0x000001d007583aa2 sp=0x00000030c26ef458 mode 2
Event: 15.918 Thread 0x000001d0543c6fe0 Uncommon trap: trap_request=0xffffffde fr.pc=0x000001d007bd6694 relative=0x00000000000003b4
Event: 15.918 Thread 0x000001d0543c6fe0 Uncommon trap: reason=class_check action=maybe_recompile pc=0x000001d007bd6694 method=java.util.regex.Pattern$BmpCharPropertyGreedy.match(Ljava/util/regex/Matcher;ILjava/lang/CharSequence;)Z @ 70 c2
Event: 15.918 Thread 0x000001d0543c6fe0 DEOPT PACKING pc=0x000001d007bd6694 sp=0x00000030c26ef330
Event: 15.918 Thread 0x000001d0543c6fe0 DEOPT UNPACKING pc=0x000001d007583aa2 sp=0x00000030c26ef2d8 mode 2
Event: 16.138 Thread 0x000001d0543c6fe0 Uncommon trap: trap_request=0xffffff45 fr.pc=0x000001d007bde89c relative=0x000000000000079c
Event: 16.138 Thread 0x000001d0543c6fe0 Uncommon trap: reason=unstable_if action=reinterpret pc=0x000001d007bde89c method=org.lombokweb.asm.ClassReader.readUTF8(I[C)Ljava/lang/String; @ 11 c2
Event: 16.138 Thread 0x000001d0543c6fe0 DEOPT PACKING pc=0x000001d007bde89c sp=0x00000030c26ef430
Event: 16.138 Thread 0x000001d0543c6fe0 DEOPT UNPACKING pc=0x000001d007583aa2 sp=0x00000030c26ef418 mode 2

Classes loaded (20 events):
Event: 15.902 Loading class java/io/StringReader
Event: 15.902 Loading class java/io/StringReader done
Event: 15.992 Loading class java/util/zip/GZIPInputStream
Event: 15.995 Loading class java/util/zip/GZIPInputStream done
Event: 16.005 Loading class java/net/SocketTimeoutException
Event: 16.006 Loading class java/io/InterruptedIOException
Event: 16.006 Loading class java/io/InterruptedIOException done
Event: 16.006 Loading class java/net/SocketTimeoutException done
Event: 16.006 Loading class java/net/SocketException
Event: 16.007 Loading class java/net/SocketException done
Event: 16.007 Loading class java/net/UnknownHostException
Event: 16.007 Loading class java/net/UnknownHostException done
Event: 16.007 Loading class java/net/ProtocolException
Event: 16.007 Loading class java/net/ProtocolException done
Event: 16.081 Loading class java/lang/ThreadLocal$SuppliedThreadLocal
Event: 16.088 Loading class java/lang/ThreadLocal$SuppliedThreadLocal done
Event: 16.103 Loading class java/io/FileWriter
Event: 16.103 Loading class java/io/FileWriter done
Event: 16.117 Loading class java/lang/NegativeArraySizeException
Event: 16.117 Loading class java/lang/NegativeArraySizeException done

Classes unloaded (0 events):
No events

Classes redefined (0 events):
No events

Internal exceptions (20 events):
Event: 11.718 Thread 0x000001d0543c6fe0 Exception <a 'java/lang/NoSuchMethodError'{0x00000000eb0d1428}: 'java.lang.Object java.lang.invoke.DirectMethodHandle$Holder.invokeStaticInit(java.lang.Object, int)'> (0x00000000eb0d1428) 
thrown [s\src\hotspot\share\interpreter\linkResolver.cpp, line 773]
Event: 12.570 Thread 0x000001d0543c6fe0 Exception <a 'java/lang/NoSuchMethodError'{0x00000000eb3bbca8}: 'java.lang.Object java.lang.invoke.DirectMethodHandle$Holder.invokeStaticInit(java.lang.Object, int, int, int, int)'> (0x00000000eb3bbca8) 
thrown [s\src\hotspot\share\interpreter\linkResolver.cpp, line 773]
Event: 14.890 Thread 0x000001d0543c6fe0 Exception <a 'java/lang/NoSuchMethodError'{0x00000000eb4df0b0}: 'java.lang.Object java.lang.invoke.DirectMethodHandle$Holder.invokeStaticInit(java.lang.Object, java.lang.Object, int, int, int, int)'> (0x00000000eb4df0b0) 
thrown [s\src\hotspot\share\interpreter\linkResolver.cpp, line 773]
Event: 15.208 Thread 0x000001d0543c6fe0 Exception <a 'java/lang/NoSuchMethodError'{0x00000000eb5de558}: 'void java.lang.invoke.DirectMethodHandle$Holder.invokeSpecial(java.lang.Object, java.lang.Object, java.lang.Object, int)'> (0x00000000eb5de558) 
thrown [s\src\hotspot\share\interpreter\linkResolver.cpp, line 773]
Event: 15.208 Thread 0x000001d0543c6fe0 Exception <a 'java/lang/NoSuchMethodError'{0x00000000eb5e1ee8}: 'void java.lang.invoke.DelegatingMethodHandle$Holder.reinvoke_L(java.lang.Object, java.lang.Object, int)'> (0x00000000eb5e1ee8) 
thrown [s\src\hotspot\share\interpreter\linkResolver.cpp, line 773]
Event: 15.210 Thread 0x000001d0543c6fe0 Exception <a 'java/lang/NoSuchMethodError'{0x00000000eb5e8c20}: 'int java.lang.invoke.Invokers$Holder.invokeExact_MT(java.lang.Object, java.lang.Object, java.lang.Object)'> (0x00000000eb5e8c20) 
thrown [s\src\hotspot\share\interpreter\linkResolver.cpp, line 773]
Event: 15.302 Thread 0x000001d0543c6fe0 Exception <a 'java/lang/NoSuchMethodError'{0x00000000eb6f0df0}: 'void java.lang.invoke.Invokers$Holder.invokeExact_MT(java.lang.Object, java.lang.Object, int, java.lang.Object)'> (0x00000000eb6f0df0) 
thrown [s\src\hotspot\share\interpreter\linkResolver.cpp, line 773]
Event: 15.396 Thread 0x000001d0543c6fe0 Exception <a 'java/lang/NoSuchMethodError'{0x00000000eb7d87c0}: 'java.lang.Object java.lang.invoke.DirectMethodHandle$Holder.invokeSpecial(java.lang.Object, java.lang.Object, java.lang.Object, long, java.lang.Object)'> (0x00000000eb7d87c0) 
thrown [s\src\hotspot\share\interpreter\linkResolver.cpp, line 773]
Event: 15.398 Thread 0x000001d0543c6fe0 Exception <a 'java/lang/NoSuchMethodError'{0x00000000eb7dff50}: 'java.lang.Object java.lang.invoke.DirectMethodHandle$Holder.newInvokeSpecial(java.lang.Object, java.lang.Object, java.lang.Object, long)'> (0x00000000eb7dff50) 
thrown [s\src\hotspot\share\interpreter\linkResolver.cpp, line 773]
Event: 15.401 Thread 0x000001d0543c6fe0 Exception <a 'java/lang/NoSuchMethodError'{0x00000000eb7e3e38}: 'java.lang.Object java.lang.invoke.Invokers$Holder.linkToTargetMethod(java.lang.Object, java.lang.Object, long, java.lang.Object)'> (0x00000000eb7e3e38) 
thrown [s\src\hotspot\share\interpreter\linkResolver.cpp, line 773]
Event: 15.446 Thread 0x000001d0543c6fe0 Exception <a 'java/lang/NoSuchMethodError'{0x00000000eb855c10}: 'int java.lang.invoke.DirectMethodHandle$Holder.invokeStaticInit(java.lang.Object, java.lang.Object, java.lang.Object)'> (0x00000000eb855c10) 
thrown [s\src\hotspot\share\interpreter\linkResolver.cpp, line 773]
Event: 15.565 Thread 0x000001d0543c6fe0 Exception <a 'java/lang/IncompatibleClassChangeError'{0x00000000eba53fa0}: Found class java.lang.Object, but interface was expected> (0x00000000eba53fa0) 
thrown [s\src\hotspot\share\interpreter\linkResolver.cpp, line 840]
Event: 15.580 Thread 0x000001d0543c6fe0 Exception <a 'java/lang/NoSuchMethodError'{0x00000000eba69830}: 'java.lang.Object java.lang.invoke.DirectMethodHandle$Holder.invokeSpecial(java.lang.Object, java.lang.Object, java.lang.Object, int, java.lang.Object, java.lang.Object)'> (0x00000000eba69830) 
thrown [s\src\hotspot\share\interpreter\linkResolver.cpp, line 773]
Event: 15.581 Thread 0x000001d0543c6fe0 Exception <a 'java/lang/NoSuchMethodError'{0x00000000eba757e8}: 'java.lang.Object java.lang.invoke.DirectMethodHandle$Holder.newInvokeSpecial(java.lang.Object, java.lang.Object, java.lang.Object, int, java.lang.Object)'> (0x00000000eba757e8) 
thrown [s\src\hotspot\share\interpreter\linkResolver.cpp, line 773]
Event: 15.582 Thread 0x000001d0543c6fe0 Exception <a 'java/lang/NoSuchMethodError'{0x00000000eba792d8}: 'java.lang.Object java.lang.invoke.Invokers$Holder.linkToTargetMethod(java.lang.Object, java.lang.Object, int, java.lang.Object, java.lang.Object)'> (0x00000000eba792d8) 
thrown [s\src\hotspot\share\interpreter\linkResolver.cpp, line 773]
Event: 15.583 Thread 0x000001d054155030 Exception <a 'java/lang/NoSuchMethodError'{0x00000000eb81f2c8}: 'java.lang.Object java.lang.invoke.DirectMethodHandle$Holder.invokeSpecial(java.lang.Object, java.lang.Object, int, java.lang.Object, java.lang.Object)'> (0x00000000eb81f2c8) 
thrown [s\src\hotspot\share\interpreter\linkResolver.cpp, line 773]
Event: 15.584 Thread 0x000001d054155030 Exception <a 'java/lang/NoSuchMethodError'{0x00000000eb826000}: 'java.lang.Object java.lang.invoke.DirectMethodHandle$Holder.newInvokeSpecial(java.lang.Object, java.lang.Object, int, java.lang.Object)'> (0x00000000eb826000) 
thrown [s\src\hotspot\share\interpreter\linkResolver.cpp, line 773]
Event: 15.656 Thread 0x000001d0543c6fe0 Exception <a 'java/lang/NoSuchMethodError'{0x00000000ebb7b740}: 'void java.lang.invoke.DirectMethodHandle$Holder.invokeSpecial(java.lang.Object, java.lang.Object, java.lang.Object, java.lang.Object, java.lang.Object)'> (0x00000000ebb7b740) 
thrown [s\src\hotspot\share\interpreter\linkResolver.cpp, line 773]
Event: 15.837 Thread 0x000001d0543c6fe0 Exception <a 'java/lang/NoSuchMethodError'{0x00000000ebdb4538}: 'double java.lang.invoke.DirectMethodHandle$Holder.invokeStatic(java.lang.Object, java.lang.Object)'> (0x00000000ebdb4538) 
thrown [s\src\hotspot\share\interpreter\linkResolver.cpp, line 773]
Event: 15.839 Thread 0x000001d0543c6fe0 Exception <a 'java/lang/NoSuchMethodError'{0x00000000ebdb7bf8}: 'double java.lang.invoke.DirectMethodHandle$Holder.invokeStaticInit(java.lang.Object, java.lang.Object)'> (0x00000000ebdb7bf8) 
thrown [s\src\hotspot\share\interpreter\linkResolver.cpp, line 773]

ZGC Phase Switch (0 events):
No events

VM Operations (20 events):
Event: 9.517 Executing VM operation: ParallelGCFailedAllocation (Allocation Failure)
Event: 9.529 Executing VM operation: ParallelGCFailedAllocation (Allocation Failure) done
Event: 10.548 Executing VM operation: Cleanup
Event: 10.560 Executing VM operation: Cleanup done
Event: 11.564 Executing VM operation: Cleanup
Event: 11.565 Executing VM operation: Cleanup done
Event: 12.571 Executing VM operation: Cleanup
Event: 12.586 Executing VM operation: Cleanup done
Event: 13.600 Executing VM operation: Cleanup
Event: 13.795 Executing VM operation: Cleanup done
Event: 15.163 Executing VM operation: HandshakeAllThreads (Deoptimize)
Event: 15.163 Executing VM operation: HandshakeAllThreads (Deoptimize) done
Event: 15.163 Executing VM operation: Cleanup
Event: 15.163 Executing VM operation: Cleanup done
Event: 15.471 Executing VM operation: HandshakeAllThreads (Deoptimize)
Event: 15.471 Executing VM operation: HandshakeAllThreads (Deoptimize) done
Event: 15.532 Executing VM operation: HandshakeAllThreads (Deoptimize)
Event: 15.532 Executing VM operation: HandshakeAllThreads (Deoptimize) done
Event: 16.166 Executing VM operation: ParallelGCFailedAllocation (Allocation Failure)
Event: 16.175 Executing VM operation: ParallelGCFailedAllocation (Allocation Failure) done

Memory protections (0 events):
No events

Nmethod flushes (0 events):
No events

Events (20 events):
Event: 2.728 Thread 0x000001d07f8589c0 Thread exited: 0x000001d07f8589c0
Event: 3.723 Thread 0x000001d07e8b0020 Thread added: 0x000001d05427ae60
Event: 4.238 Thread 0x000001d05427ae60 Thread exited: 0x000001d05427ae60
Event: 4.383 Thread 0x000001d07e8b0020 Thread added: 0x000001d05427ae60
Event: 4.614 Thread 0x000001d079500630 Thread added: 0x000001d054652ff0
Event: 4.722 Thread 0x000001d05427ae60 Thread exited: 0x000001d05427ae60
Event: 5.671 Thread 0x000001d079500630 Thread added: 0x000001d05469dfc0
Event: 5.685 Thread 0x000001d079500630 Thread added: 0x000001d0543c6fe0
Event: 5.807 Thread 0x000001d0543c6fe0 Thread added: 0x000001d0543d6b50
Event: 6.483 Thread 0x000001d0543c6fe0 Thread added: 0x000001d054820770
Event: 6.956 Thread 0x000001d07e8b0020 Thread added: 0x000001d05486d5d0
Event: 7.356 Thread 0x000001d05486d5d0 Thread exited: 0x000001d05486d5d0
Event: 7.649 Thread 0x000001d0543c6fe0 Thread added: 0x000001d07e8e30a0
Event: 12.267 Thread 0x000001d054820770 Thread exited: 0x000001d054820770
Event: 15.240 Thread 0x000001d0543c6fe0 Thread added: 0x000001d07f76bd30
Event: 15.422 Thread 0x000001d0543c6fe0 Thread added: 0x000001d054155030
Event: 15.587 Thread 0x000001d0543c6fe0 Thread added: 0x000001d05429bd40
Event: 15.589 Thread 0x000001d0543c6fe0 Thread added: 0x000001d0544f3e60
Event: 16.252 Thread 0x000001d07e8421e0 Thread added: 0x000001d0542af3b0
Event: 16.369 Thread 0x000001d0542af3b0 Thread exited: 0x000001d0542af3b0


Dynamic libraries:
0x00007ff7d55b0000 - 0x00007ff7d55be000 	c:\Users\palak\.vscode\extensions\redhat.java-1.40.0-win32-x64\jre\21.0.6-win32-x86_64\bin\java.exe
0x00007ffc51e00000 - 0x00007ffc52063000 	C:\WINDOWS\SYSTEM32\ntdll.dll
0x00007ffc50cb0000 - 0x00007ffc50d77000 	C:\WINDOWS\System32\KERNEL32.DLL
0x00007ffc4f200000 - 0x00007ffc4f5c9000 	C:\WINDOWS\System32\KERNELBASE.dll
0x00007ffc4fad0000 - 0x00007ffc4fc1c000 	C:\WINDOWS\System32\ucrtbase.dll
0x00007ffc378b0000 - 0x00007ffc378c8000 	c:\Users\palak\.vscode\extensions\redhat.java-1.40.0-win32-x64\jre\21.0.6-win32-x86_64\bin\jli.dll
0x00007ffc51630000 - 0x00007ffc517fa000 	C:\WINDOWS\System32\USER32.dll
0x00007ffc4f000000 - 0x00007ffc4f027000 	C:\WINDOWS\System32\win32u.dll
0x00007ffc512f0000 - 0x00007ffc5131a000 	C:\WINDOWS\System32\GDI32.dll
0x00007ffc4f030000 - 0x00007ffc4f161000 	C:\WINDOWS\System32\gdi32full.dll
0x00007ffc4f690000 - 0x00007ffc4f733000 	C:\WINDOWS\System32\msvcp_win.dll
0x00007ffc22720000 - 0x00007ffc2273e000 	c:\Users\palak\.vscode\extensions\redhat.java-1.40.0-win32-x64\jre\21.0.6-win32-x86_64\bin\VCRUNTIME140.dll
0x00007ffc2f9a0000 - 0x00007ffc2fc30000 	C:\WINDOWS\WinSxS\amd64_microsoft.windows.common-controls_6595b64144ccf1df_6.0.26100.3323_none_3e088096e3344490\COMCTL32.dll
0x00007ffc51c40000 - 0x00007ffc51ce9000 	C:\WINDOWS\System32\msvcrt.dll
0x00007ffc51d80000 - 0x00007ffc51daf000 	C:\WINDOWS\System32\IMM32.DLL
0x00007ffc24f00000 - 0x00007ffc24f0c000 	c:\Users\palak\.vscode\extensions\redhat.java-1.40.0-win32-x64\jre\21.0.6-win32-x86_64\bin\vcruntime140_1.dll
0x00007ffbf2550000 - 0x00007ffbf25dd000 	c:\Users\palak\.vscode\extensions\redhat.java-1.40.0-win32-x64\jre\21.0.6-win32-x86_64\bin\msvcp140.dll
0x00007ffbb44b0000 - 0x00007ffbb5240000 	c:\Users\palak\.vscode\extensions\redhat.java-1.40.0-win32-x64\jre\21.0.6-win32-x86_64\bin\server\jvm.dll
0x00007ffc51a20000 - 0x00007ffc51ad2000 	C:\WINDOWS\System32\ADVAPI32.dll
0x00007ffc513a0000 - 0x00007ffc51446000 	C:\WINDOWS\System32\sechost.dll
0x00007ffc4fc30000 - 0x00007ffc4fd46000 	C:\WINDOWS\System32\RPCRT4.dll
0x00007ffc50d80000 - 0x00007ffc50df4000 	C:\WINDOWS\System32\WS2_32.dll
0x00007ffc4ee90000 - 0x00007ffc4eede000 	C:\WINDOWS\SYSTEM32\POWRPROF.dll
0x00007ffc488d0000 - 0x00007ffc48906000 	C:\WINDOWS\SYSTEM32\WINMM.dll
0x00007ffc48910000 - 0x00007ffc4891b000 	C:\WINDOWS\SYSTEM32\VERSION.dll
0x00007ffc4ee70000 - 0x00007ffc4ee84000 	C:\WINDOWS\SYSTEM32\UMPDC.dll
0x00007ffc4de20000 - 0x00007ffc4de3a000 	C:\WINDOWS\SYSTEM32\kernel.appcore.dll
0x00007ffc249b0000 - 0x00007ffc249ba000 	c:\Users\palak\.vscode\extensions\redhat.java-1.40.0-win32-x64\jre\21.0.6-win32-x86_64\bin\jimage.dll
0x00007ffc3fc90000 - 0x00007ffc3fed1000 	C:\WINDOWS\SYSTEM32\DBGHELP.DLL
0x00007ffc50f60000 - 0x00007ffc512e2000 	C:\WINDOWS\System32\combase.dll
0x00007ffc4ffb0000 - 0x00007ffc50086000 	C:\WINDOWS\System32\OLEAUT32.dll
0x00007ffc32990000 - 0x00007ffc329c9000 	C:\WINDOWS\SYSTEM32\dbgcore.DLL
0x00007ffc4f8c0000 - 0x00007ffc4f959000 	C:\WINDOWS\System32\bcryptPrimitives.dll
0x00007ffc22710000 - 0x00007ffc2271f000 	c:\Users\palak\.vscode\extensions\redhat.java-1.40.0-win32-x64\jre\21.0.6-win32-x86_64\bin\instrument.dll
0x00007ffc1e990000 - 0x00007ffc1e9af000 	c:\Users\palak\.vscode\extensions\redhat.java-1.40.0-win32-x64\jre\21.0.6-win32-x86_64\bin\java.dll
0x00007ffc500e0000 - 0x00007ffc507f5000 	C:\WINDOWS\System32\SHELL32.dll
0x00007ffc4f960000 - 0x00007ffc4fac8000 	C:\WINDOWS\System32\wintypes.dll
0x00007ffc4cce0000 - 0x00007ffc4d525000 	C:\WINDOWS\SYSTEM32\windows.storage.dll
0x00007ffc51800000 - 0x00007ffc518eb000 	C:\WINDOWS\System32\SHCORE.dll
0x00007ffc51be0000 - 0x00007ffc51c3d000 	C:\WINDOWS\System32\shlwapi.dll
0x00007ffc4ef10000 - 0x00007ffc4ef3f000 	C:\WINDOWS\SYSTEM32\profapi.dll
0x00007ffc1e780000 - 0x00007ffc1e798000 	c:\Users\palak\.vscode\extensions\redhat.java-1.40.0-win32-x64\jre\21.0.6-win32-x86_64\bin\zip.dll
0x00007ffc21250000 - 0x00007ffc21260000 	C:\Users\palak\.vscode\extensions\redhat.java-1.40.0-win32-x64\jre\21.0.6-win32-x86_64\bin\net.dll
0x00007ffc43890000 - 0x00007ffc439ae000 	C:\WINDOWS\SYSTEM32\WINHTTP.dll
0x00007ffc4e340000 - 0x00007ffc4e3aa000 	C:\WINDOWS\system32\mswsock.dll
0x00007ffc1e760000 - 0x00007ffc1e776000 	C:\Users\palak\.vscode\extensions\redhat.java-1.40.0-win32-x64\jre\21.0.6-win32-x86_64\bin\nio.dll
0x00007ffc1fbd0000 - 0x00007ffc1fbe0000 	c:\Users\palak\.vscode\extensions\redhat.java-1.40.0-win32-x64\jre\21.0.6-win32-x86_64\bin\verify.dll
0x00007ffc0bd40000 - 0x00007ffc0bd85000 	C:\Users\palak\AppData\Roaming\Code\User\globalStorage\redhat.java\1.40.0\config_ss_win\org.eclipse.equinox.launcher\org.eclipse.equinox.launcher.win32.win32.x86_64_1.2.1200.v20250212-0927\eclipse_11909.dll
0x00007ffc51490000 - 0x00007ffc51625000 	C:\WINDOWS\System32\ole32.dll
0x00007ffc4e5e0000 - 0x00007ffc4e5fc000 	C:\WINDOWS\SYSTEM32\CRYPTSP.dll
0x00007ffc4dd80000 - 0x00007ffc4ddba000 	C:\WINDOWS\system32\rsaenh.dll
0x00007ffc4e3e0000 - 0x00007ffc4e40b000 	C:\WINDOWS\SYSTEM32\USERENV.dll
0x00007ffc4e820000 - 0x00007ffc4e846000 	C:\WINDOWS\SYSTEM32\bcrypt.dll
0x00007ffc4e600000 - 0x00007ffc4e60c000 	C:\WINDOWS\SYSTEM32\CRYPTBASE.dll
0x00007ffc4d820000 - 0x00007ffc4d853000 	C:\WINDOWS\SYSTEM32\IPHLPAPI.DLL
0x00007ffc50800000 - 0x00007ffc5080a000 	C:\WINDOWS\System32\NSI.dll
0x00007ffbf4f40000 - 0x00007ffbf4f89000 	C:\Users\palak\AppData\Local\Temp\jna-106430981\jna13626363064343516759.dll
0x00007ffc4fc20000 - 0x00007ffc4fc28000 	C:\WINDOWS\System32\PSAPI.DLL

dbghelp: loaded successfully - version: 4.0.5 - missing functions: none
symbol engine: initialized successfully - sym options: 0x614 - pdb path: .;c:\Users\palak\.vscode\extensions\redhat.java-1.40.0-win32-x64\jre\21.0.6-win32-x86_64\bin;C:\WINDOWS\SYSTEM32;C:\WINDOWS\WinSxS\amd64_microsoft.windows.common-controls_6595b64144ccf1df_6.0.26100.3323_none_3e088096e3344490;c:\Users\palak\.vscode\extensions\redhat.java-1.40.0-win32-x64\jre\21.0.6-win32-x86_64\bin\server;C:\Users\palak\AppData\Roaming\Code\User\globalStorage\redhat.java\1.40.0\config_ss_win\org.eclipse.equinox.launcher\org.eclipse.equinox.launcher.win32.win32.x86_64_1.2.1200.v20250212-0927;C:\Users\palak\AppData\Local\Temp\jna-106430981

VM Arguments:
jvm_args: --add-modules=ALL-SYSTEM --add-opens=java.base/java.util=ALL-UNNAMED --add-opens=java.base/java.lang=ALL-UNNAMED --add-opens=java.base/sun.nio.fs=ALL-UNNAMED -Declipse.application=org.eclipse.jdt.ls.core.id1 -Dosgi.bundles.defaultStartLevel=4 -Declipse.product=org.eclipse.jdt.ls.core.product -Djava.import.generatesMetadataFilesAtProjectRoot=false -DDetectVMInstallationsJob.disabled=true -Dfile.encoding=utf8 -XX:+UseParallelGC -XX:GCTimeRatio=4 -XX:AdaptiveSizePolicyWeight=90 -Dsun.zip.disableMemoryMapping=true -Xmx1G -Xms100m -Xlog:disable -javaagent:c:\Users\palak\.vscode\extensions\redhat.java-1.40.0-win32-x64\lombok\lombok-1.18.36.jar 
java_command: c:\Users\palak\.vscode\extensions\redhat.java-1.40.0-win32-x64\server\plugins\org.eclipse.equinox.launcher_1.6.1000.v20250131-0606.jar -configuration c:\Users\palak\AppData\Roaming\Code\User\globalStorage\redhat.java\1.40.0\config_ss_win -data c:\Users\palak\AppData\Roaming\Code\User\workspaceStorage\632f04cdbe9e26a6a5769c745b0508de\redhat.java\ss_ws --pipe=\\.\pipe\lsp-56b46ebd1fc9674bdefd1322272cc2e9-sock
java_class_path (initial): c:\Users\palak\.vscode\extensions\redhat.java-1.40.0-win32-x64\server\plugins\org.eclipse.equinox.launcher_1.6.1000.v20250131-0606.jar
Launcher Type: SUN_STANDARD

[Global flags]
    uintx AdaptiveSizePolicyWeight                 = 90                                        {product} {command line}
     intx CICompilerCount                          = 3                                         {product} {ergonomic}
    uintx GCTimeRatio                              = 4                                         {product} {command line}
   size_t InitialHeapSize                          = 104857600                                 {product} {command line}
   size_t MaxHeapSize                              = 1073741824                                {product} {command line}
   size_t MaxNewSize                               = 357564416                                 {product} {ergonomic}
   size_t MinHeapDeltaBytes                        = 524288                                    {product} {ergonomic}
   size_t MinHeapSize                              = 104857600                                 {product} {command line}
   size_t NewSize                                  = 34603008                                  {product} {ergonomic}
    uintx NonNMethodCodeHeapSize                   = 5832780                                {pd product} {ergonomic}
    uintx NonProfiledCodeHeapSize                  = 122912730                              {pd product} {ergonomic}
   size_t OldSize                                  = 70254592                                  {product} {ergonomic}
    uintx ProfiledCodeHeapSize                     = 122912730                              {pd product} {ergonomic}
    uintx ReservedCodeCacheSize                    = 251658240                              {pd product} {ergonomic}
     bool SegmentedCodeCache                       = true                                      {product} {ergonomic}
   size_t SoftMaxHeapSize                          = 1073741824                             {manageable} {ergonomic}
     bool UseCompressedOops                        = true                           {product lp64_product} {ergonomic}
     bool UseLargePagesIndividualAllocation        = false                                  {pd product} {ergonomic}
     bool UseParallelGC                            = true                                      {product} {command line}

Logging:
Log output configuration:
 #0: stdout all=off uptime,level,tags foldmultilines=false
 #1: stderr all=off uptime,level,tags foldmultilines=false

Environment Variables:
JAVA_HOME=C:\Users\palak\Downloads\java-21-openjdk-21.0.1.0.12-3.win.jdk.x86_64\java-21-openjdk-21.0.1.0.12-3.win.jdk.x86_64
PATH=C:\Program Files (x86)\Common Files\Oracle\Java\java8path;C:\Program Files (x86)\Common Files\Oracle\Java\javapath;C:\WINDOWS\system32;C:\WINDOWS;C:\WINDOWS\System32\Wbem;C:\WINDOWS\System32\WindowsPowerShell\v1.0\;C:\WINDOWS\System32\OpenSSH\;C:\Users\palak\Downloads\java-21-openjdk-21.0.1.0.12-3.win.jdk.x86_64\java-21-openjdk-21.0.1.0.12-3.win.jdk.x86_64\bin;C:\Users\palak\Downloads\apache-maven-3.9.8-bin\bin;c:\users\palak\appdata\local\packages\pythonsoftwarefoundation.python.3.11_qbz5n2kfra8p0\localcache\local-packages\python311\site-packages;C:\ProgramData\chocolatey\bin;C:\Program Files\nodejs\;C:\Users\palak\AppData\Local\Programs\Python\Python312\Scripts;C:\Program Files\Git\cmd;C:\Users\palak\Downloads\flutter_windows_3.27.3-stable\flutter\bin;C:\Users\palak\AppData\Local\Android\Sdk\cmdline-tools\latest\bin;C:\Users\palak\AppData\Local\Android\Sdk\platform-tools;C:\ffmpeg;C:\Program Files\MongoDB\Server\8.0\bin;C:\Users\palak\AppData\Local\Programs\Python\Python313\Scripts\;C:\Users\palak\AppData\Local\Programs\Python\Python313\;C:\Users\palak\AppData\Local\Programs\Python\Python312\Scripts\;C:\Users\palak\AppData\Local\Programs\Python\Python312\;C:\Users\palak\AppData\Local\Programs\Python\Launcher\;C:\Program Files\MySQL\MySQL Shell 8.0\bin\;C:\Users\palak\AppData\Local\Microsoft\WindowsApps;C:\Users\palak\AppData\Local\Programs\Microsoft VS Code\bin;C:\Program Files\JetBrains\IntelliJ IDEA Community Edition 2023.3.3\bin;C:\Users\palak\AppData\Local\JetBrains\CLion 2023.3.4\bin;C:\Program Files\JetBrains\PyCharm 2024.1.2\bin;C:\Program Files\JetBrains\PyCharm Community Edition 2024.1.4\bin;C:\Users\palak\AppData\Local\JetBrains\Toolbox\scripts;C:\Users\palak\AppData\Roaming\npm;C:\Users\palak\AppData\Local\GitHubDesktop\bin;C:\Users\palak\AppData\Local\Microsoft\WindowsApps;
USERNAME=palak
OS=Windows_NT
PROCESSOR_IDENTIFIER=AMD64 Family 23 Model 24 Stepping 1, AuthenticAMD
TMP=C:\Users\palak\AppData\Local\Temp
TEMP=C:\Users\palak\AppData\Local\Temp




Periodic native trim disabled

---------------  S Y S T E M  ---------------

OS:
 Windows 11 , 64 bit Build 26100 (10.0.26100.3323)
OS uptime: 1 days 0:01 hours

CPU: total 4 (initial active 4) (4 cores per cpu, 2 threads per core) family 23 model 24 stepping 1 microcode 0x8108109, cx8, cmov, fxsr, ht, mmx, 3dnowpref, sse, sse2, sse3, ssse3, sse4a, sse4.1, sse4.2, popcnt, lzcnt, tsc, tscinvbit, avx, avx2, aes, clmul, bmi1, bmi2, adx, sha, fma, vzeroupper, clflush, clflushopt, rdtscp, f16c
Processor Information for the first 4 processors :
  Max Mhz: 2600, Current Mhz: 2600, Mhz Limit: 2600

Memory: 4k page, system-wide physical 6086M (558M free)
TotalPageFile size 14278M (AvailPageFile size 0M)
current process WorkingSet (physical memory assigned to process): 118M, peak: 119M
current process commit charge ("private bytes"): 209M, peak: 210M

vm_info: OpenJDK 64-Bit Server VM (21.0.6+7-LTS) for windows-amd64 JRE (21.0.6+7-LTS), built on 2025-01-21T00:00:00Z by "admin" with MS VC++ 17.7 (VS2022)

END.
