#
# There is insufficient memory for the Java Runtime Environment to continue.
# Native memory allocation (malloc) failed to allocate 1590528 bytes. Error detail: Chunk::new
# Possible reasons:
#   The system is out of physical RAM or swap space
#   This process is running with CompressedOops enabled, and the Java Heap may be blocking the growth of the native heap
# Possible solutions:
#   Reduce memory load on the system
#   Increase physical memory or swap space
#   Check if swap backing store is full
#   Decrease Java heap size (-Xmx/-Xms)
#   Decrease number of Java threads
#   Decrease Java thread stack sizes (-Xss)
#   Set larger code cache with -XX:ReservedCodeCacheSize=
#   JVM is running with Unscaled Compressed Oops mode in which the Java heap is
#     placed in the first 4GB address space. The Java Heap base address is the
#     maximum limit for the native heap growth. Please use -XX:HeapBaseMinAddress
#     to set the Java Heap base and to place the Java Heap above 4GB virtual address.
# This output file may be truncated or incomplete.
#
#  Out of Memory Error (arena.cpp:168), pid=13900, tid=19904
#
# JRE version: OpenJDK Runtime Environment Temurin-21.0.6+7 (21.0.6+7) (build 21.0.6+7-LTS)
# Java VM: OpenJDK 64-Bit Server VM Temurin-21.0.6+7 (21.0.6+7-LTS, mixed mode, sharing, tiered, compressed oops, compressed class ptrs, parallel gc, windows-amd64)
# No core dump will be written. Minidumps are not enabled by default on client versions of Windows
#

---------------  S U M M A R Y ------------

Command Line: --add-modules=ALL-SYSTEM --add-opens=java.base/java.util=ALL-UNNAMED --add-opens=java.base/java.lang=ALL-UNNAMED --add-opens=java.base/sun.nio.fs=ALL-UNNAMED -Declipse.application=org.eclipse.jdt.ls.core.id1 -Dosgi.bundles.defaultStartLevel=4 -Declipse.product=org.eclipse.jdt.ls.core.product -Djava.import.generatesMetadataFilesAtProjectRoot=false -DDetectVMInstallationsJob.disabled=true -Dfile.encoding=utf8 -XX:+UseParallelGC -XX:GCTimeRatio=4 -XX:AdaptiveSizePolicyWeight=90 -Dsun.zip.disableMemoryMapping=true -Xmx1G -Xms100m -Xlog:disable -javaagent:c:\Users\palak\.vscode\extensions\redhat.java-1.41.1-win32-x64\lombok\lombok-1.18.36.jar -XX:+HeapDumpOnOutOfMemoryError -XX:HeapDumpPath=c:\Users\palak\AppData\Roaming\Code\User\workspaceStorage\632f04cdbe9e26a6a5769c745b0508de\redhat.java -Daether.dependencyCollector.impl=bf c:\Users\palak\.vscode\extensions\redhat.java-1.41.1-win32-x64\server\plugins\org.eclipse.equinox.launcher_1.7.0.v20250331-1702.jar -configuration c:\Users\palak\AppData\Roaming\Code\User\globalStorage\redhat.java\1.41.1\config_win -data c:\Users\palak\AppData\Roaming\Code\User\workspaceStorage\632f04cdbe9e26a6a5769c745b0508de\redhat.java\jdt_ws --pipe=\\.\pipe\lsp-347111d74a1887bf6a8a95fd511dc2f0-sock

Host: AMD Ryzen 3 3250U with Radeon Graphics         , 4 cores, 5G,  Windows 11 , 64 bit Build 26100 (10.0.26100.3323)
Time: Wed Apr  2 06:59:06 2025 India Standard Time elapsed time: 29.972114 seconds (0d 0h 0m 29s)

---------------  T H R E A D  ---------------

Current thread (0x0000020c993090a0):  JavaThread "C2 CompilerThread1" daemon [_thread_in_native, id=19904, stack(0x0000002d30200000,0x0000002d30300000) (1024K)]


Current CompileTask:
C2:29972 4628       4       org.lombokweb.asm.ClassReader::readMethod (1070 bytes)

Stack: [0x0000002d30200000,0x0000002d30300000]
Native frames: (J=compiled Java code, j=interpreted, Vv=VM code, C=native code)
V  [jvm.dll+0x6cdee9]
V  [jvm.dll+0x8a83d1]
V  [jvm.dll+0x8aa8fe]
V  [jvm.dll+0x8aafe3]
V  [jvm.dll+0x27f706]
V  [jvm.dll+0xc500d]
V  [jvm.dll+0xc5543]
V  [jvm.dll+0x3b678c]
V  [jvm.dll+0x382935]
V  [jvm.dll+0x381d9a]
V  [jvm.dll+0x2479f0]
V  [jvm.dll+0x246fcf]
V  [jvm.dll+0x1c75ee]
V  [jvm.dll+0x25685a]
V  [jvm.dll+0x254dfa]
V  [jvm.dll+0x3f0256]
V  [jvm.dll+0x851f8b]
V  [jvm.dll+0x6cc5ed]
C  [ucrtbase.dll+0x37b0]
C  [KERNEL32.DLL+0x2e8d7]
C  [ntdll.dll+0xbbf6c]


---------------  P R O C E S S  ---------------

Threads class SMR info:
_java_thread_list=0x0000020c9a2797c0, length=24, elements={
0x0000020c3b97cf20, 0x0000020c3dc4b800, 0x0000020c3dc4dcd0, 0x0000020c51ec2900,
0x0000020c51ec3550, 0x0000020c51ec5790, 0x0000020c51eccd80, 0x0000020c51ed7680,
0x0000020c51f059e0, 0x0000020c9804d320, 0x0000020c9827cfc0, 0x0000020c98602e30,
0x0000020c98dbe940, 0x0000020c98d72420, 0x0000020c98bb1b90, 0x0000020c98b206f0,
0x0000020c98b20060, 0x0000020c98b21410, 0x0000020c98a56780, 0x0000020c98a57b30,
0x0000020c98a581c0, 0x0000020c98a58850, 0x0000020c993090a0, 0x0000020c98a58ee0
}

Java Threads: ( => current thread )
  0x0000020c3b97cf20 JavaThread "main"                              [_thread_blocked, id=17584, stack(0x0000002d2e500000,0x0000002d2e600000) (1024K)]
  0x0000020c3dc4b800 JavaThread "Reference Handler"          daemon [_thread_blocked, id=18236, stack(0x0000002d2e900000,0x0000002d2ea00000) (1024K)]
  0x0000020c3dc4dcd0 JavaThread "Finalizer"                  daemon [_thread_blocked, id=2444, stack(0x0000002d2ea00000,0x0000002d2eb00000) (1024K)]
  0x0000020c51ec2900 JavaThread "Signal Dispatcher"          daemon [_thread_blocked, id=7376, stack(0x0000002d2eb00000,0x0000002d2ec00000) (1024K)]
  0x0000020c51ec3550 JavaThread "Attach Listener"            daemon [_thread_blocked, id=8096, stack(0x0000002d2ec00000,0x0000002d2ed00000) (1024K)]
  0x0000020c51ec5790 JavaThread "Service Thread"             daemon [_thread_blocked, id=652, stack(0x0000002d2ed00000,0x0000002d2ee00000) (1024K)]
  0x0000020c51eccd80 JavaThread "Monitor Deflation Thread"   daemon [_thread_blocked, id=17740, stack(0x0000002d2ee00000,0x0000002d2ef00000) (1024K)]
  0x0000020c51ed7680 JavaThread "C2 CompilerThread0"         daemon [_thread_in_vm, id=2628, stack(0x0000002d2ef00000,0x0000002d2f000000) (1024K)]
  0x0000020c51f059e0 JavaThread "C1 CompilerThread0"         daemon [_thread_blocked, id=20372, stack(0x0000002d2f000000,0x0000002d2f100000) (1024K)]
  0x0000020c9804d320 JavaThread "Common-Cleaner"             daemon [_thread_blocked, id=14564, stack(0x0000002d2f100000,0x0000002d2f200000) (1024K)]
  0x0000020c9827cfc0 JavaThread "Notification Thread"        daemon [_thread_blocked, id=10980, stack(0x0000002d2f300000,0x0000002d2f400000) (1024K)]
  0x0000020c98602e30 JavaThread "Active Thread: Equinox Container: 751e3804-80f7-436a-a91e-5c7fc60c08e8"        [_thread_blocked, id=288, stack(0x0000002d2fb00000,0x0000002d2fc00000) (1024K)]
  0x0000020c98dbe940 JavaThread "Framework Event Dispatcher: Equinox Container: 751e3804-80f7-436a-a91e-5c7fc60c08e8" daemon [_thread_blocked, id=2044, stack(0x0000002d2fc00000,0x0000002d2fd00000) (1024K)]
  0x0000020c98d72420 JavaThread "Start Level: Equinox Container: 751e3804-80f7-436a-a91e-5c7fc60c08e8" daemon [_thread_in_Java, id=16568, stack(0x0000002d2fd00000,0x0000002d2fe00000) (1024K)]
  0x0000020c98bb1b90 JavaThread "Refresh Thread: Equinox Container: 751e3804-80f7-436a-a91e-5c7fc60c08e8" daemon [_thread_blocked, id=10224, stack(0x0000002d2fe00000,0x0000002d2ff00000) (1024K)]
  0x0000020c98b206f0 JavaThread "Bundle File Closer"         daemon [_thread_blocked, id=20504, stack(0x0000002d30000000,0x0000002d30100000) (1024K)]
  0x0000020c98b20060 JavaThread "SCR Component Actor"        daemon [_thread_blocked, id=14320, stack(0x0000002d2ff00000,0x0000002d30000000) (1024K)]
  0x0000020c98b21410 JavaThread "Worker-JM"                         [_thread_blocked, id=12240, stack(0x0000002d2f700000,0x0000002d2f800000) (1024K)]
  0x0000020c98a56780 JavaThread "JNA Cleaner"                daemon [_thread_blocked, id=18508, stack(0x0000002d2f800000,0x0000002d2f900000) (1024K)]
  0x0000020c98a57b30 JavaThread "Worker-0: Repository registry initialization"        [_thread_in_native, id=3624, stack(0x0000002d2f900000,0x0000002d2fa00000) (1024K)]
  0x0000020c98a581c0 JavaThread "Worker-1"                          [_thread_blocked, id=6812, stack(0x0000002d2fa00000,0x0000002d2fb00000) (1024K)]
  0x0000020c98a58850 JavaThread "SCR Component Registry"     daemon [_thread_blocked, id=20944, stack(0x0000002d30100000,0x0000002d30200000) (1024K)]
=>0x0000020c993090a0 JavaThread "C2 CompilerThread1"         daemon [_thread_in_native, id=19904, stack(0x0000002d30200000,0x0000002d30300000) (1024K)]
  0x0000020c98a58ee0 JavaThread "Worker-2"                          [_thread_blocked, id=14624, stack(0x0000002d30300000,0x0000002d30400000) (1024K)]
Total: 24

Other Threads:
  0x0000020c3dc31280 VMThread "VM Thread"                           [id=2644, stack(0x0000002d2e800000,0x0000002d2e900000) (1024K)]
  0x0000020c51e5ca10 WatcherThread "VM Periodic Task Thread"        [id=11076, stack(0x0000002d2e700000,0x0000002d2e800000) (1024K)]
  0x0000020c3dbaff00 WorkerThread "GC Thread#0"                     [id=18916, stack(0x0000002d2e600000,0x0000002d2e700000) (1024K)]
  0x0000020c985e3870 WorkerThread "GC Thread#1"                     [id=19404, stack(0x0000002d2f400000,0x0000002d2f500000) (1024K)]
  0x0000020c985e3c10 WorkerThread "GC Thread#2"                     [id=2004, stack(0x0000002d2f500000,0x0000002d2f600000) (1024K)]
  0x0000020c98ad2250 WorkerThread "GC Thread#3"                     [id=11964, stack(0x0000002d2f600000,0x0000002d2f700000) (1024K)]
Total: 6

Threads with active compile tasks:
C2 CompilerThread0  30059 4666   !   4       java.util.concurrent.ConcurrentHashMap::putVal (432 bytes)
C2 CompilerThread1  30059 4628       4       org.lombokweb.asm.ClassReader::readMethod (1070 bytes)
Total: 2

VM state: not at safepoint (normal execution)

VM Mutex/Monitor currently owned by a thread: None

Heap address: 0x00000000c0000000, size: 1024 MB, Compressed Oops mode: 32-bit

CDS archive(s) mapped at: [0x0000020c52000000-0x0000020c52ba0000-0x0000020c52ba0000), size 12189696, SharedBaseAddress: 0x0000020c52000000, ArchiveRelocationMode: 1.
Compressed class space mapped at: 0x0000020c53000000-0x0000020c93000000, reserved size: 1073741824
Narrow klass base: 0x0000020c52000000, Narrow klass shift: 0, Narrow klass range: 0x100000000

GC Precious Log:
 CardTable entry size: 512
 CPUs: 4 total, 4 available
 Memory: 6086M
 Large Page Support: Disabled
 NUMA Support: Disabled
 Compressed Oops: Enabled (32-bit)
 Alignments: Space 512K, Generation 512K, Heap 2M
 Heap Min Capacity: 100M
 Heap Initial Capacity: 100M
 Heap Max Capacity: 1G
 Pre-touch: Disabled
 Parallel Workers: 4

Heap:
 PSYoungGen      total 26624K, used 6775K [0x00000000eab00000, 0x00000000eca00000, 0x0000000100000000)
  eden space 23040K, 15% used [0x00000000eab00000,0x00000000eae90c30,0x00000000ec180000)
  from space 3584K, 87% used [0x00000000ec680000,0x00000000ec98d0e0,0x00000000eca00000)
  to   space 3584K, 0% used [0x00000000ec300000,0x00000000ec300000,0x00000000ec680000)
 ParOldGen       total 68608K, used 12617K [0x00000000c0000000, 0x00000000c4300000, 0x00000000eab00000)
  object space 68608K, 18% used [0x00000000c0000000,0x00000000c0c52650,0x00000000c4300000)
 Metaspace       used 26719K, committed 27712K, reserved 1114112K
  class space    used 2553K, committed 3008K, reserved 1048576K

Card table byte_map: [0x0000020c3d540000,0x0000020c3d750000] _byte_map_base: 0x0000020c3cf40000

Marking Bits: (ParMarkBitMap*) 0x00007ff904783260
 Begin Bits: [0x0000020c4fd80000, 0x0000020c50d80000)
 End Bits:   [0x0000020c50d80000, 0x0000020c51d80000)

Polling page: 0x0000020c3ba60000

Metaspace:

Usage:
  Non-class:     23.60 MB used.
      Class:      2.49 MB used.
       Both:     26.09 MB used.

Virtual space:
  Non-class space:       64.00 MB reserved,      24.12 MB ( 38%) committed,  1 nodes.
      Class space:        1.00 GB reserved,       2.94 MB ( <1%) committed,  1 nodes.
             Both:        1.06 GB reserved,      27.06 MB (  2%) committed. 

Chunk freelists:
   Non-Class:  7.69 MB
       Class:  13.12 MB
        Both:  20.81 MB

MaxMetaspaceSize: unlimited
CompressedClassSpaceSize: 1.00 GB
Initial GC threshold: 21.00 MB
Current GC threshold: 35.00 MB
CDS: on
 - commit_granule_bytes: 65536.
 - commit_granule_words: 8192.
 - virtual_space_node_default_size: 8388608.
 - enlarge_chunks_in_place: 1.
 - use_allocation_guard: 0.


Internal statistics:

num_allocs_failed_limit: 3.
num_arena_births: 826.
num_arena_deaths: 14.
num_vsnodes_births: 2.
num_vsnodes_deaths: 0.
num_space_committed: 433.
num_space_uncommitted: 0.
num_chunks_returned_to_freelist: 17.
num_chunks_taken_from_freelist: 1908.
num_chunk_merges: 6.
num_chunk_splits: 1236.
num_chunks_enlarged: 748.
num_inconsistent_stats: 0.

CodeHeap 'non-profiled nmethods': size=120000Kb used=2076Kb max_used=2076Kb free=117923Kb
 bounds [0x0000020c48850000, 0x0000020c48ac0000, 0x0000020c4fd80000]
CodeHeap 'profiled nmethods': size=120000Kb used=10052Kb max_used=10052Kb free=109948Kb
 bounds [0x0000020c40d80000, 0x0000020c41760000, 0x0000020c482b0000]
CodeHeap 'non-nmethods': size=5760Kb used=1328Kb max_used=1349Kb free=4431Kb
 bounds [0x0000020c482b0000, 0x0000020c48520000, 0x0000020c48850000]
 total_blobs=5283 nmethods=4666 adapters=523
 compilation: enabled
              stopped_count=0, restarted_count=0
 full_count=0

Compilation events (20 events):
Event: 29.941 Thread 0x0000020c51f059e0 4656       3       org.lombokweb.asm.Label::addForwardReference (102 bytes)
Event: 29.941 Thread 0x0000020c51f059e0 nmethod 4656 0x0000020c41747510 code [0x0000020c417476e0, 0x0000020c41747b40]
Event: 29.941 Thread 0x0000020c51f059e0 4657       3       org.lombokweb.asm.SymbolTable::addConstantMethodref (24 bytes)
Event: 29.942 Thread 0x0000020c51f059e0 nmethod 4657 0x0000020c41747d10 code [0x0000020c41747ec0, 0x0000020c41748060]
Event: 29.942 Thread 0x0000020c51f059e0 4658       3       org.lombokweb.asm.MethodVisitor::visitJumpInsn (17 bytes)
Event: 29.942 Thread 0x0000020c51f059e0 nmethod 4658 0x0000020c41748110 code [0x0000020c417482c0, 0x0000020c417484c8]
Event: 29.943 Thread 0x0000020c51f059e0 4659       3       org.codehaus.plexus.util.xml.pull.MXParser::more (106 bytes)
Event: 29.944 Thread 0x0000020c51f059e0 nmethod 4659 0x0000020c41748590 code [0x0000020c417487e0, 0x0000020c41748f40]
Event: 29.944 Thread 0x0000020c51f059e0 4660       3       org.codehaus.plexus.util.xml.pull.MXParser::isValidCodePoint (64 bytes)
Event: 29.944 Thread 0x0000020c51f059e0 nmethod 4660 0x0000020c41749290 code [0x0000020c41749440, 0x0000020c41749708]
Event: 29.944 Thread 0x0000020c51f059e0 4662       3       org.codehaus.plexus.util.xml.pull.MXParser::isNameChar (56 bytes)
Event: 29.945 Thread 0x0000020c51f059e0 nmethod 4662 0x0000020c41749790 code [0x0000020c41749940, 0x0000020c41749bc0]
Event: 29.951 Thread 0x0000020c51f059e0 4663       3       org.codehaus.plexus.util.xml.pull.MXParser::nextImpl (1203 bytes)
Event: 29.953 Thread 0x0000020c51ed7680 nmethod 4652 0x0000020c48a52310 code [0x0000020c48a52560, 0x0000020c48a52e18]
Event: 29.954 Thread 0x0000020c51ed7680 4661       4       java.lang.Character::isHighSurrogate (18 bytes)
Event: 29.954 Thread 0x0000020c51ed7680 nmethod 4661 0x0000020c48a53590 code [0x0000020c48a53720, 0x0000020c48a537a8]
Event: 29.954 Thread 0x0000020c51ed7680 4653       4       org.lombokweb.asm.ClassWriter::visitMethod (57 bytes)
Event: 29.957 Thread 0x0000020c51f059e0 nmethod 4663 0x0000020c41749c90 code [0x0000020c4174a320, 0x0000020c4174d160]
Event: 29.957 Thread 0x0000020c51f059e0 4665       3       org.codehaus.plexus.util.xml.pull.MXParser::next (10 bytes)
Event: 29.957 Thread 0x0000020c51f059e0 nmethod 4665 0x0000020c4174e010 code [0x0000020c4174e1c0, 0x0000020c4174e300]

GC Heap History (20 events):
Event: 4.853 GC heap before
{Heap before GC invocations=2 (full 0):
 PSYoungGen      total 29696K, used 28830K [0x00000000eab00000, 0x00000000ecc00000, 0x0000000100000000)
  eden space 25600K, 100% used [0x00000000eab00000,0x00000000ec400000,0x00000000ec400000)
  from space 4096K, 78% used [0x00000000ec400000,0x00000000ec727ab0,0x00000000ec800000)
  to   space 4096K, 0% used [0x00000000ec800000,0x00000000ec800000,0x00000000ecc00000)
 ParOldGen       total 68608K, used 8K [0x00000000c0000000, 0x00000000c4300000, 0x00000000eab00000)
  object space 68608K, 0% used [0x00000000c0000000,0x00000000c0002000,0x00000000c4300000)
 Metaspace       used 8093K, committed 8384K, reserved 1114112K
  class space    used 803K, committed 960K, reserved 1048576K
}
Event: 4.861 GC heap after
{Heap after GC invocations=2 (full 0):
 PSYoungGen      total 29696K, used 4074K [0x00000000eab00000, 0x00000000ecc00000, 0x0000000100000000)
  eden space 25600K, 0% used [0x00000000eab00000,0x00000000eab00000,0x00000000ec400000)
  from space 4096K, 99% used [0x00000000ec800000,0x00000000ecbfa838,0x00000000ecc00000)
  to   space 4096K, 0% used [0x00000000ec400000,0x00000000ec400000,0x00000000ec800000)
 ParOldGen       total 68608K, used 519K [0x00000000c0000000, 0x00000000c4300000, 0x00000000eab00000)
  object space 68608K, 0% used [0x00000000c0000000,0x00000000c0081e98,0x00000000c4300000)
 Metaspace       used 8093K, committed 8384K, reserved 1114112K
  class space    used 803K, committed 960K, reserved 1048576K
}
Event: 6.287 GC heap before
{Heap before GC invocations=3 (full 0):
 PSYoungGen      total 29696K, used 29669K [0x00000000eab00000, 0x00000000ecc00000, 0x0000000100000000)
  eden space 25600K, 99% used [0x00000000eab00000,0x00000000ec3fef68,0x00000000ec400000)
  from space 4096K, 99% used [0x00000000ec800000,0x00000000ecbfa838,0x00000000ecc00000)
  to   space 4096K, 0% used [0x00000000ec400000,0x00000000ec400000,0x00000000ec800000)
 ParOldGen       total 68608K, used 519K [0x00000000c0000000, 0x00000000c4300000, 0x00000000eab00000)
  object space 68608K, 0% used [0x00000000c0000000,0x00000000c0081e98,0x00000000c4300000)
 Metaspace       used 8555K, committed 8832K, reserved 1114112K
  class space    used 835K, committed 960K, reserved 1048576K
}
Event: 6.299 GC heap after
{Heap after GC invocations=3 (full 0):
 PSYoungGen      total 29696K, used 4081K [0x00000000eab00000, 0x00000000ecc00000, 0x0000000100000000)
  eden space 25600K, 0% used [0x00000000eab00000,0x00000000eab00000,0x00000000ec400000)
  from space 4096K, 99% used [0x00000000ec400000,0x00000000ec7fc5c0,0x00000000ec800000)
  to   space 4096K, 0% used [0x00000000ec800000,0x00000000ec800000,0x00000000ecc00000)
 ParOldGen       total 68608K, used 6766K [0x00000000c0000000, 0x00000000c4300000, 0x00000000eab00000)
  object space 68608K, 9% used [0x00000000c0000000,0x00000000c069b958,0x00000000c4300000)
 Metaspace       used 8555K, committed 8832K, reserved 1114112K
  class space    used 835K, committed 960K, reserved 1048576K
}
Event: 9.221 GC heap before
{Heap before GC invocations=4 (full 0):
 PSYoungGen      total 29696K, used 29680K [0x00000000eab00000, 0x00000000ecc00000, 0x0000000100000000)
  eden space 25600K, 99% used [0x00000000eab00000,0x00000000ec3ffdc8,0x00000000ec400000)
  from space 4096K, 99% used [0x00000000ec400000,0x00000000ec7fc5c0,0x00000000ec800000)
  to   space 4096K, 0% used [0x00000000ec800000,0x00000000ec800000,0x00000000ecc00000)
 ParOldGen       total 68608K, used 6766K [0x00000000c0000000, 0x00000000c4300000, 0x00000000eab00000)
  object space 68608K, 9% used [0x00000000c0000000,0x00000000c069b958,0x00000000c4300000)
 Metaspace       used 9915K, committed 10240K, reserved 1114112K
  class space    used 976K, committed 1152K, reserved 1048576K
}
Event: 9.229 GC heap after
{Heap after GC invocations=4 (full 0):
 PSYoungGen      total 29696K, used 4080K [0x00000000eab00000, 0x00000000ecc00000, 0x0000000100000000)
  eden space 25600K, 0% used [0x00000000eab00000,0x00000000eab00000,0x00000000ec400000)
  from space 4096K, 99% used [0x00000000ec800000,0x00000000ecbfc050,0x00000000ecc00000)
  to   space 4096K, 0% used [0x00000000ec400000,0x00000000ec400000,0x00000000ec800000)
 ParOldGen       total 68608K, used 9438K [0x00000000c0000000, 0x00000000c4300000, 0x00000000eab00000)
  object space 68608K, 13% used [0x00000000c0000000,0x00000000c0937840,0x00000000c4300000)
 Metaspace       used 9915K, committed 10240K, reserved 1114112K
  class space    used 976K, committed 1152K, reserved 1048576K
}
Event: 19.038 GC heap before
{Heap before GC invocations=5 (full 0):
 PSYoungGen      total 29696K, used 29680K [0x00000000eab00000, 0x00000000ecc00000, 0x0000000100000000)
  eden space 25600K, 100% used [0x00000000eab00000,0x00000000ec400000,0x00000000ec400000)
  from space 4096K, 99% used [0x00000000ec800000,0x00000000ecbfc050,0x00000000ecc00000)
  to   space 4096K, 0% used [0x00000000ec400000,0x00000000ec400000,0x00000000ec800000)
 ParOldGen       total 68608K, used 9438K [0x00000000c0000000, 0x00000000c4300000, 0x00000000eab00000)
  object space 68608K, 13% used [0x00000000c0000000,0x00000000c0937840,0x00000000c4300000)
 Metaspace       used 12861K, committed 13312K, reserved 1114112K
  class space    used 1259K, committed 1472K, reserved 1048576K
}
Event: 19.048 GC heap after
{Heap after GC invocations=5 (full 0):
 PSYoungGen      total 29184K, used 4081K [0x00000000eab00000, 0x00000000ed080000, 0x0000000100000000)
  eden space 25088K, 0% used [0x00000000eab00000,0x00000000eab00000,0x00000000ec380000)
  from space 4096K, 99% used [0x00000000ec400000,0x00000000ec7fc668,0x00000000ec800000)
  to   space 6656K, 0% used [0x00000000eca00000,0x00000000eca00000,0x00000000ed080000)
 ParOldGen       total 68608K, used 11001K [0x00000000c0000000, 0x00000000c4300000, 0x00000000eab00000)
  object space 68608K, 16% used [0x00000000c0000000,0x00000000c0abe7b0,0x00000000c4300000)
 Metaspace       used 12861K, committed 13312K, reserved 1114112K
  class space    used 1259K, committed 1472K, reserved 1048576K
}
Event: 25.133 GC heap before
{Heap before GC invocations=6 (full 0):
 PSYoungGen      total 29184K, used 29169K [0x00000000eab00000, 0x00000000ed080000, 0x0000000100000000)
  eden space 25088K, 100% used [0x00000000eab00000,0x00000000ec380000,0x00000000ec380000)
  from space 4096K, 99% used [0x00000000ec400000,0x00000000ec7fc668,0x00000000ec800000)
  to   space 6656K, 0% used [0x00000000eca00000,0x00000000eca00000,0x00000000ed080000)
 ParOldGen       total 68608K, used 11001K [0x00000000c0000000, 0x00000000c4300000, 0x00000000eab00000)
  object space 68608K, 16% used [0x00000000c0000000,0x00000000c0abe7b0,0x00000000c4300000)
 Metaspace       used 16719K, committed 17344K, reserved 1114112K
  class space    used 1629K, committed 1920K, reserved 1048576K
}
Event: 25.140 GC heap after
{Heap after GC invocations=6 (full 0):
 PSYoungGen      total 30208K, used 5414K [0x00000000eab00000, 0x00000000ecf80000, 0x0000000100000000)
  eden space 24576K, 0% used [0x00000000eab00000,0x00000000eab00000,0x00000000ec300000)
  from space 5632K, 96% used [0x00000000eca00000,0x00000000ecf49a98,0x00000000ecf80000)
  to   space 5632K, 0% used [0x00000000ec480000,0x00000000ec480000,0x00000000eca00000)
 ParOldGen       total 68608K, used 11001K [0x00000000c0000000, 0x00000000c4300000, 0x00000000eab00000)
  object space 68608K, 16% used [0x00000000c0000000,0x00000000c0abe7b0,0x00000000c4300000)
 Metaspace       used 16719K, committed 17344K, reserved 1114112K
  class space    used 1629K, committed 1920K, reserved 1048576K
}
Event: 27.473 GC heap before
{Heap before GC invocations=7 (full 0):
 PSYoungGen      total 30208K, used 29893K [0x00000000eab00000, 0x00000000ecf80000, 0x0000000100000000)
  eden space 24576K, 99% used [0x00000000eab00000,0x00000000ec2e7b28,0x00000000ec300000)
  from space 5632K, 96% used [0x00000000eca00000,0x00000000ecf49a98,0x00000000ecf80000)
  to   space 5632K, 0% used [0x00000000ec480000,0x00000000ec480000,0x00000000eca00000)
 ParOldGen       total 68608K, used 11001K [0x00000000c0000000, 0x00000000c4300000, 0x00000000eab00000)
  object space 68608K, 16% used [0x00000000c0000000,0x00000000c0abe7b0,0x00000000c4300000)
 Metaspace       used 19302K, committed 20160K, reserved 1114112K
  class space    used 1924K, committed 2304K, reserved 1048576K
}
Event: 27.483 GC heap after
{Heap after GC invocations=7 (full 0):
 PSYoungGen      total 29184K, used 4955K [0x00000000eab00000, 0x00000000ecd80000, 0x0000000100000000)
  eden space 24064K, 0% used [0x00000000eab00000,0x00000000eab00000,0x00000000ec280000)
  from space 5120K, 96% used [0x00000000ec480000,0x00000000ec956db0,0x00000000ec980000)
  to   space 4096K, 0% used [0x00000000ec980000,0x00000000ec980000,0x00000000ecd80000)
 ParOldGen       total 68608K, used 12119K [0x00000000c0000000, 0x00000000c4300000, 0x00000000eab00000)
  object space 68608K, 17% used [0x00000000c0000000,0x00000000c0bd5c68,0x00000000c4300000)
 Metaspace       used 19302K, committed 20160K, reserved 1114112K
  class space    used 1924K, committed 2304K, reserved 1048576K
}
Event: 28.154 GC heap before
{Heap before GC invocations=8 (full 0):
 PSYoungGen      total 29184K, used 17393K [0x00000000eab00000, 0x00000000ecd80000, 0x0000000100000000)
  eden space 24064K, 51% used [0x00000000eab00000,0x00000000eb725668,0x00000000ec280000)
  from space 5120K, 96% used [0x00000000ec480000,0x00000000ec956db0,0x00000000ec980000)
  to   space 4096K, 0% used [0x00000000ec980000,0x00000000ec980000,0x00000000ecd80000)
 ParOldGen       total 68608K, used 12119K [0x00000000c0000000, 0x00000000c4300000, 0x00000000eab00000)
  object space 68608K, 17% used [0x00000000c0000000,0x00000000c0bd5c68,0x00000000c4300000)
 Metaspace       used 20684K, committed 21504K, reserved 1114112K
  class space    used 2087K, committed 2432K, reserved 1048576K
}
Event: 28.159 GC heap after
{Heap after GC invocations=8 (full 0):
 PSYoungGen      total 28160K, used 4078K [0x00000000eab00000, 0x00000000ecd80000, 0x0000000100000000)
  eden space 24064K, 0% used [0x00000000eab00000,0x00000000eab00000,0x00000000ec280000)
  from space 4096K, 99% used [0x00000000ec980000,0x00000000ecd7b8c0,0x00000000ecd80000)
  to   space 5120K, 0% used [0x00000000ec380000,0x00000000ec380000,0x00000000ec880000)
 ParOldGen       total 68608K, used 13051K [0x00000000c0000000, 0x00000000c4300000, 0x00000000eab00000)
  object space 68608K, 19% used [0x00000000c0000000,0x00000000c0cbecb8,0x00000000c4300000)
 Metaspace       used 20684K, committed 21504K, reserved 1114112K
  class space    used 2087K, committed 2432K, reserved 1048576K
}
Event: 28.159 GC heap before
{Heap before GC invocations=9 (full 1):
 PSYoungGen      total 28160K, used 4078K [0x00000000eab00000, 0x00000000ecd80000, 0x0000000100000000)
  eden space 24064K, 0% used [0x00000000eab00000,0x00000000eab00000,0x00000000ec280000)
  from space 4096K, 99% used [0x00000000ec980000,0x00000000ecd7b8c0,0x00000000ecd80000)
  to   space 5120K, 0% used [0x00000000ec380000,0x00000000ec380000,0x00000000ec880000)
 ParOldGen       total 68608K, used 13051K [0x00000000c0000000, 0x00000000c4300000, 0x00000000eab00000)
  object space 68608K, 19% used [0x00000000c0000000,0x00000000c0cbecb8,0x00000000c4300000)
 Metaspace       used 20684K, committed 21504K, reserved 1114112K
  class space    used 2087K, committed 2432K, reserved 1048576K
}
Event: 28.203 GC heap after
{Heap after GC invocations=9 (full 1):
 PSYoungGen      total 28160K, used 0K [0x00000000eab00000, 0x00000000ecd80000, 0x0000000100000000)
  eden space 24064K, 0% used [0x00000000eab00000,0x00000000eab00000,0x00000000ec280000)
  from space 4096K, 0% used [0x00000000ec980000,0x00000000ec980000,0x00000000ecd80000)
  to   space 5120K, 0% used [0x00000000ec380000,0x00000000ec380000,0x00000000ec880000)
 ParOldGen       total 68608K, used 12609K [0x00000000c0000000, 0x00000000c4300000, 0x00000000eab00000)
  object space 68608K, 18% used [0x00000000c0000000,0x00000000c0c50650,0x00000000c4300000)
 Metaspace       used 20672K, committed 21504K, reserved 1114112K
  class space    used 2084K, committed 2432K, reserved 1048576K
}
Event: 29.151 GC heap before
{Heap before GC invocations=10 (full 1):
 PSYoungGen      total 28160K, used 24064K [0x00000000eab00000, 0x00000000ecd80000, 0x0000000100000000)
  eden space 24064K, 100% used [0x00000000eab00000,0x00000000ec280000,0x00000000ec280000)
  from space 4096K, 0% used [0x00000000ec980000,0x00000000ec980000,0x00000000ecd80000)
  to   space 5120K, 0% used [0x00000000ec380000,0x00000000ec380000,0x00000000ec880000)
 ParOldGen       total 68608K, used 12609K [0x00000000c0000000, 0x00000000c4300000, 0x00000000eab00000)
  object space 68608K, 18% used [0x00000000c0000000,0x00000000c0c50650,0x00000000c4300000)
 Metaspace       used 22777K, committed 23680K, reserved 1114112K
  class space    used 2274K, committed 2688K, reserved 1048576K
}
Event: 29.154 GC heap after
{Heap after GC invocations=10 (full 1):
 PSYoungGen      total 26112K, used 2429K [0x00000000eab00000, 0x00000000eca00000, 0x0000000100000000)
  eden space 23552K, 0% used [0x00000000eab00000,0x00000000eab00000,0x00000000ec200000)
  from space 2560K, 94% used [0x00000000ec380000,0x00000000ec5df720,0x00000000ec600000)
  to   space 3584K, 0% used [0x00000000ec680000,0x00000000ec680000,0x00000000eca00000)
 ParOldGen       total 68608K, used 12617K [0x00000000c0000000, 0x00000000c4300000, 0x00000000eab00000)
  object space 68608K, 18% used [0x00000000c0000000,0x00000000c0c52650,0x00000000c4300000)
 Metaspace       used 22777K, committed 23680K, reserved 1114112K
  class space    used 2274K, committed 2688K, reserved 1048576K
}
Event: 29.934 GC heap before
{Heap before GC invocations=11 (full 1):
 PSYoungGen      total 26112K, used 25981K [0x00000000eab00000, 0x00000000eca00000, 0x0000000100000000)
  eden space 23552K, 100% used [0x00000000eab00000,0x00000000ec200000,0x00000000ec200000)
  from space 2560K, 94% used [0x00000000ec380000,0x00000000ec5df720,0x00000000ec600000)
  to   space 3584K, 0% used [0x00000000ec680000,0x00000000ec680000,0x00000000eca00000)
 ParOldGen       total 68608K, used 12617K [0x00000000c0000000, 0x00000000c4300000, 0x00000000eab00000)
  object space 68608K, 18% used [0x00000000c0000000,0x00000000c0c52650,0x00000000c4300000)
 Metaspace       used 26257K, committed 27200K, reserved 1114112K
  class space    used 2529K, committed 2944K, reserved 1048576K
}
Event: 29.938 GC heap after
{Heap after GC invocations=11 (full 1):
 PSYoungGen      total 26624K, used 3124K [0x00000000eab00000, 0x00000000eca00000, 0x0000000100000000)
  eden space 23040K, 0% used [0x00000000eab00000,0x00000000eab00000,0x00000000ec180000)
  from space 3584K, 87% used [0x00000000ec680000,0x00000000ec98d0e0,0x00000000eca00000)
  to   space 3584K, 0% used [0x00000000ec300000,0x00000000ec300000,0x00000000ec680000)
 ParOldGen       total 68608K, used 12617K [0x00000000c0000000, 0x00000000c4300000, 0x00000000eab00000)
  object space 68608K, 18% used [0x00000000c0000000,0x00000000c0c52650,0x00000000c4300000)
 Metaspace       used 26257K, committed 27200K, reserved 1114112K
  class space    used 2529K, committed 2944K, reserved 1048576K
}

Dll operation events (10 events):
Event: 0.029 Loaded shared library c:\Users\palak\.vscode\extensions\redhat.java-1.41.1-win32-x64\jre\21.0.6-win32-x86_64\bin\java.dll
Event: 0.182 Loaded shared library c:\Users\palak\.vscode\extensions\redhat.java-1.41.1-win32-x64\jre\21.0.6-win32-x86_64\bin\zip.dll
Event: 0.219 Loaded shared library C:\Users\palak\.vscode\extensions\redhat.java-1.41.1-win32-x64\jre\21.0.6-win32-x86_64\bin\instrument.dll
Event: 0.229 Loaded shared library C:\Users\palak\.vscode\extensions\redhat.java-1.41.1-win32-x64\jre\21.0.6-win32-x86_64\bin\net.dll
Event: 0.233 Loaded shared library C:\Users\palak\.vscode\extensions\redhat.java-1.41.1-win32-x64\jre\21.0.6-win32-x86_64\bin\nio.dll
Event: 0.240 Loaded shared library C:\Users\palak\.vscode\extensions\redhat.java-1.41.1-win32-x64\jre\21.0.6-win32-x86_64\bin\zip.dll
Event: 0.273 Loaded shared library C:\Users\palak\.vscode\extensions\redhat.java-1.41.1-win32-x64\jre\21.0.6-win32-x86_64\bin\jimage.dll
Event: 0.429 Loaded shared library c:\Users\palak\.vscode\extensions\redhat.java-1.41.1-win32-x64\jre\21.0.6-win32-x86_64\bin\verify.dll
Event: 5.825 Loaded shared library C:\Users\palak\AppData\Roaming\Code\User\globalStorage\redhat.java\1.41.1\config_win\org.eclipse.equinox.launcher\org.eclipse.equinox.launcher.win32.win32.x86_64_1.2.1300.v20250331-1702\eclipse_11911.dll
Event: 25.508 Loaded shared library C:\Users\palak\AppData\Local\Temp\jna-106430981\jna14511005899268266202.dll

Deoptimization events (20 events):
Event: 29.819 Thread 0x0000020c98a57b30 Uncommon trap: trap_request=0xffffffde fr.pc=0x0000020c48a4b238 relative=0x00000000000000f8
Event: 29.819 Thread 0x0000020c98a57b30 Uncommon trap: reason=class_check action=maybe_recompile pc=0x0000020c48a4b238 method=java.lang.Character.codePointAt(Ljava/lang/CharSequence;I)I @ 2 c2
Event: 29.819 Thread 0x0000020c98a57b30 DEOPT PACKING pc=0x0000020c48a4b238 sp=0x0000002d2f9fe960
Event: 29.819 Thread 0x0000020c98a57b30 DEOPT UNPACKING pc=0x0000020c48303aa2 sp=0x0000002d2f9fe8e8 mode 2
Event: 29.819 Thread 0x0000020c98a57b30 Uncommon trap: trap_request=0xffffffde fr.pc=0x0000020c48a4b238 relative=0x00000000000000f8
Event: 29.819 Thread 0x0000020c98a57b30 Uncommon trap: reason=class_check action=maybe_recompile pc=0x0000020c48a4b238 method=java.lang.Character.codePointAt(Ljava/lang/CharSequence;I)I @ 2 c2
Event: 29.819 Thread 0x0000020c98a57b30 DEOPT PACKING pc=0x0000020c48a4b238 sp=0x0000002d2f9fe960
Event: 29.819 Thread 0x0000020c98a57b30 DEOPT UNPACKING pc=0x0000020c48303aa2 sp=0x0000002d2f9fe8e8 mode 2
Event: 29.819 Thread 0x0000020c98a57b30 Uncommon trap: trap_request=0xffffffde fr.pc=0x0000020c48a4b238 relative=0x00000000000000f8
Event: 29.819 Thread 0x0000020c98a57b30 Uncommon trap: reason=class_check action=maybe_recompile pc=0x0000020c48a4b238 method=java.lang.Character.codePointAt(Ljava/lang/CharSequence;I)I @ 2 c2
Event: 29.819 Thread 0x0000020c98a57b30 DEOPT PACKING pc=0x0000020c48a4b238 sp=0x0000002d2f9fe960
Event: 29.819 Thread 0x0000020c98a57b30 DEOPT UNPACKING pc=0x0000020c48303aa2 sp=0x0000002d2f9fe8e8 mode 2
Event: 29.819 Thread 0x0000020c98a57b30 Uncommon trap: trap_request=0xffffffde fr.pc=0x0000020c48a4b238 relative=0x00000000000000f8
Event: 29.819 Thread 0x0000020c98a57b30 Uncommon trap: reason=class_check action=maybe_recompile pc=0x0000020c48a4b238 method=java.lang.Character.codePointAt(Ljava/lang/CharSequence;I)I @ 2 c2
Event: 29.819 Thread 0x0000020c98a57b30 DEOPT PACKING pc=0x0000020c48a4b238 sp=0x0000002d2f9fe960
Event: 29.819 Thread 0x0000020c98a57b30 DEOPT UNPACKING pc=0x0000020c48303aa2 sp=0x0000002d2f9fe8e8 mode 2
Event: 29.819 Thread 0x0000020c98a57b30 Uncommon trap: trap_request=0xffffff76 fr.pc=0x0000020c48a12a84 relative=0x0000000000000384
Event: 29.819 Thread 0x0000020c98a57b30 Uncommon trap: reason=predicate action=maybe_recompile pc=0x0000020c48a12a84 method=java.util.regex.Pattern$BmpCharPropertyGreedy.match(Ljava/util/regex/Matcher;ILjava/lang/CharSequence;)Z @ 12 c2
Event: 29.819 Thread 0x0000020c98a57b30 DEOPT PACKING pc=0x0000020c48a12a84 sp=0x0000002d2f9fe8a0
Event: 29.819 Thread 0x0000020c98a57b30 DEOPT UNPACKING pc=0x0000020c48303aa2 sp=0x0000002d2f9fe848 mode 2

Classes loaded (20 events):
Event: 28.788 Loading class java/util/zip/GZIPInputStream
Event: 28.789 Loading class java/util/zip/GZIPInputStream done
Event: 28.795 Loading class java/net/SocketTimeoutException
Event: 28.796 Loading class java/io/InterruptedIOException
Event: 28.796 Loading class java/io/InterruptedIOException done
Event: 28.796 Loading class java/net/SocketTimeoutException done
Event: 28.796 Loading class java/net/SocketException
Event: 28.796 Loading class java/net/SocketException done
Event: 28.796 Loading class java/net/UnknownHostException
Event: 28.796 Loading class java/net/UnknownHostException done
Event: 28.796 Loading class java/net/ProtocolException
Event: 28.796 Loading class java/net/ProtocolException done
Event: 28.890 Loading class java/lang/ThreadLocal$SuppliedThreadLocal
Event: 28.890 Loading class java/lang/ThreadLocal$SuppliedThreadLocal done
Event: 28.914 Loading class java/io/FileWriter
Event: 28.915 Loading class java/io/FileWriter done
Event: 28.917 Loading class java/lang/NegativeArraySizeException
Event: 28.917 Loading class java/lang/NegativeArraySizeException done
Event: 29.817 Loading class java/io/FileReader
Event: 29.818 Loading class java/io/FileReader done

Classes unloaded (7 events):
Event: 28.166 Thread 0x0000020c3dc31280 Unloading class 0x0000020c531a4400 'java/lang/invoke/LambdaForm$MH+0x0000020c531a4400'
Event: 28.166 Thread 0x0000020c3dc31280 Unloading class 0x0000020c531a4000 'java/lang/invoke/LambdaForm$MH+0x0000020c531a4000'
Event: 28.166 Thread 0x0000020c3dc31280 Unloading class 0x0000020c531a3c00 'java/lang/invoke/LambdaForm$MH+0x0000020c531a3c00'
Event: 28.166 Thread 0x0000020c3dc31280 Unloading class 0x0000020c531a3800 'java/lang/invoke/LambdaForm$MH+0x0000020c531a3800'
Event: 28.166 Thread 0x0000020c3dc31280 Unloading class 0x0000020c531a3400 'java/lang/invoke/LambdaForm$BMH+0x0000020c531a3400'
Event: 28.166 Thread 0x0000020c3dc31280 Unloading class 0x0000020c531a3000 'java/lang/invoke/LambdaForm$DMH+0x0000020c531a3000'
Event: 28.166 Thread 0x0000020c3dc31280 Unloading class 0x0000020c531a1c00 'java/lang/invoke/LambdaForm$DMH+0x0000020c531a1c00'

Classes redefined (0 events):
No events

Internal exceptions (20 events):
Event: 28.153 Thread 0x0000020c98d72420 Exception <a 'java/lang/NoSuchMethodError'{0x00000000eb6feaa8}: 'java.lang.Object java.lang.invoke.Invokers$Holder.invoke_MT(java.lang.Object, java.lang.Object, java.lang.Object, java.lang.Object, java.lang.Object, java.lang.Object, java.lang.Object, java.lang.Object, java.lang.Object)'> (0x00000000eb6feaa8) 
thrown [s\src\hotspot\share\interpreter\linkResolver.cpp, line 773]
Event: 28.209 Thread 0x0000020c98d72420 Exception <a 'java/lang/NoSuchMethodError'{0x00000000eab34918}: 'int java.lang.invoke.DirectMethodHandle$Holder.invokeVirtual(java.lang.Object, java.lang.Object, java.lang.Object)'> (0x00000000eab34918) 
thrown [s\src\hotspot\share\interpreter\linkResolver.cpp, line 773]
Event: 28.210 Thread 0x0000020c98d72420 Exception <a 'java/lang/NoSuchMethodError'{0x00000000eab399d0}: 'int java.lang.invoke.DirectMethodHandle$Holder.invokeStaticInit(java.lang.Object, int, int)'> (0x00000000eab399d0) 
thrown [s\src\hotspot\share\interpreter\linkResolver.cpp, line 773]
Event: 28.211 Thread 0x0000020c98d72420 Exception <a 'java/lang/NoSuchMethodError'{0x00000000eab41ee8}: 'int java.lang.invoke.DirectMethodHandle$Holder.invokeStaticInit(java.lang.Object, long, long)'> (0x00000000eab41ee8) 
thrown [s\src\hotspot\share\interpreter\linkResolver.cpp, line 773]
Event: 28.212 Thread 0x0000020c98d72420 Exception <a 'java/lang/NoSuchMethodError'{0x00000000eab499a0}: 'int java.lang.invoke.DirectMethodHandle$Holder.invokeStaticInit(java.lang.Object, float, float)'> (0x00000000eab499a0) 
thrown [s\src\hotspot\share\interpreter\linkResolver.cpp, line 773]
Event: 28.213 Thread 0x0000020c98d72420 Exception <a 'java/lang/NoSuchMethodError'{0x00000000eab51450}: 'int java.lang.invoke.DirectMethodHandle$Holder.invokeStaticInit(java.lang.Object, double, double)'> (0x00000000eab51450) 
thrown [s\src\hotspot\share\interpreter\linkResolver.cpp, line 773]
Event: 28.214 Thread 0x0000020c98d72420 Exception <a 'java/lang/NoSuchMethodError'{0x00000000eab56a10}: 'int java.lang.invoke.DirectMethodHandle$Holder.invokeStatic(java.lang.Object, long)'> (0x00000000eab56a10) 
thrown [s\src\hotspot\share\interpreter\linkResolver.cpp, line 773]
Event: 28.216 Thread 0x0000020c98d72420 Exception <a 'java/lang/NoSuchMethodError'{0x00000000eab68e70}: 'int java.lang.invoke.DirectMethodHandle$Holder.invokeSpecial(java.lang.Object, java.lang.Object, int, int)'> (0x00000000eab68e70) 
thrown [s\src\hotspot\share\interpreter\linkResolver.cpp, line 773]
Event: 28.217 Thread 0x0000020c98d72420 Exception <a 'java/lang/NoSuchMethodError'{0x00000000eab7a9c8}: 'int java.lang.invoke.Invokers$Holder.linkToTargetMethod(java.lang.Object, java.lang.Object)'> (0x00000000eab7a9c8) 
thrown [s\src\hotspot\share\interpreter\linkResolver.cpp, line 773]
Event: 28.282 Thread 0x0000020c98d72420 Exception <a 'java/lang/NoSuchMethodError'{0x00000000eac5a238}: 'java.lang.Object java.lang.invoke.Invokers$Holder.invoke_MT(java.lang.Object, java.lang.Object, java.lang.Object, java.lang.Object, java.lang.Object, java.lang.Object, java.lang.Object, java.lang.Object, java.lang.Object, java.lang.Object, java.lang.Object)'> (0x00000000eac5a238) 
thrown [s\src\hotspot\share\interpreter\linkResolver.cpp, line 773]
Event: 28.299 Thread 0x0000020c98d72420 Exception <a 'java/lang/NoSuchMethodError'{0x00000000eace6680}: 'java.lang.Object java.lang.invoke.Invokers$Holder.invoke_MT(java.lang.Object, java.lang.Object, java.lang.Object, java.lang.Object, java.lang.Object, java.lang.Object, java.lang.Object, java.lang.Object, java.lang.Object, java.lang.Object)'> (0x00000000eace6680) 
thrown [s\src\hotspot\share\interpreter\linkResolver.cpp, line 773]
Event: 28.393 Thread 0x0000020c98d72420 Exception <a 'java/lang/NoSuchMethodError'{0x00000000ead83500}: 'java.lang.Object java.lang.invoke.DirectMethodHandle$Holder.newInvokeSpecial(java.lang.Object, java.lang.Object, java.lang.Object, java.lang.Object, java.lang.Object, java.lang.Object, java.lang.Object)'> (0x00000000ead83500) 
thrown [s\src\hotspot\share\interpreter\linkResolver.cpp, line 773]
Event: 28.422 Thread 0x0000020c98d72420 Exception <a 'java/lang/NoSuchMethodError'{0x00000000eadfac70}: 'java.lang.Object java.lang.invoke.Invokers$Holder.invoker(java.lang.Object, java.lang.Object, java.lang.Object, java.lang.Object, java.lang.Object, java.lang.Object, java.lang.Object, java.lang.Object, java.lang.Object, java.lang.Object, java.lang.Object, java.lang.Object, java.lang.Object)'> (0x00000000eadfac70) 
thrown [s\src\hotspot\share\interpreter\linkResolver.cpp, line 773]
Event: 28.437 Thread 0x0000020c98d72420 Exception <a 'java/lang/NoSuchMethodError'{0x00000000eae05108}: 'java.lang.Object java.lang.invoke.DelegatingMethodHandle$Holder.delegate(java.lang.Object, java.lang.Object, java.lang.Object, java.lang.Object, java.lang.Object, java.lang.Object, java.lang.Object, java.lang.Object, java.lang.Object, java.lang.Object, java.lang.Object, java.lang.Object, java.lang.Object)'> (0x00000000eae05108) 
thrown [s\src\hotspot\share\interpreter\linkResolver.cpp, line 773]
Event: 28.455 Thread 0x0000020c98d72420 Exception <a 'java/lang/NoSuchMethodError'{0x00000000eae6aea0}: static Lorg/eclipse/m2e/core/internal/lifecyclemapping/model/PluginExecutionMetadata;.<clinit>()V> (0x00000000eae6aea0) 
thrown [s\src\hotspot\share\prims\jni.cpp, line 1111]
Event: 28.463 Thread 0x0000020c98d72420 Exception <a 'java/lang/NoSuchMethodError'{0x00000000eaec68d8}: static Lorg/eclipse/m2e/core/internal/lifecyclemapping/model/PluginExecutionFilter;.<clinit>()V> (0x00000000eaec68d8) 
thrown [s\src\hotspot\share\prims\jni.cpp, line 1111]
Event: 28.468 Thread 0x0000020c98d72420 Exception <a 'java/lang/NoSuchMethodError'{0x00000000eaef5ff0}: static Lorg/eclipse/m2e/core/internal/project/registry/MavenProjectFacade$MavenProjectConfiguration;.<clinit>()V> (0x00000000eaef5ff0) 
thrown [s\src\hotspot\share\prims\jni.cpp, line 1111]
Event: 28.683 Thread 0x0000020c98d72420 Exception <a 'java/lang/NoSuchMethodError'{0x00000000eb42abb0}: 'double java.lang.invoke.DirectMethodHandle$Holder.invokeStatic(java.lang.Object, java.lang.Object)'> (0x00000000eb42abb0) 
thrown [s\src\hotspot\share\interpreter\linkResolver.cpp, line 773]
Event: 28.684 Thread 0x0000020c98d72420 Exception <a 'java/lang/NoSuchMethodError'{0x00000000eb42e270}: 'double java.lang.invoke.DirectMethodHandle$Holder.invokeStaticInit(java.lang.Object, java.lang.Object)'> (0x00000000eb42e270) 
thrown [s\src\hotspot\share\interpreter\linkResolver.cpp, line 773]
Event: 29.711 Thread 0x0000020c98d72420 Implicit null exception at 0x0000020c48a49d75 to 0x0000020c48a49e50

ZGC Phase Switch (0 events):
No events

VM Operations (20 events):
Event: 26.915 Executing VM operation: HandshakeAllThreads (Deoptimize)
Event: 26.915 Executing VM operation: HandshakeAllThreads (Deoptimize) done
Event: 27.072 Executing VM operation: HandshakeAllThreads (Deoptimize)
Event: 27.072 Executing VM operation: HandshakeAllThreads (Deoptimize) done
Event: 27.081 Executing VM operation: HandshakeAllThreads (Deoptimize)
Event: 27.081 Executing VM operation: HandshakeAllThreads (Deoptimize) done
Event: 27.391 Executing VM operation: ICBufferFull
Event: 27.391 Executing VM operation: ICBufferFull done
Event: 27.473 Executing VM operation: ParallelGCFailedAllocation (Allocation Failure)
Event: 27.483 Executing VM operation: ParallelGCFailedAllocation (Allocation Failure) done
Event: 28.139 Executing VM operation: HandshakeAllThreads (Deoptimize)
Event: 28.140 Executing VM operation: HandshakeAllThreads (Deoptimize) done
Event: 28.154 Executing VM operation: CollectForMetadataAllocation (Metadata GC Threshold)
Event: 28.203 Executing VM operation: CollectForMetadataAllocation (Metadata GC Threshold) done
Event: 29.151 Executing VM operation: ParallelGCFailedAllocation (Allocation Failure)
Event: 29.154 Executing VM operation: ParallelGCFailedAllocation (Allocation Failure) done
Event: 29.721 Executing VM operation: HandshakeAllThreads (Deoptimize)
Event: 29.797 Executing VM operation: HandshakeAllThreads (Deoptimize) done
Event: 29.903 Executing VM operation: ParallelGCFailedAllocation (Allocation Failure)
Event: 29.938 Executing VM operation: ParallelGCFailedAllocation (Allocation Failure) done

Memory protections (0 events):
No events

Nmethod flushes (0 events):
No events

Events (20 events):
Event: 5.779 Thread 0x0000020c3b97cf20 Thread added: 0x0000020c98bb1b90
Event: 6.140 Thread 0x0000020c51f059e0 Thread added: 0x0000020c987c7b70
Event: 7.048 Thread 0x0000020c987c7b70 Thread exited: 0x0000020c987c7b70
Event: 7.280 Thread 0x0000020c51f059e0 Thread added: 0x0000020c98ab9840
Event: 7.417 Thread 0x0000020c98d72420 Thread added: 0x0000020c98b206f0
Event: 7.460 Thread 0x0000020c98ab9840 Thread exited: 0x0000020c98ab9840
Event: 14.353 Thread 0x0000020c98d72420 Thread added: 0x0000020c98b20060
Event: 15.326 Thread 0x0000020c98d72420 Thread added: 0x0000020c98b20d80
Event: 16.502 Thread 0x0000020c9867b5f0 Thread exited: 0x0000020c9867b5f0
Event: 16.506 Thread 0x0000020c9867af90 Thread exited: 0x0000020c9867af90
Event: 16.506 Thread 0x0000020c98a560a0 Thread exited: 0x0000020c98a560a0
Event: 16.525 Thread 0x0000020c98a55610 Thread exited: 0x0000020c98a55610
Event: 23.073 Thread 0x0000020c98d72420 Thread added: 0x0000020c98b21410
Event: 25.659 Thread 0x0000020c98d72420 Thread added: 0x0000020c98a56780
Event: 26.154 Thread 0x0000020c98b20d80 Thread exited: 0x0000020c98b20d80
Event: 26.340 Thread 0x0000020c98d72420 Thread added: 0x0000020c98a57b30
Event: 26.412 Thread 0x0000020c98d72420 Thread added: 0x0000020c98a581c0
Event: 26.426 Thread 0x0000020c98d72420 Thread added: 0x0000020c98a58850
Event: 29.115 Thread 0x0000020c51f059e0 Thread added: 0x0000020c993090a0
Event: 29.904 Thread 0x0000020c98a581c0 Thread added: 0x0000020c98a58ee0


Dynamic libraries:
0x00007ff64f5d0000 - 0x00007ff64f5de000 	c:\Users\palak\.vscode\extensions\redhat.java-1.41.1-win32-x64\jre\21.0.6-win32-x86_64\bin\java.exe
0x00007ff99cf00000 - 0x00007ff99d163000 	C:\WINDOWS\SYSTEM32\ntdll.dll
0x00007ff99b730000 - 0x00007ff99b7f7000 	C:\WINDOWS\System32\KERNEL32.DLL
0x00007ff99a5a0000 - 0x00007ff99a969000 	C:\WINDOWS\System32\KERNELBASE.dll
0x00007ff99a240000 - 0x00007ff99a38c000 	C:\WINDOWS\System32\ucrtbase.dll
0x00007ff9827c0000 - 0x00007ff9827d8000 	c:\Users\palak\.vscode\extensions\redhat.java-1.41.1-win32-x64\jre\21.0.6-win32-x86_64\bin\jli.dll
0x00007ff99c180000 - 0x00007ff99c34a000 	C:\WINDOWS\System32\USER32.dll
0x00007ff99aa00000 - 0x00007ff99aa27000 	C:\WINDOWS\System32\win32u.dll
0x00007ff99b700000 - 0x00007ff99b72a000 	C:\WINDOWS\System32\GDI32.dll
0x00007ff99a100000 - 0x00007ff99a231000 	C:\WINDOWS\System32\gdi32full.dll
0x00007ff99a4f0000 - 0x00007ff99a593000 	C:\WINDOWS\System32\msvcp_win.dll
0x00007ff9820c0000 - 0x00007ff9820de000 	c:\Users\palak\.vscode\extensions\redhat.java-1.41.1-win32-x64\jre\21.0.6-win32-x86_64\bin\VCRUNTIME140.dll
0x00007ff97bba0000 - 0x00007ff97be30000 	C:\WINDOWS\WinSxS\amd64_microsoft.windows.common-controls_6595b64144ccf1df_6.0.26100.3323_none_3e088096e3344490\COMCTL32.dll
0x00007ff99cb40000 - 0x00007ff99cbe9000 	C:\WINDOWS\System32\msvcrt.dll
0x00007ff99c670000 - 0x00007ff99c69f000 	C:\WINDOWS\System32\IMM32.DLL
0x00007ff9970e0000 - 0x00007ff9970ec000 	c:\Users\palak\.vscode\extensions\redhat.java-1.41.1-win32-x64\jre\21.0.6-win32-x86_64\bin\vcruntime140_1.dll
0x00007ff96ba20000 - 0x00007ff96baad000 	c:\Users\palak\.vscode\extensions\redhat.java-1.41.1-win32-x64\jre\21.0.6-win32-x86_64\bin\msvcp140.dll
0x00007ff903ad0000 - 0x00007ff904860000 	c:\Users\palak\.vscode\extensions\redhat.java-1.41.1-win32-x64\jre\21.0.6-win32-x86_64\bin\server\jvm.dll
0x00007ff99ce00000 - 0x00007ff99ceb2000 	C:\WINDOWS\System32\ADVAPI32.dll
0x00007ff99c080000 - 0x00007ff99c126000 	C:\WINDOWS\System32\sechost.dll
0x00007ff99cce0000 - 0x00007ff99cdf6000 	C:\WINDOWS\System32\RPCRT4.dll
0x00007ff99ae90000 - 0x00007ff99af04000 	C:\WINDOWS\System32\WS2_32.dll
0x00007ff999f90000 - 0x00007ff999fde000 	C:\WINDOWS\SYSTEM32\POWRPROF.dll
0x00007ff993630000 - 0x00007ff993666000 	C:\WINDOWS\SYSTEM32\WINMM.dll
0x00007ff993ad0000 - 0x00007ff993adb000 	C:\WINDOWS\SYSTEM32\VERSION.dll
0x00007ff999f70000 - 0x00007ff999f84000 	C:\WINDOWS\SYSTEM32\UMPDC.dll
0x00007ff998f20000 - 0x00007ff998f3a000 	C:\WINDOWS\SYSTEM32\kernel.appcore.dll
0x00007ff996a10000 - 0x00007ff996a1a000 	c:\Users\palak\.vscode\extensions\redhat.java-1.41.1-win32-x64\jre\21.0.6-win32-x86_64\bin\jimage.dll
0x00007ff98b0a0000 - 0x00007ff98b2e1000 	C:\WINDOWS\SYSTEM32\DBGHELP.DLL
0x00007ff99b0b0000 - 0x00007ff99b432000 	C:\WINDOWS\System32\combase.dll
0x00007ff99c350000 - 0x00007ff99c426000 	C:\WINDOWS\System32\OLEAUT32.dll
0x00007ff97afb0000 - 0x00007ff97afe9000 	C:\WINDOWS\SYSTEM32\dbgcore.DLL
0x00007ff99a390000 - 0x00007ff99a429000 	C:\WINDOWS\System32\bcryptPrimitives.dll
0x00007ff996a00000 - 0x00007ff996a0f000 	c:\Users\palak\.vscode\extensions\redhat.java-1.41.1-win32-x64\jre\21.0.6-win32-x86_64\bin\instrument.dll
0x00007ff97a740000 - 0x00007ff97a75f000 	c:\Users\palak\.vscode\extensions\redhat.java-1.41.1-win32-x64\jre\21.0.6-win32-x86_64\bin\java.dll
0x00007ff99b800000 - 0x00007ff99bf15000 	C:\WINDOWS\System32\SHELL32.dll
0x00007ff99abb0000 - 0x00007ff99ad18000 	C:\WINDOWS\System32\wintypes.dll
0x00007ff997de0000 - 0x00007ff998625000 	C:\WINDOWS\SYSTEM32\windows.storage.dll
0x00007ff99cbf0000 - 0x00007ff99ccdb000 	C:\WINDOWS\System32\SHCORE.dll
0x00007ff99c590000 - 0x00007ff99c5ed000 	C:\WINDOWS\System32\shlwapi.dll
0x00007ff99a010000 - 0x00007ff99a03f000 	C:\WINDOWS\SYSTEM32\profapi.dll
0x00007ff97a520000 - 0x00007ff97a538000 	c:\Users\palak\.vscode\extensions\redhat.java-1.41.1-win32-x64\jre\21.0.6-win32-x86_64\bin\zip.dll
0x00007ff9969f0000 - 0x00007ff996a00000 	C:\Users\palak\.vscode\extensions\redhat.java-1.41.1-win32-x64\jre\21.0.6-win32-x86_64\bin\net.dll
0x00007ff98fb60000 - 0x00007ff98fc7e000 	C:\WINDOWS\SYSTEM32\WINHTTP.dll
0x00007ff999440000 - 0x00007ff9994aa000 	C:\WINDOWS\system32\mswsock.dll
0x00007ff97a720000 - 0x00007ff97a736000 	C:\Users\palak\.vscode\extensions\redhat.java-1.41.1-win32-x64\jre\21.0.6-win32-x86_64\bin\nio.dll
0x00007ff9969d0000 - 0x00007ff9969e0000 	c:\Users\palak\.vscode\extensions\redhat.java-1.41.1-win32-x64\jre\21.0.6-win32-x86_64\bin\verify.dll
0x00007ff970960000 - 0x00007ff9709a5000 	C:\Users\palak\AppData\Roaming\Code\User\globalStorage\redhat.java\1.41.1\config_win\org.eclipse.equinox.launcher\org.eclipse.equinox.launcher.win32.win32.x86_64_1.2.1300.v20250331-1702\eclipse_11911.dll
0x00007ff99af10000 - 0x00007ff99b0a5000 	C:\WINDOWS\System32\ole32.dll
0x00007ff9996e0000 - 0x00007ff9996fc000 	C:\WINDOWS\SYSTEM32\CRYPTSP.dll
0x00007ff998e80000 - 0x00007ff998eba000 	C:\WINDOWS\system32\rsaenh.dll
0x00007ff9994e0000 - 0x00007ff99950b000 	C:\WINDOWS\SYSTEM32\USERENV.dll
0x00007ff999920000 - 0x00007ff999946000 	C:\WINDOWS\SYSTEM32\bcrypt.dll
0x00007ff999700000 - 0x00007ff99970c000 	C:\WINDOWS\SYSTEM32\CRYPTBASE.dll
0x00007ff998920000 - 0x00007ff998953000 	C:\WINDOWS\SYSTEM32\IPHLPAPI.DLL
0x00007ff99ad30000 - 0x00007ff99ad3a000 	C:\WINDOWS\System32\NSI.dll
0x00007ff96f9c0000 - 0x00007ff96fa09000 	C:\Users\palak\AppData\Local\Temp\jna-106430981\jna14511005899268266202.dll
0x00007ff99ad20000 - 0x00007ff99ad28000 	C:\WINDOWS\System32\PSAPI.DLL

dbghelp: loaded successfully - version: 4.0.5 - missing functions: none
symbol engine: initialized successfully - sym options: 0x614 - pdb path: .;c:\Users\palak\.vscode\extensions\redhat.java-1.41.1-win32-x64\jre\21.0.6-win32-x86_64\bin;C:\WINDOWS\SYSTEM32;C:\WINDOWS\WinSxS\amd64_microsoft.windows.common-controls_6595b64144ccf1df_6.0.26100.3323_none_3e088096e3344490;c:\Users\palak\.vscode\extensions\redhat.java-1.41.1-win32-x64\jre\21.0.6-win32-x86_64\bin\server;C:\Users\palak\AppData\Roaming\Code\User\globalStorage\redhat.java\1.41.1\config_win\org.eclipse.equinox.launcher\org.eclipse.equinox.launcher.win32.win32.x86_64_1.2.1300.v20250331-1702;C:\Users\palak\AppData\Local\Temp\jna-106430981

VM Arguments:
jvm_args: --add-modules=ALL-SYSTEM --add-opens=java.base/java.util=ALL-UNNAMED --add-opens=java.base/java.lang=ALL-UNNAMED --add-opens=java.base/sun.nio.fs=ALL-UNNAMED -Declipse.application=org.eclipse.jdt.ls.core.id1 -Dosgi.bundles.defaultStartLevel=4 -Declipse.product=org.eclipse.jdt.ls.core.product -Djava.import.generatesMetadataFilesAtProjectRoot=false -DDetectVMInstallationsJob.disabled=true -Dfile.encoding=utf8 -XX:+UseParallelGC -XX:GCTimeRatio=4 -XX:AdaptiveSizePolicyWeight=90 -Dsun.zip.disableMemoryMapping=true -Xmx1G -Xms100m -Xlog:disable -javaagent:c:\Users\palak\.vscode\extensions\redhat.java-1.41.1-win32-x64\lombok\lombok-1.18.36.jar -XX:+HeapDumpOnOutOfMemoryError -XX:HeapDumpPath=c:\Users\palak\AppData\Roaming\Code\User\workspaceStorage\632f04cdbe9e26a6a5769c745b0508de\redhat.java -Daether.dependencyCollector.impl=bf 
java_command: c:\Users\palak\.vscode\extensions\redhat.java-1.41.1-win32-x64\server\plugins\org.eclipse.equinox.launcher_1.7.0.v20250331-1702.jar -configuration c:\Users\palak\AppData\Roaming\Code\User\globalStorage\redhat.java\1.41.1\config_win -data c:\Users\palak\AppData\Roaming\Code\User\workspaceStorage\632f04cdbe9e26a6a5769c745b0508de\redhat.java\jdt_ws --pipe=\\.\pipe\lsp-347111d74a1887bf6a8a95fd511dc2f0-sock
java_class_path (initial): c:\Users\palak\.vscode\extensions\redhat.java-1.41.1-win32-x64\server\plugins\org.eclipse.equinox.launcher_1.7.0.v20250331-1702.jar
Launcher Type: SUN_STANDARD

[Global flags]
    uintx AdaptiveSizePolicyWeight                 = 90                                        {product} {command line}
     intx CICompilerCount                          = 3                                         {product} {ergonomic}
    uintx GCTimeRatio                              = 4                                         {product} {command line}
     bool HeapDumpOnOutOfMemoryError               = true                                   {manageable} {command line}
    ccstr HeapDumpPath                             = c:\Users\palak\AppData\Roaming\Code\User\workspaceStorage\632f04cdbe9e26a6a5769c745b0508de\redhat.java         {manageable} {command line}
   size_t InitialHeapSize                          = 104857600                                 {product} {command line}
   size_t MaxHeapSize                              = 1073741824                                {product} {command line}
   size_t MaxNewSize                               = 357564416                                 {product} {ergonomic}
   size_t MinHeapDeltaBytes                        = 524288                                    {product} {ergonomic}
   size_t MinHeapSize                              = 104857600                                 {product} {command line}
   size_t NewSize                                  = 34603008                                  {product} {ergonomic}
    uintx NonNMethodCodeHeapSize                   = 5832780                                {pd product} {ergonomic}
    uintx NonProfiledCodeHeapSize                  = 122912730                              {pd product} {ergonomic}
   size_t OldSize                                  = 70254592                                  {product} {ergonomic}
    uintx ProfiledCodeHeapSize                     = 122912730                              {pd product} {ergonomic}
    uintx ReservedCodeCacheSize                    = 251658240                              {pd product} {ergonomic}
     bool SegmentedCodeCache                       = true                                      {product} {ergonomic}
   size_t SoftMaxHeapSize                          = 1073741824                             {manageable} {ergonomic}
     bool UseCompressedOops                        = true                           {product lp64_product} {ergonomic}
     bool UseLargePagesIndividualAllocation        = false                                  {pd product} {ergonomic}
     bool UseParallelGC                            = true                                      {product} {command line}

Logging:
Log output configuration:
 #0: stdout all=off uptime,level,tags foldmultilines=false
 #1: stderr all=off uptime,level,tags foldmultilines=false

Environment Variables:
JAVA_HOME=C:\Users\palak\Downloads\java-21-openjdk-21.0.1.0.12-3.win.jdk.x86_64\java-21-openjdk-21.0.1.0.12-3.win.jdk.x86_64
PATH=C:\Program Files (x86)\Common Files\Oracle\Java\java8path;C:\Program Files (x86)\Common Files\Oracle\Java\javapath;C:\WINDOWS\system32;C:\WINDOWS;C:\WINDOWS\System32\Wbem;C:\WINDOWS\System32\WindowsPowerShell\v1.0\;C:\WINDOWS\System32\OpenSSH\;C:\Users\palak\Downloads\java-21-openjdk-21.0.1.0.12-3.win.jdk.x86_64\java-21-openjdk-21.0.1.0.12-3.win.jdk.x86_64\bin;C:\Users\palak\Downloads\apache-maven-3.9.8-bin\bin;c:\users\palak\appdata\local\packages\pythonsoftwarefoundation.python.3.11_qbz5n2kfra8p0\localcache\local-packages\python311\site-packages;C:\ProgramData\chocolatey\bin;C:\Program Files\nodejs\;C:\Users\palak\AppData\Local\Programs\Python\Python312\Scripts;C:\Program Files\Git\cmd;C:\Users\palak\Downloads\flutter_windows_3.27.3-stable\flutter\bin;C:\Users\palak\AppData\Local\Android\Sdk\cmdline-tools\latest\bin;C:\Users\palak\AppData\Local\Android\Sdk\platform-tools;C:\ffmpeg;C:\Program Files\MongoDB\Server\8.0\bin;C:\Users\palak\AppData\Local\Programs\Python\Python313\Scripts\;C:\Users\palak\AppData\Local\Programs\Python\Python313\;C:\Users\palak\AppData\Local\Programs\Python\Python312\Scripts\;C:\Users\palak\AppData\Local\Programs\Python\Python312\;C:\Users\palak\AppData\Local\Programs\Python\Launcher\;C:\Program Files\MySQL\MySQL Shell 8.0\bin\;C:\Users\palak\AppData\Local\Microsoft\WindowsApps;C:\Users\palak\AppData\Local\Programs\Microsoft VS Code\bin;C:\Program Files\JetBrains\IntelliJ IDEA Community Edition 2023.3.3\bin;C:\Users\palak\AppData\Local\JetBrains\CLion 2023.3.4\bin;C:\Program Files\JetBrains\PyCharm 2024.1.2\bin;C:\Program Files\JetBrains\PyCharm Community Edition 2024.1.4\bin;C:\Users\palak\AppData\Local\JetBrains\Toolbox\scripts;C:\Users\palak\AppData\Roaming\npm;C:\Users\palak\AppData\Local\GitHubDesktop\bin;C:\Users\palak\AppData\Local\Microsoft\WindowsApps;
USERNAME=palak
OS=Windows_NT
PROCESSOR_IDENTIFIER=AMD64 Family 23 Model 24 Stepping 1, AuthenticAMD
TMP=C:\Users\palak\AppData\Local\Temp
TEMP=C:\Users\palak\AppData\Local\Temp




Periodic native trim disabled

---------------  S Y S T E M  ---------------

OS:
 Windows 11 , 64 bit Build 26100 (10.0.26100.3323)
OS uptime: 0 days 13:18 hours

CPU: total 4 (initial active 4) (4 cores per cpu, 2 threads per core) family 23 model 24 stepping 1 microcode 0x8108109, cx8, cmov, fxsr, ht, mmx, 3dnowpref, sse, sse2, sse3, ssse3, sse4a, sse4.1, sse4.2, popcnt, lzcnt, tsc, tscinvbit, avx, avx2, aes, clmul, bmi1, bmi2, adx, sha, fma, vzeroupper, clflush, clflushopt, rdtscp, f16c
Processor Information for the first 4 processors :
  Max Mhz: 2600, Current Mhz: 2600, Mhz Limit: 2600

Memory: 4k page, system-wide physical 6086M (428M free)
TotalPageFile size 14278M (AvailPageFile size 4M)
current process WorkingSet (physical memory assigned to process): 161M, peak: 162M
current process commit charge ("private bytes"): 245M, peak: 246M

vm_info: OpenJDK 64-Bit Server VM (21.0.6+7-LTS) for windows-amd64 JRE (21.0.6+7-LTS), built on 2025-01-21T00:00:00Z by "admin" with MS VC++ 17.7 (VS2022)

END.
