#
# There is insufficient memory for the Java Runtime Environment to continue.
# Native memory allocation (malloc) failed to allocate 32744 bytes. Error detail: Chunk::new
# Possible reasons:
#   The system is out of physical RAM or swap space
#   This process is running with CompressedOops enabled, and the Java Heap may be blocking the growth of the native heap
# Possible solutions:
#   Reduce memory load on the system
#   Increase physical memory or swap space
#   Check if swap backing store is full
#   Decrease Java heap size (-Xmx/-Xms)
#   Decrease number of Java threads
#   Decrease Java thread stack sizes (-Xss)
#   Set larger code cache with -XX:ReservedCodeCacheSize=
#   JVM is running with Unscaled Compressed Oops mode in which the Java heap is
#     placed in the first 4GB address space. The Java Heap base address is the
#     maximum limit for the native heap growth. Please use -XX:HeapBaseMinAddress
#     to set the Java Heap base and to place the Java Heap above 4GB virtual address.
# This output file may be truncated or incomplete.
#
#  Out of Memory Error (arena.cpp:168), pid=19236, tid=15764
#
# JRE version: OpenJDK Runtime Environment Temurin-21.0.6+7 (21.0.6+7) (build 21.0.6+7-LTS)
# Java VM: OpenJDK 64-Bit Server VM Temurin-21.0.6+7 (21.0.6+7-LTS, mixed mode, sharing, tiered, compressed oops, compressed class ptrs, parallel gc, windows-amd64)
# No core dump will be written. Minidumps are not enabled by default on client versions of Windows
#

---------------  S U M M A R Y ------------

Command Line: --add-modules=ALL-SYSTEM --add-opens=java.base/java.util=ALL-UNNAMED --add-opens=java.base/java.lang=ALL-UNNAMED --add-opens=java.base/sun.nio.fs=ALL-UNNAMED -Declipse.application=org.eclipse.jdt.ls.core.id1 -Dosgi.bundles.defaultStartLevel=4 -Declipse.product=org.eclipse.jdt.ls.core.product -Djava.import.generatesMetadataFilesAtProjectRoot=false -DDetectVMInstallationsJob.disabled=true -Dfile.encoding=utf8 -XX:+UseParallelGC -XX:GCTimeRatio=4 -XX:AdaptiveSizePolicyWeight=90 -Dsun.zip.disableMemoryMapping=true -Xmx1G -Xms100m -Xlog:disable -javaagent:c:\Users\palak\.vscode\extensions\redhat.java-1.40.0-win32-x64\lombok\lombok-1.18.36.jar -XX:+HeapDumpOnOutOfMemoryError -XX:HeapDumpPath=c:\Users\palak\AppData\Roaming\Code\User\workspaceStorage\632f04cdbe9e26a6a5769c745b0508de\redhat.java -Daether.dependencyCollector.impl=bf c:\Users\palak\.vscode\extensions\redhat.java-1.40.0-win32-x64\server\plugins\org.eclipse.equinox.launcher_1.6.1000.v20250131-0606.jar -configuration c:\Users\palak\AppData\Roaming\Code\User\globalStorage\redhat.java\1.40.0\config_win -data c:\Users\palak\AppData\Roaming\Code\User\workspaceStorage\632f04cdbe9e26a6a5769c745b0508de\redhat.java\jdt_ws --pipe=\\.\pipe\lsp-3f1324737d8f3483184d3612b99cc5cd-sock

Host: AMD Ryzen 3 3250U with Radeon Graphics         , 4 cores, 5G,  Windows 11 , 64 bit Build 26100 (10.0.26100.3323)
Time: Mon Mar 24 07:25:07 2025 India Standard Time elapsed time: 64.763442 seconds (0d 0h 1m 4s)

---------------  T H R E A D  ---------------

Current thread (0x000001fc237b3700):  JavaThread "C2 CompilerThread0" daemon [_thread_in_native, id=15764, stack(0x0000003984900000,0x0000003984a00000) (1024K)]


Current CompileTask:
C2:64763 4306       4       java.util.zip.ZipFile$Source::initCEN (612 bytes)

Stack: [0x0000003984900000,0x0000003984a00000]
Native frames: (J=compiled Java code, j=interpreted, Vv=VM code, C=native code)
V  [jvm.dll+0x6cdee9]
V  [jvm.dll+0x8a83d1]
V  [jvm.dll+0x8aa8fe]
V  [jvm.dll+0x8aafe3]
V  [jvm.dll+0x27f706]
V  [jvm.dll+0xc500d]
V  [jvm.dll+0xc5543]
V  [jvm.dll+0x656c0b]
V  [jvm.dll+0x656daf]
V  [jvm.dll+0x65c7e9]
V  [jvm.dll+0x65d7d6]
V  [jvm.dll+0x65bb6e]
V  [jvm.dll+0x247875]
V  [jvm.dll+0x246fcf]
V  [jvm.dll+0x1c75ee]
V  [jvm.dll+0x25685a]
V  [jvm.dll+0x254dfa]
V  [jvm.dll+0x3f0256]
V  [jvm.dll+0x851f8b]
V  [jvm.dll+0x6cc5ed]
C  [ucrtbase.dll+0x37b0]
C  [KERNEL32.DLL+0x2e8d7]
C  [ntdll.dll+0xbbf6c]


---------------  P R O C E S S  ---------------

Threads class SMR info:
_java_thread_list=0x000001fc6a8b9280, length=22, elements={
0x000001fc0d10db00, 0x000001fc0f52b850, 0x000001fc0f52dd20, 0x000001fc237a2900,
0x000001fc237a3550, 0x000001fc237a5830, 0x000001fc237ace20, 0x000001fc237b3700,
0x000001fc2381fe60, 0x000001fc6559b650, 0x000001fc65815a70, 0x000001fc6a0a3de0,
0x000001fc65814d00, 0x000001fc6a58fcc0, 0x000001fc6a192a10, 0x000001fc6a31ad20,
0x000001fc657b58e0, 0x000001fc6aa51660, 0x000001fc6aa50fd0, 0x000001fc6aa51cf0,
0x000001fc6aa52380, 0x000001fc6aa4fc20
}

Java Threads: ( => current thread )
  0x000001fc0d10db00 JavaThread "main"                              [_thread_blocked, id=17696, stack(0x0000003983f00000,0x0000003984000000) (1024K)]
  0x000001fc0f52b850 JavaThread "Reference Handler"          daemon [_thread_blocked, id=15724, stack(0x0000003984300000,0x0000003984400000) (1024K)]
  0x000001fc0f52dd20 JavaThread "Finalizer"                  daemon [_thread_blocked, id=18408, stack(0x0000003984400000,0x0000003984500000) (1024K)]
  0x000001fc237a2900 JavaThread "Signal Dispatcher"          daemon [_thread_blocked, id=14072, stack(0x0000003984500000,0x0000003984600000) (1024K)]
  0x000001fc237a3550 JavaThread "Attach Listener"            daemon [_thread_blocked, id=19124, stack(0x0000003984600000,0x0000003984700000) (1024K)]
  0x000001fc237a5830 JavaThread "Service Thread"             daemon [_thread_blocked, id=22160, stack(0x0000003984700000,0x0000003984800000) (1024K)]
  0x000001fc237ace20 JavaThread "Monitor Deflation Thread"   daemon [_thread_blocked, id=11832, stack(0x0000003984800000,0x0000003984900000) (1024K)]
=>0x000001fc237b3700 JavaThread "C2 CompilerThread0"         daemon [_thread_in_native, id=15764, stack(0x0000003984900000,0x0000003984a00000) (1024K)]
  0x000001fc2381fe60 JavaThread "C1 CompilerThread0"         daemon [_thread_blocked, id=17524, stack(0x0000003984a00000,0x0000003984b00000) (1024K)]
  0x000001fc6559b650 JavaThread "Common-Cleaner"             daemon [_thread_blocked, id=14488, stack(0x0000003984b00000,0x0000003984c00000) (1024K)]
  0x000001fc65815a70 JavaThread "Notification Thread"        daemon [_thread_blocked, id=12712, stack(0x0000003984c00000,0x0000003984d00000) (1024K)]
  0x000001fc6a0a3de0 JavaThread "Active Thread: Equinox Container: 671f5c33-40e3-478b-8fb6-92bef8c0fc92"        [_thread_blocked, id=21672, stack(0x0000003985000000,0x0000003985100000) (1024K)]
  0x000001fc65814d00 JavaThread "Refresh Thread: Equinox Container: 671f5c33-40e3-478b-8fb6-92bef8c0fc92" daemon [_thread_blocked, id=20324, stack(0x0000003985100000,0x0000003985200000) (1024K)]
  0x000001fc6a58fcc0 JavaThread "Framework Event Dispatcher: Equinox Container: 671f5c33-40e3-478b-8fb6-92bef8c0fc92" daemon [_thread_blocked, id=10612, stack(0x0000003985200000,0x0000003985300000) (1024K)]
  0x000001fc6a192a10 JavaThread "Start Level: Equinox Container: 671f5c33-40e3-478b-8fb6-92bef8c0fc92" daemon [_thread_in_vm, id=18544, stack(0x0000003985300000,0x0000003985400000) (1024K)]
  0x000001fc6a31ad20 JavaThread "Bundle File Closer"         daemon [_thread_blocked, id=17700, stack(0x0000003985400000,0x0000003985500000) (1024K)]
  0x000001fc657b58e0 JavaThread "SCR Component Actor"        daemon [_thread_blocked, id=19928, stack(0x0000003985500000,0x0000003985600000) (1024K)]
  0x000001fc6aa51660 JavaThread "Worker-JM"                         [_thread_blocked, id=21752, stack(0x0000003985700000,0x0000003985800000) (1024K)]
  0x000001fc6aa50fd0 JavaThread "JNA Cleaner"                daemon [_thread_blocked, id=17900, stack(0x0000003985800000,0x0000003985900000) (1024K)]
  0x000001fc6aa51cf0 JavaThread "Worker-0"                          [_thread_blocked, id=21912, stack(0x0000003985900000,0x0000003985a00000) (1024K)]
  0x000001fc6aa52380 JavaThread "Worker-1"                          [_thread_blocked, id=20200, stack(0x0000003985600000,0x0000003985700000) (1024K)]
  0x000001fc6aa4fc20 JavaThread "SCR Component Registry"     daemon [_thread_blocked, id=6188, stack(0x0000003985a00000,0x0000003985b00000) (1024K)]
Total: 22

Other Threads:
  0x000001fc2379f4f0 VMThread "VM Thread"                           [id=10072, stack(0x0000003984200000,0x0000003984300000) (1024K)]
  0x000001fc0f4dbc20 WatcherThread "VM Periodic Task Thread"        [id=12940, stack(0x0000003984100000,0x0000003984200000) (1024K)]
  0x000001fc0f48d8b0 WorkerThread "GC Thread#0"                     [id=15284, stack(0x0000003984000000,0x0000003984100000) (1024K)]
  0x000001fc6a44e410 WorkerThread "GC Thread#1"                     [id=14920, stack(0x0000003984d00000,0x0000003984e00000) (1024K)]
  0x000001fc6a44e7b0 WorkerThread "GC Thread#2"                     [id=4728, stack(0x0000003984e00000,0x0000003984f00000) (1024K)]
  0x000001fc6a44eb50 WorkerThread "GC Thread#3"                     [id=19972, stack(0x0000003984f00000,0x0000003985000000) (1024K)]
Total: 6

Threads with active compile tasks:
C2 CompilerThread0  64821 4306       4       java.util.zip.ZipFile$Source::initCEN (612 bytes)
Total: 1

VM state: not at safepoint (normal execution)

VM Mutex/Monitor currently owned by a thread: None

Heap address: 0x00000000c0000000, size: 1024 MB, Compressed Oops mode: 32-bit

CDS archive(s) mapped at: [0x000001fc24000000-0x000001fc24ba0000-0x000001fc24ba0000), size 12189696, SharedBaseAddress: 0x000001fc24000000, ArchiveRelocationMode: 1.
Compressed class space mapped at: 0x000001fc25000000-0x000001fc65000000, reserved size: 1073741824
Narrow klass base: 0x000001fc24000000, Narrow klass shift: 0, Narrow klass range: 0x100000000

GC Precious Log:
 CardTable entry size: 512
 CPUs: 4 total, 4 available
 Memory: 6086M
 Large Page Support: Disabled
 NUMA Support: Disabled
 Compressed Oops: Enabled (32-bit)
 Alignments: Space 512K, Generation 512K, Heap 2M
 Heap Min Capacity: 100M
 Heap Initial Capacity: 100M
 Heap Max Capacity: 1G
 Pre-touch: Disabled
 Parallel Workers: 4

Heap:
 PSYoungGen      total 29184K, used 7385K [0x00000000eab00000, 0x00000000ecc00000, 0x0000000100000000)
  eden space 24576K, 30% used [0x00000000eab00000,0x00000000eb236650,0x00000000ec300000)
  from space 4608K, 0% used [0x00000000ec480000,0x00000000ec480000,0x00000000ec900000)
  to   space 3072K, 0% used [0x00000000ec900000,0x00000000ec900000,0x00000000ecc00000)
 ParOldGen       total 68608K, used 13270K [0x00000000c0000000, 0x00000000c4300000, 0x00000000eab00000)
  object space 68608K, 19% used [0x00000000c0000000,0x00000000c0cf5b30,0x00000000c4300000)
 Metaspace       used 21418K, committed 22400K, reserved 1114112K
  class space    used 2166K, committed 2624K, reserved 1048576K

Card table byte_map: [0x000001fc0ee10000,0x000001fc0f020000] _byte_map_base: 0x000001fc0e810000

Marking Bits: (ParMarkBitMap*) 0x00007ffd79353260
 Begin Bits: [0x000001fc21660000, 0x000001fc22660000)
 End Bits:   [0x000001fc22660000, 0x000001fc23660000)

Polling page: 0x000001fc0ebc0000

Metaspace:

Usage:
  Non-class:     18.80 MB used.
      Class:      2.12 MB used.
       Both:     20.92 MB used.

Virtual space:
  Non-class space:       64.00 MB reserved,      19.31 MB ( 30%) committed,  1 nodes.
      Class space:        1.00 GB reserved,       2.56 MB ( <1%) committed,  1 nodes.
             Both:        1.06 GB reserved,      21.88 MB (  2%) committed. 

Chunk freelists:
   Non-Class:  12.58 MB
       Class:  13.36 MB
        Both:  25.94 MB

MaxMetaspaceSize: unlimited
CompressedClassSpaceSize: 1.00 GB
Initial GC threshold: 21.00 MB
Current GC threshold: 35.00 MB
CDS: on
 - commit_granule_bytes: 65536.
 - commit_granule_words: 8192.
 - virtual_space_node_default_size: 8388608.
 - enlarge_chunks_in_place: 1.
 - use_allocation_guard: 0.


Internal statistics:

num_allocs_failed_limit: 3.
num_arena_births: 786.
num_arena_deaths: 14.
num_vsnodes_births: 2.
num_vsnodes_deaths: 0.
num_space_committed: 350.
num_space_uncommitted: 0.
num_chunks_returned_to_freelist: 17.
num_chunks_taken_from_freelist: 1689.
num_chunk_merges: 9.
num_chunk_splits: 1048.
num_chunks_enlarged: 600.
num_inconsistent_stats: 0.

CodeHeap 'non-profiled nmethods': size=120000Kb used=1932Kb max_used=1932Kb free=118068Kb
 bounds [0x000001fc1a130000, 0x000001fc1a3a0000, 0x000001fc21660000]
CodeHeap 'profiled nmethods': size=120000Kb used=8970Kb max_used=8970Kb free=111029Kb
 bounds [0x000001fc12660000, 0x000001fc12f30000, 0x000001fc19b90000]
CodeHeap 'non-nmethods': size=5760Kb used=1288Kb max_used=1309Kb free=4472Kb
 bounds [0x000001fc19b90000, 0x000001fc19e00000, 0x000001fc1a130000]
 total_blobs=4874 nmethods=4305 adapters=475
 compilation: enabled
              stopped_count=0, restarted_count=0
 full_count=0

Compilation events (20 events):
Event: 64.419 Thread 0x000001fc2381fe60 nmethod 4297 0x000001fc12f20390 code [0x000001fc12f20540, 0x000001fc12f20718]
Event: 64.441 Thread 0x000001fc2381fe60 4298       1       org.eclipse.core.internal.dtree.AbstractDataTreeNode::isDelta (2 bytes)
Event: 64.441 Thread 0x000001fc2381fe60 nmethod 4298 0x000001fc1a312410 code [0x000001fc1a3125a0, 0x000001fc1a312668]
Event: 64.442 Thread 0x000001fc2381fe60 4299       3       org.eclipse.core.runtime.Path::segmentCount (6 bytes)
Event: 64.442 Thread 0x000001fc2381fe60 nmethod 4299 0x000001fc12f20810 code [0x000001fc12f209a0, 0x000001fc12f20ac8]
Event: 64.442 Thread 0x000001fc2381fe60 4300       3       org.eclipse.core.runtime.Path::segment (17 bytes)
Event: 64.442 Thread 0x000001fc2381fe60 nmethod 4300 0x000001fc12f20b90 code [0x000001fc12f20d40, 0x000001fc12f20ef0]
Event: 64.443 Thread 0x000001fc2381fe60 4301       3       org.eclipse.core.internal.dtree.AbstractDataTreeNode::indexOfChild (75 bytes)
Event: 64.443 Thread 0x000001fc2381fe60 nmethod 4301 0x000001fc12f21010 code [0x000001fc12f211e0, 0x000001fc12f21530]
Event: 64.443 Thread 0x000001fc2381fe60 4302       3       org.eclipse.core.internal.dtree.AbstractDataTreeNode::childAtOrNull (21 bytes)
Event: 64.443 Thread 0x000001fc2381fe60 nmethod 4302 0x000001fc12f21710 code [0x000001fc12f218c0, 0x000001fc12f21b30]
Event: 64.444 Thread 0x000001fc2381fe60 4303       1       org.eclipse.core.internal.dtree.DataDeltaNode::isDelta (2 bytes)
Event: 64.444 Thread 0x000001fc2381fe60 nmethod 4303 0x000001fc1a312710 code [0x000001fc1a3128a0, 0x000001fc1a312968]
Event: 64.444 Thread 0x000001fc2381fe60 4304       1       org.eclipse.core.internal.dtree.DataTreeNode::hasData (2 bytes)
Event: 64.444 Thread 0x000001fc2381fe60 nmethod 4304 0x000001fc1a312a10 code [0x000001fc1a312ba0, 0x000001fc1a312c68]
Event: 64.444 Thread 0x000001fc2381fe60 4305       1       org.eclipse.core.internal.dtree.DataTreeNode::getData (5 bytes)
Event: 64.444 Thread 0x000001fc2381fe60 nmethod 4305 0x000001fc1a312d10 code [0x000001fc1a312ea0, 0x000001fc1a312f68]
Event: 64.664 Thread 0x000001fc237b3700 4306       4       java.util.zip.ZipFile$Source::initCEN (612 bytes)
Event: 64.666 Thread 0x000001fc2381fe60 4307       3       org.eclipse.core.runtime.ServiceCaller$ReferenceAndService::bundleChanged (32 bytes)
Event: 64.667 Thread 0x000001fc2381fe60 nmethod 4307 0x000001fc12f21c90 code [0x000001fc12f21ec0, 0x000001fc12f22618]

GC Heap History (16 events):
Event: 14.982 GC heap before
{Heap before GC invocations=1 (full 0):
 PSYoungGen      total 29696K, used 25600K [0x00000000eab00000, 0x00000000ecc00000, 0x0000000100000000)
  eden space 25600K, 100% used [0x00000000eab00000,0x00000000ec400000,0x00000000ec400000)
  from space 4096K, 0% used [0x00000000ec800000,0x00000000ec800000,0x00000000ecc00000)
  to   space 4096K, 0% used [0x00000000ec400000,0x00000000ec400000,0x00000000ec800000)
 ParOldGen       total 68608K, used 0K [0x00000000c0000000, 0x00000000c4300000, 0x00000000eab00000)
  object space 68608K, 0% used [0x00000000c0000000,0x00000000c0000000,0x00000000c4300000)
 Metaspace       used 4352K, committed 4544K, reserved 1114112K
  class space    used 437K, committed 512K, reserved 1048576K
}
Event: 15.058 GC heap after
{Heap after GC invocations=1 (full 0):
 PSYoungGen      total 29696K, used 3173K [0x00000000eab00000, 0x00000000ecc00000, 0x0000000100000000)
  eden space 25600K, 0% used [0x00000000eab00000,0x00000000eab00000,0x00000000ec400000)
  from space 4096K, 77% used [0x00000000ec400000,0x00000000ec7197f0,0x00000000ec800000)
  to   space 4096K, 0% used [0x00000000ec800000,0x00000000ec800000,0x00000000ecc00000)
 ParOldGen       total 68608K, used 0K [0x00000000c0000000, 0x00000000c4300000, 0x00000000eab00000)
  object space 68608K, 0% used [0x00000000c0000000,0x00000000c0000000,0x00000000c4300000)
 Metaspace       used 4352K, committed 4544K, reserved 1114112K
  class space    used 437K, committed 512K, reserved 1048576K
}
Event: 22.885 GC heap before
{Heap before GC invocations=2 (full 0):
 PSYoungGen      total 29696K, used 28773K [0x00000000eab00000, 0x00000000ecc00000, 0x0000000100000000)
  eden space 25600K, 100% used [0x00000000eab00000,0x00000000ec400000,0x00000000ec400000)
  from space 4096K, 77% used [0x00000000ec400000,0x00000000ec7197f0,0x00000000ec800000)
  to   space 4096K, 0% used [0x00000000ec800000,0x00000000ec800000,0x00000000ecc00000)
 ParOldGen       total 68608K, used 0K [0x00000000c0000000, 0x00000000c4300000, 0x00000000eab00000)
  object space 68608K, 0% used [0x00000000c0000000,0x00000000c0000000,0x00000000c4300000)
 Metaspace       used 7955K, committed 8192K, reserved 1114112K
  class space    used 776K, committed 896K, reserved 1048576K
}
Event: 22.896 GC heap after
{Heap after GC invocations=2 (full 0):
 PSYoungGen      total 29696K, used 4068K [0x00000000eab00000, 0x00000000ecc00000, 0x0000000100000000)
  eden space 25600K, 0% used [0x00000000eab00000,0x00000000eab00000,0x00000000ec400000)
  from space 4096K, 99% used [0x00000000ec800000,0x00000000ecbf9158,0x00000000ecc00000)
  to   space 4096K, 0% used [0x00000000ec400000,0x00000000ec400000,0x00000000ec800000)
 ParOldGen       total 68608K, used 1752K [0x00000000c0000000, 0x00000000c4300000, 0x00000000eab00000)
  object space 68608K, 2% used [0x00000000c0000000,0x00000000c01b61b0,0x00000000c4300000)
 Metaspace       used 7955K, committed 8192K, reserved 1114112K
  class space    used 776K, committed 896K, reserved 1048576K
}
Event: 28.682 GC heap before
{Heap before GC invocations=3 (full 0):
 PSYoungGen      total 29696K, used 29668K [0x00000000eab00000, 0x00000000ecc00000, 0x0000000100000000)
  eden space 25600K, 100% used [0x00000000eab00000,0x00000000ec400000,0x00000000ec400000)
  from space 4096K, 99% used [0x00000000ec800000,0x00000000ecbf9158,0x00000000ecc00000)
  to   space 4096K, 0% used [0x00000000ec400000,0x00000000ec400000,0x00000000ec800000)
 ParOldGen       total 68608K, used 1752K [0x00000000c0000000, 0x00000000c4300000, 0x00000000eab00000)
  object space 68608K, 2% used [0x00000000c0000000,0x00000000c01b61b0,0x00000000c4300000)
 Metaspace       used 9200K, committed 9600K, reserved 1114112K
  class space    used 916K, committed 1088K, reserved 1048576K
}
Event: 28.692 GC heap after
{Heap after GC invocations=3 (full 0):
 PSYoungGen      total 29696K, used 4072K [0x00000000eab00000, 0x00000000ecc00000, 0x0000000100000000)
  eden space 25600K, 0% used [0x00000000eab00000,0x00000000eab00000,0x00000000ec400000)
  from space 4096K, 99% used [0x00000000ec400000,0x00000000ec7fa2b0,0x00000000ec800000)
  to   space 4096K, 0% used [0x00000000ec800000,0x00000000ec800000,0x00000000ecc00000)
 ParOldGen       total 68608K, used 5981K [0x00000000c0000000, 0x00000000c4300000, 0x00000000eab00000)
  object space 68608K, 8% used [0x00000000c0000000,0x00000000c05d7560,0x00000000c4300000)
 Metaspace       used 9200K, committed 9600K, reserved 1114112K
  class space    used 916K, committed 1088K, reserved 1048576K
}
Event: 32.583 GC heap before
{Heap before GC invocations=4 (full 0):
 PSYoungGen      total 29696K, used 29672K [0x00000000eab00000, 0x00000000ecc00000, 0x0000000100000000)
  eden space 25600K, 100% used [0x00000000eab00000,0x00000000ec400000,0x00000000ec400000)
  from space 4096K, 99% used [0x00000000ec400000,0x00000000ec7fa2b0,0x00000000ec800000)
  to   space 4096K, 0% used [0x00000000ec800000,0x00000000ec800000,0x00000000ecc00000)
 ParOldGen       total 68608K, used 5981K [0x00000000c0000000, 0x00000000c4300000, 0x00000000eab00000)
  object space 68608K, 8% used [0x00000000c0000000,0x00000000c05d7560,0x00000000c4300000)
 Metaspace       used 12207K, committed 12544K, reserved 1114112K
  class space    used 1200K, committed 1344K, reserved 1048576K
}
Event: 32.593 GC heap after
{Heap after GC invocations=4 (full 0):
 PSYoungGen      total 29696K, used 4064K [0x00000000eab00000, 0x00000000ecc00000, 0x0000000100000000)
  eden space 25600K, 0% used [0x00000000eab00000,0x00000000eab00000,0x00000000ec400000)
  from space 4096K, 99% used [0x00000000ec800000,0x00000000ecbf81f8,0x00000000ecc00000)
  to   space 4096K, 0% used [0x00000000ec400000,0x00000000ec400000,0x00000000ec800000)
 ParOldGen       total 68608K, used 6810K [0x00000000c0000000, 0x00000000c4300000, 0x00000000eab00000)
  object space 68608K, 9% used [0x00000000c0000000,0x00000000c06a6b88,0x00000000c4300000)
 Metaspace       used 12207K, committed 12544K, reserved 1114112K
  class space    used 1200K, committed 1344K, reserved 1048576K
}
Event: 37.268 GC heap before
{Heap before GC invocations=5 (full 0):
 PSYoungGen      total 29696K, used 29664K [0x00000000eab00000, 0x00000000ecc00000, 0x0000000100000000)
  eden space 25600K, 100% used [0x00000000eab00000,0x00000000ec400000,0x00000000ec400000)
  from space 4096K, 99% used [0x00000000ec800000,0x00000000ecbf81f8,0x00000000ecc00000)
  to   space 4096K, 0% used [0x00000000ec400000,0x00000000ec400000,0x00000000ec800000)
 ParOldGen       total 68608K, used 6810K [0x00000000c0000000, 0x00000000c4300000, 0x00000000eab00000)
  object space 68608K, 9% used [0x00000000c0000000,0x00000000c06a6b88,0x00000000c4300000)
 Metaspace       used 16140K, committed 16832K, reserved 1114112K
  class space    used 1576K, committed 1856K, reserved 1048576K
}
Event: 37.278 GC heap after
{Heap after GC invocations=5 (full 0):
 PSYoungGen      total 29184K, used 4086K [0x00000000eab00000, 0x00000000ecf80000, 0x0000000100000000)
  eden space 25088K, 0% used [0x00000000eab00000,0x00000000eab00000,0x00000000ec380000)
  from space 4096K, 99% used [0x00000000ec400000,0x00000000ec7fd870,0x00000000ec800000)
  to   space 6144K, 0% used [0x00000000ec980000,0x00000000ec980000,0x00000000ecf80000)
 ParOldGen       total 68608K, used 8339K [0x00000000c0000000, 0x00000000c4300000, 0x00000000eab00000)
  object space 68608K, 12% used [0x00000000c0000000,0x00000000c0824c98,0x00000000c4300000)
 Metaspace       used 16140K, committed 16832K, reserved 1114112K
  class space    used 1576K, committed 1856K, reserved 1048576K
}
Event: 51.549 GC heap before
{Heap before GC invocations=6 (full 0):
 PSYoungGen      total 29184K, used 29174K [0x00000000eab00000, 0x00000000ecf80000, 0x0000000100000000)
  eden space 25088K, 100% used [0x00000000eab00000,0x00000000ec380000,0x00000000ec380000)
  from space 4096K, 99% used [0x00000000ec400000,0x00000000ec7fd870,0x00000000ec800000)
  to   space 6144K, 0% used [0x00000000ec980000,0x00000000ec980000,0x00000000ecf80000)
 ParOldGen       total 68608K, used 8339K [0x00000000c0000000, 0x00000000c4300000, 0x00000000eab00000)
  object space 68608K, 12% used [0x00000000c0000000,0x00000000c0824c98,0x00000000c4300000)
 Metaspace       used 18812K, committed 19648K, reserved 1114112K
  class space    used 1885K, committed 2240K, reserved 1048576K
}
Event: 51.558 GC heap after
{Heap after GC invocations=6 (full 0):
 PSYoungGen      total 29696K, used 4744K [0x00000000eab00000, 0x00000000ece80000, 0x0000000100000000)
  eden space 24576K, 0% used [0x00000000eab00000,0x00000000eab00000,0x00000000ec300000)
  from space 5120K, 92% used [0x00000000ec980000,0x00000000ece22218,0x00000000ece80000)
  to   space 5120K, 0% used [0x00000000ec480000,0x00000000ec480000,0x00000000ec980000)
 ParOldGen       total 68608K, used 8347K [0x00000000c0000000, 0x00000000c4300000, 0x00000000eab00000)
  object space 68608K, 12% used [0x00000000c0000000,0x00000000c0826c98,0x00000000c4300000)
 Metaspace       used 18812K, committed 19648K, reserved 1114112K
  class space    used 1885K, committed 2240K, reserved 1048576K
}
Event: 60.919 GC heap before
{Heap before GC invocations=7 (full 0):
 PSYoungGen      total 29696K, used 21698K [0x00000000eab00000, 0x00000000ece80000, 0x0000000100000000)
  eden space 24576K, 68% used [0x00000000eab00000,0x00000000ebb8e8b8,0x00000000ec300000)
  from space 5120K, 92% used [0x00000000ec980000,0x00000000ece22218,0x00000000ece80000)
  to   space 5120K, 0% used [0x00000000ec480000,0x00000000ec480000,0x00000000ec980000)
 ParOldGen       total 68608K, used 8347K [0x00000000c0000000, 0x00000000c4300000, 0x00000000eab00000)
  object space 68608K, 12% used [0x00000000c0000000,0x00000000c0826c98,0x00000000c4300000)
 Metaspace       used 20688K, committed 21504K, reserved 1114112K
  class space    used 2086K, committed 2432K, reserved 1048576K
}
Event: 60.933 GC heap after
{Heap after GC invocations=7 (full 0):
 PSYoungGen      total 29184K, used 4338K [0x00000000eab00000, 0x00000000ecc00000, 0x0000000100000000)
  eden space 24576K, 0% used [0x00000000eab00000,0x00000000eab00000,0x00000000ec300000)
  from space 4608K, 94% used [0x00000000ec480000,0x00000000ec8bcb70,0x00000000ec900000)
  to   space 3072K, 0% used [0x00000000ec900000,0x00000000ec900000,0x00000000ecc00000)
 ParOldGen       total 68608K, used 9637K [0x00000000c0000000, 0x00000000c4300000, 0x00000000eab00000)
  object space 68608K, 14% used [0x00000000c0000000,0x00000000c0969598,0x00000000c4300000)
 Metaspace       used 20688K, committed 21504K, reserved 1114112K
  class space    used 2086K, committed 2432K, reserved 1048576K
}
Event: 60.933 GC heap before
{Heap before GC invocations=8 (full 1):
 PSYoungGen      total 29184K, used 4338K [0x00000000eab00000, 0x00000000ecc00000, 0x0000000100000000)
  eden space 24576K, 0% used [0x00000000eab00000,0x00000000eab00000,0x00000000ec300000)
  from space 4608K, 94% used [0x00000000ec480000,0x00000000ec8bcb70,0x00000000ec900000)
  to   space 3072K, 0% used [0x00000000ec900000,0x00000000ec900000,0x00000000ecc00000)
 ParOldGen       total 68608K, used 9637K [0x00000000c0000000, 0x00000000c4300000, 0x00000000eab00000)
  object space 68608K, 14% used [0x00000000c0000000,0x00000000c0969598,0x00000000c4300000)
 Metaspace       used 20688K, committed 21504K, reserved 1114112K
  class space    used 2086K, committed 2432K, reserved 1048576K
}
Event: 61.019 GC heap after
{Heap after GC invocations=8 (full 1):
 PSYoungGen      total 29184K, used 0K [0x00000000eab00000, 0x00000000ecc00000, 0x0000000100000000)
  eden space 24576K, 0% used [0x00000000eab00000,0x00000000eab00000,0x00000000ec300000)
  from space 4608K, 0% used [0x00000000ec480000,0x00000000ec480000,0x00000000ec900000)
  to   space 3072K, 0% used [0x00000000ec900000,0x00000000ec900000,0x00000000ecc00000)
 ParOldGen       total 68608K, used 13270K [0x00000000c0000000, 0x00000000c4300000, 0x00000000eab00000)
  object space 68608K, 19% used [0x00000000c0000000,0x00000000c0cf5b30,0x00000000c4300000)
 Metaspace       used 20675K, committed 21504K, reserved 1114112K
  class space    used 2083K, committed 2432K, reserved 1048576K
}

Dll operation events (10 events):
Event: 0.090 Loaded shared library c:\Users\palak\.vscode\extensions\redhat.java-1.40.0-win32-x64\jre\21.0.6-win32-x86_64\bin\java.dll
Event: 4.656 Loaded shared library c:\Users\palak\.vscode\extensions\redhat.java-1.40.0-win32-x64\jre\21.0.6-win32-x86_64\bin\zip.dll
Event: 5.033 Loaded shared library C:\Users\palak\.vscode\extensions\redhat.java-1.40.0-win32-x64\jre\21.0.6-win32-x86_64\bin\instrument.dll
Event: 5.308 Loaded shared library C:\Users\palak\.vscode\extensions\redhat.java-1.40.0-win32-x64\jre\21.0.6-win32-x86_64\bin\net.dll
Event: 5.315 Loaded shared library C:\Users\palak\.vscode\extensions\redhat.java-1.40.0-win32-x64\jre\21.0.6-win32-x86_64\bin\nio.dll
Event: 5.385 Loaded shared library C:\Users\palak\.vscode\extensions\redhat.java-1.40.0-win32-x64\jre\21.0.6-win32-x86_64\bin\zip.dll
Event: 5.571 Loaded shared library C:\Users\palak\.vscode\extensions\redhat.java-1.40.0-win32-x64\jre\21.0.6-win32-x86_64\bin\jimage.dll
Event: 6.797 Loaded shared library c:\Users\palak\.vscode\extensions\redhat.java-1.40.0-win32-x64\jre\21.0.6-win32-x86_64\bin\verify.dll
Event: 22.722 Loaded shared library C:\Users\palak\AppData\Roaming\Code\User\globalStorage\redhat.java\1.40.0\config_win\org.eclipse.equinox.launcher\org.eclipse.equinox.launcher.win32.win32.x86_64_1.2.1200.v20250212-0927\eclipse_11909.dll
Event: 37.627 Loaded shared library C:\Users\palak\AppData\Local\Temp\jna-106430981\jna17025444683319398199.dll

Deoptimization events (20 events):
Event: 62.506 Thread 0x000001fc6a192a10 DEOPT PACKING pc=0x000001fc1a2ebf64 sp=0x00000039853f2030
Event: 62.506 Thread 0x000001fc6a192a10 DEOPT UNPACKING pc=0x000001fc19be3aa2 sp=0x00000039853f1fd8 mode 2
Event: 62.506 Thread 0x000001fc6a192a10 Uncommon trap: trap_request=0xffffffde fr.pc=0x000001fc1a2ebf64 relative=0x0000000000000424
Event: 62.506 Thread 0x000001fc6a192a10 Uncommon trap: reason=class_check action=maybe_recompile pc=0x000001fc1a2ebf64 method=java.io.DataOutputStream.writeInt(I)V @ 19 c2
Event: 62.506 Thread 0x000001fc6a192a10 DEOPT PACKING pc=0x000001fc1a2ebf64 sp=0x00000039853f2030
Event: 62.506 Thread 0x000001fc6a192a10 DEOPT UNPACKING pc=0x000001fc19be3aa2 sp=0x00000039853f1fd8 mode 2
Event: 62.506 Thread 0x000001fc6a192a10 Uncommon trap: trap_request=0xffffffde fr.pc=0x000001fc1a2ebf64 relative=0x0000000000000424
Event: 62.506 Thread 0x000001fc6a192a10 Uncommon trap: reason=class_check action=maybe_recompile pc=0x000001fc1a2ebf64 method=java.io.DataOutputStream.writeInt(I)V @ 19 c2
Event: 62.506 Thread 0x000001fc6a192a10 DEOPT PACKING pc=0x000001fc1a2ebf64 sp=0x00000039853f2030
Event: 62.506 Thread 0x000001fc6a192a10 DEOPT UNPACKING pc=0x000001fc19be3aa2 sp=0x00000039853f1fd8 mode 2
Event: 62.508 Thread 0x000001fc6a192a10 Uncommon trap: trap_request=0xffffff45 fr.pc=0x000001fc1a2aa6f0 relative=0x0000000000000a90
Event: 62.508 Thread 0x000001fc6a192a10 Uncommon trap: reason=unstable_if action=reinterpret pc=0x000001fc1a2aa6f0 method=sun.security.provider.SHA.implCompress0([BI)V @ 4 c2
Event: 62.508 Thread 0x000001fc6a192a10 DEOPT PACKING pc=0x000001fc1a2aa6f0 sp=0x00000039853f1de0
Event: 62.508 Thread 0x000001fc6a192a10 DEOPT UNPACKING pc=0x000001fc19be3aa2 sp=0x00000039853f1d50 mode 2
Event: 62.991 Thread 0x000001fc6a192a10 DEOPT PACKING pc=0x000001fc12f10f39 sp=0x00000039853f1930
Event: 62.991 Thread 0x000001fc6a192a10 DEOPT UNPACKING pc=0x000001fc19be4242 sp=0x00000039853f0dc8 mode 0
Event: 62.999 Thread 0x000001fc6a192a10 DEOPT PACKING pc=0x000001fc12f0f056 sp=0x00000039853f30c0
Event: 62.999 Thread 0x000001fc6a192a10 DEOPT UNPACKING pc=0x000001fc19be4242 sp=0x00000039853f2618 mode 0
Event: 64.664 Thread 0x000001fc6a192a10 DEOPT PACKING pc=0x000001fc12a2ad9f sp=0x00000039853f52b0
Event: 64.664 Thread 0x000001fc6a192a10 DEOPT UNPACKING pc=0x000001fc19be4242 sp=0x00000039853f4820 mode 0

Classes loaded (20 events):
Event: 62.075 Loading class java/util/CollSer
Event: 62.075 Loading class java/util/CollSer done
Event: 62.503 Loading class java/io/ObjectStreamClass$1
Event: 62.503 Loading class java/io/ObjectStreamClass$1 done
Event: 62.505 Loading class java/io/ObjectStreamClass$MemberSignature
Event: 62.505 Loading class java/io/ObjectStreamClass$MemberSignature done
Event: 62.505 Loading class java/io/ObjectStreamClass$3
Event: 62.506 Loading class java/io/ObjectStreamClass$3 done
Event: 62.507 Loading class java/io/ObjectStreamClass$4
Event: 62.507 Loading class java/io/ObjectStreamClass$4 done
Event: 62.507 Loading class java/io/ObjectStreamClass$5
Event: 62.507 Loading class java/io/ObjectStreamClass$5 done
Event: 63.000 Loading class java/io/ObjectStreamClass$ExceptionInfo
Event: 63.000 Loading class java/io/ObjectStreamClass$ExceptionInfo done
Event: 63.282 Loading class org/w3c/dom/Node
Event: 63.282 Loading class org/w3c/dom/Node done
Event: 63.282 Loading class javax/xml/transform/Result
Event: 63.282 Loading class javax/xml/transform/Result done
Event: 63.282 Loading class javax/xml/transform/Source
Event: 63.282 Loading class javax/xml/transform/Source done

Classes unloaded (7 events):
Event: 60.948 Thread 0x000001fc2379f4f0 Unloading class 0x000001fc2519cc00 'java/lang/invoke/LambdaForm$MH+0x000001fc2519cc00'
Event: 60.948 Thread 0x000001fc2379f4f0 Unloading class 0x000001fc2519c800 'java/lang/invoke/LambdaForm$MH+0x000001fc2519c800'
Event: 60.948 Thread 0x000001fc2379f4f0 Unloading class 0x000001fc2519c400 'java/lang/invoke/LambdaForm$MH+0x000001fc2519c400'
Event: 60.948 Thread 0x000001fc2379f4f0 Unloading class 0x000001fc2519c000 'java/lang/invoke/LambdaForm$MH+0x000001fc2519c000'
Event: 60.948 Thread 0x000001fc2379f4f0 Unloading class 0x000001fc2519bc00 'java/lang/invoke/LambdaForm$BMH+0x000001fc2519bc00'
Event: 60.948 Thread 0x000001fc2379f4f0 Unloading class 0x000001fc2519b800 'java/lang/invoke/LambdaForm$DMH+0x000001fc2519b800'
Event: 60.948 Thread 0x000001fc2379f4f0 Unloading class 0x000001fc2519a400 'java/lang/invoke/LambdaForm$DMH+0x000001fc2519a400'

Classes redefined (0 events):
No events

Internal exceptions (20 events):
Event: 60.140 Thread 0x000001fc6a192a10 Exception <a 'java/lang/NoSuchMethodError'{0x00000000eba2d818}: 'java.lang.Object java.lang.invoke.DirectMethodHandle$Holder.invokeStaticInit(java.lang.Object, java.lang.Object, java.lang.Object, java.lang.Object, java.lang.Object, java.lang.Object, java.lang.Object)'> (0x00000000eba2d818) 
thrown [s\src\hotspot\share\interpreter\linkResolver.cpp, line 773]
Event: 60.141 Thread 0x000001fc6a192a10 Exception <a 'java/lang/NoSuchMethodError'{0x00000000eba32fb8}: 'java.lang.Object java.lang.invoke.Invokers$Holder.invoke_MT(java.lang.Object, java.lang.Object, java.lang.Object, java.lang.Object, java.lang.Object, java.lang.Object, java.lang.Object, java.lang.Object, java.lang.Object)'> (0x00000000eba32fb8) 
thrown [s\src\hotspot\share\interpreter\linkResolver.cpp, line 773]
Event: 60.213 Thread 0x000001fc6a192a10 Exception <a 'java/lang/NoSuchMethodError'{0x00000000eba67ca8}: 'int java.lang.invoke.DirectMethodHandle$Holder.invokeVirtual(java.lang.Object, java.lang.Object, java.lang.Object)'> (0x00000000eba67ca8) 
thrown [s\src\hotspot\share\interpreter\linkResolver.cpp, line 773]
Event: 60.216 Thread 0x000001fc6a192a10 Exception <a 'java/lang/NoSuchMethodError'{0x00000000eba6cc40}: 'int java.lang.invoke.DirectMethodHandle$Holder.invokeStaticInit(java.lang.Object, int, int)'> (0x00000000eba6cc40) 
thrown [s\src\hotspot\share\interpreter\linkResolver.cpp, line 773]
Event: 60.218 Thread 0x000001fc6a192a10 Exception <a 'java/lang/NoSuchMethodError'{0x00000000eba74fc8}: 'int java.lang.invoke.DirectMethodHandle$Holder.invokeStaticInit(java.lang.Object, long, long)'> (0x00000000eba74fc8) 
thrown [s\src\hotspot\share\interpreter\linkResolver.cpp, line 773]
Event: 60.224 Thread 0x000001fc6a192a10 Exception <a 'java/lang/NoSuchMethodError'{0x00000000eba7c980}: 'int java.lang.invoke.DirectMethodHandle$Holder.invokeStaticInit(java.lang.Object, float, float)'> (0x00000000eba7c980) 
thrown [s\src\hotspot\share\interpreter\linkResolver.cpp, line 773]
Event: 60.431 Thread 0x000001fc6a192a10 Exception <a 'java/lang/NoSuchMethodError'{0x00000000eba84330}: 'int java.lang.invoke.DirectMethodHandle$Holder.invokeStaticInit(java.lang.Object, double, double)'> (0x00000000eba84330) 
thrown [s\src\hotspot\share\interpreter\linkResolver.cpp, line 773]
Event: 60.443 Thread 0x000001fc6a192a10 Exception <a 'java/lang/NoSuchMethodError'{0x00000000eba89780}: 'int java.lang.invoke.DirectMethodHandle$Holder.invokeStatic(java.lang.Object, long)'> (0x00000000eba89780) 
thrown [s\src\hotspot\share\interpreter\linkResolver.cpp, line 773]
Event: 60.464 Thread 0x000001fc6a192a10 Exception <a 'java/lang/NoSuchMethodError'{0x00000000ebaa84e8}: 'int java.lang.invoke.Invokers$Holder.linkToTargetMethod(java.lang.Object, java.lang.Object)'> (0x00000000ebaa84e8) 
thrown [s\src\hotspot\share\interpreter\linkResolver.cpp, line 773]
Event: 61.028 Thread 0x000001fc6a192a10 Exception <a 'java/lang/NoSuchMethodError'{0x00000000eab0fda0}: 'java.lang.Object java.lang.invoke.Invokers$Holder.invoke_MT(java.lang.Object, java.lang.Object, java.lang.Object, java.lang.Object, java.lang.Object, java.lang.Object, java.lang.Object, java.lang.Object, java.lang.Object, java.lang.Object, java.lang.Object)'> (0x00000000eab0fda0) 
thrown [s\src\hotspot\share\interpreter\linkResolver.cpp, line 773]
Event: 61.032 Thread 0x000001fc6a192a10 Implicit null exception at 0x000001fc1a30093d to 0x000001fc1a3009b2
Event: 61.063 Thread 0x000001fc6a192a10 Exception <a 'java/lang/NoSuchMethodError'{0x00000000eaba59b8}: 'java.lang.Object java.lang.invoke.Invokers$Holder.invoke_MT(java.lang.Object, java.lang.Object, java.lang.Object, java.lang.Object, java.lang.Object, java.lang.Object, java.lang.Object, java.lang.Object, java.lang.Object, java.lang.Object)'> (0x00000000eaba59b8) 
thrown [s\src\hotspot\share\interpreter\linkResolver.cpp, line 773]
Event: 62.082 Thread 0x000001fc6a192a10 Exception <a 'java/lang/NoSuchMethodError'{0x00000000eac40998}: 'java.lang.Object java.lang.invoke.DirectMethodHandle$Holder.newInvokeSpecial(java.lang.Object, java.lang.Object, java.lang.Object, java.lang.Object, java.lang.Object, java.lang.Object, java.lang.Object)'> (0x00000000eac40998) 
thrown [s\src\hotspot\share\interpreter\linkResolver.cpp, line 773]
Event: 62.491 Thread 0x000001fc6a192a10 Exception <a 'java/lang/NoSuchMethodError'{0x00000000eacb8f40}: 'java.lang.Object java.lang.invoke.Invokers$Holder.invoker(java.lang.Object, java.lang.Object, java.lang.Object, java.lang.Object, java.lang.Object, java.lang.Object, java.lang.Object, java.lang.Object, java.lang.Object, java.lang.Object, java.lang.Object, java.lang.Object, java.lang.Object)'> (0x00000000eacb8f40) 
thrown [s\src\hotspot\share\interpreter\linkResolver.cpp, line 773]
Event: 62.493 Thread 0x000001fc6a192a10 Exception <a 'java/lang/NoSuchMethodError'{0x00000000eacc33d8}: 'java.lang.Object java.lang.invoke.DelegatingMethodHandle$Holder.delegate(java.lang.Object, java.lang.Object, java.lang.Object, java.lang.Object, java.lang.Object, java.lang.Object, java.lang.Object, java.lang.Object, java.lang.Object, java.lang.Object, java.lang.Object, java.lang.Object, java.lang.Object)'> (0x00000000eacc33d8) 
thrown [s\src\hotspot\share\interpreter\linkResolver.cpp, line 773]
Event: 62.504 Thread 0x000001fc6a192a10 Implicit null exception at 0x000001fc1a2e699a to 0x000001fc1a2e7900
Event: 62.506 Thread 0x000001fc6a192a10 Exception <a 'java/lang/NoSuchMethodError'{0x00000000ead28e58}: static Lorg/eclipse/m2e/core/internal/lifecyclemapping/model/PluginExecutionMetadata;.<clinit>()V> (0x00000000ead28e58) 
thrown [s\src\hotspot\share\prims\jni.cpp, line 1111]
Event: 62.508 Thread 0x000001fc6a192a10 Implicit null exception at 0x000001fc1a2a9ca4 to 0x000001fc1a2aa6d4
Event: 62.990 Thread 0x000001fc6a192a10 Exception <a 'java/lang/NoSuchMethodError'{0x00000000ead848b8}: static Lorg/eclipse/m2e/core/internal/lifecyclemapping/model/PluginExecutionFilter;.<clinit>()V> (0x00000000ead848b8) 
thrown [s\src\hotspot\share\prims\jni.cpp, line 1111]
Event: 62.999 Thread 0x000001fc6a192a10 Exception <a 'java/lang/NoSuchMethodError'{0x00000000eadbab20}: static Lorg/eclipse/m2e/core/internal/project/registry/MavenProjectFacade$MavenProjectConfiguration;.<clinit>()V> (0x00000000eadbab20) 
thrown [s\src\hotspot\share\prims\jni.cpp, line 1111]

ZGC Phase Switch (0 events):
No events

VM Operations (20 events):
Event: 57.626 Executing VM operation: Cleanup
Event: 57.714 Executing VM operation: Cleanup done
Event: 58.714 Executing VM operation: Cleanup
Event: 59.321 Executing VM operation: Cleanup done
Event: 59.348 Executing VM operation: HandshakeAllThreads (Deoptimize)
Event: 59.349 Executing VM operation: HandshakeAllThreads (Deoptimize) done
Event: 60.303 Executing VM operation: HandshakeAllThreads (HandshakeForDeflation)
Event: 60.430 Executing VM operation: HandshakeAllThreads (HandshakeForDeflation) done
Event: 60.430 Executing VM operation: Cleanup
Event: 60.430 Executing VM operation: Cleanup done
Event: 60.430 Executing VM operation: RendezvousGCThreads
Event: 60.430 Executing VM operation: RendezvousGCThreads done
Event: 60.919 Executing VM operation: CollectForMetadataAllocation (Metadata GC Threshold)
Event: 61.019 Executing VM operation: CollectForMetadataAllocation (Metadata GC Threshold) done
Event: 62.019 Executing VM operation: Cleanup
Event: 62.068 Executing VM operation: Cleanup done
Event: 63.068 Executing VM operation: Cleanup
Event: 63.277 Executing VM operation: Cleanup done
Event: 64.279 Executing VM operation: Cleanup
Event: 64.367 Executing VM operation: Cleanup done

Memory protections (0 events):
No events

Nmethod flushes (0 events):
No events

Events (20 events):
Event: 8.609 Thread 0x000001fc0d10db00 Thread added: 0x000001fc65815a70
Event: 9.945 Thread 0x000001fc2381fe60 Thread added: 0x000001fc658368e0
Event: 10.073 Thread 0x000001fc658368e0 Thread exited: 0x000001fc658368e0
Event: 16.618 Thread 0x000001fc2381fe60 Thread added: 0x000001fc6a2c1e00
Event: 16.980 Thread 0x000001fc6a2c1e00 Thread exited: 0x000001fc6a2c1e00
Event: 19.037 Thread 0x000001fc0d10db00 Thread added: 0x000001fc6a0a3de0
Event: 22.654 Thread 0x000001fc0d10db00 Thread added: 0x000001fc65814d00
Event: 23.021 Thread 0x000001fc65814d00 Thread added: 0x000001fc6a58fcc0
Event: 23.095 Thread 0x000001fc0d10db00 Thread added: 0x000001fc6a192a10
Event: 26.286 Thread 0x000001fc6a192a10 Thread added: 0x000001fc6a31ad20
Event: 29.883 Thread 0x000001fc6a192a10 Thread added: 0x000001fc657b58e0
Event: 30.807 Thread 0x000001fc6a192a10 Thread added: 0x000001fc6aa4fc20
Event: 34.410 Thread 0x000001fc6a192a10 Thread added: 0x000001fc6aa51660
Event: 37.823 Thread 0x000001fc6a192a10 Thread added: 0x000001fc6aa50fd0
Event: 38.570 Thread 0x000001fc6a192a10 Thread added: 0x000001fc6aa51cf0
Event: 38.758 Thread 0x000001fc6aa4fc20 Thread exited: 0x000001fc6aa4fc20
Event: 39.398 Thread 0x000001fc6a192a10 Thread added: 0x000001fc6aa52380
Event: 39.496 Thread 0x000001fc6a192a10 Thread added: 0x000001fc6aa4fc20
Event: 46.129 Thread 0x000001fc6aa4fc20 Thread exited: 0x000001fc6aa4fc20
Event: 52.336 Thread 0x000001fc6a192a10 Thread added: 0x000001fc6aa4fc20


Dynamic libraries:
0x00007ff64c9d0000 - 0x00007ff64c9de000 	c:\Users\palak\.vscode\extensions\redhat.java-1.40.0-win32-x64\jre\21.0.6-win32-x86_64\bin\java.exe
0x00007ffdf8a20000 - 0x00007ffdf8c83000 	C:\WINDOWS\SYSTEM32\ntdll.dll
0x00007ffdf8130000 - 0x00007ffdf81f7000 	C:\WINDOWS\System32\KERNEL32.DLL
0x00007ffdf5c20000 - 0x00007ffdf5fe9000 	C:\WINDOWS\System32\KERNELBASE.dll
0x00007ffdf6120000 - 0x00007ffdf626c000 	C:\WINDOWS\System32\ucrtbase.dll
0x00007ffde27d0000 - 0x00007ffde27e8000 	c:\Users\palak\.vscode\extensions\redhat.java-1.40.0-win32-x64\jre\21.0.6-win32-x86_64\bin\jli.dll
0x00007ffdf8370000 - 0x00007ffdf853a000 	C:\WINDOWS\System32\USER32.dll
0x00007ffdf63f0000 - 0x00007ffdf6417000 	C:\WINDOWS\System32\win32u.dll
0x00007ffdf6f10000 - 0x00007ffdf6f3a000 	C:\WINDOWS\System32\GDI32.dll
0x00007ffdf6420000 - 0x00007ffdf6551000 	C:\WINDOWS\System32\gdi32full.dll
0x00007ffdf6560000 - 0x00007ffdf6603000 	C:\WINDOWS\System32\msvcp_win.dll
0x00007ffde27b0000 - 0x00007ffde27ce000 	c:\Users\palak\.vscode\extensions\redhat.java-1.40.0-win32-x64\jre\21.0.6-win32-x86_64\bin\VCRUNTIME140.dll
0x00007ffde38b0000 - 0x00007ffde3b40000 	C:\WINDOWS\WinSxS\amd64_microsoft.windows.common-controls_6595b64144ccf1df_6.0.26100.3323_none_3e088096e3344490\COMCTL32.dll
0x00007ffdf7340000 - 0x00007ffdf73e9000 	C:\WINDOWS\System32\msvcrt.dll
0x00007ffdf8210000 - 0x00007ffdf823f000 	C:\WINDOWS\System32\IMM32.DLL
0x00007ffde27a0000 - 0x00007ffde27ac000 	c:\Users\palak\.vscode\extensions\redhat.java-1.40.0-win32-x64\jre\21.0.6-win32-x86_64\bin\vcruntime140_1.dll
0x00007ffd79430000 - 0x00007ffd794bd000 	c:\Users\palak\.vscode\extensions\redhat.java-1.40.0-win32-x64\jre\21.0.6-win32-x86_64\bin\msvcp140.dll
0x00007ffd786a0000 - 0x00007ffd79430000 	c:\Users\palak\.vscode\extensions\redhat.java-1.40.0-win32-x64\jre\21.0.6-win32-x86_64\bin\server\jvm.dll
0x00007ffdf8260000 - 0x00007ffdf8312000 	C:\WINDOWS\System32\ADVAPI32.dll
0x00007ffdf6f70000 - 0x00007ffdf7016000 	C:\WINDOWS\System32\sechost.dll
0x00007ffdf7190000 - 0x00007ffdf72a6000 	C:\WINDOWS\System32\RPCRT4.dll
0x00007ffdf8540000 - 0x00007ffdf85b4000 	C:\WINDOWS\System32\WS2_32.dll
0x00007ffdf5ab0000 - 0x00007ffdf5afe000 	C:\WINDOWS\SYSTEM32\POWRPROF.dll
0x00007ffdef1a0000 - 0x00007ffdef1ab000 	C:\WINDOWS\SYSTEM32\VERSION.dll
0x00007ffdef160000 - 0x00007ffdef196000 	C:\WINDOWS\SYSTEM32\WINMM.dll
0x00007ffdf5a90000 - 0x00007ffdf5aa4000 	C:\WINDOWS\SYSTEM32\UMPDC.dll
0x00007ffdf4a40000 - 0x00007ffdf4a5a000 	C:\WINDOWS\SYSTEM32\kernel.appcore.dll
0x00007ffdd91e0000 - 0x00007ffdd91ea000 	c:\Users\palak\.vscode\extensions\redhat.java-1.40.0-win32-x64\jre\21.0.6-win32-x86_64\bin\jimage.dll
0x00007ffde8420000 - 0x00007ffde8661000 	C:\WINDOWS\SYSTEM32\DBGHELP.DLL
0x00007ffdf7da0000 - 0x00007ffdf8122000 	C:\WINDOWS\System32\combase.dll
0x00007ffdf8900000 - 0x00007ffdf89d6000 	C:\WINDOWS\System32\OLEAUT32.dll
0x00007ffdd38b0000 - 0x00007ffdd38e9000 	C:\WINDOWS\SYSTEM32\dbgcore.DLL
0x00007ffdf6080000 - 0x00007ffdf6119000 	C:\WINDOWS\System32\bcryptPrimitives.dll
0x00007ffdd91d0000 - 0x00007ffdd91df000 	c:\Users\palak\.vscode\extensions\redhat.java-1.40.0-win32-x64\jre\21.0.6-win32-x86_64\bin\instrument.dll
0x00007ffdbea90000 - 0x00007ffdbeaaf000 	c:\Users\palak\.vscode\extensions\redhat.java-1.40.0-win32-x64\jre\21.0.6-win32-x86_64\bin\java.dll
0x00007ffdf7680000 - 0x00007ffdf7d95000 	C:\WINDOWS\System32\SHELL32.dll
0x00007ffdf6610000 - 0x00007ffdf6778000 	C:\WINDOWS\System32\wintypes.dll
0x00007ffdf3900000 - 0x00007ffdf4145000 	C:\WINDOWS\SYSTEM32\windows.storage.dll
0x00007ffdf87b0000 - 0x00007ffdf889b000 	C:\WINDOWS\System32\SHCORE.dll
0x00007ffdf7130000 - 0x00007ffdf718d000 	C:\WINDOWS\System32\shlwapi.dll
0x00007ffdf5b30000 - 0x00007ffdf5b5f000 	C:\WINDOWS\SYSTEM32\profapi.dll
0x00007ffdbea20000 - 0x00007ffdbea38000 	c:\Users\palak\.vscode\extensions\redhat.java-1.40.0-win32-x64\jre\21.0.6-win32-x86_64\bin\zip.dll
0x00007ffdc41b0000 - 0x00007ffdc41c0000 	C:\Users\palak\.vscode\extensions\redhat.java-1.40.0-win32-x64\jre\21.0.6-win32-x86_64\bin\net.dll
0x00007ffdeae90000 - 0x00007ffdeafae000 	C:\WINDOWS\SYSTEM32\WINHTTP.dll
0x00007ffdf4f60000 - 0x00007ffdf4fca000 	C:\WINDOWS\system32\mswsock.dll
0x00007ffdb4440000 - 0x00007ffdb4456000 	C:\Users\palak\.vscode\extensions\redhat.java-1.40.0-win32-x64\jre\21.0.6-win32-x86_64\bin\nio.dll
0x00007ffdc3f00000 - 0x00007ffdc3f10000 	c:\Users\palak\.vscode\extensions\redhat.java-1.40.0-win32-x64\jre\21.0.6-win32-x86_64\bin\verify.dll
0x00007ffdce070000 - 0x00007ffdce0b5000 	C:\Users\palak\AppData\Roaming\Code\User\globalStorage\redhat.java\1.40.0\config_win\org.eclipse.equinox.launcher\org.eclipse.equinox.launcher.win32.win32.x86_64_1.2.1200.v20250212-0927\eclipse_11909.dll
0x00007ffdf6d70000 - 0x00007ffdf6f05000 	C:\WINDOWS\System32\ole32.dll
0x00007ffdf5200000 - 0x00007ffdf521c000 	C:\WINDOWS\SYSTEM32\CRYPTSP.dll
0x00007ffdf49a0000 - 0x00007ffdf49da000 	C:\WINDOWS\system32\rsaenh.dll
0x00007ffdf5000000 - 0x00007ffdf502b000 	C:\WINDOWS\SYSTEM32\USERENV.dll
0x00007ffdf5440000 - 0x00007ffdf5466000 	C:\WINDOWS\SYSTEM32\bcrypt.dll
0x00007ffdf5220000 - 0x00007ffdf522c000 	C:\WINDOWS\SYSTEM32\CRYPTBASE.dll
0x00007ffdf4440000 - 0x00007ffdf4473000 	C:\WINDOWS\SYSTEM32\IPHLPAPI.DLL
0x00007ffdf8200000 - 0x00007ffdf820a000 	C:\WINDOWS\System32\NSI.dll
0x00007ffd923b0000 - 0x00007ffd923f9000 	C:\Users\palak\AppData\Local\Temp\jna-106430981\jna17025444683319398199.dll
0x00007ffdf7020000 - 0x00007ffdf7028000 	C:\WINDOWS\System32\PSAPI.DLL

dbghelp: loaded successfully - version: 4.0.5 - missing functions: none
symbol engine: initialized successfully - sym options: 0x614 - pdb path: .;c:\Users\palak\.vscode\extensions\redhat.java-1.40.0-win32-x64\jre\21.0.6-win32-x86_64\bin;C:\WINDOWS\SYSTEM32;C:\WINDOWS\WinSxS\amd64_microsoft.windows.common-controls_6595b64144ccf1df_6.0.26100.3323_none_3e088096e3344490;c:\Users\palak\.vscode\extensions\redhat.java-1.40.0-win32-x64\jre\21.0.6-win32-x86_64\bin\server;C:\Users\palak\AppData\Roaming\Code\User\globalStorage\redhat.java\1.40.0\config_win\org.eclipse.equinox.launcher\org.eclipse.equinox.launcher.win32.win32.x86_64_1.2.1200.v20250212-0927;C:\Users\palak\AppData\Local\Temp\jna-106430981

VM Arguments:
jvm_args: --add-modules=ALL-SYSTEM --add-opens=java.base/java.util=ALL-UNNAMED --add-opens=java.base/java.lang=ALL-UNNAMED --add-opens=java.base/sun.nio.fs=ALL-UNNAMED -Declipse.application=org.eclipse.jdt.ls.core.id1 -Dosgi.bundles.defaultStartLevel=4 -Declipse.product=org.eclipse.jdt.ls.core.product -Djava.import.generatesMetadataFilesAtProjectRoot=false -DDetectVMInstallationsJob.disabled=true -Dfile.encoding=utf8 -XX:+UseParallelGC -XX:GCTimeRatio=4 -XX:AdaptiveSizePolicyWeight=90 -Dsun.zip.disableMemoryMapping=true -Xmx1G -Xms100m -Xlog:disable -javaagent:c:\Users\palak\.vscode\extensions\redhat.java-1.40.0-win32-x64\lombok\lombok-1.18.36.jar -XX:+HeapDumpOnOutOfMemoryError -XX:HeapDumpPath=c:\Users\palak\AppData\Roaming\Code\User\workspaceStorage\632f04cdbe9e26a6a5769c745b0508de\redhat.java -Daether.dependencyCollector.impl=bf 
java_command: c:\Users\palak\.vscode\extensions\redhat.java-1.40.0-win32-x64\server\plugins\org.eclipse.equinox.launcher_1.6.1000.v20250131-0606.jar -configuration c:\Users\palak\AppData\Roaming\Code\User\globalStorage\redhat.java\1.40.0\config_win -data c:\Users\palak\AppData\Roaming\Code\User\workspaceStorage\632f04cdbe9e26a6a5769c745b0508de\redhat.java\jdt_ws --pipe=\\.\pipe\lsp-3f1324737d8f3483184d3612b99cc5cd-sock
java_class_path (initial): c:\Users\palak\.vscode\extensions\redhat.java-1.40.0-win32-x64\server\plugins\org.eclipse.equinox.launcher_1.6.1000.v20250131-0606.jar
Launcher Type: SUN_STANDARD

[Global flags]
    uintx AdaptiveSizePolicyWeight                 = 90                                        {product} {command line}
     intx CICompilerCount                          = 3                                         {product} {ergonomic}
    uintx GCTimeRatio                              = 4                                         {product} {command line}
     bool HeapDumpOnOutOfMemoryError               = true                                   {manageable} {command line}
    ccstr HeapDumpPath                             = c:\Users\palak\AppData\Roaming\Code\User\workspaceStorage\632f04cdbe9e26a6a5769c745b0508de\redhat.java         {manageable} {command line}
   size_t InitialHeapSize                          = 104857600                                 {product} {command line}
   size_t MaxHeapSize                              = 1073741824                                {product} {command line}
   size_t MaxNewSize                               = 357564416                                 {product} {ergonomic}
   size_t MinHeapDeltaBytes                        = 524288                                    {product} {ergonomic}
   size_t MinHeapSize                              = 104857600                                 {product} {command line}
   size_t NewSize                                  = 34603008                                  {product} {ergonomic}
    uintx NonNMethodCodeHeapSize                   = 5832780                                {pd product} {ergonomic}
    uintx NonProfiledCodeHeapSize                  = 122912730                              {pd product} {ergonomic}
   size_t OldSize                                  = 70254592                                  {product} {ergonomic}
    uintx ProfiledCodeHeapSize                     = 122912730                              {pd product} {ergonomic}
    uintx ReservedCodeCacheSize                    = 251658240                              {pd product} {ergonomic}
     bool SegmentedCodeCache                       = true                                      {product} {ergonomic}
   size_t SoftMaxHeapSize                          = 1073741824                             {manageable} {ergonomic}
     bool UseCompressedOops                        = true                           {product lp64_product} {ergonomic}
     bool UseLargePagesIndividualAllocation        = false                                  {pd product} {ergonomic}
     bool UseParallelGC                            = true                                      {product} {command line}

Logging:
Log output configuration:
 #0: stdout all=off uptime,level,tags foldmultilines=false
 #1: stderr all=off uptime,level,tags foldmultilines=false

Environment Variables:
JAVA_HOME=C:\Users\palak\Downloads\java-21-openjdk-21.0.1.0.12-3.win.jdk.x86_64\java-21-openjdk-21.0.1.0.12-3.win.jdk.x86_64
PATH=C:\Program Files (x86)\Common Files\Oracle\Java\java8path;C:\Program Files (x86)\Common Files\Oracle\Java\javapath;C:\WINDOWS\system32;C:\WINDOWS;C:\WINDOWS\System32\Wbem;C:\WINDOWS\System32\WindowsPowerShell\v1.0\;C:\WINDOWS\System32\OpenSSH\;C:\Users\palak\Downloads\java-21-openjdk-21.0.1.0.12-3.win.jdk.x86_64\java-21-openjdk-21.0.1.0.12-3.win.jdk.x86_64\bin;C:\Users\palak\Downloads\apache-maven-3.9.8-bin\bin;c:\users\palak\appdata\local\packages\pythonsoftwarefoundation.python.3.11_qbz5n2kfra8p0\localcache\local-packages\python311\site-packages;C:\ProgramData\chocolatey\bin;C:\Program Files\nodejs\;C:\Users\palak\AppData\Local\Programs\Python\Python312\Scripts;C:\Program Files\Git\cmd;C:\Users\palak\Downloads\flutter_windows_3.27.3-stable\flutter\bin;C:\Users\palak\AppData\Local\Android\Sdk\cmdline-tools\latest\bin;C:\Users\palak\AppData\Local\Android\Sdk\platform-tools;C:\ffmpeg;C:\Program Files\MongoDB\Server\8.0\bin;C:\Users\palak\AppData\Local\Programs\Python\Python313\Scripts\;C:\Users\palak\AppData\Local\Programs\Python\Python313\;C:\Users\palak\AppData\Local\Programs\Python\Python312\Scripts\;C:\Users\palak\AppData\Local\Programs\Python\Python312\;C:\Users\palak\AppData\Local\Programs\Python\Launcher\;C:\Program Files\MySQL\MySQL Shell 8.0\bin\;C:\Users\palak\AppData\Local\Microsoft\WindowsApps;C:\Users\palak\AppData\Local\Programs\Microsoft VS Code\bin;C:\Program Files\JetBrains\IntelliJ IDEA Community Edition 2023.3.3\bin;C:\Users\palak\AppData\Local\JetBrains\CLion 2023.3.4\bin;C:\Program Files\JetBrains\PyCharm 2024.1.2\bin;C:\Program Files\JetBrains\PyCharm Community Edition 2024.1.4\bin;C:\Users\palak\AppData\Local\JetBrains\Toolbox\scripts;C:\Users\palak\AppData\Roaming\npm;C:\Users\palak\AppData\Local\GitHubDesktop\bin;C:\Users\palak\AppData\Local\Microsoft\WindowsApps;
USERNAME=palak
OS=Windows_NT
PROCESSOR_IDENTIFIER=AMD64 Family 23 Model 24 Stepping 1, AuthenticAMD
TMP=C:\Users\palak\AppData\Local\Temp
TEMP=C:\Users\palak\AppData\Local\Temp




Periodic native trim disabled

---------------  S Y S T E M  ---------------

OS:
 Windows 11 , 64 bit Build 26100 (10.0.26100.3323)
OS uptime: 0 days 7:09 hours

CPU: total 4 (initial active 4) (4 cores per cpu, 2 threads per core) family 23 model 24 stepping 1 microcode 0x8108109, cx8, cmov, fxsr, ht, mmx, 3dnowpref, sse, sse2, sse3, ssse3, sse4a, sse4.1, sse4.2, popcnt, lzcnt, tsc, tscinvbit, avx, avx2, aes, clmul, bmi1, bmi2, adx, sha, fma, vzeroupper, clflush, clflushopt, rdtscp, f16c
Processor Information for the first 4 processors :
  Max Mhz: 2600, Current Mhz: 2600, Mhz Limit: 2600

Memory: 4k page, system-wide physical 6086M (483M free)
TotalPageFile size 14278M (AvailPageFile size 1M)
current process WorkingSet (physical memory assigned to process): 123M, peak: 136M
current process commit charge ("private bytes"): 223M, peak: 229M

vm_info: OpenJDK 64-Bit Server VM (21.0.6+7-LTS) for windows-amd64 JRE (21.0.6+7-LTS), built on 2025-01-21T00:00:00Z by "admin" with MS VC++ 17.7 (VS2022)

END.
