#
# There is insufficient memory for the Java Runtime Environment to continue.
# Native memory allocation (malloc) failed to allocate 174080 bytes. Error detail: Chunk::new
# Possible reasons:
#   The system is out of physical RAM or swap space
#   This process is running with CompressedOops enabled, and the Java Heap may be blocking the growth of the native heap
# Possible solutions:
#   Reduce memory load on the system
#   Increase physical memory or swap space
#   Check if swap backing store is full
#   Decrease Java heap size (-Xmx/-Xms)
#   Decrease number of Java threads
#   Decrease Java thread stack sizes (-Xss)
#   Set larger code cache with -XX:ReservedCodeCacheSize=
#   JVM is running with Unscaled Compressed Oops mode in which the Java heap is
#     placed in the first 4GB address space. The Java Heap base address is the
#     maximum limit for the native heap growth. Please use -XX:HeapBaseMinAddress
#     to set the Java Heap base and to place the Java Heap above 4GB virtual address.
# This output file may be truncated or incomplete.
#
#  Out of Memory Error (arena.cpp:168), pid=13648, tid=13036
#
# JRE version: OpenJDK Runtime Environment Temurin-21.0.6+7 (21.0.6+7) (build 21.0.6+7-LTS)
# Java VM: OpenJDK 64-Bit Server VM Temurin-21.0.6+7 (21.0.6+7-LTS, mixed mode, sharing, tiered, compressed oops, compressed class ptrs, parallel gc, windows-amd64)
# No core dump will be written. Minidumps are not enabled by default on client versions of Windows
#

---------------  S U M M A R Y ------------

Command Line: --add-modules=ALL-SYSTEM --add-opens=java.base/java.util=ALL-UNNAMED --add-opens=java.base/java.lang=ALL-UNNAMED --add-opens=java.base/sun.nio.fs=ALL-UNNAMED -Declipse.application=org.eclipse.jdt.ls.core.id1 -Dosgi.bundles.defaultStartLevel=4 -Declipse.product=org.eclipse.jdt.ls.core.product -Djava.import.generatesMetadataFilesAtProjectRoot=false -DDetectVMInstallationsJob.disabled=true -Dfile.encoding=utf8 -XX:+UseParallelGC -XX:GCTimeRatio=4 -XX:AdaptiveSizePolicyWeight=90 -Dsun.zip.disableMemoryMapping=true -Xmx1G -Xms100m -Xlog:disable -javaagent:c:\Users\palak\.vscode\extensions\redhat.java-1.41.1-win32-x64\lombok\lombok-1.18.36.jar c:\Users\palak\.vscode\extensions\redhat.java-1.41.1-win32-x64\server\plugins\org.eclipse.equinox.launcher_1.7.0.v20250331-1702.jar -configuration c:\Users\palak\AppData\Roaming\Code\User\globalStorage\redhat.java\1.41.1\config_ss_win -data c:\Users\palak\AppData\Roaming\Code\User\workspaceStorage\632f04cdbe9e26a6a5769c745b0508de\redhat.java\ss_ws --pipe=\\.\pipe\lsp-59ca95fb8c01449b3df0142ecfd5bef5-sock

Host: AMD Ryzen 3 3250U with Radeon Graphics         , 4 cores, 5G,  Windows 11 , 64 bit Build 26100 (10.0.26100.3323)
Time: Wed Apr  2 10:35:52 2025 India Standard Time elapsed time: 21.008466 seconds (0d 0h 0m 21s)

---------------  T H R E A D  ---------------

Current thread (0x000001edb2d436a0):  JavaThread "C2 CompilerThread0" daemon [_thread_in_native, id=13036, stack(0x00000006da200000,0x00000006da300000) (1024K)]


Current CompileTask:
C2:21008 2748   !   4       java.util.concurrent.ConcurrentHashMap::putVal (432 bytes)

Stack: [0x00000006da200000,0x00000006da300000]
Native frames: (J=compiled Java code, j=interpreted, Vv=VM code, C=native code)
V  [jvm.dll+0x6cdee9]
V  [jvm.dll+0x8a83d1]
V  [jvm.dll+0x8aa8fe]
V  [jvm.dll+0x8aafe3]
V  [jvm.dll+0x27f706]
V  [jvm.dll+0xc500d]
V  [jvm.dll+0xc5543]
V  [jvm.dll+0x3b678c]
V  [jvm.dll+0x382935]
V  [jvm.dll+0x381d9a]
V  [jvm.dll+0x2479f0]
V  [jvm.dll+0x246fcf]
V  [jvm.dll+0x1c75ee]
V  [jvm.dll+0x25685a]
V  [jvm.dll+0x254dfa]
V  [jvm.dll+0x3f0256]
V  [jvm.dll+0x851f8b]
V  [jvm.dll+0x6cc5ed]
C  [ucrtbase.dll+0x37b0]
C  [KERNEL32.DLL+0x2e8d7]
C  [ntdll.dll+0xbbf6c]


---------------  P R O C E S S  ---------------

Threads class SMR info:
_java_thread_list=0x000001edb2da8f80, length=20, elements={
0x000001ed9c72e3c0, 0x000001ed9eabdfb0, 0x000001edb2d327f0, 0x000001edb2d34eb0,
0x000001edb2d35b00, 0x000001edb2d3e780, 0x000001edb2d411e0, 0x000001edb2d436a0,
0x000001edb2d73970, 0x000001edf4c036a0, 0x000001edf4e54ab0, 0x000001edf4ee5f40,
0x000001edf9096070, 0x000001edf90966d0, 0x000001edf91970d0, 0x000001edf93d4860,
0x000001edf4cfa180, 0x000001edf4e98180, 0x000001edf9448a30, 0x000001edf90e86e0
}

Java Threads: ( => current thread )
  0x000001ed9c72e3c0 JavaThread "main"                              [_thread_blocked, id=5184, stack(0x00000006d9800000,0x00000006d9900000) (1024K)]
  0x000001ed9eabdfb0 JavaThread "Reference Handler"          daemon [_thread_blocked, id=19228, stack(0x00000006d9c00000,0x00000006d9d00000) (1024K)]
  0x000001edb2d327f0 JavaThread "Finalizer"                  daemon [_thread_blocked, id=1696, stack(0x00000006d9d00000,0x00000006d9e00000) (1024K)]
  0x000001edb2d34eb0 JavaThread "Signal Dispatcher"          daemon [_thread_blocked, id=20012, stack(0x00000006d9e00000,0x00000006d9f00000) (1024K)]
  0x000001edb2d35b00 JavaThread "Attach Listener"            daemon [_thread_blocked, id=18044, stack(0x00000006d9f00000,0x00000006da000000) (1024K)]
  0x000001edb2d3e780 JavaThread "Service Thread"             daemon [_thread_blocked, id=17904, stack(0x00000006da000000,0x00000006da100000) (1024K)]
  0x000001edb2d411e0 JavaThread "Monitor Deflation Thread"   daemon [_thread_blocked, id=1312, stack(0x00000006da100000,0x00000006da200000) (1024K)]
=>0x000001edb2d436a0 JavaThread "C2 CompilerThread0"         daemon [_thread_in_native, id=13036, stack(0x00000006da200000,0x00000006da300000) (1024K)]
  0x000001edb2d73970 JavaThread "C1 CompilerThread0"         daemon [_thread_blocked, id=13704, stack(0x00000006da300000,0x00000006da400000) (1024K)]
  0x000001edf4c036a0 JavaThread "Common-Cleaner"             daemon [_thread_blocked, id=19424, stack(0x00000006da400000,0x00000006da500000) (1024K)]
  0x000001edf4e54ab0 JavaThread "Notification Thread"        daemon [_thread_blocked, id=5740, stack(0x00000006da500000,0x00000006da600000) (1024K)]
  0x000001edf4ee5f40 JavaThread "Active Thread: Equinox Container: 3f3b3423-3fb9-4966-8154-84a00827767b"        [_thread_blocked, id=14236, stack(0x00000006da900000,0x00000006daa00000) (1024K)]
  0x000001edf9096070 JavaThread "Framework Event Dispatcher: Equinox Container: 3f3b3423-3fb9-4966-8154-84a00827767b" daemon [_thread_blocked, id=12040, stack(0x00000006daa00000,0x00000006dab00000) (1024K)]
  0x000001edf90966d0 JavaThread "Start Level: Equinox Container: 3f3b3423-3fb9-4966-8154-84a00827767b" daemon [_thread_in_Java, id=9324, stack(0x00000006dab00000,0x00000006dac00000) (1024K)]
  0x000001edf91970d0 JavaThread "SCR Component Actor"        daemon [_thread_blocked, id=15896, stack(0x00000006dac00000,0x00000006dad00000) (1024K)]
  0x000001edf93d4860 JavaThread "SCR Component Registry"     daemon [_thread_blocked, id=13456, stack(0x00000006dad00000,0x00000006dae00000) (1024K)]
  0x000001edf4cfa180 JavaThread "Worker-JM"                         [_thread_blocked, id=3228, stack(0x00000006dae00000,0x00000006daf00000) (1024K)]
  0x000001edf4e98180 JavaThread "JNA Cleaner"                daemon [_thread_blocked, id=15580, stack(0x00000006daf00000,0x00000006db000000) (1024K)]
  0x000001edf9448a30 JavaThread "Worker-0"                          [_thread_blocked, id=10652, stack(0x00000006db000000,0x00000006db100000) (1024K)]
  0x000001edf90e86e0 JavaThread "Worker-1"                          [_thread_blocked, id=4184, stack(0x00000006db100000,0x00000006db200000) (1024K)]
Total: 20

Other Threads:
  0x000001ed9eaa1a80 VMThread "VM Thread"                           [id=17604, stack(0x00000006d9b00000,0x00000006d9c00000) (1024K)]
  0x000001edb2ccca00 WatcherThread "VM Periodic Task Thread"        [id=18492, stack(0x00000006d9a00000,0x00000006d9b00000) (1024K)]
  0x000001ed9ea1e220 WorkerThread "GC Thread#0"                     [id=4020, stack(0x00000006d9900000,0x00000006d9a00000) (1024K)]
  0x000001edf92c4f70 WorkerThread "GC Thread#1"                     [id=13152, stack(0x00000006da600000,0x00000006da700000) (1024K)]
  0x000001edf9461c80 WorkerThread "GC Thread#2"                     [id=14952, stack(0x00000006da700000,0x00000006da800000) (1024K)]
  0x000001edf9462020 WorkerThread "GC Thread#3"                     [id=15008, stack(0x00000006da800000,0x00000006da900000) (1024K)]
Total: 6

Threads with active compile tasks:
C2 CompilerThread0  21058 2748   !   4       java.util.concurrent.ConcurrentHashMap::putVal (432 bytes)
Total: 1

VM state: not at safepoint (normal execution)

VM Mutex/Monitor currently owned by a thread: None

Heap address: 0x00000000c0000000, size: 1024 MB, Compressed Oops mode: 32-bit

CDS archive(s) mapped at: [0x000001edb3000000-0x000001edb3ba0000-0x000001edb3ba0000), size 12189696, SharedBaseAddress: 0x000001edb3000000, ArchiveRelocationMode: 1.
Compressed class space mapped at: 0x000001edb4000000-0x000001edf4000000, reserved size: 1073741824
Narrow klass base: 0x000001edb3000000, Narrow klass shift: 0, Narrow klass range: 0x100000000

GC Precious Log:
 CardTable entry size: 512
 CPUs: 4 total, 4 available
 Memory: 6086M
 Large Page Support: Disabled
 NUMA Support: Disabled
 Compressed Oops: Enabled (32-bit)
 Alignments: Space 512K, Generation 512K, Heap 2M
 Heap Min Capacity: 100M
 Heap Initial Capacity: 100M
 Heap Max Capacity: 1G
 Pre-touch: Disabled
 Parallel Workers: 4

Heap:
 PSYoungGen      total 29696K, used 29666K [0x00000000eab00000, 0x00000000ecc00000, 0x0000000100000000)
  eden space 25600K, 100% used [0x00000000eab00000,0x00000000ec400000,0x00000000ec400000)
  from space 4096K, 99% used [0x00000000ec800000,0x00000000ecbf8a10,0x00000000ecc00000)
  to   space 4096K, 0% used [0x00000000ec400000,0x00000000ec400000,0x00000000ec800000)
 ParOldGen       total 68608K, used 5426K [0x00000000c0000000, 0x00000000c4300000, 0x00000000eab00000)
  object space 68608K, 7% used [0x00000000c0000000,0x00000000c054ca30,0x00000000c4300000)
 Metaspace       used 20267K, committed 20864K, reserved 1114112K
  class space    used 1919K, committed 2176K, reserved 1048576K

Card table byte_map: [0x000001ed9e3a0000,0x000001ed9e5b0000] _byte_map_base: 0x000001ed9dda0000

Marking Bits: (ParMarkBitMap*) 0x00007ff86f773260
 Begin Bits: [0x000001edb0bf0000, 0x000001edb1bf0000)
 End Bits:   [0x000001edb1bf0000, 0x000001edb2bf0000)

Polling page: 0x000001ed9c820000

Metaspace:

Usage:
  Non-class:     17.92 MB used.
      Class:      1.87 MB used.
       Both:     19.79 MB used.

Virtual space:
  Non-class space:       64.00 MB reserved,      18.25 MB ( 29%) committed,  1 nodes.
      Class space:        1.00 GB reserved,       2.12 MB ( <1%) committed,  1 nodes.
             Both:        1.06 GB reserved,      20.38 MB (  2%) committed. 

Chunk freelists:
   Non-Class:  13.20 MB
       Class:  13.91 MB
        Both:  27.11 MB

MaxMetaspaceSize: unlimited
CompressedClassSpaceSize: 1.00 GB
Initial GC threshold: 21.00 MB
Current GC threshold: 21.00 MB
CDS: on
 - commit_granule_bytes: 65536.
 - commit_granule_words: 8192.
 - virtual_space_node_default_size: 8388608.
 - enlarge_chunks_in_place: 1.
 - use_allocation_guard: 0.


Internal statistics:

num_allocs_failed_limit: 0.
num_arena_births: 500.
num_arena_deaths: 0.
num_vsnodes_births: 2.
num_vsnodes_deaths: 0.
num_space_committed: 326.
num_space_uncommitted: 0.
num_chunks_returned_to_freelist: 0.
num_chunks_taken_from_freelist: 1254.
num_chunk_merges: 0.
num_chunk_splits: 823.
num_chunks_enlarged: 529.
num_inconsistent_stats: 0.

CodeHeap 'non-profiled nmethods': size=120000Kb used=1223Kb max_used=1223Kb free=118777Kb
 bounds [0x000001eda96c0000, 0x000001eda9930000, 0x000001edb0bf0000]
CodeHeap 'profiled nmethods': size=120000Kb used=5473Kb max_used=5473Kb free=114526Kb
 bounds [0x000001eda1bf0000, 0x000001eda2150000, 0x000001eda9120000]
CodeHeap 'non-nmethods': size=5760Kb used=1302Kb max_used=1314Kb free=4457Kb
 bounds [0x000001eda9120000, 0x000001eda9390000, 0x000001eda96c0000]
 total_blobs=3339 nmethods=2754 adapters=491
 compilation: enabled
              stopped_count=0, restarted_count=0
 full_count=0

Compilation events (20 events):
Event: 20.917 Thread 0x000001edb2d73970 nmethod 2738 0x000001eda2138c10 code [0x000001eda2138f80, 0x000001eda213a090]
Event: 20.917 Thread 0x000001edb2d73970 2739       3       java.lang.invoke.MethodHandles$Lookup::maybeBindCaller (72 bytes)
Event: 20.918 Thread 0x000001edb2d73970 nmethod 2739 0x000001eda213a690 code [0x000001eda213a8c0, 0x000001eda213b018]
Event: 20.954 Thread 0x000001edb2d73970 2740       3       org.lombokweb.asm.ClassReader::<init> (359 bytes)
Event: 20.955 Thread 0x000001edb2d436a0 2743       4       org.lombokweb.asm.ByteVector::putByteArray (49 bytes)
Event: 20.956 Thread 0x000001edb2d73970 nmethod 2740 0x000001eda213b310 code [0x000001eda213b600, 0x000001eda213c7c0]
Event: 20.956 Thread 0x000001edb2d73970 2741 %     3       org.lombokweb.asm.SymbolTable::<init> @ 98 (536 bytes)
Event: 20.957 Thread 0x000001edb2d436a0 nmethod 2743 0x000001eda97f0210 code [0x000001eda97f03a0, 0x000001eda97f0530]
Event: 20.958 Thread 0x000001edb2d436a0 2744       4       org.lombokweb.asm.Label::resolve (259 bytes)
Event: 20.961 Thread 0x000001edb2d73970 nmethod 2741% 0x000001eda213cd90 code [0x000001eda213d380, 0x000001eda213ff00]
Event: 20.961 Thread 0x000001edb2d73970 2742       3       lombok.patcher.scripts.AddFieldScript$1::visitField (35 bytes)
Event: 20.961 Thread 0x000001edb2d73970 nmethod 2742 0x000001eda2141090 code [0x000001eda2141260, 0x000001eda21414d0]
Event: 20.964 Thread 0x000001edb2d73970 2746       3       org.lombokweb.asm.SymbolTable::<init> (536 bytes)
Event: 20.964 Thread 0x000001edb2d436a0 nmethod 2744 0x000001eda97f0690 code [0x000001eda97f0820, 0x000001eda97f0af0]
Event: 20.964 Thread 0x000001edb2d436a0 2745       4       org.lombokweb.asm.MethodWriter::visitLabel (332 bytes)
Event: 20.967 Thread 0x000001edb2d73970 nmethod 2746 0x000001eda2141610 code [0x000001eda2141bc0, 0x000001eda2144400]
Event: 20.972 Thread 0x000001edb2d436a0 nmethod 2745 0x000001eda97f0d10 code [0x000001eda97f0ec0, 0x000001eda97f1320]
Event: 20.972 Thread 0x000001edb2d436a0 2747       4       org.lombokweb.asm.MethodVisitor::<init> (79 bytes)
Event: 20.973 Thread 0x000001edb2d436a0 nmethod 2747 0x000001eda97f1610 code [0x000001eda97f17a0, 0x000001eda97f1870]
Event: 20.985 Thread 0x000001edb2d436a0 2748   !   4       java.util.concurrent.ConcurrentHashMap::putVal (432 bytes)

GC Heap History (8 events):
Event: 6.849 GC heap before
{Heap before GC invocations=1 (full 0):
 PSYoungGen      total 29696K, used 25600K [0x00000000eab00000, 0x00000000ecc00000, 0x0000000100000000)
  eden space 25600K, 100% used [0x00000000eab00000,0x00000000ec400000,0x00000000ec400000)
  from space 4096K, 0% used [0x00000000ec800000,0x00000000ec800000,0x00000000ecc00000)
  to   space 4096K, 0% used [0x00000000ec400000,0x00000000ec400000,0x00000000ec800000)
 ParOldGen       total 68608K, used 0K [0x00000000c0000000, 0x00000000c4300000, 0x00000000eab00000)
  object space 68608K, 0% used [0x00000000c0000000,0x00000000c0000000,0x00000000c4300000)
 Metaspace       used 4385K, committed 4608K, reserved 1114112K
  class space    used 439K, committed 512K, reserved 1048576K
}
Event: 6.880 GC heap after
{Heap after GC invocations=1 (full 0):
 PSYoungGen      total 29696K, used 3205K [0x00000000eab00000, 0x00000000ecc00000, 0x0000000100000000)
  eden space 25600K, 0% used [0x00000000eab00000,0x00000000eab00000,0x00000000ec400000)
  from space 4096K, 78% used [0x00000000ec400000,0x00000000ec7217f0,0x00000000ec800000)
  to   space 4096K, 0% used [0x00000000ec800000,0x00000000ec800000,0x00000000ecc00000)
 ParOldGen       total 68608K, used 8K [0x00000000c0000000, 0x00000000c4300000, 0x00000000eab00000)
  object space 68608K, 0% used [0x00000000c0000000,0x00000000c0002000,0x00000000c4300000)
 Metaspace       used 4385K, committed 4608K, reserved 1114112K
  class space    used 439K, committed 512K, reserved 1048576K
}
Event: 11.223 GC heap before
{Heap before GC invocations=2 (full 0):
 PSYoungGen      total 29696K, used 28805K [0x00000000eab00000, 0x00000000ecc00000, 0x0000000100000000)
  eden space 25600K, 100% used [0x00000000eab00000,0x00000000ec400000,0x00000000ec400000)
  from space 4096K, 78% used [0x00000000ec400000,0x00000000ec7217f0,0x00000000ec800000)
  to   space 4096K, 0% used [0x00000000ec800000,0x00000000ec800000,0x00000000ecc00000)
 ParOldGen       total 68608K, used 8K [0x00000000c0000000, 0x00000000c4300000, 0x00000000eab00000)
  object space 68608K, 0% used [0x00000000c0000000,0x00000000c0002000,0x00000000c4300000)
 Metaspace       used 8285K, committed 8576K, reserved 1114112K
  class space    used 819K, committed 960K, reserved 1048576K
}
Event: 11.235 GC heap after
{Heap after GC invocations=2 (full 0):
 PSYoungGen      total 29696K, used 4091K [0x00000000eab00000, 0x00000000ecc00000, 0x0000000100000000)
  eden space 25600K, 0% used [0x00000000eab00000,0x00000000eab00000,0x00000000ec400000)
  from space 4096K, 99% used [0x00000000ec800000,0x00000000ecbfefd0,0x00000000ecc00000)
  to   space 4096K, 0% used [0x00000000ec400000,0x00000000ec400000,0x00000000ec800000)
 ParOldGen       total 68608K, used 862K [0x00000000c0000000, 0x00000000c4300000, 0x00000000eab00000)
  object space 68608K, 1% used [0x00000000c0000000,0x00000000c00d7830,0x00000000c4300000)
 Metaspace       used 8285K, committed 8576K, reserved 1114112K
  class space    used 819K, committed 960K, reserved 1048576K
}
Event: 16.537 GC heap before
{Heap before GC invocations=3 (full 0):
 PSYoungGen      total 29696K, used 29691K [0x00000000eab00000, 0x00000000ecc00000, 0x0000000100000000)
  eden space 25600K, 100% used [0x00000000eab00000,0x00000000ec400000,0x00000000ec400000)
  from space 4096K, 99% used [0x00000000ec800000,0x00000000ecbfefd0,0x00000000ecc00000)
  to   space 4096K, 0% used [0x00000000ec400000,0x00000000ec400000,0x00000000ec800000)
 ParOldGen       total 68608K, used 862K [0x00000000c0000000, 0x00000000c4300000, 0x00000000eab00000)
  object space 68608K, 1% used [0x00000000c0000000,0x00000000c00d7830,0x00000000c4300000)
 Metaspace       used 13042K, committed 13568K, reserved 1114112K
  class space    used 1307K, committed 1536K, reserved 1048576K
}
Event: 16.548 GC heap after
{Heap after GC invocations=3 (full 0):
 PSYoungGen      total 29696K, used 4083K [0x00000000eab00000, 0x00000000ecc00000, 0x0000000100000000)
  eden space 25600K, 0% used [0x00000000eab00000,0x00000000eab00000,0x00000000ec400000)
  from space 4096K, 99% used [0x00000000ec400000,0x00000000ec7fcec8,0x00000000ec800000)
  to   space 4096K, 0% used [0x00000000ec800000,0x00000000ec800000,0x00000000ecc00000)
 ParOldGen       total 68608K, used 2752K [0x00000000c0000000, 0x00000000c4300000, 0x00000000eab00000)
  object space 68608K, 4% used [0x00000000c0000000,0x00000000c02b00f0,0x00000000c4300000)
 Metaspace       used 13042K, committed 13568K, reserved 1114112K
  class space    used 1307K, committed 1536K, reserved 1048576K
}
Event: 19.904 GC heap before
{Heap before GC invocations=4 (full 0):
 PSYoungGen      total 29696K, used 29683K [0x00000000eab00000, 0x00000000ecc00000, 0x0000000100000000)
  eden space 25600K, 100% used [0x00000000eab00000,0x00000000ec400000,0x00000000ec400000)
  from space 4096K, 99% used [0x00000000ec400000,0x00000000ec7fcec8,0x00000000ec800000)
  to   space 4096K, 0% used [0x00000000ec800000,0x00000000ec800000,0x00000000ecc00000)
 ParOldGen       total 68608K, used 2752K [0x00000000c0000000, 0x00000000c4300000, 0x00000000eab00000)
  object space 68608K, 4% used [0x00000000c0000000,0x00000000c02b00f0,0x00000000c4300000)
 Metaspace       used 17092K, committed 17728K, reserved 1114112K
  class space    used 1708K, committed 1984K, reserved 1048576K
}
Event: 19.913 GC heap after
{Heap after GC invocations=4 (full 0):
 PSYoungGen      total 29696K, used 4066K [0x00000000eab00000, 0x00000000ecc00000, 0x0000000100000000)
  eden space 25600K, 0% used [0x00000000eab00000,0x00000000eab00000,0x00000000ec400000)
  from space 4096K, 99% used [0x00000000ec800000,0x00000000ecbf8a10,0x00000000ecc00000)
  to   space 4096K, 0% used [0x00000000ec400000,0x00000000ec400000,0x00000000ec800000)
 ParOldGen       total 68608K, used 5426K [0x00000000c0000000, 0x00000000c4300000, 0x00000000eab00000)
  object space 68608K, 7% used [0x00000000c0000000,0x00000000c054ca30,0x00000000c4300000)
 Metaspace       used 17092K, committed 17728K, reserved 1114112K
  class space    used 1708K, committed 1984K, reserved 1048576K
}

Dll operation events (10 events):
Event: 0.032 Loaded shared library c:\Users\palak\.vscode\extensions\redhat.java-1.41.1-win32-x64\jre\21.0.6-win32-x86_64\bin\java.dll
Event: 1.053 Loaded shared library c:\Users\palak\.vscode\extensions\redhat.java-1.41.1-win32-x64\jre\21.0.6-win32-x86_64\bin\zip.dll
Event: 1.215 Loaded shared library C:\Users\palak\.vscode\extensions\redhat.java-1.41.1-win32-x64\jre\21.0.6-win32-x86_64\bin\instrument.dll
Event: 1.226 Loaded shared library C:\Users\palak\.vscode\extensions\redhat.java-1.41.1-win32-x64\jre\21.0.6-win32-x86_64\bin\net.dll
Event: 1.256 Loaded shared library C:\Users\palak\.vscode\extensions\redhat.java-1.41.1-win32-x64\jre\21.0.6-win32-x86_64\bin\nio.dll
Event: 1.280 Loaded shared library C:\Users\palak\.vscode\extensions\redhat.java-1.41.1-win32-x64\jre\21.0.6-win32-x86_64\bin\zip.dll
Event: 1.320 Loaded shared library C:\Users\palak\.vscode\extensions\redhat.java-1.41.1-win32-x64\jre\21.0.6-win32-x86_64\bin\jimage.dll
Event: 1.674 Loaded shared library c:\Users\palak\.vscode\extensions\redhat.java-1.41.1-win32-x64\jre\21.0.6-win32-x86_64\bin\verify.dll
Event: 10.787 Loaded shared library C:\Users\palak\AppData\Roaming\Code\User\globalStorage\redhat.java\1.41.1\config_ss_win\org.eclipse.equinox.launcher\org.eclipse.equinox.launcher.win32.win32.x86_64_1.2.1300.v20250331-1702\eclipse_11911.dll
Event: 17.718 Loaded shared library C:\Users\palak\AppData\Local\Temp\jna-106430981\jna6650734832485357659.dll

Deoptimization events (20 events):
Event: 19.499 Thread 0x000001edf90966d0 Uncommon trap: trap_request=0xffffffde fr.pc=0x000001eda97bb914 relative=0x00000000000003b4
Event: 19.499 Thread 0x000001edf90966d0 Uncommon trap: reason=class_check action=maybe_recompile pc=0x000001eda97bb914 method=java.util.regex.Pattern$BmpCharPropertyGreedy.match(Ljava/util/regex/Matcher;ILjava/lang/CharSequence;)Z @ 70 c2
Event: 19.499 Thread 0x000001edf90966d0 DEOPT PACKING pc=0x000001eda97bb914 sp=0x00000006dabef490
Event: 19.499 Thread 0x000001edf90966d0 DEOPT UNPACKING pc=0x000001eda9173aa2 sp=0x00000006dabef438 mode 2
Event: 19.499 Thread 0x000001edf90966d0 Uncommon trap: trap_request=0xffffffde fr.pc=0x000001eda97bb914 relative=0x00000000000003b4
Event: 19.499 Thread 0x000001edf90966d0 Uncommon trap: reason=class_check action=maybe_recompile pc=0x000001eda97bb914 method=java.util.regex.Pattern$BmpCharPropertyGreedy.match(Ljava/util/regex/Matcher;ILjava/lang/CharSequence;)Z @ 70 c2
Event: 19.504 Thread 0x000001edf90966d0 DEOPT PACKING pc=0x000001eda97bb914 sp=0x00000006dabef620
Event: 19.504 Thread 0x000001edf90966d0 DEOPT UNPACKING pc=0x000001eda9173aa2 sp=0x00000006dabef5c8 mode 2
Event: 19.504 Thread 0x000001edf90966d0 Uncommon trap: trap_request=0xffffffde fr.pc=0x000001eda97bb914 relative=0x00000000000003b4
Event: 19.504 Thread 0x000001edf90966d0 Uncommon trap: reason=class_check action=maybe_recompile pc=0x000001eda97bb914 method=java.util.regex.Pattern$BmpCharPropertyGreedy.match(Ljava/util/regex/Matcher;ILjava/lang/CharSequence;)Z @ 70 c2
Event: 19.504 Thread 0x000001edf90966d0 DEOPT PACKING pc=0x000001eda97bb914 sp=0x00000006dabef4a0
Event: 19.504 Thread 0x000001edf90966d0 DEOPT UNPACKING pc=0x000001eda9173aa2 sp=0x00000006dabef448 mode 2
Event: 19.648 Thread 0x000001edf90966d0 Uncommon trap: trap_request=0xffffff45 fr.pc=0x000001eda97e1c1c relative=0x000000000000079c
Event: 19.648 Thread 0x000001edf90966d0 Uncommon trap: reason=unstable_if action=reinterpret pc=0x000001eda97e1c1c method=org.lombokweb.asm.ClassReader.readUTF8(I[C)Ljava/lang/String; @ 11 c2
Event: 19.648 Thread 0x000001edf90966d0 DEOPT PACKING pc=0x000001eda97e1c1c sp=0x00000006dabf3910
Event: 19.648 Thread 0x000001edf90966d0 DEOPT UNPACKING pc=0x000001eda9173aa2 sp=0x00000006dabf38f8 mode 2
Event: 20.149 Thread 0x000001edf90966d0 Uncommon trap: trap_request=0xffffff6e fr.pc=0x000001eda97e82ec relative=0x0000000000000b6c
Event: 20.149 Thread 0x000001edf90966d0 Uncommon trap: reason=loop_limit_check action=maybe_recompile pc=0x000001eda97e82ec method=java.util.regex.Pattern$StartS.match(Ljava/util/regex/Matcher;ILjava/lang/CharSequence;)Z @ 34 c2
Event: 20.149 Thread 0x000001edf90966d0 DEOPT PACKING pc=0x000001eda97e82ec sp=0x00000006dabef0f0
Event: 20.149 Thread 0x000001edf90966d0 DEOPT UNPACKING pc=0x000001eda9173aa2 sp=0x00000006dabef060 mode 2

Classes loaded (20 events):
Event: 19.737 Loading class java/util/zip/GZIPOutputStream
Event: 19.737 Loading class java/util/zip/GZIPOutputStream done
Event: 19.743 Loading class java/util/zip/GZIPInputStream
Event: 19.743 Loading class java/util/zip/GZIPInputStream done
Event: 19.758 Loading class java/net/SocketTimeoutException
Event: 19.758 Loading class java/io/InterruptedIOException
Event: 19.758 Loading class java/io/InterruptedIOException done
Event: 19.758 Loading class java/net/SocketTimeoutException done
Event: 19.758 Loading class java/net/SocketException
Event: 19.758 Loading class java/net/SocketException done
Event: 19.758 Loading class java/net/UnknownHostException
Event: 19.758 Loading class java/net/UnknownHostException done
Event: 19.758 Loading class java/net/ProtocolException
Event: 19.758 Loading class java/net/ProtocolException done
Event: 19.836 Loading class java/lang/ThreadLocal$SuppliedThreadLocal
Event: 19.839 Loading class java/lang/ThreadLocal$SuppliedThreadLocal done
Event: 19.876 Loading class java/io/FileWriter
Event: 19.876 Loading class java/io/FileWriter done
Event: 20.359 Loading class java/lang/NegativeArraySizeException
Event: 20.364 Loading class java/lang/NegativeArraySizeException done

Classes unloaded (0 events):
No events

Classes redefined (0 events):
No events

Internal exceptions (20 events):
Event: 17.138 Thread 0x000001edf90966d0 Exception <a 'java/lang/NoSuchMethodError'{0x00000000eb2f8378}: 'java.lang.Object java.lang.invoke.DirectMethodHandle$Holder.invokeStaticInit(java.lang.Object, int)'> (0x00000000eb2f8378) 
thrown [s\src\hotspot\share\interpreter\linkResolver.cpp, line 773]
Event: 17.315 Thread 0x000001edf90966d0 Exception <a 'java/lang/NoSuchMethodError'{0x00000000eb5c2da8}: 'java.lang.Object java.lang.invoke.DirectMethodHandle$Holder.invokeStaticInit(java.lang.Object, int, int, int, int)'> (0x00000000eb5c2da8) 
thrown [s\src\hotspot\share\interpreter\linkResolver.cpp, line 773]
Event: 17.551 Thread 0x000001edf90966d0 Exception <a 'java/lang/NoSuchMethodError'{0x00000000eb6f6010}: 'java.lang.Object java.lang.invoke.DirectMethodHandle$Holder.invokeStaticInit(java.lang.Object, java.lang.Object, int, int, int, int)'> (0x00000000eb6f6010) 
thrown [s\src\hotspot\share\interpreter\linkResolver.cpp, line 773]
Event: 17.922 Thread 0x000001edf90966d0 Exception <a 'java/lang/NoSuchMethodError'{0x00000000eb7f5790}: 'void java.lang.invoke.DirectMethodHandle$Holder.invokeSpecial(java.lang.Object, java.lang.Object, java.lang.Object, int)'> (0x00000000eb7f5790) 
thrown [s\src\hotspot\share\interpreter\linkResolver.cpp, line 773]
Event: 17.923 Thread 0x000001edf90966d0 Exception <a 'java/lang/NoSuchMethodError'{0x00000000eb7f9120}: 'void java.lang.invoke.DelegatingMethodHandle$Holder.reinvoke_L(java.lang.Object, java.lang.Object, int)'> (0x00000000eb7f9120) 
thrown [s\src\hotspot\share\interpreter\linkResolver.cpp, line 773]
Event: 17.926 Thread 0x000001edf90966d0 Exception <a 'java/lang/NoSuchMethodError'{0x00000000eb7ffe58}: 'int java.lang.invoke.Invokers$Holder.invokeExact_MT(java.lang.Object, java.lang.Object, java.lang.Object)'> (0x00000000eb7ffe58) 
thrown [s\src\hotspot\share\interpreter\linkResolver.cpp, line 773]
Event: 18.183 Thread 0x000001edf90966d0 Exception <a 'java/lang/NoSuchMethodError'{0x00000000eb90ba58}: 'void java.lang.invoke.Invokers$Holder.invokeExact_MT(java.lang.Object, java.lang.Object, int, java.lang.Object)'> (0x00000000eb90ba58) 
thrown [s\src\hotspot\share\interpreter\linkResolver.cpp, line 773]
Event: 18.369 Thread 0x000001edf90966d0 Exception <a 'java/lang/NoSuchMethodError'{0x00000000eb9f37d8}: 'java.lang.Object java.lang.invoke.DirectMethodHandle$Holder.invokeSpecial(java.lang.Object, java.lang.Object, java.lang.Object, long, java.lang.Object)'> (0x00000000eb9f37d8) 
thrown [s\src\hotspot\share\interpreter\linkResolver.cpp, line 773]
Event: 18.376 Thread 0x000001edf90966d0 Exception <a 'java/lang/NoSuchMethodError'{0x00000000eb9faf68}: 'java.lang.Object java.lang.invoke.DirectMethodHandle$Holder.newInvokeSpecial(java.lang.Object, java.lang.Object, java.lang.Object, long)'> (0x00000000eb9faf68) 
thrown [s\src\hotspot\share\interpreter\linkResolver.cpp, line 773]
Event: 18.379 Thread 0x000001edf90966d0 Exception <a 'java/lang/NoSuchMethodError'{0x00000000eb9febe8}: 'java.lang.Object java.lang.invoke.Invokers$Holder.linkToTargetMethod(java.lang.Object, java.lang.Object, long, java.lang.Object)'> (0x00000000eb9febe8) 
thrown [s\src\hotspot\share\interpreter\linkResolver.cpp, line 773]
Event: 18.493 Thread 0x000001edf90966d0 Exception <a 'java/lang/NoSuchMethodError'{0x00000000eba70440}: 'int java.lang.invoke.DirectMethodHandle$Holder.invokeStaticInit(java.lang.Object, java.lang.Object, java.lang.Object)'> (0x00000000eba70440) 
thrown [s\src\hotspot\share\interpreter\linkResolver.cpp, line 773]
Event: 18.597 Thread 0x000001edf90966d0 Exception <a 'java/lang/IncompatibleClassChangeError'{0x00000000ebaf1b60}: Found class java.lang.Object, but interface was expected> (0x00000000ebaf1b60) 
thrown [s\src\hotspot\share\interpreter\linkResolver.cpp, line 840]
Event: 18.624 Thread 0x000001edf90966d0 Exception <a 'java/lang/NoSuchMethodError'{0x00000000ebb0b8b0}: 'java.lang.Object java.lang.invoke.DirectMethodHandle$Holder.invokeSpecial(java.lang.Object, java.lang.Object, java.lang.Object, int, java.lang.Object, java.lang.Object)'> (0x00000000ebb0b8b0) 
thrown [s\src\hotspot\share\interpreter\linkResolver.cpp, line 773]
Event: 18.626 Thread 0x000001edf90966d0 Exception <a 'java/lang/NoSuchMethodError'{0x00000000ebb13148}: 'java.lang.Object java.lang.invoke.DirectMethodHandle$Holder.newInvokeSpecial(java.lang.Object, java.lang.Object, java.lang.Object, int, java.lang.Object)'> (0x00000000ebb13148) 
thrown [s\src\hotspot\share\interpreter\linkResolver.cpp, line 773]
Event: 18.626 Thread 0x000001edf90966d0 Exception <a 'java/lang/NoSuchMethodError'{0x00000000ebb16c38}: 'java.lang.Object java.lang.invoke.Invokers$Holder.linkToTargetMethod(java.lang.Object, java.lang.Object, int, java.lang.Object, java.lang.Object)'> (0x00000000ebb16c38) 
thrown [s\src\hotspot\share\interpreter\linkResolver.cpp, line 773]
Event: 18.634 Thread 0x000001edf9448a30 Exception <a 'java/lang/NoSuchMethodError'{0x00000000eba478b8}: 'java.lang.Object java.lang.invoke.DirectMethodHandle$Holder.invokeSpecial(java.lang.Object, java.lang.Object, int, java.lang.Object, java.lang.Object)'> (0x00000000eba478b8) 
thrown [s\src\hotspot\share\interpreter\linkResolver.cpp, line 773]
Event: 18.636 Thread 0x000001edf9448a30 Exception <a 'java/lang/NoSuchMethodError'{0x00000000eba4e5f0}: 'java.lang.Object java.lang.invoke.DirectMethodHandle$Holder.newInvokeSpecial(java.lang.Object, java.lang.Object, int, java.lang.Object)'> (0x00000000eba4e5f0) 
thrown [s\src\hotspot\share\interpreter\linkResolver.cpp, line 773]
Event: 18.899 Thread 0x000001edf90966d0 Exception <a 'java/lang/NoSuchMethodError'{0x00000000ebc21c20}: 'void java.lang.invoke.DirectMethodHandle$Holder.invokeSpecial(java.lang.Object, java.lang.Object, java.lang.Object, java.lang.Object, java.lang.Object)'> (0x00000000ebc21c20) 
thrown [s\src\hotspot\share\interpreter\linkResolver.cpp, line 773]
Event: 19.307 Thread 0x000001edf90966d0 Exception <a 'java/lang/NoSuchMethodError'{0x00000000ebef7510}: 'double java.lang.invoke.DirectMethodHandle$Holder.invokeStatic(java.lang.Object, java.lang.Object)'> (0x00000000ebef7510) 
thrown [s\src\hotspot\share\interpreter\linkResolver.cpp, line 773]
Event: 19.318 Thread 0x000001edf90966d0 Exception <a 'java/lang/NoSuchMethodError'{0x00000000ebefabd0}: 'double java.lang.invoke.DirectMethodHandle$Holder.invokeStaticInit(java.lang.Object, java.lang.Object)'> (0x00000000ebefabd0) 
thrown [s\src\hotspot\share\interpreter\linkResolver.cpp, line 773]

ZGC Phase Switch (0 events):
No events

VM Operations (20 events):
Event: 16.618 Executing VM operation: HandshakeAllThreads (Deoptimize)
Event: 16.618 Executing VM operation: HandshakeAllThreads (Deoptimize) done
Event: 16.658 Executing VM operation: HandshakeAllThreads (Deoptimize)
Event: 16.658 Executing VM operation: HandshakeAllThreads (Deoptimize) done
Event: 16.798 Executing VM operation: HandshakeAllThreads (Deoptimize)
Event: 16.798 Executing VM operation: HandshakeAllThreads (Deoptimize) done
Event: 17.421 Executing VM operation: HandshakeAllThreads (Deoptimize)
Event: 17.421 Executing VM operation: HandshakeAllThreads (Deoptimize) done
Event: 17.820 Executing VM operation: HandshakeAllThreads (Deoptimize)
Event: 17.820 Executing VM operation: HandshakeAllThreads (Deoptimize) done
Event: 17.820 Executing VM operation: Cleanup
Event: 17.820 Executing VM operation: Cleanup done
Event: 18.834 Executing VM operation: Cleanup
Event: 18.850 Executing VM operation: Cleanup done
Event: 19.858 Executing VM operation: Cleanup
Event: 19.874 Executing VM operation: Cleanup done
Event: 19.904 Executing VM operation: ParallelGCFailedAllocation (Allocation Failure)
Event: 19.913 Executing VM operation: ParallelGCFailedAllocation (Allocation Failure) done
Event: 20.924 Executing VM operation: Cleanup
Event: 20.940 Executing VM operation: Cleanup done

Memory protections (0 events):
No events

Nmethod flushes (0 events):
No events

Events (20 events):
Event: 0.216 Thread 0x000001ed9c72e3c0 Thread added: 0x000001edb2d411e0
Event: 0.218 Thread 0x000001ed9c72e3c0 Thread added: 0x000001edb2d436a0
Event: 0.220 Thread 0x000001ed9c72e3c0 Thread added: 0x000001edb2d73970
Event: 0.330 Thread 0x000001ed9c72e3c0 Thread added: 0x000001edf4c036a0
Event: 2.514 Thread 0x000001ed9c72e3c0 Thread added: 0x000001edf4e54ab0
Event: 3.482 Thread 0x000001edb2d436a0 Thread added: 0x000001edf4f26e40
Event: 3.792 Thread 0x000001edf4f26e40 Thread exited: 0x000001edf4f26e40
Event: 4.047 Thread 0x000001edb2d73970 Thread added: 0x000001edf933ca20
Event: 4.318 Thread 0x000001edf933ca20 Thread exited: 0x000001edf933ca20
Event: 9.581 Thread 0x000001ed9c72e3c0 Thread added: 0x000001edf4ee5f40
Event: 10.712 Thread 0x000001ed9c72e3c0 Thread added: 0x000001edf9096070
Event: 10.757 Thread 0x000001ed9c72e3c0 Thread added: 0x000001edf90966d0
Event: 10.986 Thread 0x000001edf90966d0 Thread added: 0x000001edf91970d0
Event: 12.536 Thread 0x000001edf90966d0 Thread added: 0x000001edf93d4860
Event: 13.289 Thread 0x000001edb2d73970 Thread added: 0x000001edf93fd8b0
Event: 13.589 Thread 0x000001edf93fd8b0 Thread exited: 0x000001edf93fd8b0
Event: 14.809 Thread 0x000001edf90966d0 Thread added: 0x000001edf4cfa180
Event: 18.033 Thread 0x000001edf90966d0 Thread added: 0x000001edf4e98180
Event: 18.442 Thread 0x000001edf90966d0 Thread added: 0x000001edf9448a30
Event: 18.658 Thread 0x000001edf90966d0 Thread added: 0x000001edf90e86e0


Dynamic libraries:
0x00007ff6faf40000 - 0x00007ff6faf4e000 	c:\Users\palak\.vscode\extensions\redhat.java-1.41.1-win32-x64\jre\21.0.6-win32-x86_64\bin\java.exe
0x00007ff90e6c0000 - 0x00007ff90e923000 	C:\WINDOWS\SYSTEM32\ntdll.dll
0x00007ff90d810000 - 0x00007ff90d8d7000 	C:\WINDOWS\System32\KERNEL32.DLL
0x00007ff90bad0000 - 0x00007ff90be99000 	C:\WINDOWS\System32\KERNELBASE.dll
0x00007ff90c010000 - 0x00007ff90c15c000 	C:\WINDOWS\System32\ucrtbase.dll
0x00007ff8f2af0000 - 0x00007ff8f2b08000 	c:\Users\palak\.vscode\extensions\redhat.java-1.41.1-win32-x64\jre\21.0.6-win32-x86_64\bin\jli.dll
0x00007ff90d050000 - 0x00007ff90d21a000 	C:\WINDOWS\System32\USER32.dll
0x00007ff90bea0000 - 0x00007ff90bec7000 	C:\WINDOWS\System32\win32u.dll
0x00007ff90cac0000 - 0x00007ff90caea000 	C:\WINDOWS\System32\GDI32.dll
0x00007ff90bed0000 - 0x00007ff90c001000 	C:\WINDOWS\System32\gdi32full.dll
0x00007ff90c430000 - 0x00007ff90c4d3000 	C:\WINDOWS\System32\msvcp_win.dll
0x00007ff8ec930000 - 0x00007ff8ec94e000 	c:\Users\palak\.vscode\extensions\redhat.java-1.41.1-win32-x64\jre\21.0.6-win32-x86_64\bin\VCRUNTIME140.dll
0x00007ff8ee2e0000 - 0x00007ff8ee570000 	C:\WINDOWS\WinSxS\amd64_microsoft.windows.common-controls_6595b64144ccf1df_6.0.26100.3323_none_3e088096e3344490\COMCTL32.dll
0x00007ff90cfa0000 - 0x00007ff90d049000 	C:\WINDOWS\System32\msvcrt.dll
0x00007ff90e640000 - 0x00007ff90e66f000 	C:\WINDOWS\System32\IMM32.DLL
0x00007ff8f5640000 - 0x00007ff8f564c000 	c:\Users\palak\.vscode\extensions\redhat.java-1.41.1-win32-x64\jre\21.0.6-win32-x86_64\bin\vcruntime140_1.dll
0x00007ff874a70000 - 0x00007ff874afd000 	c:\Users\palak\.vscode\extensions\redhat.java-1.41.1-win32-x64\jre\21.0.6-win32-x86_64\bin\msvcp140.dll
0x00007ff86eac0000 - 0x00007ff86f850000 	c:\Users\palak\.vscode\extensions\redhat.java-1.41.1-win32-x64\jre\21.0.6-win32-x86_64\bin\server\jvm.dll
0x00007ff90de60000 - 0x00007ff90df12000 	C:\WINDOWS\System32\ADVAPI32.dll
0x00007ff90c5c0000 - 0x00007ff90c666000 	C:\WINDOWS\System32\sechost.dll
0x00007ff90cbd0000 - 0x00007ff90cce6000 	C:\WINDOWS\System32\RPCRT4.dll
0x00007ff90d970000 - 0x00007ff90d9e4000 	C:\WINDOWS\System32\WS2_32.dll
0x00007ff9045b0000 - 0x00007ff9045e6000 	C:\WINDOWS\SYSTEM32\WINMM.dll
0x00007ff90b750000 - 0x00007ff90b79e000 	C:\WINDOWS\SYSTEM32\POWRPROF.dll
0x00007ff9056a0000 - 0x00007ff9056ab000 	C:\WINDOWS\SYSTEM32\VERSION.dll
0x00007ff90b730000 - 0x00007ff90b744000 	C:\WINDOWS\SYSTEM32\UMPDC.dll
0x00007ff90a6e0000 - 0x00007ff90a6fa000 	C:\WINDOWS\SYSTEM32\kernel.appcore.dll
0x00007ff8e8b80000 - 0x00007ff8e8b8a000 	c:\Users\palak\.vscode\extensions\redhat.java-1.41.1-win32-x64\jre\21.0.6-win32-x86_64\bin\jimage.dll
0x00007ff8ff9b0000 - 0x00007ff8ffbf1000 	C:\WINDOWS\SYSTEM32\DBGHELP.DLL
0x00007ff90daa0000 - 0x00007ff90de22000 	C:\WINDOWS\System32\combase.dll
0x00007ff90caf0000 - 0x00007ff90cbc6000 	C:\WINDOWS\System32\OLEAUT32.dll
0x00007ff8edb90000 - 0x00007ff8edbc9000 	C:\WINDOWS\SYSTEM32\dbgcore.DLL
0x00007ff90ba30000 - 0x00007ff90bac9000 	C:\WINDOWS\System32\bcryptPrimitives.dll
0x00007ff8e8b40000 - 0x00007ff8e8b4f000 	c:\Users\palak\.vscode\extensions\redhat.java-1.41.1-win32-x64\jre\21.0.6-win32-x86_64\bin\instrument.dll
0x00007ff8d8520000 - 0x00007ff8d853f000 	c:\Users\palak\.vscode\extensions\redhat.java-1.41.1-win32-x64\jre\21.0.6-win32-x86_64\bin\java.dll
0x00007ff90df20000 - 0x00007ff90e635000 	C:\WINDOWS\System32\SHELL32.dll
0x00007ff90b8c0000 - 0x00007ff90ba28000 	C:\WINDOWS\System32\wintypes.dll
0x00007ff9095a0000 - 0x00007ff909de5000 	C:\WINDOWS\SYSTEM32\windows.storage.dll
0x00007ff90c9d0000 - 0x00007ff90cabb000 	C:\WINDOWS\System32\SHCORE.dll
0x00007ff90c4e0000 - 0x00007ff90c53d000 	C:\WINDOWS\System32\shlwapi.dll
0x00007ff90b7d0000 - 0x00007ff90b7ff000 	C:\WINDOWS\SYSTEM32\profapi.dll
0x00007ff8b48c0000 - 0x00007ff8b48d8000 	c:\Users\palak\.vscode\extensions\redhat.java-1.41.1-win32-x64\jre\21.0.6-win32-x86_64\bin\zip.dll
0x00007ff8e8b30000 - 0x00007ff8e8b40000 	C:\Users\palak\.vscode\extensions\redhat.java-1.41.1-win32-x64\jre\21.0.6-win32-x86_64\bin\net.dll
0x00007ff900ec0000 - 0x00007ff900fde000 	C:\WINDOWS\SYSTEM32\WINHTTP.dll
0x00007ff90ac00000 - 0x00007ff90ac6a000 	C:\WINDOWS\system32\mswsock.dll
0x00007ff8b3b60000 - 0x00007ff8b3b76000 	C:\Users\palak\.vscode\extensions\redhat.java-1.41.1-win32-x64\jre\21.0.6-win32-x86_64\bin\nio.dll
0x00007ff8e8aa0000 - 0x00007ff8e8ab0000 	c:\Users\palak\.vscode\extensions\redhat.java-1.41.1-win32-x64\jre\21.0.6-win32-x86_64\bin\verify.dll
0x00007ff8d8790000 - 0x00007ff8d87d5000 	C:\Users\palak\AppData\Roaming\Code\User\globalStorage\redhat.java\1.41.1\config_ss_win\org.eclipse.equinox.launcher\org.eclipse.equinox.launcher.win32.win32.x86_64_1.2.1300.v20250331-1702\eclipse_11911.dll
0x00007ff90ce00000 - 0x00007ff90cf95000 	C:\WINDOWS\System32\ole32.dll
0x00007ff90aea0000 - 0x00007ff90aebc000 	C:\WINDOWS\SYSTEM32\CRYPTSP.dll
0x00007ff90a640000 - 0x00007ff90a67a000 	C:\WINDOWS\system32\rsaenh.dll
0x00007ff90aca0000 - 0x00007ff90accb000 	C:\WINDOWS\SYSTEM32\USERENV.dll
0x00007ff90b0e0000 - 0x00007ff90b106000 	C:\WINDOWS\SYSTEM32\bcrypt.dll
0x00007ff90aec0000 - 0x00007ff90aecc000 	C:\WINDOWS\SYSTEM32\CRYPTBASE.dll
0x00007ff90a0e0000 - 0x00007ff90a113000 	C:\WINDOWS\SYSTEM32\IPHLPAPI.DLL
0x00007ff90cdf0000 - 0x00007ff90cdfa000 	C:\WINDOWS\System32\NSI.dll
0x00007ff8d6a40000 - 0x00007ff8d6a89000 	C:\Users\palak\AppData\Local\Temp\jna-106430981\jna6650734832485357659.dll
0x00007ff90c540000 - 0x00007ff90c548000 	C:\WINDOWS\System32\PSAPI.DLL

dbghelp: loaded successfully - version: 4.0.5 - missing functions: none
symbol engine: initialized successfully - sym options: 0x614 - pdb path: .;c:\Users\palak\.vscode\extensions\redhat.java-1.41.1-win32-x64\jre\21.0.6-win32-x86_64\bin;C:\WINDOWS\SYSTEM32;C:\WINDOWS\WinSxS\amd64_microsoft.windows.common-controls_6595b64144ccf1df_6.0.26100.3323_none_3e088096e3344490;c:\Users\palak\.vscode\extensions\redhat.java-1.41.1-win32-x64\jre\21.0.6-win32-x86_64\bin\server;C:\Users\palak\AppData\Roaming\Code\User\globalStorage\redhat.java\1.41.1\config_ss_win\org.eclipse.equinox.launcher\org.eclipse.equinox.launcher.win32.win32.x86_64_1.2.1300.v20250331-1702;C:\Users\palak\AppData\Local\Temp\jna-106430981

VM Arguments:
jvm_args: --add-modules=ALL-SYSTEM --add-opens=java.base/java.util=ALL-UNNAMED --add-opens=java.base/java.lang=ALL-UNNAMED --add-opens=java.base/sun.nio.fs=ALL-UNNAMED -Declipse.application=org.eclipse.jdt.ls.core.id1 -Dosgi.bundles.defaultStartLevel=4 -Declipse.product=org.eclipse.jdt.ls.core.product -Djava.import.generatesMetadataFilesAtProjectRoot=false -DDetectVMInstallationsJob.disabled=true -Dfile.encoding=utf8 -XX:+UseParallelGC -XX:GCTimeRatio=4 -XX:AdaptiveSizePolicyWeight=90 -Dsun.zip.disableMemoryMapping=true -Xmx1G -Xms100m -Xlog:disable -javaagent:c:\Users\palak\.vscode\extensions\redhat.java-1.41.1-win32-x64\lombok\lombok-1.18.36.jar 
java_command: c:\Users\palak\.vscode\extensions\redhat.java-1.41.1-win32-x64\server\plugins\org.eclipse.equinox.launcher_1.7.0.v20250331-1702.jar -configuration c:\Users\palak\AppData\Roaming\Code\User\globalStorage\redhat.java\1.41.1\config_ss_win -data c:\Users\palak\AppData\Roaming\Code\User\workspaceStorage\632f04cdbe9e26a6a5769c745b0508de\redhat.java\ss_ws --pipe=\\.\pipe\lsp-59ca95fb8c01449b3df0142ecfd5bef5-sock
java_class_path (initial): c:\Users\palak\.vscode\extensions\redhat.java-1.41.1-win32-x64\server\plugins\org.eclipse.equinox.launcher_1.7.0.v20250331-1702.jar
Launcher Type: SUN_STANDARD

[Global flags]
    uintx AdaptiveSizePolicyWeight                 = 90                                        {product} {command line}
     intx CICompilerCount                          = 3                                         {product} {ergonomic}
    uintx GCTimeRatio                              = 4                                         {product} {command line}
   size_t InitialHeapSize                          = 104857600                                 {product} {command line}
   size_t MaxHeapSize                              = 1073741824                                {product} {command line}
   size_t MaxNewSize                               = 357564416                                 {product} {ergonomic}
   size_t MinHeapDeltaBytes                        = 524288                                    {product} {ergonomic}
   size_t MinHeapSize                              = 104857600                                 {product} {command line}
   size_t NewSize                                  = 34603008                                  {product} {ergonomic}
    uintx NonNMethodCodeHeapSize                   = 5832780                                {pd product} {ergonomic}
    uintx NonProfiledCodeHeapSize                  = 122912730                              {pd product} {ergonomic}
   size_t OldSize                                  = 70254592                                  {product} {ergonomic}
    uintx ProfiledCodeHeapSize                     = 122912730                              {pd product} {ergonomic}
    uintx ReservedCodeCacheSize                    = 251658240                              {pd product} {ergonomic}
     bool SegmentedCodeCache                       = true                                      {product} {ergonomic}
   size_t SoftMaxHeapSize                          = 1073741824                             {manageable} {ergonomic}
     bool UseCompressedOops                        = true                           {product lp64_product} {ergonomic}
     bool UseLargePagesIndividualAllocation        = false                                  {pd product} {ergonomic}
     bool UseParallelGC                            = true                                      {product} {command line}

Logging:
Log output configuration:
 #0: stdout all=off uptime,level,tags foldmultilines=false
 #1: stderr all=off uptime,level,tags foldmultilines=false

Environment Variables:
JAVA_HOME=C:\Users\palak\Downloads\java-21-openjdk-21.0.1.0.12-3.win.jdk.x86_64\java-21-openjdk-21.0.1.0.12-3.win.jdk.x86_64
PATH=C:\Program Files (x86)\Common Files\Oracle\Java\java8path;C:\Program Files (x86)\Common Files\Oracle\Java\javapath;C:\WINDOWS\system32;C:\WINDOWS;C:\WINDOWS\System32\Wbem;C:\WINDOWS\System32\WindowsPowerShell\v1.0\;C:\WINDOWS\System32\OpenSSH\;C:\Users\palak\Downloads\java-21-openjdk-21.0.1.0.12-3.win.jdk.x86_64\java-21-openjdk-21.0.1.0.12-3.win.jdk.x86_64\bin;C:\Users\palak\Downloads\apache-maven-3.9.8-bin\bin;c:\users\palak\appdata\local\packages\pythonsoftwarefoundation.python.3.11_qbz5n2kfra8p0\localcache\local-packages\python311\site-packages;C:\ProgramData\chocolatey\bin;C:\Program Files\nodejs\;C:\Users\palak\AppData\Local\Programs\Python\Python312\Scripts;C:\Program Files\Git\cmd;C:\Users\palak\Downloads\flutter_windows_3.27.3-stable\flutter\bin;C:\Users\palak\AppData\Local\Android\Sdk\cmdline-tools\latest\bin;C:\Users\palak\AppData\Local\Android\Sdk\platform-tools;C:\ffmpeg;C:\Program Files\MongoDB\Server\8.0\bin;C:\Users\palak\AppData\Local\Programs\Python\Python313\Scripts\;C:\Users\palak\AppData\Local\Programs\Python\Python313\;C:\Users\palak\AppData\Local\Programs\Python\Python312\Scripts\;C:\Users\palak\AppData\Local\Programs\Python\Python312\;C:\Users\palak\AppData\Local\Programs\Python\Launcher\;C:\Program Files\MySQL\MySQL Shell 8.0\bin\;C:\Users\palak\AppData\Local\Microsoft\WindowsApps;C:\Users\palak\AppData\Local\Programs\Microsoft VS Code\bin;C:\Program Files\JetBrains\IntelliJ IDEA Community Edition 2023.3.3\bin;C:\Users\palak\AppData\Local\JetBrains\CLion 2023.3.4\bin;C:\Program Files\JetBrains\PyCharm 2024.1.2\bin;C:\Program Files\JetBrains\PyCharm Community Edition 2024.1.4\bin;C:\Users\palak\AppData\Local\JetBrains\Toolbox\scripts;C:\Users\palak\AppData\Roaming\npm;C:\Users\palak\AppData\Local\GitHubDesktop\bin;C:\Users\palak\AppData\Local\Microsoft\WindowsApps;
USERNAME=palak
OS=Windows_NT
PROCESSOR_IDENTIFIER=AMD64 Family 23 Model 24 Stepping 1, AuthenticAMD
TMP=C:\Users\palak\AppData\Local\Temp
TEMP=C:\Users\palak\AppData\Local\Temp




Periodic native trim disabled

---------------  S Y S T E M  ---------------

OS:
 Windows 11 , 64 bit Build 26100 (10.0.26100.3323)
OS uptime: 0 days 2:39 hours

CPU: total 4 (initial active 4) (4 cores per cpu, 2 threads per core) family 23 model 24 stepping 1 microcode 0x8108109, cx8, cmov, fxsr, ht, mmx, 3dnowpref, sse, sse2, sse3, ssse3, sse4a, sse4.1, sse4.2, popcnt, lzcnt, tsc, tscinvbit, avx, avx2, aes, clmul, bmi1, bmi2, adx, sha, fma, vzeroupper, clflush, clflushopt, rdtscp, f16c
Processor Information for the first 4 processors :
  Max Mhz: 2600, Current Mhz: 2600, Mhz Limit: 2600

Memory: 4k page, system-wide physical 6086M (554M free)
TotalPageFile size 14278M (AvailPageFile size 0M)
current process WorkingSet (physical memory assigned to process): 121M, peak: 121M
current process commit charge ("private bytes"): 212M, peak: 212M

vm_info: OpenJDK 64-Bit Server VM (21.0.6+7-LTS) for windows-amd64 JRE (21.0.6+7-LTS), built on 2025-01-21T00:00:00Z by "admin" with MS VC++ 17.7 (VS2022)

END.
