#
# There is insufficient memory for the Java Runtime Environment to continue.
# Native memory allocation (malloc) failed to allocate 1716720 bytes for Chunk::new
# Possible reasons:
#   The system is out of physical RAM or swap space
#   The process is running with CompressedOops enabled, and the Java Heap may be blocking the growth of the native heap
# Possible solutions:
#   Reduce memory load on the system
#   Increase physical memory or swap space
#   Check if swap backing store is full
#   Decrease Java heap size (-Xmx/-Xms)
#   Decrease number of Java threads
#   Decrease Java thread stack sizes (-Xss)
#   Set larger code cache with -XX:ReservedCodeCacheSize=
#   JVM is running with Unscaled Compressed Oops mode in which the Java heap is
#     placed in the first 4GB address space. The Java Heap base address is the
#     maximum limit for the native heap growth. Please use -XX:HeapBaseMinAddress
#     to set the Java Heap base and to place the Java Heap above 4GB virtual address.
# This output file may be truncated or incomplete.
#
#  Out of Memory Error (arena.cpp:168), pid=13440, tid=12340
#
# JRE version: OpenJDK Runtime Environment (Red_Hat-21.0.1.0+12-3) (21.0.1+12) (build 21.0.1+12-LTS)
# Java VM: OpenJDK 64-Bit Server VM (Red_Hat-21.0.1.0+12-3) (21.0.1+12-LTS, mixed mode, sharing, tiered, compressed oops, compressed class ptrs, g1 gc, windows-amd64)
# No core dump will be written. Minidumps are not enabled by default on client versions of Windows
#

---------------  S U M M A R Y ------------

Command Line: -Dclassworlds.conf=C:\Users\palak\Downloads\apache-maven-3.9.8-bin\bin\m2.conf -Dmaven.home=C:\Users\palak\Downloads\apache-maven-3.9.8-bin -Dlibrary.jansi.path=C:\Users\palak\Downloads\apache-maven-3.9.8-bin\lib\jansi-native -Dmaven.multiModuleProjectDirectory=C:\Users\palak\Downloads\demo org.codehaus.plexus.classworlds.launcher.Launcher clean install

Host: AMD Ryzen 3 3250U with Radeon Graphics         , 4 cores, 5G,  Windows 11 , 64 bit Build 26100 (10.0.26100.3323)
Time: Tue Apr  1 19:27:26 2025 India Standard Time elapsed time: 36.782917 seconds (0d 0h 0m 36s)

---------------  T H R E A D  ---------------

Current thread (0x000001f4f177d880):  JavaThread "C2 CompilerThread1" daemon [_thread_in_native, id=12340, stack(0x000000b5b4100000,0x000000b5b4200000) (1024K)]


Current CompileTask:
C2:  36783 6641       4       lombok.javac.JavacAST::buildStatementOrExpression (120 bytes)

Stack: [0x000000b5b4100000,0x000000b5b4200000]
Native frames: (J=compiled Java code, j=interpreted, Vv=VM code, C=native code)
V  [jvm.dll+0x6c7789]
V  [jvm.dll+0x8a2011]
V  [jvm.dll+0x8a44ae]
V  [jvm.dll+0x8a4b83]
V  [jvm.dll+0x27f936]
V  [jvm.dll+0xc498d]
V  [jvm.dll+0xc4ea3]
V  [jvm.dll+0x3b375c]
V  [jvm.dll+0x1e0c33]
V  [jvm.dll+0x248042]
V  [jvm.dll+0x2474cf]
V  [jvm.dll+0x1c8ae1]
V  [jvm.dll+0x256c69]
V  [jvm.dll+0x25523a]
V  [jvm.dll+0x3ecc86]
V  [jvm.dll+0x84af3b]
V  [jvm.dll+0x6c5ebd]
C  [ucrtbase.dll+0x37b0]
C  [KERNEL32.DLL+0x2e8d7]
C  [ntdll.dll+0xbbf6c]


---------------  P R O C E S S  ---------------

Threads class SMR info:
_java_thread_list=0x000001f4ab9baaa0, length=13, elements={
0x000001f48d4f4b70, 0x000001f4ab011b20, 0x000001f4ab012f00, 0x000001f4ab01bca0,
0x000001f4ab01c310, 0x000001f4ab01e190, 0x000001f4ab024db0, 0x000001f4ab0263f0,
0x000001f4ab02b750, 0x000001f4ab27f200, 0x000001f4ab2ade80, 0x000001f4ab67a3b0,
0x000001f4f177d880
}

Java Threads: ( => current thread )
  0x000001f48d4f4b70 JavaThread "main"                              [_thread_in_vm, id=17040, stack(0x000000b5b2b00000,0x000000b5b2c00000) (1024K)]
  0x000001f4ab011b20 JavaThread "Reference Handler"          daemon [_thread_blocked, id=1380, stack(0x000000b5b3300000,0x000000b5b3400000) (1024K)]
  0x000001f4ab012f00 JavaThread "Finalizer"                  daemon [_thread_blocked, id=7524, stack(0x000000b5b3400000,0x000000b5b3500000) (1024K)]
  0x000001f4ab01bca0 JavaThread "Signal Dispatcher"          daemon [_thread_blocked, id=9180, stack(0x000000b5b3500000,0x000000b5b3600000) (1024K)]
  0x000001f4ab01c310 JavaThread "Attach Listener"            daemon [_thread_blocked, id=12128, stack(0x000000b5b3600000,0x000000b5b3700000) (1024K)]
  0x000001f4ab01e190 JavaThread "Service Thread"             daemon [_thread_blocked, id=7464, stack(0x000000b5b3700000,0x000000b5b3800000) (1024K)]
  0x000001f4ab024db0 JavaThread "Monitor Deflation Thread"   daemon [_thread_blocked, id=10292, stack(0x000000b5b3800000,0x000000b5b3900000) (1024K)]
  0x000001f4ab0263f0 JavaThread "C2 CompilerThread0"         daemon [_thread_in_native, id=15288, stack(0x000000b5b3900000,0x000000b5b3a00000) (1024K)]
  0x000001f4ab02b750 JavaThread "C1 CompilerThread0"         daemon [_thread_blocked, id=11512, stack(0x000000b5b3a00000,0x000000b5b3b00000) (1024K)]
  0x000001f4ab27f200 JavaThread "Notification Thread"        daemon [_thread_blocked, id=2732, stack(0x000000b5b3b00000,0x000000b5b3c00000) (1024K)]
  0x000001f4ab2ade80 JavaThread "Common-Cleaner"             daemon [_thread_blocked, id=14576, stack(0x000000b5b3c00000,0x000000b5b3d00000) (1024K)]
  0x000001f4ab67a3b0 JavaThread "Thread-1"                   daemon [_thread_blocked, id=18020, stack(0x000000b5b4000000,0x000000b5b4100000) (1024K)]
=>0x000001f4f177d880 JavaThread "C2 CompilerThread1"         daemon [_thread_in_native, id=12340, stack(0x000000b5b4100000,0x000000b5b4200000) (1024K)]
Total: 13

Other Threads:
  0x000001f4aafed1b0 VMThread "VM Thread"                           [id=18980, stack(0x000000b5b3200000,0x000000b5b3300000) (1024K)]
  0x000001f4aafccf30 WatcherThread "VM Periodic Task Thread"        [id=7856, stack(0x000000b5b3100000,0x000000b5b3200000) (1024K)]
  0x000001f48d750660 WorkerThread "GC Thread#0"                     [id=12948, stack(0x000000b5b2c00000,0x000000b5b2d00000) (1024K)]
  0x000001f4aafece10 WorkerThread "GC Thread#1"                     [id=5644, stack(0x000000b5b3d00000,0x000000b5b3e00000) (1024K)]
  0x000001f4aafebf90 WorkerThread "GC Thread#2"                     [id=12092, stack(0x000000b5b3e00000,0x000000b5b3f00000) (1024K)]
  0x000001f4aafed550 WorkerThread "GC Thread#3"                     [id=10248, stack(0x000000b5b3f00000,0x000000b5b4000000) (1024K)]
  0x000001f48d75d290 ConcurrentGCThread "G1 Main Marker"            [id=5064, stack(0x000000b5b2d00000,0x000000b5b2e00000) (1024K)]
  0x000001f48d75ec80 WorkerThread "G1 Conc#0"                       [id=6192, stack(0x000000b5b2e00000,0x000000b5b2f00000) (1024K)]
  0x000001f48d7ce150 ConcurrentGCThread "G1 Refine#0"               [id=15948, stack(0x000000b5b2f00000,0x000000b5b3000000) (1024K)]
  0x000001f4aaea0080 ConcurrentGCThread "G1 Service"                [id=13144, stack(0x000000b5b3000000,0x000000b5b3100000) (1024K)]
Total: 10

Threads with active compile tasks:
C2 CompilerThread0    36842 6638   !   4       lombok.javac.JavacAST::drill (146 bytes)
C2 CompilerThread1    36842 6641       4       lombok.javac.JavacAST::buildStatementOrExpression (120 bytes)
Total: 2

VM state: not at safepoint (normal execution)

VM Mutex/Monitor currently owned by a thread: None

Heap address: 0x00000000a0e00000, size: 1522 MB, Compressed Oops mode: 32-bit

CDS archive(s) mapped at: [0x000001f4ac000000-0x000001f4acc90000-0x000001f4acc90000), size 13172736, SharedBaseAddress: 0x000001f4ac000000, ArchiveRelocationMode: 1.
Compressed class space mapped at: 0x000001f4ad000000-0x000001f4ed000000, reserved size: 1073741824
Narrow klass base: 0x000001f4ac000000, Narrow klass shift: 0, Narrow klass range: 0x100000000

GC Precious Log:
 CardTable entry size: 512
 Card Set container configuration: InlinePtr #cards 5 size 8 Array Of Cards #cards 12 size 40 Howl #buckets 4 coarsen threshold 1843 Howl Bitmap #cards 512 size 80 coarsen threshold 460 Card regions per heap region 1 cards per card region 2048
 CPUs: 4 total, 4 available
 Memory: 6086M
 Large Page Support: Disabled
 NUMA Support: Disabled
 Compressed Oops: Enabled (32-bit)
 Heap Region Size: 1M
 Heap Min Capacity: 8M
 Heap Initial Capacity: 96M
 Heap Max Capacity: 1522M
 Pre-touch: Disabled
 Parallel Workers: 4
 Concurrent Workers: 1
 Concurrent Refinement Workers: 4
 Periodic GC: Disabled

Heap:
 garbage-first heap   total 81920K, used 56709K [0x00000000a0e00000, 0x0000000100000000)
  region size 1024K, 25 young (25600K), 3 survivors (3072K)
 Metaspace       used 29357K, committed 29696K, reserved 1114112K
  class space    used 3293K, committed 3456K, reserved 1048576K

Heap Regions: E=young(eden), S=young(survivor), O=old, HS=humongous(starts), HC=humongous(continues), CS=collection set, F=free, TAMS=top-at-mark-start, PB=parsable bottom
|   0|0x00000000a0e00000, 0x00000000a0f00000, 0x00000000a0f00000|100%| O|  |TAMS 0x00000000a0e00000| PB 0x00000000a0e00000| Untracked 
|   1|0x00000000a0f00000, 0x00000000a1000000, 0x00000000a1000000|100%| O|  |TAMS 0x00000000a0f00000| PB 0x00000000a0f00000| Untracked 
|   2|0x00000000a1000000, 0x00000000a1100000, 0x00000000a1100000|100%| O|  |TAMS 0x00000000a1000000| PB 0x00000000a1000000| Untracked 
|   3|0x00000000a1100000, 0x00000000a1200000, 0x00000000a1200000|100%| O|  |TAMS 0x00000000a1100000| PB 0x00000000a1100000| Untracked 
|   4|0x00000000a1200000, 0x00000000a1300000, 0x00000000a1300000|100%| O|  |TAMS 0x00000000a1200000| PB 0x00000000a1200000| Untracked 
|   5|0x00000000a1300000, 0x00000000a1400000, 0x00000000a1400000|100%| O|  |TAMS 0x00000000a1300000| PB 0x00000000a1300000| Untracked 
|   6|0x00000000a1400000, 0x00000000a1500000, 0x00000000a1500000|100%| O|  |TAMS 0x00000000a1400000| PB 0x00000000a1400000| Untracked 
|   7|0x00000000a1500000, 0x00000000a1600000, 0x00000000a1600000|100%| O|  |TAMS 0x00000000a1500000| PB 0x00000000a1500000| Untracked 
|   8|0x00000000a1600000, 0x00000000a1700000, 0x00000000a1700000|100%| O|  |TAMS 0x00000000a1600000| PB 0x00000000a1600000| Untracked 
|   9|0x00000000a1700000, 0x00000000a1800000, 0x00000000a1800000|100%| O|  |TAMS 0x00000000a1700000| PB 0x00000000a1700000| Untracked 
|  10|0x00000000a1800000, 0x00000000a1900000, 0x00000000a1900000|100%| O|  |TAMS 0x00000000a1800000| PB 0x00000000a1800000| Untracked 
|  11|0x00000000a1900000, 0x00000000a1a00000, 0x00000000a1a00000|100%| O|  |TAMS 0x00000000a1900000| PB 0x00000000a1900000| Untracked 
|  12|0x00000000a1a00000, 0x00000000a1b00000, 0x00000000a1b00000|100%|HS|  |TAMS 0x00000000a1a00000| PB 0x00000000a1a00000| Complete 
|  13|0x00000000a1b00000, 0x00000000a1c00000, 0x00000000a1c00000|100%|HC|  |TAMS 0x00000000a1b00000| PB 0x00000000a1b00000| Complete 
|  14|0x00000000a1c00000, 0x00000000a1d00000, 0x00000000a1d00000|100%| O|  |TAMS 0x00000000a1c00000| PB 0x00000000a1c00000| Untracked 
|  15|0x00000000a1d00000, 0x00000000a1e00000, 0x00000000a1e00000|100%| O|  |TAMS 0x00000000a1d00000| PB 0x00000000a1d00000| Untracked 
|  16|0x00000000a1e00000, 0x00000000a1f00000, 0x00000000a1f00000|100%| O|  |TAMS 0x00000000a1e00000| PB 0x00000000a1e00000| Untracked 
|  17|0x00000000a1f00000, 0x00000000a2000000, 0x00000000a2000000|100%| O|  |TAMS 0x00000000a1f00000| PB 0x00000000a1f00000| Untracked 
|  18|0x00000000a2000000, 0x00000000a2100000, 0x00000000a2100000|100%| O|  |TAMS 0x00000000a2000000| PB 0x00000000a2000000| Untracked 
|  19|0x00000000a2100000, 0x00000000a2200000, 0x00000000a2200000|100%| O|  |TAMS 0x00000000a2100000| PB 0x00000000a2100000| Untracked 
|  20|0x00000000a2200000, 0x00000000a2300000, 0x00000000a2300000|100%| O|  |TAMS 0x00000000a2200000| PB 0x00000000a2200000| Untracked 
|  21|0x00000000a2300000, 0x00000000a2400000, 0x00000000a2400000|100%| O|  |TAMS 0x00000000a2300000| PB 0x00000000a2300000| Untracked 
|  22|0x00000000a2400000, 0x00000000a2400000, 0x00000000a2500000|  0%| F|  |TAMS 0x00000000a2400000| PB 0x00000000a2400000| Untracked 
|  23|0x00000000a2500000, 0x00000000a2600000, 0x00000000a2600000|100%| O|  |TAMS 0x00000000a2500000| PB 0x00000000a2500000| Untracked 
|  24|0x00000000a2600000, 0x00000000a2700000, 0x00000000a2700000|100%| O|  |TAMS 0x00000000a2600000| PB 0x00000000a2600000| Untracked 
|  25|0x00000000a2700000, 0x00000000a2800000, 0x00000000a2800000|100%| O|  |TAMS 0x00000000a2700000| PB 0x00000000a2700000| Untracked 
|  26|0x00000000a2800000, 0x00000000a2900000, 0x00000000a2900000|100%| O|  |TAMS 0x00000000a2800000| PB 0x00000000a2800000| Untracked 
|  27|0x00000000a2900000, 0x00000000a2a00000, 0x00000000a2a00000|100%| O|  |TAMS 0x00000000a2900000| PB 0x00000000a2900000| Untracked 
|  28|0x00000000a2a00000, 0x00000000a2b00000, 0x00000000a2b00000|100%| O|  |TAMS 0x00000000a2a00000| PB 0x00000000a2a00000| Untracked 
|  29|0x00000000a2b00000, 0x00000000a2c00000, 0x00000000a2c00000|100%| O|  |TAMS 0x00000000a2b00000| PB 0x00000000a2b00000| Untracked 
|  30|0x00000000a2c00000, 0x00000000a2d00000, 0x00000000a2d00000|100%| O|  |TAMS 0x00000000a2c00000| PB 0x00000000a2c00000| Untracked 
|  31|0x00000000a2d00000, 0x00000000a2e00000, 0x00000000a2e00000|100%| O|  |TAMS 0x00000000a2d00000| PB 0x00000000a2d00000| Untracked 
|  32|0x00000000a2e00000, 0x00000000a2f00000, 0x00000000a2f00000|100%| O|  |TAMS 0x00000000a2e00000| PB 0x00000000a2e00000| Untracked 
|  33|0x00000000a2f00000, 0x00000000a3000000, 0x00000000a3000000|100%| O|  |TAMS 0x00000000a2f00000| PB 0x00000000a2f00000| Untracked 
|  34|0x00000000a3000000, 0x00000000a3000000, 0x00000000a3100000|  0%| F|  |TAMS 0x00000000a3000000| PB 0x00000000a3000000| Untracked 
|  35|0x00000000a3100000, 0x00000000a3100000, 0x00000000a3200000|  0%| F|  |TAMS 0x00000000a3100000| PB 0x00000000a3100000| Untracked 
|  36|0x00000000a3200000, 0x00000000a3200000, 0x00000000a3300000|  0%| F|  |TAMS 0x00000000a3200000| PB 0x00000000a3200000| Untracked 
|  37|0x00000000a3300000, 0x00000000a3300000, 0x00000000a3400000|  0%| F|  |TAMS 0x00000000a3300000| PB 0x00000000a3300000| Untracked 
|  38|0x00000000a3400000, 0x00000000a3400000, 0x00000000a3500000|  0%| F|  |TAMS 0x00000000a3400000| PB 0x00000000a3400000| Untracked 
|  39|0x00000000a3500000, 0x00000000a3500000, 0x00000000a3600000|  0%| F|  |TAMS 0x00000000a3500000| PB 0x00000000a3500000| Untracked 
|  40|0x00000000a3600000, 0x00000000a3600000, 0x00000000a3700000|  0%| F|  |TAMS 0x00000000a3600000| PB 0x00000000a3600000| Untracked 
|  41|0x00000000a3700000, 0x00000000a3700000, 0x00000000a3800000|  0%| F|  |TAMS 0x00000000a3700000| PB 0x00000000a3700000| Untracked 
|  42|0x00000000a3800000, 0x00000000a3800000, 0x00000000a3900000|  0%| F|  |TAMS 0x00000000a3800000| PB 0x00000000a3800000| Untracked 
|  43|0x00000000a3900000, 0x00000000a3900000, 0x00000000a3a00000|  0%| F|  |TAMS 0x00000000a3900000| PB 0x00000000a3900000| Untracked 
|  44|0x00000000a3a00000, 0x00000000a3a00000, 0x00000000a3b00000|  0%| F|  |TAMS 0x00000000a3a00000| PB 0x00000000a3a00000| Untracked 
|  45|0x00000000a3b00000, 0x00000000a3b00000, 0x00000000a3c00000|  0%| F|  |TAMS 0x00000000a3b00000| PB 0x00000000a3b00000| Untracked 
|  46|0x00000000a3c00000, 0x00000000a3c00000, 0x00000000a3d00000|  0%| F|  |TAMS 0x00000000a3c00000| PB 0x00000000a3c00000| Untracked 
|  47|0x00000000a3d00000, 0x00000000a3d00000, 0x00000000a3e00000|  0%| F|  |TAMS 0x00000000a3d00000| PB 0x00000000a3d00000| Untracked 
|  48|0x00000000a3e00000, 0x00000000a3e00000, 0x00000000a3f00000|  0%| F|  |TAMS 0x00000000a3e00000| PB 0x00000000a3e00000| Untracked 
|  49|0x00000000a3f00000, 0x00000000a3f00000, 0x00000000a4000000|  0%| F|  |TAMS 0x00000000a3f00000| PB 0x00000000a3f00000| Untracked 
|  50|0x00000000a4000000, 0x00000000a4000000, 0x00000000a4100000|  0%| F|  |TAMS 0x00000000a4000000| PB 0x00000000a4000000| Untracked 
|  51|0x00000000a4100000, 0x00000000a4100000, 0x00000000a4200000|  0%| F|  |TAMS 0x00000000a4100000| PB 0x00000000a4100000| Untracked 
|  52|0x00000000a4200000, 0x00000000a4200000, 0x00000000a4300000|  0%| F|  |TAMS 0x00000000a4200000| PB 0x00000000a4200000| Untracked 
|  53|0x00000000a4300000, 0x00000000a4300000, 0x00000000a4400000|  0%| F|  |TAMS 0x00000000a4300000| PB 0x00000000a4300000| Untracked 
|  54|0x00000000a4400000, 0x00000000a4400000, 0x00000000a4500000|  0%| F|  |TAMS 0x00000000a4400000| PB 0x00000000a4400000| Untracked 
|  55|0x00000000a4500000, 0x00000000a4574e28, 0x00000000a4600000| 45%| E|  |TAMS 0x00000000a4500000| PB 0x00000000a4500000| Complete 
|  56|0x00000000a4600000, 0x00000000a4661448, 0x00000000a4700000| 37%| S|CS|TAMS 0x00000000a4600000| PB 0x00000000a4600000| Complete 
|  57|0x00000000a4700000, 0x00000000a4800000, 0x00000000a4800000|100%| S|CS|TAMS 0x00000000a4700000| PB 0x00000000a4700000| Complete 
|  58|0x00000000a4800000, 0x00000000a4900000, 0x00000000a4900000|100%| S|CS|TAMS 0x00000000a4800000| PB 0x00000000a4800000| Complete 
|  59|0x00000000a4900000, 0x00000000a4a00000, 0x00000000a4a00000|100%| E|CS|TAMS 0x00000000a4900000| PB 0x00000000a4900000| Complete 
|  60|0x00000000a4a00000, 0x00000000a4b00000, 0x00000000a4b00000|100%| E|CS|TAMS 0x00000000a4a00000| PB 0x00000000a4a00000| Complete 
|  61|0x00000000a4b00000, 0x00000000a4c00000, 0x00000000a4c00000|100%| E|CS|TAMS 0x00000000a4b00000| PB 0x00000000a4b00000| Complete 
|  62|0x00000000a4c00000, 0x00000000a4d00000, 0x00000000a4d00000|100%| E|CS|TAMS 0x00000000a4c00000| PB 0x00000000a4c00000| Complete 
|  63|0x00000000a4d00000, 0x00000000a4e00000, 0x00000000a4e00000|100%| E|CS|TAMS 0x00000000a4d00000| PB 0x00000000a4d00000| Complete 
|  64|0x00000000a4e00000, 0x00000000a4f00000, 0x00000000a4f00000|100%| E|CS|TAMS 0x00000000a4e00000| PB 0x00000000a4e00000| Complete 
|  65|0x00000000a4f00000, 0x00000000a5000000, 0x00000000a5000000|100%| E|CS|TAMS 0x00000000a4f00000| PB 0x00000000a4f00000| Complete 
|  66|0x00000000a5000000, 0x00000000a5100000, 0x00000000a5100000|100%| E|CS|TAMS 0x00000000a5000000| PB 0x00000000a5000000| Complete 
|  67|0x00000000a5100000, 0x00000000a5200000, 0x00000000a5200000|100%| E|  |TAMS 0x00000000a5100000| PB 0x00000000a5100000| Complete 
|  68|0x00000000a5200000, 0x00000000a5300000, 0x00000000a5300000|100%| E|CS|TAMS 0x00000000a5200000| PB 0x00000000a5200000| Complete 
|  69|0x00000000a5300000, 0x00000000a5400000, 0x00000000a5400000|100%| E|CS|TAMS 0x00000000a5300000| PB 0x00000000a5300000| Complete 
|  70|0x00000000a5400000, 0x00000000a5500000, 0x00000000a5500000|100%| E|CS|TAMS 0x00000000a5400000| PB 0x00000000a5400000| Complete 
|  71|0x00000000a5500000, 0x00000000a5600000, 0x00000000a5600000|100%| E|CS|TAMS 0x00000000a5500000| PB 0x00000000a5500000| Complete 
|  72|0x00000000a5600000, 0x00000000a5700000, 0x00000000a5700000|100%| E|CS|TAMS 0x00000000a5600000| PB 0x00000000a5600000| Complete 
|  73|0x00000000a5700000, 0x00000000a5800000, 0x00000000a5800000|100%| E|CS|TAMS 0x00000000a5700000| PB 0x00000000a5700000| Complete 
|  74|0x00000000a5800000, 0x00000000a5900000, 0x00000000a5900000|100%| E|CS|TAMS 0x00000000a5800000| PB 0x00000000a5800000| Complete 
|  75|0x00000000a5900000, 0x00000000a5a00000, 0x00000000a5a00000|100%| E|CS|TAMS 0x00000000a5900000| PB 0x00000000a5900000| Complete 
|  76|0x00000000a5a00000, 0x00000000a5b00000, 0x00000000a5b00000|100%| E|CS|TAMS 0x00000000a5a00000| PB 0x00000000a5a00000| Complete 
|  90|0x00000000a6800000, 0x00000000a6900000, 0x00000000a6900000|100%| E|CS|TAMS 0x00000000a6800000| PB 0x00000000a6800000| Complete 
|  91|0x00000000a6900000, 0x00000000a6a00000, 0x00000000a6a00000|100%| E|CS|TAMS 0x00000000a6900000| PB 0x00000000a6900000| Complete 
|  95|0x00000000a6d00000, 0x00000000a6e00000, 0x00000000a6e00000|100%| E|CS|TAMS 0x00000000a6d00000| PB 0x00000000a6d00000| Complete 

Card table byte_map: [0x000001f4a6f90000,0x000001f4a7290000] _byte_map_base: 0x000001f4a6a89000

Marking Bits: (CMBitMap*) 0x000001f48d750b70
 Bits: [0x000001f4a7290000, 0x000001f4a8a58000)

Polling page: 0x000001f48d7d0000

Metaspace:

Usage:
  Non-class:     25.45 MB used.
      Class:      3.22 MB used.
       Both:     28.67 MB used.

Virtual space:
  Non-class space:       64.00 MB reserved,      25.62 MB ( 40%) committed,  1 nodes.
      Class space:        1.00 GB reserved,       3.38 MB ( <1%) committed,  1 nodes.
             Both:        1.06 GB reserved,      29.00 MB (  3%) committed. 

Chunk freelists:
   Non-Class:  6.25 MB
       Class:  12.57 MB
        Both:  18.83 MB

MaxMetaspaceSize: unlimited
CompressedClassSpaceSize: 1.00 GB
Initial GC threshold: 21.00 MB
Current GC threshold: 35.44 MB
CDS: on
 - commit_granule_bytes: 65536.
 - commit_granule_words: 8192.
 - virtual_space_node_default_size: 8388608.
 - enlarge_chunks_in_place: 1.
 - use_allocation_guard: 0.


Internal statistics:

num_allocs_failed_limit: 3.
num_arena_births: 292.
num_arena_deaths: 0.
num_vsnodes_births: 2.
num_vsnodes_deaths: 0.
num_space_committed: 464.
num_space_uncommitted: 0.
num_chunks_returned_to_freelist: 3.
num_chunks_taken_from_freelist: 1349.
num_chunk_merges: 3.
num_chunk_splits: 959.
num_chunks_enlarged: 751.
num_inconsistent_stats: 0.

CodeHeap 'non-profiled nmethods': size=120000Kb used=3545Kb max_used=3545Kb free=116454Kb
 bounds [0x000001f49f230000, 0x000001f49f5b0000, 0x000001f4a6760000]
CodeHeap 'profiled nmethods': size=120000Kb used=15430Kb max_used=15430Kb free=104569Kb
 bounds [0x000001f497760000, 0x000001f498680000, 0x000001f49ec90000]
CodeHeap 'non-nmethods': size=5760Kb used=1466Kb max_used=1494Kb free=4293Kb
 bounds [0x000001f49ec90000, 0x000001f49ef00000, 0x000001f49f230000]
 total_blobs=7219 nmethods=6671 adapters=452
 compilation: enabled
              stopped_count=0, restarted_count=0
 full_count=0

Compilation events (20 events):
Event: 36.168 Thread 0x000001f4ab02b750 nmethod 6659 0x000001f498662f10 code [0x000001f4986632e0, 0x000001f4986654a0]
Event: 36.171 Thread 0x000001f4ab02b750 6660       3       java.lang.invoke.InvokerBytecodeGenerator::isStaticallyNameable (148 bytes)
Event: 36.172 Thread 0x000001f4ab02b750 nmethod 6660 0x000001f498665f10 code [0x000001f4986661c0, 0x000001f498666cf8]
Event: 36.182 Thread 0x000001f4ab02b750 6661       1       java.lang.invoke.InvokerBytecodeGenerator::setClassWriter (6 bytes)
Event: 36.182 Thread 0x000001f4ab02b750 nmethod 6661 0x000001f49f5a5a90 code [0x000001f49f5a5c20, 0x000001f49f5a5d38]
Event: 36.192 Thread 0x000001f4ab02b750 6662       3       jdk.internal.org.objectweb.asm.AnnotationVisitor::<init> (78 bytes)
Event: 36.192 Thread 0x000001f4ab02b750 nmethod 6662 0x000001f498667010 code [0x000001f498667240, 0x000001f498667a18]
Event: 36.192 Thread 0x000001f4ab02b750 6663       1       java.lang.Class::getClassData (5 bytes)
Event: 36.192 Thread 0x000001f4ab02b750 nmethod 6663 0x000001f49f5a5d90 code [0x000001f49f5a5f20, 0x000001f49f5a5fe8]
Event: 36.203 Thread 0x000001f4ab02b750 6665       3       java.lang.invoke.LambdaForm$MH/0x000001f4ad369800::invoke (42 bytes)
Event: 36.204 Thread 0x000001f4ab02b750 nmethod 6665 0x000001f498667c90 code [0x000001f498667f20, 0x000001f498668cf0]
Event: 36.211 Thread 0x000001f4ab02b750 6666       3       java.lang.invoke.LambdaForm$MH/0x000001f4ad369c00::invoke (42 bytes)
Event: 36.213 Thread 0x000001f4ab02b750 nmethod 6666 0x000001f498669110 code [0x000001f4986693a0, 0x000001f49866a170]
Event: 36.220 Thread 0x000001f4f177d880 6641       4       lombok.javac.JavacAST::buildStatementOrExpression (120 bytes)
Event: 36.486 Thread 0x000001f4ab02b750 6667       3       com.sun.tools.javac.util.Context::get (10 bytes)
Event: 36.486 Thread 0x000001f4ab02b750 nmethod 6667 0x000001f49866a590 code [0x000001f49866a740, 0x000001f49866a8f0]
Event: 36.534 Thread 0x000001f4ab02b750 6669       3       java.net.URI::percentNormalizedComparison (215 bytes)
Event: 36.538 Thread 0x000001f4ab02b750 nmethod 6669 0x000001f49866aa10 code [0x000001f49866af00, 0x000001f49866d890]
Event: 36.571 Thread 0x000001f4ab02b750 6672       3       com.sun.tools.javac.util.Context::key (50 bytes)
Event: 36.572 Thread 0x000001f4ab02b750 nmethod 6672 0x000001f49866e710 code [0x000001f49866e920, 0x000001f49866f008]

GC Heap History (16 events):
Event: 1.558 GC heap before
{Heap before GC invocations=0 (full 0):
 garbage-first heap   total 98304K, used 12288K [0x00000000a0e00000, 0x0000000100000000)
  region size 1024K, 13 young (13312K), 0 survivors (0K)
 Metaspace       used 3822K, committed 4032K, reserved 1114112K
  class space    used 397K, committed 512K, reserved 1048576K
}
Event: 1.570 GC heap after
{Heap after GC invocations=1 (full 0):
 garbage-first heap   total 98304K, used 3296K [0x00000000a0e00000, 0x0000000100000000)
  region size 1024K, 2 young (2048K), 2 survivors (2048K)
 Metaspace       used 3822K, committed 4032K, reserved 1114112K
  class space    used 397K, committed 512K, reserved 1048576K
}
Event: 2.551 GC heap before
{Heap before GC invocations=1 (full 0):
 garbage-first heap   total 98304K, used 19680K [0x00000000a0e00000, 0x0000000100000000)
  region size 1024K, 18 young (18432K), 2 survivors (2048K)
 Metaspace       used 6551K, committed 6720K, reserved 1114112K
  class space    used 761K, committed 832K, reserved 1048576K
}
Event: 2.560 GC heap after
{Heap after GC invocations=2 (full 0):
 garbage-first heap   total 98304K, used 4153K [0x00000000a0e00000, 0x0000000100000000)
  region size 1024K, 1 young (1024K), 1 survivors (1024K)
 Metaspace       used 6551K, committed 6720K, reserved 1114112K
  class space    used 761K, committed 832K, reserved 1048576K
}
Event: 9.323 GC heap before
{Heap before GC invocations=2 (full 0):
 garbage-first heap   total 98304K, used 60473K [0x00000000a0e00000, 0x0000000100000000)
  region size 1024K, 57 young (58368K), 1 survivors (1024K)
 Metaspace       used 15361K, committed 15616K, reserved 1114112K
  class space    used 1811K, committed 1920K, reserved 1048576K
}
Event: 9.351 GC heap after
{Heap after GC invocations=3 (full 0):
 garbage-first heap   total 98304K, used 9808K [0x00000000a0e00000, 0x0000000100000000)
  region size 1024K, 7 young (7168K), 7 survivors (7168K)
 Metaspace       used 15361K, committed 15616K, reserved 1114112K
  class space    used 1811K, committed 1920K, reserved 1048576K
}
Event: 15.090 GC heap before
{Heap before GC invocations=3 (full 0):
 garbage-first heap   total 98304K, used 61008K [0x00000000a0e00000, 0x0000000100000000)
  region size 1024K, 57 young (58368K), 7 survivors (7168K)
 Metaspace       used 16281K, committed 16576K, reserved 1114112K
  class space    used 1876K, committed 1984K, reserved 1048576K
}
Event: 15.125 GC heap after
{Heap after GC invocations=4 (full 0):
 garbage-first heap   total 98304K, used 14430K [0x00000000a0e00000, 0x0000000100000000)
  region size 1024K, 5 young (5120K), 5 survivors (5120K)
 Metaspace       used 16281K, committed 16576K, reserved 1114112K
  class space    used 1876K, committed 1984K, reserved 1048576K
}
Event: 22.989 GC heap before
{Heap before GC invocations=4 (full 0):
 garbage-first heap   total 98304K, used 71774K [0x00000000a0e00000, 0x0000000100000000)
  region size 1024K, 57 young (58368K), 5 survivors (5120K)
 Metaspace       used 20633K, committed 20992K, reserved 1114112K
  class space    used 2349K, committed 2496K, reserved 1048576K
}
Event: 23.011 GC heap after
{Heap after GC invocations=5 (full 0):
 garbage-first heap   total 98304K, used 23360K [0x00000000a0e00000, 0x0000000100000000)
  region size 1024K, 5 young (5120K), 5 survivors (5120K)
 Metaspace       used 20633K, committed 20992K, reserved 1114112K
  class space    used 2349K, committed 2496K, reserved 1048576K
}
Event: 23.339 GC heap before
{Heap before GC invocations=5 (full 0):
 garbage-first heap   total 98304K, used 26432K [0x00000000a0e00000, 0x0000000100000000)
  region size 1024K, 9 young (9216K), 5 survivors (5120K)
 Metaspace       used 21197K, committed 21504K, reserved 1114112K
  class space    used 2432K, committed 2560K, reserved 1048576K
}
Event: 23.355 GC heap after
{Heap after GC invocations=6 (full 0):
 garbage-first heap   total 98304K, used 22948K [0x00000000a0e00000, 0x0000000100000000)
  region size 1024K, 2 young (2048K), 2 survivors (2048K)
 Metaspace       used 21197K, committed 21504K, reserved 1114112K
  class space    used 2432K, committed 2560K, reserved 1048576K
}
Event: 29.419 GC heap before
{Heap before GC invocations=7 (full 0):
 garbage-first heap   total 81920K, used 56740K [0x00000000a0e00000, 0x0000000100000000)
  region size 1024K, 35 young (35840K), 2 survivors (2048K)
 Metaspace       used 26932K, committed 27328K, reserved 1114112K
  class space    used 3061K, committed 3264K, reserved 1048576K
}
Event: 29.443 GC heap after
{Heap after GC invocations=8 (full 0):
 garbage-first heap   total 81920K, used 33700K [0x00000000a0e00000, 0x0000000100000000)
  region size 1024K, 5 young (5120K), 5 survivors (5120K)
 Metaspace       used 26932K, committed 27328K, reserved 1114112K
  class space    used 3061K, committed 3264K, reserved 1048576K
}
Event: 33.164 GC heap before
{Heap before GC invocations=8 (full 0):
 garbage-first heap   total 81920K, used 54180K [0x00000000a0e00000, 0x0000000100000000)
  region size 1024K, 26 young (26624K), 5 survivors (5120K)
 Metaspace       used 28277K, committed 28608K, reserved 1114112K
  class space    used 3184K, committed 3328K, reserved 1048576K
}
Event: 33.187 GC heap after
{Heap after GC invocations=9 (full 0):
 garbage-first heap   total 81920K, used 36229K [0x00000000a0e00000, 0x0000000100000000)
  region size 1024K, 3 young (3072K), 3 survivors (3072K)
 Metaspace       used 28277K, committed 28608K, reserved 1114112K
  class space    used 3184K, committed 3328K, reserved 1048576K
}

Dll operation events (8 events):
Event: 0.028 Loaded shared library C:\Users\palak\Downloads\java-21-openjdk-21.0.1.0.12-3.win.jdk.x86_64\java-21-openjdk-21.0.1.0.12-3.win.jdk.x86_64\bin\java.dll
Event: 0.107 Loaded shared library C:\Users\palak\Downloads\java-21-openjdk-21.0.1.0.12-3.win.jdk.x86_64\java-21-openjdk-21.0.1.0.12-3.win.jdk.x86_64\bin\jsvml.dll
Event: 0.163 Loaded shared library C:\Users\palak\Downloads\java-21-openjdk-21.0.1.0.12-3.win.jdk.x86_64\java-21-openjdk-21.0.1.0.12-3.win.jdk.x86_64\bin\net.dll
Event: 0.168 Loaded shared library C:\Users\palak\Downloads\java-21-openjdk-21.0.1.0.12-3.win.jdk.x86_64\java-21-openjdk-21.0.1.0.12-3.win.jdk.x86_64\bin\nio.dll
Event: 0.175 Loaded shared library C:\Users\palak\Downloads\java-21-openjdk-21.0.1.0.12-3.win.jdk.x86_64\java-21-openjdk-21.0.1.0.12-3.win.jdk.x86_64\bin\zip.dll
Event: 0.577 Loaded shared library C:\Users\palak\Downloads\apache-maven-3.9.8-bin\lib\jansi-native\Windows\x86_64\jansi.dll
Event: 0.628 Loaded shared library C:\Users\palak\Downloads\java-21-openjdk-21.0.1.0.12-3.win.jdk.x86_64\java-21-openjdk-21.0.1.0.12-3.win.jdk.x86_64\bin\verify.dll
Event: 0.736 Loaded shared library C:\Users\palak\Downloads\java-21-openjdk-21.0.1.0.12-3.win.jdk.x86_64\java-21-openjdk-21.0.1.0.12-3.win.jdk.x86_64\bin\jimage.dll

Deoptimization events (20 events):
Event: 35.058 Thread 0x000001f48d4f4b70 DEOPT PACKING pc=0x000001f49f3c0818 sp=0x000000b5b2bfc7d0
Event: 35.058 Thread 0x000001f48d4f4b70 DEOPT UNPACKING pc=0x000001f49ece46a2 sp=0x000000b5b2bfc758 mode 2
Event: 35.058 Thread 0x000001f48d4f4b70 Uncommon trap: trap_request=0xffffffde fr.pc=0x000001f49f3c0fb8 relative=0x00000000000004d8
Event: 35.058 Thread 0x000001f48d4f4b70 Uncommon trap: reason=class_check action=maybe_recompile pc=0x000001f49f3c0fb8 method=java.util.Collections$UnmodifiableMap$UnmodifiableEntrySet$1.next()Ljava/util/Map$Entry; @ 8 c2
Event: 35.058 Thread 0x000001f48d4f4b70 DEOPT PACKING pc=0x000001f49f3c0fb8 sp=0x000000b5b2bfc780
Event: 35.058 Thread 0x000001f48d4f4b70 DEOPT UNPACKING pc=0x000001f49ece46a2 sp=0x000000b5b2bfc6e8 mode 2
Event: 35.058 Thread 0x000001f48d4f4b70 Uncommon trap: trap_request=0xffffffde fr.pc=0x000001f49f3c1618 relative=0x0000000000000078
Event: 35.058 Thread 0x000001f48d4f4b70 Uncommon trap: reason=class_check action=maybe_recompile pc=0x000001f49f3c1618 method=java.util.Collections$UnmodifiableMap$UnmodifiableEntrySet$UnmodifiableEntry.getKey()Ljava/lang/Object; @ 4 c2
Event: 35.058 Thread 0x000001f48d4f4b70 DEOPT PACKING pc=0x000001f49f3c1618 sp=0x000000b5b2bfc7d0
Event: 35.058 Thread 0x000001f48d4f4b70 DEOPT UNPACKING pc=0x000001f49ece46a2 sp=0x000000b5b2bfc758 mode 2
Event: 35.058 Thread 0x000001f48d4f4b70 Uncommon trap: trap_request=0xffffffde fr.pc=0x000001f49f3c3a18 relative=0x0000000000000078
Event: 35.058 Thread 0x000001f48d4f4b70 Uncommon trap: reason=class_check action=maybe_recompile pc=0x000001f49f3c3a18 method=java.util.Collections$UnmodifiableMap$UnmodifiableEntrySet$UnmodifiableEntry.getValue()Ljava/lang/Object; @ 4 c2
Event: 35.058 Thread 0x000001f48d4f4b70 DEOPT PACKING pc=0x000001f49f3c3a18 sp=0x000000b5b2bfc7d0
Event: 35.058 Thread 0x000001f48d4f4b70 DEOPT UNPACKING pc=0x000001f49ece46a2 sp=0x000000b5b2bfc758 mode 2
Event: 35.428 Thread 0x000001f48d4f4b70 DEOPT PACKING pc=0x000001f4985f7e2c sp=0x000000b5b2bfcf70
Event: 35.428 Thread 0x000001f48d4f4b70 DEOPT UNPACKING pc=0x000001f49ece4e42 sp=0x000000b5b2bfc458 mode 0
Event: 35.769 Thread 0x000001f48d4f4b70 DEOPT PACKING pc=0x000001f49859cb93 sp=0x000000b5b2bfcfc0
Event: 35.769 Thread 0x000001f48d4f4b70 DEOPT UNPACKING pc=0x000001f49ece4e42 sp=0x000000b5b2bfc4f8 mode 0
Event: 36.150 Thread 0x000001f48d4f4b70 DEOPT PACKING pc=0x000001f4985f7e2c sp=0x000000b5b2bfcf70
Event: 36.150 Thread 0x000001f48d4f4b70 DEOPT UNPACKING pc=0x000001f49ece4e42 sp=0x000000b5b2bfc458 mode 0

Classes loaded (20 events):
Event: 33.128 Loading class java/util/regex/Pattern$LookBehindEndNode
Event: 33.132 Loading class java/util/regex/Pattern$LookBehindEndNode done
Event: 33.132 Loading class java/util/regex/Pattern$NotBehind
Event: 33.132 Loading class java/util/regex/Pattern$NotBehind done
Event: 33.452 Loading class java/util/Vector$1
Event: 33.453 Loading class java/util/Vector$1 done
Event: 33.516 Loading class java/io/PushbackInputStream
Event: 33.516 Loading class java/io/PushbackInputStream done
Event: 34.634 Loading class java/util/Collections$UnmodifiableSortedSet
Event: 34.643 Loading class java/util/Collections$UnmodifiableSortedSet done
Event: 34.750 Loading class java/util/IdentityHashMap$EntrySet
Event: 34.757 Loading class java/util/IdentityHashMap$EntrySet done
Event: 34.757 Loading class java/util/IdentityHashMap$EntryIterator
Event: 34.757 Loading class java/util/IdentityHashMap$EntryIterator done
Event: 34.758 Loading class java/util/IdentityHashMap$EntryIterator$Entry
Event: 34.758 Loading class java/util/IdentityHashMap$EntryIterator$Entry done
Event: 34.847 Loading class java/util/function/UnaryOperator
Event: 34.851 Loading class java/util/function/UnaryOperator done
Event: 34.921 Loading class java/util/regex/Pattern$Caret
Event: 34.924 Loading class java/util/regex/Pattern$Caret done

Classes unloaded (0 events):
No events

Classes redefined (0 events):
No events

Internal exceptions (20 events):
Event: 30.104 Thread 0x000001f48d4f4b70 Exception <a 'sun/nio/fs/WindowsException'{0x00000000a596b838}> (0x00000000a596b838) 
thrown [s\src\hotspot\share\prims\jni.cpp, line 520]
Event: 30.105 Thread 0x000001f48d4f4b70 Exception <a 'sun/nio/fs/WindowsException'{0x00000000a596c408}> (0x00000000a596c408) 
thrown [s\src\hotspot\share\prims\jni.cpp, line 520]
Event: 30.106 Thread 0x000001f48d4f4b70 Exception <a 'sun/nio/fs/WindowsException'{0x00000000a596db58}> (0x00000000a596db58) 
thrown [s\src\hotspot\share\prims\jni.cpp, line 520]
Event: 30.106 Thread 0x000001f48d4f4b70 Exception <a 'sun/nio/fs/WindowsException'{0x00000000a596e6b8}> (0x00000000a596e6b8) 
thrown [s\src\hotspot\share\prims\jni.cpp, line 520]
Event: 30.106 Thread 0x000001f48d4f4b70 Exception <a 'sun/nio/fs/WindowsException'{0x00000000a596f3f8}> (0x00000000a596f3f8) 
thrown [s\src\hotspot\share\prims\jni.cpp, line 520]
Event: 30.106 Thread 0x000001f48d4f4b70 Exception <a 'sun/nio/fs/WindowsException'{0x00000000a596fff8}> (0x00000000a596fff8) 
thrown [s\src\hotspot\share\prims\jni.cpp, line 520]
Event: 30.106 Thread 0x000001f48d4f4b70 Exception <a 'sun/nio/fs/WindowsException'{0x00000000a59717f0}> (0x00000000a59717f0) 
thrown [s\src\hotspot\share\prims\jni.cpp, line 520]
Event: 30.106 Thread 0x000001f48d4f4b70 Exception <a 'sun/nio/fs/WindowsException'{0x00000000a5972110}> (0x00000000a5972110) 
thrown [s\src\hotspot\share\prims\jni.cpp, line 520]
Event: 30.107 Thread 0x000001f48d4f4b70 Exception <a 'sun/nio/fs/WindowsException'{0x00000000a5972c08}> (0x00000000a5972c08) 
thrown [s\src\hotspot\share\prims\jni.cpp, line 520]
Event: 30.107 Thread 0x000001f48d4f4b70 Exception <a 'sun/nio/fs/WindowsException'{0x00000000a5973588}> (0x00000000a5973588) 
thrown [s\src\hotspot\share\prims\jni.cpp, line 520]
Event: 30.273 Thread 0x000001f48d4f4b70 Implicit null exception at 0x000001f49f2dda82 to 0x000001f49f2ddca8
Event: 30.543 Thread 0x000001f48d4f4b70 Exception <a 'sun/nio/fs/WindowsException'{0x00000000a57c5258}> (0x00000000a57c5258) 
thrown [s\src\hotspot\share\prims\jni.cpp, line 520]
Event: 30.544 Thread 0x000001f48d4f4b70 Exception <a 'sun/nio/fs/WindowsException'{0x00000000a57d3658}> (0x00000000a57d3658) 
thrown [s\src\hotspot\share\prims\jni.cpp, line 520]
Event: 30.553 Thread 0x000001f48d4f4b70 Exception <a 'sun/nio/fs/WindowsException'{0x00000000a57feb18}> (0x00000000a57feb18) 
thrown [s\src\hotspot\share\prims\jni.cpp, line 520]
Event: 30.553 Thread 0x000001f48d4f4b70 Exception <a 'sun/nio/fs/WindowsException'{0x00000000a57ff4f8}> (0x00000000a57ff4f8) 
thrown [s\src\hotspot\share\prims\jni.cpp, line 520]
Event: 30.560 Thread 0x000001f48d4f4b70 Exception <a 'sun/nio/fs/WindowsException'{0x00000000a56060e0}> (0x00000000a56060e0) 
thrown [s\src\hotspot\share\prims\jni.cpp, line 520]
Event: 30.561 Thread 0x000001f48d4f4b70 Exception <a 'sun/nio/fs/WindowsException'{0x00000000a56098d0}> (0x00000000a56098d0) 
thrown [s\src\hotspot\share\prims\jni.cpp, line 520]
Event: 30.570 Thread 0x000001f48d4f4b70 Exception <a 'sun/nio/fs/WindowsException'{0x00000000a5612fd0}> (0x00000000a5612fd0) 
thrown [s\src\hotspot\share\prims\jni.cpp, line 520]
Event: 30.570 Thread 0x000001f48d4f4b70 Exception <a 'sun/nio/fs/WindowsException'{0x00000000a56139c0}> (0x00000000a56139c0) 
thrown [s\src\hotspot\share\prims\jni.cpp, line 520]
Event: 31.366 Thread 0x000001f48d4f4b70 Implicit null exception at 0x000001f49f36cff8 to 0x000001f49f36d48c

ZGC Phase Switch (0 events):
No events

VM Operations (20 events):
Event: 29.418 Executing VM operation: G1CollectForAllocation (G1 Evacuation Pause)
Event: 29.443 Executing VM operation: G1CollectForAllocation (G1 Evacuation Pause) done
Event: 30.158 Executing VM operation: ICBufferFull
Event: 30.158 Executing VM operation: ICBufferFull done
Event: 30.795 Executing VM operation: ICBufferFull
Event: 30.795 Executing VM operation: ICBufferFull done
Event: 30.807 Executing VM operation: HandshakeAllThreads (Deoptimize)
Event: 30.807 Executing VM operation: HandshakeAllThreads (Deoptimize) done
Event: 31.819 Executing VM operation: Cleanup
Event: 31.820 Executing VM operation: Cleanup done
Event: 32.824 Executing VM operation: Cleanup
Event: 32.824 Executing VM operation: Cleanup done
Event: 33.164 Executing VM operation: G1CollectForAllocation (G1 Evacuation Pause)
Event: 33.187 Executing VM operation: G1CollectForAllocation (G1 Evacuation Pause) done
Event: 34.189 Executing VM operation: Cleanup
Event: 34.205 Executing VM operation: Cleanup done
Event: 35.219 Executing VM operation: Cleanup
Event: 35.234 Executing VM operation: Cleanup done
Event: 36.241 Executing VM operation: Cleanup
Event: 36.274 Executing VM operation: Cleanup done

Events (20 events):
Event: 0.151 Thread 0x000001f4ab27f200 Thread added: 0x000001f4ab27f200
Event: 0.156 Thread 0x000001f4ab2ade80 Thread added: 0x000001f4ab2ade80
Event: 0.572 Thread 0x000001f4ab5a7950 Thread added: 0x000001f4ab5a7950
Event: 1.220 Thread 0x000001f4ab5a7950 Thread exited: 0x000001f4ab5a7950
Event: 1.919 Thread 0x000001f4aba32f10 Thread added: 0x000001f4aba32f10
Event: 3.225 Thread 0x000001f4aba32f10 Thread exited: 0x000001f4aba32f10
Event: 6.889 Thread 0x000001f4ab67a3b0 Thread added: 0x000001f4ab67a3b0
Event: 7.507 Thread 0x000001f4f16f07d0 Thread added: 0x000001f4f16f07d0
Event: 7.711 Thread 0x000001f4f16f07d0 Thread exited: 0x000001f4f16f07d0
Event: 8.322 Thread 0x000001f4f1603740 Thread added: 0x000001f4f1603740
Event: 8.906 Thread 0x000001f4f1603740 Thread exited: 0x000001f4f1603740
Event: 22.763 Thread 0x000001f4f1763440 Thread added: 0x000001f4f1763440
Event: 23.208 Thread 0x000001f4f1763440 Thread exited: 0x000001f4f1763440
Event: 25.049 Thread 0x000001f4f1c524a0 Thread added: 0x000001f4f1c524a0
Event: 25.725 Thread 0x000001f4f1c524a0 Thread exited: 0x000001f4f1c524a0
Event: 27.374 Thread 0x000001f4f2588030 Thread added: 0x000001f4f2588030
Event: 27.885 Thread 0x000001f4f2588030 Thread exited: 0x000001f4f2588030
Event: 29.488 Thread 0x000001f4f195b6c0 Thread added: 0x000001f4f195b6c0
Event: 30.461 Thread 0x000001f4f195b6c0 Thread exited: 0x000001f4f195b6c0
Event: 36.211 Thread 0x000001f4f177d880 Thread added: 0x000001f4f177d880


Dynamic libraries:
0x00007ff7352b0000 - 0x00007ff7352be000 	C:\Users\palak\Downloads\java-21-openjdk-21.0.1.0.12-3.win.jdk.x86_64\java-21-openjdk-21.0.1.0.12-3.win.jdk.x86_64\bin\java.exe
0x00007ff99cf00000 - 0x00007ff99d163000 	C:\WINDOWS\SYSTEM32\ntdll.dll
0x00007ff99b730000 - 0x00007ff99b7f7000 	C:\WINDOWS\System32\KERNEL32.DLL
0x00007ff99a5a0000 - 0x00007ff99a969000 	C:\WINDOWS\System32\KERNELBASE.dll
0x00007ff99a240000 - 0x00007ff99a38c000 	C:\WINDOWS\System32\ucrtbase.dll
0x00007ff9760d0000 - 0x00007ff9760e8000 	C:\Users\palak\Downloads\java-21-openjdk-21.0.1.0.12-3.win.jdk.x86_64\java-21-openjdk-21.0.1.0.12-3.win.jdk.x86_64\bin\jli.dll
0x00007ff99c180000 - 0x00007ff99c34a000 	C:\WINDOWS\System32\USER32.dll
0x00007ff99aa00000 - 0x00007ff99aa27000 	C:\WINDOWS\System32\win32u.dll
0x00007ff99b700000 - 0x00007ff99b72a000 	C:\WINDOWS\System32\GDI32.dll
0x00007ff99a100000 - 0x00007ff99a231000 	C:\WINDOWS\System32\gdi32full.dll
0x00007ff99a4f0000 - 0x00007ff99a593000 	C:\WINDOWS\System32\msvcp_win.dll
0x00007ff96be50000 - 0x00007ff96be6b000 	C:\Users\palak\Downloads\java-21-openjdk-21.0.1.0.12-3.win.jdk.x86_64\java-21-openjdk-21.0.1.0.12-3.win.jdk.x86_64\bin\VCRUNTIME140.dll
0x00007ff97bba0000 - 0x00007ff97be30000 	C:\WINDOWS\WinSxS\amd64_microsoft.windows.common-controls_6595b64144ccf1df_6.0.26100.3323_none_3e088096e3344490\COMCTL32.dll
0x00007ff99cb40000 - 0x00007ff99cbe9000 	C:\WINDOWS\System32\msvcrt.dll
0x00007ff99c670000 - 0x00007ff99c69f000 	C:\WINDOWS\System32\IMM32.DLL
0x00007ff98fc90000 - 0x00007ff98fc9c000 	C:\Users\palak\Downloads\java-21-openjdk-21.0.1.0.12-3.win.jdk.x86_64\java-21-openjdk-21.0.1.0.12-3.win.jdk.x86_64\bin\vcruntime140_1.dll
0x00007ff963900000 - 0x00007ff96398e000 	C:\Users\palak\Downloads\java-21-openjdk-21.0.1.0.12-3.win.jdk.x86_64\java-21-openjdk-21.0.1.0.12-3.win.jdk.x86_64\bin\msvcp140.dll
0x00007ff913ec0000 - 0x00007ff914c41000 	C:\Users\palak\Downloads\java-21-openjdk-21.0.1.0.12-3.win.jdk.x86_64\java-21-openjdk-21.0.1.0.12-3.win.jdk.x86_64\bin\server\jvm.dll
0x00007ff99ce00000 - 0x00007ff99ceb2000 	C:\WINDOWS\System32\ADVAPI32.dll
0x00007ff99c080000 - 0x00007ff99c126000 	C:\WINDOWS\System32\sechost.dll
0x00007ff99cce0000 - 0x00007ff99cdf6000 	C:\WINDOWS\System32\RPCRT4.dll
0x00007ff99ae90000 - 0x00007ff99af04000 	C:\WINDOWS\System32\WS2_32.dll
0x00007ff999f90000 - 0x00007ff999fde000 	C:\WINDOWS\SYSTEM32\POWRPROF.dll
0x00007ff993630000 - 0x00007ff993666000 	C:\WINDOWS\SYSTEM32\WINMM.dll
0x00007ff993ad0000 - 0x00007ff993adb000 	C:\WINDOWS\SYSTEM32\VERSION.dll
0x00007ff999f70000 - 0x00007ff999f84000 	C:\WINDOWS\SYSTEM32\UMPDC.dll
0x00007ff998f20000 - 0x00007ff998f3a000 	C:\WINDOWS\SYSTEM32\kernel.appcore.dll
0x00007ff97e130000 - 0x00007ff97e13a000 	C:\Users\palak\Downloads\java-21-openjdk-21.0.1.0.12-3.win.jdk.x86_64\java-21-openjdk-21.0.1.0.12-3.win.jdk.x86_64\bin\jimage.dll
0x00007ff98b0a0000 - 0x00007ff98b2e1000 	C:\WINDOWS\SYSTEM32\DBGHELP.DLL
0x00007ff99b0b0000 - 0x00007ff99b432000 	C:\WINDOWS\System32\combase.dll
0x00007ff99c350000 - 0x00007ff99c426000 	C:\WINDOWS\System32\OLEAUT32.dll
0x00007ff97afb0000 - 0x00007ff97afe9000 	C:\WINDOWS\SYSTEM32\dbgcore.DLL
0x00007ff99a390000 - 0x00007ff99a429000 	C:\WINDOWS\System32\bcryptPrimitives.dll
0x00007ff96be30000 - 0x00007ff96be4f000 	C:\Users\palak\Downloads\java-21-openjdk-21.0.1.0.12-3.win.jdk.x86_64\java-21-openjdk-21.0.1.0.12-3.win.jdk.x86_64\bin\java.dll
0x00007ff99b800000 - 0x00007ff99bf15000 	C:\WINDOWS\System32\SHELL32.dll
0x00007ff99abb0000 - 0x00007ff99ad18000 	C:\WINDOWS\System32\wintypes.dll
0x00007ff997de0000 - 0x00007ff998625000 	C:\WINDOWS\SYSTEM32\windows.storage.dll
0x00007ff99cbf0000 - 0x00007ff99ccdb000 	C:\WINDOWS\System32\SHCORE.dll
0x00007ff99c590000 - 0x00007ff99c5ed000 	C:\WINDOWS\System32\shlwapi.dll
0x00007ff99a010000 - 0x00007ff99a03f000 	C:\WINDOWS\SYSTEM32\profapi.dll
0x00007ff9496a0000 - 0x00007ff949777000 	C:\Users\palak\Downloads\java-21-openjdk-21.0.1.0.12-3.win.jdk.x86_64\java-21-openjdk-21.0.1.0.12-3.win.jdk.x86_64\bin\jsvml.dll
0x00007ff97dba0000 - 0x00007ff97dbb0000 	C:\Users\palak\Downloads\java-21-openjdk-21.0.1.0.12-3.win.jdk.x86_64\java-21-openjdk-21.0.1.0.12-3.win.jdk.x86_64\bin\net.dll
0x00007ff98fb60000 - 0x00007ff98fc7e000 	C:\WINDOWS\SYSTEM32\WINHTTP.dll
0x00007ff999440000 - 0x00007ff9994aa000 	C:\WINDOWS\system32\mswsock.dll
0x00007ff96a1a0000 - 0x00007ff96a1b6000 	C:\Users\palak\Downloads\java-21-openjdk-21.0.1.0.12-3.win.jdk.x86_64\java-21-openjdk-21.0.1.0.12-3.win.jdk.x86_64\bin\nio.dll
0x00007ff968190000 - 0x00007ff9681a8000 	C:\Users\palak\Downloads\java-21-openjdk-21.0.1.0.12-3.win.jdk.x86_64\java-21-openjdk-21.0.1.0.12-3.win.jdk.x86_64\bin\zip.dll
0x00007ff966e10000 - 0x00007ff966e34000 	C:\Users\palak\Downloads\apache-maven-3.9.8-bin\lib\jansi-native\Windows\x86_64\jansi.dll
0x00007ff97b9c0000 - 0x00007ff97b9d0000 	C:\Users\palak\Downloads\java-21-openjdk-21.0.1.0.12-3.win.jdk.x86_64\java-21-openjdk-21.0.1.0.12-3.win.jdk.x86_64\bin\verify.dll

dbghelp: loaded successfully - version: 4.0.5 - missing functions: none
symbol engine: initialized successfully - sym options: 0x614 - pdb path: .;C:\Users\palak\Downloads\java-21-openjdk-21.0.1.0.12-3.win.jdk.x86_64\java-21-openjdk-21.0.1.0.12-3.win.jdk.x86_64\bin;C:\WINDOWS\SYSTEM32;C:\WINDOWS\WinSxS\amd64_microsoft.windows.common-controls_6595b64144ccf1df_6.0.26100.3323_none_3e088096e3344490;C:\Users\palak\Downloads\java-21-openjdk-21.0.1.0.12-3.win.jdk.x86_64\java-21-openjdk-21.0.1.0.12-3.win.jdk.x86_64\bin\server;C:\Users\palak\Downloads\apache-maven-3.9.8-bin\lib\jansi-native\Windows\x86_64

VM Arguments:
jvm_args: -Dclassworlds.conf=C:\Users\palak\Downloads\apache-maven-3.9.8-bin\bin\m2.conf -Dmaven.home=C:\Users\palak\Downloads\apache-maven-3.9.8-bin -Dlibrary.jansi.path=C:\Users\palak\Downloads\apache-maven-3.9.8-bin\lib\jansi-native -Dmaven.multiModuleProjectDirectory=C:\Users\palak\Downloads\demo 
java_command: org.codehaus.plexus.classworlds.launcher.Launcher clean install
java_class_path (initial): C:\Users\palak\Downloads\apache-maven-3.9.8-bin\boot\plexus-classworlds-2.8.0.jar
Launcher Type: SUN_STANDARD

[Global flags]
     intx CICompilerCount                          = 3                                         {product} {ergonomic}
     uint ConcGCThreads                            = 1                                         {product} {ergonomic}
     uint G1ConcRefinementThreads                  = 4                                         {product} {ergonomic}
   size_t G1HeapRegionSize                         = 1048576                                   {product} {ergonomic}
    uintx GCDrainStackTargetSize                   = 64                                        {product} {ergonomic}
   size_t InitialHeapSize                          = 100663296                                 {product} {ergonomic}
   size_t MarkStackSize                            = 4194304                                   {product} {ergonomic}
   size_t MaxHeapSize                              = 1595932672                                {product} {ergonomic}
   size_t MaxNewSize                               = 957349888                                 {product} {ergonomic}
   size_t MinHeapDeltaBytes                        = 1048576                                   {product} {ergonomic}
   size_t MinHeapSize                              = 8388608                                   {product} {ergonomic}
    uintx NonNMethodCodeHeapSize                   = 5832780                                {pd product} {ergonomic}
    uintx NonProfiledCodeHeapSize                  = 122912730                              {pd product} {ergonomic}
    uintx ProfiledCodeHeapSize                     = 122912730                              {pd product} {ergonomic}
    uintx ReservedCodeCacheSize                    = 251658240                              {pd product} {ergonomic}
     bool SegmentedCodeCache                       = true                                      {product} {ergonomic}
   size_t SoftMaxHeapSize                          = 1595932672                             {manageable} {ergonomic}
     bool UseCompressedOops                        = true                           {product lp64_product} {ergonomic}
     bool UseG1GC                                  = true                                      {product} {ergonomic}
     bool UseLargePagesIndividualAllocation        = false                                  {pd product} {ergonomic}

Logging:
Log output configuration:
 #0: stdout all=warning uptime,level,tags foldmultilines=false
 #1: stderr all=off uptime,level,tags foldmultilines=false

Environment Variables:
JAVA_HOME=C:\Users\palak\Downloads\java-21-openjdk-21.0.1.0.12-3.win.jdk.x86_64\java-21-openjdk-21.0.1.0.12-3.win.jdk.x86_64
PATH=C:\Program Files (x86)\Common Files\Oracle\Java\java8path;C:\Program Files (x86)\Common Files\Oracle\Java\javapath;C:\WINDOWS\system32;C:\WINDOWS;C:\WINDOWS\System32\Wbem;C:\WINDOWS\System32\WindowsPowerShell\v1.0\;C:\WINDOWS\System32\OpenSSH\;C:\Users\palak\Downloads\java-21-openjdk-21.0.1.0.12-3.win.jdk.x86_64\java-21-openjdk-21.0.1.0.12-3.win.jdk.x86_64\bin;C:\Users\palak\Downloads\apache-maven-3.9.8-bin\bin;c:\users\palak\appdata\local\packages\pythonsoftwarefoundation.python.3.11_qbz5n2kfra8p0\localcache\local-packages\python311\site-packages;C:\ProgramData\chocolatey\bin;C:\Program Files\nodejs\;C:\Users\palak\AppData\Local\Programs\Python\Python312\Scripts;C:\Program Files\Git\cmd;C:\Users\palak\Downloads\flutter_windows_3.27.3-stable\flutter\bin;C:\Users\palak\AppData\Local\Android\Sdk\cmdline-tools\latest\bin;C:\Users\palak\AppData\Local\Android\Sdk\platform-tools;C:\ffmpeg;C:\Program Files\MongoDB\Server\8.0\bin;C:\Users\palak\AppData\Local\Programs\Python\Python313\Scripts\;C:\Users\palak\AppData\Local\Programs\Python\Python313\;C:\Users\palak\AppData\Local\Programs\Python\Python312\Scripts\;C:\Users\palak\AppData\Local\Programs\Python\Python312\;C:\Users\palak\AppData\Local\Programs\Python\Launcher\;C:\Program Files\MySQL\MySQL Shell 8.0\bin\;C:\Users\palak\AppData\Local\Microsoft\WindowsApps;C:\Users\palak\AppData\Local\Programs\Microsoft VS Code\bin;C:\Program Files\JetBrains\IntelliJ IDEA Community Edition 2023.3.3\bin;C:\Users\palak\AppData\Local\JetBrains\CLion 2023.3.4\bin;C:\Program Files\JetBrains\PyCharm 2024.1.2\bin;C:\Program Files\JetBrains\PyCharm Community Edition 2024.1.4\bin;C:\Users\palak\AppData\Local\JetBrains\Toolbox\scripts;C:\Users\palak\AppData\Roaming\npm;C:\Users\palak\AppData\Local\GitHubDesktop\bin;C:\Users\palak\AppData\Local\Microsoft\WindowsApps;
USERNAME=palak
LANG=en_US.UTF-8
OS=Windows_NT
PROCESSOR_IDENTIFIER=AMD64 Family 23 Model 24 Stepping 1, AuthenticAMD
TMP=C:\Users\palak\AppData\Local\Temp
TEMP=C:\Users\palak\AppData\Local\Temp




Periodic native trim disabled

---------------  S Y S T E M  ---------------

OS:
 Windows 11 , 64 bit Build 26100 (10.0.26100.3323)
OS uptime: 0 days 1:47 hours

CPU: total 4 (initial active 4) (4 cores per cpu, 2 threads per core) family 23 model 24 stepping 1 microcode 0x8108109, cx8, cmov, fxsr, ht, mmx, 3dnowpref, sse, sse2, sse3, ssse3, sse4a, sse4.1, sse4.2, popcnt, lzcnt, tsc, tscinvbit, avx, avx2, aes, clmul, bmi1, bmi2, adx, sha, fma, vzeroupper, clflush, clflushopt, rdtscp, f16c
Processor Information for all 4 processors :
  Max Mhz: 2600, Current Mhz: 2600, Mhz Limit: 2600

Memory: 4k page, system-wide physical 6086M (511M free)
TotalPageFile size 14278M (AvailPageFile size 6M)
current process WorkingSet (physical memory assigned to process): 230M, peak: 234M
current process commit charge ("private bytes"): 259M, peak: 262M

vm_info: OpenJDK 64-Bit Server VM (21.0.1+12-LTS) for windows-amd64 JRE (21.0.1+12-LTS), built on 2023-10-17T00:00:00Z by "admin" with unknown MS VC++:1937

END.
