#
# There is insufficient memory for the Java Runtime Environment to continue.
# Native memory allocation (mmap) failed to map 65536 bytes for Failed to commit metaspace.
# Possible reasons:
#   The system is out of physical RAM or swap space
#   The process is running with CompressedOops enabled, and the Java Heap may be blocking the growth of the native heap
# Possible solutions:
#   Reduce memory load on the system
#   Increase physical memory or swap space
#   Check if swap backing store is full
#   Decrease Java heap size (-Xmx/-Xms)
#   Decrease number of Java threads
#   Decrease Java thread stack sizes (-Xss)
#   Set larger code cache with -XX:ReservedCodeCacheSize=
#   JVM is running with Unscaled Compressed Oops mode in which the Java heap is
#     placed in the first 4GB address space. The Java Heap base address is the
#     maximum limit for the native heap growth. Please use -XX:HeapBaseMinAddress
#     to set the Java Heap base and to place the Java Heap above 4GB virtual address.
# This output file may be truncated or incomplete.
#
#  Out of Memory Error (virtualSpaceNode.cpp:112), pid=18712, tid=11332
#
# JRE version: OpenJDK Runtime Environment (Red_Hat-21.0.1.0+12-3) (21.0.1+12) (build 21.0.1+12-LTS)
# Java VM: OpenJDK 64-Bit Server VM (Red_Hat-21.0.1.0+12-3) (21.0.1+12-LTS, mixed mode, emulated-client, sharing, tiered, compressed oops, compressed class ptrs, g1 gc, windows-amd64)
# No core dump will be written. Minidumps are not enabled by default on client versions of Windows
#

---------------  S U M M A R Y ------------

Command Line: -XX:TieredStopAtLevel=1 com.example.DemoApplication

Host: AMD Ryzen 3 3250U with Radeon Graphics         , 4 cores, 5G,  Windows 11 , 64 bit Build 26100 (10.0.26100.3323)
Time: Tue Apr  1 18:31:31 2025 India Standard Time elapsed time: 4.274174 seconds (0d 0h 0m 4s)

---------------  T H R E A D  ---------------

Current thread (0x00000258f292f890):  JavaThread "main"             [_thread_in_vm, id=11332, stack(0x000000598a100000,0x000000598a200000) (1024K)]

Stack: [0x000000598a100000,0x000000598a200000]
Native frames: (J=compiled Java code, j=interpreted, Vv=VM code, C=native code)
V  [jvm.dll+0x6c7789]
V  [jvm.dll+0x8a2011]
V  [jvm.dll+0x8a44ae]
V  [jvm.dll+0x8a4b83]
V  [jvm.dll+0x27f936]
V  [jvm.dll+0x89dd8e]
V  [jvm.dll+0x66a6f5]
V  [jvm.dll+0x1e551c]
V  [jvm.dll+0x1e52ee]
V  [jvm.dll+0x66cfc2]
V  [jvm.dll+0x66cde2]
V  [jvm.dll+0x66b0ce]
V  [jvm.dll+0x26982f]
V  [jvm.dll+0x675305]
V  [jvm.dll+0x21636d]
V  [jvm.dll+0x2168ea]
V  [jvm.dll+0x217315]
V  [jvm.dll+0x20c8be]
V  [jvm.dll+0x5a9d5c]
V  [jvm.dll+0x81a716]
V  [jvm.dll+0x46ddf0]
V  [jvm.dll+0x473c98]
C  [java.dll+0x17ec]

Java frames: (J=compiled Java code, j=interpreted, Vv=VM code)
J 804  java.lang.ClassLoader.defineClass1(Ljava/lang/ClassLoader;Ljava/lang/String;[BIILjava/security/ProtectionDomain;Ljava/lang/String;)Ljava/lang/Class; java.base@21.0.1 (0 bytes) @ 0x00000258fb438991 [0x00000258fb4388c0+0x00000000000000d1]
J 950 c1 java.lang.ClassLoader.defineClass(Ljava/lang/String;[BIILjava/security/ProtectionDomain;)Ljava/lang/Class; java.base@21.0.1 (43 bytes) @ 0x00000258fb46f97c [0x00000258fb46f860+0x000000000000011c]
J 805 c1 jdk.internal.loader.BuiltinClassLoader.defineClass(Ljava/lang/String;Ljdk/internal/loader/Resource;)Ljava/lang/Class; java.base@21.0.1 (121 bytes) @ 0x00000258fb43aea4 [0x00000258fb43a940+0x0000000000000564]
J 801 c1 jdk.internal.loader.BuiltinClassLoader.findClassOnClassPathOrNull(Ljava/lang/String;)Ljava/lang/Class; java.base@21.0.1 (64 bytes) @ 0x00000258fb4392c4 [0x00000258fb438fe0+0x00000000000002e4]
J 415 c1 jdk.internal.loader.BuiltinClassLoader.loadClassOrNull(Ljava/lang/String;Z)Ljava/lang/Class; java.base@21.0.1 (143 bytes) @ 0x00000258fb39650c [0x00000258fb396100+0x000000000000040c]
J 655 c1 jdk.internal.loader.ClassLoaders$AppClassLoader.loadClass(Ljava/lang/String;Z)Ljava/lang/Class; java.base@21.0.1 (40 bytes) @ 0x00000258fb3f650c [0x00000258fb3f64c0+0x000000000000004c]
J 654 c1 java.lang.ClassLoader.loadClass(Ljava/lang/String;)Ljava/lang/Class; java.base@21.0.1 (7 bytes) @ 0x00000258fb3f5d94 [0x00000258fb3f5d40+0x0000000000000054]
v  ~StubRoutines::call_stub 0x00000258fb0c100d
j  java.lang.Class.getDeclaredConstructors0(Z)[Ljava/lang/reflect/Constructor;+0 java.base@21.0.1
j  java.lang.Class.privateGetDeclaredConstructors(Z)[Ljava/lang/reflect/Constructor;+52 java.base@21.0.1
j  java.lang.Class.getConstructors()[Ljava/lang/reflect/Constructor;+20 java.base@21.0.1
j  org.springframework.core.io.support.SpringFactoriesLoader$FactoryInstantiator.findConstructor(Ljava/lang/Class;)Ljava/lang/reflect/Constructor;+14
j  org.springframework.core.io.support.SpringFactoriesLoader$FactoryInstantiator.forClass(Ljava/lang/Class;)Lorg/springframework/core/io/support/SpringFactoriesLoader$FactoryInstantiator;+1
j  org.springframework.core.io.support.SpringFactoriesLoader.instantiateFactory(Ljava/lang/String;Ljava/lang/Class;Lorg/springframework/core/io/support/SpringFactoriesLoader$ArgumentResolver;Lorg/springframework/core/io/support/SpringFactoriesLoader$FailureHandler;)Ljava/lang/Object;+28
j  org.springframework.core.io.support.SpringFactoriesLoader.load(Ljava/lang/Class;Lorg/springframework/core/io/support/SpringFactoriesLoader$ArgumentResolver;Lorg/springframework/core/io/support/SpringFactoriesLoader$FailureHandler;)Ljava/util/List;+99
j  org.springframework.boot.diagnostics.FailureAnalyzers.loadFailureAnalyzers(Lorg/springframework/context/ConfigurableApplicationContext;Lorg/springframework/core/io/support/SpringFactoriesLoader;)Ljava/util/List;+13
j  org.springframework.boot.diagnostics.FailureAnalyzers.<init>(Lorg/springframework/context/ConfigurableApplicationContext;Lorg/springframework/core/io/support/SpringFactoriesLoader;)V+15
j  org.springframework.boot.diagnostics.FailureAnalyzers.<init>(Lorg/springframework/context/ConfigurableApplicationContext;)V+19
j  java.lang.invoke.DirectMethodHandle$Holder.newInvokeSpecial(Ljava/lang/Object;Ljava/lang/Object;)Ljava/lang/Object;+16 java.base@21.0.1
j  java.lang.invoke.LambdaForm$MH+0x0000025885034400.invoke(Ljava/lang/Object;Ljava/lang/Object;)Ljava/lang/Object;+31 java.base@21.0.1
j  java.lang.invoke.Invokers$Holder.invokeExact_MT(Ljava/lang/Object;Ljava/lang/Object;Ljava/lang/Object;)Ljava/lang/Object;+19 java.base@21.0.1
j  jdk.internal.reflect.DirectConstructorHandleAccessor.invokeImpl([Ljava/lang/Object;)Ljava/lang/Object;+53 java.base@21.0.1
j  jdk.internal.reflect.DirectConstructorHandleAccessor.newInstance([Ljava/lang/Object;)Ljava/lang/Object;+60 java.base@21.0.1
j  java.lang.reflect.Constructor.newInstanceWithCaller([Ljava/lang/Object;ZLjava/lang/Class;)Ljava/lang/Object;+41 java.base@21.0.1
j  java.lang.reflect.Constructor.newInstance([Ljava/lang/Object;)Ljava/lang/Object;+30 java.base@21.0.1
j  org.springframework.core.io.support.SpringFactoriesLoader$FactoryInstantiator.instantiate(Lorg/springframework/core/io/support/SpringFactoriesLoader$ArgumentResolver;)Ljava/lang/Object;+33
j  org.springframework.core.io.support.SpringFactoriesLoader.instantiateFactory(Ljava/lang/String;Ljava/lang/Class;Lorg/springframework/core/io/support/SpringFactoriesLoader$ArgumentResolver;Lorg/springframework/core/io/support/SpringFactoriesLoader$FailureHandler;)Ljava/lang/Object;+36
j  org.springframework.core.io.support.SpringFactoriesLoader.load(Ljava/lang/Class;Lorg/springframework/core/io/support/SpringFactoriesLoader$ArgumentResolver;Lorg/springframework/core/io/support/SpringFactoriesLoader$FailureHandler;)Ljava/util/List;+99
j  org.springframework.core.io.support.SpringFactoriesLoader.load(Ljava/lang/Class;Lorg/springframework/core/io/support/SpringFactoriesLoader$ArgumentResolver;)Ljava/util/List;+4
j  org.springframework.boot.SpringApplication.getSpringFactoriesInstances(Ljava/lang/Class;Lorg/springframework/core/io/support/SpringFactoriesLoader$ArgumentResolver;)Ljava/util/List;+9
j  org.springframework.boot.SpringApplication.getExceptionReporters(Lorg/springframework/context/ConfigurableApplicationContext;)Ljava/util/Collection;+12
j  org.springframework.boot.SpringApplication.handleRunFailure(Lorg/springframework/context/ConfigurableApplicationContext;Ljava/lang/Throwable;Lorg/springframework/boot/SpringApplicationRunListeners;)Ljava/lang/RuntimeException;+35
j  org.springframework.boot.SpringApplication.run([Ljava/lang/String;)Lorg/springframework/context/ConfigurableApplicationContext;+191
j  org.springframework.boot.SpringApplication.run([Ljava/lang/Class;[Ljava/lang/String;)Lorg/springframework/context/ConfigurableApplicationContext;+9
j  org.springframework.boot.SpringApplication.run(Ljava/lang/Class;[Ljava/lang/String;)Lorg/springframework/context/ConfigurableApplicationContext;+9
j  com.example.DemoApplication.main([Ljava/lang/String;)V+3
v  ~StubRoutines::call_stub 0x00000258fb0c100d

Compiled method (n/a)    4343  804     n 0       java.lang.ClassLoader::defineClass1 (native)
 total in heap  [0x00000258fb438710,0x00000258fb438d70] = 1632
 relocation     [0x00000258fb438870,0x00000258fb4388a8] = 56
 main code      [0x00000258fb4388c0,0x00000258fb438d6f] = 1199
 stub code      [0x00000258fb438d6f,0x00000258fb438d70] = 1

[Constant Pool (empty)]

[MachCode]
[Entry Point]
  # {method} {0x000002588443a460} 'defineClass1' '(Ljava/lang/ClassLoader;Ljava/lang/String;[BIILjava/security/ProtectionDomain;Ljava/lang/String;)Ljava/lang/Class;' in 'java/lang/ClassLoader'
  # parm0:    rdx:rdx   = 'java/lang/ClassLoader'
  # parm1:    r8:r8     = 'java/lang/String'
  # parm2:    r9:r9     = '[B'
  # parm3:    rdi       = int
  # parm4:    rsi       = int
  # parm5:    rcx:rcx   = 'java/security/ProtectionDomain'
  # parm6:    [sp+0xa0]   = 'java/lang/String'  (sp of caller)
  0x00000258fb4388c0: 448b 5208 | 49bb 0000 | 0084 5802 | 0000 4d03 | d349 3bc2 | 0f84 0600 

  0x00000258fb4388d8: ;   {runtime_call ic_miss_stub}
  0x00000258fb4388d8: 0000 e9a1 | 5ecd ff90 
[Verified Entry Point]
  0x00000258fb4388e0: 8984 2400 | 80ff ff55 | 488b ec48 | 81ec 9000 | 0000 6690 | 4181 7f20 | 0100 0000 

  0x00000258fb4388fc: ;   {runtime_call StubRoutines (final stubs)}
  0x00000258fb4388fc: 7405 e85d | c4cb ff48 | 837d 1000 | 488d 4510 | 480f 4445 | 1048 8944 | 2440 4889 | 4c24 7048 
  0x00000258fb43891c: 83f9 0048 | 8d44 2470 | 480f 4444 | 2470 4889 | 4424 3848 | 8974 2430 | 4889 7c24 | 284c 894c 
  0x00000258fb43893c: 2458 4983 | f900 488d | 4424 5848 | 0f44 4424 | 5848 8944 | 2420 4c89 | 4424 5049 | 83f8 004c 
  0x00000258fb43895c: 8d4c 2450 | 4c0f 444c | 2450 4889 | 5424 4848 | 83fa 004c | 8d44 2448 | 4c0f 4444 

  0x00000258fb438978: ;   {oop(a 'java/lang/Class'{0x00000000a6057540} = 'java/lang/ClassLoader')}
  0x00000258fb438978: 2448 49be | 4075 05a6 | 0000 0000 | 4c89 7424 | 784c 8d74 | 2478 498b | d6c5 f877 

  0x00000258fb438994: ;   {internal_word}
  0x00000258fb438994: 49ba 9189 | 43fb 5802 | 0000 4d89 | 97a0 0300 | 0049 89a7 | 9803 0000 

  0x00000258fb4389ac: ;   {external_word}
  0x00000258fb4389ac: 49ba ae9a | 4414 f97f | 0000 4180 | 3a00 0f84 | 4e00 0000 | 5241 5041 

  0x00000258fb4389c4: ;   {metadata({method} {0x000002588443a460} 'defineClass1' '(Ljava/lang/ClassLoader;Ljava/lang/String;[BIILjava/security/ProtectionDomain;Ljava/lang/String;)Ljava/lang/Class;' in 'java/lang/ClassLoader')}
  0x00000258fb4389c4: 5148 ba58 | a443 8458 | 0200 0049 | 8bcf 4883 | ec20 40f6 | c40f 0f84 | 1900 0000 | 4883 ec08 
  0x00000258fb4389e4: ;   {runtime_call}
  0x00000258fb4389e4: 48b8 a0d6 | ee13 f97f | 0000 ffd0 | 4883 c408 | e90c 0000 

  0x00000258fb4389f8: ;   {runtime_call}
  0x00000258fb4389f8: 0048 b8a0 | d6ee 13f9 | 7f00 00ff | d048 83c4 | 2041 5941 | 585a 498d | 8fb8 0300 | 0041 c787 
  0x00000258fb438a18: 4c04 0000 | 0400 0000 

  0x00000258fb438a20: ;   {runtime_call}
  0x00000258fb438a20: 48b8 ac16 | 711a f97f | 0000 ffd0 | c5f8 7741 | c787 4c04 | 0000 0500 | 0000 f083 | 4424 c000 
  0x00000258fb438a40: 493b af50 | 0400 000f | 870e 0000 | 0041 83bf | 4804 0000 | 000f 842b | 0000 00c5 | f877 4889 
  0x00000258fb438a60: 45f8 498b | cf4c 8be4 | 4883 ec20 | 4883 e4f0 

  0x00000258fb438a70: ;   {runtime_call}
  0x00000258fb438a70: 48b8 2099 | ba13 f97f | 0000 ffd0 | 498b e44d | 33e4 488b | 45f8 41c7 | 874c 0400 | 0008 0000 
  0x00000258fb438a90: 0041 83bf | c804 0000 | 020f 84a3 

  0x00000258fb438a9c: ;   {external_word}
  0x00000258fb438a9c: 0200 0049 | baae 9a44 | 14f9 7f00 | 0041 803a | 000f 844c | 0000 0048 

  0x00000258fb438ab4: ;   {metadata({method} {0x000002588443a460} 'defineClass1' '(Ljava/lang/ClassLoader;Ljava/lang/String;[BIILjava/security/ProtectionDomain;Ljava/lang/String;)Ljava/lang/Class;' in 'java/lang/ClassLoader')}
  0x00000258fb438ab4: 8945 f848 | ba58 a443 | 8458 0200 | 0049 8bcf | 4883 ec20 | 40f6 c40f | 0f84 1900 | 0000 4883 
  0x00000258fb438ad4: ;   {runtime_call}
  0x00000258fb438ad4: ec08 48b8 | a0d6 ee13 | f97f 0000 | ffd0 4883 | c408 e90c 

  0x00000258fb438ae8: ;   {runtime_call}
  0x00000258fb438ae8: 0000 0048 | b8a0 d6ee | 13f9 7f00 | 00ff d048 | 83c4 2048 | 8b45 f849 | c787 9803 | 0000 0000 
  0x00000258fb438b08: 0000 49c7 | 87a0 0300 | 0000 0000 | 00c5 f877 | 4885 c00f | 84fe 0100 | 00a8 030f | 8508 0000 
  0x00000258fb438b28: 0048 8b00 | e9ee 0100 | 00a8 010f | 8509 0000 | 0048 8b40 | fee9 dd01 | 0000 488b | 40ff 4180 
  0x00000258fb438b48: 7f40 000f | 84ce 0100 | 0048 83f8 | 000f 84c4 | 0100 0049 | 8b4f 2848 | 83f9 000f | 8414 0000 
  0x00000258fb438b68: 0048 83e9 | 0849 894f | 2849 034f | 3848 8901 | e9a2 0100 | 0048 81ec | d000 0000 | 4889 0424 
  0x00000258fb438b88: 4889 4c24 | 0848 8954 | 2410 4889 | 7424 1848 | 897c 2420 | 4c89 4424 | 284c 894c | 2430 4c89 
  0x00000258fb438ba8: 5424 384c | 895c 2440 | c5fb 1144 | 2450 c5fb | 114c 2458 | c5fb 1154 | 2460 c5fb | 115c 2468 
  0x00000258fb438bc8: c5fb 1164 | 2470 c5fb | 116c 2478 | c5fb 11b4 | 2480 0000 | 00c5 fb11 | bc24 8800 | 0000 c57b 
  0x00000258fb438be8: ;   {no_reloc}
  0x00000258fb438be8: 1184 2490 | 0000 00c5 | 7b11 8c24 | 9800 0000 | c57b 1194 | 24a0 0000 | 00c5 7b11 | 9c24 a800 
  0x00000258fb438c08: 0000 c57b | 11a4 24b0 | 0000 00c5 | 7b11 ac24 | b800 0000 | c57b 11b4 | 24c0 0000 | 00c5 7b11 
  0x00000258fb438c28: bc24 c800 | 0000 498b | d748 8bc8 | 4883 ec20 | 40f6 c40f | 0f84 1900 | 0000 4883 

  0x00000258fb438c44: ;   {runtime_call}
  0x00000258fb438c44: ec08 48b8 | e008 ae13 | f97f 0000 | ffd0 4883 | c408 e90c 

  0x00000258fb438c58: ;   {runtime_call}
  0x00000258fb438c58: 0000 0048 | b8e0 08ae | 13f9 7f00 | 00ff d048 | 83c4 20c5 | 7b10 bc24 | c800 0000 | c57b 10b4 
  0x00000258fb438c78: 24c0 0000 | 00c5 7b10 | ac24 b800 | 0000 c57b | 10a4 24b0 | 0000 00c5 | 7b10 9c24 | a800 0000 
  0x00000258fb438c98: c57b 1094 | 24a0 0000 | 00c5 7b10 | 8c24 9800 | 0000 c57b | 1084 2490 | 0000 00c5 | fb10 bc24 
  0x00000258fb438cb8: 8800 0000 | c5fb 10b4 | 2480 0000 | 00c5 fb10 | 6c24 78c5 | fb10 6424 | 70c5 fb10 | 5c24 68c5 
  0x00000258fb438cd8: fb10 5424 | 60c5 fb10 | 4c24 58c5 | fb10 4424 | 504c 8b5c | 2440 4c8b | 5424 384c | 8b4c 2430 
  0x00000258fb438cf8: 4c8b 4424 | 2848 8b7c | 2420 488b | 7424 1848 | 8b54 2410 | 488b 4c24 | 0848 8b04 | 2448 81c4 
  0x00000258fb438d18: d000 0000 | c5f8 7749 | 8b8f 2804 | 0000 c781 | 0001 0000 | 0000 0000 | c949 837f | 0800 0f85 
  0x00000258fb438d38: 0100 0000 

  0x00000258fb438d3c: ;   {runtime_call StubRoutines (initial stubs)}
  0x00000258fb438d3c: c3e9 be81 | c8ff c5f8 | 7748 8945 | f84c 8be4 | 4883 ec20 | 4883 e4f0 

  0x00000258fb438d54: ;   {runtime_call}
  0x00000258fb438d54: 48b8 800e | ef13 f97f | 0000 ffd0 | 498b e44d | 33e4 488b | 45f8 e930 | fdff fff4 
[/MachCode]


Compiled method (c1)    4381  950       1       java.lang.ClassLoader::defineClass (43 bytes)
 total in heap  [0x00000258fb46f690,0x00000258fb46fc50] = 1472
 relocation     [0x00000258fb46f7f0,0x00000258fb46f860] = 112
 main code      [0x00000258fb46f860,0x00000258fb46fa20] = 448
 stub code      [0x00000258fb46fa20,0x00000258fb46fa98] = 120
 metadata       [0x00000258fb46fa98,0x00000258fb46fac8] = 48
 scopes data    [0x00000258fb46fac8,0x00000258fb46fb80] = 184
 scopes pcs     [0x00000258fb46fb80,0x00000258fb46fc20] = 160
 dependencies   [0x00000258fb46fc20,0x00000258fb46fc28] = 8
 nul chk table  [0x00000258fb46fc28,0x00000258fb46fc50] = 40

[Constant Pool (empty)]

[MachCode]
[Entry Point]
  # {method} {0x000002588443a7e0} 'defineClass' '(Ljava/lang/String;[BIILjava/security/ProtectionDomain;)Ljava/lang/Class;' in 'java/lang/ClassLoader'
  # this:     rdx:rdx   = 'java/lang/ClassLoader'
  # parm0:    r8:r8     = 'java/lang/String'
  # parm1:    r9:r9     = '[B'
  # parm2:    rdi       = int
  # parm3:    rsi       = int
  # parm4:    rcx:rcx   = 'java/security/ProtectionDomain'
  #           [sp+0xc0]  (sp of caller)
  0x00000258fb46f860: 448b 5208 | 49bb 0000 | 0084 5802 | 0000 4d03 | d34c 3bd0 

  0x00000258fb46f874: ;   {runtime_call ic_miss_stub}
  0x00000258fb46f874: 0f85 06ef | c9ff 660f | 1f44 0000 
[Verified Entry Point]
  0x00000258fb46f880: 8984 2400 | 80ff ff55 | 4881 ecb0 | 0000 0090 | 4181 7f20 | 0100 0000 

  0x00000258fb46f898: ;   {runtime_call StubRoutines (final stubs)}
  0x00000258fb46f898: 7405 e8c1 | 54c8 ff48 | 8954 2478 | 89b4 2494 | 0000 0089 | bc24 9000 | 0000 4c89 | 8c24 8800 
  0x00000258fb46f8b8: 0000 498b | d84c 8bc3 | 4c8b c948 | 8bca 488b | d148 899c | 2480 0000 | 0066 0f1f 

  0x00000258fb46f8d4: ;   {optimized virtual_call}
  0x00000258fb46f8d4: 4400 00e8 

  0x00000258fb46f8d8: ; ImmutableOopMap {[120]=Oop [128]=Oop [136]=Oop }
                      ;*invokevirtual preDefineClass {reexecute=0 rethrow=0 return_oop=0}
                      ; - java.lang.ClassLoader::defineClass@4 (line 1025)
  0x00000258fb46f8d8: e411 0000 

  0x00000258fb46f8dc: ;   {other}
  0x00000258fb46f8dc: 0f1f 8400 | 4c02 0000 | 4889 8424 | 9800 0000 

  0x00000258fb46f8ec: ; implicit exception: dispatches to 0x00000258fb46f9ca
  0x00000258fb46f8ec: 448b 4010 | 4983 f800 | 0f85 0f00 

  0x00000258fb46f8f8: ;   {oop(nullptr)}
  0x00000258fb46f8f8: 0000 48bb | 0000 0000 | 0000 0000 | e93e 0000 | 0045 8b40 | 0c49 83f8 | 000f 850f 

  0x00000258fb46f914: ;   {oop(nullptr)}
  0x00000258fb46f914: 0000 0048 | bb00 0000 | 0000 0000 | 00e9 2100 | 0000 418b | 5038 483b 

  0x00000258fb46f92c: ;   {optimized virtual_call}
  0x00000258fb46f92c: 0266 90e8 

  0x00000258fb46f930: ; ImmutableOopMap {[120]=Oop [128]=Oop [136]=Oop [152]=Oop }
                      ;*invokevirtual toExternalForm {reexecute=0 rethrow=0 return_oop=0}
                      ; - java.net.URL::toExternalForm@5 (line 1203)
                      ; - java.net.URL::toString@1 (line 1189)
                      ; - java.lang.ClassLoader::defineClassSourceLocation@22 (line 927)
                      ; - java.lang.ClassLoader::defineClass@12 (line 1026)
  0x00000258fb46f930: ccb0 faff 

  0x00000258fb46f934: ;   {other}
  0x00000258fb46f934: 0f1f 8400 | a402 0001 | 488b d848 | 8b84 2498 | 0000 008b | b424 9400 | 0000 8bbc | 2490 0000 
  0x00000258fb46f954: 004c 8b8c | 2488 0000 | 004c 8b84 | 2480 0000 | 0048 8b54 | 2478 4c8b | da49 8bd3 | 488b c848 
  0x00000258fb46f974: ;   {static_call}
  0x00000258fb46f974: 891c 24e8 

  0x00000258fb46f978: ; ImmutableOopMap {[120]=Oop [152]=Oop }
                      ;*invokestatic defineClass1 {reexecute=0 rethrow=0 return_oop=0}
                      ; - java.lang.ClassLoader::defineClass@27 (line 1027)
  0x00000258fb46f978: 648f fcff 

  0x00000258fb46f97c: ;   {other}
  0x00000258fb46f97c: 0f1f 8400 | ec02 0002 | 4c8b c04c | 8b8c 2498 | 0000 0048 | 8b54 2478 | 4889 8424 | a000 0000 
  0x00000258fb46f99c: ;   {optimized virtual_call}
  0x00000258fb46f99c: 6666 90e8 

  0x00000258fb46f9a0: ; ImmutableOopMap {[160]=Oop }
                      ;*invokevirtual postDefineClass {reexecute=0 rethrow=0 return_oop=0}
                      ; - java.lang.ClassLoader::defineClass@37 (line 1028)
  0x00000258fb46f9a0: dc0d fdff 

  0x00000258fb46f9a4: ;   {other}
  0x00000258fb46f9a4: 0f1f 8400 | 1403 0003 | 488b 8424 | a000 0000 | 4881 c4b0 | 0000 005d 

  0x00000258fb46f9bc: ;   {poll_return}
  0x00000258fb46f9bc: 493b a750 | 0400 000f | 8715 0000 

  0x00000258fb46f9c8: ;   {runtime_call throw_null_pointer_exception Runtime1 stub}
  0x00000258fb46f9c8: 00c3 e8b1 

  0x00000258fb46f9cc: ; ImmutableOopMap {rax=Oop [120]=Oop [128]=Oop [136]=Oop [152]=Oop }
                      ;*invokevirtual getCodeSource {reexecute=0 rethrow=0 return_oop=0}
                      ; - java.lang.ClassLoader::defineClassSourceLocation@1 (line 924)
                      ; - java.lang.ClassLoader::defineClass@12 (line 1026)
                      ;   {runtime_call throw_null_pointer_exception Runtime1 stub}
  0x00000258fb46f9cc: 6fd5 ffe8 

  0x00000258fb46f9d0: ; ImmutableOopMap {rax=Oop [120]=Oop [128]=Oop [136]=Oop [152]=Oop }
                      ;*invokevirtual getLocation {reexecute=0 rethrow=0 return_oop=0}
                      ; - java.lang.ClassLoader::defineClassSourceLocation@12 (line 926)
                      ; - java.lang.ClassLoader::defineClass@12 (line 1026)
  0x00000258fb46f9d0: ac6f d5ff 

  0x00000258fb46f9d4: ;   {runtime_call throw_null_pointer_exception Runtime1 stub}
  0x00000258fb46f9d4: e8a7 6fd5 

  0x00000258fb46f9d8: ; ImmutableOopMap {r8=Oop [120]=Oop [128]=Oop [136]=Oop [152]=Oop }
                      ;*invokevirtual toString {reexecute=0 rethrow=0 return_oop=0}
                      ; - java.lang.ClassLoader::defineClassSourceLocation@22 (line 927)
                      ; - java.lang.ClassLoader::defineClass@12 (line 1026)
                      ;   {runtime_call throw_null_pointer_exception Runtime1 stub}
  0x00000258fb46f9d8: ffe8 a26f 

  0x00000258fb46f9dc: ; ImmutableOopMap {r8=Oop rdx=Oop [120]=Oop [128]=Oop [136]=Oop [152]=Oop }
                      ;*invokevirtual toExternalForm {reexecute=0 rethrow=0 return_oop=0}
                      ; - java.net.URL::toExternalForm@5 (line 1203)
                      ; - java.net.URL::toString@1 (line 1189)
                      ; - java.lang.ClassLoader::defineClassSourceLocation@22 (line 927)
                      ; - java.lang.ClassLoader::defineClass@12 (line 1026)
                      ;   {internal_word}
  0x00000258fb46f9dc: d5ff 49ba | bcf9 46fb | 5802 0000 | 4d89 9768 

  0x00000258fb46f9ec: ;   {runtime_call SafepointBlob}
  0x00000258fb46f9ec: 0400 00e9 | 0c5d caff | 498b 8700 | 0500 0049 | c787 0005 | 0000 0000 | 0000 49c7 | 8708 0500 
  0x00000258fb46fa0c: 0000 0000 | 0048 81c4 | b000 0000 

  0x00000258fb46fa18: ;   {runtime_call unwind_exception Runtime1 stub}
  0x00000258fb46fa18: 5de9 6260 | d5ff f4f4 
[Stub Code]
  0x00000258fb46fa20: ;   {no_reloc}
  0x00000258fb46fa20: 0f1f 4400 

  0x00000258fb46fa24: ;   {static_stub}
  0x00000258fb46fa24: 0048 bb00 | 0000 0000 

  0x00000258fb46fa2c: ;   {runtime_call}
  0x00000258fb46fa2c: 0000 00e9 | fbff ffff 

  0x00000258fb46fa34: ;   {static_stub}
  0x00000258fb46fa34: 48bb 0000 | 0000 0000 

  0x00000258fb46fa3c: ;   {runtime_call}
  0x00000258fb46fa3c: 0000 e9fb 

  0x00000258fb46fa40: ;   {static_stub}
  0x00000258fb46fa40: ffff ff48 | bb00 0000 | 0000 0000 

  0x00000258fb46fa4c: ;   {runtime_call}
  0x00000258fb46fa4c: 00e9 fbff 

  0x00000258fb46fa50: ;   {static_stub}
  0x00000258fb46fa50: ffff 48bb | 0000 0000 | 0000 0000 

  0x00000258fb46fa5c: ;   {runtime_call}
  0x00000258fb46fa5c: e9fb ffff 

  0x00000258fb46fa60: ;   {runtime_call handle_exception_from_callee Runtime1 stub}
  0x00000258fb46fa60: ffe8 1a8d 

  0x00000258fb46fa64: ;   {external_word}
  0x00000258fb46fa64: d5ff 48b9 | 50e0 1a14 | f97f 0000 | 4883 e4f0 

  0x00000258fb46fa74: ;   {runtime_call}
  0x00000258fb46fa74: 48b8 50ef | dd13 f97f | 0000 ffd0 

  0x00000258fb46fa80: ;   {section_word}
  0x00000258fb46fa80: f449 ba81 | fa46 fb58 | 0200 0041 

  0x00000258fb46fa8c: ;   {runtime_call DeoptimizationBlob}
  0x00000258fb46fa8c: 52e9 0e4f | caff f4f4 | f4f4 f4f4 
[/MachCode]


Compiled method (c1)    4408  805       1       jdk.internal.loader.BuiltinClassLoader::defineClass (121 bytes)
 total in heap  [0x00000258fb43a690,0x00000258fb43b5b0] = 3872
 relocation     [0x00000258fb43a7f0,0x00000258fb43a938] = 328
 main code      [0x00000258fb43a940,0x00000258fb43b010] = 1744
 stub code      [0x00000258fb43b010,0x00000258fb43b130] = 288
 metadata       [0x00000258fb43b130,0x00000258fb43b178] = 72
 scopes data    [0x00000258fb43b178,0x00000258fb43b3d0] = 600
 scopes pcs     [0x00000258fb43b3d0,0x00000258fb43b570] = 416
 dependencies   [0x00000258fb43b570,0x00000258fb43b578] = 8
 handler table  [0x00000258fb43b578,0x00000258fb43b590] = 24
 nul chk table  [0x00000258fb43b590,0x00000258fb43b5b0] = 32

[Constant Pool (empty)]

[MachCode]
[Entry Point]
  # {method} {0x00000258840697e8} 'defineClass' '(Ljava/lang/String;Ljdk/internal/loader/Resource;)Ljava/lang/Class;' in 'jdk/internal/loader/BuiltinClassLoader'
  # this:     rdx:rdx   = 'jdk/internal/loader/BuiltinClassLoader'
  # parm0:    r8:r8     = 'java/lang/String'
  # parm1:    r9:r9     = 'jdk/internal/loader/Resource'
  #           [sp+0x110]  (sp of caller)
  0x00000258fb43a940: 448b 5208 | 49bb 0000 | 0084 5802 | 0000 4d03 | d34c 3bd0 

  0x00000258fb43a954: ;   {runtime_call ic_miss_stub}
  0x00000258fb43a954: 0f85 263e | cdff 660f | 1f44 0000 
[Verified Entry Point]
  0x00000258fb43a960: 8984 2400 | 80ff ff55 | 4881 ec00 | 0100 0090 | 4181 7f20 | 0100 0000 

  0x00000258fb43a978: ;   {runtime_call StubRoutines (final stubs)}
  0x00000258fb43a978: 7405 e8e1 | a3cb ff48 | 8994 24a0 | 0000 004c | 8984 2490 | 0000 004c | 898c 2498 | 0000 0049 
  0x00000258fb43a998: 8bd1 6666 | 9048 b8b8 | 4b21 8458 

  0x00000258fb43a9a4: ;   {virtual_call}
  0x00000258fb43a9a4: 0200 00e8 

  0x00000258fb43a9a8: ; ImmutableOopMap {[144]=Oop [152]=Oop [160]=Oop }
                      ;*invokevirtual getCodeSourceURL {reexecute=0 rethrow=0 return_oop=0}
                      ; - jdk.internal.loader.BuiltinClassLoader::defineClass@1 (line 842)
  0x00000258fb43a9a8: f42d 0000 

  0x00000258fb43a9ac: ;   {other}
  0x00000258fb43a9ac: 0f1f 8400 | 1c03 0000 | 4889 8424 | a800 0000 | 4c8b 8424 | 9000 0000 

  0x00000258fb43a9c4: ; implicit exception: dispatches to 0x00000258fb43af12
  0x00000258fb43a9c4: 418b 7014 

  0x00000258fb43a9c8: ; implicit exception: dispatches to 0x00000258fb43af17
  0x00000258fb43a9c8: 8b56 0c45 | 0fbe 4810 | 498b c9c1 | e118 c1f9 | 18d3 fa48 | 8bfa ffcf | 4183 f900 | ba00 0000 
  0x00000258fb43a9e8: 000f 8505 | 0000 00ba | 0100 0000 | 83e2 0183 | fa00 488b | d641 b82e | 0000 004c | 8bcf 0f84 
  0x00000258fb43aa08: 1500 0000 

  0x00000258fb43aa0c: ;   {static_call}
  0x00000258fb43aa0c: 6666 90e8 

  0x00000258fb43aa10: ; ImmutableOopMap {[144]=Oop [152]=Oop [160]=Oop [168]=Oop }
                      ;*invokestatic lastIndexOf {reexecute=0 rethrow=0 return_oop=0}
                      ; - java.lang.String::lastIndexOf@13 (line 2569)
                      ; - java.lang.String::lastIndexOf@8 (line 2531)
                      ; - jdk.internal.loader.BuiltinClassLoader::defineClass@8 (line 845)
  0x00000258fb43aa10: ac16 eeff 

  0x00000258fb43aa14: ;   {other}
  0x00000258fb43aa14: 0f1f 8400 | 8403 0001 | e913 0000 | 0066 0f1f 

  0x00000258fb43aa24: ;   {static_call}
  0x00000258fb43aa24: 4400 00e8 

  0x00000258fb43aa28: ; ImmutableOopMap {[144]=Oop [152]=Oop [160]=Oop [168]=Oop }
                      ;*invokestatic lastIndexOf {reexecute=0 rethrow=0 return_oop=0}
                      ; - java.lang.String::lastIndexOf@25 (line 2570)
                      ; - java.lang.String::lastIndexOf@8 (line 2531)
                      ; - jdk.internal.loader.BuiltinClassLoader::defineClass@8 (line 845)
  0x00000258fb43aa28: 5446 cdff 

  0x00000258fb43aa2c: ;   {other}
  0x00000258fb43aa2c: 0f1f 8400 | 9c03 0002 | 83f8 ff0f | 847f 0000 | 0041 b800 | 0000 004c | 8bc8 488b | 9424 9000 
  0x00000258fb43aa4c: ;   {optimized virtual_call}
  0x00000258fb43aa4c: 0000 90e8 

  0x00000258fb43aa50: ; ImmutableOopMap {[144]=Oop [152]=Oop [160]=Oop [168]=Oop }
                      ;*invokevirtual substring {reexecute=0 rethrow=0 return_oop=0}
                      ; - jdk.internal.loader.BuiltinClassLoader::defineClass@23 (line 847)
  0x00000258fb43aa50: acc6 efff 

  0x00000258fb43aa54: ;   {other}
  0x00000258fb43aa54: 0f1f 8400 | c403 0003 | 488b 9424 | 9800 0000 | 4889 8424 | b000 0000 | 9048 b8c0 | 1215 c958 
  0x00000258fb43aa74: ;   {virtual_call}
  0x00000258fb43aa74: 0200 00e8 

  0x00000258fb43aa78: ; ImmutableOopMap {[144]=Oop [152]=Oop [160]=Oop [168]=Oop [176]=Oop }
                      ;*invokevirtual getManifest {reexecute=0 rethrow=0 return_oop=0}
                      ; - jdk.internal.loader.BuiltinClassLoader::defineClass@29 (line 848)
  0x00000258fb43aa78: e40c cdff 

  0x00000258fb43aa7c: ;   {other}
  0x00000258fb43aa7c: 0f1f 8400 | ec03 0004 | 4c8b 8424 | b000 0000 | 4c8b c848 | 8bbc 24a8 | 0000 0048 | 8b94 24a0 
  0x00000258fb43aa9c: 0000 0066 | 0f1f 4400 | 0048 b828 | 9e06 8458 

  0x00000258fb43aaac: ;   {virtual_call}
  0x00000258fb43aaac: 0200 00e8 

  0x00000258fb43aab0: ; ImmutableOopMap {[144]=Oop [152]=Oop [160]=Oop [168]=Oop }
                      ;*invokevirtual defineOrCheckPackage {reexecute=0 rethrow=0 return_oop=0}
                      ; - jdk.internal.loader.BuiltinClassLoader::defineClass@40 (line 849)
  0x00000258fb43aab0: 0cf1 ffff 

  0x00000258fb43aab4: ;   {other}
  0x00000258fb43aab4: 0f1f 8400 | 2404 0005 | 4c8b 8c24 | 9800 0000 | 488d 9424 | e000 0000 | 4c89 4a08 | 498b 0148 
  0x00000258fb43aad4: 83c8 0148 | 8902 f049 | 0fb1 110f | 8412 0000 | 0048 2bc4 | 4825 07f0 | ffff 4889 | 020f 8525 
  0x00000258fb43aaf4: 0400 0049 | ff87 5005 | 0000 418b | 510c 4883 | fa00 0f85 | 5100 0000 | 498b d166 | 0f1f 4400 
  0x00000258fb43ab14: 0048 b8d0 | 1415 c958 

  0x00000258fb43ab1c: ;   {virtual_call}
  0x00000258fb43ab1c: 0200 00e8 

  0x00000258fb43ab20: ; ImmutableOopMap {[144]=Oop [152]=Oop [160]=Oop [168]=Oop [232]=Oop }
                      ;*invokevirtual getInputStream {reexecute=0 rethrow=0 return_oop=0}
                      ; - jdk.internal.loader.Resource::cachedInputStream@9 (line 77)
                      ; - jdk.internal.loader.Resource::getByteBuffer@1 (line 163)
                      ; - jdk.internal.loader.BuiltinClassLoader::defineClass@45 (line 853)
  0x00000258fb43ab20: 7c0c cdff 

  0x00000258fb43ab24: ;   {other}
  0x00000258fb43ab24: 0f1f 8400 | 9404 0006 | 410f be57 | 4083 fa00 | 4c8b 8c24 | 9800 0000 | 0f85 ed03 | 0000 4c8b 
  0x00000258fb43ab44: d045 8951 | 0c49 8bd1 | 4833 d048 | c1ea 1448 | 83fa 000f | 85ee 0300 | 0041 8b51 | 0c48 8d84 
  0x00000258fb43ab64: 24e0 0000 | 0048 8b30 | 4885 f60f | 840f 0000 | 0048 8b78 | 08f0 480f | b137 0f85 | df03 0000 
  0x00000258fb43ab84: 49ff 8f50 | 0500 0048 | 83fa 000f | 8444 0000 

  0x00000258fb43ab94: ;   {metadata('sun/nio/ByteBuffered')}
  0x00000258fb43ab94: 0048 b830 | bf36 8458 | 0200 008b | 5a08 49ba | 0000 0084 | 5802 0000 | 4903 da48 | 3b43 200f 
  0x00000258fb43abb4: 8425 0000 | 0048 3bd8 | 0f84 1c00 | 0000 5350 

  0x00000258fb43abc4: ;   {runtime_call slow_subtype_check Runtime1 stub}
  0x00000258fb43abc4: e8b7 e7d8 | ff5b 5b83 | fb00 0f84 | 0500 0000 | e905 0000 | 0048 33f6 | eb0a 48be | 0100 0000 
  0x00000258fb43abe4: 0000 0000 | 83fe 000f | 8470 0000 | 0048 83fa | 000f 8444 

  0x00000258fb43abf8: ;   {metadata('sun/nio/ByteBuffered')}
  0x00000258fb43abf8: 0000 0048 | bb30 bf36 | 8458 0200 | 008b 7a08 | 49ba 0000 | 0084 5802 | 0000 4903 | fa48 3b5f 
  0x00000258fb43ac18: 200f 8420 | 0000 0048 | 3bfb 0f84 | 1700 0000 

  0x00000258fb43ac28: ;   {runtime_call slow_subtype_check Runtime1 stub}
  0x00000258fb43ac28: 5753 e851 | e7d8 ff5f | 5f83 ff00 | 0f84 3f03 | 0000 e900 | 0000 0066 | 0f1f 4400 | 0048 b8ff 
  0x00000258fb43ac48: ffff ffff 

  0x00000258fb43ac4c: ;   {virtual_call}
  0x00000258fb43ac4c: ffff ffe8 

  0x00000258fb43ac50: ; ImmutableOopMap {[144]=Oop [152]=Oop [160]=Oop [168]=Oop }
                      ;*invokeinterface getByteBuffer {reexecute=0 rethrow=0 return_oop=0}
                      ; - jdk.internal.loader.Resource::getByteBuffer@16 (line 165)
                      ; - jdk.internal.loader.BuiltinClassLoader::defineClass@45 (line 853)
  0x00000258fb43ac50: 2c41 cdff 

  0x00000258fb43ac54: ;   {other}
  0x00000258fb43ac54: 0f1f 8400 | c405 0007 | e90a 0000 

  0x00000258fb43ac60: ;   {oop(nullptr)}
  0x00000258fb43ac60: 0048 b800 | 0000 0000 | 0000 0048 | 83f8 000f | 8405 0100 | 0048 8984 | 24b8 0000 | 0048 8b94 
  0x00000258fb43ac80: 2498 0000 | 0048 b8ff | ffff ffff 

  0x00000258fb43ac8c: ;   {virtual_call}
  0x00000258fb43ac8c: ffff ffe8 

  0x00000258fb43ac90: ; ImmutableOopMap {[144]=Oop [160]=Oop [168]=Oop [184]=Oop }
                      ;*invokevirtual getCodeSigners {reexecute=0 rethrow=0 return_oop=0}
                      ; - jdk.internal.loader.BuiltinClassLoader::defineClass@56 (line 855)
  0x00000258fb43ac90: ec40 cdff 

  0x00000258fb43ac94: ;   {other}
  0x00000258fb43ac94: 0f1f 8400 | 0406 0008 

  0x00000258fb43ac9c: ;   {metadata('java/security/CodeSource')}
  0x00000258fb43ac9c: 4c8b c848 | ba70 5d00 | 8458 0200 | 0049 8b87 | b801 0000 | 488d 7828 | 493b bfc8 | 0100 000f 
  0x00000258fb43acbc: 87c1 0200 | 0049 89bf | b801 0000 | 48c7 0001 | 0000 0048 | 8bca 49ba | 0000 0084 | 5802 0000 
  0x00000258fb43acdc: 492b ca89 | 4808 4833 | c989 480c | 4833 c948 | 8948 1048 | 8948 1848 | 8948 204c | 8b84 24a8 
  0x00000258fb43acfc: 0000 0048 | 8bd0 4889 | 8424 c000 | 0000 0f1f 

  0x00000258fb43ad0c: ;   {optimized virtual_call}
  0x00000258fb43ad0c: 4400 00e8 

  0x00000258fb43ad10: ; ImmutableOopMap {[144]=Oop [160]=Oop [184]=Oop [192]=Oop }
                      ;*invokespecial <init> {reexecute=0 rethrow=0 return_oop=0}
                      ; - jdk.internal.loader.BuiltinClassLoader::defineClass@68 (line 856)
  0x00000258fb43ad10: 6c3d cdff 

  0x00000258fb43ad14: ;   {other}
  0x00000258fb43ad14: 0f1f 8400 | 8406 0009 | 4c8b 8424 | c000 0000 | 488b 9424 | a000 0000 

  0x00000258fb43ad2c: ;   {optimized virtual_call}
  0x00000258fb43ad2c: 6666 90e8 

  0x00000258fb43ad30: ; ImmutableOopMap {[144]=Oop [160]=Oop [184]=Oop }
                      ;*invokevirtual getProtectionDomain {reexecute=0 rethrow=0 return_oop=0}
                      ; - java.security.SecureClassLoader::defineClass@5 (line 182)
                      ; - jdk.internal.loader.BuiltinClassLoader::defineClass@79 (line 857)
  0x00000258fb43ad30: 4c3d cdff 

  0x00000258fb43ad34: ;   {other}
  0x00000258fb43ad34: 0f1f 8400 | a406 000a | 4c8b 8424 | 9000 0000 | 4c8b 8c24 | b800 0000 | 488b f848 | 8b94 24a0 
  0x00000258fb43ad54: ;   {optimized virtual_call}
  0x00000258fb43ad54: 0000 00e8 

  0x00000258fb43ad58: ; ImmutableOopMap {}
                      ;*invokevirtual defineClass {reexecute=0 rethrow=0 return_oop=0}
                      ; - java.security.SecureClassLoader::defineClass@8 (line 182)
                      ; - jdk.internal.loader.BuiltinClassLoader::defineClass@79 (line 857)
  0x00000258fb43ad58: 243d cdff 

  0x00000258fb43ad5c: ;   {other}
  0x00000258fb43ad5c: 0f1f 8400 | cc06 000b | 4881 c400 | 0100 005d 

  0x00000258fb43ad6c: ;   {poll_return}
  0x00000258fb43ad6c: 493b a750 | 0400 000f | 8716 0200 | 00c3 4c8b | 8c24 9800 | 0000 498b | d148 b850 | 1915 c958 
  0x00000258fb43ad8c: ;   {virtual_call}
  0x00000258fb43ad8c: 0200 00e8 

  0x00000258fb43ad90: ; ImmutableOopMap {[144]=Oop [152]=Oop [160]=Oop [168]=Oop }
                      ;*invokevirtual getBytes {reexecute=0 rethrow=0 return_oop=0}
                      ; - jdk.internal.loader.BuiltinClassLoader::defineClass@84 (line 859)
  0x00000258fb43ad90: 4c0a cdff 

  0x00000258fb43ad94: ;   {other}
  0x00000258fb43ad94: 0f1f 8400 | 0407 000c | 4889 8424 | c800 0000 | 488b 9424 | 9800 0000 | 9048 b8b8 | 4b21 8458 
  0x00000258fb43adb4: ;   {virtual_call}
  0x00000258fb43adb4: 0200 00e8 

  0x00000258fb43adb8: ; ImmutableOopMap {[144]=Oop [160]=Oop [168]=Oop [200]=Oop }
                      ;*invokevirtual getCodeSigners {reexecute=0 rethrow=0 return_oop=0}
                      ; - jdk.internal.loader.BuiltinClassLoader::defineClass@90 (line 860)
  0x00000258fb43adb8: 0430 0000 

  0x00000258fb43adbc: ;   {other}
  0x00000258fb43adbc: 0f1f 8400 | 2c07 000d 

  0x00000258fb43adc4: ;   {metadata('java/security/CodeSource')}
  0x00000258fb43adc4: 4c8b c848 | ba70 5d00 | 8458 0200 | 0049 8b87 | b801 0000 | 488d 7828 | 493b bfc8 | 0100 000f 
  0x00000258fb43ade4: 87bc 0100 | 0049 89bf | b801 0000 | 48c7 0001 | 0000 0048 | 8bca 49ba | 0000 0084 | 5802 0000 
  0x00000258fb43ae04: 492b ca89 | 4808 4833 | c989 480c | 4833 c948 | 8948 1048 | 8948 1848 | 8948 204c | 8b84 24a8 
  0x00000258fb43ae24: 0000 0048 | 8bd0 4889 | 8424 d000 | 0000 0f1f 

  0x00000258fb43ae34: ;   {optimized virtual_call}
  0x00000258fb43ae34: 4400 00e8 

  0x00000258fb43ae38: ; ImmutableOopMap {[144]=Oop [160]=Oop [200]=Oop [208]=Oop }
                      ;*invokespecial <init> {reexecute=0 rethrow=0 return_oop=0}
                      ; - jdk.internal.loader.BuiltinClassLoader::defineClass@102 (line 861)
  0x00000258fb43ae38: 4440 0300 

  0x00000258fb43ae3c: ;   {other}
  0x00000258fb43ae3c: 0f1f 8400 | ac07 000e | 488b 8424 | c800 0000 

  0x00000258fb43ae4c: ; implicit exception: dispatches to 0x00000258fb43afb2
  0x00000258fb43ae4c: 8b70 0c4c | 8b84 24d0 | 0000 0048 | 8b94 24a0 | 0000 0089 | b424 d800 

  0x00000258fb43ae64: ;   {optimized virtual_call}
  0x00000258fb43ae64: 0000 90e8 

  0x00000258fb43ae68: ; ImmutableOopMap {[144]=Oop [160]=Oop [200]=Oop }
                      ;*invokevirtual getProtectionDomain {reexecute=0 rethrow=0 return_oop=0}
                      ; - java.security.SecureClassLoader::defineClass@9 (line 150)
                      ; - jdk.internal.loader.BuiltinClassLoader::defineClass@117 (line 862)
  0x00000258fb43ae68: 943a 0300 

  0x00000258fb43ae6c: ;   {other}
  0x00000258fb43ae6c: 0f1f 8400 | dc07 000f | 4c8b 8424 | 9000 0000 | 4c8b 8c24 | c800 0000 | bf00 0000 | 008b b424 
  0x00000258fb43ae8c: d800 0000 | 488b c848 | 8b94 24a0 | 0000 000f 

  0x00000258fb43ae9c: ;   {optimized virtual_call}
  0x00000258fb43ae9c: 1f40 00e8 

  0x00000258fb43aea0: ; ImmutableOopMap {}
                      ;*invokevirtual defineClass {reexecute=0 rethrow=0 return_oop=0}
                      ; - java.security.SecureClassLoader::defineClass@12 (line 150)
                      ; - jdk.internal.loader.BuiltinClassLoader::defineClass@117 (line 862)
  0x00000258fb43aea0: dc49 0300 

  0x00000258fb43aea4: ;   {other}
  0x00000258fb43aea4: 0f1f 8400 | 1408 0010 | 4881 c400 | 0100 005d 

  0x00000258fb43aeb4: ;   {poll_return}
  0x00000258fb43aeb4: 493b a750 | 0400 000f | 87f6 0000 | 00c3 498b | 8700 0500 | 004d 33d2 | 4d89 9700 | 0500 004d 
  0x00000258fb43aed4: 33d2 4d89 | 9708 0500 | 0048 8bf0 | 488d 8424 | e000 0000 | 488b 3848 | 85ff 0f84 | 0f00 0000 
  0x00000258fb43aef4: 488b 5808 | f048 0fb1 | 3b0f 85ca | 0000 0049 | ff8f 5005 | 0000 488b | c6e9 ee00 

  0x00000258fb43af10: ;   {runtime_call throw_null_pointer_exception Runtime1 stub}
  0x00000258fb43af10: 0000 e869 

  0x00000258fb43af14: ; ImmutableOopMap {rax=Oop r8=Oop [144]=Oop [152]=Oop [160]=Oop [168]=Oop }
                      ;*invokevirtual lastIndexOf {reexecute=0 rethrow=0 return_oop=0}
                      ; - jdk.internal.loader.BuiltinClassLoader::defineClass@8 (line 845)
                      ;   {runtime_call throw_null_pointer_exception Runtime1 stub}
  0x00000258fb43af14: bad8 ffe8 

  0x00000258fb43af18: ; ImmutableOopMap {rax=Oop r8=Oop rsi=Oop [144]=Oop [152]=Oop [160]=Oop [168]=Oop }
                      ;*arraylength {reexecute=0 rethrow=0 return_oop=0}
                      ; - java.lang.String::length@4 (line 1519)
                      ; - java.lang.String::lastIndexOf@3 (line 2531)
                      ; - jdk.internal.loader.BuiltinClassLoader::defineClass@8 (line 845)
  0x00000258fb43af18: 64ba d8ff | 4c89 4c24 | 0848 8914 

  0x00000258fb43af24: ;   {runtime_call monitorenter_nofpu Runtime1 stub}
  0x00000258fb43af24: 24e8 56ea 

  0x00000258fb43af28: ; ImmutableOopMap {r9=Oop [144]=Oop [152]=Oop [160]=Oop [168]=Oop [232]=Oop }
                      ;*synchronization entry
                      ; - jdk.internal.loader.Resource::cachedInputStream@-1 (line 76)
                      ; - jdk.internal.loader.Resource::getByteBuffer@1 (line 163)
                      ; - jdk.internal.loader.BuiltinClassLoader::defineClass@45 (line 853)
  0x00000258fb43af28: d8ff e9cf | fbff ff41 | 8b51 0c48 | 83fa 000f | 8405 fcff | ff48 8914 

  0x00000258fb43af40: ;   {runtime_call g1_pre_barrier_slow}
  0x00000258fb43af40: 24e8 3a11 | d9ff e9f7 | fbff ff48 | 83f8 000f | 8408 fcff | ff4c 890c 

  0x00000258fb43af58: ;   {runtime_call g1_post_barrier_slow}
  0x00000258fb43af58: 24e8 2214 | d9ff e9fa | fbff ff48 | 8d84 24e0 | 0000 0048 

  0x00000258fb43af6c: ;   {runtime_call monitorexit_nofpu Runtime1 stub}
  0x00000258fb43af6c: 8904 24e8 | 0cf0 d8ff | e912 fcff | ff48 8914 

  0x00000258fb43af7c: ;   {runtime_call throw_class_cast_exception Runtime1 stub}
  0x00000258fb43af7c: 24e8 fedd 

  0x00000258fb43af80: ; ImmutableOopMap {[144]=Oop [152]=Oop [160]=Oop [168]=Oop }
                      ;*checkcast {reexecute=0 rethrow=0 return_oop=0}
                      ; - jdk.internal.loader.Resource::getByteBuffer@13 (line 165)
                      ; - jdk.internal.loader.BuiltinClassLoader::defineClass@45 (line 853)
  0x00000258fb43af80: d8ff 488b 

  0x00000258fb43af84: ;   {runtime_call fast_new_instance Runtime1 stub}
  0x00000258fb43af84: d2e8 f6c2 

  0x00000258fb43af88: ; ImmutableOopMap {r9=Oop [144]=Oop [160]=Oop [168]=Oop [184]=Oop }
                      ;*new {reexecute=0 rethrow=0 return_oop=0}
                      ; - jdk.internal.loader.BuiltinClassLoader::defineClass@61 (line 856)
  0x00000258fb43af88: d8ff e968 

  0x00000258fb43af8c: ;   {internal_word}
  0x00000258fb43af8c: fdff ff49 | ba6c ad43 | fb58 0200 | 004d 8997 | 6804 0000 

  0x00000258fb43afa0: ;   {runtime_call SafepointBlob}
  0x00000258fb43afa0: e95b a7cd | ff48 8bd2 

  0x00000258fb43afa8: ;   {runtime_call fast_new_instance Runtime1 stub}
  0x00000258fb43afa8: e8d3 c2d8 

  0x00000258fb43afac: ; ImmutableOopMap {r9=Oop [144]=Oop [160]=Oop [168]=Oop [200]=Oop }
                      ;*new {reexecute=0 rethrow=0 return_oop=0}
                      ; - jdk.internal.loader.BuiltinClassLoader::defineClass@95 (line 861)
  0x00000258fb43afac: ffe9 6dfe 

  0x00000258fb43afb0: ;   {runtime_call throw_null_pointer_exception Runtime1 stub}
  0x00000258fb43afb0: ffff e8c9 

  0x00000258fb43afb4: ; ImmutableOopMap {rax=Oop [144]=Oop [160]=Oop [200]=Oop [208]=Oop }
                      ;*arraylength {reexecute=0 rethrow=0 return_oop=0}
                      ; - jdk.internal.loader.BuiltinClassLoader::defineClass@114 (line 862)
                      ;   {internal_word}
  0x00000258fb43afb4: b9d8 ff49 | bab4 ae43 | fb58 0200 | 004d 8997 | 6804 0000 

  0x00000258fb43afc8: ;   {runtime_call SafepointBlob}
  0x00000258fb43afc8: e933 a7cd | ff48 8d84 | 24e0 0000 | 0048 8904 

  0x00000258fb43afd8: ;   {runtime_call monitorexit_nofpu Runtime1 stub}
  0x00000258fb43afd8: 24e8 a2ef | d8ff e927 | ffff ff49 | 8b87 0005 | 0000 49c7 | 8700 0500 | 0000 0000 | 0049 c787 
  0x00000258fb43aff8: 0805 0000 | 0000 0000 | 4881 c400 | 0100 005d 

  0x00000258fb43b008: ;   {runtime_call unwind_exception Runtime1 stub}
  0x00000258fb43b008: e973 aad8 | fff4 f4f4 
[Stub Code]
  0x00000258fb43b010: ;   {no_reloc}
  0x00000258fb43b010: 0f1f 4400 

  0x00000258fb43b014: ;   {static_stub}
  0x00000258fb43b014: 0048 bb00 | 0000 0000 

  0x00000258fb43b01c: ;   {runtime_call}
  0x00000258fb43b01c: 0000 00e9 | fbff ffff 

  0x00000258fb43b024: ;   {static_stub}
  0x00000258fb43b024: 9048 bb00 | 0000 0000 

  0x00000258fb43b02c: ;   {runtime_call}
  0x00000258fb43b02c: 0000 00e9 | fbff ffff 

  0x00000258fb43b034: ;   {static_stub}
  0x00000258fb43b034: 9048 bb00 | 0000 0000 

  0x00000258fb43b03c: ;   {runtime_call}
  0x00000258fb43b03c: 0000 00e9 | fbff ffff 

  0x00000258fb43b044: ;   {static_stub}
  0x00000258fb43b044: 9048 bb00 | 0000 0000 

  0x00000258fb43b04c: ;   {runtime_call}
  0x00000258fb43b04c: 0000 00e9 | fbff ffff 

  0x00000258fb43b054: ;   {static_stub}
  0x00000258fb43b054: 9048 bb00 | 0000 0000 

  0x00000258fb43b05c: ;   {runtime_call}
  0x00000258fb43b05c: 0000 00e9 | fbff ffff 

  0x00000258fb43b064: ;   {static_stub}
  0x00000258fb43b064: 9048 bb00 | 0000 0000 

  0x00000258fb43b06c: ;   {runtime_call}
  0x00000258fb43b06c: 0000 00e9 | fbff ffff 

  0x00000258fb43b074: ;   {static_stub}
  0x00000258fb43b074: 9048 bb00 | 0000 0000 

  0x00000258fb43b07c: ;   {runtime_call}
  0x00000258fb43b07c: 0000 00e9 | fbff ffff 

  0x00000258fb43b084: ;   {static_stub}
  0x00000258fb43b084: 9048 bb00 | 0000 0000 

  0x00000258fb43b08c: ;   {runtime_call}
  0x00000258fb43b08c: 0000 00e9 | fbff ffff 

  0x00000258fb43b094: ;   {static_stub}
  0x00000258fb43b094: 48bb 0000 | 0000 0000 

  0x00000258fb43b09c: ;   {runtime_call}
  0x00000258fb43b09c: 0000 e9fb 

  0x00000258fb43b0a0: ;   {static_stub}
  0x00000258fb43b0a0: ffff ff48 | bb00 0000 | 0000 0000 

  0x00000258fb43b0ac: ;   {runtime_call}
  0x00000258fb43b0ac: 00e9 fbff 

  0x00000258fb43b0b0: ;   {static_stub}
  0x00000258fb43b0b0: ffff 48bb | 0000 0000 | 0000 0000 

  0x00000258fb43b0bc: ;   {runtime_call}
  0x00000258fb43b0bc: e9fb ffff 

  0x00000258fb43b0c0: ;   {static_stub}
  0x00000258fb43b0c0: ff48 bb28 | 3c47 8458 

  0x00000258fb43b0c8: ;   {runtime_call I2C/C2I adapters}
  0x00000258fb43b0c8: 0200 00e9 | 9bfc ccff 

  0x00000258fb43b0d0: ;   {static_stub}
  0x00000258fb43b0d0: 48bb 58d7 | 0484 5802 

  0x00000258fb43b0d8: ;   {runtime_call I2C/C2I adapters}
  0x00000258fb43b0d8: 0000 e908 

  0x00000258fb43b0dc: ;   {static_stub}
  0x00000258fb43b0dc: 91cd ff48 | bb00 0000 | 0000 0000 

  0x00000258fb43b0e8: ;   {runtime_call}
  0x00000258fb43b0e8: 00e9 fbff 

  0x00000258fb43b0ec: ;   {static_stub}
  0x00000258fb43b0ec: ffff 48bb | d8a7 4384 | 5802 0000 

  0x00000258fb43b0f8: ;   {runtime_call I2C/C2I adapters}
  0x00000258fb43b0f8: e978 60cc 

  0x00000258fb43b0fc: ;   {runtime_call handle_exception_from_callee Runtime1 stub}
  0x00000258fb43b0fc: ffe8 7ed6 

  0x00000258fb43b100: ;   {external_word}
  0x00000258fb43b100: d8ff 48b9 | 50e0 1a14 | f97f 0000 | 4883 e4f0 

  0x00000258fb43b110: ;   {runtime_call}
  0x00000258fb43b110: 48b8 50ef | dd13 f97f | 0000 ffd0 

  0x00000258fb43b11c: ;   {section_word}
  0x00000258fb43b11c: f449 ba1d | b143 fb58 | 0200 0041 

  0x00000258fb43b128: ;   {runtime_call DeoptimizationBlob}
  0x00000258fb43b128: 52e9 7298 | cdff f4f4 
[/MachCode]


---------------  P R O C E S S  ---------------

Threads class SMR info:
_java_thread_list=0x0000025883993040, length=12, elements={
0x00000258f292f890, 0x00000258ff0c4970, 0x00000258ff0c7200, 0x00000258ff0cb4c0,
0x00000258ff0cedc0, 0x00000258ff0d0540, 0x00000258ff0d1cc0, 0x00000258ff0d3d10,
0x00000258ff126d30, 0x00000258ff130940, 0x00000258839b7fd0, 0x00000258839baa20
}

Java Threads: ( => current thread )
=>0x00000258f292f890 JavaThread "main"                              [_thread_in_vm, id=11332, stack(0x000000598a100000,0x000000598a200000) (1024K)]
  0x00000258ff0c4970 JavaThread "Reference Handler"          daemon [_thread_blocked, id=19424, stack(0x000000598a900000,0x000000598aa00000) (1024K)]
  0x00000258ff0c7200 JavaThread "Finalizer"                  daemon [_thread_blocked, id=16532, stack(0x000000598aa00000,0x000000598ab00000) (1024K)]
  0x00000258ff0cb4c0 JavaThread "Signal Dispatcher"          daemon [_thread_blocked, id=15512, stack(0x000000598ab00000,0x000000598ac00000) (1024K)]
  0x00000258ff0cedc0 JavaThread "Attach Listener"            daemon [_thread_blocked, id=10472, stack(0x000000598ac00000,0x000000598ad00000) (1024K)]
  0x00000258ff0d0540 JavaThread "Service Thread"             daemon [_thread_blocked, id=17604, stack(0x000000598ad00000,0x000000598ae00000) (1024K)]
  0x00000258ff0d1cc0 JavaThread "Monitor Deflation Thread"   daemon [_thread_blocked, id=12404, stack(0x000000598ae00000,0x000000598af00000) (1024K)]
  0x00000258ff0d3d10 JavaThread "C1 CompilerThread0"         daemon [_thread_blocked, id=4060, stack(0x000000598af00000,0x000000598b000000) (1024K)]
  0x00000258ff126d30 JavaThread "C1 CompilerThread1"         daemon [_thread_blocked, id=5004, stack(0x000000598b000000,0x000000598b100000) (1024K)]
  0x00000258ff130940 JavaThread "C1 CompilerThread2"         daemon [_thread_blocked, id=16844, stack(0x000000598b100000,0x000000598b200000) (1024K)]
  0x00000258839b7fd0 JavaThread "Notification Thread"        daemon [_thread_blocked, id=19096, stack(0x000000598b200000,0x000000598b300000) (1024K)]
  0x00000258839baa20 JavaThread "Common-Cleaner"             daemon [_thread_blocked, id=1572, stack(0x000000598b300000,0x000000598b400000) (1024K)]
Total: 12

Other Threads:
  0x00000258ff0a3d00 VMThread "VM Thread"                           [id=19008, stack(0x000000598a800000,0x000000598a900000) (1024K)] _threads_hazard_ptr=0x0000025883993040
  0x00000258ff08a830 WatcherThread "VM Periodic Task Thread"        [id=11916, stack(0x000000598a700000,0x000000598a800000) (1024K)]
  0x00000258f297b7e0 WorkerThread "GC Thread#0"                     [id=3572, stack(0x000000598a200000,0x000000598a300000) (1024K)]
  0x00000258c915e240 WorkerThread "GC Thread#1"                     [id=736, stack(0x000000598b400000,0x000000598b500000) (1024K)]
  0x00000258c9387570 WorkerThread "GC Thread#2"                     [id=12940, stack(0x000000598b500000,0x000000598b600000) (1024K)]
  0x00000258c93c74e0 WorkerThread "GC Thread#3"                     [id=14044, stack(0x000000598b600000,0x000000598b700000) (1024K)]
  0x00000258f2988600 ConcurrentGCThread "G1 Main Marker"            [id=7096, stack(0x000000598a300000,0x000000598a400000) (1024K)]
  0x00000258f298ae00 WorkerThread "G1 Conc#0"                       [id=17964, stack(0x000000598a400000,0x000000598a500000) (1024K)]
  0x00000258f29e4dd0 ConcurrentGCThread "G1 Refine#0"               [id=1556, stack(0x000000598a500000,0x000000598a600000) (1024K)]
  0x00000258f29e7500 ConcurrentGCThread "G1 Service"                [id=1836, stack(0x000000598a600000,0x000000598a700000) (1024K)]
Total: 10

Threads with active compile tasks:
Total: 0

VM state: synchronizing (normal execution)

VM Mutex/Monitor currently owned by a thread:  ([mutex/lock_event])
[0x00007ff91445f9a8] Metaspace_lock - owner thread: 0x00000258f292f890
[0x00007ff914461a28] Threads_lock - owner thread: 0x00000258ff0a3d00

OutOfMemory and StackOverflow Exception counts:
OutOfMemoryError java_heap_errors=1
LinkageErrors=17

Heap address: 0x00000000a0e00000, size: 1522 MB, Compressed Oops mode: 32-bit

CDS archive(s) mapped at: [0x0000025884000000-0x0000025884c90000-0x0000025884c90000), size 13172736, SharedBaseAddress: 0x0000025884000000, ArchiveRelocationMode: 1.
Compressed class space mapped at: 0x0000025885000000-0x00000258c5000000, reserved size: 1073741824
Narrow klass base: 0x0000025884000000, Narrow klass shift: 0, Narrow klass range: 0x100000000

GC Precious Log:
 CardTable entry size: 512
 Card Set container configuration: InlinePtr #cards 5 size 8 Array Of Cards #cards 12 size 40 Howl #buckets 4 coarsen threshold 1843 Howl Bitmap #cards 512 size 80 coarsen threshold 460 Card regions per heap region 1 cards per card region 2048
 CPUs: 4 total, 4 available
 Memory: 6086M
 Large Page Support: Disabled
 NUMA Support: Disabled
 Compressed Oops: Enabled (32-bit)
 Heap Region Size: 1M
 Heap Min Capacity: 8M
 Heap Initial Capacity: 96M
 Heap Max Capacity: 1522M
 Pre-touch: Disabled
 Parallel Workers: 4
 Concurrent Workers: 1
 Concurrent Refinement Workers: 4
 Periodic GC: Disabled

Heap:
 garbage-first heap   total 98304K, used 10692K [0x00000000a0e00000, 0x0000000100000000)
  region size 1024K, 9 young (9216K), 2 survivors (2048K)
 Metaspace       used 5325K, committed 5504K, reserved 1114112K
  class space    used 689K, committed 768K, reserved 1048576K

Heap Regions: E=young(eden), S=young(survivor), O=old, HS=humongous(starts), HC=humongous(continues), CS=collection set, F=free, TAMS=top-at-mark-start, PB=parsable bottom
|   0|0x00000000a0e00000, 0x00000000a0f00000, 0x00000000a0f00000|100%| O|  |TAMS 0x00000000a0e00000| PB 0x00000000a0e00000| Untracked 
|   1|0x00000000a0f00000, 0x00000000a1000000, 0x00000000a1000000|100%| O|  |TAMS 0x00000000a0f00000| PB 0x00000000a0f00000| Untracked 
|   2|0x00000000a1000000, 0x00000000a1071010, 0x00000000a1100000| 44%| O|  |TAMS 0x00000000a1000000| PB 0x00000000a1000000| Untracked 
|   3|0x00000000a1100000, 0x00000000a1100000, 0x00000000a1200000|  0%| F|  |TAMS 0x00000000a1100000| PB 0x00000000a1100000| Untracked 
|   4|0x00000000a1200000, 0x00000000a1200000, 0x00000000a1300000|  0%| F|  |TAMS 0x00000000a1200000| PB 0x00000000a1200000| Untracked 
|   5|0x00000000a1300000, 0x00000000a1300000, 0x00000000a1400000|  0%| F|  |TAMS 0x00000000a1300000| PB 0x00000000a1300000| Untracked 
|   6|0x00000000a1400000, 0x00000000a1400000, 0x00000000a1500000|  0%| F|  |TAMS 0x00000000a1400000| PB 0x00000000a1400000| Untracked 
|   7|0x00000000a1500000, 0x00000000a1500000, 0x00000000a1600000|  0%| F|  |TAMS 0x00000000a1500000| PB 0x00000000a1500000| Untracked 
|   8|0x00000000a1600000, 0x00000000a1600000, 0x00000000a1700000|  0%| F|  |TAMS 0x00000000a1600000| PB 0x00000000a1600000| Untracked 
|   9|0x00000000a1700000, 0x00000000a1700000, 0x00000000a1800000|  0%| F|  |TAMS 0x00000000a1700000| PB 0x00000000a1700000| Untracked 
|  10|0x00000000a1800000, 0x00000000a1800000, 0x00000000a1900000|  0%| F|  |TAMS 0x00000000a1800000| PB 0x00000000a1800000| Untracked 
|  11|0x00000000a1900000, 0x00000000a1900000, 0x00000000a1a00000|  0%| F|  |TAMS 0x00000000a1900000| PB 0x00000000a1900000| Untracked 
|  12|0x00000000a1a00000, 0x00000000a1a00000, 0x00000000a1b00000|  0%| F|  |TAMS 0x00000000a1a00000| PB 0x00000000a1a00000| Untracked 
|  13|0x00000000a1b00000, 0x00000000a1b00000, 0x00000000a1c00000|  0%| F|  |TAMS 0x00000000a1b00000| PB 0x00000000a1b00000| Untracked 
|  14|0x00000000a1c00000, 0x00000000a1c00000, 0x00000000a1d00000|  0%| F|  |TAMS 0x00000000a1c00000| PB 0x00000000a1c00000| Untracked 
|  15|0x00000000a1d00000, 0x00000000a1d00000, 0x00000000a1e00000|  0%| F|  |TAMS 0x00000000a1d00000| PB 0x00000000a1d00000| Untracked 
|  16|0x00000000a1e00000, 0x00000000a1e00000, 0x00000000a1f00000|  0%| F|  |TAMS 0x00000000a1e00000| PB 0x00000000a1e00000| Untracked 
|  17|0x00000000a1f00000, 0x00000000a1f00000, 0x00000000a2000000|  0%| F|  |TAMS 0x00000000a1f00000| PB 0x00000000a1f00000| Untracked 
|  18|0x00000000a2000000, 0x00000000a2000000, 0x00000000a2100000|  0%| F|  |TAMS 0x00000000a2000000| PB 0x00000000a2000000| Untracked 
|  19|0x00000000a2100000, 0x00000000a2100000, 0x00000000a2200000|  0%| F|  |TAMS 0x00000000a2100000| PB 0x00000000a2100000| Untracked 
|  20|0x00000000a2200000, 0x00000000a2200000, 0x00000000a2300000|  0%| F|  |TAMS 0x00000000a2200000| PB 0x00000000a2200000| Untracked 
|  21|0x00000000a2300000, 0x00000000a2300000, 0x00000000a2400000|  0%| F|  |TAMS 0x00000000a2300000| PB 0x00000000a2300000| Untracked 
|  22|0x00000000a2400000, 0x00000000a2400000, 0x00000000a2500000|  0%| F|  |TAMS 0x00000000a2400000| PB 0x00000000a2400000| Untracked 
|  23|0x00000000a2500000, 0x00000000a2500000, 0x00000000a2600000|  0%| F|  |TAMS 0x00000000a2500000| PB 0x00000000a2500000| Untracked 
|  24|0x00000000a2600000, 0x00000000a2600000, 0x00000000a2700000|  0%| F|  |TAMS 0x00000000a2600000| PB 0x00000000a2600000| Untracked 
|  25|0x00000000a2700000, 0x00000000a2700000, 0x00000000a2800000|  0%| F|  |TAMS 0x00000000a2700000| PB 0x00000000a2700000| Untracked 
|  26|0x00000000a2800000, 0x00000000a2800000, 0x00000000a2900000|  0%| F|  |TAMS 0x00000000a2800000| PB 0x00000000a2800000| Untracked 
|  27|0x00000000a2900000, 0x00000000a2900000, 0x00000000a2a00000|  0%| F|  |TAMS 0x00000000a2900000| PB 0x00000000a2900000| Untracked 
|  28|0x00000000a2a00000, 0x00000000a2a00000, 0x00000000a2b00000|  0%| F|  |TAMS 0x00000000a2a00000| PB 0x00000000a2a00000| Untracked 
|  29|0x00000000a2b00000, 0x00000000a2b00000, 0x00000000a2c00000|  0%| F|  |TAMS 0x00000000a2b00000| PB 0x00000000a2b00000| Untracked 
|  30|0x00000000a2c00000, 0x00000000a2c00000, 0x00000000a2d00000|  0%| F|  |TAMS 0x00000000a2c00000| PB 0x00000000a2c00000| Untracked 
|  31|0x00000000a2d00000, 0x00000000a2d00000, 0x00000000a2e00000|  0%| F|  |TAMS 0x00000000a2d00000| PB 0x00000000a2d00000| Untracked 
|  32|0x00000000a2e00000, 0x00000000a2e00000, 0x00000000a2f00000|  0%| F|  |TAMS 0x00000000a2e00000| PB 0x00000000a2e00000| Untracked 
|  33|0x00000000a2f00000, 0x00000000a2f00000, 0x00000000a3000000|  0%| F|  |TAMS 0x00000000a2f00000| PB 0x00000000a2f00000| Untracked 
|  34|0x00000000a3000000, 0x00000000a3000000, 0x00000000a3100000|  0%| F|  |TAMS 0x00000000a3000000| PB 0x00000000a3000000| Untracked 
|  35|0x00000000a3100000, 0x00000000a3100000, 0x00000000a3200000|  0%| F|  |TAMS 0x00000000a3100000| PB 0x00000000a3100000| Untracked 
|  36|0x00000000a3200000, 0x00000000a3200000, 0x00000000a3300000|  0%| F|  |TAMS 0x00000000a3200000| PB 0x00000000a3200000| Untracked 
|  37|0x00000000a3300000, 0x00000000a3300000, 0x00000000a3400000|  0%| F|  |TAMS 0x00000000a3300000| PB 0x00000000a3300000| Untracked 
|  38|0x00000000a3400000, 0x00000000a3400000, 0x00000000a3500000|  0%| F|  |TAMS 0x00000000a3400000| PB 0x00000000a3400000| Untracked 
|  39|0x00000000a3500000, 0x00000000a3500000, 0x00000000a3600000|  0%| F|  |TAMS 0x00000000a3500000| PB 0x00000000a3500000| Untracked 
|  40|0x00000000a3600000, 0x00000000a3600000, 0x00000000a3700000|  0%| F|  |TAMS 0x00000000a3600000| PB 0x00000000a3600000| Untracked 
|  41|0x00000000a3700000, 0x00000000a3700000, 0x00000000a3800000|  0%| F|  |TAMS 0x00000000a3700000| PB 0x00000000a3700000| Untracked 
|  42|0x00000000a3800000, 0x00000000a3800000, 0x00000000a3900000|  0%| F|  |TAMS 0x00000000a3800000| PB 0x00000000a3800000| Untracked 
|  43|0x00000000a3900000, 0x00000000a3900000, 0x00000000a3a00000|  0%| F|  |TAMS 0x00000000a3900000| PB 0x00000000a3900000| Untracked 
|  44|0x00000000a3a00000, 0x00000000a3a00000, 0x00000000a3b00000|  0%| F|  |TAMS 0x00000000a3a00000| PB 0x00000000a3a00000| Untracked 
|  45|0x00000000a3b00000, 0x00000000a3b00000, 0x00000000a3c00000|  0%| F|  |TAMS 0x00000000a3b00000| PB 0x00000000a3b00000| Untracked 
|  46|0x00000000a3c00000, 0x00000000a3c00000, 0x00000000a3d00000|  0%| F|  |TAMS 0x00000000a3c00000| PB 0x00000000a3c00000| Untracked 
|  47|0x00000000a3d00000, 0x00000000a3d00000, 0x00000000a3e00000|  0%| F|  |TAMS 0x00000000a3d00000| PB 0x00000000a3d00000| Untracked 
|  48|0x00000000a3e00000, 0x00000000a3e00000, 0x00000000a3f00000|  0%| F|  |TAMS 0x00000000a3e00000| PB 0x00000000a3e00000| Untracked 
|  49|0x00000000a3f00000, 0x00000000a3f00000, 0x00000000a4000000|  0%| F|  |TAMS 0x00000000a3f00000| PB 0x00000000a3f00000| Untracked 
|  50|0x00000000a4000000, 0x00000000a4000000, 0x00000000a4100000|  0%| F|  |TAMS 0x00000000a4000000| PB 0x00000000a4000000| Untracked 
|  51|0x00000000a4100000, 0x00000000a4100000, 0x00000000a4200000|  0%| F|  |TAMS 0x00000000a4100000| PB 0x00000000a4100000| Untracked 
|  52|0x00000000a4200000, 0x00000000a4200000, 0x00000000a4300000|  0%| F|  |TAMS 0x00000000a4200000| PB 0x00000000a4200000| Untracked 
|  53|0x00000000a4300000, 0x00000000a4300000, 0x00000000a4400000|  0%| F|  |TAMS 0x00000000a4300000| PB 0x00000000a4300000| Untracked 
|  54|0x00000000a4400000, 0x00000000a4400000, 0x00000000a4500000|  0%| F|  |TAMS 0x00000000a4400000| PB 0x00000000a4400000| Untracked 
|  55|0x00000000a4500000, 0x00000000a4500000, 0x00000000a4600000|  0%| F|  |TAMS 0x00000000a4500000| PB 0x00000000a4500000| Untracked 
|  56|0x00000000a4600000, 0x00000000a4600000, 0x00000000a4700000|  0%| F|  |TAMS 0x00000000a4600000| PB 0x00000000a4600000| Untracked 
|  57|0x00000000a4700000, 0x00000000a4700000, 0x00000000a4800000|  0%| F|  |TAMS 0x00000000a4700000| PB 0x00000000a4700000| Untracked 
|  58|0x00000000a4800000, 0x00000000a4800000, 0x00000000a4900000|  0%| F|  |TAMS 0x00000000a4800000| PB 0x00000000a4800000| Untracked 
|  59|0x00000000a4900000, 0x00000000a4900000, 0x00000000a4a00000|  0%| F|  |TAMS 0x00000000a4900000| PB 0x00000000a4900000| Untracked 
|  60|0x00000000a4a00000, 0x00000000a4a00000, 0x00000000a4b00000|  0%| F|  |TAMS 0x00000000a4a00000| PB 0x00000000a4a00000| Untracked 
|  61|0x00000000a4b00000, 0x00000000a4b00000, 0x00000000a4c00000|  0%| F|  |TAMS 0x00000000a4b00000| PB 0x00000000a4b00000| Untracked 
|  62|0x00000000a4c00000, 0x00000000a4c00000, 0x00000000a4d00000|  0%| F|  |TAMS 0x00000000a4c00000| PB 0x00000000a4c00000| Untracked 
|  63|0x00000000a4d00000, 0x00000000a4d00000, 0x00000000a4e00000|  0%| F|  |TAMS 0x00000000a4d00000| PB 0x00000000a4d00000| Untracked 
|  64|0x00000000a4e00000, 0x00000000a4e00000, 0x00000000a4f00000|  0%| F|  |TAMS 0x00000000a4e00000| PB 0x00000000a4e00000| Untracked 
|  65|0x00000000a4f00000, 0x00000000a4f00000, 0x00000000a5000000|  0%| F|  |TAMS 0x00000000a4f00000| PB 0x00000000a4f00000| Untracked 
|  66|0x00000000a5000000, 0x00000000a5000000, 0x00000000a5100000|  0%| F|  |TAMS 0x00000000a5000000| PB 0x00000000a5000000| Untracked 
|  67|0x00000000a5100000, 0x00000000a5100000, 0x00000000a5200000|  0%| F|  |TAMS 0x00000000a5100000| PB 0x00000000a5100000| Untracked 
|  68|0x00000000a5200000, 0x00000000a5200000, 0x00000000a5300000|  0%| F|  |TAMS 0x00000000a5200000| PB 0x00000000a5200000| Untracked 
|  69|0x00000000a5300000, 0x00000000a5300000, 0x00000000a5400000|  0%| F|  |TAMS 0x00000000a5300000| PB 0x00000000a5300000| Untracked 
|  70|0x00000000a5400000, 0x00000000a5400000, 0x00000000a5500000|  0%| F|  |TAMS 0x00000000a5400000| PB 0x00000000a5400000| Untracked 
|  71|0x00000000a5500000, 0x00000000a5500000, 0x00000000a5600000|  0%| F|  |TAMS 0x00000000a5500000| PB 0x00000000a5500000| Untracked 
|  72|0x00000000a5600000, 0x00000000a5600000, 0x00000000a5700000|  0%| F|  |TAMS 0x00000000a5600000| PB 0x00000000a5600000| Untracked 
|  73|0x00000000a5700000, 0x00000000a5700000, 0x00000000a5800000|  0%| F|  |TAMS 0x00000000a5700000| PB 0x00000000a5700000| Untracked 
|  74|0x00000000a5800000, 0x00000000a5800000, 0x00000000a5900000|  0%| F|  |TAMS 0x00000000a5800000| PB 0x00000000a5800000| Untracked 
|  75|0x00000000a5900000, 0x00000000a5900000, 0x00000000a5a00000|  0%| F|  |TAMS 0x00000000a5900000| PB 0x00000000a5900000| Untracked 
|  76|0x00000000a5a00000, 0x00000000a5a00000, 0x00000000a5b00000|  0%| F|  |TAMS 0x00000000a5a00000| PB 0x00000000a5a00000| Untracked 
|  77|0x00000000a5b00000, 0x00000000a5b00000, 0x00000000a5c00000|  0%| F|  |TAMS 0x00000000a5b00000| PB 0x00000000a5b00000| Untracked 
|  78|0x00000000a5c00000, 0x00000000a5c00000, 0x00000000a5d00000|  0%| F|  |TAMS 0x00000000a5c00000| PB 0x00000000a5c00000| Untracked 
|  79|0x00000000a5d00000, 0x00000000a5d00000, 0x00000000a5e00000|  0%| F|  |TAMS 0x00000000a5d00000| PB 0x00000000a5d00000| Untracked 
|  80|0x00000000a5e00000, 0x00000000a5e00000, 0x00000000a5f00000|  0%| F|  |TAMS 0x00000000a5e00000| PB 0x00000000a5e00000| Untracked 
|  81|0x00000000a5f00000, 0x00000000a6000000, 0x00000000a6000000|100%| S|CS|TAMS 0x00000000a5f00000| PB 0x00000000a5f00000| Complete 
|  82|0x00000000a6000000, 0x00000000a6100000, 0x00000000a6100000|100%| S|CS|TAMS 0x00000000a6000000| PB 0x00000000a6000000| Complete 
|  83|0x00000000a6100000, 0x00000000a6100000, 0x00000000a6200000|  0%| F|  |TAMS 0x00000000a6100000| PB 0x00000000a6100000| Untracked 
|  84|0x00000000a6200000, 0x00000000a6200000, 0x00000000a6300000|  0%| F|  |TAMS 0x00000000a6200000| PB 0x00000000a6200000| Untracked 
|  85|0x00000000a6300000, 0x00000000a6300000, 0x00000000a6400000|  0%| F|  |TAMS 0x00000000a6300000| PB 0x00000000a6300000| Untracked 
|  86|0x00000000a6400000, 0x00000000a6400000, 0x00000000a6500000|  0%| F|  |TAMS 0x00000000a6400000| PB 0x00000000a6400000| Untracked 
|  87|0x00000000a6500000, 0x00000000a6500000, 0x00000000a6600000|  0%| F|  |TAMS 0x00000000a6500000| PB 0x00000000a6500000| Untracked 
|  88|0x00000000a6600000, 0x00000000a6600000, 0x00000000a6700000|  0%| F|  |TAMS 0x00000000a6600000| PB 0x00000000a6600000| Untracked 
|  89|0x00000000a6700000, 0x00000000a67d8a50, 0x00000000a6800000| 84%| E|  |TAMS 0x00000000a6700000| PB 0x00000000a6700000| Complete 
|  90|0x00000000a6800000, 0x00000000a6900000, 0x00000000a6900000|100%| E|CS|TAMS 0x00000000a6800000| PB 0x00000000a6800000| Complete 
|  91|0x00000000a6900000, 0x00000000a6a00000, 0x00000000a6a00000|100%| E|CS|TAMS 0x00000000a6900000| PB 0x00000000a6900000| Complete 
|  92|0x00000000a6a00000, 0x00000000a6b00000, 0x00000000a6b00000|100%| E|CS|TAMS 0x00000000a6a00000| PB 0x00000000a6a00000| Complete 
|  93|0x00000000a6b00000, 0x00000000a6c00000, 0x00000000a6c00000|100%| E|CS|TAMS 0x00000000a6b00000| PB 0x00000000a6b00000| Complete 
|  94|0x00000000a6c00000, 0x00000000a6d00000, 0x00000000a6d00000|100%| E|CS|TAMS 0x00000000a6c00000| PB 0x00000000a6c00000| Complete 
|  95|0x00000000a6d00000, 0x00000000a6e00000, 0x00000000a6e00000|100%| E|CS|TAMS 0x00000000a6d00000| PB 0x00000000a6d00000| Complete 

Card table byte_map: [0x00000258fe800000,0x00000258feb00000] _byte_map_base: 0x00000258fe2f9000

Marking Bits: (CMBitMap*) 0x00000258f297bee0
 Bits: [0x0000025880000000, 0x00000258817c8000)

Polling page: 0x00000258f29f0000

Metaspace:

Usage:
  Non-class:      4.53 MB used.
      Class:    689.41 KB used.
       Both:      5.20 MB used.

Virtual space:
  Non-class space:       64.00 MB reserved,       4.62 MB (  7%) committed,  1 nodes.
      Class space:        1.00 GB reserved,     768.00 KB ( <1%) committed,  1 nodes.
             Both:        1.06 GB reserved,       5.38 MB ( <1%) committed. 

Chunk freelists:
   Non-Class:  9.36 MB
       Class:  15.28 MB
        Both:  24.64 MB

MaxMetaspaceSize: unlimited
CompressedClassSpaceSize: 1.00 GB
Initial GC threshold: 21.00 MB
Current GC threshold: 21.00 MB
CDS: on
 - commit_granule_bytes: 65536.
 - commit_granule_words: 8192.
 - virtual_space_node_default_size: 8388608.
 - enlarge_chunks_in_place: 1.
 - use_allocation_guard: 0.


Internal statistics:

num_allocs_failed_limit: 0.
num_arena_births: 144.
num_arena_deaths: 0.
num_vsnodes_births: 2.
num_vsnodes_deaths: 0.
num_space_committed: 86.
num_space_uncommitted: 0.
num_chunks_returned_to_freelist: 0.
num_chunks_taken_from_freelist: 335.
num_chunk_merges: 0.
num_chunk_splits: 189.
num_chunks_enlarged: 99.
num_inconsistent_stats: 0.

CodeCache: size=49152Kb used=3935Kb max_used=3935Kb free=45216Kb
 bounds [0x00000258fb0c0000, 0x00000258fb4a0000, 0x00000258fe0c0000]
 total_blobs=1503 nmethods=1051 adapters=375
 compilation: enabled
              stopped_count=0, restarted_count=0
 full_count=0

Compilation events (20 events):
Event: 3.157 Thread 0x00000258ff0d3d10 nmethod 1037 0x00000258fb491490 code [0x00000258fb491620, 0x00000258fb4916f8]
Event: 3.158 Thread 0x00000258ff126d30 nmethod 1036 0x00000258fb491790 code [0x00000258fb491a80, 0x00000258fb492590]
Event: 3.162 Thread 0x00000258ff0d3d10 1038       1       jdk.internal.org.objectweb.asm.MethodWriter::visitCode (1 bytes)
Event: 3.162 Thread 0x00000258ff0d3d10 nmethod 1038 0x00000258fb492b90 code [0x00000258fb492d20, 0x00000258fb492de8]
Event: 3.162 Thread 0x00000258ff0d3d10 1039       1       java.lang.invoke.LambdaForm$Name::replaceNames (175 bytes)
Event: 3.164 Thread 0x00000258ff0d3d10 nmethod 1039 0x00000258fb492e90 code [0x00000258fb4930c0, 0x00000258fb493798]
Event: 3.164 Thread 0x00000258ff0d3d10 1040       1       java.lang.reflect.Constructor::getModifiers (5 bytes)
Event: 3.164 Thread 0x00000258ff0d3d10 nmethod 1040 0x00000258fb493c10 code [0x00000258fb493da0, 0x00000258fb493e68]
Event: 3.169 Thread 0x00000258ff0d3d10 1042   !   1       java.lang.invoke.MethodHandle::setVarargs (25 bytes)
Event: 3.169 Thread 0x00000258ff130940 1043       1       java.lang.invoke.MemberName::isVarargs (23 bytes)
Event: 3.169 Thread 0x00000258ff130940 nmethod 1043 0x00000258fb494210 code [0x00000258fb4943a0, 0x00000258fb4944d0]
Event: 3.169 Thread 0x00000258ff0d3d10 nmethod 1042 0x00000258fb494510 code [0x00000258fb4946e0, 0x00000258fb4948f8]
Event: 3.170 Thread 0x00000258ff130940 1044       1       java.util.regex.Pattern::has (15 bytes)
Event: 3.170 Thread 0x00000258ff130940 nmethod 1044 0x00000258fb494a10 code [0x00000258fb494ba0, 0x00000258fb494c80]
Event: 3.175 Thread 0x00000258ff126d30 1049       1       java.lang.invoke.DirectMethodHandle$Constructor::<init> (44 bytes)
Event: 3.176 Thread 0x00000258ff126d30 nmethod 1049 0x00000258fb497190 code [0x00000258fb497340, 0x00000258fb4974d8]
Event: 3.191 Thread 0x00000258ff126d30 1050       1       java.lang.ref.SoftReference::<init> (13 bytes)
Event: 3.191 Thread 0x00000258ff126d30 nmethod 1050 0x00000258fb497590 code [0x00000258fb497740, 0x00000258fb4978d0]
Event: 3.197 Thread 0x00000258ff0d3d10 1051       1       java.lang.reflect.Constructor::getDeclaringClass (5 bytes)
Event: 3.198 Thread 0x00000258ff0d3d10 nmethod 1051 0x00000258fb497990 code [0x00000258fb497b20, 0x00000258fb497be8]

GC Heap History (2 events):
Event: 2.513 GC heap before
{Heap before GC invocations=0 (full 0):
 garbage-first heap   total 98304K, used 12288K [0x00000000a0e00000, 0x0000000100000000)
  region size 1024K, 13 young (13312K), 0 survivors (0K)
 Metaspace       used 3325K, committed 3456K, reserved 1114112K
  class space    used 418K, committed 448K, reserved 1048576K
}
Event: 2.528 GC heap after
{Heap after GC invocations=1 (full 0):
 garbage-first heap   total 98304K, used 4548K [0x00000000a0e00000, 0x0000000100000000)
  region size 1024K, 2 young (2048K), 2 survivors (2048K)
 Metaspace       used 3325K, committed 3456K, reserved 1114112K
  class space    used 418K, committed 448K, reserved 1048576K
}

Dll operation events (5 events):
Event: 0.036 Loaded shared library C:\Users\palak\Downloads\java-21-openjdk-21.0.1.0.12-3.win.jdk.x86_64\java-21-openjdk-21.0.1.0.12-3.win.jdk.x86_64\bin\java.dll
Event: 0.584 Loaded shared library C:\Users\palak\Downloads\java-21-openjdk-21.0.1.0.12-3.win.jdk.x86_64\java-21-openjdk-21.0.1.0.12-3.win.jdk.x86_64\bin\net.dll
Event: 0.598 Loaded shared library C:\Users\palak\Downloads\java-21-openjdk-21.0.1.0.12-3.win.jdk.x86_64\java-21-openjdk-21.0.1.0.12-3.win.jdk.x86_64\bin\nio.dll
Event: 0.789 Loaded shared library C:\Users\palak\Downloads\java-21-openjdk-21.0.1.0.12-3.win.jdk.x86_64\java-21-openjdk-21.0.1.0.12-3.win.jdk.x86_64\bin\zip.dll
Event: 1.626 Loaded shared library C:\Users\palak\Downloads\java-21-openjdk-21.0.1.0.12-3.win.jdk.x86_64\java-21-openjdk-21.0.1.0.12-3.win.jdk.x86_64\bin\jimage.dll

Deoptimization events (0 events):
No events

Classes loaded (20 events):
Event: 3.143 Loading class java/util/concurrent/Executors
Event: 3.144 Loading class java/util/concurrent/Executors done
Event: 3.144 Loading class java/util/concurrent/ThreadPoolExecutor
Event: 3.144 Loading class java/util/concurrent/ThreadPoolExecutor done
Event: 3.145 Loading class java/util/concurrent/ThreadPoolExecutor$AbortPolicy
Event: 3.145 Loading class java/util/concurrent/RejectedExecutionHandler
Event: 3.145 Loading class java/util/concurrent/RejectedExecutionHandler done
Event: 3.145 Loading class java/util/concurrent/ThreadPoolExecutor$AbortPolicy done
Event: 3.145 Loading class java/util/concurrent/SynchronousQueue
Event: 3.145 Loading class java/util/concurrent/SynchronousQueue done
Event: 3.145 Loading class java/util/concurrent/SynchronousQueue$TransferStack
Event: 3.145 Loading class java/util/concurrent/SynchronousQueue$Transferer
Event: 3.145 Loading class java/util/concurrent/SynchronousQueue$Transferer done
Event: 3.145 Loading class java/util/concurrent/SynchronousQueue$TransferStack done
Event: 3.146 Loading class java/util/concurrent/SynchronousQueue$TransferStack$SNode
Event: 3.146 Loading class java/util/concurrent/SynchronousQueue$TransferStack$SNode done
Event: 3.170 Loading class java/util/Formatter$FixedString
Event: 3.171 Loading class java/util/Formatter$FixedString done
Event: 3.207 Loading class java/io/StringWriter
Event: 3.207 Loading class java/io/StringWriter done

Classes unloaded (0 events):
No events

Classes redefined (0 events):
No events

Internal exceptions (20 events):
Event: 1.875 Thread 0x00000258f292f890 Exception <a 'java/io/FileNotFoundException'{0x00000000a6663398}> (0x00000000a6663398) 
thrown [s\src\hotspot\share\prims\jni.cpp, line 520]
Event: 1.984 Thread 0x00000258f292f890 Exception <a 'java/lang/NoSuchMethodError'{0x00000000a66ee708}: 'java.lang.Object java.lang.invoke.DirectMethodHandle$Holder.invokeSpecial(java.lang.Object, java.lang.Object, java.lang.Object, long, java.lang.Object)'> (0x00000000a66ee708) 
thrown [s\src\hotspot\share\interpreter\linkResolver.cpp, line 773]
Event: 1.984 Thread 0x00000258f292f890 Exception <a 'java/lang/NoSuchMethodError'{0x00000000a66f2058}: 'java.lang.Object java.lang.invoke.Invokers$Holder.linkToTargetMethod(java.lang.Object, long, java.lang.Object, java.lang.Object)'> (0x00000000a66f2058) 
thrown [s\src\hotspot\share\interpreter\linkResolver.cpp, line 773]
Event: 2.215 Thread 0x00000258f292f890 Exception <a 'java/lang/NoSuchMethodError'{0x00000000a64fec28}: 'void java.lang.invoke.DirectMethodHandle$Holder.invokeStatic(java.lang.Object, java.lang.Object, java.lang.Object, java.lang.Object)'> (0x00000000a64fec28) 
thrown [s\src\hotspot\share\interpreter\linkResolver.cpp, line 773]
Event: 2.321 Thread 0x00000258f292f890 Exception <a 'java/lang/NoSuchMethodError'{0x00000000a6212aa0}: 'int java.lang.invoke.DirectMethodHandle$Holder.invokeStaticInit(java.lang.Object, java.lang.Object)'> (0x00000000a6212aa0) 
thrown [s\src\hotspot\share\interpreter\linkResolver.cpp, line 773]
Event: 2.340 Thread 0x00000258f292f890 Exception <a 'java/lang/NoSuchMethodError'{0x00000000a623ee80}: 'void java.lang.invoke.DirectMethodHandle$Holder.invokeInterface(java.lang.Object, java.lang.Object, java.lang.Object, java.lang.Object)'> (0x00000000a623ee80) 
thrown [s\src\hotspot\share\interpreter\linkResolver.cpp, line 773]
Event: 2.528 Thread 0x00000258f292f890 Exception <a 'java/lang/NoSuchMethodError'{0x00000000a6d00148}: 'java.lang.Object java.lang.invoke.DirectMethodHandle$Holder.invokeInterface(java.lang.Object, java.lang.Object)'> (0x00000000a6d00148) 
thrown [s\src\hotspot\share\interpreter\linkResolver.cpp, line 773]
Event: 2.544 Thread 0x00000258f292f890 Exception <a 'java/lang/NoSuchMethodError'{0x00000000a6d33328}: 'void java.lang.invoke.DirectMethodHandle$Holder.invokeStatic(java.lang.Object, java.lang.Object, java.lang.Object)'> (0x00000000a6d33328) 
thrown [s\src\hotspot\share\interpreter\linkResolver.cpp, line 773]
Event: 2.550 Thread 0x00000258f292f890 Exception <a 'java/lang/NoSuchMethodError'{0x00000000a6d9c8d0}: 'java.lang.Object java.lang.invoke.DirectMethodHandle$Holder.invokeSpecialIFC(java.lang.Object, java.lang.Object, java.lang.Object, java.lang.Object)'> (0x00000000a6d9c8d0) 
thrown [s\src\hotspot\share\interpreter\linkResolver.cpp, line 773]
Event: 2.558 Thread 0x00000258f292f890 Exception <a 'java/lang/NoSuchMethodError'{0x00000000a6db57b8}: 'java.lang.Object java.lang.invoke.DirectMethodHandle$Holder.invokeInterface(java.lang.Object, java.lang.Object, java.lang.Object)'> (0x00000000a6db57b8) 
thrown [s\src\hotspot\share\interpreter\linkResolver.cpp, line 773]
Event: 2.615 Thread 0x00000258f292f890 Exception <a 'java/lang/NoSuchMethodError'{0x00000000a6cbba28}: 'int java.lang.invoke.DirectMethodHandle$Holder.invokeStaticInit(java.lang.Object, java.lang.Object, java.lang.Object)'> (0x00000000a6cbba28) 
thrown [s\src\hotspot\share\interpreter\linkResolver.cpp, line 773]
Event: 2.643 Thread 0x00000258f292f890 Exception <a 'java/lang/NoSuchMethodError'{0x00000000a6b16898}: 'java.lang.Object java.lang.invoke.DirectMethodHandle$Holder.newInvokeSpecial(java.lang.Object, java.lang.Object, java.lang.Object, java.lang.Object, java.lang.Object)'> (0x00000000a6b16898) 
thrown [s\src\hotspot\share\interpreter\linkResolver.cpp, line 773]
Event: 2.659 Thread 0x00000258f292f890 Exception <a 'java/lang/NoSuchMethodError'{0x00000000a6b675f8}: 'java.lang.Object java.lang.invoke.DirectMethodHandle$Holder.invokeStaticInit(java.lang.Object, java.lang.Object, java.lang.Object)'> (0x00000000a6b675f8) 
thrown [s\src\hotspot\share\interpreter\linkResolver.cpp, line 773]
Event: 2.706 Thread 0x00000258f292f890 Exception <a 'java/lang/IncompatibleClassChangeError'{0x00000000a6bdf7c8}: Found class java.lang.Object, but interface was expected> (0x00000000a6bdf7c8) 
thrown [s\src\hotspot\share\interpreter\linkResolver.cpp, line 840]
Event: 2.811 Thread 0x00000258f292f890 Exception <a 'sun/nio/fs/WindowsException'{0x00000000a6a77c50}> (0x00000000a6a77c50) 
thrown [s\src\hotspot\share\prims\jni.cpp, line 520]
Event: 3.141 Thread 0x00000258f292f890 Exception <a 'java/lang/NoSuchMethodError'{0x00000000a68efe40}: 'java.lang.Object java.lang.invoke.DirectMethodHandle$Holder.invokeStatic(java.lang.Object, long, java.lang.Object)'> (0x00000000a68efe40) 
thrown [s\src\hotspot\share\interpreter\linkResolver.cpp, line 773]
Event: 3.142 Thread 0x00000258f292f890 Exception <a 'java/lang/NoSuchMethodError'{0x00000000a68f31e8}: 'java.lang.Object java.lang.invoke.DirectMethodHandle$Holder.invokeStaticInit(java.lang.Object, long, java.lang.Object)'> (0x00000000a68f31e8) 
thrown [s\src\hotspot\share\interpreter\linkResolver.cpp, line 773]
Event: 3.143 Thread 0x00000258f292f890 Exception <a 'java/lang/NoSuchMethodError'{0x00000000a68f8718}: 'java.lang.Object java.lang.invoke.DirectMethodHandle$Holder.newInvokeSpecial(java.lang.Object, long)'> (0x00000000a68f8718) 
thrown [s\src\hotspot\share\interpreter\linkResolver.cpp, line 773]
Event: 3.168 Thread 0x00000258f292f890 Exception <a 'java/lang/OutOfMemoryError'{0x00000000a6737290}> (0x00000000a6737290) 
thrown [s\src\hotspot\share\prims\jni.cpp, line 539]
Event: 3.172 Thread 0x00000258f292f890 Exception <a 'java/lang/NoSuchMethodError'{0x00000000a6742fd8}: 'void java.lang.invoke.DirectMethodHandle$Holder.invokeSpecial(java.lang.Object, java.lang.Object, java.lang.Object, java.lang.Object, java.lang.Object)'> (0x00000000a6742fd8) 
thrown [s\src\hotspot\share\interpreter\linkResolver.cpp, line 773]

ZGC Phase Switch (0 events):
No events

VM Operations (12 events):
Event: 0.871 Executing VM operation: HandshakeAllThreads (Deoptimize)
Event: 0.871 Executing VM operation: HandshakeAllThreads (Deoptimize) done
Event: 1.662 Executing VM operation: HandshakeAllThreads (Deoptimize)
Event: 1.662 Executing VM operation: HandshakeAllThreads (Deoptimize) done
Event: 1.662 Executing VM operation: Cleanup
Event: 1.662 Executing VM operation: Cleanup done
Event: 2.504 Executing VM operation: HandshakeAllThreads (Deoptimize)
Event: 2.504 Executing VM operation: HandshakeAllThreads (Deoptimize) done
Event: 2.513 Executing VM operation: G1CollectForAllocation (G1 Evacuation Pause)
Event: 2.528 Executing VM operation: G1CollectForAllocation (G1 Evacuation Pause) done
Event: 2.815 Executing VM operation: HandshakeAllThreads (Deoptimize)
Event: 2.815 Executing VM operation: HandshakeAllThreads (Deoptimize) done

Events (12 events):
Event: 0.071 Thread 0x00000258f292f890 Thread added: 0x00000258f292f890
Event: 0.117 Thread 0x00000258ff0c4970 Thread added: 0x00000258ff0c4970
Event: 0.129 Thread 0x00000258ff0c7200 Thread added: 0x00000258ff0c7200
Event: 0.138 Thread 0x00000258ff0cb4c0 Thread added: 0x00000258ff0cb4c0
Event: 0.151 Thread 0x00000258ff0cedc0 Thread added: 0x00000258ff0cedc0
Event: 0.161 Thread 0x00000258ff0d0540 Thread added: 0x00000258ff0d0540
Event: 0.165 Thread 0x00000258ff0d1cc0 Thread added: 0x00000258ff0d1cc0
Event: 0.183 Thread 0x00000258ff0d3d10 Thread added: 0x00000258ff0d3d10
Event: 0.295 Thread 0x00000258ff126d30 Thread added: 0x00000258ff126d30
Event: 0.314 Thread 0x00000258ff130940 Thread added: 0x00000258ff130940
Event: 0.554 Thread 0x00000258839b7fd0 Thread added: 0x00000258839b7fd0
Event: 0.567 Thread 0x00000258839baa20 Thread added: 0x00000258839baa20


Dynamic libraries:
0x00007ff6bfb80000 - 0x00007ff6bfb8e000 	C:\Users\palak\Downloads\java-21-openjdk-21.0.1.0.12-3.win.jdk.x86_64\java-21-openjdk-21.0.1.0.12-3.win.jdk.x86_64\bin\java.exe
0x00007ff99cf00000 - 0x00007ff99d163000 	C:\WINDOWS\SYSTEM32\ntdll.dll
0x00007ff99b730000 - 0x00007ff99b7f7000 	C:\WINDOWS\System32\KERNEL32.DLL
0x00007ff99a5a0000 - 0x00007ff99a969000 	C:\WINDOWS\System32\KERNELBASE.dll
0x00007ff99a240000 - 0x00007ff99a38c000 	C:\WINDOWS\System32\ucrtbase.dll
0x00007ff91b410000 - 0x00007ff91b428000 	C:\Users\palak\Downloads\java-21-openjdk-21.0.1.0.12-3.win.jdk.x86_64\java-21-openjdk-21.0.1.0.12-3.win.jdk.x86_64\bin\jli.dll
0x00007ff99c180000 - 0x00007ff99c34a000 	C:\WINDOWS\System32\USER32.dll
0x00007ff99aa00000 - 0x00007ff99aa27000 	C:\WINDOWS\System32\win32u.dll
0x00007ff99b700000 - 0x00007ff99b72a000 	C:\WINDOWS\System32\GDI32.dll
0x00007ff99a100000 - 0x00007ff99a231000 	C:\WINDOWS\System32\gdi32full.dll
0x00007ff99a4f0000 - 0x00007ff99a593000 	C:\WINDOWS\System32\msvcp_win.dll
0x00007ff91c140000 - 0x00007ff91c15b000 	C:\Users\palak\Downloads\java-21-openjdk-21.0.1.0.12-3.win.jdk.x86_64\java-21-openjdk-21.0.1.0.12-3.win.jdk.x86_64\bin\VCRUNTIME140.dll
0x00007ff97bba0000 - 0x00007ff97be30000 	C:\WINDOWS\WinSxS\amd64_microsoft.windows.common-controls_6595b64144ccf1df_6.0.26100.3323_none_3e088096e3344490\COMCTL32.dll
0x00007ff99cb40000 - 0x00007ff99cbe9000 	C:\WINDOWS\System32\msvcrt.dll
0x00007ff99c670000 - 0x00007ff99c69f000 	C:\WINDOWS\System32\IMM32.DLL
0x00007ff95f980000 - 0x00007ff95f98c000 	C:\Users\palak\Downloads\java-21-openjdk-21.0.1.0.12-3.win.jdk.x86_64\java-21-openjdk-21.0.1.0.12-3.win.jdk.x86_64\bin\vcruntime140_1.dll
0x00007ff919990000 - 0x00007ff919a1e000 	C:\Users\palak\Downloads\java-21-openjdk-21.0.1.0.12-3.win.jdk.x86_64\java-21-openjdk-21.0.1.0.12-3.win.jdk.x86_64\bin\msvcp140.dll
0x00007ff9137c0000 - 0x00007ff914541000 	C:\Users\palak\Downloads\java-21-openjdk-21.0.1.0.12-3.win.jdk.x86_64\java-21-openjdk-21.0.1.0.12-3.win.jdk.x86_64\bin\server\jvm.dll
0x00007ff99ce00000 - 0x00007ff99ceb2000 	C:\WINDOWS\System32\ADVAPI32.dll
0x00007ff99c080000 - 0x00007ff99c126000 	C:\WINDOWS\System32\sechost.dll
0x00007ff99cce0000 - 0x00007ff99cdf6000 	C:\WINDOWS\System32\RPCRT4.dll
0x00007ff99ae90000 - 0x00007ff99af04000 	C:\WINDOWS\System32\WS2_32.dll
0x00007ff999f90000 - 0x00007ff999fde000 	C:\WINDOWS\SYSTEM32\POWRPROF.dll
0x00007ff993630000 - 0x00007ff993666000 	C:\WINDOWS\SYSTEM32\WINMM.dll
0x00007ff993ad0000 - 0x00007ff993adb000 	C:\WINDOWS\SYSTEM32\VERSION.dll
0x00007ff999f70000 - 0x00007ff999f84000 	C:\WINDOWS\SYSTEM32\UMPDC.dll
0x00007ff998f20000 - 0x00007ff998f3a000 	C:\WINDOWS\SYSTEM32\kernel.appcore.dll
0x00007ff9305d0000 - 0x00007ff9305da000 	C:\Users\palak\Downloads\java-21-openjdk-21.0.1.0.12-3.win.jdk.x86_64\java-21-openjdk-21.0.1.0.12-3.win.jdk.x86_64\bin\jimage.dll
0x00007ff98b0a0000 - 0x00007ff98b2e1000 	C:\WINDOWS\SYSTEM32\DBGHELP.DLL
0x00007ff99b0b0000 - 0x00007ff99b432000 	C:\WINDOWS\System32\combase.dll
0x00007ff99c350000 - 0x00007ff99c426000 	C:\WINDOWS\System32\OLEAUT32.dll
0x00007ff97afb0000 - 0x00007ff97afe9000 	C:\WINDOWS\SYSTEM32\dbgcore.DLL
0x00007ff99a390000 - 0x00007ff99a429000 	C:\WINDOWS\System32\bcryptPrimitives.dll
0x00007ff91a710000 - 0x00007ff91a72f000 	C:\Users\palak\Downloads\java-21-openjdk-21.0.1.0.12-3.win.jdk.x86_64\java-21-openjdk-21.0.1.0.12-3.win.jdk.x86_64\bin\java.dll
0x00007ff99b800000 - 0x00007ff99bf15000 	C:\WINDOWS\System32\SHELL32.dll
0x00007ff99abb0000 - 0x00007ff99ad18000 	C:\WINDOWS\System32\wintypes.dll
0x00007ff997de0000 - 0x00007ff998625000 	C:\WINDOWS\SYSTEM32\windows.storage.dll
0x00007ff99cbf0000 - 0x00007ff99ccdb000 	C:\WINDOWS\System32\SHCORE.dll
0x00007ff99c590000 - 0x00007ff99c5ed000 	C:\WINDOWS\System32\shlwapi.dll
0x00007ff99a010000 - 0x00007ff99a03f000 	C:\WINDOWS\SYSTEM32\profapi.dll
0x00007ff91b2c0000 - 0x00007ff91b2d0000 	C:\Users\palak\Downloads\java-21-openjdk-21.0.1.0.12-3.win.jdk.x86_64\java-21-openjdk-21.0.1.0.12-3.win.jdk.x86_64\bin\net.dll
0x00007ff98fb60000 - 0x00007ff98fc7e000 	C:\WINDOWS\SYSTEM32\WINHTTP.dll
0x00007ff999440000 - 0x00007ff9994aa000 	C:\WINDOWS\system32\mswsock.dll
0x00007ff91a150000 - 0x00007ff91a166000 	C:\Users\palak\Downloads\java-21-openjdk-21.0.1.0.12-3.win.jdk.x86_64\java-21-openjdk-21.0.1.0.12-3.win.jdk.x86_64\bin\nio.dll
0x00007ff91a040000 - 0x00007ff91a058000 	C:\Users\palak\Downloads\java-21-openjdk-21.0.1.0.12-3.win.jdk.x86_64\java-21-openjdk-21.0.1.0.12-3.win.jdk.x86_64\bin\zip.dll

dbghelp: loaded successfully - version: 4.0.5 - missing functions: none
symbol engine: initialized successfully - sym options: 0x614 - pdb path: .;C:\Users\palak\Downloads\java-21-openjdk-21.0.1.0.12-3.win.jdk.x86_64\java-21-openjdk-21.0.1.0.12-3.win.jdk.x86_64\bin;C:\WINDOWS\SYSTEM32;C:\WINDOWS\WinSxS\amd64_microsoft.windows.common-controls_6595b64144ccf1df_6.0.26100.3323_none_3e088096e3344490;C:\Users\palak\Downloads\java-21-openjdk-21.0.1.0.12-3.win.jdk.x86_64\java-21-openjdk-21.0.1.0.12-3.win.jdk.x86_64\bin\server

VM Arguments:
jvm_args: -XX:TieredStopAtLevel=1 
java_command: com.example.DemoApplication
java_class_path (initial): C:\Users\palak\Downloads\demo\target\classes;C:\Users\palak\.m2\repository\org\springframework\boot\spring-boot\3.4.2\spring-boot-3.4.2.jar;C:\Users\palak\.m2\repository\org\springframework\boot\spring-boot-autoconfigure\3.4.2\spring-boot-autoconfigure-3.4.2.jar;C:\Users\palak\.m2\repository\ch\qos\logback\logback-classic\1.5.16\logback-classic-1.5.16.jar;C:\Users\palak\.m2\repository\ch\qos\logback\logback-core\1.5.16\logback-core-1.5.16.jar;C:\Users\palak\.m2\repository\org\apache\logging\log4j\log4j-to-slf4j\2.24.3\log4j-to-slf4j-2.24.3.jar;C:\Users\palak\.m2\repository\org\apache\logging\log4j\log4j-api\2.24.3\log4j-api-2.24.3.jar;C:\Users\palak\.m2\repository\org\slf4j\jul-to-slf4j\2.0.16\jul-to-slf4j-2.0.16.jar;C:\Users\palak\.m2\repository\jakarta\annotation\jakarta.annotation-api\2.1.1\jakarta.annotation-api-2.1.1.jar;C:\Users\palak\.m2\repository\org\yaml\snakeyaml\2.3\snakeyaml-2.3.jar;C:\Users\palak\.m2\repository\org\mongodb\mongodb-driver-sync\5.2.1\mongodb-driver-sync-5.2.1.jar;C:\Users\palak\.m2\repository\org\mongodb\bson\5.2.1\bson-5.2.1.jar;C:\Users\palak\.m2\repository\org\mongodb\mongodb-driver-core\5.2.1\mongodb-driver-core-5.2.1.jar;C:\Users\palak\.m2\repository\org\mongodb\bson-record-codec\5.2.1\bson-record-codec-5.2.1.jar;C:\Users\palak\.m2\repository\org\springframework\data\spring-data-mongodb\4.4.2\spring-data-mongodb-4.4.2.jar;C:\Users\palak\.m2\repository\org\springframework\spring-tx\6.2.2\spring-tx-6.2.2.jar;C:\Users\palak\.m2\repository\org\springframework\spring-context\6.2.2\spring-context-6.2.2.jar;C:\Users\palak\.m2\repository\org\springframework\spring-beans\6.2.2\spring-beans-6.2.2.jar;C:\Users\palak\.m2\repository\org\springframework\spring-expression\6.2.2\spring-expression-6.2.2.jar;C:\Users\palak\.m2\repository\org\springframework\data\spring-data-commons\3.4.2\spring-data-commons-3.4.2.jar;C:\Users\palak\.m2\repository\org\slf4j\slf4j-api\2.0.16\slf4j-api-2.0.16.jar;C:\Users\palak\.m2\repository\jakarta\persistence\jakarta.persistence-api\3.1.0\jakarta.persistence-api-3.1.0.jar;C:\Users\palak\.m2\repository\com\fasterxml\jackson\core\jackson-databind\2.18.2\jackson-databind-2.18.2.jar;C:\Users\palak\.m2\repository\com\fasterxml\jackson\core\jackson-annotations\2.18.2\jackson-annotations-2.18.2.jar;C:\Users\palak\.m2\repository\com\fasterxml\jackson\core\jackson-core\2.18.2\jackson-core-2.18.2.jar;C:\Users\palak\.m2\repository\com\fasterxml\jackson\datatype\jackson-datatype-jdk8\2.18.2\jackson-datatype-jdk8-2.18.2.jar;C:\Users\palak\.m2\repository\com\fasterxml\jackson\datatype\jackson-datatype-jsr310\2.18.2\jackson-datatype-jsr310-2.18.2.jar;C:\Users\palak\.m2\repository\com\fasterxml\jackson\module\jackson-module-parameter-names\2.18.2\jackson-module-parameter-names-2.18.2.jar;C:\Users\palak\.m2\repository\org\apache\tomcat\embed\tomcat-embed-core\10.1.34\tomcat-embed-core-10.1.34.jar;C:\Users\palak\.m2\repository\org\apache\tomcat\embed\tomcat-embed-el\10.1.34\tomcat-embed-el-10.1.34.jar;C:\Users\palak\.m2\repository\org\apache\tomcat\embed\tomcat-embed-websocket\10.1.34\tomcat-embed-websocket-10.1.34.jar;C:\Users\palak\.m2\repository\org\springframework\spring-web\6.2.2\spring-web-6.2.2.jar;C:\Users\palak\.m2\repository\io\micrometer\micrometer-observation\1.14.3\micrometer-observation-1.14.3.jar;C:\Users\palak\.m2\repository\io\micrometer\micrometer-commons\1.14.3\micrometer-commons-1.14.3.jar;C:\Users\palak\.m2\repository\org\springframework\spring-webmvc\6.2.2\spring-webmvc-6.2.2.jar;C:\Users\palak\.m2\repository\com\razorpay\razorpay-java\1.4.3\razorpay-java-1.4.3.jar;C:\Users\palak\.m2\repository\org\json\json\20180130\json-20180130.jar;C:\Users\palak\.m2\repository\com\squareup\okhttp3\okhttp\3.10.0\okhttp-3.10.0.jar;C:\Users\palak\.m2\repository\com\squareup\okio\okio\1.14.0\okio-1.14.0.jar;C:\Users\palak\.m2\repository\com\squareup\okhttp3\logging-interceptor\3.10.0\logging-interceptor-3.10.0.jar;C:\Users\palak\.m2\repository\commons-codec\commons-codec\1.17.2\commons-codec-1.17.2.jar;C:\Users\palak\.m2\repository\org\apache\commons\commons-text\1.3\commons-text-1.3.jar;C:\Users\palak\.m2\repository\org\apache\commons\commons-lang3\3.17.0\commons-lang3-3.17.0.jar;C:\Users\palak\.m2\repository\org\springframework\spring-aop\6.2.2\spring-aop-6.2.2.jar;C:\Users\palak\.m2\repository\org\springframework\security\spring-security-config\6.4.2\spring-security-config-6.4.2.jar;C:\Users\palak\.m2\repository\org\springframework\security\spring-security-core\6.4.2\spring-security-core-6.4.2.jar;C:\Users\palak\.m2\repository\org\springframework\security\spring-security-crypto\6.4.2\spring-security-crypto-6.4.2.jar;C:\Users\palak\.m2\repository\org\springframework\security\spring-security-web\6.4.2\spring-security-web-6.4.2.jar;C:\Users\palak\.m2\repository\org\springframework\spring-core\6.2.2\spring-core-6.2.2.jar;C:\Users\palak\.m2\repository\org\springframework\spring-jcl\6.2.2\spring-jcl-6.2.2.jar
Launcher Type: SUN_STANDARD

[Global flags]
     intx CICompilerCount                          = 3                                         {product} {ergonomic}
     uint ConcGCThreads                            = 1                                         {product} {ergonomic}
     uint G1ConcRefinementThreads                  = 4                                         {product} {ergonomic}
   size_t G1HeapRegionSize                         = 1048576                                   {product} {ergonomic}
    uintx GCDrainStackTargetSize                   = 64                                        {product} {ergonomic}
   size_t InitialHeapSize                          = 100663296                                 {product} {ergonomic}
   size_t MarkStackSize                            = 4194304                                   {product} {ergonomic}
   size_t MaxHeapSize                              = 1595932672                                {product} {ergonomic}
   size_t MaxNewSize                               = 957349888                                 {product} {ergonomic}
   size_t MinHeapDeltaBytes                        = 1048576                                   {product} {ergonomic}
   size_t MinHeapSize                              = 8388608                                   {product} {ergonomic}
    uintx NonNMethodCodeHeapSize                   = 4096                                   {pd product} {ergonomic}
    uintx NonProfiledCodeHeapSize                  = 0                                      {pd product} {ergonomic}
     bool ProfileInterpreter                       = false                                  {pd product} {command line}
    uintx ProfiledCodeHeapSize                     = 0                                      {pd product} {ergonomic}
   size_t SoftMaxHeapSize                          = 1595932672                             {manageable} {ergonomic}
     intx TieredStopAtLevel                        = 1                                         {product} {command line}
     bool UseCompressedOops                        = true                           {product lp64_product} {ergonomic}
     bool UseG1GC                                  = true                                      {product} {ergonomic}
     bool UseLargePagesIndividualAllocation        = false                                  {pd product} {ergonomic}

Logging:
Log output configuration:
 #0: stdout all=warning uptime,level,tags foldmultilines=false
 #1: stderr all=off uptime,level,tags foldmultilines=false

Environment Variables:
JAVA_HOME=C:\Users\palak\Downloads\java-21-openjdk-21.0.1.0.12-3.win.jdk.x86_64\java-21-openjdk-21.0.1.0.12-3.win.jdk.x86_64
PATH=C:\Program Files (x86)\Common Files\Oracle\Java\java8path;C:\Program Files (x86)\Common Files\Oracle\Java\javapath;C:\WINDOWS\system32;C:\WINDOWS;C:\WINDOWS\System32\Wbem;C:\WINDOWS\System32\WindowsPowerShell\v1.0\;C:\WINDOWS\System32\OpenSSH\;C:\Users\palak\Downloads\java-21-openjdk-21.0.1.0.12-3.win.jdk.x86_64\java-21-openjdk-21.0.1.0.12-3.win.jdk.x86_64\bin;C:\Users\palak\Downloads\apache-maven-3.9.8-bin\bin;c:\users\palak\appdata\local\packages\pythonsoftwarefoundation.python.3.11_qbz5n2kfra8p0\localcache\local-packages\python311\site-packages;C:\ProgramData\chocolatey\bin;C:\Program Files\nodejs\;C:\Users\palak\AppData\Local\Programs\Python\Python312\Scripts;C:\Program Files\Git\cmd;C:\Users\palak\Downloads\flutter_windows_3.27.3-stable\flutter\bin;C:\Users\palak\AppData\Local\Android\Sdk\cmdline-tools\latest\bin;C:\Users\palak\AppData\Local\Android\Sdk\platform-tools;C:\ffmpeg;C:\Program Files\MongoDB\Server\8.0\bin;C:\Users\palak\AppData\Local\Programs\Python\Python313\Scripts\;C:\Users\palak\AppData\Local\Programs\Python\Python313\;C:\Users\palak\AppData\Local\Programs\Python\Python312\Scripts\;C:\Users\palak\AppData\Local\Programs\Python\Python312\;C:\Users\palak\AppData\Local\Programs\Python\Launcher\;C:\Program Files\MySQL\MySQL Shell 8.0\bin\;C:\Users\palak\AppData\Local\Microsoft\WindowsApps;C:\Users\palak\AppData\Local\Programs\Microsoft VS Code\bin;C:\Program Files\JetBrains\IntelliJ IDEA Community Edition 2023.3.3\bin;C:\Users\palak\AppData\Local\JetBrains\CLion 2023.3.4\bin;C:\Program Files\JetBrains\PyCharm 2024.1.2\bin;C:\Program Files\JetBrains\PyCharm Community Edition 2024.1.4\bin;C:\Users\palak\AppData\Local\JetBrains\Toolbox\scripts;C:\Users\palak\AppData\Roaming\npm;C:\Users\palak\AppData\Local\GitHubDesktop\bin;C:\Users\palak\AppData\Local\Microsoft\WindowsApps;
USERNAME=palak
LANG=en_US.UTF-8
OS=Windows_NT
PROCESSOR_IDENTIFIER=AMD64 Family 23 Model 24 Stepping 1, AuthenticAMD
TMP=C:\Users\palak\AppData\Local\Temp
TEMP=C:\Users\palak\AppData\Local\Temp




Periodic native trim disabled

---------------  S Y S T E M  ---------------

OS:
 Windows 11 , 64 bit Build 26100 (10.0.26100.3323)
OS uptime: 0 days 0:51 hours

CPU: total 4 (initial active 4) (4 cores per cpu, 2 threads per core) family 23 model 24 stepping 1 microcode 0x8108109, cx8, cmov, fxsr, ht, mmx, 3dnowpref, sse, sse2, sse3, ssse3, sse4a, sse4.1, sse4.2, popcnt, lzcnt, tsc, tscinvbit, avx, avx2, aes, clmul, bmi1, bmi2, adx, sha, fma, vzeroupper, clflush, clflushopt, rdtscp, f16c
Processor Information for all 4 processors :
  Max Mhz: 2600, Current Mhz: 2600, Mhz Limit: 2600

Memory: 4k page, system-wide physical 6086M (406M free)
TotalPageFile size 14278M (AvailPageFile size 0M)
current process WorkingSet (physical memory assigned to process): 65M, peak: 65M
current process commit charge ("private bytes"): 176M, peak: 176M

vm_info: OpenJDK 64-Bit Server VM (21.0.1+12-LTS) for windows-amd64 JRE (21.0.1+12-LTS), built on 2023-10-17T00:00:00Z by "admin" with unknown MS VC++:1937

END.
