#
# There is insufficient memory for the Java Runtime Environment to continue.
# Native memory allocation (mmap) failed to map 65536 bytes for Failed to commit metaspace.
# Possible reasons:
#   The system is out of physical RAM or swap space
#   The process is running with CompressedOops enabled, and the Java Heap may be blocking the growth of the native heap
# Possible solutions:
#   Reduce memory load on the system
#   Increase physical memory or swap space
#   Check if swap backing store is full
#   Decrease Java heap size (-Xmx/-Xms)
#   Decrease number of Java threads
#   Decrease Java thread stack sizes (-Xss)
#   Set larger code cache with -XX:ReservedCodeCacheSize=
#   JVM is running with Unscaled Compressed Oops mode in which the Java heap is
#     placed in the first 4GB address space. The Java Heap base address is the
#     maximum limit for the native heap growth. Please use -XX:HeapBaseMinAddress
#     to set the Java Heap base and to place the Java Heap above 4GB virtual address.
# This output file may be truncated or incomplete.
#
#  Out of Memory Error (virtualSpaceNode.cpp:112), pid=21264, tid=16432
#
# JRE version: OpenJDK Runtime Environment (Red_Hat-21.0.1.0+12-3) (21.0.1+12) (build 21.0.1+12-LTS)
# Java VM: OpenJDK 64-Bit Server VM (Red_Hat-21.0.1.0+12-3) (21.0.1+12-LTS, mixed mode, emulated-client, sharing, tiered, compressed oops, compressed class ptrs, g1 gc, windows-amd64)
# No core dump will be written. Minidumps are not enabled by default on client versions of Windows
#

---------------  S U M M A R Y ------------

Command Line: -XX:TieredStopAtLevel=1 com.example.DemoApplication

Host: AMD Ryzen 3 3250U with Radeon Graphics         , 4 cores, 5G,  Windows 11 , 64 bit Build 26100 (10.0.26100.3323)
Time: Tue Mar 18 18:58:39 2025 India Standard Time elapsed time: 211.943365 seconds (0d 0h 3m 31s)

---------------  T H R E A D  ---------------

Current thread (0x0000022df0ab07e0):  JavaThread "cluster-ClusterId{value='67d9743ec3fbb84fa539902b', description='null'}-localhost:27017" daemon [_thread_in_vm, id=16432, stack(0x000000f16c400000,0x000000f16c500000) (1024K)]

Stack: [0x000000f16c400000,0x000000f16c500000]
Native frames: (J=compiled Java code, j=interpreted, Vv=VM code, C=native code)
V  [jvm.dll+0x6c7789]
V  [jvm.dll+0x8a2011]
V  [jvm.dll+0x8a44ae]
V  [jvm.dll+0x8a4b83]
V  [jvm.dll+0x27f936]
V  [jvm.dll+0x89dd8e]
V  [jvm.dll+0x66a6f5]
V  [jvm.dll+0x1e551c]
V  [jvm.dll+0x1e52ee]
V  [jvm.dll+0x66cfc2]
V  [jvm.dll+0x66cde2]
V  [jvm.dll+0x66b0ce]
V  [jvm.dll+0x26982f]
V  [jvm.dll+0x675305]
V  [jvm.dll+0x21636d]
V  [jvm.dll+0x2168ea]
V  [jvm.dll+0x217315]
V  [jvm.dll+0x20c8be]
V  [jvm.dll+0x5a9d5c]
V  [jvm.dll+0x81a716]
V  [jvm.dll+0x46ddf0]
V  [jvm.dll+0x473c98]
C  [java.dll+0x17ec]

Java frames: (J=compiled Java code, j=interpreted, Vv=VM code)
J 811  java.lang.ClassLoader.defineClass1(Ljava/lang/ClassLoader;Ljava/lang/String;[BIILjava/security/ProtectionDomain;Ljava/lang/String;)Ljava/lang/Class; java.base@21.0.1 (0 bytes) @ 0x0000022de3f3d191 [0x0000022de3f3d0c0+0x00000000000000d1]
J 958 c1 java.lang.ClassLoader.defineClass(Ljava/lang/String;[BIILjava/security/ProtectionDomain;)Ljava/lang/Class; java.base@21.0.1 (43 bytes) @ 0x0000022de3f72d7c [0x0000022de3f72c60+0x000000000000011c]
J 812 c1 jdk.internal.loader.BuiltinClassLoader.defineClass(Ljava/lang/String;Ljdk/internal/loader/Resource;)Ljava/lang/Class; java.base@21.0.1 (121 bytes) @ 0x0000022de3f3ed24 [0x0000022de3f3e7c0+0x0000000000000564]
J 808 c1 jdk.internal.loader.BuiltinClassLoader.findClassOnClassPathOrNull(Ljava/lang/String;)Ljava/lang/Class; java.base@21.0.1 (64 bytes) @ 0x0000022de3f3dac4 [0x0000022de3f3d7e0+0x00000000000002e4]
J 411 c1 jdk.internal.loader.BuiltinClassLoader.loadClassOrNull(Ljava/lang/String;Z)Ljava/lang/Class; java.base@21.0.1 (143 bytes) @ 0x0000022de3e96c8c [0x0000022de3e96880+0x000000000000040c]
J 653 c1 jdk.internal.loader.ClassLoaders$AppClassLoader.loadClass(Ljava/lang/String;Z)Ljava/lang/Class; java.base@21.0.1 (40 bytes) @ 0x0000022de3ef6e0c [0x0000022de3ef6dc0+0x000000000000004c]
J 652 c1 java.lang.ClassLoader.loadClass(Ljava/lang/String;)Ljava/lang/Class; java.base@21.0.1 (7 bytes) @ 0x0000022de3ef6a94 [0x0000022de3ef6a40+0x0000000000000054]
v  ~StubRoutines::call_stub 0x0000022de3c5100d
j  com.mongodb.internal.connection.CommandHelper.getCommandMessage(Ljava/lang/String;Lorg/bson/BsonDocument;Lcom/mongodb/internal/connection/InternalConnection;Lcom/mongodb/connection/ClusterConnectionMode;Lcom/mongodb/ServerApi;)Lcom/mongodb/internal/connection/CommandMessage;+0
j  com.mongodb.internal.connection.CommandHelper.sendAndReceive(Ljava/lang/String;Lorg/bson/BsonDocument;Lcom/mongodb/connection/ClusterConnectionMode;Lcom/mongodb/ServerApi;Lcom/mongodb/internal/connection/InternalConnection;Lcom/mongodb/internal/connection/OperationContext;)Lorg/bson/BsonDocument;+8
j  com.mongodb.internal.connection.CommandHelper.executeCommand(Ljava/lang/String;Lorg/bson/BsonDocument;Lcom/mongodb/connection/ClusterConnectionMode;Lcom/mongodb/ServerApi;Lcom/mongodb/internal/connection/InternalConnection;Lcom/mongodb/internal/connection/OperationContext;)Lorg/bson/BsonDocument;+8
j  com.mongodb.internal.connection.InternalStreamConnectionInitializer.initializeConnectionDescription(Lcom/mongodb/internal/connection/InternalConnection;Lcom/mongodb/internal/connection/OperationContext;)Lcom/mongodb/internal/connection/InternalConnectionInitializationDescription;+30
j  com.mongodb.internal.connection.InternalStreamConnectionInitializer.startHandshake(Lcom/mongodb/internal/connection/InternalConnection;Lcom/mongodb/internal/connection/OperationContext;)Lcom/mongodb/internal/connection/InternalConnectionInitializationDescription;+10
j  com.mongodb.internal.connection.InternalStreamConnection.open(Lcom/mongodb/internal/connection/OperationContext;)V+65
j  com.mongodb.internal.connection.DefaultServerMonitor$ServerMonitor.lookupServerDescription(Lcom/mongodb/connection/ServerDescription;)Lcom/mongodb/connection/ServerDescription;+55
j  com.mongodb.internal.connection.DefaultServerMonitor$ServerMonitor.run()V+26
v  ~StubRoutines::call_stub 0x0000022de3c5100d

Compiled method (n/a)  212101  811     n 0       java.lang.ClassLoader::defineClass1 (native)
 total in heap  [0x0000022de3f3cf10,0x0000022de3f3d570] = 1632
 relocation     [0x0000022de3f3d070,0x0000022de3f3d0a8] = 56
 main code      [0x0000022de3f3d0c0,0x0000022de3f3d56f] = 1199
 stub code      [0x0000022de3f3d56f,0x0000022de3f3d570] = 1

[Constant Pool (empty)]

[MachCode]
[Entry Point]
  # {method} {0x0000022d8043a460} 'defineClass1' '(Ljava/lang/ClassLoader;Ljava/lang/String;[BIILjava/security/ProtectionDomain;Ljava/lang/String;)Ljava/lang/Class;' in 'java/lang/ClassLoader'
  # parm0:    rdx:rdx   = 'java/lang/ClassLoader'
  # parm1:    r8:r8     = 'java/lang/String'
  # parm2:    r9:r9     = '[B'
  # parm3:    rdi       = int
  # parm4:    rsi       = int
  # parm5:    rcx:rcx   = 'java/security/ProtectionDomain'
  # parm6:    [sp+0xa0]   = 'java/lang/String'  (sp of caller)
  0x0000022de3f3d0c0: 448b 5208 | 49bb 0000 | 0080 2d02 | 0000 4d03 | d349 3bc2 | 0f84 0600 

  0x0000022de3f3d0d8: ;   {runtime_call ic_miss_stub}
  0x0000022de3f3d0d8: 0000 e9a1 | 16d6 ff90 
[Verified Entry Point]
  0x0000022de3f3d0e0: 8984 2400 | 80ff ff55 | 488b ec48 | 81ec 9000 | 0000 6690 | 4181 7f20 | 0300 0000 

  0x0000022de3f3d0fc: ;   {runtime_call StubRoutines (final stubs)}
  0x0000022de3f3d0fc: 7405 e85d | 7cd4 ff48 | 837d 1000 | 488d 4510 | 480f 4445 | 1048 8944 | 2440 4889 | 4c24 7048 
  0x0000022de3f3d11c: 83f9 0048 | 8d44 2470 | 480f 4444 | 2470 4889 | 4424 3848 | 8974 2430 | 4889 7c24 | 284c 894c 
  0x0000022de3f3d13c: 2458 4983 | f900 488d | 4424 5848 | 0f44 4424 | 5848 8944 | 2420 4c89 | 4424 5049 | 83f8 004c 
  0x0000022de3f3d15c: 8d4c 2450 | 4c0f 444c | 2450 4889 | 5424 4848 | 83fa 004c | 8d44 2448 | 4c0f 4444 

  0x0000022de3f3d178: ;   {oop(a 'java/lang/Class'{0x00000000a1077870} = 'java/lang/ClassLoader')}
  0x0000022de3f3d178: 2448 49be | 7078 07a1 | 0000 0000 | 4c89 7424 | 784c 8d74 | 2478 498b | d6c5 f877 

  0x0000022de3f3d194: ;   {internal_word}
  0x0000022de3f3d194: 49ba 91d1 | f3e3 2d02 | 0000 4d89 | 97a0 0300 | 0049 89a7 | 9803 0000 

  0x0000022de3f3d1ac: ;   {external_word}
  0x0000022de3f3d1ac: 49ba ae9a | 3cbc fb7f | 0000 4180 | 3a00 0f84 | 4e00 0000 | 5241 5041 

  0x0000022de3f3d1c4: ;   {metadata({method} {0x0000022d8043a460} 'defineClass1' '(Ljava/lang/ClassLoader;Ljava/lang/String;[BIILjava/security/ProtectionDomain;Ljava/lang/String;)Ljava/lang/Class;' in 'java/lang/ClassLoader')}
  0x0000022de3f3d1c4: 5148 ba58 | a443 802d | 0200 0049 | 8bcf 4883 | ec20 40f6 | c40f 0f84 | 1900 0000 | 4883 ec08 
  0x0000022de3f3d1e4: ;   {runtime_call}
  0x0000022de3f3d1e4: 48b8 a0d6 | e6bb fb7f | 0000 ffd0 | 4883 c408 | e90c 0000 

  0x0000022de3f3d1f8: ;   {runtime_call}
  0x0000022de3f3d1f8: 0048 b8a0 | d6e6 bbfb | 7f00 00ff | d048 83c4 | 2041 5941 | 585a 498d | 8fb8 0300 | 0041 c787 
  0x0000022de3f3d218: 4c04 0000 | 0400 0000 

  0x0000022de3f3d220: ;   {runtime_call}
  0x0000022de3f3d220: 48b8 ac16 | d20b fc7f | 0000 ffd0 | c5f8 7741 | c787 4c04 | 0000 0500 | 0000 f083 | 4424 c000 
  0x0000022de3f3d240: 493b af50 | 0400 000f | 870e 0000 | 0041 83bf | 4804 0000 | 000f 842b | 0000 00c5 | f877 4889 
  0x0000022de3f3d260: 45f8 498b | cf4c 8be4 | 4883 ec20 | 4883 e4f0 

  0x0000022de3f3d270: ;   {runtime_call}
  0x0000022de3f3d270: 48b8 2099 | b2bb fb7f | 0000 ffd0 | 498b e44d | 33e4 488b | 45f8 41c7 | 874c 0400 | 0008 0000 
  0x0000022de3f3d290: 0041 83bf | c804 0000 | 020f 84a3 

  0x0000022de3f3d29c: ;   {external_word}
  0x0000022de3f3d29c: 0200 0049 | baae 9a3c | bcfb 7f00 | 0041 803a | 000f 844c | 0000 0048 

  0x0000022de3f3d2b4: ;   {metadata({method} {0x0000022d8043a460} 'defineClass1' '(Ljava/lang/ClassLoader;Ljava/lang/String;[BIILjava/security/ProtectionDomain;Ljava/lang/String;)Ljava/lang/Class;' in 'java/lang/ClassLoader')}
  0x0000022de3f3d2b4: 8945 f848 | ba58 a443 | 802d 0200 | 0049 8bcf | 4883 ec20 | 40f6 c40f | 0f84 1900 | 0000 4883 
  0x0000022de3f3d2d4: ;   {runtime_call}
  0x0000022de3f3d2d4: ec08 48b8 | a0d6 e6bb | fb7f 0000 | ffd0 4883 | c408 e90c 

  0x0000022de3f3d2e8: ;   {runtime_call}
  0x0000022de3f3d2e8: 0000 0048 | b8a0 d6e6 | bbfb 7f00 | 00ff d048 | 83c4 2048 | 8b45 f849 | c787 9803 | 0000 0000 
  0x0000022de3f3d308: 0000 49c7 | 87a0 0300 | 0000 0000 | 00c5 f877 | 4885 c00f | 84fe 0100 | 00a8 030f | 8508 0000 
  0x0000022de3f3d328: 0048 8b00 | e9ee 0100 | 00a8 010f | 8509 0000 | 0048 8b40 | fee9 dd01 | 0000 488b | 40ff 4180 
  0x0000022de3f3d348: 7f40 000f | 84ce 0100 | 0048 83f8 | 000f 84c4 | 0100 0049 | 8b4f 2848 | 83f9 000f | 8414 0000 
  0x0000022de3f3d368: 0048 83e9 | 0849 894f | 2849 034f | 3848 8901 | e9a2 0100 | 0048 81ec | d000 0000 | 4889 0424 
  0x0000022de3f3d388: 4889 4c24 | 0848 8954 | 2410 4889 | 7424 1848 | 897c 2420 | 4c89 4424 | 284c 894c | 2430 4c89 
  0x0000022de3f3d3a8: 5424 384c | 895c 2440 | c5fb 1144 | 2450 c5fb | 114c 2458 | c5fb 1154 | 2460 c5fb | 115c 2468 
  0x0000022de3f3d3c8: c5fb 1164 | 2470 c5fb | 116c 2478 | c5fb 11b4 | 2480 0000 | 00c5 fb11 | bc24 8800 | 0000 c57b 
  0x0000022de3f3d3e8: ;   {no_reloc}
  0x0000022de3f3d3e8: 1184 2490 | 0000 00c5 | 7b11 8c24 | 9800 0000 | c57b 1194 | 24a0 0000 | 00c5 7b11 | 9c24 a800 
  0x0000022de3f3d408: 0000 c57b | 11a4 24b0 | 0000 00c5 | 7b11 ac24 | b800 0000 | c57b 11b4 | 24c0 0000 | 00c5 7b11 
  0x0000022de3f3d428: bc24 c800 | 0000 498b | d748 8bc8 | 4883 ec20 | 40f6 c40f | 0f84 1900 | 0000 4883 

  0x0000022de3f3d444: ;   {runtime_call}
  0x0000022de3f3d444: ec08 48b8 | e008 a6bb | fb7f 0000 | ffd0 4883 | c408 e90c 

  0x0000022de3f3d458: ;   {runtime_call}
  0x0000022de3f3d458: 0000 0048 | b8e0 08a6 | bbfb 7f00 | 00ff d048 | 83c4 20c5 | 7b10 bc24 | c800 0000 | c57b 10b4 
  0x0000022de3f3d478: 24c0 0000 | 00c5 7b10 | ac24 b800 | 0000 c57b | 10a4 24b0 | 0000 00c5 | 7b10 9c24 | a800 0000 
  0x0000022de3f3d498: c57b 1094 | 24a0 0000 | 00c5 7b10 | 8c24 9800 | 0000 c57b | 1084 2490 | 0000 00c5 | fb10 bc24 
  0x0000022de3f3d4b8: 8800 0000 | c5fb 10b4 | 2480 0000 | 00c5 fb10 | 6c24 78c5 | fb10 6424 | 70c5 fb10 | 5c24 68c5 
  0x0000022de3f3d4d8: fb10 5424 | 60c5 fb10 | 4c24 58c5 | fb10 4424 | 504c 8b5c | 2440 4c8b | 5424 384c | 8b4c 2430 
  0x0000022de3f3d4f8: 4c8b 4424 | 2848 8b7c | 2420 488b | 7424 1848 | 8b54 2410 | 488b 4c24 | 0848 8b04 | 2448 81c4 
  0x0000022de3f3d518: d000 0000 | c5f8 7749 | 8b8f 2804 | 0000 c781 | 0001 0000 | 0000 0000 | c949 837f | 0800 0f85 
  0x0000022de3f3d538: 0100 0000 

  0x0000022de3f3d53c: ;   {runtime_call StubRoutines (initial stubs)}
  0x0000022de3f3d53c: c3e9 be39 | d1ff c5f8 | 7748 8945 | f84c 8be4 | 4883 ec20 | 4883 e4f0 

  0x0000022de3f3d554: ;   {runtime_call}
  0x0000022de3f3d554: 48b8 800e | e7bb fb7f | 0000 ffd0 | 498b e44d | 33e4 488b | 45f8 e930 | fdff fff4 
[/MachCode]


Compiled method (c1)  212147  958       1       java.lang.ClassLoader::defineClass (43 bytes)
 total in heap  [0x0000022de3f72a90,0x0000022de3f73050] = 1472
 relocation     [0x0000022de3f72bf0,0x0000022de3f72c60] = 112
 main code      [0x0000022de3f72c60,0x0000022de3f72e20] = 448
 stub code      [0x0000022de3f72e20,0x0000022de3f72e98] = 120
 metadata       [0x0000022de3f72e98,0x0000022de3f72ec8] = 48
 scopes data    [0x0000022de3f72ec8,0x0000022de3f72f80] = 184
 scopes pcs     [0x0000022de3f72f80,0x0000022de3f73020] = 160
 dependencies   [0x0000022de3f73020,0x0000022de3f73028] = 8
 nul chk table  [0x0000022de3f73028,0x0000022de3f73050] = 40

[Constant Pool (empty)]

[MachCode]
[Entry Point]
  # {method} {0x0000022d8043a7e0} 'defineClass' '(Ljava/lang/String;[BIILjava/security/ProtectionDomain;)Ljava/lang/Class;' in 'java/lang/ClassLoader'
  # this:     rdx:rdx   = 'java/lang/ClassLoader'
  # parm0:    r8:r8     = 'java/lang/String'
  # parm1:    r9:r9     = '[B'
  # parm2:    rdi       = int
  # parm3:    rsi       = int
  # parm4:    rcx:rcx   = 'java/security/ProtectionDomain'
  #           [sp+0xc0]  (sp of caller)
  0x0000022de3f72c60: 448b 5208 | 49bb 0000 | 0080 2d02 | 0000 4d03 | d34c 3bd0 

  0x0000022de3f72c74: ;   {runtime_call ic_miss_stub}
  0x0000022de3f72c74: 0f85 06bb | d2ff 660f | 1f44 0000 
[Verified Entry Point]
  0x0000022de3f72c80: 8984 2400 | 80ff ff55 | 4881 ecb0 | 0000 0090 | 4181 7f20 | 0300 0000 

  0x0000022de3f72c98: ;   {runtime_call StubRoutines (final stubs)}
  0x0000022de3f72c98: 7405 e8c1 | 20d1 ff48 | 8954 2478 | 89b4 2494 | 0000 0089 | bc24 9000 | 0000 4c89 | 8c24 8800 
  0x0000022de3f72cb8: 0000 498b | d84c 8bc3 | 4c8b c948 | 8bca 488b | d148 899c | 2480 0000 | 0066 0f1f 

  0x0000022de3f72cd4: ;   {optimized virtual_call}
  0x0000022de3f72cd4: 4400 00e8 

  0x0000022de3f72cd8: ; ImmutableOopMap {[120]=Oop [128]=Oop [136]=Oop }
                      ;*invokevirtual preDefineClass {reexecute=0 rethrow=0 return_oop=0}
                      ; - java.lang.ClassLoader::defineClass@4 (line 1025)
  0x0000022de3f72cd8: e411 0000 

  0x0000022de3f72cdc: ;   {other}
  0x0000022de3f72cdc: 0f1f 8400 | 4c02 0000 | 4889 8424 | 9800 0000 

  0x0000022de3f72cec: ; implicit exception: dispatches to 0x0000022de3f72dca
  0x0000022de3f72cec: 448b 4010 | 4983 f800 | 0f85 0f00 

  0x0000022de3f72cf8: ;   {oop(nullptr)}
  0x0000022de3f72cf8: 0000 48bb | 0000 0000 | 0000 0000 | e93e 0000 | 0045 8b40 | 0c49 83f8 | 000f 850f 

  0x0000022de3f72d14: ;   {oop(nullptr)}
  0x0000022de3f72d14: 0000 0048 | bb00 0000 | 0000 0000 | 00e9 2100 | 0000 418b | 5038 483b 

  0x0000022de3f72d2c: ;   {optimized virtual_call}
  0x0000022de3f72d2c: 0266 90e8 

  0x0000022de3f72d30: ; ImmutableOopMap {[120]=Oop [128]=Oop [136]=Oop [152]=Oop }
                      ;*invokevirtual toExternalForm {reexecute=0 rethrow=0 return_oop=0}
                      ; - java.net.URL::toExternalForm@5 (line 1203)
                      ; - java.net.URL::toString@1 (line 1189)
                      ; - java.lang.ClassLoader::defineClassSourceLocation@22 (line 927)
                      ; - java.lang.ClassLoader::defineClass@12 (line 1026)
  0x0000022de3f72d30: cc5f fbff 

  0x0000022de3f72d34: ;   {other}
  0x0000022de3f72d34: 0f1f 8400 | a402 0001 | 488b d848 | 8b84 2498 | 0000 008b | b424 9400 | 0000 8bbc | 2490 0000 
  0x0000022de3f72d54: 004c 8b8c | 2488 0000 | 004c 8b84 | 2480 0000 | 0048 8b54 | 2478 4c8b | da49 8bd3 | 488b c848 
  0x0000022de3f72d74: ;   {static_call}
  0x0000022de3f72d74: 891c 24e8 

  0x0000022de3f72d78: ; ImmutableOopMap {[120]=Oop [152]=Oop }
                      ;*invokestatic defineClass1 {reexecute=0 rethrow=0 return_oop=0}
                      ; - java.lang.ClassLoader::defineClass@27 (line 1027)
  0x0000022de3f72d78: 64a3 fcff 

  0x0000022de3f72d7c: ;   {other}
  0x0000022de3f72d7c: 0f1f 8400 | ec02 0002 | 4c8b c04c | 8b8c 2498 | 0000 0048 | 8b54 2478 | 4889 8424 | a000 0000 
  0x0000022de3f72d9c: ;   {optimized virtual_call}
  0x0000022de3f72d9c: 6666 90e8 

  0x0000022de3f72da0: ; ImmutableOopMap {[160]=Oop }
                      ;*invokevirtual postDefineClass {reexecute=0 rethrow=0 return_oop=0}
                      ; - java.lang.ClassLoader::defineClass@37 (line 1028)
  0x0000022de3f72da0: dc6c fdff 

  0x0000022de3f72da4: ;   {other}
  0x0000022de3f72da4: 0f1f 8400 | 1403 0003 | 488b 8424 | a000 0000 | 4881 c4b0 | 0000 005d 

  0x0000022de3f72dbc: ;   {poll_return}
  0x0000022de3f72dbc: 493b a750 | 0400 000f | 8715 0000 

  0x0000022de3f72dc8: ;   {runtime_call throw_null_pointer_exception Runtime1 stub}
  0x0000022de3f72dc8: 00c3 e831 

  0x0000022de3f72dcc: ; ImmutableOopMap {rax=Oop [120]=Oop [128]=Oop [136]=Oop [152]=Oop }
                      ;*invokevirtual getCodeSource {reexecute=0 rethrow=0 return_oop=0}
                      ; - java.lang.ClassLoader::defineClassSourceLocation@1 (line 924)
                      ; - java.lang.ClassLoader::defineClass@12 (line 1026)
                      ;   {runtime_call throw_null_pointer_exception Runtime1 stub}
  0x0000022de3f72dcc: e1dd ffe8 

  0x0000022de3f72dd0: ; ImmutableOopMap {rax=Oop [120]=Oop [128]=Oop [136]=Oop [152]=Oop }
                      ;*invokevirtual getLocation {reexecute=0 rethrow=0 return_oop=0}
                      ; - java.lang.ClassLoader::defineClassSourceLocation@12 (line 926)
                      ; - java.lang.ClassLoader::defineClass@12 (line 1026)
  0x0000022de3f72dd0: 2ce1 ddff 

  0x0000022de3f72dd4: ;   {runtime_call throw_null_pointer_exception Runtime1 stub}
  0x0000022de3f72dd4: e827 e1dd 

  0x0000022de3f72dd8: ; ImmutableOopMap {r8=Oop [120]=Oop [128]=Oop [136]=Oop [152]=Oop }
                      ;*invokevirtual toString {reexecute=0 rethrow=0 return_oop=0}
                      ; - java.lang.ClassLoader::defineClassSourceLocation@22 (line 927)
                      ; - java.lang.ClassLoader::defineClass@12 (line 1026)
                      ;   {runtime_call throw_null_pointer_exception Runtime1 stub}
  0x0000022de3f72dd8: ffe8 22e1 

  0x0000022de3f72ddc: ; ImmutableOopMap {r8=Oop rdx=Oop [120]=Oop [128]=Oop [136]=Oop [152]=Oop }
                      ;*invokevirtual toExternalForm {reexecute=0 rethrow=0 return_oop=0}
                      ; - java.net.URL::toExternalForm@5 (line 1203)
                      ; - java.net.URL::toString@1 (line 1189)
                      ; - java.lang.ClassLoader::defineClassSourceLocation@22 (line 927)
                      ; - java.lang.ClassLoader::defineClass@12 (line 1026)
                      ;   {internal_word}
  0x0000022de3f72ddc: ddff 49ba | bc2d f7e3 | 2d02 0000 | 4d89 9768 

  0x0000022de3f72dec: ;   {runtime_call SafepointBlob}
  0x0000022de3f72dec: 0400 00e9 | 0c29 d3ff | 498b 8700 | 0500 0049 | c787 0005 | 0000 0000 | 0000 49c7 | 8708 0500 
  0x0000022de3f72e0c: 0000 0000 | 0048 81c4 | b000 0000 

  0x0000022de3f72e18: ;   {runtime_call unwind_exception Runtime1 stub}
  0x0000022de3f72e18: 5de9 e2d1 | ddff f4f4 
[Stub Code]
  0x0000022de3f72e20: ;   {no_reloc}
  0x0000022de3f72e20: 0f1f 4400 

  0x0000022de3f72e24: ;   {static_stub}
  0x0000022de3f72e24: 0048 bb00 | 0000 0000 

  0x0000022de3f72e2c: ;   {runtime_call}
  0x0000022de3f72e2c: 0000 00e9 | fbff ffff 

  0x0000022de3f72e34: ;   {static_stub}
  0x0000022de3f72e34: 48bb 0000 | 0000 0000 

  0x0000022de3f72e3c: ;   {runtime_call}
  0x0000022de3f72e3c: 0000 e9fb 

  0x0000022de3f72e40: ;   {static_stub}
  0x0000022de3f72e40: ffff ff48 | bb00 0000 | 0000 0000 

  0x0000022de3f72e4c: ;   {runtime_call}
  0x0000022de3f72e4c: 00e9 fbff 

  0x0000022de3f72e50: ;   {static_stub}
  0x0000022de3f72e50: ffff 48bb | 0000 0000 | 0000 0000 

  0x0000022de3f72e5c: ;   {runtime_call}
  0x0000022de3f72e5c: e9fb ffff 

  0x0000022de3f72e60: ;   {runtime_call handle_exception_from_callee Runtime1 stub}
  0x0000022de3f72e60: ffe8 9afe 

  0x0000022de3f72e64: ;   {external_word}
  0x0000022de3f72e64: ddff 48b9 | 50e0 12bc | fb7f 0000 | 4883 e4f0 

  0x0000022de3f72e74: ;   {runtime_call}
  0x0000022de3f72e74: 48b8 50ef | d5bb fb7f | 0000 ffd0 

  0x0000022de3f72e80: ;   {section_word}
  0x0000022de3f72e80: f449 ba81 | 2ef7 e32d | 0200 0041 

  0x0000022de3f72e8c: ;   {runtime_call DeoptimizationBlob}
  0x0000022de3f72e8c: 52e9 0e1b | d3ff f4f4 | f4f4 f4f4 
[/MachCode]


Compiled method (c1)  212169  812       1       jdk.internal.loader.BuiltinClassLoader::defineClass (121 bytes)
 total in heap  [0x0000022de3f3e510,0x0000022de3f3f430] = 3872
 relocation     [0x0000022de3f3e670,0x0000022de3f3e7b8] = 328
 main code      [0x0000022de3f3e7c0,0x0000022de3f3ee90] = 1744
 stub code      [0x0000022de3f3ee90,0x0000022de3f3efb0] = 288
 metadata       [0x0000022de3f3efb0,0x0000022de3f3eff8] = 72
 scopes data    [0x0000022de3f3eff8,0x0000022de3f3f250] = 600
 scopes pcs     [0x0000022de3f3f250,0x0000022de3f3f3f0] = 416
 dependencies   [0x0000022de3f3f3f0,0x0000022de3f3f3f8] = 8
 handler table  [0x0000022de3f3f3f8,0x0000022de3f3f410] = 24
 nul chk table  [0x0000022de3f3f410,0x0000022de3f3f430] = 32

[Constant Pool (empty)]

[MachCode]
[Entry Point]
  # {method} {0x0000022d800697e8} 'defineClass' '(Ljava/lang/String;Ljdk/internal/loader/Resource;)Ljava/lang/Class;' in 'jdk/internal/loader/BuiltinClassLoader'
  # this:     rdx:rdx   = 'jdk/internal/loader/BuiltinClassLoader'
  # parm0:    r8:r8     = 'java/lang/String'
  # parm1:    r9:r9     = 'jdk/internal/loader/Resource'
  #           [sp+0x110]  (sp of caller)
  0x0000022de3f3e7c0: 448b 5208 | 49bb 0000 | 0080 2d02 | 0000 4d03 | d34c 3bd0 

  0x0000022de3f3e7d4: ;   {runtime_call ic_miss_stub}
  0x0000022de3f3e7d4: 0f85 a6ff | d5ff 660f | 1f44 0000 
[Verified Entry Point]
  0x0000022de3f3e7e0: 8984 2400 | 80ff ff55 | 4881 ec00 | 0100 0090 | 4181 7f20 | 0300 0000 

  0x0000022de3f3e7f8: ;   {runtime_call StubRoutines (final stubs)}
  0x0000022de3f3e7f8: 7405 e861 | 65d4 ff48 | 8994 24a0 | 0000 004c | 8984 2490 | 0000 004c | 898c 2498 | 0000 0049 
  0x0000022de3f3e818: 8bd1 6666 | 9048 b8ff | ffff ffff 

  0x0000022de3f3e824: ;   {virtual_call}
  0x0000022de3f3e824: ffff ffe8 

  0x0000022de3f3e828: ; ImmutableOopMap {[144]=Oop [152]=Oop [160]=Oop }
                      ;*invokevirtual getCodeSourceURL {reexecute=0 rethrow=0 return_oop=0}
                      ; - jdk.internal.loader.BuiltinClassLoader::defineClass@1 (line 842)
  0x0000022de3f3e828: 4411 e2ff 

  0x0000022de3f3e82c: ;   {other}
  0x0000022de3f3e82c: 0f1f 8400 | 1c03 0000 | 4889 8424 | a800 0000 | 4c8b 8424 | 9000 0000 

  0x0000022de3f3e844: ; implicit exception: dispatches to 0x0000022de3f3ed92
  0x0000022de3f3e844: 418b 7014 

  0x0000022de3f3e848: ; implicit exception: dispatches to 0x0000022de3f3ed97
  0x0000022de3f3e848: 8b56 0c45 | 0fbe 4810 | 498b c9c1 | e118 c1f9 | 18d3 fa48 | 8bfa ffcf | 4183 f900 | ba00 0000 
  0x0000022de3f3e868: 000f 8505 | 0000 00ba | 0100 0000 | 83e2 0183 | fa00 488b | d641 b82e | 0000 004c | 8bcf 0f84 
  0x0000022de3f3e888: 1500 0000 

  0x0000022de3f3e88c: ;   {static_call}
  0x0000022de3f3e88c: 6666 90e8 

  0x0000022de3f3e890: ; ImmutableOopMap {[144]=Oop [152]=Oop [160]=Oop [168]=Oop }
                      ;*invokestatic lastIndexOf {reexecute=0 rethrow=0 return_oop=0}
                      ; - java.lang.String::lastIndexOf@13 (line 2569)
                      ; - java.lang.String::lastIndexOf@8 (line 2531)
                      ; - jdk.internal.loader.BuiltinClassLoader::defineClass@8 (line 845)
  0x0000022de3f3e890: aceb edff 

  0x0000022de3f3e894: ;   {other}
  0x0000022de3f3e894: 0f1f 8400 | 8403 0001 | e913 0000 | 0066 0f1f 

  0x0000022de3f3e8a4: ;   {static_call}
  0x0000022de3f3e8a4: 4400 00e8 

  0x0000022de3f3e8a8: ; ImmutableOopMap {[144]=Oop [152]=Oop [160]=Oop [168]=Oop }
                      ;*invokestatic lastIndexOf {reexecute=0 rethrow=0 return_oop=0}
                      ; - java.lang.String::lastIndexOf@25 (line 2570)
                      ; - java.lang.String::lastIndexOf@8 (line 2531)
                      ; - jdk.internal.loader.BuiltinClassLoader::defineClass@8 (line 845)
  0x0000022de3f3e8a8: d407 d6ff 

  0x0000022de3f3e8ac: ;   {other}
  0x0000022de3f3e8ac: 0f1f 8400 | 9c03 0002 | 83f8 ff0f | 847f 0000 | 0041 b800 | 0000 004c | 8bc8 488b | 9424 9000 
  0x0000022de3f3e8cc: ;   {optimized virtual_call}
  0x0000022de3f3e8cc: 0000 90e8 

  0x0000022de3f3e8d0: ; ImmutableOopMap {[144]=Oop [152]=Oop [160]=Oop [168]=Oop }
                      ;*invokevirtual substring {reexecute=0 rethrow=0 return_oop=0}
                      ; - jdk.internal.loader.BuiltinClassLoader::defineClass@23 (line 847)
  0x0000022de3f3e8d0: 2c8f efff 

  0x0000022de3f3e8d4: ;   {other}
  0x0000022de3f3e8d4: 0f1f 8400 | c403 0003 | 488b 9424 | 9800 0000 | 4889 8424 | b000 0000 | 9048 b8ff | ffff ffff 
  0x0000022de3f3e8f4: ;   {virtual_call}
  0x0000022de3f3e8f4: ffff ffe8 

  0x0000022de3f3e8f8: ; ImmutableOopMap {[144]=Oop [152]=Oop [160]=Oop [168]=Oop [176]=Oop }
                      ;*invokevirtual getManifest {reexecute=0 rethrow=0 return_oop=0}
                      ; - jdk.internal.loader.BuiltinClassLoader::defineClass@29 (line 848)
  0x0000022de3f3e8f8: e404 0d00 

  0x0000022de3f3e8fc: ;   {other}
  0x0000022de3f3e8fc: 0f1f 8400 | ec03 0004 | 4c8b 8424 | b000 0000 | 4c8b c848 | 8bbc 24a8 | 0000 0048 | 8b94 24a0 
  0x0000022de3f3e91c: 0000 0066 | 0f1f 4400 | 0048 b828 | 9e06 802d 

  0x0000022de3f3e92c: ;   {virtual_call}
  0x0000022de3f3e92c: 0200 00e8 

  0x0000022de3f3e930: ; ImmutableOopMap {[144]=Oop [152]=Oop [160]=Oop [168]=Oop }
                      ;*invokevirtual defineOrCheckPackage {reexecute=0 rethrow=0 return_oop=0}
                      ; - jdk.internal.loader.BuiltinClassLoader::defineClass@40 (line 849)
  0x0000022de3f3e930: 8cfa ffff 

  0x0000022de3f3e934: ;   {other}
  0x0000022de3f3e934: 0f1f 8400 | 2404 0005 | 4c8b 8c24 | 9800 0000 | 488d 9424 | e000 0000 | 4c89 4a08 | 498b 0148 
  0x0000022de3f3e954: 83c8 0148 | 8902 f049 | 0fb1 110f | 8412 0000 | 0048 2bc4 | 4825 07f0 | ffff 4889 | 020f 8525 
  0x0000022de3f3e974: 0400 0049 | ff87 5005 | 0000 418b | 510c 4883 | fa00 0f85 | 5100 0000 | 498b d166 | 0f1f 4400 
  0x0000022de3f3e994: 0048 b8ff | ffff ffff 

  0x0000022de3f3e99c: ;   {virtual_call}
  0x0000022de3f3e99c: ffff ffe8 

  0x0000022de3f3e9a0: ; ImmutableOopMap {[144]=Oop [152]=Oop [160]=Oop [168]=Oop [232]=Oop }
                      ;*invokevirtual getInputStream {reexecute=0 rethrow=0 return_oop=0}
                      ; - jdk.internal.loader.Resource::cachedInputStream@9 (line 77)
                      ; - jdk.internal.loader.Resource::getByteBuffer@1 (line 163)
                      ; - jdk.internal.loader.BuiltinClassLoader::defineClass@45 (line 853)
  0x0000022de3f3e9a0: cc09 e2ff 

  0x0000022de3f3e9a4: ;   {other}
  0x0000022de3f3e9a4: 0f1f 8400 | 9404 0006 | 410f be57 | 4083 fa00 | 4c8b 8c24 | 9800 0000 | 0f85 ed03 | 0000 4c8b 
  0x0000022de3f3e9c4: d045 8951 | 0c49 8bd1 | 4833 d048 | c1ea 1448 | 83fa 000f | 85ee 0300 | 0041 8b51 | 0c48 8d84 
  0x0000022de3f3e9e4: 24e0 0000 | 0048 8b30 | 4885 f60f | 840f 0000 | 0048 8b78 | 08f0 480f | b137 0f85 | df03 0000 
  0x0000022de3f3ea04: 49ff 8f50 | 0500 0048 | 83fa 000f | 8444 0000 

  0x0000022de3f3ea14: ;   {metadata('sun/nio/ByteBuffered')}
  0x0000022de3f3ea14: 0048 b830 | bf36 802d | 0200 008b | 5a08 49ba | 0000 0080 | 2d02 0000 | 4903 da48 | 3b43 200f 
  0x0000022de3f3ea34: 8425 0000 | 0048 3bd8 | 0f84 1c00 | 0000 5350 

  0x0000022de3f3ea44: ;   {runtime_call slow_subtype_check Runtime1 stub}
  0x0000022de3f3ea44: e8b7 4ee1 | ff5b 5b83 | fb00 0f84 | 0500 0000 | e905 0000 | 0048 33f6 | eb0a 48be | 0100 0000 
  0x0000022de3f3ea64: 0000 0000 | 83fe 000f | 8470 0000 | 0048 83fa | 000f 8444 

  0x0000022de3f3ea78: ;   {metadata('sun/nio/ByteBuffered')}
  0x0000022de3f3ea78: 0000 0048 | bb30 bf36 | 802d 0200 | 008b 7a08 | 49ba 0000 | 0080 2d02 | 0000 4903 | fa48 3b5f 
  0x0000022de3f3ea98: 200f 8420 | 0000 0048 | 3bfb 0f84 | 1700 0000 

  0x0000022de3f3eaa8: ;   {runtime_call slow_subtype_check Runtime1 stub}
  0x0000022de3f3eaa8: 5753 e851 | 4ee1 ff5f | 5f83 ff00 | 0f84 3f03 | 0000 e900 | 0000 0066 | 0f1f 4400 | 0048 b8ff 
  0x0000022de3f3eac8: ffff ffff 

  0x0000022de3f3eacc: ;   {virtual_call}
  0x0000022de3f3eacc: ffff ffe8 

  0x0000022de3f3ead0: ; ImmutableOopMap {[144]=Oop [152]=Oop [160]=Oop [168]=Oop }
                      ;*invokeinterface getByteBuffer {reexecute=0 rethrow=0 return_oop=0}
                      ; - jdk.internal.loader.Resource::getByteBuffer@16 (line 165)
                      ; - jdk.internal.loader.BuiltinClassLoader::defineClass@45 (line 853)
  0x0000022de3f3ead0: ac02 d6ff 

  0x0000022de3f3ead4: ;   {other}
  0x0000022de3f3ead4: 0f1f 8400 | c405 0007 | e90a 0000 

  0x0000022de3f3eae0: ;   {oop(nullptr)}
  0x0000022de3f3eae0: 0048 b800 | 0000 0000 | 0000 0048 | 83f8 000f | 8405 0100 | 0048 8984 | 24b8 0000 | 0048 8b94 
  0x0000022de3f3eb00: 2498 0000 | 0048 b8ff | ffff ffff 

  0x0000022de3f3eb0c: ;   {virtual_call}
  0x0000022de3f3eb0c: ffff ffe8 

  0x0000022de3f3eb10: ; ImmutableOopMap {[144]=Oop [160]=Oop [168]=Oop [184]=Oop }
                      ;*invokevirtual getCodeSigners {reexecute=0 rethrow=0 return_oop=0}
                      ; - jdk.internal.loader.BuiltinClassLoader::defineClass@56 (line 855)
  0x0000022de3f3eb10: 6c02 d6ff 

  0x0000022de3f3eb14: ;   {other}
  0x0000022de3f3eb14: 0f1f 8400 | 0406 0008 

  0x0000022de3f3eb1c: ;   {metadata('java/security/CodeSource')}
  0x0000022de3f3eb1c: 4c8b c848 | ba70 5d00 | 802d 0200 | 0049 8b87 | b801 0000 | 488d 7828 | 493b bfc8 | 0100 000f 
  0x0000022de3f3eb3c: 87c1 0200 | 0049 89bf | b801 0000 | 48c7 0001 | 0000 0048 | 8bca 49ba | 0000 0080 | 2d02 0000 
  0x0000022de3f3eb5c: 492b ca89 | 4808 4833 | c989 480c | 4833 c948 | 8948 1048 | 8948 1848 | 8948 204c | 8b84 24a8 
  0x0000022de3f3eb7c: 0000 0048 | 8bd0 4889 | 8424 c000 | 0000 0f1f 

  0x0000022de3f3eb8c: ;   {optimized virtual_call}
  0x0000022de3f3eb8c: 4400 00e8 

  0x0000022de3f3eb90: ; ImmutableOopMap {[144]=Oop [160]=Oop [184]=Oop [192]=Oop }
                      ;*invokespecial <init> {reexecute=0 rethrow=0 return_oop=0}
                      ; - jdk.internal.loader.BuiltinClassLoader::defineClass@68 (line 856)
  0x0000022de3f3eb90: ecfe d5ff 

  0x0000022de3f3eb94: ;   {other}
  0x0000022de3f3eb94: 0f1f 8400 | 8406 0009 | 4c8b 8424 | c000 0000 | 488b 9424 | a000 0000 

  0x0000022de3f3ebac: ;   {optimized virtual_call}
  0x0000022de3f3ebac: 6666 90e8 

  0x0000022de3f3ebb0: ; ImmutableOopMap {[144]=Oop [160]=Oop [184]=Oop }
                      ;*invokevirtual getProtectionDomain {reexecute=0 rethrow=0 return_oop=0}
                      ; - java.security.SecureClassLoader::defineClass@5 (line 182)
                      ; - jdk.internal.loader.BuiltinClassLoader::defineClass@79 (line 857)
  0x0000022de3f3ebb0: ccfe d5ff 

  0x0000022de3f3ebb4: ;   {other}
  0x0000022de3f3ebb4: 0f1f 8400 | a406 000a | 4c8b 8424 | 9000 0000 | 4c8b 8c24 | b800 0000 | 488b f848 | 8b94 24a0 
  0x0000022de3f3ebd4: ;   {optimized virtual_call}
  0x0000022de3f3ebd4: 0000 00e8 

  0x0000022de3f3ebd8: ; ImmutableOopMap {}
                      ;*invokevirtual defineClass {reexecute=0 rethrow=0 return_oop=0}
                      ; - java.security.SecureClassLoader::defineClass@8 (line 182)
                      ; - jdk.internal.loader.BuiltinClassLoader::defineClass@79 (line 857)
  0x0000022de3f3ebd8: a4fe d5ff 

  0x0000022de3f3ebdc: ;   {other}
  0x0000022de3f3ebdc: 0f1f 8400 | cc06 000b | 4881 c400 | 0100 005d 

  0x0000022de3f3ebec: ;   {poll_return}
  0x0000022de3f3ebec: 493b a750 | 0400 000f | 8716 0200 | 00c3 4c8b | 8c24 9800 | 0000 498b | d148 b8ff | ffff ffff 
  0x0000022de3f3ec0c: ;   {virtual_call}
  0x0000022de3f3ec0c: ffff ffe8 

  0x0000022de3f3ec10: ; ImmutableOopMap {[144]=Oop [152]=Oop [160]=Oop [168]=Oop }
                      ;*invokevirtual getBytes {reexecute=0 rethrow=0 return_oop=0}
                      ; - jdk.internal.loader.BuiltinClassLoader::defineClass@84 (line 859)
  0x0000022de3f3ec10: 1c08 e2ff 

  0x0000022de3f3ec14: ;   {other}
  0x0000022de3f3ec14: 0f1f 8400 | 0407 000c | 4889 8424 | c800 0000 | 488b 9424 | 9800 0000 | 9048 b8ff | ffff ffff 
  0x0000022de3f3ec34: ;   {virtual_call}
  0x0000022de3f3ec34: ffff ffe8 

  0x0000022de3f3ec38: ; ImmutableOopMap {[144]=Oop [160]=Oop [168]=Oop [200]=Oop }
                      ;*invokevirtual getCodeSigners {reexecute=0 rethrow=0 return_oop=0}
                      ; - jdk.internal.loader.BuiltinClassLoader::defineClass@90 (line 860)
  0x0000022de3f3ec38: 14ff 0c00 

  0x0000022de3f3ec3c: ;   {other}
  0x0000022de3f3ec3c: 0f1f 8400 | 2c07 000d 

  0x0000022de3f3ec44: ;   {metadata('java/security/CodeSource')}
  0x0000022de3f3ec44: 4c8b c848 | ba70 5d00 | 802d 0200 | 0049 8b87 | b801 0000 | 488d 7828 | 493b bfc8 | 0100 000f 
  0x0000022de3f3ec64: 87bc 0100 | 0049 89bf | b801 0000 | 48c7 0001 | 0000 0048 | 8bca 49ba | 0000 0080 | 2d02 0000 
  0x0000022de3f3ec84: 492b ca89 | 4808 4833 | c989 480c | 4833 c948 | 8948 1048 | 8948 1848 | 8948 204c | 8b84 24a8 
  0x0000022de3f3eca4: 0000 0048 | 8bd0 4889 | 8424 d000 | 0000 0f1f 

  0x0000022de3f3ecb4: ;   {optimized virtual_call}
  0x0000022de3f3ecb4: 4400 00e8 

  0x0000022de3f3ecb8: ; ImmutableOopMap {[144]=Oop [160]=Oop [200]=Oop [208]=Oop }
                      ;*invokespecial <init> {reexecute=0 rethrow=0 return_oop=0}
                      ; - jdk.internal.loader.BuiltinClassLoader::defineClass@102 (line 861)
  0x0000022de3f3ecb8: c44f 0000 

  0x0000022de3f3ecbc: ;   {other}
  0x0000022de3f3ecbc: 0f1f 8400 | ac07 000e | 488b 8424 | c800 0000 

  0x0000022de3f3eccc: ; implicit exception: dispatches to 0x0000022de3f3ee32
  0x0000022de3f3eccc: 8b70 0c4c | 8b84 24d0 | 0000 0048 | 8b94 24a0 | 0000 0089 | b424 d800 

  0x0000022de3f3ece4: ;   {optimized virtual_call}
  0x0000022de3f3ece4: 0000 90e8 

  0x0000022de3f3ece8: ; ImmutableOopMap {[144]=Oop [160]=Oop [200]=Oop }
                      ;*invokevirtual getProtectionDomain {reexecute=0 rethrow=0 return_oop=0}
                      ; - java.security.SecureClassLoader::defineClass@9 (line 150)
                      ; - jdk.internal.loader.BuiltinClassLoader::defineClass@117 (line 862)
  0x0000022de3f3ece8: 9458 0000 

  0x0000022de3f3ecec: ;   {other}
  0x0000022de3f3ecec: 0f1f 8400 | dc07 000f | 4c8b 8424 | 9000 0000 | 4c8b 8c24 | c800 0000 | bf00 0000 | 008b b424 
  0x0000022de3f3ed0c: d800 0000 | 488b c848 | 8b94 24a0 | 0000 000f 

  0x0000022de3f3ed1c: ;   {optimized virtual_call}
  0x0000022de3f3ed1c: 1f40 00e8 

  0x0000022de3f3ed20: ; ImmutableOopMap {}
                      ;*invokevirtual defineClass {reexecute=0 rethrow=0 return_oop=0}
                      ; - java.security.SecureClassLoader::defineClass@12 (line 150)
                      ; - jdk.internal.loader.BuiltinClassLoader::defineClass@117 (line 862)
  0x0000022de3f3ed20: 5c3f 0300 

  0x0000022de3f3ed24: ;   {other}
  0x0000022de3f3ed24: 0f1f 8400 | 1408 0010 | 4881 c400 | 0100 005d 

  0x0000022de3f3ed34: ;   {poll_return}
  0x0000022de3f3ed34: 493b a750 | 0400 000f | 87f6 0000 | 00c3 498b | 8700 0500 | 004d 33d2 | 4d89 9700 | 0500 004d 
  0x0000022de3f3ed54: 33d2 4d89 | 9708 0500 | 0048 8bf0 | 488d 8424 | e000 0000 | 488b 3848 | 85ff 0f84 | 0f00 0000 
  0x0000022de3f3ed74: 488b 5808 | f048 0fb1 | 3b0f 85ca | 0000 0049 | ff8f 5005 | 0000 488b | c6e9 ee00 

  0x0000022de3f3ed90: ;   {runtime_call throw_null_pointer_exception Runtime1 stub}
  0x0000022de3f3ed90: 0000 e869 

  0x0000022de3f3ed94: ; ImmutableOopMap {rax=Oop r8=Oop [144]=Oop [152]=Oop [160]=Oop [168]=Oop }
                      ;*invokevirtual lastIndexOf {reexecute=0 rethrow=0 return_oop=0}
                      ; - jdk.internal.loader.BuiltinClassLoader::defineClass@8 (line 845)
                      ;   {runtime_call throw_null_pointer_exception Runtime1 stub}
  0x0000022de3f3ed94: 21e1 ffe8 

  0x0000022de3f3ed98: ; ImmutableOopMap {rax=Oop r8=Oop rsi=Oop [144]=Oop [152]=Oop [160]=Oop [168]=Oop }
                      ;*arraylength {reexecute=0 rethrow=0 return_oop=0}
                      ; - java.lang.String::length@4 (line 1519)
                      ; - java.lang.String::lastIndexOf@3 (line 2531)
                      ; - jdk.internal.loader.BuiltinClassLoader::defineClass@8 (line 845)
  0x0000022de3f3ed98: 6421 e1ff | 4c89 4c24 | 0848 8914 

  0x0000022de3f3eda4: ;   {runtime_call monitorenter_nofpu Runtime1 stub}
  0x0000022de3f3eda4: 24e8 5651 

  0x0000022de3f3eda8: ; ImmutableOopMap {r9=Oop [144]=Oop [152]=Oop [160]=Oop [168]=Oop [232]=Oop }
                      ;*synchronization entry
                      ; - jdk.internal.loader.Resource::cachedInputStream@-1 (line 76)
                      ; - jdk.internal.loader.Resource::getByteBuffer@1 (line 163)
                      ; - jdk.internal.loader.BuiltinClassLoader::defineClass@45 (line 853)
  0x0000022de3f3eda8: e1ff e9cf | fbff ff41 | 8b51 0c48 | 83fa 000f | 8405 fcff | ff48 8914 

  0x0000022de3f3edc0: ;   {runtime_call g1_pre_barrier_slow}
  0x0000022de3f3edc0: 24e8 3a78 | e1ff e9f7 | fbff ff48 | 83f8 000f | 8408 fcff | ff4c 890c 

  0x0000022de3f3edd8: ;   {runtime_call g1_post_barrier_slow}
  0x0000022de3f3edd8: 24e8 227b | e1ff e9fa | fbff ff48 | 8d84 24e0 | 0000 0048 

  0x0000022de3f3edec: ;   {runtime_call monitorexit_nofpu Runtime1 stub}
  0x0000022de3f3edec: 8904 24e8 | 0c57 e1ff | e912 fcff | ff48 8914 

  0x0000022de3f3edfc: ;   {runtime_call throw_class_cast_exception Runtime1 stub}
  0x0000022de3f3edfc: 24e8 fe44 

  0x0000022de3f3ee00: ; ImmutableOopMap {[144]=Oop [152]=Oop [160]=Oop [168]=Oop }
                      ;*checkcast {reexecute=0 rethrow=0 return_oop=0}
                      ; - jdk.internal.loader.Resource::getByteBuffer@13 (line 165)
                      ; - jdk.internal.loader.BuiltinClassLoader::defineClass@45 (line 853)
  0x0000022de3f3ee00: e1ff 488b 

  0x0000022de3f3ee04: ;   {runtime_call fast_new_instance Runtime1 stub}
  0x0000022de3f3ee04: d2e8 f629 

  0x0000022de3f3ee08: ; ImmutableOopMap {r9=Oop [144]=Oop [160]=Oop [168]=Oop [184]=Oop }
                      ;*new {reexecute=0 rethrow=0 return_oop=0}
                      ; - jdk.internal.loader.BuiltinClassLoader::defineClass@61 (line 856)
  0x0000022de3f3ee08: e1ff e968 

  0x0000022de3f3ee0c: ;   {internal_word}
  0x0000022de3f3ee0c: fdff ff49 | baec ebf3 | e32d 0200 | 004d 8997 | 6804 0000 

  0x0000022de3f3ee20: ;   {runtime_call SafepointBlob}
  0x0000022de3f3ee20: e9db 68d6 | ff48 8bd2 

  0x0000022de3f3ee28: ;   {runtime_call fast_new_instance Runtime1 stub}
  0x0000022de3f3ee28: e8d3 29e1 

  0x0000022de3f3ee2c: ; ImmutableOopMap {r9=Oop [144]=Oop [160]=Oop [168]=Oop [200]=Oop }
                      ;*new {reexecute=0 rethrow=0 return_oop=0}
                      ; - jdk.internal.loader.BuiltinClassLoader::defineClass@95 (line 861)
  0x0000022de3f3ee2c: ffe9 6dfe 

  0x0000022de3f3ee30: ;   {runtime_call throw_null_pointer_exception Runtime1 stub}
  0x0000022de3f3ee30: ffff e8c9 

  0x0000022de3f3ee34: ; ImmutableOopMap {rax=Oop [144]=Oop [160]=Oop [200]=Oop [208]=Oop }
                      ;*arraylength {reexecute=0 rethrow=0 return_oop=0}
                      ; - jdk.internal.loader.BuiltinClassLoader::defineClass@114 (line 862)
                      ;   {internal_word}
  0x0000022de3f3ee34: 20e1 ff49 | ba34 edf3 | e32d 0200 | 004d 8997 | 6804 0000 

  0x0000022de3f3ee48: ;   {runtime_call SafepointBlob}
  0x0000022de3f3ee48: e9b3 68d6 | ff48 8d84 | 24e0 0000 | 0048 8904 

  0x0000022de3f3ee58: ;   {runtime_call monitorexit_nofpu Runtime1 stub}
  0x0000022de3f3ee58: 24e8 a256 | e1ff e927 | ffff ff49 | 8b87 0005 | 0000 49c7 | 8700 0500 | 0000 0000 | 0049 c787 
  0x0000022de3f3ee78: 0805 0000 | 0000 0000 | 4881 c400 | 0100 005d 

  0x0000022de3f3ee88: ;   {runtime_call unwind_exception Runtime1 stub}
  0x0000022de3f3ee88: e973 11e1 | fff4 f4f4 
[Stub Code]
  0x0000022de3f3ee90: ;   {no_reloc}
  0x0000022de3f3ee90: 0f1f 4400 

  0x0000022de3f3ee94: ;   {static_stub}
  0x0000022de3f3ee94: 0048 bb00 | 0000 0000 

  0x0000022de3f3ee9c: ;   {runtime_call}
  0x0000022de3f3ee9c: 0000 00e9 | fbff ffff 

  0x0000022de3f3eea4: ;   {static_stub}
  0x0000022de3f3eea4: 9048 bb00 | 0000 0000 

  0x0000022de3f3eeac: ;   {runtime_call}
  0x0000022de3f3eeac: 0000 00e9 | fbff ffff 

  0x0000022de3f3eeb4: ;   {static_stub}
  0x0000022de3f3eeb4: 9048 bb00 | 0000 0000 

  0x0000022de3f3eebc: ;   {runtime_call}
  0x0000022de3f3eebc: 0000 00e9 | fbff ffff 

  0x0000022de3f3eec4: ;   {static_stub}
  0x0000022de3f3eec4: 9048 bb00 | 0000 0000 

  0x0000022de3f3eecc: ;   {runtime_call}
  0x0000022de3f3eecc: 0000 00e9 | fbff ffff 

  0x0000022de3f3eed4: ;   {static_stub}
  0x0000022de3f3eed4: 9048 bb00 | 0000 0000 

  0x0000022de3f3eedc: ;   {runtime_call}
  0x0000022de3f3eedc: 0000 00e9 | fbff ffff 

  0x0000022de3f3eee4: ;   {static_stub}
  0x0000022de3f3eee4: 9048 bb00 | 0000 0000 

  0x0000022de3f3eeec: ;   {runtime_call}
  0x0000022de3f3eeec: 0000 00e9 | fbff ffff 

  0x0000022de3f3eef4: ;   {static_stub}
  0x0000022de3f3eef4: 9048 bb00 | 0000 0000 

  0x0000022de3f3eefc: ;   {runtime_call}
  0x0000022de3f3eefc: 0000 00e9 | fbff ffff 

  0x0000022de3f3ef04: ;   {static_stub}
  0x0000022de3f3ef04: 9048 bb00 | 0000 0000 

  0x0000022de3f3ef0c: ;   {runtime_call}
  0x0000022de3f3ef0c: 0000 00e9 | fbff ffff 

  0x0000022de3f3ef14: ;   {static_stub}
  0x0000022de3f3ef14: 48bb 0000 | 0000 0000 

  0x0000022de3f3ef1c: ;   {runtime_call}
  0x0000022de3f3ef1c: 0000 e9fb 

  0x0000022de3f3ef20: ;   {static_stub}
  0x0000022de3f3ef20: ffff ff48 | bb00 0000 | 0000 0000 

  0x0000022de3f3ef2c: ;   {runtime_call}
  0x0000022de3f3ef2c: 00e9 fbff 

  0x0000022de3f3ef30: ;   {static_stub}
  0x0000022de3f3ef30: ffff 48bb | 0000 0000 | 0000 0000 

  0x0000022de3f3ef3c: ;   {runtime_call}
  0x0000022de3f3ef3c: e9fb ffff 

  0x0000022de3f3ef40: ;   {static_stub}
  0x0000022de3f3ef40: ff48 bb00 | 0000 0000 

  0x0000022de3f3ef48: ;   {runtime_call}
  0x0000022de3f3ef48: 0000 00e9 | fbff ffff 

  0x0000022de3f3ef50: ;   {static_stub}
  0x0000022de3f3ef50: 48bb 0000 | 0000 0000 

  0x0000022de3f3ef58: ;   {runtime_call}
  0x0000022de3f3ef58: 0000 e9fb 

  0x0000022de3f3ef5c: ;   {static_stub}
  0x0000022de3f3ef5c: ffff ff48 | bb00 0000 | 0000 0000 

  0x0000022de3f3ef68: ;   {runtime_call}
  0x0000022de3f3ef68: 00e9 fbff 

  0x0000022de3f3ef6c: ;   {static_stub}
  0x0000022de3f3ef6c: ffff 48bb | d8a7 4380 | 2d02 0000 

  0x0000022de3f3ef78: ;   {runtime_call I2C/C2I adapters}
  0x0000022de3f3ef78: e9f8 21d5 

  0x0000022de3f3ef7c: ;   {runtime_call handle_exception_from_callee Runtime1 stub}
  0x0000022de3f3ef7c: ffe8 7e3d 

  0x0000022de3f3ef80: ;   {external_word}
  0x0000022de3f3ef80: e1ff 48b9 | 50e0 12bc | fb7f 0000 | 4883 e4f0 

  0x0000022de3f3ef90: ;   {runtime_call}
  0x0000022de3f3ef90: 48b8 50ef | d5bb fb7f | 0000 ffd0 

  0x0000022de3f3ef9c: ;   {section_word}
  0x0000022de3f3ef9c: f449 ba9d | eff3 e32d | 0200 0041 

  0x0000022de3f3efa8: ;   {runtime_call DeoptimizationBlob}
  0x0000022de3f3efa8: 52e9 f259 | d6ff f4f4 
[/MachCode]


---------------  P R O C E S S  ---------------

Threads class SMR info:
_java_thread_list=0x0000022df12d2c90, length=27, elements={
0x0000022deb485f50, 0x0000022deb4876d0, 0x0000022deb48a380, 0x0000022deb48b060,
0x0000022deb48cf80, 0x0000022deb48f100, 0x0000022deb494650, 0x0000022deb6cc0f0,
0x0000022deb6cd0b0, 0x0000022df0f9f250, 0x0000022df0f97e10, 0x0000022df0f98480,
0x0000022df023b3e0, 0x0000022df0ab07e0, 0x0000022df13e03f0, 0x0000022deb63a700,
0x0000022df1410550, 0x0000022df1413340, 0x0000022df1411270, 0x0000022df1411900,
0x0000022df1411f90, 0x0000022df1412620, 0x0000022df1410be0, 0x0000022df1412cb0,
0x0000022df140fec0, 0x0000022df1420f50, 0x0000022df14215e0
}

Java Threads: ( => current thread )
  0x0000022deb485f50 JavaThread "Reference Handler"          daemon [_thread_blocked, id=17380, stack(0x000000f16b200000,0x000000f16b300000) (1024K)]
  0x0000022deb4876d0 JavaThread "Finalizer"                  daemon [_thread_blocked, id=17668, stack(0x000000f16b300000,0x000000f16b400000) (1024K)]
  0x0000022deb48a380 JavaThread "Signal Dispatcher"          daemon [_thread_blocked, id=2460, stack(0x000000f16b400000,0x000000f16b500000) (1024K)]
  0x0000022deb48b060 JavaThread "Attach Listener"            daemon [_thread_blocked, id=9720, stack(0x000000f16b500000,0x000000f16b600000) (1024K)]
  0x0000022deb48cf80 JavaThread "Service Thread"             daemon [_thread_blocked, id=2888, stack(0x000000f16b600000,0x000000f16b700000) (1024K)]
  0x0000022deb48f100 JavaThread "Monitor Deflation Thread"   daemon [_thread_blocked, id=12084, stack(0x000000f16b700000,0x000000f16b800000) (1024K)]
  0x0000022deb494650 JavaThread "C1 CompilerThread0"         daemon [_thread_blocked, id=13124, stack(0x000000f16b800000,0x000000f16b900000) (1024K)]
  0x0000022deb6cc0f0 JavaThread "Notification Thread"        daemon [_thread_blocked, id=2556, stack(0x000000f16b900000,0x000000f16ba00000) (1024K)]
  0x0000022deb6cd0b0 JavaThread "Common-Cleaner"             daemon [_thread_blocked, id=8532, stack(0x000000f16ba00000,0x000000f16bb00000) (1024K)]
  0x0000022df0f9f250 JavaThread "Catalina-utility-1"                [_thread_blocked, id=6816, stack(0x000000f16bf00000,0x000000f16c000000) (1024K)]
  0x0000022df0f97e10 JavaThread "Catalina-utility-2"                [_thread_blocked, id=17164, stack(0x000000f16c100000,0x000000f16c200000) (1024K)]
  0x0000022df0f98480 JavaThread "container-0"                       [_thread_blocked, id=14212, stack(0x000000f16c200000,0x000000f16c300000) (1024K)]
  0x0000022df023b3e0 JavaThread "BufferPoolPruner-1-thread-1" daemon [_thread_blocked, id=15332, stack(0x000000f16c300000,0x000000f16c400000) (1024K)]
=>0x0000022df0ab07e0 JavaThread "cluster-ClusterId{value='67d9743ec3fbb84fa539902b', description='null'}-localhost:27017" daemon [_thread_in_vm, id=16432, stack(0x000000f16c400000,0x000000f16c500000) (1024K)]
  0x0000022df13e03f0 JavaThread "http-nio-8080-exec-1"       daemon [_thread_blocked, id=9200, stack(0x000000f16c600000,0x000000f16c700000) (1024K)]
  0x0000022deb63a700 JavaThread "http-nio-8080-exec-2"       daemon [_thread_blocked, id=9316, stack(0x000000f16c700000,0x000000f16c800000) (1024K)]
  0x0000022df1410550 JavaThread "http-nio-8080-exec-3"       daemon [_thread_blocked, id=21396, stack(0x000000f16c800000,0x000000f16c900000) (1024K)]
  0x0000022df1413340 JavaThread "http-nio-8080-exec-4"       daemon [_thread_blocked, id=1760, stack(0x000000f16c900000,0x000000f16ca00000) (1024K)]
  0x0000022df1411270 JavaThread "http-nio-8080-exec-5"       daemon [_thread_blocked, id=16112, stack(0x000000f16ca00000,0x000000f16cb00000) (1024K)]
  0x0000022df1411900 JavaThread "http-nio-8080-exec-6"       daemon [_thread_blocked, id=16976, stack(0x000000f16cb00000,0x000000f16cc00000) (1024K)]
  0x0000022df1411f90 JavaThread "http-nio-8080-exec-7"       daemon [_thread_blocked, id=15120, stack(0x000000f16cc00000,0x000000f16cd00000) (1024K)]
  0x0000022df1412620 JavaThread "http-nio-8080-exec-8"       daemon [_thread_blocked, id=9496, stack(0x000000f16cd00000,0x000000f16ce00000) (1024K)]
  0x0000022df1410be0 JavaThread "http-nio-8080-exec-9"       daemon [_thread_blocked, id=12420, stack(0x000000f16ce00000,0x000000f16cf00000) (1024K)]
  0x0000022df1412cb0 JavaThread "http-nio-8080-exec-10"      daemon [_thread_blocked, id=13328, stack(0x000000f16cf00000,0x000000f16d000000) (1024K)]
  0x0000022df140fec0 JavaThread "http-nio-8080-Poller"       daemon [_thread_in_native, id=6428, stack(0x000000f16d000000,0x000000f16d100000) (1024K)]
  0x0000022df1420f50 JavaThread "http-nio-8080-Acceptor"     daemon [_thread_in_native, id=13144, stack(0x000000f16d100000,0x000000f16d200000) (1024K)]
  0x0000022df14215e0 JavaThread "DestroyJavaVM"                     [_thread_blocked, id=14148, stack(0x000000f16aa00000,0x000000f16ab00000) (1024K)]
Total: 27

Other Threads:
  0x0000022deb462f80 VMThread "VM Thread"                           [id=14824, stack(0x000000f16b100000,0x000000f16b200000) (1024K)]
  0x0000022deb4472b0 WatcherThread "VM Periodic Task Thread"        [id=2168, stack(0x000000f16b000000,0x000000f16b100000) (1024K)]
  0x0000022ddb56c030 WorkerThread "GC Thread#0"                     [id=14236, stack(0x000000f16ab00000,0x000000f16ac00000) (1024K)]
  0x0000022df02eb0c0 WorkerThread "GC Thread#1"                     [id=21140, stack(0x000000f16bc00000,0x000000f16bd00000) (1024K)]
  0x0000022df02c0300 WorkerThread "GC Thread#2"                     [id=1248, stack(0x000000f16bd00000,0x000000f16be00000) (1024K)]
  0x0000022df0318f90 WorkerThread "GC Thread#3"                     [id=19888, stack(0x000000f16be00000,0x000000f16bf00000) (1024K)]
  0x0000022ddb578e50 ConcurrentGCThread "G1 Main Marker"            [id=10868, stack(0x000000f16ac00000,0x000000f16ad00000) (1024K)]
  0x0000022ddb57a7d0 WorkerThread "G1 Conc#0"                       [id=14276, stack(0x000000f16ad00000,0x000000f16ae00000) (1024K)]
  0x0000022ddb5d3710 ConcurrentGCThread "G1 Refine#0"               [id=9108, stack(0x000000f16ae00000,0x000000f16af00000) (1024K)]
  0x0000022deb3220b0 ConcurrentGCThread "G1 Service"                [id=14524, stack(0x000000f16af00000,0x000000f16b000000) (1024K)]
Total: 10

Threads with active compile tasks:
Total: 0

VM state: not at safepoint (normal execution)

VM Mutex/Monitor currently owned by a thread:  ([mutex/lock_event])
[0x00007ffbbc3df9a8] Metaspace_lock - owner thread: 0x0000022df0ab07e0

Heap address: 0x00000000a0e00000, size: 1522 MB, Compressed Oops mode: 32-bit

CDS archive(s) mapped at: [0x0000022d80000000-0x0000022d80c90000-0x0000022d80c90000), size 13172736, SharedBaseAddress: 0x0000022d80000000, ArchiveRelocationMode: 1.
Compressed class space mapped at: 0x0000022d81000000-0x0000022dc1000000, reserved size: 1073741824
Narrow klass base: 0x0000022d80000000, Narrow klass shift: 0, Narrow klass range: 0x100000000

GC Precious Log:
 CardTable entry size: 512
 Card Set container configuration: InlinePtr #cards 5 size 8 Array Of Cards #cards 12 size 40 Howl #buckets 4 coarsen threshold 1843 Howl Bitmap #cards 512 size 80 coarsen threshold 460 Card regions per heap region 1 cards per card region 2048
 CPUs: 4 total, 4 available
 Memory: 6086M
 Large Page Support: Disabled
 NUMA Support: Disabled
 Compressed Oops: Enabled (32-bit)
 Heap Region Size: 1M
 Heap Min Capacity: 8M
 Heap Initial Capacity: 96M
 Heap Max Capacity: 1522M
 Pre-touch: Disabled
 Parallel Workers: 4
 Concurrent Workers: 1
 Concurrent Refinement Workers: 4
 Periodic GC: Disabled

Heap:
 garbage-first heap   total 48128K, used 36014K [0x00000000a0e00000, 0x0000000100000000)
  region size 1024K, 23 young (23552K), 3 survivors (3072K)
 Metaspace       used 34508K, committed 35072K, reserved 1114112K
  class space    used 4879K, committed 5120K, reserved 1048576K

Heap Regions: E=young(eden), S=young(survivor), O=old, HS=humongous(starts), HC=humongous(continues), CS=collection set, F=free, TAMS=top-at-mark-start, PB=parsable bottom
|   0|0x00000000a0e00000, 0x00000000a0f00000, 0x00000000a0f00000|100%| O|  |TAMS 0x00000000a0e00000| PB 0x00000000a0e00000| Untracked 
|   1|0x00000000a0f00000, 0x00000000a1000000, 0x00000000a1000000|100%| O|  |TAMS 0x00000000a0f00000| PB 0x00000000a0f00000| Untracked 
|   2|0x00000000a1000000, 0x00000000a1100000, 0x00000000a1100000|100%| O|  |TAMS 0x00000000a1000000| PB 0x00000000a1000000| Untracked 
|   3|0x00000000a1100000, 0x00000000a1200000, 0x00000000a1200000|100%| O|  |TAMS 0x00000000a1100000| PB 0x00000000a1100000| Untracked 
|   4|0x00000000a1200000, 0x00000000a1300000, 0x00000000a1300000|100%| O|  |TAMS 0x00000000a1200000| PB 0x00000000a1200000| Untracked 
|   5|0x00000000a1300000, 0x00000000a1400000, 0x00000000a1400000|100%| O|  |TAMS 0x00000000a1300000| PB 0x00000000a1300000| Untracked 
|   6|0x00000000a1400000, 0x00000000a1500000, 0x00000000a1500000|100%| O|  |TAMS 0x00000000a1400000| PB 0x00000000a1400000| Untracked 
|   7|0x00000000a1500000, 0x00000000a1600000, 0x00000000a1600000|100%| O|  |TAMS 0x00000000a1500000| PB 0x00000000a1500000| Untracked 
|   8|0x00000000a1600000, 0x00000000a1700000, 0x00000000a1700000|100%| O|  |TAMS 0x00000000a1600000| PB 0x00000000a1600000| Untracked 
|   9|0x00000000a1700000, 0x00000000a1800000, 0x00000000a1800000|100%| O|  |TAMS 0x00000000a1700000| PB 0x00000000a1700000| Untracked 
|  10|0x00000000a1800000, 0x00000000a1800000, 0x00000000a1900000|  0%| F|  |TAMS 0x00000000a1800000| PB 0x00000000a1800000| Untracked 
|  11|0x00000000a1900000, 0x00000000a1a00000, 0x00000000a1a00000|100%| O|  |TAMS 0x00000000a1900000| PB 0x00000000a1900000| Untracked 
|  12|0x00000000a1a00000, 0x00000000a1b00000, 0x00000000a1b00000|100%| O|  |TAMS 0x00000000a1a00000| PB 0x00000000a1a00000| Untracked 
|  13|0x00000000a1b00000, 0x00000000a1c00000, 0x00000000a1c00000|100%| O|  |TAMS 0x00000000a1b00000| PB 0x00000000a1b00000| Untracked 
|  14|0x00000000a1c00000, 0x00000000a1caabe0, 0x00000000a1d00000| 66%| O|  |TAMS 0x00000000a1c00000| PB 0x00000000a1c00000| Untracked 
|  15|0x00000000a1d00000, 0x00000000a1d00000, 0x00000000a1e00000|  0%| F|  |TAMS 0x00000000a1d00000| PB 0x00000000a1d00000| Untracked 
|  16|0x00000000a1e00000, 0x00000000a1e00000, 0x00000000a1f00000|  0%| F|  |TAMS 0x00000000a1e00000| PB 0x00000000a1e00000| Untracked 
|  17|0x00000000a1f00000, 0x00000000a1f00000, 0x00000000a2000000|  0%| F|  |TAMS 0x00000000a1f00000| PB 0x00000000a1f00000| Untracked 
|  18|0x00000000a2000000, 0x00000000a2000000, 0x00000000a2100000|  0%| F|  |TAMS 0x00000000a2000000| PB 0x00000000a2000000| Untracked 
|  19|0x00000000a2100000, 0x00000000a2100000, 0x00000000a2200000|  0%| F|  |TAMS 0x00000000a2100000| PB 0x00000000a2100000| Untracked 
|  20|0x00000000a2200000, 0x00000000a2200000, 0x00000000a2300000|  0%| F|  |TAMS 0x00000000a2200000| PB 0x00000000a2200000| Untracked 
|  21|0x00000000a2300000, 0x00000000a2380c98, 0x00000000a2400000| 50%| S|CS|TAMS 0x00000000a2300000| PB 0x00000000a2300000| Complete 
|  22|0x00000000a2400000, 0x00000000a2500000, 0x00000000a2500000|100%| S|CS|TAMS 0x00000000a2400000| PB 0x00000000a2400000| Complete 
|  23|0x00000000a2500000, 0x00000000a2600000, 0x00000000a2600000|100%| S|CS|TAMS 0x00000000a2500000| PB 0x00000000a2500000| Complete 
|  24|0x00000000a2600000, 0x00000000a2600000, 0x00000000a2700000|  0%| F|  |TAMS 0x00000000a2600000| PB 0x00000000a2600000| Untracked 
|  25|0x00000000a2700000, 0x00000000a2700000, 0x00000000a2800000|  0%| F|  |TAMS 0x00000000a2700000| PB 0x00000000a2700000| Untracked 
|  26|0x00000000a2800000, 0x00000000a2800000, 0x00000000a2900000|  0%| F|  |TAMS 0x00000000a2800000| PB 0x00000000a2800000| Untracked 
|  27|0x00000000a2900000, 0x00000000a29ebfe8, 0x00000000a2a00000| 92%| E|  |TAMS 0x00000000a2900000| PB 0x00000000a2900000| Complete 
|  28|0x00000000a2a00000, 0x00000000a2b00000, 0x00000000a2b00000|100%| E|CS|TAMS 0x00000000a2a00000| PB 0x00000000a2a00000| Complete 
|  29|0x00000000a2b00000, 0x00000000a2c00000, 0x00000000a2c00000|100%| E|CS|TAMS 0x00000000a2b00000| PB 0x00000000a2b00000| Complete 
|  30|0x00000000a2c00000, 0x00000000a2d00000, 0x00000000a2d00000|100%| E|CS|TAMS 0x00000000a2c00000| PB 0x00000000a2c00000| Complete 
|  31|0x00000000a2d00000, 0x00000000a2e00000, 0x00000000a2e00000|100%| E|CS|TAMS 0x00000000a2d00000| PB 0x00000000a2d00000| Complete 
|  32|0x00000000a2e00000, 0x00000000a2f00000, 0x00000000a2f00000|100%| E|CS|TAMS 0x00000000a2e00000| PB 0x00000000a2e00000| Complete 
|  33|0x00000000a2f00000, 0x00000000a3000000, 0x00000000a3000000|100%| E|CS|TAMS 0x00000000a2f00000| PB 0x00000000a2f00000| Complete 
|  34|0x00000000a3000000, 0x00000000a3100000, 0x00000000a3100000|100%| E|CS|TAMS 0x00000000a3000000| PB 0x00000000a3000000| Complete 
|  35|0x00000000a3100000, 0x00000000a3200000, 0x00000000a3200000|100%| E|CS|TAMS 0x00000000a3100000| PB 0x00000000a3100000| Complete 
|  36|0x00000000a3200000, 0x00000000a3300000, 0x00000000a3300000|100%| E|CS|TAMS 0x00000000a3200000| PB 0x00000000a3200000| Complete 
|  37|0x00000000a3300000, 0x00000000a3400000, 0x00000000a3400000|100%| E|CS|TAMS 0x00000000a3300000| PB 0x00000000a3300000| Complete 
|  38|0x00000000a3400000, 0x00000000a3500000, 0x00000000a3500000|100%| E|CS|TAMS 0x00000000a3400000| PB 0x00000000a3400000| Complete 
|  39|0x00000000a3500000, 0x00000000a3600000, 0x00000000a3600000|100%| E|CS|TAMS 0x00000000a3500000| PB 0x00000000a3500000| Complete 
|  40|0x00000000a3600000, 0x00000000a3700000, 0x00000000a3700000|100%| E|CS|TAMS 0x00000000a3600000| PB 0x00000000a3600000| Complete 
|  41|0x00000000a3700000, 0x00000000a3800000, 0x00000000a3800000|100%| E|CS|TAMS 0x00000000a3700000| PB 0x00000000a3700000| Complete 
|  42|0x00000000a3800000, 0x00000000a3900000, 0x00000000a3900000|100%| E|CS|TAMS 0x00000000a3800000| PB 0x00000000a3800000| Complete 
|  43|0x00000000a3900000, 0x00000000a3a00000, 0x00000000a3a00000|100%| E|CS|TAMS 0x00000000a3900000| PB 0x00000000a3900000| Complete 
|  78|0x00000000a5c00000, 0x00000000a5d00000, 0x00000000a5d00000|100%| E|CS|TAMS 0x00000000a5c00000| PB 0x00000000a5c00000| Complete 
|  79|0x00000000a5d00000, 0x00000000a5e00000, 0x00000000a5e00000|100%| E|CS|TAMS 0x00000000a5d00000| PB 0x00000000a5d00000| Complete 
|  95|0x00000000a6d00000, 0x00000000a6e00000, 0x00000000a6e00000|100%| E|CS|TAMS 0x00000000a6d00000| PB 0x00000000a6d00000| Complete 

Card table byte_map: [0x0000022de73f0000,0x0000022de76f0000] _byte_map_base: 0x0000022de6ee9000

Marking Bits: (CMBitMap*) 0x0000022ddb56c730
 Bits: [0x0000022de76f0000, 0x0000022de8eb8000)

Polling page: 0x0000022ddb5e0000

Metaspace:

Usage:
  Non-class:     28.93 MB used.
      Class:      4.77 MB used.
       Both:     33.70 MB used.

Virtual space:
  Non-class space:       64.00 MB reserved,      29.25 MB ( 46%) committed,  1 nodes.
      Class space:        1.00 GB reserved,       5.00 MB ( <1%) committed,  1 nodes.
             Both:        1.06 GB reserved,      34.25 MB (  3%) committed. 

Chunk freelists:
   Non-Class:  2.36 MB
       Class:  11.01 MB
        Both:  13.37 MB

MaxMetaspaceSize: unlimited
CompressedClassSpaceSize: 1.00 GB
Initial GC threshold: 21.00 MB
Current GC threshold: 34.62 MB
CDS: on
 - commit_granule_bytes: 65536.
 - commit_granule_words: 8192.
 - virtual_space_node_default_size: 8388608.
 - enlarge_chunks_in_place: 1.
 - use_allocation_guard: 0.


Internal statistics:

num_allocs_failed_limit: 0.
num_arena_births: 754.
num_arena_deaths: 0.
num_vsnodes_births: 2.
num_vsnodes_deaths: 0.
num_space_committed: 548.
num_space_uncommitted: 0.
num_chunks_returned_to_freelist: 0.
num_chunks_taken_from_freelist: 2098.
num_chunk_merges: 0.
num_chunk_splits: 1403.
num_chunks_enlarged: 1001.
num_inconsistent_stats: 0.

CodeCache: size=49152Kb used=7943Kb max_used=8948Kb free=41209Kb
 bounds [0x0000022de3c50000, 0x0000022de4510000, 0x0000022de6c50000]
 total_blobs=4833 nmethods=4286 adapters=471
 compilation: enabled
              stopped_count=0, restarted_count=0
 full_count=0

Compilation events (20 events):
Event: 206.727 Thread 0x0000022deb494650 4277       1       java.util.concurrent.ScheduledThreadPoolExecutor$DelayedWorkQueue::add (6 bytes)
Event: 206.727 Thread 0x0000022deb494650 nmethod 4277 0x0000022de3df7210 code [0x0000022de3df73c0, 0x0000022de3df74a8]
Event: 206.727 Thread 0x0000022deb494650 4278   !   1       java.util.concurrent.ScheduledThreadPoolExecutor$DelayedWorkQueue::offer (123 bytes)
Event: 206.734 Thread 0x0000022deb494650 nmethod 4278 0x0000022de3df5e90 code [0x0000022de3df6140, 0x0000022de3df6a70]
Event: 206.734 Thread 0x0000022deb494650 4279       1       java.util.concurrent.ThreadPoolExecutor::ensurePrestart (41 bytes)
Event: 206.735 Thread 0x0000022deb494650 nmethod 4279 0x0000022de3df5a90 code [0x0000022de3df5c40, 0x0000022de3df5da0]
Event: 207.726 Thread 0x0000022deb494650 4280       1       java.util.concurrent.ScheduledThreadPoolExecutor$DelayedWorkQueue::add (9 bytes)
Event: 207.726 Thread 0x0000022deb494650 nmethod 4280 0x0000022de3df5710 code [0x0000022de3df58c0, 0x0000022de3df5a08]
Event: 210.271 Thread 0x0000022deb494650 4281       1       java.util.concurrent.ThreadPoolExecutor$Worker::unlock (7 bytes)
Event: 210.271 Thread 0x0000022deb494650 nmethod 4281 0x0000022de3df5390 code [0x0000022de3df5540, 0x0000022de3df5658]
Event: 210.271 Thread 0x0000022deb494650 4285   !   1       java.util.concurrent.ScheduledThreadPoolExecutor$DelayedWorkQueue::take (203 bytes)
Event: 210.275 Thread 0x0000022deb494650 nmethod 4285 0x0000022de3df3c10 code [0x0000022de3df3f20, 0x0000022de3df4a38]
Event: 210.275 Thread 0x0000022deb494650 4282       1       java.util.concurrent.ThreadPoolExecutor$Worker::tryRelease (12 bytes)
Event: 210.276 Thread 0x0000022deb494650 nmethod 4282 0x0000022de3df3910 code [0x0000022de3df3aa0, 0x0000022de3df3ba0]
Event: 210.276 Thread 0x0000022deb494650 4283   !   1       java.util.concurrent.ThreadPoolExecutor::getTask (177 bytes)
Event: 210.278 Thread 0x0000022deb494650 nmethod 4283 0x0000022de3df2f90 code [0x0000022de3df31a0, 0x0000022de3df3680]
Event: 210.278 Thread 0x0000022deb494650 4284       1       java.util.concurrent.ScheduledThreadPoolExecutor$DelayedWorkQueue::take (5 bytes)
Event: 210.278 Thread 0x0000022deb494650 nmethod 4284 0x0000022de3df2c90 code [0x0000022de3df2e40, 0x0000022de3df2f28]
Event: 211.532 Thread 0x0000022deb494650 4286       1       java.net.InetAddress::holder (5 bytes)
Event: 211.532 Thread 0x0000022deb494650 nmethod 4286 0x0000022de3df2990 code [0x0000022de3df2b20, 0x0000022de3df2be8]

GC Heap History (12 events):
Event: 1.310 GC heap before
{Heap before GC invocations=0 (full 0):
 garbage-first heap   total 98304K, used 13312K [0x00000000a0e00000, 0x0000000100000000)
  region size 1024K, 13 young (13312K), 0 survivors (0K)
 Metaspace       used 3485K, committed 3648K, reserved 1114112K
  class space    used 446K, committed 512K, reserved 1048576K
}
Event: 1.319 GC heap after
{Heap after GC invocations=1 (full 0):
 garbage-first heap   total 98304K, used 4416K [0x00000000a0e00000, 0x0000000100000000)
  region size 1024K, 2 young (2048K), 2 survivors (2048K)
 Metaspace       used 3485K, committed 3648K, reserved 1114112K
  class space    used 446K, committed 512K, reserved 1048576K
}
Event: 3.559 GC heap before
{Heap before GC invocations=1 (full 0):
 garbage-first heap   total 98304K, used 18752K [0x00000000a0e00000, 0x0000000100000000)
  region size 1024K, 17 young (17408K), 2 survivors (2048K)
 Metaspace       used 7129K, committed 7424K, reserved 1114112K
  class space    used 1041K, committed 1152K, reserved 1048576K
}
Event: 3.567 GC heap after
{Heap after GC invocations=2 (full 0):
 garbage-first heap   total 98304K, used 5844K [0x00000000a0e00000, 0x0000000100000000)
  region size 1024K, 2 young (2048K), 2 survivors (2048K)
 Metaspace       used 7129K, committed 7424K, reserved 1114112K
  class space    used 1041K, committed 1152K, reserved 1048576K
}
Event: 6.621 GC heap before
{Heap before GC invocations=2 (full 0):
 garbage-first heap   total 98304K, used 61140K [0x00000000a0e00000, 0x0000000100000000)
  region size 1024K, 57 young (58368K), 2 survivors (2048K)
 Metaspace       used 17907K, committed 18176K, reserved 1114112K
  class space    used 2440K, committed 2560K, reserved 1048576K
}
Event: 6.637 GC heap after
{Heap after GC invocations=3 (full 0):
 garbage-first heap   total 98304K, used 11057K [0x00000000a0e00000, 0x0000000100000000)
  region size 1024K, 7 young (7168K), 7 survivors (7168K)
 Metaspace       used 17907K, committed 18176K, reserved 1114112K
  class space    used 2440K, committed 2560K, reserved 1048576K
}
Event: 8.373 GC heap before
{Heap before GC invocations=3 (full 0):
 garbage-first heap   total 98304K, used 26417K [0x00000000a0e00000, 0x0000000100000000)
  region size 1024K, 23 young (23552K), 7 survivors (7168K)
 Metaspace       used 20751K, committed 21248K, reserved 1114112K
  class space    used 2872K, committed 3072K, reserved 1048576K
}
Event: 8.395 GC heap after
{Heap after GC invocations=4 (full 0):
 garbage-first heap   total 98304K, used 12621K [0x00000000a0e00000, 0x0000000100000000)
  region size 1024K, 2 young (2048K), 2 survivors (2048K)
 Metaspace       used 20751K, committed 21248K, reserved 1114112K
  class space    used 2872K, committed 3072K, reserved 1048576K
}
Event: 10.576 GC heap before
{Heap before GC invocations=5 (full 0):
 garbage-first heap   total 48128K, used 39245K [0x00000000a0e00000, 0x0000000100000000)
  region size 1024K, 28 young (28672K), 2 survivors (2048K)
 Metaspace       used 26308K, committed 26880K, reserved 1114112K
  class space    used 3641K, committed 3904K, reserved 1048576K
}
Event: 10.582 GC heap after
{Heap after GC invocations=6 (full 0):
 garbage-first heap   total 48128K, used 14700K [0x00000000a0e00000, 0x0000000100000000)
  region size 1024K, 4 young (4096K), 4 survivors (4096K)
 Metaspace       used 26308K, committed 26880K, reserved 1114112K
  class space    used 3641K, committed 3904K, reserved 1048576K
}
Event: 11.892 GC heap before
{Heap before GC invocations=6 (full 0):
 garbage-first heap   total 48128K, used 38252K [0x00000000a0e00000, 0x0000000100000000)
  region size 1024K, 27 young (27648K), 4 survivors (4096K)
 Metaspace       used 31719K, committed 32256K, reserved 1114112K
  class space    used 4476K, committed 4672K, reserved 1048576K
}
Event: 11.903 GC heap after
{Heap after GC invocations=7 (full 0):
 garbage-first heap   total 48128K, used 16558K [0x00000000a0e00000, 0x0000000100000000)
  region size 1024K, 3 young (3072K), 3 survivors (3072K)
 Metaspace       used 31719K, committed 32256K, reserved 1114112K
  class space    used 4476K, committed 4672K, reserved 1048576K
}

Dll operation events (9 events):
Event: 0.017 Loaded shared library C:\Users\palak\Downloads\java-21-openjdk-21.0.1.0.12-3.win.jdk.x86_64\java-21-openjdk-21.0.1.0.12-3.win.jdk.x86_64\bin\java.dll
Event: 0.231 Loaded shared library C:\Users\palak\Downloads\java-21-openjdk-21.0.1.0.12-3.win.jdk.x86_64\java-21-openjdk-21.0.1.0.12-3.win.jdk.x86_64\bin\net.dll
Event: 0.237 Loaded shared library C:\Users\palak\Downloads\java-21-openjdk-21.0.1.0.12-3.win.jdk.x86_64\java-21-openjdk-21.0.1.0.12-3.win.jdk.x86_64\bin\nio.dll
Event: 0.251 Loaded shared library C:\Users\palak\Downloads\java-21-openjdk-21.0.1.0.12-3.win.jdk.x86_64\java-21-openjdk-21.0.1.0.12-3.win.jdk.x86_64\bin\zip.dll
Event: 0.493 Loaded shared library C:\Users\palak\Downloads\java-21-openjdk-21.0.1.0.12-3.win.jdk.x86_64\java-21-openjdk-21.0.1.0.12-3.win.jdk.x86_64\bin\jimage.dll
Event: 5.463 Loaded shared library C:\Users\palak\Downloads\java-21-openjdk-21.0.1.0.12-3.win.jdk.x86_64\java-21-openjdk-21.0.1.0.12-3.win.jdk.x86_64\bin\sunmscapi.dll
Event: 9.911 Loaded shared library C:\Users\palak\Downloads\java-21-openjdk-21.0.1.0.12-3.win.jdk.x86_64\java-21-openjdk-21.0.1.0.12-3.win.jdk.x86_64\bin\management.dll
Event: 9.921 Loaded shared library C:\Users\palak\Downloads\java-21-openjdk-21.0.1.0.12-3.win.jdk.x86_64\java-21-openjdk-21.0.1.0.12-3.win.jdk.x86_64\bin\management_ext.dll
Event: 10.782 Loaded shared library C:\Users\palak\Downloads\java-21-openjdk-21.0.1.0.12-3.win.jdk.x86_64\java-21-openjdk-21.0.1.0.12-3.win.jdk.x86_64\bin\extnet.dll

Deoptimization events (12 events):
Event: 4.567 Thread 0x0000022dd9aa6d10 DEOPT PACKING pc=0x0000022de40a8cf9 sp=0x000000f16aafd3f0
Event: 4.567 Thread 0x0000022dd9aa6d10 DEOPT UNPACKING pc=0x0000022de3ca4e42 sp=0x000000f16aafc8d0 mode 3
Event: 5.116 Thread 0x0000022dd9aa6d10 DEOPT PACKING pc=0x0000022de41a1add sp=0x000000f16aafda30
Event: 5.116 Thread 0x0000022dd9aa6d10 DEOPT UNPACKING pc=0x0000022de3ca4e42 sp=0x000000f16aafced8 mode 3
Event: 5.327 Thread 0x0000022dd9aa6d10 DEOPT PACKING pc=0x0000022de41c751c sp=0x000000f16aafe660
Event: 5.327 Thread 0x0000022dd9aa6d10 DEOPT UNPACKING pc=0x0000022de3ca4e42 sp=0x000000f16aafdb98 mode 0
Event: 8.436 Thread 0x0000022dd9aa6d10 DEOPT PACKING pc=0x0000022de42df314 sp=0x000000f16aafddc0
Event: 8.436 Thread 0x0000022dd9aa6d10 DEOPT UNPACKING pc=0x0000022de3ca4e42 sp=0x000000f16aafd278 mode 0
Event: 10.192 Thread 0x0000022dd9aa6d10 DEOPT PACKING pc=0x0000022de43e291d sp=0x000000f16aafc790
Event: 10.192 Thread 0x0000022dd9aa6d10 DEOPT UNPACKING pc=0x0000022de3ca4e42 sp=0x000000f16aafbcf8 mode 3
Event: 11.905 Thread 0x0000022deb6cd0b0 DEOPT PACKING pc=0x0000022de4074e1c sp=0x000000f16bafee70
Event: 11.905 Thread 0x0000022deb6cd0b0 DEOPT UNPACKING pc=0x0000022de3ca4e42 sp=0x000000f16bafe3b8 mode 0

Classes loaded (20 events):
Event: 12.715 Loading class java/nio/channels/Pipe$SinkChannel done
Event: 12.715 Loading class sun/nio/ch/SinkChannelImpl done
Event: 12.721 Loading class java/nio/channels/spi/AbstractSelector$1
Event: 12.721 Loading class java/nio/channels/spi/AbstractSelector$1 done
Event: 12.724 Loading class java/util/TreeMap$ValueSpliterator
Event: 12.724 Loading class java/util/TreeMap$TreeMapSpliterator
Event: 12.724 Loading class java/util/TreeMap$TreeMapSpliterator done
Event: 12.724 Loading class java/util/TreeMap$ValueSpliterator done
Event: 12.751 Loading class java/util/IdentityHashMap$KeySpliterator
Event: 12.752 Loading class java/util/IdentityHashMap$IdentityHashMapSpliterator
Event: 12.752 Loading class java/util/IdentityHashMap$IdentityHashMapSpliterator done
Event: 12.752 Loading class java/util/IdentityHashMap$KeySpliterator done
Event: 211.538 Loading class java/net/Socket$SocketOutputStream
Event: 211.553 Loading class java/net/Socket$SocketOutputStream done
Event: 211.555 Loading class sun/nio/ch/NioSocketImpl$2
Event: 211.559 Loading class sun/nio/ch/NioSocketImpl$2 done
Event: 211.563 Loading class java/net/Socket$SocketInputStream
Event: 211.565 Loading class java/net/Socket$SocketInputStream done
Event: 211.565 Loading class sun/nio/ch/NioSocketImpl$1
Event: 211.566 Loading class sun/nio/ch/NioSocketImpl$1 done

Classes unloaded (0 events):
No events

Classes redefined (0 events):
No events

Internal exceptions (20 events):
Event: 30.918 Thread 0x0000022df0ab07e0 Exception <a 'java/net/ConnectException'{0x00000000a299e0e0}: Connection refused: no further information> (0x00000000a299e0e0) 
thrown [s\src\hotspot\share\prims\jni.cpp, line 539]
Event: 40.933 Thread 0x0000022df0ab07e0 Exception <a 'java/net/ConnectException'{0x00000000a29a0810}: Connection refused: no further information> (0x00000000a29a0810) 
thrown [s\src\hotspot\share\prims\jni.cpp, line 539]
Event: 50.953 Thread 0x0000022df0ab07e0 Exception <a 'java/net/ConnectException'{0x00000000a29a2760}: Connection refused: no further information> (0x00000000a29a2760) 
thrown [s\src\hotspot\share\prims\jni.cpp, line 539]
Event: 60.957 Thread 0x0000022df0ab07e0 Exception <a 'java/net/ConnectException'{0x00000000a29a46b0}: Connection refused: no further information> (0x00000000a29a46b0) 
thrown [s\src\hotspot\share\prims\jni.cpp, line 539]
Event: 70.592 Thread 0x0000022df023b3e0 Exception <a 'java/lang/NoSuchMethodError'{0x00000000a29b3560}: 'java.lang.Object java.lang.invoke.DirectMethodHandle$Holder.newInvokeSpecial(java.lang.Object, java.lang.Object, long)'> (0x00000000a29b3560) 
thrown [s\src\hotspot\share\interpreter\linkResolver.cpp, line 773]
Event: 70.592 Thread 0x0000022df023b3e0 Exception <a 'java/lang/NoSuchMethodError'{0x00000000a29b6b38}: 'java.lang.Object java.lang.invoke.Invokers$Holder.linkToTargetMethod(java.lang.Object, long, java.lang.Object)'> (0x00000000a29b6b38) 
thrown [s\src\hotspot\share\interpreter\linkResolver.cpp, line 773]
Event: 70.963 Thread 0x0000022df0ab07e0 Exception <a 'java/net/ConnectException'{0x00000000a29a6818}: Connection refused: no further information> (0x00000000a29a6818) 
thrown [s\src\hotspot\share\prims\jni.cpp, line 539]
Event: 80.979 Thread 0x0000022df0ab07e0 Exception <a 'java/net/ConnectException'{0x00000000a29c11f0}: Connection refused: no further information> (0x00000000a29c11f0) 
thrown [s\src\hotspot\share\prims\jni.cpp, line 539]
Event: 90.990 Thread 0x0000022df0ab07e0 Exception <a 'java/net/ConnectException'{0x00000000a29c3140}: Connection refused: no further information> (0x00000000a29c3140) 
thrown [s\src\hotspot\share\prims\jni.cpp, line 539]
Event: 101.013 Thread 0x0000022df0ab07e0 Exception <a 'java/net/ConnectException'{0x00000000a29c55d8}: Connection refused: no further information> (0x00000000a29c55d8) 
thrown [s\src\hotspot\share\prims\jni.cpp, line 539]
Event: 111.018 Thread 0x0000022df0ab07e0 Exception <a 'java/net/ConnectException'{0x00000000a29c7528}: Connection refused: no further information> (0x00000000a29c7528) 
thrown [s\src\hotspot\share\prims\jni.cpp, line 539]
Event: 121.021 Thread 0x0000022df0ab07e0 Exception <a 'java/net/ConnectException'{0x00000000a29c9478}: Connection refused: no further information> (0x00000000a29c9478) 
thrown [s\src\hotspot\share\prims\jni.cpp, line 539]
Event: 131.042 Thread 0x0000022df0ab07e0 Exception <a 'java/net/ConnectException'{0x00000000a29cb800}: Connection refused: no further information> (0x00000000a29cb800) 
thrown [s\src\hotspot\share\prims\jni.cpp, line 539]
Event: 141.062 Thread 0x0000022df0ab07e0 Exception <a 'java/net/ConnectException'{0x00000000a29cd750}: Connection refused: no further information> (0x00000000a29cd750) 
thrown [s\src\hotspot\share\prims\jni.cpp, line 539]
Event: 151.099 Thread 0x0000022df0ab07e0 Exception <a 'java/net/ConnectException'{0x00000000a29cf708}: Connection refused: no further information> (0x00000000a29cf708) 
thrown [s\src\hotspot\share\prims\jni.cpp, line 539]
Event: 161.281 Thread 0x0000022df0ab07e0 Exception <a 'java/net/ConnectException'{0x00000000a29d1888}: Connection refused: no further information> (0x00000000a29d1888) 
thrown [s\src\hotspot\share\prims\jni.cpp, line 539]
Event: 171.365 Thread 0x0000022df0ab07e0 Exception <a 'java/net/ConnectException'{0x00000000a29d37d8}: Connection refused: no further information> (0x00000000a29d37d8) 
thrown [s\src\hotspot\share\prims\jni.cpp, line 539]
Event: 181.369 Thread 0x0000022df0ab07e0 Exception <a 'java/net/ConnectException'{0x00000000a29d5728}: Connection refused: no further information> (0x00000000a29d5728) 
thrown [s\src\hotspot\share\prims\jni.cpp, line 539]
Event: 191.440 Thread 0x0000022df0ab07e0 Exception <a 'java/net/ConnectException'{0x00000000a29d7890}: Connection refused: no further information> (0x00000000a29d7890) 
thrown [s\src\hotspot\share\prims\jni.cpp, line 539]
Event: 201.521 Thread 0x0000022df0ab07e0 Exception <a 'java/net/ConnectException'{0x00000000a29d97e0}: Connection refused: no further information> (0x00000000a29d97e0) 
thrown [s\src\hotspot\share\prims\jni.cpp, line 539]

ZGC Phase Switch (0 events):
No events

VM Operations (20 events):
Event: 12.452 Executing VM operation: HandshakeAllThreads (Deoptimize)
Event: 12.452 Executing VM operation: HandshakeAllThreads (Deoptimize) done
Event: 13.463 Executing VM operation: Cleanup
Event: 13.463 Executing VM operation: Cleanup done
Event: 21.521 Executing VM operation: Cleanup
Event: 21.521 Executing VM operation: Cleanup done
Event: 25.561 Executing VM operation: Cleanup
Event: 25.561 Executing VM operation: Cleanup done
Event: 27.582 Executing VM operation: Cleanup
Event: 27.582 Executing VM operation: Cleanup done
Event: 60.160 Executing VM operation: HandshakeAllThreads (HandshakeForDeflation)
Event: 60.160 Executing VM operation: HandshakeAllThreads (HandshakeForDeflation) done
Event: 60.160 Executing VM operation: RendezvousGCThreads
Event: 60.160 Executing VM operation: RendezvousGCThreads done
Event: 81.307 Executing VM operation: Cleanup
Event: 81.307 Executing VM operation: Cleanup done
Event: 91.395 Executing VM operation: Cleanup
Event: 91.395 Executing VM operation: Cleanup done
Event: 191.160 Executing VM operation: Cleanup
Event: 191.160 Executing VM operation: Cleanup done

Events (20 events):
Event: 10.245 Thread 0x0000022df0f97e10 Thread added: 0x0000022df0f97e10
Event: 10.255 Thread 0x0000022df0f98480 Thread added: 0x0000022df0f98480
Event: 10.574 Thread 0x0000022df023b3e0 Thread added: 0x0000022df023b3e0
Event: 10.718 Thread 0x0000022df0ab07e0 Thread added: 0x0000022df0ab07e0
Event: 12.683 Thread 0x0000022df13e03f0 Thread added: 0x0000022df13e03f0
Event: 12.684 Thread 0x0000022deb63a700 Thread added: 0x0000022deb63a700
Event: 12.684 Thread 0x0000022df1410550 Thread added: 0x0000022df1410550
Event: 12.687 Thread 0x0000022df1413340 Thread added: 0x0000022df1413340
Event: 12.688 Thread 0x0000022df1411270 Thread added: 0x0000022df1411270
Event: 12.688 Thread 0x0000022df1411900 Thread added: 0x0000022df1411900
Event: 12.689 Thread 0x0000022df1411f90 Thread added: 0x0000022df1411f90
Event: 12.689 Thread 0x0000022df1412620 Thread added: 0x0000022df1412620
Event: 12.689 Thread 0x0000022df1410be0 Thread added: 0x0000022df1410be0
Event: 12.689 Thread 0x0000022df1412cb0 Thread added: 0x0000022df1412cb0
Event: 12.721 Thread 0x0000022df140fec0 Thread added: 0x0000022df140fec0
Event: 12.723 Thread 0x0000022df1420f50 Thread added: 0x0000022df1420f50
Event: 12.756 Thread 0x0000022dd9aa6d10 Thread exited: 0x0000022dd9aa6d10
Event: 12.756 Thread 0x0000022df14215e0 Thread added: 0x0000022df14215e0
Event: 17.744 Thread 0x0000022deb6d92d0 Thread exited: 0x0000022deb6d92d0
Event: 17.744 Thread 0x0000022df06d5830 Thread exited: 0x0000022df06d5830


Dynamic libraries:
0x00007ff795bb0000 - 0x00007ff795bbe000 	C:\Users\palak\Downloads\java-21-openjdk-21.0.1.0.12-3.win.jdk.x86_64\java-21-openjdk-21.0.1.0.12-3.win.jdk.x86_64\bin\java.exe
0x00007ffc51e00000 - 0x00007ffc52063000 	C:\WINDOWS\SYSTEM32\ntdll.dll
0x00007ffc50cb0000 - 0x00007ffc50d77000 	C:\WINDOWS\System32\KERNEL32.DLL
0x00007ffc4f200000 - 0x00007ffc4f5c9000 	C:\WINDOWS\System32\KERNELBASE.dll
0x00007ffc4fad0000 - 0x00007ffc4fc1c000 	C:\WINDOWS\System32\ucrtbase.dll
0x00007ffc1f480000 - 0x00007ffc1f498000 	C:\Users\palak\Downloads\java-21-openjdk-21.0.1.0.12-3.win.jdk.x86_64\java-21-openjdk-21.0.1.0.12-3.win.jdk.x86_64\bin\jli.dll
0x00007ffc51630000 - 0x00007ffc517fa000 	C:\WINDOWS\System32\USER32.dll
0x00007ffc4f000000 - 0x00007ffc4f027000 	C:\WINDOWS\System32\win32u.dll
0x00007ffc512f0000 - 0x00007ffc5131a000 	C:\WINDOWS\System32\GDI32.dll
0x00007ffc4f030000 - 0x00007ffc4f161000 	C:\WINDOWS\System32\gdi32full.dll
0x00007ffc4f690000 - 0x00007ffc4f733000 	C:\WINDOWS\System32\msvcp_win.dll
0x00007ffc0ef80000 - 0x00007ffc0ef9b000 	C:\Users\palak\Downloads\java-21-openjdk-21.0.1.0.12-3.win.jdk.x86_64\java-21-openjdk-21.0.1.0.12-3.win.jdk.x86_64\bin\VCRUNTIME140.dll
0x00007ffc2f9a0000 - 0x00007ffc2fc30000 	C:\WINDOWS\WinSxS\amd64_microsoft.windows.common-controls_6595b64144ccf1df_6.0.26100.3323_none_3e088096e3344490\COMCTL32.dll
0x00007ffc51c40000 - 0x00007ffc51ce9000 	C:\WINDOWS\System32\msvcrt.dll
0x00007ffc51d80000 - 0x00007ffc51daf000 	C:\WINDOWS\System32\IMM32.DLL
0x00007ffc2c060000 - 0x00007ffc2c06c000 	C:\Users\palak\Downloads\java-21-openjdk-21.0.1.0.12-3.win.jdk.x86_64\java-21-openjdk-21.0.1.0.12-3.win.jdk.x86_64\bin\vcruntime140_1.dll
0x00007ffbf24c0000 - 0x00007ffbf254e000 	C:\Users\palak\Downloads\java-21-openjdk-21.0.1.0.12-3.win.jdk.x86_64\java-21-openjdk-21.0.1.0.12-3.win.jdk.x86_64\bin\msvcp140.dll
0x00007ffbbb740000 - 0x00007ffbbc4c1000 	C:\Users\palak\Downloads\java-21-openjdk-21.0.1.0.12-3.win.jdk.x86_64\java-21-openjdk-21.0.1.0.12-3.win.jdk.x86_64\bin\server\jvm.dll
0x00007ffc51a20000 - 0x00007ffc51ad2000 	C:\WINDOWS\System32\ADVAPI32.dll
0x00007ffc513a0000 - 0x00007ffc51446000 	C:\WINDOWS\System32\sechost.dll
0x00007ffc4fc30000 - 0x00007ffc4fd46000 	C:\WINDOWS\System32\RPCRT4.dll
0x00007ffc50d80000 - 0x00007ffc50df4000 	C:\WINDOWS\System32\WS2_32.dll
0x00007ffc4ee90000 - 0x00007ffc4eede000 	C:\WINDOWS\SYSTEM32\POWRPROF.dll
0x00007ffc488d0000 - 0x00007ffc48906000 	C:\WINDOWS\SYSTEM32\WINMM.dll
0x00007ffc48910000 - 0x00007ffc4891b000 	C:\WINDOWS\SYSTEM32\VERSION.dll
0x00007ffc4ee70000 - 0x00007ffc4ee84000 	C:\WINDOWS\SYSTEM32\UMPDC.dll
0x00007ffc4de20000 - 0x00007ffc4de3a000 	C:\WINDOWS\SYSTEM32\kernel.appcore.dll
0x00007ffc2bda0000 - 0x00007ffc2bdaa000 	C:\Users\palak\Downloads\java-21-openjdk-21.0.1.0.12-3.win.jdk.x86_64\java-21-openjdk-21.0.1.0.12-3.win.jdk.x86_64\bin\jimage.dll
0x00007ffc3fc90000 - 0x00007ffc3fed1000 	C:\WINDOWS\SYSTEM32\DBGHELP.DLL
0x00007ffc50f60000 - 0x00007ffc512e2000 	C:\WINDOWS\System32\combase.dll
0x00007ffc4ffb0000 - 0x00007ffc50086000 	C:\WINDOWS\System32\OLEAUT32.dll
0x00007ffc32990000 - 0x00007ffc329c9000 	C:\WINDOWS\SYSTEM32\dbgcore.DLL
0x00007ffc4f8c0000 - 0x00007ffc4f959000 	C:\WINDOWS\System32\bcryptPrimitives.dll
0x00007ffc0bd20000 - 0x00007ffc0bd3f000 	C:\Users\palak\Downloads\java-21-openjdk-21.0.1.0.12-3.win.jdk.x86_64\java-21-openjdk-21.0.1.0.12-3.win.jdk.x86_64\bin\java.dll
0x00007ffc500e0000 - 0x00007ffc507f5000 	C:\WINDOWS\System32\SHELL32.dll
0x00007ffc4f960000 - 0x00007ffc4fac8000 	C:\WINDOWS\System32\wintypes.dll
0x00007ffc4cce0000 - 0x00007ffc4d525000 	C:\WINDOWS\SYSTEM32\windows.storage.dll
0x00007ffc51800000 - 0x00007ffc518eb000 	C:\WINDOWS\System32\SHCORE.dll
0x00007ffc51be0000 - 0x00007ffc51c3d000 	C:\WINDOWS\System32\shlwapi.dll
0x00007ffc4ef10000 - 0x00007ffc4ef3f000 	C:\WINDOWS\SYSTEM32\profapi.dll
0x00007ffc1f470000 - 0x00007ffc1f480000 	C:\Users\palak\Downloads\java-21-openjdk-21.0.1.0.12-3.win.jdk.x86_64\java-21-openjdk-21.0.1.0.12-3.win.jdk.x86_64\bin\net.dll
0x00007ffc43890000 - 0x00007ffc439ae000 	C:\WINDOWS\SYSTEM32\WINHTTP.dll
0x00007ffc4e340000 - 0x00007ffc4e3aa000 	C:\WINDOWS\system32\mswsock.dll
0x00007ffc0bc90000 - 0x00007ffc0bca6000 	C:\Users\palak\Downloads\java-21-openjdk-21.0.1.0.12-3.win.jdk.x86_64\java-21-openjdk-21.0.1.0.12-3.win.jdk.x86_64\bin\nio.dll
0x00007ffc09bb0000 - 0x00007ffc09bc8000 	C:\Users\palak\Downloads\java-21-openjdk-21.0.1.0.12-3.win.jdk.x86_64\java-21-openjdk-21.0.1.0.12-3.win.jdk.x86_64\bin\zip.dll
0x00007ffc2c080000 - 0x00007ffc2c08e000 	C:\Users\palak\Downloads\java-21-openjdk-21.0.1.0.12-3.win.jdk.x86_64\java-21-openjdk-21.0.1.0.12-3.win.jdk.x86_64\bin\sunmscapi.dll
0x00007ffc4f740000 - 0x00007ffc4f8b7000 	C:\WINDOWS\System32\CRYPT32.dll
0x00007ffc4e7e0000 - 0x00007ffc4e810000 	C:\WINDOWS\SYSTEM32\ncrypt.dll
0x00007ffc4e790000 - 0x00007ffc4e7cf000 	C:\WINDOWS\SYSTEM32\NTASN1.dll
0x00007ffc4e5e0000 - 0x00007ffc4e5fc000 	C:\WINDOWS\SYSTEM32\CRYPTSP.dll
0x00007ffc4dd80000 - 0x00007ffc4ddba000 	C:\WINDOWS\system32\rsaenh.dll
0x00007ffc4e3e0000 - 0x00007ffc4e40b000 	C:\WINDOWS\SYSTEM32\USERENV.dll
0x00007ffc4e820000 - 0x00007ffc4e846000 	C:\WINDOWS\SYSTEM32\bcrypt.dll
0x00007ffc4e600000 - 0x00007ffc4e60c000 	C:\WINDOWS\SYSTEM32\CRYPTBASE.dll
0x00007ffc4d820000 - 0x00007ffc4d853000 	C:\WINDOWS\SYSTEM32\IPHLPAPI.DLL
0x00007ffc50800000 - 0x00007ffc5080a000 	C:\WINDOWS\System32\NSI.dll
0x00007ffc4a180000 - 0x00007ffc4a18a000 	C:\Users\palak\Downloads\java-21-openjdk-21.0.1.0.12-3.win.jdk.x86_64\java-21-openjdk-21.0.1.0.12-3.win.jdk.x86_64\bin\management.dll
0x00007ffc2c070000 - 0x00007ffc2c07b000 	C:\Users\palak\Downloads\java-21-openjdk-21.0.1.0.12-3.win.jdk.x86_64\java-21-openjdk-21.0.1.0.12-3.win.jdk.x86_64\bin\management_ext.dll
0x00007ffc4fc20000 - 0x00007ffc4fc28000 	C:\WINDOWS\System32\PSAPI.DLL
0x00007ffc4d860000 - 0x00007ffc4d985000 	C:\WINDOWS\SYSTEM32\DNSAPI.dll
0x00007ffc43740000 - 0x00007ffc4374b000 	C:\Windows\System32\rasadhlp.dll
0x00007ffc41240000 - 0x00007ffc412c5000 	C:\WINDOWS\System32\fwpuclnt.dll
0x00007ffc27ec0000 - 0x00007ffc27ec7000 	C:\Users\palak\Downloads\java-21-openjdk-21.0.1.0.12-3.win.jdk.x86_64\java-21-openjdk-21.0.1.0.12-3.win.jdk.x86_64\bin\extnet.dll
0x00007ffc35600000 - 0x00007ffc35608000 	C:\WINDOWS\system32\wshunix.dll

dbghelp: loaded successfully - version: 4.0.5 - missing functions: none
symbol engine: initialized successfully - sym options: 0x614 - pdb path: .;C:\Users\palak\Downloads\java-21-openjdk-21.0.1.0.12-3.win.jdk.x86_64\java-21-openjdk-21.0.1.0.12-3.win.jdk.x86_64\bin;C:\WINDOWS\SYSTEM32;C:\WINDOWS\WinSxS\amd64_microsoft.windows.common-controls_6595b64144ccf1df_6.0.26100.3323_none_3e088096e3344490;C:\Users\palak\Downloads\java-21-openjdk-21.0.1.0.12-3.win.jdk.x86_64\java-21-openjdk-21.0.1.0.12-3.win.jdk.x86_64\bin\server

VM Arguments:
jvm_args: -XX:TieredStopAtLevel=1 
java_command: com.example.DemoApplication
java_class_path (initial): C:\Users\palak\Downloads\demo\target\classes;C:\Users\palak\.m2\repository\org\springframework\boot\spring-boot\3.4.2\spring-boot-3.4.2.jar;C:\Users\palak\.m2\repository\org\springframework\boot\spring-boot-autoconfigure\3.4.2\spring-boot-autoconfigure-3.4.2.jar;C:\Users\palak\.m2\repository\ch\qos\logback\logback-classic\1.5.16\logback-classic-1.5.16.jar;C:\Users\palak\.m2\repository\ch\qos\logback\logback-core\1.5.16\logback-core-1.5.16.jar;C:\Users\palak\.m2\repository\org\apache\logging\log4j\log4j-to-slf4j\2.24.3\log4j-to-slf4j-2.24.3.jar;C:\Users\palak\.m2\repository\org\apache\logging\log4j\log4j-api\2.24.3\log4j-api-2.24.3.jar;C:\Users\palak\.m2\repository\org\slf4j\jul-to-slf4j\2.0.16\jul-to-slf4j-2.0.16.jar;C:\Users\palak\.m2\repository\jakarta\annotation\jakarta.annotation-api\2.1.1\jakarta.annotation-api-2.1.1.jar;C:\Users\palak\.m2\repository\org\yaml\snakeyaml\2.3\snakeyaml-2.3.jar;C:\Users\palak\.m2\repository\org\mongodb\mongodb-driver-sync\5.2.1\mongodb-driver-sync-5.2.1.jar;C:\Users\palak\.m2\repository\org\mongodb\bson\5.2.1\bson-5.2.1.jar;C:\Users\palak\.m2\repository\org\mongodb\mongodb-driver-core\5.2.1\mongodb-driver-core-5.2.1.jar;C:\Users\palak\.m2\repository\org\mongodb\bson-record-codec\5.2.1\bson-record-codec-5.2.1.jar;C:\Users\palak\.m2\repository\org\springframework\data\spring-data-mongodb\4.4.2\spring-data-mongodb-4.4.2.jar;C:\Users\palak\.m2\repository\org\springframework\spring-tx\6.2.2\spring-tx-6.2.2.jar;C:\Users\palak\.m2\repository\org\springframework\spring-context\6.2.2\spring-context-6.2.2.jar;C:\Users\palak\.m2\repository\org\springframework\spring-beans\6.2.2\spring-beans-6.2.2.jar;C:\Users\palak\.m2\repository\org\springframework\spring-expression\6.2.2\spring-expression-6.2.2.jar;C:\Users\palak\.m2\repository\org\springframework\data\spring-data-commons\3.4.2\spring-data-commons-3.4.2.jar;C:\Users\palak\.m2\repository\org\slf4j\slf4j-api\2.0.16\slf4j-api-2.0.16.jar;C:\Users\palak\.m2\repository\jakarta\persistence\jakarta.persistence-api\3.1.0\jakarta.persistence-api-3.1.0.jar;C:\Users\palak\.m2\repository\com\fasterxml\jackson\core\jackson-databind\2.18.2\jackson-databind-2.18.2.jar;C:\Users\palak\.m2\repository\com\fasterxml\jackson\core\jackson-annotations\2.18.2\jackson-annotations-2.18.2.jar;C:\Users\palak\.m2\repository\com\fasterxml\jackson\core\jackson-core\2.18.2\jackson-core-2.18.2.jar;C:\Users\palak\.m2\repository\com\fasterxml\jackson\datatype\jackson-datatype-jdk8\2.18.2\jackson-datatype-jdk8-2.18.2.jar;C:\Users\palak\.m2\repository\com\fasterxml\jackson\datatype\jackson-datatype-jsr310\2.18.2\jackson-datatype-jsr310-2.18.2.jar;C:\Users\palak\.m2\repository\com\fasterxml\jackson\module\jackson-module-parameter-names\2.18.2\jackson-module-parameter-names-2.18.2.jar;C:\Users\palak\.m2\repository\org\apache\tomcat\embed\tomcat-embed-core\10.1.34\tomcat-embed-core-10.1.34.jar;C:\Users\palak\.m2\repository\org\apache\tomcat\embed\tomcat-embed-el\10.1.34\tomcat-embed-el-10.1.34.jar;C:\Users\palak\.m2\repository\org\apache\tomcat\embed\tomcat-embed-websocket\10.1.34\tomcat-embed-websocket-10.1.34.jar;C:\Users\palak\.m2\repository\org\springframework\spring-web\6.2.2\spring-web-6.2.2.jar;C:\Users\palak\.m2\repository\io\micrometer\micrometer-observation\1.14.3\micrometer-observation-1.14.3.jar;C:\Users\palak\.m2\repository\io\micrometer\micrometer-commons\1.14.3\micrometer-commons-1.14.3.jar;C:\Users\palak\.m2\repository\org\springframework\spring-webmvc\6.2.2\spring-webmvc-6.2.2.jar;C:\Users\palak\.m2\repository\org\springframework\spring-aop\6.2.2\spring-aop-6.2.2.jar;C:\Users\palak\.m2\repository\org\springframework\spring-core\6.2.2\spring-core-6.2.2.jar;C:\Users\palak\.m2\repository\org\springframework\spring-jcl\6.2.2\spring-jcl-6.2.2.jar
Launcher Type: SUN_STANDARD

[Global flags]
     intx CICompilerCount                          = 3                                         {product} {ergonomic}
     uint ConcGCThreads                            = 1                                         {product} {ergonomic}
     uint G1ConcRefinementThreads                  = 4                                         {product} {ergonomic}
   size_t G1HeapRegionSize                         = 1048576                                   {product} {ergonomic}
    uintx GCDrainStackTargetSize                   = 64                                        {product} {ergonomic}
   size_t InitialHeapSize                          = 100663296                                 {product} {ergonomic}
   size_t MarkStackSize                            = 4194304                                   {product} {ergonomic}
   size_t MaxHeapSize                              = 1595932672                                {product} {ergonomic}
   size_t MaxNewSize                               = 957349888                                 {product} {ergonomic}
   size_t MinHeapDeltaBytes                        = 1048576                                   {product} {ergonomic}
   size_t MinHeapSize                              = 8388608                                   {product} {ergonomic}
    uintx NonNMethodCodeHeapSize                   = 4096                                   {pd product} {ergonomic}
    uintx NonProfiledCodeHeapSize                  = 0                                      {pd product} {ergonomic}
     bool ProfileInterpreter                       = false                                  {pd product} {command line}
    uintx ProfiledCodeHeapSize                     = 0                                      {pd product} {ergonomic}
   size_t SoftMaxHeapSize                          = 1595932672                             {manageable} {ergonomic}
     intx TieredStopAtLevel                        = 1                                         {product} {command line}
     bool UseCompressedOops                        = true                           {product lp64_product} {ergonomic}
     bool UseG1GC                                  = true                                      {product} {ergonomic}
     bool UseLargePagesIndividualAllocation        = false                                  {pd product} {ergonomic}

Logging:
Log output configuration:
 #0: stdout all=warning uptime,level,tags foldmultilines=false
 #1: stderr all=off uptime,level,tags foldmultilines=false

Environment Variables:
JAVA_HOME=C:\Users\palak\Downloads\java-21-openjdk-21.0.1.0.12-3.win.jdk.x86_64\java-21-openjdk-21.0.1.0.12-3.win.jdk.x86_64
PATH=C:\Program Files (x86)\Common Files\Oracle\Java\java8path;C:\Program Files (x86)\Common Files\Oracle\Java\javapath;C:\WINDOWS\system32;C:\WINDOWS;C:\WINDOWS\System32\Wbem;C:\WINDOWS\System32\WindowsPowerShell\v1.0\;C:\WINDOWS\System32\OpenSSH\;C:\Users\palak\Downloads\java-21-openjdk-21.0.1.0.12-3.win.jdk.x86_64\java-21-openjdk-21.0.1.0.12-3.win.jdk.x86_64\bin;C:\Users\palak\Downloads\apache-maven-3.9.8-bin\bin;c:\users\palak\appdata\local\packages\pythonsoftwarefoundation.python.3.11_qbz5n2kfra8p0\localcache\local-packages\python311\site-packages;C:\ProgramData\chocolatey\bin;C:\Program Files\nodejs\;C:\Users\palak\AppData\Local\Programs\Python\Python312\Scripts;C:\Program Files\Git\cmd;C:\Users\palak\Downloads\flutter_windows_3.27.3-stable\flutter\bin;C:\Users\palak\AppData\Local\Android\Sdk\cmdline-tools\latest\bin;C:\Users\palak\AppData\Local\Android\Sdk\platform-tools;C:\ffmpeg;C:\Program Files\MongoDB\Server\8.0\bin;C:\Users\palak\AppData\Local\Programs\Python\Python313\Scripts\;C:\Users\palak\AppData\Local\Programs\Python\Python313\;C:\Users\palak\AppData\Local\Programs\Python\Python312\Scripts\;C:\Users\palak\AppData\Local\Programs\Python\Python312\;C:\Users\palak\AppData\Local\Programs\Python\Launcher\;C:\Program Files\MySQL\MySQL Shell 8.0\bin\;C:\Users\palak\AppData\Local\Microsoft\WindowsApps;C:\Users\palak\AppData\Local\Programs\Microsoft VS Code\bin;C:\Program Files\JetBrains\IntelliJ IDEA Community Edition 2023.3.3\bin;C:\Users\palak\AppData\Local\JetBrains\CLion 2023.3.4\bin;C:\Program Files\JetBrains\PyCharm 2024.1.2\bin;C:\Program Files\JetBrains\PyCharm Community Edition 2024.1.4\bin;C:\Users\palak\AppData\Local\JetBrains\Toolbox\scripts;C:\Users\palak\AppData\Roaming\npm;C:\Users\palak\AppData\Local\GitHubDesktop\bin;C:\Users\palak\AppData\Local\Microsoft\WindowsApps;
USERNAME=palak
LANG=en_US.UTF-8
OS=Windows_NT
PROCESSOR_IDENTIFIER=AMD64 Family 23 Model 24 Stepping 1, AuthenticAMD
TMP=C:\Users\palak\AppData\Local\Temp
TEMP=C:\Users\palak\AppData\Local\Temp




Periodic native trim disabled

---------------  S Y S T E M  ---------------

OS:
 Windows 11 , 64 bit Build 26100 (10.0.26100.3323)
OS uptime: 0 days 23:30 hours

CPU: total 4 (initial active 4) (4 cores per cpu, 2 threads per core) family 23 model 24 stepping 1 microcode 0x8108109, cx8, cmov, fxsr, ht, mmx, 3dnowpref, sse, sse2, sse3, ssse3, sse4a, sse4.1, sse4.2, popcnt, lzcnt, tsc, tscinvbit, avx, avx2, aes, clmul, bmi1, bmi2, adx, sha, fma, vzeroupper, clflush, clflushopt, rdtscp, f16c
Processor Information for all 4 processors :
  Max Mhz: 2600, Current Mhz: 2600, Mhz Limit: 2600

Memory: 4k page, system-wide physical 6086M (1019M free)
TotalPageFile size 14278M (AvailPageFile size 526M)
current process WorkingSet (physical memory assigned to process): 23M, peak: 150M
current process commit charge ("private bytes"): 176M, peak: 205M

vm_info: OpenJDK 64-Bit Server VM (21.0.1+12-LTS) for windows-amd64 JRE (21.0.1+12-LTS), built on 2023-10-17T00:00:00Z by "admin" with unknown MS VC++:1937

END.
