#
# There is insufficient memory for the Java Runtime Environment to continue.
# Native memory allocation (malloc) failed to allocate 32744 bytes for Chunk::new
# Possible reasons:
#   The system is out of physical RAM or swap space
#   The process is running with CompressedOops enabled, and the Java Heap may be blocking the growth of the native heap
# Possible solutions:
#   Reduce memory load on the system
#   Increase physical memory or swap space
#   Check if swap backing store is full
#   Decrease Java heap size (-Xmx/-Xms)
#   Decrease number of Java threads
#   Decrease Java thread stack sizes (-Xss)
#   Set larger code cache with -XX:ReservedCodeCacheSize=
#   JVM is running with Unscaled Compressed Oops mode in which the Java heap is
#     placed in the first 4GB address space. The Java Heap base address is the
#     maximum limit for the native heap growth. Please use -XX:HeapBaseMinAddress
#     to set the Java Heap base and to place the Java Heap above 4GB virtual address.
# This output file may be truncated or incomplete.
#
#  Out of Memory Error (arena.cpp:168), pid=2032, tid=12380
#
# JRE version: OpenJDK Runtime Environment (Red_Hat-21.0.1.0+12-3) (21.0.1+12) (build 21.0.1+12-LTS)
# Java VM: OpenJDK 64-Bit Server VM (Red_Hat-21.0.1.0+12-3) (21.0.1+12-LTS, mixed mode, sharing, tiered, compressed oops, compressed class ptrs, g1 gc, windows-amd64)
# No core dump will be written. Minidumps are not enabled by default on client versions of Windows
#

---------------  S U M M A R Y ------------

Command Line: -Dclassworlds.conf=C:\Users\palak\Downloads\apache-maven-3.9.8-bin\bin\m2.conf -Dmaven.home=C:\Users\palak\Downloads\apache-maven-3.9.8-bin -Dlibrary.jansi.path=C:\Users\palak\Downloads\apache-maven-3.9.8-bin\lib\jansi-native -Dmaven.multiModuleProjectDirectory=C:\Users\palak\Downloads\demo org.codehaus.plexus.classworlds.launcher.Launcher clean install

Host: AMD Ryzen 3 3250U with Radeon Graphics         , 4 cores, 5G,  Windows 11 , 64 bit Build 26100 (10.0.26100.3323)
Time: Wed Apr  2 19:41:07 2025 India Standard Time elapsed time: 31.680282 seconds (0d 0h 0m 31s)

---------------  T H R E A D  ---------------

Current thread (0x0000023b2535ec90):  JavaThread "C1 CompilerThread0" daemon [_thread_in_native, id=12380, stack(0x0000006259300000,0x0000006259400000) (1024K)]


Current CompileTask:
C1:  31680 7907       3       com.sun.tools.javac.comp.Attr::visitApply (911 bytes)

Stack: [0x0000006259300000,0x0000006259400000]
Native frames: (J=compiled Java code, j=interpreted, Vv=VM code, C=native code)
V  [jvm.dll+0x6c7789]
V  [jvm.dll+0x8a2011]
V  [jvm.dll+0x8a44ae]
V  [jvm.dll+0x8a4b83]
V  [jvm.dll+0x27f936]
V  [jvm.dll+0xc498d]
V  [jvm.dll+0xc4ea3]
V  [jvm.dll+0xd087d]
V  [jvm.dll+0x18c8bc]
V  [jvm.dll+0x181377]
V  [jvm.dll+0x17d6ae]
V  [jvm.dll+0x16b8a0]
V  [jvm.dll+0x1545c7]
V  [jvm.dll+0x153e98]
V  [jvm.dll+0x1540e4]
V  [jvm.dll+0x153516]
V  [jvm.dll+0x1552ed]
V  [jvm.dll+0x256c69]
V  [jvm.dll+0x25523a]
V  [jvm.dll+0x3ecc86]
V  [jvm.dll+0x84af3b]
V  [jvm.dll+0x6c5ebd]
C  [ucrtbase.dll+0x37b0]
C  [KERNEL32.DLL+0x2e8d7]
C  [ntdll.dll+0xbbf6c]


---------------  P R O C E S S  ---------------

Threads class SMR info:
_java_thread_list=0x0000023b6b516560, length=12, elements={
0x0000023b07774540, 0x0000023b253460f0, 0x0000023b2534ace0, 0x0000023b2534edf0,
0x0000023b253506e0, 0x0000023b25351cb0, 0x0000023b25353280, 0x0000023b2535a230,
0x0000023b2535ec90, 0x0000023b255b1a10, 0x0000023b255c0280, 0x0000023b2570bf00
}

Java Threads: ( => current thread )
  0x0000023b07774540 JavaThread "main"                              [_thread_in_Java, id=4056, stack(0x0000006258400000,0x0000006258500000) (1024K)]
  0x0000023b253460f0 JavaThread "Reference Handler"          daemon [_thread_blocked, id=10040, stack(0x0000006258c00000,0x0000006258d00000) (1024K)]
  0x0000023b2534ace0 JavaThread "Finalizer"                  daemon [_thread_blocked, id=13648, stack(0x0000006258d00000,0x0000006258e00000) (1024K)]
  0x0000023b2534edf0 JavaThread "Signal Dispatcher"          daemon [_thread_blocked, id=10080, stack(0x0000006258e00000,0x0000006258f00000) (1024K)]
  0x0000023b253506e0 JavaThread "Attach Listener"            daemon [_thread_blocked, id=4672, stack(0x0000006258f00000,0x0000006259000000) (1024K)]
  0x0000023b25351cb0 JavaThread "Service Thread"             daemon [_thread_blocked, id=1652, stack(0x0000006259000000,0x0000006259100000) (1024K)]
  0x0000023b25353280 JavaThread "Monitor Deflation Thread"   daemon [_thread_blocked, id=4044, stack(0x0000006259100000,0x0000006259200000) (1024K)]
  0x0000023b2535a230 JavaThread "C2 CompilerThread0"         daemon [_thread_in_native, id=4640, stack(0x0000006259200000,0x0000006259300000) (1024K)]
=>0x0000023b2535ec90 JavaThread "C1 CompilerThread0"         daemon [_thread_in_native, id=12380, stack(0x0000006259300000,0x0000006259400000) (1024K)]
  0x0000023b255b1a10 JavaThread "Notification Thread"        daemon [_thread_blocked, id=17516, stack(0x0000006259400000,0x0000006259500000) (1024K)]
  0x0000023b255c0280 JavaThread "Common-Cleaner"             daemon [_thread_blocked, id=16592, stack(0x0000006259500000,0x0000006259600000) (1024K)]
  0x0000023b2570bf00 JavaThread "Thread-1"                   daemon [_thread_blocked, id=3092, stack(0x0000006259900000,0x0000006259a00000) (1024K)]
Total: 12

Other Threads:
  0x0000023b25325a30 VMThread "VM Thread"                           [id=3004, stack(0x0000006258b00000,0x0000006258c00000) (1024K)]
  0x0000023b2530da10 WatcherThread "VM Periodic Task Thread"        [id=2144, stack(0x0000006258a00000,0x0000006258b00000) (1024K)]
  0x0000023b09a70dd0 WorkerThread "GC Thread#0"                     [id=15460, stack(0x0000006258500000,0x0000006258600000) (1024K)]
  0x0000023b6b5f71c0 WorkerThread "GC Thread#1"                     [id=4564, stack(0x0000006259600000,0x0000006259700000) (1024K)]
  0x0000023b6b1ecea0 WorkerThread "GC Thread#2"                     [id=8516, stack(0x0000006259700000,0x0000006259800000) (1024K)]
  0x0000023b6b6e0770 WorkerThread "GC Thread#3"                     [id=5528, stack(0x0000006259800000,0x0000006259900000) (1024K)]
  0x0000023b09a7dbf0 ConcurrentGCThread "G1 Main Marker"            [id=7024, stack(0x0000006258600000,0x0000006258700000) (1024K)]
  0x0000023b09a7f570 WorkerThread "G1 Conc#0"                       [id=15660, stack(0x0000006258700000,0x0000006258800000) (1024K)]
  0x0000023b09aeb7d0 ConcurrentGCThread "G1 Refine#0"               [id=17772, stack(0x0000006258800000,0x0000006258900000) (1024K)]
  0x0000023b09aee6b0 ConcurrentGCThread "G1 Service"                [id=2280, stack(0x0000006258900000,0x0000006258a00000) (1024K)]
Total: 10

Threads with active compile tasks:
C2 CompilerThread0    31764 7906       4       com.sun.tools.javac.comp.Attr::visitIdent (552 bytes)
C1 CompilerThread0    31764 7907       3       com.sun.tools.javac.comp.Attr::visitApply (911 bytes)
Total: 2

VM state: not at safepoint (normal execution)

VM Mutex/Monitor currently owned by a thread: None

Heap address: 0x00000000a0e00000, size: 1522 MB, Compressed Oops mode: 32-bit

CDS archive(s) mapped at: [0x0000023b26000000-0x0000023b26c90000-0x0000023b26c90000), size 13172736, SharedBaseAddress: 0x0000023b26000000, ArchiveRelocationMode: 1.
Compressed class space mapped at: 0x0000023b27000000-0x0000023b67000000, reserved size: 1073741824
Narrow klass base: 0x0000023b26000000, Narrow klass shift: 0, Narrow klass range: 0x100000000

GC Precious Log:
 CardTable entry size: 512
 Card Set container configuration: InlinePtr #cards 5 size 8 Array Of Cards #cards 12 size 40 Howl #buckets 4 coarsen threshold 1843 Howl Bitmap #cards 512 size 80 coarsen threshold 460 Card regions per heap region 1 cards per card region 2048
 CPUs: 4 total, 4 available
 Memory: 6086M
 Large Page Support: Disabled
 NUMA Support: Disabled
 Compressed Oops: Enabled (32-bit)
 Heap Region Size: 1M
 Heap Min Capacity: 8M
 Heap Initial Capacity: 96M
 Heap Max Capacity: 1522M
 Pre-touch: Disabled
 Parallel Workers: 4
 Concurrent Workers: 1
 Concurrent Refinement Workers: 4
 Periodic GC: Disabled

Heap:
 garbage-first heap   total 81920K, used 45472K [0x00000000a0e00000, 0x0000000100000000)
  region size 1024K, 13 young (13312K), 3 survivors (3072K)
 Metaspace       used 31552K, committed 31936K, reserved 1114112K
  class space    used 3532K, committed 3712K, reserved 1048576K

Heap Regions: E=young(eden), S=young(survivor), O=old, HS=humongous(starts), HC=humongous(continues), CS=collection set, F=free, TAMS=top-at-mark-start, PB=parsable bottom
|   0|0x00000000a0e00000, 0x00000000a0f00000, 0x00000000a0f00000|100%| O|  |TAMS 0x00000000a0e00000| PB 0x00000000a0e00000| Untracked 
|   1|0x00000000a0f00000, 0x00000000a1000000, 0x00000000a1000000|100%| O|  |TAMS 0x00000000a0f00000| PB 0x00000000a0f00000| Untracked 
|   2|0x00000000a1000000, 0x00000000a1100000, 0x00000000a1100000|100%| O|  |TAMS 0x00000000a1000000| PB 0x00000000a1000000| Untracked 
|   3|0x00000000a1100000, 0x00000000a1200000, 0x00000000a1200000|100%| O|  |TAMS 0x00000000a1100000| PB 0x00000000a1100000| Untracked 
|   4|0x00000000a1200000, 0x00000000a1300000, 0x00000000a1300000|100%| O|  |TAMS 0x00000000a1200000| PB 0x00000000a1200000| Untracked 
|   5|0x00000000a1300000, 0x00000000a1400000, 0x00000000a1400000|100%| O|  |TAMS 0x00000000a1300000| PB 0x00000000a1300000| Untracked 
|   6|0x00000000a1400000, 0x00000000a1500000, 0x00000000a1500000|100%| O|  |TAMS 0x00000000a1400000| PB 0x00000000a1400000| Untracked 
|   7|0x00000000a1500000, 0x00000000a1600000, 0x00000000a1600000|100%| O|  |TAMS 0x00000000a1500000| PB 0x00000000a1500000| Untracked 
|   8|0x00000000a1600000, 0x00000000a1700000, 0x00000000a1700000|100%| O|  |TAMS 0x00000000a1600000| PB 0x00000000a1600000| Untracked 
|   9|0x00000000a1700000, 0x00000000a1800000, 0x00000000a1800000|100%| O|  |TAMS 0x00000000a1700000| PB 0x00000000a1700000| Untracked 
|  10|0x00000000a1800000, 0x00000000a1900000, 0x00000000a1900000|100%| O|  |TAMS 0x00000000a1800000| PB 0x00000000a1800000| Untracked 
|  11|0x00000000a1900000, 0x00000000a1a00000, 0x00000000a1a00000|100%|HS|  |TAMS 0x00000000a1900000| PB 0x00000000a1900000| Complete 
|  12|0x00000000a1a00000, 0x00000000a1b00000, 0x00000000a1b00000|100%|HC|  |TAMS 0x00000000a1a00000| PB 0x00000000a1a00000| Complete 
|  13|0x00000000a1b00000, 0x00000000a1c00000, 0x00000000a1c00000|100%| O|  |TAMS 0x00000000a1b00000| PB 0x00000000a1b00000| Untracked 
|  14|0x00000000a1c00000, 0x00000000a1d00000, 0x00000000a1d00000|100%| O|  |TAMS 0x00000000a1c00000| PB 0x00000000a1c00000| Untracked 
|  15|0x00000000a1d00000, 0x00000000a1e00000, 0x00000000a1e00000|100%| O|  |TAMS 0x00000000a1d00000| PB 0x00000000a1d00000| Untracked 
|  16|0x00000000a1e00000, 0x00000000a1f00000, 0x00000000a1f00000|100%| O|  |TAMS 0x00000000a1e00000| PB 0x00000000a1e00000| Untracked 
|  17|0x00000000a1f00000, 0x00000000a1f00000, 0x00000000a2000000|  0%| F|  |TAMS 0x00000000a1f00000| PB 0x00000000a1f00000| Untracked 
|  18|0x00000000a2000000, 0x00000000a2100000, 0x00000000a2100000|100%| O|  |TAMS 0x00000000a2000000| PB 0x00000000a2000000| Untracked 
|  19|0x00000000a2100000, 0x00000000a2200000, 0x00000000a2200000|100%| O|  |TAMS 0x00000000a2100000| PB 0x00000000a2100000| Untracked 
|  20|0x00000000a2200000, 0x00000000a2300000, 0x00000000a2300000|100%| O|  |TAMS 0x00000000a2200000| PB 0x00000000a2200000| Untracked 
|  21|0x00000000a2300000, 0x00000000a2400000, 0x00000000a2400000|100%| O|  |TAMS 0x00000000a2300000| PB 0x00000000a2300000| Untracked 
|  22|0x00000000a2400000, 0x00000000a2500000, 0x00000000a2500000|100%| O|  |TAMS 0x00000000a2400000| PB 0x00000000a2400000| Untracked 
|  23|0x00000000a2500000, 0x00000000a2600000, 0x00000000a2600000|100%| O|  |TAMS 0x00000000a2500000| PB 0x00000000a2500000| Untracked 
|  24|0x00000000a2600000, 0x00000000a2700000, 0x00000000a2700000|100%| O|  |TAMS 0x00000000a2600000| PB 0x00000000a2600000| Untracked 
|  25|0x00000000a2700000, 0x00000000a2800000, 0x00000000a2800000|100%| O|  |TAMS 0x00000000a2700000| PB 0x00000000a2700000| Untracked 
|  26|0x00000000a2800000, 0x00000000a2900000, 0x00000000a2900000|100%| O|  |TAMS 0x00000000a2800000| PB 0x00000000a2800000| Untracked 
|  27|0x00000000a2900000, 0x00000000a2a00000, 0x00000000a2a00000|100%| O|  |TAMS 0x00000000a2900000| PB 0x00000000a2900000| Untracked 
|  28|0x00000000a2a00000, 0x00000000a2b00000, 0x00000000a2b00000|100%| O|  |TAMS 0x00000000a2a00000| PB 0x00000000a2a00000| Untracked 
|  29|0x00000000a2b00000, 0x00000000a2c00000, 0x00000000a2c00000|100%| O|  |TAMS 0x00000000a2b00000| PB 0x00000000a2b00000| Untracked 
|  30|0x00000000a2c00000, 0x00000000a2d00000, 0x00000000a2d00000|100%| O|  |TAMS 0x00000000a2c00000| PB 0x00000000a2c00000| Untracked 
|  31|0x00000000a2d00000, 0x00000000a2e00000, 0x00000000a2e00000|100%| O|  |TAMS 0x00000000a2d00000| PB 0x00000000a2d00000| Untracked 
|  32|0x00000000a2e00000, 0x00000000a2f00000, 0x00000000a2f00000|100%| O|  |TAMS 0x00000000a2e00000| PB 0x00000000a2e00000| Untracked 
|  33|0x00000000a2f00000, 0x00000000a2f80000, 0x00000000a3000000| 50%| O|  |TAMS 0x00000000a2f00000| PB 0x00000000a2f00000| Untracked 
|  34|0x00000000a3000000, 0x00000000a3000000, 0x00000000a3100000|  0%| F|  |TAMS 0x00000000a3000000| PB 0x00000000a3000000| Untracked 
|  35|0x00000000a3100000, 0x00000000a3100000, 0x00000000a3200000|  0%| F|  |TAMS 0x00000000a3100000| PB 0x00000000a3100000| Untracked 
|  36|0x00000000a3200000, 0x00000000a3200000, 0x00000000a3300000|  0%| F|  |TAMS 0x00000000a3200000| PB 0x00000000a3200000| Untracked 
|  37|0x00000000a3300000, 0x00000000a3300000, 0x00000000a3400000|  0%| F|  |TAMS 0x00000000a3300000| PB 0x00000000a3300000| Untracked 
|  38|0x00000000a3400000, 0x00000000a3400000, 0x00000000a3500000|  0%| F|  |TAMS 0x00000000a3400000| PB 0x00000000a3400000| Untracked 
|  39|0x00000000a3500000, 0x00000000a3500000, 0x00000000a3600000|  0%| F|  |TAMS 0x00000000a3500000| PB 0x00000000a3500000| Untracked 
|  40|0x00000000a3600000, 0x00000000a3600000, 0x00000000a3700000|  0%| F|  |TAMS 0x00000000a3600000| PB 0x00000000a3600000| Untracked 
|  41|0x00000000a3700000, 0x00000000a3700000, 0x00000000a3800000|  0%| F|  |TAMS 0x00000000a3700000| PB 0x00000000a3700000| Untracked 
|  42|0x00000000a3800000, 0x00000000a3800000, 0x00000000a3900000|  0%| F|  |TAMS 0x00000000a3800000| PB 0x00000000a3800000| Untracked 
|  43|0x00000000a3900000, 0x00000000a3900000, 0x00000000a3a00000|  0%| F|  |TAMS 0x00000000a3900000| PB 0x00000000a3900000| Untracked 
|  44|0x00000000a3a00000, 0x00000000a3a00000, 0x00000000a3b00000|  0%| F|  |TAMS 0x00000000a3a00000| PB 0x00000000a3a00000| Untracked 
|  45|0x00000000a3b00000, 0x00000000a3b00000, 0x00000000a3c00000|  0%| F|  |TAMS 0x00000000a3b00000| PB 0x00000000a3b00000| Untracked 
|  46|0x00000000a3c00000, 0x00000000a3c00000, 0x00000000a3d00000|  0%| F|  |TAMS 0x00000000a3c00000| PB 0x00000000a3c00000| Untracked 
|  47|0x00000000a3d00000, 0x00000000a3d00000, 0x00000000a3e00000|  0%| F|  |TAMS 0x00000000a3d00000| PB 0x00000000a3d00000| Untracked 
|  48|0x00000000a3e00000, 0x00000000a3e00000, 0x00000000a3f00000|  0%| F|  |TAMS 0x00000000a3e00000| PB 0x00000000a3e00000| Untracked 
|  49|0x00000000a3f00000, 0x00000000a3fe8030, 0x00000000a4000000| 90%| S|CS|TAMS 0x00000000a3f00000| PB 0x00000000a3f00000| Complete 
|  50|0x00000000a4000000, 0x00000000a4100000, 0x00000000a4100000|100%| S|CS|TAMS 0x00000000a4000000| PB 0x00000000a4000000| Complete 
|  51|0x00000000a4100000, 0x00000000a4200000, 0x00000000a4200000|100%| S|CS|TAMS 0x00000000a4100000| PB 0x00000000a4100000| Complete 
|  52|0x00000000a4200000, 0x00000000a4200000, 0x00000000a4300000|  0%| F|  |TAMS 0x00000000a4200000| PB 0x00000000a4200000| Untracked 
|  53|0x00000000a4300000, 0x00000000a4300000, 0x00000000a4400000|  0%| F|  |TAMS 0x00000000a4300000| PB 0x00000000a4300000| Untracked 
|  54|0x00000000a4400000, 0x00000000a4400000, 0x00000000a4500000|  0%| F|  |TAMS 0x00000000a4400000| PB 0x00000000a4400000| Untracked 
|  55|0x00000000a4500000, 0x00000000a4500000, 0x00000000a4600000|  0%| F|  |TAMS 0x00000000a4500000| PB 0x00000000a4500000| Untracked 
|  56|0x00000000a4600000, 0x00000000a4600000, 0x00000000a4700000|  0%| F|  |TAMS 0x00000000a4600000| PB 0x00000000a4600000| Untracked 
|  57|0x00000000a4700000, 0x00000000a4700000, 0x00000000a4800000|  0%| F|  |TAMS 0x00000000a4700000| PB 0x00000000a4700000| Untracked 
|  58|0x00000000a4800000, 0x00000000a4800000, 0x00000000a4900000|  0%| F|  |TAMS 0x00000000a4800000| PB 0x00000000a4800000| Untracked 
|  59|0x00000000a4900000, 0x00000000a4900000, 0x00000000a4a00000|  0%| F|  |TAMS 0x00000000a4900000| PB 0x00000000a4900000| Untracked 
|  60|0x00000000a4a00000, 0x00000000a4a00000, 0x00000000a4b00000|  0%| F|  |TAMS 0x00000000a4a00000| PB 0x00000000a4a00000| Untracked 
|  61|0x00000000a4b00000, 0x00000000a4b00000, 0x00000000a4c00000|  0%| F|  |TAMS 0x00000000a4b00000| PB 0x00000000a4b00000| Untracked 
|  62|0x00000000a4c00000, 0x00000000a4c00000, 0x00000000a4d00000|  0%| F|  |TAMS 0x00000000a4c00000| PB 0x00000000a4c00000| Untracked 
|  63|0x00000000a4d00000, 0x00000000a4d00000, 0x00000000a4e00000|  0%| F|  |TAMS 0x00000000a4d00000| PB 0x00000000a4d00000| Untracked 
|  64|0x00000000a4e00000, 0x00000000a4e00000, 0x00000000a4f00000|  0%| F|  |TAMS 0x00000000a4e00000| PB 0x00000000a4e00000| Untracked 
|  65|0x00000000a4f00000, 0x00000000a4f00000, 0x00000000a5000000|  0%| F|  |TAMS 0x00000000a4f00000| PB 0x00000000a4f00000| Untracked 
|  66|0x00000000a5000000, 0x00000000a5000000, 0x00000000a5100000|  0%| F|  |TAMS 0x00000000a5000000| PB 0x00000000a5000000| Untracked 
|  67|0x00000000a5100000, 0x00000000a5100000, 0x00000000a5200000|  0%| F|  |TAMS 0x00000000a5100000| PB 0x00000000a5100000| Untracked 
|  68|0x00000000a5200000, 0x00000000a5200000, 0x00000000a5300000|  0%| F|  |TAMS 0x00000000a5200000| PB 0x00000000a5200000| Untracked 
|  69|0x00000000a5300000, 0x00000000a5300000, 0x00000000a5400000|  0%| F|  |TAMS 0x00000000a5300000| PB 0x00000000a5300000| Untracked 
|  70|0x00000000a5400000, 0x00000000a54fd968, 0x00000000a5500000| 99%| E|  |TAMS 0x00000000a5400000| PB 0x00000000a5400000| Complete 
|  71|0x00000000a5500000, 0x00000000a5600000, 0x00000000a5600000|100%| E|CS|TAMS 0x00000000a5500000| PB 0x00000000a5500000| Complete 
|  84|0x00000000a6200000, 0x00000000a6300000, 0x00000000a6300000|100%| E|CS|TAMS 0x00000000a6200000| PB 0x00000000a6200000| Complete 
|  85|0x00000000a6300000, 0x00000000a6400000, 0x00000000a6400000|100%| E|CS|TAMS 0x00000000a6300000| PB 0x00000000a6300000| Complete 
|  86|0x00000000a6400000, 0x00000000a6500000, 0x00000000a6500000|100%| E|CS|TAMS 0x00000000a6400000| PB 0x00000000a6400000| Complete 
|  87|0x00000000a6500000, 0x00000000a6600000, 0x00000000a6600000|100%| E|CS|TAMS 0x00000000a6500000| PB 0x00000000a6500000| Complete 
|  88|0x00000000a6600000, 0x00000000a6700000, 0x00000000a6700000|100%| E|CS|TAMS 0x00000000a6600000| PB 0x00000000a6600000| Complete 
|  89|0x00000000a6700000, 0x00000000a6800000, 0x00000000a6800000|100%| E|CS|TAMS 0x00000000a6700000| PB 0x00000000a6700000| Complete 
|  90|0x00000000a6800000, 0x00000000a6900000, 0x00000000a6900000|100%| E|CS|TAMS 0x00000000a6800000| PB 0x00000000a6800000| Complete 
|  95|0x00000000a6d00000, 0x00000000a6e00000, 0x00000000a6e00000|100%| E|CS|TAMS 0x00000000a6d00000| PB 0x00000000a6d00000| Complete 

Card table byte_map: [0x0000023b213e0000,0x0000023b216e0000] _byte_map_base: 0x0000023b20ed9000

Marking Bits: (CMBitMap*) 0x0000023b09a714d0
 Bits: [0x0000023b216e0000, 0x0000023b22ea8000)

Polling page: 0x0000023b09150000

Metaspace:

Usage:
  Non-class:     27.36 MB used.
      Class:      3.45 MB used.
       Both:     30.81 MB used.

Virtual space:
  Non-class space:       64.00 MB reserved,      27.56 MB ( 43%) committed,  1 nodes.
      Class space:        1.00 GB reserved,       3.62 MB ( <1%) committed,  1 nodes.
             Both:        1.06 GB reserved,      31.19 MB (  3%) committed. 

Chunk freelists:
   Non-Class:  4.38 MB
       Class:  12.33 MB
        Both:  16.70 MB

MaxMetaspaceSize: unlimited
CompressedClassSpaceSize: 1.00 GB
Initial GC threshold: 21.00 MB
Current GC threshold: 35.62 MB
CDS: on
 - commit_granule_bytes: 65536.
 - commit_granule_words: 8192.
 - virtual_space_node_default_size: 8388608.
 - enlarge_chunks_in_place: 1.
 - use_allocation_guard: 0.


Internal statistics:

num_allocs_failed_limit: 6.
num_arena_births: 388.
num_arena_deaths: 0.
num_vsnodes_births: 2.
num_vsnodes_deaths: 0.
num_space_committed: 499.
num_space_uncommitted: 0.
num_chunks_returned_to_freelist: 6.
num_chunks_taken_from_freelist: 1541.
num_chunk_merges: 6.
num_chunk_splits: 1104.
num_chunks_enlarged: 861.
num_inconsistent_stats: 0.

CodeHeap 'non-profiled nmethods': size=120000Kb used=4533Kb max_used=4533Kb free=115466Kb
 bounds [0x0000023b19bb0000, 0x0000023b1a020000, 0x0000023b210e0000]
CodeHeap 'profiled nmethods': size=120000Kb used=18788Kb max_used=18788Kb free=101211Kb
 bounds [0x0000023b120e0000, 0x0000023b13340000, 0x0000023b19610000]
CodeHeap 'non-nmethods': size=5760Kb used=1469Kb max_used=1527Kb free=4290Kb
 bounds [0x0000023b19610000, 0x0000023b19880000, 0x0000023b19bb0000]
 total_blobs=8454 nmethods=7903 adapters=455
 compilation: enabled
              stopped_count=0, restarted_count=0
 full_count=0

Compilation events (20 events):
Event: 31.537 Thread 0x0000023b2535ec90 7897   !   3       com.sun.tools.javac.comp.Infer::instantiateMethod (494 bytes)
Event: 31.542 Thread 0x0000023b2535ec90 nmethod 7897 0x0000023b13324190 code [0x0000023b13324860, 0x0000023b13327e48]
Event: 31.542 Thread 0x0000023b2535ec90 7898       3       com.sun.tools.javac.tree.JCTree$JCNewClass::getTag (4 bytes)
Event: 31.542 Thread 0x0000023b2535ec90 nmethod 7898 0x0000023b13329910 code [0x0000023b13329aa0, 0x0000023b13329bb8]
Event: 31.545 Thread 0x0000023b2535ec90 7899       3       java.util.stream.Stream::of (5 bytes)
Event: 31.545 Thread 0x0000023b2535ec90 nmethod 7899 0x0000023b13329c90 code [0x0000023b13329e60, 0x0000023b1332a0f0]
Event: 31.549 Thread 0x0000023b2535a230 7900       4       com.sun.tools.javac.code.Types::asSuper (35 bytes)
Event: 31.551 Thread 0x0000023b2535a230 nmethod 7900 0x0000023b1a01d090 code [0x0000023b1a01d220, 0x0000023b1a01d378]
Event: 31.557 Thread 0x0000023b2535ec90 7901       3       java.util.stream.FindOps$FindOp::evaluateSequential (39 bytes)
Event: 31.558 Thread 0x0000023b2535ec90 nmethod 7901 0x0000023b1332a290 code [0x0000023b1332a480, 0x0000023b1332aaa0]
Event: 31.580 Thread 0x0000023b2535ec90 7902       3       java.util.stream.FindOps$FindSink::<init> (5 bytes)
Event: 31.580 Thread 0x0000023b2535ec90 nmethod 7902 0x0000023b1332ac10 code [0x0000023b1332adc0, 0x0000023b1332af28]
Event: 31.583 Thread 0x0000023b2535ec90 7903   !   3       com.sun.tools.javac.comp.Attr::checkMethod (912 bytes)
Event: 31.597 Thread 0x0000023b2535a230 7905       4       java.lang.Long::numberOfTrailingZeros (26 bytes)
Event: 31.597 Thread 0x0000023b2535a230 nmethod 7905 0x0000023b1a01d490 code [0x0000023b1a01d600, 0x0000023b1a01d688]
Event: 31.599 Thread 0x0000023b2535ec90 nmethod 7903 0x0000023b1332b010 code [0x0000023b1332bba0, 0x0000023b133342f8]
Event: 31.599 Thread 0x0000023b2535ec90 7904   !   3       com.sun.tools.javac.comp.Resolve::checkMethod (150 bytes)
Event: 31.600 Thread 0x0000023b2535ec90 nmethod 7904 0x0000023b13337990 code [0x0000023b13337c00, 0x0000023b13338c08]
Event: 31.603 Thread 0x0000023b2535a230 7906       4       com.sun.tools.javac.comp.Attr::visitIdent (552 bytes)
Event: 31.651 Thread 0x0000023b2535ec90 7907       3       com.sun.tools.javac.comp.Attr::visitApply (911 bytes)

GC Heap History (20 events):
Event: 2.876 GC heap before
{Heap before GC invocations=0 (full 0):
 garbage-first heap   total 98304K, used 13312K [0x00000000a0e00000, 0x0000000100000000)
  region size 1024K, 13 young (13312K), 0 survivors (0K)
 Metaspace       used 3823K, committed 4032K, reserved 1114112K
  class space    used 398K, committed 512K, reserved 1048576K
}
Event: 2.894 GC heap after
{Heap after GC invocations=1 (full 0):
 garbage-first heap   total 98304K, used 3296K [0x00000000a0e00000, 0x0000000100000000)
  region size 1024K, 2 young (2048K), 2 survivors (2048K)
 Metaspace       used 3823K, committed 4032K, reserved 1114112K
  class space    used 398K, committed 512K, reserved 1048576K
}
Event: 4.302 GC heap before
{Heap before GC invocations=1 (full 0):
 garbage-first heap   total 98304K, used 17632K [0x00000000a0e00000, 0x0000000100000000)
  region size 1024K, 16 young (16384K), 2 survivors (2048K)
 Metaspace       used 6127K, committed 6336K, reserved 1114112K
  class space    used 711K, committed 832K, reserved 1048576K
}
Event: 4.310 GC heap after
{Heap after GC invocations=2 (full 0):
 garbage-first heap   total 98304K, used 3995K [0x00000000a0e00000, 0x0000000100000000)
  region size 1024K, 1 young (1024K), 1 survivors (1024K)
 Metaspace       used 6127K, committed 6336K, reserved 1114112K
  class space    used 711K, committed 832K, reserved 1048576K
}
Event: 7.762 GC heap before
{Heap before GC invocations=2 (full 0):
 garbage-first heap   total 98304K, used 60315K [0x00000000a0e00000, 0x0000000100000000)
  region size 1024K, 57 young (58368K), 1 survivors (1024K)
 Metaspace       used 15263K, committed 15552K, reserved 1114112K
  class space    used 1811K, committed 1920K, reserved 1048576K
}
Event: 7.782 GC heap after
{Heap after GC invocations=3 (full 0):
 garbage-first heap   total 98304K, used 9460K [0x00000000a0e00000, 0x0000000100000000)
  region size 1024K, 6 young (6144K), 6 survivors (6144K)
 Metaspace       used 15263K, committed 15552K, reserved 1114112K
  class space    used 1811K, committed 1920K, reserved 1048576K
}
Event: 10.344 GC heap before
{Heap before GC invocations=3 (full 0):
 garbage-first heap   total 98304K, used 61684K [0x00000000a0e00000, 0x0000000100000000)
  region size 1024K, 57 young (58368K), 6 survivors (6144K)
 Metaspace       used 16205K, committed 16448K, reserved 1114112K
  class space    used 1875K, committed 1984K, reserved 1048576K
}
Event: 10.377 GC heap after
{Heap after GC invocations=4 (full 0):
 garbage-first heap   total 98304K, used 14661K [0x00000000a0e00000, 0x0000000100000000)
  region size 1024K, 6 young (6144K), 6 survivors (6144K)
 Metaspace       used 16205K, committed 16448K, reserved 1114112K
  class space    used 1875K, committed 1984K, reserved 1048576K
}
Event: 14.537 GC heap before
{Heap before GC invocations=4 (full 0):
 garbage-first heap   total 98304K, used 70981K [0x00000000a0e00000, 0x0000000100000000)
  region size 1024K, 57 young (58368K), 6 survivors (6144K)
 Metaspace       used 20573K, committed 20928K, reserved 1114112K
  class space    used 2350K, committed 2496K, reserved 1048576K
}
Event: 14.557 GC heap after
{Heap after GC invocations=5 (full 0):
 garbage-first heap   total 98304K, used 21385K [0x00000000a0e00000, 0x0000000100000000)
  region size 1024K, 4 young (4096K), 4 survivors (4096K)
 Metaspace       used 20573K, committed 20928K, reserved 1114112K
  class space    used 2350K, committed 2496K, reserved 1048576K
}
Event: 14.743 GC heap before
{Heap before GC invocations=5 (full 0):
 garbage-first heap   total 98304K, used 25481K [0x00000000a0e00000, 0x0000000100000000)
  region size 1024K, 9 young (9216K), 4 survivors (4096K)
 Metaspace       used 21208K, committed 21504K, reserved 1114112K
  class space    used 2449K, committed 2624K, reserved 1048576K
}
Event: 14.757 GC heap after
{Heap after GC invocations=6 (full 0):
 garbage-first heap   total 98304K, used 22788K [0x00000000a0e00000, 0x0000000100000000)
  region size 1024K, 7 young (7168K), 7 survivors (7168K)
 Metaspace       used 21208K, committed 21504K, reserved 1114112K
  class space    used 2449K, committed 2624K, reserved 1048576K
}
Event: 18.624 GC heap before
{Heap before GC invocations=7 (full 0):
 garbage-first heap   total 81920K, used 56580K [0x00000000a0e00000, 0x0000000100000000)
  region size 1024K, 40 young (40960K), 7 survivors (7168K)
 Metaspace       used 26984K, committed 27392K, reserved 1114112K
  class space    used 3062K, committed 3264K, reserved 1048576K
}
Event: 18.658 GC heap after
{Heap after GC invocations=8 (full 0):
 garbage-first heap   total 81920K, used 32654K [0x00000000a0e00000, 0x0000000100000000)
  region size 1024K, 5 young (5120K), 5 survivors (5120K)
 Metaspace       used 26984K, committed 27392K, reserved 1114112K
  class space    used 3062K, committed 3264K, reserved 1048576K
}
Event: 21.057 GC heap before
{Heap before GC invocations=8 (full 0):
 garbage-first heap   total 81920K, used 54158K [0x00000000a0e00000, 0x0000000100000000)
  region size 1024K, 27 young (27648K), 5 survivors (5120K)
 Metaspace       used 28436K, committed 28800K, reserved 1114112K
  class space    used 3206K, committed 3392K, reserved 1048576K
}
Event: 21.074 GC heap after
{Heap after GC invocations=9 (full 0):
 garbage-first heap   total 81920K, used 35272K [0x00000000a0e00000, 0x0000000100000000)
  region size 1024K, 2 young (2048K), 2 survivors (2048K)
 Metaspace       used 28436K, committed 28800K, reserved 1114112K
  class space    used 3206K, committed 3392K, reserved 1048576K
}
Event: 23.617 GC heap before
{Heap before GC invocations=9 (full 0):
 garbage-first heap   total 81920K, used 58824K [0x00000000a0e00000, 0x0000000100000000)
  region size 1024K, 25 young (25600K), 2 survivors (2048K)
 Metaspace       used 29308K, committed 29632K, reserved 1114112K
  class space    used 3293K, committed 3456K, reserved 1048576K
}
Event: 23.626 GC heap after
{Heap after GC invocations=10 (full 0):
 garbage-first heap   total 81920K, used 35225K [0x00000000a0e00000, 0x0000000100000000)
  region size 1024K, 2 young (2048K), 2 survivors (2048K)
 Metaspace       used 29308K, committed 29632K, reserved 1114112K
  class space    used 3293K, committed 3456K, reserved 1048576K
}
Event: 28.282 GC heap before
{Heap before GC invocations=10 (full 0):
 garbage-first heap   total 81920K, used 61849K [0x00000000a0e00000, 0x0000000100000000)
  region size 1024K, 28 young (28672K), 2 survivors (2048K)
 Metaspace       used 31162K, committed 31616K, reserved 1114112K
  class space    used 3522K, committed 3712K, reserved 1048576K
}
Event: 28.294 GC heap after
{Heap after GC invocations=11 (full 0):
 garbage-first heap   total 81920K, used 36256K [0x00000000a0e00000, 0x0000000100000000)
  region size 1024K, 3 young (3072K), 3 survivors (3072K)
 Metaspace       used 31162K, committed 31616K, reserved 1114112K
  class space    used 3522K, committed 3712K, reserved 1048576K
}

Dll operation events (8 events):
Event: 0.027 Loaded shared library C:\Users\palak\Downloads\java-21-openjdk-21.0.1.0.12-3.win.jdk.x86_64\java-21-openjdk-21.0.1.0.12-3.win.jdk.x86_64\bin\java.dll
Event: 0.161 Loaded shared library C:\Users\palak\Downloads\java-21-openjdk-21.0.1.0.12-3.win.jdk.x86_64\java-21-openjdk-21.0.1.0.12-3.win.jdk.x86_64\bin\jsvml.dll
Event: 0.898 Loaded shared library C:\Users\palak\Downloads\java-21-openjdk-21.0.1.0.12-3.win.jdk.x86_64\java-21-openjdk-21.0.1.0.12-3.win.jdk.x86_64\bin\net.dll
Event: 0.909 Loaded shared library C:\Users\palak\Downloads\java-21-openjdk-21.0.1.0.12-3.win.jdk.x86_64\java-21-openjdk-21.0.1.0.12-3.win.jdk.x86_64\bin\nio.dll
Event: 0.929 Loaded shared library C:\Users\palak\Downloads\java-21-openjdk-21.0.1.0.12-3.win.jdk.x86_64\java-21-openjdk-21.0.1.0.12-3.win.jdk.x86_64\bin\zip.dll
Event: 1.497 Loaded shared library C:\Users\palak\Downloads\apache-maven-3.9.8-bin\lib\jansi-native\Windows\x86_64\jansi.dll
Event: 1.545 Loaded shared library C:\Users\palak\Downloads\java-21-openjdk-21.0.1.0.12-3.win.jdk.x86_64\java-21-openjdk-21.0.1.0.12-3.win.jdk.x86_64\bin\verify.dll
Event: 1.620 Loaded shared library C:\Users\palak\Downloads\java-21-openjdk-21.0.1.0.12-3.win.jdk.x86_64\java-21-openjdk-21.0.1.0.12-3.win.jdk.x86_64\bin\jimage.dll

Deoptimization events (20 events):
Event: 31.082 Thread 0x0000023b07774540 Uncommon trap: trap_request=0xffffff45 fr.pc=0x0000023b19ff8a14 relative=0x0000000000000774
Event: 31.082 Thread 0x0000023b07774540 Uncommon trap: reason=unstable_if action=reinterpret pc=0x0000023b19ff8a14 method=com.sun.tools.javac.code.Types$14.visitClassType(Lcom/sun/tools/javac/code/Type$ClassType;Ljava/lang/Boolean;)Lcom/sun/tools/javac/code/Type; @ 16 c2
Event: 31.082 Thread 0x0000023b07774540 DEOPT PACKING pc=0x0000023b19ff8a14 sp=0x00000062584fc680
Event: 31.082 Thread 0x0000023b07774540 DEOPT UNPACKING pc=0x0000023b196646a2 sp=0x00000062584fc678 mode 2
Event: 31.530 Thread 0x0000023b07774540 Uncommon trap: trap_request=0xffffffde fr.pc=0x0000023b1a0093e8 relative=0x0000000000000368
Event: 31.530 Thread 0x0000023b07774540 Uncommon trap: reason=class_check action=maybe_recompile pc=0x0000023b1a0093e8 method=com.sun.tools.javac.code.Types$MethodFilter.test(Ljava/lang/Object;)Z @ 2 c2
Event: 31.530 Thread 0x0000023b07774540 DEOPT PACKING pc=0x0000023b1a0093e8 sp=0x00000062584fb780
Event: 31.530 Thread 0x0000023b07774540 DEOPT UNPACKING pc=0x0000023b196646a2 sp=0x00000062584fb728 mode 2
Event: 31.530 Thread 0x0000023b07774540 Uncommon trap: trap_request=0xffffff45 fr.pc=0x0000023b1a0088c0 relative=0x00000000000002c0
Event: 31.530 Thread 0x0000023b07774540 Uncommon trap: reason=unstable_if action=reinterpret pc=0x0000023b1a0088c0 method=com.sun.tools.javac.code.Types$MethodFilter.test(Lcom/sun/tools/javac/code/Symbol;)Z @ 7 c2
Event: 31.530 Thread 0x0000023b07774540 DEOPT PACKING pc=0x0000023b1a0088c0 sp=0x00000062584fb700
Event: 31.530 Thread 0x0000023b07774540 DEOPT UNPACKING pc=0x0000023b196646a2 sp=0x00000062584fb6b8 mode 2
Event: 31.530 Thread 0x0000023b07774540 Uncommon trap: trap_request=0xffffffde fr.pc=0x0000023b1a0093e8 relative=0x0000000000000368
Event: 31.530 Thread 0x0000023b07774540 Uncommon trap: reason=class_check action=maybe_recompile pc=0x0000023b1a0093e8 method=com.sun.tools.javac.code.Types$MethodFilter.test(Ljava/lang/Object;)Z @ 2 c2
Event: 31.530 Thread 0x0000023b07774540 DEOPT PACKING pc=0x0000023b1a0093e8 sp=0x00000062584fb770
Event: 31.530 Thread 0x0000023b07774540 DEOPT UNPACKING pc=0x0000023b196646a2 sp=0x00000062584fb718 mode 2
Event: 31.530 Thread 0x0000023b07774540 Uncommon trap: trap_request=0xffffffde fr.pc=0x0000023b1a0093e8 relative=0x0000000000000368
Event: 31.530 Thread 0x0000023b07774540 Uncommon trap: reason=class_check action=maybe_recompile pc=0x0000023b1a0093e8 method=com.sun.tools.javac.code.Types$MethodFilter.test(Ljava/lang/Object;)Z @ 2 c2
Event: 31.531 Thread 0x0000023b07774540 DEOPT PACKING pc=0x0000023b1a0093e8 sp=0x00000062584fb770
Event: 31.531 Thread 0x0000023b07774540 DEOPT UNPACKING pc=0x0000023b196646a2 sp=0x00000062584fb718 mode 2

Classes loaded (20 events):
Event: 26.180 Loading class java/util/stream/ReduceOps$2
Event: 26.180 Loading class java/util/stream/ReduceOps$2 done
Event: 26.180 Loading class java/util/stream/ReduceOps$2ReducingSink
Event: 26.180 Loading class java/util/stream/ReduceOps$2ReducingSink done
Event: 26.597 Loading class java/lang/runtime/ObjectMethods
Event: 26.636 Loading class java/lang/runtime/ObjectMethods done
Event: 26.663 Loading class java/lang/invoke/MethodHandleImpl$Makers
Event: 26.681 Loading class java/lang/invoke/MethodHandleImpl$Makers done
Event: 26.682 Loading class java/lang/invoke/MethodHandleImpl$Makers$1
Event: 26.682 Loading class java/lang/invoke/MethodHandleImpl$Makers$1 done
Event: 26.683 Loading class java/lang/invoke/MethodHandleImpl$Makers$2
Event: 26.683 Loading class java/lang/invoke/MethodHandleImpl$Makers$2 done
Event: 26.683 Loading class java/lang/invoke/MethodHandleImpl$Makers$3
Event: 26.683 Loading class java/lang/invoke/MethodHandleImpl$Makers$3 done
Event: 26.778 Loading class java/lang/runtime/ObjectMethods$1
Event: 26.780 Loading class java/lang/runtime/ObjectMethods$1 done
Event: 26.789 Loading class java/lang/invoke/DirectMethodHandle$1
Event: 26.790 Loading class java/lang/invoke/DirectMethodHandle$1 done
Event: 26.826 Loading class java/util/function/ToIntBiFunction
Event: 26.826 Loading class java/util/function/ToIntBiFunction done

Classes unloaded (0 events):
No events

Classes redefined (0 events):
No events

Internal exceptions (20 events):
Event: 29.112 Thread 0x0000023b07774540 Exception <a 'sun/nio/fs/WindowsException'{0x00000000a65e7cc8}> (0x00000000a65e7cc8) 
thrown [s\src\hotspot\share\prims\jni.cpp, line 520]
Event: 29.485 Thread 0x0000023b07774540 Exception <a 'sun/nio/fs/WindowsException'{0x00000000a6467ab8}> (0x00000000a6467ab8) 
thrown [s\src\hotspot\share\prims\jni.cpp, line 520]
Event: 29.485 Thread 0x0000023b07774540 Exception <a 'sun/nio/fs/WindowsException'{0x00000000a6468160}> (0x00000000a6468160) 
thrown [s\src\hotspot\share\prims\jni.cpp, line 520]
Event: 29.486 Thread 0x0000023b07774540 Exception <a 'sun/nio/fs/WindowsException'{0x00000000a6468930}> (0x00000000a6468930) 
thrown [s\src\hotspot\share\prims\jni.cpp, line 520]
Event: 29.664 Thread 0x0000023b07774540 Exception <a 'sun/nio/fs/WindowsException'{0x00000000a6482b58}> (0x00000000a6482b58) 
thrown [s\src\hotspot\share\prims\jni.cpp, line 520]
Event: 29.664 Thread 0x0000023b07774540 Exception <a 'sun/nio/fs/WindowsException'{0x00000000a64831e0}> (0x00000000a64831e0) 
thrown [s\src\hotspot\share\prims\jni.cpp, line 520]
Event: 29.664 Thread 0x0000023b07774540 Exception <a 'sun/nio/fs/WindowsException'{0x00000000a6483900}> (0x00000000a6483900) 
thrown [s\src\hotspot\share\prims\jni.cpp, line 520]
Event: 30.968 Thread 0x0000023b07774540 Exception <a 'sun/nio/fs/WindowsException'{0x00000000a63f7088}> (0x00000000a63f7088) 
thrown [s\src\hotspot\share\prims\jni.cpp, line 520]
Event: 30.968 Thread 0x0000023b07774540 Exception <a 'sun/nio/fs/WindowsException'{0x00000000a63f7730}> (0x00000000a63f7730) 
thrown [s\src\hotspot\share\prims\jni.cpp, line 520]
Event: 30.968 Thread 0x0000023b07774540 Exception <a 'sun/nio/fs/WindowsException'{0x00000000a63f7f00}> (0x00000000a63f7f00) 
thrown [s\src\hotspot\share\prims\jni.cpp, line 520]
Event: 31.347 Thread 0x0000023b07774540 Exception <a 'sun/nio/fs/WindowsException'{0x00000000a5545748}> (0x00000000a5545748) 
thrown [s\src\hotspot\share\prims\jni.cpp, line 520]
Event: 31.347 Thread 0x0000023b07774540 Exception <a 'sun/nio/fs/WindowsException'{0x00000000a5545df0}> (0x00000000a5545df0) 
thrown [s\src\hotspot\share\prims\jni.cpp, line 520]
Event: 31.347 Thread 0x0000023b07774540 Exception <a 'sun/nio/fs/WindowsException'{0x00000000a55465c0}> (0x00000000a55465c0) 
thrown [s\src\hotspot\share\prims\jni.cpp, line 520]
Event: 31.485 Thread 0x0000023b07774540 Exception <a 'sun/nio/fs/WindowsException'{0x00000000a55755d0}> (0x00000000a55755d0) 
thrown [s\src\hotspot\share\prims\jni.cpp, line 520]
Event: 31.486 Thread 0x0000023b07774540 Exception <a 'sun/nio/fs/WindowsException'{0x00000000a5575c60}> (0x00000000a5575c60) 
thrown [s\src\hotspot\share\prims\jni.cpp, line 520]
Event: 31.486 Thread 0x0000023b07774540 Exception <a 'sun/nio/fs/WindowsException'{0x00000000a5576388}> (0x00000000a5576388) 
thrown [s\src\hotspot\share\prims\jni.cpp, line 520]
Event: 31.500 Thread 0x0000023b07774540 Exception <a 'sun/nio/fs/WindowsException'{0x00000000a55a62f0}> (0x00000000a55a62f0) 
thrown [s\src\hotspot\share\prims\jni.cpp, line 520]
Event: 31.505 Thread 0x0000023b07774540 Exception <a 'sun/nio/fs/WindowsException'{0x00000000a55c8990}> (0x00000000a55c8990) 
thrown [s\src\hotspot\share\prims\jni.cpp, line 520]
Event: 31.514 Thread 0x0000023b07774540 Exception <a 'sun/nio/fs/WindowsException'{0x00000000a542abc0}> (0x00000000a542abc0) 
thrown [s\src\hotspot\share\prims\jni.cpp, line 520]
Event: 31.514 Thread 0x0000023b07774540 Exception <a 'sun/nio/fs/WindowsException'{0x00000000a542bac0}> (0x00000000a542bac0) 
thrown [s\src\hotspot\share\prims\jni.cpp, line 520]

ZGC Phase Switch (0 events):
No events

VM Operations (20 events):
Event: 25.714 Executing VM operation: HandshakeAllThreads (Deoptimize)
Event: 25.714 Executing VM operation: HandshakeAllThreads (Deoptimize) done
Event: 25.932 Executing VM operation: ICBufferFull
Event: 25.932 Executing VM operation: ICBufferFull done
Event: 26.293 Executing VM operation: ICBufferFull
Event: 26.294 Executing VM operation: ICBufferFull done
Event: 26.468 Executing VM operation: HandshakeAllThreads (Deoptimize)
Event: 26.468 Executing VM operation: HandshakeAllThreads (Deoptimize) done
Event: 27.307 Executing VM operation: ICBufferFull
Event: 27.307 Executing VM operation: ICBufferFull done
Event: 28.282 Executing VM operation: G1CollectForAllocation (G1 Evacuation Pause)
Event: 28.294 Executing VM operation: G1CollectForAllocation (G1 Evacuation Pause) done
Event: 28.785 Executing VM operation: ICBufferFull
Event: 28.786 Executing VM operation: ICBufferFull done
Event: 29.792 Executing VM operation: Cleanup
Event: 29.809 Executing VM operation: Cleanup done
Event: 30.816 Executing VM operation: Cleanup
Event: 30.850 Executing VM operation: Cleanup done
Event: 31.058 Executing VM operation: HandshakeAllThreads (Deoptimize)
Event: 31.068 Executing VM operation: HandshakeAllThreads (Deoptimize) done

Events (20 events):
Event: 8.909 Thread 0x0000023b6b5a3cb0 Thread added: 0x0000023b6b5a3cb0
Event: 11.178 Thread 0x0000023b6b5a3cb0 Thread exited: 0x0000023b6b5a3cb0
Event: 11.724 Thread 0x0000023b6c3fc740 Thread added: 0x0000023b6c3fc740
Event: 12.925 Thread 0x0000023b6c3fc740 Thread exited: 0x0000023b6c3fc740
Event: 14.447 Thread 0x0000023b6bcaa030 Thread added: 0x0000023b6bcaa030
Event: 15.943 Thread 0x0000023b6bcaa030 Thread exited: 0x0000023b6bcaa030
Event: 16.683 Thread 0x0000023b6b66df00 Thread added: 0x0000023b6b66df00
Event: 17.187 Thread 0x0000023b6b66df00 Thread exited: 0x0000023b6b66df00
Event: 17.431 Thread 0x0000023b6b406590 Thread added: 0x0000023b6b406590
Event: 18.134 Thread 0x0000023b6b406590 Thread exited: 0x0000023b6b406590
Event: 18.491 Thread 0x0000023b6be32400 Thread added: 0x0000023b6be32400
Event: 19.520 Thread 0x0000023b6be32400 Thread exited: 0x0000023b6be32400
Event: 22.006 Thread 0x0000023b6cf9cff0 Thread added: 0x0000023b6cf9cff0
Event: 24.747 Thread 0x0000023b6cf9cff0 Thread exited: 0x0000023b6cf9cff0
Event: 24.968 Thread 0x0000023b6cf0d4c0 Thread added: 0x0000023b6cf0d4c0
Event: 25.348 Thread 0x0000023b6cf0d4c0 Thread exited: 0x0000023b6cf0d4c0
Event: 26.247 Thread 0x0000023b6e6dc010 Thread added: 0x0000023b6e6dc010
Event: 26.652 Thread 0x0000023b6e6dc010 Thread exited: 0x0000023b6e6dc010
Event: 31.060 Thread 0x0000023b6bd78f80 Thread added: 0x0000023b6bd78f80
Event: 31.492 Thread 0x0000023b6bd78f80 Thread exited: 0x0000023b6bd78f80


Dynamic libraries:
0x00007ff688220000 - 0x00007ff68822e000 	C:\Users\palak\Downloads\java-21-openjdk-21.0.1.0.12-3.win.jdk.x86_64\java-21-openjdk-21.0.1.0.12-3.win.jdk.x86_64\bin\java.exe
0x00007ffd3d2c0000 - 0x00007ffd3d523000 	C:\WINDOWS\SYSTEM32\ntdll.dll
0x00007ffd3c070000 - 0x00007ffd3c137000 	C:\WINDOWS\System32\KERNEL32.DLL
0x00007ffd3ab30000 - 0x00007ffd3aef9000 	C:\WINDOWS\System32\KERNELBASE.dll
0x00007ffd3af00000 - 0x00007ffd3b04c000 	C:\WINDOWS\System32\ucrtbase.dll
0x00007ffd1cf80000 - 0x00007ffd1cf98000 	C:\Users\palak\Downloads\java-21-openjdk-21.0.1.0.12-3.win.jdk.x86_64\java-21-openjdk-21.0.1.0.12-3.win.jdk.x86_64\bin\jli.dll
0x00007ffd3ba90000 - 0x00007ffd3bc5a000 	C:\WINDOWS\System32\USER32.dll
0x00007ffd3aa50000 - 0x00007ffd3aa77000 	C:\WINDOWS\System32\win32u.dll
0x00007ffd3d250000 - 0x00007ffd3d27a000 	C:\WINDOWS\System32\GDI32.dll
0x00007ffd3a4c0000 - 0x00007ffd3a5f1000 	C:\WINDOWS\System32\gdi32full.dll
0x00007ffd3aa80000 - 0x00007ffd3ab23000 	C:\WINDOWS\System32\msvcp_win.dll
0x00007ffd1cf60000 - 0x00007ffd1cf7b000 	C:\Users\palak\Downloads\java-21-openjdk-21.0.1.0.12-3.win.jdk.x86_64\java-21-openjdk-21.0.1.0.12-3.win.jdk.x86_64\bin\VCRUNTIME140.dll
0x00007ffd1de00000 - 0x00007ffd1e090000 	C:\WINDOWS\WinSxS\amd64_microsoft.windows.common-controls_6595b64144ccf1df_6.0.26100.3323_none_3e088096e3344490\COMCTL32.dll
0x00007ffd3b290000 - 0x00007ffd3b339000 	C:\WINDOWS\System32\msvcrt.dll
0x00007ffd3b0e0000 - 0x00007ffd3b10f000 	C:\WINDOWS\System32\IMM32.DLL
0x00007ffd353f0000 - 0x00007ffd353fc000 	C:\Users\palak\Downloads\java-21-openjdk-21.0.1.0.12-3.win.jdk.x86_64\java-21-openjdk-21.0.1.0.12-3.win.jdk.x86_64\bin\vcruntime140_1.dll
0x00007ffcf4890000 - 0x00007ffcf491e000 	C:\Users\palak\Downloads\java-21-openjdk-21.0.1.0.12-3.win.jdk.x86_64\java-21-openjdk-21.0.1.0.12-3.win.jdk.x86_64\bin\msvcp140.dll
0x00007ffcb1c90000 - 0x00007ffcb2a11000 	C:\Users\palak\Downloads\java-21-openjdk-21.0.1.0.12-3.win.jdk.x86_64\java-21-openjdk-21.0.1.0.12-3.win.jdk.x86_64\bin\server\jvm.dll
0x00007ffd3bef0000 - 0x00007ffd3bfa2000 	C:\WINDOWS\System32\ADVAPI32.dll
0x00007ffd3bfb0000 - 0x00007ffd3c056000 	C:\WINDOWS\System32\sechost.dll
0x00007ffd3b340000 - 0x00007ffd3b456000 	C:\WINDOWS\System32\RPCRT4.dll
0x00007ffd3d1d0000 - 0x00007ffd3d244000 	C:\WINDOWS\System32\WS2_32.dll
0x00007ffd34910000 - 0x00007ffd34946000 	C:\WINDOWS\SYSTEM32\WINMM.dll
0x00007ffd3a350000 - 0x00007ffd3a39e000 	C:\WINDOWS\SYSTEM32\POWRPROF.dll
0x00007ffd34950000 - 0x00007ffd3495b000 	C:\WINDOWS\SYSTEM32\VERSION.dll
0x00007ffd3a330000 - 0x00007ffd3a344000 	C:\WINDOWS\SYSTEM32\UMPDC.dll
0x00007ffd392e0000 - 0x00007ffd392fa000 	C:\WINDOWS\SYSTEM32\kernel.appcore.dll
0x00007ffd32820000 - 0x00007ffd3282a000 	C:\Users\palak\Downloads\java-21-openjdk-21.0.1.0.12-3.win.jdk.x86_64\java-21-openjdk-21.0.1.0.12-3.win.jdk.x86_64\bin\jimage.dll
0x00007ffd2ec00000 - 0x00007ffd2ee41000 	C:\WINDOWS\SYSTEM32\DBGHELP.DLL
0x00007ffd3c6b0000 - 0x00007ffd3ca32000 	C:\WINDOWS\System32\combase.dll
0x00007ffd3b4a0000 - 0x00007ffd3b576000 	C:\WINDOWS\System32\OLEAUT32.dll
0x00007ffd1e390000 - 0x00007ffd1e3c9000 	C:\WINDOWS\SYSTEM32\dbgcore.DLL
0x00007ffd3a9b0000 - 0x00007ffd3aa49000 	C:\WINDOWS\System32\bcryptPrimitives.dll
0x00007ffd1cf40000 - 0x00007ffd1cf5f000 	C:\Users\palak\Downloads\java-21-openjdk-21.0.1.0.12-3.win.jdk.x86_64\java-21-openjdk-21.0.1.0.12-3.win.jdk.x86_64\bin\java.dll
0x00007ffd3ca40000 - 0x00007ffd3d155000 	C:\WINDOWS\System32\SHELL32.dll
0x00007ffd3a780000 - 0x00007ffd3a8e8000 	C:\WINDOWS\System32\wintypes.dll
0x00007ffd381a0000 - 0x00007ffd389e5000 	C:\WINDOWS\SYSTEM32\windows.storage.dll
0x00007ffd3b1a0000 - 0x00007ffd3b28b000 	C:\WINDOWS\System32\SHCORE.dll
0x00007ffd3bc60000 - 0x00007ffd3bcbd000 	C:\WINDOWS\System32\shlwapi.dll
0x00007ffd3a3d0000 - 0x00007ffd3a3ff000 	C:\WINDOWS\SYSTEM32\profapi.dll
0x00007ffcf47b0000 - 0x00007ffcf4887000 	C:\Users\palak\Downloads\java-21-openjdk-21.0.1.0.12-3.win.jdk.x86_64\java-21-openjdk-21.0.1.0.12-3.win.jdk.x86_64\bin\jsvml.dll
0x00007ffd31f30000 - 0x00007ffd31f40000 	C:\Users\palak\Downloads\java-21-openjdk-21.0.1.0.12-3.win.jdk.x86_64\java-21-openjdk-21.0.1.0.12-3.win.jdk.x86_64\bin\net.dll
0x00007ffd2ff50000 - 0x00007ffd3006e000 	C:\WINDOWS\SYSTEM32\WINHTTP.dll
0x00007ffd39800000 - 0x00007ffd3986a000 	C:\WINDOWS\system32\mswsock.dll
0x00007ffd1cf20000 - 0x00007ffd1cf36000 	C:\Users\palak\Downloads\java-21-openjdk-21.0.1.0.12-3.win.jdk.x86_64\java-21-openjdk-21.0.1.0.12-3.win.jdk.x86_64\bin\nio.dll
0x00007ffd1cf00000 - 0x00007ffd1cf18000 	C:\Users\palak\Downloads\java-21-openjdk-21.0.1.0.12-3.win.jdk.x86_64\java-21-openjdk-21.0.1.0.12-3.win.jdk.x86_64\bin\zip.dll
0x00007ffd0a0e0000 - 0x00007ffd0a104000 	C:\Users\palak\Downloads\apache-maven-3.9.8-bin\lib\jansi-native\Windows\x86_64\jansi.dll
0x00007ffd37310000 - 0x00007ffd37320000 	C:\Users\palak\Downloads\java-21-openjdk-21.0.1.0.12-3.win.jdk.x86_64\java-21-openjdk-21.0.1.0.12-3.win.jdk.x86_64\bin\verify.dll

dbghelp: loaded successfully - version: 4.0.5 - missing functions: none
symbol engine: initialized successfully - sym options: 0x614 - pdb path: .;C:\Users\palak\Downloads\java-21-openjdk-21.0.1.0.12-3.win.jdk.x86_64\java-21-openjdk-21.0.1.0.12-3.win.jdk.x86_64\bin;C:\WINDOWS\SYSTEM32;C:\WINDOWS\WinSxS\amd64_microsoft.windows.common-controls_6595b64144ccf1df_6.0.26100.3323_none_3e088096e3344490;C:\Users\palak\Downloads\java-21-openjdk-21.0.1.0.12-3.win.jdk.x86_64\java-21-openjdk-21.0.1.0.12-3.win.jdk.x86_64\bin\server;C:\Users\palak\Downloads\apache-maven-3.9.8-bin\lib\jansi-native\Windows\x86_64

VM Arguments:
jvm_args: -Dclassworlds.conf=C:\Users\palak\Downloads\apache-maven-3.9.8-bin\bin\m2.conf -Dmaven.home=C:\Users\palak\Downloads\apache-maven-3.9.8-bin -Dlibrary.jansi.path=C:\Users\palak\Downloads\apache-maven-3.9.8-bin\lib\jansi-native -Dmaven.multiModuleProjectDirectory=C:\Users\palak\Downloads\demo 
java_command: org.codehaus.plexus.classworlds.launcher.Launcher clean install
java_class_path (initial): C:\Users\palak\Downloads\apache-maven-3.9.8-bin\boot\plexus-classworlds-2.8.0.jar
Launcher Type: SUN_STANDARD

[Global flags]
     intx CICompilerCount                          = 3                                         {product} {ergonomic}
     uint ConcGCThreads                            = 1                                         {product} {ergonomic}
     uint G1ConcRefinementThreads                  = 4                                         {product} {ergonomic}
   size_t G1HeapRegionSize                         = 1048576                                   {product} {ergonomic}
    uintx GCDrainStackTargetSize                   = 64                                        {product} {ergonomic}
   size_t InitialHeapSize                          = 100663296                                 {product} {ergonomic}
   size_t MarkStackSize                            = 4194304                                   {product} {ergonomic}
   size_t MaxHeapSize                              = 1595932672                                {product} {ergonomic}
   size_t MaxNewSize                               = 957349888                                 {product} {ergonomic}
   size_t MinHeapDeltaBytes                        = 1048576                                   {product} {ergonomic}
   size_t MinHeapSize                              = 8388608                                   {product} {ergonomic}
    uintx NonNMethodCodeHeapSize                   = 5832780                                {pd product} {ergonomic}
    uintx NonProfiledCodeHeapSize                  = 122912730                              {pd product} {ergonomic}
    uintx ProfiledCodeHeapSize                     = 122912730                              {pd product} {ergonomic}
    uintx ReservedCodeCacheSize                    = 251658240                              {pd product} {ergonomic}
     bool SegmentedCodeCache                       = true                                      {product} {ergonomic}
   size_t SoftMaxHeapSize                          = 1595932672                             {manageable} {ergonomic}
     bool UseCompressedOops                        = true                           {product lp64_product} {ergonomic}
     bool UseG1GC                                  = true                                      {product} {ergonomic}
     bool UseLargePagesIndividualAllocation        = false                                  {pd product} {ergonomic}

Logging:
Log output configuration:
 #0: stdout all=warning uptime,level,tags foldmultilines=false
 #1: stderr all=off uptime,level,tags foldmultilines=false

Environment Variables:
JAVA_HOME=C:\Users\palak\Downloads\java-21-openjdk-21.0.1.0.12-3.win.jdk.x86_64\java-21-openjdk-21.0.1.0.12-3.win.jdk.x86_64
PATH=C:\Program Files (x86)\Common Files\Oracle\Java\java8path;C:\Program Files (x86)\Common Files\Oracle\Java\javapath;C:\WINDOWS\system32;C:\WINDOWS;C:\WINDOWS\System32\Wbem;C:\WINDOWS\System32\WindowsPowerShell\v1.0\;C:\WINDOWS\System32\OpenSSH\;C:\Users\palak\Downloads\java-21-openjdk-21.0.1.0.12-3.win.jdk.x86_64\java-21-openjdk-21.0.1.0.12-3.win.jdk.x86_64\bin;C:\Users\palak\Downloads\apache-maven-3.9.8-bin\bin;c:\users\palak\appdata\local\packages\pythonsoftwarefoundation.python.3.11_qbz5n2kfra8p0\localcache\local-packages\python311\site-packages;C:\ProgramData\chocolatey\bin;C:\Program Files\nodejs\;C:\Users\palak\AppData\Local\Programs\Python\Python312\Scripts;C:\Program Files\Git\cmd;C:\Users\palak\Downloads\flutter_windows_3.27.3-stable\flutter\bin;C:\Users\palak\AppData\Local\Android\Sdk\cmdline-tools\latest\bin;C:\Users\palak\AppData\Local\Android\Sdk\platform-tools;C:\ffmpeg;C:\Program Files\MongoDB\Server\8.0\bin;C:\Users\palak\AppData\Local\Programs\Python\Python313\Scripts\;C:\Users\palak\AppData\Local\Programs\Python\Python313\;C:\Users\palak\AppData\Local\Programs\Python\Python312\Scripts\;C:\Users\palak\AppData\Local\Programs\Python\Python312\;C:\Users\palak\AppData\Local\Programs\Python\Launcher\;C:\Program Files\MySQL\MySQL Shell 8.0\bin\;C:\Users\palak\AppData\Local\Microsoft\WindowsApps;C:\Users\palak\AppData\Local\Programs\Microsoft VS Code\bin;C:\Program Files\JetBrains\IntelliJ IDEA Community Edition 2023.3.3\bin;C:\Users\palak\AppData\Local\JetBrains\CLion 2023.3.4\bin;C:\Program Files\JetBrains\PyCharm 2024.1.2\bin;C:\Program Files\JetBrains\PyCharm Community Edition 2024.1.4\bin;C:\Users\palak\AppData\Local\JetBrains\Toolbox\scripts;C:\Users\palak\AppData\Roaming\npm;C:\Users\palak\AppData\Local\GitHubDesktop\bin;C:\Users\palak\AppData\Local\Microsoft\WindowsApps;
USERNAME=palak
LANG=en_US.UTF-8
OS=Windows_NT
PROCESSOR_IDENTIFIER=AMD64 Family 23 Model 24 Stepping 1, AuthenticAMD
TMP=C:\Users\palak\AppData\Local\Temp
TEMP=C:\Users\palak\AppData\Local\Temp




Periodic native trim disabled

---------------  S Y S T E M  ---------------

OS:
 Windows 11 , 64 bit Build 26100 (10.0.26100.3323)
OS uptime: 0 days 0:45 hours

CPU: total 4 (initial active 4) (4 cores per cpu, 2 threads per core) family 23 model 24 stepping 1 microcode 0x8108109, cx8, cmov, fxsr, ht, mmx, 3dnowpref, sse, sse2, sse3, ssse3, sse4a, sse4.1, sse4.2, popcnt, lzcnt, tsc, tscinvbit, avx, avx2, aes, clmul, bmi1, bmi2, adx, sha, fma, vzeroupper, clflush, clflushopt, rdtscp, f16c
Processor Information for all 4 processors :
  Max Mhz: 2600, Current Mhz: 2600, Mhz Limit: 2600

Memory: 4k page, system-wide physical 6086M (473M free)
TotalPageFile size 14278M (AvailPageFile size 0M)
current process WorkingSet (physical memory assigned to process): 209M, peak: 237M
current process commit charge ("private bytes"): 232M, peak: 263M

vm_info: OpenJDK 64-Bit Server VM (21.0.1+12-LTS) for windows-amd64 JRE (21.0.1+12-LTS), built on 2023-10-17T00:00:00Z by "admin" with unknown MS VC++:1937

END.
