#
# There is insufficient memory for the Java Runtime Environment to continue.
# Native memory allocation (malloc) failed to allocate 299376 bytes. Error detail: Chunk::new
# Possible reasons:
#   The system is out of physical RAM or swap space
#   This process is running with CompressedOops enabled, and the Java Heap may be blocking the growth of the native heap
# Possible solutions:
#   Reduce memory load on the system
#   Increase physical memory or swap space
#   Check if swap backing store is full
#   Decrease Java heap size (-Xmx/-Xms)
#   Decrease number of Java threads
#   Decrease Java thread stack sizes (-Xss)
#   Set larger code cache with -XX:ReservedCodeCacheSize=
#   JVM is running with Unscaled Compressed Oops mode in which the Java heap is
#     placed in the first 4GB address space. The Java Heap base address is the
#     maximum limit for the native heap growth. Please use -XX:HeapBaseMinAddress
#     to set the Java Heap base and to place the Java Heap above 4GB virtual address.
# This output file may be truncated or incomplete.
#
#  Out of Memory Error (arena.cpp:168), pid=14936, tid=18272
#
# JRE version: OpenJDK Runtime Environment Temurin-21.0.5+11 (21.0.5+11) (build 21.0.5+11-LTS)
# Java VM: OpenJDK 64-Bit Server VM Temurin-21.0.5+11 (21.0.5+11-LTS, mixed mode, sharing, tiered, compressed oops, compressed class ptrs, parallel gc, windows-amd64)
# No core dump will be written. Minidumps are not enabled by default on client versions of Windows
#

---------------  S U M M A R Y ------------

Command Line: --add-modules=ALL-SYSTEM --add-opens=java.base/java.util=ALL-UNNAMED --add-opens=java.base/java.lang=ALL-UNNAMED --add-opens=java.base/sun.nio.fs=ALL-UNNAMED -Declipse.application=org.eclipse.jdt.ls.core.id1 -Dosgi.bundles.defaultStartLevel=4 -Declipse.product=org.eclipse.jdt.ls.core.product -Djava.import.generatesMetadataFilesAtProjectRoot=false -DDetectVMInstallationsJob.disabled=true -Dfile.encoding=utf8 -XX:+UseParallelGC -XX:GCTimeRatio=4 -XX:AdaptiveSizePolicyWeight=90 -Dsun.zip.disableMemoryMapping=true -Xmx1G -Xms100m -Xlog:disable -javaagent:c:\Users\palak\.vscode\extensions\redhat.java-1.39.0-win32-x64\lombok\lombok-1.18.34.jar c:\Users\palak\.vscode\extensions\redhat.java-1.39.0-win32-x64\server\plugins\org.eclipse.equinox.launcher_1.6.900.v20240613-2009.jar -configuration c:\Users\palak\AppData\Roaming\Code\User\globalStorage\redhat.java\1.39.0\config_ss_win -data c:\Users\palak\AppData\Roaming\Code\User\workspaceStorage\ee148990e97456275c543846b0f27411\redhat.java\ss_ws --pipe=\\.\pipe\lsp-63d2e5be2d37648ac963b3295e2d86f4-sock

Host: AMD Ryzen 3 3250U with Radeon Graphics         , 4 cores, 5G,  Windows 11 , 64 bit Build 26100 (10.0.26100.3037)
Time: Wed Feb 26 18:19:23 2025 India Standard Time elapsed time: 2.635186 seconds (0d 0h 0m 2s)

---------------  T H R E A D  ---------------

Current thread (0x0000020a362debe0):  JavaThread "C2 CompilerThread0" daemon [_thread_in_native, id=18272, stack(0x000000e84ac00000,0x000000e84ad00000) (1024K)]


Current CompileTask:
C2:2635 1263       4       java.io.DataInputStream::readUTF (501 bytes)

Stack: [0x000000e84ac00000,0x000000e84ad00000]
Native frames: (J=compiled Java code, j=interpreted, Vv=VM code, C=native code)
V  [jvm.dll+0x6cd4e9]
V  [jvm.dll+0x8a7941]
V  [jvm.dll+0x8a9e6e]
V  [jvm.dll+0x8aa543]
V  [jvm.dll+0x27f6d6]
V  [jvm.dll+0xc500d]
V  [jvm.dll+0xc5543]
V  [jvm.dll+0x3b65d2]
V  [jvm.dll+0x1dfdf3]
V  [jvm.dll+0x247b22]
V  [jvm.dll+0x246faf]
V  [jvm.dll+0x1c75ce]
V  [jvm.dll+0x25682a]
V  [jvm.dll+0x254dca]
V  [jvm.dll+0x3f00d6]
V  [jvm.dll+0x8514fb]
V  [jvm.dll+0x6cbbed]
C  [ucrtbase.dll+0x37b0]
C  [KERNEL32.DLL+0x2e8d7]
C  [ntdll.dll+0xbbf2c]


---------------  P R O C E S S  ---------------

Threads class SMR info:
_java_thread_list=0x0000020a7872faa0, length=12, elements={
0x0000020a1fd1c600, 0x0000020a362c85f0, 0x0000020a362cd490, 0x0000020a362d03f0,
0x0000020a362d1040, 0x0000020a362d5130, 0x0000020a362d90f0, 0x0000020a362debe0,
0x0000020a3633b770, 0x0000020a78292740, 0x0000020a7850ac90, 0x0000020a7880e470
}

Java Threads: ( => current thread )
  0x0000020a1fd1c600 JavaThread "main"                              [_thread_in_Java, id=1536, stack(0x000000e84a200000,0x000000e84a300000) (1024K)]
  0x0000020a362c85f0 JavaThread "Reference Handler"          daemon [_thread_blocked, id=5304, stack(0x000000e84a600000,0x000000e84a700000) (1024K)]
  0x0000020a362cd490 JavaThread "Finalizer"                  daemon [_thread_blocked, id=18768, stack(0x000000e84a700000,0x000000e84a800000) (1024K)]
  0x0000020a362d03f0 JavaThread "Signal Dispatcher"          daemon [_thread_blocked, id=6200, stack(0x000000e84a800000,0x000000e84a900000) (1024K)]
  0x0000020a362d1040 JavaThread "Attach Listener"            daemon [_thread_blocked, id=15928, stack(0x000000e84a900000,0x000000e84aa00000) (1024K)]
  0x0000020a362d5130 JavaThread "Service Thread"             daemon [_thread_blocked, id=20460, stack(0x000000e84aa00000,0x000000e84ab00000) (1024K)]
  0x0000020a362d90f0 JavaThread "Monitor Deflation Thread"   daemon [_thread_blocked, id=11568, stack(0x000000e84ab00000,0x000000e84ac00000) (1024K)]
=>0x0000020a362debe0 JavaThread "C2 CompilerThread0"         daemon [_thread_in_native, id=18272, stack(0x000000e84ac00000,0x000000e84ad00000) (1024K)]
  0x0000020a3633b770 JavaThread "C1 CompilerThread0"         daemon [_thread_in_native, id=2692, stack(0x000000e84ad00000,0x000000e84ae00000) (1024K)]
  0x0000020a78292740 JavaThread "Common-Cleaner"             daemon [_thread_blocked, id=13052, stack(0x000000e84ae00000,0x000000e84af00000) (1024K)]
  0x0000020a7850ac90 JavaThread "Notification Thread"        daemon [_thread_blocked, id=4264, stack(0x000000e84b000000,0x000000e84b100000) (1024K)]
  0x0000020a7880e470 JavaThread "C2 CompilerThread1"         daemon [_thread_in_native, id=6248, stack(0x000000e84af00000,0x000000e84b000000) (1024K)]
Total: 12

Other Threads:
  0x0000020a2170aee0 VMThread "VM Thread"                           [id=18664, stack(0x000000e84a500000,0x000000e84a600000) (1024K)]
  0x0000020a3622ca00 WatcherThread "VM Periodic Task Thread"        [id=16284, stack(0x000000e84a400000,0x000000e84a500000) (1024K)]
  0x0000020a216a8470 WorkerThread "GC Thread#0"                     [id=18364, stack(0x000000e84a300000,0x000000e84a400000) (1024K)]
  0x0000020a78b197b0 WorkerThread "GC Thread#1"                     [id=680, stack(0x000000e84b100000,0x000000e84b200000) (1024K)]
  0x0000020a787f27c0 WorkerThread "GC Thread#2"                     [id=9716, stack(0x000000e84b200000,0x000000e84b300000) (1024K)]
  0x0000020a78b2ffc0 WorkerThread "GC Thread#3"                     [id=20404, stack(0x000000e84b300000,0x000000e84b400000) (1024K)]
Total: 6

Threads with active compile tasks:
C2 CompilerThread0  2684 1263       4       java.io.DataInputStream::readUTF (501 bytes)
C2 CompilerThread1  2684 1310       4       lombok.launch.PackageShader::apply (252 bytes)
Total: 2

VM state: not at safepoint (normal execution)

VM Mutex/Monitor currently owned by a thread: None

Heap address: 0x00000000c0000000, size: 1024 MB, Compressed Oops mode: 32-bit

CDS archive(s) mapped at: [0x0000020a37000000-0x0000020a37ba0000-0x0000020a37ba0000), size 12189696, SharedBaseAddress: 0x0000020a37000000, ArchiveRelocationMode: 1.
Compressed class space mapped at: 0x0000020a38000000-0x0000020a78000000, reserved size: 1073741824
Narrow klass base: 0x0000020a37000000, Narrow klass shift: 0, Narrow klass range: 0x100000000

GC Precious Log:
 CardTable entry size: 512
 CPUs: 4 total, 4 available
 Memory: 6086M
 Large Page Support: Disabled
 NUMA Support: Disabled
 Compressed Oops: Enabled (32-bit)
 Alignments: Space 512K, Generation 512K, Heap 2M
 Heap Min Capacity: 100M
 Heap Initial Capacity: 100M
 Heap Max Capacity: 1G
 Pre-touch: Disabled
 Parallel Workers: 4

Heap:
 PSYoungGen      total 29696K, used 11841K [0x00000000eab00000, 0x00000000ecc00000, 0x0000000100000000)
  eden space 25600K, 33% used [0x00000000eab00000,0x00000000eb368a88,0x00000000ec400000)
  from space 4096K, 78% used [0x00000000ec400000,0x00000000ec727b10,0x00000000ec800000)
  to   space 4096K, 0% used [0x00000000ec800000,0x00000000ec800000,0x00000000ecc00000)
 ParOldGen       total 68608K, used 16K [0x00000000c0000000, 0x00000000c4300000, 0x00000000eab00000)
  object space 68608K, 0% used [0x00000000c0000000,0x00000000c0004000,0x00000000c4300000)
 Metaspace       used 5948K, committed 6144K, reserved 1114112K
  class space    used 566K, committed 640K, reserved 1048576K

Card table byte_map: [0x0000020a33bc0000,0x0000020a33dd0000] _byte_map_base: 0x0000020a335c0000

Marking Bits: (ParMarkBitMap*) 0x00007ffe37492250
 Begin Bits: [0x0000020a33f30000, 0x0000020a34f30000)
 End Bits:   [0x0000020a34f30000, 0x0000020a35f30000)

Polling page: 0x0000020a21710000

Metaspace:

Usage:
  Non-class:      5.26 MB used.
      Class:    566.67 KB used.
       Both:      5.81 MB used.

Virtual space:
  Non-class space:       64.00 MB reserved,       5.38 MB (  8%) committed,  1 nodes.
      Class space:        1.00 GB reserved,     640.00 KB ( <1%) committed,  1 nodes.
             Both:        1.06 GB reserved,       6.00 MB ( <1%) committed. 

Chunk freelists:
   Non-Class:  10.05 MB
       Class:  15.38 MB
        Both:  25.42 MB

MaxMetaspaceSize: unlimited
CompressedClassSpaceSize: 1.00 GB
Initial GC threshold: 21.00 MB
Current GC threshold: 21.00 MB
CDS: on
 - commit_granule_bytes: 65536.
 - commit_granule_words: 8192.
 - virtual_space_node_default_size: 8388608.
 - enlarge_chunks_in_place: 1.
 - use_allocation_guard: 0.


Internal statistics:

num_allocs_failed_limit: 0.
num_arena_births: 146.
num_arena_deaths: 0.
num_vsnodes_births: 2.
num_vsnodes_deaths: 0.
num_space_committed: 96.
num_space_uncommitted: 0.
num_chunks_returned_to_freelist: 0.
num_chunks_taken_from_freelist: 250.
num_chunk_merges: 0.
num_chunk_splits: 174.
num_chunks_enlarged: 123.
num_inconsistent_stats: 0.

CodeHeap 'non-profiled nmethods': size=120000Kb used=523Kb max_used=523Kb free=119476Kb
 bounds [0x0000020a2c4b0000, 0x0000020a2c720000, 0x0000020a339e0000]
CodeHeap 'profiled nmethods': size=120000Kb used=2292Kb max_used=2292Kb free=117707Kb
 bounds [0x0000020a249e0000, 0x0000020a24c50000, 0x0000020a2bf10000]
CodeHeap 'non-nmethods': size=5760Kb used=1202Kb max_used=1232Kb free=4557Kb
 bounds [0x0000020a2bf10000, 0x0000020a2c180000, 0x0000020a2c4b0000]
 total_blobs=1788 nmethods=1322 adapters=373
 compilation: enabled
              stopped_count=0, restarted_count=0
 full_count=0

Compilation events (20 events):
Event: 2.495 Thread 0x0000020a3633b770 1292       3       org.eclipse.osgi.container.ModuleRevisionBuilder::unmodifiableMap (86 bytes)
Event: 2.496 Thread 0x0000020a3633b770 nmethod 1292 0x0000020a24c08190 code [0x0000020a24c08440, 0x0000020a24c09288]
Event: 2.496 Thread 0x0000020a3633b770 1293       1       org.eclipse.osgi.container.ModuleRevisionBuilder$GenericInfo::getNamespace (5 bytes)
Event: 2.496 Thread 0x0000020a3633b770 nmethod 1293 0x0000020a2c52a490 code [0x0000020a2c52a620, 0x0000020a2c52a6e8]
Event: 2.496 Thread 0x0000020a3633b770 1294       1       java.util.Collections$EmptyMap::size (2 bytes)
Event: 2.496 Thread 0x0000020a3633b770 nmethod 1294 0x0000020a2c52a790 code [0x0000020a2c52a920, 0x0000020a2c52a9e8]
Event: 2.496 Thread 0x0000020a3633b770 1290       3       java.net.URLStreamHandler::setURL (159 bytes)
Event: 2.499 Thread 0x0000020a3633b770 nmethod 1290 0x0000020a24c09610 code [0x0000020a24c099a0, 0x0000020a24c0ae08]
Event: 2.499 Thread 0x0000020a3633b770 1295       3       java.util.LinkedHashMap::afterNodeAccess (266 bytes)
Event: 2.499 Thread 0x0000020a7880e470 nmethod 1273 0x0000020a2c52aa90 code [0x0000020a2c52ad60, 0x0000020a2c52c6c0]
Event: 2.500 Thread 0x0000020a3633b770 nmethod 1295 0x0000020a24c0b710 code [0x0000020a24c0b900, 0x0000020a24c0c0f0]
Event: 2.500 Thread 0x0000020a3633b770 1296       3       org.eclipse.osgi.container.ModuleDatabase$Persistence::readGenericInfo (114 bytes)
Event: 2.500 Thread 0x0000020a7880e470 1283       4       jdk.internal.misc.Unsafe::getIntUnaligned (12 bytes)
Event: 2.501 Thread 0x0000020a7880e470 nmethod 1283 0x0000020a2c52d590 code [0x0000020a2c52d720, 0x0000020a2c52d7d8]
Event: 2.501 Thread 0x0000020a7880e470 1277       4       java.io.BufferedInputStream::implRead (112 bytes)
Event: 2.502 Thread 0x0000020a3633b770 nmethod 1296 0x0000020a24c0c290 code [0x0000020a24c0c600, 0x0000020a24c0da50]
Event: 2.508 Thread 0x0000020a3633b770 1297       3       java.net.URL::toString (5 bytes)
Event: 2.509 Thread 0x0000020a3633b770 nmethod 1297 0x0000020a24c0e210 code [0x0000020a24c0e3c0, 0x0000020a24c0e5f8]
Event: 2.515 Thread 0x0000020a7880e470 nmethod 1277 0x0000020a2c52d890 code [0x0000020a2c52dac0, 0x0000020a2c52e298]
Event: 2.515 Thread 0x0000020a7880e470 1272       4       java.io.BufferedInputStream::read1 (121 bytes)

GC Heap History (2 events):
Event: 2.196 GC heap before
{Heap before GC invocations=1 (full 0):
 PSYoungGen      total 29696K, used 25600K [0x00000000eab00000, 0x00000000ecc00000, 0x0000000100000000)
  eden space 25600K, 100% used [0x00000000eab00000,0x00000000ec400000,0x00000000ec400000)
  from space 4096K, 0% used [0x00000000ec800000,0x00000000ec800000,0x00000000ecc00000)
  to   space 4096K, 0% used [0x00000000ec400000,0x00000000ec400000,0x00000000ec800000)
 ParOldGen       total 68608K, used 0K [0x00000000c0000000, 0x00000000c4300000, 0x00000000eab00000)
  object space 68608K, 0% used [0x00000000c0000000,0x00000000c0000000,0x00000000c4300000)
 Metaspace       used 4364K, committed 4608K, reserved 1114112K
  class space    used 437K, committed 512K, reserved 1048576K
}
Event: 2.207 GC heap after
{Heap after GC invocations=1 (full 0):
 PSYoungGen      total 29696K, used 3230K [0x00000000eab00000, 0x00000000ecc00000, 0x0000000100000000)
  eden space 25600K, 0% used [0x00000000eab00000,0x00000000eab00000,0x00000000ec400000)
  from space 4096K, 78% used [0x00000000ec400000,0x00000000ec727b10,0x00000000ec800000)
  to   space 4096K, 0% used [0x00000000ec800000,0x00000000ec800000,0x00000000ecc00000)
 ParOldGen       total 68608K, used 16K [0x00000000c0000000, 0x00000000c4300000, 0x00000000eab00000)
  object space 68608K, 0% used [0x00000000c0000000,0x00000000c0004000,0x00000000c4300000)
 Metaspace       used 4364K, committed 4608K, reserved 1114112K
  class space    used 437K, committed 512K, reserved 1048576K
}

Dll operation events (8 events):
Event: 0.065 Loaded shared library c:\Users\palak\.vscode\extensions\redhat.java-1.39.0-win32-x64\jre\21.0.5-win32-x86_64\bin\java.dll
Event: 0.409 Loaded shared library c:\Users\palak\.vscode\extensions\redhat.java-1.39.0-win32-x64\jre\21.0.5-win32-x86_64\bin\zip.dll
Event: 0.469 Loaded shared library C:\Users\palak\.vscode\extensions\redhat.java-1.39.0-win32-x64\jre\21.0.5-win32-x86_64\bin\instrument.dll
Event: 0.482 Loaded shared library C:\Users\palak\.vscode\extensions\redhat.java-1.39.0-win32-x64\jre\21.0.5-win32-x86_64\bin\net.dll
Event: 0.490 Loaded shared library C:\Users\palak\.vscode\extensions\redhat.java-1.39.0-win32-x64\jre\21.0.5-win32-x86_64\bin\nio.dll
Event: 0.497 Loaded shared library C:\Users\palak\.vscode\extensions\redhat.java-1.39.0-win32-x64\jre\21.0.5-win32-x86_64\bin\zip.dll
Event: 0.540 Loaded shared library C:\Users\palak\.vscode\extensions\redhat.java-1.39.0-win32-x64\jre\21.0.5-win32-x86_64\bin\jimage.dll
Event: 0.755 Loaded shared library c:\Users\palak\.vscode\extensions\redhat.java-1.39.0-win32-x64\jre\21.0.5-win32-x86_64\bin\verify.dll

Deoptimization events (20 events):
Event: 2.172 Thread 0x0000020a1fd1c600 DEOPT PACKING pc=0x0000020a2c50b368 sp=0x000000e84a2fe800
Event: 2.172 Thread 0x0000020a1fd1c600 DEOPT UNPACKING pc=0x0000020a2bf63aa2 sp=0x000000e84a2fe698 mode 2
Event: 2.173 Thread 0x0000020a1fd1c600 Uncommon trap: trap_request=0xffffff45 fr.pc=0x0000020a2c50c8e8 relative=0x0000000000000308
Event: 2.173 Thread 0x0000020a1fd1c600 Uncommon trap: reason=unstable_if action=reinterpret pc=0x0000020a2c50c8e8 method=java.util.HashMap.hash(Ljava/lang/Object;)I @ 1 c2
Event: 2.173 Thread 0x0000020a1fd1c600 DEOPT PACKING pc=0x0000020a2c50c8e8 sp=0x000000e84a2fe8a0
Event: 2.173 Thread 0x0000020a1fd1c600 DEOPT UNPACKING pc=0x0000020a2bf63aa2 sp=0x000000e84a2fe7a8 mode 2
Event: 2.173 Thread 0x0000020a1fd1c600 Uncommon trap: trap_request=0xffffffde fr.pc=0x0000020a2c4f8c90 relative=0x0000000000000570
Event: 2.173 Thread 0x0000020a1fd1c600 Uncommon trap: reason=class_check action=maybe_recompile pc=0x0000020a2c4f8c90 method=java.util.Collections$UnmodifiableCollection$1.<init>(Ljava/util/Collections$UnmodifiableCollection;)V @ 17 c2
Event: 2.173 Thread 0x0000020a1fd1c600 DEOPT PACKING pc=0x0000020a2c4f8c90 sp=0x000000e84a2fe860
Event: 2.173 Thread 0x0000020a1fd1c600 DEOPT UNPACKING pc=0x0000020a2bf63aa2 sp=0x000000e84a2fe7a8 mode 2
Event: 2.173 Thread 0x0000020a1fd1c600 Uncommon trap: trap_request=0xffffff45 fr.pc=0x0000020a2c511c50 relative=0x00000000000000b0
Event: 2.173 Thread 0x0000020a1fd1c600 Uncommon trap: reason=unstable_if action=reinterpret pc=0x0000020a2c511c50 method=java.util.HashMap.hash(Ljava/lang/Object;)I @ 1 c2
Event: 2.173 Thread 0x0000020a1fd1c600 DEOPT PACKING pc=0x0000020a2c511c50 sp=0x000000e84a2fe700
Event: 2.173 Thread 0x0000020a1fd1c600 DEOPT UNPACKING pc=0x0000020a2bf63aa2 sp=0x000000e84a2fe698 mode 2
Event: 2.509 Thread 0x0000020a1fd1c600 Uncommon trap: trap_request=0xffffff45 fr.pc=0x0000020a2c4faab8 relative=0x0000000000001078
Event: 2.509 Thread 0x0000020a1fd1c600 Uncommon trap: reason=unstable_if action=reinterpret pc=0x0000020a2c4faab8 method=lombok.patcher.PatchScript.classMatches(Ljava/lang/String;Ljava/util/Collection;)Z @ 25 c2
Event: 2.509 Thread 0x0000020a1fd1c600 DEOPT PACKING pc=0x0000020a2c4faab8 sp=0x000000e84a2f8a00
Event: 2.509 Thread 0x0000020a1fd1c600 DEOPT UNPACKING pc=0x0000020a2bf63aa2 sp=0x000000e84a2f8968 mode 2
Event: 2.514 Thread 0x0000020a1fd1c600 DEOPT PACKING pc=0x0000020a24a7bb8d sp=0x000000e84a2f7e10
Event: 2.514 Thread 0x0000020a1fd1c600 DEOPT UNPACKING pc=0x0000020a2bf64242 sp=0x000000e84a2f72c0 mode 0

Classes loaded (20 events):
Event: 2.413 Loading class java/util/AbstractQueue done
Event: 2.413 Loading class java/util/concurrent/SynchronousQueue done
Event: 2.414 Loading class java/util/concurrent/SynchronousQueue$Transferer
Event: 2.414 Loading class java/util/concurrent/LinkedTransferQueue
Event: 2.414 Loading class java/util/concurrent/TransferQueue
Event: 2.415 Loading class java/util/concurrent/TransferQueue done
Event: 2.415 Loading class java/util/concurrent/LinkedTransferQueue done
Event: 2.415 Loading class java/util/concurrent/SynchronousQueue$Transferer done
Event: 2.415 Loading class java/util/concurrent/LinkedTransferQueue$DualNode
Event: 2.415 Loading class java/util/concurrent/LinkedTransferQueue$DualNode done
Event: 2.416 Loading class java/util/concurrent/RejectedExecutionHandler
Event: 2.416 Loading class java/util/concurrent/RejectedExecutionHandler done
Event: 2.417 Loading class java/util/concurrent/LinkedBlockingQueue
Event: 2.417 Loading class java/util/concurrent/LinkedBlockingQueue done
Event: 2.417 Loading class java/util/concurrent/LinkedBlockingQueue$Node
Event: 2.417 Loading class java/util/concurrent/LinkedBlockingQueue$Node done
Event: 2.437 Loading class java/util/concurrent/Semaphore$NonfairSync
Event: 2.437 Loading class java/util/concurrent/Semaphore$Sync
Event: 2.437 Loading class java/util/concurrent/Semaphore$Sync done
Event: 2.437 Loading class java/util/concurrent/Semaphore$NonfairSync done

Classes unloaded (0 events):
No events

Classes redefined (0 events):
No events

Internal exceptions (20 events):
Event: 1.963 Thread 0x0000020a1fd1c600 Exception <a 'java/lang/NoSuchMethodError'{0x00000000ebe68ff8}: 'java.lang.ClassLoader java.lang.ClassLoader.getPlatformClassLoader(java.lang.Class)'> (0x00000000ebe68ff8) 
thrown [s\src\hotspot\share\interpreter\linkResolver.cpp, line 773]
Event: 2.080 Thread 0x0000020a1fd1c600 Exception <a 'java/lang/ClassNotFoundException'{0x00000000ec268e58}: sun/net/www/protocol/c/Handler> (0x00000000ec268e58) 
thrown [s\src\hotspot\share\classfile\systemDictionary.cpp, line 312]
Event: 2.081 Thread 0x0000020a1fd1c600 Exception <a 'java/lang/ClassNotFoundException'{0x00000000ec26a1d0}: sun/net/www/protocol/c/Handler> (0x00000000ec26a1d0) 
thrown [s\src\hotspot\share\classfile\systemDictionary.cpp, line 312]
Event: 2.081 Thread 0x0000020a1fd1c600 Exception <a 'java/lang/ClassNotFoundException'{0x00000000ec26b370}: sun/net/www/protocol/c/Handler> (0x00000000ec26b370) 
thrown [s\src\hotspot\share\classfile\systemDictionary.cpp, line 312]
Event: 2.099 Thread 0x0000020a1fd1c600 Exception <a 'java/io/FileNotFoundException'{0x00000000ec28f590}> (0x00000000ec28f590) 
thrown [s\src\hotspot\share\prims\jni.cpp, line 520]
Event: 2.172 Thread 0x0000020a1fd1c600 Implicit null exception at 0x0000020a2c513bc9 to 0x0000020a2c514670
Event: 2.172 Thread 0x0000020a1fd1c600 Implicit null exception at 0x0000020a2c50b0ba to 0x0000020a2c50b350
Event: 2.173 Thread 0x0000020a1fd1c600 Implicit null exception at 0x0000020a2c50c63c to 0x0000020a2c50c8d0
Event: 2.173 Thread 0x0000020a1fd1c600 Implicit null exception at 0x0000020a2c511bbd to 0x0000020a2c511c41
Event: 2.272 Thread 0x0000020a1fd1c600 Exception <a 'java/lang/NoSuchMethodError'{0x00000000eace4eb0}: 'long java.lang.invoke.DirectMethodHandle$Holder.invokeStatic(java.lang.Object, java.lang.Object, int)'> (0x00000000eace4eb0) 
thrown [s\src\hotspot\share\interpreter\linkResolver.cpp, line 773]
Event: 2.274 Thread 0x0000020a1fd1c600 Exception <a 'java/lang/NoSuchMethodError'{0x00000000eaceca18}: 'java.lang.Object java.lang.invoke.DirectMethodHandle$Holder.invokeSpecial(java.lang.Object, java.lang.Object, java.lang.Object, java.lang.Object, long)'> (0x00000000eaceca18) 
thrown [s\src\hotspot\share\interpreter\linkResolver.cpp, line 773]
Event: 2.276 Thread 0x0000020a1fd1c600 Exception <a 'java/lang/NoSuchMethodError'{0x00000000eacfa998}: 'java.lang.Object java.lang.invoke.DirectMethodHandle$Holder.invokeSpecial(java.lang.Object, java.lang.Object, java.lang.Object, int, java.lang.Object)'> (0x00000000eacfa998) 
thrown [s\src\hotspot\share\interpreter\linkResolver.cpp, line 773]
Event: 2.283 Thread 0x0000020a1fd1c600 Exception <a 'java/lang/NoSuchMethodError'{0x00000000ead143d0}: 'java.lang.Object java.lang.invoke.Invokers$Holder.invokeExact_MT(java.lang.Object, java.lang.Object, java.lang.Object, java.lang.Object, java.lang.Object, java.lang.Object)'> (0x00000000ead143d0) 
thrown [s\src\hotspot\share\interpreter\linkResolver.cpp, line 773]
Event: 2.289 Thread 0x0000020a1fd1c600 Exception <a 'java/lang/NoSuchMethodError'{0x00000000ead2db48}: 'int java.lang.invoke.DirectMethodHandle$Holder.invokeStaticInit(java.lang.Object, java.lang.Object, java.lang.Object, java.lang.Object)'> (0x00000000ead2db48) 
thrown [s\src\hotspot\share\interpreter\linkResolver.cpp, line 773]
Event: 2.291 Thread 0x0000020a1fd1c600 Exception <a 'java/lang/NoSuchMethodError'{0x00000000ead36598}: 'java.lang.Object java.lang.invoke.DirectMethodHandle$Holder.invokeInterface(java.lang.Object, java.lang.Object)'> (0x00000000ead36598) 
thrown [s\src\hotspot\share\interpreter\linkResolver.cpp, line 773]
Event: 2.292 Thread 0x0000020a1fd1c600 Exception <a 'java/lang/IncompatibleClassChangeError'{0x00000000ead39ad0}: Found class java.lang.Object, but interface was expected> (0x00000000ead39ad0) 
thrown [s\src\hotspot\share\interpreter\linkResolver.cpp, line 840]
Event: 2.293 Thread 0x0000020a1fd1c600 Exception <a 'java/lang/NoSuchMethodError'{0x00000000ead3dc88}: 'void java.lang.invoke.DirectMethodHandle$Holder.invokeStatic(java.lang.Object, java.lang.Object)'> (0x00000000ead3dc88) 
thrown [s\src\hotspot\share\interpreter\linkResolver.cpp, line 773]
Event: 2.293 Thread 0x0000020a1fd1c600 Exception <a 'java/lang/NoSuchMethodError'{0x00000000ead41030}: 'void java.lang.invoke.DirectMethodHandle$Holder.invokeStaticInit(java.lang.Object, java.lang.Object)'> (0x00000000ead41030) 
thrown [s\src\hotspot\share\interpreter\linkResolver.cpp, line 773]
Event: 2.296 Thread 0x0000020a1fd1c600 Exception <a 'java/lang/NoSuchMethodError'{0x00000000ead48050}: 'int java.lang.invoke.DirectMethodHandle$Holder.invokeStaticInit(java.lang.Object, java.lang.Object)'> (0x00000000ead48050) 
thrown [s\src\hotspot\share\interpreter\linkResolver.cpp, line 773]
Event: 2.376 Thread 0x0000020a1fd1c600 Exception <a 'java/lang/NoSuchMethodError'{0x00000000eae84ae8}: 'void java.lang.invoke.DirectMethodHandle$Holder.invokeSpecial(java.lang.Object, java.lang.Object, java.lang.Object)'> (0x00000000eae84ae8) 
thrown [s\src\hotspot\share\interpreter\linkResolver.cpp, line 773]

ZGC Phase Switch (0 events):
No events

VM Operations (14 events):
Event: 0.395 Executing VM operation: HandshakeAllThreads (Deoptimize)
Event: 0.395 Executing VM operation: HandshakeAllThreads (Deoptimize) done
Event: 0.616 Executing VM operation: HandshakeAllThreads (Deoptimize)
Event: 0.616 Executing VM operation: HandshakeAllThreads (Deoptimize) done
Event: 1.400 Executing VM operation: HandshakeAllThreads (Deoptimize)
Event: 1.400 Executing VM operation: HandshakeAllThreads (Deoptimize) done
Event: 1.400 Executing VM operation: Cleanup
Event: 1.400 Executing VM operation: Cleanup done
Event: 1.647 Executing VM operation: HandshakeAllThreads (Deoptimize)
Event: 1.647 Executing VM operation: HandshakeAllThreads (Deoptimize) done
Event: 2.045 Executing VM operation: HandshakeAllThreads (Deoptimize)
Event: 2.045 Executing VM operation: HandshakeAllThreads (Deoptimize) done
Event: 2.196 Executing VM operation: ParallelGCFailedAllocation (Allocation Failure)
Event: 2.208 Executing VM operation: ParallelGCFailedAllocation (Allocation Failure) done

Memory protections (0 events):
No events

Nmethod flushes (0 events):
No events

Events (14 events):
Event: 0.123 Thread 0x0000020a1fd1c600 Thread added: 0x0000020a1fd1c600
Event: 0.165 Thread 0x0000020a1fd1c600 Thread added: 0x0000020a362c85f0
Event: 0.168 Thread 0x0000020a1fd1c600 Thread added: 0x0000020a362cd490
Event: 0.172 Thread 0x0000020a1fd1c600 Thread added: 0x0000020a362d03f0
Event: 0.176 Thread 0x0000020a1fd1c600 Thread added: 0x0000020a362d1040
Event: 0.182 Thread 0x0000020a1fd1c600 Thread added: 0x0000020a362d5130
Event: 0.192 Thread 0x0000020a1fd1c600 Thread added: 0x0000020a362d90f0
Event: 0.231 Thread 0x0000020a1fd1c600 Thread added: 0x0000020a362debe0
Event: 0.277 Thread 0x0000020a1fd1c600 Thread added: 0x0000020a3633b770
Event: 0.374 Thread 0x0000020a1fd1c600 Thread added: 0x0000020a78292740
Event: 0.746 Thread 0x0000020a362debe0 Thread added: 0x0000020a783ed7a0
Event: 0.990 Thread 0x0000020a1fd1c600 Thread added: 0x0000020a7850ac90
Event: 1.807 Thread 0x0000020a783ed7a0 Thread exited: 0x0000020a783ed7a0
Event: 2.003 Thread 0x0000020a3633b770 Thread added: 0x0000020a7880e470


Dynamic libraries:
0x00007ff687db0000 - 0x00007ff687dbe000 	c:\Users\palak\.vscode\extensions\redhat.java-1.39.0-win32-x64\jre\21.0.5-win32-x86_64\bin\java.exe
0x00007ffea5580000 - 0x00007ffea57e3000 	C:\WINDOWS\SYSTEM32\ntdll.dll
0x00007ffea4b60000 - 0x00007ffea4c27000 	C:\WINDOWS\System32\KERNEL32.DLL
0x00007ffea2df0000 - 0x00007ffea31b7000 	C:\WINDOWS\System32\KERNELBASE.dll
0x00007ffea2920000 - 0x00007ffea2a6c000 	C:\WINDOWS\System32\ucrtbase.dll
0x00007ffe81fb0000 - 0x00007ffe81fc8000 	c:\Users\palak\.vscode\extensions\redhat.java-1.39.0-win32-x64\jre\21.0.5-win32-x86_64\bin\jli.dll
0x00007ffea4880000 - 0x00007ffea4a49000 	C:\WINDOWS\System32\USER32.dll
0x00007ffea31c0000 - 0x00007ffea31e7000 	C:\WINDOWS\System32\win32u.dll
0x00007ffea5410000 - 0x00007ffea543a000 	C:\WINDOWS\System32\GDI32.dll
0x00007ffea31f0000 - 0x00007ffea331b000 	C:\WINDOWS\System32\gdi32full.dll
0x00007ffea2b30000 - 0x00007ffea2bd3000 	C:\WINDOWS\System32\msvcp_win.dll
0x00007ffe83220000 - 0x00007ffe834b0000 	C:\WINDOWS\WinSxS\amd64_microsoft.windows.common-controls_6595b64144ccf1df_6.0.26100.3037_none_3e09262ce333c378\COMCTL32.dll
0x00007ffea4ab0000 - 0x00007ffea4b59000 	C:\WINDOWS\System32\msvcrt.dll
0x00007ffe67d90000 - 0x00007ffe67dae000 	c:\Users\palak\.vscode\extensions\redhat.java-1.39.0-win32-x64\jre\21.0.5-win32-x86_64\bin\VCRUNTIME140.dll
0x00007ffea3b90000 - 0x00007ffea3bbf000 	C:\WINDOWS\System32\IMM32.DLL
0x00007ffe8da80000 - 0x00007ffe8da8c000 	c:\Users\palak\.vscode\extensions\redhat.java-1.39.0-win32-x64\jre\21.0.5-win32-x86_64\bin\vcruntime140_1.dll
0x00007ffe3b630000 - 0x00007ffe3b6bd000 	c:\Users\palak\.vscode\extensions\redhat.java-1.39.0-win32-x64\jre\21.0.5-win32-x86_64\bin\msvcp140.dll
0x00007ffe367e0000 - 0x00007ffe3756f000 	c:\Users\palak\.vscode\extensions\redhat.java-1.39.0-win32-x64\jre\21.0.5-win32-x86_64\bin\server\jvm.dll
0x00007ffea5350000 - 0x00007ffea5404000 	C:\WINDOWS\System32\ADVAPI32.dll
0x00007ffea5290000 - 0x00007ffea5336000 	C:\WINDOWS\System32\sechost.dll
0x00007ffea4e40000 - 0x00007ffea4f56000 	C:\WINDOWS\System32\RPCRT4.dll
0x00007ffea4c30000 - 0x00007ffea4ca4000 	C:\WINDOWS\System32\WS2_32.dll
0x00007ffea27b0000 - 0x00007ffea27fe000 	C:\WINDOWS\SYSTEM32\POWRPROF.dll
0x00007ffe99a10000 - 0x00007ffe99a46000 	C:\WINDOWS\SYSTEM32\WINMM.dll
0x00007ffe99a50000 - 0x00007ffe99a5b000 	C:\WINDOWS\SYSTEM32\VERSION.dll
0x00007ffea2790000 - 0x00007ffea27a4000 	C:\WINDOWS\SYSTEM32\UMPDC.dll
0x00007ffea1750000 - 0x00007ffea176a000 	C:\WINDOWS\SYSTEM32\kernel.appcore.dll
0x00007ffe86090000 - 0x00007ffe8609a000 	c:\Users\palak\.vscode\extensions\redhat.java-1.39.0-win32-x64\jre\21.0.5-win32-x86_64\bin\jimage.dll
0x00007ffe95d20000 - 0x00007ffe95f61000 	C:\WINDOWS\SYSTEM32\DBGHELP.DLL
0x00007ffea36f0000 - 0x00007ffea3a6e000 	C:\WINDOWS\System32\combase.dll
0x00007ffea4fe0000 - 0x00007ffea50b6000 	C:\WINDOWS\System32\OLEAUT32.dll
0x00007ffe858c0000 - 0x00007ffe858f9000 	C:\WINDOWS\SYSTEM32\dbgcore.DLL
0x00007ffea3320000 - 0x00007ffea33b9000 	C:\WINDOWS\System32\bcryptPrimitives.dll
0x00007ffe7e9b0000 - 0x00007ffe7e9bf000 	c:\Users\palak\.vscode\extensions\redhat.java-1.39.0-win32-x64\jre\21.0.5-win32-x86_64\bin\instrument.dll
0x00007ffe67b10000 - 0x00007ffe67b2f000 	c:\Users\palak\.vscode\extensions\redhat.java-1.39.0-win32-x64\jre\21.0.5-win32-x86_64\bin\java.dll
0x00007ffea3c80000 - 0x00007ffea4384000 	C:\WINDOWS\System32\SHELL32.dll
0x00007ffea0620000 - 0x00007ffea0e57000 	C:\WINDOWS\SYSTEM32\windows.storage.dll
0x00007ffea4d50000 - 0x00007ffea4e39000 	C:\WINDOWS\System32\SHCORE.dll
0x00007ffea4a50000 - 0x00007ffea4aad000 	C:\WINDOWS\System32\shlwapi.dll
0x00007ffea2830000 - 0x00007ffea285e000 	C:\WINDOWS\SYSTEM32\profapi.dll
0x00007ffe60860000 - 0x00007ffe60878000 	c:\Users\palak\.vscode\extensions\redhat.java-1.39.0-win32-x64\jre\21.0.5-win32-x86_64\bin\zip.dll
0x00007ffe8bf10000 - 0x00007ffe8bf20000 	C:\Users\palak\.vscode\extensions\redhat.java-1.39.0-win32-x64\jre\21.0.5-win32-x86_64\bin\net.dll
0x00007ffe9da00000 - 0x00007ffe9db1e000 	C:\WINDOWS\SYSTEM32\WINHTTP.dll
0x00007ffea1c60000 - 0x00007ffea1cca000 	C:\WINDOWS\system32\mswsock.dll
0x00007ffe44060000 - 0x00007ffe44076000 	C:\Users\palak\.vscode\extensions\redhat.java-1.39.0-win32-x64\jre\21.0.5-win32-x86_64\bin\nio.dll
0x00007ffe7a8d0000 - 0x00007ffe7a8e0000 	c:\Users\palak\.vscode\extensions\redhat.java-1.39.0-win32-x64\jre\21.0.5-win32-x86_64\bin\verify.dll

dbghelp: loaded successfully - version: 4.0.5 - missing functions: none
symbol engine: initialized successfully - sym options: 0x614 - pdb path: .;c:\Users\palak\.vscode\extensions\redhat.java-1.39.0-win32-x64\jre\21.0.5-win32-x86_64\bin;C:\WINDOWS\SYSTEM32;C:\WINDOWS\WinSxS\amd64_microsoft.windows.common-controls_6595b64144ccf1df_6.0.26100.3037_none_3e09262ce333c378;c:\Users\palak\.vscode\extensions\redhat.java-1.39.0-win32-x64\jre\21.0.5-win32-x86_64\bin\server

VM Arguments:
jvm_args: --add-modules=ALL-SYSTEM --add-opens=java.base/java.util=ALL-UNNAMED --add-opens=java.base/java.lang=ALL-UNNAMED --add-opens=java.base/sun.nio.fs=ALL-UNNAMED -Declipse.application=org.eclipse.jdt.ls.core.id1 -Dosgi.bundles.defaultStartLevel=4 -Declipse.product=org.eclipse.jdt.ls.core.product -Djava.import.generatesMetadataFilesAtProjectRoot=false -DDetectVMInstallationsJob.disabled=true -Dfile.encoding=utf8 -XX:+UseParallelGC -XX:GCTimeRatio=4 -XX:AdaptiveSizePolicyWeight=90 -Dsun.zip.disableMemoryMapping=true -Xmx1G -Xms100m -Xlog:disable -javaagent:c:\Users\palak\.vscode\extensions\redhat.java-1.39.0-win32-x64\lombok\lombok-1.18.34.jar 
java_command: c:\Users\palak\.vscode\extensions\redhat.java-1.39.0-win32-x64\server\plugins\org.eclipse.equinox.launcher_1.6.900.v20240613-2009.jar -configuration c:\Users\palak\AppData\Roaming\Code\User\globalStorage\redhat.java\1.39.0\config_ss_win -data c:\Users\palak\AppData\Roaming\Code\User\workspaceStorage\ee148990e97456275c543846b0f27411\redhat.java\ss_ws --pipe=\\.\pipe\lsp-63d2e5be2d37648ac963b3295e2d86f4-sock
java_class_path (initial): c:\Users\palak\.vscode\extensions\redhat.java-1.39.0-win32-x64\server\plugins\org.eclipse.equinox.launcher_1.6.900.v20240613-2009.jar
Launcher Type: SUN_STANDARD

[Global flags]
    uintx AdaptiveSizePolicyWeight                 = 90                                        {product} {command line}
     intx CICompilerCount                          = 3                                         {product} {ergonomic}
    uintx GCTimeRatio                              = 4                                         {product} {command line}
   size_t InitialHeapSize                          = 104857600                                 {product} {command line}
   size_t MaxHeapSize                              = 1073741824                                {product} {command line}
   size_t MaxNewSize                               = 357564416                                 {product} {ergonomic}
   size_t MinHeapDeltaBytes                        = 524288                                    {product} {ergonomic}
   size_t MinHeapSize                              = 104857600                                 {product} {command line}
   size_t NewSize                                  = 34603008                                  {product} {ergonomic}
    uintx NonNMethodCodeHeapSize                   = 5832780                                {pd product} {ergonomic}
    uintx NonProfiledCodeHeapSize                  = 122912730                              {pd product} {ergonomic}
   size_t OldSize                                  = 70254592                                  {product} {ergonomic}
    uintx ProfiledCodeHeapSize                     = 122912730                              {pd product} {ergonomic}
    uintx ReservedCodeCacheSize                    = 251658240                              {pd product} {ergonomic}
     bool SegmentedCodeCache                       = true                                      {product} {ergonomic}
   size_t SoftMaxHeapSize                          = 1073741824                             {manageable} {ergonomic}
     bool UseCompressedOops                        = true                           {product lp64_product} {ergonomic}
     bool UseLargePagesIndividualAllocation        = false                                  {pd product} {ergonomic}
     bool UseParallelGC                            = true                                      {product} {command line}

Logging:
Log output configuration:
 #0: stdout all=off uptime,level,tags foldmultilines=false
 #1: stderr all=off uptime,level,tags foldmultilines=false

Environment Variables:
JAVA_HOME=C:\Users\palak\Downloads\java-21-openjdk-21.0.1.0.12-3.win.jdk.x86_64\java-21-openjdk-21.0.1.0.12-3.win.jdk.x86_64
PATH=C:\Program Files (x86)\Common Files\Oracle\Java\java8path;C:\Program Files (x86)\Common Files\Oracle\Java\javapath;C:\WINDOWS\system32;C:\WINDOWS;C:\WINDOWS\System32\Wbem;C:\WINDOWS\System32\WindowsPowerShell\v1.0\;C:\WINDOWS\System32\OpenSSH\;C:\Users\palak\Downloads\java-21-openjdk-21.0.1.0.12-3.win.jdk.x86_64\java-21-openjdk-21.0.1.0.12-3.win.jdk.x86_64\bin;C:\Users\palak\Downloads\apache-maven-3.9.8-bin\bin;c:\users\palak\appdata\local\packages\pythonsoftwarefoundation.python.3.11_qbz5n2kfra8p0\localcache\local-packages\python311\site-packages;C:\ProgramData\chocolatey\bin;C:\Program Files\nodejs\;C:\Users\palak\AppData\Local\Programs\Python\Python312\Scripts;C:\Program Files\Git\cmd;C:\Users\palak\Downloads\flutter_windows_3.27.3-stable\flutter\bin;C:\Users\palak\AppData\Local\Android\Sdk\cmdline-tools\latest\bin;C:\Users\palak\AppData\Local\Android\Sdk\platform-tools;C:\ffmpeg;C:\Program Files\MongoDB\Server\8.0\bin;C:\Users\palak\AppData\Local\Programs\Python\Python313\Scripts\;C:\Users\palak\AppData\Local\Programs\Python\Python313\;C:\Users\palak\AppData\Local\Programs\Python\Python312\Scripts\;C:\Users\palak\AppData\Local\Programs\Python\Python312\;C:\Users\palak\AppData\Local\Programs\Python\Launcher\;C:\Program Files\MySQL\MySQL Shell 8.0\bin\;C:\Users\palak\AppData\Local\Microsoft\WindowsApps;C:\Users\palak\AppData\Local\Programs\Microsoft VS Code\bin;C:\Program Files\JetBrains\IntelliJ IDEA Community Edition 2023.3.3\bin;C:\Users\palak\AppData\Local\JetBrains\CLion 2023.3.4\bin;C:\Program Files\JetBrains\PyCharm 2024.1.2\bin;C:\Program Files\JetBrains\PyCharm Community Edition 2024.1.4\bin;C:\Users\palak\AppData\Local\JetBrains\Toolbox\scripts;C:\Users\palak\AppData\Roaming\npm;C:\Users\palak\AppData\Local\GitHubDesktop\bin;C:\Users\palak\AppData\Local\Microsoft\WindowsApps;
USERNAME=palak
OS=Windows_NT
PROCESSOR_IDENTIFIER=AMD64 Family 23 Model 24 Stepping 1, AuthenticAMD
TMP=C:\Users\palak\AppData\Local\Temp
TEMP=C:\Users\palak\AppData\Local\Temp




Periodic native trim disabled

---------------  S Y S T E M  ---------------

OS:
 Windows 11 , 64 bit Build 26100 (10.0.26100.3037)
OS uptime: 0 days 9:24 hours

CPU: total 4 (initial active 4) (4 cores per cpu, 2 threads per core) family 23 model 24 stepping 1 microcode 0x8108109, cx8, cmov, fxsr, ht, mmx, 3dnowpref, sse, sse2, sse3, ssse3, sse4a, sse4.1, sse4.2, popcnt, lzcnt, tsc, tscinvbit, avx, avx2, aes, clmul, bmi1, bmi2, adx, sha, fma, vzeroupper, clflush, clflushopt, rdtscp, f16c
Processor Information for all 4 processors :
  Max Mhz: 2600, Current Mhz: 2600, Mhz Limit: 2600

Memory: 4k page, system-wide physical 6086M (591M free)
TotalPageFile size 14278M (AvailPageFile size 0M)
current process WorkingSet (physical memory assigned to process): 88M, peak: 88M
current process commit charge ("private bytes"): 193M, peak: 193M

vm_info: OpenJDK 64-Bit Server VM (21.0.5+11-LTS) for windows-amd64 JRE (21.0.5+11-LTS), built on 2024-10-15T00:00:00Z by "admin" with MS VC++ 17.7 (VS2022)

END.
