#
# There is insufficient memory for the Java Runtime Environment to continue.
# Native memory allocation (malloc) failed to allocate 32744 bytes for Chunk::new
# Possible reasons:
#   The system is out of physical RAM or swap space
#   The process is running with CompressedOops enabled, and the Java Heap may be blocking the growth of the native heap
# Possible solutions:
#   Reduce memory load on the system
#   Increase physical memory or swap space
#   Check if swap backing store is full
#   Decrease Java heap size (-Xmx/-Xms)
#   Decrease number of Java threads
#   Decrease Java thread stack sizes (-Xss)
#   Set larger code cache with -XX:ReservedCodeCacheSize=
#   JVM is running with Unscaled Compressed Oops mode in which the Java heap is
#     placed in the first 4GB address space. The Java Heap base address is the
#     maximum limit for the native heap growth. Please use -XX:HeapBaseMinAddress
#     to set the Java Heap base and to place the Java Heap above 4GB virtual address.
# This output file may be truncated or incomplete.
#
#  Out of Memory Error (arena.cpp:168), pid=2244, tid=8656
#
# JRE version: OpenJDK Runtime Environment (Red_Hat-21.0.1.0+12-3) (21.0.1+12) (build 21.0.1+12-LTS)
# Java VM: OpenJDK 64-Bit Server VM (Red_Hat-21.0.1.0+12-3) (21.0.1+12-LTS, mixed mode, sharing, tiered, compressed oops, compressed class ptrs, g1 gc, windows-amd64)
# No core dump will be written. Minidumps are not enabled by default on client versions of Windows
#

---------------  S U M M A R Y ------------

Command Line: -Dclassworlds.conf=C:\Users\palak\Downloads\apache-maven-3.9.8-bin\bin\m2.conf -Dmaven.home=C:\Users\palak\Downloads\apache-maven-3.9.8-bin -Dlibrary.jansi.path=C:\Users\palak\Downloads\apache-maven-3.9.8-bin\lib\jansi-native -Dmaven.multiModuleProjectDirectory=C:\Users\palak\Downloads\demo org.codehaus.plexus.classworlds.launcher.Launcher spring-boot:run

Host: AMD Ryzen 3 3250U with Radeon Graphics         , 4 cores, 5G,  Windows 11 , 64 bit Build 26100 (10.0.26100.3323)
Time: Wed Apr  2 15:22:11 2025 India Standard Time elapsed time: 21.713484 seconds (0d 0h 0m 21s)

---------------  T H R E A D  ---------------

Current thread (0x00000110cd052d70):  JavaThread "C1 CompilerThread0" daemon [_thread_in_native, id=8656, stack(0x0000000e5e600000,0x0000000e5e700000) (1024K)]


Current CompileTask:
C1:  21713  876       3       java.net.URLStreamHandler::parseURL (1124 bytes)

Stack: [0x0000000e5e600000,0x0000000e5e700000]
Native frames: (J=compiled Java code, j=interpreted, Vv=VM code, C=native code)
V  [jvm.dll+0x6c7789]
V  [jvm.dll+0x8a2011]
V  [jvm.dll+0x8a44ae]
V  [jvm.dll+0x8a4b83]
V  [jvm.dll+0x27f936]
V  [jvm.dll+0xc498d]
V  [jvm.dll+0xc4ea3]
V  [jvm.dll+0x197cd2]
V  [jvm.dll+0x199a44]
V  [jvm.dll+0x154653]
V  [jvm.dll+0x153e98]
V  [jvm.dll+0x1540e4]
V  [jvm.dll+0x153516]
V  [jvm.dll+0x1552ed]
V  [jvm.dll+0x256c69]
V  [jvm.dll+0x25523a]
V  [jvm.dll+0x3ecc86]
V  [jvm.dll+0x84af3b]
V  [jvm.dll+0x6c5ebd]
C  [ucrtbase.dll+0x37b0]
C  [KERNEL32.DLL+0x2e8d7]
C  [ntdll.dll+0xbbf6c]


---------------  P R O C E S S  ---------------

Threads class SMR info:
_java_thread_list=0x00000110cd3ff250, length=12, elements={
0x00000110b0f9f7b0, 0x00000110cd03b6e0, 0x00000110cd03cdb0, 0x00000110cd043ee0,
0x00000110cd0457d0, 0x00000110cd046da0, 0x00000110cd048c40, 0x00000110cd050320,
0x00000110cd052d70, 0x00000110cd2a3ce0, 0x00000110cd2a8530, 0x00000110cd3f5750
}

Java Threads: ( => current thread )
  0x00000110b0f9f7b0 JavaThread "main"                              [_thread_blocked, id=14544, stack(0x0000000e5d700000,0x0000000e5d800000) (1024K)]
  0x00000110cd03b6e0 JavaThread "Reference Handler"          daemon [_thread_blocked, id=16464, stack(0x0000000e5df00000,0x0000000e5e000000) (1024K)]
  0x00000110cd03cdb0 JavaThread "Finalizer"                  daemon [_thread_blocked, id=9052, stack(0x0000000e5e000000,0x0000000e5e100000) (1024K)]
  0x00000110cd043ee0 JavaThread "Signal Dispatcher"          daemon [_thread_blocked, id=15488, stack(0x0000000e5e100000,0x0000000e5e200000) (1024K)]
  0x00000110cd0457d0 JavaThread "Attach Listener"            daemon [_thread_blocked, id=15396, stack(0x0000000e5e200000,0x0000000e5e300000) (1024K)]
  0x00000110cd046da0 JavaThread "Service Thread"             daemon [_thread_blocked, id=7392, stack(0x0000000e5e300000,0x0000000e5e400000) (1024K)]
  0x00000110cd048c40 JavaThread "Monitor Deflation Thread"   daemon [_thread_blocked, id=7428, stack(0x0000000e5e400000,0x0000000e5e500000) (1024K)]
  0x00000110cd050320 JavaThread "C2 CompilerThread0"         daemon [_thread_blocked, id=3820, stack(0x0000000e5e500000,0x0000000e5e600000) (1024K)]
=>0x00000110cd052d70 JavaThread "C1 CompilerThread0"         daemon [_thread_in_native, id=8656, stack(0x0000000e5e600000,0x0000000e5e700000) (1024K)]
  0x00000110cd2a3ce0 JavaThread "Notification Thread"        daemon [_thread_blocked, id=10700, stack(0x0000000e5e700000,0x0000000e5e800000) (1024K)]
  0x00000110cd2a8530 JavaThread "Common-Cleaner"             daemon [_thread_blocked, id=3756, stack(0x0000000e5e800000,0x0000000e5e900000) (1024K)]
  0x00000110cd3f5750 JavaThread "cleanup"                    daemon [_thread_in_native, id=5856, stack(0x0000000e5e900000,0x0000000e5ea00000) (1024K)]
Total: 12

Other Threads:
  0x00000110cd016b40 VMThread "VM Thread"                           [id=9476, stack(0x0000000e5de00000,0x0000000e5df00000) (1024K)]
  0x00000110ccffed90 WatcherThread "VM Periodic Task Thread"        [id=3924, stack(0x0000000e5dd00000,0x0000000e5de00000) (1024K)]
  0x00000110b0fe2330 WorkerThread "GC Thread#0"                     [id=12572, stack(0x0000000e5d800000,0x0000000e5d900000) (1024K)]
  0x00000110cd7a4d10 WorkerThread "GC Thread#1"                     [id=14852, stack(0x0000000000000000,0x0000000000000000) (0B)]
  0x00000110b0fef150 ConcurrentGCThread "G1 Main Marker"            [id=16080, stack(0x0000000e5d900000,0x0000000e5da00000) (1024K)]
  0x00000110b0ff0ad0 WorkerThread "G1 Conc#0"                       [id=4572, stack(0x0000000e5da00000,0x0000000e5db00000) (1024K)]
  0x00000110b105cca0 ConcurrentGCThread "G1 Refine#0"               [id=14060, stack(0x0000000e5db00000,0x0000000e5dc00000) (1024K)]
  0x00000110cced1090 ConcurrentGCThread "G1 Service"                [id=148, stack(0x0000000e5dc00000,0x0000000e5dd00000) (1024K)]
Total: 8

Threads with active compile tasks:
C1 CompilerThread0    21760  876       3       java.net.URLStreamHandler::parseURL (1124 bytes)
Total: 1

VM state: at safepoint (normal execution)

VM Mutex/Monitor currently owned by a thread:  ([mutex/lock_event])
[0x00007ffe49751a28] Threads_lock - owner thread: 0x00000110cd016b40
[0x00007ffe49751b28] Heap_lock - owner thread: 0x00000110b0f9f7b0

Heap address: 0x00000000a0e00000, size: 1522 MB, Compressed Oops mode: 32-bit

CDS archive(s) mapped at: [0x00000110ce000000-0x00000110cec90000-0x00000110cec90000), size 13172736, SharedBaseAddress: 0x00000110ce000000, ArchiveRelocationMode: 1.
Compressed class space mapped at: 0x00000110cf000000-0x000001110f000000, reserved size: 1073741824
Narrow klass base: 0x00000110ce000000, Narrow klass shift: 0, Narrow klass range: 0x100000000

GC Precious Log:
 CardTable entry size: 512
 Card Set container configuration: InlinePtr #cards 5 size 8 Array Of Cards #cards 12 size 40 Howl #buckets 4 coarsen threshold 1843 Howl Bitmap #cards 512 size 80 coarsen threshold 460 Card regions per heap region 1 cards per card region 2048
 CPUs: 4 total, 4 available
 Memory: 6086M
 Large Page Support: Disabled
 NUMA Support: Disabled
 Compressed Oops: Enabled (32-bit)
 Heap Region Size: 1M
 Heap Min Capacity: 8M
 Heap Initial Capacity: 96M
 Heap Max Capacity: 1522M
 Pre-touch: Disabled
 Parallel Workers: 4
 Concurrent Workers: 1
 Concurrent Refinement Workers: 4
 Periodic GC: Disabled

Heap:
 garbage-first heap   total 98304K, used 13312K [0x00000000a0e00000, 0x0000000100000000)
  region size 1024K, 15 young (15360K), 2 survivors (2048K)
 Metaspace       used 3850K, committed 4032K, reserved 1114112K
  class space    used 402K, committed 512K, reserved 1048576K

Heap Regions: E=young(eden), S=young(survivor), O=old, HS=humongous(starts), HC=humongous(continues), CS=collection set, F=free, TAMS=top-at-mark-start, PB=parsable bottom
|   0|0x00000000a0e00000, 0x00000000a0f00000, 0x00000000a0f00000|100%| O|  |TAMS 0x00000000a0e00000| PB 0x00000000a0e00000| Untracked 
|   1|0x00000000a0f00000, 0x00000000a0f20000, 0x00000000a1000000| 12%| O|  |TAMS 0x00000000a0f00000| PB 0x00000000a0f00000| Untracked 
|   2|0x00000000a1000000, 0x00000000a1000000, 0x00000000a1100000|  0%| F|  |TAMS 0x00000000a1000000| PB 0x00000000a1000000| Untracked 
|   3|0x00000000a1100000, 0x00000000a1100000, 0x00000000a1200000|  0%| F|  |TAMS 0x00000000a1100000| PB 0x00000000a1100000| Untracked 
|   4|0x00000000a1200000, 0x00000000a1200000, 0x00000000a1300000|  0%| F|  |TAMS 0x00000000a1200000| PB 0x00000000a1200000| Untracked 
|   5|0x00000000a1300000, 0x00000000a1300000, 0x00000000a1400000|  0%| F|  |TAMS 0x00000000a1300000| PB 0x00000000a1300000| Untracked 
|   6|0x00000000a1400000, 0x00000000a1400000, 0x00000000a1500000|  0%| F|  |TAMS 0x00000000a1400000| PB 0x00000000a1400000| Untracked 
|   7|0x00000000a1500000, 0x00000000a1500000, 0x00000000a1600000|  0%| F|  |TAMS 0x00000000a1500000| PB 0x00000000a1500000| Untracked 
|   8|0x00000000a1600000, 0x00000000a1600000, 0x00000000a1700000|  0%| F|  |TAMS 0x00000000a1600000| PB 0x00000000a1600000| Untracked 
|   9|0x00000000a1700000, 0x00000000a1700000, 0x00000000a1800000|  0%| F|  |TAMS 0x00000000a1700000| PB 0x00000000a1700000| Untracked 
|  10|0x00000000a1800000, 0x00000000a1800000, 0x00000000a1900000|  0%| F|  |TAMS 0x00000000a1800000| PB 0x00000000a1800000| Untracked 
|  11|0x00000000a1900000, 0x00000000a1900000, 0x00000000a1a00000|  0%| F|  |TAMS 0x00000000a1900000| PB 0x00000000a1900000| Untracked 
|  12|0x00000000a1a00000, 0x00000000a1a00000, 0x00000000a1b00000|  0%| F|  |TAMS 0x00000000a1a00000| PB 0x00000000a1a00000| Untracked 
|  13|0x00000000a1b00000, 0x00000000a1b00000, 0x00000000a1c00000|  0%| F|  |TAMS 0x00000000a1b00000| PB 0x00000000a1b00000| Untracked 
|  14|0x00000000a1c00000, 0x00000000a1c00000, 0x00000000a1d00000|  0%| F|  |TAMS 0x00000000a1c00000| PB 0x00000000a1c00000| Untracked 
|  15|0x00000000a1d00000, 0x00000000a1d00000, 0x00000000a1e00000|  0%| F|  |TAMS 0x00000000a1d00000| PB 0x00000000a1d00000| Untracked 
|  16|0x00000000a1e00000, 0x00000000a1e00000, 0x00000000a1f00000|  0%| F|  |TAMS 0x00000000a1e00000| PB 0x00000000a1e00000| Untracked 
|  17|0x00000000a1f00000, 0x00000000a1f00000, 0x00000000a2000000|  0%| F|  |TAMS 0x00000000a1f00000| PB 0x00000000a1f00000| Untracked 
|  18|0x00000000a2000000, 0x00000000a2000000, 0x00000000a2100000|  0%| F|  |TAMS 0x00000000a2000000| PB 0x00000000a2000000| Untracked 
|  19|0x00000000a2100000, 0x00000000a2100000, 0x00000000a2200000|  0%| F|  |TAMS 0x00000000a2100000| PB 0x00000000a2100000| Untracked 
|  20|0x00000000a2200000, 0x00000000a2200000, 0x00000000a2300000|  0%| F|  |TAMS 0x00000000a2200000| PB 0x00000000a2200000| Untracked 
|  21|0x00000000a2300000, 0x00000000a2300000, 0x00000000a2400000|  0%| F|  |TAMS 0x00000000a2300000| PB 0x00000000a2300000| Untracked 
|  22|0x00000000a2400000, 0x00000000a2400000, 0x00000000a2500000|  0%| F|  |TAMS 0x00000000a2400000| PB 0x00000000a2400000| Untracked 
|  23|0x00000000a2500000, 0x00000000a2500000, 0x00000000a2600000|  0%| F|  |TAMS 0x00000000a2500000| PB 0x00000000a2500000| Untracked 
|  24|0x00000000a2600000, 0x00000000a2600000, 0x00000000a2700000|  0%| F|  |TAMS 0x00000000a2600000| PB 0x00000000a2600000| Untracked 
|  25|0x00000000a2700000, 0x00000000a2700000, 0x00000000a2800000|  0%| F|  |TAMS 0x00000000a2700000| PB 0x00000000a2700000| Untracked 
|  26|0x00000000a2800000, 0x00000000a2800000, 0x00000000a2900000|  0%| F|  |TAMS 0x00000000a2800000| PB 0x00000000a2800000| Untracked 
|  27|0x00000000a2900000, 0x00000000a2900000, 0x00000000a2a00000|  0%| F|  |TAMS 0x00000000a2900000| PB 0x00000000a2900000| Untracked 
|  28|0x00000000a2a00000, 0x00000000a2a00000, 0x00000000a2b00000|  0%| F|  |TAMS 0x00000000a2a00000| PB 0x00000000a2a00000| Untracked 
|  29|0x00000000a2b00000, 0x00000000a2b00000, 0x00000000a2c00000|  0%| F|  |TAMS 0x00000000a2b00000| PB 0x00000000a2b00000| Untracked 
|  30|0x00000000a2c00000, 0x00000000a2c00000, 0x00000000a2d00000|  0%| F|  |TAMS 0x00000000a2c00000| PB 0x00000000a2c00000| Untracked 
|  31|0x00000000a2d00000, 0x00000000a2d00000, 0x00000000a2e00000|  0%| F|  |TAMS 0x00000000a2d00000| PB 0x00000000a2d00000| Untracked 
|  32|0x00000000a2e00000, 0x00000000a2e00000, 0x00000000a2f00000|  0%| F|  |TAMS 0x00000000a2e00000| PB 0x00000000a2e00000| Untracked 
|  33|0x00000000a2f00000, 0x00000000a2f00000, 0x00000000a3000000|  0%| F|  |TAMS 0x00000000a2f00000| PB 0x00000000a2f00000| Untracked 
|  34|0x00000000a3000000, 0x00000000a3000000, 0x00000000a3100000|  0%| F|  |TAMS 0x00000000a3000000| PB 0x00000000a3000000| Untracked 
|  35|0x00000000a3100000, 0x00000000a3100000, 0x00000000a3200000|  0%| F|  |TAMS 0x00000000a3100000| PB 0x00000000a3100000| Untracked 
|  36|0x00000000a3200000, 0x00000000a3200000, 0x00000000a3300000|  0%| F|  |TAMS 0x00000000a3200000| PB 0x00000000a3200000| Untracked 
|  37|0x00000000a3300000, 0x00000000a3300000, 0x00000000a3400000|  0%| F|  |TAMS 0x00000000a3300000| PB 0x00000000a3300000| Untracked 
|  38|0x00000000a3400000, 0x00000000a3400000, 0x00000000a3500000|  0%| F|  |TAMS 0x00000000a3400000| PB 0x00000000a3400000| Untracked 
|  39|0x00000000a3500000, 0x00000000a3500000, 0x00000000a3600000|  0%| F|  |TAMS 0x00000000a3500000| PB 0x00000000a3500000| Untracked 
|  40|0x00000000a3600000, 0x00000000a3600000, 0x00000000a3700000|  0%| F|  |TAMS 0x00000000a3600000| PB 0x00000000a3600000| Untracked 
|  41|0x00000000a3700000, 0x00000000a3700000, 0x00000000a3800000|  0%| F|  |TAMS 0x00000000a3700000| PB 0x00000000a3700000| Untracked 
|  42|0x00000000a3800000, 0x00000000a3800000, 0x00000000a3900000|  0%| F|  |TAMS 0x00000000a3800000| PB 0x00000000a3800000| Untracked 
|  43|0x00000000a3900000, 0x00000000a3900000, 0x00000000a3a00000|  0%| F|  |TAMS 0x00000000a3900000| PB 0x00000000a3900000| Untracked 
|  44|0x00000000a3a00000, 0x00000000a3a00000, 0x00000000a3b00000|  0%| F|  |TAMS 0x00000000a3a00000| PB 0x00000000a3a00000| Untracked 
|  45|0x00000000a3b00000, 0x00000000a3b00000, 0x00000000a3c00000|  0%| F|  |TAMS 0x00000000a3b00000| PB 0x00000000a3b00000| Untracked 
|  46|0x00000000a3c00000, 0x00000000a3c00000, 0x00000000a3d00000|  0%| F|  |TAMS 0x00000000a3c00000| PB 0x00000000a3c00000| Untracked 
|  47|0x00000000a3d00000, 0x00000000a3d00000, 0x00000000a3e00000|  0%| F|  |TAMS 0x00000000a3d00000| PB 0x00000000a3d00000| Untracked 
|  48|0x00000000a3e00000, 0x00000000a3e00000, 0x00000000a3f00000|  0%| F|  |TAMS 0x00000000a3e00000| PB 0x00000000a3e00000| Untracked 
|  49|0x00000000a3f00000, 0x00000000a3f00000, 0x00000000a4000000|  0%| F|  |TAMS 0x00000000a3f00000| PB 0x00000000a3f00000| Untracked 
|  50|0x00000000a4000000, 0x00000000a4000000, 0x00000000a4100000|  0%| F|  |TAMS 0x00000000a4000000| PB 0x00000000a4000000| Untracked 
|  51|0x00000000a4100000, 0x00000000a4100000, 0x00000000a4200000|  0%| F|  |TAMS 0x00000000a4100000| PB 0x00000000a4100000| Untracked 
|  52|0x00000000a4200000, 0x00000000a4200000, 0x00000000a4300000|  0%| F|  |TAMS 0x00000000a4200000| PB 0x00000000a4200000| Untracked 
|  53|0x00000000a4300000, 0x00000000a4300000, 0x00000000a4400000|  0%| F|  |TAMS 0x00000000a4300000| PB 0x00000000a4300000| Untracked 
|  54|0x00000000a4400000, 0x00000000a4400000, 0x00000000a4500000|  0%| F|  |TAMS 0x00000000a4400000| PB 0x00000000a4400000| Untracked 
|  55|0x00000000a4500000, 0x00000000a4500000, 0x00000000a4600000|  0%| F|  |TAMS 0x00000000a4500000| PB 0x00000000a4500000| Untracked 
|  56|0x00000000a4600000, 0x00000000a4600000, 0x00000000a4700000|  0%| F|  |TAMS 0x00000000a4600000| PB 0x00000000a4600000| Untracked 
|  57|0x00000000a4700000, 0x00000000a4700000, 0x00000000a4800000|  0%| F|  |TAMS 0x00000000a4700000| PB 0x00000000a4700000| Untracked 
|  58|0x00000000a4800000, 0x00000000a4800000, 0x00000000a4900000|  0%| F|  |TAMS 0x00000000a4800000| PB 0x00000000a4800000| Untracked 
|  59|0x00000000a4900000, 0x00000000a4900000, 0x00000000a4a00000|  0%| F|  |TAMS 0x00000000a4900000| PB 0x00000000a4900000| Untracked 
|  60|0x00000000a4a00000, 0x00000000a4a00000, 0x00000000a4b00000|  0%| F|  |TAMS 0x00000000a4a00000| PB 0x00000000a4a00000| Untracked 
|  61|0x00000000a4b00000, 0x00000000a4b00000, 0x00000000a4c00000|  0%| F|  |TAMS 0x00000000a4b00000| PB 0x00000000a4b00000| Untracked 
|  62|0x00000000a4c00000, 0x00000000a4c00000, 0x00000000a4d00000|  0%| F|  |TAMS 0x00000000a4c00000| PB 0x00000000a4c00000| Untracked 
|  63|0x00000000a4d00000, 0x00000000a4d00000, 0x00000000a4e00000|  0%| F|  |TAMS 0x00000000a4d00000| PB 0x00000000a4d00000| Untracked 
|  64|0x00000000a4e00000, 0x00000000a4e00000, 0x00000000a4f00000|  0%| F|  |TAMS 0x00000000a4e00000| PB 0x00000000a4e00000| Untracked 
|  65|0x00000000a4f00000, 0x00000000a4f00000, 0x00000000a5000000|  0%| F|  |TAMS 0x00000000a4f00000| PB 0x00000000a4f00000| Untracked 
|  66|0x00000000a5000000, 0x00000000a5000000, 0x00000000a5100000|  0%| F|  |TAMS 0x00000000a5000000| PB 0x00000000a5000000| Untracked 
|  67|0x00000000a5100000, 0x00000000a5100000, 0x00000000a5200000|  0%| F|  |TAMS 0x00000000a5100000| PB 0x00000000a5100000| Untracked 
|  68|0x00000000a5200000, 0x00000000a5200000, 0x00000000a5300000|  0%| F|  |TAMS 0x00000000a5200000| PB 0x00000000a5200000| Untracked 
|  69|0x00000000a5300000, 0x00000000a5300000, 0x00000000a5400000|  0%| F|  |TAMS 0x00000000a5300000| PB 0x00000000a5300000| Untracked 
|  70|0x00000000a5400000, 0x00000000a5400000, 0x00000000a5500000|  0%| F|  |TAMS 0x00000000a5400000| PB 0x00000000a5400000| Untracked 
|  71|0x00000000a5500000, 0x00000000a5500000, 0x00000000a5600000|  0%| F|  |TAMS 0x00000000a5500000| PB 0x00000000a5500000| Untracked 
|  72|0x00000000a5600000, 0x00000000a5600000, 0x00000000a5700000|  0%| F|  |TAMS 0x00000000a5600000| PB 0x00000000a5600000| Untracked 
|  73|0x00000000a5700000, 0x00000000a5700000, 0x00000000a5800000|  0%| F|  |TAMS 0x00000000a5700000| PB 0x00000000a5700000| Untracked 
|  74|0x00000000a5800000, 0x00000000a5800000, 0x00000000a5900000|  0%| F|  |TAMS 0x00000000a5800000| PB 0x00000000a5800000| Untracked 
|  75|0x00000000a5900000, 0x00000000a5900000, 0x00000000a5a00000|  0%| F|  |TAMS 0x00000000a5900000| PB 0x00000000a5900000| Untracked 
|  76|0x00000000a5a00000, 0x00000000a5a00000, 0x00000000a5b00000|  0%| F|  |TAMS 0x00000000a5a00000| PB 0x00000000a5a00000| Untracked 
|  77|0x00000000a5b00000, 0x00000000a5b00000, 0x00000000a5c00000|  0%| F|  |TAMS 0x00000000a5b00000| PB 0x00000000a5b00000| Untracked 
|  78|0x00000000a5c00000, 0x00000000a5c00000, 0x00000000a5d00000|  0%| F|  |TAMS 0x00000000a5c00000| PB 0x00000000a5c00000| Untracked 
|  79|0x00000000a5d00000, 0x00000000a5d00000, 0x00000000a5e00000|  0%| F|  |TAMS 0x00000000a5d00000| PB 0x00000000a5d00000| Untracked 
|  80|0x00000000a5e00000, 0x00000000a5e00000, 0x00000000a5f00000|  0%| F|  |TAMS 0x00000000a5e00000| PB 0x00000000a5e00000| Untracked 
|  81|0x00000000a5f00000, 0x00000000a6000000, 0x00000000a6000000|100%| S|  |TAMS 0x00000000a5f00000| PB 0x00000000a5f00000| Complete 
|  82|0x00000000a6000000, 0x00000000a6100000, 0x00000000a6100000|100%| S|  |TAMS 0x00000000a6000000| PB 0x00000000a6000000| Complete 
|  83|0x00000000a6100000, 0x00000000a6200000, 0x00000000a6200000|100%| E|CS|TAMS 0x00000000a6100000| PB 0x00000000a6100000| Complete 
|  84|0x00000000a6200000, 0x00000000a6300000, 0x00000000a6300000|100%| E|CS|TAMS 0x00000000a6200000| PB 0x00000000a6200000| Complete 
|  85|0x00000000a6300000, 0x00000000a6400000, 0x00000000a6400000|100%| E|CS|TAMS 0x00000000a6300000| PB 0x00000000a6300000| Complete 
|  86|0x00000000a6400000, 0x00000000a6500000, 0x00000000a6500000|100%| E|CS|TAMS 0x00000000a6400000| PB 0x00000000a6400000| Complete 
|  87|0x00000000a6500000, 0x00000000a6600000, 0x00000000a6600000|100%| E|CS|TAMS 0x00000000a6500000| PB 0x00000000a6500000| Complete 
|  88|0x00000000a6600000, 0x00000000a6700000, 0x00000000a6700000|100%| E|CS|TAMS 0x00000000a6600000| PB 0x00000000a6600000| Complete 
|  89|0x00000000a6700000, 0x00000000a6800000, 0x00000000a6800000|100%| E|CS|TAMS 0x00000000a6700000| PB 0x00000000a6700000| Complete 
|  90|0x00000000a6800000, 0x00000000a6900000, 0x00000000a6900000|100%| E|CS|TAMS 0x00000000a6800000| PB 0x00000000a6800000| Complete 
|  91|0x00000000a6900000, 0x00000000a6a00000, 0x00000000a6a00000|100%| E|CS|TAMS 0x00000000a6900000| PB 0x00000000a6900000| Complete 
|  92|0x00000000a6a00000, 0x00000000a6b00000, 0x00000000a6b00000|100%| E|CS|TAMS 0x00000000a6a00000| PB 0x00000000a6a00000| Complete 
|  93|0x00000000a6b00000, 0x00000000a6c00000, 0x00000000a6c00000|100%| E|CS|TAMS 0x00000000a6b00000| PB 0x00000000a6b00000| Complete 
|  94|0x00000000a6c00000, 0x00000000a6d00000, 0x00000000a6d00000|100%| E|CS|TAMS 0x00000000a6c00000| PB 0x00000000a6c00000| Complete 
|  95|0x00000000a6d00000, 0x00000000a6e00000, 0x00000000a6e00000|100%| E|CS|TAMS 0x00000000a6d00000| PB 0x00000000a6d00000| Complete 

Card table byte_map: [0x00000110c8fc0000,0x00000110c92c0000] _byte_map_base: 0x00000110c8ab9000

Marking Bits: (CMBitMap*) 0x00000110b0fe2a30
 Bits: [0x00000110c92c0000, 0x00000110caa88000)

Polling page: 0x00000110af6e0000

Metaspace:

Usage:
  Non-class:      3.37 MB used.
      Class:    402.24 KB used.
       Both:      3.76 MB used.

Virtual space:
  Non-class space:       64.00 MB reserved,       3.44 MB (  5%) committed,  1 nodes.
      Class space:        1.00 GB reserved,     512.00 KB ( <1%) committed,  1 nodes.
             Both:        1.06 GB reserved,       3.94 MB ( <1%) committed. 

Chunk freelists:
   Non-Class:  10.14 MB
       Class:  15.47 MB
        Both:  25.61 MB

MaxMetaspaceSize: unlimited
CompressedClassSpaceSize: 1.00 GB
Initial GC threshold: 21.00 MB
Current GC threshold: 21.00 MB
CDS: on
 - commit_granule_bytes: 65536.
 - commit_granule_words: 8192.
 - virtual_space_node_default_size: 8388608.
 - enlarge_chunks_in_place: 1.
 - use_allocation_guard: 0.


Internal statistics:

num_allocs_failed_limit: 0.
num_arena_births: 50.
num_arena_deaths: 0.
num_vsnodes_births: 2.
num_vsnodes_deaths: 0.
num_space_committed: 63.
num_space_uncommitted: 0.
num_chunks_returned_to_freelist: 0.
num_chunks_taken_from_freelist: 152.
num_chunk_merges: 0.
num_chunk_splits: 99.
num_chunks_enlarged: 80.
num_inconsistent_stats: 0.

CodeHeap 'non-profiled nmethods': size=120000Kb used=277Kb max_used=277Kb free=119722Kb
 bounds [0x00000110c1170000, 0x00000110c13e0000, 0x00000110c86a0000]
CodeHeap 'profiled nmethods': size=120000Kb used=1628Kb max_used=1628Kb free=118371Kb
 bounds [0x00000110b96a0000, 0x00000110b9910000, 0x00000110c0bd0000]
CodeHeap 'non-nmethods': size=5760Kb used=1349Kb max_used=1362Kb free=4410Kb
 bounds [0x00000110c0bd0000, 0x00000110c0e40000, 0x00000110c1170000]
 total_blobs=1334 nmethods=877 adapters=362
 compilation: enabled
              stopped_count=0, restarted_count=0
 full_count=0

Compilation events (20 events):
Event: 21.532 Thread 0x00000110cd052d70 nmethod 866 0x00000110b9831810 code [0x00000110b9831a00, 0x00000110b9831f20]
Event: 21.532 Thread 0x00000110cd052d70  867       3       java.util.ArrayDeque::poll (5 bytes)
Event: 21.533 Thread 0x00000110cd052d70 nmethod 867 0x00000110b9832110 code [0x00000110b98322c0, 0x00000110b9832418]
Event: 21.533 Thread 0x00000110cd052d70  868       3       java.util.zip.InflaterInputStream::<init> (70 bytes)
Event: 21.533 Thread 0x00000110cd050320  872       4       java.lang.StringLatin1::inflate (34 bytes)
Event: 21.533 Thread 0x00000110cd052d70 nmethod 868 0x00000110b9832510 code [0x00000110b9832720, 0x00000110b9832e50]
Event: 21.533 Thread 0x00000110cd052d70  869       3       java.util.zip.ZipFile$InflaterCleanupAction::<init> (15 bytes)
Event: 21.533 Thread 0x00000110cd052d70 nmethod 869 0x00000110b9833010 code [0x00000110b98331c0, 0x00000110b98333e8]
Event: 21.533 Thread 0x00000110cd052d70  870       3       java.util.zip.ZipFile$ZipFileInflaterInputStream::fill (80 bytes)
Event: 21.534 Thread 0x00000110cd052d70 nmethod 870 0x00000110b9833490 code [0x00000110b9833680, 0x00000110b9833a80]
Event: 21.534 Thread 0x00000110cd052d70  871   !   3       java.util.zip.ZipFile$ZipFileInputStream::read (135 bytes)
Event: 21.534 Thread 0x00000110cd052d70 nmethod 871 0x00000110b9833c10 code [0x00000110b9833e40, 0x00000110b9834508]
Event: 21.539 Thread 0x00000110cd050320 nmethod 872 0x00000110c11b4a10 code [0x00000110c11b4ba0, 0x00000110c11b4da8]
Event: 21.541 Thread 0x00000110cd052d70  873       3       java.lang.ClassLoader::definePackage (85 bytes)
Event: 21.542 Thread 0x00000110cd052d70 nmethod 873 0x00000110b9834890 code [0x00000110b9834b60, 0x00000110b9835a48]
Event: 21.542 Thread 0x00000110cd052d70  874       3       java.lang.Package::isSealed (26 bytes)
Event: 21.543 Thread 0x00000110cd052d70 nmethod 874 0x00000110b9835f10 code [0x00000110b98360c0, 0x00000110b98363c8]
Event: 21.543 Thread 0x00000110cd052d70  875       3       java.lang.ClassLoader::compareCerts (197 bytes)
Event: 21.544 Thread 0x00000110cd052d70 nmethod 875 0x00000110b9836510 code [0x00000110b9836740, 0x00000110b9837000]
Event: 21.546 Thread 0x00000110cd052d70  876       3       java.net.URLStreamHandler::parseURL (1124 bytes)

GC Heap History (0 events):
No events

Dll operation events (8 events):
Event: 0.053 Loaded shared library C:\Users\palak\Downloads\java-21-openjdk-21.0.1.0.12-3.win.jdk.x86_64\java-21-openjdk-21.0.1.0.12-3.win.jdk.x86_64\bin\java.dll
Event: 0.306 Loaded shared library C:\Users\palak\Downloads\java-21-openjdk-21.0.1.0.12-3.win.jdk.x86_64\java-21-openjdk-21.0.1.0.12-3.win.jdk.x86_64\bin\jsvml.dll
Event: 0.695 Loaded shared library C:\Users\palak\Downloads\java-21-openjdk-21.0.1.0.12-3.win.jdk.x86_64\java-21-openjdk-21.0.1.0.12-3.win.jdk.x86_64\bin\net.dll
Event: 0.702 Loaded shared library C:\Users\palak\Downloads\java-21-openjdk-21.0.1.0.12-3.win.jdk.x86_64\java-21-openjdk-21.0.1.0.12-3.win.jdk.x86_64\bin\nio.dll
Event: 0.818 Loaded shared library C:\Users\palak\Downloads\java-21-openjdk-21.0.1.0.12-3.win.jdk.x86_64\java-21-openjdk-21.0.1.0.12-3.win.jdk.x86_64\bin\zip.dll
Event: 14.845 Loaded shared library C:\Users\palak\Downloads\apache-maven-3.9.8-bin\lib\jansi-native\Windows\x86_64\jansi.dll
Event: 14.915 Loaded shared library C:\Users\palak\Downloads\java-21-openjdk-21.0.1.0.12-3.win.jdk.x86_64\java-21-openjdk-21.0.1.0.12-3.win.jdk.x86_64\bin\verify.dll
Event: 15.028 Loaded shared library C:\Users\palak\Downloads\java-21-openjdk-21.0.1.0.12-3.win.jdk.x86_64\java-21-openjdk-21.0.1.0.12-3.win.jdk.x86_64\bin\jimage.dll

Deoptimization events (20 events):
Event: 21.198 Thread 0x00000110b0f9f7b0 Uncommon trap: trap_request=0xffffff45 fr.pc=0x00000110c1183db8 relative=0x00000000000004d8
Event: 21.198 Thread 0x00000110b0f9f7b0 Uncommon trap: reason=unstable_if action=reinterpret pc=0x00000110c1183db8 method=java.lang.StringLatin1.canEncode(I)Z @ 4 c2
Event: 21.198 Thread 0x00000110b0f9f7b0 DEOPT PACKING pc=0x00000110c1183db8 sp=0x0000000e5d7fe330
Event: 21.198 Thread 0x00000110b0f9f7b0 DEOPT UNPACKING pc=0x00000110c0c246a2 sp=0x0000000e5d7fe268 mode 2
Event: 21.198 Thread 0x00000110b0f9f7b0 Uncommon trap: trap_request=0xffffff45 fr.pc=0x00000110c118328c relative=0x00000000000004ac
Event: 21.198 Thread 0x00000110b0f9f7b0 Uncommon trap: reason=unstable_if action=reinterpret pc=0x00000110c118328c method=java.lang.AbstractStringBuilder.isLatin1()Z @ 10 c2
Event: 21.198 Thread 0x00000110b0f9f7b0 DEOPT PACKING pc=0x00000110c118328c sp=0x0000000e5d7fe350
Event: 21.198 Thread 0x00000110b0f9f7b0 DEOPT UNPACKING pc=0x00000110c0c246a2 sp=0x0000000e5d7fe2e0 mode 2
Event: 21.213 Thread 0x00000110b0f9f7b0 Uncommon trap: trap_request=0xffffff45 fr.pc=0x00000110c117c968 relative=0x0000000000000048
Event: 21.213 Thread 0x00000110b0f9f7b0 Uncommon trap: reason=unstable_if action=reinterpret pc=0x00000110c117c968 method=java.lang.StringLatin1.canEncode(I)Z @ 4 c2
Event: 21.213 Thread 0x00000110b0f9f7b0 DEOPT PACKING pc=0x00000110c117c968 sp=0x0000000e5d7fe2e0
Event: 21.213 Thread 0x00000110b0f9f7b0 DEOPT UNPACKING pc=0x00000110c0c246a2 sp=0x0000000e5d7fe270 mode 2
Event: 21.220 Thread 0x00000110b0f9f7b0 DEOPT PACKING pc=0x00000110b9708a15 sp=0x0000000e5d7fdb70
Event: 21.220 Thread 0x00000110b0f9f7b0 DEOPT UNPACKING pc=0x00000110c0c24e42 sp=0x0000000e5d7fcfc0 mode 0
Event: 21.283 Thread 0x00000110b0f9f7b0 DEOPT PACKING pc=0x00000110b9708a15 sp=0x0000000e5d7fdb90
Event: 21.283 Thread 0x00000110b0f9f7b0 DEOPT UNPACKING pc=0x00000110c0c24e42 sp=0x0000000e5d7fcfe0 mode 0
Event: 21.420 Thread 0x00000110b0f9f7b0 DEOPT PACKING pc=0x00000110b96fb767 sp=0x0000000e5d7fd820
Event: 21.420 Thread 0x00000110b0f9f7b0 DEOPT UNPACKING pc=0x00000110c0c24e42 sp=0x0000000e5d7fcc90 mode 0
Event: 21.535 Thread 0x00000110b0f9f7b0 DEOPT PACKING pc=0x00000110b96d2cce sp=0x0000000e5d7f7920
Event: 21.535 Thread 0x00000110b0f9f7b0 DEOPT UNPACKING pc=0x00000110c0c24e42 sp=0x0000000e5d7f6d98 mode 0

Classes loaded (20 events):
Event: 20.962 Loading class java/text/ParseException
Event: 20.962 Loading class java/text/ParseException done
Event: 20.993 Loading class sun/util/calendar/ZoneInfoFile$Checksum
Event: 20.994 Loading class sun/util/calendar/ZoneInfoFile$Checksum done
Event: 20.998 Loading class jdk/internal/module/ModulePatcher$PatchedModuleReader
Event: 20.998 Loading class jdk/internal/module/ModulePatcher$PatchedModuleReader done
Event: 20.998 Loading class sun/net/www/protocol/jrt/Handler
Event: 20.999 Loading class sun/net/www/protocol/jrt/Handler done
Event: 21.195 Loading class sun/text/resources/cldr/FormatData_en
Event: 21.195 Loading class sun/text/resources/cldr/FormatData_en done
Event: 21.196 Loading class sun/text/resources/cldr/FormatData_en_US
Event: 21.196 Loading class sun/text/resources/cldr/FormatData_en_US done
Event: 21.404 Loading class java/io/FilterReader
Event: 21.404 Loading class java/io/FilterReader done
Event: 21.486 Loading class java/io/InvalidObjectException
Event: 21.486 Loading class java/io/ObjectStreamException
Event: 21.486 Loading class java/io/ObjectStreamException done
Event: 21.486 Loading class java/io/InvalidObjectException done
Event: 21.544 Loading class java/util/NoSuchElementException
Event: 21.545 Loading class java/util/NoSuchElementException done

Classes unloaded (0 events):
No events

Classes redefined (0 events):
No events

Internal exceptions (17 events):
Event: 1.122 Thread 0x00000110b0f9f7b0 Exception <a 'java/lang/NoSuchMethodError'{0x00000000a6b13100}: 'int java.lang.invoke.DirectMethodHandle$Holder.invokeSpecial(java.lang.Object, java.lang.Object, java.lang.Object)'> (0x00000000a6b13100) 
thrown [s\src\hotspot\share\interpreter\linkResolver.cpp, line 773]
Event: 14.732 Thread 0x00000110b0f9f7b0 Exception <a 'java/lang/NoSuchMethodError'{0x00000000a69400b0}: 'java.lang.Object java.lang.invoke.Invokers$Holder.invokeExact_MT(java.lang.Object, java.lang.Object, java.lang.Object, java.lang.Object, java.lang.Object)'> (0x00000000a69400b0) 
thrown [s\src\hotspot\share\interpreter\linkResolver.cpp, line 773]
Event: 14.811 Thread 0x00000110b0f9f7b0 Exception <a 'java/lang/NullPointerException'{0x00000000a699af48}> (0x00000000a699af48) 
thrown [s\src\hotspot\share\interpreter\linkResolver.cpp, line 1372]
Event: 14.868 Thread 0x00000110b0f9f7b0 Exception <a 'java/lang/NoSuchMethodError'{0x00000000a69c0440}: 'void java.lang.invoke.DirectMethodHandle$Holder.invokeStatic(java.lang.Object, long, java.lang.Object)'> (0x00000000a69c0440) 
thrown [s\src\hotspot\share\interpreter\linkResolver.cpp, line 773]
Event: 14.870 Thread 0x00000110b0f9f7b0 Exception <a 'java/lang/NoSuchMethodError'{0x00000000a69c5be8}: 'java.lang.Object java.lang.invoke.DirectMethodHandle$Holder.newInvokeSpecial(java.lang.Object, long, java.lang.Object)'> (0x00000000a69c5be8) 
thrown [s\src\hotspot\share\interpreter\linkResolver.cpp, line 773]
Event: 14.874 Thread 0x00000110b0f9f7b0 Exception <a 'java/lang/NullPointerException'{0x00000000a69d1960}> (0x00000000a69d1960) 
thrown [s\src\hotspot\share\interpreter\linkResolver.cpp, line 1372]
Event: 14.874 Thread 0x00000110b0f9f7b0 Exception <a 'java/lang/NullPointerException'{0x00000000a69d1c40}> (0x00000000a69d1c40) 
thrown [s\src\hotspot\share\interpreter\linkResolver.cpp, line 1372]
Event: 14.874 Thread 0x00000110b0f9f7b0 Exception <a 'java/lang/NullPointerException'{0x00000000a69d1f20}> (0x00000000a69d1f20) 
thrown [s\src\hotspot\share\interpreter\linkResolver.cpp, line 1372]
Event: 14.876 Thread 0x00000110b0f9f7b0 Exception <a 'java/lang/NullPointerException'{0x00000000a69d73e0}> (0x00000000a69d73e0) 
thrown [s\src\hotspot\share\interpreter\linkResolver.cpp, line 1372]
Event: 14.896 Thread 0x00000110b0f9f7b0 Exception <a 'java/lang/NullPointerException'{0x00000000a69eac90}> (0x00000000a69eac90) 
thrown [s\src\hotspot\share\interpreter\linkResolver.cpp, line 1372]
Event: 14.896 Thread 0x00000110b0f9f7b0 Exception <a 'java/lang/NullPointerException'{0x00000000a69eaf70}> (0x00000000a69eaf70) 
thrown [s\src\hotspot\share\interpreter\linkResolver.cpp, line 1372]
Event: 14.896 Thread 0x00000110b0f9f7b0 Exception <a 'java/lang/NullPointerException'{0x00000000a69eb250}> (0x00000000a69eb250) 
thrown [s\src\hotspot\share\interpreter\linkResolver.cpp, line 1372]
Event: 14.896 Thread 0x00000110b0f9f7b0 Exception <a 'java/lang/NullPointerException'{0x00000000a69eb530}> (0x00000000a69eb530) 
thrown [s\src\hotspot\share\interpreter\linkResolver.cpp, line 1372]
Event: 14.941 Thread 0x00000110b0f9f7b0 Exception <a 'java/lang/NoSuchMethodError'{0x00000000a68621e0}: 'void java.lang.invoke.DirectMethodHandle$Holder.invokeStatic(java.lang.Object, java.lang.Object)'> (0x00000000a68621e0) 
thrown [s\src\hotspot\share\interpreter\linkResolver.cpp, line 773]
Event: 14.942 Thread 0x00000110b0f9f7b0 Exception <a 'java/lang/NoSuchMethodError'{0x00000000a68655b0}: 'void java.lang.invoke.DirectMethodHandle$Holder.invokeStaticInit(java.lang.Object, java.lang.Object)'> (0x00000000a68655b0) 
thrown [s\src\hotspot\share\interpreter\linkResolver.cpp, line 773]
Event: 15.003 Thread 0x00000110b0f9f7b0 Exception <a 'java/lang/NoSuchMethodError'{0x00000000a689b2a8}: 'void java.lang.invoke.DirectMethodHandle$Holder.invokeStatic(java.lang.Object, java.lang.Object, java.lang.Object)'> (0x00000000a689b2a8) 
thrown [s\src\hotspot\share\interpreter\linkResolver.cpp, line 773]
Event: 20.779 Thread 0x00000110b0f9f7b0 Exception <a 'java/lang/NoSuchMethodError'{0x00000000a6633860}: 'java.lang.Object java.lang.invoke.DirectMethodHandle$Holder.invokeSpecialIFC(java.lang.Object, java.lang.Object, java.lang.Object, java.lang.Object)'> (0x00000000a6633860) 
thrown [s\src\hotspot\share\interpreter\linkResolver.cpp, line 773]

ZGC Phase Switch (0 events):
No events

VM Operations (16 events):
Event: 0.829 Executing VM operation: HandshakeAllThreads (Deoptimize)
Event: 0.829 Executing VM operation: HandshakeAllThreads (Deoptimize) done
Event: 1.837 Executing VM operation: Cleanup
Event: 1.837 Executing VM operation: Cleanup done
Event: 2.849 Executing VM operation: Cleanup
Event: 2.849 Executing VM operation: Cleanup done
Event: 13.947 Executing VM operation: Cleanup
Event: 13.947 Executing VM operation: Cleanup done
Event: 14.808 Executing VM operation: HandshakeAllThreads (Deoptimize)
Event: 14.808 Executing VM operation: HandshakeAllThreads (Deoptimize) done
Event: 15.159 Executing VM operation: HandshakeAllThreads (Deoptimize)
Event: 20.275 Executing VM operation: HandshakeAllThreads (Deoptimize) done
Event: 20.275 Executing VM operation: Cleanup
Event: 20.275 Executing VM operation: Cleanup done
Event: 21.285 Executing VM operation: Cleanup
Event: 21.285 Executing VM operation: Cleanup done

Events (12 events):
Event: 0.127 Thread 0x00000110b0f9f7b0 Thread added: 0x00000110b0f9f7b0
Event: 0.231 Thread 0x00000110cd03b6e0 Thread added: 0x00000110cd03b6e0
Event: 0.244 Thread 0x00000110cd03cdb0 Thread added: 0x00000110cd03cdb0
Event: 0.248 Thread 0x00000110cd043ee0 Thread added: 0x00000110cd043ee0
Event: 0.254 Thread 0x00000110cd0457d0 Thread added: 0x00000110cd0457d0
Event: 0.263 Thread 0x00000110cd046da0 Thread added: 0x00000110cd046da0
Event: 0.269 Thread 0x00000110cd048c40 Thread added: 0x00000110cd048c40
Event: 0.279 Thread 0x00000110cd050320 Thread added: 0x00000110cd050320
Event: 0.302 Thread 0x00000110cd052d70 Thread added: 0x00000110cd052d70
Event: 0.500 Thread 0x00000110cd2a3ce0 Thread added: 0x00000110cd2a3ce0
Event: 0.529 Thread 0x00000110cd2a8530 Thread added: 0x00000110cd2a8530
Event: 14.821 Thread 0x00000110cd3f5750 Thread added: 0x00000110cd3f5750


Dynamic libraries:
0x00007ff72f030000 - 0x00007ff72f03e000 	C:\Users\palak\Downloads\java-21-openjdk-21.0.1.0.12-3.win.jdk.x86_64\java-21-openjdk-21.0.1.0.12-3.win.jdk.x86_64\bin\java.exe
0x00007ffeea6c0000 - 0x00007ffeea923000 	C:\WINDOWS\SYSTEM32\ntdll.dll
0x00007ffee8570000 - 0x00007ffee8637000 	C:\WINDOWS\System32\KERNEL32.DLL
0x00007ffee7a00000 - 0x00007ffee7dc9000 	C:\WINDOWS\System32\KERNELBASE.dll
0x00007ffee82d0000 - 0x00007ffee841c000 	C:\WINDOWS\System32\ucrtbase.dll
0x00007ffec15b0000 - 0x00007ffec15c8000 	C:\Users\palak\Downloads\java-21-openjdk-21.0.1.0.12-3.win.jdk.x86_64\java-21-openjdk-21.0.1.0.12-3.win.jdk.x86_64\bin\jli.dll
0x00007ffee9dc0000 - 0x00007ffee9f8a000 	C:\WINDOWS\System32\USER32.dll
0x00007ffee82a0000 - 0x00007ffee82c7000 	C:\WINDOWS\System32\win32u.dll
0x00007ffee94b0000 - 0x00007ffee94da000 	C:\WINDOWS\System32\GDI32.dll
0x00007ffee7fe0000 - 0x00007ffee8111000 	C:\WINDOWS\System32\gdi32full.dll
0x00007ffee7950000 - 0x00007ffee79f3000 	C:\WINDOWS\System32\msvcp_win.dll
0x00007ffecb070000 - 0x00007ffecb300000 	C:\WINDOWS\WinSxS\amd64_microsoft.windows.common-controls_6595b64144ccf1df_6.0.26100.3323_none_3e088096e3344490\COMCTL32.dll
0x00007ffeea080000 - 0x00007ffeea129000 	C:\WINDOWS\System32\msvcrt.dll
0x00007ffec1580000 - 0x00007ffec159b000 	C:\Users\palak\Downloads\java-21-openjdk-21.0.1.0.12-3.win.jdk.x86_64\java-21-openjdk-21.0.1.0.12-3.win.jdk.x86_64\bin\VCRUNTIME140.dll
0x00007ffee93e0000 - 0x00007ffee940f000 	C:\WINDOWS\System32\IMM32.DLL
0x00007ffec1850000 - 0x00007ffec185c000 	C:\Users\palak\Downloads\java-21-openjdk-21.0.1.0.12-3.win.jdk.x86_64\java-21-openjdk-21.0.1.0.12-3.win.jdk.x86_64\bin\vcruntime140_1.dll
0x00007ffeb2da0000 - 0x00007ffeb2e2e000 	C:\Users\palak\Downloads\java-21-openjdk-21.0.1.0.12-3.win.jdk.x86_64\java-21-openjdk-21.0.1.0.12-3.win.jdk.x86_64\bin\msvcp140.dll
0x00007ffe48ab0000 - 0x00007ffe49831000 	C:\Users\palak\Downloads\java-21-openjdk-21.0.1.0.12-3.win.jdk.x86_64\java-21-openjdk-21.0.1.0.12-3.win.jdk.x86_64\bin\server\jvm.dll
0x00007ffeea5c0000 - 0x00007ffeea672000 	C:\WINDOWS\System32\ADVAPI32.dll
0x00007ffee94e0000 - 0x00007ffee9586000 	C:\WINDOWS\System32\sechost.dll
0x00007ffee8ba0000 - 0x00007ffee8cb6000 	C:\WINDOWS\System32\RPCRT4.dll
0x00007ffeea000000 - 0x00007ffeea074000 	C:\WINDOWS\System32\WS2_32.dll
0x00007ffee7750000 - 0x00007ffee779e000 	C:\WINDOWS\SYSTEM32\POWRPROF.dll
0x00007ffee1d50000 - 0x00007ffee1d86000 	C:\WINDOWS\SYSTEM32\WINMM.dll
0x00007ffee1d90000 - 0x00007ffee1d9b000 	C:\WINDOWS\SYSTEM32\VERSION.dll
0x00007ffee7730000 - 0x00007ffee7744000 	C:\WINDOWS\SYSTEM32\UMPDC.dll
0x00007ffee66e0000 - 0x00007ffee66fa000 	C:\WINDOWS\SYSTEM32\kernel.appcore.dll
0x00007ffec1570000 - 0x00007ffec157a000 	C:\Users\palak\Downloads\java-21-openjdk-21.0.1.0.12-3.win.jdk.x86_64\java-21-openjdk-21.0.1.0.12-3.win.jdk.x86_64\bin\jimage.dll
0x00007ffedbb70000 - 0x00007ffedbdb1000 	C:\WINDOWS\SYSTEM32\DBGHELP.DLL
0x00007ffeea230000 - 0x00007ffeea5b2000 	C:\WINDOWS\System32\combase.dll
0x00007ffee9ce0000 - 0x00007ffee9db6000 	C:\WINDOWS\System32\OLEAUT32.dll
0x00007ffeca900000 - 0x00007ffeca939000 	C:\WINDOWS\SYSTEM32\dbgcore.DLL
0x00007ffee7f40000 - 0x00007ffee7fd9000 	C:\WINDOWS\System32\bcryptPrimitives.dll
0x00007ffebe2e0000 - 0x00007ffebe2ff000 	C:\Users\palak\Downloads\java-21-openjdk-21.0.1.0.12-3.win.jdk.x86_64\java-21-openjdk-21.0.1.0.12-3.win.jdk.x86_64\bin\java.dll
0x00007ffee8cc0000 - 0x00007ffee93d5000 	C:\WINDOWS\System32\SHELL32.dll
0x00007ffee7dd0000 - 0x00007ffee7f38000 	C:\WINDOWS\System32\wintypes.dll
0x00007ffee55a0000 - 0x00007ffee5de5000 	C:\WINDOWS\SYSTEM32\windows.storage.dll
0x00007ffee9710000 - 0x00007ffee97fb000 	C:\WINDOWS\System32\SHCORE.dll
0x00007ffee86a0000 - 0x00007ffee86fd000 	C:\WINDOWS\System32\shlwapi.dll
0x00007ffee77d0000 - 0x00007ffee77ff000 	C:\WINDOWS\SYSTEM32\profapi.dll
0x00007ffea9210000 - 0x00007ffea92e7000 	C:\Users\palak\Downloads\java-21-openjdk-21.0.1.0.12-3.win.jdk.x86_64\java-21-openjdk-21.0.1.0.12-3.win.jdk.x86_64\bin\jsvml.dll
0x00007ffec1560000 - 0x00007ffec1570000 	C:\Users\palak\Downloads\java-21-openjdk-21.0.1.0.12-3.win.jdk.x86_64\java-21-openjdk-21.0.1.0.12-3.win.jdk.x86_64\bin\net.dll
0x00007ffeddb30000 - 0x00007ffeddc4e000 	C:\WINDOWS\SYSTEM32\WINHTTP.dll
0x00007ffee6c00000 - 0x00007ffee6c6a000 	C:\WINDOWS\system32\mswsock.dll
0x00007ffeba270000 - 0x00007ffeba286000 	C:\Users\palak\Downloads\java-21-openjdk-21.0.1.0.12-3.win.jdk.x86_64\java-21-openjdk-21.0.1.0.12-3.win.jdk.x86_64\bin\nio.dll
0x00007ffeba250000 - 0x00007ffeba268000 	C:\Users\palak\Downloads\java-21-openjdk-21.0.1.0.12-3.win.jdk.x86_64\java-21-openjdk-21.0.1.0.12-3.win.jdk.x86_64\bin\zip.dll
0x00007ffeb65e0000 - 0x00007ffeb6604000 	C:\Users\palak\Downloads\apache-maven-3.9.8-bin\lib\jansi-native\Windows\x86_64\jansi.dll
0x00007ffeba020000 - 0x00007ffeba030000 	C:\Users\palak\Downloads\java-21-openjdk-21.0.1.0.12-3.win.jdk.x86_64\java-21-openjdk-21.0.1.0.12-3.win.jdk.x86_64\bin\verify.dll

dbghelp: loaded successfully - version: 4.0.5 - missing functions: none
symbol engine: initialized successfully - sym options: 0x614 - pdb path: .;C:\Users\palak\Downloads\java-21-openjdk-21.0.1.0.12-3.win.jdk.x86_64\java-21-openjdk-21.0.1.0.12-3.win.jdk.x86_64\bin;C:\WINDOWS\SYSTEM32;C:\WINDOWS\WinSxS\amd64_microsoft.windows.common-controls_6595b64144ccf1df_6.0.26100.3323_none_3e088096e3344490;C:\Users\palak\Downloads\java-21-openjdk-21.0.1.0.12-3.win.jdk.x86_64\java-21-openjdk-21.0.1.0.12-3.win.jdk.x86_64\bin\server;C:\Users\palak\Downloads\apache-maven-3.9.8-bin\lib\jansi-native\Windows\x86_64

VM Arguments:
jvm_args: -Dclassworlds.conf=C:\Users\palak\Downloads\apache-maven-3.9.8-bin\bin\m2.conf -Dmaven.home=C:\Users\palak\Downloads\apache-maven-3.9.8-bin -Dlibrary.jansi.path=C:\Users\palak\Downloads\apache-maven-3.9.8-bin\lib\jansi-native -Dmaven.multiModuleProjectDirectory=C:\Users\palak\Downloads\demo 
java_command: org.codehaus.plexus.classworlds.launcher.Launcher spring-boot:run
java_class_path (initial): C:\Users\palak\Downloads\apache-maven-3.9.8-bin\boot\plexus-classworlds-2.8.0.jar
Launcher Type: SUN_STANDARD

[Global flags]
     intx CICompilerCount                          = 3                                         {product} {ergonomic}
     uint ConcGCThreads                            = 1                                         {product} {ergonomic}
     uint G1ConcRefinementThreads                  = 4                                         {product} {ergonomic}
   size_t G1HeapRegionSize                         = 1048576                                   {product} {ergonomic}
    uintx GCDrainStackTargetSize                   = 64                                        {product} {ergonomic}
   size_t InitialHeapSize                          = 100663296                                 {product} {ergonomic}
   size_t MarkStackSize                            = 4194304                                   {product} {ergonomic}
   size_t MaxHeapSize                              = 1595932672                                {product} {ergonomic}
   size_t MaxNewSize                               = 957349888                                 {product} {ergonomic}
   size_t MinHeapDeltaBytes                        = 1048576                                   {product} {ergonomic}
   size_t MinHeapSize                              = 8388608                                   {product} {ergonomic}
    uintx NonNMethodCodeHeapSize                   = 5832780                                {pd product} {ergonomic}
    uintx NonProfiledCodeHeapSize                  = 122912730                              {pd product} {ergonomic}
    uintx ProfiledCodeHeapSize                     = 122912730                              {pd product} {ergonomic}
    uintx ReservedCodeCacheSize                    = 251658240                              {pd product} {ergonomic}
     bool SegmentedCodeCache                       = true                                      {product} {ergonomic}
   size_t SoftMaxHeapSize                          = 1595932672                             {manageable} {ergonomic}
     bool UseCompressedOops                        = true                           {product lp64_product} {ergonomic}
     bool UseG1GC                                  = true                                      {product} {ergonomic}
     bool UseLargePagesIndividualAllocation        = false                                  {pd product} {ergonomic}

Logging:
Log output configuration:
 #0: stdout all=warning uptime,level,tags foldmultilines=false
 #1: stderr all=off uptime,level,tags foldmultilines=false

Environment Variables:
JAVA_HOME=C:\Users\palak\Downloads\java-21-openjdk-21.0.1.0.12-3.win.jdk.x86_64\java-21-openjdk-21.0.1.0.12-3.win.jdk.x86_64
PATH=C:\Program Files (x86)\Common Files\Oracle\Java\java8path;C:\Program Files (x86)\Common Files\Oracle\Java\javapath;C:\WINDOWS\system32;C:\WINDOWS;C:\WINDOWS\System32\Wbem;C:\WINDOWS\System32\WindowsPowerShell\v1.0\;C:\WINDOWS\System32\OpenSSH\;C:\Users\palak\Downloads\java-21-openjdk-21.0.1.0.12-3.win.jdk.x86_64\java-21-openjdk-21.0.1.0.12-3.win.jdk.x86_64\bin;C:\Users\palak\Downloads\apache-maven-3.9.8-bin\bin;c:\users\palak\appdata\local\packages\pythonsoftwarefoundation.python.3.11_qbz5n2kfra8p0\localcache\local-packages\python311\site-packages;C:\ProgramData\chocolatey\bin;C:\Program Files\nodejs\;C:\Users\palak\AppData\Local\Programs\Python\Python312\Scripts;C:\Program Files\Git\cmd;C:\Users\palak\Downloads\flutter_windows_3.27.3-stable\flutter\bin;C:\Users\palak\AppData\Local\Android\Sdk\cmdline-tools\latest\bin;C:\Users\palak\AppData\Local\Android\Sdk\platform-tools;C:\ffmpeg;C:\Program Files\MongoDB\Server\8.0\bin;C:\Users\palak\AppData\Local\Programs\Python\Python313\Scripts\;C:\Users\palak\AppData\Local\Programs\Python\Python313\;C:\Users\palak\AppData\Local\Programs\Python\Python312\Scripts\;C:\Users\palak\AppData\Local\Programs\Python\Python312\;C:\Users\palak\AppData\Local\Programs\Python\Launcher\;C:\Program Files\MySQL\MySQL Shell 8.0\bin\;C:\Users\palak\AppData\Local\Microsoft\WindowsApps;C:\Users\palak\AppData\Local\Programs\Microsoft VS Code\bin;C:\Program Files\JetBrains\IntelliJ IDEA Community Edition 2023.3.3\bin;C:\Users\palak\AppData\Local\JetBrains\CLion 2023.3.4\bin;C:\Program Files\JetBrains\PyCharm 2024.1.2\bin;C:\Program Files\JetBrains\PyCharm Community Edition 2024.1.4\bin;C:\Users\palak\AppData\Local\JetBrains\Toolbox\scripts;C:\Users\palak\AppData\Roaming\npm;C:\Users\palak\AppData\Local\GitHubDesktop\bin;C:\Users\palak\AppData\Local\Microsoft\WindowsApps;
USERNAME=palak
LANG=en_US.UTF-8
OS=Windows_NT
PROCESSOR_IDENTIFIER=AMD64 Family 23 Model 24 Stepping 1, AuthenticAMD
TMP=C:\Users\palak\AppData\Local\Temp
TEMP=C:\Users\palak\AppData\Local\Temp




Periodic native trim disabled

---------------  S Y S T E M  ---------------

OS:
 Windows 11 , 64 bit Build 26100 (10.0.26100.3323)
OS uptime: 0 days 0:52 hours

CPU: total 4 (initial active 4) (4 cores per cpu, 2 threads per core) family 23 model 24 stepping 1 microcode 0x8108109, cx8, cmov, fxsr, ht, mmx, 3dnowpref, sse, sse2, sse3, ssse3, sse4a, sse4.1, sse4.2, popcnt, lzcnt, tsc, tscinvbit, avx, avx2, aes, clmul, bmi1, bmi2, adx, sha, fma, vzeroupper, clflush, clflushopt, rdtscp, f16c
Processor Information for all 4 processors :
  Max Mhz: 2600, Current Mhz: 2600, Mhz Limit: 2600

Memory: 4k page, system-wide physical 6086M (837M free)
TotalPageFile size 14278M (AvailPageFile size 157M)
current process WorkingSet (physical memory assigned to process): 66M, peak: 66M
current process commit charge ("private bytes"): 179M, peak: 179M

vm_info: OpenJDK 64-Bit Server VM (21.0.1+12-LTS) for windows-amd64 JRE (21.0.1+12-LTS), built on 2023-10-17T00:00:00Z by "admin" with unknown MS VC++:1937

END.
