#
# There is insufficient memory for the Java Runtime Environment to continue.
# Native memory allocation (malloc) failed to allocate 1462576 bytes. Error detail: Chunk::new
# Possible reasons:
#   The system is out of physical RAM or swap space
#   This process is running with CompressedOops enabled, and the Java Heap may be blocking the growth of the native heap
# Possible solutions:
#   Reduce memory load on the system
#   Increase physical memory or swap space
#   Check if swap backing store is full
#   Decrease Java heap size (-Xmx/-Xms)
#   Decrease number of Java threads
#   Decrease Java thread stack sizes (-Xss)
#   Set larger code cache with -XX:ReservedCodeCacheSize=
#   JVM is running with Unscaled Compressed Oops mode in which the Java heap is
#     placed in the first 4GB address space. The Java Heap base address is the
#     maximum limit for the native heap growth. Please use -XX:HeapBaseMinAddress
#     to set the Java Heap base and to place the Java Heap above 4GB virtual address.
# This output file may be truncated or incomplete.
#
#  Out of Memory Error (arena.cpp:168), pid=20384, tid=1512
#
# JRE version: OpenJDK Runtime Environment Temurin-21.0.6+7 (21.0.6+7) (build 21.0.6+7-LTS)
# Java VM: OpenJDK 64-Bit Server VM Temurin-21.0.6+7 (21.0.6+7-LTS, mixed mode, sharing, tiered, compressed oops, compressed class ptrs, parallel gc, windows-amd64)
# No core dump will be written. Minidumps are not enabled by default on client versions of Windows
#

---------------  S U M M A R Y ------------

Command Line: --add-modules=ALL-SYSTEM --add-opens=java.base/java.util=ALL-UNNAMED --add-opens=java.base/java.lang=ALL-UNNAMED --add-opens=java.base/sun.nio.fs=ALL-UNNAMED -Declipse.application=org.eclipse.jdt.ls.core.id1 -Dosgi.bundles.defaultStartLevel=4 -Declipse.product=org.eclipse.jdt.ls.core.product -Djava.import.generatesMetadataFilesAtProjectRoot=false -DDetectVMInstallationsJob.disabled=true -Dfile.encoding=utf8 -XX:+UseParallelGC -XX:GCTimeRatio=4 -XX:AdaptiveSizePolicyWeight=90 -Dsun.zip.disableMemoryMapping=true -Xmx1G -Xms100m -Xlog:disable -javaagent:c:\Users\palak\.vscode\extensions\redhat.java-1.40.0-win32-x64\lombok\lombok-1.18.36.jar -XX:+HeapDumpOnOutOfMemoryError -XX:HeapDumpPath=c:\Users\palak\AppData\Roaming\Code\User\workspaceStorage\632f04cdbe9e26a6a5769c745b0508de\redhat.java -Daether.dependencyCollector.impl=bf c:\Users\palak\.vscode\extensions\redhat.java-1.40.0-win32-x64\server\plugins\org.eclipse.equinox.launcher_1.6.1000.v20250131-0606.jar -configuration c:\Users\palak\AppData\Roaming\Code\User\globalStorage\redhat.java\1.40.0\config_win -data c:\Users\palak\AppData\Roaming\Code\User\workspaceStorage\632f04cdbe9e26a6a5769c745b0508de\redhat.java\jdt_ws --pipe=\\.\pipe\lsp-4dbdcf9b0a3dd0ff47eca79e6118a3d4-sock

Host: AMD Ryzen 3 3250U with Radeon Graphics         , 4 cores, 5G,  Windows 11 , 64 bit Build 26100 (10.0.26100.3323)
Time: Tue Mar 18 19:32:13 2025 India Standard Time elapsed time: 74.707538 seconds (0d 0h 1m 14s)

---------------  T H R E A D  ---------------

Current thread (0x000001f077865b20):  JavaThread "C2 CompilerThread0" daemon [_thread_in_native, id=1512, stack(0x00000026b2100000,0x00000026b2200000) (1024K)]


Current CompileTask:
C2:74707 11520       4       org.eclipse.jdt.internal.core.search.indexing.BinaryIndexer::extractReferenceFromConstantPool (358 bytes)

Stack: [0x00000026b2100000,0x00000026b2200000]
Native frames: (J=compiled Java code, j=interpreted, Vv=VM code, C=native code)
V  [jvm.dll+0x6cdee9]
V  [jvm.dll+0x8a83d1]
V  [jvm.dll+0x8aa8fe]
V  [jvm.dll+0x8aafe3]
V  [jvm.dll+0x27f706]
V  [jvm.dll+0xc500d]
V  [jvm.dll+0xc5543]
V  [jvm.dll+0x3b678c]
V  [jvm.dll+0x382935]
V  [jvm.dll+0x381d9a]
V  [jvm.dll+0x2479f0]
V  [jvm.dll+0x246fcf]
V  [jvm.dll+0x1c75ee]
V  [jvm.dll+0x25685a]
V  [jvm.dll+0x254dfa]
V  [jvm.dll+0x3f0256]
V  [jvm.dll+0x851f8b]
V  [jvm.dll+0x6cc5ed]
C  [ucrtbase.dll+0x37b0]
C  [KERNEL32.DLL+0x2e8d7]
C  [ntdll.dll+0xbbf6c]


---------------  P R O C E S S  ---------------

Threads class SMR info:
_java_thread_list=0x000001f050f07890, length=44, elements={
0x000001f07029d560, 0x000001f07056bc20, 0x000001f07056e150, 0x000001f077852d10,
0x000001f077853960, 0x000001f077855c40, 0x000001f07785d230, 0x000001f077865b20,
0x000001f0778c8280, 0x000001f078600500, 0x000001f078851fc0, 0x000001f07d4b2780,
0x000001f07d5ba8f0, 0x000001f07d5baf50, 0x000001f07d19a930, 0x000001f07d59d1b0,
0x000001f07dbf4630, 0x000001f07dd02470, 0x000001f07dcfeff0, 0x000001f07dd003a0,
0x000001f07dcff680, 0x000001f07dd00a30, 0x000001f07dcffd10, 0x000001f07dd01750,
0x000001f07e420cd0, 0x000001f07e421360, 0x000001f07e422080, 0x000001f07e41ffb0,
0x000001f07e420640, 0x000001f07e4219f0, 0x000001f07e422710, 0x000001f07e422da0,
0x000001f07e41f920, 0x000001f07e425500, 0x000001f07e423430, 0x000001f07e426220,
0x000001f07e425b90, 0x000001f07e4268b0, 0x000001f07e4247e0, 0x000001f07e424150,
0x000001f0509d94b0, 0x000001f0509d9b40, 0x000001f0509dbc10, 0x000001f07ee50270
}

Java Threads: ( => current thread )
  0x000001f07029d560 JavaThread "main"                              [_thread_blocked, id=17580, stack(0x00000026b1700000,0x00000026b1800000) (1024K)]
  0x000001f07056bc20 JavaThread "Reference Handler"          daemon [_thread_blocked, id=21232, stack(0x00000026b1b00000,0x00000026b1c00000) (1024K)]
  0x000001f07056e150 JavaThread "Finalizer"                  daemon [_thread_blocked, id=21316, stack(0x00000026b1c00000,0x00000026b1d00000) (1024K)]
  0x000001f077852d10 JavaThread "Signal Dispatcher"          daemon [_thread_blocked, id=13304, stack(0x00000026b1d00000,0x00000026b1e00000) (1024K)]
  0x000001f077853960 JavaThread "Attach Listener"            daemon [_thread_blocked, id=5592, stack(0x00000026b1e00000,0x00000026b1f00000) (1024K)]
  0x000001f077855c40 JavaThread "Service Thread"             daemon [_thread_blocked, id=20328, stack(0x00000026b1f00000,0x00000026b2000000) (1024K)]
  0x000001f07785d230 JavaThread "Monitor Deflation Thread"   daemon [_thread_blocked, id=10684, stack(0x00000026b2000000,0x00000026b2100000) (1024K)]
=>0x000001f077865b20 JavaThread "C2 CompilerThread0"         daemon [_thread_in_native, id=1512, stack(0x00000026b2100000,0x00000026b2200000) (1024K)]
  0x000001f0778c8280 JavaThread "C1 CompilerThread0"         daemon [_thread_blocked, id=5296, stack(0x00000026b2200000,0x00000026b2300000) (1024K)]
  0x000001f078600500 JavaThread "Common-Cleaner"             daemon [_thread_blocked, id=14176, stack(0x00000026b2300000,0x00000026b2400000) (1024K)]
  0x000001f078851fc0 JavaThread "Notification Thread"        daemon [_thread_blocked, id=10004, stack(0x00000026b2500000,0x00000026b2600000) (1024K)]
  0x000001f07d4b2780 JavaThread "Active Thread: Equinox Container: 0ad9d57b-22c5-46c6-aa2c-a1dfae576015"        [_thread_blocked, id=19536, stack(0x00000026b2a00000,0x00000026b2b00000) (1024K)]
  0x000001f07d5ba8f0 JavaThread "Refresh Thread: Equinox Container: 0ad9d57b-22c5-46c6-aa2c-a1dfae576015" daemon [_thread_blocked, id=6172, stack(0x00000026b2600000,0x00000026b2700000) (1024K)]
  0x000001f07d5baf50 JavaThread "Framework Event Dispatcher: Equinox Container: 0ad9d57b-22c5-46c6-aa2c-a1dfae576015" daemon [_thread_blocked, id=16032, stack(0x00000026b2b00000,0x00000026b2c00000) (1024K)]
  0x000001f07d19a930 JavaThread "Start Level: Equinox Container: 0ad9d57b-22c5-46c6-aa2c-a1dfae576015" daemon [_thread_blocked, id=15100, stack(0x00000026b2c00000,0x00000026b2d00000) (1024K)]
  0x000001f07d59d1b0 JavaThread "Bundle File Closer"         daemon [_thread_blocked, id=12304, stack(0x00000026b2e00000,0x00000026b2f00000) (1024K)]
  0x000001f07dbf4630 JavaThread "SCR Component Actor"        daemon [_thread_blocked, id=20900, stack(0x00000026b2d00000,0x00000026b2e00000) (1024K)]
  0x000001f07dd02470 JavaThread "Worker-JM"                         [_thread_blocked, id=15128, stack(0x00000026b3000000,0x00000026b3100000) (1024K)]
  0x000001f07dcfeff0 JavaThread "JNA Cleaner"                daemon [_thread_blocked, id=9944, stack(0x00000026b3100000,0x00000026b3200000) (1024K)]
  0x000001f07dd003a0 JavaThread "Worker-0"                          [_thread_blocked, id=20972, stack(0x00000026b3200000,0x00000026b3300000) (1024K)]
  0x000001f07dcff680 JavaThread "Worker-1: Initialize workspace"        [_thread_blocked, id=16112, stack(0x00000026b3300000,0x00000026b3400000) (1024K)]
  0x000001f07dd00a30 JavaThread "Worker-2"                          [_thread_blocked, id=11740, stack(0x00000026b3400000,0x00000026b3500000) (1024K)]
  0x000001f07dcffd10 JavaThread "Java indexing"              daemon [_thread_in_Java, id=11628, stack(0x00000026b3600000,0x00000026b3700000) (1024K)]
  0x000001f07dd01750 JavaThread "Worker-3: Java indexing... "        [_thread_blocked, id=1556, stack(0x00000026b3700000,0x00000026b3800000) (1024K)]
  0x000001f07e420cd0 JavaThread "Worker-4: Initialize Workspace"        [_thread_blocked, id=4328, stack(0x00000026b3a00000,0x00000026b3b00000) (1024K)]
  0x000001f07e421360 JavaThread "Thread-2"                   daemon [_thread_in_native, id=15620, stack(0x00000026b3b00000,0x00000026b3c00000) (1024K)]
  0x000001f07e422080 JavaThread "Thread-3"                   daemon [_thread_in_native, id=19976, stack(0x00000026b3c00000,0x00000026b3d00000) (1024K)]
  0x000001f07e41ffb0 JavaThread "Thread-4"                   daemon [_thread_in_native, id=14896, stack(0x00000026b3d00000,0x00000026b3e00000) (1024K)]
  0x000001f07e420640 JavaThread "Thread-5"                   daemon [_thread_in_native, id=8276, stack(0x00000026b2f00000,0x00000026b3000000) (1024K)]
  0x000001f07e4219f0 JavaThread "Thread-6"                   daemon [_thread_in_native, id=16016, stack(0x00000026b3e00000,0x00000026b3f00000) (1024K)]
  0x000001f07e422710 JavaThread "pool-2-thread-1"                   [_thread_blocked, id=13876, stack(0x00000026b3f00000,0x00000026b4000000) (1024K)]
  0x000001f07e422da0 JavaThread "WorkspaceEventsHandler"            [_thread_blocked, id=10596, stack(0x00000026b4000000,0x00000026b4100000) (1024K)]
  0x000001f07e41f920 JavaThread "pool-1-thread-1"                   [_thread_blocked, id=16412, stack(0x00000026b4100000,0x00000026b4200000) (1024K)]
  0x000001f07e425500 JavaThread "Worker-5"                          [_thread_blocked, id=18708, stack(0x00000026b4200000,0x00000026b4300000) (1024K)]
  0x000001f07e423430 JavaThread "LocalFile Deleter"          daemon [_thread_blocked, id=19984, stack(0x00000026b3500000,0x00000026b3600000) (1024K)]
  0x000001f07e426220 JavaThread "LocalFile Deleter"          daemon [_thread_blocked, id=8524, stack(0x00000026b4300000,0x00000026b4400000) (1024K)]
  0x000001f07e425b90 JavaThread "LocalFile Deleter"          daemon [_thread_blocked, id=16220, stack(0x00000026b4400000,0x00000026b4500000) (1024K)]
  0x000001f07e4268b0 JavaThread "LocalFile Deleter"          daemon [_thread_blocked, id=19780, stack(0x00000026b4500000,0x00000026b4600000) (1024K)]
  0x000001f07e4247e0 JavaThread "Compiler Source File Reader" daemon [_thread_blocked, id=20676, stack(0x00000026b4600000,0x00000026b4700000) (1024K)]
  0x000001f07e424150 JavaThread "Compiler Source File Reader" daemon [_thread_blocked, id=2704, stack(0x00000026b4700000,0x00000026b4800000) (1024K)]
  0x000001f0509d94b0 JavaThread "Compiler Processing Task"   daemon [_thread_blocked, id=4980, stack(0x00000026b4900000,0x00000026b4a00000) (1024K)]
  0x000001f0509d9b40 JavaThread "Compiler Class File Writer" daemon [_thread_blocked, id=19944, stack(0x00000026b4a00000,0x00000026b4b00000) (1024K)]
  0x000001f0509dbc10 JavaThread "Compiler Class File Writer" daemon [_thread_blocked, id=13616, stack(0x00000026b4b00000,0x00000026b4c00000) (1024K)]
  0x000001f07ee50270 JavaThread "C2 CompilerThread1"         daemon [_thread_blocked, id=19996, stack(0x00000026b1500000,0x00000026b1600000) (1024K)]
Total: 44

Other Threads:
  0x000001f070550700 VMThread "VM Thread"                           [id=12888, stack(0x00000026b1a00000,0x00000026b1b00000) (1024K)]
  0x000001f0777eca10 WatcherThread "VM Periodic Task Thread"        [id=6492, stack(0x00000026b1900000,0x00000026b1a00000) (1024K)]
  0x000001f0704d41d0 WorkerThread "GC Thread#0"                     [id=9404, stack(0x00000026b1800000,0x00000026b1900000) (1024K)]
  0x000001f07d263f40 WorkerThread "GC Thread#1"                     [id=19468, stack(0x00000026b2700000,0x00000026b2800000) (1024K)]
  0x000001f07d2642e0 WorkerThread "GC Thread#2"                     [id=17840, stack(0x00000026b2800000,0x00000026b2900000) (1024K)]
  0x000001f07d264680 WorkerThread "GC Thread#3"                     [id=5924, stack(0x00000026b2900000,0x00000026b2a00000) (1024K)]
Total: 6

Threads with active compile tasks:
C2 CompilerThread0  74816 11520       4       org.eclipse.jdt.internal.core.search.indexing.BinaryIndexer::extractReferenceFromConstantPool (358 bytes)
Total: 1

VM state: not at safepoint (normal execution)

VM Mutex/Monitor currently owned by a thread: None

Heap address: 0x00000000c0000000, size: 1024 MB, Compressed Oops mode: 32-bit

CDS archive(s) mapped at: [0x000001f00f000000-0x000001f00fba0000-0x000001f00fba0000), size 12189696, SharedBaseAddress: 0x000001f00f000000, ArchiveRelocationMode: 1.
Compressed class space mapped at: 0x000001f010000000-0x000001f050000000, reserved size: 1073741824
Narrow klass base: 0x000001f00f000000, Narrow klass shift: 0, Narrow klass range: 0x100000000

GC Precious Log:
 CardTable entry size: 512
 CPUs: 4 total, 4 available
 Memory: 6086M
 Large Page Support: Disabled
 NUMA Support: Disabled
 Compressed Oops: Enabled (32-bit)
 Alignments: Space 512K, Generation 512K, Heap 2M
 Heap Min Capacity: 100M
 Heap Initial Capacity: 100M
 Heap Max Capacity: 1G
 Pre-touch: Disabled
 Parallel Workers: 4

Heap:
 PSYoungGen      total 2048K, used 497K [0x00000000eab00000, 0x00000000ead80000, 0x0000000100000000)
  eden space 1536K, 11% used [0x00000000eab00000,0x00000000eab2d870,0x00000000eac80000)
  from space 512K, 61% used [0x00000000ead00000,0x00000000ead4ef38,0x00000000ead80000)
  to   space 512K, 0% used [0x00000000eac80000,0x00000000eac80000,0x00000000ead00000)
 ParOldGen       total 422400K, used 422273K [0x00000000c0000000, 0x00000000d9c80000, 0x00000000eab00000)
  object space 422400K, 99% used [0x00000000c0000000,0x00000000d9c60420,0x00000000d9c80000)
 Metaspace       used 62427K, committed 63936K, reserved 1114112K
  class space    used 6425K, committed 7104K, reserved 1048576K

Card table byte_map: [0x000001f075180000,0x000001f075390000] _byte_map_base: 0x000001f074b80000

Marking Bits: (ParMarkBitMap*) 0x00007ffbb5163260
 Begin Bits: [0x000001f0754f0000, 0x000001f0764f0000)
 End Bits:   [0x000001f0764f0000, 0x000001f0774f0000)

Polling page: 0x000001f070580000

Metaspace:

Usage:
  Non-class:     54.69 MB used.
      Class:      6.28 MB used.
       Both:     60.96 MB used.

Virtual space:
  Non-class space:       64.00 MB reserved,      55.50 MB ( 87%) committed,  1 nodes.
      Class space:        1.00 GB reserved,       6.94 MB ( <1%) committed,  1 nodes.
             Both:        1.06 GB reserved,      62.44 MB (  6%) committed. 

Chunk freelists:
   Non-Class:  7.83 MB
       Class:  9.04 MB
        Both:  16.86 MB

MaxMetaspaceSize: unlimited
CompressedClassSpaceSize: 1.00 GB
Initial GC threshold: 21.00 MB
Current GC threshold: 97.31 MB
CDS: on
 - commit_granule_bytes: 65536.
 - commit_granule_words: 8192.
 - virtual_space_node_default_size: 8388608.
 - enlarge_chunks_in_place: 1.
 - use_allocation_guard: 0.


Internal statistics:

num_allocs_failed_limit: 9.
num_arena_births: 1184.
num_arena_deaths: 14.
num_vsnodes_births: 2.
num_vsnodes_deaths: 0.
num_space_committed: 999.
num_space_uncommitted: 0.
num_chunks_returned_to_freelist: 23.
num_chunks_taken_from_freelist: 4209.
num_chunk_merges: 15.
num_chunk_splits: 2541.
num_chunks_enlarged: 1378.
num_inconsistent_stats: 0.

CodeHeap 'non-profiled nmethods': size=120000Kb used=8827Kb max_used=8827Kb free=111172Kb
 bounds [0x000001f007ad0000, 0x000001f008370000, 0x000001f00f000000]
CodeHeap 'profiled nmethods': size=120000Kb used=23967Kb max_used=23967Kb free=96032Kb
 bounds [0x000001f000000000, 0x000001f001770000, 0x000001f007530000]
CodeHeap 'non-nmethods': size=5760Kb used=1418Kb max_used=1506Kb free=4341Kb
 bounds [0x000001f007530000, 0x000001f0077a0000, 0x000001f007ad0000]
 total_blobs=11419 nmethods=10684 adapters=641
 compilation: enabled
              stopped_count=0, restarted_count=0
 full_count=0

Compilation events (20 events):
Event: 72.648 Thread 0x000001f077865b20 11497       4       org.eclipse.jdt.internal.core.search.indexing.BinaryContainer::isIdentifier (44 bytes)
Event: 72.650 Thread 0x000001f077865b20 nmethod 11497 0x000001f00834c310 code [0x000001f00834c4a0, 0x000001f00834c5b0]
Event: 72.650 Thread 0x000001f077865b20 11499       4       org.eclipse.jdt.internal.core.search.matching.FieldPattern::createIndexKey (2 bytes)
Event: 72.650 Thread 0x000001f077865b20 nmethod 11499 0x000001f00834c690 code [0x000001f00834c800, 0x000001f00834c868]
Event: 72.732 Thread 0x000001f077865b20 11515 %     4       org.eclipse.jdt.internal.core.search.indexing.BinaryIndexer::extractReferenceFromConstantPool @ 15 (358 bytes)
Event: 73.513 Thread 0x000001f0778c8280 11516       3       org.eclipse.jdt.internal.core.search.JavaSearchDocument::<init> (21 bytes)
Event: 73.516 Thread 0x000001f0778c8280 nmethod 11516 0x000001f001755a90 code [0x000001f001755ea0, 0x000001f001758080]
Event: 73.520 Thread 0x000001f0778c8280 11517   !   3       org.eclipse.jdt.internal.compiler.util.Util::getZipEntryByteContent (84 bytes)
Event: 73.521 Thread 0x000001f0778c8280 nmethod 11517 0x000001f001758c90 code [0x000001f001758ee0, 0x000001f001759690]
Event: 73.735 Thread 0x000001f0778c8280 11519       3       org.eclipse.jdt.internal.compiler.parser.Scanner::internalScanIdentifierOrKeyword (4939 bytes)
Event: 73.750 Thread 0x000001f077865b20 nmethod 11515% 0x000001f00834c990 code [0x000001f00834cf60, 0x000001f008353170]
Event: 73.752 Thread 0x000001f077865b20 11518       4       org.eclipse.jdt.internal.core.search.indexing.BinaryIndexer::addBinaryAnnotation (87 bytes)
Event: 73.766 Thread 0x000001f0778c8280 nmethod 11519 0x000001f001759b10 code [0x000001f00175a980, 0x000001f001765a90]
Event: 73.816 Thread 0x000001f077865b20 nmethod 11518 0x000001f008356490 code [0x000001f008356800, 0x000001f008357e58]
Event: 73.817 Thread 0x000001f077865b20 11520       4       org.eclipse.jdt.internal.core.search.indexing.BinaryIndexer::extractReferenceFromConstantPool (358 bytes)
Event: 73.873 Thread 0x000001f07ee50270 nmethod 11512 0x000001f008359010 code [0x000001f008359ca0, 0x000001f008365868]
Event: 73.875 Thread 0x000001f07ee50270 11521   !   4       org.eclipse.jdt.internal.core.search.indexing.AbstractIndexer::addMethodDeclaration (42 bytes)
Event: 73.880 Thread 0x000001f07ee50270 nmethod 11521 0x000001f00836e490 code [0x000001f00836e660, 0x000001f00836e918]
Event: 74.088 Thread 0x000001f07ee50270 11522       4       java.util.ArrayDeque::poll (5 bytes)
Event: 74.089 Thread 0x000001f07ee50270 nmethod 11522 0x000001f00836eb90 code [0x000001f00836ed20, 0x000001f00836ee18]

GC Heap History (20 events):
Event: 73.433 GC heap before
{Heap before GC invocations=521 (full 3):
 PSYoungGen      total 2048K, used 1910K [0x00000000eab00000, 0x00000000ead80000, 0x0000000100000000)
  eden space 1536K, 100% used [0x00000000eab00000,0x00000000eac80000,0x00000000eac80000)
  from space 512K, 73% used [0x00000000eac80000,0x00000000eacdd808,0x00000000ead00000)
  to   space 512K, 0% used [0x00000000ead00000,0x00000000ead00000,0x00000000ead80000)
 ParOldGen       total 420352K, used 419879K [0x00000000c0000000, 0x00000000d9a80000, 0x00000000eab00000)
  object space 420352K, 99% used [0x00000000c0000000,0x00000000d9a09c10,0x00000000d9a80000)
 Metaspace       used 62425K, committed 63936K, reserved 1114112K
  class space    used 6425K, committed 7104K, reserved 1048576K
}
Event: 73.435 GC heap after
{Heap after GC invocations=521 (full 3):
 PSYoungGen      total 2048K, used 288K [0x00000000eab00000, 0x00000000ead80000, 0x0000000100000000)
  eden space 1536K, 0% used [0x00000000eab00000,0x00000000eab00000,0x00000000eac80000)
  from space 512K, 56% used [0x00000000ead00000,0x00000000ead48000,0x00000000ead80000)
  to   space 512K, 0% used [0x00000000eac80000,0x00000000eac80000,0x00000000ead00000)
 ParOldGen       total 420352K, used 420165K [0x00000000c0000000, 0x00000000d9a80000, 0x00000000eab00000)
  object space 420352K, 99% used [0x00000000c0000000,0x00000000d9a51418,0x00000000d9a80000)
 Metaspace       used 62425K, committed 63936K, reserved 1114112K
  class space    used 6425K, committed 7104K, reserved 1048576K
}
Event: 73.488 GC heap before
{Heap before GC invocations=522 (full 3):
 PSYoungGen      total 2048K, used 1824K [0x00000000eab00000, 0x00000000ead80000, 0x0000000100000000)
  eden space 1536K, 100% used [0x00000000eab00000,0x00000000eac80000,0x00000000eac80000)
  from space 512K, 56% used [0x00000000ead00000,0x00000000ead48000,0x00000000ead80000)
  to   space 512K, 0% used [0x00000000eac80000,0x00000000eac80000,0x00000000ead00000)
 ParOldGen       total 420352K, used 420165K [0x00000000c0000000, 0x00000000d9a80000, 0x00000000eab00000)
  object space 420352K, 99% used [0x00000000c0000000,0x00000000d9a51418,0x00000000d9a80000)
 Metaspace       used 62425K, committed 63936K, reserved 1114112K
  class space    used 6425K, committed 7104K, reserved 1048576K
}
Event: 73.495 GC heap after
{Heap after GC invocations=522 (full 3):
 PSYoungGen      total 2048K, used 288K [0x00000000eab00000, 0x00000000ead80000, 0x0000000100000000)
  eden space 1536K, 0% used [0x00000000eab00000,0x00000000eab00000,0x00000000eac80000)
  from space 512K, 56% used [0x00000000eac80000,0x00000000eacc8000,0x00000000ead00000)
  to   space 512K, 0% used [0x00000000ead00000,0x00000000ead00000,0x00000000ead80000)
 ParOldGen       total 420864K, used 420373K [0x00000000c0000000, 0x00000000d9b00000, 0x00000000eab00000)
  object space 420864K, 99% used [0x00000000c0000000,0x00000000d9a85418,0x00000000d9b00000)
 Metaspace       used 62425K, committed 63936K, reserved 1114112K
  class space    used 6425K, committed 7104K, reserved 1048576K
}
Event: 73.564 GC heap before
{Heap before GC invocations=523 (full 3):
 PSYoungGen      total 2048K, used 1822K [0x00000000eab00000, 0x00000000ead80000, 0x0000000100000000)
  eden space 1536K, 99% used [0x00000000eab00000,0x00000000eac7f870,0x00000000eac80000)
  from space 512K, 56% used [0x00000000eac80000,0x00000000eacc8000,0x00000000ead00000)
  to   space 512K, 0% used [0x00000000ead00000,0x00000000ead00000,0x00000000ead80000)
 ParOldGen       total 420864K, used 420373K [0x00000000c0000000, 0x00000000d9b00000, 0x00000000eab00000)
  object space 420864K, 99% used [0x00000000c0000000,0x00000000d9a85418,0x00000000d9b00000)
 Metaspace       used 62427K, committed 63936K, reserved 1114112K
  class space    used 6425K, committed 7104K, reserved 1048576K
}
Event: 73.568 GC heap after
{Heap after GC invocations=523 (full 3):
 PSYoungGen      total 2048K, used 295K [0x00000000eab00000, 0x00000000ead80000, 0x0000000100000000)
  eden space 1536K, 0% used [0x00000000eab00000,0x00000000eab00000,0x00000000eac80000)
  from space 512K, 57% used [0x00000000ead00000,0x00000000ead49c98,0x00000000ead80000)
  to   space 512K, 0% used [0x00000000eac80000,0x00000000eac80000,0x00000000ead00000)
 ParOldGen       total 420864K, used 420565K [0x00000000c0000000, 0x00000000d9b00000, 0x00000000eab00000)
  object space 420864K, 99% used [0x00000000c0000000,0x00000000d9ab5418,0x00000000d9b00000)
 Metaspace       used 62427K, committed 63936K, reserved 1114112K
  class space    used 6425K, committed 7104K, reserved 1048576K
}
Event: 73.631 GC heap before
{Heap before GC invocations=524 (full 3):
 PSYoungGen      total 2048K, used 1831K [0x00000000eab00000, 0x00000000ead80000, 0x0000000100000000)
  eden space 1536K, 100% used [0x00000000eab00000,0x00000000eac80000,0x00000000eac80000)
  from space 512K, 57% used [0x00000000ead00000,0x00000000ead49c98,0x00000000ead80000)
  to   space 512K, 0% used [0x00000000eac80000,0x00000000eac80000,0x00000000ead00000)
 ParOldGen       total 420864K, used 420565K [0x00000000c0000000, 0x00000000d9b00000, 0x00000000eab00000)
  object space 420864K, 99% used [0x00000000c0000000,0x00000000d9ab5418,0x00000000d9b00000)
 Metaspace       used 62427K, committed 63936K, reserved 1114112K
  class space    used 6425K, committed 7104K, reserved 1048576K
}
Event: 73.634 GC heap after
{Heap after GC invocations=524 (full 3):
 PSYoungGen      total 2048K, used 256K [0x00000000eab00000, 0x00000000ead80000, 0x0000000100000000)
  eden space 1536K, 0% used [0x00000000eab00000,0x00000000eab00000,0x00000000eac80000)
  from space 512K, 50% used [0x00000000eac80000,0x00000000eacc0000,0x00000000ead00000)
  to   space 512K, 0% used [0x00000000ead00000,0x00000000ead00000,0x00000000ead80000)
 ParOldGen       total 420864K, used 420765K [0x00000000c0000000, 0x00000000d9b00000, 0x00000000eab00000)
  object space 420864K, 99% used [0x00000000c0000000,0x00000000d9ae7418,0x00000000d9b00000)
 Metaspace       used 62427K, committed 63936K, reserved 1114112K
  class space    used 6425K, committed 7104K, reserved 1048576K
}
Event: 73.685 GC heap before
{Heap before GC invocations=525 (full 3):
 PSYoungGen      total 2048K, used 1792K [0x00000000eab00000, 0x00000000ead80000, 0x0000000100000000)
  eden space 1536K, 100% used [0x00000000eab00000,0x00000000eac80000,0x00000000eac80000)
  from space 512K, 50% used [0x00000000eac80000,0x00000000eacc0000,0x00000000ead00000)
  to   space 512K, 0% used [0x00000000ead00000,0x00000000ead00000,0x00000000ead80000)
 ParOldGen       total 420864K, used 420765K [0x00000000c0000000, 0x00000000d9b00000, 0x00000000eab00000)
  object space 420864K, 99% used [0x00000000c0000000,0x00000000d9ae7418,0x00000000d9b00000)
 Metaspace       used 62427K, committed 63936K, reserved 1114112K
  class space    used 6425K, committed 7104K, reserved 1048576K
}
Event: 73.687 GC heap after
{Heap after GC invocations=525 (full 3):
 PSYoungGen      total 2048K, used 224K [0x00000000eab00000, 0x00000000ead80000, 0x0000000100000000)
  eden space 1536K, 0% used [0x00000000eab00000,0x00000000eab00000,0x00000000eac80000)
  from space 512K, 43% used [0x00000000ead00000,0x00000000ead38000,0x00000000ead80000)
  to   space 512K, 0% used [0x00000000eac80000,0x00000000eac80000,0x00000000ead00000)
 ParOldGen       total 421376K, used 420997K [0x00000000c0000000, 0x00000000d9b80000, 0x00000000eab00000)
  object space 421376K, 99% used [0x00000000c0000000,0x00000000d9b21418,0x00000000d9b80000)
 Metaspace       used 62427K, committed 63936K, reserved 1114112K
  class space    used 6425K, committed 7104K, reserved 1048576K
}
Event: 73.768 GC heap before
{Heap before GC invocations=526 (full 3):
 PSYoungGen      total 2048K, used 1755K [0x00000000eab00000, 0x00000000ead80000, 0x0000000100000000)
  eden space 1536K, 99% used [0x00000000eab00000,0x00000000eac7ed18,0x00000000eac80000)
  from space 512K, 43% used [0x00000000ead00000,0x00000000ead38000,0x00000000ead80000)
  to   space 512K, 0% used [0x00000000eac80000,0x00000000eac80000,0x00000000ead00000)
 ParOldGen       total 421376K, used 420997K [0x00000000c0000000, 0x00000000d9b80000, 0x00000000eab00000)
  object space 421376K, 99% used [0x00000000c0000000,0x00000000d9b21418,0x00000000d9b80000)
 Metaspace       used 62427K, committed 63936K, reserved 1114112K
  class space    used 6425K, committed 7104K, reserved 1048576K
}
Event: 73.771 GC heap after
{Heap after GC invocations=526 (full 3):
 PSYoungGen      total 2048K, used 256K [0x00000000eab00000, 0x00000000ead80000, 0x0000000100000000)
  eden space 1536K, 0% used [0x00000000eab00000,0x00000000eab00000,0x00000000eac80000)
  from space 512K, 50% used [0x00000000eac80000,0x00000000eacc0000,0x00000000ead00000)
  to   space 512K, 0% used [0x00000000ead00000,0x00000000ead00000,0x00000000ead80000)
 ParOldGen       total 421376K, used 421205K [0x00000000c0000000, 0x00000000d9b80000, 0x00000000eab00000)
  object space 421376K, 99% used [0x00000000c0000000,0x00000000d9b55418,0x00000000d9b80000)
 Metaspace       used 62427K, committed 63936K, reserved 1114112K
  class space    used 6425K, committed 7104K, reserved 1048576K
}
Event: 73.855 GC heap before
{Heap before GC invocations=527 (full 3):
 PSYoungGen      total 2048K, used 1732K [0x00000000eab00000, 0x00000000ead80000, 0x0000000100000000)
  eden space 1536K, 96% used [0x00000000eab00000,0x00000000eac710a0,0x00000000eac80000)
  from space 512K, 50% used [0x00000000eac80000,0x00000000eacc0000,0x00000000ead00000)
  to   space 512K, 0% used [0x00000000ead00000,0x00000000ead00000,0x00000000ead80000)
 ParOldGen       total 421376K, used 421205K [0x00000000c0000000, 0x00000000d9b80000, 0x00000000eab00000)
  object space 421376K, 99% used [0x00000000c0000000,0x00000000d9b55418,0x00000000d9b80000)
 Metaspace       used 62427K, committed 63936K, reserved 1114112K
  class space    used 6425K, committed 7104K, reserved 1048576K
}
Event: 73.859 GC heap after
{Heap after GC invocations=527 (full 3):
 PSYoungGen      total 2048K, used 224K [0x00000000eab00000, 0x00000000ead80000, 0x0000000100000000)
  eden space 1536K, 0% used [0x00000000eab00000,0x00000000eab00000,0x00000000eac80000)
  from space 512K, 43% used [0x00000000ead00000,0x00000000ead38000,0x00000000ead80000)
  to   space 512K, 0% used [0x00000000eac80000,0x00000000eac80000,0x00000000ead00000)
 ParOldGen       total 421888K, used 421405K [0x00000000c0000000, 0x00000000d9c00000, 0x00000000eab00000)
  object space 421888K, 99% used [0x00000000c0000000,0x00000000d9b87418,0x00000000d9c00000)
 Metaspace       used 62427K, committed 63936K, reserved 1114112K
  class space    used 6425K, committed 7104K, reserved 1048576K
}
Event: 74.095 GC heap before
{Heap before GC invocations=528 (full 3):
 PSYoungGen      total 2048K, used 1760K [0x00000000eab00000, 0x00000000ead80000, 0x0000000100000000)
  eden space 1536K, 100% used [0x00000000eab00000,0x00000000eac80000,0x00000000eac80000)
  from space 512K, 43% used [0x00000000ead00000,0x00000000ead38000,0x00000000ead80000)
  to   space 512K, 0% used [0x00000000eac80000,0x00000000eac80000,0x00000000ead00000)
 ParOldGen       total 421888K, used 421405K [0x00000000c0000000, 0x00000000d9c00000, 0x00000000eab00000)
  object space 421888K, 99% used [0x00000000c0000000,0x00000000d9b87418,0x00000000d9c00000)
 Metaspace       used 62427K, committed 63936K, reserved 1114112K
  class space    used 6425K, committed 7104K, reserved 1048576K
}
Event: 74.099 GC heap after
{Heap after GC invocations=528 (full 3):
 PSYoungGen      total 2048K, used 332K [0x00000000eab00000, 0x00000000ead80000, 0x0000000100000000)
  eden space 1536K, 0% used [0x00000000eab00000,0x00000000eab00000,0x00000000eac80000)
  from space 512K, 64% used [0x00000000eac80000,0x00000000eacd3008,0x00000000ead00000)
  to   space 512K, 0% used [0x00000000ead00000,0x00000000ead00000,0x00000000ead80000)
 ParOldGen       total 421888K, used 421597K [0x00000000c0000000, 0x00000000d9c00000, 0x00000000eab00000)
  object space 421888K, 99% used [0x00000000c0000000,0x00000000d9bb7418,0x00000000d9c00000)
 Metaspace       used 62427K, committed 63936K, reserved 1114112K
  class space    used 6425K, committed 7104K, reserved 1048576K
}
Event: 74.110 GC heap before
{Heap before GC invocations=529 (full 3):
 PSYoungGen      total 2048K, used 1868K [0x00000000eab00000, 0x00000000ead80000, 0x0000000100000000)
  eden space 1536K, 100% used [0x00000000eab00000,0x00000000eac80000,0x00000000eac80000)
  from space 512K, 64% used [0x00000000eac80000,0x00000000eacd3008,0x00000000ead00000)
  to   space 512K, 0% used [0x00000000ead00000,0x00000000ead00000,0x00000000ead80000)
 ParOldGen       total 421888K, used 421597K [0x00000000c0000000, 0x00000000d9c00000, 0x00000000eab00000)
  object space 421888K, 99% used [0x00000000c0000000,0x00000000d9bb7418,0x00000000d9c00000)
 Metaspace       used 62427K, committed 63936K, reserved 1114112K
  class space    used 6425K, committed 7104K, reserved 1048576K
}
Event: 74.114 GC heap after
{Heap after GC invocations=529 (full 3):
 PSYoungGen      total 2048K, used 288K [0x00000000eab00000, 0x00000000ead80000, 0x0000000100000000)
  eden space 1536K, 0% used [0x00000000eab00000,0x00000000eab00000,0x00000000eac80000)
  from space 512K, 56% used [0x00000000ead00000,0x00000000ead48000,0x00000000ead80000)
  to   space 512K, 0% used [0x00000000eac80000,0x00000000eac80000,0x00000000ead00000)
 ParOldGen       total 421888K, used 421865K [0x00000000c0000000, 0x00000000d9c00000, 0x00000000eab00000)
  object space 421888K, 99% used [0x00000000c0000000,0x00000000d9bfa420,0x00000000d9c00000)
 Metaspace       used 62427K, committed 63936K, reserved 1114112K
  class space    used 6425K, committed 7104K, reserved 1048576K
}
Event: 74.135 GC heap before
{Heap before GC invocations=530 (full 3):
 PSYoungGen      total 2048K, used 1824K [0x00000000eab00000, 0x00000000ead80000, 0x0000000100000000)
  eden space 1536K, 100% used [0x00000000eab00000,0x00000000eac80000,0x00000000eac80000)
  from space 512K, 56% used [0x00000000ead00000,0x00000000ead48000,0x00000000ead80000)
  to   space 512K, 0% used [0x00000000eac80000,0x00000000eac80000,0x00000000ead00000)
 ParOldGen       total 421888K, used 421865K [0x00000000c0000000, 0x00000000d9c00000, 0x00000000eab00000)
  object space 421888K, 99% used [0x00000000c0000000,0x00000000d9bfa420,0x00000000d9c00000)
 Metaspace       used 62427K, committed 63936K, reserved 1114112K
  class space    used 6425K, committed 7104K, reserved 1048576K
}
Event: 74.138 GC heap after
{Heap after GC invocations=530 (full 3):
 PSYoungGen      total 2048K, used 288K [0x00000000eab00000, 0x00000000ead80000, 0x0000000100000000)
  eden space 1536K, 0% used [0x00000000eab00000,0x00000000eab00000,0x00000000eac80000)
  from space 512K, 56% used [0x00000000eac80000,0x00000000eacc8000,0x00000000ead00000)
  to   space 512K, 0% used [0x00000000ead00000,0x00000000ead00000,0x00000000ead80000)
 ParOldGen       total 422400K, used 422065K [0x00000000c0000000, 0x00000000d9c80000, 0x00000000eab00000)
  object space 422400K, 99% used [0x00000000c0000000,0x00000000d9c2c420,0x00000000d9c80000)
 Metaspace       used 62427K, committed 63936K, reserved 1114112K
  class space    used 6425K, committed 7104K, reserved 1048576K
}

Dll operation events (12 events):
Event: 0.027 Loaded shared library c:\Users\palak\.vscode\extensions\redhat.java-1.40.0-win32-x64\jre\21.0.6-win32-x86_64\bin\java.dll
Event: 0.248 Loaded shared library c:\Users\palak\.vscode\extensions\redhat.java-1.40.0-win32-x64\jre\21.0.6-win32-x86_64\bin\zip.dll
Event: 0.310 Loaded shared library C:\Users\palak\.vscode\extensions\redhat.java-1.40.0-win32-x64\jre\21.0.6-win32-x86_64\bin\instrument.dll
Event: 0.324 Loaded shared library C:\Users\palak\.vscode\extensions\redhat.java-1.40.0-win32-x64\jre\21.0.6-win32-x86_64\bin\net.dll
Event: 0.332 Loaded shared library C:\Users\palak\.vscode\extensions\redhat.java-1.40.0-win32-x64\jre\21.0.6-win32-x86_64\bin\nio.dll
Event: 0.342 Loaded shared library C:\Users\palak\.vscode\extensions\redhat.java-1.40.0-win32-x64\jre\21.0.6-win32-x86_64\bin\zip.dll
Event: 0.396 Loaded shared library C:\Users\palak\.vscode\extensions\redhat.java-1.40.0-win32-x64\jre\21.0.6-win32-x86_64\bin\jimage.dll
Event: 0.661 Loaded shared library c:\Users\palak\.vscode\extensions\redhat.java-1.40.0-win32-x64\jre\21.0.6-win32-x86_64\bin\verify.dll
Event: 5.212 Loaded shared library C:\Users\palak\AppData\Roaming\Code\User\globalStorage\redhat.java\1.40.0\config_win\org.eclipse.equinox.launcher\org.eclipse.equinox.launcher.win32.win32.x86_64_1.2.1200.v20250212-0927\eclipse_11909.dll
Event: 10.883 Loaded shared library C:\Users\palak\AppData\Local\Temp\jna-106430981\jna504230727648016758.dll
Event: 16.477 Loaded shared library C:\Users\palak\.vscode\extensions\redhat.java-1.40.0-win32-x64\jre\21.0.6-win32-x86_64\bin\management.dll
Event: 16.507 Loaded shared library C:\Users\palak\.vscode\extensions\redhat.java-1.40.0-win32-x64\jre\21.0.6-win32-x86_64\bin\management_ext.dll

Deoptimization events (20 events):
Event: 71.557 Thread 0x000001f07dcffd10 Uncommon trap: trap_request=0xffffffbe fr.pc=0x000001f0081cc120 relative=0x0000000000000580
Event: 71.557 Thread 0x000001f07dcffd10 Uncommon trap: reason=profile_predicate action=maybe_recompile pc=0x000001f0081cc120 method=org.eclipse.jdt.internal.compiler.util.SimpleLookupTable.put(Ljava/lang/Object;Ljava/lang/Object;)Ljava/lang/Object; @ 61 c2
Event: 71.557 Thread 0x000001f07dcffd10 DEOPT PACKING pc=0x000001f0081cc120 sp=0x00000026b36ff0d0
Event: 71.557 Thread 0x000001f07dcffd10 DEOPT UNPACKING pc=0x000001f007583aa2 sp=0x00000026b36ff088 mode 2
Event: 71.583 Thread 0x000001f07dcffd10 Uncommon trap: trap_request=0xffffff45 fr.pc=0x000001f007dc4f98 relative=0x0000000000000158
Event: 71.583 Thread 0x000001f07dcffd10 Uncommon trap: reason=unstable_if action=reinterpret pc=0x000001f007dc4f98 method=org.eclipse.jdt.internal.compiler.util.Util.isClassFileName(Ljava/lang/String;)Z @ 20 c2
Event: 71.583 Thread 0x000001f07dcffd10 DEOPT PACKING pc=0x000001f007dc4f98 sp=0x00000026b36ff220
Event: 71.583 Thread 0x000001f07dcffd10 DEOPT UNPACKING pc=0x000001f007583aa2 sp=0x00000026b36ff1a0 mode 2
Event: 71.583 Thread 0x000001f07dcffd10 Uncommon trap: trap_request=0xffffff45 fr.pc=0x000001f008283898 relative=0x0000000000000ad8
Event: 71.583 Thread 0x000001f07dcffd10 Uncommon trap: reason=unstable_if action=reinterpret pc=0x000001f008283898 method=org.eclipse.jdt.internal.core.search.indexing.BinaryContainer.isValidPackageNameForClassOrisModule(Ljava/lang/String;)Z @ 41 c2
Event: 71.584 Thread 0x000001f07dcffd10 DEOPT PACKING pc=0x000001f008283898 sp=0x00000026b36ff1c0
Event: 71.584 Thread 0x000001f07dcffd10 DEOPT UNPACKING pc=0x000001f007583aa2 sp=0x00000026b36ff1b0 mode 2
Event: 71.601 Thread 0x000001f07dcffd10 Uncommon trap: trap_request=0xffffff6e fr.pc=0x000001f0082ea260 relative=0x00000000000008e0
Event: 71.602 Thread 0x000001f07dcffd10 Uncommon trap: reason=loop_limit_check action=maybe_recompile pc=0x000001f0082ea260 method=org.eclipse.jdt.internal.compiler.util.SimpleLookupTable.rehash()V @ 50 c2
Event: 71.602 Thread 0x000001f07dcffd10 DEOPT PACKING pc=0x000001f0082ea260 sp=0x00000026b36ff030
Event: 71.602 Thread 0x000001f07dcffd10 DEOPT UNPACKING pc=0x000001f007583aa2 sp=0x00000026b36fefe0 mode 2
Event: 73.706 Thread 0x000001f07dcffd10 Uncommon trap: trap_request=0xffffff45 fr.pc=0x000001f0082e73a0 relative=0x0000000000001dc0
Event: 73.706 Thread 0x000001f07dcffd10 Uncommon trap: reason=unstable_if action=reinterpret pc=0x000001f0082e73a0 method=org.eclipse.jdt.internal.compiler.parser.Scanner.internalScanIdentifierOrKeyword(II[C)I @ 2260 c2
Event: 73.706 Thread 0x000001f07dcffd10 DEOPT PACKING pc=0x000001f0082e73a0 sp=0x00000026b36ff0c0
Event: 73.706 Thread 0x000001f07dcffd10 DEOPT UNPACKING pc=0x000001f007583aa2 sp=0x00000026b36ff068 mode 2

Classes loaded (20 events):
Event: 44.280 Loading class java/util/concurrent/CompletionException
Event: 44.280 Loading class java/util/concurrent/CompletionException done
Event: 44.287 Loading class java/nio/file/FileTreeWalker$1
Event: 44.287 Loading class java/nio/file/FileTreeWalker$1 done
Event: 44.289 Loading class sun/nio/fs/Globs
Event: 44.289 Loading class sun/nio/fs/Globs done
Event: 44.289 Loading class java/util/regex/Pattern$SliceU
Event: 44.290 Loading class java/util/regex/Pattern$SliceU done
Event: 44.290 Loading class sun/nio/fs/WindowsFileSystem$2
Event: 44.290 Loading class java/nio/file/PathMatcher
Event: 44.290 Loading class java/nio/file/PathMatcher done
Event: 44.290 Loading class sun/nio/fs/WindowsFileSystem$2 done
Event: 44.622 Loading class java/util/Collections$SynchronizedRandomAccessList
Event: 44.622 Loading class java/util/Collections$SynchronizedList
Event: 44.623 Loading class java/util/Collections$SynchronizedList done
Event: 44.623 Loading class java/util/Collections$SynchronizedRandomAccessList done
Event: 44.683 Loading class java/util/concurrent/CompletableFuture$Signaller
Event: 44.685 Loading class java/util/concurrent/CompletableFuture$Signaller done
Event: 71.362 Loading class sun/nio/fs/WindowsFileCopy
Event: 71.363 Loading class sun/nio/fs/WindowsFileCopy done

Classes unloaded (7 events):
Event: 13.049 Thread 0x000001f070550700 Unloading class 0x000001f010194c00 'java/lang/invoke/LambdaForm$MH+0x000001f010194c00'
Event: 13.049 Thread 0x000001f070550700 Unloading class 0x000001f010194800 'java/lang/invoke/LambdaForm$MH+0x000001f010194800'
Event: 13.049 Thread 0x000001f070550700 Unloading class 0x000001f010194400 'java/lang/invoke/LambdaForm$MH+0x000001f010194400'
Event: 13.049 Thread 0x000001f070550700 Unloading class 0x000001f010194000 'java/lang/invoke/LambdaForm$MH+0x000001f010194000'
Event: 13.049 Thread 0x000001f070550700 Unloading class 0x000001f010193c00 'java/lang/invoke/LambdaForm$BMH+0x000001f010193c00'
Event: 13.049 Thread 0x000001f070550700 Unloading class 0x000001f010193800 'java/lang/invoke/LambdaForm$DMH+0x000001f010193800'
Event: 13.049 Thread 0x000001f070550700 Unloading class 0x000001f010192400 'java/lang/invoke/LambdaForm$DMH+0x000001f010192400'

Classes redefined (0 events):
No events

Internal exceptions (20 events):
Event: 44.489 Thread 0x000001f07e420cd0 Exception <a 'sun/nio/fs/WindowsException'{0x00000000eb27f068}> (0x00000000eb27f068) 
thrown [s\src\hotspot\share\prims\jni.cpp, line 520]
Event: 44.491 Thread 0x000001f07e420cd0 Exception <a 'sun/nio/fs/WindowsException'{0x00000000eb2837c0}> (0x00000000eb2837c0) 
thrown [s\src\hotspot\share\prims\jni.cpp, line 520]
Event: 44.491 Thread 0x000001f07e420cd0 Exception <a 'sun/nio/fs/WindowsException'{0x00000000eb284020}> (0x00000000eb284020) 
thrown [s\src\hotspot\share\prims\jni.cpp, line 520]
Event: 44.491 Thread 0x000001f07e420cd0 Exception <a 'sun/nio/fs/WindowsException'{0x00000000eb284640}> (0x00000000eb284640) 
thrown [s\src\hotspot\share\prims\jni.cpp, line 520]
Event: 44.492 Thread 0x000001f07e420cd0 Exception <a 'sun/nio/fs/WindowsException'{0x00000000eb284ec8}> (0x00000000eb284ec8) 
thrown [s\src\hotspot\share\prims\jni.cpp, line 520]
Event: 44.500 Thread 0x000001f07e420cd0 Exception <a 'sun/nio/fs/WindowsException'{0x00000000eb289148}> (0x00000000eb289148) 
thrown [s\src\hotspot\share\prims\jni.cpp, line 520]
Event: 44.500 Thread 0x000001f07e420cd0 Exception <a 'sun/nio/fs/WindowsException'{0x00000000eb289a40}> (0x00000000eb289a40) 
thrown [s\src\hotspot\share\prims\jni.cpp, line 520]
Event: 44.501 Thread 0x000001f07e420cd0 Exception <a 'sun/nio/fs/WindowsException'{0x00000000eb28a2b8}> (0x00000000eb28a2b8) 
thrown [s\src\hotspot\share\prims\jni.cpp, line 520]
Event: 44.501 Thread 0x000001f07e420cd0 Exception <a 'sun/nio/fs/WindowsException'{0x00000000eb28ab50}> (0x00000000eb28ab50) 
thrown [s\src\hotspot\share\prims\jni.cpp, line 520]
Event: 44.503 Thread 0x000001f07e420cd0 Exception <a 'sun/nio/fs/WindowsException'{0x00000000eb28f040}> (0x00000000eb28f040) 
thrown [s\src\hotspot\share\prims\jni.cpp, line 520]
Event: 44.504 Thread 0x000001f07e420cd0 Exception <a 'sun/nio/fs/WindowsException'{0x00000000eb28f900}> (0x00000000eb28f900) 
thrown [s\src\hotspot\share\prims\jni.cpp, line 520]
Event: 44.504 Thread 0x000001f07e420cd0 Exception <a 'sun/nio/fs/WindowsException'{0x00000000eb2901e0}> (0x00000000eb2901e0) 
thrown [s\src\hotspot\share\prims\jni.cpp, line 520]
Event: 44.504 Thread 0x000001f07e420cd0 Exception <a 'sun/nio/fs/WindowsException'{0x00000000eb290860}> (0x00000000eb290860) 
thrown [s\src\hotspot\share\prims\jni.cpp, line 520]
Event: 44.674 Thread 0x000001f07e41f920 Exception <a 'java/lang/IncompatibleClassChangeError'{0x00000000eb433e30}: Found class java.lang.Object, but interface was expected> (0x00000000eb433e30) 
thrown [s\src\hotspot\share\interpreter\linkResolver.cpp, line 840]
Event: 44.846 Thread 0x000001f07dd003a0 Implicit null exception at 0x000001f007f08bfe to 0x000001f007f08f0c
Event: 47.238 Thread 0x000001f07dcffd10 Implicit null exception at 0x000001f0081d0cd0 to 0x000001f0081d5204
Event: 48.900 Thread 0x000001f07dcffd10 Implicit null exception at 0x000001f00821d2a0 to 0x000001f00822417c
Event: 71.364 Thread 0x000001f07dcffd10 Exception <a 'sun/nio/fs/WindowsException'{0x00000000eab3b7c0}> (0x00000000eab3b7c0) 
thrown [s\src\hotspot\share\prims\jni.cpp, line 520]
Event: 71.495 Thread 0x000001f07dcffd10 Exception <a 'sun/nio/fs/WindowsException'{0x00000000eab67ce8}> (0x00000000eab67ce8) 
thrown [s\src\hotspot\share\prims\jni.cpp, line 520]
Event: 71.551 Thread 0x000001f07dcffd10 Exception <a 'sun/nio/fs/WindowsException'{0x00000000eab81628}> (0x00000000eab81628) 
thrown [s\src\hotspot\share\prims\jni.cpp, line 520]

ZGC Phase Switch (0 events):
No events

VM Operations (20 events):
Event: 73.433 Executing VM operation: ParallelGCFailedAllocation (Allocation Failure)
Event: 73.435 Executing VM operation: ParallelGCFailedAllocation (Allocation Failure) done
Event: 73.488 Executing VM operation: ParallelGCFailedAllocation (Allocation Failure)
Event: 73.495 Executing VM operation: ParallelGCFailedAllocation (Allocation Failure) done
Event: 73.564 Executing VM operation: ParallelGCFailedAllocation (Allocation Failure)
Event: 73.568 Executing VM operation: ParallelGCFailedAllocation (Allocation Failure) done
Event: 73.631 Executing VM operation: ParallelGCFailedAllocation (Allocation Failure)
Event: 73.634 Executing VM operation: ParallelGCFailedAllocation (Allocation Failure) done
Event: 73.685 Executing VM operation: ParallelGCFailedAllocation (Allocation Failure)
Event: 73.687 Executing VM operation: ParallelGCFailedAllocation (Allocation Failure) done
Event: 73.768 Executing VM operation: ParallelGCFailedAllocation (Allocation Failure)
Event: 73.771 Executing VM operation: ParallelGCFailedAllocation (Allocation Failure) done
Event: 73.855 Executing VM operation: ParallelGCFailedAllocation (Allocation Failure)
Event: 73.859 Executing VM operation: ParallelGCFailedAllocation (Allocation Failure) done
Event: 74.095 Executing VM operation: ParallelGCFailedAllocation (Allocation Failure)
Event: 74.099 Executing VM operation: ParallelGCFailedAllocation (Allocation Failure) done
Event: 74.110 Executing VM operation: ParallelGCFailedAllocation (Allocation Failure)
Event: 74.114 Executing VM operation: ParallelGCFailedAllocation (Allocation Failure) done
Event: 74.135 Executing VM operation: ParallelGCFailedAllocation (Allocation Failure)
Event: 74.138 Executing VM operation: ParallelGCFailedAllocation (Allocation Failure) done

Memory protections (0 events):
No events

Nmethod flushes (20 events):
Event: 35.153 Thread 0x000001f070550700 flushing  nmethod 0x000001f00098a090
Event: 35.153 Thread 0x000001f070550700 flushing  nmethod 0x000001f00098a510
Event: 35.153 Thread 0x000001f070550700 flushing  nmethod 0x000001f000990a10
Event: 35.153 Thread 0x000001f070550700 flushing  nmethod 0x000001f00099a890
Event: 35.153 Thread 0x000001f070550700 flushing  nmethod 0x000001f0009a2a90
Event: 35.153 Thread 0x000001f070550700 flushing  nmethod 0x000001f0009a4090
Event: 35.153 Thread 0x000001f070550700 flushing  nmethod 0x000001f0009ac690
Event: 35.153 Thread 0x000001f070550700 flushing  nmethod 0x000001f0009b3110
Event: 35.153 Thread 0x000001f070550700 flushing  nmethod 0x000001f0009f1710
Event: 35.153 Thread 0x000001f070550700 flushing  nmethod 0x000001f0009ffc90
Event: 35.153 Thread 0x000001f070550700 flushing  nmethod 0x000001f000a00390
Event: 35.153 Thread 0x000001f070550700 flushing  nmethod 0x000001f000a01d90
Event: 35.153 Thread 0x000001f070550700 flushing  nmethod 0x000001f000a02390
Event: 35.153 Thread 0x000001f070550700 flushing  nmethod 0x000001f000a02f10
Event: 35.153 Thread 0x000001f070550700 flushing  nmethod 0x000001f000a03290
Event: 35.153 Thread 0x000001f070550700 flushing  nmethod 0x000001f000a03e90
Event: 35.153 Thread 0x000001f070550700 flushing  nmethod 0x000001f000a07410
Event: 35.153 Thread 0x000001f070550700 flushing  nmethod 0x000001f000a0d910
Event: 35.153 Thread 0x000001f070550700 flushing  nmethod 0x000001f000a0e690
Event: 35.153 Thread 0x000001f070550700 flushing  nmethod 0x000001f000a0f790

Events (20 events):
Event: 40.042 Thread 0x000001f0509dc930 Thread exited: 0x000001f0509dc930
Event: 40.045 Thread 0x000001f0509daef0 Thread exited: 0x000001f0509daef0
Event: 40.045 Thread 0x000001f0509dd650 Thread exited: 0x000001f0509dd650
Event: 40.046 Thread 0x000001f0509ddce0 Thread exited: 0x000001f0509ddce0
Event: 40.835 Thread 0x000001f07dcff680 Thread added: 0x000001f0509da860
Event: 40.836 Thread 0x000001f07dcff680 Thread added: 0x000001f0509d8e20
Event: 40.840 Thread 0x000001f07dcff680 Thread added: 0x000001f0509dd650
Event: 40.852 Thread 0x000001f07dcff680 Thread added: 0x000001f0509dc930
Event: 40.861 Thread 0x000001f07dcff680 Thread added: 0x000001f0509ddce0
Event: 41.016 Thread 0x000001f0509d8e20 Thread exited: 0x000001f0509d8e20
Event: 41.016 Thread 0x000001f0509ddce0 Thread exited: 0x000001f0509ddce0
Event: 41.016 Thread 0x000001f0509dd650 Thread exited: 0x000001f0509dd650
Event: 41.017 Thread 0x000001f0509dc930 Thread exited: 0x000001f0509dc930
Event: 41.020 Thread 0x000001f0509da860 Thread exited: 0x000001f0509da860
Event: 42.855 Thread 0x000001f07ee52480 Thread exited: 0x000001f07ee52480
Event: 45.249 Thread 0x000001f0778c8280 Thread added: 0x000001f07ee52480
Event: 51.464 Thread 0x000001f07ee52480 Thread exited: 0x000001f07ee52480
Event: 54.634 Thread 0x000001f077865b20 Thread added: 0x000001f07ee52480
Event: 57.255 Thread 0x000001f07ee52480 Thread exited: 0x000001f07ee52480
Event: 71.589 Thread 0x000001f0778c8280 Thread added: 0x000001f07ee50270


Dynamic libraries:
0x00007ff7d55b0000 - 0x00007ff7d55be000 	c:\Users\palak\.vscode\extensions\redhat.java-1.40.0-win32-x64\jre\21.0.6-win32-x86_64\bin\java.exe
0x00007ffc51e00000 - 0x00007ffc52063000 	C:\WINDOWS\SYSTEM32\ntdll.dll
0x00007ffc50cb0000 - 0x00007ffc50d77000 	C:\WINDOWS\System32\KERNEL32.DLL
0x00007ffc4f200000 - 0x00007ffc4f5c9000 	C:\WINDOWS\System32\KERNELBASE.dll
0x00007ffc4fad0000 - 0x00007ffc4fc1c000 	C:\WINDOWS\System32\ucrtbase.dll
0x00007ffc378b0000 - 0x00007ffc378c8000 	c:\Users\palak\.vscode\extensions\redhat.java-1.40.0-win32-x64\jre\21.0.6-win32-x86_64\bin\jli.dll
0x00007ffc51630000 - 0x00007ffc517fa000 	C:\WINDOWS\System32\USER32.dll
0x00007ffc4f000000 - 0x00007ffc4f027000 	C:\WINDOWS\System32\win32u.dll
0x00007ffc512f0000 - 0x00007ffc5131a000 	C:\WINDOWS\System32\GDI32.dll
0x00007ffc4f030000 - 0x00007ffc4f161000 	C:\WINDOWS\System32\gdi32full.dll
0x00007ffc4f690000 - 0x00007ffc4f733000 	C:\WINDOWS\System32\msvcp_win.dll
0x00007ffc22720000 - 0x00007ffc2273e000 	c:\Users\palak\.vscode\extensions\redhat.java-1.40.0-win32-x64\jre\21.0.6-win32-x86_64\bin\VCRUNTIME140.dll
0x00007ffc2f9a0000 - 0x00007ffc2fc30000 	C:\WINDOWS\WinSxS\amd64_microsoft.windows.common-controls_6595b64144ccf1df_6.0.26100.3323_none_3e088096e3344490\COMCTL32.dll
0x00007ffc51c40000 - 0x00007ffc51ce9000 	C:\WINDOWS\System32\msvcrt.dll
0x00007ffc51d80000 - 0x00007ffc51daf000 	C:\WINDOWS\System32\IMM32.DLL
0x00007ffc24f00000 - 0x00007ffc24f0c000 	c:\Users\palak\.vscode\extensions\redhat.java-1.40.0-win32-x64\jre\21.0.6-win32-x86_64\bin\vcruntime140_1.dll
0x00007ffbf2550000 - 0x00007ffbf25dd000 	c:\Users\palak\.vscode\extensions\redhat.java-1.40.0-win32-x64\jre\21.0.6-win32-x86_64\bin\msvcp140.dll
0x00007ffbb44b0000 - 0x00007ffbb5240000 	c:\Users\palak\.vscode\extensions\redhat.java-1.40.0-win32-x64\jre\21.0.6-win32-x86_64\bin\server\jvm.dll
0x00007ffc51a20000 - 0x00007ffc51ad2000 	C:\WINDOWS\System32\ADVAPI32.dll
0x00007ffc513a0000 - 0x00007ffc51446000 	C:\WINDOWS\System32\sechost.dll
0x00007ffc4fc30000 - 0x00007ffc4fd46000 	C:\WINDOWS\System32\RPCRT4.dll
0x00007ffc50d80000 - 0x00007ffc50df4000 	C:\WINDOWS\System32\WS2_32.dll
0x00007ffc4ee90000 - 0x00007ffc4eede000 	C:\WINDOWS\SYSTEM32\POWRPROF.dll
0x00007ffc488d0000 - 0x00007ffc48906000 	C:\WINDOWS\SYSTEM32\WINMM.dll
0x00007ffc48910000 - 0x00007ffc4891b000 	C:\WINDOWS\SYSTEM32\VERSION.dll
0x00007ffc4ee70000 - 0x00007ffc4ee84000 	C:\WINDOWS\SYSTEM32\UMPDC.dll
0x00007ffc4de20000 - 0x00007ffc4de3a000 	C:\WINDOWS\SYSTEM32\kernel.appcore.dll
0x00007ffc249b0000 - 0x00007ffc249ba000 	c:\Users\palak\.vscode\extensions\redhat.java-1.40.0-win32-x64\jre\21.0.6-win32-x86_64\bin\jimage.dll
0x00007ffc3fc90000 - 0x00007ffc3fed1000 	C:\WINDOWS\SYSTEM32\DBGHELP.DLL
0x00007ffc50f60000 - 0x00007ffc512e2000 	C:\WINDOWS\System32\combase.dll
0x00007ffc4ffb0000 - 0x00007ffc50086000 	C:\WINDOWS\System32\OLEAUT32.dll
0x00007ffc32990000 - 0x00007ffc329c9000 	C:\WINDOWS\SYSTEM32\dbgcore.DLL
0x00007ffc4f8c0000 - 0x00007ffc4f959000 	C:\WINDOWS\System32\bcryptPrimitives.dll
0x00007ffc22710000 - 0x00007ffc2271f000 	c:\Users\palak\.vscode\extensions\redhat.java-1.40.0-win32-x64\jre\21.0.6-win32-x86_64\bin\instrument.dll
0x00007ffc1e990000 - 0x00007ffc1e9af000 	c:\Users\palak\.vscode\extensions\redhat.java-1.40.0-win32-x64\jre\21.0.6-win32-x86_64\bin\java.dll
0x00007ffc500e0000 - 0x00007ffc507f5000 	C:\WINDOWS\System32\SHELL32.dll
0x00007ffc4f960000 - 0x00007ffc4fac8000 	C:\WINDOWS\System32\wintypes.dll
0x00007ffc4cce0000 - 0x00007ffc4d525000 	C:\WINDOWS\SYSTEM32\windows.storage.dll
0x00007ffc51800000 - 0x00007ffc518eb000 	C:\WINDOWS\System32\SHCORE.dll
0x00007ffc51be0000 - 0x00007ffc51c3d000 	C:\WINDOWS\System32\shlwapi.dll
0x00007ffc4ef10000 - 0x00007ffc4ef3f000 	C:\WINDOWS\SYSTEM32\profapi.dll
0x00007ffc1e780000 - 0x00007ffc1e798000 	c:\Users\palak\.vscode\extensions\redhat.java-1.40.0-win32-x64\jre\21.0.6-win32-x86_64\bin\zip.dll
0x00007ffc21250000 - 0x00007ffc21260000 	C:\Users\palak\.vscode\extensions\redhat.java-1.40.0-win32-x64\jre\21.0.6-win32-x86_64\bin\net.dll
0x00007ffc43890000 - 0x00007ffc439ae000 	C:\WINDOWS\SYSTEM32\WINHTTP.dll
0x00007ffc4e340000 - 0x00007ffc4e3aa000 	C:\WINDOWS\system32\mswsock.dll
0x00007ffc1e760000 - 0x00007ffc1e776000 	C:\Users\palak\.vscode\extensions\redhat.java-1.40.0-win32-x64\jre\21.0.6-win32-x86_64\bin\nio.dll
0x00007ffc1fbd0000 - 0x00007ffc1fbe0000 	c:\Users\palak\.vscode\extensions\redhat.java-1.40.0-win32-x64\jre\21.0.6-win32-x86_64\bin\verify.dll
0x00007ffc097d0000 - 0x00007ffc09815000 	C:\Users\palak\AppData\Roaming\Code\User\globalStorage\redhat.java\1.40.0\config_win\org.eclipse.equinox.launcher\org.eclipse.equinox.launcher.win32.win32.x86_64_1.2.1200.v20250212-0927\eclipse_11909.dll
0x00007ffc51490000 - 0x00007ffc51625000 	C:\WINDOWS\System32\ole32.dll
0x00007ffc4e5e0000 - 0x00007ffc4e5fc000 	C:\WINDOWS\SYSTEM32\CRYPTSP.dll
0x00007ffc4dd80000 - 0x00007ffc4ddba000 	C:\WINDOWS\system32\rsaenh.dll
0x00007ffc4e3e0000 - 0x00007ffc4e40b000 	C:\WINDOWS\SYSTEM32\USERENV.dll
0x00007ffc4e820000 - 0x00007ffc4e846000 	C:\WINDOWS\SYSTEM32\bcrypt.dll
0x00007ffc4e600000 - 0x00007ffc4e60c000 	C:\WINDOWS\SYSTEM32\CRYPTBASE.dll
0x00007ffc4d820000 - 0x00007ffc4d853000 	C:\WINDOWS\SYSTEM32\IPHLPAPI.DLL
0x00007ffc50800000 - 0x00007ffc5080a000 	C:\WINDOWS\System32\NSI.dll
0x00007ffbf4f40000 - 0x00007ffbf4f89000 	C:\Users\palak\AppData\Local\Temp\jna-106430981\jna504230727648016758.dll
0x00007ffc4fc20000 - 0x00007ffc4fc28000 	C:\WINDOWS\System32\PSAPI.DLL
0x00007ffc4a180000 - 0x00007ffc4a18a000 	C:\Users\palak\.vscode\extensions\redhat.java-1.40.0-win32-x64\jre\21.0.6-win32-x86_64\bin\management.dll
0x00007ffc37910000 - 0x00007ffc3791b000 	C:\Users\palak\.vscode\extensions\redhat.java-1.40.0-win32-x64\jre\21.0.6-win32-x86_64\bin\management_ext.dll
0x00007ffc43860000 - 0x00007ffc4387f000 	C:\WINDOWS\SYSTEM32\dhcpcsvc6.DLL
0x00007ffc43830000 - 0x00007ffc43855000 	C:\WINDOWS\SYSTEM32\dhcpcsvc.DLL

dbghelp: loaded successfully - version: 4.0.5 - missing functions: none
symbol engine: initialized successfully - sym options: 0x614 - pdb path: .;c:\Users\palak\.vscode\extensions\redhat.java-1.40.0-win32-x64\jre\21.0.6-win32-x86_64\bin;C:\WINDOWS\SYSTEM32;C:\WINDOWS\WinSxS\amd64_microsoft.windows.common-controls_6595b64144ccf1df_6.0.26100.3323_none_3e088096e3344490;c:\Users\palak\.vscode\extensions\redhat.java-1.40.0-win32-x64\jre\21.0.6-win32-x86_64\bin\server;C:\Users\palak\AppData\Roaming\Code\User\globalStorage\redhat.java\1.40.0\config_win\org.eclipse.equinox.launcher\org.eclipse.equinox.launcher.win32.win32.x86_64_1.2.1200.v20250212-0927;C:\Users\palak\AppData\Local\Temp\jna-106430981

VM Arguments:
jvm_args: --add-modules=ALL-SYSTEM --add-opens=java.base/java.util=ALL-UNNAMED --add-opens=java.base/java.lang=ALL-UNNAMED --add-opens=java.base/sun.nio.fs=ALL-UNNAMED -Declipse.application=org.eclipse.jdt.ls.core.id1 -Dosgi.bundles.defaultStartLevel=4 -Declipse.product=org.eclipse.jdt.ls.core.product -Djava.import.generatesMetadataFilesAtProjectRoot=false -DDetectVMInstallationsJob.disabled=true -Dfile.encoding=utf8 -XX:+UseParallelGC -XX:GCTimeRatio=4 -XX:AdaptiveSizePolicyWeight=90 -Dsun.zip.disableMemoryMapping=true -Xmx1G -Xms100m -Xlog:disable -javaagent:c:\Users\palak\.vscode\extensions\redhat.java-1.40.0-win32-x64\lombok\lombok-1.18.36.jar -XX:+HeapDumpOnOutOfMemoryError -XX:HeapDumpPath=c:\Users\palak\AppData\Roaming\Code\User\workspaceStorage\632f04cdbe9e26a6a5769c745b0508de\redhat.java -Daether.dependencyCollector.impl=bf 
java_command: c:\Users\palak\.vscode\extensions\redhat.java-1.40.0-win32-x64\server\plugins\org.eclipse.equinox.launcher_1.6.1000.v20250131-0606.jar -configuration c:\Users\palak\AppData\Roaming\Code\User\globalStorage\redhat.java\1.40.0\config_win -data c:\Users\palak\AppData\Roaming\Code\User\workspaceStorage\632f04cdbe9e26a6a5769c745b0508de\redhat.java\jdt_ws --pipe=\\.\pipe\lsp-4dbdcf9b0a3dd0ff47eca79e6118a3d4-sock
java_class_path (initial): c:\Users\palak\.vscode\extensions\redhat.java-1.40.0-win32-x64\server\plugins\org.eclipse.equinox.launcher_1.6.1000.v20250131-0606.jar
Launcher Type: SUN_STANDARD

[Global flags]
    uintx AdaptiveSizePolicyWeight                 = 90                                        {product} {command line}
     intx CICompilerCount                          = 3                                         {product} {ergonomic}
    uintx GCTimeRatio                              = 4                                         {product} {command line}
     bool HeapDumpOnOutOfMemoryError               = true                                   {manageable} {command line}
    ccstr HeapDumpPath                             = c:\Users\palak\AppData\Roaming\Code\User\workspaceStorage\632f04cdbe9e26a6a5769c745b0508de\redhat.java         {manageable} {command line}
   size_t InitialHeapSize                          = 104857600                                 {product} {command line}
   size_t MaxHeapSize                              = 1073741824                                {product} {command line}
   size_t MaxNewSize                               = 357564416                                 {product} {ergonomic}
   size_t MinHeapDeltaBytes                        = 524288                                    {product} {ergonomic}
   size_t MinHeapSize                              = 104857600                                 {product} {command line}
   size_t NewSize                                  = 34603008                                  {product} {ergonomic}
    uintx NonNMethodCodeHeapSize                   = 5832780                                {pd product} {ergonomic}
    uintx NonProfiledCodeHeapSize                  = 122912730                              {pd product} {ergonomic}
   size_t OldSize                                  = 70254592                                  {product} {ergonomic}
    uintx ProfiledCodeHeapSize                     = 122912730                              {pd product} {ergonomic}
    uintx ReservedCodeCacheSize                    = 251658240                              {pd product} {ergonomic}
     bool SegmentedCodeCache                       = true                                      {product} {ergonomic}
   size_t SoftMaxHeapSize                          = 1073741824                             {manageable} {ergonomic}
     bool UseCompressedOops                        = true                           {product lp64_product} {ergonomic}
     bool UseLargePagesIndividualAllocation        = false                                  {pd product} {ergonomic}
     bool UseParallelGC                            = true                                      {product} {command line}

Logging:
Log output configuration:
 #0: stdout all=off uptime,level,tags foldmultilines=false
 #1: stderr all=off uptime,level,tags foldmultilines=false

Environment Variables:
JAVA_HOME=C:\Users\palak\Downloads\java-21-openjdk-21.0.1.0.12-3.win.jdk.x86_64\java-21-openjdk-21.0.1.0.12-3.win.jdk.x86_64
PATH=C:\Program Files (x86)\Common Files\Oracle\Java\java8path;C:\Program Files (x86)\Common Files\Oracle\Java\javapath;C:\WINDOWS\system32;C:\WINDOWS;C:\WINDOWS\System32\Wbem;C:\WINDOWS\System32\WindowsPowerShell\v1.0\;C:\WINDOWS\System32\OpenSSH\;C:\Users\palak\Downloads\java-21-openjdk-21.0.1.0.12-3.win.jdk.x86_64\java-21-openjdk-21.0.1.0.12-3.win.jdk.x86_64\bin;C:\Users\palak\Downloads\apache-maven-3.9.8-bin\bin;c:\users\palak\appdata\local\packages\pythonsoftwarefoundation.python.3.11_qbz5n2kfra8p0\localcache\local-packages\python311\site-packages;C:\ProgramData\chocolatey\bin;C:\Program Files\nodejs\;C:\Users\palak\AppData\Local\Programs\Python\Python312\Scripts;C:\Program Files\Git\cmd;C:\Users\palak\Downloads\flutter_windows_3.27.3-stable\flutter\bin;C:\Users\palak\AppData\Local\Android\Sdk\cmdline-tools\latest\bin;C:\Users\palak\AppData\Local\Android\Sdk\platform-tools;C:\ffmpeg;C:\Program Files\MongoDB\Server\8.0\bin;C:\Users\palak\AppData\Local\Programs\Python\Python313\Scripts\;C:\Users\palak\AppData\Local\Programs\Python\Python313\;C:\Users\palak\AppData\Local\Programs\Python\Python312\Scripts\;C:\Users\palak\AppData\Local\Programs\Python\Python312\;C:\Users\palak\AppData\Local\Programs\Python\Launcher\;C:\Program Files\MySQL\MySQL Shell 8.0\bin\;C:\Users\palak\AppData\Local\Microsoft\WindowsApps;C:\Users\palak\AppData\Local\Programs\Microsoft VS Code\bin;C:\Program Files\JetBrains\IntelliJ IDEA Community Edition 2023.3.3\bin;C:\Users\palak\AppData\Local\JetBrains\CLion 2023.3.4\bin;C:\Program Files\JetBrains\PyCharm 2024.1.2\bin;C:\Program Files\JetBrains\PyCharm Community Edition 2024.1.4\bin;C:\Users\palak\AppData\Local\JetBrains\Toolbox\scripts;C:\Users\palak\AppData\Roaming\npm;C:\Users\palak\AppData\Local\GitHubDesktop\bin;C:\Users\palak\AppData\Local\Microsoft\WindowsApps;
USERNAME=palak
OS=Windows_NT
PROCESSOR_IDENTIFIER=AMD64 Family 23 Model 24 Stepping 1, AuthenticAMD
TMP=C:\Users\palak\AppData\Local\Temp
TEMP=C:\Users\palak\AppData\Local\Temp




Periodic native trim disabled

---------------  S Y S T E M  ---------------

OS:
 Windows 11 , 64 bit Build 26100 (10.0.26100.3323)
OS uptime: 1 days 0:03 hours

CPU: total 4 (initial active 4) (4 cores per cpu, 2 threads per core) family 23 model 24 stepping 1 microcode 0x8108109, cx8, cmov, fxsr, ht, mmx, 3dnowpref, sse, sse2, sse3, ssse3, sse4a, sse4.1, sse4.2, popcnt, lzcnt, tsc, tscinvbit, avx, avx2, aes, clmul, bmi1, bmi2, adx, sha, fma, vzeroupper, clflush, clflushopt, rdtscp, f16c
Processor Information for the first 4 processors :
  Max Mhz: 2600, Current Mhz: 2600, Mhz Limit: 2600

Memory: 4k page, system-wide physical 6086M (560M free)
TotalPageFile size 14278M (AvailPageFile size 18M)
current process WorkingSet (physical memory assigned to process): 744M, peak: 746M
current process commit charge ("private bytes"): 683M, peak: 685M

vm_info: OpenJDK 64-Bit Server VM (21.0.6+7-LTS) for windows-amd64 JRE (21.0.6+7-LTS), built on 2025-01-21T00:00:00Z by "admin" with MS VC++ 17.7 (VS2022)

END.
