#
# There is insufficient memory for the Java Runtime Environment to continue.
# Native memory allocation (malloc) failed to allocate 149616 bytes. Error detail: Chunk::new
# Possible reasons:
#   The system is out of physical RAM or swap space
#   This process is running with CompressedOops enabled, and the Java Heap may be blocking the growth of the native heap
# Possible solutions:
#   Reduce memory load on the system
#   Increase physical memory or swap space
#   Check if swap backing store is full
#   Decrease Java heap size (-Xmx/-Xms)
#   Decrease number of Java threads
#   Decrease Java thread stack sizes (-Xss)
#   Set larger code cache with -XX:ReservedCodeCacheSize=
#   JVM is running with Unscaled Compressed Oops mode in which the Java heap is
#     placed in the first 4GB address space. The Java Heap base address is the
#     maximum limit for the native heap growth. Please use -XX:HeapBaseMinAddress
#     to set the Java Heap base and to place the Java Heap above 4GB virtual address.
# This output file may be truncated or incomplete.
#
#  Out of Memory Error (arena.cpp:168), pid=17052, tid=3468
#
# JRE version: OpenJDK Runtime Environment Temurin-21.0.6+7 (21.0.6+7) (build 21.0.6+7-LTS)
# Java VM: OpenJDK 64-Bit Server VM Temurin-21.0.6+7 (21.0.6+7-LTS, mixed mode, sharing, tiered, compressed oops, compressed class ptrs, parallel gc, windows-amd64)
# No core dump will be written. Minidumps are not enabled by default on client versions of Windows
#

---------------  S U M M A R Y ------------

Command Line: --add-modules=ALL-SYSTEM --add-opens=java.base/java.util=ALL-UNNAMED --add-opens=java.base/java.lang=ALL-UNNAMED --add-opens=java.base/sun.nio.fs=ALL-UNNAMED -Declipse.application=org.eclipse.jdt.ls.core.id1 -Dosgi.bundles.defaultStartLevel=4 -Declipse.product=org.eclipse.jdt.ls.core.product -Djava.import.generatesMetadataFilesAtProjectRoot=false -DDetectVMInstallationsJob.disabled=true -Dfile.encoding=utf8 -XX:+UseParallelGC -XX:GCTimeRatio=4 -XX:AdaptiveSizePolicyWeight=90 -Dsun.zip.disableMemoryMapping=true -Xmx1G -Xms100m -Xlog:disable -javaagent:c:\Users\palak\.vscode\extensions\redhat.java-1.40.0-win32-x64\lombok\lombok-1.18.36.jar c:\Users\palak\.vscode\extensions\redhat.java-1.40.0-win32-x64\server\plugins\org.eclipse.equinox.launcher_1.6.1000.v20250131-0606.jar -configuration c:\Users\palak\AppData\Roaming\Code\User\globalStorage\redhat.java\1.40.0\config_ss_win -data c:\Users\palak\AppData\Roaming\Code\User\workspaceStorage\ee148990e97456275c543846b0f27411\redhat.java\ss_ws --pipe=\\.\pipe\lsp-8eef78561c82eb9756819efae541fe5e-sock

Host: AMD Ryzen 3 3250U with Radeon Graphics         , 4 cores, 5G,  Windows 11 , 64 bit Build 26100 (10.0.26100.3037)
Time: Sun Mar  9 19:11:43 2025 India Standard Time elapsed time: 6.060375 seconds (0d 0h 0m 6s)

---------------  T H R E A D  ---------------

Current thread (0x00000216c8c514d0):  JavaThread "C2 CompilerThread0" daemon [_thread_in_native, id=3468, stack(0x0000005ce0c00000,0x0000005ce0d00000) (1024K)]


Current CompileTask:
C2:6060 1805       4       jdk.internal.org.objectweb.asm.SymbolTable::addConstantUtf8 (98 bytes)

Stack: [0x0000005ce0c00000,0x0000005ce0d00000]
Native frames: (J=compiled Java code, j=interpreted, Vv=VM code, C=native code)
V  [jvm.dll+0x6cdee9]
V  [jvm.dll+0x8a83d1]
V  [jvm.dll+0x8aa8fe]
V  [jvm.dll+0x8aafe3]
V  [jvm.dll+0x27f706]
V  [jvm.dll+0xc500d]
V  [jvm.dll+0xc5543]
V  [jvm.dll+0x2f2acd]
V  [jvm.dll+0x5f6a2a]
V  [jvm.dll+0x250bb2]
V  [jvm.dll+0x250f6f]
V  [jvm.dll+0x249834]
V  [jvm.dll+0x246ec4]
V  [jvm.dll+0x1c75ee]
V  [jvm.dll+0x25685a]
V  [jvm.dll+0x254dfa]
V  [jvm.dll+0x3f0256]
V  [jvm.dll+0x851f8b]
V  [jvm.dll+0x6cc5ed]
C  [ucrtbase.dll+0x37b0]
C  [KERNEL32.DLL+0x2e8d7]
C  [ntdll.dll+0xbbf2c]


---------------  P R O C E S S  ---------------

Threads class SMR info:
_java_thread_list=0x000002170f9b2e90, length=15, elements={
0x00000216b261db60, 0x00000216b419bdd0, 0x00000216c8c40720, 0x00000216c8c42ce0,
0x00000216c8c43930, 0x00000216c8c47a20, 0x00000216c8c4f010, 0x00000216c8c514d0,
0x00000216c8cad870, 0x00000216b414fbb0, 0x000002170ad272e0, 0x000002170f34a540,
0x000002170f1d8dc0, 0x000002170f1d9420, 0x000002170f9b4f30
}

Java Threads: ( => current thread )
  0x00000216b261db60 JavaThread "main"                              [_thread_blocked, id=15716, stack(0x0000005ce0200000,0x0000005ce0300000) (1024K)]
  0x00000216b419bdd0 JavaThread "Reference Handler"          daemon [_thread_blocked, id=18144, stack(0x0000005ce0600000,0x0000005ce0700000) (1024K)]
  0x00000216c8c40720 JavaThread "Finalizer"                  daemon [_thread_blocked, id=12512, stack(0x0000005ce0700000,0x0000005ce0800000) (1024K)]
  0x00000216c8c42ce0 JavaThread "Signal Dispatcher"          daemon [_thread_blocked, id=11632, stack(0x0000005ce0800000,0x0000005ce0900000) (1024K)]
  0x00000216c8c43930 JavaThread "Attach Listener"            daemon [_thread_blocked, id=19140, stack(0x0000005ce0900000,0x0000005ce0a00000) (1024K)]
  0x00000216c8c47a20 JavaThread "Service Thread"             daemon [_thread_blocked, id=12864, stack(0x0000005ce0a00000,0x0000005ce0b00000) (1024K)]
  0x00000216c8c4f010 JavaThread "Monitor Deflation Thread"   daemon [_thread_blocked, id=19212, stack(0x0000005ce0b00000,0x0000005ce0c00000) (1024K)]
=>0x00000216c8c514d0 JavaThread "C2 CompilerThread0"         daemon [_thread_in_native, id=3468, stack(0x0000005ce0c00000,0x0000005ce0d00000) (1024K)]
  0x00000216c8cad870 JavaThread "C1 CompilerThread0"         daemon [_thread_blocked, id=13956, stack(0x0000005ce0d00000,0x0000005ce0e00000) (1024K)]
  0x00000216b414fbb0 JavaThread "Common-Cleaner"             daemon [_thread_blocked, id=4480, stack(0x0000005ce0e00000,0x0000005ce0f00000) (1024K)]
  0x000002170ad272e0 JavaThread "Notification Thread"        daemon [_thread_blocked, id=16512, stack(0x0000005ce0f00000,0x0000005ce1000000) (1024K)]
  0x000002170f34a540 JavaThread "Active Thread: Equinox Container: 91b823b7-9a47-4cf7-b639-ac2090e1a84e"        [_thread_blocked, id=5228, stack(0x0000005ce1300000,0x0000005ce1400000) (1024K)]
  0x000002170f1d8dc0 JavaThread "Framework Event Dispatcher: Equinox Container: 91b823b7-9a47-4cf7-b639-ac2090e1a84e" daemon [_thread_blocked, id=17860, stack(0x0000005ce1400000,0x0000005ce1500000) (1024K)]
  0x000002170f1d9420 JavaThread "Start Level: Equinox Container: 91b823b7-9a47-4cf7-b639-ac2090e1a84e" daemon [_thread_in_Java, id=9964, stack(0x0000005ce1500000,0x0000005ce1600000) (1024K)]
  0x000002170f9b4f30 JavaThread "SCR Component Actor"        daemon [_thread_blocked, id=11324, stack(0x0000005ce1600000,0x0000005ce1700000) (1024K)]
Total: 15

Other Threads:
  0x00000216b4181b90 VMThread "VM Thread"                           [id=2052, stack(0x0000005ce0500000,0x0000005ce0600000) (1024K)]
  0x00000216c8bdca00 WatcherThread "VM Periodic Task Thread"        [id=9980, stack(0x0000005ce0400000,0x0000005ce0500000) (1024K)]
  0x00000216b40fd900 WorkerThread "GC Thread#0"                     [id=16360, stack(0x0000005ce0300000,0x0000005ce0400000) (1024K)]
  0x000002170f2b2da0 WorkerThread "GC Thread#1"                     [id=8184, stack(0x0000005ce1000000,0x0000005ce1100000) (1024K)]
  0x000002170f2b3cb0 WorkerThread "GC Thread#2"                     [id=18848, stack(0x0000005ce1100000,0x0000005ce1200000) (1024K)]
  0x000002170f2b4050 WorkerThread "GC Thread#3"                     [id=11268, stack(0x0000005ce1200000,0x0000005ce1300000) (1024K)]
Total: 6

Threads with active compile tasks:
C2 CompilerThread0  6115 1805       4       jdk.internal.org.objectweb.asm.SymbolTable::addConstantUtf8 (98 bytes)
Total: 1

VM state: not at safepoint (normal execution)

VM Mutex/Monitor currently owned by a thread: None

Heap address: 0x00000000c0000000, size: 1024 MB, Compressed Oops mode: 32-bit

CDS archive(s) mapped at: [0x00000216c9000000-0x00000216c9ba0000-0x00000216c9ba0000), size 12189696, SharedBaseAddress: 0x00000216c9000000, ArchiveRelocationMode: 1.
Compressed class space mapped at: 0x00000216ca000000-0x000002170a000000, reserved size: 1073741824
Narrow klass base: 0x00000216c9000000, Narrow klass shift: 0, Narrow klass range: 0x100000000

GC Precious Log:
 CardTable entry size: 512
 CPUs: 4 total, 4 available
 Memory: 6086M
 Large Page Support: Disabled
 NUMA Support: Disabled
 Compressed Oops: Enabled (32-bit)
 Alignments: Space 512K, Generation 512K, Heap 2M
 Heap Min Capacity: 100M
 Heap Initial Capacity: 100M
 Heap Max Capacity: 1G
 Pre-touch: Disabled
 Parallel Workers: 4

Heap:
 PSYoungGen      total 29696K, used 8439K [0x00000000eab00000, 0x00000000ecc00000, 0x0000000100000000)
  eden space 25600K, 17% used [0x00000000eab00000,0x00000000eaf44258,0x00000000ec400000)
  from space 4096K, 99% used [0x00000000ec800000,0x00000000ecbf9b00,0x00000000ecc00000)
  to   space 4096K, 0% used [0x00000000ec400000,0x00000000ec400000,0x00000000ec800000)
 ParOldGen       total 68608K, used 847K [0x00000000c0000000, 0x00000000c4300000, 0x00000000eab00000)
  object space 68608K, 1% used [0x00000000c0000000,0x00000000c00d3ea8,0x00000000c4300000)
 Metaspace       used 9027K, committed 9280K, reserved 1114112K
  class space    used 905K, committed 1024K, reserved 1048576K

Card table byte_map: [0x00000216c6590000,0x00000216c67a0000] _byte_map_base: 0x00000216c5f90000

Marking Bits: (ParMarkBitMap*) 0x00007ffd6fc43260
 Begin Bits: [0x00000216c6900000, 0x00000216c7900000)
 End Bits:   [0x00000216c7900000, 0x00000216c8900000)

Polling page: 0x00000216b28e0000

Metaspace:

Usage:
  Non-class:      7.93 MB used.
      Class:    905.02 KB used.
       Both:      8.82 MB used.

Virtual space:
  Non-class space:       64.00 MB reserved,       8.06 MB ( 13%) committed,  1 nodes.
      Class space:        1.00 GB reserved,       1.00 MB ( <1%) committed,  1 nodes.
             Both:        1.06 GB reserved,       9.06 MB ( <1%) committed. 

Chunk freelists:
   Non-Class:  7.00 MB
       Class:  14.88 MB
        Both:  21.88 MB

MaxMetaspaceSize: unlimited
CompressedClassSpaceSize: 1.00 GB
Initial GC threshold: 21.00 MB
Current GC threshold: 21.00 MB
CDS: on
 - commit_granule_bytes: 65536.
 - commit_granule_words: 8192.
 - virtual_space_node_default_size: 8388608.
 - enlarge_chunks_in_place: 1.
 - use_allocation_guard: 0.


Internal statistics:

num_allocs_failed_limit: 0.
num_arena_births: 214.
num_arena_deaths: 0.
num_vsnodes_births: 2.
num_vsnodes_deaths: 0.
num_space_committed: 145.
num_space_uncommitted: 0.
num_chunks_returned_to_freelist: 0.
num_chunks_taken_from_freelist: 428.
num_chunk_merges: 0.
num_chunk_splits: 289.
num_chunks_enlarged: 202.
num_inconsistent_stats: 0.

CodeHeap 'non-profiled nmethods': size=120000Kb used=795Kb max_used=795Kb free=119204Kb
 bounds [0x00000216bee80000, 0x00000216bf0f0000, 0x00000216c63b0000]
CodeHeap 'profiled nmethods': size=120000Kb used=3257Kb max_used=3257Kb free=116742Kb
 bounds [0x00000216b73b0000, 0x00000216b76e0000, 0x00000216be8e0000]
CodeHeap 'non-nmethods': size=5760Kb used=1216Kb max_used=1237Kb free=4543Kb
 bounds [0x00000216be8e0000, 0x00000216beb50000, 0x00000216bee80000]
 total_blobs=2286 nmethods=1805 adapters=388
 compilation: enabled
              stopped_count=0, restarted_count=0
 full_count=0

Compilation events (20 events):
Event: 6.000 Thread 0x00000216c8cad870 nmethod 1795 0x00000216b76d6410 code [0x00000216b76d6780, 0x00000216b76d7e58]
Event: 6.000 Thread 0x00000216c8cad870 1796       3       org.eclipse.osgi.internal.framework.EquinoxBundle::getSymbolicName (11 bytes)
Event: 6.000 Thread 0x00000216c8cad870 nmethod 1796 0x00000216b76d8b10 code [0x00000216b76d8cc0, 0x00000216b76d8e88]
Event: 6.008 Thread 0x00000216c8cad870 1797       3       jdk.internal.org.objectweb.asm.MethodWriter::visitCode (1 bytes)
Event: 6.008 Thread 0x00000216c8cad870 nmethod 1797 0x00000216b76d8f90 code [0x00000216b76d9120, 0x00000216b76d9228]
Event: 6.017 Thread 0x00000216c8cad870 1800       3       java.net.URLStreamHandler::<init> (5 bytes)
Event: 6.017 Thread 0x00000216c8cad870 nmethod 1800 0x00000216b76d9290 code [0x00000216b76d9440, 0x00000216b76d95a8]
Event: 6.021 Thread 0x00000216c8c514d0 1801       4       jdk.internal.org.objectweb.asm.SymbolTable$Entry::<init> (17 bytes)
Event: 6.022 Thread 0x00000216c8c514d0 nmethod 1801 0x00000216bef46a10 code [0x00000216bef46ba0, 0x00000216bef46c58]
Event: 6.022 Thread 0x00000216c8cad870 1802   !   3       java.lang.invoke.MethodHandle::setVarargs (50 bytes)
Event: 6.024 Thread 0x00000216c8cad870 nmethod 1802 0x00000216b76d9690 code [0x00000216b76d9960, 0x00000216b76da530]
Event: 6.024 Thread 0x00000216c8cad870 1804       3       java.lang.invoke.MethodHandle::keepsAlive (20 bytes)
Event: 6.025 Thread 0x00000216c8cad870 nmethod 1804 0x00000216b76da990 code [0x00000216b76dabe0, 0x00000216b76db5d8]
Event: 6.025 Thread 0x00000216c8cad870 1803       3       java.lang.invoke.MemberName::isVarargs (23 bytes)
Event: 6.025 Thread 0x00000216c8cad870 nmethod 1803 0x00000216b76db910 code [0x00000216b76dbae0, 0x00000216b76dbe38]
Event: 6.026 Thread 0x00000216c8c514d0 1805       4       jdk.internal.org.objectweb.asm.SymbolTable::addConstantUtf8 (98 bytes)
Event: 6.027 Thread 0x00000216c8cad870 1806       3       java.lang.invoke.MethodHandles$Lookup::isArrayClone (50 bytes)
Event: 6.028 Thread 0x00000216c8cad870 nmethod 1806 0x00000216b76dbf90 code [0x00000216b76dc1a0, 0x00000216b76dc820]
Event: 6.028 Thread 0x00000216c8cad870 1807       3       sun.invoke.util.VerifyAccess::isMemberAccessible (338 bytes)
Event: 6.030 Thread 0x00000216c8cad870 nmethod 1807 0x00000216b76dca90 code [0x00000216b76dce20, 0x00000216b76de040]

GC Heap History (4 events):
Event: 3.405 GC heap before
{Heap before GC invocations=1 (full 0):
 PSYoungGen      total 29696K, used 25600K [0x00000000eab00000, 0x00000000ecc00000, 0x0000000100000000)
  eden space 25600K, 100% used [0x00000000eab00000,0x00000000ec400000,0x00000000ec400000)
  from space 4096K, 0% used [0x00000000ec800000,0x00000000ec800000,0x00000000ecc00000)
  to   space 4096K, 0% used [0x00000000ec400000,0x00000000ec400000,0x00000000ec800000)
 ParOldGen       total 68608K, used 0K [0x00000000c0000000, 0x00000000c4300000, 0x00000000eab00000)
  object space 68608K, 0% used [0x00000000c0000000,0x00000000c0000000,0x00000000c4300000)
 Metaspace       used 4352K, committed 4544K, reserved 1114112K
  class space    used 437K, committed 512K, reserved 1048576K
}
Event: 3.436 GC heap after
{Heap after GC invocations=1 (full 0):
 PSYoungGen      total 29696K, used 3205K [0x00000000eab00000, 0x00000000ecc00000, 0x0000000100000000)
  eden space 25600K, 0% used [0x00000000eab00000,0x00000000eab00000,0x00000000ec400000)
  from space 4096K, 78% used [0x00000000ec400000,0x00000000ec7217f0,0x00000000ec800000)
  to   space 4096K, 0% used [0x00000000ec800000,0x00000000ec800000,0x00000000ecc00000)
 ParOldGen       total 68608K, used 8K [0x00000000c0000000, 0x00000000c4300000, 0x00000000eab00000)
  object space 68608K, 0% used [0x00000000c0000000,0x00000000c0002000,0x00000000c4300000)
 Metaspace       used 4352K, committed 4544K, reserved 1114112K
  class space    used 437K, committed 512K, reserved 1048576K
}
Event: 5.880 GC heap before
{Heap before GC invocations=2 (full 0):
 PSYoungGen      total 29696K, used 28805K [0x00000000eab00000, 0x00000000ecc00000, 0x0000000100000000)
  eden space 25600K, 100% used [0x00000000eab00000,0x00000000ec400000,0x00000000ec400000)
  from space 4096K, 78% used [0x00000000ec400000,0x00000000ec7217f0,0x00000000ec800000)
  to   space 4096K, 0% used [0x00000000ec800000,0x00000000ec800000,0x00000000ecc00000)
 ParOldGen       total 68608K, used 8K [0x00000000c0000000, 0x00000000c4300000, 0x00000000eab00000)
  object space 68608K, 0% used [0x00000000c0000000,0x00000000c0002000,0x00000000c4300000)
 Metaspace       used 8115K, committed 8448K, reserved 1114112K
  class space    used 800K, committed 960K, reserved 1048576K
}
Event: 5.887 GC heap after
{Heap after GC invocations=2 (full 0):
 PSYoungGen      total 29696K, used 4070K [0x00000000eab00000, 0x00000000ecc00000, 0x0000000100000000)
  eden space 25600K, 0% used [0x00000000eab00000,0x00000000eab00000,0x00000000ec400000)
  from space 4096K, 99% used [0x00000000ec800000,0x00000000ecbf9b00,0x00000000ecc00000)
  to   space 4096K, 0% used [0x00000000ec400000,0x00000000ec400000,0x00000000ec800000)
 ParOldGen       total 68608K, used 847K [0x00000000c0000000, 0x00000000c4300000, 0x00000000eab00000)
  object space 68608K, 1% used [0x00000000c0000000,0x00000000c00d3ea8,0x00000000c4300000)
 Metaspace       used 8115K, committed 8448K, reserved 1114112K
  class space    used 800K, committed 960K, reserved 1048576K
}

Dll operation events (9 events):
Event: 0.028 Loaded shared library c:\Users\palak\.vscode\extensions\redhat.java-1.40.0-win32-x64\jre\21.0.6-win32-x86_64\bin\java.dll
Event: 0.471 Loaded shared library c:\Users\palak\.vscode\extensions\redhat.java-1.40.0-win32-x64\jre\21.0.6-win32-x86_64\bin\zip.dll
Event: 0.783 Loaded shared library C:\Users\palak\.vscode\extensions\redhat.java-1.40.0-win32-x64\jre\21.0.6-win32-x86_64\bin\instrument.dll
Event: 0.793 Loaded shared library C:\Users\palak\.vscode\extensions\redhat.java-1.40.0-win32-x64\jre\21.0.6-win32-x86_64\bin\net.dll
Event: 0.801 Loaded shared library C:\Users\palak\.vscode\extensions\redhat.java-1.40.0-win32-x64\jre\21.0.6-win32-x86_64\bin\nio.dll
Event: 0.808 Loaded shared library C:\Users\palak\.vscode\extensions\redhat.java-1.40.0-win32-x64\jre\21.0.6-win32-x86_64\bin\zip.dll
Event: 0.876 Loaded shared library C:\Users\palak\.vscode\extensions\redhat.java-1.40.0-win32-x64\jre\21.0.6-win32-x86_64\bin\jimage.dll
Event: 1.236 Loaded shared library c:\Users\palak\.vscode\extensions\redhat.java-1.40.0-win32-x64\jre\21.0.6-win32-x86_64\bin\verify.dll
Event: 5.741 Loaded shared library C:\Users\palak\AppData\Roaming\Code\User\globalStorage\redhat.java\1.40.0\config_ss_win\org.eclipse.equinox.launcher\org.eclipse.equinox.launcher.win32.win32.x86_64_1.2.1200.v20250212-0927\eclipse_11909.dll

Deoptimization events (20 events):
Event: 4.271 Thread 0x00000216b261db60 Uncommon trap: trap_request=0xffffffc6 fr.pc=0x00000216beec37d0 relative=0x0000000000000290
Event: 4.271 Thread 0x00000216b261db60 Uncommon trap: reason=bimorphic_or_optimized_type_check action=maybe_recompile pc=0x00000216beec37d0 method=java.util.Collections$UnmodifiableCollection$1.next()Ljava/lang/Object; @ 4 c2
Event: 4.271 Thread 0x00000216b261db60 DEOPT PACKING pc=0x00000216beec37d0 sp=0x0000005ce02f82d0
Event: 4.271 Thread 0x00000216b261db60 DEOPT UNPACKING pc=0x00000216be933aa2 sp=0x0000005ce02f8280 mode 2
Event: 4.911 Thread 0x00000216b261db60 Uncommon trap: trap_request=0xffffff45 fr.pc=0x00000216beeff1cc relative=0x00000000000000ac
Event: 4.911 Thread 0x00000216b261db60 Uncommon trap: reason=unstable_if action=reinterpret pc=0x00000216beeff1cc method=java.util.concurrent.locks.ReentrantLock$NonfairSync.initialTryLock()Z @ 10 c2
Event: 4.911 Thread 0x00000216b261db60 DEOPT PACKING pc=0x00000216beeff1cc sp=0x0000005ce02fe750
Event: 4.911 Thread 0x00000216b261db60 DEOPT UNPACKING pc=0x00000216be933aa2 sp=0x0000005ce02fe6e0 mode 2
Event: 4.911 Thread 0x00000216b261db60 Uncommon trap: trap_request=0xffffff45 fr.pc=0x00000216bef25fa8 relative=0x00000000000000e8
Event: 4.911 Thread 0x00000216b261db60 Uncommon trap: reason=unstable_if action=reinterpret pc=0x00000216bef25fa8 method=java.util.concurrent.locks.ReentrantLock$Sync.tryRelease(I)Z @ 26 c2
Event: 4.911 Thread 0x00000216b261db60 DEOPT PACKING pc=0x00000216bef25fa8 sp=0x0000005ce02fe870
Event: 4.911 Thread 0x00000216b261db60 DEOPT UNPACKING pc=0x00000216be933aa2 sp=0x0000005ce02fe730 mode 2
Event: 5.753 Thread 0x000002170f1d9420 Uncommon trap: trap_request=0xffffff45 fr.pc=0x00000216beefee34 relative=0x0000000000000094
Event: 5.753 Thread 0x000002170f1d9420 Uncommon trap: reason=unstable_if action=reinterpret pc=0x00000216beefee34 method=java.util.concurrent.locks.ReentrantLock$Sync.tryRelease(I)Z @ 26 c2
Event: 5.753 Thread 0x000002170f1d9420 DEOPT PACKING pc=0x00000216beefee34 sp=0x0000005ce15fe5b0
Event: 5.753 Thread 0x000002170f1d9420 DEOPT UNPACKING pc=0x00000216be933aa2 sp=0x0000005ce15fe530 mode 2
Event: 5.774 Thread 0x000002170f1d9420 Uncommon trap: trap_request=0xffffff6e fr.pc=0x00000216beeecba8 relative=0x0000000000000368
Event: 5.774 Thread 0x000002170f1d9420 Uncommon trap: reason=loop_limit_check action=maybe_recompile pc=0x00000216beeecba8 method=java.lang.StringLatin1.indexOf([BI[BII)I @ 37 c2
Event: 5.774 Thread 0x000002170f1d9420 DEOPT PACKING pc=0x00000216beeecba8 sp=0x0000005ce15f8d90
Event: 5.774 Thread 0x000002170f1d9420 DEOPT UNPACKING pc=0x00000216be933aa2 sp=0x0000005ce15f8cf0 mode 2

Classes loaded (20 events):
Event: 6.010 Loading class java/util/stream/SpinedBuffer
Event: 6.011 Loading class java/util/stream/AbstractSpinedBuffer
Event: 6.011 Loading class java/util/stream/AbstractSpinedBuffer done
Event: 6.011 Loading class java/util/stream/SpinedBuffer done
Event: 6.013 Loading class java/util/stream/StreamSpliterators
Event: 6.013 Loading class java/util/stream/StreamSpliterators done
Event: 6.014 Loading class java/util/function/BooleanSupplier
Event: 6.014 Loading class java/util/function/BooleanSupplier done
Event: 6.018 Loading class org/xml/sax/SAXException
Event: 6.019 Loading class org/xml/sax/SAXException done
Event: 6.019 Loading class javax/xml/parsers/SAXParserFactory
Event: 6.019 Loading class javax/xml/parsers/SAXParserFactory done
Event: 6.019 Loading class javax/xml/parsers/FactoryFinder
Event: 6.020 Loading class javax/xml/parsers/FactoryFinder done
Event: 6.020 Loading class jdk/xml/internal/SecuritySupport
Event: 6.021 Loading class jdk/xml/internal/SecuritySupport done
Event: 6.025 Loading class javax/xml/parsers/FactoryFinder$1
Event: 6.025 Loading class javax/xml/parsers/FactoryFinder$1 done
Event: 6.027 Loading class com/sun/org/apache/xerces/internal/jaxp/SAXParserFactoryImpl
Event: 6.032 Loading class com/sun/org/apache/xerces/internal/jaxp/SAXParserFactoryImpl done

Classes unloaded (0 events):
No events

Classes redefined (0 events):
No events

Internal exceptions (20 events):
Event: 3.373 Thread 0x00000216b261db60 Exception <a 'java/lang/NoSuchMethodError'{0x00000000ec39d878}: 'void java.lang.invoke.DirectMethodHandle$Holder.invokeStatic(java.lang.Object, java.lang.Object, java.lang.Object, java.lang.Object)'> (0x00000000ec39d878) 
thrown [s\src\hotspot\share\interpreter\linkResolver.cpp, line 773]
Event: 3.375 Thread 0x00000216b261db60 Implicit null exception at 0x00000216beed383c to 0x00000216beed3ac8
Event: 3.375 Thread 0x00000216b261db60 Implicit null exception at 0x00000216beed113d to 0x00000216beed11c1
Event: 3.554 Thread 0x00000216b261db60 Exception <a 'java/lang/NoSuchMethodError'{0x00000000ead20758}: 'long java.lang.invoke.DirectMethodHandle$Holder.invokeStatic(java.lang.Object, java.lang.Object, int)'> (0x00000000ead20758) 
thrown [s\src\hotspot\share\interpreter\linkResolver.cpp, line 773]
Event: 3.555 Thread 0x00000216b261db60 Exception <a 'java/lang/NoSuchMethodError'{0x00000000ead282c0}: 'java.lang.Object java.lang.invoke.DirectMethodHandle$Holder.invokeSpecial(java.lang.Object, java.lang.Object, java.lang.Object, java.lang.Object, long)'> (0x00000000ead282c0) 
thrown [s\src\hotspot\share\interpreter\linkResolver.cpp, line 773]
Event: 3.556 Thread 0x00000216b261db60 Exception <a 'java/lang/NoSuchMethodError'{0x00000000ead35f40}: 'java.lang.Object java.lang.invoke.DirectMethodHandle$Holder.invokeSpecial(java.lang.Object, java.lang.Object, java.lang.Object, int, java.lang.Object)'> (0x00000000ead35f40) 
thrown [s\src\hotspot\share\interpreter\linkResolver.cpp, line 773]
Event: 3.562 Thread 0x00000216b261db60 Exception <a 'java/lang/NoSuchMethodError'{0x00000000ead4fdb8}: 'java.lang.Object java.lang.invoke.Invokers$Holder.invokeExact_MT(java.lang.Object, java.lang.Object, java.lang.Object, java.lang.Object, java.lang.Object, java.lang.Object)'> (0x00000000ead4fdb8) 
thrown [s\src\hotspot\share\interpreter\linkResolver.cpp, line 773]
Event: 3.569 Thread 0x00000216b261db60 Exception <a 'java/lang/NoSuchMethodError'{0x00000000ead69670}: 'int java.lang.invoke.DirectMethodHandle$Holder.invokeStaticInit(java.lang.Object, java.lang.Object, java.lang.Object, java.lang.Object)'> (0x00000000ead69670) 
thrown [s\src\hotspot\share\interpreter\linkResolver.cpp, line 773]
Event: 3.570 Thread 0x00000216b261db60 Exception <a 'java/lang/NoSuchMethodError'{0x00000000ead720c0}: 'java.lang.Object java.lang.invoke.DirectMethodHandle$Holder.invokeInterface(java.lang.Object, java.lang.Object)'> (0x00000000ead720c0) 
thrown [s\src\hotspot\share\interpreter\linkResolver.cpp, line 773]
Event: 3.571 Thread 0x00000216b261db60 Exception <a 'java/lang/IncompatibleClassChangeError'{0x00000000ead755f8}: Found class java.lang.Object, but interface was expected> (0x00000000ead755f8) 
thrown [s\src\hotspot\share\interpreter\linkResolver.cpp, line 840]
Event: 3.586 Thread 0x00000216b261db60 Exception <a 'java/lang/NoSuchMethodError'{0x00000000ead797b0}: 'void java.lang.invoke.DirectMethodHandle$Holder.invokeStatic(java.lang.Object, java.lang.Object)'> (0x00000000ead797b0) 
thrown [s\src\hotspot\share\interpreter\linkResolver.cpp, line 773]
Event: 3.586 Thread 0x00000216b261db60 Exception <a 'java/lang/NoSuchMethodError'{0x00000000ead7cb58}: 'void java.lang.invoke.DirectMethodHandle$Holder.invokeStaticInit(java.lang.Object, java.lang.Object)'> (0x00000000ead7cb58) 
thrown [s\src\hotspot\share\interpreter\linkResolver.cpp, line 773]
Event: 3.588 Thread 0x00000216b261db60 Exception <a 'java/lang/NoSuchMethodError'{0x00000000ead83b78}: 'int java.lang.invoke.DirectMethodHandle$Holder.invokeStaticInit(java.lang.Object, java.lang.Object)'> (0x00000000ead83b78) 
thrown [s\src\hotspot\share\interpreter\linkResolver.cpp, line 773]
Event: 3.793 Thread 0x00000216b261db60 Exception <a 'java/lang/NoSuchMethodError'{0x00000000eaec1b90}: 'void java.lang.invoke.DirectMethodHandle$Holder.invokeSpecial(java.lang.Object, java.lang.Object, java.lang.Object)'> (0x00000000eaec1b90) 
thrown [s\src\hotspot\share\interpreter\linkResolver.cpp, line 773]
Event: 4.792 Thread 0x00000216b261db60 Exception <a 'java/lang/NoSuchMethodError'{0x00000000eb77e158}: 'int java.lang.invoke.DirectMethodHandle$Holder.invokeVirtual(java.lang.Object, java.lang.Object)'> (0x00000000eb77e158) 
thrown [s\src\hotspot\share\interpreter\linkResolver.cpp, line 773]
Event: 5.175 Thread 0x00000216b261db60 Exception <a 'java/lang/NoSuchMethodError'{0x00000000ebad4e68}: 'java.lang.Object java.lang.invoke.DirectMethodHandle$Holder.newInvokeSpecial(java.lang.Object, int, java.lang.Object)'> (0x00000000ebad4e68) 
thrown [s\src\hotspot\share\interpreter\linkResolver.cpp, line 773]
Event: 5.303 Thread 0x00000216b261db60 Exception <a 'java/lang/NoSuchMethodError'{0x00000000ebc6a990}: 'java.lang.Object java.lang.invoke.DirectMethodHandle$Holder.newInvokeSpecial(java.lang.Object, java.lang.Object, java.lang.Object, java.lang.Object, int, java.lang.Object)'> (0x00000000ebc6a990) 
thrown [s\src\hotspot\share\interpreter\linkResolver.cpp, line 773]
Event: 5.725 Thread 0x00000216b261db60 Exception <a 'java/lang/UnsatisfiedLinkError'{0x00000000ec0c6e30}: 'void org.eclipse.equinox.launcher.JNIBridge._update_splash()'> (0x00000000ec0c6e30) 
thrown [s\src\hotspot\share\prims\nativeLookup.cpp, line 415]
Event: 5.977 Thread 0x000002170f1d9420 Exception <a 'java/lang/NullPointerException'{0x00000000eacb85e8}> (0x00000000eacb85e8) 
thrown [s\src\hotspot\share\interpreter\linkResolver.cpp, line 1372]
Event: 5.977 Thread 0x000002170f1d9420 Exception <a 'java/lang/NullPointerException'{0x00000000eacb88c8}> (0x00000000eacb88c8) 
thrown [s\src\hotspot\share\interpreter\linkResolver.cpp, line 1372]

ZGC Phase Switch (0 events):
No events

VM Operations (20 events):
Event: 2.478 Executing VM operation: HandshakeAllThreads (Deoptimize)
Event: 2.478 Executing VM operation: HandshakeAllThreads (Deoptimize) done
Event: 3.156 Executing VM operation: HandshakeAllThreads (Deoptimize)
Event: 3.156 Executing VM operation: HandshakeAllThreads (Deoptimize) done
Event: 3.156 Executing VM operation: Cleanup
Event: 3.156 Executing VM operation: Cleanup done
Event: 3.405 Executing VM operation: ParallelGCFailedAllocation (Allocation Failure)
Event: 3.436 Executing VM operation: ParallelGCFailedAllocation (Allocation Failure) done
Event: 4.441 Executing VM operation: Cleanup
Event: 4.473 Executing VM operation: Cleanup done
Event: 5.106 Executing VM operation: HandshakeAllThreads (Deoptimize)
Event: 5.122 Executing VM operation: HandshakeAllThreads (Deoptimize) done
Event: 5.156 Executing VM operation: HandshakeAllThreads (Deoptimize)
Event: 5.156 Executing VM operation: HandshakeAllThreads (Deoptimize) done
Event: 5.298 Executing VM operation: HandshakeAllThreads (Deoptimize)
Event: 5.298 Executing VM operation: HandshakeAllThreads (Deoptimize) done
Event: 5.880 Executing VM operation: ParallelGCFailedAllocation (Allocation Failure)
Event: 5.887 Executing VM operation: ParallelGCFailedAllocation (Allocation Failure) done
Event: 5.967 Executing VM operation: HandshakeAllThreads (Deoptimize)
Event: 5.967 Executing VM operation: HandshakeAllThreads (Deoptimize) done

Memory protections (0 events):
No events

Nmethod flushes (0 events):
No events

Events (20 events):
Event: 0.250 Thread 0x00000216b261db60 Thread added: 0x00000216b419bdd0
Event: 0.255 Thread 0x00000216b261db60 Thread added: 0x00000216c8c40720
Event: 0.261 Thread 0x00000216b261db60 Thread added: 0x00000216c8c42ce0
Event: 0.270 Thread 0x00000216b261db60 Thread added: 0x00000216c8c43930
Event: 0.277 Thread 0x00000216b261db60 Thread added: 0x00000216c8c47a20
Event: 0.286 Thread 0x00000216b261db60 Thread added: 0x00000216c8c4f010
Event: 0.292 Thread 0x00000216b261db60 Thread added: 0x00000216c8c514d0
Event: 0.311 Thread 0x00000216b261db60 Thread added: 0x00000216c8cad870
Event: 0.439 Thread 0x00000216b261db60 Thread added: 0x00000216b414fbb0
Event: 1.890 Thread 0x00000216b261db60 Thread added: 0x000002170ad272e0
Event: 2.141 Thread 0x00000216c8c514d0 Thread added: 0x000002170ad48ae0
Event: 3.274 Thread 0x000002170ad48ae0 Thread exited: 0x000002170ad48ae0
Event: 3.889 Thread 0x00000216c8cad870 Thread added: 0x000002170f61eed0
Event: 4.266 Thread 0x000002170f61eed0 Thread exited: 0x000002170f61eed0
Event: 4.559 Thread 0x00000216c8cad870 Thread added: 0x000002170f336010
Event: 4.903 Thread 0x000002170f336010 Thread exited: 0x000002170f336010
Event: 5.060 Thread 0x00000216b261db60 Thread added: 0x000002170f34a540
Event: 5.709 Thread 0x00000216b261db60 Thread added: 0x000002170f1d8dc0
Event: 5.723 Thread 0x00000216b261db60 Thread added: 0x000002170f1d9420
Event: 5.827 Thread 0x000002170f1d9420 Thread added: 0x000002170f9b4f30


Dynamic libraries:
0x00007ff6fd1d0000 - 0x00007ff6fd1de000 	c:\Users\palak\.vscode\extensions\redhat.java-1.40.0-win32-x64\jre\21.0.6-win32-x86_64\bin\java.exe
0x00007ffdc3160000 - 0x00007ffdc33c3000 	C:\WINDOWS\SYSTEM32\ntdll.dll
0x00007ffdc2430000 - 0x00007ffdc24f7000 	C:\WINDOWS\System32\KERNEL32.DLL
0x00007ffdc0640000 - 0x00007ffdc0a07000 	C:\WINDOWS\System32\KERNELBASE.dll
0x00007ffdc0db0000 - 0x00007ffdc0efc000 	C:\WINDOWS\System32\ucrtbase.dll
0x00007ffd9cf70000 - 0x00007ffd9cf88000 	c:\Users\palak\.vscode\extensions\redhat.java-1.40.0-win32-x64\jre\21.0.6-win32-x86_64\bin\jli.dll
0x00007ffdc15b0000 - 0x00007ffdc1779000 	C:\WINDOWS\System32\USER32.dll
0x00007ffdc0a10000 - 0x00007ffdc0a37000 	C:\WINDOWS\System32\win32u.dll
0x00007ffdc2f50000 - 0x00007ffdc2f7a000 	C:\WINDOWS\System32\GDI32.dll
0x00007ffdc0b00000 - 0x00007ffdc0c2b000 	C:\WINDOWS\System32\gdi32full.dll
0x00007ffdc0500000 - 0x00007ffdc05a3000 	C:\WINDOWS\System32\msvcp_win.dll
0x00007ffd90010000 - 0x00007ffd9002e000 	c:\Users\palak\.vscode\extensions\redhat.java-1.40.0-win32-x64\jre\21.0.6-win32-x86_64\bin\VCRUNTIME140.dll
0x00007ffdb0c70000 - 0x00007ffdb0f00000 	C:\WINDOWS\WinSxS\amd64_microsoft.windows.common-controls_6595b64144ccf1df_6.0.26100.3037_none_3e09262ce333c378\COMCTL32.dll
0x00007ffdc0fa0000 - 0x00007ffdc1049000 	C:\WINDOWS\System32\msvcrt.dll
0x00007ffdc2f10000 - 0x00007ffdc2f3f000 	C:\WINDOWS\System32\IMM32.DLL
0x00007ffdb1ec0000 - 0x00007ffdb1ecc000 	c:\Users\palak\.vscode\extensions\redhat.java-1.40.0-win32-x64\jre\21.0.6-win32-x86_64\bin\vcruntime140_1.dll
0x00007ffd7c7f0000 - 0x00007ffd7c87d000 	c:\Users\palak\.vscode\extensions\redhat.java-1.40.0-win32-x64\jre\21.0.6-win32-x86_64\bin\msvcp140.dll
0x00007ffd6ef90000 - 0x00007ffd6fd20000 	c:\Users\palak\.vscode\extensions\redhat.java-1.40.0-win32-x64\jre\21.0.6-win32-x86_64\bin\server\jvm.dll
0x00007ffdc2500000 - 0x00007ffdc25b4000 	C:\WINDOWS\System32\ADVAPI32.dll
0x00007ffdc1a40000 - 0x00007ffdc1ae6000 	C:\WINDOWS\System32\sechost.dll
0x00007ffdc3000000 - 0x00007ffdc3116000 	C:\WINDOWS\System32\RPCRT4.dll
0x00007ffdc2750000 - 0x00007ffdc27c4000 	C:\WINDOWS\System32\WS2_32.dll
0x00007ffdc0390000 - 0x00007ffdc03de000 	C:\WINDOWS\SYSTEM32\POWRPROF.dll
0x00007ffdba690000 - 0x00007ffdba6c6000 	C:\WINDOWS\SYSTEM32\WINMM.dll
0x00007ffdba6d0000 - 0x00007ffdba6db000 	C:\WINDOWS\SYSTEM32\VERSION.dll
0x00007ffdc0370000 - 0x00007ffdc0384000 	C:\WINDOWS\SYSTEM32\UMPDC.dll
0x00007ffdbf330000 - 0x00007ffdbf34a000 	C:\WINDOWS\SYSTEM32\kernel.appcore.dll
0x00007ffdae760000 - 0x00007ffdae76a000 	c:\Users\palak\.vscode\extensions\redhat.java-1.40.0-win32-x64\jre\21.0.6-win32-x86_64\bin\jimage.dll
0x00007ffdaeb10000 - 0x00007ffdaed51000 	C:\WINDOWS\SYSTEM32\DBGHELP.DLL
0x00007ffdc1220000 - 0x00007ffdc159e000 	C:\WINDOWS\System32\combase.dll
0x00007ffdc18d0000 - 0x00007ffdc19a6000 	C:\WINDOWS\System32\OLEAUT32.dll
0x00007ffd9d600000 - 0x00007ffd9d639000 	C:\WINDOWS\SYSTEM32\dbgcore.DLL
0x00007ffdc0f00000 - 0x00007ffdc0f99000 	C:\WINDOWS\System32\bcryptPrimitives.dll
0x00007ffdada00000 - 0x00007ffdada0f000 	c:\Users\palak\.vscode\extensions\redhat.java-1.40.0-win32-x64\jre\21.0.6-win32-x86_64\bin\instrument.dll
0x00007ffd8ef40000 - 0x00007ffd8ef5f000 	c:\Users\palak\.vscode\extensions\redhat.java-1.40.0-win32-x64\jre\21.0.6-win32-x86_64\bin\java.dll
0x00007ffdc1c40000 - 0x00007ffdc2344000 	C:\WINDOWS\System32\SHELL32.dll
0x00007ffdbe200000 - 0x00007ffdbea37000 	C:\WINDOWS\SYSTEM32\windows.storage.dll
0x00007ffdc1b00000 - 0x00007ffdc1be9000 	C:\WINDOWS\System32\SHCORE.dll
0x00007ffdc1780000 - 0x00007ffdc17dd000 	C:\WINDOWS\System32\shlwapi.dll
0x00007ffdc0410000 - 0x00007ffdc043e000 	C:\WINDOWS\SYSTEM32\profapi.dll
0x00007ffd7f460000 - 0x00007ffd7f478000 	c:\Users\palak\.vscode\extensions\redhat.java-1.40.0-win32-x64\jre\21.0.6-win32-x86_64\bin\zip.dll
0x00007ffd98660000 - 0x00007ffd98670000 	C:\Users\palak\.vscode\extensions\redhat.java-1.40.0-win32-x64\jre\21.0.6-win32-x86_64\bin\net.dll
0x00007ffdb6460000 - 0x00007ffdb657e000 	C:\WINDOWS\SYSTEM32\WINHTTP.dll
0x00007ffdbf840000 - 0x00007ffdbf8aa000 	C:\WINDOWS\system32\mswsock.dll
0x00007ffd7ed80000 - 0x00007ffd7ed96000 	C:\Users\palak\.vscode\extensions\redhat.java-1.40.0-win32-x64\jre\21.0.6-win32-x86_64\bin\nio.dll
0x00007ffd945f0000 - 0x00007ffd94600000 	c:\Users\palak\.vscode\extensions\redhat.java-1.40.0-win32-x64\jre\21.0.6-win32-x86_64\bin\verify.dll
0x00007ffd7cc20000 - 0x00007ffd7cc65000 	C:\Users\palak\AppData\Roaming\Code\User\globalStorage\redhat.java\1.40.0\config_ss_win\org.eclipse.equinox.launcher\org.eclipse.equinox.launcher.win32.win32.x86_64_1.2.1200.v20250212-0927\eclipse_11909.dll
0x00007ffdc27d0000 - 0x00007ffdc2965000 	C:\WINDOWS\System32\ole32.dll

dbghelp: loaded successfully - version: 4.0.5 - missing functions: none
symbol engine: initialized successfully - sym options: 0x614 - pdb path: .;c:\Users\palak\.vscode\extensions\redhat.java-1.40.0-win32-x64\jre\21.0.6-win32-x86_64\bin;C:\WINDOWS\SYSTEM32;C:\WINDOWS\WinSxS\amd64_microsoft.windows.common-controls_6595b64144ccf1df_6.0.26100.3037_none_3e09262ce333c378;c:\Users\palak\.vscode\extensions\redhat.java-1.40.0-win32-x64\jre\21.0.6-win32-x86_64\bin\server;C:\Users\palak\AppData\Roaming\Code\User\globalStorage\redhat.java\1.40.0\config_ss_win\org.eclipse.equinox.launcher\org.eclipse.equinox.launcher.win32.win32.x86_64_1.2.1200.v20250212-0927

VM Arguments:
jvm_args: --add-modules=ALL-SYSTEM --add-opens=java.base/java.util=ALL-UNNAMED --add-opens=java.base/java.lang=ALL-UNNAMED --add-opens=java.base/sun.nio.fs=ALL-UNNAMED -Declipse.application=org.eclipse.jdt.ls.core.id1 -Dosgi.bundles.defaultStartLevel=4 -Declipse.product=org.eclipse.jdt.ls.core.product -Djava.import.generatesMetadataFilesAtProjectRoot=false -DDetectVMInstallationsJob.disabled=true -Dfile.encoding=utf8 -XX:+UseParallelGC -XX:GCTimeRatio=4 -XX:AdaptiveSizePolicyWeight=90 -Dsun.zip.disableMemoryMapping=true -Xmx1G -Xms100m -Xlog:disable -javaagent:c:\Users\palak\.vscode\extensions\redhat.java-1.40.0-win32-x64\lombok\lombok-1.18.36.jar 
java_command: c:\Users\palak\.vscode\extensions\redhat.java-1.40.0-win32-x64\server\plugins\org.eclipse.equinox.launcher_1.6.1000.v20250131-0606.jar -configuration c:\Users\palak\AppData\Roaming\Code\User\globalStorage\redhat.java\1.40.0\config_ss_win -data c:\Users\palak\AppData\Roaming\Code\User\workspaceStorage\ee148990e97456275c543846b0f27411\redhat.java\ss_ws --pipe=\\.\pipe\lsp-8eef78561c82eb9756819efae541fe5e-sock
java_class_path (initial): c:\Users\palak\.vscode\extensions\redhat.java-1.40.0-win32-x64\server\plugins\org.eclipse.equinox.launcher_1.6.1000.v20250131-0606.jar
Launcher Type: SUN_STANDARD

[Global flags]
    uintx AdaptiveSizePolicyWeight                 = 90                                        {product} {command line}
     intx CICompilerCount                          = 3                                         {product} {ergonomic}
    uintx GCTimeRatio                              = 4                                         {product} {command line}
   size_t InitialHeapSize                          = 104857600                                 {product} {command line}
   size_t MaxHeapSize                              = 1073741824                                {product} {command line}
   size_t MaxNewSize                               = 357564416                                 {product} {ergonomic}
   size_t MinHeapDeltaBytes                        = 524288                                    {product} {ergonomic}
   size_t MinHeapSize                              = 104857600                                 {product} {command line}
   size_t NewSize                                  = 34603008                                  {product} {ergonomic}
    uintx NonNMethodCodeHeapSize                   = 5832780                                {pd product} {ergonomic}
    uintx NonProfiledCodeHeapSize                  = 122912730                              {pd product} {ergonomic}
   size_t OldSize                                  = 70254592                                  {product} {ergonomic}
    uintx ProfiledCodeHeapSize                     = 122912730                              {pd product} {ergonomic}
    uintx ReservedCodeCacheSize                    = 251658240                              {pd product} {ergonomic}
     bool SegmentedCodeCache                       = true                                      {product} {ergonomic}
   size_t SoftMaxHeapSize                          = 1073741824                             {manageable} {ergonomic}
     bool UseCompressedOops                        = true                           {product lp64_product} {ergonomic}
     bool UseLargePagesIndividualAllocation        = false                                  {pd product} {ergonomic}
     bool UseParallelGC                            = true                                      {product} {command line}

Logging:
Log output configuration:
 #0: stdout all=off uptime,level,tags foldmultilines=false
 #1: stderr all=off uptime,level,tags foldmultilines=false

Environment Variables:
JAVA_HOME=C:\Users\palak\Downloads\java-21-openjdk-21.0.1.0.12-3.win.jdk.x86_64\java-21-openjdk-21.0.1.0.12-3.win.jdk.x86_64
PATH=C:\Program Files (x86)\Common Files\Oracle\Java\java8path;C:\Program Files (x86)\Common Files\Oracle\Java\javapath;C:\WINDOWS\system32;C:\WINDOWS;C:\WINDOWS\System32\Wbem;C:\WINDOWS\System32\WindowsPowerShell\v1.0\;C:\WINDOWS\System32\OpenSSH\;C:\Users\palak\Downloads\java-21-openjdk-21.0.1.0.12-3.win.jdk.x86_64\java-21-openjdk-21.0.1.0.12-3.win.jdk.x86_64\bin;C:\Users\palak\Downloads\apache-maven-3.9.8-bin\bin;c:\users\palak\appdata\local\packages\pythonsoftwarefoundation.python.3.11_qbz5n2kfra8p0\localcache\local-packages\python311\site-packages;C:\ProgramData\chocolatey\bin;C:\Program Files\nodejs\;C:\Users\palak\AppData\Local\Programs\Python\Python312\Scripts;C:\Program Files\Git\cmd;C:\Users\palak\Downloads\flutter_windows_3.27.3-stable\flutter\bin;C:\Users\palak\AppData\Local\Android\Sdk\cmdline-tools\latest\bin;C:\Users\palak\AppData\Local\Android\Sdk\platform-tools;C:\ffmpeg;C:\Program Files\MongoDB\Server\8.0\bin;C:\Users\palak\AppData\Local\Programs\Python\Python313\Scripts\;C:\Users\palak\AppData\Local\Programs\Python\Python313\;C:\Users\palak\AppData\Local\Programs\Python\Python312\Scripts\;C:\Users\palak\AppData\Local\Programs\Python\Python312\;C:\Users\palak\AppData\Local\Programs\Python\Launcher\;C:\Program Files\MySQL\MySQL Shell 8.0\bin\;C:\Users\palak\AppData\Local\Microsoft\WindowsApps;C:\Users\palak\AppData\Local\Programs\Microsoft VS Code\bin;C:\Program Files\JetBrains\IntelliJ IDEA Community Edition 2023.3.3\bin;C:\Users\palak\AppData\Local\JetBrains\CLion 2023.3.4\bin;C:\Program Files\JetBrains\PyCharm 2024.1.2\bin;C:\Program Files\JetBrains\PyCharm Community Edition 2024.1.4\bin;C:\Users\palak\AppData\Local\JetBrains\Toolbox\scripts;C:\Users\palak\AppData\Roaming\npm;C:\Users\palak\AppData\Local\GitHubDesktop\bin;C:\Users\palak\AppData\Local\Microsoft\WindowsApps;
USERNAME=palak
OS=Windows_NT
PROCESSOR_IDENTIFIER=AMD64 Family 23 Model 24 Stepping 1, AuthenticAMD
TMP=C:\Users\palak\AppData\Local\Temp
TEMP=C:\Users\palak\AppData\Local\Temp




Periodic native trim disabled

---------------  S Y S T E M  ---------------

OS:
 Windows 11 , 64 bit Build 26100 (10.0.26100.3037)
OS uptime: 0 days 19:48 hours

CPU: total 4 (initial active 4) (4 cores per cpu, 2 threads per core) family 23 model 24 stepping 1 microcode 0x8108109, cx8, cmov, fxsr, ht, mmx, 3dnowpref, sse, sse2, sse3, ssse3, sse4a, sse4.1, sse4.2, popcnt, lzcnt, tsc, tscinvbit, avx, avx2, aes, clmul, bmi1, bmi2, adx, sha, fma, vzeroupper, clflush, clflushopt, rdtscp, f16c
Processor Information for the first 4 processors :
  Max Mhz: 2600, Current Mhz: 2600, Mhz Limit: 2600

Memory: 4k page, system-wide physical 6086M (505M free)
TotalPageFile size 14278M (AvailPageFile size 0M)
current process WorkingSet (physical memory assigned to process): 96M, peak: 96M
current process commit charge ("private bytes"): 195M, peak: 195M

vm_info: OpenJDK 64-Bit Server VM (21.0.6+7-LTS) for windows-amd64 JRE (21.0.6+7-LTS), built on 2025-01-21T00:00:00Z by "admin" with MS VC++ 17.7 (VS2022)

END.
