#
# There is insufficient memory for the Java Runtime Environment to continue.
# Native memory allocation (malloc) failed to allocate 1516016 bytes. Error detail: Chunk::new
# Possible reasons:
#   The system is out of physical RAM or swap space
#   This process is running with CompressedOops enabled, and the Java Heap may be blocking the growth of the native heap
# Possible solutions:
#   Reduce memory load on the system
#   Increase physical memory or swap space
#   Check if swap backing store is full
#   Decrease Java heap size (-Xmx/-Xms)
#   Decrease number of Java threads
#   Decrease Java thread stack sizes (-Xss)
#   Set larger code cache with -XX:ReservedCodeCacheSize=
#   JVM is running with Unscaled Compressed Oops mode in which the Java heap is
#     placed in the first 4GB address space. The Java Heap base address is the
#     maximum limit for the native heap growth. Please use -XX:HeapBaseMinAddress
#     to set the Java Heap base and to place the Java Heap above 4GB virtual address.
# This output file may be truncated or incomplete.
#
#  Out of Memory Error (arena.cpp:168), pid=13468, tid=12348
#
# JRE version: OpenJDK Runtime Environment Temurin-21.0.6+7 (21.0.6+7) (build 21.0.6+7-LTS)
# Java VM: OpenJDK 64-Bit Server VM Temurin-21.0.6+7 (21.0.6+7-LTS, mixed mode, sharing, tiered, compressed oops, compressed class ptrs, parallel gc, windows-amd64)
# No core dump will be written. Minidumps are not enabled by default on client versions of Windows
#

---------------  S U M M A R Y ------------

Command Line: --add-modules=ALL-SYSTEM --add-opens=java.base/java.util=ALL-UNNAMED --add-opens=java.base/java.lang=ALL-UNNAMED --add-opens=java.base/sun.nio.fs=ALL-UNNAMED -Declipse.application=org.eclipse.jdt.ls.core.id1 -Dosgi.bundles.defaultStartLevel=4 -Declipse.product=org.eclipse.jdt.ls.core.product -Djava.import.generatesMetadataFilesAtProjectRoot=false -DDetectVMInstallationsJob.disabled=true -Dfile.encoding=utf8 -XX:+UseParallelGC -XX:GCTimeRatio=4 -XX:AdaptiveSizePolicyWeight=90 -Dsun.zip.disableMemoryMapping=true -Xmx1G -Xms100m -Xlog:disable -javaagent:c:\Users\palak\.vscode\extensions\redhat.java-1.40.0-win32-x64\lombok\lombok-1.18.36.jar -XX:+HeapDumpOnOutOfMemoryError -XX:HeapDumpPath=c:\Users\palak\AppData\Roaming\Code\User\workspaceStorage\632f04cdbe9e26a6a5769c745b0508de\redhat.java -Daether.dependencyCollector.impl=bf c:\Users\palak\.vscode\extensions\redhat.java-1.40.0-win32-x64\server\plugins\org.eclipse.equinox.launcher_1.6.1000.v20250131-0606.jar -configuration c:\Users\palak\AppData\Roaming\Code\User\globalStorage\redhat.java\1.40.0\config_win -data c:\Users\palak\AppData\Roaming\Code\User\workspaceStorage\632f04cdbe9e26a6a5769c745b0508de\redhat.java\jdt_ws --pipe=\\.\pipe\lsp-aa0712055ded4e979ea8b2fbba3e420d-sock

Host: AMD Ryzen 3 3250U with Radeon Graphics         , 4 cores, 5G,  Windows 11 , 64 bit Build 26100 (10.0.26100.3323)
Time: Mon Mar 24 19:12:15 2025 India Standard Time elapsed time: 85.472610 seconds (0d 0h 1m 25s)

---------------  T H R E A D  ---------------

Current thread (0x0000017e6c4368a0):  JavaThread "C2 CompilerThread0" daemon [_thread_in_native, id=12348, stack(0x0000000500000000,0x0000000500100000) (1024K)]


Current CompileTask:
C2:85472 8779   !   4       com.google.inject.spi.InjectionPoint::getInjectionPoints (491 bytes)

Stack: [0x0000000500000000,0x0000000500100000]
Native frames: (J=compiled Java code, j=interpreted, Vv=VM code, C=native code)
V  [jvm.dll+0x6cdee9]
V  [jvm.dll+0x8a83d1]
V  [jvm.dll+0x8aa8fe]
V  [jvm.dll+0x8aafe3]
V  [jvm.dll+0x27f706]
V  [jvm.dll+0xc500d]
V  [jvm.dll+0xc5543]
V  [jvm.dll+0x3b6752]
V  [jvm.dll+0x382935]
V  [jvm.dll+0x381d9a]
V  [jvm.dll+0x2479f0]
V  [jvm.dll+0x246fcf]
V  [jvm.dll+0x1c75ee]
V  [jvm.dll+0x25685a]
V  [jvm.dll+0x254dfa]
V  [jvm.dll+0x3f0256]
V  [jvm.dll+0x851f8b]
V  [jvm.dll+0x6cc5ed]
C  [ucrtbase.dll+0x37b0]
C  [KERNEL32.DLL+0x2e8d7]
C  [ntdll.dll+0xbbf6c]


---------------  P R O C E S S  ---------------

Threads class SMR info:
_java_thread_list=0x0000017e754f9260, length=38, elements={
0x0000017e55ded360, 0x0000017e5796c9b0, 0x0000017e6c41ffd0, 0x0000017e6c423a90,
0x0000017e6c4246e0, 0x0000017e6c4269c0, 0x0000017e6c42dfb0, 0x0000017e6c4368a0,
0x0000017e6c4a0ff0, 0x0000017e6c4dd520, 0x0000017e6d469db0, 0x0000017e6d8c6140,
0x0000017e6da53c50, 0x0000017e6da4bf90, 0x0000017e6dcf8410, 0x0000017e72170430,
0x0000017e7222dd70, 0x0000017e721ff120, 0x0000017e721fe400, 0x0000017e721ffe40,
0x0000017e722011f0, 0x0000017e721fea90, 0x0000017e722004d0, 0x0000017e73e19d60,
0x0000017e73e1a3f0, 0x0000017e73e1aa80, 0x0000017e73e1be30, 0x0000017e73e189b0,
0x0000017e73e19040, 0x0000017e73e1b110, 0x0000017e73e1b7a0, 0x0000017e73e196d0,
0x0000017e74e4baf0, 0x0000017e74e4b460, 0x0000017e74e4c180, 0x0000017e74e49a20,
0x0000017e74e4add0, 0x0000017e74e49390
}

Java Threads: ( => current thread )
  0x0000017e55ded360 JavaThread "main"                              [_thread_blocked, id=15020, stack(0x000000057f600000,0x000000057f700000) (1024K)]
  0x0000017e5796c9b0 JavaThread "Reference Handler"          daemon [_thread_blocked, id=19736, stack(0x000000057fa00000,0x000000057fb00000) (1024K)]
  0x0000017e6c41ffd0 JavaThread "Finalizer"                  daemon [_thread_blocked, id=20724, stack(0x000000057fb00000,0x000000057fc00000) (1024K)]
  0x0000017e6c423a90 JavaThread "Signal Dispatcher"          daemon [_thread_blocked, id=15972, stack(0x000000057fc00000,0x000000057fd00000) (1024K)]
  0x0000017e6c4246e0 JavaThread "Attach Listener"            daemon [_thread_blocked, id=16748, stack(0x000000057fd00000,0x000000057fe00000) (1024K)]
  0x0000017e6c4269c0 JavaThread "Service Thread"             daemon [_thread_blocked, id=19604, stack(0x000000057fe00000,0x000000057ff00000) (1024K)]
  0x0000017e6c42dfb0 JavaThread "Monitor Deflation Thread"   daemon [_thread_blocked, id=6680, stack(0x000000057ff00000,0x0000000580000000) (1024K)]
=>0x0000017e6c4368a0 JavaThread "C2 CompilerThread0"         daemon [_thread_in_native, id=12348, stack(0x0000000500000000,0x0000000500100000) (1024K)]
  0x0000017e6c4a0ff0 JavaThread "C1 CompilerThread0"         daemon [_thread_blocked, id=5652, stack(0x0000000500100000,0x0000000500200000) (1024K)]
  0x0000017e6c4dd520 JavaThread "Common-Cleaner"             daemon [_thread_blocked, id=2240, stack(0x0000000500200000,0x0000000500300000) (1024K)]
  0x0000017e6d469db0 JavaThread "Notification Thread"        daemon [_thread_blocked, id=7784, stack(0x0000000500300000,0x0000000500400000) (1024K)]
  0x0000017e6d8c6140 JavaThread "Active Thread: Equinox Container: 52e710b8-cf1a-4137-a9ae-cfca143a0013"        [_thread_blocked, id=16772, stack(0x0000000500800000,0x0000000500900000) (1024K)]
  0x0000017e6da53c50 JavaThread "Refresh Thread: Equinox Container: 52e710b8-cf1a-4137-a9ae-cfca143a0013" daemon [_thread_blocked, id=20756, stack(0x0000000500700000,0x0000000500800000) (1024K)]
  0x0000017e6da4bf90 JavaThread "Framework Event Dispatcher: Equinox Container: 52e710b8-cf1a-4137-a9ae-cfca143a0013" daemon [_thread_blocked, id=2052, stack(0x0000000500900000,0x0000000500a00000) (1024K)]
  0x0000017e6dcf8410 JavaThread "Start Level: Equinox Container: 52e710b8-cf1a-4137-a9ae-cfca143a0013" daemon [_thread_blocked, id=16564, stack(0x0000000500a00000,0x0000000500b00000) (1024K)]
  0x0000017e72170430 JavaThread "Bundle File Closer"         daemon [_thread_blocked, id=15984, stack(0x0000000500c00000,0x0000000500d00000) (1024K)]
  0x0000017e7222dd70 JavaThread "SCR Component Actor"        daemon [_thread_blocked, id=8656, stack(0x0000000500d00000,0x0000000500e00000) (1024K)]
  0x0000017e721ff120 JavaThread "Worker-JM"                         [_thread_blocked, id=18480, stack(0x0000000500e00000,0x0000000500f00000) (1024K)]
  0x0000017e721fe400 JavaThread "JNA Cleaner"                daemon [_thread_blocked, id=19492, stack(0x0000000500f00000,0x0000000501000000) (1024K)]
  0x0000017e721ffe40 JavaThread "Worker-0"                          [_thread_blocked, id=12320, stack(0x0000000501000000,0x0000000501100000) (1024K)]
  0x0000017e722011f0 JavaThread "Worker-1: Initialize workspace"        [_thread_in_vm, id=15120, stack(0x0000000501100000,0x0000000501200000) (1024K)]
  0x0000017e721fea90 JavaThread "Worker-2"                          [_thread_blocked, id=19828, stack(0x0000000501200000,0x0000000501300000) (1024K)]
  0x0000017e722004d0 JavaThread "Java indexing"              daemon [_thread_blocked, id=6812, stack(0x0000000501300000,0x0000000501400000) (1024K)]
  0x0000017e73e19d60 JavaThread "Worker-3: Initialize Workspace"        [_thread_blocked, id=5944, stack(0x0000000501500000,0x0000000501600000) (1024K)]
  0x0000017e73e1a3f0 JavaThread "Worker-4: Publish Diagnostics"        [_thread_in_Java, id=15988, stack(0x0000000501700000,0x0000000501800000) (1024K)]
  0x0000017e73e1aa80 JavaThread "ForkJoinPool.commonPool-worker-1" daemon [_thread_blocked, id=3416, stack(0x0000000501600000,0x0000000501700000) (1024K)]
  0x0000017e73e1be30 JavaThread "ForkJoinPool.commonPool-worker-2" daemon [_thread_blocked, id=10444, stack(0x0000000501800000,0x0000000501900000) (1024K)]
  0x0000017e73e189b0 JavaThread "ForkJoinPool.commonPool-worker-3" daemon [_thread_in_Java, id=16416, stack(0x0000000501900000,0x0000000501a00000) (1024K)]
  0x0000017e73e19040 JavaThread "Thread-2"                   daemon [_thread_in_native, id=9824, stack(0x0000000501a00000,0x0000000501b00000) (1024K)]
  0x0000017e73e1b110 JavaThread "Thread-3"                   daemon [_thread_in_native, id=8052, stack(0x0000000501b00000,0x0000000501c00000) (1024K)]
  0x0000017e73e1b7a0 JavaThread "Thread-4"                   daemon [_thread_in_native, id=18560, stack(0x0000000501c00000,0x0000000501d00000) (1024K)]
  0x0000017e73e196d0 JavaThread "Thread-5"                   daemon [_thread_in_native, id=11876, stack(0x0000000501d00000,0x0000000501e00000) (1024K)]
  0x0000017e74e4baf0 JavaThread "Thread-6"                   daemon [_thread_in_native, id=18324, stack(0x0000000501e00000,0x0000000501f00000) (1024K)]
  0x0000017e74e4b460 JavaThread "pool-2-thread-1"                   [_thread_blocked, id=11688, stack(0x0000000501f00000,0x0000000502000000) (1024K)]
  0x0000017e74e4c180 JavaThread "WorkspaceEventsHandler"            [_thread_blocked, id=18276, stack(0x0000000502000000,0x0000000502100000) (1024K)]
  0x0000017e74e49a20 JavaThread "pool-1-thread-1"                   [_thread_blocked, id=18008, stack(0x0000000502100000,0x0000000502200000) (1024K)]
  0x0000017e74e4add0 JavaThread "Worker-5"                          [_thread_blocked, id=7220, stack(0x0000000502200000,0x0000000502300000) (1024K)]
  0x0000017e74e49390 JavaThread "SCR Component Registry"     daemon [_thread_blocked, id=12960, stack(0x0000000502300000,0x0000000502400000) (1024K)]
Total: 38

Other Threads:
  0x0000017e579515c0 VMThread "VM Thread"                           [id=3104, stack(0x000000057f900000,0x000000057fa00000) (1024K)]
  0x0000017e6c3bca10 WatcherThread "VM Periodic Task Thread"        [id=15040, stack(0x000000057f800000,0x000000057f900000) (1024K)]
  0x0000017e578d3dc0 WorkerThread "GC Thread#0"                     [id=836, stack(0x000000057f700000,0x000000057f800000) (1024K)]
  0x0000017e6dd86590 WorkerThread "GC Thread#1"                     [id=2464, stack(0x0000000500400000,0x0000000500500000) (1024K)]
  0x0000017e6dd86930 WorkerThread "GC Thread#2"                     [id=15400, stack(0x0000000500500000,0x0000000500600000) (1024K)]
  0x0000017e6d7eabe0 WorkerThread "GC Thread#3"                     [id=17004, stack(0x0000000500600000,0x0000000500700000) (1024K)]
Total: 6

Threads with active compile tasks:
C2 CompilerThread0  85524 8779   !   4       com.google.inject.spi.InjectionPoint::getInjectionPoints (491 bytes)
Total: 1

VM state: not at safepoint (normal execution)

VM Mutex/Monitor currently owned by a thread: None

Heap address: 0x00000000c0000000, size: 1024 MB, Compressed Oops mode: 32-bit

CDS archive(s) mapped at: [0x0000017e00000000-0x0000017e00ba0000-0x0000017e00ba0000), size 12189696, SharedBaseAddress: 0x0000017e00000000, ArchiveRelocationMode: 1.
Compressed class space mapped at: 0x0000017e01000000-0x0000017e41000000, reserved size: 1073741824
Narrow klass base: 0x0000017e00000000, Narrow klass shift: 0, Narrow klass range: 0x100000000

GC Precious Log:
 CardTable entry size: 512
 CPUs: 4 total, 4 available
 Memory: 6086M
 Large Page Support: Disabled
 NUMA Support: Disabled
 Compressed Oops: Enabled (32-bit)
 Alignments: Space 512K, Generation 512K, Heap 2M
 Heap Min Capacity: 100M
 Heap Initial Capacity: 100M
 Heap Max Capacity: 1G
 Pre-touch: Disabled
 Parallel Workers: 4

Heap:
 PSYoungGen      total 17920K, used 10676K [0x00000000eab00000, 0x00000000ebe00000, 0x0000000100000000)
  eden space 17408K, 58% used [0x00000000eab00000,0x00000000eb4f11c8,0x00000000ebc00000)
  from space 512K, 96% used [0x00000000ebc80000,0x00000000ebcfc010,0x00000000ebd00000)
  to   space 1024K, 0% used [0x00000000ebd00000,0x00000000ebd00000,0x00000000ebe00000)
 ParOldGen       total 68608K, used 49925K [0x00000000c0000000, 0x00000000c4300000, 0x00000000eab00000)
  object space 68608K, 72% used [0x00000000c0000000,0x00000000c30c15d8,0x00000000c4300000)
 Metaspace       used 58437K, committed 59904K, reserved 1114112K
  class space    used 6094K, committed 6720K, reserved 1048576K

Card table byte_map: [0x0000017e69d70000,0x0000017e69f80000] _byte_map_base: 0x0000017e69770000

Marking Bits: (ParMarkBitMap*) 0x00007ffc8a9a3260
 Begin Bits: [0x0000017e6a0e0000, 0x0000017e6b0e0000)
 End Bits:   [0x0000017e6b0e0000, 0x0000017e6c0e0000)

Polling page: 0x0000017e55d80000

Metaspace:

Usage:
  Non-class:     51.12 MB used.
      Class:      5.95 MB used.
       Both:     57.07 MB used.

Virtual space:
  Non-class space:       64.00 MB reserved,      51.94 MB ( 81%) committed,  1 nodes.
      Class space:        1.00 GB reserved,       6.56 MB ( <1%) committed,  1 nodes.
             Both:        1.06 GB reserved,      58.50 MB (  5%) committed. 

Chunk freelists:
   Non-Class:  12.04 MB
       Class:  9.41 MB
        Both:  21.45 MB

MaxMetaspaceSize: unlimited
CompressedClassSpaceSize: 1.00 GB
Initial GC threshold: 21.00 MB
Current GC threshold: 97.31 MB
CDS: on
 - commit_granule_bytes: 65536.
 - commit_granule_words: 8192.
 - virtual_space_node_default_size: 8388608.
 - enlarge_chunks_in_place: 1.
 - use_allocation_guard: 0.


Internal statistics:

num_allocs_failed_limit: 9.
num_arena_births: 1072.
num_arena_deaths: 14.
num_vsnodes_births: 2.
num_vsnodes_deaths: 0.
num_space_committed: 936.
num_space_uncommitted: 0.
num_chunks_returned_to_freelist: 23.
num_chunks_taken_from_freelist: 3780.
num_chunk_merges: 12.
num_chunk_splits: 2335.
num_chunks_enlarged: 1300.
num_inconsistent_stats: 0.

CodeHeap 'non-profiled nmethods': size=120000Kb used=5871Kb max_used=6061Kb free=114128Kb
 bounds [0x0000017e62660000, 0x0000017e62c50000, 0x0000017e69b90000]
CodeHeap 'profiled nmethods': size=120000Kb used=17499Kb max_used=18325Kb free=102500Kb
 bounds [0x0000017e5ab90000, 0x0000017e5bd80000, 0x0000017e620c0000]
CodeHeap 'non-nmethods': size=5760Kb used=1407Kb max_used=1466Kb free=4352Kb
 bounds [0x0000017e620c0000, 0x0000017e62330000, 0x0000017e62660000]
 total_blobs=8704 nmethods=7983 adapters=627
 compilation: enabled
              stopped_count=0, restarted_count=0
 full_count=0

Compilation events (20 events):
Event: 85.402 Thread 0x0000017e6c4a0ff0 8831       1       org.apache.maven.model.InputLocation::getSource (5 bytes)
Event: 85.402 Thread 0x0000017e6c4a0ff0 nmethod 8831 0x0000017e6269a290 code [0x0000017e6269a420, 0x0000017e6269a4e8]
Event: 85.402 Thread 0x0000017e6c4a0ff0 8832       1       org.codehaus.plexus.util.xml.Xpp3Dom::setInputLocation (6 bytes)
Event: 85.402 Thread 0x0000017e6c4a0ff0 nmethod 8832 0x0000017e62699f90 code [0x0000017e6269a120, 0x0000017e6269a200]
Event: 85.404 Thread 0x0000017e6c4a0ff0 8833       3       org.apache.maven.model.io.xpp3.MavenXpp3ReaderEx$Xpp3DomBuilderInputLocationBuilder::toInputLocation (27 bytes)
Event: 85.404 Thread 0x0000017e6c4a0ff0 nmethod 8833 0x0000017e5ae1ff90 code [0x0000017e5ae20160, 0x0000017e5ae204b0]
Event: 85.423 Thread 0x0000017e6c4a0ff0 8834       2       org.eclipse.jdt.internal.compiler.parser.Scanner::internalScanIdentifierOrKeyword (4939 bytes)
Event: 85.442 Thread 0x0000017e6c4a0ff0 nmethod 8834 0x0000017e5b376710 code [0x0000017e5b377220, 0x0000017e5b37d140]
Event: 85.443 Thread 0x0000017e6c4a0ff0 8837       3       org.codehaus.plexus.util.xml.Xpp3Dom::<init> (125 bytes)
Event: 85.444 Thread 0x0000017e6c4a0ff0 nmethod 8837 0x0000017e5b499290 code [0x0000017e5b499540, 0x0000017e5b49a2e0]
Event: 85.444 Thread 0x0000017e6c4a0ff0 8836       3       org.codehaus.plexus.util.xml.Xpp3Dom::<init> (10 bytes)
Event: 85.444 Thread 0x0000017e6c4a0ff0 nmethod 8836 0x0000017e5acff310 code [0x0000017e5acff4c0, 0x0000017e5acff618]
Event: 85.444 Thread 0x0000017e6c4a0ff0 8835       3       org.codehaus.plexus.util.xml.Xpp3Dom::getChild (14 bytes)
Event: 85.444 Thread 0x0000017e6c4a0ff0 nmethod 8835 0x0000017e5b53b690 code [0x0000017e5b53b840, 0x0000017e5b53bb08]
Event: 85.444 Thread 0x0000017e6c4a0ff0 8839       3       java.util.stream.Collectors::lambda$uniqKeysMapAccumulator$1 (49 bytes)
Event: 85.445 Thread 0x0000017e6c4a0ff0 nmethod 8839 0x0000017e5ac10d10 code [0x0000017e5ac10f20, 0x0000017e5ac11470]
Event: 85.445 Thread 0x0000017e6c4a0ff0 8838       3       java.util.Spliterators$IteratorSpliterator::<init> (39 bytes)
Event: 85.445 Thread 0x0000017e6c4a0ff0 nmethod 8838 0x0000017e5afa1490 code [0x0000017e5afa1640, 0x0000017e5afa1830]
Event: 85.447 Thread 0x0000017e6c4a0ff0 8840       1       org.apache.maven.model.Profile::getActivation (5 bytes)
Event: 85.447 Thread 0x0000017e6c4a0ff0 nmethod 8840 0x0000017e62775610 code [0x0000017e627757a0, 0x0000017e62775868]

GC Heap History (20 events):
Event: 82.758 GC heap before
{Heap before GC invocations=47 (full 2):
 PSYoungGen      total 17920K, used 17856K [0x00000000eab00000, 0x00000000ebd80000, 0x0000000100000000)
  eden space 17408K, 100% used [0x00000000eab00000,0x00000000ebc00000,0x00000000ebc00000)
  from space 512K, 87% used [0x00000000ebd00000,0x00000000ebd70000,0x00000000ebd80000)
  to   space 512K, 0% used [0x00000000ebc00000,0x00000000ebc00000,0x00000000ebc80000)
 ParOldGen       total 68608K, used 51909K [0x00000000c0000000, 0x00000000c4300000, 0x00000000eab00000)
  object space 68608K, 75% used [0x00000000c0000000,0x00000000c32b1658,0x00000000c4300000)
 Metaspace       used 57813K, committed 59264K, reserved 1114112K
  class space    used 6025K, committed 6656K, reserved 1048576K
}
Event: 82.766 GC heap after
{Heap after GC invocations=47 (full 2):
 PSYoungGen      total 17920K, used 480K [0x00000000eab00000, 0x00000000ebe00000, 0x0000000100000000)
  eden space 17408K, 0% used [0x00000000eab00000,0x00000000eab00000,0x00000000ebc00000)
  from space 512K, 93% used [0x00000000ebc00000,0x00000000ebc78020,0x00000000ebc80000)
  to   space 1024K, 0% used [0x00000000ebd00000,0x00000000ebd00000,0x00000000ebe00000)
 ParOldGen       total 68608K, used 52209K [0x00000000c0000000, 0x00000000c4300000, 0x00000000eab00000)
  object space 68608K, 76% used [0x00000000c0000000,0x00000000c32fc668,0x00000000c4300000)
 Metaspace       used 57813K, committed 59264K, reserved 1114112K
  class space    used 6025K, committed 6656K, reserved 1048576K
}
Event: 83.180 GC heap before
{Heap before GC invocations=48 (full 2):
 PSYoungGen      total 17920K, used 17888K [0x00000000eab00000, 0x00000000ebe00000, 0x0000000100000000)
  eden space 17408K, 100% used [0x00000000eab00000,0x00000000ebc00000,0x00000000ebc00000)
  from space 512K, 93% used [0x00000000ebc00000,0x00000000ebc78020,0x00000000ebc80000)
  to   space 1024K, 0% used [0x00000000ebd00000,0x00000000ebd00000,0x00000000ebe00000)
 ParOldGen       total 68608K, used 52209K [0x00000000c0000000, 0x00000000c4300000, 0x00000000eab00000)
  object space 68608K, 76% used [0x00000000c0000000,0x00000000c32fc668,0x00000000c4300000)
 Metaspace       used 57920K, committed 59328K, reserved 1114112K
  class space    used 6037K, committed 6656K, reserved 1048576K
}
Event: 83.185 GC heap after
{Heap after GC invocations=48 (full 2):
 PSYoungGen      total 18432K, used 416K [0x00000000eab00000, 0x00000000ebe00000, 0x0000000100000000)
  eden space 17408K, 0% used [0x00000000eab00000,0x00000000eab00000,0x00000000ebc00000)
  from space 1024K, 40% used [0x00000000ebd00000,0x00000000ebd68000,0x00000000ebe00000)
  to   space 1024K, 0% used [0x00000000ebc00000,0x00000000ebc00000,0x00000000ebd00000)
 ParOldGen       total 68608K, used 52537K [0x00000000c0000000, 0x00000000c4300000, 0x00000000eab00000)
  object space 68608K, 76% used [0x00000000c0000000,0x00000000c334e688,0x00000000c4300000)
 Metaspace       used 57920K, committed 59328K, reserved 1114112K
  class space    used 6037K, committed 6656K, reserved 1048576K
}
Event: 83.589 GC heap before
{Heap before GC invocations=49 (full 2):
 PSYoungGen      total 18432K, used 17824K [0x00000000eab00000, 0x00000000ebe00000, 0x0000000100000000)
  eden space 17408K, 100% used [0x00000000eab00000,0x00000000ebc00000,0x00000000ebc00000)
  from space 1024K, 40% used [0x00000000ebd00000,0x00000000ebd68000,0x00000000ebe00000)
  to   space 1024K, 0% used [0x00000000ebc00000,0x00000000ebc00000,0x00000000ebd00000)
 ParOldGen       total 68608K, used 52537K [0x00000000c0000000, 0x00000000c4300000, 0x00000000eab00000)
  object space 68608K, 76% used [0x00000000c0000000,0x00000000c334e688,0x00000000c4300000)
 Metaspace       used 57995K, committed 59392K, reserved 1114112K
  class space    used 6047K, committed 6656K, reserved 1048576K
}
Event: 83.592 GC heap after
{Heap after GC invocations=49 (full 2):
 PSYoungGen      total 18432K, used 416K [0x00000000eab00000, 0x00000000ebd80000, 0x0000000100000000)
  eden space 17408K, 0% used [0x00000000eab00000,0x00000000eab00000,0x00000000ebc00000)
  from space 1024K, 40% used [0x00000000ebc00000,0x00000000ebc68000,0x00000000ebd00000)
  to   space 512K, 0% used [0x00000000ebd00000,0x00000000ebd00000,0x00000000ebd80000)
 ParOldGen       total 68608K, used 52769K [0x00000000c0000000, 0x00000000c4300000, 0x00000000eab00000)
  object space 68608K, 76% used [0x00000000c0000000,0x00000000c3388688,0x00000000c4300000)
 Metaspace       used 57995K, committed 59392K, reserved 1114112K
  class space    used 6047K, committed 6656K, reserved 1048576K
}
Event: 83.793 GC heap before
{Heap before GC invocations=50 (full 2):
 PSYoungGen      total 18432K, used 17824K [0x00000000eab00000, 0x00000000ebd80000, 0x0000000100000000)
  eden space 17408K, 100% used [0x00000000eab00000,0x00000000ebc00000,0x00000000ebc00000)
  from space 1024K, 40% used [0x00000000ebc00000,0x00000000ebc68000,0x00000000ebd00000)
  to   space 512K, 0% used [0x00000000ebd00000,0x00000000ebd00000,0x00000000ebd80000)
 ParOldGen       total 68608K, used 52769K [0x00000000c0000000, 0x00000000c4300000, 0x00000000eab00000)
  object space 68608K, 76% used [0x00000000c0000000,0x00000000c3388688,0x00000000c4300000)
 Metaspace       used 58050K, committed 59456K, reserved 1114112K
  class space    used 6055K, committed 6656K, reserved 1048576K
}
Event: 83.798 GC heap after
{Heap after GC invocations=50 (full 2):
 PSYoungGen      total 17920K, used 512K [0x00000000eab00000, 0x00000000ebe00000, 0x0000000100000000)
  eden space 17408K, 0% used [0x00000000eab00000,0x00000000eab00000,0x00000000ebc00000)
  from space 512K, 100% used [0x00000000ebd00000,0x00000000ebd80000,0x00000000ebd80000)
  to   space 1024K, 0% used [0x00000000ebc00000,0x00000000ebc00000,0x00000000ebd00000)
 ParOldGen       total 68608K, used 53097K [0x00000000c0000000, 0x00000000c4300000, 0x00000000eab00000)
  object space 68608K, 77% used [0x00000000c0000000,0x00000000c33da698,0x00000000c4300000)
 Metaspace       used 58050K, committed 59456K, reserved 1114112K
  class space    used 6055K, committed 6656K, reserved 1048576K
}
Event: 84.235 GC heap before
{Heap before GC invocations=51 (full 2):
 PSYoungGen      total 17920K, used 17920K [0x00000000eab00000, 0x00000000ebe00000, 0x0000000100000000)
  eden space 17408K, 100% used [0x00000000eab00000,0x00000000ebc00000,0x00000000ebc00000)
  from space 512K, 100% used [0x00000000ebd00000,0x00000000ebd80000,0x00000000ebd80000)
  to   space 1024K, 0% used [0x00000000ebc00000,0x00000000ebc00000,0x00000000ebd00000)
 ParOldGen       total 68608K, used 53097K [0x00000000c0000000, 0x00000000c4300000, 0x00000000eab00000)
  object space 68608K, 77% used [0x00000000c0000000,0x00000000c33da698,0x00000000c4300000)
 Metaspace       used 58111K, committed 59520K, reserved 1114112K
  class space    used 6064K, committed 6656K, reserved 1048576K
}
Event: 84.238 GC heap after
{Heap after GC invocations=51 (full 2):
 PSYoungGen      total 18432K, used 640K [0x00000000eab00000, 0x00000000ebe00000, 0x0000000100000000)
  eden space 17408K, 0% used [0x00000000eab00000,0x00000000eab00000,0x00000000ebc00000)
  from space 1024K, 62% used [0x00000000ebc00000,0x00000000ebca0000,0x00000000ebd00000)
  to   space 1024K, 0% used [0x00000000ebd00000,0x00000000ebd00000,0x00000000ebe00000)
 ParOldGen       total 68608K, used 53409K [0x00000000c0000000, 0x00000000c4300000, 0x00000000eab00000)
  object space 68608K, 77% used [0x00000000c0000000,0x00000000c3428698,0x00000000c4300000)
 Metaspace       used 58111K, committed 59520K, reserved 1114112K
  class space    used 6064K, committed 6656K, reserved 1048576K
}
Event: 84.502 GC heap before
{Heap before GC invocations=52 (full 2):
 PSYoungGen      total 18432K, used 18048K [0x00000000eab00000, 0x00000000ebe00000, 0x0000000100000000)
  eden space 17408K, 100% used [0x00000000eab00000,0x00000000ebc00000,0x00000000ebc00000)
  from space 1024K, 62% used [0x00000000ebc00000,0x00000000ebca0000,0x00000000ebd00000)
  to   space 1024K, 0% used [0x00000000ebd00000,0x00000000ebd00000,0x00000000ebe00000)
 ParOldGen       total 68608K, used 53409K [0x00000000c0000000, 0x00000000c4300000, 0x00000000eab00000)
  object space 68608K, 77% used [0x00000000c0000000,0x00000000c3428698,0x00000000c4300000)
 Metaspace       used 58261K, committed 59648K, reserved 1114112K
  class space    used 6077K, committed 6656K, reserved 1048576K
}
Event: 84.505 GC heap after
{Heap after GC invocations=52 (full 2):
 PSYoungGen      total 17920K, used 352K [0x00000000eab00000, 0x00000000ebd80000, 0x0000000100000000)
  eden space 17408K, 0% used [0x00000000eab00000,0x00000000eab00000,0x00000000ebc00000)
  from space 512K, 68% used [0x00000000ebd00000,0x00000000ebd58000,0x00000000ebd80000)
  to   space 512K, 0% used [0x00000000ebc80000,0x00000000ebc80000,0x00000000ebd00000)
 ParOldGen       total 68608K, used 53921K [0x00000000c0000000, 0x00000000c4300000, 0x00000000eab00000)
  object space 68608K, 78% used [0x00000000c0000000,0x00000000c34a8698,0x00000000c4300000)
 Metaspace       used 58261K, committed 59648K, reserved 1114112K
  class space    used 6077K, committed 6656K, reserved 1048576K
}
Event: 84.639 GC heap before
{Heap before GC invocations=53 (full 2):
 PSYoungGen      total 17920K, used 11522K [0x00000000eab00000, 0x00000000ebd80000, 0x0000000100000000)
  eden space 17408K, 64% used [0x00000000eab00000,0x00000000eb5e8bd0,0x00000000ebc00000)
  from space 512K, 68% used [0x00000000ebd00000,0x00000000ebd58000,0x00000000ebd80000)
  to   space 512K, 0% used [0x00000000ebc80000,0x00000000ebc80000,0x00000000ebd00000)
 ParOldGen       total 68608K, used 53921K [0x00000000c0000000, 0x00000000c4300000, 0x00000000eab00000)
  object space 68608K, 78% used [0x00000000c0000000,0x00000000c34a8698,0x00000000c4300000)
 Metaspace       used 58353K, committed 59776K, reserved 1114112K
  class space    used 6084K, committed 6720K, reserved 1048576K
}
Event: 84.642 GC heap after
{Heap after GC invocations=53 (full 2):
 PSYoungGen      total 17920K, used 320K [0x00000000eab00000, 0x00000000ebd80000, 0x0000000100000000)
  eden space 17408K, 0% used [0x00000000eab00000,0x00000000eab00000,0x00000000ebc00000)
  from space 512K, 62% used [0x00000000ebc80000,0x00000000ebcd0000,0x00000000ebd00000)
  to   space 512K, 0% used [0x00000000ebd00000,0x00000000ebd00000,0x00000000ebd80000)
 ParOldGen       total 68608K, used 54081K [0x00000000c0000000, 0x00000000c4300000, 0x00000000eab00000)
  object space 68608K, 78% used [0x00000000c0000000,0x00000000c34d0698,0x00000000c4300000)
 Metaspace       used 58353K, committed 59776K, reserved 1114112K
  class space    used 6084K, committed 6720K, reserved 1048576K
}
Event: 84.642 GC heap before
{Heap before GC invocations=54 (full 3):
 PSYoungGen      total 17920K, used 320K [0x00000000eab00000, 0x00000000ebd80000, 0x0000000100000000)
  eden space 17408K, 0% used [0x00000000eab00000,0x00000000eab00000,0x00000000ebc00000)
  from space 512K, 62% used [0x00000000ebc80000,0x00000000ebcd0000,0x00000000ebd00000)
  to   space 512K, 0% used [0x00000000ebd00000,0x00000000ebd00000,0x00000000ebd80000)
 ParOldGen       total 68608K, used 54081K [0x00000000c0000000, 0x00000000c4300000, 0x00000000eab00000)
  object space 68608K, 78% used [0x00000000c0000000,0x00000000c34d0698,0x00000000c4300000)
 Metaspace       used 58353K, committed 59776K, reserved 1114112K
  class space    used 6084K, committed 6720K, reserved 1048576K
}
Event: 84.824 GC heap after
{Heap after GC invocations=54 (full 3):
 PSYoungGen      total 17920K, used 0K [0x00000000eab00000, 0x00000000ebd80000, 0x0000000100000000)
  eden space 17408K, 0% used [0x00000000eab00000,0x00000000eab00000,0x00000000ebc00000)
  from space 512K, 0% used [0x00000000ebc80000,0x00000000ebc80000,0x00000000ebd00000)
  to   space 512K, 0% used [0x00000000ebd00000,0x00000000ebd00000,0x00000000ebd80000)
 ParOldGen       total 68608K, used 49500K [0x00000000c0000000, 0x00000000c4300000, 0x00000000eab00000)
  object space 68608K, 72% used [0x00000000c0000000,0x00000000c30571d8,0x00000000c4300000)
 Metaspace       used 58353K, committed 59776K, reserved 1114112K
  class space    used 6084K, committed 6720K, reserved 1048576K
}
Event: 85.109 GC heap before
{Heap before GC invocations=55 (full 3):
 PSYoungGen      total 17920K, used 17408K [0x00000000eab00000, 0x00000000ebd80000, 0x0000000100000000)
  eden space 17408K, 100% used [0x00000000eab00000,0x00000000ebc00000,0x00000000ebc00000)
  from space 512K, 0% used [0x00000000ebc80000,0x00000000ebc80000,0x00000000ebd00000)
  to   space 512K, 0% used [0x00000000ebd00000,0x00000000ebd00000,0x00000000ebd80000)
 ParOldGen       total 68608K, used 49500K [0x00000000c0000000, 0x00000000c4300000, 0x00000000eab00000)
  object space 68608K, 72% used [0x00000000c0000000,0x00000000c30571d8,0x00000000c4300000)
 Metaspace       used 58412K, committed 59904K, reserved 1114112K
  class space    used 6093K, committed 6720K, reserved 1048576K
}
Event: 85.113 GC heap after
{Heap after GC invocations=55 (full 3):
 PSYoungGen      total 17920K, used 480K [0x00000000eab00000, 0x00000000ebd80000, 0x0000000100000000)
  eden space 17408K, 0% used [0x00000000eab00000,0x00000000eab00000,0x00000000ebc00000)
  from space 512K, 93% used [0x00000000ebd00000,0x00000000ebd78000,0x00000000ebd80000)
  to   space 512K, 0% used [0x00000000ebc80000,0x00000000ebc80000,0x00000000ebd00000)
 ParOldGen       total 68608K, used 49500K [0x00000000c0000000, 0x00000000c4300000, 0x00000000eab00000)
  object space 68608K, 72% used [0x00000000c0000000,0x00000000c30571d8,0x00000000c4300000)
 Metaspace       used 58412K, committed 59904K, reserved 1114112K
  class space    used 6093K, committed 6720K, reserved 1048576K
}
Event: 85.386 GC heap before
{Heap before GC invocations=56 (full 3):
 PSYoungGen      total 17920K, used 17888K [0x00000000eab00000, 0x00000000ebd80000, 0x0000000100000000)
  eden space 17408K, 100% used [0x00000000eab00000,0x00000000ebc00000,0x00000000ebc00000)
  from space 512K, 93% used [0x00000000ebd00000,0x00000000ebd78000,0x00000000ebd80000)
  to   space 512K, 0% used [0x00000000ebc80000,0x00000000ebc80000,0x00000000ebd00000)
 ParOldGen       total 68608K, used 49500K [0x00000000c0000000, 0x00000000c4300000, 0x00000000eab00000)
  object space 68608K, 72% used [0x00000000c0000000,0x00000000c30571d8,0x00000000c4300000)
 Metaspace       used 58425K, committed 59904K, reserved 1114112K
  class space    used 6093K, committed 6720K, reserved 1048576K
}
Event: 85.389 GC heap after
{Heap after GC invocations=56 (full 3):
 PSYoungGen      total 17920K, used 496K [0x00000000eab00000, 0x00000000ebe00000, 0x0000000100000000)
  eden space 17408K, 0% used [0x00000000eab00000,0x00000000eab00000,0x00000000ebc00000)
  from space 512K, 96% used [0x00000000ebc80000,0x00000000ebcfc010,0x00000000ebd00000)
  to   space 1024K, 0% used [0x00000000ebd00000,0x00000000ebd00000,0x00000000ebe00000)
 ParOldGen       total 68608K, used 49925K [0x00000000c0000000, 0x00000000c4300000, 0x00000000eab00000)
  object space 68608K, 72% used [0x00000000c0000000,0x00000000c30c15d8,0x00000000c4300000)
 Metaspace       used 58425K, committed 59904K, reserved 1114112K
  class space    used 6093K, committed 6720K, reserved 1048576K
}

Dll operation events (12 events):
Event: 0.032 Loaded shared library c:\Users\palak\.vscode\extensions\redhat.java-1.40.0-win32-x64\jre\21.0.6-win32-x86_64\bin\java.dll
Event: 0.472 Loaded shared library c:\Users\palak\.vscode\extensions\redhat.java-1.40.0-win32-x64\jre\21.0.6-win32-x86_64\bin\zip.dll
Event: 0.550 Loaded shared library C:\Users\palak\.vscode\extensions\redhat.java-1.40.0-win32-x64\jre\21.0.6-win32-x86_64\bin\instrument.dll
Event: 0.568 Loaded shared library C:\Users\palak\.vscode\extensions\redhat.java-1.40.0-win32-x64\jre\21.0.6-win32-x86_64\bin\net.dll
Event: 0.573 Loaded shared library C:\Users\palak\.vscode\extensions\redhat.java-1.40.0-win32-x64\jre\21.0.6-win32-x86_64\bin\nio.dll
Event: 0.580 Loaded shared library C:\Users\palak\.vscode\extensions\redhat.java-1.40.0-win32-x64\jre\21.0.6-win32-x86_64\bin\zip.dll
Event: 0.633 Loaded shared library C:\Users\palak\.vscode\extensions\redhat.java-1.40.0-win32-x64\jre\21.0.6-win32-x86_64\bin\jimage.dll
Event: 1.270 Loaded shared library c:\Users\palak\.vscode\extensions\redhat.java-1.40.0-win32-x64\jre\21.0.6-win32-x86_64\bin\verify.dll
Event: 4.914 Loaded shared library C:\Users\palak\AppData\Roaming\Code\User\globalStorage\redhat.java\1.40.0\config_win\org.eclipse.equinox.launcher\org.eclipse.equinox.launcher.win32.win32.x86_64_1.2.1200.v20250212-0927\eclipse_11909.dll
Event: 9.627 Loaded shared library C:\Users\palak\AppData\Local\Temp\jna-106430981\jna8160048952540835579.dll
Event: 25.214 Loaded shared library C:\Users\palak\.vscode\extensions\redhat.java-1.40.0-win32-x64\jre\21.0.6-win32-x86_64\bin\management.dll
Event: 25.245 Loaded shared library C:\Users\palak\.vscode\extensions\redhat.java-1.40.0-win32-x64\jre\21.0.6-win32-x86_64\bin\management_ext.dll

Deoptimization events (20 events):
Event: 85.354 Thread 0x0000017e73e189b0 Uncommon trap: trap_request=0xffffffe4 fr.pc=0x0000017e62c27784 relative=0x0000000000001ec4
Event: 85.354 Thread 0x0000017e73e189b0 Uncommon trap: reason=range_check action=make_not_entrant pc=0x0000017e62c27784 method=org.eclipse.jdt.internal.compiler.parser.Scanner.internalScanIdentifierOrKeyword(II[C)I @ 2964 c2
Event: 85.354 Thread 0x0000017e73e189b0 DEOPT PACKING pc=0x0000017e62c27784 sp=0x00000005019fda00
Event: 85.355 Thread 0x0000017e73e189b0 DEOPT UNPACKING pc=0x0000017e62113aa2 sp=0x00000005019fd9a0 mode 2
Event: 85.446 Thread 0x0000017e722011f0 Uncommon trap: trap_request=0xffffffde fr.pc=0x0000017e6282acc8 relative=0x00000000000000a8
Event: 85.446 Thread 0x0000017e722011f0 Uncommon trap: reason=class_check action=maybe_recompile pc=0x0000017e6282acc8 method=java.util.regex.Pattern.lambda$negate$7(Ljava/util/regex/Pattern$CharPredicate;I)Z @ 2 c2
Event: 85.446 Thread 0x0000017e722011f0 DEOPT PACKING pc=0x0000017e6282acc8 sp=0x00000005011fd470
Event: 85.446 Thread 0x0000017e722011f0 DEOPT UNPACKING pc=0x0000017e62113aa2 sp=0x00000005011fd3a0 mode 2
Event: 85.446 Thread 0x0000017e722011f0 Uncommon trap: trap_request=0xffffffde fr.pc=0x0000017e6282acc8 relative=0x00000000000000a8
Event: 85.446 Thread 0x0000017e722011f0 Uncommon trap: reason=class_check action=maybe_recompile pc=0x0000017e6282acc8 method=java.util.regex.Pattern.lambda$negate$7(Ljava/util/regex/Pattern$CharPredicate;I)Z @ 2 c2
Event: 85.446 Thread 0x0000017e722011f0 DEOPT PACKING pc=0x0000017e6282acc8 sp=0x00000005011fd470
Event: 85.446 Thread 0x0000017e722011f0 DEOPT UNPACKING pc=0x0000017e62113aa2 sp=0x00000005011fd3a0 mode 2
Event: 85.446 Thread 0x0000017e722011f0 Uncommon trap: trap_request=0xffffffde fr.pc=0x0000017e6282acc8 relative=0x00000000000000a8
Event: 85.446 Thread 0x0000017e722011f0 Uncommon trap: reason=class_check action=maybe_recompile pc=0x0000017e6282acc8 method=java.util.regex.Pattern.lambda$negate$7(Ljava/util/regex/Pattern$CharPredicate;I)Z @ 2 c2
Event: 85.446 Thread 0x0000017e722011f0 DEOPT PACKING pc=0x0000017e6282acc8 sp=0x00000005011fd470
Event: 85.446 Thread 0x0000017e722011f0 DEOPT UNPACKING pc=0x0000017e62113aa2 sp=0x00000005011fd3a0 mode 2
Event: 85.446 Thread 0x0000017e722011f0 Uncommon trap: trap_request=0xffffffde fr.pc=0x0000017e6282acc8 relative=0x00000000000000a8
Event: 85.446 Thread 0x0000017e722011f0 Uncommon trap: reason=class_check action=maybe_recompile pc=0x0000017e6282acc8 method=java.util.regex.Pattern.lambda$negate$7(Ljava/util/regex/Pattern$CharPredicate;I)Z @ 2 c2
Event: 85.446 Thread 0x0000017e722011f0 DEOPT PACKING pc=0x0000017e6282acc8 sp=0x00000005011fd470
Event: 85.446 Thread 0x0000017e722011f0 DEOPT UNPACKING pc=0x0000017e62113aa2 sp=0x00000005011fd3a0 mode 2

Classes loaded (20 events):
Event: 78.123 Loading class java/util/stream/IntStream done
Event: 78.123 Loading class java/util/stream/IntPipeline done
Event: 78.123 Loading class java/util/stream/IntPipeline$StatelessOp done
Event: 78.123 Loading class java/util/stream/ReferencePipeline$4 done
Event: 78.124 Loading class java/util/stream/Nodes$IntFixedNodeBuilder
Event: 78.124 Loading class java/util/stream/Node$Builder$OfInt
Event: 78.124 Loading class java/util/stream/Sink$OfInt
Event: 78.140 Loading class java/util/stream/Sink$OfInt done
Event: 78.140 Loading class java/util/stream/Node$Builder$OfInt done
Event: 78.140 Loading class java/util/stream/Nodes$IntArrayNode
Event: 78.141 Loading class java/util/stream/Nodes$IntArrayNode done
Event: 78.141 Loading class java/util/stream/Nodes$IntFixedNodeBuilder done
Event: 78.141 Loading class java/util/stream/ReferencePipeline$4$1
Event: 78.141 Loading class java/util/stream/ReferencePipeline$4$1 done
Event: 79.795 Loading class java/lang/UnsupportedClassVersionError
Event: 79.796 Loading class java/lang/UnsupportedClassVersionError done
Event: 79.910 Loading class java/util/Hashtable$KeySet
Event: 79.910 Loading class java/util/Hashtable$KeySet done
Event: 84.548 Loading class java/util/stream/IntPipeline$Head
Event: 84.549 Loading class java/util/stream/IntPipeline$Head done

Classes unloaded (7 events):
Event: 11.724 Thread 0x0000017e579515c0 Unloading class 0x0000017e01195400 'java/lang/invoke/LambdaForm$MH+0x0000017e01195400'
Event: 11.724 Thread 0x0000017e579515c0 Unloading class 0x0000017e01195000 'java/lang/invoke/LambdaForm$MH+0x0000017e01195000'
Event: 11.724 Thread 0x0000017e579515c0 Unloading class 0x0000017e01194c00 'java/lang/invoke/LambdaForm$MH+0x0000017e01194c00'
Event: 11.724 Thread 0x0000017e579515c0 Unloading class 0x0000017e01194800 'java/lang/invoke/LambdaForm$MH+0x0000017e01194800'
Event: 11.724 Thread 0x0000017e579515c0 Unloading class 0x0000017e01194400 'java/lang/invoke/LambdaForm$BMH+0x0000017e01194400'
Event: 11.724 Thread 0x0000017e579515c0 Unloading class 0x0000017e01194000 'java/lang/invoke/LambdaForm$DMH+0x0000017e01194000'
Event: 11.724 Thread 0x0000017e579515c0 Unloading class 0x0000017e01192c00 'java/lang/invoke/LambdaForm$DMH+0x0000017e01192c00'

Classes redefined (0 events):
No events

Internal exceptions (20 events):
Event: 79.934 Thread 0x0000017e722011f0 Exception <a 'java/io/FileNotFoundException'{0x00000000eb5d03d0}> (0x00000000eb5d03d0) 
thrown [s\src\hotspot\share\prims\jni.cpp, line 520]
Event: 79.936 Thread 0x0000017e722011f0 Exception <a 'java/io/FileNotFoundException'{0x00000000eb5d1680}> (0x00000000eb5d1680) 
thrown [s\src\hotspot\share\prims\jni.cpp, line 520]
Event: 79.936 Thread 0x0000017e722011f0 Exception <a 'java/io/FileNotFoundException'{0x00000000eb728ca8}> (0x00000000eb728ca8) 
thrown [s\src\hotspot\share\prims\jni.cpp, line 520]
Event: 80.043 Thread 0x0000017e73e189b0 Exception <a 'java/lang/NoSuchMethodError'{0x00000000eab12c18}: 'int java.lang.invoke.Invokers$Holder.invokeExact_MT(java.lang.Object, java.lang.Object)'> (0x00000000eab12c18) 
thrown [s\src\hotspot\share\interpreter\linkResolver.cpp, line 773]
Event: 80.145 Thread 0x0000017e722011f0 Exception <a 'sun/nio/fs/WindowsException'{0x00000000eacfb770}> (0x00000000eacfb770) 
thrown [s\src\hotspot\share\prims\jni.cpp, line 520]
Event: 80.146 Thread 0x0000017e722011f0 Exception <a 'sun/nio/fs/WindowsException'{0x00000000eacfc0e0}> (0x00000000eacfc0e0) 
thrown [s\src\hotspot\share\prims\jni.cpp, line 520]
Event: 80.181 Thread 0x0000017e722011f0 Exception <a 'sun/nio/fs/WindowsException'{0x00000000eacfd948}> (0x00000000eacfd948) 
thrown [s\src\hotspot\share\prims\jni.cpp, line 520]
Event: 80.181 Thread 0x0000017e722011f0 Exception <a 'sun/nio/fs/WindowsException'{0x00000000eacfe2b8}> (0x00000000eacfe2b8) 
thrown [s\src\hotspot\share\prims\jni.cpp, line 520]
Event: 80.294 Thread 0x0000017e722011f0 Exception <a 'java/io/FileNotFoundException'{0x00000000eafb6f50}> (0x00000000eafb6f50) 
thrown [s\src\hotspot\share\prims\jni.cpp, line 520]
Event: 80.295 Thread 0x0000017e722011f0 Exception <a 'java/io/FileNotFoundException'{0x00000000eafb7cd0}> (0x00000000eafb7cd0) 
thrown [s\src\hotspot\share\prims\jni.cpp, line 520]
Event: 80.472 Thread 0x0000017e722011f0 Exception <a 'sun/nio/fs/WindowsException'{0x00000000eb2afdc8}> (0x00000000eb2afdc8) 
thrown [s\src\hotspot\share\prims\jni.cpp, line 520]
Event: 80.472 Thread 0x0000017e722011f0 Exception <a 'sun/nio/fs/WindowsException'{0x00000000eb2b0738}> (0x00000000eb2b0738) 
thrown [s\src\hotspot\share\prims\jni.cpp, line 520]
Event: 80.632 Thread 0x0000017e73e1a3f0 Implicit null exception at 0x0000017e62bf1a90 to 0x0000017e62bf590c
Event: 82.328 Thread 0x0000017e74e49a20 Exception <a 'java/lang/IncompatibleClassChangeError'{0x00000000eaeeeb18}: Found class java.lang.Object, but interface was expected> (0x00000000eaeeeb18) 
thrown [s\src\hotspot\share\interpreter\linkResolver.cpp, line 840]
Event: 84.549 Thread 0x0000017e722011f0 Exception <a 'java/lang/NoSuchMethodError'{0x00000000eaffde30}: 'void java.lang.invoke.DirectMethodHandle$Holder.invokeStatic(java.lang.Object, java.lang.Object, java.lang.Object, int)'> (0x00000000eaffde30) 
thrown [s\src\hotspot\share\interpreter\linkResolver.cpp, line 773]
Event: 84.840 Thread 0x0000017e722011f0 Exception <a 'java/lang/NoSuchMethodError'{0x00000000eac2d560}: 'void java.lang.invoke.DirectMethodHandle$Holder.invokeVirtual(java.lang.Object, java.lang.Object, int)'> (0x00000000eac2d560) 
thrown [s\src\hotspot\share\interpreter\linkResolver.cpp, line 773]
Event: 84.840 Thread 0x0000017e722011f0 Implicit null exception at 0x0000017e62c2add9 to 0x0000017e62c2b988
Event: 85.151 Thread 0x0000017e73e1a3f0 Implicit null exception at 0x0000017e62ab20c1 to 0x0000017e62ab2474
Event: 85.151 Thread 0x0000017e73e1a3f0 Implicit null exception at 0x0000017e62a83aa1 to 0x0000017e62a83db4
Event: 85.151 Thread 0x0000017e73e1a3f0 Implicit null exception at 0x0000017e62ab11ff to 0x0000017e62ab1618

ZGC Phase Switch (0 events):
No events

VM Operations (20 events):
Event: 82.189 Executing VM operation: ParallelGCFailedAllocation (Allocation Failure)
Event: 82.213 Executing VM operation: ParallelGCFailedAllocation (Allocation Failure) done
Event: 82.734 Executing VM operation: ParallelGCFailedAllocation (Allocation Failure)
Event: 82.766 Executing VM operation: ParallelGCFailedAllocation (Allocation Failure) done
Event: 83.158 Executing VM operation: ParallelGCFailedAllocation (Allocation Failure)
Event: 83.185 Executing VM operation: ParallelGCFailedAllocation (Allocation Failure) done
Event: 83.575 Executing VM operation: ParallelGCFailedAllocation (Allocation Failure)
Event: 83.592 Executing VM operation: ParallelGCFailedAllocation (Allocation Failure) done
Event: 83.770 Executing VM operation: ParallelGCFailedAllocation (Allocation Failure)
Event: 83.798 Executing VM operation: ParallelGCFailedAllocation (Allocation Failure) done
Event: 84.223 Executing VM operation: ParallelGCFailedAllocation (Allocation Failure)
Event: 84.239 Executing VM operation: ParallelGCFailedAllocation (Allocation Failure) done
Event: 84.491 Executing VM operation: ParallelGCFailedAllocation (Allocation Failure)
Event: 84.505 Executing VM operation: ParallelGCFailedAllocation (Allocation Failure) done
Event: 84.639 Executing VM operation: CollectForMetadataAllocation (Metadata GC Threshold)
Event: 84.824 Executing VM operation: CollectForMetadataAllocation (Metadata GC Threshold) done
Event: 85.109 Executing VM operation: ParallelGCFailedAllocation (Allocation Failure)
Event: 85.113 Executing VM operation: ParallelGCFailedAllocation (Allocation Failure) done
Event: 85.386 Executing VM operation: ParallelGCFailedAllocation (Allocation Failure)
Event: 85.389 Executing VM operation: ParallelGCFailedAllocation (Allocation Failure) done

Memory protections (0 events):
No events

Nmethod flushes (20 events):
Event: 84.709 Thread 0x0000017e579515c0 flushing  nmethod 0x0000017e5b517410
Event: 84.709 Thread 0x0000017e579515c0 flushing osr nmethod 0x0000017e5b51f590
Event: 84.709 Thread 0x0000017e579515c0 flushing  nmethod 0x0000017e5b52cd10
Event: 84.709 Thread 0x0000017e579515c0 flushing  nmethod 0x0000017e5b53a210
Event: 84.709 Thread 0x0000017e579515c0 flushing  nmethod 0x0000017e5b53b690
Event: 84.709 Thread 0x0000017e579515c0 flushing  nmethod 0x0000017e5b564210
Event: 84.709 Thread 0x0000017e579515c0 flushing  nmethod 0x0000017e5b567f10
Event: 84.709 Thread 0x0000017e579515c0 flushing  nmethod 0x0000017e5b570d10
Event: 84.709 Thread 0x0000017e579515c0 flushing  nmethod 0x0000017e5b572290
Event: 84.709 Thread 0x0000017e579515c0 flushing  nmethod 0x0000017e5b573c90
Event: 84.709 Thread 0x0000017e579515c0 flushing  nmethod 0x0000017e5b574d90
Event: 84.709 Thread 0x0000017e579515c0 flushing  nmethod 0x0000017e5b58b890
Event: 84.709 Thread 0x0000017e579515c0 flushing  nmethod 0x0000017e5b58be90
Event: 84.709 Thread 0x0000017e579515c0 flushing  nmethod 0x0000017e5b590010
Event: 84.709 Thread 0x0000017e579515c0 flushing  nmethod 0x0000017e5b596310
Event: 84.709 Thread 0x0000017e579515c0 flushing  nmethod 0x0000017e5b596c90
Event: 84.709 Thread 0x0000017e579515c0 flushing  nmethod 0x0000017e5b59a810
Event: 84.709 Thread 0x0000017e579515c0 flushing  nmethod 0x0000017e5b5d9390
Event: 84.709 Thread 0x0000017e579515c0 flushing  nmethod 0x0000017e5b5dcb90
Event: 84.709 Thread 0x0000017e579515c0 flushing  nmethod 0x0000017e5b609d90

Events (20 events):
Event: 50.329 Thread 0x0000017e6c4a0ff0 Thread added: 0x0000017e73b678f0
Event: 50.776 Thread 0x0000017e73b678f0 Thread exited: 0x0000017e73b678f0
Event: 52.151 Thread 0x0000017e6c4a0ff0 Thread added: 0x0000017e73fe1660
Event: 52.510 Thread 0x0000017e73fe1660 Thread exited: 0x0000017e73fe1660
Event: 58.846 Thread 0x0000017e6c4a0ff0 Thread added: 0x0000017e723d2da0
Event: 59.024 Thread 0x0000017e723d2da0 Thread exited: 0x0000017e723d2da0
Event: 60.346 Thread 0x0000017e6c4a0ff0 Thread added: 0x0000017e72b74d50
Event: 60.992 Thread 0x0000017e72b74d50 Thread exited: 0x0000017e72b74d50
Event: 64.382 Thread 0x0000017e6c4a0ff0 Thread added: 0x0000017e72e0dbc0
Event: 64.737 Thread 0x0000017e72e0dbc0 Thread exited: 0x0000017e72e0dbc0
Event: 72.495 Thread 0x0000017e6c4a0ff0 Thread added: 0x0000017e73e67980
Event: 72.942 Thread 0x0000017e73e67980 Thread exited: 0x0000017e73e67980
Event: 73.926 Thread 0x0000017e6c4a0ff0 Thread added: 0x0000017e73e67980
Event: 76.593 Thread 0x0000017e73e67980 Thread exited: 0x0000017e73e67980
Event: 79.025 Thread 0x0000017e721ffe40 Thread added: 0x0000017e74e4add0
Event: 79.088 Thread 0x0000017e6c4a0ff0 Thread added: 0x0000017e6d87d930
Event: 79.747 Thread 0x0000017e6d87d930 Thread exited: 0x0000017e6d87d930
Event: 80.671 Thread 0x0000017e722011f0 Thread added: 0x0000017e74e49390
Event: 80.924 Thread 0x0000017e6c4a0ff0 Thread added: 0x0000017e72bd4c60
Event: 81.412 Thread 0x0000017e72bd4c60 Thread exited: 0x0000017e72bd4c60


Dynamic libraries:
0x00007ff664660000 - 0x00007ff66466e000 	c:\Users\palak\.vscode\extensions\redhat.java-1.40.0-win32-x64\jre\21.0.6-win32-x86_64\bin\java.exe
0x00007ffd38520000 - 0x00007ffd38783000 	C:\WINDOWS\SYSTEM32\ntdll.dll
0x00007ffd37360000 - 0x00007ffd37427000 	C:\WINDOWS\System32\KERNEL32.DLL
0x00007ffd35d40000 - 0x00007ffd36109000 	C:\WINDOWS\System32\KERNELBASE.dll
0x00007ffd35bf0000 - 0x00007ffd35d3c000 	C:\WINDOWS\System32\ucrtbase.dll
0x00007ffcfe960000 - 0x00007ffcfe978000 	c:\Users\palak\.vscode\extensions\redhat.java-1.40.0-win32-x64\jre\21.0.6-win32-x86_64\bin\jli.dll
0x00007ffd37070000 - 0x00007ffd3723a000 	C:\WINDOWS\System32\USER32.dll
0x00007ffd35a60000 - 0x00007ffd35a87000 	C:\WINDOWS\System32\win32u.dll
0x00007ffd37ec0000 - 0x00007ffd37eea000 	C:\WINDOWS\System32\GDI32.dll
0x00007ffd35920000 - 0x00007ffd35a51000 	C:\WINDOWS\System32\gdi32full.dll
0x00007ffd36290000 - 0x00007ffd36333000 	C:\WINDOWS\System32\msvcp_win.dll
0x00007ffcfaf60000 - 0x00007ffcfaf7e000 	c:\Users\palak\.vscode\extensions\redhat.java-1.40.0-win32-x64\jre\21.0.6-win32-x86_64\bin\VCRUNTIME140.dll
0x00007ffd16f00000 - 0x00007ffd17190000 	C:\WINDOWS\WinSxS\amd64_microsoft.windows.common-controls_6595b64144ccf1df_6.0.26100.3323_none_3e088096e3344490\COMCTL32.dll
0x00007ffd368a0000 - 0x00007ffd36949000 	C:\WINDOWS\System32\msvcrt.dll
0x00007ffd36a50000 - 0x00007ffd36a7f000 	C:\WINDOWS\System32\IMM32.DLL
0x00007ffd1cee0000 - 0x00007ffd1ceec000 	c:\Users\palak\.vscode\extensions\redhat.java-1.40.0-win32-x64\jre\21.0.6-win32-x86_64\bin\vcruntime140_1.dll
0x00007ffcd0800000 - 0x00007ffcd088d000 	c:\Users\palak\.vscode\extensions\redhat.java-1.40.0-win32-x64\jre\21.0.6-win32-x86_64\bin\msvcp140.dll
0x00007ffc89cf0000 - 0x00007ffc8aa80000 	c:\Users\palak\.vscode\extensions\redhat.java-1.40.0-win32-x64\jre\21.0.6-win32-x86_64\bin\server\jvm.dll
0x00007ffd36a90000 - 0x00007ffd36b42000 	C:\WINDOWS\System32\ADVAPI32.dll
0x00007ffd37c00000 - 0x00007ffd37ca6000 	C:\WINDOWS\System32\sechost.dll
0x00007ffd37240000 - 0x00007ffd37356000 	C:\WINDOWS\System32\RPCRT4.dll
0x00007ffd36960000 - 0x00007ffd369d4000 	C:\WINDOWS\System32\WS2_32.dll
0x00007ffd355b0000 - 0x00007ffd355fe000 	C:\WINDOWS\SYSTEM32\POWRPROF.dll
0x00007ffd2e490000 - 0x00007ffd2e4c6000 	C:\WINDOWS\SYSTEM32\WINMM.dll
0x00007ffd2e4d0000 - 0x00007ffd2e4db000 	C:\WINDOWS\SYSTEM32\VERSION.dll
0x00007ffd35590000 - 0x00007ffd355a4000 	C:\WINDOWS\SYSTEM32\UMPDC.dll
0x00007ffd34540000 - 0x00007ffd3455a000 	C:\WINDOWS\SYSTEM32\kernel.appcore.dll
0x00007ffcffce0000 - 0x00007ffcffcea000 	c:\Users\palak\.vscode\extensions\redhat.java-1.40.0-win32-x64\jre\21.0.6-win32-x86_64\bin\jimage.dll
0x00007ffd281b0000 - 0x00007ffd283f1000 	C:\WINDOWS\SYSTEM32\DBGHELP.DLL
0x00007ffd38150000 - 0x00007ffd384d2000 	C:\WINDOWS\System32\combase.dll
0x00007ffd37ef0000 - 0x00007ffd37fc6000 	C:\WINDOWS\System32\OLEAUT32.dll
0x00007ffd19f10000 - 0x00007ffd19f49000 	C:\WINDOWS\SYSTEM32\dbgcore.DLL
0x00007ffd35a90000 - 0x00007ffd35b29000 	C:\WINDOWS\System32\bcryptPrimitives.dll
0x00007ffcff8f0000 - 0x00007ffcff8ff000 	c:\Users\palak\.vscode\extensions\redhat.java-1.40.0-win32-x64\jre\21.0.6-win32-x86_64\bin\instrument.dll
0x00007ffcf6e20000 - 0x00007ffcf6e3f000 	c:\Users\palak\.vscode\extensions\redhat.java-1.40.0-win32-x64\jre\21.0.6-win32-x86_64\bin\java.dll
0x00007ffd374e0000 - 0x00007ffd37bf5000 	C:\WINDOWS\System32\SHELL32.dll
0x00007ffd35720000 - 0x00007ffd35888000 	C:\WINDOWS\System32\wintypes.dll
0x00007ffd33400000 - 0x00007ffd33c45000 	C:\WINDOWS\SYSTEM32\windows.storage.dll
0x00007ffd37fe0000 - 0x00007ffd380cb000 	C:\WINDOWS\System32\SHCORE.dll
0x00007ffd369f0000 - 0x00007ffd36a4d000 	C:\WINDOWS\System32\shlwapi.dll
0x00007ffd35630000 - 0x00007ffd3565f000 	C:\WINDOWS\SYSTEM32\profapi.dll
0x00007ffcf3780000 - 0x00007ffcf3798000 	c:\Users\palak\.vscode\extensions\redhat.java-1.40.0-win32-x64\jre\21.0.6-win32-x86_64\bin\zip.dll
0x00007ffcff8d0000 - 0x00007ffcff8e0000 	C:\Users\palak\.vscode\extensions\redhat.java-1.40.0-win32-x64\jre\21.0.6-win32-x86_64\bin\net.dll
0x00007ffd2bbf0000 - 0x00007ffd2bd0e000 	C:\WINDOWS\SYSTEM32\WINHTTP.dll
0x00007ffd34a60000 - 0x00007ffd34aca000 	C:\WINDOWS\system32\mswsock.dll
0x00007ffcf3630000 - 0x00007ffcf3646000 	C:\Users\palak\.vscode\extensions\redhat.java-1.40.0-win32-x64\jre\21.0.6-win32-x86_64\bin\nio.dll
0x00007ffcfebd0000 - 0x00007ffcfebe0000 	c:\Users\palak\.vscode\extensions\redhat.java-1.40.0-win32-x64\jre\21.0.6-win32-x86_64\bin\verify.dll
0x00007ffcd0760000 - 0x00007ffcd07a5000 	C:\Users\palak\AppData\Roaming\Code\User\globalStorage\redhat.java\1.40.0\config_win\org.eclipse.equinox.launcher\org.eclipse.equinox.launcher.win32.win32.x86_64_1.2.1200.v20250212-0927\eclipse_11909.dll
0x00007ffd36460000 - 0x00007ffd365f5000 	C:\WINDOWS\System32\ole32.dll
0x00007ffd34d00000 - 0x00007ffd34d1c000 	C:\WINDOWS\SYSTEM32\CRYPTSP.dll
0x00007ffd344a0000 - 0x00007ffd344da000 	C:\WINDOWS\system32\rsaenh.dll
0x00007ffd34b00000 - 0x00007ffd34b2b000 	C:\WINDOWS\SYSTEM32\USERENV.dll
0x00007ffd34f40000 - 0x00007ffd34f66000 	C:\WINDOWS\SYSTEM32\bcrypt.dll
0x00007ffd34d20000 - 0x00007ffd34d2c000 	C:\WINDOWS\SYSTEM32\CRYPTBASE.dll
0x00007ffd33f40000 - 0x00007ffd33f73000 	C:\WINDOWS\SYSTEM32\IPHLPAPI.DLL
0x00007ffd369e0000 - 0x00007ffd369ea000 	C:\WINDOWS\System32\NSI.dll
0x00007ffcd0090000 - 0x00007ffcd00d9000 	C:\Users\palak\AppData\Local\Temp\jna-106430981\jna8160048952540835579.dll
0x00007ffd37fd0000 - 0x00007ffd37fd8000 	C:\WINDOWS\System32\PSAPI.DLL
0x00007ffd302e0000 - 0x00007ffd302ea000 	C:\Users\palak\.vscode\extensions\redhat.java-1.40.0-win32-x64\jre\21.0.6-win32-x86_64\bin\management.dll
0x00007ffd1ec90000 - 0x00007ffd1ec9b000 	C:\Users\palak\.vscode\extensions\redhat.java-1.40.0-win32-x64\jre\21.0.6-win32-x86_64\bin\management_ext.dll
0x00007ffd2bb50000 - 0x00007ffd2bb6f000 	C:\WINDOWS\SYSTEM32\dhcpcsvc6.DLL
0x00007ffd2ba80000 - 0x00007ffd2baa5000 	C:\WINDOWS\SYSTEM32\dhcpcsvc.DLL

dbghelp: loaded successfully - version: 4.0.5 - missing functions: none
symbol engine: initialized successfully - sym options: 0x614 - pdb path: .;c:\Users\palak\.vscode\extensions\redhat.java-1.40.0-win32-x64\jre\21.0.6-win32-x86_64\bin;C:\WINDOWS\SYSTEM32;C:\WINDOWS\WinSxS\amd64_microsoft.windows.common-controls_6595b64144ccf1df_6.0.26100.3323_none_3e088096e3344490;c:\Users\palak\.vscode\extensions\redhat.java-1.40.0-win32-x64\jre\21.0.6-win32-x86_64\bin\server;C:\Users\palak\AppData\Roaming\Code\User\globalStorage\redhat.java\1.40.0\config_win\org.eclipse.equinox.launcher\org.eclipse.equinox.launcher.win32.win32.x86_64_1.2.1200.v20250212-0927;C:\Users\palak\AppData\Local\Temp\jna-106430981

VM Arguments:
jvm_args: --add-modules=ALL-SYSTEM --add-opens=java.base/java.util=ALL-UNNAMED --add-opens=java.base/java.lang=ALL-UNNAMED --add-opens=java.base/sun.nio.fs=ALL-UNNAMED -Declipse.application=org.eclipse.jdt.ls.core.id1 -Dosgi.bundles.defaultStartLevel=4 -Declipse.product=org.eclipse.jdt.ls.core.product -Djava.import.generatesMetadataFilesAtProjectRoot=false -DDetectVMInstallationsJob.disabled=true -Dfile.encoding=utf8 -XX:+UseParallelGC -XX:GCTimeRatio=4 -XX:AdaptiveSizePolicyWeight=90 -Dsun.zip.disableMemoryMapping=true -Xmx1G -Xms100m -Xlog:disable -javaagent:c:\Users\palak\.vscode\extensions\redhat.java-1.40.0-win32-x64\lombok\lombok-1.18.36.jar -XX:+HeapDumpOnOutOfMemoryError -XX:HeapDumpPath=c:\Users\palak\AppData\Roaming\Code\User\workspaceStorage\632f04cdbe9e26a6a5769c745b0508de\redhat.java -Daether.dependencyCollector.impl=bf 
java_command: c:\Users\palak\.vscode\extensions\redhat.java-1.40.0-win32-x64\server\plugins\org.eclipse.equinox.launcher_1.6.1000.v20250131-0606.jar -configuration c:\Users\palak\AppData\Roaming\Code\User\globalStorage\redhat.java\1.40.0\config_win -data c:\Users\palak\AppData\Roaming\Code\User\workspaceStorage\632f04cdbe9e26a6a5769c745b0508de\redhat.java\jdt_ws --pipe=\\.\pipe\lsp-aa0712055ded4e979ea8b2fbba3e420d-sock
java_class_path (initial): c:\Users\palak\.vscode\extensions\redhat.java-1.40.0-win32-x64\server\plugins\org.eclipse.equinox.launcher_1.6.1000.v20250131-0606.jar
Launcher Type: SUN_STANDARD

[Global flags]
    uintx AdaptiveSizePolicyWeight                 = 90                                        {product} {command line}
     intx CICompilerCount                          = 3                                         {product} {ergonomic}
    uintx GCTimeRatio                              = 4                                         {product} {command line}
     bool HeapDumpOnOutOfMemoryError               = true                                   {manageable} {command line}
    ccstr HeapDumpPath                             = c:\Users\palak\AppData\Roaming\Code\User\workspaceStorage\632f04cdbe9e26a6a5769c745b0508de\redhat.java         {manageable} {command line}
   size_t InitialHeapSize                          = 104857600                                 {product} {command line}
   size_t MaxHeapSize                              = 1073741824                                {product} {command line}
   size_t MaxNewSize                               = 357564416                                 {product} {ergonomic}
   size_t MinHeapDeltaBytes                        = 524288                                    {product} {ergonomic}
   size_t MinHeapSize                              = 104857600                                 {product} {command line}
   size_t NewSize                                  = 34603008                                  {product} {ergonomic}
    uintx NonNMethodCodeHeapSize                   = 5832780                                {pd product} {ergonomic}
    uintx NonProfiledCodeHeapSize                  = 122912730                              {pd product} {ergonomic}
   size_t OldSize                                  = 70254592                                  {product} {ergonomic}
    uintx ProfiledCodeHeapSize                     = 122912730                              {pd product} {ergonomic}
    uintx ReservedCodeCacheSize                    = 251658240                              {pd product} {ergonomic}
     bool SegmentedCodeCache                       = true                                      {product} {ergonomic}
   size_t SoftMaxHeapSize                          = 1073741824                             {manageable} {ergonomic}
     bool UseCompressedOops                        = true                           {product lp64_product} {ergonomic}
     bool UseLargePagesIndividualAllocation        = false                                  {pd product} {ergonomic}
     bool UseParallelGC                            = true                                      {product} {command line}

Logging:
Log output configuration:
 #0: stdout all=off uptime,level,tags foldmultilines=false
 #1: stderr all=off uptime,level,tags foldmultilines=false

Environment Variables:
JAVA_HOME=C:\Users\palak\Downloads\java-21-openjdk-21.0.1.0.12-3.win.jdk.x86_64\java-21-openjdk-21.0.1.0.12-3.win.jdk.x86_64
PATH=C:\Program Files (x86)\Common Files\Oracle\Java\java8path;C:\Program Files (x86)\Common Files\Oracle\Java\javapath;C:\WINDOWS\system32;C:\WINDOWS;C:\WINDOWS\System32\Wbem;C:\WINDOWS\System32\WindowsPowerShell\v1.0\;C:\WINDOWS\System32\OpenSSH\;C:\Users\palak\Downloads\java-21-openjdk-21.0.1.0.12-3.win.jdk.x86_64\java-21-openjdk-21.0.1.0.12-3.win.jdk.x86_64\bin;C:\Users\palak\Downloads\apache-maven-3.9.8-bin\bin;c:\users\palak\appdata\local\packages\pythonsoftwarefoundation.python.3.11_qbz5n2kfra8p0\localcache\local-packages\python311\site-packages;C:\ProgramData\chocolatey\bin;C:\Program Files\nodejs\;C:\Users\palak\AppData\Local\Programs\Python\Python312\Scripts;C:\Program Files\Git\cmd;C:\Users\palak\Downloads\flutter_windows_3.27.3-stable\flutter\bin;C:\Users\palak\AppData\Local\Android\Sdk\cmdline-tools\latest\bin;C:\Users\palak\AppData\Local\Android\Sdk\platform-tools;C:\ffmpeg;C:\Program Files\MongoDB\Server\8.0\bin;C:\Users\palak\AppData\Local\Programs\Python\Python313\Scripts\;C:\Users\palak\AppData\Local\Programs\Python\Python313\;C:\Users\palak\AppData\Local\Programs\Python\Python312\Scripts\;C:\Users\palak\AppData\Local\Programs\Python\Python312\;C:\Users\palak\AppData\Local\Programs\Python\Launcher\;C:\Program Files\MySQL\MySQL Shell 8.0\bin\;C:\Users\palak\AppData\Local\Microsoft\WindowsApps;C:\Users\palak\AppData\Local\Programs\Microsoft VS Code\bin;C:\Program Files\JetBrains\IntelliJ IDEA Community Edition 2023.3.3\bin;C:\Users\palak\AppData\Local\JetBrains\CLion 2023.3.4\bin;C:\Program Files\JetBrains\PyCharm 2024.1.2\bin;C:\Program Files\JetBrains\PyCharm Community Edition 2024.1.4\bin;C:\Users\palak\AppData\Local\JetBrains\Toolbox\scripts;C:\Users\palak\AppData\Roaming\npm;C:\Users\palak\AppData\Local\GitHubDesktop\bin;C:\Users\palak\AppData\Local\Microsoft\WindowsApps;
USERNAME=palak
OS=Windows_NT
PROCESSOR_IDENTIFIER=AMD64 Family 23 Model 24 Stepping 1, AuthenticAMD
TMP=C:\Users\palak\AppData\Local\Temp
TEMP=C:\Users\palak\AppData\Local\Temp




Periodic native trim disabled

---------------  S Y S T E M  ---------------

OS:
 Windows 11 , 64 bit Build 26100 (10.0.26100.3323)
OS uptime: 0 days 6:00 hours

CPU: total 4 (initial active 4) (4 cores per cpu, 2 threads per core) family 23 model 24 stepping 1 microcode 0x8108109, cx8, cmov, fxsr, ht, mmx, 3dnowpref, sse, sse2, sse3, ssse3, sse4a, sse4.1, sse4.2, popcnt, lzcnt, tsc, tscinvbit, avx, avx2, aes, clmul, bmi1, bmi2, adx, sha, fma, vzeroupper, clflush, clflushopt, rdtscp, f16c
Processor Information for the first 4 processors :
  Max Mhz: 2600, Current Mhz: 2600, Mhz Limit: 2600

Memory: 4k page, system-wide physical 6086M (638M free)
TotalPageFile size 14278M (AvailPageFile size 7M)
current process WorkingSet (physical memory assigned to process): 235M, peak: 235M
current process commit charge ("private bytes"): 303M, peak: 313M

vm_info: OpenJDK 64-Bit Server VM (21.0.6+7-LTS) for windows-amd64 JRE (21.0.6+7-LTS), built on 2025-01-21T00:00:00Z by "admin" with MS VC++ 17.7 (VS2022)

END.
