#
# There is insufficient memory for the Java Runtime Environment to continue.
# Native memory allocation (malloc) failed to allocate 32744 bytes. Error detail: Chunk::new
# Possible reasons:
#   The system is out of physical RAM or swap space
#   This process is running with CompressedOops enabled, and the Java Heap may be blocking the growth of the native heap
# Possible solutions:
#   Reduce memory load on the system
#   Increase physical memory or swap space
#   Check if swap backing store is full
#   Decrease Java heap size (-Xmx/-Xms)
#   Decrease number of Java threads
#   Decrease Java thread stack sizes (-Xss)
#   Set larger code cache with -XX:ReservedCodeCacheSize=
#   JVM is running with Unscaled Compressed Oops mode in which the Java heap is
#     placed in the first 4GB address space. The Java Heap base address is the
#     maximum limit for the native heap growth. Please use -XX:HeapBaseMinAddress
#     to set the Java Heap base and to place the Java Heap above 4GB virtual address.
# This output file may be truncated or incomplete.
#
#  Out of Memory Error (arena.cpp:168), pid=21096, tid=18080
#
# JRE version: OpenJDK Runtime Environment Temurin-21.0.6+7 (21.0.6+7) (build 21.0.6+7-LTS)
# Java VM: OpenJDK 64-Bit Server VM Temurin-21.0.6+7 (21.0.6+7-LTS, mixed mode, sharing, tiered, compressed oops, compressed class ptrs, parallel gc, windows-amd64)
# No core dump will be written. Minidumps are not enabled by default on client versions of Windows
#

---------------  S U M M A R Y ------------

Command Line: --add-modules=ALL-SYSTEM --add-opens=java.base/java.util=ALL-UNNAMED --add-opens=java.base/java.lang=ALL-UNNAMED --add-opens=java.base/sun.nio.fs=ALL-UNNAMED -Declipse.application=org.eclipse.jdt.ls.core.id1 -Dosgi.bundles.defaultStartLevel=4 -Declipse.product=org.eclipse.jdt.ls.core.product -Djava.import.generatesMetadataFilesAtProjectRoot=false -DDetectVMInstallationsJob.disabled=true -Dfile.encoding=utf8 -XX:+UseParallelGC -XX:GCTimeRatio=4 -XX:AdaptiveSizePolicyWeight=90 -Dsun.zip.disableMemoryMapping=true -Xmx1G -Xms100m -Xlog:disable -javaagent:c:\Users\palak\.vscode\extensions\redhat.java-1.41.1-win32-x64\lombok\lombok-1.18.36.jar -XX:+HeapDumpOnOutOfMemoryError -XX:HeapDumpPath=c:\Users\palak\AppData\Roaming\Code\User\workspaceStorage\632f04cdbe9e26a6a5769c745b0508de\redhat.java -Daether.dependencyCollector.impl=bf c:\Users\palak\.vscode\extensions\redhat.java-1.41.1-win32-x64\server\plugins\org.eclipse.equinox.launcher_1.7.0.v20250331-1702.jar -configuration c:\Users\palak\AppData\Roaming\Code\User\globalStorage\redhat.java\1.41.1\config_win -data c:\Users\palak\AppData\Roaming\Code\User\workspaceStorage\632f04cdbe9e26a6a5769c745b0508de\redhat.java\jdt_ws --pipe=\\.\pipe\lsp-2c5fb817107f2e6ffa3fd179fb0cd85d-sock

Host: AMD Ryzen 3 3250U with Radeon Graphics         , 4 cores, 5G,  Windows 11 , 64 bit Build 26100 (10.0.26100.3323)
Time: Wed Apr  2 18:54:20 2025 India Standard Time elapsed time: 216.480141 seconds (0d 0h 3m 36s)

---------------  T H R E A D  ---------------

Current thread (0x0000022bbac526d0):  JavaThread "C1 CompilerThread0" daemon [_thread_in_native, id=18080, stack(0x00000097f3900000,0x00000097f3a00000) (1024K)]


Current CompileTask:
C1:216480 10216       3       org.eclipse.jdt.internal.compiler.parser.Parser::consumeRule (7755 bytes)

Stack: [0x00000097f3900000,0x00000097f3a00000]
Native frames: (J=compiled Java code, j=interpreted, Vv=VM code, C=native code)
V  [jvm.dll+0x6cdee9]
V  [jvm.dll+0x8a83d1]
V  [jvm.dll+0x8aa8fe]
V  [jvm.dll+0x8aafe3]
V  [jvm.dll+0x27f706]
V  [jvm.dll+0xc500d]
V  [jvm.dll+0xc5543]
V  [jvm.dll+0x157f76]
V  [jvm.dll+0x15f0e5]
V  [jvm.dll+0x15d895]
V  [jvm.dll+0x1577c7]
V  [jvm.dll+0x167016]
V  [jvm.dll+0x152c20]
V  [jvm.dll+0x152fa3]
V  [jvm.dll+0x153274]
V  [jvm.dll+0x1526a6]
V  [jvm.dll+0x15447d]
V  [jvm.dll+0x25685a]
V  [jvm.dll+0x254dfa]
V  [jvm.dll+0x3f0256]
V  [jvm.dll+0x851f8b]
V  [jvm.dll+0x6cc5ed]
C  [ucrtbase.dll+0x37b0]
C  [KERNEL32.DLL+0x2e8d7]
C  [ntdll.dll+0xbbf6c]


---------------  P R O C E S S  ---------------

Threads class SMR info:
_java_thread_list=0x0000022bfe59ad00, length=34, elements={
0x0000022ba44fde60, 0x0000022ba695b140, 0x0000022ba695d7a0, 0x0000022bbabd22f0,
0x0000022bbabd2e40, 0x0000022bbabd9cb0, 0x0000022bbabdc710, 0x0000022bbabe5000,
0x0000022bbac526d0, 0x0000022bfc9b0b00, 0x0000022bfcc41700, 0x0000022bfd138130,
0x0000022bfcd12dd0, 0x0000022bfcd0fc80, 0x0000022bfcaa6b40, 0x0000022bfc9fbf10,
0x0000022bfd86a5c0, 0x0000022bfe28dc70, 0x0000022bfe28c8c0, 0x0000022bfe28e990,
0x0000022bfe28cf50, 0x0000022bfe28f6b0, 0x0000022bfe28fd40, 0x0000022b8438f270,
0x0000022b8438c480, 0x0000022b8438ebe0, 0x0000022b8438f900, 0x0000022b8438dec0,
0x0000022b8438ff90, 0x0000022b8438e550, 0x0000022b8438d830, 0x0000022b84390620,
0x0000022b8438d1a0, 0x0000022b843919d0
}

Java Threads: ( => current thread )
  0x0000022ba44fde60 JavaThread "main"                              [_thread_blocked, id=21052, stack(0x00000097f2e00000,0x00000097f2f00000) (1024K)]
  0x0000022ba695b140 JavaThread "Reference Handler"          daemon [_thread_blocked, id=4984, stack(0x00000097f3200000,0x00000097f3300000) (1024K)]
  0x0000022ba695d7a0 JavaThread "Finalizer"                  daemon [_thread_blocked, id=940, stack(0x00000097f3300000,0x00000097f3400000) (1024K)]
  0x0000022bbabd22f0 JavaThread "Signal Dispatcher"          daemon [_thread_blocked, id=14812, stack(0x00000097f3400000,0x00000097f3500000) (1024K)]
  0x0000022bbabd2e40 JavaThread "Attach Listener"            daemon [_thread_blocked, id=15832, stack(0x00000097f3500000,0x00000097f3600000) (1024K)]
  0x0000022bbabd9cb0 JavaThread "Service Thread"             daemon [_thread_blocked, id=20768, stack(0x00000097f3600000,0x00000097f3700000) (1024K)]
  0x0000022bbabdc710 JavaThread "Monitor Deflation Thread"   daemon [_thread_blocked, id=17912, stack(0x00000097f3700000,0x00000097f3800000) (1024K)]
  0x0000022bbabe5000 JavaThread "C2 CompilerThread0"         daemon [_thread_in_native, id=21180, stack(0x00000097f3800000,0x00000097f3900000) (1024K)]
=>0x0000022bbac526d0 JavaThread "C1 CompilerThread0"         daemon [_thread_in_native, id=18080, stack(0x00000097f3900000,0x00000097f3a00000) (1024K)]
  0x0000022bfc9b0b00 JavaThread "Common-Cleaner"             daemon [_thread_blocked, id=14848, stack(0x00000097f3a00000,0x00000097f3b00000) (1024K)]
  0x0000022bfcc41700 JavaThread "Notification Thread"        daemon [_thread_blocked, id=7804, stack(0x00000097f3b00000,0x00000097f3c00000) (1024K)]
  0x0000022bfd138130 JavaThread "Active Thread: Equinox Container: 793836eb-1ba4-44db-97ca-f63afb35956d"        [_thread_blocked, id=19044, stack(0x00000097f3f00000,0x00000097f4000000) (1024K)]
  0x0000022bfcd12dd0 JavaThread "Refresh Thread: Equinox Container: 793836eb-1ba4-44db-97ca-f63afb35956d" daemon [_thread_blocked, id=9464, stack(0x00000097f4000000,0x00000097f4100000) (1024K)]
  0x0000022bfcd0fc80 JavaThread "Framework Event Dispatcher: Equinox Container: 793836eb-1ba4-44db-97ca-f63afb35956d" daemon [_thread_blocked, id=10944, stack(0x00000097f4100000,0x00000097f4200000) (1024K)]
  0x0000022bfcaa6b40 JavaThread "Start Level: Equinox Container: 793836eb-1ba4-44db-97ca-f63afb35956d" daemon [_thread_blocked, id=15116, stack(0x00000097f4200000,0x00000097f4300000) (1024K)]
  0x0000022bfc9fbf10 JavaThread "Bundle File Closer"         daemon [_thread_blocked, id=17664, stack(0x00000097f4300000,0x00000097f4400000) (1024K)]
  0x0000022bfd86a5c0 JavaThread "SCR Component Actor"        daemon [_thread_blocked, id=21124, stack(0x00000097f4400000,0x00000097f4500000) (1024K)]
  0x0000022bfe28dc70 JavaThread "Worker-JM"                         [_thread_blocked, id=9652, stack(0x00000097f4600000,0x00000097f4700000) (1024K)]
  0x0000022bfe28c8c0 JavaThread "JNA Cleaner"                daemon [_thread_blocked, id=17756, stack(0x00000097f4500000,0x00000097f4600000) (1024K)]
  0x0000022bfe28e990 JavaThread "Worker-0"                          [_thread_blocked, id=19972, stack(0x00000097f4700000,0x00000097f4800000) (1024K)]
  0x0000022bfe28cf50 JavaThread "Worker-1: Initialize workspace"        [_thread_in_Java, id=15396, stack(0x00000097f4800000,0x00000097f4900000) (1024K)]
  0x0000022bfe28f6b0 JavaThread "Java indexing"              daemon [_thread_blocked, id=20348, stack(0x00000097f4900000,0x00000097f4a00000) (1024K)]
  0x0000022bfe28fd40 JavaThread "Worker-4"                          [_thread_blocked, id=4572, stack(0x00000097f4d00000,0x00000097f4e00000) (1024K)]
  0x0000022b8438f270 JavaThread "Thread-4"                   daemon [_thread_in_native, id=10128, stack(0x00000097f4e00000,0x00000097f4f00000) (1024K)]
  0x0000022b8438c480 JavaThread "Thread-5"                   daemon [_thread_in_native, id=15304, stack(0x00000097f4f00000,0x00000097f5000000) (1024K)]
  0x0000022b8438ebe0 JavaThread "Thread-6"                   daemon [_thread_in_native, id=3488, stack(0x00000097f5000000,0x00000097f5100000) (1024K)]
  0x0000022b8438f900 JavaThread "Thread-7"                   daemon [_thread_in_native, id=17192, stack(0x00000097f5100000,0x00000097f5200000) (1024K)]
  0x0000022b8438dec0 JavaThread "Thread-8"                   daemon [_thread_in_native, id=11280, stack(0x00000097f5200000,0x00000097f5300000) (1024K)]
  0x0000022b8438ff90 JavaThread "pool-2-thread-1"                   [_thread_blocked, id=20976, stack(0x00000097f5300000,0x00000097f5400000) (1024K)]
  0x0000022b8438e550 JavaThread "WorkspaceEventsHandler"            [_thread_blocked, id=17228, stack(0x00000097f5400000,0x00000097f5500000) (1024K)]
  0x0000022b8438d830 JavaThread "pool-1-thread-1"                   [_thread_blocked, id=7388, stack(0x00000097f5500000,0x00000097f5600000) (1024K)]
  0x0000022b84390620 JavaThread "ForkJoinPool.commonPool-worker-1" daemon [_thread_blocked, id=17956, stack(0x00000097f5600000,0x00000097f5700000) (1024K)]
  0x0000022b8438d1a0 JavaThread "ForkJoinPool.commonPool-worker-2" daemon [_thread_blocked, id=2676, stack(0x00000097f5700000,0x00000097f5800000) (1024K)]
  0x0000022b843919d0 JavaThread "ForkJoinPool.commonPool-worker-3" daemon [_thread_blocked, id=18616, stack(0x00000097f5800000,0x00000097f5900000) (1024K)]
Total: 34

Other Threads:
  0x0000022ba6940cf0 VMThread "VM Thread"                           [id=9420, stack(0x00000097f3100000,0x00000097f3200000) (1024K)]
  0x0000022bbab6ca10 WatcherThread "VM Periodic Task Thread"        [id=12784, stack(0x00000097f3000000,0x00000097f3100000) (1024K)]
  0x0000022ba68bf960 WorkerThread "GC Thread#0"                     [id=18604, stack(0x00000097f2f00000,0x00000097f3000000) (1024K)]
  0x0000022bfcc86ea0 WorkerThread "GC Thread#1"                     [id=3764, stack(0x00000097f3c00000,0x00000097f3d00000) (1024K)]
  0x0000022bfce9ded0 WorkerThread "GC Thread#2"                     [id=19272, stack(0x00000097f3d00000,0x00000097f3e00000) (1024K)]
  0x0000022bfce9e270 WorkerThread "GC Thread#3"                     [id=14564, stack(0x00000097f3e00000,0x00000097f3f00000) (1024K)]
Total: 6

Threads with active compile tasks:
C2 CompilerThread0  216545 10171       4       java.util.Properties::load0 (249 bytes)
C1 CompilerThread0  216545 10216       3       org.eclipse.jdt.internal.compiler.parser.Parser::consumeRule (7755 bytes)
Total: 2

VM state: not at safepoint (normal execution)

VM Mutex/Monitor currently owned by a thread: None

Heap address: 0x00000000c0000000, size: 1024 MB, Compressed Oops mode: 32-bit

CDS archive(s) mapped at: [0x0000022bbb000000-0x0000022bbbba0000-0x0000022bbbba0000), size 12189696, SharedBaseAddress: 0x0000022bbb000000, ArchiveRelocationMode: 1.
Compressed class space mapped at: 0x0000022bbc000000-0x0000022bfc000000, reserved size: 1073741824
Narrow klass base: 0x0000022bbb000000, Narrow klass shift: 0, Narrow klass range: 0x100000000

GC Precious Log:
 CardTable entry size: 512
 CPUs: 4 total, 4 available
 Memory: 6086M
 Large Page Support: Disabled
 NUMA Support: Disabled
 Compressed Oops: Enabled (32-bit)
 Alignments: Space 512K, Generation 512K, Heap 2M
 Heap Min Capacity: 100M
 Heap Initial Capacity: 100M
 Heap Max Capacity: 1G
 Pre-touch: Disabled
 Parallel Workers: 4

Heap:
 PSYoungGen      total 22016K, used 6012K [0x00000000eab00000, 0x00000000ec180000, 0x0000000100000000)
  eden space 20992K, 25% used [0x00000000eab00000,0x00000000eb050c78,0x00000000ebf80000)
  from space 1024K, 55% used [0x00000000ec080000,0x00000000ec10e6c0,0x00000000ec180000)
  to   space 1024K, 0% used [0x00000000ebf80000,0x00000000ebf80000,0x00000000ec080000)
 ParOldGen       total 68608K, used 57499K [0x00000000c0000000, 0x00000000c4300000, 0x00000000eab00000)
  object space 68608K, 83% used [0x00000000c0000000,0x00000000c3826f70,0x00000000c4300000)
 Metaspace       used 55139K, committed 56576K, reserved 1114112K
  class space    used 5713K, committed 6336K, reserved 1048576K

Card table byte_map: [0x0000022ba6240000,0x0000022ba6450000] _byte_map_base: 0x0000022ba5c40000

Marking Bits: (ParMarkBitMap*) 0x00007ffe3e053260
 Begin Bits: [0x0000022bb8a90000, 0x0000022bb9a90000)
 End Bits:   [0x0000022bb9a90000, 0x0000022bbaa90000)

Polling page: 0x0000022ba4480000

Metaspace:

Usage:
  Non-class:     48.27 MB used.
      Class:      5.58 MB used.
       Both:     53.85 MB used.

Virtual space:
  Non-class space:       64.00 MB reserved,      49.06 MB ( 77%) committed,  1 nodes.
      Class space:        1.00 GB reserved,       6.19 MB ( <1%) committed,  1 nodes.
             Both:        1.06 GB reserved,      55.25 MB (  5%) committed. 

Chunk freelists:
   Non-Class:  14.18 MB
       Class:  9.76 MB
        Both:  23.94 MB

MaxMetaspaceSize: unlimited
CompressedClassSpaceSize: 1.00 GB
Initial GC threshold: 21.00 MB
Current GC threshold: 58.38 MB
CDS: on
 - commit_granule_bytes: 65536.
 - commit_granule_words: 8192.
 - virtual_space_node_default_size: 8388608.
 - enlarge_chunks_in_place: 1.
 - use_allocation_guard: 0.


Internal statistics:

num_allocs_failed_limit: 6.
num_arena_births: 1032.
num_arena_deaths: 14.
num_vsnodes_births: 2.
num_vsnodes_deaths: 0.
num_space_committed: 884.
num_space_uncommitted: 0.
num_chunks_returned_to_freelist: 20.
num_chunks_taken_from_freelist: 3638.
num_chunk_merges: 9.
num_chunk_splits: 2201.
num_chunks_enlarged: 1178.
num_inconsistent_stats: 0.

CodeHeap 'non-profiled nmethods': size=120000Kb used=6607Kb max_used=6607Kb free=113392Kb
 bounds [0x0000022bb1560000, 0x0000022bb1be0000, 0x0000022bb8a90000]
CodeHeap 'profiled nmethods': size=120000Kb used=21297Kb max_used=21297Kb free=98702Kb
 bounds [0x0000022ba9a90000, 0x0000022baaf60000, 0x0000022bb0fc0000]
CodeHeap 'non-nmethods': size=5760Kb used=1384Kb max_used=1432Kb free=4375Kb
 bounds [0x0000022bb0fc0000, 0x0000022bb1230000, 0x0000022bb1560000]
 total_blobs=10235 nmethods=9543 adapters=598
 compilation: enabled
              stopped_count=0, restarted_count=0
 full_count=0

Compilation events (20 events):
Event: 216.413 Thread 0x0000022bbac526d0 nmethod 10205 0x0000022baaf57d10 code [0x0000022baaf57f40, 0x0000022baaf58840]
Event: 216.423 Thread 0x0000022bbac526d0 10207       3       org.eclipse.jdt.internal.compiler.parser.Scanner::areRestrictedModuleKeywordsActive (21 bytes)
Event: 216.423 Thread 0x0000022bbac526d0 nmethod 10207 0x0000022baaf58c10 code [0x0000022baaf58dc0, 0x0000022baaf58f70]
Event: 216.428 Thread 0x0000022bbac526d0 10208       3       org.eclipse.core.internal.resources.ResourceInfo::getContentId (8 bytes)
Event: 216.428 Thread 0x0000022bbac526d0 nmethod 10208 0x0000022baaf59010 code [0x0000022baaf591a0, 0x0000022baaf592b0]
Event: 216.428 Thread 0x0000022bbac526d0 10209       3       org.eclipse.core.internal.resources.ResourceInfo::getCharsetGenerationCount (8 bytes)
Event: 216.428 Thread 0x0000022bbac526d0 nmethod 10209 0x0000022baaf59390 code [0x0000022baaf59520, 0x0000022baaf59630]
Event: 216.428 Thread 0x0000022bbac526d0 10210       3       org.eclipse.core.internal.resources.ResourceInfo::getSyncInfoGenerationCount (8 bytes)
Event: 216.429 Thread 0x0000022bbac526d0 nmethod 10210 0x0000022baaf59710 code [0x0000022baaf598a0, 0x0000022baaf599b0]
Event: 216.429 Thread 0x0000022bbac526d0 10211       3       org.eclipse.core.internal.dtree.AbstractDataTreeNode::compareWithParent (133 bytes)
Event: 216.430 Thread 0x0000022bbac526d0 nmethod 10211 0x0000022baaf59a90 code [0x0000022baaf59ce0, 0x0000022baaf5a8c8]
Event: 216.430 Thread 0x0000022bbac526d0 10212       3       org.eclipse.core.internal.dtree.NodeComparison::<init> (26 bytes)
Event: 216.430 Thread 0x0000022bbac526d0 nmethod 10212 0x0000022baaf5ad10 code [0x0000022baaf5aec0, 0x0000022baaf5b060]
Event: 216.430 Thread 0x0000022bbac526d0 10213       3       org.eclipse.core.internal.dtree.DataDeltaNode::compareWithParent (78 bytes)
Event: 216.431 Thread 0x0000022bbac526d0 nmethod 10213 0x0000022baaf5b110 code [0x0000022baaf5b340, 0x0000022baaf5bb08]
Event: 216.431 Thread 0x0000022bbac526d0 10214       3       org.eclipse.core.internal.dtree.AbstractDataTree::rootKey (4 bytes)
Event: 216.432 Thread 0x0000022bbac526d0 nmethod 10214 0x0000022baaf5bf10 code [0x0000022baaf5c0a0, 0x0000022baaf5c198]
Event: 216.439 Thread 0x0000022bbac526d0 10215       3       org.eclipse.jdt.internal.compiler.parser.Parser::ntAction (8 bytes)
Event: 216.440 Thread 0x0000022bbac526d0 nmethod 10215 0x0000022baaf5c210 code [0x0000022baaf5c3c0, 0x0000022baaf5c4e8]
Event: 216.440 Thread 0x0000022bbac526d0 10216       3       org.eclipse.jdt.internal.compiler.parser.Parser::consumeRule (7755 bytes)

GC Heap History (20 events):
Event: 196.321 GC heap before
{Heap before GC invocations=39 (full 2):
 PSYoungGen      total 22016K, used 21941K [0x00000000eab00000, 0x00000000ec280000, 0x0000000100000000)
  eden space 21504K, 100% used [0x00000000eab00000,0x00000000ec000000,0x00000000ec000000)
  from space 512K, 85% used [0x00000000ec200000,0x00000000ec26d6e8,0x00000000ec280000)
  to   space 512K, 0% used [0x00000000ec180000,0x00000000ec180000,0x00000000ec200000)
 ParOldGen       total 68608K, used 52353K [0x00000000c0000000, 0x00000000c4300000, 0x00000000eab00000)
  object space 68608K, 76% used [0x00000000c0000000,0x00000000c3320450,0x00000000c4300000)
 Metaspace       used 53677K, committed 55040K, reserved 1114112K
  class space    used 5567K, committed 6144K, reserved 1048576K
}
Event: 196.326 GC heap after
{Heap after GC invocations=39 (full 2):
 PSYoungGen      total 22016K, used 320K [0x00000000eab00000, 0x00000000ec280000, 0x0000000100000000)
  eden space 21504K, 0% used [0x00000000eab00000,0x00000000eab00000,0x00000000ec000000)
  from space 512K, 62% used [0x00000000ec180000,0x00000000ec1d0000,0x00000000ec200000)
  to   space 512K, 0% used [0x00000000ec200000,0x00000000ec200000,0x00000000ec280000)
 ParOldGen       total 68608K, used 52393K [0x00000000c0000000, 0x00000000c4300000, 0x00000000eab00000)
  object space 68608K, 76% used [0x00000000c0000000,0x00000000c332a450,0x00000000c4300000)
 Metaspace       used 53677K, committed 55040K, reserved 1114112K
  class space    used 5567K, committed 6144K, reserved 1048576K
}
Event: 197.522 GC heap before
{Heap before GC invocations=40 (full 2):
 PSYoungGen      total 22016K, used 21824K [0x00000000eab00000, 0x00000000ec280000, 0x0000000100000000)
  eden space 21504K, 100% used [0x00000000eab00000,0x00000000ec000000,0x00000000ec000000)
  from space 512K, 62% used [0x00000000ec180000,0x00000000ec1d0000,0x00000000ec200000)
  to   space 512K, 0% used [0x00000000ec200000,0x00000000ec200000,0x00000000ec280000)
 ParOldGen       total 68608K, used 52393K [0x00000000c0000000, 0x00000000c4300000, 0x00000000eab00000)
  object space 68608K, 76% used [0x00000000c0000000,0x00000000c332a450,0x00000000c4300000)
 Metaspace       used 53716K, committed 55104K, reserved 1114112K
  class space    used 5567K, committed 6144K, reserved 1048576K
}
Event: 197.524 GC heap after
{Heap after GC invocations=40 (full 2):
 PSYoungGen      total 22016K, used 491K [0x00000000eab00000, 0x00000000ec280000, 0x0000000100000000)
  eden space 21504K, 0% used [0x00000000eab00000,0x00000000eab00000,0x00000000ec000000)
  from space 512K, 96% used [0x00000000ec200000,0x00000000ec27afc8,0x00000000ec280000)
  to   space 1024K, 0% used [0x00000000ec080000,0x00000000ec080000,0x00000000ec180000)
 ParOldGen       total 68608K, used 52481K [0x00000000c0000000, 0x00000000c4300000, 0x00000000eab00000)
  object space 68608K, 76% used [0x00000000c0000000,0x00000000c3340450,0x00000000c4300000)
 Metaspace       used 53716K, committed 55104K, reserved 1114112K
  class space    used 5567K, committed 6144K, reserved 1048576K
}
Event: 198.670 GC heap before
{Heap before GC invocations=41 (full 2):
 PSYoungGen      total 22016K, used 21849K [0x00000000eab00000, 0x00000000ec280000, 0x0000000100000000)
  eden space 21504K, 99% used [0x00000000eab00000,0x00000000ebfdb780,0x00000000ec000000)
  from space 512K, 96% used [0x00000000ec200000,0x00000000ec27afc8,0x00000000ec280000)
  to   space 1024K, 0% used [0x00000000ec080000,0x00000000ec080000,0x00000000ec180000)
 ParOldGen       total 68608K, used 52481K [0x00000000c0000000, 0x00000000c4300000, 0x00000000eab00000)
  object space 68608K, 76% used [0x00000000c0000000,0x00000000c3340450,0x00000000c4300000)
 Metaspace       used 53726K, committed 55104K, reserved 1114112K
  class space    used 5567K, committed 6144K, reserved 1048576K
}
Event: 198.673 GC heap after
{Heap after GC invocations=41 (full 2):
 PSYoungGen      total 22528K, used 224K [0x00000000eab00000, 0x00000000ec280000, 0x0000000100000000)
  eden space 21504K, 0% used [0x00000000eab00000,0x00000000eab00000,0x00000000ec000000)
  from space 1024K, 21% used [0x00000000ec080000,0x00000000ec0b8000,0x00000000ec180000)
  to   space 512K, 0% used [0x00000000ec200000,0x00000000ec200000,0x00000000ec280000)
 ParOldGen       total 68608K, used 52705K [0x00000000c0000000, 0x00000000c4300000, 0x00000000eab00000)
  object space 68608K, 76% used [0x00000000c0000000,0x00000000c3378470,0x00000000c4300000)
 Metaspace       used 53726K, committed 55104K, reserved 1114112K
  class space    used 5567K, committed 6144K, reserved 1048576K
}
Event: 199.272 GC heap before
{Heap before GC invocations=42 (full 2):
 PSYoungGen      total 22528K, used 21728K [0x00000000eab00000, 0x00000000ec280000, 0x0000000100000000)
  eden space 21504K, 100% used [0x00000000eab00000,0x00000000ec000000,0x00000000ec000000)
  from space 1024K, 21% used [0x00000000ec080000,0x00000000ec0b8000,0x00000000ec180000)
  to   space 512K, 0% used [0x00000000ec200000,0x00000000ec200000,0x00000000ec280000)
 ParOldGen       total 68608K, used 52705K [0x00000000c0000000, 0x00000000c4300000, 0x00000000eab00000)
  object space 68608K, 76% used [0x00000000c0000000,0x00000000c3378470,0x00000000c4300000)
 Metaspace       used 53726K, committed 55104K, reserved 1114112K
  class space    used 5567K, committed 6144K, reserved 1048576K
}
Event: 199.278 GC heap after
{Heap after GC invocations=42 (full 2):
 PSYoungGen      total 21504K, used 485K [0x00000000eab00000, 0x00000000ec500000, 0x0000000100000000)
  eden space 20992K, 0% used [0x00000000eab00000,0x00000000eab00000,0x00000000ebf80000)
  from space 512K, 94% used [0x00000000ec200000,0x00000000ec279428,0x00000000ec280000)
  to   space 2560K, 0% used [0x00000000ebf80000,0x00000000ebf80000,0x00000000ec200000)
 ParOldGen       total 68608K, used 54139K [0x00000000c0000000, 0x00000000c4300000, 0x00000000eab00000)
  object space 68608K, 78% used [0x00000000c0000000,0x00000000c34dec68,0x00000000c4300000)
 Metaspace       used 53726K, committed 55104K, reserved 1114112K
  class space    used 5567K, committed 6144K, reserved 1048576K
}
Event: 200.600 GC heap before
{Heap before GC invocations=43 (full 2):
 PSYoungGen      total 21504K, used 21477K [0x00000000eab00000, 0x00000000ec500000, 0x0000000100000000)
  eden space 20992K, 100% used [0x00000000eab00000,0x00000000ebf80000,0x00000000ebf80000)
  from space 512K, 94% used [0x00000000ec200000,0x00000000ec279428,0x00000000ec280000)
  to   space 2560K, 0% used [0x00000000ebf80000,0x00000000ebf80000,0x00000000ec200000)
 ParOldGen       total 68608K, used 54139K [0x00000000c0000000, 0x00000000c4300000, 0x00000000eab00000)
  object space 68608K, 78% used [0x00000000c0000000,0x00000000c34dec68,0x00000000c4300000)
 Metaspace       used 53726K, committed 55104K, reserved 1114112K
  class space    used 5567K, committed 6144K, reserved 1048576K
}
Event: 200.602 GC heap after
{Heap after GC invocations=43 (full 2):
 PSYoungGen      total 22016K, used 576K [0x00000000eab00000, 0x00000000ec280000, 0x0000000100000000)
  eden space 20992K, 0% used [0x00000000eab00000,0x00000000eab00000,0x00000000ebf80000)
  from space 1024K, 56% used [0x00000000ebf80000,0x00000000ec010150,0x00000000ec080000)
  to   space 1536K, 0% used [0x00000000ec100000,0x00000000ec100000,0x00000000ec280000)
 ParOldGen       total 68608K, used 54547K [0x00000000c0000000, 0x00000000c4300000, 0x00000000eab00000)
  object space 68608K, 79% used [0x00000000c0000000,0x00000000c3544c78,0x00000000c4300000)
 Metaspace       used 53726K, committed 55104K, reserved 1114112K
  class space    used 5567K, committed 6144K, reserved 1048576K
}
Event: 201.709 GC heap before
{Heap before GC invocations=44 (full 2):
 PSYoungGen      total 22016K, used 21568K [0x00000000eab00000, 0x00000000ec280000, 0x0000000100000000)
  eden space 20992K, 99% used [0x00000000eab00000,0x00000000ebf7fff0,0x00000000ebf80000)
  from space 1024K, 56% used [0x00000000ebf80000,0x00000000ec010150,0x00000000ec080000)
  to   space 1536K, 0% used [0x00000000ec100000,0x00000000ec100000,0x00000000ec280000)
 ParOldGen       total 68608K, used 54547K [0x00000000c0000000, 0x00000000c4300000, 0x00000000eab00000)
  object space 68608K, 79% used [0x00000000c0000000,0x00000000c3544c78,0x00000000c4300000)
 Metaspace       used 53834K, committed 55232K, reserved 1114112K
  class space    used 5579K, committed 6208K, reserved 1048576K
}
Event: 201.711 GC heap after
{Heap after GC invocations=44 (full 2):
 PSYoungGen      total 21504K, used 346K [0x00000000eab00000, 0x00000000ec180000, 0x0000000100000000)
  eden space 20992K, 0% used [0x00000000eab00000,0x00000000eab00000,0x00000000ebf80000)
  from space 512K, 67% used [0x00000000ec100000,0x00000000ec156900,0x00000000ec180000)
  to   space 512K, 0% used [0x00000000ec080000,0x00000000ec080000,0x00000000ec100000)
 ParOldGen       total 68608K, used 54927K [0x00000000c0000000, 0x00000000c4300000, 0x00000000eab00000)
  object space 68608K, 80% used [0x00000000c0000000,0x00000000c35a3fd0,0x00000000c4300000)
 Metaspace       used 53834K, committed 55232K, reserved 1114112K
  class space    used 5579K, committed 6208K, reserved 1048576K
}
Event: 202.568 GC heap before
{Heap before GC invocations=45 (full 2):
 PSYoungGen      total 21504K, used 21338K [0x00000000eab00000, 0x00000000ec180000, 0x0000000100000000)
  eden space 20992K, 100% used [0x00000000eab00000,0x00000000ebf80000,0x00000000ebf80000)
  from space 512K, 67% used [0x00000000ec100000,0x00000000ec156900,0x00000000ec180000)
  to   space 512K, 0% used [0x00000000ec080000,0x00000000ec080000,0x00000000ec100000)
 ParOldGen       total 68608K, used 54927K [0x00000000c0000000, 0x00000000c4300000, 0x00000000eab00000)
  object space 68608K, 80% used [0x00000000c0000000,0x00000000c35a3fd0,0x00000000c4300000)
 Metaspace       used 53849K, committed 55232K, reserved 1114112K
  class space    used 5579K, committed 6208K, reserved 1048576K
}
Event: 202.675 GC heap after
{Heap after GC invocations=45 (full 2):
 PSYoungGen      total 21504K, used 485K [0x00000000eab00000, 0x00000000ec180000, 0x0000000100000000)
  eden space 20992K, 0% used [0x00000000eab00000,0x00000000eab00000,0x00000000ebf80000)
  from space 512K, 94% used [0x00000000ec080000,0x00000000ec0f9428,0x00000000ec100000)
  to   space 512K, 0% used [0x00000000ec100000,0x00000000ec100000,0x00000000ec180000)
 ParOldGen       total 68608K, used 55958K [0x00000000c0000000, 0x00000000c4300000, 0x00000000eab00000)
  object space 68608K, 81% used [0x00000000c0000000,0x00000000c36a59c8,0x00000000c4300000)
 Metaspace       used 53849K, committed 55232K, reserved 1114112K
  class space    used 5579K, committed 6208K, reserved 1048576K
}
Event: 202.972 GC heap before
{Heap before GC invocations=46 (full 2):
 PSYoungGen      total 21504K, used 21477K [0x00000000eab00000, 0x00000000ec180000, 0x0000000100000000)
  eden space 20992K, 100% used [0x00000000eab00000,0x00000000ebf80000,0x00000000ebf80000)
  from space 512K, 94% used [0x00000000ec080000,0x00000000ec0f9428,0x00000000ec100000)
  to   space 512K, 0% used [0x00000000ec100000,0x00000000ec100000,0x00000000ec180000)
 ParOldGen       total 68608K, used 55958K [0x00000000c0000000, 0x00000000c4300000, 0x00000000eab00000)
  object space 68608K, 81% used [0x00000000c0000000,0x00000000c36a59c8,0x00000000c4300000)
 Metaspace       used 53918K, committed 55296K, reserved 1114112K
  class space    used 5590K, committed 6208K, reserved 1048576K
}
Event: 202.976 GC heap after
{Heap after GC invocations=46 (full 2):
 PSYoungGen      total 21504K, used 512K [0x00000000eab00000, 0x00000000ec280000, 0x0000000100000000)
  eden space 20992K, 0% used [0x00000000eab00000,0x00000000eab00000,0x00000000ebf80000)
  from space 512K, 100% used [0x00000000ec100000,0x00000000ec180000,0x00000000ec180000)
  to   space 1536K, 0% used [0x00000000ebf80000,0x00000000ebf80000,0x00000000ec100000)
 ParOldGen       total 68608K, used 56815K [0x00000000c0000000, 0x00000000c4300000, 0x00000000eab00000)
  object space 68608K, 82% used [0x00000000c0000000,0x00000000c377bc08,0x00000000c4300000)
 Metaspace       used 53918K, committed 55296K, reserved 1114112K
  class space    used 5590K, committed 6208K, reserved 1048576K
}
Event: 204.634 GC heap before
{Heap before GC invocations=47 (full 2):
 PSYoungGen      total 21504K, used 21504K [0x00000000eab00000, 0x00000000ec280000, 0x0000000100000000)
  eden space 20992K, 100% used [0x00000000eab00000,0x00000000ebf80000,0x00000000ebf80000)
  from space 512K, 100% used [0x00000000ec100000,0x00000000ec180000,0x00000000ec180000)
  to   space 1536K, 0% used [0x00000000ebf80000,0x00000000ebf80000,0x00000000ec100000)
 ParOldGen       total 68608K, used 56815K [0x00000000c0000000, 0x00000000c4300000, 0x00000000eab00000)
  object space 68608K, 82% used [0x00000000c0000000,0x00000000c377bc08,0x00000000c4300000)
 Metaspace       used 53989K, committed 55360K, reserved 1114112K
  class space    used 5592K, committed 6208K, reserved 1048576K
}
Event: 204.636 GC heap after
{Heap after GC invocations=47 (full 2):
 PSYoungGen      total 21504K, used 352K [0x00000000eab00000, 0x00000000ec180000, 0x0000000100000000)
  eden space 20992K, 0% used [0x00000000eab00000,0x00000000eab00000,0x00000000ebf80000)
  from space 512K, 68% used [0x00000000ebf80000,0x00000000ebfd8000,0x00000000ec000000)
  to   space 1024K, 0% used [0x00000000ec080000,0x00000000ec080000,0x00000000ec180000)
 ParOldGen       total 68608K, used 57307K [0x00000000c0000000, 0x00000000c4300000, 0x00000000eab00000)
  object space 68608K, 83% used [0x00000000c0000000,0x00000000c37f6f70,0x00000000c4300000)
 Metaspace       used 53989K, committed 55360K, reserved 1114112K
  class space    used 5592K, committed 6208K, reserved 1048576K
}
Event: 215.413 GC heap before
{Heap before GC invocations=48 (full 2):
 PSYoungGen      total 21504K, used 21344K [0x00000000eab00000, 0x00000000ec180000, 0x0000000100000000)
  eden space 20992K, 100% used [0x00000000eab00000,0x00000000ebf80000,0x00000000ebf80000)
  from space 512K, 68% used [0x00000000ebf80000,0x00000000ebfd8000,0x00000000ec000000)
  to   space 1024K, 0% used [0x00000000ec080000,0x00000000ec080000,0x00000000ec180000)
 ParOldGen       total 68608K, used 57307K [0x00000000c0000000, 0x00000000c4300000, 0x00000000eab00000)
  object space 68608K, 83% used [0x00000000c0000000,0x00000000c37f6f70,0x00000000c4300000)
 Metaspace       used 54272K, committed 55680K, reserved 1114112K
  class space    used 5622K, committed 6272K, reserved 1048576K
}
Event: 215.416 GC heap after
{Heap after GC invocations=48 (full 2):
 PSYoungGen      total 22016K, used 569K [0x00000000eab00000, 0x00000000ec180000, 0x0000000100000000)
  eden space 20992K, 0% used [0x00000000eab00000,0x00000000eab00000,0x00000000ebf80000)
  from space 1024K, 55% used [0x00000000ec080000,0x00000000ec10e6c0,0x00000000ec180000)
  to   space 1024K, 0% used [0x00000000ebf80000,0x00000000ebf80000,0x00000000ec080000)
 ParOldGen       total 68608K, used 57499K [0x00000000c0000000, 0x00000000c4300000, 0x00000000eab00000)
  object space 68608K, 83% used [0x00000000c0000000,0x00000000c3826f70,0x00000000c4300000)
 Metaspace       used 54272K, committed 55680K, reserved 1114112K
  class space    used 5622K, committed 6272K, reserved 1048576K
}

Dll operation events (12 events):
Event: 0.043 Loaded shared library c:\Users\palak\.vscode\extensions\redhat.java-1.41.1-win32-x64\jre\21.0.6-win32-x86_64\bin\java.dll
Event: 0.911 Loaded shared library c:\Users\palak\.vscode\extensions\redhat.java-1.41.1-win32-x64\jre\21.0.6-win32-x86_64\bin\zip.dll
Event: 1.075 Loaded shared library C:\Users\palak\.vscode\extensions\redhat.java-1.41.1-win32-x64\jre\21.0.6-win32-x86_64\bin\instrument.dll
Event: 1.088 Loaded shared library C:\Users\palak\.vscode\extensions\redhat.java-1.41.1-win32-x64\jre\21.0.6-win32-x86_64\bin\net.dll
Event: 1.095 Loaded shared library C:\Users\palak\.vscode\extensions\redhat.java-1.41.1-win32-x64\jre\21.0.6-win32-x86_64\bin\nio.dll
Event: 1.110 Loaded shared library C:\Users\palak\.vscode\extensions\redhat.java-1.41.1-win32-x64\jre\21.0.6-win32-x86_64\bin\zip.dll
Event: 1.422 Loaded shared library C:\Users\palak\.vscode\extensions\redhat.java-1.41.1-win32-x64\jre\21.0.6-win32-x86_64\bin\jimage.dll
Event: 1.762 Loaded shared library c:\Users\palak\.vscode\extensions\redhat.java-1.41.1-win32-x64\jre\21.0.6-win32-x86_64\bin\verify.dll
Event: 7.911 Loaded shared library C:\Users\palak\AppData\Roaming\Code\User\globalStorage\redhat.java\1.41.1\config_win\org.eclipse.equinox.launcher\org.eclipse.equinox.launcher.win32.win32.x86_64_1.2.1300.v20250331-1702\eclipse_11911.dll
Event: 47.745 Loaded shared library C:\Users\palak\AppData\Local\Temp\jna-106430981\jna9248927051246589141.dll
Event: 81.416 Loaded shared library C:\Users\palak\.vscode\extensions\redhat.java-1.41.1-win32-x64\jre\21.0.6-win32-x86_64\bin\management.dll
Event: 81.501 Loaded shared library C:\Users\palak\.vscode\extensions\redhat.java-1.41.1-win32-x64\jre\21.0.6-win32-x86_64\bin\management_ext.dll

Deoptimization events (20 events):
Event: 215.641 Thread 0x0000022bfe28cf50 DEOPT PACKING pc=0x0000022baadeaba6 sp=0x00000097f48fe220
Event: 215.641 Thread 0x0000022bfe28cf50 DEOPT UNPACKING pc=0x0000022bb1014242 sp=0x00000097f48fd710 mode 0
Event: 215.650 Thread 0x0000022bfe28cf50 DEOPT PACKING pc=0x0000022baadeaba6 sp=0x00000097f48fe220
Event: 215.650 Thread 0x0000022bfe28cf50 DEOPT UNPACKING pc=0x0000022bb1014242 sp=0x00000097f48fd710 mode 0
Event: 215.651 Thread 0x0000022bfe28cf50 DEOPT PACKING pc=0x0000022baadeaba6 sp=0x00000097f48fe220
Event: 215.651 Thread 0x0000022bfe28cf50 DEOPT UNPACKING pc=0x0000022bb1014242 sp=0x00000097f48fd710 mode 0
Event: 215.651 Thread 0x0000022bfe28cf50 DEOPT PACKING pc=0x0000022baadeaba6 sp=0x00000097f48fe220
Event: 215.651 Thread 0x0000022bfe28cf50 DEOPT UNPACKING pc=0x0000022bb1014242 sp=0x00000097f48fd710 mode 0
Event: 215.651 Thread 0x0000022bfe28cf50 DEOPT PACKING pc=0x0000022baadeaba6 sp=0x00000097f48fe220
Event: 215.652 Thread 0x0000022bfe28cf50 DEOPT UNPACKING pc=0x0000022bb1014242 sp=0x00000097f48fd710 mode 0
Event: 215.652 Thread 0x0000022bfe28cf50 DEOPT PACKING pc=0x0000022ba9b33748 sp=0x00000097f48fe310
Event: 215.652 Thread 0x0000022bfe28cf50 DEOPT UNPACKING pc=0x0000022bb1014242 sp=0x00000097f48fd7c8 mode 0
Event: 215.666 Thread 0x0000022bfe28cf50 DEOPT PACKING pc=0x0000022baadeaba6 sp=0x00000097f48fe210
Event: 215.666 Thread 0x0000022bfe28cf50 DEOPT UNPACKING pc=0x0000022bb1014242 sp=0x00000097f48fd708 mode 0
Event: 215.667 Thread 0x0000022bfe28cf50 DEOPT PACKING pc=0x0000022baadeaba6 sp=0x00000097f48fe210
Event: 215.667 Thread 0x0000022bfe28cf50 DEOPT UNPACKING pc=0x0000022bb1014242 sp=0x00000097f48fd708 mode 0
Event: 215.667 Thread 0x0000022bfe28cf50 DEOPT PACKING pc=0x0000022baadeaba6 sp=0x00000097f48fe210
Event: 215.667 Thread 0x0000022bfe28cf50 DEOPT UNPACKING pc=0x0000022bb1014242 sp=0x00000097f48fd708 mode 0
Event: 215.668 Thread 0x0000022bfe28cf50 DEOPT PACKING pc=0x0000022baadeaba6 sp=0x00000097f48fe210
Event: 215.668 Thread 0x0000022bfe28cf50 DEOPT UNPACKING pc=0x0000022bb1014242 sp=0x00000097f48fd708 mode 0

Classes loaded (20 events):
Event: 133.147 Loading class java/util/stream/IntPipeline$Head
Event: 133.147 Loading class java/util/stream/IntPipeline
Event: 133.148 Loading class java/util/stream/IntPipeline done
Event: 133.148 Loading class java/util/stream/IntPipeline$Head done
Event: 134.722 Loading class java/util/stream/Streams$RangeIntSpliterator
Event: 134.737 Loading class java/util/stream/Streams$RangeIntSpliterator done
Event: 166.610 Loading class sun/nio/cs/ISO_8859_1$Decoder
Event: 166.610 Loading class sun/nio/cs/ISO_8859_1$Decoder done
Event: 181.346 Loading class java/lang/invoke/MethodHandleImpl$CountingWrapper$1
Event: 181.347 Loading class java/lang/invoke/MethodHandleImpl$CountingWrapper$1 done
Event: 212.175 Loading class java/util/stream/ReduceOps$5
Event: 212.175 Loading class java/util/stream/ReduceOps$5 done
Event: 212.175 Loading class java/util/stream/ReduceOps$CountingSink$OfRef
Event: 212.176 Loading class java/util/stream/ReduceOps$CountingSink
Event: 212.176 Loading class java/util/stream/ReduceOps$CountingSink done
Event: 212.176 Loading class java/util/stream/ReduceOps$CountingSink$OfRef done
Event: 214.851 Loading class java/util/stream/ReduceOps$1
Event: 214.852 Loading class java/util/stream/ReduceOps$1 done
Event: 214.852 Loading class java/util/stream/ReduceOps$1ReducingSink
Event: 214.852 Loading class java/util/stream/ReduceOps$1ReducingSink done

Classes unloaded (7 events):
Event: 55.751 Thread 0x0000022ba6940cf0 Unloading class 0x0000022bbc19c400 'java/lang/invoke/LambdaForm$MH+0x0000022bbc19c400'
Event: 55.751 Thread 0x0000022ba6940cf0 Unloading class 0x0000022bbc19c000 'java/lang/invoke/LambdaForm$MH+0x0000022bbc19c000'
Event: 55.751 Thread 0x0000022ba6940cf0 Unloading class 0x0000022bbc19bc00 'java/lang/invoke/LambdaForm$MH+0x0000022bbc19bc00'
Event: 55.751 Thread 0x0000022ba6940cf0 Unloading class 0x0000022bbc19b800 'java/lang/invoke/LambdaForm$MH+0x0000022bbc19b800'
Event: 55.751 Thread 0x0000022ba6940cf0 Unloading class 0x0000022bbc19b400 'java/lang/invoke/LambdaForm$BMH+0x0000022bbc19b400'
Event: 55.751 Thread 0x0000022ba6940cf0 Unloading class 0x0000022bbc19b000 'java/lang/invoke/LambdaForm$DMH+0x0000022bbc19b000'
Event: 55.751 Thread 0x0000022ba6940cf0 Unloading class 0x0000022bbc199c00 'java/lang/invoke/LambdaForm$DMH+0x0000022bbc199c00'

Classes redefined (0 events):
No events

Internal exceptions (20 events):
Event: 201.102 Thread 0x0000022bfe28cf50 Implicit null exception at 0x0000022bb1b7c14b to 0x0000022bb1b7caec
Event: 204.296 Thread 0x0000022bfe28cf50 Exception <a 'sun/nio/fs/WindowsException'{0x00000000ebba38c0}> (0x00000000ebba38c0) 
thrown [s\src\hotspot\share\prims\jni.cpp, line 520]
Event: 204.296 Thread 0x0000022bfe28cf50 Exception <a 'sun/nio/fs/WindowsException'{0x00000000ebba4230}> (0x00000000ebba4230) 
thrown [s\src\hotspot\share\prims\jni.cpp, line 520]
Event: 204.306 Thread 0x0000022bfe28cf50 Exception <a 'sun/nio/fs/WindowsException'{0x00000000ebba5848}> (0x00000000ebba5848) 
thrown [s\src\hotspot\share\prims\jni.cpp, line 520]
Event: 204.306 Thread 0x0000022bfe28cf50 Exception <a 'sun/nio/fs/WindowsException'{0x00000000ebba61b8}> (0x00000000ebba61b8) 
thrown [s\src\hotspot\share\prims\jni.cpp, line 520]
Event: 204.316 Thread 0x0000022bfe28cf50 Exception <a 'sun/nio/fs/WindowsException'{0x00000000ebba8240}> (0x00000000ebba8240) 
thrown [s\src\hotspot\share\prims\jni.cpp, line 520]
Event: 204.318 Thread 0x0000022bfe28cf50 Exception <a 'sun/nio/fs/WindowsException'{0x00000000ebba8bb0}> (0x00000000ebba8bb0) 
thrown [s\src\hotspot\share\prims\jni.cpp, line 520]
Event: 204.408 Thread 0x0000022bfe28cf50 Exception <a 'sun/nio/fs/WindowsException'{0x00000000ebbca568}> (0x00000000ebbca568) 
thrown [s\src\hotspot\share\prims\jni.cpp, line 520]
Event: 204.408 Thread 0x0000022bfe28cf50 Exception <a 'sun/nio/fs/WindowsException'{0x00000000ebbcb188}> (0x00000000ebbcb188) 
thrown [s\src\hotspot\share\prims\jni.cpp, line 520]
Event: 206.227 Thread 0x0000022bfe28cf50 Exception <a 'sun/nio/fs/WindowsException'{0x00000000eb00c380}> (0x00000000eb00c380) 
thrown [s\src\hotspot\share\prims\jni.cpp, line 520]
Event: 206.227 Thread 0x0000022bfe28cf50 Exception <a 'sun/nio/fs/WindowsException'{0x00000000eb00ccf0}> (0x00000000eb00ccf0) 
thrown [s\src\hotspot\share\prims\jni.cpp, line 520]
Event: 206.252 Thread 0x0000022bfe28cf50 Exception <a 'sun/nio/fs/WindowsException'{0x00000000eb00e308}> (0x00000000eb00e308) 
thrown [s\src\hotspot\share\prims\jni.cpp, line 520]
Event: 206.270 Thread 0x0000022bfe28cf50 Exception <a 'sun/nio/fs/WindowsException'{0x00000000eb00ec78}> (0x00000000eb00ec78) 
thrown [s\src\hotspot\share\prims\jni.cpp, line 520]
Event: 206.271 Thread 0x0000022bfe28cf50 Exception <a 'sun/nio/fs/WindowsException'{0x00000000eb010d00}> (0x00000000eb010d00) 
thrown [s\src\hotspot\share\prims\jni.cpp, line 520]
Event: 206.272 Thread 0x0000022bfe28cf50 Exception <a 'sun/nio/fs/WindowsException'{0x00000000eb011670}> (0x00000000eb011670) 
thrown [s\src\hotspot\share\prims\jni.cpp, line 520]
Event: 206.417 Thread 0x0000022bfe28cf50 Exception <a 'sun/nio/fs/WindowsException'{0x00000000eb033028}> (0x00000000eb033028) 
thrown [s\src\hotspot\share\prims\jni.cpp, line 520]
Event: 206.418 Thread 0x0000022bfe28cf50 Exception <a 'sun/nio/fs/WindowsException'{0x00000000eb033c48}> (0x00000000eb033c48) 
thrown [s\src\hotspot\share\prims\jni.cpp, line 520]
Event: 212.257 Thread 0x0000022bfe28cf50 Exception <a 'sun/nio/fs/WindowsException'{0x00000000eb943ba0}> (0x00000000eb943ba0) 
thrown [s\src\hotspot\share\prims\jni.cpp, line 520]
Event: 212.258 Thread 0x0000022bfe28cf50 Exception <a 'sun/nio/fs/WindowsException'{0x00000000eb944510}> (0x00000000eb944510) 
thrown [s\src\hotspot\share\prims\jni.cpp, line 520]
Event: 212.476 Thread 0x0000022b8438d1a0 Implicit null exception at 0x0000022bb1887304 to 0x0000022bb188807c

ZGC Phase Switch (0 events):
No events

VM Operations (20 events):
Event: 204.634 Executing VM operation: ParallelGCFailedAllocation (Allocation Failure)
Event: 204.636 Executing VM operation: ParallelGCFailedAllocation (Allocation Failure) done
Event: 205.645 Executing VM operation: Cleanup
Event: 205.645 Executing VM operation: Cleanup done
Event: 206.656 Executing VM operation: Cleanup
Event: 206.656 Executing VM operation: Cleanup done
Event: 212.198 Executing VM operation: HandshakeAllThreads (Deoptimize)
Event: 212.224 Executing VM operation: HandshakeAllThreads (Deoptimize) done
Event: 212.224 Executing VM operation: Cleanup
Event: 212.240 Executing VM operation: Cleanup done
Event: 214.962 Executing VM operation: HandshakeAllThreads (Deoptimize)
Event: 214.962 Executing VM operation: HandshakeAllThreads (Deoptimize) done
Event: 214.962 Executing VM operation: Cleanup
Event: 214.962 Executing VM operation: Cleanup done
Event: 215.001 Executing VM operation: HandshakeAllThreads (Deoptimize)
Event: 215.002 Executing VM operation: HandshakeAllThreads (Deoptimize) done
Event: 215.413 Executing VM operation: ParallelGCFailedAllocation (Allocation Failure)
Event: 215.416 Executing VM operation: ParallelGCFailedAllocation (Allocation Failure) done
Event: 215.578 Executing VM operation: HandshakeAllThreads (Deoptimize)
Event: 215.578 Executing VM operation: HandshakeAllThreads (Deoptimize) done

Memory protections (0 events):
No events

Nmethod flushes (20 events):
Event: 83.581 Thread 0x0000022ba6940cf0 flushing  nmethod 0x0000022baa1f1990
Event: 83.581 Thread 0x0000022ba6940cf0 flushing  nmethod 0x0000022baa1f1c90
Event: 83.581 Thread 0x0000022ba6940cf0 flushing  nmethod 0x0000022baa1f5c90
Event: 83.581 Thread 0x0000022ba6940cf0 flushing  nmethod 0x0000022baa1f6510
Event: 83.581 Thread 0x0000022ba6940cf0 flushing  nmethod 0x0000022baa22dd90
Event: 83.581 Thread 0x0000022ba6940cf0 flushing  nmethod 0x0000022baa22e190
Event: 83.581 Thread 0x0000022ba6940cf0 flushing  nmethod 0x0000022baa22ea90
Event: 83.581 Thread 0x0000022ba6940cf0 flushing  nmethod 0x0000022baa22fc90
Event: 83.581 Thread 0x0000022ba6940cf0 flushing  nmethod 0x0000022baa230490
Event: 83.581 Thread 0x0000022ba6940cf0 flushing  nmethod 0x0000022baa232190
Event: 83.581 Thread 0x0000022ba6940cf0 flushing  nmethod 0x0000022baa232690
Event: 83.581 Thread 0x0000022ba6940cf0 flushing  nmethod 0x0000022baa233b10
Event: 83.581 Thread 0x0000022ba6940cf0 flushing  nmethod 0x0000022baa234b10
Event: 83.581 Thread 0x0000022ba6940cf0 flushing  nmethod 0x0000022baa236b10
Event: 83.581 Thread 0x0000022ba6940cf0 flushing  nmethod 0x0000022baa238890
Event: 83.581 Thread 0x0000022ba6940cf0 flushing  nmethod 0x0000022baa272210
Event: 83.581 Thread 0x0000022ba6940cf0 flushing  nmethod 0x0000022baa27a790
Event: 83.581 Thread 0x0000022ba6940cf0 flushing  nmethod 0x0000022baa2e1110
Event: 83.581 Thread 0x0000022ba6940cf0 flushing  nmethod 0x0000022baa324590
Event: 83.581 Thread 0x0000022ba6940cf0 flushing  nmethod 0x0000022baa324a10

Events (20 events):
Event: 107.230 Thread 0x0000022bbac526d0 Thread added: 0x0000022b847b5990
Event: 107.655 Thread 0x0000022b847b5990 Thread exited: 0x0000022b847b5990
Event: 107.755 Thread 0x0000022bbac526d0 Thread added: 0x0000022b847b5990
Event: 107.885 Thread 0x0000022b847b5990 Thread exited: 0x0000022b847b5990
Event: 129.877 Thread 0x0000022bfe28cf50 Thread added: 0x0000022b8438cb10
Event: 134.299 Thread 0x0000022bbac526d0 Thread added: 0x0000022b84e61b40
Event: 134.640 Thread 0x0000022b84e61b40 Thread exited: 0x0000022b84e61b40
Event: 134.917 Thread 0x0000022b8438cb10 Thread exited: 0x0000022b8438cb10
Event: 165.807 Thread 0x0000022bfe28cf50 Thread added: 0x0000022b84390cb0
Event: 165.831 Thread 0x0000022bfe28cf50 Thread added: 0x0000022b84391340
Event: 165.853 Thread 0x0000022bfe28cf50 Thread added: 0x0000022b84393410
Event: 165.877 Thread 0x0000022bfe28cf50 Thread added: 0x0000022b84392060
Event: 165.943 Thread 0x0000022bfe28cf50 Thread added: 0x0000022b843926f0
Event: 172.331 Thread 0x0000022bfe28e300 Thread exited: 0x0000022bfe28e300
Event: 172.415 Thread 0x0000022b84390cb0 Thread exited: 0x0000022b84390cb0
Event: 172.415 Thread 0x0000022b84392060 Thread exited: 0x0000022b84392060
Event: 172.415 Thread 0x0000022b843926f0 Thread exited: 0x0000022b843926f0
Event: 172.415 Thread 0x0000022b84391340 Thread exited: 0x0000022b84391340
Event: 172.458 Thread 0x0000022b84393410 Thread exited: 0x0000022b84393410
Event: 206.073 Thread 0x0000022bfe28d5e0 Thread exited: 0x0000022bfe28d5e0


Dynamic libraries:
0x00007ff7a6b20000 - 0x00007ff7a6b2e000 	c:\Users\palak\.vscode\extensions\redhat.java-1.41.1-win32-x64\jre\21.0.6-win32-x86_64\bin\java.exe
0x00007ffeea6c0000 - 0x00007ffeea923000 	C:\WINDOWS\SYSTEM32\ntdll.dll
0x00007ffee8570000 - 0x00007ffee8637000 	C:\WINDOWS\System32\KERNEL32.DLL
0x00007ffee7a00000 - 0x00007ffee7dc9000 	C:\WINDOWS\System32\KERNELBASE.dll
0x00007ffee82d0000 - 0x00007ffee841c000 	C:\WINDOWS\System32\ucrtbase.dll
0x00007ffeca1e0000 - 0x00007ffeca1f8000 	c:\Users\palak\.vscode\extensions\redhat.java-1.41.1-win32-x64\jre\21.0.6-win32-x86_64\bin\jli.dll
0x00007ffee9dc0000 - 0x00007ffee9f8a000 	C:\WINDOWS\System32\USER32.dll
0x00007ffee82a0000 - 0x00007ffee82c7000 	C:\WINDOWS\System32\win32u.dll
0x00007ffee94b0000 - 0x00007ffee94da000 	C:\WINDOWS\System32\GDI32.dll
0x00007ffee7fe0000 - 0x00007ffee8111000 	C:\WINDOWS\System32\gdi32full.dll
0x00007ffee7950000 - 0x00007ffee79f3000 	C:\WINDOWS\System32\msvcp_win.dll
0x00007ffeca1a0000 - 0x00007ffeca1be000 	c:\Users\palak\.vscode\extensions\redhat.java-1.41.1-win32-x64\jre\21.0.6-win32-x86_64\bin\VCRUNTIME140.dll
0x00007ffecb070000 - 0x00007ffecb300000 	C:\WINDOWS\WinSxS\amd64_microsoft.windows.common-controls_6595b64144ccf1df_6.0.26100.3323_none_3e088096e3344490\COMCTL32.dll
0x00007ffeea080000 - 0x00007ffeea129000 	C:\WINDOWS\System32\msvcrt.dll
0x00007ffee93e0000 - 0x00007ffee940f000 	C:\WINDOWS\System32\IMM32.DLL
0x00007ffecfff0000 - 0x00007ffecfffc000 	c:\Users\palak\.vscode\extensions\redhat.java-1.41.1-win32-x64\jre\21.0.6-win32-x86_64\bin\vcruntime140_1.dll
0x00007ffeca100000 - 0x00007ffeca18d000 	c:\Users\palak\.vscode\extensions\redhat.java-1.41.1-win32-x64\jre\21.0.6-win32-x86_64\bin\msvcp140.dll
0x00007ffe3d3a0000 - 0x00007ffe3e130000 	c:\Users\palak\.vscode\extensions\redhat.java-1.41.1-win32-x64\jre\21.0.6-win32-x86_64\bin\server\jvm.dll
0x00007ffeea5c0000 - 0x00007ffeea672000 	C:\WINDOWS\System32\ADVAPI32.dll
0x00007ffee94e0000 - 0x00007ffee9586000 	C:\WINDOWS\System32\sechost.dll
0x00007ffee8ba0000 - 0x00007ffee8cb6000 	C:\WINDOWS\System32\RPCRT4.dll
0x00007ffeea000000 - 0x00007ffeea074000 	C:\WINDOWS\System32\WS2_32.dll
0x00007ffee7750000 - 0x00007ffee779e000 	C:\WINDOWS\SYSTEM32\POWRPROF.dll
0x00007ffee1d50000 - 0x00007ffee1d86000 	C:\WINDOWS\SYSTEM32\WINMM.dll
0x00007ffee1d90000 - 0x00007ffee1d9b000 	C:\WINDOWS\SYSTEM32\VERSION.dll
0x00007ffee7730000 - 0x00007ffee7744000 	C:\WINDOWS\SYSTEM32\UMPDC.dll
0x00007ffee66e0000 - 0x00007ffee66fa000 	C:\WINDOWS\SYSTEM32\kernel.appcore.dll
0x00007ffeced70000 - 0x00007ffeced7a000 	c:\Users\palak\.vscode\extensions\redhat.java-1.41.1-win32-x64\jre\21.0.6-win32-x86_64\bin\jimage.dll
0x00007ffedbb70000 - 0x00007ffedbdb1000 	C:\WINDOWS\SYSTEM32\DBGHELP.DLL
0x00007ffeea230000 - 0x00007ffeea5b2000 	C:\WINDOWS\System32\combase.dll
0x00007ffee9ce0000 - 0x00007ffee9db6000 	C:\WINDOWS\System32\OLEAUT32.dll
0x00007ffeca900000 - 0x00007ffeca939000 	C:\WINDOWS\SYSTEM32\dbgcore.DLL
0x00007ffee7f40000 - 0x00007ffee7fd9000 	C:\WINDOWS\System32\bcryptPrimitives.dll
0x00007ffecab60000 - 0x00007ffecab6f000 	c:\Users\palak\.vscode\extensions\redhat.java-1.41.1-win32-x64\jre\21.0.6-win32-x86_64\bin\instrument.dll
0x00007ffec18d0000 - 0x00007ffec18ef000 	c:\Users\palak\.vscode\extensions\redhat.java-1.41.1-win32-x64\jre\21.0.6-win32-x86_64\bin\java.dll
0x00007ffee8cc0000 - 0x00007ffee93d5000 	C:\WINDOWS\System32\SHELL32.dll
0x00007ffee7dd0000 - 0x00007ffee7f38000 	C:\WINDOWS\System32\wintypes.dll
0x00007ffee55a0000 - 0x00007ffee5de5000 	C:\WINDOWS\SYSTEM32\windows.storage.dll
0x00007ffee9710000 - 0x00007ffee97fb000 	C:\WINDOWS\System32\SHCORE.dll
0x00007ffee86a0000 - 0x00007ffee86fd000 	C:\WINDOWS\System32\shlwapi.dll
0x00007ffee77d0000 - 0x00007ffee77ff000 	C:\WINDOWS\SYSTEM32\profapi.dll
0x00007ffebe090000 - 0x00007ffebe0a8000 	c:\Users\palak\.vscode\extensions\redhat.java-1.41.1-win32-x64\jre\21.0.6-win32-x86_64\bin\zip.dll
0x00007ffeca290000 - 0x00007ffeca2a0000 	C:\Users\palak\.vscode\extensions\redhat.java-1.41.1-win32-x64\jre\21.0.6-win32-x86_64\bin\net.dll
0x00007ffeddb30000 - 0x00007ffeddc4e000 	C:\WINDOWS\SYSTEM32\WINHTTP.dll
0x00007ffee6c00000 - 0x00007ffee6c6a000 	C:\WINDOWS\system32\mswsock.dll
0x00007ffebdec0000 - 0x00007ffebded6000 	C:\Users\palak\.vscode\extensions\redhat.java-1.41.1-win32-x64\jre\21.0.6-win32-x86_64\bin\nio.dll
0x00007ffec9ff0000 - 0x00007ffeca000000 	c:\Users\palak\.vscode\extensions\redhat.java-1.41.1-win32-x64\jre\21.0.6-win32-x86_64\bin\verify.dll
0x00007ffe728c0000 - 0x00007ffe72905000 	C:\Users\palak\AppData\Roaming\Code\User\globalStorage\redhat.java\1.41.1\config_win\org.eclipse.equinox.launcher\org.eclipse.equinox.launcher.win32.win32.x86_64_1.2.1300.v20250331-1702\eclipse_11911.dll
0x00007ffee9800000 - 0x00007ffee9995000 	C:\WINDOWS\System32\ole32.dll
0x00007ffee6ea0000 - 0x00007ffee6ebc000 	C:\WINDOWS\SYSTEM32\CRYPTSP.dll
0x00007ffee6640000 - 0x00007ffee667a000 	C:\WINDOWS\system32\rsaenh.dll
0x00007ffee6ca0000 - 0x00007ffee6ccb000 	C:\WINDOWS\SYSTEM32\USERENV.dll
0x00007ffee70e0000 - 0x00007ffee7106000 	C:\WINDOWS\SYSTEM32\bcrypt.dll
0x00007ffee6ec0000 - 0x00007ffee6ecc000 	C:\WINDOWS\SYSTEM32\CRYPTBASE.dll
0x00007ffee60e0000 - 0x00007ffee6113000 	C:\WINDOWS\SYSTEM32\IPHLPAPI.DLL
0x00007ffee9420000 - 0x00007ffee942a000 	C:\WINDOWS\System32\NSI.dll
0x00007ffeb2730000 - 0x00007ffeb2779000 	C:\Users\palak\AppData\Local\Temp\jna-106430981\jna9248927051246589141.dll
0x00007ffee9ff0000 - 0x00007ffee9ff8000 	C:\WINDOWS\System32\PSAPI.DLL
0x00007ffec1710000 - 0x00007ffec171a000 	C:\Users\palak\.vscode\extensions\redhat.java-1.41.1-win32-x64\jre\21.0.6-win32-x86_64\bin\management.dll
0x00007ffec15a0000 - 0x00007ffec15ab000 	C:\Users\palak\.vscode\extensions\redhat.java-1.41.1-win32-x64\jre\21.0.6-win32-x86_64\bin\management_ext.dll
0x00007ffedde90000 - 0x00007ffeddeaf000 	C:\WINDOWS\SYSTEM32\dhcpcsvc6.DLL
0x00007ffedde60000 - 0x00007ffedde85000 	C:\WINDOWS\SYSTEM32\dhcpcsvc.DLL

dbghelp: loaded successfully - version: 4.0.5 - missing functions: none
symbol engine: initialized successfully - sym options: 0x614 - pdb path: .;c:\Users\palak\.vscode\extensions\redhat.java-1.41.1-win32-x64\jre\21.0.6-win32-x86_64\bin;C:\WINDOWS\SYSTEM32;C:\WINDOWS\WinSxS\amd64_microsoft.windows.common-controls_6595b64144ccf1df_6.0.26100.3323_none_3e088096e3344490;c:\Users\palak\.vscode\extensions\redhat.java-1.41.1-win32-x64\jre\21.0.6-win32-x86_64\bin\server;C:\Users\palak\AppData\Roaming\Code\User\globalStorage\redhat.java\1.41.1\config_win\org.eclipse.equinox.launcher\org.eclipse.equinox.launcher.win32.win32.x86_64_1.2.1300.v20250331-1702;C:\Users\palak\AppData\Local\Temp\jna-106430981

VM Arguments:
jvm_args: --add-modules=ALL-SYSTEM --add-opens=java.base/java.util=ALL-UNNAMED --add-opens=java.base/java.lang=ALL-UNNAMED --add-opens=java.base/sun.nio.fs=ALL-UNNAMED -Declipse.application=org.eclipse.jdt.ls.core.id1 -Dosgi.bundles.defaultStartLevel=4 -Declipse.product=org.eclipse.jdt.ls.core.product -Djava.import.generatesMetadataFilesAtProjectRoot=false -DDetectVMInstallationsJob.disabled=true -Dfile.encoding=utf8 -XX:+UseParallelGC -XX:GCTimeRatio=4 -XX:AdaptiveSizePolicyWeight=90 -Dsun.zip.disableMemoryMapping=true -Xmx1G -Xms100m -Xlog:disable -javaagent:c:\Users\palak\.vscode\extensions\redhat.java-1.41.1-win32-x64\lombok\lombok-1.18.36.jar -XX:+HeapDumpOnOutOfMemoryError -XX:HeapDumpPath=c:\Users\palak\AppData\Roaming\Code\User\workspaceStorage\632f04cdbe9e26a6a5769c745b0508de\redhat.java -Daether.dependencyCollector.impl=bf 
java_command: c:\Users\palak\.vscode\extensions\redhat.java-1.41.1-win32-x64\server\plugins\org.eclipse.equinox.launcher_1.7.0.v20250331-1702.jar -configuration c:\Users\palak\AppData\Roaming\Code\User\globalStorage\redhat.java\1.41.1\config_win -data c:\Users\palak\AppData\Roaming\Code\User\workspaceStorage\632f04cdbe9e26a6a5769c745b0508de\redhat.java\jdt_ws --pipe=\\.\pipe\lsp-2c5fb817107f2e6ffa3fd179fb0cd85d-sock
java_class_path (initial): c:\Users\palak\.vscode\extensions\redhat.java-1.41.1-win32-x64\server\plugins\org.eclipse.equinox.launcher_1.7.0.v20250331-1702.jar
Launcher Type: SUN_STANDARD

[Global flags]
    uintx AdaptiveSizePolicyWeight                 = 90                                        {product} {command line}
     intx CICompilerCount                          = 3                                         {product} {ergonomic}
    uintx GCTimeRatio                              = 4                                         {product} {command line}
     bool HeapDumpOnOutOfMemoryError               = true                                   {manageable} {command line}
    ccstr HeapDumpPath                             = c:\Users\palak\AppData\Roaming\Code\User\workspaceStorage\632f04cdbe9e26a6a5769c745b0508de\redhat.java         {manageable} {command line}
   size_t InitialHeapSize                          = 104857600                                 {product} {command line}
   size_t MaxHeapSize                              = 1073741824                                {product} {command line}
   size_t MaxNewSize                               = 357564416                                 {product} {ergonomic}
   size_t MinHeapDeltaBytes                        = 524288                                    {product} {ergonomic}
   size_t MinHeapSize                              = 104857600                                 {product} {command line}
   size_t NewSize                                  = 34603008                                  {product} {ergonomic}
    uintx NonNMethodCodeHeapSize                   = 5832780                                {pd product} {ergonomic}
    uintx NonProfiledCodeHeapSize                  = 122912730                              {pd product} {ergonomic}
   size_t OldSize                                  = 70254592                                  {product} {ergonomic}
    uintx ProfiledCodeHeapSize                     = 122912730                              {pd product} {ergonomic}
    uintx ReservedCodeCacheSize                    = 251658240                              {pd product} {ergonomic}
     bool SegmentedCodeCache                       = true                                      {product} {ergonomic}
   size_t SoftMaxHeapSize                          = 1073741824                             {manageable} {ergonomic}
     bool UseCompressedOops                        = true                           {product lp64_product} {ergonomic}
     bool UseLargePagesIndividualAllocation        = false                                  {pd product} {ergonomic}
     bool UseParallelGC                            = true                                      {product} {command line}

Logging:
Log output configuration:
 #0: stdout all=off uptime,level,tags foldmultilines=false
 #1: stderr all=off uptime,level,tags foldmultilines=false

Environment Variables:
JAVA_HOME=C:\Users\palak\Downloads\java-21-openjdk-21.0.1.0.12-3.win.jdk.x86_64\java-21-openjdk-21.0.1.0.12-3.win.jdk.x86_64
PATH=C:\Program Files (x86)\Common Files\Oracle\Java\java8path;C:\Program Files (x86)\Common Files\Oracle\Java\javapath;C:\WINDOWS\system32;C:\WINDOWS;C:\WINDOWS\System32\Wbem;C:\WINDOWS\System32\WindowsPowerShell\v1.0\;C:\WINDOWS\System32\OpenSSH\;C:\Users\palak\Downloads\java-21-openjdk-21.0.1.0.12-3.win.jdk.x86_64\java-21-openjdk-21.0.1.0.12-3.win.jdk.x86_64\bin;C:\Users\palak\Downloads\apache-maven-3.9.8-bin\bin;c:\users\palak\appdata\local\packages\pythonsoftwarefoundation.python.3.11_qbz5n2kfra8p0\localcache\local-packages\python311\site-packages;C:\ProgramData\chocolatey\bin;C:\Program Files\nodejs\;C:\Users\palak\AppData\Local\Programs\Python\Python312\Scripts;C:\Program Files\Git\cmd;C:\Users\palak\Downloads\flutter_windows_3.27.3-stable\flutter\bin;C:\Users\palak\AppData\Local\Android\Sdk\cmdline-tools\latest\bin;C:\Users\palak\AppData\Local\Android\Sdk\platform-tools;C:\ffmpeg;C:\Program Files\MongoDB\Server\8.0\bin;C:\Users\palak\AppData\Local\Programs\Python\Python313\Scripts\;C:\Users\palak\AppData\Local\Programs\Python\Python313\;C:\Users\palak\AppData\Local\Programs\Python\Python312\Scripts\;C:\Users\palak\AppData\Local\Programs\Python\Python312\;C:\Users\palak\AppData\Local\Programs\Python\Launcher\;C:\Program Files\MySQL\MySQL Shell 8.0\bin\;C:\Users\palak\AppData\Local\Microsoft\WindowsApps;C:\Users\palak\AppData\Local\Programs\Microsoft VS Code\bin;C:\Program Files\JetBrains\IntelliJ IDEA Community Edition 2023.3.3\bin;C:\Users\palak\AppData\Local\JetBrains\CLion 2023.3.4\bin;C:\Program Files\JetBrains\PyCharm 2024.1.2\bin;C:\Program Files\JetBrains\PyCharm Community Edition 2024.1.4\bin;C:\Users\palak\AppData\Local\JetBrains\Toolbox\scripts;C:\Users\palak\AppData\Roaming\npm;C:\Users\palak\AppData\Local\GitHubDesktop\bin;C:\Users\palak\AppData\Local\Microsoft\WindowsApps;
USERNAME=palak
OS=Windows_NT
PROCESSOR_IDENTIFIER=AMD64 Family 23 Model 24 Stepping 1, AuthenticAMD
TMP=C:\Users\palak\AppData\Local\Temp
TEMP=C:\Users\palak\AppData\Local\Temp




Periodic native trim disabled

---------------  S Y S T E M  ---------------

OS:
 Windows 11 , 64 bit Build 26100 (10.0.26100.3323)
OS uptime: 0 days 4:24 hours

CPU: total 4 (initial active 4) (4 cores per cpu, 2 threads per core) family 23 model 24 stepping 1 microcode 0x8108109, cx8, cmov, fxsr, ht, mmx, 3dnowpref, sse, sse2, sse3, ssse3, sse4a, sse4.1, sse4.2, popcnt, lzcnt, tsc, tscinvbit, avx, avx2, aes, clmul, bmi1, bmi2, adx, sha, fma, vzeroupper, clflush, clflushopt, rdtscp, f16c
Processor Information for the first 4 processors :
  Max Mhz: 2600, Current Mhz: 2600, Mhz Limit: 2600

Memory: 4k page, system-wide physical 6086M (500M free)
TotalPageFile size 14278M (AvailPageFile size 0M)
current process WorkingSet (physical memory assigned to process): 196M, peak: 213M
current process commit charge ("private bytes"): 305M, peak: 310M

vm_info: OpenJDK 64-Bit Server VM (21.0.6+7-LTS) for windows-amd64 JRE (21.0.6+7-LTS), built on 2025-01-21T00:00:00Z by "admin" with MS VC++ 17.7 (VS2022)

END.
