#
# There is insufficient memory for the Java Runtime Environment to continue.
# Native memory allocation (malloc) failed to allocate 2400656 bytes. Error detail: Chunk::new
# Possible reasons:
#   The system is out of physical RAM or swap space
#   This process is running with CompressedOops enabled, and the Java Heap may be blocking the growth of the native heap
# Possible solutions:
#   Reduce memory load on the system
#   Increase physical memory or swap space
#   Check if swap backing store is full
#   Decrease Java heap size (-Xmx/-Xms)
#   Decrease number of Java threads
#   Decrease Java thread stack sizes (-Xss)
#   Set larger code cache with -XX:ReservedCodeCacheSize=
#   JVM is running with Unscaled Compressed Oops mode in which the Java heap is
#     placed in the first 4GB address space. The Java Heap base address is the
#     maximum limit for the native heap growth. Please use -XX:HeapBaseMinAddress
#     to set the Java Heap base and to place the Java Heap above 4GB virtual address.
# This output file may be truncated or incomplete.
#
#  Out of Memory Error (arena.cpp:168), pid=1224, tid=8788
#
# JRE version: OpenJDK Runtime Environment Temurin-21.0.6+7 (21.0.6+7) (build 21.0.6+7-LTS)
# Java VM: OpenJDK 64-Bit Server VM Temurin-21.0.6+7 (21.0.6+7-LTS, mixed mode, sharing, tiered, compressed oops, compressed class ptrs, parallel gc, windows-amd64)
# No core dump will be written. Minidumps are not enabled by default on client versions of Windows
#

---------------  S U M M A R Y ------------

Command Line: --add-modules=ALL-SYSTEM --add-opens=java.base/java.util=ALL-UNNAMED --add-opens=java.base/java.lang=ALL-UNNAMED --add-opens=java.base/sun.nio.fs=ALL-UNNAMED -Declipse.application=org.eclipse.jdt.ls.core.id1 -Dosgi.bundles.defaultStartLevel=4 -Declipse.product=org.eclipse.jdt.ls.core.product -Djava.import.generatesMetadataFilesAtProjectRoot=false -DDetectVMInstallationsJob.disabled=true -Dfile.encoding=utf8 -XX:+UseParallelGC -XX:GCTimeRatio=4 -XX:AdaptiveSizePolicyWeight=90 -Dsun.zip.disableMemoryMapping=true -Xmx1G -Xms100m -Xlog:disable -javaagent:c:\Users\palak\.vscode\extensions\redhat.java-1.40.0-win32-x64\lombok\lombok-1.18.36.jar c:\Users\palak\.vscode\extensions\redhat.java-1.40.0-win32-x64\server\plugins\org.eclipse.equinox.launcher_1.6.1000.v20250131-0606.jar -configuration c:\Users\palak\AppData\Roaming\Code\User\globalStorage\redhat.java\1.40.0\config_ss_win -data c:\Users\palak\AppData\Roaming\Code\User\workspaceStorage\ee148990e97456275c543846b0f27411\redhat.java\ss_ws --pipe=\\.\pipe\lsp-e7d69cfc540b604b005b671c1edc9577-sock

Host: AMD Ryzen 3 3250U with Radeon Graphics         , 4 cores, 5G,  Windows 11 , 64 bit Build 26100 (10.0.26100.3037)
Time: Mon Mar 10 19:07:30 2025 India Standard Time elapsed time: 47.202071 seconds (0d 0h 0m 47s)

---------------  T H R E A D  ---------------

Current thread (0x000002e9bc8b3880):  JavaThread "C2 CompilerThread0" daemon [_thread_in_native, id=8788, stack(0x000000fdcfc00000,0x000000fdcfd00000) (1024K)]


Current CompileTask:
C2:47202 5463 %     4       org.lombokweb.asm.ClassReader::readCode @ 2037 (5117 bytes)

Stack: [0x000000fdcfc00000,0x000000fdcfd00000]
Native frames: (J=compiled Java code, j=interpreted, Vv=VM code, C=native code)
V  [jvm.dll+0x6cdee9]
V  [jvm.dll+0x8a83d1]
V  [jvm.dll+0x8aa8fe]
V  [jvm.dll+0x8aafe3]
V  [jvm.dll+0x27f706]
V  [jvm.dll+0xc500d]
V  [jvm.dll+0xc5543]
V  [jvm.dll+0x3b6752]
V  [jvm.dll+0x1e0009]
V  [jvm.dll+0x247b42]
V  [jvm.dll+0x246fcf]
V  [jvm.dll+0x1c75ee]
V  [jvm.dll+0x25685a]
V  [jvm.dll+0x254dfa]
V  [jvm.dll+0x3f0256]
V  [jvm.dll+0x851f8b]
V  [jvm.dll+0x6cc5ed]
C  [ucrtbase.dll+0x37b0]
C  [KERNEL32.DLL+0x2e8d7]
C  [ntdll.dll+0xbbf2c]


---------------  P R O C E S S  ---------------

Threads class SMR info:
_java_thread_list=0x000002e98f3d1030, length=31, elements={
0x000002e9a625dfc0, 0x000002e9a862b180, 0x000002e9a862e560, 0x000002e9bc8a2080,
0x000002e9bc8a4be0, 0x000002e9bc8a8be0, 0x000002e9bc8b1b60, 0x000002e9bc8b3880,
0x000002e9bc9194c0, 0x000002e9a85e1750, 0x000002e9fe8f25c0, 0x000002e9fefacbb0,
0x000002e9ff0a1c80, 0x000002e9ff0a22e0, 0x000002e9fe7ec3d0, 0x000002e9fea4f5f0,
0x000002e9fe9ae950, 0x000002e9fea93280, 0x000002e9fe915230, 0x000002e9fe9158c0,
0x000002e9fe915f50, 0x000002e9fe914ba0, 0x000002e9ff1c7120, 0x000002e9ff1c84d0,
0x000002e9ff1c77b0, 0x000002e9ff1c7e40, 0x000002e9ff1c8b60, 0x000002e9ff1c6400,
0x000002e9ff1c56e0, 0x000002e9ff1c5d70, 0x000002e9ff1c91f0
}

Java Threads: ( => current thread )
  0x000002e9a625dfc0 JavaThread "main"                              [_thread_blocked, id=15108, stack(0x000000fdcf200000,0x000000fdcf300000) (1024K)]
  0x000002e9a862b180 JavaThread "Reference Handler"          daemon [_thread_blocked, id=15200, stack(0x000000fdcf600000,0x000000fdcf700000) (1024K)]
  0x000002e9a862e560 JavaThread "Finalizer"                  daemon [_thread_blocked, id=4360, stack(0x000000fdcf700000,0x000000fdcf800000) (1024K)]
  0x000002e9bc8a2080 JavaThread "Signal Dispatcher"          daemon [_thread_blocked, id=3564, stack(0x000000fdcf800000,0x000000fdcf900000) (1024K)]
  0x000002e9bc8a4be0 JavaThread "Attach Listener"            daemon [_thread_blocked, id=16556, stack(0x000000fdcf900000,0x000000fdcfa00000) (1024K)]
  0x000002e9bc8a8be0 JavaThread "Service Thread"             daemon [_thread_blocked, id=6808, stack(0x000000fdcfa00000,0x000000fdcfb00000) (1024K)]
  0x000002e9bc8b1b60 JavaThread "Monitor Deflation Thread"   daemon [_thread_blocked, id=14552, stack(0x000000fdcfb00000,0x000000fdcfc00000) (1024K)]
=>0x000002e9bc8b3880 JavaThread "C2 CompilerThread0"         daemon [_thread_in_native, id=8788, stack(0x000000fdcfc00000,0x000000fdcfd00000) (1024K)]
  0x000002e9bc9194c0 JavaThread "C1 CompilerThread0"         daemon [_thread_blocked, id=15680, stack(0x000000fdcfd00000,0x000000fdcfe00000) (1024K)]
  0x000002e9a85e1750 JavaThread "Common-Cleaner"             daemon [_thread_blocked, id=16580, stack(0x000000fdcfe00000,0x000000fdcff00000) (1024K)]
  0x000002e9fe8f25c0 JavaThread "Notification Thread"        daemon [_thread_blocked, id=8680, stack(0x000000fdcff00000,0x000000fdd0000000) (1024K)]
  0x000002e9fefacbb0 JavaThread "Active Thread: Equinox Container: 26b187fc-8182-43bf-ad2a-e068b6e50361"        [_thread_blocked, id=4240, stack(0x000000fdd0400000,0x000000fdd0500000) (1024K)]
  0x000002e9ff0a1c80 JavaThread "Framework Event Dispatcher: Equinox Container: 26b187fc-8182-43bf-ad2a-e068b6e50361" daemon [_thread_blocked, id=1956, stack(0x000000fdd0000000,0x000000fdd0100000) (1024K)]
  0x000002e9ff0a22e0 JavaThread "Start Level: Equinox Container: 26b187fc-8182-43bf-ad2a-e068b6e50361" daemon [_thread_blocked, id=8796, stack(0x000000fdd0500000,0x000000fdd0600000) (1024K)]
  0x000002e9fe7ec3d0 JavaThread "SCR Component Actor"        daemon [_thread_blocked, id=13372, stack(0x000000fdd0600000,0x000000fdd0700000) (1024K)]
  0x000002e9fea4f5f0 JavaThread "Worker-JM"                         [_thread_blocked, id=10852, stack(0x000000fdd0800000,0x000000fdd0900000) (1024K)]
  0x000002e9fe9ae950 JavaThread "JNA Cleaner"                daemon [_thread_blocked, id=3248, stack(0x000000fdd0900000,0x000000fdd0a00000) (1024K)]
  0x000002e9fea93280 JavaThread "Worker-0"                          [_thread_blocked, id=3156, stack(0x000000fdd0a00000,0x000000fdd0b00000) (1024K)]
  0x000002e9fe915230 JavaThread "Worker-1: Publish Diagnostics"        [_thread_in_vm, id=16716, stack(0x000000fdd0b00000,0x000000fdd0c00000) (1024K)]
  0x000002e9fe9158c0 JavaThread "Thread-2"                   daemon [_thread_in_native, id=14876, stack(0x000000fdd0d00000,0x000000fdd0e00000) (1024K)]
  0x000002e9fe915f50 JavaThread "Thread-3"                   daemon [_thread_in_native, id=16232, stack(0x000000fdd0e00000,0x000000fdd0f00000) (1024K)]
  0x000002e9fe914ba0 JavaThread "Thread-4"                   daemon [_thread_in_native, id=124, stack(0x000000fdd0f00000,0x000000fdd1000000) (1024K)]
  0x000002e9ff1c7120 JavaThread "Thread-5"                   daemon [_thread_in_native, id=1516, stack(0x000000fdd1000000,0x000000fdd1100000) (1024K)]
  0x000002e9ff1c84d0 JavaThread "Thread-6"                   daemon [_thread_in_native, id=8756, stack(0x000000fdd1100000,0x000000fdd1200000) (1024K)]
  0x000002e9ff1c77b0 JavaThread "pool-2-thread-1"                   [_thread_blocked, id=16460, stack(0x000000fdd1200000,0x000000fdd1300000) (1024K)]
  0x000002e9ff1c7e40 JavaThread "Worker-2"                          [_thread_blocked, id=1560, stack(0x000000fdd1300000,0x000000fdd1400000) (1024K)]
  0x000002e9ff1c8b60 JavaThread "WorkspaceEventsHandler"            [_thread_blocked, id=10632, stack(0x000000fdd1400000,0x000000fdd1500000) (1024K)]
  0x000002e9ff1c6400 JavaThread "pool-1-thread-1"                   [_thread_blocked, id=2168, stack(0x000000fdd1500000,0x000000fdd1600000) (1024K)]
  0x000002e9ff1c56e0 JavaThread "ForkJoinPool.commonPool-worker-1" daemon [_thread_blocked, id=12248, stack(0x000000fdd1600000,0x000000fdd1700000) (1024K)]
  0x000002e9ff1c5d70 JavaThread "ForkJoinPool.commonPool-worker-2" daemon [_thread_blocked, id=12020, stack(0x000000fdd1700000,0x000000fdd1800000) (1024K)]
  0x000002e9ff1c91f0 JavaThread "ForkJoinPool.commonPool-worker-3" daemon [_thread_in_vm, id=3764, stack(0x000000fdd1800000,0x000000fdd1900000) (1024K)]
Total: 31

Other Threads:
  0x000002e9a631eb50 VMThread "VM Thread"                           [id=4568, stack(0x000000fdcf500000,0x000000fdcf600000) (1024K)] _threads_hazard_ptr=0x000002e98f3d1030
  0x000002e9bc83ca00 WatcherThread "VM Periodic Task Thread"        [id=1740, stack(0x000000fdcf400000,0x000000fdcf500000) (1024K)]
  0x000002e9a8592730 WorkerThread "GC Thread#0"                     [id=4580, stack(0x000000fdcf300000,0x000000fdcf400000) (1024K)]
  0x000002e9fe991610 WorkerThread "GC Thread#1"                     [id=13832, stack(0x000000fdd0100000,0x000000fdd0200000) (1024K)]
  0x000002e9fe990ed0 WorkerThread "GC Thread#2"                     [id=656, stack(0x000000fdd0200000,0x000000fdd0300000) (1024K)]
  0x000002e9fe991270 WorkerThread "GC Thread#3"                     [id=14156, stack(0x000000fdd0300000,0x000000fdd0400000) (1024K)]
Total: 6

Threads with active compile tasks:
C2 CompilerThread0  47274 5463 %     4       org.lombokweb.asm.ClassReader::readCode @ 2037 (5117 bytes)
Total: 1

VM state: not at safepoint (normal execution)

VM Mutex/Monitor currently owned by a thread: None

Heap address: 0x00000000c0000000, size: 1024 MB, Compressed Oops mode: 32-bit

CDS archive(s) mapped at: [0x000002e9bd000000-0x000002e9bdba0000-0x000002e9bdba0000), size 12189696, SharedBaseAddress: 0x000002e9bd000000, ArchiveRelocationMode: 1.
Compressed class space mapped at: 0x000002e9be000000-0x000002e9fe000000, reserved size: 1073741824
Narrow klass base: 0x000002e9bd000000, Narrow klass shift: 0, Narrow klass range: 0x100000000

GC Precious Log:
 CardTable entry size: 512
 CPUs: 4 total, 4 available
 Memory: 6086M
 Large Page Support: Disabled
 NUMA Support: Disabled
 Compressed Oops: Enabled (32-bit)
 Alignments: Space 512K, Generation 512K, Heap 2M
 Heap Min Capacity: 100M
 Heap Initial Capacity: 100M
 Heap Max Capacity: 1G
 Pre-touch: Disabled
 Parallel Workers: 4

Heap:
 PSYoungGen      total 22528K, used 15499K [0x00000000eab00000, 0x00000000ec200000, 0x0000000100000000)
  eden space 21504K, 69% used [0x00000000eab00000,0x00000000eb992ed0,0x00000000ec000000)
  from space 1024K, 56% used [0x00000000ec000000,0x00000000ec090000,0x00000000ec100000)
  to   space 1024K, 0% used [0x00000000ec100000,0x00000000ec100000,0x00000000ec200000)
 ParOldGen       total 68608K, used 29835K [0x00000000c0000000, 0x00000000c4300000, 0x00000000eab00000)
  object space 68608K, 43% used [0x00000000c0000000,0x00000000c1d22cf0,0x00000000c4300000)
 Metaspace       used 39942K, committed 41024K, reserved 1114112K
  class space    used 3911K, committed 4416K, reserved 1048576K

Card table byte_map: [0x000002e9a7f10000,0x000002e9a8120000] _byte_map_base: 0x000002e9a7910000

Marking Bits: (ParMarkBitMap*) 0x00007ffa745d3260
 Begin Bits: [0x000002e9ba760000, 0x000002e9bb760000)
 End Bits:   [0x000002e9bb760000, 0x000002e9bc760000)

Polling page: 0x000002e9a6420000

Metaspace:

Usage:
  Non-class:     35.19 MB used.
      Class:      3.82 MB used.
       Both:     39.01 MB used.

Virtual space:
  Non-class space:       64.00 MB reserved,      35.75 MB ( 56%) committed,  1 nodes.
      Class space:        1.00 GB reserved,       4.31 MB ( <1%) committed,  1 nodes.
             Both:        1.06 GB reserved,      40.06 MB (  4%) committed. 

Chunk freelists:
   Non-Class:  11.73 MB
       Class:  11.50 MB
        Both:  23.24 MB

MaxMetaspaceSize: unlimited
CompressedClassSpaceSize: 1.00 GB
Initial GC threshold: 21.00 MB
Current GC threshold: 58.38 MB
CDS: on
 - commit_granule_bytes: 65536.
 - commit_granule_words: 8192.
 - virtual_space_node_default_size: 8388608.
 - enlarge_chunks_in_place: 1.
 - use_allocation_guard: 0.


Internal statistics:

num_allocs_failed_limit: 6.
num_arena_births: 866.
num_arena_deaths: 96.
num_vsnodes_births: 2.
num_vsnodes_deaths: 0.
num_space_committed: 641.
num_space_uncommitted: 0.
num_chunks_returned_to_freelist: 131.
num_chunks_taken_from_freelist: 2611.
num_chunk_merges: 42.
num_chunk_splits: 1630.
num_chunks_enlarged: 968.
num_inconsistent_stats: 0.

CodeHeap 'non-profiled nmethods': size=120000Kb used=3247Kb max_used=3247Kb free=116753Kb
 bounds [0x000002e9b3230000, 0x000002e9b3560000, 0x000002e9ba760000]
CodeHeap 'profiled nmethods': size=120000Kb used=10771Kb max_used=10771Kb free=109228Kb
 bounds [0x000002e9ab760000, 0x000002e9ac1f0000, 0x000002e9b2c90000]
CodeHeap 'non-nmethods': size=5760Kb used=1398Kb max_used=1435Kb free=4361Kb
 bounds [0x000002e9b2c90000, 0x000002e9b2f00000, 0x000002e9b3230000]
 total_blobs=5823 nmethods=5118 adapters=611
 compilation: enabled
              stopped_count=0, restarted_count=0
 full_count=0

Compilation events (20 events):
Event: 46.197 Thread 0x000002e9bc9194c0 5488       3       org.eclipse.core.runtime.Path::isPrefixOf (118 bytes)
Event: 46.197 Thread 0x000002e98e96c740 5485       4       sun.nio.fs.WindowsPath::compareTo (118 bytes)
Event: 46.198 Thread 0x000002e9bc9194c0 nmethod 5488 0x000002e9ac1dfe10 code [0x000002e9ac1e0080, 0x000002e9ac1e0b38]
Event: 46.206 Thread 0x000002e98e96c740 nmethod 5485 0x000002e9b3557c10 code [0x000002e9b3557de0, 0x000002e9b3558158]
Event: 46.206 Thread 0x000002e98e96c740 5490       4       org.eclipse.jdt.internal.core.util.HashtableOfArrayToObject::hashCode (35 bytes)
Event: 46.213 Thread 0x000002e98e96c740 nmethod 5490 0x000002e9b3558510 code [0x000002e9b35586c0, 0x000002e9b3558900]
Event: 46.213 Thread 0x000002e98e96c740 5477   !   4       org.eclipse.jdt.internal.compiler.parser.Scanner::getNextToken0 (3018 bytes)
Event: 46.221 Thread 0x000002e9bc9194c0 5491       3       jdk.internal.jrtfs.JrtPath::toAbsolutePath (44 bytes)
Event: 46.223 Thread 0x000002e9bc9194c0 nmethod 5491 0x000002e9ac1e0f10 code [0x000002e9ac1e11c0, 0x000002e9ac1e1ee0]
Event: 46.240 Thread 0x000002e9bc9194c0 5492       3       org.eclipse.jdt.internal.core.PackageFragmentRoot::getModuleDescription (14 bytes)
Event: 46.241 Thread 0x000002e9bc9194c0 nmethod 5492 0x000002e9ac1e2410 code [0x000002e9ac1e25e0, 0x000002e9ac1e2850]
Event: 46.254 Thread 0x000002e98e96c740 nmethod 5477 0x000002e9b3558b10 code [0x000002e9b3559220, 0x000002e9b355a050]
Event: 46.254 Thread 0x000002e98e96c740 5486       4       org.eclipse.jdt.internal.compiler.util.ObjectVector::elementAt (7 bytes)
Event: 46.257 Thread 0x000002e98e96c740 nmethod 5486 0x000002e9b355aa10 code [0x000002e9b355aba0, 0x000002e9b355ac70]
Event: 46.257 Thread 0x000002e98e96c740 5469   !   4       java.util.zip.Inflater::inflate (456 bytes)
Event: 46.265 Thread 0x000002e98e96c740 nmethod 5469 0x000002e9b355ad10 code [0x000002e9b355aee0, 0x000002e9b355b4a0]
Event: 46.285 Thread 0x000002e9bc9194c0 5493       3       org.eclipse.jdt.internal.core.JarPackageFragmentRoot::getModuleDescription (25 bytes)
Event: 46.285 Thread 0x000002e9bc9194c0 nmethod 5493 0x000002e9ac1e2910 code [0x000002e9ac1e2ae0, 0x000002e9ac1e2e38]
Event: 46.290 Thread 0x000002e9bc9194c0 5494       1       org.eclipse.jdt.internal.core.PackageFragmentRootInfo::getRootKind (5 bytes)
Event: 46.290 Thread 0x000002e9bc9194c0 nmethod 5494 0x000002e9b355b910 code [0x000002e9b355baa0, 0x000002e9b355bb68]

GC Heap History (20 events):
Event: 34.408 GC heap before
{Heap before GC invocations=14 (full 1):
 PSYoungGen      total 24576K, used 24288K [0x00000000eab00000, 0x00000000ec780000, 0x0000000100000000)
  eden space 22016K, 100% used [0x00000000eab00000,0x00000000ec080000,0x00000000ec080000)
  from space 2560K, 88% used [0x00000000ec500000,0x00000000ec738080,0x00000000ec780000)
  to   space 2560K, 0% used [0x00000000ec200000,0x00000000ec200000,0x00000000ec480000)
 ParOldGen       total 68608K, used 18300K [0x00000000c0000000, 0x00000000c4300000, 0x00000000eab00000)
  object space 68608K, 26% used [0x00000000c0000000,0x00000000c11df068,0x00000000c4300000)
 Metaspace       used 32047K, committed 32960K, reserved 1114112K
  class space    used 3149K, committed 3584K, reserved 1048576K
}
Event: 34.414 GC heap after
{Heap after GC invocations=14 (full 1):
 PSYoungGen      total 24576K, used 2080K [0x00000000eab00000, 0x00000000ec580000, 0x0000000100000000)
  eden space 22016K, 0% used [0x00000000eab00000,0x00000000eab00000,0x00000000ec080000)
  from space 2560K, 81% used [0x00000000ec200000,0x00000000ec408000,0x00000000ec480000)
  to   space 1024K, 0% used [0x00000000ec480000,0x00000000ec480000,0x00000000ec580000)
 ParOldGen       total 68608K, used 20448K [0x00000000c0000000, 0x00000000c4300000, 0x00000000eab00000)
  object space 68608K, 29% used [0x00000000c0000000,0x00000000c13f8328,0x00000000c4300000)
 Metaspace       used 32047K, committed 32960K, reserved 1114112K
  class space    used 3149K, committed 3584K, reserved 1048576K
}
Event: 34.604 GC heap before
{Heap before GC invocations=15 (full 1):
 PSYoungGen      total 24576K, used 24096K [0x00000000eab00000, 0x00000000ec580000, 0x0000000100000000)
  eden space 22016K, 100% used [0x00000000eab00000,0x00000000ec080000,0x00000000ec080000)
  from space 2560K, 81% used [0x00000000ec200000,0x00000000ec408000,0x00000000ec480000)
  to   space 1024K, 0% used [0x00000000ec480000,0x00000000ec480000,0x00000000ec580000)
 ParOldGen       total 68608K, used 20448K [0x00000000c0000000, 0x00000000c4300000, 0x00000000eab00000)
  object space 68608K, 29% used [0x00000000c0000000,0x00000000c13f8328,0x00000000c4300000)
 Metaspace       used 32065K, committed 32960K, reserved 1114112K
  class space    used 3150K, committed 3584K, reserved 1048576K
}
Event: 34.613 GC heap after
{Heap after GC invocations=15 (full 1):
 PSYoungGen      total 22528K, used 996K [0x00000000eab00000, 0x00000000ec980000, 0x0000000100000000)
  eden space 21504K, 0% used [0x00000000eab00000,0x00000000eab00000,0x00000000ec000000)
  from space 1024K, 97% used [0x00000000ec480000,0x00000000ec579000,0x00000000ec580000)
  to   space 4608K, 0% used [0x00000000ec000000,0x00000000ec000000,0x00000000ec480000)
 ParOldGen       total 68608K, used 23544K [0x00000000c0000000, 0x00000000c4300000, 0x00000000eab00000)
  object space 68608K, 34% used [0x00000000c0000000,0x00000000c16fe300,0x00000000c4300000)
 Metaspace       used 32065K, committed 32960K, reserved 1114112K
  class space    used 3150K, committed 3584K, reserved 1048576K
}
Event: 34.891 GC heap before
{Heap before GC invocations=16 (full 1):
 PSYoungGen      total 22528K, used 22500K [0x00000000eab00000, 0x00000000ec980000, 0x0000000100000000)
  eden space 21504K, 100% used [0x00000000eab00000,0x00000000ec000000,0x00000000ec000000)
  from space 1024K, 97% used [0x00000000ec480000,0x00000000ec579000,0x00000000ec580000)
  to   space 4608K, 0% used [0x00000000ec000000,0x00000000ec000000,0x00000000ec480000)
 ParOldGen       total 68608K, used 23544K [0x00000000c0000000, 0x00000000c4300000, 0x00000000eab00000)
  object space 68608K, 34% used [0x00000000c0000000,0x00000000c16fe300,0x00000000c4300000)
 Metaspace       used 32196K, committed 33088K, reserved 1114112K
  class space    used 3152K, committed 3584K, reserved 1048576K
}
Event: 34.897 GC heap after
{Heap after GC invocations=16 (full 1):
 PSYoungGen      total 24064K, used 2208K [0x00000000eab00000, 0x00000000ec600000, 0x0000000100000000)
  eden space 21504K, 0% used [0x00000000eab00000,0x00000000eab00000,0x00000000ec000000)
  from space 2560K, 86% used [0x00000000ec000000,0x00000000ec228010,0x00000000ec280000)
  to   space 3072K, 0% used [0x00000000ec300000,0x00000000ec300000,0x00000000ec600000)
 ParOldGen       total 68608K, used 24556K [0x00000000c0000000, 0x00000000c4300000, 0x00000000eab00000)
  object space 68608K, 35% used [0x00000000c0000000,0x00000000c17fb300,0x00000000c4300000)
 Metaspace       used 32196K, committed 33088K, reserved 1114112K
  class space    used 3152K, committed 3584K, reserved 1048576K
}
Event: 35.228 GC heap before
{Heap before GC invocations=17 (full 1):
 PSYoungGen      total 24064K, used 23712K [0x00000000eab00000, 0x00000000ec600000, 0x0000000100000000)
  eden space 21504K, 100% used [0x00000000eab00000,0x00000000ec000000,0x00000000ec000000)
  from space 2560K, 86% used [0x00000000ec000000,0x00000000ec228010,0x00000000ec280000)
  to   space 3072K, 0% used [0x00000000ec300000,0x00000000ec300000,0x00000000ec600000)
 ParOldGen       total 68608K, used 24556K [0x00000000c0000000, 0x00000000c4300000, 0x00000000eab00000)
  object space 68608K, 35% used [0x00000000c0000000,0x00000000c17fb300,0x00000000c4300000)
 Metaspace       used 32259K, committed 33152K, reserved 1114112K
  class space    used 3152K, committed 3584K, reserved 1048576K
}
Event: 35.239 GC heap after
{Heap after GC invocations=17 (full 1):
 PSYoungGen      total 23552K, used 1856K [0x00000000eab00000, 0x00000000ec500000, 0x0000000100000000)
  eden space 21504K, 0% used [0x00000000eab00000,0x00000000eab00000,0x00000000ec000000)
  from space 2048K, 90% used [0x00000000ec300000,0x00000000ec4d0000,0x00000000ec500000)
  to   space 2560K, 0% used [0x00000000ec000000,0x00000000ec000000,0x00000000ec280000)
 ParOldGen       total 68608K, used 26708K [0x00000000c0000000, 0x00000000c4300000, 0x00000000eab00000)
  object space 68608K, 38% used [0x00000000c0000000,0x00000000c1a15310,0x00000000c4300000)
 Metaspace       used 32259K, committed 33152K, reserved 1114112K
  class space    used 3152K, committed 3584K, reserved 1048576K
}
Event: 37.737 GC heap before
{Heap before GC invocations=18 (full 1):
 PSYoungGen      total 23552K, used 23360K [0x00000000eab00000, 0x00000000ec500000, 0x0000000100000000)
  eden space 21504K, 100% used [0x00000000eab00000,0x00000000ec000000,0x00000000ec000000)
  from space 2048K, 90% used [0x00000000ec300000,0x00000000ec4d0000,0x00000000ec500000)
  to   space 2560K, 0% used [0x00000000ec000000,0x00000000ec000000,0x00000000ec280000)
 ParOldGen       total 68608K, used 26708K [0x00000000c0000000, 0x00000000c4300000, 0x00000000eab00000)
  object space 68608K, 38% used [0x00000000c0000000,0x00000000c1a15310,0x00000000c4300000)
 Metaspace       used 34471K, committed 35456K, reserved 1114112K
  class space    used 3389K, committed 3840K, reserved 1048576K
}
Event: 37.746 GC heap after
{Heap after GC invocations=18 (full 1):
 PSYoungGen      total 23040K, used 1321K [0x00000000eab00000, 0x00000000ec400000, 0x0000000100000000)
  eden space 21504K, 0% used [0x00000000eab00000,0x00000000eab00000,0x00000000ec000000)
  from space 1536K, 86% used [0x00000000ec000000,0x00000000ec14a4b8,0x00000000ec180000)
  to   space 2048K, 0% used [0x00000000ec200000,0x00000000ec200000,0x00000000ec400000)
 ParOldGen       total 68608K, used 28509K [0x00000000c0000000, 0x00000000c4300000, 0x00000000eab00000)
  object space 68608K, 41% used [0x00000000c0000000,0x00000000c1bd7510,0x00000000c4300000)
 Metaspace       used 34471K, committed 35456K, reserved 1114112K
  class space    used 3389K, committed 3840K, reserved 1048576K
}
Event: 39.268 GC heap before
{Heap before GC invocations=19 (full 1):
 PSYoungGen      total 23040K, used 13520K [0x00000000eab00000, 0x00000000ec400000, 0x0000000100000000)
  eden space 21504K, 56% used [0x00000000eab00000,0x00000000eb6e9e38,0x00000000ec000000)
  from space 1536K, 86% used [0x00000000ec000000,0x00000000ec14a4b8,0x00000000ec180000)
  to   space 2048K, 0% used [0x00000000ec200000,0x00000000ec200000,0x00000000ec400000)
 ParOldGen       total 68608K, used 28509K [0x00000000c0000000, 0x00000000c4300000, 0x00000000eab00000)
  object space 68608K, 41% used [0x00000000c0000000,0x00000000c1bd7510,0x00000000c4300000)
 Metaspace       used 34878K, committed 35840K, reserved 1114112K
  class space    used 3455K, committed 3904K, reserved 1048576K
}
Event: 39.272 GC heap after
{Heap after GC invocations=19 (full 1):
 PSYoungGen      total 22016K, used 288K [0x00000000eab00000, 0x00000000ec280000, 0x0000000100000000)
  eden space 21504K, 0% used [0x00000000eab00000,0x00000000eab00000,0x00000000ec000000)
  from space 512K, 56% used [0x00000000ec200000,0x00000000ec248010,0x00000000ec280000)
  to   space 1024K, 0% used [0x00000000ec080000,0x00000000ec080000,0x00000000ec180000)
 ParOldGen       total 68608K, used 29671K [0x00000000c0000000, 0x00000000c4300000, 0x00000000eab00000)
  object space 68608K, 43% used [0x00000000c0000000,0x00000000c1cf9f88,0x00000000c4300000)
 Metaspace       used 34878K, committed 35840K, reserved 1114112K
  class space    used 3455K, committed 3904K, reserved 1048576K
}
Event: 39.272 GC heap before
{Heap before GC invocations=20 (full 2):
 PSYoungGen      total 22016K, used 288K [0x00000000eab00000, 0x00000000ec280000, 0x0000000100000000)
  eden space 21504K, 0% used [0x00000000eab00000,0x00000000eab00000,0x00000000ec000000)
  from space 512K, 56% used [0x00000000ec200000,0x00000000ec248010,0x00000000ec280000)
  to   space 1024K, 0% used [0x00000000ec080000,0x00000000ec080000,0x00000000ec180000)
 ParOldGen       total 68608K, used 29671K [0x00000000c0000000, 0x00000000c4300000, 0x00000000eab00000)
  object space 68608K, 43% used [0x00000000c0000000,0x00000000c1cf9f88,0x00000000c4300000)
 Metaspace       used 34878K, committed 35840K, reserved 1114112K
  class space    used 3455K, committed 3904K, reserved 1048576K
}
Event: 39.458 GC heap after
{Heap after GC invocations=20 (full 2):
 PSYoungGen      total 22016K, used 0K [0x00000000eab00000, 0x00000000ec280000, 0x0000000100000000)
  eden space 21504K, 0% used [0x00000000eab00000,0x00000000eab00000,0x00000000ec000000)
  from space 512K, 0% used [0x00000000ec200000,0x00000000ec200000,0x00000000ec280000)
  to   space 1024K, 0% used [0x00000000ec080000,0x00000000ec080000,0x00000000ec180000)
 ParOldGen       total 68608K, used 28466K [0x00000000c0000000, 0x00000000c4300000, 0x00000000eab00000)
  object space 68608K, 41% used [0x00000000c0000000,0x00000000c1bcca30,0x00000000c4300000)
 Metaspace       used 34806K, committed 35840K, reserved 1114112K
  class space    used 3434K, committed 3904K, reserved 1048576K
}
Event: 41.067 GC heap before
{Heap before GC invocations=21 (full 2):
 PSYoungGen      total 22016K, used 21504K [0x00000000eab00000, 0x00000000ec280000, 0x0000000100000000)
  eden space 21504K, 100% used [0x00000000eab00000,0x00000000ec000000,0x00000000ec000000)
  from space 512K, 0% used [0x00000000ec200000,0x00000000ec200000,0x00000000ec280000)
  to   space 1024K, 0% used [0x00000000ec080000,0x00000000ec080000,0x00000000ec180000)
 ParOldGen       total 68608K, used 28466K [0x00000000c0000000, 0x00000000c4300000, 0x00000000eab00000)
  object space 68608K, 41% used [0x00000000c0000000,0x00000000c1bcca30,0x00000000c4300000)
 Metaspace       used 36233K, committed 37120K, reserved 1114112K
  class space    used 3564K, committed 3968K, reserved 1048576K
}
Event: 41.070 GC heap after
{Heap after GC invocations=21 (full 2):
 PSYoungGen      total 22528K, used 1015K [0x00000000eab00000, 0x00000000ec300000, 0x0000000100000000)
  eden space 21504K, 0% used [0x00000000eab00000,0x00000000eab00000,0x00000000ec000000)
  from space 1024K, 99% used [0x00000000ec080000,0x00000000ec17dd68,0x00000000ec180000)
  to   space 1536K, 0% used [0x00000000ec180000,0x00000000ec180000,0x00000000ec300000)
 ParOldGen       total 68608K, used 28775K [0x00000000c0000000, 0x00000000c4300000, 0x00000000eab00000)
  object space 68608K, 41% used [0x00000000c0000000,0x00000000c1c19f10,0x00000000c4300000)
 Metaspace       used 36233K, committed 37120K, reserved 1114112K
  class space    used 3564K, committed 3968K, reserved 1048576K
}
Event: 41.670 GC heap before
{Heap before GC invocations=22 (full 2):
 PSYoungGen      total 22528K, used 22519K [0x00000000eab00000, 0x00000000ec300000, 0x0000000100000000)
  eden space 21504K, 100% used [0x00000000eab00000,0x00000000ec000000,0x00000000ec000000)
  from space 1024K, 99% used [0x00000000ec080000,0x00000000ec17dd68,0x00000000ec180000)
  to   space 1536K, 0% used [0x00000000ec180000,0x00000000ec180000,0x00000000ec300000)
 ParOldGen       total 68608K, used 28775K [0x00000000c0000000, 0x00000000c4300000, 0x00000000eab00000)
  object space 68608K, 41% used [0x00000000c0000000,0x00000000c1c19f10,0x00000000c4300000)
 Metaspace       used 36256K, committed 37184K, reserved 1114112K
  class space    used 3564K, committed 3968K, reserved 1048576K
}
Event: 41.672 GC heap after
{Heap after GC invocations=22 (full 2):
 PSYoungGen      total 23040K, used 1238K [0x00000000eab00000, 0x00000000ec300000, 0x0000000100000000)
  eden space 21504K, 0% used [0x00000000eab00000,0x00000000eab00000,0x00000000ec000000)
  from space 1536K, 80% used [0x00000000ec180000,0x00000000ec2b5b08,0x00000000ec300000)
  to   space 1536K, 0% used [0x00000000ec000000,0x00000000ec000000,0x00000000ec180000)
 ParOldGen       total 68608K, used 29451K [0x00000000c0000000, 0x00000000c4300000, 0x00000000eab00000)
  object space 68608K, 42% used [0x00000000c0000000,0x00000000c1cc2ca0,0x00000000c4300000)
 Metaspace       used 36256K, committed 37184K, reserved 1114112K
  class space    used 3564K, committed 3968K, reserved 1048576K
}
Event: 44.097 GC heap before
{Heap before GC invocations=23 (full 2):
 PSYoungGen      total 23040K, used 22742K [0x00000000eab00000, 0x00000000ec300000, 0x0000000100000000)
  eden space 21504K, 100% used [0x00000000eab00000,0x00000000ec000000,0x00000000ec000000)
  from space 1536K, 80% used [0x00000000ec180000,0x00000000ec2b5b08,0x00000000ec300000)
  to   space 1536K, 0% used [0x00000000ec000000,0x00000000ec000000,0x00000000ec180000)
 ParOldGen       total 68608K, used 29451K [0x00000000c0000000, 0x00000000c4300000, 0x00000000eab00000)
  object space 68608K, 42% used [0x00000000c0000000,0x00000000c1cc2ca0,0x00000000c4300000)
 Metaspace       used 38328K, committed 39296K, reserved 1114112K
  class space    used 3765K, committed 4224K, reserved 1048576K
}
Event: 44.099 GC heap after
{Heap after GC invocations=23 (full 2):
 PSYoungGen      total 22528K, used 576K [0x00000000eab00000, 0x00000000ec200000, 0x0000000100000000)
  eden space 21504K, 0% used [0x00000000eab00000,0x00000000eab00000,0x00000000ec000000)
  from space 1024K, 56% used [0x00000000ec000000,0x00000000ec090000,0x00000000ec100000)
  to   space 1024K, 0% used [0x00000000ec100000,0x00000000ec100000,0x00000000ec200000)
 ParOldGen       total 68608K, used 29835K [0x00000000c0000000, 0x00000000c4300000, 0x00000000eab00000)
  object space 68608K, 43% used [0x00000000c0000000,0x00000000c1d22cf0,0x00000000c4300000)
 Metaspace       used 38328K, committed 39296K, reserved 1114112K
  class space    used 3765K, committed 4224K, reserved 1048576K
}

Dll operation events (10 events):
Event: 0.223 Loaded shared library c:\Users\palak\.vscode\extensions\redhat.java-1.40.0-win32-x64\jre\21.0.6-win32-x86_64\bin\java.dll
Event: 0.547 Loaded shared library c:\Users\palak\.vscode\extensions\redhat.java-1.40.0-win32-x64\jre\21.0.6-win32-x86_64\bin\zip.dll
Event: 0.612 Loaded shared library C:\Users\palak\.vscode\extensions\redhat.java-1.40.0-win32-x64\jre\21.0.6-win32-x86_64\bin\instrument.dll
Event: 0.724 Loaded shared library C:\Users\palak\.vscode\extensions\redhat.java-1.40.0-win32-x64\jre\21.0.6-win32-x86_64\bin\net.dll
Event: 0.742 Loaded shared library C:\Users\palak\.vscode\extensions\redhat.java-1.40.0-win32-x64\jre\21.0.6-win32-x86_64\bin\nio.dll
Event: 0.749 Loaded shared library C:\Users\palak\.vscode\extensions\redhat.java-1.40.0-win32-x64\jre\21.0.6-win32-x86_64\bin\zip.dll
Event: 0.800 Loaded shared library C:\Users\palak\.vscode\extensions\redhat.java-1.40.0-win32-x64\jre\21.0.6-win32-x86_64\bin\jimage.dll
Event: 1.236 Loaded shared library c:\Users\palak\.vscode\extensions\redhat.java-1.40.0-win32-x64\jre\21.0.6-win32-x86_64\bin\verify.dll
Event: 11.604 Loaded shared library C:\Users\palak\AppData\Roaming\Code\User\globalStorage\redhat.java\1.40.0\config_ss_win\org.eclipse.equinox.launcher\org.eclipse.equinox.launcher.win32.win32.x86_64_1.2.1200.v20250212-0927\eclipse_11909.dll
Event: 16.430 Loaded shared library C:\Users\palak\AppData\Local\Temp\jna-106430981\jna13949054647061473678.dll

Deoptimization events (20 events):
Event: 44.732 Thread 0x000002e9ff1c6400 DEOPT PACKING pc=0x000002e9b33d1380 sp=0x000000fdd15fe7e0
Event: 44.732 Thread 0x000002e9ff1c6400 DEOPT UNPACKING pc=0x000002e9b2ce3aa2 sp=0x000000fdd15fe6e8 mode 2
Event: 44.763 Thread 0x000002e9ff1c6400 Uncommon trap: trap_request=0xffffffde fr.pc=0x000002e9b33d1380 relative=0x0000000000000480
Event: 44.763 Thread 0x000002e9ff1c6400 Uncommon trap: reason=class_check action=maybe_recompile pc=0x000002e9b33d1380 method=java.util.HashMap.removeNode(ILjava/lang/Object;Ljava/lang/Object;ZZ)Ljava/util/HashMap$Node; @ 283 c2
Event: 44.763 Thread 0x000002e9ff1c6400 DEOPT PACKING pc=0x000002e9b33d1380 sp=0x000000fdd15fe7e0
Event: 44.764 Thread 0x000002e9ff1c6400 DEOPT UNPACKING pc=0x000002e9b2ce3aa2 sp=0x000000fdd15fe6e8 mode 2
Event: 44.796 Thread 0x000002e9ff1c6400 Uncommon trap: trap_request=0xffffffde fr.pc=0x000002e9b33d1380 relative=0x0000000000000480
Event: 44.796 Thread 0x000002e9ff1c6400 Uncommon trap: reason=class_check action=maybe_recompile pc=0x000002e9b33d1380 method=java.util.HashMap.removeNode(ILjava/lang/Object;Ljava/lang/Object;ZZ)Ljava/util/HashMap$Node; @ 283 c2
Event: 44.796 Thread 0x000002e9ff1c6400 DEOPT PACKING pc=0x000002e9b33d1380 sp=0x000000fdd15fe7e0
Event: 44.796 Thread 0x000002e9ff1c6400 DEOPT UNPACKING pc=0x000002e9b2ce3aa2 sp=0x000000fdd15fe6e8 mode 2
Event: 45.206 Thread 0x000002e9ff1c5d70 Uncommon trap: trap_request=0xffffffcc fr.pc=0x000002e9b32ac69c relative=0x0000000000001cbc
Event: 45.207 Thread 0x000002e9ff1c5d70 Uncommon trap: reason=intrinsic_or_type_checked_inlining action=make_not_entrant pc=0x000002e9b32ac69c method=java.util.ArrayList$SubList.toArray([Ljava/lang/Object;)[Ljava/lang/Object; @ 58 c2
Event: 45.207 Thread 0x000002e9ff1c5d70 DEOPT PACKING pc=0x000002e9b32ac69c sp=0x000000fdd17fbd70
Event: 45.207 Thread 0x000002e9ff1c5d70 DEOPT UNPACKING pc=0x000002e9b2ce3aa2 sp=0x000000fdd17fbca8 mode 2
Event: 46.175 Thread 0x000002e9fe915230 DEOPT PACKING pc=0x000002e9ac01c70b sp=0x000000fdd0bfdfb0
Event: 46.175 Thread 0x000002e9fe915230 DEOPT UNPACKING pc=0x000002e9b2ce4242 sp=0x000000fdd0bfd498 mode 0
Event: 46.186 Thread 0x000002e9fe915230 Uncommon trap: trap_request=0xffffff6e fr.pc=0x000002e9b3552654 relative=0x0000000000000194
Event: 46.186 Thread 0x000002e9fe915230 Uncommon trap: reason=loop_limit_check action=maybe_recompile pc=0x000002e9b3552654 method=org.eclipse.jdt.internal.core.util.HashtableOfArrayToObject.hashCode([Ljava/lang/Object;I)I @ 27 c2
Event: 46.186 Thread 0x000002e9fe915230 DEOPT PACKING pc=0x000002e9b3552654 sp=0x000000fdd0bfe8f0
Event: 46.186 Thread 0x000002e9fe915230 DEOPT UNPACKING pc=0x000002e9b2ce3aa2 sp=0x000000fdd0bfe878 mode 2

Classes loaded (20 events):
Event: 44.354 Loading class java/util/WeakHashMap$KeyIterator
Event: 44.354 Loading class java/util/WeakHashMap$KeyIterator done
Event: 44.354 Loading class java/util/regex/PatternSyntaxException
Event: 44.368 Loading class java/util/regex/PatternSyntaxException done
Event: 44.653 Loading class java/util/concurrent/CompletionException
Event: 44.653 Loading class java/util/concurrent/CompletionException done
Event: 45.154 Loading class java/util/stream/MatchOps$MatchKind
Event: 45.154 Loading class java/util/stream/MatchOps$MatchKind done
Event: 45.154 Loading class java/util/stream/MatchOps
Event: 45.155 Loading class java/util/stream/MatchOps done
Event: 45.155 Loading class java/util/stream/MatchOps$MatchOp
Event: 45.158 Loading class java/util/stream/MatchOps$MatchOp done
Event: 45.158 Loading class java/util/stream/MatchOps$BooleanTerminalSink
Event: 45.159 Loading class java/util/stream/MatchOps$BooleanTerminalSink done
Event: 45.162 Loading class java/util/stream/MatchOps$1MatchSink
Event: 45.162 Loading class java/util/stream/MatchOps$1MatchSink done
Event: 46.164 Loading class java/io/FileReader
Event: 46.165 Loading class java/io/FileReader done
Event: 46.181 Loading class java/lang/UnsupportedClassVersionError
Event: 46.182 Loading class java/lang/UnsupportedClassVersionError done

Classes unloaded (20 events):
Event: 39.334 Thread 0x000002e9a631eb50 Unloading class 0x000002e9be35ac00 'java/lang/invoke/LambdaForm$MH+0x000002e9be35ac00'
Event: 39.334 Thread 0x000002e9a631eb50 Unloading class 0x000002e9be35b000 'java/lang/invoke/LambdaForm$MH+0x000002e9be35b000'
Event: 39.334 Thread 0x000002e9a631eb50 Unloading class 0x000002e9be35a400 'java/lang/invoke/LambdaForm$MH+0x000002e9be35a400'
Event: 39.334 Thread 0x000002e9a631eb50 Unloading class 0x000002e9be359800 'java/lang/invoke/LambdaForm$MH+0x000002e9be359800'
Event: 39.334 Thread 0x000002e9a631eb50 Unloading class 0x000002e9be358800 'java/lang/invoke/LambdaForm$MH+0x000002e9be358800'
Event: 39.334 Thread 0x000002e9a631eb50 Unloading class 0x000002e9be358c00 'java/lang/invoke/LambdaForm$MH+0x000002e9be358c00'
Event: 39.334 Thread 0x000002e9a631eb50 Unloading class 0x000002e9be359000 'java/lang/invoke/LambdaForm$MH+0x000002e9be359000'
Event: 39.334 Thread 0x000002e9a631eb50 Unloading class 0x000002e9be358400 'java/lang/invoke/LambdaForm$MH+0x000002e9be358400'
Event: 39.334 Thread 0x000002e9a631eb50 Unloading class 0x000002e9be357800 'java/lang/invoke/LambdaForm$MH+0x000002e9be357800'
Event: 39.334 Thread 0x000002e9a631eb50 Unloading class 0x000002e9be357c00 'java/lang/invoke/LambdaForm$MH+0x000002e9be357c00'
Event: 39.334 Thread 0x000002e9a631eb50 Unloading class 0x000002e9be357400 'java/lang/invoke/LambdaForm$MH+0x000002e9be357400'
Event: 39.334 Thread 0x000002e9a631eb50 Unloading class 0x000002e9be357000 'java/lang/invoke/LambdaForm$MH+0x000002e9be357000'
Event: 39.334 Thread 0x000002e9a631eb50 Unloading class 0x000002e9be356c00 'java/lang/invoke/LambdaForm$MH+0x000002e9be356c00'
Event: 39.334 Thread 0x000002e9a631eb50 Unloading class 0x000002e9be356400 'java/lang/invoke/LambdaForm$MH+0x000002e9be356400'
Event: 39.334 Thread 0x000002e9a631eb50 Unloading class 0x000002e9be356000 'java/lang/invoke/LambdaForm$MH+0x000002e9be356000'
Event: 39.334 Thread 0x000002e9a631eb50 Unloading class 0x000002e9be355800 'java/lang/invoke/LambdaForm$MH+0x000002e9be355800'
Event: 39.334 Thread 0x000002e9a631eb50 Unloading class 0x000002e9be355000 'java/lang/invoke/LambdaForm$DMH+0x000002e9be355000'
Event: 39.334 Thread 0x000002e9a631eb50 Unloading class 0x000002e9be355400 'java/lang/invoke/LambdaForm$MH+0x000002e9be355400'
Event: 39.334 Thread 0x000002e9a631eb50 Unloading class 0x000002e9be354000 'java/lang/invoke/LambdaForm$DMH+0x000002e9be354000'
Event: 39.334 Thread 0x000002e9a631eb50 Unloading class 0x000002e9be354800 'java/lang/invoke/LambdaForm$DMH+0x000002e9be354800'

Classes redefined (0 events):
No events

Internal exceptions (20 events):
Event: 37.267 Thread 0x000002e9ff1c5d70 Exception <a 'java/lang/LinkageError'{0x00000000ebd8f128}: loader lombok.launch.ShadowClassLoader @792d1894 attempted duplicate class definition for lombok.launch.PatchFixesHider$Transform. (lombok.launch.PatchFixesHider$Transform is in unnamed module of loader lombok.launch.ShadowClassLoader @792d1894, parent loader org.eclipse.osgi.internal.loader.EquinoxClassLoader @7338f934)> (0x00000000ebd8f128) 
thrown [s\src\hotspot\share\classfile\systemDictionary.cpp, line 1682]
Event: 37.273 Thread 0x000002e9ff1c6400 Exception <a 'java/lang/LinkageError'{0x00000000ebe0a670}: loader lombok.launch.ShadowClassLoader @792d1894 attempted duplicate class definition for lombok.launch.PatchFixesHider$Transform. (lombok.launch.PatchFixesHider$Transform is in unnamed module of loader lombok.launch.ShadowClassLoader @792d1894, parent loader org.eclipse.osgi.internal.loader.EquinoxClassLoader @7338f934)> (0x00000000ebe0a670) 
thrown [s\src\hotspot\share\classfile\systemDictionary.cpp, line 1682]
Event: 37.274 Thread 0x000002e9ff1c91f0 Exception <a 'java/lang/LinkageError'{0x00000000ebe586a0}: loader lombok.launch.ShadowClassLoader @792d1894 attempted duplicate class definition for lombok.launch.PatchFixesHider$Transform. (lombok.launch.PatchFixesHider$Transform is in unnamed module of loader lombok.launch.ShadowClassLoader @792d1894, parent loader org.eclipse.osgi.internal.loader.EquinoxClassLoader @7338f934)> (0x00000000ebe586a0) 
thrown [s\src\hotspot\share\classfile\systemDictionary.cpp, line 1682]
Event: 40.775 Thread 0x000002e9ff1c5d70 Exception <a 'java/lang/LinkageError'{0x00000000eba96d08}: loader lombok.launch.ShadowClassLoader @792d1894 attempted duplicate class definition for lombok.launch.PatchFixesHider$ValPortal. (lombok.launch.PatchFixesHider$ValPortal is in unnamed module of loader lombok.launch.ShadowClassLoader @792d1894, parent loader org.eclipse.osgi.internal.loader.EquinoxClassLoader @7338f934)> (0x00000000eba96d08) 
thrown [s\src\hotspot\share\classfile\systemDictionary.cpp, line 1682]
Event: 40.775 Thread 0x000002e9ff1c6400 Exception <a 'java/lang/LinkageError'{0x00000000ebaea7f0}: loader lombok.launch.ShadowClassLoader @792d1894 attempted duplicate class definition for lombok.launch.PatchFixesHider$ValPortal. (lombok.launch.PatchFixesHider$ValPortal is in unnamed module of loader lombok.launch.ShadowClassLoader @792d1894, parent loader org.eclipse.osgi.internal.loader.EquinoxClassLoader @7338f934)> (0x00000000ebaea7f0) 
thrown [s\src\hotspot\share\classfile\systemDictionary.cpp, line 1682]
Event: 40.783 Thread 0x000002e9ff1c91f0 Exception <a 'java/lang/LinkageError'{0x00000000ebb2d2f0}: loader lombok.launch.ShadowClassLoader @792d1894 attempted duplicate class definition for lombok.launch.PatchFixesHider$ValPortal. (lombok.launch.PatchFixesHider$ValPortal is in unnamed module of loader lombok.launch.ShadowClassLoader @792d1894, parent loader org.eclipse.osgi.internal.loader.EquinoxClassLoader @7338f934)> (0x00000000ebb2d2f0) 
thrown [s\src\hotspot\share\classfile\systemDictionary.cpp, line 1682]
Event: 42.670 Thread 0x000002e9ff1c6400 Exception <a 'java/lang/LinkageError'{0x00000000ebbc6d68}: loader lombok.launch.ShadowClassLoader @55d682b attempted duplicate class definition for lombok.launch.PatchFixesHider$FieldInitializer. (lombok.launch.PatchFixesHider$FieldInitializer is in unnamed module of loader lombok.launch.ShadowClassLoader @55d682b, parent loader org.eclipse.osgi.internal.loader.EquinoxClassLoader @307db326)> (0x00000000ebbc6d68) 
thrown [s\src\hotspot\share\classfile\systemDictionary.cpp, line 1682]
Event: 42.670 Thread 0x000002e9ff1c91f0 Exception <a 'java/lang/LinkageError'{0x00000000ebb866f0}: loader lombok.launch.ShadowClassLoader @55d682b attempted duplicate class definition for lombok.launch.PatchFixesHider$FieldInitializer. (lombok.launch.PatchFixesHider$FieldInitializer is in unnamed module of loader lombok.launch.ShadowClassLoader @55d682b, parent loader org.eclipse.osgi.internal.loader.EquinoxClassLoader @307db326)> (0x00000000ebb866f0) 
thrown [s\src\hotspot\share\classfile\systemDictionary.cpp, line 1682]
Event: 42.670 Thread 0x000002e9ff1c5d70 Exception <a 'java/lang/LinkageError'{0x00000000ebbba8b8}: loader lombok.launch.ShadowClassLoader @55d682b attempted duplicate class definition for lombok.launch.PatchFixesHider$FieldInitializer. (lombok.launch.PatchFixesHider$FieldInitializer is in unnamed module of loader lombok.launch.ShadowClassLoader @55d682b, parent loader org.eclipse.osgi.internal.loader.EquinoxClassLoader @307db326)> (0x00000000ebbba8b8) 
thrown [s\src\hotspot\share\classfile\systemDictionary.cpp, line 1682]
Event: 43.326 Thread 0x000002e9ff1c5d70 Exception <a 'java/lang/NoSuchMethodError'{0x00000000ebd16fe8}: 'java.lang.Object java.lang.invoke.DirectMethodHandle$Holder.newInvokeSpecial(java.lang.Object, java.lang.Object, java.lang.Object, java.lang.Object, int)'> (0x00000000ebd16fe8) 
thrown [s\src\hotspot\share\interpreter\linkResolver.cpp, line 773]
Event: 43.331 Thread 0x000002e9ff1c5d70 Exception <a 'java/lang/NoSuchMethodError'{0x00000000ebd71698}: 'java.lang.Object java.lang.invoke.DirectMethodHandle$Holder.invokeSpecial(java.lang.Object, java.lang.Object, java.lang.Object, java.lang.Object, java.lang.Object, int)'> (0x00000000ebd71698) 
thrown [s\src\hotspot\share\interpreter\linkResolver.cpp, line 773]
Event: 43.332 Thread 0x000002e9ff1c5d70 Exception <a 'java/lang/NoSuchMethodError'{0x00000000ebd74e78}: 'java.lang.Object java.lang.invoke.Invokers$Holder.linkToTargetMethod(java.lang.Object, java.lang.Object, java.lang.Object, int, java.lang.Object)'> (0x00000000ebd74e78) 
thrown [s\src\hotspot\share\interpreter\linkResolver.cpp, line 773]
Event: 43.333 Thread 0x000002e9ff1c91f0 Exception <a 'java/lang/NoSuchMethodError'{0x00000000ebd2e210}: 'java.lang.Object java.lang.invoke.Invokers$Holder.linkToTargetMethod(java.lang.Object, java.lang.Object, java.lang.Object, int, java.lang.Object)'> (0x00000000ebd2e210) 
thrown [s\src\hotspot\share\interpreter\linkResolver.cpp, line 773]
Event: 43.354 Thread 0x000002e9ff1c56e0 Exception <a 'java/lang/NoSuchMethodError'{0x00000000ebc0e1a8}: 'java.lang.Object java.lang.invoke.DirectMethodHandle$Holder.newInvokeSpecial(java.lang.Object, java.lang.Object, java.lang.Object, java.lang.Object, int)'> (0x00000000ebc0e1a8) 
thrown [s\src\hotspot\share\interpreter\linkResolver.cpp, line 773]
Event: 44.822 Thread 0x000002e9fe915230 Exception <a 'java/lang/NoSuchMethodError'{0x00000000eb0b49d8}: 'java.lang.Object java.lang.invoke.DirectMethodHandle$Holder.invokeSpecial(java.lang.Object, java.lang.Object, int, long)'> (0x00000000eb0b49d8) 
thrown [s\src\hotspot\share\interpreter\linkResolver.cpp, line 773]
Event: 45.133 Thread 0x000002e9ff1c6400 Exception <a 'java/lang/IncompatibleClassChangeError'{0x00000000eb22a0e0}: Found class java.lang.Object, but interface was expected> (0x00000000eb22a0e0) 
thrown [s\src\hotspot\share\interpreter\linkResolver.cpp, line 840]
Event: 45.152 Thread 0x000002e9ff1c5d70 Exception <a 'java/lang/NoSuchMethodError'{0x00000000eb2a4dd8}: 'int java.lang.invoke.DirectMethodHandle$Holder.invokeInterface(java.lang.Object, java.lang.Object)'> (0x00000000eb2a4dd8) 
thrown [s\src\hotspot\share\interpreter\linkResolver.cpp, line 773]
Event: 45.152 Thread 0x000002e9ff1c5d70 Exception <a 'java/lang/IncompatibleClassChangeError'{0x00000000eb2f6488}: Found class java.lang.Object, but interface was expected> (0x00000000eb2f6488) 
thrown [s\src\hotspot\share\interpreter\linkResolver.cpp, line 840]
Event: 45.174 Thread 0x000002e9ff1c6400 Exception <a 'java/lang/IncompatibleClassChangeError'{0x00000000eb2eaa80}: Found class java.lang.Object, but interface was expected> (0x00000000eb2eaa80) 
thrown [s\src\hotspot\share\interpreter\linkResolver.cpp, line 840]
Event: 45.299 Thread 0x000002e9ff1c56e0 Exception <a 'java/lang/ArrayIndexOutOfBoundsException'{0x00000000eb4f06e0}> (0x00000000eb4f06e0) 
thrown [s\src\hotspot\share\runtime\sharedRuntime.cpp, line 625]

ZGC Phase Switch (0 events):
No events

VM Operations (20 events):
Event: 41.067 Executing VM operation: ParallelGCFailedAllocation (Allocation Failure)
Event: 41.070 Executing VM operation: ParallelGCFailedAllocation (Allocation Failure) done
Event: 41.670 Executing VM operation: ParallelGCFailedAllocation (Allocation Failure)
Event: 41.672 Executing VM operation: ParallelGCFailedAllocation (Allocation Failure) done
Event: 42.404 Executing VM operation: HandshakeAllThreads (Deoptimize)
Event: 42.404 Executing VM operation: HandshakeAllThreads (Deoptimize) done
Event: 43.416 Executing VM operation: Cleanup
Event: 43.416 Executing VM operation: Cleanup done
Event: 44.097 Executing VM operation: ParallelGCFailedAllocation (Allocation Failure)
Event: 44.099 Executing VM operation: ParallelGCFailedAllocation (Allocation Failure) done
Event: 45.106 Executing VM operation: Cleanup
Event: 45.122 Executing VM operation: Cleanup done
Event: 46.132 Executing VM operation: Cleanup
Event: 46.163 Executing VM operation: Cleanup done
Event: 46.173 Executing VM operation: HandshakeAllThreads (Deoptimize)
Event: 46.173 Executing VM operation: HandshakeAllThreads (Deoptimize) done
Event: 46.219 Executing VM operation: HandshakeAllThreads (Deoptimize)
Event: 46.242 Executing VM operation: HandshakeAllThreads (Deoptimize) done
Event: 46.287 Executing VM operation: HandshakeAllThreads (Deoptimize)
Event: 46.304 Executing VM operation: HandshakeAllThreads (Deoptimize) done

Memory protections (0 events):
No events

Nmethod flushes (20 events):
Event: 39.363 Thread 0x000002e9a631eb50 flushing  nmethod 0x000002e9aba99090
Event: 39.363 Thread 0x000002e9a631eb50 flushing  nmethod 0x000002e9aba9f210
Event: 39.363 Thread 0x000002e9a631eb50 flushing  nmethod 0x000002e9abb31e90
Event: 39.363 Thread 0x000002e9a631eb50 flushing  nmethod 0x000002e9abb7c790
Event: 39.363 Thread 0x000002e9a631eb50 flushing  nmethod 0x000002e9abb7cc10
Event: 39.363 Thread 0x000002e9a631eb50 flushing  nmethod 0x000002e9abb7da10
Event: 39.363 Thread 0x000002e9a631eb50 flushing  nmethod 0x000002e9abbeb390
Event: 39.363 Thread 0x000002e9a631eb50 flushing  nmethod 0x000002e9abbed510
Event: 39.363 Thread 0x000002e9a631eb50 flushing  nmethod 0x000002e9abbedf90
Event: 39.363 Thread 0x000002e9a631eb50 flushing  nmethod 0x000002e9abbee310
Event: 39.363 Thread 0x000002e9a631eb50 flushing  nmethod 0x000002e9abbefa10
Event: 39.363 Thread 0x000002e9a631eb50 flushing  nmethod 0x000002e9abc1ce10
Event: 39.363 Thread 0x000002e9a631eb50 flushing  nmethod 0x000002e9abc1d590
Event: 39.363 Thread 0x000002e9a631eb50 flushing  nmethod 0x000002e9abc1df90
Event: 39.363 Thread 0x000002e9a631eb50 flushing  nmethod 0x000002e9abc22b10
Event: 39.363 Thread 0x000002e9a631eb50 flushing  nmethod 0x000002e9abc37f10
Event: 39.363 Thread 0x000002e9a631eb50 flushing  nmethod 0x000002e9abc3ab90
Event: 39.363 Thread 0x000002e9a631eb50 flushing  nmethod 0x000002e9abc4ca10
Event: 39.363 Thread 0x000002e9a631eb50 flushing  nmethod 0x000002e9abc4cf10
Event: 39.363 Thread 0x000002e9a631eb50 flushing  nmethod 0x000002e9abc52c90

Events (20 events):
Event: 26.120 Thread 0x000002e9a625dfc0 Thread added: 0x000002e9fe915f50
Event: 26.141 Thread 0x000002e9a625dfc0 Thread added: 0x000002e9fe914ba0
Event: 26.155 Thread 0x000002e9a625dfc0 Thread added: 0x000002e9ff1c7120
Event: 26.184 Thread 0x000002e9a625dfc0 Thread added: 0x000002e9ff1c84d0
Event: 26.288 Thread 0x000002e9a625dfc0 Thread added: 0x000002e9ff1c77b0
Event: 26.654 Thread 0x000002e9fe915230 Thread added: 0x000002e9ff1c7e40
Event: 29.233 Thread 0x000002e9a625dfc0 Thread added: 0x000002e9ff1c8b60
Event: 29.241 Thread 0x000002e9a625dfc0 Thread added: 0x000002e9ff1c6400
Event: 29.325 Thread 0x000002e9bc9194c0 Thread added: 0x000002e9846d2840
Event: 29.539 Thread 0x000002e9846d2840 Thread exited: 0x000002e9846d2840
Event: 31.338 Thread 0x000002e9ff1c6400 Thread added: 0x000002e9ff1c56e0
Event: 31.360 Thread 0x000002e9ff1c6400 Thread added: 0x000002e9ff1c5d70
Event: 31.372 Thread 0x000002e9ff1c6400 Thread added: 0x000002e9ff1c91f0
Event: 32.091 Thread 0x000002e9bc9194c0 Thread added: 0x000002e9bc959c10
Event: 36.325 Thread 0x000002e9bc959c10 Thread exited: 0x000002e9bc959c10
Event: 41.137 Thread 0x000002e9bc9194c0 Thread added: 0x000002e9bc959c10
Event: 44.085 Thread 0x000002e9bc959c10 Thread exited: 0x000002e9bc959c10
Event: 44.588 Thread 0x000002e9bc9194c0 Thread added: 0x000002e98e96c740
Event: 45.080 Thread 0x000002e98e96c740 Thread exited: 0x000002e98e96c740
Event: 46.196 Thread 0x000002e9bc9194c0 Thread added: 0x000002e98e96c740


Dynamic libraries:
0x00007ff7eed70000 - 0x00007ff7eed7e000 	c:\Users\palak\.vscode\extensions\redhat.java-1.40.0-win32-x64\jre\21.0.6-win32-x86_64\bin\java.exe
0x00007ffac0d60000 - 0x00007ffac0fc3000 	C:\WINDOWS\SYSTEM32\ntdll.dll
0x00007ffac0410000 - 0x00007ffac04d7000 	C:\WINDOWS\System32\KERNEL32.DLL
0x00007ffabe100000 - 0x00007ffabe4c7000 	C:\WINDOWS\System32\KERNELBASE.dll
0x00007ffabe4d0000 - 0x00007ffabe61c000 	C:\WINDOWS\System32\ucrtbase.dll
0x00007ffa7dd60000 - 0x00007ffa7dd78000 	c:\Users\palak\.vscode\extensions\redhat.java-1.40.0-win32-x64\jre\21.0.6-win32-x86_64\bin\jli.dll
0x00007ffabeba0000 - 0x00007ffabed69000 	C:\WINDOWS\System32\USER32.dll
0x00007ffabe8d0000 - 0x00007ffabe8f7000 	C:\WINDOWS\System32\win32u.dll
0x00007ffabed80000 - 0x00007ffabedaa000 	C:\WINDOWS\System32\GDI32.dll
0x00007ffabe900000 - 0x00007ffabea2b000 	C:\WINDOWS\System32\gdi32full.dll
0x00007ffabeaf0000 - 0x00007ffabeb93000 	C:\WINDOWS\System32\msvcp_win.dll
0x00007ffa7aa10000 - 0x00007ffa7aa2e000 	c:\Users\palak\.vscode\extensions\redhat.java-1.40.0-win32-x64\jre\21.0.6-win32-x86_64\bin\VCRUNTIME140.dll
0x00007ffa9fd30000 - 0x00007ffa9ffc0000 	C:\WINDOWS\WinSxS\amd64_microsoft.windows.common-controls_6595b64144ccf1df_6.0.26100.3037_none_3e09262ce333c378\COMCTL32.dll
0x00007ffac02e0000 - 0x00007ffac0389000 	C:\WINDOWS\System32\msvcrt.dll
0x00007ffac02a0000 - 0x00007ffac02cf000 	C:\WINDOWS\System32\IMM32.DLL
0x00007ffa7dd50000 - 0x00007ffa7dd5c000 	c:\Users\palak\.vscode\extensions\redhat.java-1.40.0-win32-x64\jre\21.0.6-win32-x86_64\bin\vcruntime140_1.dll
0x00007ffa76460000 - 0x00007ffa764ed000 	c:\Users\palak\.vscode\extensions\redhat.java-1.40.0-win32-x64\jre\21.0.6-win32-x86_64\bin\msvcp140.dll
0x00007ffa73920000 - 0x00007ffa746b0000 	c:\Users\palak\.vscode\extensions\redhat.java-1.40.0-win32-x64\jre\21.0.6-win32-x86_64\bin\server\jvm.dll
0x00007ffac06f0000 - 0x00007ffac07a4000 	C:\WINDOWS\System32\ADVAPI32.dll
0x00007ffac0640000 - 0x00007ffac06e6000 	C:\WINDOWS\System32\sechost.dll
0x00007ffac04f0000 - 0x00007ffac0606000 	C:\WINDOWS\System32\RPCRT4.dll
0x00007ffabee70000 - 0x00007ffabeee4000 	C:\WINDOWS\System32\WS2_32.dll
0x00007ffabdf90000 - 0x00007ffabdfde000 	C:\WINDOWS\SYSTEM32\POWRPROF.dll
0x00007ffab8040000 - 0x00007ffab8076000 	C:\WINDOWS\SYSTEM32\WINMM.dll
0x00007ffab8080000 - 0x00007ffab808b000 	C:\WINDOWS\SYSTEM32\VERSION.dll
0x00007ffabdf70000 - 0x00007ffabdf84000 	C:\WINDOWS\SYSTEM32\UMPDC.dll
0x00007ffabcf30000 - 0x00007ffabcf4a000 	C:\WINDOWS\SYSTEM32\kernel.appcore.dll
0x00007ffa7b2a0000 - 0x00007ffa7b2aa000 	c:\Users\palak\.vscode\extensions\redhat.java-1.40.0-win32-x64\jre\21.0.6-win32-x86_64\bin\jimage.dll
0x00007ffab0b20000 - 0x00007ffab0d61000 	C:\WINDOWS\SYSTEM32\DBGHELP.DLL
0x00007ffabfb80000 - 0x00007ffabfefe000 	C:\WINDOWS\System32\combase.dll
0x00007ffac0860000 - 0x00007ffac0936000 	C:\WINDOWS\System32\OLEAUT32.dll
0x00007ffaa1ec0000 - 0x00007ffaa1ef9000 	C:\WINDOWS\SYSTEM32\dbgcore.DLL
0x00007ffabe620000 - 0x00007ffabe6b9000 	C:\WINDOWS\System32\bcryptPrimitives.dll
0x00007ffa7ab00000 - 0x00007ffa7ab0f000 	c:\Users\palak\.vscode\extensions\redhat.java-1.40.0-win32-x64\jre\21.0.6-win32-x86_64\bin\instrument.dll
0x00007ffa7a2d0000 - 0x00007ffa7a2ef000 	c:\Users\palak\.vscode\extensions\redhat.java-1.40.0-win32-x64\jre\21.0.6-win32-x86_64\bin\java.dll
0x00007ffabf3e0000 - 0x00007ffabfae4000 	C:\WINDOWS\System32\SHELL32.dll
0x00007ffabbe00000 - 0x00007ffabc637000 	C:\WINDOWS\SYSTEM32\windows.storage.dll
0x00007ffac0010000 - 0x00007ffac00f9000 	C:\WINDOWS\System32\SHCORE.dll
0x00007ffabeef0000 - 0x00007ffabef4d000 	C:\WINDOWS\System32\shlwapi.dll
0x00007ffabe010000 - 0x00007ffabe03e000 	C:\WINDOWS\SYSTEM32\profapi.dll
0x00007ffa7de20000 - 0x00007ffa7de38000 	c:\Users\palak\.vscode\extensions\redhat.java-1.40.0-win32-x64\jre\21.0.6-win32-x86_64\bin\zip.dll
0x00007ffa7dde0000 - 0x00007ffa7ddf0000 	C:\Users\palak\.vscode\extensions\redhat.java-1.40.0-win32-x64\jre\21.0.6-win32-x86_64\bin\net.dll
0x00007ffab39e0000 - 0x00007ffab3afe000 	C:\WINDOWS\SYSTEM32\WINHTTP.dll
0x00007ffabd440000 - 0x00007ffabd4aa000 	C:\WINDOWS\system32\mswsock.dll
0x00007ffa7ddc0000 - 0x00007ffa7ddd6000 	C:\Users\palak\.vscode\extensions\redhat.java-1.40.0-win32-x64\jre\21.0.6-win32-x86_64\bin\nio.dll
0x00007ffa7ddb0000 - 0x00007ffa7ddc0000 	c:\Users\palak\.vscode\extensions\redhat.java-1.40.0-win32-x64\jre\21.0.6-win32-x86_64\bin\verify.dll
0x00007ffa844b0000 - 0x00007ffa844f5000 	C:\Users\palak\AppData\Roaming\Code\User\globalStorage\redhat.java\1.40.0\config_ss_win\org.eclipse.equinox.launcher\org.eclipse.equinox.launcher.win32.win32.x86_64_1.2.1200.v20250212-0927\eclipse_11909.dll
0x00007ffac0100000 - 0x00007ffac0295000 	C:\WINDOWS\System32\ole32.dll
0x00007ffabd6e0000 - 0x00007ffabd6fc000 	C:\WINDOWS\SYSTEM32\CRYPTSP.dll
0x00007ffabce90000 - 0x00007ffabcec8000 	C:\WINDOWS\system32\rsaenh.dll
0x00007ffabd4e0000 - 0x00007ffabd50b000 	C:\WINDOWS\SYSTEM32\USERENV.dll
0x00007ffabd920000 - 0x00007ffabd946000 	C:\WINDOWS\SYSTEM32\bcrypt.dll
0x00007ffabd700000 - 0x00007ffabd70c000 	C:\WINDOWS\SYSTEM32\CRYPTBASE.dll
0x00007ffabc930000 - 0x00007ffabc962000 	C:\WINDOWS\SYSTEM32\IPHLPAPI.DLL
0x00007ffac0630000 - 0x00007ffac063a000 	C:\WINDOWS\System32\NSI.dll
0x00007ffa7dd00000 - 0x00007ffa7dd49000 	C:\Users\palak\AppData\Local\Temp\jna-106430981\jna13949054647061473678.dll
0x00007ffac04e0000 - 0x00007ffac04e8000 	C:\WINDOWS\System32\PSAPI.DLL
0x00007ffab3b60000 - 0x00007ffab3b7f000 	C:\WINDOWS\SYSTEM32\dhcpcsvc6.DLL
0x00007ffab39b0000 - 0x00007ffab39d5000 	C:\WINDOWS\SYSTEM32\dhcpcsvc.DLL

dbghelp: loaded successfully - version: 4.0.5 - missing functions: none
symbol engine: initialized successfully - sym options: 0x614 - pdb path: .;c:\Users\palak\.vscode\extensions\redhat.java-1.40.0-win32-x64\jre\21.0.6-win32-x86_64\bin;C:\WINDOWS\SYSTEM32;C:\WINDOWS\WinSxS\amd64_microsoft.windows.common-controls_6595b64144ccf1df_6.0.26100.3037_none_3e09262ce333c378;c:\Users\palak\.vscode\extensions\redhat.java-1.40.0-win32-x64\jre\21.0.6-win32-x86_64\bin\server;C:\Users\palak\AppData\Roaming\Code\User\globalStorage\redhat.java\1.40.0\config_ss_win\org.eclipse.equinox.launcher\org.eclipse.equinox.launcher.win32.win32.x86_64_1.2.1200.v20250212-0927;C:\Users\palak\AppData\Local\Temp\jna-106430981

VM Arguments:
jvm_args: --add-modules=ALL-SYSTEM --add-opens=java.base/java.util=ALL-UNNAMED --add-opens=java.base/java.lang=ALL-UNNAMED --add-opens=java.base/sun.nio.fs=ALL-UNNAMED -Declipse.application=org.eclipse.jdt.ls.core.id1 -Dosgi.bundles.defaultStartLevel=4 -Declipse.product=org.eclipse.jdt.ls.core.product -Djava.import.generatesMetadataFilesAtProjectRoot=false -DDetectVMInstallationsJob.disabled=true -Dfile.encoding=utf8 -XX:+UseParallelGC -XX:GCTimeRatio=4 -XX:AdaptiveSizePolicyWeight=90 -Dsun.zip.disableMemoryMapping=true -Xmx1G -Xms100m -Xlog:disable -javaagent:c:\Users\palak\.vscode\extensions\redhat.java-1.40.0-win32-x64\lombok\lombok-1.18.36.jar 
java_command: c:\Users\palak\.vscode\extensions\redhat.java-1.40.0-win32-x64\server\plugins\org.eclipse.equinox.launcher_1.6.1000.v20250131-0606.jar -configuration c:\Users\palak\AppData\Roaming\Code\User\globalStorage\redhat.java\1.40.0\config_ss_win -data c:\Users\palak\AppData\Roaming\Code\User\workspaceStorage\ee148990e97456275c543846b0f27411\redhat.java\ss_ws --pipe=\\.\pipe\lsp-e7d69cfc540b604b005b671c1edc9577-sock
java_class_path (initial): c:\Users\palak\.vscode\extensions\redhat.java-1.40.0-win32-x64\server\plugins\org.eclipse.equinox.launcher_1.6.1000.v20250131-0606.jar
Launcher Type: SUN_STANDARD

[Global flags]
    uintx AdaptiveSizePolicyWeight                 = 90                                        {product} {command line}
     intx CICompilerCount                          = 3                                         {product} {ergonomic}
    uintx GCTimeRatio                              = 4                                         {product} {command line}
   size_t InitialHeapSize                          = 104857600                                 {product} {command line}
   size_t MaxHeapSize                              = 1073741824                                {product} {command line}
   size_t MaxNewSize                               = 357564416                                 {product} {ergonomic}
   size_t MinHeapDeltaBytes                        = 524288                                    {product} {ergonomic}
   size_t MinHeapSize                              = 104857600                                 {product} {command line}
   size_t NewSize                                  = 34603008                                  {product} {ergonomic}
    uintx NonNMethodCodeHeapSize                   = 5832780                                {pd product} {ergonomic}
    uintx NonProfiledCodeHeapSize                  = 122912730                              {pd product} {ergonomic}
   size_t OldSize                                  = 70254592                                  {product} {ergonomic}
    uintx ProfiledCodeHeapSize                     = 122912730                              {pd product} {ergonomic}
    uintx ReservedCodeCacheSize                    = 251658240                              {pd product} {ergonomic}
     bool SegmentedCodeCache                       = true                                      {product} {ergonomic}
   size_t SoftMaxHeapSize                          = 1073741824                             {manageable} {ergonomic}
     bool UseCompressedOops                        = true                           {product lp64_product} {ergonomic}
     bool UseLargePagesIndividualAllocation        = false                                  {pd product} {ergonomic}
     bool UseParallelGC                            = true                                      {product} {command line}

Logging:
Log output configuration:
 #0: stdout all=off uptime,level,tags foldmultilines=false
 #1: stderr all=off uptime,level,tags foldmultilines=false

Environment Variables:
JAVA_HOME=C:\Users\palak\Downloads\java-21-openjdk-21.0.1.0.12-3.win.jdk.x86_64\java-21-openjdk-21.0.1.0.12-3.win.jdk.x86_64
PATH=C:\Program Files (x86)\Common Files\Oracle\Java\java8path;C:\Program Files (x86)\Common Files\Oracle\Java\javapath;C:\WINDOWS\system32;C:\WINDOWS;C:\WINDOWS\System32\Wbem;C:\WINDOWS\System32\WindowsPowerShell\v1.0\;C:\WINDOWS\System32\OpenSSH\;C:\Users\palak\Downloads\java-21-openjdk-21.0.1.0.12-3.win.jdk.x86_64\java-21-openjdk-21.0.1.0.12-3.win.jdk.x86_64\bin;C:\Users\palak\Downloads\apache-maven-3.9.8-bin\bin;c:\users\palak\appdata\local\packages\pythonsoftwarefoundation.python.3.11_qbz5n2kfra8p0\localcache\local-packages\python311\site-packages;C:\ProgramData\chocolatey\bin;C:\Program Files\nodejs\;C:\Users\palak\AppData\Local\Programs\Python\Python312\Scripts;C:\Program Files\Git\cmd;C:\Users\palak\Downloads\flutter_windows_3.27.3-stable\flutter\bin;C:\Users\palak\AppData\Local\Android\Sdk\cmdline-tools\latest\bin;C:\Users\palak\AppData\Local\Android\Sdk\platform-tools;C:\ffmpeg;C:\Program Files\MongoDB\Server\8.0\bin;C:\Users\palak\AppData\Local\Programs\Python\Python313\Scripts\;C:\Users\palak\AppData\Local\Programs\Python\Python313\;C:\Users\palak\AppData\Local\Programs\Python\Python312\Scripts\;C:\Users\palak\AppData\Local\Programs\Python\Python312\;C:\Users\palak\AppData\Local\Programs\Python\Launcher\;C:\Program Files\MySQL\MySQL Shell 8.0\bin\;C:\Users\palak\AppData\Local\Microsoft\WindowsApps;C:\Users\palak\AppData\Local\Programs\Microsoft VS Code\bin;C:\Program Files\JetBrains\IntelliJ IDEA Community Edition 2023.3.3\bin;C:\Users\palak\AppData\Local\JetBrains\CLion 2023.3.4\bin;C:\Program Files\JetBrains\PyCharm 2024.1.2\bin;C:\Program Files\JetBrains\PyCharm Community Edition 2024.1.4\bin;C:\Users\palak\AppData\Local\JetBrains\Toolbox\scripts;C:\Users\palak\AppData\Roaming\npm;C:\Users\palak\AppData\Local\GitHubDesktop\bin;C:\Users\palak\AppData\Local\Microsoft\WindowsApps;
USERNAME=palak
OS=Windows_NT
PROCESSOR_IDENTIFIER=AMD64 Family 23 Model 24 Stepping 1, AuthenticAMD
TMP=C:\Users\palak\AppData\Local\Temp
TEMP=C:\Users\palak\AppData\Local\Temp




Periodic native trim disabled

---------------  S Y S T E M  ---------------

OS:
 Windows 11 , 64 bit Build 26100 (10.0.26100.3037)
OS uptime: 0 days 1:54 hours

CPU: total 4 (initial active 4) (4 cores per cpu, 2 threads per core) family 23 model 24 stepping 1 microcode 0x8108109, cx8, cmov, fxsr, ht, mmx, 3dnowpref, sse, sse2, sse3, ssse3, sse4a, sse4.1, sse4.2, popcnt, lzcnt, tsc, tscinvbit, avx, avx2, aes, clmul, bmi1, bmi2, adx, sha, fma, vzeroupper, clflush, clflushopt, rdtscp, f16c
Processor Information for the first 4 processors :
  Max Mhz: 2600, Current Mhz: 2600, Mhz Limit: 2600

Memory: 4k page, system-wide physical 6086M (514M free)
TotalPageFile size 14278M (AvailPageFile size 2M)
current process WorkingSet (physical memory assigned to process): 216M, peak: 220M
current process commit charge ("private bytes"): 278M, peak: 285M

vm_info: OpenJDK 64-Bit Server VM (21.0.6+7-LTS) for windows-amd64 JRE (21.0.6+7-LTS), built on 2025-01-21T00:00:00Z by "admin" with MS VC++ 17.7 (VS2022)

END.
